2021-06-10 01:35:42,318 - utils.logger - INFO - The number of training samples = 41
2021-06-10 01:35:49,347 - utils.logger - INFO - Cur epoch 1 loss MSE:0.0812
2021-06-10 01:35:50,136 - utils.logger - INFO - Cur epoch 1 loss MSE:1.9179
2021-06-10 01:35:50,656 - utils.logger - INFO - Cur epoch 1 loss MSE:0.5069
2021-06-10 01:35:50,657 - utils.logger - INFO - saving the model at the end of epoch 1, iters 6
2021-06-10 01:35:51,118 - utils.logger - INFO - End of training epoch 1 / 50 	 Time Taken: 2 sec, Data loading: 0 sec
2021-06-10 01:35:51,118 - utils.logger - INFO - learning rate = 0.0000100
2021-06-10 01:35:51,979 - utils.logger - INFO - Trn result of epoch 1 / 50 mse 0.0894 rmse 0.2991 pcc 0.2431 ccc 0.0010
2021-06-10 01:35:52,263 - utils.logger - INFO - Val result of epoch 1 / 50 mse 0.0938 rmse 0.3063 pcc 0.1350 ccc 0.0006
2021-06-10 01:35:52,938 - utils.logger - INFO - Cur epoch 2 loss MSE:0.0213
2021-06-10 01:35:53,426 - utils.logger - INFO - Cur epoch 2 loss MSE:0.2003
2021-06-10 01:35:54,180 - utils.logger - INFO - Cur epoch 2 loss MSE:10.7789
2021-06-10 01:35:54,181 - utils.logger - INFO - saving the model at the end of epoch 2, iters 12
2021-06-10 01:35:54,646 - utils.logger - INFO - End of training epoch 2 / 50 	 Time Taken: 2 sec, Data loading: 0 sec
2021-06-10 01:35:54,647 - utils.logger - INFO - learning rate = 0.0000100
2021-06-10 01:35:55,443 - utils.logger - INFO - Trn result of epoch 2 / 50 mse 0.0895 rmse 0.2992 pcc 0.1471 ccc 0.0012
2021-06-10 01:35:55,733 - utils.logger - INFO - Val result of epoch 2 / 50 mse 0.0934 rmse 0.3056 pcc -0.0365 ccc -0.0003
2021-06-10 01:35:56,305 - utils.logger - INFO - Cur epoch 3 loss MSE:0.0565
2021-06-10 01:35:57,210 - utils.logger - INFO - Cur epoch 3 loss MSE:2.0104
2021-06-10 01:35:57,941 - utils.logger - INFO - Cur epoch 3 loss MSE:18.2740
2021-06-10 01:35:57,942 - utils.logger - INFO - saving the model at the end of epoch 3, iters 18
2021-06-10 01:35:58,392 - utils.logger - INFO - End of training epoch 3 / 50 	 Time Taken: 2 sec, Data loading: 0 sec
2021-06-10 01:35:58,392 - utils.logger - INFO - learning rate = 0.0000100
2021-06-10 01:35:59,128 - utils.logger - INFO - Trn result of epoch 3 / 50 mse 0.0894 rmse 0.2990 pcc 0.1721 ccc 0.0026
2021-06-10 01:35:59,424 - utils.logger - INFO - Val result of epoch 3 / 50 mse 0.0934 rmse 0.3057 pcc 0.0124 ccc 0.0002
2021-06-10 01:36:00,282 - utils.logger - INFO - Cur epoch 4 loss MSE:0.2749
2021-06-10 01:36:01,022 - utils.logger - INFO - Cur epoch 4 loss MSE:0.0293
2021-06-10 01:36:01,625 - utils.logger - INFO - Cur epoch 4 loss MSE:0.9172
2021-06-10 01:36:01,626 - utils.logger - INFO - saving the model at the end of epoch 4, iters 24
2021-06-10 01:36:02,086 - utils.logger - INFO - End of training epoch 4 / 50 	 Time Taken: 2 sec, Data loading: 0 sec
2021-06-10 01:36:02,086 - utils.logger - INFO - learning rate = 0.0000100
2021-06-10 01:36:02,814 - utils.logger - INFO - Trn result of epoch 4 / 50 mse 0.0891 rmse 0.2985 pcc 0.2915 ccc 0.0045
2021-06-10 01:36:03,065 - utils.logger - INFO - Val result of epoch 4 / 50 mse 0.0940 rmse 0.3066 pcc 0.1125 ccc 0.0018
2021-06-10 01:36:03,854 - utils.logger - INFO - Cur epoch 5 loss MSE:0.0734
2021-06-10 01:36:04,637 - utils.logger - INFO - Cur epoch 5 loss MSE:0.2075
2021-06-10 01:36:05,148 - utils.logger - INFO - Cur epoch 5 loss MSE:10.9039
2021-06-10 01:36:05,149 - utils.logger - INFO - saving the model at the end of epoch 5, iters 30
2021-06-10 01:36:05,651 - utils.logger - INFO - End of training epoch 5 / 50 	 Time Taken: 2 sec, Data loading: 0 sec
2021-06-10 01:36:05,652 - utils.logger - INFO - learning rate = 0.0000100
2021-06-10 01:36:06,561 - utils.logger - INFO - Trn result of epoch 5 / 50 mse 0.0889 rmse 0.2982 pcc 0.3038 ccc 0.0079
2021-06-10 01:36:06,804 - utils.logger - INFO - Val result of epoch 5 / 50 mse 0.0946 rmse 0.3075 pcc 0.1142 ccc 0.0031
2021-06-10 01:36:07,603 - utils.logger - INFO - Cur epoch 6 loss MSE:0.2784
2021-06-10 01:36:08,262 - utils.logger - INFO - Cur epoch 6 loss MSE:0.6051
2021-06-10 01:36:08,893 - utils.logger - INFO - Cur epoch 6 loss MSE:0.0889
2021-06-10 01:36:08,893 - utils.logger - INFO - saving the model at the end of epoch 6, iters 36
2021-06-10 01:36:09,393 - utils.logger - INFO - End of training epoch 6 / 50 	 Time Taken: 2 sec, Data loading: 0 sec
2021-06-10 01:36:09,393 - utils.logger - INFO - learning rate = 0.0000100
2021-06-10 01:36:10,164 - utils.logger - INFO - Trn result of epoch 6 / 50 mse 0.0887 rmse 0.2979 pcc 0.3035 ccc 0.0158
2021-06-10 01:36:10,418 - utils.logger - INFO - Val result of epoch 6 / 50 mse 0.0961 rmse 0.3101 pcc 0.1145 ccc 0.0060
2021-06-10 01:36:11,019 - utils.logger - INFO - Cur epoch 7 loss MSE:0.6583
2021-06-10 01:36:11,744 - utils.logger - INFO - Cur epoch 7 loss MSE:0.0155
2021-06-10 01:36:12,395 - utils.logger - INFO - Cur epoch 7 loss MSE:3.7019
2021-06-10 01:36:12,395 - utils.logger - INFO - saving the model at the end of epoch 7, iters 42
2021-06-10 01:36:12,886 - utils.logger - INFO - End of training epoch 7 / 50 	 Time Taken: 2 sec, Data loading: 0 sec
2021-06-10 01:36:12,886 - utils.logger - INFO - learning rate = 0.0000100
2021-06-10 01:36:13,677 - utils.logger - INFO - Trn result of epoch 7 / 50 mse 0.0882 rmse 0.2969 pcc 0.3470 ccc 0.0249
2021-06-10 01:36:13,858 - utils.logger - INFO - Val result of epoch 7 / 50 mse 0.0964 rmse 0.3106 pcc 0.1078 ccc 0.0074
2021-06-10 01:36:14,679 - utils.logger - INFO - Cur epoch 8 loss MSE:0.6241
2021-06-10 01:36:15,488 - utils.logger - INFO - Cur epoch 8 loss MSE:1.7053
2021-06-10 01:36:16,011 - utils.logger - INFO - Cur epoch 8 loss MSE:18.4379
2021-06-10 01:36:16,011 - utils.logger - INFO - saving the model at the end of epoch 8, iters 48
2021-06-10 01:36:16,474 - utils.logger - INFO - End of training epoch 8 / 50 	 Time Taken: 2 sec, Data loading: 0 sec
2021-06-10 01:36:16,474 - utils.logger - INFO - learning rate = 0.0000100
2021-06-10 01:36:17,064 - utils.logger - INFO - Trn result of epoch 8 / 50 mse 0.0875 rmse 0.2957 pcc 0.3195 ccc 0.0245
2021-06-10 01:36:17,317 - utils.logger - INFO - Val result of epoch 8 / 50 mse 0.0938 rmse 0.3062 pcc 0.0496 ccc 0.0034
2021-06-10 01:36:18,121 - utils.logger - INFO - Cur epoch 9 loss MSE:0.0882
2021-06-10 01:36:18,928 - utils.logger - INFO - Cur epoch 9 loss MSE:0.1831
2021-06-10 01:36:19,533 - utils.logger - INFO - Cur epoch 9 loss MSE:10.2165
2021-06-10 01:36:19,534 - utils.logger - INFO - saving the model at the end of epoch 9, iters 54
2021-06-10 01:36:19,948 - utils.logger - INFO - End of training epoch 9 / 50 	 Time Taken: 2 sec, Data loading: 0 sec
2021-06-10 01:36:19,948 - utils.logger - INFO - learning rate = 0.0000100
2021-06-10 01:36:20,706 - utils.logger - INFO - Trn result of epoch 9 / 50 mse 0.0878 rmse 0.2963 pcc 0.2823 ccc 0.0260
2021-06-10 01:36:20,961 - utils.logger - INFO - Val result of epoch 9 / 50 mse 0.0927 rmse 0.3045 pcc 0.0277 ccc 0.0022
2021-06-10 01:36:21,787 - utils.logger - INFO - Cur epoch 10 loss MSE:0.1449
2021-06-10 01:36:22,619 - utils.logger - INFO - Cur epoch 10 loss MSE:0.1531
2021-06-10 01:36:23,100 - utils.logger - INFO - Cur epoch 10 loss MSE:0.0028
2021-06-10 01:36:23,100 - utils.logger - INFO - saving the model at the end of epoch 10, iters 60
2021-06-10 01:36:23,605 - utils.logger - INFO - End of training epoch 10 / 50 	 Time Taken: 2 sec, Data loading: 0 sec
2021-06-10 01:36:23,605 - utils.logger - INFO - learning rate = 0.0000100
2021-06-10 01:36:24,465 - utils.logger - INFO - Trn result of epoch 10 / 50 mse 0.0876 rmse 0.2960 pcc 0.4175 ccc 0.1639
2021-06-10 01:36:24,783 - utils.logger - INFO - Val result of epoch 10 / 50 mse 0.1124 rmse 0.3353 pcc 0.1183 ccc 0.0392
2021-06-10 01:36:25,574 - utils.logger - INFO - Cur epoch 11 loss MSE:0.0762
2021-06-10 01:36:26,295 - utils.logger - INFO - Cur epoch 11 loss MSE:0.5282
2021-06-10 01:36:26,882 - utils.logger - INFO - Cur epoch 11 loss MSE:0.4183
2021-06-10 01:36:26,883 - utils.logger - INFO - saving the model at the end of epoch 11, iters 66
2021-06-10 01:36:27,338 - utils.logger - INFO - End of training epoch 11 / 50 	 Time Taken: 2 sec, Data loading: 0 sec
2021-06-10 01:36:27,338 - utils.logger - INFO - learning rate = 0.0000100
2021-06-10 01:36:28,153 - utils.logger - INFO - Trn result of epoch 11 / 50 mse 0.0790 rmse 0.2811 pcc 0.3991 ccc 0.2802
2021-06-10 01:36:28,402 - utils.logger - INFO - Val result of epoch 11 / 50 mse 0.0979 rmse 0.3130 pcc -0.0046 ccc -0.0009
2021-06-10 01:36:29,044 - utils.logger - INFO - Cur epoch 12 loss MSE:0.0640
2021-06-10 01:36:30,043 - utils.logger - INFO - Cur epoch 12 loss MSE:0.2728
2021-06-10 01:36:30,755 - utils.logger - INFO - Cur epoch 12 loss MSE:0.7422
2021-06-10 01:36:30,755 - utils.logger - INFO - saving the model at the end of epoch 12, iters 72
2021-06-10 01:36:31,126 - utils.logger - INFO - End of training epoch 12 / 50 	 Time Taken: 2 sec, Data loading: 0 sec
2021-06-10 01:36:31,126 - utils.logger - INFO - learning rate = 0.0000100
2021-06-10 01:36:31,819 - utils.logger - INFO - Trn result of epoch 12 / 50 mse 0.0717 rmse 0.2678 pcc 0.4703 ccc 0.2774
2021-06-10 01:36:32,214 - utils.logger - INFO - Val result of epoch 12 / 50 mse 0.0942 rmse 0.3070 pcc 0.0435 ccc 0.0160
2021-06-10 01:36:33,006 - utils.logger - INFO - Cur epoch 13 loss MSE:0.1879
2021-06-10 01:36:33,796 - utils.logger - INFO - Cur epoch 13 loss MSE:0.2375
2021-06-10 01:36:34,410 - utils.logger - INFO - Cur epoch 13 loss MSE:7.1158
2021-06-10 01:36:34,410 - utils.logger - INFO - saving the model at the end of epoch 13, iters 78
2021-06-10 01:36:34,859 - utils.logger - INFO - End of training epoch 13 / 50 	 Time Taken: 2 sec, Data loading: 0 sec
2021-06-10 01:36:34,859 - utils.logger - INFO - learning rate = 0.0000100
2021-06-10 01:36:35,869 - utils.logger - INFO - Trn result of epoch 13 / 50 mse 0.1127 rmse 0.3357 pcc 0.3823 ccc 0.1359
2021-06-10 01:36:36,122 - utils.logger - INFO - Val result of epoch 13 / 50 mse 0.1416 rmse 0.3762 pcc 0.1772 ccc 0.0616
2021-06-10 01:36:36,844 - utils.logger - INFO - Cur epoch 14 loss MSE:0.0338
2021-06-10 01:36:37,527 - utils.logger - INFO - Cur epoch 14 loss MSE:0.8440
2021-06-10 01:36:38,338 - utils.logger - INFO - Cur epoch 14 loss MSE:9.3186
2021-06-10 01:36:38,338 - utils.logger - INFO - saving the model at the end of epoch 14, iters 84
2021-06-10 01:36:38,803 - utils.logger - INFO - End of training epoch 14 / 50 	 Time Taken: 2 sec, Data loading: 0 sec
2021-06-10 01:36:38,803 - utils.logger - INFO - learning rate = 0.0000100
2021-06-10 01:36:39,757 - utils.logger - INFO - Trn result of epoch 14 / 50 mse 0.0754 rmse 0.2746 pcc 0.4574 ccc 0.3182
2021-06-10 01:36:39,970 - utils.logger - INFO - Val result of epoch 14 / 50 mse 0.0975 rmse 0.3122 pcc 0.0620 ccc 0.0146
2021-06-10 01:36:40,666 - utils.logger - INFO - Cur epoch 15 loss MSE:0.0571
2021-06-10 01:36:41,621 - utils.logger - INFO - Cur epoch 15 loss MSE:0.0557
2021-06-10 01:36:42,284 - utils.logger - INFO - Cur epoch 15 loss MSE:0.8522
2021-06-10 01:36:42,284 - utils.logger - INFO - saving the model at the end of epoch 15, iters 90
2021-06-10 01:36:42,682 - utils.logger - INFO - End of training epoch 15 / 50 	 Time Taken: 2 sec, Data loading: 0 sec
2021-06-10 01:36:42,682 - utils.logger - INFO - learning rate = 0.0000100
2021-06-10 01:36:43,525 - utils.logger - INFO - Trn result of epoch 15 / 50 mse 0.1144 rmse 0.3382 pcc 0.3230 ccc 0.2396
2021-06-10 01:36:43,847 - utils.logger - INFO - Val result of epoch 15 / 50 mse 0.1638 rmse 0.4047 pcc 0.1652 ccc 0.0948
2021-06-10 01:36:44,640 - utils.logger - INFO - Cur epoch 16 loss MSE:0.5650
2021-06-10 01:36:45,398 - utils.logger - INFO - Cur epoch 16 loss MSE:5.8497
2021-06-10 01:36:45,907 - utils.logger - INFO - Cur epoch 16 loss MSE:24.5256
2021-06-10 01:36:45,907 - utils.logger - INFO - saving the model at the end of epoch 16, iters 96
2021-06-10 01:36:46,347 - utils.logger - INFO - End of training epoch 16 / 50 	 Time Taken: 2 sec, Data loading: 0 sec
2021-06-10 01:36:46,347 - utils.logger - INFO - learning rate = 0.0000100
2021-06-10 01:36:47,261 - utils.logger - INFO - Trn result of epoch 16 / 50 mse 0.0738 rmse 0.2716 pcc 0.5003 ccc 0.3495
2021-06-10 01:36:47,616 - utils.logger - INFO - Val result of epoch 16 / 50 mse 0.1143 rmse 0.3381 pcc 0.1743 ccc 0.0981
2021-06-10 01:36:48,399 - utils.logger - INFO - Cur epoch 17 loss MSE:0.2997
2021-06-10 01:36:49,128 - utils.logger - INFO - Cur epoch 17 loss MSE:0.1206
2021-06-10 01:36:49,834 - utils.logger - INFO - Cur epoch 17 loss MSE:4.6495
2021-06-10 01:36:49,834 - utils.logger - INFO - saving the model at the end of epoch 17, iters 102
2021-06-10 01:36:50,218 - utils.logger - INFO - End of training epoch 17 / 50 	 Time Taken: 2 sec, Data loading: 0 sec
2021-06-10 01:36:50,218 - utils.logger - INFO - learning rate = 0.0000100
2021-06-10 01:36:50,728 - utils.logger - INFO - Trn result of epoch 17 / 50 mse 0.0808 rmse 0.2843 pcc 0.4492 ccc 0.1956
2021-06-10 01:36:50,908 - utils.logger - INFO - Val result of epoch 17 / 50 mse 0.0945 rmse 0.3074 pcc 0.0663 ccc 0.0146
2021-06-10 01:36:51,332 - utils.logger - INFO - Cur epoch 18 loss MSE:7.8705
2021-06-10 01:36:51,783 - utils.logger - INFO - Cur epoch 18 loss MSE:0.1611
2021-06-10 01:36:52,151 - utils.logger - INFO - Cur epoch 18 loss MSE:2.5870
2021-06-10 01:36:52,151 - utils.logger - INFO - saving the model at the end of epoch 18, iters 108
2021-06-10 01:36:52,445 - utils.logger - INFO - End of training epoch 18 / 50 	 Time Taken: 1 sec, Data loading: 0 sec
2021-06-10 01:36:52,445 - utils.logger - INFO - learning rate = 0.0000100
2021-06-10 01:36:52,874 - utils.logger - INFO - Trn result of epoch 18 / 50 mse 0.0693 rmse 0.2632 pcc 0.5027 ccc 0.4157
2021-06-10 01:36:53,031 - utils.logger - INFO - Val result of epoch 18 / 50 mse 0.1121 rmse 0.3348 pcc 0.2167 ccc 0.1445
2021-06-10 01:36:53,459 - utils.logger - INFO - Cur epoch 19 loss MSE:0.2726
2021-06-10 01:36:53,880 - utils.logger - INFO - Cur epoch 19 loss MSE:0.0074
2021-06-10 01:36:54,242 - utils.logger - INFO - Cur epoch 19 loss MSE:4.3906
2021-06-10 01:36:54,242 - utils.logger - INFO - saving the model at the end of epoch 19, iters 114
2021-06-10 01:36:54,596 - utils.logger - INFO - End of training epoch 19 / 50 	 Time Taken: 1 sec, Data loading: 0 sec
2021-06-10 01:36:54,597 - utils.logger - INFO - learning rate = 0.0000100
2021-06-10 01:36:55,111 - utils.logger - INFO - Trn result of epoch 19 / 50 mse 0.0903 rmse 0.3006 pcc 0.4444 ccc 0.2052
2021-06-10 01:36:55,282 - utils.logger - INFO - Val result of epoch 19 / 50 mse 0.1040 rmse 0.3225 pcc 0.0537 ccc 0.0108
2021-06-10 01:36:55,729 - utils.logger - INFO - Cur epoch 20 loss MSE:0.0433
2021-06-10 01:36:56,178 - utils.logger - INFO - Cur epoch 20 loss MSE:0.8529
2021-06-10 01:36:56,524 - utils.logger - INFO - Cur epoch 20 loss MSE:0.8035
2021-06-10 01:36:56,524 - utils.logger - INFO - saving the model at the end of epoch 20, iters 120
2021-06-10 01:36:56,851 - utils.logger - INFO - End of training epoch 20 / 50 	 Time Taken: 1 sec, Data loading: 0 sec
2021-06-10 01:36:56,851 - utils.logger - INFO - learning rate = 0.0000097
2021-06-10 01:36:57,300 - utils.logger - INFO - Trn result of epoch 20 / 50 mse 0.0669 rmse 0.2587 pcc 0.5551 ccc 0.3304
2021-06-10 01:36:57,463 - utils.logger - INFO - Val result of epoch 20 / 50 mse 0.0953 rmse 0.3087 pcc 0.1859 ccc 0.0906
2021-06-10 01:36:57,955 - utils.logger - INFO - Cur epoch 21 loss MSE:0.8010
2021-06-10 01:36:58,424 - utils.logger - INFO - Cur epoch 21 loss MSE:0.0443
2021-06-10 01:36:58,783 - utils.logger - INFO - Cur epoch 21 loss MSE:0.4681
2021-06-10 01:36:58,783 - utils.logger - INFO - saving the model at the end of epoch 21, iters 126
2021-06-10 01:36:59,144 - utils.logger - INFO - End of training epoch 21 / 50 	 Time Taken: 1 sec, Data loading: 0 sec
2021-06-10 01:36:59,144 - utils.logger - INFO - learning rate = 0.0000094
2021-06-10 01:36:59,973 - utils.logger - INFO - Trn result of epoch 21 / 50 mse 0.0985 rmse 0.3138 pcc 0.4608 ccc 0.2937
2021-06-10 01:37:00,275 - utils.logger - INFO - Val result of epoch 21 / 50 mse 0.1516 rmse 0.3893 pcc 0.1387 ccc 0.0692
2021-06-10 01:37:00,907 - utils.logger - INFO - Cur epoch 22 loss MSE:0.5284
2021-06-10 01:37:01,741 - utils.logger - INFO - Cur epoch 22 loss MSE:0.4637
2021-06-10 01:37:02,460 - utils.logger - INFO - Cur epoch 22 loss MSE:1.3313
2021-06-10 01:37:02,460 - utils.logger - INFO - saving the model at the end of epoch 22, iters 132
2021-06-10 01:37:02,816 - utils.logger - INFO - End of training epoch 22 / 50 	 Time Taken: 2 sec, Data loading: 0 sec
2021-06-10 01:37:02,816 - utils.logger - INFO - learning rate = 0.0000090
2021-06-10 01:37:03,617 - utils.logger - INFO - Trn result of epoch 22 / 50 mse 0.0606 rmse 0.2461 pcc 0.5749 ccc 0.5175
2021-06-10 01:37:03,861 - utils.logger - INFO - Val result of epoch 22 / 50 mse 0.1044 rmse 0.3231 pcc 0.1889 ccc 0.1552
2021-06-10 01:37:04,472 - utils.logger - INFO - Cur epoch 23 loss MSE:0.5565
2021-06-10 01:37:05,280 - utils.logger - INFO - Cur epoch 23 loss MSE:0.0312
2021-06-10 01:37:05,994 - utils.logger - INFO - Cur epoch 23 loss MSE:3.7400
2021-06-10 01:37:05,994 - utils.logger - INFO - saving the model at the end of epoch 23, iters 138
2021-06-10 01:37:06,338 - utils.logger - INFO - End of training epoch 23 / 50 	 Time Taken: 2 sec, Data loading: 0 sec
2021-06-10 01:37:06,339 - utils.logger - INFO - learning rate = 0.0000087
2021-06-10 01:37:06,973 - utils.logger - INFO - Trn result of epoch 23 / 50 mse 0.1256 rmse 0.3544 pcc 0.4312 ccc 0.1842
2021-06-10 01:37:07,278 - utils.logger - INFO - Val result of epoch 23 / 50 mse 0.1672 rmse 0.4088 pcc 0.1745 ccc 0.0668
2021-06-10 01:37:08,062 - utils.logger - INFO - Cur epoch 24 loss MSE:0.6092
2021-06-10 01:37:08,871 - utils.logger - INFO - Cur epoch 24 loss MSE:0.4101
2021-06-10 01:37:09,455 - utils.logger - INFO - Cur epoch 24 loss MSE:4.0543
2021-06-10 01:37:09,455 - utils.logger - INFO - saving the model at the end of epoch 24, iters 144
2021-06-10 01:37:09,782 - utils.logger - INFO - End of training epoch 24 / 50 	 Time Taken: 2 sec, Data loading: 0 sec
2021-06-10 01:37:09,782 - utils.logger - INFO - learning rate = 0.0000084
2021-06-10 01:37:10,527 - utils.logger - INFO - Trn result of epoch 24 / 50 mse 0.0852 rmse 0.2918 pcc 0.5376 ccc 0.3727
2021-06-10 01:37:10,910 - utils.logger - INFO - Val result of epoch 24 / 50 mse 0.1420 rmse 0.3768 pcc 0.1718 ccc 0.0905
2021-06-10 01:37:11,814 - utils.logger - INFO - Cur epoch 25 loss MSE:0.1384
2021-06-10 01:37:12,634 - utils.logger - INFO - Cur epoch 25 loss MSE:0.3691
2021-06-10 01:37:13,164 - utils.logger - INFO - Cur epoch 25 loss MSE:0.9257
2021-06-10 01:37:13,167 - utils.logger - INFO - saving the model at the end of epoch 25, iters 150
2021-06-10 01:37:13,521 - utils.logger - INFO - End of training epoch 25 / 50 	 Time Taken: 2 sec, Data loading: 0 sec
2021-06-10 01:37:13,521 - utils.logger - INFO - learning rate = 0.0000081
2021-06-10 01:37:14,508 - utils.logger - INFO - Trn result of epoch 25 / 50 mse 0.0613 rmse 0.2476 pcc 0.6045 ccc 0.4624
2021-06-10 01:37:14,805 - utils.logger - INFO - Val result of epoch 25 / 50 mse 0.0903 rmse 0.3004 pcc 0.2146 ccc 0.1330
2021-06-10 01:37:15,575 - utils.logger - INFO - Cur epoch 26 loss MSE:1.0476
2021-06-10 01:37:16,243 - utils.logger - INFO - Cur epoch 26 loss MSE:0.0446
2021-06-10 01:37:16,884 - utils.logger - INFO - Cur epoch 26 loss MSE:4.2573
2021-06-10 01:37:16,884 - utils.logger - INFO - saving the model at the end of epoch 26, iters 156
2021-06-10 01:37:17,307 - utils.logger - INFO - End of training epoch 26 / 50 	 Time Taken: 2 sec, Data loading: 0 sec
2021-06-10 01:37:17,307 - utils.logger - INFO - learning rate = 0.0000077
2021-06-10 01:37:18,125 - utils.logger - INFO - Trn result of epoch 26 / 50 mse 0.0820 rmse 0.2863 pcc 0.5508 ccc 0.3795
2021-06-10 01:37:18,369 - utils.logger - INFO - Val result of epoch 26 / 50 mse 0.1393 rmse 0.3732 pcc 0.1756 ccc 0.0900
2021-06-10 01:37:19,017 - utils.logger - INFO - Cur epoch 27 loss MSE:0.2735
2021-06-10 01:37:19,910 - utils.logger - INFO - Cur epoch 27 loss MSE:0.0602
2021-06-10 01:37:20,607 - utils.logger - INFO - Cur epoch 27 loss MSE:19.0621
2021-06-10 01:37:20,607 - utils.logger - INFO - saving the model at the end of epoch 27, iters 162
2021-06-10 01:37:20,995 - utils.logger - INFO - End of training epoch 27 / 50 	 Time Taken: 2 sec, Data loading: 0 sec
2021-06-10 01:37:20,995 - utils.logger - INFO - learning rate = 0.0000074
2021-06-10 01:37:21,696 - utils.logger - INFO - Trn result of epoch 27 / 50 mse 0.0559 rmse 0.2364 pcc 0.6554 ccc 0.4817
2021-06-10 01:37:21,945 - utils.logger - INFO - Val result of epoch 27 / 50 mse 0.0949 rmse 0.3081 pcc 0.2479 ccc 0.1408
2021-06-10 01:37:22,820 - utils.logger - INFO - Cur epoch 28 loss MSE:0.0807
2021-06-10 01:37:23,533 - utils.logger - INFO - Cur epoch 28 loss MSE:0.0482
2021-06-10 01:37:24,168 - utils.logger - INFO - Cur epoch 28 loss MSE:1.3802
2021-06-10 01:37:24,168 - utils.logger - INFO - saving the model at the end of epoch 28, iters 168
2021-06-10 01:37:24,603 - utils.logger - INFO - End of training epoch 28 / 50 	 Time Taken: 2 sec, Data loading: 0 sec
2021-06-10 01:37:24,603 - utils.logger - INFO - learning rate = 0.0000071
2021-06-10 01:37:25,440 - utils.logger - INFO - Trn result of epoch 28 / 50 mse 0.1007 rmse 0.3174 pcc 0.5003 ccc 0.4094
2021-06-10 01:37:25,746 - utils.logger - INFO - Val result of epoch 28 / 50 mse 0.1427 rmse 0.3778 pcc 0.0697 ccc 0.0382
2021-06-10 01:37:26,456 - utils.logger - INFO - Cur epoch 29 loss MSE:0.0488
2021-06-10 01:37:27,190 - utils.logger - INFO - Cur epoch 29 loss MSE:0.7333
2021-06-10 01:37:27,785 - utils.logger - INFO - Cur epoch 29 loss MSE:2.1564
2021-06-10 01:37:27,786 - utils.logger - INFO - saving the model at the end of epoch 29, iters 174
2021-06-10 01:37:28,187 - utils.logger - INFO - End of training epoch 29 / 50 	 Time Taken: 2 sec, Data loading: 0 sec
2021-06-10 01:37:28,187 - utils.logger - INFO - learning rate = 0.0000068
2021-06-10 01:37:29,045 - utils.logger - INFO - Trn result of epoch 29 / 50 mse 0.0654 rmse 0.2558 pcc 0.6237 ccc 0.4080
2021-06-10 01:37:29,395 - utils.logger - INFO - Val result of epoch 29 / 50 mse 0.1076 rmse 0.3281 pcc 0.2271 ccc 0.1096
2021-06-10 01:37:30,102 - utils.logger - INFO - Cur epoch 30 loss MSE:0.2599
2021-06-10 01:37:30,636 - utils.logger - INFO - Cur epoch 30 loss MSE:0.0593
2021-06-10 01:37:31,352 - utils.logger - INFO - Cur epoch 30 loss MSE:0.5944
2021-06-10 01:37:31,352 - utils.logger - INFO - saving the model at the end of epoch 30, iters 180
2021-06-10 01:37:31,774 - utils.logger - INFO - End of training epoch 30 / 50 	 Time Taken: 2 sec, Data loading: 0 sec
2021-06-10 01:37:31,774 - utils.logger - INFO - learning rate = 0.0000065
2021-06-10 01:37:32,513 - utils.logger - INFO - Trn result of epoch 30 / 50 mse 0.0555 rmse 0.2355 pcc 0.6496 ccc 0.5339
2021-06-10 01:37:32,755 - utils.logger - INFO - Val result of epoch 30 / 50 mse 0.1058 rmse 0.3253 pcc 0.2512 ccc 0.1458
2021-06-10 01:37:33,387 - utils.logger - INFO - Cur epoch 31 loss MSE:0.1840
2021-06-10 01:37:34,163 - utils.logger - INFO - Cur epoch 31 loss MSE:1.3054
2021-06-10 01:37:34,818 - utils.logger - INFO - Cur epoch 31 loss MSE:4.7118
2021-06-10 01:37:34,819 - utils.logger - INFO - saving the model at the end of epoch 31, iters 186
2021-06-10 01:37:35,198 - utils.logger - INFO - End of training epoch 31 / 50 	 Time Taken: 2 sec, Data loading: 0 sec
2021-06-10 01:37:35,198 - utils.logger - INFO - learning rate = 0.0000061
2021-06-10 01:37:35,996 - utils.logger - INFO - Trn result of epoch 31 / 50 mse 0.0951 rmse 0.3084 pcc 0.5483 ccc 0.2531
2021-06-10 01:37:36,270 - utils.logger - INFO - Val result of epoch 31 / 50 mse 0.1362 rmse 0.3690 pcc 0.2077 ccc 0.0715
2021-06-10 01:37:37,076 - utils.logger - INFO - Cur epoch 32 loss MSE:0.4334
2021-06-10 01:37:37,801 - utils.logger - INFO - Cur epoch 32 loss MSE:0.2725
2021-06-10 01:37:38,459 - utils.logger - INFO - Cur epoch 32 loss MSE:2.2087
2021-06-10 01:37:38,460 - utils.logger - INFO - saving the model at the end of epoch 32, iters 192
2021-06-10 01:37:38,762 - utils.logger - INFO - End of training epoch 32 / 50 	 Time Taken: 2 sec, Data loading: 0 sec
2021-06-10 01:37:38,762 - utils.logger - INFO - learning rate = 0.0000058
2021-06-10 01:37:39,652 - utils.logger - INFO - Trn result of epoch 32 / 50 mse 0.0414 rmse 0.2036 pcc 0.7355 ccc 0.6853
2021-06-10 01:37:39,946 - utils.logger - INFO - Val result of epoch 32 / 50 mse 0.0950 rmse 0.3083 pcc 0.3071 ccc 0.2290
2021-06-10 01:37:40,791 - utils.logger - INFO - Cur epoch 33 loss MSE:0.7836
2021-06-10 01:37:41,551 - utils.logger - INFO - Cur epoch 33 loss MSE:0.5164
2021-06-10 01:37:42,079 - utils.logger - INFO - Cur epoch 33 loss MSE:0.0450
2021-06-10 01:37:42,080 - utils.logger - INFO - saving the model at the end of epoch 33, iters 198
2021-06-10 01:37:42,508 - utils.logger - INFO - End of training epoch 33 / 50 	 Time Taken: 2 sec, Data loading: 0 sec
2021-06-10 01:37:42,508 - utils.logger - INFO - learning rate = 0.0000055
2021-06-10 01:37:43,429 - utils.logger - INFO - Trn result of epoch 33 / 50 mse 0.0472 rmse 0.2172 pcc 0.7263 ccc 0.5810
2021-06-10 01:37:43,686 - utils.logger - INFO - Val result of epoch 33 / 50 mse 0.0877 rmse 0.2961 pcc 0.2830 ccc 0.1726
2021-06-10 01:37:44,511 - utils.logger - INFO - Cur epoch 34 loss MSE:0.3914
2021-06-10 01:37:45,246 - utils.logger - INFO - Cur epoch 34 loss MSE:0.1582
2021-06-10 01:37:46,012 - utils.logger - INFO - Cur epoch 34 loss MSE:1.2425
2021-06-10 01:37:46,013 - utils.logger - INFO - saving the model at the end of epoch 34, iters 204
2021-06-10 01:37:46,400 - utils.logger - INFO - End of training epoch 34 / 50 	 Time Taken: 2 sec, Data loading: 0 sec
2021-06-10 01:37:46,401 - utils.logger - INFO - learning rate = 0.0000052
2021-06-10 01:37:47,174 - utils.logger - INFO - Trn result of epoch 34 / 50 mse 0.0898 rmse 0.2996 pcc 0.5893 ccc 0.3253
2021-06-10 01:37:47,358 - utils.logger - INFO - Val result of epoch 34 / 50 mse 0.1428 rmse 0.3779 pcc 0.2133 ccc 0.0793
2021-06-10 01:37:48,067 - utils.logger - INFO - Cur epoch 35 loss MSE:0.5719
2021-06-10 01:37:48,884 - utils.logger - INFO - Cur epoch 35 loss MSE:0.0054
2021-06-10 01:37:49,516 - utils.logger - INFO - Cur epoch 35 loss MSE:0.5340
2021-06-10 01:37:49,517 - utils.logger - INFO - saving the model at the end of epoch 35, iters 210
2021-06-10 01:37:49,898 - utils.logger - INFO - End of training epoch 35 / 50 	 Time Taken: 2 sec, Data loading: 0 sec
2021-06-10 01:37:49,898 - utils.logger - INFO - learning rate = 0.0000048
2021-06-10 01:37:50,594 - utils.logger - INFO - Trn result of epoch 35 / 50 mse 0.0408 rmse 0.2020 pcc 0.7557 ccc 0.6718
2021-06-10 01:37:50,836 - utils.logger - INFO - Val result of epoch 35 / 50 mse 0.0996 rmse 0.3156 pcc 0.2792 ccc 0.1723
2021-06-10 01:37:51,636 - utils.logger - INFO - Cur epoch 36 loss MSE:0.2016
2021-06-10 01:37:52,528 - utils.logger - INFO - Cur epoch 36 loss MSE:0.1722
2021-06-10 01:37:53,196 - utils.logger - INFO - Cur epoch 36 loss MSE:0.4046
2021-06-10 01:37:53,196 - utils.logger - INFO - saving the model at the end of epoch 36, iters 216
2021-06-10 01:37:53,643 - utils.logger - INFO - End of training epoch 36 / 50 	 Time Taken: 2 sec, Data loading: 0 sec
2021-06-10 01:37:53,643 - utils.logger - INFO - learning rate = 0.0000045
2021-06-10 01:37:54,661 - utils.logger - INFO - Trn result of epoch 36 / 50 mse 0.0580 rmse 0.2408 pcc 0.7083 ccc 0.4670
2021-06-10 01:37:54,917 - utils.logger - INFO - Val result of epoch 36 / 50 mse 0.1043 rmse 0.3229 pcc 0.2590 ccc 0.1107
2021-06-10 01:37:55,624 - utils.logger - INFO - Cur epoch 37 loss MSE:0.3770
2021-06-10 01:37:56,313 - utils.logger - INFO - Cur epoch 37 loss MSE:0.5199
2021-06-10 01:37:56,844 - utils.logger - INFO - Cur epoch 37 loss MSE:0.2702
2021-06-10 01:37:56,844 - utils.logger - INFO - saving the model at the end of epoch 37, iters 222
2021-06-10 01:37:57,226 - utils.logger - INFO - End of training epoch 37 / 50 	 Time Taken: 2 sec, Data loading: 0 sec
2021-06-10 01:37:57,227 - utils.logger - INFO - learning rate = 0.0000042
2021-06-10 01:37:58,032 - utils.logger - INFO - Trn result of epoch 37 / 50 mse 0.0352 rmse 0.1876 pcc 0.7833 ccc 0.7376
2021-06-10 01:37:58,293 - utils.logger - INFO - Val result of epoch 37 / 50 mse 0.0987 rmse 0.3141 pcc 0.2890 ccc 0.2068
2021-06-10 01:37:59,065 - utils.logger - INFO - Cur epoch 38 loss MSE:0.1558
2021-06-10 01:37:59,848 - utils.logger - INFO - Cur epoch 38 loss MSE:0.0150
2021-06-10 01:38:00,448 - utils.logger - INFO - Cur epoch 38 loss MSE:3.2904
2021-06-10 01:38:00,448 - utils.logger - INFO - saving the model at the end of epoch 38, iters 228
2021-06-10 01:38:00,814 - utils.logger - INFO - End of training epoch 38 / 50 	 Time Taken: 2 sec, Data loading: 0 sec
2021-06-10 01:38:00,814 - utils.logger - INFO - learning rate = 0.0000039
2021-06-10 01:38:01,589 - utils.logger - INFO - Trn result of epoch 38 / 50 mse 0.0342 rmse 0.1849 pcc 0.7928 ccc 0.7518
2021-06-10 01:38:01,849 - utils.logger - INFO - Val result of epoch 38 / 50 mse 0.1058 rmse 0.3253 pcc 0.2778 ccc 0.1899
2021-06-10 01:38:02,612 - utils.logger - INFO - Cur epoch 39 loss MSE:0.0479
2021-06-10 01:38:03,457 - utils.logger - INFO - Cur epoch 39 loss MSE:0.0352
2021-06-10 01:38:04,139 - utils.logger - INFO - Cur epoch 39 loss MSE:3.8469
2021-06-10 01:38:04,139 - utils.logger - INFO - saving the model at the end of epoch 39, iters 234
2021-06-10 01:38:04,544 - utils.logger - INFO - End of training epoch 39 / 50 	 Time Taken: 2 sec, Data loading: 0 sec
2021-06-10 01:38:04,545 - utils.logger - INFO - learning rate = 0.0000035
2021-06-10 01:38:05,159 - utils.logger - INFO - Trn result of epoch 39 / 50 mse 0.0383 rmse 0.1958 pcc 0.7731 ccc 0.7343
2021-06-10 01:38:05,396 - utils.logger - INFO - Val result of epoch 39 / 50 mse 0.0897 rmse 0.2994 pcc 0.3280 ccc 0.2781
2021-06-10 01:38:06,116 - utils.logger - INFO - Cur epoch 40 loss MSE:0.0015
2021-06-10 01:38:07,064 - utils.logger - INFO - Cur epoch 40 loss MSE:0.1578
2021-06-10 01:38:07,755 - utils.logger - INFO - Cur epoch 40 loss MSE:16.0696
2021-06-10 01:38:07,755 - utils.logger - INFO - saving the model at the end of epoch 40, iters 240
2021-06-10 01:38:08,081 - utils.logger - INFO - End of training epoch 40 / 50 	 Time Taken: 2 sec, Data loading: 0 sec
2021-06-10 01:38:08,082 - utils.logger - INFO - learning rate = 0.0000032
2021-06-10 01:38:08,837 - utils.logger - INFO - Trn result of epoch 40 / 50 mse 0.0358 rmse 0.1892 pcc 0.8024 ccc 0.7059
2021-06-10 01:38:09,093 - utils.logger - INFO - Val result of epoch 40 / 50 mse 0.0868 rmse 0.2946 pcc 0.3291 ccc 0.2174
2021-06-10 01:38:09,900 - utils.logger - INFO - Cur epoch 41 loss MSE:5.4835
2021-06-10 01:38:10,732 - utils.logger - INFO - Cur epoch 41 loss MSE:0.1965
2021-06-10 01:38:11,370 - utils.logger - INFO - Cur epoch 41 loss MSE:0.6747
2021-06-10 01:38:11,371 - utils.logger - INFO - saving the model at the end of epoch 41, iters 246
2021-06-10 01:38:11,800 - utils.logger - INFO - End of training epoch 41 / 50 	 Time Taken: 2 sec, Data loading: 0 sec
2021-06-10 01:38:11,800 - utils.logger - INFO - learning rate = 0.0000029
2021-06-10 01:38:12,565 - utils.logger - INFO - Trn result of epoch 41 / 50 mse 0.0411 rmse 0.2028 pcc 0.7696 ccc 0.6998
2021-06-10 01:38:12,867 - utils.logger - INFO - Val result of epoch 41 / 50 mse 0.1171 rmse 0.3422 pcc 0.2581 ccc 0.1483
2021-06-10 01:38:13,567 - utils.logger - INFO - Cur epoch 42 loss MSE:0.3059
2021-06-10 01:38:14,295 - utils.logger - INFO - Cur epoch 42 loss MSE:0.2800
2021-06-10 01:38:15,000 - utils.logger - INFO - Cur epoch 42 loss MSE:2.8460
2021-06-10 01:38:15,000 - utils.logger - INFO - saving the model at the end of epoch 42, iters 252
2021-06-10 01:38:15,393 - utils.logger - INFO - End of training epoch 42 / 50 	 Time Taken: 2 sec, Data loading: 0 sec
2021-06-10 01:38:15,393 - utils.logger - INFO - learning rate = 0.0000026
2021-06-10 01:38:16,093 - utils.logger - INFO - Trn result of epoch 42 / 50 mse 0.0371 rmse 0.1926 pcc 0.7949 ccc 0.7213
2021-06-10 01:38:16,352 - utils.logger - INFO - Val result of epoch 42 / 50 mse 0.0860 rmse 0.2932 pcc 0.3207 ccc 0.2538
2021-06-10 01:38:17,085 - utils.logger - INFO - Cur epoch 43 loss MSE:0.2905
2021-06-10 01:38:17,909 - utils.logger - INFO - Cur epoch 43 loss MSE:0.3101
2021-06-10 01:38:18,509 - utils.logger - INFO - Cur epoch 43 loss MSE:2.7045
2021-06-10 01:38:18,509 - utils.logger - INFO - saving the model at the end of epoch 43, iters 258
2021-06-10 01:38:18,832 - utils.logger - INFO - End of training epoch 43 / 50 	 Time Taken: 2 sec, Data loading: 0 sec
2021-06-10 01:38:18,832 - utils.logger - INFO - learning rate = 0.0000023
2021-06-10 01:38:19,432 - utils.logger - INFO - Trn result of epoch 43 / 50 mse 0.0370 rmse 0.1924 pcc 0.7976 ccc 0.7441
2021-06-10 01:38:19,659 - utils.logger - INFO - Val result of epoch 43 / 50 mse 0.0882 rmse 0.2971 pcc 0.3211 ccc 0.2734
2021-06-10 01:38:20,484 - utils.logger - INFO - Cur epoch 44 loss MSE:0.1780
2021-06-10 01:38:21,435 - utils.logger - INFO - Cur epoch 44 loss MSE:0.2988
2021-06-10 01:38:22,066 - utils.logger - INFO - Cur epoch 44 loss MSE:3.7509
2021-06-10 01:38:22,067 - utils.logger - INFO - saving the model at the end of epoch 44, iters 264
2021-06-10 01:38:22,459 - utils.logger - INFO - End of training epoch 44 / 50 	 Time Taken: 2 sec, Data loading: 0 sec
2021-06-10 01:38:22,460 - utils.logger - INFO - learning rate = 0.0000019
2021-06-10 01:38:23,447 - utils.logger - INFO - Trn result of epoch 44 / 50 mse 0.0340 rmse 0.1844 pcc 0.8043 ccc 0.7649
2021-06-10 01:38:23,711 - utils.logger - INFO - Val result of epoch 44 / 50 mse 0.0892 rmse 0.2987 pcc 0.3253 ccc 0.2756
2021-06-10 01:38:24,530 - utils.logger - INFO - Cur epoch 45 loss MSE:0.8795
2021-06-10 01:38:25,162 - utils.logger - INFO - Cur epoch 45 loss MSE:0.2602
2021-06-10 01:38:25,798 - utils.logger - INFO - Cur epoch 45 loss MSE:2.4685
2021-06-10 01:38:25,798 - utils.logger - INFO - saving the model at the end of epoch 45, iters 270
2021-06-10 01:38:26,228 - utils.logger - INFO - End of training epoch 45 / 50 	 Time Taken: 2 sec, Data loading: 0 sec
2021-06-10 01:38:26,228 - utils.logger - INFO - learning rate = 0.0000016
2021-06-10 01:38:27,092 - utils.logger - INFO - Trn result of epoch 45 / 50 mse 0.0313 rmse 0.1769 pcc 0.8232 ccc 0.7559
2021-06-10 01:38:27,375 - utils.logger - INFO - Val result of epoch 45 / 50 mse 0.0920 rmse 0.3032 pcc 0.3105 ccc 0.2064
2021-06-10 01:38:28,052 - utils.logger - INFO - Cur epoch 46 loss MSE:0.2357
2021-06-10 01:38:29,015 - utils.logger - INFO - Cur epoch 46 loss MSE:0.0501
2021-06-10 01:38:29,694 - utils.logger - INFO - Cur epoch 46 loss MSE:2.2475
2021-06-10 01:38:29,694 - utils.logger - INFO - saving the model at the end of epoch 46, iters 276
2021-06-10 01:38:30,090 - utils.logger - INFO - End of training epoch 46 / 50 	 Time Taken: 2 sec, Data loading: 0 sec
2021-06-10 01:38:30,090 - utils.logger - INFO - learning rate = 0.0000013
2021-06-10 01:38:30,696 - utils.logger - INFO - Trn result of epoch 46 / 50 mse 0.0304 rmse 0.1742 pcc 0.8139 ccc 0.7918
2021-06-10 01:38:30,984 - utils.logger - INFO - Val result of epoch 46 / 50 mse 0.1021 rmse 0.3196 pcc 0.3036 ccc 0.2283
2021-06-10 01:38:31,886 - utils.logger - INFO - Cur epoch 47 loss MSE:0.0730
2021-06-10 01:38:32,783 - utils.logger - INFO - Cur epoch 47 loss MSE:0.5797
2021-06-10 01:38:33,332 - utils.logger - INFO - Cur epoch 47 loss MSE:3.5996
2021-06-10 01:38:33,332 - utils.logger - INFO - saving the model at the end of epoch 47, iters 282
2021-06-10 01:38:33,661 - utils.logger - INFO - End of training epoch 47 / 50 	 Time Taken: 2 sec, Data loading: 0 sec
2021-06-10 01:38:33,662 - utils.logger - INFO - learning rate = 0.0000010
2021-06-10 01:38:34,506 - utils.logger - INFO - Trn result of epoch 47 / 50 mse 0.0317 rmse 0.1780 pcc 0.8156 ccc 0.7637
2021-06-10 01:38:34,831 - utils.logger - INFO - Val result of epoch 47 / 50 mse 0.1028 rmse 0.3206 pcc 0.2879 ccc 0.1797
2021-06-10 01:38:35,580 - utils.logger - INFO - Cur epoch 48 loss MSE:0.1549
2021-06-10 01:38:36,335 - utils.logger - INFO - Cur epoch 48 loss MSE:0.2220
2021-06-10 01:38:36,789 - utils.logger - INFO - Cur epoch 48 loss MSE:2.2047
2021-06-10 01:38:36,789 - utils.logger - INFO - saving the model at the end of epoch 48, iters 288
2021-06-10 01:38:37,231 - utils.logger - INFO - End of training epoch 48 / 50 	 Time Taken: 2 sec, Data loading: 0 sec
2021-06-10 01:38:37,232 - utils.logger - INFO - learning rate = 0.0000006
2021-06-10 01:38:38,068 - utils.logger - INFO - Trn result of epoch 48 / 50 mse 0.0293 rmse 0.1712 pcc 0.8264 ccc 0.7953
2021-06-10 01:38:38,281 - utils.logger - INFO - Val result of epoch 48 / 50 mse 0.0910 rmse 0.3017 pcc 0.3265 ccc 0.2621
2021-06-10 01:38:39,025 - utils.logger - INFO - Cur epoch 49 loss MSE:0.0288
2021-06-10 01:38:39,706 - utils.logger - INFO - Cur epoch 49 loss MSE:0.0168
2021-06-10 01:38:40,414 - utils.logger - INFO - Cur epoch 49 loss MSE:0.7304
2021-06-10 01:38:40,414 - utils.logger - INFO - saving the model at the end of epoch 49, iters 294
2021-06-10 01:38:40,827 - utils.logger - INFO - End of training epoch 49 / 50 	 Time Taken: 2 sec, Data loading: 0 sec
2021-06-10 01:38:40,827 - utils.logger - INFO - learning rate = 0.0000003
2021-06-10 01:38:41,837 - utils.logger - INFO - Trn result of epoch 49 / 50 mse 0.0291 rmse 0.1706 pcc 0.8232 ccc 0.7961
2021-06-10 01:38:42,042 - utils.logger - INFO - Val result of epoch 49 / 50 mse 0.0954 rmse 0.3089 pcc 0.3151 ccc 0.2407
2021-06-10 01:38:42,883 - utils.logger - INFO - Cur epoch 50 loss MSE:0.3048
2021-06-10 01:38:43,726 - utils.logger - INFO - Cur epoch 50 loss MSE:0.0994
2021-06-10 01:38:44,369 - utils.logger - INFO - Cur epoch 50 loss MSE:0.0008
2021-06-10 01:38:44,370 - utils.logger - INFO - saving the model at the end of epoch 50, iters 300
2021-06-10 01:38:44,771 - utils.logger - INFO - End of training epoch 50 / 50 	 Time Taken: 2 sec, Data loading: 0 sec
2021-06-10 01:38:44,771 - utils.logger - INFO - learning rate = 0.0000000
2021-06-10 01:38:45,494 - utils.logger - INFO - Trn result of epoch 50 / 50 mse 0.0281 rmse 0.1678 pcc 0.8324 ccc 0.7990
2021-06-10 01:38:45,826 - utils.logger - INFO - Val result of epoch 50 / 50 mse 0.0943 rmse 0.3071 pcc 0.3149 ccc 0.2346
2021-06-10 01:38:45,827 - utils.logger - INFO - Best eval epoch 39 found with ccc 0.278149
2021-06-10 01:38:45,827 - utils.logger - INFO - baseline_fcfusion_norm_wav2vec_arousal_hidden1024_seq100_run2
