2021-06-05 16:50:13,589 - utils.logger - INFO - The number of training samples = 41
2021-06-05 16:50:16,972 - utils.logger - INFO - Cur epoch 1 loss MSE:0.3207
2021-06-05 16:50:17,378 - utils.logger - INFO - Cur epoch 1 loss MSE:0.0383
2021-06-05 16:50:17,709 - utils.logger - INFO - Cur epoch 1 loss MSE:1.3804
2021-06-05 16:50:17,709 - utils.logger - INFO - saving the model at the end of epoch 1, iters 6
2021-06-05 16:50:17,978 - utils.logger - INFO - End of training epoch 1 / 50 	 Time Taken: 1 sec, Data loading: 0 sec
2021-06-05 16:50:17,978 - utils.logger - INFO - learning rate = 0.0000100
2021-06-05 16:50:18,339 - utils.logger - INFO - Trn result of epoch 1 / 50 mse 0.0450 rmse 0.2122 pcc 0.2074 ccc 0.0012
2021-06-05 16:50:18,465 - utils.logger - INFO - Val result of epoch 1 / 50 mse 0.0379 rmse 0.1948 pcc 0.2787 ccc 0.0021
2021-06-05 16:50:18,861 - utils.logger - INFO - Cur epoch 2 loss MSE:0.3410
2021-06-05 16:50:19,260 - utils.logger - INFO - Cur epoch 2 loss MSE:0.3883
2021-06-05 16:50:19,581 - utils.logger - INFO - Cur epoch 2 loss MSE:6.0719
2021-06-05 16:50:19,582 - utils.logger - INFO - saving the model at the end of epoch 2, iters 12
2021-06-05 16:50:19,866 - utils.logger - INFO - End of training epoch 2 / 50 	 Time Taken: 1 sec, Data loading: 0 sec
2021-06-05 16:50:19,866 - utils.logger - INFO - learning rate = 0.0000100
2021-06-05 16:50:20,224 - utils.logger - INFO - Trn result of epoch 2 / 50 mse 0.0446 rmse 0.2113 pcc 0.2479 ccc 0.0056
2021-06-05 16:50:20,350 - utils.logger - INFO - Val result of epoch 2 / 50 mse 0.0376 rmse 0.1940 pcc 0.3166 ccc 0.0093
2021-06-05 16:50:20,728 - utils.logger - INFO - Cur epoch 3 loss MSE:1.2942
2021-06-05 16:50:21,095 - utils.logger - INFO - Cur epoch 3 loss MSE:0.1382
2021-06-05 16:50:21,439 - utils.logger - INFO - Cur epoch 3 loss MSE:2.8300
2021-06-05 16:50:21,440 - utils.logger - INFO - saving the model at the end of epoch 3, iters 18
2021-06-05 16:50:21,719 - utils.logger - INFO - End of training epoch 3 / 50 	 Time Taken: 1 sec, Data loading: 0 sec
2021-06-05 16:50:21,719 - utils.logger - INFO - learning rate = 0.0000100
2021-06-05 16:50:22,081 - utils.logger - INFO - Trn result of epoch 3 / 50 mse 0.0440 rmse 0.2097 pcc 0.2149 ccc 0.0093
2021-06-05 16:50:22,206 - utils.logger - INFO - Val result of epoch 3 / 50 mse 0.0374 rmse 0.1934 pcc 0.2621 ccc 0.0148
2021-06-05 16:50:22,611 - utils.logger - INFO - Cur epoch 4 loss MSE:0.3445
2021-06-05 16:50:23,004 - utils.logger - INFO - Cur epoch 4 loss MSE:0.5049
2021-06-05 16:50:23,323 - utils.logger - INFO - Cur epoch 4 loss MSE:1.5895
2021-06-05 16:50:23,323 - utils.logger - INFO - saving the model at the end of epoch 4, iters 24
2021-06-05 16:50:23,607 - utils.logger - INFO - End of training epoch 4 / 50 	 Time Taken: 1 sec, Data loading: 0 sec
2021-06-05 16:50:23,607 - utils.logger - INFO - learning rate = 0.0000100
2021-06-05 16:50:23,975 - utils.logger - INFO - Trn result of epoch 4 / 50 mse 0.0432 rmse 0.2077 pcc 0.2453 ccc 0.0225
2021-06-05 16:50:24,101 - utils.logger - INFO - Val result of epoch 4 / 50 mse 0.0368 rmse 0.1919 pcc 0.3041 ccc 0.0360
2021-06-05 16:50:24,482 - utils.logger - INFO - Cur epoch 5 loss MSE:0.0069
2021-06-05 16:50:24,878 - utils.logger - INFO - Cur epoch 5 loss MSE:0.3706
2021-06-05 16:50:25,206 - utils.logger - INFO - Cur epoch 5 loss MSE:1.9403
2021-06-05 16:50:25,207 - utils.logger - INFO - saving the model at the end of epoch 5, iters 30
2021-06-05 16:50:25,496 - utils.logger - INFO - End of training epoch 5 / 50 	 Time Taken: 1 sec, Data loading: 0 sec
2021-06-05 16:50:25,497 - utils.logger - INFO - learning rate = 0.0000100
2021-06-05 16:50:25,864 - utils.logger - INFO - Trn result of epoch 5 / 50 mse 0.0430 rmse 0.2074 pcc 0.2795 ccc 0.0297
2021-06-05 16:50:25,988 - utils.logger - INFO - Val result of epoch 5 / 50 mse 0.0364 rmse 0.1907 pcc 0.3326 ccc 0.0467
2021-06-05 16:50:26,371 - utils.logger - INFO - Cur epoch 6 loss MSE:0.3671
2021-06-05 16:50:26,750 - utils.logger - INFO - Cur epoch 6 loss MSE:0.4569
2021-06-05 16:50:27,063 - utils.logger - INFO - Cur epoch 6 loss MSE:1.5768
2021-06-05 16:50:27,064 - utils.logger - INFO - saving the model at the end of epoch 6, iters 36
2021-06-05 16:50:27,497 - utils.logger - INFO - End of training epoch 6 / 50 	 Time Taken: 1 sec, Data loading: 0 sec
2021-06-05 16:50:27,497 - utils.logger - INFO - learning rate = 0.0000100
2021-06-05 16:50:27,856 - utils.logger - INFO - Trn result of epoch 6 / 50 mse 0.0418 rmse 0.2043 pcc 0.2841 ccc 0.0658
2021-06-05 16:50:27,979 - utils.logger - INFO - Val result of epoch 6 / 50 mse 0.0364 rmse 0.1907 pcc 0.3225 ccc 0.0949
2021-06-05 16:50:28,347 - utils.logger - INFO - Cur epoch 7 loss MSE:0.0570
2021-06-05 16:50:28,712 - utils.logger - INFO - Cur epoch 7 loss MSE:0.1394
2021-06-05 16:50:29,026 - utils.logger - INFO - Cur epoch 7 loss MSE:0.1104
2021-06-05 16:50:29,027 - utils.logger - INFO - saving the model at the end of epoch 7, iters 42
2021-06-05 16:50:29,306 - utils.logger - INFO - End of training epoch 7 / 50 	 Time Taken: 1 sec, Data loading: 0 sec
2021-06-05 16:50:29,306 - utils.logger - INFO - learning rate = 0.0000100
2021-06-05 16:50:29,674 - utils.logger - INFO - Trn result of epoch 7 / 50 mse 0.0428 rmse 0.2068 pcc 0.3170 ccc 0.1095
2021-06-05 16:50:29,799 - utils.logger - INFO - Val result of epoch 7 / 50 mse 0.0401 rmse 0.2004 pcc 0.2999 ccc 0.1257
2021-06-05 16:50:30,190 - utils.logger - INFO - Cur epoch 8 loss MSE:0.0036
2021-06-05 16:50:30,585 - utils.logger - INFO - Cur epoch 8 loss MSE:0.4585
2021-06-05 16:50:30,901 - utils.logger - INFO - Cur epoch 8 loss MSE:1.6741
2021-06-05 16:50:30,902 - utils.logger - INFO - saving the model at the end of epoch 8, iters 48
2021-06-05 16:50:31,173 - utils.logger - INFO - End of training epoch 8 / 50 	 Time Taken: 1 sec, Data loading: 0 sec
2021-06-05 16:50:31,173 - utils.logger - INFO - learning rate = 0.0000100
2021-06-05 16:50:31,532 - utils.logger - INFO - Trn result of epoch 8 / 50 mse 0.0398 rmse 0.1994 pcc 0.3694 ccc 0.1673
2021-06-05 16:50:31,660 - utils.logger - INFO - Val result of epoch 8 / 50 mse 0.0370 rmse 0.1924 pcc 0.3206 ccc 0.1751
2021-06-05 16:50:32,045 - utils.logger - INFO - Cur epoch 9 loss MSE:0.2821
2021-06-05 16:50:32,432 - utils.logger - INFO - Cur epoch 9 loss MSE:0.0713
2021-06-05 16:50:32,754 - utils.logger - INFO - Cur epoch 9 loss MSE:0.7261
2021-06-05 16:50:32,754 - utils.logger - INFO - saving the model at the end of epoch 9, iters 54
2021-06-05 16:50:33,018 - utils.logger - INFO - End of training epoch 9 / 50 	 Time Taken: 1 sec, Data loading: 0 sec
2021-06-05 16:50:33,018 - utils.logger - INFO - learning rate = 0.0000100
2021-06-05 16:50:33,378 - utils.logger - INFO - Trn result of epoch 9 / 50 mse 0.0388 rmse 0.1969 pcc 0.3677 ccc 0.1639
2021-06-05 16:50:33,503 - utils.logger - INFO - Val result of epoch 9 / 50 mse 0.0331 rmse 0.1821 pcc 0.3636 ccc 0.2066
2021-06-05 16:50:33,885 - utils.logger - INFO - Cur epoch 10 loss MSE:0.0142
2021-06-05 16:50:34,274 - utils.logger - INFO - Cur epoch 10 loss MSE:0.2754
2021-06-05 16:50:34,607 - utils.logger - INFO - Cur epoch 10 loss MSE:17.1677
2021-06-05 16:50:34,607 - utils.logger - INFO - saving the model at the end of epoch 10, iters 60
2021-06-05 16:50:34,875 - utils.logger - INFO - End of training epoch 10 / 50 	 Time Taken: 1 sec, Data loading: 0 sec
2021-06-05 16:50:34,875 - utils.logger - INFO - learning rate = 0.0000100
2021-06-05 16:50:35,240 - utils.logger - INFO - Trn result of epoch 10 / 50 mse 0.0368 rmse 0.1919 pcc 0.4083 ccc 0.2533
2021-06-05 16:50:35,367 - utils.logger - INFO - Val result of epoch 10 / 50 mse 0.0324 rmse 0.1801 pcc 0.3867 ccc 0.2914
2021-06-05 16:50:35,750 - utils.logger - INFO - Cur epoch 11 loss MSE:0.0328
2021-06-05 16:50:36,142 - utils.logger - INFO - Cur epoch 11 loss MSE:0.3926
2021-06-05 16:50:36,481 - utils.logger - INFO - Cur epoch 11 loss MSE:0.1308
2021-06-05 16:50:36,481 - utils.logger - INFO - saving the model at the end of epoch 11, iters 66
2021-06-05 16:50:36,750 - utils.logger - INFO - End of training epoch 11 / 50 	 Time Taken: 1 sec, Data loading: 0 sec
2021-06-05 16:50:36,750 - utils.logger - INFO - learning rate = 0.0000100
2021-06-05 16:50:37,111 - utils.logger - INFO - Trn result of epoch 11 / 50 mse 0.0371 rmse 0.1926 pcc 0.4174 ccc 0.2429
2021-06-05 16:50:37,236 - utils.logger - INFO - Val result of epoch 11 / 50 mse 0.0323 rmse 0.1797 pcc 0.3899 ccc 0.2850
2021-06-05 16:50:37,622 - utils.logger - INFO - Cur epoch 12 loss MSE:0.2835
2021-06-05 16:50:38,015 - utils.logger - INFO - Cur epoch 12 loss MSE:0.2072
2021-06-05 16:50:38,338 - utils.logger - INFO - Cur epoch 12 loss MSE:2.9669
2021-06-05 16:50:38,338 - utils.logger - INFO - saving the model at the end of epoch 12, iters 72
2021-06-05 16:50:38,614 - utils.logger - INFO - End of training epoch 12 / 50 	 Time Taken: 1 sec, Data loading: 0 sec
2021-06-05 16:50:38,614 - utils.logger - INFO - learning rate = 0.0000100
2021-06-05 16:50:38,975 - utils.logger - INFO - Trn result of epoch 12 / 50 mse 0.0366 rmse 0.1913 pcc 0.4422 ccc 0.2439
2021-06-05 16:50:39,098 - utils.logger - INFO - Val result of epoch 12 / 50 mse 0.0323 rmse 0.1796 pcc 0.3886 ccc 0.2736
2021-06-05 16:50:39,470 - utils.logger - INFO - Cur epoch 13 loss MSE:0.2756
2021-06-05 16:50:39,850 - utils.logger - INFO - Cur epoch 13 loss MSE:0.1271
2021-06-05 16:50:40,182 - utils.logger - INFO - Cur epoch 13 loss MSE:1.0957
2021-06-05 16:50:40,182 - utils.logger - INFO - saving the model at the end of epoch 13, iters 78
2021-06-05 16:50:40,446 - utils.logger - INFO - End of training epoch 13 / 50 	 Time Taken: 1 sec, Data loading: 0 sec
2021-06-05 16:50:40,446 - utils.logger - INFO - learning rate = 0.0000100
2021-06-05 16:50:40,814 - utils.logger - INFO - Trn result of epoch 13 / 50 mse 0.0515 rmse 0.2269 pcc 0.3099 ccc 0.2304
2021-06-05 16:50:40,942 - utils.logger - INFO - Val result of epoch 13 / 50 mse 0.0396 rmse 0.1991 pcc 0.3889 ccc 0.3224
2021-06-05 16:50:41,322 - utils.logger - INFO - Cur epoch 14 loss MSE:0.2861
2021-06-05 16:50:41,712 - utils.logger - INFO - Cur epoch 14 loss MSE:0.1702
2021-06-05 16:50:42,022 - utils.logger - INFO - Cur epoch 14 loss MSE:13.0219
2021-06-05 16:50:42,022 - utils.logger - INFO - saving the model at the end of epoch 14, iters 84
2021-06-05 16:50:42,285 - utils.logger - INFO - End of training epoch 14 / 50 	 Time Taken: 1 sec, Data loading: 0 sec
2021-06-05 16:50:42,286 - utils.logger - INFO - learning rate = 0.0000100
2021-06-05 16:50:42,647 - utils.logger - INFO - Trn result of epoch 14 / 50 mse 0.0363 rmse 0.1906 pcc 0.4437 ccc 0.3510
2021-06-05 16:50:42,772 - utils.logger - INFO - Val result of epoch 14 / 50 mse 0.0367 rmse 0.1916 pcc 0.3445 ccc 0.3096
2021-06-05 16:50:43,144 - utils.logger - INFO - Cur epoch 15 loss MSE:0.1490
2021-06-05 16:50:43,525 - utils.logger - INFO - Cur epoch 15 loss MSE:0.0568
2021-06-05 16:50:43,842 - utils.logger - INFO - Cur epoch 15 loss MSE:0.4576
2021-06-05 16:50:43,842 - utils.logger - INFO - saving the model at the end of epoch 15, iters 90
2021-06-05 16:50:44,107 - utils.logger - INFO - End of training epoch 15 / 50 	 Time Taken: 1 sec, Data loading: 0 sec
2021-06-05 16:50:44,107 - utils.logger - INFO - learning rate = 0.0000100
2021-06-05 16:50:44,467 - utils.logger - INFO - Trn result of epoch 15 / 50 mse 0.0353 rmse 0.1878 pcc 0.4944 ccc 0.3269
2021-06-05 16:50:44,594 - utils.logger - INFO - Val result of epoch 15 / 50 mse 0.0342 rmse 0.1849 pcc 0.3730 ccc 0.2943
2021-06-05 16:50:44,987 - utils.logger - INFO - Cur epoch 16 loss MSE:0.3064
2021-06-05 16:50:45,353 - utils.logger - INFO - Cur epoch 16 loss MSE:0.0113
2021-06-05 16:50:45,658 - utils.logger - INFO - Cur epoch 16 loss MSE:1.9513
2021-06-05 16:50:45,658 - utils.logger - INFO - saving the model at the end of epoch 16, iters 96
2021-06-05 16:50:45,917 - utils.logger - INFO - End of training epoch 16 / 50 	 Time Taken: 1 sec, Data loading: 0 sec
2021-06-05 16:50:45,917 - utils.logger - INFO - learning rate = 0.0000100
2021-06-05 16:50:46,276 - utils.logger - INFO - Trn result of epoch 16 / 50 mse 0.0348 rmse 0.1867 pcc 0.4793 ccc 0.3150
2021-06-05 16:50:46,400 - utils.logger - INFO - Val result of epoch 16 / 50 mse 0.0327 rmse 0.1809 pcc 0.3967 ccc 0.3162
2021-06-05 16:50:46,767 - utils.logger - INFO - Cur epoch 17 loss MSE:0.2805
2021-06-05 16:50:47,133 - utils.logger - INFO - Cur epoch 17 loss MSE:0.1648
2021-06-05 16:50:47,453 - utils.logger - INFO - Cur epoch 17 loss MSE:3.7300
2021-06-05 16:50:47,453 - utils.logger - INFO - saving the model at the end of epoch 17, iters 102
2021-06-05 16:50:47,745 - utils.logger - INFO - End of training epoch 17 / 50 	 Time Taken: 1 sec, Data loading: 0 sec
2021-06-05 16:50:47,745 - utils.logger - INFO - learning rate = 0.0000100
2021-06-05 16:50:48,109 - utils.logger - INFO - Trn result of epoch 17 / 50 mse 0.0349 rmse 0.1869 pcc 0.4629 ccc 0.3008
2021-06-05 16:50:48,234 - utils.logger - INFO - Val result of epoch 17 / 50 mse 0.0331 rmse 0.1819 pcc 0.3881 ccc 0.3187
2021-06-05 16:50:48,622 - utils.logger - INFO - Cur epoch 18 loss MSE:0.0392
2021-06-05 16:50:49,015 - utils.logger - INFO - Cur epoch 18 loss MSE:0.2718
2021-06-05 16:50:49,331 - utils.logger - INFO - Cur epoch 18 loss MSE:0.2596
2021-06-05 16:50:49,332 - utils.logger - INFO - saving the model at the end of epoch 18, iters 108
2021-06-05 16:50:49,604 - utils.logger - INFO - End of training epoch 18 / 50 	 Time Taken: 1 sec, Data loading: 0 sec
2021-06-05 16:50:49,604 - utils.logger - INFO - learning rate = 0.0000100
2021-06-05 16:50:49,967 - utils.logger - INFO - Trn result of epoch 18 / 50 mse 0.0345 rmse 0.1858 pcc 0.4829 ccc 0.3255
2021-06-05 16:50:50,090 - utils.logger - INFO - Val result of epoch 18 / 50 mse 0.0348 rmse 0.1865 pcc 0.3561 ccc 0.2927
2021-06-05 16:50:50,461 - utils.logger - INFO - Cur epoch 19 loss MSE:0.0234
2021-06-05 16:50:50,841 - utils.logger - INFO - Cur epoch 19 loss MSE:0.0112
2021-06-05 16:50:51,167 - utils.logger - INFO - Cur epoch 19 loss MSE:0.2622
2021-06-05 16:50:51,167 - utils.logger - INFO - saving the model at the end of epoch 19, iters 114
2021-06-05 16:50:51,445 - utils.logger - INFO - End of training epoch 19 / 50 	 Time Taken: 1 sec, Data loading: 0 sec
2021-06-05 16:50:51,445 - utils.logger - INFO - learning rate = 0.0000100
2021-06-05 16:50:51,804 - utils.logger - INFO - Trn result of epoch 19 / 50 mse 0.0434 rmse 0.2083 pcc 0.4306 ccc 0.3502
2021-06-05 16:50:51,929 - utils.logger - INFO - Val result of epoch 19 / 50 mse 0.0504 rmse 0.2245 pcc 0.2715 ccc 0.2502
2021-06-05 16:50:52,308 - utils.logger - INFO - Cur epoch 20 loss MSE:0.2099
2021-06-05 16:50:52,680 - utils.logger - INFO - Cur epoch 20 loss MSE:0.0257
2021-06-05 16:50:52,992 - utils.logger - INFO - Cur epoch 20 loss MSE:1.7969
2021-06-05 16:50:52,992 - utils.logger - INFO - saving the model at the end of epoch 20, iters 120
2021-06-05 16:50:53,262 - utils.logger - INFO - End of training epoch 20 / 50 	 Time Taken: 1 sec, Data loading: 0 sec
2021-06-05 16:50:53,262 - utils.logger - INFO - learning rate = 0.0000097
2021-06-05 16:50:53,624 - utils.logger - INFO - Trn result of epoch 20 / 50 mse 0.0331 rmse 0.1819 pcc 0.5113 ccc 0.3519
2021-06-05 16:50:53,749 - utils.logger - INFO - Val result of epoch 20 / 50 mse 0.0335 rmse 0.1830 pcc 0.3813 ccc 0.3196
2021-06-05 16:50:54,121 - utils.logger - INFO - Cur epoch 21 loss MSE:0.0361
2021-06-05 16:50:54,520 - utils.logger - INFO - Cur epoch 21 loss MSE:0.1468
2021-06-05 16:50:54,849 - utils.logger - INFO - Cur epoch 21 loss MSE:0.2992
2021-06-05 16:50:54,850 - utils.logger - INFO - saving the model at the end of epoch 21, iters 126
2021-06-05 16:50:55,118 - utils.logger - INFO - End of training epoch 21 / 50 	 Time Taken: 1 sec, Data loading: 0 sec
2021-06-05 16:50:55,119 - utils.logger - INFO - learning rate = 0.0000094
2021-06-05 16:50:55,486 - utils.logger - INFO - Trn result of epoch 21 / 50 mse 0.0389 rmse 0.1972 pcc 0.4239 ccc 0.2955
2021-06-05 16:50:55,613 - utils.logger - INFO - Val result of epoch 21 / 50 mse 0.0400 rmse 0.2000 pcc 0.3385 ccc 0.2819
2021-06-05 16:50:56,003 - utils.logger - INFO - Cur epoch 22 loss MSE:0.0334
2021-06-05 16:50:56,397 - utils.logger - INFO - Cur epoch 22 loss MSE:0.3049
2021-06-05 16:50:56,722 - utils.logger - INFO - Cur epoch 22 loss MSE:0.6019
2021-06-05 16:50:56,722 - utils.logger - INFO - saving the model at the end of epoch 22, iters 132
2021-06-05 16:50:56,988 - utils.logger - INFO - End of training epoch 22 / 50 	 Time Taken: 1 sec, Data loading: 0 sec
2021-06-05 16:50:56,989 - utils.logger - INFO - learning rate = 0.0000090
2021-06-05 16:50:57,348 - utils.logger - INFO - Trn result of epoch 22 / 50 mse 0.0503 rmse 0.2242 pcc 0.3742 ccc 0.2682
2021-06-05 16:50:57,473 - utils.logger - INFO - Val result of epoch 22 / 50 mse 0.0445 rmse 0.2110 pcc 0.3352 ccc 0.2648
2021-06-05 16:50:57,872 - utils.logger - INFO - Cur epoch 23 loss MSE:0.0775
2021-06-05 16:50:58,269 - utils.logger - INFO - Cur epoch 23 loss MSE:0.0287
2021-06-05 16:50:58,606 - utils.logger - INFO - Cur epoch 23 loss MSE:0.1225
2021-06-05 16:50:58,606 - utils.logger - INFO - saving the model at the end of epoch 23, iters 138
2021-06-05 16:50:58,875 - utils.logger - INFO - End of training epoch 23 / 50 	 Time Taken: 1 sec, Data loading: 0 sec
2021-06-05 16:50:58,875 - utils.logger - INFO - learning rate = 0.0000087
2021-06-05 16:50:59,239 - utils.logger - INFO - Trn result of epoch 23 / 50 mse 0.0363 rmse 0.1904 pcc 0.5316 ccc 0.3809
2021-06-05 16:50:59,368 - utils.logger - INFO - Val result of epoch 23 / 50 mse 0.0421 rmse 0.2051 pcc 0.3308 ccc 0.2824
2021-06-05 16:50:59,759 - utils.logger - INFO - Cur epoch 24 loss MSE:0.0674
2021-06-05 16:51:00,157 - utils.logger - INFO - Cur epoch 24 loss MSE:0.3435
2021-06-05 16:51:00,476 - utils.logger - INFO - Cur epoch 24 loss MSE:0.7016
2021-06-05 16:51:00,477 - utils.logger - INFO - saving the model at the end of epoch 24, iters 144
2021-06-05 16:51:00,755 - utils.logger - INFO - End of training epoch 24 / 50 	 Time Taken: 1 sec, Data loading: 0 sec
2021-06-05 16:51:00,756 - utils.logger - INFO - learning rate = 0.0000084
2021-06-05 16:51:01,121 - utils.logger - INFO - Trn result of epoch 24 / 50 mse 0.0302 rmse 0.1739 pcc 0.5640 ccc 0.4557
2021-06-05 16:51:01,246 - utils.logger - INFO - Val result of epoch 24 / 50 mse 0.0366 rmse 0.1914 pcc 0.3606 ccc 0.3310
2021-06-05 16:51:01,633 - utils.logger - INFO - Cur epoch 25 loss MSE:0.0051
2021-06-05 16:51:02,027 - utils.logger - INFO - Cur epoch 25 loss MSE:0.1448
2021-06-05 16:51:02,354 - utils.logger - INFO - Cur epoch 25 loss MSE:1.2732
2021-06-05 16:51:02,354 - utils.logger - INFO - saving the model at the end of epoch 25, iters 150
2021-06-05 16:51:02,622 - utils.logger - INFO - End of training epoch 25 / 50 	 Time Taken: 1 sec, Data loading: 0 sec
2021-06-05 16:51:02,622 - utils.logger - INFO - learning rate = 0.0000081
2021-06-05 16:51:02,983 - utils.logger - INFO - Trn result of epoch 25 / 50 mse 0.0343 rmse 0.1852 pcc 0.4907 ccc 0.3410
2021-06-05 16:51:03,107 - utils.logger - INFO - Val result of epoch 25 / 50 mse 0.0370 rmse 0.1925 pcc 0.3242 ccc 0.2649
2021-06-05 16:51:03,506 - utils.logger - INFO - Cur epoch 26 loss MSE:0.0597
2021-06-05 16:51:03,897 - utils.logger - INFO - Cur epoch 26 loss MSE:0.2530
2021-06-05 16:51:04,228 - utils.logger - INFO - Cur epoch 26 loss MSE:0.0351
2021-06-05 16:51:04,228 - utils.logger - INFO - saving the model at the end of epoch 26, iters 156
2021-06-05 16:51:04,495 - utils.logger - INFO - End of training epoch 26 / 50 	 Time Taken: 1 sec, Data loading: 0 sec
2021-06-05 16:51:04,496 - utils.logger - INFO - learning rate = 0.0000077
2021-06-05 16:51:04,860 - utils.logger - INFO - Trn result of epoch 26 / 50 mse 0.0333 rmse 0.1825 pcc 0.5220 ccc 0.3671
2021-06-05 16:51:04,984 - utils.logger - INFO - Val result of epoch 26 / 50 mse 0.0407 rmse 0.2018 pcc 0.2350 ccc 0.1770
2021-06-05 16:51:05,375 - utils.logger - INFO - Cur epoch 27 loss MSE:0.1652
2021-06-05 16:51:05,770 - utils.logger - INFO - Cur epoch 27 loss MSE:0.0035
2021-06-05 16:51:06,107 - utils.logger - INFO - Cur epoch 27 loss MSE:0.1213
2021-06-05 16:51:06,107 - utils.logger - INFO - saving the model at the end of epoch 27, iters 162
2021-06-05 16:51:06,370 - utils.logger - INFO - End of training epoch 27 / 50 	 Time Taken: 1 sec, Data loading: 0 sec
2021-06-05 16:51:06,371 - utils.logger - INFO - learning rate = 0.0000074
2021-06-05 16:51:06,731 - utils.logger - INFO - Trn result of epoch 27 / 50 mse 0.0298 rmse 0.1727 pcc 0.5812 ccc 0.4371
2021-06-05 16:51:06,855 - utils.logger - INFO - Val result of epoch 27 / 50 mse 0.0354 rmse 0.1881 pcc 0.3735 ccc 0.3387
2021-06-05 16:51:07,238 - utils.logger - INFO - Cur epoch 28 loss MSE:1.8007
2021-06-05 16:51:07,639 - utils.logger - INFO - Cur epoch 28 loss MSE:0.1399
2021-06-05 16:51:07,962 - utils.logger - INFO - Cur epoch 28 loss MSE:0.8220
2021-06-05 16:51:07,962 - utils.logger - INFO - saving the model at the end of epoch 28, iters 168
2021-06-05 16:51:08,256 - utils.logger - INFO - End of training epoch 28 / 50 	 Time Taken: 1 sec, Data loading: 0 sec
2021-06-05 16:51:08,256 - utils.logger - INFO - learning rate = 0.0000071
2021-06-05 16:51:08,622 - utils.logger - INFO - Trn result of epoch 28 / 50 mse 0.0326 rmse 0.1806 pcc 0.5705 ccc 0.4026
2021-06-05 16:51:08,746 - utils.logger - INFO - Val result of epoch 28 / 50 mse 0.0360 rmse 0.1898 pcc 0.3757 ccc 0.3276
2021-06-05 16:51:09,136 - utils.logger - INFO - Cur epoch 29 loss MSE:0.0096
2021-06-05 16:51:09,530 - utils.logger - INFO - Cur epoch 29 loss MSE:0.1226
2021-06-05 16:51:09,868 - utils.logger - INFO - Cur epoch 29 loss MSE:0.6646
2021-06-05 16:51:09,868 - utils.logger - INFO - saving the model at the end of epoch 29, iters 174
2021-06-05 16:51:10,155 - utils.logger - INFO - End of training epoch 29 / 50 	 Time Taken: 1 sec, Data loading: 0 sec
2021-06-05 16:51:10,155 - utils.logger - INFO - learning rate = 0.0000068
2021-06-05 16:51:10,511 - utils.logger - INFO - Trn result of epoch 29 / 50 mse 0.0301 rmse 0.1735 pcc 0.5719 ccc 0.4582
2021-06-05 16:51:10,636 - utils.logger - INFO - Val result of epoch 29 / 50 mse 0.0355 rmse 0.1883 pcc 0.4132 ccc 0.3867
2021-06-05 16:51:11,026 - utils.logger - INFO - Cur epoch 30 loss MSE:0.0612
2021-06-05 16:51:11,404 - utils.logger - INFO - Cur epoch 30 loss MSE:0.0996
2021-06-05 16:51:11,702 - utils.logger - INFO - Cur epoch 30 loss MSE:0.1613
2021-06-05 16:51:11,703 - utils.logger - INFO - saving the model at the end of epoch 30, iters 180
2021-06-05 16:51:11,980 - utils.logger - INFO - End of training epoch 30 / 50 	 Time Taken: 1 sec, Data loading: 0 sec
2021-06-05 16:51:11,980 - utils.logger - INFO - learning rate = 0.0000065
2021-06-05 16:51:12,342 - utils.logger - INFO - Trn result of epoch 30 / 50 mse 0.0287 rmse 0.1695 pcc 0.5937 ccc 0.4832
2021-06-05 16:51:12,466 - utils.logger - INFO - Val result of epoch 30 / 50 mse 0.0335 rmse 0.1831 pcc 0.4336 ccc 0.4058
2021-06-05 16:51:12,834 - utils.logger - INFO - Cur epoch 31 loss MSE:0.0558
2021-06-05 16:51:13,223 - utils.logger - INFO - Cur epoch 31 loss MSE:0.0393
2021-06-05 16:51:13,517 - utils.logger - INFO - Cur epoch 31 loss MSE:1.0102
2021-06-05 16:51:13,518 - utils.logger - INFO - saving the model at the end of epoch 31, iters 186
2021-06-05 16:51:13,800 - utils.logger - INFO - End of training epoch 31 / 50 	 Time Taken: 1 sec, Data loading: 0 sec
2021-06-05 16:51:13,800 - utils.logger - INFO - learning rate = 0.0000061
2021-06-05 16:51:14,160 - utils.logger - INFO - Trn result of epoch 31 / 50 mse 0.0332 rmse 0.1821 pcc 0.5550 ccc 0.4593
2021-06-05 16:51:14,284 - utils.logger - INFO - Val result of epoch 31 / 50 mse 0.0385 rmse 0.1962 pcc 0.4072 ccc 0.3709
2021-06-05 16:51:14,668 - utils.logger - INFO - Cur epoch 32 loss MSE:0.1972
2021-06-05 16:51:15,030 - utils.logger - INFO - Cur epoch 32 loss MSE:3.1244
2021-06-05 16:51:15,350 - utils.logger - INFO - Cur epoch 32 loss MSE:2.8024
2021-06-05 16:51:15,350 - utils.logger - INFO - saving the model at the end of epoch 32, iters 192
2021-06-05 16:51:15,803 - utils.logger - INFO - End of training epoch 32 / 50 	 Time Taken: 1 sec, Data loading: 0 sec
2021-06-05 16:51:15,803 - utils.logger - INFO - learning rate = 0.0000058
2021-06-05 16:51:16,163 - utils.logger - INFO - Trn result of epoch 32 / 50 mse 0.0310 rmse 0.1761 pcc 0.5479 ccc 0.4315
2021-06-05 16:51:16,287 - utils.logger - INFO - Val result of epoch 32 / 50 mse 0.0348 rmse 0.1866 pcc 0.4197 ccc 0.3981
2021-06-05 16:51:16,689 - utils.logger - INFO - Cur epoch 33 loss MSE:0.0348
2021-06-05 16:51:17,084 - utils.logger - INFO - Cur epoch 33 loss MSE:0.0700
2021-06-05 16:51:17,395 - utils.logger - INFO - Cur epoch 33 loss MSE:0.1813
2021-06-05 16:51:17,395 - utils.logger - INFO - saving the model at the end of epoch 33, iters 198
2021-06-05 16:51:17,672 - utils.logger - INFO - End of training epoch 33 / 50 	 Time Taken: 1 sec, Data loading: 0 sec
2021-06-05 16:51:17,672 - utils.logger - INFO - learning rate = 0.0000055
2021-06-05 16:51:18,038 - utils.logger - INFO - Trn result of epoch 33 / 50 mse 0.0293 rmse 0.1713 pcc 0.6028 ccc 0.4473
2021-06-05 16:51:18,165 - utils.logger - INFO - Val result of epoch 33 / 50 mse 0.0359 rmse 0.1894 pcc 0.3575 ccc 0.3145
2021-06-05 16:51:18,543 - utils.logger - INFO - Cur epoch 34 loss MSE:0.2558
2021-06-05 16:51:18,933 - utils.logger - INFO - Cur epoch 34 loss MSE:0.0389
2021-06-05 16:51:19,264 - utils.logger - INFO - Cur epoch 34 loss MSE:0.1499
2021-06-05 16:51:19,265 - utils.logger - INFO - saving the model at the end of epoch 34, iters 204
2021-06-05 16:51:19,528 - utils.logger - INFO - End of training epoch 34 / 50 	 Time Taken: 1 sec, Data loading: 0 sec
2021-06-05 16:51:19,529 - utils.logger - INFO - learning rate = 0.0000052
2021-06-05 16:51:19,896 - utils.logger - INFO - Trn result of epoch 34 / 50 mse 0.0318 rmse 0.1784 pcc 0.5678 ccc 0.4513
2021-06-05 16:51:20,023 - utils.logger - INFO - Val result of epoch 34 / 50 mse 0.0378 rmse 0.1944 pcc 0.4231 ccc 0.4012
2021-06-05 16:51:20,395 - utils.logger - INFO - Cur epoch 35 loss MSE:0.2462
2021-06-05 16:51:20,767 - utils.logger - INFO - Cur epoch 35 loss MSE:0.2576
2021-06-05 16:51:21,073 - utils.logger - INFO - Cur epoch 35 loss MSE:0.8291
2021-06-05 16:51:21,073 - utils.logger - INFO - saving the model at the end of epoch 35, iters 210
2021-06-05 16:51:21,345 - utils.logger - INFO - End of training epoch 35 / 50 	 Time Taken: 1 sec, Data loading: 0 sec
2021-06-05 16:51:21,345 - utils.logger - INFO - learning rate = 0.0000048
2021-06-05 16:51:21,707 - utils.logger - INFO - Trn result of epoch 35 / 50 mse 0.0366 rmse 0.1914 pcc 0.5347 ccc 0.4635
2021-06-05 16:51:21,831 - utils.logger - INFO - Val result of epoch 35 / 50 mse 0.0439 rmse 0.2096 pcc 0.3637 ccc 0.3419
2021-06-05 16:51:22,223 - utils.logger - INFO - Cur epoch 36 loss MSE:0.0063
2021-06-05 16:51:22,619 - utils.logger - INFO - Cur epoch 36 loss MSE:0.0414
2021-06-05 16:51:22,938 - utils.logger - INFO - Cur epoch 36 loss MSE:0.0017
2021-06-05 16:51:22,938 - utils.logger - INFO - saving the model at the end of epoch 36, iters 216
2021-06-05 16:51:23,198 - utils.logger - INFO - End of training epoch 36 / 50 	 Time Taken: 1 sec, Data loading: 0 sec
2021-06-05 16:51:23,199 - utils.logger - INFO - learning rate = 0.0000045
2021-06-05 16:51:23,560 - utils.logger - INFO - Trn result of epoch 36 / 50 mse 0.0277 rmse 0.1663 pcc 0.6199 ccc 0.5121
2021-06-05 16:51:23,685 - utils.logger - INFO - Val result of epoch 36 / 50 mse 0.0374 rmse 0.1935 pcc 0.4025 ccc 0.3893
2021-06-05 16:51:24,091 - utils.logger - INFO - Cur epoch 37 loss MSE:0.0299
2021-06-05 16:51:24,487 - utils.logger - INFO - Cur epoch 37 loss MSE:0.1315
2021-06-05 16:51:24,811 - utils.logger - INFO - Cur epoch 37 loss MSE:0.3078
2021-06-05 16:51:24,811 - utils.logger - INFO - saving the model at the end of epoch 37, iters 222
2021-06-05 16:51:25,068 - utils.logger - INFO - End of training epoch 37 / 50 	 Time Taken: 1 sec, Data loading: 0 sec
2021-06-05 16:51:25,068 - utils.logger - INFO - learning rate = 0.0000042
2021-06-05 16:51:25,431 - utils.logger - INFO - Trn result of epoch 37 / 50 mse 0.0295 rmse 0.1718 pcc 0.5955 ccc 0.4916
2021-06-05 16:51:25,556 - utils.logger - INFO - Val result of epoch 37 / 50 mse 0.0360 rmse 0.1898 pcc 0.4193 ccc 0.4016
2021-06-05 16:51:25,950 - utils.logger - INFO - Cur epoch 38 loss MSE:0.0385
2021-06-05 16:51:26,339 - utils.logger - INFO - Cur epoch 38 loss MSE:0.0087
2021-06-05 16:51:26,681 - utils.logger - INFO - Cur epoch 38 loss MSE:0.4771
2021-06-05 16:51:26,681 - utils.logger - INFO - saving the model at the end of epoch 38, iters 228
2021-06-05 16:51:26,939 - utils.logger - INFO - End of training epoch 38 / 50 	 Time Taken: 1 sec, Data loading: 0 sec
2021-06-05 16:51:26,940 - utils.logger - INFO - learning rate = 0.0000039
2021-06-05 16:51:27,304 - utils.logger - INFO - Trn result of epoch 38 / 50 mse 0.0288 rmse 0.1696 pcc 0.5875 ccc 0.5096
2021-06-05 16:51:27,429 - utils.logger - INFO - Val result of epoch 38 / 50 mse 0.0399 rmse 0.1998 pcc 0.3915 ccc 0.3858
2021-06-05 16:51:27,797 - utils.logger - INFO - Cur epoch 39 loss MSE:0.0278
2021-06-05 16:51:28,170 - utils.logger - INFO - Cur epoch 39 loss MSE:0.0441
2021-06-05 16:51:28,489 - utils.logger - INFO - Cur epoch 39 loss MSE:4.0808
2021-06-05 16:51:28,489 - utils.logger - INFO - saving the model at the end of epoch 39, iters 234
2021-06-05 16:51:28,737 - utils.logger - INFO - End of training epoch 39 / 50 	 Time Taken: 1 sec, Data loading: 0 sec
2021-06-05 16:51:28,737 - utils.logger - INFO - learning rate = 0.0000035
2021-06-05 16:51:29,105 - utils.logger - INFO - Trn result of epoch 39 / 50 mse 0.0267 rmse 0.1633 pcc 0.6297 ccc 0.5570
2021-06-05 16:51:29,230 - utils.logger - INFO - Val result of epoch 39 / 50 mse 0.0408 rmse 0.2019 pcc 0.3870 ccc 0.3807
2021-06-05 16:51:29,605 - utils.logger - INFO - Cur epoch 40 loss MSE:0.1835
2021-06-05 16:51:30,004 - utils.logger - INFO - Cur epoch 40 loss MSE:0.0484
2021-06-05 16:51:30,314 - utils.logger - INFO - Cur epoch 40 loss MSE:10.6718
2021-06-05 16:51:30,314 - utils.logger - INFO - saving the model at the end of epoch 40, iters 240
2021-06-05 16:51:31,062 - utils.logger - INFO - End of training epoch 40 / 50 	 Time Taken: 1 sec, Data loading: 0 sec
2021-06-05 16:51:31,062 - utils.logger - INFO - learning rate = 0.0000032
2021-06-05 16:51:31,433 - utils.logger - INFO - Trn result of epoch 40 / 50 mse 0.0299 rmse 0.1729 pcc 0.5944 ccc 0.4861
2021-06-05 16:51:31,564 - utils.logger - INFO - Val result of epoch 40 / 50 mse 0.0382 rmse 0.1954 pcc 0.4004 ccc 0.3770
2021-06-05 16:51:31,957 - utils.logger - INFO - Cur epoch 41 loss MSE:0.0485
2021-06-05 16:51:32,329 - utils.logger - INFO - Cur epoch 41 loss MSE:0.3219
2021-06-05 16:51:32,659 - utils.logger - INFO - Cur epoch 41 loss MSE:0.0608
2021-06-05 16:51:32,659 - utils.logger - INFO - saving the model at the end of epoch 41, iters 246
2021-06-05 16:51:32,921 - utils.logger - INFO - End of training epoch 41 / 50 	 Time Taken: 1 sec, Data loading: 0 sec
2021-06-05 16:51:32,921 - utils.logger - INFO - learning rate = 0.0000029
2021-06-05 16:51:33,288 - utils.logger - INFO - Trn result of epoch 41 / 50 mse 0.0286 rmse 0.1692 pcc 0.5986 ccc 0.4832
2021-06-05 16:51:33,412 - utils.logger - INFO - Val result of epoch 41 / 50 mse 0.0361 rmse 0.1900 pcc 0.4162 ccc 0.4009
2021-06-05 16:51:33,789 - utils.logger - INFO - Cur epoch 42 loss MSE:0.0515
2021-06-05 16:51:34,175 - utils.logger - INFO - Cur epoch 42 loss MSE:0.0488
2021-06-05 16:51:34,482 - utils.logger - INFO - Cur epoch 42 loss MSE:1.5979
2021-06-05 16:51:34,482 - utils.logger - INFO - saving the model at the end of epoch 42, iters 252
2021-06-05 16:51:34,759 - utils.logger - INFO - End of training epoch 42 / 50 	 Time Taken: 1 sec, Data loading: 0 sec
2021-06-05 16:51:34,759 - utils.logger - INFO - learning rate = 0.0000026
2021-06-05 16:51:35,127 - utils.logger - INFO - Trn result of epoch 42 / 50 mse 0.0276 rmse 0.1662 pcc 0.6132 ccc 0.5211
2021-06-05 16:51:35,253 - utils.logger - INFO - Val result of epoch 42 / 50 mse 0.0377 rmse 0.1941 pcc 0.4087 ccc 0.3981
2021-06-05 16:51:35,627 - utils.logger - INFO - Cur epoch 43 loss MSE:0.1762
2021-06-05 16:51:36,009 - utils.logger - INFO - Cur epoch 43 loss MSE:0.0602
2021-06-05 16:51:36,309 - utils.logger - INFO - Cur epoch 43 loss MSE:2.6559
2021-06-05 16:51:36,309 - utils.logger - INFO - saving the model at the end of epoch 43, iters 258
2021-06-05 16:51:36,562 - utils.logger - INFO - End of training epoch 43 / 50 	 Time Taken: 1 sec, Data loading: 0 sec
2021-06-05 16:51:36,563 - utils.logger - INFO - learning rate = 0.0000023
2021-06-05 16:51:36,924 - utils.logger - INFO - Trn result of epoch 43 / 50 mse 0.0275 rmse 0.1659 pcc 0.6120 ccc 0.5321
2021-06-05 16:51:37,050 - utils.logger - INFO - Val result of epoch 43 / 50 mse 0.0373 rmse 0.1931 pcc 0.4214 ccc 0.4116
2021-06-05 16:51:37,434 - utils.logger - INFO - Cur epoch 44 loss MSE:2.8088
2021-06-05 16:51:37,843 - utils.logger - INFO - Cur epoch 44 loss MSE:0.0475
2021-06-05 16:51:38,170 - utils.logger - INFO - Cur epoch 44 loss MSE:0.3292
2021-06-05 16:51:38,170 - utils.logger - INFO - saving the model at the end of epoch 44, iters 264
2021-06-05 16:51:38,493 - utils.logger - INFO - End of training epoch 44 / 50 	 Time Taken: 1 sec, Data loading: 0 sec
2021-06-05 16:51:38,493 - utils.logger - INFO - learning rate = 0.0000019
2021-06-05 16:51:38,856 - utils.logger - INFO - Trn result of epoch 44 / 50 mse 0.0301 rmse 0.1736 pcc 0.5651 ccc 0.4767
2021-06-05 16:51:38,982 - utils.logger - INFO - Val result of epoch 44 / 50 mse 0.0381 rmse 0.1951 pcc 0.4214 ccc 0.4151
2021-06-05 16:51:39,370 - utils.logger - INFO - Cur epoch 45 loss MSE:0.0006
2021-06-05 16:51:39,774 - utils.logger - INFO - Cur epoch 45 loss MSE:0.1435
2021-06-05 16:51:40,127 - utils.logger - INFO - Cur epoch 45 loss MSE:0.5957
2021-06-05 16:51:40,127 - utils.logger - INFO - saving the model at the end of epoch 45, iters 270
2021-06-05 16:51:40,380 - utils.logger - INFO - End of training epoch 45 / 50 	 Time Taken: 1 sec, Data loading: 0 sec
2021-06-05 16:51:40,380 - utils.logger - INFO - learning rate = 0.0000016
2021-06-05 16:51:40,748 - utils.logger - INFO - Trn result of epoch 45 / 50 mse 0.0290 rmse 0.1702 pcc 0.5940 ccc 0.5173
2021-06-05 16:51:40,875 - utils.logger - INFO - Val result of epoch 45 / 50 mse 0.0426 rmse 0.2065 pcc 0.3796 ccc 0.3719
2021-06-05 16:51:41,259 - utils.logger - INFO - Cur epoch 46 loss MSE:0.4316
2021-06-05 16:51:41,665 - utils.logger - INFO - Cur epoch 46 loss MSE:0.0231
2021-06-05 16:51:41,992 - utils.logger - INFO - Cur epoch 46 loss MSE:5.3578
2021-06-05 16:51:41,992 - utils.logger - INFO - saving the model at the end of epoch 46, iters 276
2021-06-05 16:51:42,264 - utils.logger - INFO - End of training epoch 46 / 50 	 Time Taken: 1 sec, Data loading: 0 sec
2021-06-05 16:51:42,265 - utils.logger - INFO - learning rate = 0.0000013
2021-06-05 16:51:42,629 - utils.logger - INFO - Trn result of epoch 46 / 50 mse 0.0269 rmse 0.1640 pcc 0.6315 ccc 0.5308
2021-06-05 16:51:42,754 - utils.logger - INFO - Val result of epoch 46 / 50 mse 0.0370 rmse 0.1923 pcc 0.4167 ccc 0.4040
2021-06-05 16:51:43,142 - utils.logger - INFO - Cur epoch 47 loss MSE:0.0242
2021-06-05 16:51:43,523 - utils.logger - INFO - Cur epoch 47 loss MSE:0.2275
2021-06-05 16:51:43,841 - utils.logger - INFO - Cur epoch 47 loss MSE:5.3976
2021-06-05 16:51:43,841 - utils.logger - INFO - saving the model at the end of epoch 47, iters 282
2021-06-05 16:51:44,106 - utils.logger - INFO - End of training epoch 47 / 50 	 Time Taken: 1 sec, Data loading: 0 sec
2021-06-05 16:51:44,106 - utils.logger - INFO - learning rate = 0.0000010
2021-06-05 16:51:44,464 - utils.logger - INFO - Trn result of epoch 47 / 50 mse 0.0277 rmse 0.1665 pcc 0.6100 ccc 0.5151
2021-06-05 16:51:44,587 - utils.logger - INFO - Val result of epoch 47 / 50 mse 0.0364 rmse 0.1907 pcc 0.4263 ccc 0.4145
2021-06-05 16:51:44,971 - utils.logger - INFO - Cur epoch 48 loss MSE:0.2156
2021-06-05 16:51:45,362 - utils.logger - INFO - Cur epoch 48 loss MSE:0.1592
2021-06-05 16:51:45,692 - utils.logger - INFO - Cur epoch 48 loss MSE:2.3902
2021-06-05 16:51:45,693 - utils.logger - INFO - saving the model at the end of epoch 48, iters 288
2021-06-05 16:51:45,953 - utils.logger - INFO - End of training epoch 48 / 50 	 Time Taken: 1 sec, Data loading: 0 sec
2021-06-05 16:51:45,953 - utils.logger - INFO - learning rate = 0.0000006
2021-06-05 16:51:46,313 - utils.logger - INFO - Trn result of epoch 48 / 50 mse 0.0274 rmse 0.1656 pcc 0.6174 ccc 0.5206
2021-06-05 16:51:46,438 - utils.logger - INFO - Val result of epoch 48 / 50 mse 0.0362 rmse 0.1903 pcc 0.4301 ccc 0.4163
2021-06-05 16:51:46,821 - utils.logger - INFO - Cur epoch 49 loss MSE:0.1621
2021-06-05 16:51:47,208 - utils.logger - INFO - Cur epoch 49 loss MSE:0.0223
2021-06-05 16:51:47,536 - utils.logger - INFO - Cur epoch 49 loss MSE:0.7512
2021-06-05 16:51:47,536 - utils.logger - INFO - saving the model at the end of epoch 49, iters 294
2021-06-05 16:51:47,805 - utils.logger - INFO - End of training epoch 49 / 50 	 Time Taken: 1 sec, Data loading: 0 sec
2021-06-05 16:51:47,805 - utils.logger - INFO - learning rate = 0.0000003
2021-06-05 16:51:48,164 - utils.logger - INFO - Trn result of epoch 49 / 50 mse 0.0272 rmse 0.1650 pcc 0.6207 ccc 0.5307
2021-06-05 16:51:48,289 - utils.logger - INFO - Val result of epoch 49 / 50 mse 0.0365 rmse 0.1910 pcc 0.4302 ccc 0.4173
2021-06-05 16:51:48,688 - utils.logger - INFO - Cur epoch 50 loss MSE:0.1334
2021-06-05 16:51:49,080 - utils.logger - INFO - Cur epoch 50 loss MSE:0.0294
2021-06-05 16:51:49,397 - utils.logger - INFO - Cur epoch 50 loss MSE:0.0933
2021-06-05 16:51:49,397 - utils.logger - INFO - saving the model at the end of epoch 50, iters 300
2021-06-05 16:51:49,665 - utils.logger - INFO - End of training epoch 50 / 50 	 Time Taken: 1 sec, Data loading: 0 sec
2021-06-05 16:51:49,665 - utils.logger - INFO - learning rate = 0.0000000
2021-06-05 16:51:50,025 - utils.logger - INFO - Trn result of epoch 50 / 50 mse 0.0274 rmse 0.1656 pcc 0.6158 ccc 0.5359
2021-06-05 16:51:50,149 - utils.logger - INFO - Val result of epoch 50 / 50 mse 0.0362 rmse 0.1903 pcc 0.4351 ccc 0.4228
2021-06-05 16:51:50,149 - utils.logger - INFO - Best eval epoch 50 found with ccc 0.422763
2021-06-05 16:51:50,149 - utils.logger - INFO - baseline_fcfusion_norm_egemaps_valence_hidden1024_seq100_run2
