2021-06-05 08:43:58,790 - utils.logger - INFO - The number of training samples = 41
2021-06-05 08:44:22,912 - utils.logger - INFO - Cur epoch 1 loss MSE:0.0386
2021-06-05 08:44:23,559 - utils.logger - INFO - Cur epoch 1 loss MSE:0.0117
2021-06-05 08:44:24,190 - utils.logger - INFO - Cur epoch 1 loss MSE:2.9004
2021-06-05 08:44:24,190 - utils.logger - INFO - saving the model at the end of epoch 1, iters 6
2021-06-05 08:44:24,568 - utils.logger - INFO - End of training epoch 1 / 50 	 Time Taken: 2 sec, Data loading: 0 sec
2021-06-05 08:44:24,569 - utils.logger - INFO - learning rate = 0.0000200
2021-06-05 08:44:25,219 - utils.logger - INFO - Trn result of epoch 1 / 50 mse 0.0449 rmse 0.2119 pcc 0.2517 ccc 0.0034
2021-06-05 08:44:25,479 - utils.logger - INFO - Val result of epoch 1 / 50 mse 0.0378 rmse 0.1944 pcc 0.3357 ccc 0.0058
2021-06-05 08:44:26,206 - utils.logger - INFO - Cur epoch 2 loss MSE:0.0133
2021-06-05 08:44:26,931 - utils.logger - INFO - Cur epoch 2 loss MSE:0.3618
2021-06-05 08:44:27,518 - utils.logger - INFO - Cur epoch 2 loss MSE:2.7142
2021-06-05 08:44:27,518 - utils.logger - INFO - saving the model at the end of epoch 2, iters 12
2021-06-05 08:44:28,096 - utils.logger - INFO - End of training epoch 2 / 50 	 Time Taken: 2 sec, Data loading: 0 sec
2021-06-05 08:44:28,097 - utils.logger - INFO - learning rate = 0.0000200
2021-06-05 08:44:28,658 - utils.logger - INFO - Trn result of epoch 2 / 50 mse 0.0436 rmse 0.2089 pcc 0.2421 ccc 0.0143
2021-06-05 08:44:28,906 - utils.logger - INFO - Val result of epoch 2 / 50 mse 0.0371 rmse 0.1927 pcc 0.2966 ccc 0.0232
2021-06-05 08:44:29,585 - utils.logger - INFO - Cur epoch 3 loss MSE:0.4007
2021-06-05 08:44:30,262 - utils.logger - INFO - Cur epoch 3 loss MSE:0.2936
2021-06-05 08:44:30,859 - utils.logger - INFO - Cur epoch 3 loss MSE:0.9739
2021-06-05 08:44:30,860 - utils.logger - INFO - saving the model at the end of epoch 3, iters 18
2021-06-05 08:44:31,916 - utils.logger - INFO - End of training epoch 3 / 50 	 Time Taken: 3 sec, Data loading: 0 sec
2021-06-05 08:44:31,917 - utils.logger - INFO - learning rate = 0.0000200
2021-06-05 08:44:32,452 - utils.logger - INFO - Trn result of epoch 3 / 50 mse 0.0421 rmse 0.2053 pcc 0.2991 ccc 0.0668
2021-06-05 08:44:32,812 - utils.logger - INFO - Val result of epoch 3 / 50 mse 0.0380 rmse 0.1950 pcc 0.2829 ccc 0.0758
2021-06-05 08:44:33,514 - utils.logger - INFO - Cur epoch 4 loss MSE:0.0132
2021-06-05 08:44:34,352 - utils.logger - INFO - Cur epoch 4 loss MSE:0.4640
2021-06-05 08:44:34,906 - utils.logger - INFO - Cur epoch 4 loss MSE:1.3100
2021-06-05 08:44:34,907 - utils.logger - INFO - saving the model at the end of epoch 4, iters 24
2021-06-05 08:44:35,705 - utils.logger - INFO - End of training epoch 4 / 50 	 Time Taken: 2 sec, Data loading: 0 sec
2021-06-05 08:44:35,706 - utils.logger - INFO - learning rate = 0.0000200
2021-06-05 08:44:36,250 - utils.logger - INFO - Trn result of epoch 4 / 50 mse 0.0454 rmse 0.2132 pcc 0.3521 ccc 0.1429
2021-06-05 08:44:36,460 - utils.logger - INFO - Val result of epoch 4 / 50 mse 0.0435 rmse 0.2086 pcc 0.3282 ccc 0.1522
2021-06-05 08:44:37,107 - utils.logger - INFO - Cur epoch 5 loss MSE:0.5630
2021-06-05 08:44:37,810 - utils.logger - INFO - Cur epoch 5 loss MSE:0.0297
2021-06-05 08:44:38,478 - utils.logger - INFO - Cur epoch 5 loss MSE:0.3558
2021-06-05 08:44:38,479 - utils.logger - INFO - saving the model at the end of epoch 5, iters 30
2021-06-05 08:44:39,221 - utils.logger - INFO - End of training epoch 5 / 50 	 Time Taken: 2 sec, Data loading: 0 sec
2021-06-05 08:44:39,222 - utils.logger - INFO - learning rate = 0.0000200
2021-06-05 08:44:40,354 - utils.logger - INFO - Trn result of epoch 5 / 50 mse 0.0378 rmse 0.1945 pcc 0.4424 ccc 0.2553
2021-06-05 08:44:40,612 - utils.logger - INFO - Val result of epoch 5 / 50 mse 0.0353 rmse 0.1879 pcc 0.3962 ccc 0.2711
2021-06-05 08:44:41,296 - utils.logger - INFO - Cur epoch 6 loss MSE:0.1451
2021-06-05 08:44:41,861 - utils.logger - INFO - Cur epoch 6 loss MSE:0.0622
2021-06-05 08:44:42,490 - utils.logger - INFO - Cur epoch 6 loss MSE:0.1341
2021-06-05 08:44:42,490 - utils.logger - INFO - saving the model at the end of epoch 6, iters 36
2021-06-05 08:44:43,090 - utils.logger - INFO - End of training epoch 6 / 50 	 Time Taken: 2 sec, Data loading: 0 sec
2021-06-05 08:44:43,090 - utils.logger - INFO - learning rate = 0.0000200
2021-06-05 08:44:43,850 - utils.logger - INFO - Trn result of epoch 6 / 50 mse 0.0959 rmse 0.3097 pcc 0.0298 ccc 0.0055
2021-06-05 08:44:44,043 - utils.logger - INFO - Val result of epoch 6 / 50 mse 0.1076 rmse 0.3280 pcc -0.2355 ccc -0.0394
2021-06-05 08:44:44,656 - utils.logger - INFO - Cur epoch 7 loss MSE:0.2051
2021-06-05 08:44:45,332 - utils.logger - INFO - Cur epoch 7 loss MSE:0.2133
2021-06-05 08:44:46,043 - utils.logger - INFO - Cur epoch 7 loss MSE:0.8713
2021-06-05 08:44:46,044 - utils.logger - INFO - saving the model at the end of epoch 7, iters 42
2021-06-05 08:44:46,474 - utils.logger - INFO - End of training epoch 7 / 50 	 Time Taken: 2 sec, Data loading: 0 sec
2021-06-05 08:44:46,475 - utils.logger - INFO - learning rate = 0.0000200
2021-06-05 08:44:47,133 - utils.logger - INFO - Trn result of epoch 7 / 50 mse 0.0354 rmse 0.1882 pcc 0.4683 ccc 0.2903
2021-06-05 08:44:47,350 - utils.logger - INFO - Val result of epoch 7 / 50 mse 0.0325 rmse 0.1803 pcc 0.3896 ccc 0.2923
2021-06-05 08:44:47,847 - utils.logger - INFO - Cur epoch 8 loss MSE:3.2398
2021-06-05 08:44:48,554 - utils.logger - INFO - Cur epoch 8 loss MSE:0.1546
2021-06-05 08:44:49,241 - utils.logger - INFO - Cur epoch 8 loss MSE:0.2203
2021-06-05 08:44:49,242 - utils.logger - INFO - saving the model at the end of epoch 8, iters 48
2021-06-05 08:44:49,701 - utils.logger - INFO - End of training epoch 8 / 50 	 Time Taken: 2 sec, Data loading: 0 sec
2021-06-05 08:44:49,701 - utils.logger - INFO - learning rate = 0.0000200
2021-06-05 08:44:50,334 - utils.logger - INFO - Trn result of epoch 8 / 50 mse 0.0519 rmse 0.2279 pcc 0.4049 ccc 0.2141
2021-06-05 08:44:50,561 - utils.logger - INFO - Val result of epoch 8 / 50 mse 0.0570 rmse 0.2388 pcc 0.2554 ccc 0.1495
2021-06-05 08:44:51,148 - utils.logger - INFO - Cur epoch 9 loss MSE:0.0141
2021-06-05 08:44:51,937 - utils.logger - INFO - Cur epoch 9 loss MSE:0.3370
2021-06-05 08:44:52,570 - utils.logger - INFO - Cur epoch 9 loss MSE:1.3180
2021-06-05 08:44:52,570 - utils.logger - INFO - saving the model at the end of epoch 9, iters 54
2021-06-05 08:44:53,019 - utils.logger - INFO - End of training epoch 9 / 50 	 Time Taken: 2 sec, Data loading: 0 sec
2021-06-05 08:44:53,020 - utils.logger - INFO - learning rate = 0.0000200
2021-06-05 08:44:53,635 - utils.logger - INFO - Trn result of epoch 9 / 50 mse 0.0490 rmse 0.2213 pcc 0.4339 ccc 0.2758
2021-06-05 08:44:53,816 - utils.logger - INFO - Val result of epoch 9 / 50 mse 0.0535 rmse 0.2314 pcc 0.2742 ccc 0.1938
2021-06-05 08:44:54,700 - utils.logger - INFO - Cur epoch 10 loss MSE:0.0140
2021-06-05 08:44:55,386 - utils.logger - INFO - Cur epoch 10 loss MSE:0.1530
2021-06-05 08:44:55,850 - utils.logger - INFO - Cur epoch 10 loss MSE:0.9076
2021-06-05 08:44:55,850 - utils.logger - INFO - saving the model at the end of epoch 10, iters 60
2021-06-05 08:44:56,317 - utils.logger - INFO - End of training epoch 10 / 50 	 Time Taken: 2 sec, Data loading: 0 sec
2021-06-05 08:44:56,317 - utils.logger - INFO - learning rate = 0.0000200
2021-06-05 08:44:56,854 - utils.logger - INFO - Trn result of epoch 10 / 50 mse 0.0343 rmse 0.1853 pcc 0.5193 ccc 0.4277
2021-06-05 08:44:57,045 - utils.logger - INFO - Val result of epoch 10 / 50 mse 0.0427 rmse 0.2067 pcc 0.3103 ccc 0.2895
2021-06-05 08:44:57,841 - utils.logger - INFO - Cur epoch 11 loss MSE:0.2604
2021-06-05 08:44:58,538 - utils.logger - INFO - Cur epoch 11 loss MSE:0.2451
2021-06-05 08:44:59,141 - utils.logger - INFO - Cur epoch 11 loss MSE:0.0007
2021-06-05 08:44:59,141 - utils.logger - INFO - saving the model at the end of epoch 11, iters 66
2021-06-05 08:44:59,574 - utils.logger - INFO - End of training epoch 11 / 50 	 Time Taken: 2 sec, Data loading: 0 sec
2021-06-05 08:44:59,574 - utils.logger - INFO - learning rate = 0.0000200
2021-06-05 08:45:00,126 - utils.logger - INFO - Trn result of epoch 11 / 50 mse 0.0390 rmse 0.1974 pcc 0.4612 ccc 0.2357
2021-06-05 08:45:00,340 - utils.logger - INFO - Val result of epoch 11 / 50 mse 0.0350 rmse 0.1871 pcc 0.3568 ccc 0.2313
2021-06-05 08:45:01,047 - utils.logger - INFO - Cur epoch 12 loss MSE:0.2220
2021-06-05 08:45:01,810 - utils.logger - INFO - Cur epoch 12 loss MSE:0.2099
2021-06-05 08:45:02,327 - utils.logger - INFO - Cur epoch 12 loss MSE:4.5403
2021-06-05 08:45:02,327 - utils.logger - INFO - saving the model at the end of epoch 12, iters 72
2021-06-05 08:45:02,738 - utils.logger - INFO - End of training epoch 12 / 50 	 Time Taken: 2 sec, Data loading: 0 sec
2021-06-05 08:45:02,738 - utils.logger - INFO - learning rate = 0.0000200
2021-06-05 08:45:03,479 - utils.logger - INFO - Trn result of epoch 12 / 50 mse 0.0353 rmse 0.1878 pcc 0.4968 ccc 0.2709
2021-06-05 08:45:03,730 - utils.logger - INFO - Val result of epoch 12 / 50 mse 0.0334 rmse 0.1827 pcc 0.3542 ccc 0.2477
2021-06-05 08:45:04,469 - utils.logger - INFO - Cur epoch 13 loss MSE:0.1578
2021-06-05 08:45:05,085 - utils.logger - INFO - Cur epoch 13 loss MSE:0.2060
2021-06-05 08:45:05,623 - utils.logger - INFO - Cur epoch 13 loss MSE:0.4695
2021-06-05 08:45:05,633 - utils.logger - INFO - saving the model at the end of epoch 13, iters 78
2021-06-05 08:45:06,212 - utils.logger - INFO - End of training epoch 13 / 50 	 Time Taken: 2 sec, Data loading: 0 sec
2021-06-05 08:45:06,213 - utils.logger - INFO - learning rate = 0.0000200
2021-06-05 08:45:06,975 - utils.logger - INFO - Trn result of epoch 13 / 50 mse 0.0352 rmse 0.1875 pcc 0.5215 ccc 0.3762
2021-06-05 08:45:07,286 - utils.logger - INFO - Val result of epoch 13 / 50 mse 0.0384 rmse 0.1959 pcc 0.3559 ccc 0.2964
2021-06-05 08:45:07,943 - utils.logger - INFO - Cur epoch 14 loss MSE:0.0189
2021-06-05 08:45:08,573 - utils.logger - INFO - Cur epoch 14 loss MSE:0.1512
2021-06-05 08:45:09,276 - utils.logger - INFO - Cur epoch 14 loss MSE:0.0880
2021-06-05 08:45:09,277 - utils.logger - INFO - saving the model at the end of epoch 14, iters 84
2021-06-05 08:45:09,772 - utils.logger - INFO - End of training epoch 14 / 50 	 Time Taken: 2 sec, Data loading: 0 sec
2021-06-05 08:45:09,773 - utils.logger - INFO - learning rate = 0.0000200
2021-06-05 08:45:10,397 - utils.logger - INFO - Trn result of epoch 14 / 50 mse 0.0379 rmse 0.1947 pcc 0.4636 ccc 0.4106
2021-06-05 08:45:10,639 - utils.logger - INFO - Val result of epoch 14 / 50 mse 0.0525 rmse 0.2290 pcc 0.2308 ccc 0.2276
2021-06-05 08:45:11,298 - utils.logger - INFO - Cur epoch 15 loss MSE:0.0719
2021-06-05 08:45:11,935 - utils.logger - INFO - Cur epoch 15 loss MSE:0.0591
2021-06-05 08:45:12,670 - utils.logger - INFO - Cur epoch 15 loss MSE:0.4333
2021-06-05 08:45:12,670 - utils.logger - INFO - saving the model at the end of epoch 15, iters 90
2021-06-05 08:45:13,076 - utils.logger - INFO - End of training epoch 15 / 50 	 Time Taken: 2 sec, Data loading: 0 sec
2021-06-05 08:45:13,076 - utils.logger - INFO - learning rate = 0.0000200
2021-06-05 08:45:14,055 - utils.logger - INFO - Trn result of epoch 15 / 50 mse 0.0399 rmse 0.1997 pcc 0.4914 ccc 0.4257
2021-06-05 08:45:14,322 - utils.logger - INFO - Val result of epoch 15 / 50 mse 0.0567 rmse 0.2382 pcc 0.2252 ccc 0.2182
2021-06-05 08:45:15,036 - utils.logger - INFO - Cur epoch 16 loss MSE:0.1164
2021-06-05 08:45:15,666 - utils.logger - INFO - Cur epoch 16 loss MSE:0.0409
2021-06-05 08:45:16,309 - utils.logger - INFO - Cur epoch 16 loss MSE:0.2889
2021-06-05 08:45:16,311 - utils.logger - INFO - saving the model at the end of epoch 16, iters 96
2021-06-05 08:45:17,048 - utils.logger - INFO - End of training epoch 16 / 50 	 Time Taken: 2 sec, Data loading: 0 sec
2021-06-05 08:45:17,048 - utils.logger - INFO - learning rate = 0.0000200
2021-06-05 08:45:17,920 - utils.logger - INFO - Trn result of epoch 16 / 50 mse 0.0346 rmse 0.1859 pcc 0.5270 ccc 0.3889
2021-06-05 08:45:18,180 - utils.logger - INFO - Val result of epoch 16 / 50 mse 0.0378 rmse 0.1945 pcc 0.3668 ccc 0.3177
2021-06-05 08:45:18,797 - utils.logger - INFO - Cur epoch 17 loss MSE:0.0250
2021-06-05 08:45:19,377 - utils.logger - INFO - Cur epoch 17 loss MSE:0.1706
2021-06-05 08:45:20,062 - utils.logger - INFO - Cur epoch 17 loss MSE:0.8665
2021-06-05 08:45:20,062 - utils.logger - INFO - saving the model at the end of epoch 17, iters 102
2021-06-05 08:45:20,754 - utils.logger - INFO - End of training epoch 17 / 50 	 Time Taken: 2 sec, Data loading: 0 sec
2021-06-05 08:45:20,754 - utils.logger - INFO - learning rate = 0.0000200
2021-06-05 08:45:21,576 - utils.logger - INFO - Trn result of epoch 17 / 50 mse 0.0344 rmse 0.1854 pcc 0.5330 ccc 0.4725
2021-06-05 08:45:21,777 - utils.logger - INFO - Val result of epoch 17 / 50 mse 0.0478 rmse 0.2185 pcc 0.3032 ccc 0.2934
2021-06-05 08:45:22,383 - utils.logger - INFO - Cur epoch 18 loss MSE:0.0360
2021-06-05 08:45:23,147 - utils.logger - INFO - Cur epoch 18 loss MSE:0.2613
2021-06-05 08:45:23,875 - utils.logger - INFO - Cur epoch 18 loss MSE:1.2889
2021-06-05 08:45:23,875 - utils.logger - INFO - saving the model at the end of epoch 18, iters 108
2021-06-05 08:45:24,668 - utils.logger - INFO - End of training epoch 18 / 50 	 Time Taken: 2 sec, Data loading: 0 sec
2021-06-05 08:45:24,668 - utils.logger - INFO - learning rate = 0.0000200
2021-06-05 08:45:25,217 - utils.logger - INFO - Trn result of epoch 18 / 50 mse 0.0301 rmse 0.1736 pcc 0.5680 ccc 0.4879
2021-06-05 08:45:25,386 - utils.logger - INFO - Val result of epoch 18 / 50 mse 0.0415 rmse 0.2037 pcc 0.3049 ccc 0.2840
2021-06-05 08:45:26,081 - utils.logger - INFO - Cur epoch 19 loss MSE:0.1572
2021-06-05 08:45:26,851 - utils.logger - INFO - Cur epoch 19 loss MSE:2.6140
2021-06-05 08:45:27,475 - utils.logger - INFO - Cur epoch 19 loss MSE:0.1800
2021-06-05 08:45:27,476 - utils.logger - INFO - saving the model at the end of epoch 19, iters 114
2021-06-05 08:45:28,094 - utils.logger - INFO - End of training epoch 19 / 50 	 Time Taken: 2 sec, Data loading: 0 sec
2021-06-05 08:45:28,094 - utils.logger - INFO - learning rate = 0.0000200
2021-06-05 08:45:28,729 - utils.logger - INFO - Trn result of epoch 19 / 50 mse 0.0329 rmse 0.1814 pcc 0.5205 ccc 0.3445
2021-06-05 08:45:29,021 - utils.logger - INFO - Val result of epoch 19 / 50 mse 0.0350 rmse 0.1872 pcc 0.3365 ccc 0.2752
2021-06-05 08:45:29,732 - utils.logger - INFO - Cur epoch 20 loss MSE:0.0011
2021-06-05 08:45:30,417 - utils.logger - INFO - Cur epoch 20 loss MSE:0.2973
2021-06-05 08:45:31,160 - utils.logger - INFO - Cur epoch 20 loss MSE:0.1813
2021-06-05 08:45:31,160 - utils.logger - INFO - saving the model at the end of epoch 20, iters 120
2021-06-05 08:45:32,307 - utils.logger - INFO - End of training epoch 20 / 50 	 Time Taken: 3 sec, Data loading: 0 sec
2021-06-05 08:45:32,307 - utils.logger - INFO - learning rate = 0.0000194
2021-06-05 08:45:33,207 - utils.logger - INFO - Trn result of epoch 20 / 50 mse 0.0317 rmse 0.1781 pcc 0.5438 ccc 0.3916
2021-06-05 08:45:33,586 - utils.logger - INFO - Val result of epoch 20 / 50 mse 0.0361 rmse 0.1899 pcc 0.3557 ccc 0.3105
2021-06-05 08:45:34,228 - utils.logger - INFO - Cur epoch 21 loss MSE:0.1639
2021-06-05 08:45:34,992 - utils.logger - INFO - Cur epoch 21 loss MSE:0.0315
2021-06-05 08:45:35,649 - utils.logger - INFO - Cur epoch 21 loss MSE:12.2284
2021-06-05 08:45:35,650 - utils.logger - INFO - saving the model at the end of epoch 21, iters 126
2021-06-05 08:45:36,365 - utils.logger - INFO - End of training epoch 21 / 50 	 Time Taken: 2 sec, Data loading: 0 sec
2021-06-05 08:45:36,365 - utils.logger - INFO - learning rate = 0.0000187
2021-06-05 08:45:37,482 - utils.logger - INFO - Trn result of epoch 21 / 50 mse 0.0309 rmse 0.1758 pcc 0.5715 ccc 0.3915
2021-06-05 08:45:37,834 - utils.logger - INFO - Val result of epoch 21 / 50 mse 0.0331 rmse 0.1820 pcc 0.3853 ccc 0.3187
2021-06-05 08:45:38,538 - utils.logger - INFO - Cur epoch 22 loss MSE:0.0593
2021-06-05 08:45:39,246 - utils.logger - INFO - Cur epoch 22 loss MSE:0.0016
2021-06-05 08:45:39,805 - utils.logger - INFO - Cur epoch 22 loss MSE:0.1898
2021-06-05 08:45:39,805 - utils.logger - INFO - saving the model at the end of epoch 22, iters 132
2021-06-05 08:45:40,537 - utils.logger - INFO - End of training epoch 22 / 50 	 Time Taken: 2 sec, Data loading: 0 sec
2021-06-05 08:45:40,538 - utils.logger - INFO - learning rate = 0.0000181
2021-06-05 08:45:41,282 - utils.logger - INFO - Trn result of epoch 22 / 50 mse 0.0406 rmse 0.2016 pcc 0.5590 ccc 0.4886
2021-06-05 08:45:41,501 - utils.logger - INFO - Val result of epoch 22 / 50 mse 0.0586 rmse 0.2422 pcc 0.2971 ccc 0.2635
2021-06-05 08:45:42,187 - utils.logger - INFO - Cur epoch 23 loss MSE:0.1048
2021-06-05 08:45:42,703 - utils.logger - INFO - Cur epoch 23 loss MSE:0.0881
2021-06-05 08:45:43,170 - utils.logger - INFO - Cur epoch 23 loss MSE:0.5705
2021-06-05 08:45:43,170 - utils.logger - INFO - saving the model at the end of epoch 23, iters 138
2021-06-05 08:45:43,598 - utils.logger - INFO - End of training epoch 23 / 50 	 Time Taken: 2 sec, Data loading: 0 sec
2021-06-05 08:45:43,598 - utils.logger - INFO - learning rate = 0.0000174
2021-06-05 08:45:44,557 - utils.logger - INFO - Trn result of epoch 23 / 50 mse 0.0272 rmse 0.1650 pcc 0.6275 ccc 0.5205
2021-06-05 08:45:44,787 - utils.logger - INFO - Val result of epoch 23 / 50 mse 0.0398 rmse 0.1996 pcc 0.3646 ccc 0.3474
2021-06-05 08:45:45,482 - utils.logger - INFO - Cur epoch 24 loss MSE:0.0661
2021-06-05 08:45:46,003 - utils.logger - INFO - Cur epoch 24 loss MSE:0.2734
2021-06-05 08:45:46,731 - utils.logger - INFO - Cur epoch 24 loss MSE:0.4310
2021-06-05 08:45:46,731 - utils.logger - INFO - saving the model at the end of epoch 24, iters 144
2021-06-05 08:45:47,344 - utils.logger - INFO - End of training epoch 24 / 50 	 Time Taken: 2 sec, Data loading: 0 sec
2021-06-05 08:45:47,349 - utils.logger - INFO - learning rate = 0.0000168
2021-06-05 08:45:48,139 - utils.logger - INFO - Trn result of epoch 24 / 50 mse 0.0346 rmse 0.1861 pcc 0.5413 ccc 0.4093
2021-06-05 08:45:48,477 - utils.logger - INFO - Val result of epoch 24 / 50 mse 0.0379 rmse 0.1946 pcc 0.3888 ccc 0.3380
2021-06-05 08:45:49,078 - utils.logger - INFO - Cur epoch 25 loss MSE:0.2164
2021-06-05 08:45:49,926 - utils.logger - INFO - Cur epoch 25 loss MSE:0.0723
2021-06-05 08:45:50,580 - utils.logger - INFO - Cur epoch 25 loss MSE:0.4186
2021-06-05 08:45:50,581 - utils.logger - INFO - saving the model at the end of epoch 25, iters 150
2021-06-05 08:45:51,194 - utils.logger - INFO - End of training epoch 25 / 50 	 Time Taken: 2 sec, Data loading: 0 sec
2021-06-05 08:45:51,194 - utils.logger - INFO - learning rate = 0.0000161
2021-06-05 08:45:51,867 - utils.logger - INFO - Trn result of epoch 25 / 50 mse 0.0402 rmse 0.2005 pcc 0.5149 ccc 0.3830
2021-06-05 08:45:52,060 - utils.logger - INFO - Val result of epoch 25 / 50 mse 0.0493 rmse 0.2220 pcc 0.2801 ccc 0.2127
2021-06-05 08:45:52,605 - utils.logger - INFO - Cur epoch 26 loss MSE:0.0004
2021-06-05 08:45:53,374 - utils.logger - INFO - Cur epoch 26 loss MSE:0.0201
2021-06-05 08:45:54,113 - utils.logger - INFO - Cur epoch 26 loss MSE:0.3124
2021-06-05 08:45:54,113 - utils.logger - INFO - saving the model at the end of epoch 26, iters 156
2021-06-05 08:45:54,507 - utils.logger - INFO - End of training epoch 26 / 50 	 Time Taken: 2 sec, Data loading: 0 sec
2021-06-05 08:45:54,508 - utils.logger - INFO - learning rate = 0.0000155
2021-06-05 08:45:55,211 - utils.logger - INFO - Trn result of epoch 26 / 50 mse 0.0299 rmse 0.1728 pcc 0.6065 ccc 0.4370
2021-06-05 08:45:55,446 - utils.logger - INFO - Val result of epoch 26 / 50 mse 0.0378 rmse 0.1943 pcc 0.2639 ccc 0.1869
2021-06-05 08:45:55,934 - utils.logger - INFO - Cur epoch 27 loss MSE:0.0920
2021-06-05 08:45:56,746 - utils.logger - INFO - Cur epoch 27 loss MSE:0.0516
2021-06-05 08:45:57,373 - utils.logger - INFO - Cur epoch 27 loss MSE:0.0505
2021-06-05 08:45:57,373 - utils.logger - INFO - saving the model at the end of epoch 27, iters 162
2021-06-05 08:45:57,791 - utils.logger - INFO - End of training epoch 27 / 50 	 Time Taken: 2 sec, Data loading: 0 sec
2021-06-05 08:45:57,791 - utils.logger - INFO - learning rate = 0.0000148
2021-06-05 08:45:58,526 - utils.logger - INFO - Trn result of epoch 27 / 50 mse 0.0323 rmse 0.1798 pcc 0.5902 ccc 0.4893
2021-06-05 08:45:58,753 - utils.logger - INFO - Val result of epoch 27 / 50 mse 0.0426 rmse 0.2063 pcc 0.3731 ccc 0.3508
2021-06-05 08:45:59,509 - utils.logger - INFO - Cur epoch 28 loss MSE:0.0026
2021-06-05 08:46:00,336 - utils.logger - INFO - Cur epoch 28 loss MSE:0.0861
2021-06-05 08:46:00,930 - utils.logger - INFO - Cur epoch 28 loss MSE:1.7310
2021-06-05 08:46:00,930 - utils.logger - INFO - saving the model at the end of epoch 28, iters 168
2021-06-05 08:46:01,788 - utils.logger - INFO - End of training epoch 28 / 50 	 Time Taken: 3 sec, Data loading: 0 sec
2021-06-05 08:46:01,788 - utils.logger - INFO - learning rate = 0.0000142
2021-06-05 08:46:02,302 - utils.logger - INFO - Trn result of epoch 28 / 50 mse 0.0286 rmse 0.1692 pcc 0.6048 ccc 0.4748
2021-06-05 08:46:02,534 - utils.logger - INFO - Val result of epoch 28 / 50 mse 0.0390 rmse 0.1975 pcc 0.2341 ccc 0.1850
2021-06-05 08:46:03,239 - utils.logger - INFO - Cur epoch 29 loss MSE:0.0777
2021-06-05 08:46:03,940 - utils.logger - INFO - Cur epoch 29 loss MSE:0.1766
2021-06-05 08:46:04,391 - utils.logger - INFO - Cur epoch 29 loss MSE:5.0324
2021-06-05 08:46:04,391 - utils.logger - INFO - saving the model at the end of epoch 29, iters 174
2021-06-05 08:46:04,780 - utils.logger - INFO - End of training epoch 29 / 50 	 Time Taken: 2 sec, Data loading: 0 sec
2021-06-05 08:46:04,781 - utils.logger - INFO - learning rate = 0.0000135
2021-06-05 08:46:05,466 - utils.logger - INFO - Trn result of epoch 29 / 50 mse 0.0285 rmse 0.1689 pcc 0.6331 ccc 0.5510
2021-06-05 08:46:05,678 - utils.logger - INFO - Val result of epoch 29 / 50 mse 0.0426 rmse 0.2064 pcc 0.4048 ccc 0.3786
2021-06-05 08:46:06,185 - utils.logger - INFO - Cur epoch 30 loss MSE:0.0410
2021-06-05 08:46:06,760 - utils.logger - INFO - Cur epoch 30 loss MSE:0.2709
2021-06-05 08:46:07,386 - utils.logger - INFO - Cur epoch 30 loss MSE:0.1534
2021-06-05 08:46:07,387 - utils.logger - INFO - saving the model at the end of epoch 30, iters 180
2021-06-05 08:46:07,884 - utils.logger - INFO - End of training epoch 30 / 50 	 Time Taken: 2 sec, Data loading: 0 sec
2021-06-05 08:46:07,885 - utils.logger - INFO - learning rate = 0.0000129
2021-06-05 08:46:08,499 - utils.logger - INFO - Trn result of epoch 30 / 50 mse 0.0291 rmse 0.1706 pcc 0.5984 ccc 0.4576
2021-06-05 08:46:08,677 - utils.logger - INFO - Val result of epoch 30 / 50 mse 0.0363 rmse 0.1907 pcc 0.2602 ccc 0.1849
2021-06-05 08:46:09,249 - utils.logger - INFO - Cur epoch 31 loss MSE:0.0393
2021-06-05 08:46:09,958 - utils.logger - INFO - Cur epoch 31 loss MSE:0.3707
2021-06-05 08:46:10,670 - utils.logger - INFO - Cur epoch 31 loss MSE:0.0167
2021-06-05 08:46:10,671 - utils.logger - INFO - saving the model at the end of epoch 31, iters 186
2021-06-05 08:46:11,272 - utils.logger - INFO - End of training epoch 31 / 50 	 Time Taken: 2 sec, Data loading: 0 sec
2021-06-05 08:46:11,272 - utils.logger - INFO - learning rate = 0.0000123
2021-06-05 08:46:12,032 - utils.logger - INFO - Trn result of epoch 31 / 50 mse 0.0288 rmse 0.1696 pcc 0.6380 ccc 0.5293
2021-06-05 08:46:12,262 - utils.logger - INFO - Val result of epoch 31 / 50 mse 0.0397 rmse 0.1991 pcc 0.3890 ccc 0.3594
2021-06-05 08:46:13,115 - utils.logger - INFO - Cur epoch 32 loss MSE:0.2193
2021-06-05 08:46:13,895 - utils.logger - INFO - Cur epoch 32 loss MSE:0.0997
2021-06-05 08:46:14,610 - utils.logger - INFO - Cur epoch 32 loss MSE:0.1313
2021-06-05 08:46:14,615 - utils.logger - INFO - saving the model at the end of epoch 32, iters 192
2021-06-05 08:46:15,060 - utils.logger - INFO - End of training epoch 32 / 50 	 Time Taken: 2 sec, Data loading: 0 sec
2021-06-05 08:46:15,060 - utils.logger - INFO - learning rate = 0.0000116
2021-06-05 08:46:16,093 - utils.logger - INFO - Trn result of epoch 32 / 50 mse 0.0294 rmse 0.1714 pcc 0.5843 ccc 0.4608
2021-06-05 08:46:16,322 - utils.logger - INFO - Val result of epoch 32 / 50 mse 0.0334 rmse 0.1827 pcc 0.4010 ccc 0.3548
2021-06-05 08:46:16,965 - utils.logger - INFO - Cur epoch 33 loss MSE:0.0311
2021-06-05 08:46:17,606 - utils.logger - INFO - Cur epoch 33 loss MSE:0.0042
2021-06-05 08:46:18,239 - utils.logger - INFO - Cur epoch 33 loss MSE:0.2869
2021-06-05 08:46:18,239 - utils.logger - INFO - saving the model at the end of epoch 33, iters 198
2021-06-05 08:46:18,762 - utils.logger - INFO - End of training epoch 33 / 50 	 Time Taken: 2 sec, Data loading: 0 sec
2021-06-05 08:46:18,763 - utils.logger - INFO - learning rate = 0.0000110
2021-06-05 08:46:19,436 - utils.logger - INFO - Trn result of epoch 33 / 50 mse 0.0276 rmse 0.1662 pcc 0.6325 ccc 0.6169
2021-06-05 08:46:19,613 - utils.logger - INFO - Val result of epoch 33 / 50 mse 0.0520 rmse 0.2280 pcc 0.3850 ccc 0.3820
2021-06-05 08:46:20,391 - utils.logger - INFO - Cur epoch 34 loss MSE:0.0166
2021-06-05 08:46:20,964 - utils.logger - INFO - Cur epoch 34 loss MSE:0.2747
2021-06-05 08:46:21,696 - utils.logger - INFO - Cur epoch 34 loss MSE:0.3971
2021-06-05 08:46:21,696 - utils.logger - INFO - saving the model at the end of epoch 34, iters 204
2021-06-05 08:46:22,080 - utils.logger - INFO - End of training epoch 34 / 50 	 Time Taken: 2 sec, Data loading: 0 sec
2021-06-05 08:46:22,081 - utils.logger - INFO - learning rate = 0.0000103
2021-06-05 08:46:22,777 - utils.logger - INFO - Trn result of epoch 34 / 50 mse 0.0292 rmse 0.1708 pcc 0.6234 ccc 0.5387
2021-06-05 08:46:23,018 - utils.logger - INFO - Val result of epoch 34 / 50 mse 0.0387 rmse 0.1966 pcc 0.4004 ccc 0.3824
2021-06-05 08:46:23,694 - utils.logger - INFO - Cur epoch 35 loss MSE:0.0384
2021-06-05 08:46:24,300 - utils.logger - INFO - Cur epoch 35 loss MSE:0.0271
2021-06-05 08:46:24,923 - utils.logger - INFO - Cur epoch 35 loss MSE:1.3630
2021-06-05 08:46:24,929 - utils.logger - INFO - saving the model at the end of epoch 35, iters 210
2021-06-05 08:46:25,725 - utils.logger - INFO - End of training epoch 35 / 50 	 Time Taken: 2 sec, Data loading: 0 sec
2021-06-05 08:46:25,725 - utils.logger - INFO - learning rate = 0.0000097
2021-06-05 08:46:26,381 - utils.logger - INFO - Trn result of epoch 35 / 50 mse 0.0251 rmse 0.1583 pcc 0.6722 ccc 0.5983
2021-06-05 08:46:26,556 - utils.logger - INFO - Val result of epoch 35 / 50 mse 0.0414 rmse 0.2034 pcc 0.4063 ccc 0.3956
2021-06-05 08:46:27,254 - utils.logger - INFO - Cur epoch 36 loss MSE:0.0241
2021-06-05 08:46:28,040 - utils.logger - INFO - Cur epoch 36 loss MSE:0.0593
2021-06-05 08:46:28,515 - utils.logger - INFO - Cur epoch 36 loss MSE:4.8602
2021-06-05 08:46:28,515 - utils.logger - INFO - saving the model at the end of epoch 36, iters 216
2021-06-05 08:46:29,061 - utils.logger - INFO - End of training epoch 36 / 50 	 Time Taken: 2 sec, Data loading: 0 sec
2021-06-05 08:46:29,061 - utils.logger - INFO - learning rate = 0.0000090
2021-06-05 08:46:29,617 - utils.logger - INFO - Trn result of epoch 36 / 50 mse 0.0280 rmse 0.1672 pcc 0.6584 ccc 0.5475
2021-06-05 08:46:29,800 - utils.logger - INFO - Val result of epoch 36 / 50 mse 0.0412 rmse 0.2030 pcc 0.3899 ccc 0.3635
2021-06-05 08:46:30,443 - utils.logger - INFO - Cur epoch 37 loss MSE:0.0655
2021-06-05 08:46:31,302 - utils.logger - INFO - Cur epoch 37 loss MSE:0.0404
2021-06-05 08:46:31,851 - utils.logger - INFO - Cur epoch 37 loss MSE:0.1528
2021-06-05 08:46:31,851 - utils.logger - INFO - saving the model at the end of epoch 37, iters 222
2021-06-05 08:46:32,287 - utils.logger - INFO - End of training epoch 37 / 50 	 Time Taken: 2 sec, Data loading: 0 sec
2021-06-05 08:46:32,287 - utils.logger - INFO - learning rate = 0.0000084
2021-06-05 08:46:32,936 - utils.logger - INFO - Trn result of epoch 37 / 50 mse 0.0238 rmse 0.1542 pcc 0.6858 ccc 0.6027
2021-06-05 08:46:33,109 - utils.logger - INFO - Val result of epoch 37 / 50 mse 0.0371 rmse 0.1927 pcc 0.4160 ccc 0.4021
2021-06-05 08:46:33,914 - utils.logger - INFO - Cur epoch 38 loss MSE:0.1118
2021-06-05 08:46:34,662 - utils.logger - INFO - Cur epoch 38 loss MSE:0.0708
2021-06-05 08:46:35,323 - utils.logger - INFO - Cur epoch 38 loss MSE:5.5010
2021-06-05 08:46:35,324 - utils.logger - INFO - saving the model at the end of epoch 38, iters 228
2021-06-05 08:46:35,690 - utils.logger - INFO - End of training epoch 38 / 50 	 Time Taken: 2 sec, Data loading: 0 sec
2021-06-05 08:46:35,691 - utils.logger - INFO - learning rate = 0.0000077
2021-06-05 08:46:36,568 - utils.logger - INFO - Trn result of epoch 38 / 50 mse 0.0294 rmse 0.1716 pcc 0.6715 ccc 0.5710
2021-06-05 08:46:36,962 - utils.logger - INFO - Val result of epoch 38 / 50 mse 0.0463 rmse 0.2151 pcc 0.3609 ccc 0.3356
2021-06-05 08:46:37,817 - utils.logger - INFO - Cur epoch 39 loss MSE:0.0317
2021-06-05 08:46:38,472 - utils.logger - INFO - Cur epoch 39 loss MSE:0.2071
2021-06-05 08:46:39,095 - utils.logger - INFO - Cur epoch 39 loss MSE:0.7612
2021-06-05 08:46:39,095 - utils.logger - INFO - saving the model at the end of epoch 39, iters 234
2021-06-05 08:46:39,525 - utils.logger - INFO - End of training epoch 39 / 50 	 Time Taken: 2 sec, Data loading: 0 sec
2021-06-05 08:46:39,529 - utils.logger - INFO - learning rate = 0.0000071
2021-06-05 08:46:40,302 - utils.logger - INFO - Trn result of epoch 39 / 50 mse 0.0338 rmse 0.1839 pcc 0.6473 ccc 0.5140
2021-06-05 08:46:40,485 - utils.logger - INFO - Val result of epoch 39 / 50 mse 0.0455 rmse 0.2133 pcc 0.3562 ccc 0.3213
2021-06-05 08:46:41,278 - utils.logger - INFO - Cur epoch 40 loss MSE:1.0056
2021-06-05 08:46:41,902 - utils.logger - INFO - Cur epoch 40 loss MSE:0.1014
2021-06-05 08:46:42,408 - utils.logger - INFO - Cur epoch 40 loss MSE:0.0001
2021-06-05 08:46:42,408 - utils.logger - INFO - saving the model at the end of epoch 40, iters 240
2021-06-05 08:46:42,879 - utils.logger - INFO - End of training epoch 40 / 50 	 Time Taken: 2 sec, Data loading: 0 sec
2021-06-05 08:46:42,880 - utils.logger - INFO - learning rate = 0.0000065
2021-06-05 08:46:43,750 - utils.logger - INFO - Trn result of epoch 40 / 50 mse 0.0229 rmse 0.1514 pcc 0.7080 ccc 0.6117
2021-06-05 08:46:43,994 - utils.logger - INFO - Val result of epoch 40 / 50 mse 0.0380 rmse 0.1948 pcc 0.3609 ccc 0.3393
2021-06-05 08:46:44,681 - utils.logger - INFO - Cur epoch 41 loss MSE:0.0349
2021-06-05 08:46:45,357 - utils.logger - INFO - Cur epoch 41 loss MSE:0.0553
2021-06-05 08:46:45,813 - utils.logger - INFO - Cur epoch 41 loss MSE:3.4428
2021-06-05 08:46:45,813 - utils.logger - INFO - saving the model at the end of epoch 41, iters 246
2021-06-05 08:46:46,243 - utils.logger - INFO - End of training epoch 41 / 50 	 Time Taken: 2 sec, Data loading: 0 sec
2021-06-05 08:46:46,244 - utils.logger - INFO - learning rate = 0.0000058
2021-06-05 08:46:46,847 - utils.logger - INFO - Trn result of epoch 41 / 50 mse 0.0250 rmse 0.1580 pcc 0.6930 ccc 0.6291
2021-06-05 08:46:47,029 - utils.logger - INFO - Val result of epoch 41 / 50 mse 0.0440 rmse 0.2099 pcc 0.3969 ccc 0.3946
2021-06-05 08:46:47,815 - utils.logger - INFO - Cur epoch 42 loss MSE:0.2893
2021-06-05 08:46:48,409 - utils.logger - INFO - Cur epoch 42 loss MSE:0.0362
2021-06-05 08:46:48,961 - utils.logger - INFO - Cur epoch 42 loss MSE:0.1293
2021-06-05 08:46:48,962 - utils.logger - INFO - saving the model at the end of epoch 42, iters 252
2021-06-05 08:46:49,400 - utils.logger - INFO - End of training epoch 42 / 50 	 Time Taken: 2 sec, Data loading: 0 sec
2021-06-05 08:46:49,400 - utils.logger - INFO - learning rate = 0.0000052
2021-06-05 08:46:50,495 - utils.logger - INFO - Trn result of epoch 42 / 50 mse 0.0236 rmse 0.1537 pcc 0.6999 ccc 0.6166
2021-06-05 08:46:50,680 - utils.logger - INFO - Val result of epoch 42 / 50 mse 0.0374 rmse 0.1935 pcc 0.4231 ccc 0.4107
2021-06-05 08:46:51,342 - utils.logger - INFO - Cur epoch 43 loss MSE:0.0664
2021-06-05 08:46:51,941 - utils.logger - INFO - Cur epoch 43 loss MSE:0.1435
2021-06-05 08:46:52,478 - utils.logger - INFO - Cur epoch 43 loss MSE:0.8392
2021-06-05 08:46:52,478 - utils.logger - INFO - saving the model at the end of epoch 43, iters 258
2021-06-05 08:46:52,889 - utils.logger - INFO - End of training epoch 43 / 50 	 Time Taken: 2 sec, Data loading: 0 sec
2021-06-05 08:46:52,890 - utils.logger - INFO - learning rate = 0.0000045
2021-06-05 08:46:53,778 - utils.logger - INFO - Trn result of epoch 43 / 50 mse 0.0228 rmse 0.1509 pcc 0.7081 ccc 0.6485
2021-06-05 08:46:53,993 - utils.logger - INFO - Val result of epoch 43 / 50 mse 0.0434 rmse 0.2083 pcc 0.3905 ccc 0.3824
2021-06-05 08:46:54,591 - utils.logger - INFO - Cur epoch 44 loss MSE:0.0413
2021-06-05 08:46:55,325 - utils.logger - INFO - Cur epoch 44 loss MSE:0.3197
2021-06-05 08:46:55,996 - utils.logger - INFO - Cur epoch 44 loss MSE:0.3798
2021-06-05 08:46:55,997 - utils.logger - INFO - saving the model at the end of epoch 44, iters 264
2021-06-05 08:46:56,382 - utils.logger - INFO - End of training epoch 44 / 50 	 Time Taken: 2 sec, Data loading: 0 sec
2021-06-05 08:46:56,382 - utils.logger - INFO - learning rate = 0.0000039
2021-06-05 08:46:57,091 - utils.logger - INFO - Trn result of epoch 44 / 50 mse 0.0271 rmse 0.1648 pcc 0.6827 ccc 0.5956
2021-06-05 08:46:57,399 - utils.logger - INFO - Val result of epoch 44 / 50 mse 0.0419 rmse 0.2046 pcc 0.3757 ccc 0.3528
2021-06-05 08:46:58,171 - utils.logger - INFO - Cur epoch 45 loss MSE:0.0039
2021-06-05 08:46:59,076 - utils.logger - INFO - Cur epoch 45 loss MSE:0.1267
2021-06-05 08:46:59,549 - utils.logger - INFO - Cur epoch 45 loss MSE:2.6531
2021-06-05 08:46:59,549 - utils.logger - INFO - saving the model at the end of epoch 45, iters 270
2021-06-05 08:46:59,838 - utils.logger - INFO - End of training epoch 45 / 50 	 Time Taken: 2 sec, Data loading: 0 sec
2021-06-05 08:46:59,838 - utils.logger - INFO - learning rate = 0.0000032
2021-06-05 08:47:00,375 - utils.logger - INFO - Trn result of epoch 45 / 50 mse 0.0215 rmse 0.1465 pcc 0.7202 ccc 0.6653
2021-06-05 08:47:00,528 - utils.logger - INFO - Val result of epoch 45 / 50 mse 0.0416 rmse 0.2040 pcc 0.4016 ccc 0.3957
2021-06-05 08:47:01,048 - utils.logger - INFO - Cur epoch 46 loss MSE:0.0792
2021-06-05 08:47:01,586 - utils.logger - INFO - Cur epoch 46 loss MSE:0.0059
2021-06-05 08:47:02,065 - utils.logger - INFO - Cur epoch 46 loss MSE:0.0478
2021-06-05 08:47:02,065 - utils.logger - INFO - saving the model at the end of epoch 46, iters 276
2021-06-05 08:47:02,380 - utils.logger - INFO - End of training epoch 46 / 50 	 Time Taken: 1 sec, Data loading: 0 sec
2021-06-05 08:47:02,380 - utils.logger - INFO - learning rate = 0.0000026
2021-06-05 08:47:02,871 - utils.logger - INFO - Trn result of epoch 46 / 50 mse 0.0238 rmse 0.1541 pcc 0.6817 ccc 0.6318
2021-06-05 08:47:03,027 - utils.logger - INFO - Val result of epoch 46 / 50 mse 0.0408 rmse 0.2020 pcc 0.3954 ccc 0.3889
2021-06-05 08:47:03,578 - utils.logger - INFO - Cur epoch 47 loss MSE:0.1245
2021-06-05 08:47:04,136 - utils.logger - INFO - Cur epoch 47 loss MSE:0.0198
2021-06-05 08:47:04,586 - utils.logger - INFO - Cur epoch 47 loss MSE:1.8477
2021-06-05 08:47:04,587 - utils.logger - INFO - saving the model at the end of epoch 47, iters 282
2021-06-05 08:47:04,900 - utils.logger - INFO - End of training epoch 47 / 50 	 Time Taken: 1 sec, Data loading: 0 sec
2021-06-05 08:47:04,900 - utils.logger - INFO - learning rate = 0.0000019
2021-06-05 08:47:05,391 - utils.logger - INFO - Trn result of epoch 47 / 50 mse 0.0214 rmse 0.1464 pcc 0.7210 ccc 0.6732
2021-06-05 08:47:05,566 - utils.logger - INFO - Val result of epoch 47 / 50 mse 0.0401 rmse 0.2003 pcc 0.4036 ccc 0.3999
2021-06-05 08:47:06,078 - utils.logger - INFO - Cur epoch 48 loss MSE:0.1555
2021-06-05 08:47:06,591 - utils.logger - INFO - Cur epoch 48 loss MSE:0.9566
2021-06-05 08:47:07,047 - utils.logger - INFO - Cur epoch 48 loss MSE:0.7258
2021-06-05 08:47:07,047 - utils.logger - INFO - saving the model at the end of epoch 48, iters 288
2021-06-05 08:47:07,365 - utils.logger - INFO - End of training epoch 48 / 50 	 Time Taken: 1 sec, Data loading: 0 sec
2021-06-05 08:47:07,366 - utils.logger - INFO - learning rate = 0.0000013
2021-06-05 08:47:07,866 - utils.logger - INFO - Trn result of epoch 48 / 50 mse 0.0206 rmse 0.1435 pcc 0.7336 ccc 0.6801
2021-06-05 08:47:08,028 - utils.logger - INFO - Val result of epoch 48 / 50 mse 0.0415 rmse 0.2038 pcc 0.3907 ccc 0.3869
2021-06-05 08:47:08,535 - utils.logger - INFO - Cur epoch 49 loss MSE:0.9247
2021-06-05 08:47:09,087 - utils.logger - INFO - Cur epoch 49 loss MSE:0.4531
2021-06-05 08:47:09,563 - utils.logger - INFO - Cur epoch 49 loss MSE:0.6539
2021-06-05 08:47:09,563 - utils.logger - INFO - saving the model at the end of epoch 49, iters 294
2021-06-05 08:47:09,869 - utils.logger - INFO - End of training epoch 49 / 50 	 Time Taken: 1 sec, Data loading: 0 sec
2021-06-05 08:47:09,870 - utils.logger - INFO - learning rate = 0.0000006
2021-06-05 08:47:10,335 - utils.logger - INFO - Trn result of epoch 49 / 50 mse 0.0229 rmse 0.1512 pcc 0.7154 ccc 0.6659
2021-06-05 08:47:10,521 - utils.logger - INFO - Val result of epoch 49 / 50 mse 0.0435 rmse 0.2085 pcc 0.3716 ccc 0.3635
2021-06-05 08:47:11,066 - utils.logger - INFO - Cur epoch 50 loss MSE:0.0458
2021-06-05 08:47:11,562 - utils.logger - INFO - Cur epoch 50 loss MSE:0.2732
2021-06-05 08:47:12,015 - utils.logger - INFO - Cur epoch 50 loss MSE:0.1038
2021-06-05 08:47:12,015 - utils.logger - INFO - saving the model at the end of epoch 50, iters 300
2021-06-05 08:47:12,335 - utils.logger - INFO - End of training epoch 50 / 50 	 Time Taken: 1 sec, Data loading: 0 sec
2021-06-05 08:47:12,335 - utils.logger - INFO - learning rate = 0.0000000
2021-06-05 08:47:12,792 - utils.logger - INFO - Trn result of epoch 50 / 50 mse 0.0210 rmse 0.1449 pcc 0.7252 ccc 0.6819
2021-06-05 08:47:12,965 - utils.logger - INFO - Val result of epoch 50 / 50 mse 0.0414 rmse 0.2034 pcc 0.3808 ccc 0.3721
2021-06-05 08:47:12,966 - utils.logger - INFO - Best eval epoch 42 found with ccc 0.410660
2021-06-05 08:47:12,966 - utils.logger - INFO - baseline_fcfusion_norm_egemaps_valence_hidden1024_seq100_run2
