2021-06-05 08:26:32,382 - utils.logger - INFO - The number of training samples = 41
2021-06-05 08:26:56,025 - utils.logger - INFO - Cur epoch 1 loss MSE:0.6791
2021-06-05 08:26:56,650 - utils.logger - INFO - Cur epoch 1 loss MSE:1.1993
2021-06-05 08:26:57,320 - utils.logger - INFO - Cur epoch 1 loss MSE:4.7206
2021-06-05 08:26:57,320 - utils.logger - INFO - saving the model at the end of epoch 1, iters 6
2021-06-05 08:26:57,664 - utils.logger - INFO - End of training epoch 1 / 50 	 Time Taken: 2 sec, Data loading: 0 sec
2021-06-05 08:26:57,665 - utils.logger - INFO - learning rate = 0.0000100
2021-06-05 08:26:58,058 - utils.logger - INFO - Trn result of epoch 1 / 50 mse 0.0450 rmse 0.2121 pcc 0.1606 ccc 0.0009
2021-06-05 08:26:58,290 - utils.logger - INFO - Val result of epoch 1 / 50 mse 0.0379 rmse 0.1948 pcc 0.2323 ccc 0.0016
2021-06-05 08:26:58,816 - utils.logger - INFO - Cur epoch 2 loss MSE:0.9976
2021-06-05 08:26:59,378 - utils.logger - INFO - Cur epoch 2 loss MSE:0.1345
2021-06-05 08:26:59,788 - utils.logger - INFO - Cur epoch 2 loss MSE:1.3951
2021-06-05 08:26:59,788 - utils.logger - INFO - saving the model at the end of epoch 2, iters 12
2021-06-05 08:27:00,165 - utils.logger - INFO - End of training epoch 2 / 50 	 Time Taken: 1 sec, Data loading: 0 sec
2021-06-05 08:27:00,165 - utils.logger - INFO - learning rate = 0.0000100
2021-06-05 08:27:00,539 - utils.logger - INFO - Trn result of epoch 2 / 50 mse 0.0447 rmse 0.2114 pcc 0.2166 ccc 0.0039
2021-06-05 08:27:00,695 - utils.logger - INFO - Val result of epoch 2 / 50 mse 0.0377 rmse 0.1942 pcc 0.2999 ccc 0.0070
2021-06-05 08:27:01,244 - utils.logger - INFO - Cur epoch 3 loss MSE:0.7466
2021-06-05 08:27:01,769 - utils.logger - INFO - Cur epoch 3 loss MSE:0.0079
2021-06-05 08:27:02,129 - utils.logger - INFO - Cur epoch 3 loss MSE:12.7413
2021-06-05 08:27:02,129 - utils.logger - INFO - saving the model at the end of epoch 3, iters 18
2021-06-05 08:27:02,511 - utils.logger - INFO - End of training epoch 3 / 50 	 Time Taken: 1 sec, Data loading: 0 sec
2021-06-05 08:27:02,511 - utils.logger - INFO - learning rate = 0.0000100
2021-06-05 08:27:02,897 - utils.logger - INFO - Trn result of epoch 3 / 50 mse 0.0444 rmse 0.2107 pcc 0.2529 ccc 0.0098
2021-06-05 08:27:03,028 - utils.logger - INFO - Val result of epoch 3 / 50 mse 0.0374 rmse 0.1933 pcc 0.3259 ccc 0.0166
2021-06-05 08:27:03,462 - utils.logger - INFO - Cur epoch 4 loss MSE:0.6316
2021-06-05 08:27:03,920 - utils.logger - INFO - Cur epoch 4 loss MSE:0.0122
2021-06-05 08:27:04,354 - utils.logger - INFO - Cur epoch 4 loss MSE:2.8852
2021-06-05 08:27:04,354 - utils.logger - INFO - saving the model at the end of epoch 4, iters 24
2021-06-05 08:27:04,741 - utils.logger - INFO - End of training epoch 4 / 50 	 Time Taken: 1 sec, Data loading: 0 sec
2021-06-05 08:27:04,742 - utils.logger - INFO - learning rate = 0.0000100
2021-06-05 08:27:05,148 - utils.logger - INFO - Trn result of epoch 4 / 50 mse 0.0438 rmse 0.2092 pcc 0.2559 ccc 0.0178
2021-06-05 08:27:05,280 - utils.logger - INFO - Val result of epoch 4 / 50 mse 0.0369 rmse 0.1921 pcc 0.3147 ccc 0.0290
2021-06-05 08:27:05,703 - utils.logger - INFO - Cur epoch 5 loss MSE:0.0022
2021-06-05 08:27:06,227 - utils.logger - INFO - Cur epoch 5 loss MSE:0.9434
2021-06-05 08:27:06,590 - utils.logger - INFO - Cur epoch 5 loss MSE:1.5985
2021-06-05 08:27:06,605 - utils.logger - INFO - saving the model at the end of epoch 5, iters 30
2021-06-05 08:27:06,951 - utils.logger - INFO - End of training epoch 5 / 50 	 Time Taken: 1 sec, Data loading: 0 sec
2021-06-05 08:27:06,951 - utils.logger - INFO - learning rate = 0.0000100
2021-06-05 08:27:07,373 - utils.logger - INFO - Trn result of epoch 5 / 50 mse 0.0430 rmse 0.2073 pcc 0.2597 ccc 0.0300
2021-06-05 08:27:07,502 - utils.logger - INFO - Val result of epoch 5 / 50 mse 0.0364 rmse 0.1909 pcc 0.3063 ccc 0.0464
2021-06-05 08:27:07,971 - utils.logger - INFO - Cur epoch 6 loss MSE:0.1035
2021-06-05 08:27:08,389 - utils.logger - INFO - Cur epoch 6 loss MSE:0.0083
2021-06-05 08:27:08,791 - utils.logger - INFO - Cur epoch 6 loss MSE:4.4161
2021-06-05 08:27:08,791 - utils.logger - INFO - saving the model at the end of epoch 6, iters 36
2021-06-05 08:27:09,155 - utils.logger - INFO - End of training epoch 6 / 50 	 Time Taken: 1 sec, Data loading: 0 sec
2021-06-05 08:27:09,155 - utils.logger - INFO - learning rate = 0.0000100
2021-06-05 08:27:09,590 - utils.logger - INFO - Trn result of epoch 6 / 50 mse 0.0418 rmse 0.2045 pcc 0.2895 ccc 0.0591
2021-06-05 08:27:09,730 - utils.logger - INFO - Val result of epoch 6 / 50 mse 0.0366 rmse 0.1914 pcc 0.2882 ccc 0.0742
2021-06-05 08:27:10,181 - utils.logger - INFO - Cur epoch 7 loss MSE:0.0887
2021-06-05 08:27:10,586 - utils.logger - INFO - Cur epoch 7 loss MSE:0.0129
2021-06-05 08:27:10,985 - utils.logger - INFO - Cur epoch 7 loss MSE:0.1120
2021-06-05 08:27:10,986 - utils.logger - INFO - saving the model at the end of epoch 7, iters 42
2021-06-05 08:27:11,365 - utils.logger - INFO - End of training epoch 7 / 50 	 Time Taken: 1 sec, Data loading: 0 sec
2021-06-05 08:27:11,366 - utils.logger - INFO - learning rate = 0.0000100
2021-06-05 08:27:11,742 - utils.logger - INFO - Trn result of epoch 7 / 50 mse 0.0445 rmse 0.2111 pcc 0.3144 ccc 0.1232
2021-06-05 08:27:11,881 - utils.logger - INFO - Val result of epoch 7 / 50 mse 0.0425 rmse 0.2061 pcc 0.2910 ccc 0.1304
2021-06-05 08:27:12,285 - utils.logger - INFO - Cur epoch 8 loss MSE:0.1556
2021-06-05 08:27:12,674 - utils.logger - INFO - Cur epoch 8 loss MSE:0.1004
2021-06-05 08:27:13,013 - utils.logger - INFO - Cur epoch 8 loss MSE:2.2490
2021-06-05 08:27:13,014 - utils.logger - INFO - saving the model at the end of epoch 8, iters 48
2021-06-05 08:27:13,387 - utils.logger - INFO - End of training epoch 8 / 50 	 Time Taken: 1 sec, Data loading: 0 sec
2021-06-05 08:27:13,388 - utils.logger - INFO - learning rate = 0.0000100
2021-06-05 08:27:13,745 - utils.logger - INFO - Trn result of epoch 8 / 50 mse 0.0398 rmse 0.1996 pcc 0.3203 ccc 0.1581
2021-06-05 08:27:13,868 - utils.logger - INFO - Val result of epoch 8 / 50 mse 0.0331 rmse 0.1821 pcc 0.3551 ccc 0.2207
2021-06-05 08:27:14,259 - utils.logger - INFO - Cur epoch 9 loss MSE:0.0070
2021-06-05 08:27:14,644 - utils.logger - INFO - Cur epoch 9 loss MSE:0.0555
2021-06-05 08:27:14,963 - utils.logger - INFO - Cur epoch 9 loss MSE:3.0034
2021-06-05 08:27:14,963 - utils.logger - INFO - saving the model at the end of epoch 9, iters 54
2021-06-05 08:27:15,320 - utils.logger - INFO - End of training epoch 9 / 50 	 Time Taken: 1 sec, Data loading: 0 sec
2021-06-05 08:27:15,320 - utils.logger - INFO - learning rate = 0.0000100
2021-06-05 08:27:15,680 - utils.logger - INFO - Trn result of epoch 9 / 50 mse 0.0385 rmse 0.1962 pcc 0.3731 ccc 0.2112
2021-06-05 08:27:15,803 - utils.logger - INFO - Val result of epoch 9 / 50 mse 0.0321 rmse 0.1791 pcc 0.3959 ccc 0.2798
2021-06-05 08:27:16,202 - utils.logger - INFO - Cur epoch 10 loss MSE:0.1257
2021-06-05 08:27:16,597 - utils.logger - INFO - Cur epoch 10 loss MSE:0.3644
2021-06-05 08:27:16,906 - utils.logger - INFO - Cur epoch 10 loss MSE:0.8967
2021-06-05 08:27:16,907 - utils.logger - INFO - saving the model at the end of epoch 10, iters 60
2021-06-05 08:27:17,259 - utils.logger - INFO - End of training epoch 10 / 50 	 Time Taken: 1 sec, Data loading: 0 sec
2021-06-05 08:27:17,259 - utils.logger - INFO - learning rate = 0.0000100
2021-06-05 08:27:17,649 - utils.logger - INFO - Trn result of epoch 10 / 50 mse 0.0470 rmse 0.2168 pcc 0.2909 ccc 0.2256
2021-06-05 08:27:17,774 - utils.logger - INFO - Val result of epoch 10 / 50 mse 0.0329 rmse 0.1814 pcc 0.4455 ccc 0.3833
2021-06-05 08:27:18,162 - utils.logger - INFO - Cur epoch 11 loss MSE:0.0796
2021-06-05 08:27:18,571 - utils.logger - INFO - Cur epoch 11 loss MSE:0.2412
2021-06-05 08:27:18,902 - utils.logger - INFO - Cur epoch 11 loss MSE:3.2155
2021-06-05 08:27:18,902 - utils.logger - INFO - saving the model at the end of epoch 11, iters 66
2021-06-05 08:27:19,221 - utils.logger - INFO - End of training epoch 11 / 50 	 Time Taken: 1 sec, Data loading: 0 sec
2021-06-05 08:27:19,222 - utils.logger - INFO - learning rate = 0.0000100
2021-06-05 08:27:19,592 - utils.logger - INFO - Trn result of epoch 11 / 50 mse 0.0362 rmse 0.1904 pcc 0.4302 ccc 0.2773
2021-06-05 08:27:19,718 - utils.logger - INFO - Val result of epoch 11 / 50 mse 0.0319 rmse 0.1786 pcc 0.4091 ccc 0.3232
2021-06-05 08:27:20,097 - utils.logger - INFO - Cur epoch 12 loss MSE:2.8445
2021-06-05 08:27:20,490 - utils.logger - INFO - Cur epoch 12 loss MSE:0.1069
2021-06-05 08:27:20,831 - utils.logger - INFO - Cur epoch 12 loss MSE:0.7206
2021-06-05 08:27:20,831 - utils.logger - INFO - saving the model at the end of epoch 12, iters 72
2021-06-05 08:27:21,147 - utils.logger - INFO - End of training epoch 12 / 50 	 Time Taken: 1 sec, Data loading: 0 sec
2021-06-05 08:27:21,147 - utils.logger - INFO - learning rate = 0.0000100
2021-06-05 08:27:21,509 - utils.logger - INFO - Trn result of epoch 12 / 50 mse 0.0461 rmse 0.2147 pcc 0.2676 ccc 0.1637
2021-06-05 08:27:21,633 - utils.logger - INFO - Val result of epoch 12 / 50 mse 0.0468 rmse 0.2162 pcc 0.2189 ccc 0.1501
2021-06-05 08:27:22,030 - utils.logger - INFO - Cur epoch 13 loss MSE:0.0853
2021-06-05 08:27:22,413 - utils.logger - INFO - Cur epoch 13 loss MSE:0.0481
2021-06-05 08:27:22,773 - utils.logger - INFO - Cur epoch 13 loss MSE:0.1443
2021-06-05 08:27:22,773 - utils.logger - INFO - saving the model at the end of epoch 13, iters 78
2021-06-05 08:27:23,074 - utils.logger - INFO - End of training epoch 13 / 50 	 Time Taken: 1 sec, Data loading: 0 sec
2021-06-05 08:27:23,075 - utils.logger - INFO - learning rate = 0.0000100
2021-06-05 08:27:23,444 - utils.logger - INFO - Trn result of epoch 13 / 50 mse 0.0547 rmse 0.2340 pcc 0.2857 ccc 0.1643
2021-06-05 08:27:23,569 - utils.logger - INFO - Val result of epoch 13 / 50 mse 0.0694 rmse 0.2635 pcc 0.0110 ccc 0.0064
2021-06-05 08:27:23,966 - utils.logger - INFO - Cur epoch 14 loss MSE:0.1306
2021-06-05 08:27:24,365 - utils.logger - INFO - Cur epoch 14 loss MSE:0.1425
2021-06-05 08:27:24,697 - utils.logger - INFO - Cur epoch 14 loss MSE:0.1560
2021-06-05 08:27:24,698 - utils.logger - INFO - saving the model at the end of epoch 14, iters 84
2021-06-05 08:27:25,001 - utils.logger - INFO - End of training epoch 14 / 50 	 Time Taken: 1 sec, Data loading: 0 sec
2021-06-05 08:27:25,001 - utils.logger - INFO - learning rate = 0.0000100
2021-06-05 08:27:25,366 - utils.logger - INFO - Trn result of epoch 14 / 50 mse 0.0677 rmse 0.2602 pcc -0.0162 ccc -0.0071
2021-06-05 08:27:25,492 - utils.logger - INFO - Val result of epoch 14 / 50 mse 0.0799 rmse 0.2826 pcc -0.2561 ccc -0.1081
2021-06-05 08:27:25,902 - utils.logger - INFO - Cur epoch 15 loss MSE:0.1673
2021-06-05 08:27:26,293 - utils.logger - INFO - Cur epoch 15 loss MSE:0.0824
2021-06-05 08:27:26,607 - utils.logger - INFO - Cur epoch 15 loss MSE:0.2728
2021-06-05 08:27:26,607 - utils.logger - INFO - saving the model at the end of epoch 15, iters 90
2021-06-05 08:27:26,933 - utils.logger - INFO - End of training epoch 15 / 50 	 Time Taken: 1 sec, Data loading: 0 sec
2021-06-05 08:27:26,934 - utils.logger - INFO - learning rate = 0.0000100
2021-06-05 08:27:27,307 - utils.logger - INFO - Trn result of epoch 15 / 50 mse 0.0363 rmse 0.1905 pcc 0.4597 ccc 0.3815
2021-06-05 08:27:27,435 - utils.logger - INFO - Val result of epoch 15 / 50 mse 0.0370 rmse 0.1923 pcc 0.3635 ccc 0.3351
2021-06-05 08:27:27,843 - utils.logger - INFO - Cur epoch 16 loss MSE:0.1064
2021-06-05 08:27:28,244 - utils.logger - INFO - Cur epoch 16 loss MSE:0.1146
2021-06-05 08:27:28,598 - utils.logger - INFO - Cur epoch 16 loss MSE:0.8707
2021-06-05 08:27:28,598 - utils.logger - INFO - saving the model at the end of epoch 16, iters 96
2021-06-05 08:27:28,933 - utils.logger - INFO - End of training epoch 16 / 50 	 Time Taken: 1 sec, Data loading: 0 sec
2021-06-05 08:27:28,934 - utils.logger - INFO - learning rate = 0.0000100
2021-06-05 08:27:29,309 - utils.logger - INFO - Trn result of epoch 16 / 50 mse 0.0376 rmse 0.1939 pcc 0.4591 ccc 0.4292
2021-06-05 08:27:29,436 - utils.logger - INFO - Val result of epoch 16 / 50 mse 0.0417 rmse 0.2042 pcc 0.3628 ccc 0.3548
2021-06-05 08:27:29,817 - utils.logger - INFO - Cur epoch 17 loss MSE:0.1207
2021-06-05 08:27:30,214 - utils.logger - INFO - Cur epoch 17 loss MSE:0.1342
2021-06-05 08:27:30,536 - utils.logger - INFO - Cur epoch 17 loss MSE:9.2308
2021-06-05 08:27:30,536 - utils.logger - INFO - saving the model at the end of epoch 17, iters 102
2021-06-05 08:27:30,888 - utils.logger - INFO - End of training epoch 17 / 50 	 Time Taken: 1 sec, Data loading: 0 sec
2021-06-05 08:27:30,889 - utils.logger - INFO - learning rate = 0.0000100
2021-06-05 08:27:31,261 - utils.logger - INFO - Trn result of epoch 17 / 50 mse 0.0318 rmse 0.1783 pcc 0.5443 ccc 0.3833
2021-06-05 08:27:31,389 - utils.logger - INFO - Val result of epoch 17 / 50 mse 0.0337 rmse 0.1836 pcc 0.3870 ccc 0.3351
2021-06-05 08:27:31,789 - utils.logger - INFO - Cur epoch 18 loss MSE:0.0799
2021-06-05 08:27:32,182 - utils.logger - INFO - Cur epoch 18 loss MSE:0.1858
2021-06-05 08:27:32,502 - utils.logger - INFO - Cur epoch 18 loss MSE:0.5039
2021-06-05 08:27:32,502 - utils.logger - INFO - saving the model at the end of epoch 18, iters 108
2021-06-05 08:27:32,824 - utils.logger - INFO - End of training epoch 18 / 50 	 Time Taken: 1 sec, Data loading: 0 sec
2021-06-05 08:27:32,824 - utils.logger - INFO - learning rate = 0.0000100
2021-06-05 08:27:33,192 - utils.logger - INFO - Trn result of epoch 18 / 50 mse 0.0340 rmse 0.1843 pcc 0.4828 ccc 0.3762
2021-06-05 08:27:33,324 - utils.logger - INFO - Val result of epoch 18 / 50 mse 0.0359 rmse 0.1893 pcc 0.3663 ccc 0.3264
2021-06-05 08:27:33,730 - utils.logger - INFO - Cur epoch 19 loss MSE:0.5364
2021-06-05 08:27:34,130 - utils.logger - INFO - Cur epoch 19 loss MSE:0.0300
2021-06-05 08:27:34,477 - utils.logger - INFO - Cur epoch 19 loss MSE:0.0013
2021-06-05 08:27:34,477 - utils.logger - INFO - saving the model at the end of epoch 19, iters 114
2021-06-05 08:27:34,784 - utils.logger - INFO - End of training epoch 19 / 50 	 Time Taken: 1 sec, Data loading: 0 sec
2021-06-05 08:27:34,785 - utils.logger - INFO - learning rate = 0.0000100
2021-06-05 08:27:35,155 - utils.logger - INFO - Trn result of epoch 19 / 50 mse 0.0363 rmse 0.1905 pcc 0.4680 ccc 0.4029
2021-06-05 08:27:35,284 - utils.logger - INFO - Val result of epoch 19 / 50 mse 0.0415 rmse 0.2037 pcc 0.3323 ccc 0.3111
2021-06-05 08:27:35,688 - utils.logger - INFO - Cur epoch 20 loss MSE:0.1542
2021-06-05 08:27:36,089 - utils.logger - INFO - Cur epoch 20 loss MSE:0.0353
2021-06-05 08:27:36,417 - utils.logger - INFO - Cur epoch 20 loss MSE:2.3845
2021-06-05 08:27:36,417 - utils.logger - INFO - saving the model at the end of epoch 20, iters 120
2021-06-05 08:27:36,723 - utils.logger - INFO - End of training epoch 20 / 50 	 Time Taken: 1 sec, Data loading: 0 sec
2021-06-05 08:27:36,723 - utils.logger - INFO - learning rate = 0.0000097
2021-06-05 08:27:37,095 - utils.logger - INFO - Trn result of epoch 20 / 50 mse 0.0403 rmse 0.2008 pcc 0.4227 ccc 0.3287
2021-06-05 08:27:37,229 - utils.logger - INFO - Val result of epoch 20 / 50 mse 0.0373 rmse 0.1932 pcc 0.3817 ccc 0.3261
2021-06-05 08:27:37,620 - utils.logger - INFO - Cur epoch 21 loss MSE:0.0535
2021-06-05 08:27:38,042 - utils.logger - INFO - Cur epoch 21 loss MSE:0.1531
2021-06-05 08:27:38,387 - utils.logger - INFO - Cur epoch 21 loss MSE:0.0953
2021-06-05 08:27:38,387 - utils.logger - INFO - saving the model at the end of epoch 21, iters 126
2021-06-05 08:27:38,693 - utils.logger - INFO - End of training epoch 21 / 50 	 Time Taken: 1 sec, Data loading: 0 sec
2021-06-05 08:27:38,693 - utils.logger - INFO - learning rate = 0.0000094
2021-06-05 08:27:39,085 - utils.logger - INFO - Trn result of epoch 21 / 50 mse 0.0312 rmse 0.1767 pcc 0.5503 ccc 0.4010
2021-06-05 08:27:39,214 - utils.logger - INFO - Val result of epoch 21 / 50 mse 0.0340 rmse 0.1845 pcc 0.3861 ccc 0.3408
2021-06-05 08:27:39,610 - utils.logger - INFO - Cur epoch 22 loss MSE:0.3817
2021-06-05 08:27:39,999 - utils.logger - INFO - Cur epoch 22 loss MSE:0.1878
2021-06-05 08:27:40,358 - utils.logger - INFO - Cur epoch 22 loss MSE:0.2285
2021-06-05 08:27:40,359 - utils.logger - INFO - saving the model at the end of epoch 22, iters 132
2021-06-05 08:27:40,668 - utils.logger - INFO - End of training epoch 22 / 50 	 Time Taken: 1 sec, Data loading: 0 sec
2021-06-05 08:27:40,669 - utils.logger - INFO - learning rate = 0.0000090
2021-06-05 08:27:41,070 - utils.logger - INFO - Trn result of epoch 22 / 50 mse 0.0362 rmse 0.1903 pcc 0.5100 ccc 0.4593
2021-06-05 08:27:41,198 - utils.logger - INFO - Val result of epoch 22 / 50 mse 0.0453 rmse 0.2129 pcc 0.3274 ccc 0.3148
2021-06-05 08:27:41,599 - utils.logger - INFO - Cur epoch 23 loss MSE:0.2034
2021-06-05 08:27:42,011 - utils.logger - INFO - Cur epoch 23 loss MSE:0.0965
2021-06-05 08:27:42,340 - utils.logger - INFO - Cur epoch 23 loss MSE:0.9396
2021-06-05 08:27:42,341 - utils.logger - INFO - saving the model at the end of epoch 23, iters 138
2021-06-05 08:27:42,670 - utils.logger - INFO - End of training epoch 23 / 50 	 Time Taken: 1 sec, Data loading: 0 sec
2021-06-05 08:27:42,670 - utils.logger - INFO - learning rate = 0.0000087
2021-06-05 08:27:43,038 - utils.logger - INFO - Trn result of epoch 23 / 50 mse 0.0366 rmse 0.1914 pcc 0.5168 ccc 0.3721
2021-06-05 08:27:43,164 - utils.logger - INFO - Val result of epoch 23 / 50 mse 0.0367 rmse 0.1915 pcc 0.3925 ccc 0.3316
2021-06-05 08:27:43,543 - utils.logger - INFO - Cur epoch 24 loss MSE:0.0186
2021-06-05 08:27:43,965 - utils.logger - INFO - Cur epoch 24 loss MSE:0.2523
2021-06-05 08:27:44,304 - utils.logger - INFO - Cur epoch 24 loss MSE:0.1704
2021-06-05 08:27:44,305 - utils.logger - INFO - saving the model at the end of epoch 24, iters 144
2021-06-05 08:27:44,645 - utils.logger - INFO - End of training epoch 24 / 50 	 Time Taken: 1 sec, Data loading: 0 sec
2021-06-05 08:27:44,645 - utils.logger - INFO - learning rate = 0.0000084
2021-06-05 08:27:45,021 - utils.logger - INFO - Trn result of epoch 24 / 50 mse 0.0311 rmse 0.1764 pcc 0.5604 ccc 0.3955
2021-06-05 08:27:45,152 - utils.logger - INFO - Val result of epoch 24 / 50 mse 0.0339 rmse 0.1840 pcc 0.3815 ccc 0.3146
2021-06-05 08:27:45,556 - utils.logger - INFO - Cur epoch 25 loss MSE:0.1688
2021-06-05 08:27:45,958 - utils.logger - INFO - Cur epoch 25 loss MSE:0.1032
2021-06-05 08:27:46,281 - utils.logger - INFO - Cur epoch 25 loss MSE:0.1641
2021-06-05 08:27:46,282 - utils.logger - INFO - saving the model at the end of epoch 25, iters 150
2021-06-05 08:27:46,626 - utils.logger - INFO - End of training epoch 25 / 50 	 Time Taken: 1 sec, Data loading: 0 sec
2021-06-05 08:27:46,626 - utils.logger - INFO - learning rate = 0.0000081
2021-06-05 08:27:47,006 - utils.logger - INFO - Trn result of epoch 25 / 50 mse 0.0309 rmse 0.1759 pcc 0.5510 ccc 0.4987
2021-06-05 08:27:47,134 - utils.logger - INFO - Val result of epoch 25 / 50 mse 0.0441 rmse 0.2101 pcc 0.3433 ccc 0.3378
2021-06-05 08:27:47,532 - utils.logger - INFO - Cur epoch 26 loss MSE:0.0938
2021-06-05 08:27:47,943 - utils.logger - INFO - Cur epoch 26 loss MSE:0.1044
2021-06-05 08:27:48,267 - utils.logger - INFO - Cur epoch 26 loss MSE:5.2663
2021-06-05 08:27:48,269 - utils.logger - INFO - saving the model at the end of epoch 26, iters 156
2021-06-05 08:27:48,572 - utils.logger - INFO - End of training epoch 26 / 50 	 Time Taken: 1 sec, Data loading: 0 sec
2021-06-05 08:27:48,572 - utils.logger - INFO - learning rate = 0.0000077
2021-06-05 08:27:48,939 - utils.logger - INFO - Trn result of epoch 26 / 50 mse 0.0346 rmse 0.1861 pcc 0.5363 ccc 0.4633
2021-06-05 08:27:49,066 - utils.logger - INFO - Val result of epoch 26 / 50 mse 0.0441 rmse 0.2101 pcc 0.3380 ccc 0.3162
2021-06-05 08:27:49,465 - utils.logger - INFO - Cur epoch 27 loss MSE:0.3785
2021-06-05 08:27:49,872 - utils.logger - INFO - Cur epoch 27 loss MSE:0.0653
2021-06-05 08:27:50,195 - utils.logger - INFO - Cur epoch 27 loss MSE:0.0960
2021-06-05 08:27:50,195 - utils.logger - INFO - saving the model at the end of epoch 27, iters 162
2021-06-05 08:27:50,580 - utils.logger - INFO - End of training epoch 27 / 50 	 Time Taken: 1 sec, Data loading: 0 sec
2021-06-05 08:27:50,580 - utils.logger - INFO - learning rate = 0.0000074
2021-06-05 08:27:50,968 - utils.logger - INFO - Trn result of epoch 27 / 50 mse 0.0299 rmse 0.1728 pcc 0.5692 ccc 0.4960
2021-06-05 08:27:51,097 - utils.logger - INFO - Val result of epoch 27 / 50 mse 0.0400 rmse 0.1999 pcc 0.3772 ccc 0.3678
2021-06-05 08:27:51,491 - utils.logger - INFO - Cur epoch 28 loss MSE:0.2108
2021-06-05 08:27:51,889 - utils.logger - INFO - Cur epoch 28 loss MSE:0.0539
2021-06-05 08:27:52,230 - utils.logger - INFO - Cur epoch 28 loss MSE:0.0088
2021-06-05 08:27:52,230 - utils.logger - INFO - saving the model at the end of epoch 28, iters 168
2021-06-05 08:27:52,529 - utils.logger - INFO - End of training epoch 28 / 50 	 Time Taken: 1 sec, Data loading: 0 sec
2021-06-05 08:27:52,530 - utils.logger - INFO - learning rate = 0.0000071
2021-06-05 08:27:52,893 - utils.logger - INFO - Trn result of epoch 28 / 50 mse 0.0379 rmse 0.1946 pcc 0.5082 ccc 0.3879
2021-06-05 08:27:53,018 - utils.logger - INFO - Val result of epoch 28 / 50 mse 0.0475 rmse 0.2179 pcc 0.2574 ccc 0.2004
2021-06-05 08:27:53,412 - utils.logger - INFO - Cur epoch 29 loss MSE:0.0522
2021-06-05 08:27:53,813 - utils.logger - INFO - Cur epoch 29 loss MSE:0.1611
2021-06-05 08:27:54,143 - utils.logger - INFO - Cur epoch 29 loss MSE:0.2423
2021-06-05 08:27:54,143 - utils.logger - INFO - saving the model at the end of epoch 29, iters 174
2021-06-05 08:27:54,453 - utils.logger - INFO - End of training epoch 29 / 50 	 Time Taken: 1 sec, Data loading: 0 sec
2021-06-05 08:27:54,453 - utils.logger - INFO - learning rate = 0.0000068
2021-06-05 08:27:54,823 - utils.logger - INFO - Trn result of epoch 29 / 50 mse 0.0309 rmse 0.1757 pcc 0.5554 ccc 0.4292
2021-06-05 08:27:54,951 - utils.logger - INFO - Val result of epoch 29 / 50 mse 0.0379 rmse 0.1948 pcc 0.2876 ccc 0.2340
2021-06-05 08:27:55,330 - utils.logger - INFO - Cur epoch 30 loss MSE:0.0146
2021-06-05 08:27:55,732 - utils.logger - INFO - Cur epoch 30 loss MSE:0.2000
2021-06-05 08:27:56,078 - utils.logger - INFO - Cur epoch 30 loss MSE:0.1101
2021-06-05 08:27:56,079 - utils.logger - INFO - saving the model at the end of epoch 30, iters 180
2021-06-05 08:27:56,392 - utils.logger - INFO - End of training epoch 30 / 50 	 Time Taken: 1 sec, Data loading: 0 sec
2021-06-05 08:27:56,393 - utils.logger - INFO - learning rate = 0.0000065
2021-06-05 08:27:56,777 - utils.logger - INFO - Trn result of epoch 30 / 50 mse 0.0294 rmse 0.1715 pcc 0.5843 ccc 0.4686
2021-06-05 08:27:56,912 - utils.logger - INFO - Val result of epoch 30 / 50 mse 0.0342 rmse 0.1850 pcc 0.4334 ccc 0.4079
2021-06-05 08:27:57,320 - utils.logger - INFO - Cur epoch 31 loss MSE:0.0477
2021-06-05 08:27:57,721 - utils.logger - INFO - Cur epoch 31 loss MSE:0.2796
2021-06-05 08:27:58,052 - utils.logger - INFO - Cur epoch 31 loss MSE:0.0126
2021-06-05 08:27:58,053 - utils.logger - INFO - saving the model at the end of epoch 31, iters 186
2021-06-05 08:27:58,358 - utils.logger - INFO - End of training epoch 31 / 50 	 Time Taken: 1 sec, Data loading: 0 sec
2021-06-05 08:27:58,358 - utils.logger - INFO - learning rate = 0.0000061
2021-06-05 08:27:58,735 - utils.logger - INFO - Trn result of epoch 31 / 50 mse 0.0319 rmse 0.1785 pcc 0.5373 ccc 0.4424
2021-06-05 08:27:58,862 - utils.logger - INFO - Val result of epoch 31 / 50 mse 0.0372 rmse 0.1929 pcc 0.4455 ccc 0.4234
2021-06-05 08:27:59,256 - utils.logger - INFO - Cur epoch 32 loss MSE:0.0024
2021-06-05 08:27:59,645 - utils.logger - INFO - Cur epoch 32 loss MSE:0.3329
2021-06-05 08:27:59,970 - utils.logger - INFO - Cur epoch 32 loss MSE:0.3666
2021-06-05 08:27:59,971 - utils.logger - INFO - saving the model at the end of epoch 32, iters 192
2021-06-05 08:28:00,310 - utils.logger - INFO - End of training epoch 32 / 50 	 Time Taken: 1 sec, Data loading: 0 sec
2021-06-05 08:28:00,310 - utils.logger - INFO - learning rate = 0.0000058
2021-06-05 08:28:00,672 - utils.logger - INFO - Trn result of epoch 32 / 50 mse 0.0315 rmse 0.1774 pcc 0.5630 ccc 0.4746
2021-06-05 08:28:00,801 - utils.logger - INFO - Val result of epoch 32 / 50 mse 0.0364 rmse 0.1908 pcc 0.4350 ccc 0.4232
2021-06-05 08:28:01,212 - utils.logger - INFO - Cur epoch 33 loss MSE:0.1142
2021-06-05 08:28:01,614 - utils.logger - INFO - Cur epoch 33 loss MSE:0.2035
2021-06-05 08:28:01,952 - utils.logger - INFO - Cur epoch 33 loss MSE:0.8502
2021-06-05 08:28:01,952 - utils.logger - INFO - saving the model at the end of epoch 33, iters 198
2021-06-05 08:28:02,272 - utils.logger - INFO - End of training epoch 33 / 50 	 Time Taken: 1 sec, Data loading: 0 sec
2021-06-05 08:28:02,273 - utils.logger - INFO - learning rate = 0.0000055
2021-06-05 08:28:02,654 - utils.logger - INFO - Trn result of epoch 33 / 50 mse 0.0656 rmse 0.2562 pcc 0.3012 ccc 0.1855
2021-06-05 08:28:02,782 - utils.logger - INFO - Val result of epoch 33 / 50 mse 0.0529 rmse 0.2300 pcc 0.4175 ccc 0.2998
2021-06-05 08:28:03,167 - utils.logger - INFO - Cur epoch 34 loss MSE:0.2939
2021-06-05 08:28:03,577 - utils.logger - INFO - Cur epoch 34 loss MSE:0.0204
2021-06-05 08:28:03,902 - utils.logger - INFO - Cur epoch 34 loss MSE:0.1136
2021-06-05 08:28:03,902 - utils.logger - INFO - saving the model at the end of epoch 34, iters 204
2021-06-05 08:28:04,214 - utils.logger - INFO - End of training epoch 34 / 50 	 Time Taken: 1 sec, Data loading: 0 sec
2021-06-05 08:28:04,214 - utils.logger - INFO - learning rate = 0.0000052
2021-06-05 08:28:04,577 - utils.logger - INFO - Trn result of epoch 34 / 50 mse 0.0296 rmse 0.1720 pcc 0.5934 ccc 0.4482
2021-06-05 08:28:04,709 - utils.logger - INFO - Val result of epoch 34 / 50 mse 0.0369 rmse 0.1921 pcc 0.3166 ccc 0.2457
2021-06-05 08:28:05,113 - utils.logger - INFO - Cur epoch 35 loss MSE:0.0522
2021-06-05 08:28:05,504 - utils.logger - INFO - Cur epoch 35 loss MSE:2.0595
2021-06-05 08:28:05,839 - utils.logger - INFO - Cur epoch 35 loss MSE:0.1474
2021-06-05 08:28:05,839 - utils.logger - INFO - saving the model at the end of epoch 35, iters 210
2021-06-05 08:28:06,147 - utils.logger - INFO - End of training epoch 35 / 50 	 Time Taken: 1 sec, Data loading: 0 sec
2021-06-05 08:28:06,147 - utils.logger - INFO - learning rate = 0.0000048
2021-06-05 08:28:06,525 - utils.logger - INFO - Trn result of epoch 35 / 50 mse 0.0295 rmse 0.1717 pcc 0.5781 ccc 0.4649
2021-06-05 08:28:06,654 - utils.logger - INFO - Val result of epoch 35 / 50 mse 0.0332 rmse 0.1823 pcc 0.4504 ccc 0.4292
2021-06-05 08:28:07,048 - utils.logger - INFO - Cur epoch 36 loss MSE:0.0515
2021-06-05 08:28:07,447 - utils.logger - INFO - Cur epoch 36 loss MSE:0.2482
2021-06-05 08:28:07,780 - utils.logger - INFO - Cur epoch 36 loss MSE:2.6672
2021-06-05 08:28:07,780 - utils.logger - INFO - saving the model at the end of epoch 36, iters 216
2021-06-05 08:28:08,076 - utils.logger - INFO - End of training epoch 36 / 50 	 Time Taken: 1 sec, Data loading: 0 sec
2021-06-05 08:28:08,077 - utils.logger - INFO - learning rate = 0.0000045
2021-06-05 08:28:08,452 - utils.logger - INFO - Trn result of epoch 36 / 50 mse 0.0303 rmse 0.1741 pcc 0.5729 ccc 0.5048
2021-06-05 08:28:08,579 - utils.logger - INFO - Val result of epoch 36 / 50 mse 0.0364 rmse 0.1908 pcc 0.4440 ccc 0.4374
2021-06-05 08:28:08,993 - utils.logger - INFO - Cur epoch 37 loss MSE:0.0698
2021-06-05 08:28:09,388 - utils.logger - INFO - Cur epoch 37 loss MSE:0.0140
2021-06-05 08:28:09,715 - utils.logger - INFO - Cur epoch 37 loss MSE:1.4147
2021-06-05 08:28:09,715 - utils.logger - INFO - saving the model at the end of epoch 37, iters 222
2021-06-05 08:28:10,044 - utils.logger - INFO - End of training epoch 37 / 50 	 Time Taken: 1 sec, Data loading: 0 sec
2021-06-05 08:28:10,044 - utils.logger - INFO - learning rate = 0.0000042
2021-06-05 08:28:10,429 - utils.logger - INFO - Trn result of epoch 37 / 50 mse 0.0326 rmse 0.1806 pcc 0.5825 ccc 0.5002
2021-06-05 08:28:10,558 - utils.logger - INFO - Val result of epoch 37 / 50 mse 0.0438 rmse 0.2093 pcc 0.3906 ccc 0.3683
2021-06-05 08:28:10,947 - utils.logger - INFO - Cur epoch 38 loss MSE:0.1814
2021-06-05 08:28:11,358 - utils.logger - INFO - Cur epoch 38 loss MSE:0.0006
2021-06-05 08:28:11,702 - utils.logger - INFO - Cur epoch 38 loss MSE:0.3268
2021-06-05 08:28:11,702 - utils.logger - INFO - saving the model at the end of epoch 38, iters 228
2021-06-05 08:28:12,016 - utils.logger - INFO - End of training epoch 38 / 50 	 Time Taken: 1 sec, Data loading: 0 sec
2021-06-05 08:28:12,017 - utils.logger - INFO - learning rate = 0.0000039
2021-06-05 08:28:12,385 - utils.logger - INFO - Trn result of epoch 38 / 50 mse 0.0292 rmse 0.1710 pcc 0.5831 ccc 0.5353
2021-06-05 08:28:12,513 - utils.logger - INFO - Val result of epoch 38 / 50 mse 0.0422 rmse 0.2055 pcc 0.4060 ccc 0.4036
2021-06-05 08:28:12,915 - utils.logger - INFO - Cur epoch 39 loss MSE:0.0861
2021-06-05 08:28:13,332 - utils.logger - INFO - Cur epoch 39 loss MSE:0.2590
2021-06-05 08:28:13,683 - utils.logger - INFO - Cur epoch 39 loss MSE:0.0637
2021-06-05 08:28:13,683 - utils.logger - INFO - saving the model at the end of epoch 39, iters 234
2021-06-05 08:28:13,981 - utils.logger - INFO - End of training epoch 39 / 50 	 Time Taken: 1 sec, Data loading: 0 sec
2021-06-05 08:28:13,982 - utils.logger - INFO - learning rate = 0.0000035
2021-06-05 08:28:14,355 - utils.logger - INFO - Trn result of epoch 39 / 50 mse 0.0328 rmse 0.1810 pcc 0.5416 ccc 0.4435
2021-06-05 08:28:14,481 - utils.logger - INFO - Val result of epoch 39 / 50 mse 0.0378 rmse 0.1944 pcc 0.3636 ccc 0.3311
2021-06-05 08:28:14,887 - utils.logger - INFO - Cur epoch 40 loss MSE:0.3490
2021-06-05 08:28:15,294 - utils.logger - INFO - Cur epoch 40 loss MSE:0.2378
2021-06-05 08:28:15,615 - utils.logger - INFO - Cur epoch 40 loss MSE:0.2007
2021-06-05 08:28:15,615 - utils.logger - INFO - saving the model at the end of epoch 40, iters 240
2021-06-05 08:28:15,922 - utils.logger - INFO - End of training epoch 40 / 50 	 Time Taken: 1 sec, Data loading: 0 sec
2021-06-05 08:28:15,922 - utils.logger - INFO - learning rate = 0.0000032
2021-06-05 08:28:16,292 - utils.logger - INFO - Trn result of epoch 40 / 50 mse 0.0314 rmse 0.1772 pcc 0.5398 ccc 0.4826
2021-06-05 08:28:16,425 - utils.logger - INFO - Val result of epoch 40 / 50 mse 0.0406 rmse 0.2014 pcc 0.4174 ccc 0.4143
2021-06-05 08:28:16,825 - utils.logger - INFO - Cur epoch 41 loss MSE:0.2876
2021-06-05 08:28:17,240 - utils.logger - INFO - Cur epoch 41 loss MSE:0.2861
2021-06-05 08:28:17,578 - utils.logger - INFO - Cur epoch 41 loss MSE:0.7135
2021-06-05 08:28:17,578 - utils.logger - INFO - saving the model at the end of epoch 41, iters 246
2021-06-05 08:28:17,875 - utils.logger - INFO - End of training epoch 41 / 50 	 Time Taken: 1 sec, Data loading: 0 sec
2021-06-05 08:28:17,876 - utils.logger - INFO - learning rate = 0.0000029
2021-06-05 08:28:18,244 - utils.logger - INFO - Trn result of epoch 41 / 50 mse 0.0302 rmse 0.1736 pcc 0.5758 ccc 0.5095
2021-06-05 08:28:18,372 - utils.logger - INFO - Val result of epoch 41 / 50 mse 0.0426 rmse 0.2063 pcc 0.3883 ccc 0.3714
2021-06-05 08:28:18,786 - utils.logger - INFO - Cur epoch 42 loss MSE:0.0865
2021-06-05 08:28:19,269 - utils.logger - INFO - Cur epoch 42 loss MSE:0.0323
2021-06-05 08:28:19,622 - utils.logger - INFO - Cur epoch 42 loss MSE:0.2514
2021-06-05 08:28:19,622 - utils.logger - INFO - saving the model at the end of epoch 42, iters 252
2021-06-05 08:28:19,920 - utils.logger - INFO - End of training epoch 42 / 50 	 Time Taken: 1 sec, Data loading: 0 sec
2021-06-05 08:28:19,920 - utils.logger - INFO - learning rate = 0.0000026
2021-06-05 08:28:20,296 - utils.logger - INFO - Trn result of epoch 42 / 50 mse 0.0290 rmse 0.1704 pcc 0.5837 ccc 0.5266
2021-06-05 08:28:20,425 - utils.logger - INFO - Val result of epoch 42 / 50 mse 0.0365 rmse 0.1911 pcc 0.4503 ccc 0.4447
2021-06-05 08:28:20,817 - utils.logger - INFO - Cur epoch 43 loss MSE:0.1768
2021-06-05 08:28:21,224 - utils.logger - INFO - Cur epoch 43 loss MSE:0.0526
2021-06-05 08:28:21,552 - utils.logger - INFO - Cur epoch 43 loss MSE:0.3204
2021-06-05 08:28:21,552 - utils.logger - INFO - saving the model at the end of epoch 43, iters 258
2021-06-05 08:28:21,870 - utils.logger - INFO - End of training epoch 43 / 50 	 Time Taken: 1 sec, Data loading: 0 sec
2021-06-05 08:28:21,870 - utils.logger - INFO - learning rate = 0.0000023
2021-06-05 08:28:22,237 - utils.logger - INFO - Trn result of epoch 43 / 50 mse 0.0275 rmse 0.1657 pcc 0.6220 ccc 0.5517
2021-06-05 08:28:22,366 - utils.logger - INFO - Val result of epoch 43 / 50 mse 0.0383 rmse 0.1956 pcc 0.4335 ccc 0.4294
2021-06-05 08:28:22,765 - utils.logger - INFO - Cur epoch 44 loss MSE:0.2049
2021-06-05 08:28:23,173 - utils.logger - INFO - Cur epoch 44 loss MSE:0.1106
2021-06-05 08:28:23,499 - utils.logger - INFO - Cur epoch 44 loss MSE:0.1875
2021-06-05 08:28:23,499 - utils.logger - INFO - saving the model at the end of epoch 44, iters 264
2021-06-05 08:28:23,803 - utils.logger - INFO - End of training epoch 44 / 50 	 Time Taken: 1 sec, Data loading: 0 sec
2021-06-05 08:28:23,804 - utils.logger - INFO - learning rate = 0.0000019
2021-06-05 08:28:24,178 - utils.logger - INFO - Trn result of epoch 44 / 50 mse 0.0278 rmse 0.1667 pcc 0.6105 ccc 0.5405
2021-06-05 08:28:24,303 - utils.logger - INFO - Val result of epoch 44 / 50 mse 0.0418 rmse 0.2044 pcc 0.4090 ccc 0.4074
2021-06-05 08:28:24,694 - utils.logger - INFO - Cur epoch 45 loss MSE:0.0332
2021-06-05 08:28:25,091 - utils.logger - INFO - Cur epoch 45 loss MSE:0.0319
2021-06-05 08:28:25,426 - utils.logger - INFO - Cur epoch 45 loss MSE:0.2474
2021-06-05 08:28:25,426 - utils.logger - INFO - saving the model at the end of epoch 45, iters 270
2021-06-05 08:28:25,726 - utils.logger - INFO - End of training epoch 45 / 50 	 Time Taken: 1 sec, Data loading: 0 sec
2021-06-05 08:28:25,726 - utils.logger - INFO - learning rate = 0.0000016
2021-06-05 08:28:26,088 - utils.logger - INFO - Trn result of epoch 45 / 50 mse 0.0281 rmse 0.1677 pcc 0.6102 ccc 0.5348
2021-06-05 08:28:26,221 - utils.logger - INFO - Val result of epoch 45 / 50 mse 0.0372 rmse 0.1928 pcc 0.4404 ccc 0.4334
2021-06-05 08:28:26,632 - utils.logger - INFO - Cur epoch 46 loss MSE:0.0445
2021-06-05 08:28:27,013 - utils.logger - INFO - Cur epoch 46 loss MSE:2.3969
2021-06-05 08:28:27,350 - utils.logger - INFO - Cur epoch 46 loss MSE:0.1388
2021-06-05 08:28:27,350 - utils.logger - INFO - saving the model at the end of epoch 46, iters 276
2021-06-05 08:28:27,664 - utils.logger - INFO - End of training epoch 46 / 50 	 Time Taken: 1 sec, Data loading: 0 sec
2021-06-05 08:28:27,664 - utils.logger - INFO - learning rate = 0.0000013
2021-06-05 08:28:28,059 - utils.logger - INFO - Trn result of epoch 46 / 50 mse 0.0265 rmse 0.1629 pcc 0.6308 ccc 0.5539
2021-06-05 08:28:28,198 - utils.logger - INFO - Val result of epoch 46 / 50 mse 0.0411 rmse 0.2028 pcc 0.4054 ccc 0.4009
2021-06-05 08:28:28,604 - utils.logger - INFO - Cur epoch 47 loss MSE:0.0006
2021-06-05 08:28:29,011 - utils.logger - INFO - Cur epoch 47 loss MSE:0.0444
2021-06-05 08:28:29,359 - utils.logger - INFO - Cur epoch 47 loss MSE:0.0739
2021-06-05 08:28:29,359 - utils.logger - INFO - saving the model at the end of epoch 47, iters 282
2021-06-05 08:28:29,673 - utils.logger - INFO - End of training epoch 47 / 50 	 Time Taken: 1 sec, Data loading: 0 sec
2021-06-05 08:28:29,674 - utils.logger - INFO - learning rate = 0.0000010
2021-06-05 08:28:30,043 - utils.logger - INFO - Trn result of epoch 47 / 50 mse 0.0280 rmse 0.1674 pcc 0.6029 ccc 0.5242
2021-06-05 08:28:30,172 - utils.logger - INFO - Val result of epoch 47 / 50 mse 0.0376 rmse 0.1940 pcc 0.4271 ccc 0.4196
2021-06-05 08:28:30,611 - utils.logger - INFO - Cur epoch 48 loss MSE:0.2227
2021-06-05 08:28:31,013 - utils.logger - INFO - Cur epoch 48 loss MSE:0.0827
2021-06-05 08:28:31,380 - utils.logger - INFO - Cur epoch 48 loss MSE:0.4540
2021-06-05 08:28:31,381 - utils.logger - INFO - saving the model at the end of epoch 48, iters 288
2021-06-05 08:28:31,788 - utils.logger - INFO - End of training epoch 48 / 50 	 Time Taken: 1 sec, Data loading: 0 sec
2021-06-05 08:28:31,788 - utils.logger - INFO - learning rate = 0.0000006
2021-06-05 08:28:32,167 - utils.logger - INFO - Trn result of epoch 48 / 50 mse 0.0269 rmse 0.1639 pcc 0.6267 ccc 0.5443
2021-06-05 08:28:32,297 - utils.logger - INFO - Val result of epoch 48 / 50 mse 0.0363 rmse 0.1906 pcc 0.4434 ccc 0.4352
2021-06-05 08:28:32,709 - utils.logger - INFO - Cur epoch 49 loss MSE:0.0978
2021-06-05 08:28:33,123 - utils.logger - INFO - Cur epoch 49 loss MSE:0.0470
2021-06-05 08:28:33,450 - utils.logger - INFO - Cur epoch 49 loss MSE:0.5728
2021-06-05 08:28:33,450 - utils.logger - INFO - saving the model at the end of epoch 49, iters 294
2021-06-05 08:28:33,761 - utils.logger - INFO - End of training epoch 49 / 50 	 Time Taken: 1 sec, Data loading: 0 sec
2021-06-05 08:28:33,761 - utils.logger - INFO - learning rate = 0.0000003
2021-06-05 08:28:34,141 - utils.logger - INFO - Trn result of epoch 49 / 50 mse 0.0289 rmse 0.1701 pcc 0.5840 ccc 0.5116
2021-06-05 08:28:34,269 - utils.logger - INFO - Val result of epoch 49 / 50 mse 0.0361 rmse 0.1900 pcc 0.4441 ccc 0.4359
2021-06-05 08:28:34,680 - utils.logger - INFO - Cur epoch 50 loss MSE:0.0613
2021-06-05 08:28:35,080 - utils.logger - INFO - Cur epoch 50 loss MSE:0.0750
2021-06-05 08:28:35,400 - utils.logger - INFO - Cur epoch 50 loss MSE:0.2565
2021-06-05 08:28:35,400 - utils.logger - INFO - saving the model at the end of epoch 50, iters 300
2021-06-05 08:28:35,916 - utils.logger - INFO - End of training epoch 50 / 50 	 Time Taken: 1 sec, Data loading: 0 sec
2021-06-05 08:28:35,916 - utils.logger - INFO - learning rate = 0.0000000
2021-06-05 08:28:36,292 - utils.logger - INFO - Trn result of epoch 50 / 50 mse 0.0264 rmse 0.1624 pcc 0.6333 ccc 0.5552
2021-06-05 08:28:36,422 - utils.logger - INFO - Val result of epoch 50 / 50 mse 0.0362 rmse 0.1902 pcc 0.4432 ccc 0.4344
2021-06-05 08:28:36,422 - utils.logger - INFO - Best eval epoch 42 found with ccc 0.444652
2021-06-05 08:28:36,422 - utils.logger - INFO - baseline_fcfusion_norm_egemaps_valence_hidden1024_seq100_run2
