2021-06-19 17:05:47,632 - utils.logger - INFO - The number of training samples = 41
2021-06-19 17:05:50,225 - utils.logger - INFO - Cur epoch 1 loss ccc:0.1102
2021-06-19 17:05:50,628 - utils.logger - INFO - Cur epoch 1 loss ccc:0.1167
2021-06-19 17:05:50,963 - utils.logger - INFO - Cur epoch 1 loss ccc:0.9987
2021-06-19 17:05:50,963 - utils.logger - INFO - saving the model at the end of epoch 1, iters 6
2021-06-19 17:05:51,182 - utils.logger - INFO - End of training epoch 1 / 70 	 Time Taken: 1 sec, Data loading: 0 sec
2021-06-19 17:05:51,182 - utils.logger - INFO - learning rate = 0.0000500
2021-06-19 17:05:51,539 - utils.logger - INFO - Trn result of epoch 1 / 70 mse 0.1096 rmse 0.3311 pcc -0.0436 ccc -0.0053
2021-06-19 17:05:51,664 - utils.logger - INFO - Val result of epoch 1 / 70 mse 0.1258 rmse 0.3546 pcc 0.1769 ccc 0.0251
2021-06-19 17:05:52,034 - utils.logger - INFO - Cur epoch 2 loss ccc:0.1240
2021-06-19 17:05:52,405 - utils.logger - INFO - Cur epoch 2 loss ccc:0.1269
2021-06-19 17:05:52,719 - utils.logger - INFO - Cur epoch 2 loss ccc:0.9989
2021-06-19 17:05:52,719 - utils.logger - INFO - saving the model at the end of epoch 2, iters 12
2021-06-19 17:05:52,957 - utils.logger - INFO - End of training epoch 2 / 70 	 Time Taken: 1 sec, Data loading: 0 sec
2021-06-19 17:05:52,957 - utils.logger - INFO - learning rate = 0.0000500
2021-06-19 17:05:53,325 - utils.logger - INFO - Trn result of epoch 2 / 70 mse 0.1124 rmse 0.3352 pcc 0.0389 ccc 0.0017
2021-06-19 17:05:53,449 - utils.logger - INFO - Val result of epoch 2 / 70 mse 0.1281 rmse 0.3580 pcc 0.1902 ccc 0.0089
2021-06-19 17:05:53,838 - utils.logger - INFO - Cur epoch 3 loss ccc:0.1081
2021-06-19 17:05:54,211 - utils.logger - INFO - Cur epoch 3 loss ccc:0.1201
2021-06-19 17:05:54,508 - utils.logger - INFO - Cur epoch 3 loss ccc:0.9968
2021-06-19 17:05:54,508 - utils.logger - INFO - saving the model at the end of epoch 3, iters 18
2021-06-19 17:05:54,737 - utils.logger - INFO - End of training epoch 3 / 70 	 Time Taken: 1 sec, Data loading: 0 sec
2021-06-19 17:05:54,737 - utils.logger - INFO - learning rate = 0.0000500
2021-06-19 17:05:55,095 - utils.logger - INFO - Trn result of epoch 3 / 70 mse 0.1112 rmse 0.3334 pcc 0.0495 ccc 0.0027
2021-06-19 17:05:55,218 - utils.logger - INFO - Val result of epoch 3 / 70 mse 0.1269 rmse 0.3562 pcc 0.2419 ccc 0.0152
2021-06-19 17:05:55,582 - utils.logger - INFO - Cur epoch 4 loss ccc:0.1255
2021-06-19 17:05:55,957 - utils.logger - INFO - Cur epoch 4 loss ccc:0.1180
2021-06-19 17:05:56,277 - utils.logger - INFO - Cur epoch 4 loss ccc:0.9893
2021-06-19 17:05:56,278 - utils.logger - INFO - saving the model at the end of epoch 4, iters 24
2021-06-19 17:05:56,543 - utils.logger - INFO - End of training epoch 4 / 70 	 Time Taken: 1 sec, Data loading: 0 sec
2021-06-19 17:05:56,543 - utils.logger - INFO - learning rate = 0.0000500
2021-06-19 17:05:56,901 - utils.logger - INFO - Trn result of epoch 4 / 70 mse 0.1094 rmse 0.3307 pcc 0.0330 ccc 0.0030
2021-06-19 17:05:57,027 - utils.logger - INFO - Val result of epoch 4 / 70 mse 0.1257 rmse 0.3545 pcc 0.2198 ccc 0.0227
2021-06-19 17:05:57,395 - utils.logger - INFO - Cur epoch 5 loss ccc:0.1252
2021-06-19 17:05:57,776 - utils.logger - INFO - Cur epoch 5 loss ccc:0.1151
2021-06-19 17:05:58,091 - utils.logger - INFO - Cur epoch 5 loss ccc:1.0336
2021-06-19 17:05:58,091 - utils.logger - INFO - saving the model at the end of epoch 5, iters 30
2021-06-19 17:05:58,330 - utils.logger - INFO - End of training epoch 5 / 70 	 Time Taken: 1 sec, Data loading: 0 sec
2021-06-19 17:05:58,330 - utils.logger - INFO - learning rate = 0.0000500
2021-06-19 17:05:58,684 - utils.logger - INFO - Trn result of epoch 5 / 70 mse 0.1094 rmse 0.3308 pcc 0.1564 ccc 0.0053
2021-06-19 17:05:58,808 - utils.logger - INFO - Val result of epoch 5 / 70 mse 0.1285 rmse 0.3585 pcc -0.0364 ccc -0.0013
2021-06-19 17:05:59,189 - utils.logger - INFO - Cur epoch 6 loss ccc:0.1251
2021-06-19 17:05:59,556 - utils.logger - INFO - Cur epoch 6 loss ccc:0.1250
2021-06-19 17:05:59,869 - utils.logger - INFO - Cur epoch 6 loss ccc:0.9555
2021-06-19 17:05:59,869 - utils.logger - INFO - saving the model at the end of epoch 6, iters 36
2021-06-19 17:06:00,100 - utils.logger - INFO - End of training epoch 6 / 70 	 Time Taken: 1 sec, Data loading: 0 sec
2021-06-19 17:06:00,101 - utils.logger - INFO - learning rate = 0.0000500
2021-06-19 17:06:00,452 - utils.logger - INFO - Trn result of epoch 6 / 70 mse 0.1082 rmse 0.3290 pcc 0.1380 ccc 0.0036
2021-06-19 17:06:00,577 - utils.logger - INFO - Val result of epoch 6 / 70 mse 0.1274 rmse 0.3569 pcc 0.3170 ccc 0.0079
2021-06-19 17:06:00,947 - utils.logger - INFO - Cur epoch 7 loss ccc:0.1190
2021-06-19 17:06:01,327 - utils.logger - INFO - Cur epoch 7 loss ccc:0.1033
2021-06-19 17:06:01,626 - utils.logger - INFO - Cur epoch 7 loss ccc:0.9907
2021-06-19 17:06:01,626 - utils.logger - INFO - saving the model at the end of epoch 7, iters 42
2021-06-19 17:06:01,862 - utils.logger - INFO - End of training epoch 7 / 70 	 Time Taken: 1 sec, Data loading: 0 sec
2021-06-19 17:06:01,863 - utils.logger - INFO - learning rate = 0.0000500
2021-06-19 17:06:02,219 - utils.logger - INFO - Trn result of epoch 7 / 70 mse 0.1077 rmse 0.3282 pcc 0.0926 ccc 0.0044
2021-06-19 17:06:02,343 - utils.logger - INFO - Val result of epoch 7 / 70 mse 0.1275 rmse 0.3571 pcc 0.2501 ccc 0.0115
2021-06-19 17:06:02,712 - utils.logger - INFO - Cur epoch 8 loss ccc:0.1357
2021-06-19 17:06:03,086 - utils.logger - INFO - Cur epoch 8 loss ccc:0.1373
2021-06-19 17:06:03,401 - utils.logger - INFO - Cur epoch 8 loss ccc:0.8923
2021-06-19 17:06:03,401 - utils.logger - INFO - saving the model at the end of epoch 8, iters 48
2021-06-19 17:06:03,642 - utils.logger - INFO - End of training epoch 8 / 70 	 Time Taken: 1 sec, Data loading: 0 sec
2021-06-19 17:06:03,642 - utils.logger - INFO - learning rate = 0.0000500
2021-06-19 17:06:04,002 - utils.logger - INFO - Trn result of epoch 8 / 70 mse 0.1077 rmse 0.3282 pcc 0.1160 ccc 0.0077
2021-06-19 17:06:04,127 - utils.logger - INFO - Val result of epoch 8 / 70 mse 0.1267 rmse 0.3559 pcc 0.2354 ccc 0.0156
2021-06-19 17:06:04,537 - utils.logger - INFO - Cur epoch 9 loss ccc:0.1153
2021-06-19 17:06:04,920 - utils.logger - INFO - Cur epoch 9 loss ccc:0.0983
2021-06-19 17:06:05,245 - utils.logger - INFO - Cur epoch 9 loss ccc:0.9986
2021-06-19 17:06:05,245 - utils.logger - INFO - saving the model at the end of epoch 9, iters 54
2021-06-19 17:06:05,487 - utils.logger - INFO - End of training epoch 9 / 70 	 Time Taken: 1 sec, Data loading: 0 sec
2021-06-19 17:06:05,487 - utils.logger - INFO - learning rate = 0.0000500
2021-06-19 17:06:05,842 - utils.logger - INFO - Trn result of epoch 9 / 70 mse 0.1076 rmse 0.3281 pcc 0.1071 ccc 0.0076
2021-06-19 17:06:05,966 - utils.logger - INFO - Val result of epoch 9 / 70 mse 0.1272 rmse 0.3567 pcc 0.1910 ccc 0.0123
2021-06-19 17:06:06,348 - utils.logger - INFO - Cur epoch 10 loss ccc:0.1181
2021-06-19 17:06:06,722 - utils.logger - INFO - Cur epoch 10 loss ccc:0.1223
2021-06-19 17:06:07,020 - utils.logger - INFO - Cur epoch 10 loss ccc:0.9991
2021-06-19 17:06:07,020 - utils.logger - INFO - saving the model at the end of epoch 10, iters 60
2021-06-19 17:06:07,257 - utils.logger - INFO - End of training epoch 10 / 70 	 Time Taken: 1 sec, Data loading: 0 sec
2021-06-19 17:06:07,257 - utils.logger - INFO - learning rate = 0.0000500
2021-06-19 17:06:07,612 - utils.logger - INFO - Trn result of epoch 10 / 70 mse 0.1074 rmse 0.3277 pcc 0.0846 ccc 0.0103
2021-06-19 17:06:07,734 - utils.logger - INFO - Val result of epoch 10 / 70 mse 0.1264 rmse 0.3555 pcc 0.2186 ccc 0.0255
2021-06-19 17:06:08,099 - utils.logger - INFO - Cur epoch 11 loss ccc:0.1194
2021-06-19 17:06:08,466 - utils.logger - INFO - Cur epoch 11 loss ccc:0.1017
2021-06-19 17:06:08,792 - utils.logger - INFO - Cur epoch 11 loss ccc:1.0255
2021-06-19 17:06:08,792 - utils.logger - INFO - saving the model at the end of epoch 11, iters 66
2021-06-19 17:06:09,031 - utils.logger - INFO - End of training epoch 11 / 70 	 Time Taken: 1 sec, Data loading: 0 sec
2021-06-19 17:06:09,032 - utils.logger - INFO - learning rate = 0.0000500
2021-06-19 17:06:09,391 - utils.logger - INFO - Trn result of epoch 11 / 70 mse 0.1078 rmse 0.3284 pcc 0.0713 ccc 0.0093
2021-06-19 17:06:09,516 - utils.logger - INFO - Val result of epoch 11 / 70 mse 0.1281 rmse 0.3578 pcc 0.2126 ccc 0.0272
2021-06-19 17:06:09,920 - utils.logger - INFO - Cur epoch 12 loss ccc:0.1105
2021-06-19 17:06:10,315 - utils.logger - INFO - Cur epoch 12 loss ccc:0.1111
2021-06-19 17:06:10,627 - utils.logger - INFO - Cur epoch 12 loss ccc:0.9976
2021-06-19 17:06:10,627 - utils.logger - INFO - saving the model at the end of epoch 12, iters 72
2021-06-19 17:06:10,996 - utils.logger - INFO - End of training epoch 12 / 70 	 Time Taken: 1 sec, Data loading: 0 sec
2021-06-19 17:06:10,996 - utils.logger - INFO - learning rate = 0.0000500
2021-06-19 17:06:11,352 - utils.logger - INFO - Trn result of epoch 12 / 70 mse 0.1079 rmse 0.3285 pcc 0.0700 ccc 0.0101
2021-06-19 17:06:11,475 - utils.logger - INFO - Val result of epoch 12 / 70 mse 0.1279 rmse 0.3577 pcc 0.2223 ccc 0.0304
2021-06-19 17:06:11,876 - utils.logger - INFO - Cur epoch 13 loss ccc:0.1249
2021-06-19 17:06:12,283 - utils.logger - INFO - Cur epoch 13 loss ccc:0.1249
2021-06-19 17:06:12,602 - utils.logger - INFO - Cur epoch 13 loss ccc:1.0043
2021-06-19 17:06:12,602 - utils.logger - INFO - saving the model at the end of epoch 13, iters 78
2021-06-19 17:06:12,834 - utils.logger - INFO - End of training epoch 13 / 70 	 Time Taken: 1 sec, Data loading: 0 sec
2021-06-19 17:06:12,834 - utils.logger - INFO - learning rate = 0.0000500
2021-06-19 17:06:13,193 - utils.logger - INFO - Trn result of epoch 13 / 70 mse 0.1088 rmse 0.3299 pcc 0.1600 ccc 0.0112
2021-06-19 17:06:13,318 - utils.logger - INFO - Val result of epoch 13 / 70 mse 0.1270 rmse 0.3564 pcc 0.1935 ccc 0.0105
2021-06-19 17:06:13,678 - utils.logger - INFO - Cur epoch 14 loss ccc:0.1250
2021-06-19 17:06:14,044 - utils.logger - INFO - Cur epoch 14 loss ccc:0.1298
2021-06-19 17:06:14,342 - utils.logger - INFO - Cur epoch 14 loss ccc:0.9867
2021-06-19 17:06:14,343 - utils.logger - INFO - saving the model at the end of epoch 14, iters 84
2021-06-19 17:06:14,576 - utils.logger - INFO - End of training epoch 14 / 70 	 Time Taken: 1 sec, Data loading: 0 sec
2021-06-19 17:06:14,577 - utils.logger - INFO - learning rate = 0.0000500
2021-06-19 17:06:14,932 - utils.logger - INFO - Trn result of epoch 14 / 70 mse 0.1080 rmse 0.3286 pcc 0.2123 ccc 0.0206
2021-06-19 17:06:15,052 - utils.logger - INFO - Val result of epoch 14 / 70 mse 0.1277 rmse 0.3573 pcc 0.0765 ccc 0.0068
2021-06-19 17:06:15,420 - utils.logger - INFO - Cur epoch 15 loss ccc:0.1223
2021-06-19 17:06:15,782 - utils.logger - INFO - Cur epoch 15 loss ccc:0.1417
2021-06-19 17:06:16,079 - utils.logger - INFO - Cur epoch 15 loss ccc:0.9806
2021-06-19 17:06:16,080 - utils.logger - INFO - saving the model at the end of epoch 15, iters 90
2021-06-19 17:06:16,360 - utils.logger - INFO - End of training epoch 15 / 70 	 Time Taken: 1 sec, Data loading: 0 sec
2021-06-19 17:06:16,360 - utils.logger - INFO - learning rate = 0.0000500
2021-06-19 17:06:16,713 - utils.logger - INFO - Trn result of epoch 15 / 70 mse 0.1077 rmse 0.3282 pcc 0.1936 ccc 0.0247
2021-06-19 17:06:16,836 - utils.logger - INFO - Val result of epoch 15 / 70 mse 0.1279 rmse 0.3576 pcc 0.0562 ccc 0.0067
2021-06-19 17:06:17,196 - utils.logger - INFO - Cur epoch 16 loss ccc:0.1199
2021-06-19 17:06:17,558 - utils.logger - INFO - Cur epoch 16 loss ccc:0.1152
2021-06-19 17:06:17,869 - utils.logger - INFO - Cur epoch 16 loss ccc:0.9929
2021-06-19 17:06:17,869 - utils.logger - INFO - saving the model at the end of epoch 16, iters 96
2021-06-19 17:06:18,098 - utils.logger - INFO - End of training epoch 16 / 70 	 Time Taken: 1 sec, Data loading: 0 sec
2021-06-19 17:06:18,099 - utils.logger - INFO - learning rate = 0.0000500
2021-06-19 17:06:18,449 - utils.logger - INFO - Trn result of epoch 16 / 70 mse 0.1073 rmse 0.3276 pcc 0.1663 ccc 0.0194
2021-06-19 17:06:18,572 - utils.logger - INFO - Val result of epoch 16 / 70 mse 0.1275 rmse 0.3570 pcc 0.0887 ccc 0.0097
2021-06-19 17:06:18,930 - utils.logger - INFO - Cur epoch 17 loss ccc:0.1167
2021-06-19 17:06:19,296 - utils.logger - INFO - Cur epoch 17 loss ccc:0.1193
2021-06-19 17:06:19,592 - utils.logger - INFO - Cur epoch 17 loss ccc:0.9999
2021-06-19 17:06:19,592 - utils.logger - INFO - saving the model at the end of epoch 17, iters 102
2021-06-19 17:06:19,823 - utils.logger - INFO - End of training epoch 17 / 70 	 Time Taken: 1 sec, Data loading: 0 sec
2021-06-19 17:06:19,823 - utils.logger - INFO - learning rate = 0.0000500
2021-06-19 17:06:20,173 - utils.logger - INFO - Trn result of epoch 17 / 70 mse 0.1082 rmse 0.3289 pcc 0.0694 ccc 0.0093
2021-06-19 17:06:20,295 - utils.logger - INFO - Val result of epoch 17 / 70 mse 0.1261 rmse 0.3550 pcc 0.1689 ccc 0.0222
2021-06-19 17:06:20,658 - utils.logger - INFO - Cur epoch 18 loss ccc:0.1170
2021-06-19 17:06:21,016 - utils.logger - INFO - Cur epoch 18 loss ccc:0.1139
2021-06-19 17:06:21,331 - utils.logger - INFO - Cur epoch 18 loss ccc:1.0045
2021-06-19 17:06:21,332 - utils.logger - INFO - saving the model at the end of epoch 18, iters 108
2021-06-19 17:06:21,562 - utils.logger - INFO - End of training epoch 18 / 70 	 Time Taken: 1 sec, Data loading: 0 sec
2021-06-19 17:06:21,562 - utils.logger - INFO - learning rate = 0.0000500
2021-06-19 17:06:21,916 - utils.logger - INFO - Trn result of epoch 18 / 70 mse 0.1082 rmse 0.3289 pcc 0.1023 ccc 0.0123
2021-06-19 17:06:22,041 - utils.logger - INFO - Val result of epoch 18 / 70 mse 0.1262 rmse 0.3552 pcc 0.1729 ccc 0.0196
2021-06-19 17:06:22,415 - utils.logger - INFO - Cur epoch 19 loss ccc:0.1219
2021-06-19 17:06:22,773 - utils.logger - INFO - Cur epoch 19 loss ccc:0.1172
2021-06-19 17:06:23,079 - utils.logger - INFO - Cur epoch 19 loss ccc:0.9987
2021-06-19 17:06:23,079 - utils.logger - INFO - saving the model at the end of epoch 19, iters 114
2021-06-19 17:06:23,309 - utils.logger - INFO - End of training epoch 19 / 70 	 Time Taken: 1 sec, Data loading: 0 sec
2021-06-19 17:06:23,310 - utils.logger - INFO - learning rate = 0.0000500
2021-06-19 17:06:23,663 - utils.logger - INFO - Trn result of epoch 19 / 70 mse 0.1075 rmse 0.3278 pcc 0.0903 ccc 0.0143
2021-06-19 17:06:23,786 - utils.logger - INFO - Val result of epoch 19 / 70 mse 0.1258 rmse 0.3547 pcc 0.1858 ccc 0.0270
2021-06-19 17:06:24,151 - utils.logger - INFO - Cur epoch 20 loss ccc:0.1181
2021-06-19 17:06:24,515 - utils.logger - INFO - Cur epoch 20 loss ccc:0.1129
2021-06-19 17:06:24,818 - utils.logger - INFO - Cur epoch 20 loss ccc:1.0254
2021-06-19 17:06:24,818 - utils.logger - INFO - saving the model at the end of epoch 20, iters 120
2021-06-19 17:06:25,091 - utils.logger - INFO - End of training epoch 20 / 70 	 Time Taken: 1 sec, Data loading: 0 sec
2021-06-19 17:06:25,091 - utils.logger - INFO - learning rate = 0.0000500
2021-06-19 17:06:25,444 - utils.logger - INFO - Trn result of epoch 20 / 70 mse 0.1076 rmse 0.3281 pcc 0.0698 ccc 0.0130
2021-06-19 17:06:25,568 - utils.logger - INFO - Val result of epoch 20 / 70 mse 0.1265 rmse 0.3556 pcc 0.1916 ccc 0.0350
2021-06-19 17:06:25,940 - utils.logger - INFO - Cur epoch 21 loss ccc:0.1392
2021-06-19 17:06:26,320 - utils.logger - INFO - Cur epoch 21 loss ccc:0.1169
2021-06-19 17:06:26,662 - utils.logger - INFO - Cur epoch 21 loss ccc:0.9865
2021-06-19 17:06:26,662 - utils.logger - INFO - saving the model at the end of epoch 21, iters 126
2021-06-19 17:06:26,896 - utils.logger - INFO - End of training epoch 21 / 70 	 Time Taken: 1 sec, Data loading: 0 sec
2021-06-19 17:06:26,896 - utils.logger - INFO - learning rate = 0.0000500
2021-06-19 17:06:27,251 - utils.logger - INFO - Trn result of epoch 21 / 70 mse 0.1073 rmse 0.3276 pcc 0.0830 ccc 0.0159
2021-06-19 17:06:27,374 - utils.logger - INFO - Val result of epoch 21 / 70 mse 0.1262 rmse 0.3552 pcc 0.1903 ccc 0.0345
2021-06-19 17:06:27,755 - utils.logger - INFO - Cur epoch 22 loss ccc:0.1146
2021-06-19 17:06:28,140 - utils.logger - INFO - Cur epoch 22 loss ccc:0.1185
2021-06-19 17:06:28,452 - utils.logger - INFO - Cur epoch 22 loss ccc:1.0001
2021-06-19 17:06:28,452 - utils.logger - INFO - saving the model at the end of epoch 22, iters 132
2021-06-19 17:06:28,681 - utils.logger - INFO - End of training epoch 22 / 70 	 Time Taken: 1 sec, Data loading: 0 sec
2021-06-19 17:06:28,681 - utils.logger - INFO - learning rate = 0.0000500
2021-06-19 17:06:29,034 - utils.logger - INFO - Trn result of epoch 22 / 70 mse 0.1074 rmse 0.3277 pcc 0.0999 ccc 0.0162
2021-06-19 17:06:29,156 - utils.logger - INFO - Val result of epoch 22 / 70 mse 0.1254 rmse 0.3542 pcc 0.1949 ccc 0.0300
2021-06-19 17:06:29,521 - utils.logger - INFO - Cur epoch 23 loss ccc:0.1030
2021-06-19 17:06:29,904 - utils.logger - INFO - Cur epoch 23 loss ccc:0.1289
2021-06-19 17:06:30,223 - utils.logger - INFO - Cur epoch 23 loss ccc:0.9996
2021-06-19 17:06:30,224 - utils.logger - INFO - saving the model at the end of epoch 23, iters 138
2021-06-19 17:06:30,460 - utils.logger - INFO - End of training epoch 23 / 70 	 Time Taken: 1 sec, Data loading: 0 sec
2021-06-19 17:06:30,460 - utils.logger - INFO - learning rate = 0.0000500
2021-06-19 17:06:30,821 - utils.logger - INFO - Trn result of epoch 23 / 70 mse 0.1073 rmse 0.3275 pcc 0.0878 ccc 0.0151
2021-06-19 17:06:30,945 - utils.logger - INFO - Val result of epoch 23 / 70 mse 0.1261 rmse 0.3552 pcc 0.1867 ccc 0.0298
2021-06-19 17:06:31,335 - utils.logger - INFO - Cur epoch 24 loss ccc:0.1125
2021-06-19 17:06:31,726 - utils.logger - INFO - Cur epoch 24 loss ccc:0.1259
2021-06-19 17:06:32,026 - utils.logger - INFO - Cur epoch 24 loss ccc:0.9739
2021-06-19 17:06:32,026 - utils.logger - INFO - saving the model at the end of epoch 24, iters 144
2021-06-19 17:06:32,257 - utils.logger - INFO - End of training epoch 24 / 70 	 Time Taken: 1 sec, Data loading: 0 sec
2021-06-19 17:06:32,257 - utils.logger - INFO - learning rate = 0.0000500
2021-06-19 17:06:32,606 - utils.logger - INFO - Trn result of epoch 24 / 70 mse 0.1076 rmse 0.3280 pcc 0.0739 ccc 0.0150
2021-06-19 17:06:32,728 - utils.logger - INFO - Val result of epoch 24 / 70 mse 0.1270 rmse 0.3563 pcc 0.1722 ccc 0.0317
2021-06-19 17:06:33,109 - utils.logger - INFO - Cur epoch 25 loss ccc:0.1105
2021-06-19 17:06:33,475 - utils.logger - INFO - Cur epoch 25 loss ccc:0.1100
2021-06-19 17:06:33,802 - utils.logger - INFO - Cur epoch 25 loss ccc:0.9948
2021-06-19 17:06:33,802 - utils.logger - INFO - saving the model at the end of epoch 25, iters 150
2021-06-19 17:06:34,036 - utils.logger - INFO - End of training epoch 25 / 70 	 Time Taken: 1 sec, Data loading: 0 sec
2021-06-19 17:06:34,037 - utils.logger - INFO - learning rate = 0.0000500
2021-06-19 17:06:34,394 - utils.logger - INFO - Trn result of epoch 25 / 70 mse 0.1071 rmse 0.3272 pcc 0.0991 ccc 0.0218
2021-06-19 17:06:34,516 - utils.logger - INFO - Val result of epoch 25 / 70 mse 0.1270 rmse 0.3563 pcc 0.1730 ccc 0.0343
2021-06-19 17:06:34,905 - utils.logger - INFO - Cur epoch 26 loss ccc:0.1260
2021-06-19 17:06:35,302 - utils.logger - INFO - Cur epoch 26 loss ccc:0.1251
2021-06-19 17:06:35,645 - utils.logger - INFO - Cur epoch 26 loss ccc:1.0465
2021-06-19 17:06:35,645 - utils.logger - INFO - saving the model at the end of epoch 26, iters 156
2021-06-19 17:06:35,883 - utils.logger - INFO - End of training epoch 26 / 70 	 Time Taken: 1 sec, Data loading: 0 sec
2021-06-19 17:06:35,883 - utils.logger - INFO - learning rate = 0.0000500
2021-06-19 17:06:36,239 - utils.logger - INFO - Trn result of epoch 26 / 70 mse 0.1063 rmse 0.3261 pcc 0.1374 ccc 0.0241
2021-06-19 17:06:36,364 - utils.logger - INFO - Val result of epoch 26 / 70 mse 0.1292 rmse 0.3594 pcc 0.0931 ccc 0.0135
2021-06-19 17:06:36,736 - utils.logger - INFO - Cur epoch 27 loss ccc:0.1312
2021-06-19 17:06:37,107 - utils.logger - INFO - Cur epoch 27 loss ccc:0.1367
2021-06-19 17:06:37,420 - utils.logger - INFO - Cur epoch 27 loss ccc:1.0002
2021-06-19 17:06:37,420 - utils.logger - INFO - saving the model at the end of epoch 27, iters 162
2021-06-19 17:06:37,650 - utils.logger - INFO - End of training epoch 27 / 70 	 Time Taken: 1 sec, Data loading: 0 sec
2021-06-19 17:06:37,650 - utils.logger - INFO - learning rate = 0.0000500
2021-06-19 17:06:38,009 - utils.logger - INFO - Trn result of epoch 27 / 70 mse 0.1081 rmse 0.3288 pcc 0.0819 ccc 0.0166
2021-06-19 17:06:38,132 - utils.logger - INFO - Val result of epoch 27 / 70 mse 0.1295 rmse 0.3598 pcc 0.1653 ccc 0.0300
2021-06-19 17:06:38,531 - utils.logger - INFO - Cur epoch 28 loss ccc:0.1189
2021-06-19 17:06:38,904 - utils.logger - INFO - Cur epoch 28 loss ccc:0.1303
2021-06-19 17:06:39,212 - utils.logger - INFO - Cur epoch 28 loss ccc:0.9990
2021-06-19 17:06:39,212 - utils.logger - INFO - saving the model at the end of epoch 28, iters 168
2021-06-19 17:06:39,440 - utils.logger - INFO - End of training epoch 28 / 70 	 Time Taken: 1 sec, Data loading: 0 sec
2021-06-19 17:06:39,440 - utils.logger - INFO - learning rate = 0.0000500
2021-06-19 17:06:39,798 - utils.logger - INFO - Trn result of epoch 28 / 70 mse 0.1085 rmse 0.3295 pcc 0.0703 ccc 0.0159
2021-06-19 17:06:39,922 - utils.logger - INFO - Val result of epoch 28 / 70 mse 0.1292 rmse 0.3594 pcc 0.1710 ccc 0.0354
2021-06-19 17:06:40,303 - utils.logger - INFO - Cur epoch 29 loss ccc:0.1221
2021-06-19 17:06:40,693 - utils.logger - INFO - Cur epoch 29 loss ccc:0.1497
2021-06-19 17:06:41,016 - utils.logger - INFO - Cur epoch 29 loss ccc:0.9707
2021-06-19 17:06:41,016 - utils.logger - INFO - saving the model at the end of epoch 29, iters 174
2021-06-19 17:06:41,245 - utils.logger - INFO - End of training epoch 29 / 70 	 Time Taken: 1 sec, Data loading: 0 sec
2021-06-19 17:06:41,245 - utils.logger - INFO - learning rate = 0.0000500
2021-06-19 17:06:41,607 - utils.logger - INFO - Trn result of epoch 29 / 70 mse 0.1104 rmse 0.3322 pcc 0.0698 ccc 0.0193
2021-06-19 17:06:41,732 - utils.logger - INFO - Val result of epoch 29 / 70 mse 0.1320 rmse 0.3633 pcc 0.1619 ccc 0.0398
2021-06-19 17:06:42,106 - utils.logger - INFO - Cur epoch 30 loss ccc:0.1071
2021-06-19 17:06:42,498 - utils.logger - INFO - Cur epoch 30 loss ccc:0.1084
2021-06-19 17:06:42,816 - utils.logger - INFO - Cur epoch 30 loss ccc:0.9934
2021-06-19 17:06:42,817 - utils.logger - INFO - saving the model at the end of epoch 30, iters 180
2021-06-19 17:06:43,046 - utils.logger - INFO - End of training epoch 30 / 70 	 Time Taken: 1 sec, Data loading: 0 sec
2021-06-19 17:06:43,046 - utils.logger - INFO - learning rate = 0.0000488
2021-06-19 17:06:43,401 - utils.logger - INFO - Trn result of epoch 30 / 70 mse 0.1184 rmse 0.3440 pcc 0.0507 ccc 0.0155
2021-06-19 17:06:43,524 - utils.logger - INFO - Val result of epoch 30 / 70 mse 0.1411 rmse 0.3756 pcc 0.1760 ccc 0.0498
2021-06-19 17:06:43,916 - utils.logger - INFO - Cur epoch 31 loss ccc:0.1236
2021-06-19 17:06:44,290 - utils.logger - INFO - Cur epoch 31 loss ccc:0.1249
2021-06-19 17:06:44,604 - utils.logger - INFO - Cur epoch 31 loss ccc:0.7466
2021-06-19 17:06:44,604 - utils.logger - INFO - saving the model at the end of epoch 31, iters 186
2021-06-19 17:06:44,830 - utils.logger - INFO - End of training epoch 31 / 70 	 Time Taken: 1 sec, Data loading: 0 sec
2021-06-19 17:06:44,831 - utils.logger - INFO - learning rate = 0.0000476
2021-06-19 17:06:45,188 - utils.logger - INFO - Trn result of epoch 31 / 70 mse 0.1269 rmse 0.3563 pcc -0.0019 ccc -0.0007
2021-06-19 17:06:45,312 - utils.logger - INFO - Val result of epoch 31 / 70 mse 0.1468 rmse 0.3831 pcc 0.1741 ccc 0.0636
2021-06-19 17:06:45,720 - utils.logger - INFO - Cur epoch 32 loss ccc:0.1039
2021-06-19 17:06:46,101 - utils.logger - INFO - Cur epoch 32 loss ccc:0.1319
2021-06-19 17:06:46,427 - utils.logger - INFO - Cur epoch 32 loss ccc:0.9875
2021-06-19 17:06:46,427 - utils.logger - INFO - saving the model at the end of epoch 32, iters 192
2021-06-19 17:06:46,655 - utils.logger - INFO - End of training epoch 32 / 70 	 Time Taken: 1 sec, Data loading: 0 sec
2021-06-19 17:06:46,655 - utils.logger - INFO - learning rate = 0.0000463
2021-06-19 17:06:47,012 - utils.logger - INFO - Trn result of epoch 32 / 70 mse 0.1348 rmse 0.3671 pcc -0.0045 ccc -0.0017
2021-06-19 17:06:47,136 - utils.logger - INFO - Val result of epoch 32 / 70 mse 0.1551 rmse 0.3939 pcc 0.1713 ccc 0.0676
2021-06-19 17:06:47,523 - utils.logger - INFO - Cur epoch 33 loss ccc:0.0942
2021-06-19 17:06:47,901 - utils.logger - INFO - Cur epoch 33 loss ccc:0.1280
2021-06-19 17:06:48,229 - utils.logger - INFO - Cur epoch 33 loss ccc:0.6398
2021-06-19 17:06:48,229 - utils.logger - INFO - saving the model at the end of epoch 33, iters 198
2021-06-19 17:06:48,458 - utils.logger - INFO - End of training epoch 33 / 70 	 Time Taken: 1 sec, Data loading: 0 sec
2021-06-19 17:06:48,458 - utils.logger - INFO - learning rate = 0.0000451
2021-06-19 17:06:48,816 - utils.logger - INFO - Trn result of epoch 33 / 70 mse 0.1709 rmse 0.4134 pcc -0.0420 ccc -0.0130
2021-06-19 17:06:48,940 - utils.logger - INFO - Val result of epoch 33 / 70 mse 0.1930 rmse 0.4393 pcc 0.1655 ccc 0.0552
2021-06-19 17:06:49,307 - utils.logger - INFO - Cur epoch 34 loss ccc:0.1198
2021-06-19 17:06:49,705 - utils.logger - INFO - Cur epoch 34 loss ccc:0.1167
2021-06-19 17:06:50,017 - utils.logger - INFO - Cur epoch 34 loss ccc:1.0194
2021-06-19 17:06:50,018 - utils.logger - INFO - saving the model at the end of epoch 34, iters 204
2021-06-19 17:06:50,263 - utils.logger - INFO - End of training epoch 34 / 70 	 Time Taken: 1 sec, Data loading: 0 sec
2021-06-19 17:06:50,263 - utils.logger - INFO - learning rate = 0.0000439
2021-06-19 17:06:50,621 - utils.logger - INFO - Trn result of epoch 34 / 70 mse 0.1731 rmse 0.4161 pcc -0.0319 ccc -0.0086
2021-06-19 17:06:50,744 - utils.logger - INFO - Val result of epoch 34 / 70 mse 0.1986 rmse 0.4456 pcc 0.1663 ccc 0.0472
2021-06-19 17:06:51,115 - utils.logger - INFO - Cur epoch 35 loss ccc:0.1219
2021-06-19 17:06:51,503 - utils.logger - INFO - Cur epoch 35 loss ccc:0.1078
2021-06-19 17:06:51,836 - utils.logger - INFO - Cur epoch 35 loss ccc:0.9948
2021-06-19 17:06:51,836 - utils.logger - INFO - saving the model at the end of epoch 35, iters 210
2021-06-19 17:06:52,070 - utils.logger - INFO - End of training epoch 35 / 70 	 Time Taken: 1 sec, Data loading: 0 sec
2021-06-19 17:06:52,071 - utils.logger - INFO - learning rate = 0.0000427
2021-06-19 17:06:52,422 - utils.logger - INFO - Trn result of epoch 35 / 70 mse 0.1535 rmse 0.3918 pcc -0.0027 ccc -0.0008
2021-06-19 17:06:52,545 - utils.logger - INFO - Val result of epoch 35 / 70 mse 0.1781 rmse 0.4220 pcc 0.1758 ccc 0.0531
2021-06-19 17:06:52,928 - utils.logger - INFO - Cur epoch 36 loss ccc:0.1119
2021-06-19 17:06:53,312 - utils.logger - INFO - Cur epoch 36 loss ccc:0.1097
2021-06-19 17:06:53,639 - utils.logger - INFO - Cur epoch 36 loss ccc:0.9670
2021-06-19 17:06:53,640 - utils.logger - INFO - saving the model at the end of epoch 36, iters 216
2021-06-19 17:06:53,869 - utils.logger - INFO - End of training epoch 36 / 70 	 Time Taken: 1 sec, Data loading: 0 sec
2021-06-19 17:06:53,869 - utils.logger - INFO - learning rate = 0.0000415
2021-06-19 17:06:54,223 - utils.logger - INFO - Trn result of epoch 36 / 70 mse 0.1379 rmse 0.3713 pcc 0.0006 ccc 0.0002
2021-06-19 17:06:54,348 - utils.logger - INFO - Val result of epoch 36 / 70 mse 0.1608 rmse 0.4010 pcc 0.1743 ccc 0.0565
2021-06-19 17:06:54,711 - utils.logger - INFO - Cur epoch 37 loss ccc:0.0969
2021-06-19 17:06:55,091 - utils.logger - INFO - Cur epoch 37 loss ccc:0.1154
2021-06-19 17:06:55,413 - utils.logger - INFO - Cur epoch 37 loss ccc:1.0101
2021-06-19 17:06:55,413 - utils.logger - INFO - saving the model at the end of epoch 37, iters 222
2021-06-19 17:06:55,656 - utils.logger - INFO - End of training epoch 37 / 70 	 Time Taken: 1 sec, Data loading: 0 sec
2021-06-19 17:06:55,656 - utils.logger - INFO - learning rate = 0.0000402
2021-06-19 17:06:56,011 - utils.logger - INFO - Trn result of epoch 37 / 70 mse 0.1667 rmse 0.4083 pcc -0.0256 ccc -0.0082
2021-06-19 17:06:56,133 - utils.logger - INFO - Val result of epoch 37 / 70 mse 0.1903 rmse 0.4363 pcc 0.1683 ccc 0.0561
2021-06-19 17:06:56,510 - utils.logger - INFO - Cur epoch 38 loss ccc:0.1186
2021-06-19 17:06:56,893 - utils.logger - INFO - Cur epoch 38 loss ccc:0.1251
2021-06-19 17:06:57,222 - utils.logger - INFO - Cur epoch 38 loss ccc:1.0077
2021-06-19 17:06:57,222 - utils.logger - INFO - saving the model at the end of epoch 38, iters 228
2021-06-19 17:06:57,454 - utils.logger - INFO - End of training epoch 38 / 70 	 Time Taken: 1 sec, Data loading: 0 sec
2021-06-19 17:06:57,454 - utils.logger - INFO - learning rate = 0.0000390
2021-06-19 17:06:57,810 - utils.logger - INFO - Trn result of epoch 38 / 70 mse 0.1680 rmse 0.4098 pcc -0.0234 ccc -0.0075
2021-06-19 17:06:57,933 - utils.logger - INFO - Val result of epoch 38 / 70 mse 0.1917 rmse 0.4379 pcc 0.1728 ccc 0.0572
2021-06-19 17:06:58,338 - utils.logger - INFO - Cur epoch 39 loss ccc:0.1216
2021-06-19 17:06:58,740 - utils.logger - INFO - Cur epoch 39 loss ccc:0.1071
2021-06-19 17:06:59,052 - utils.logger - INFO - Cur epoch 39 loss ccc:0.9885
2021-06-19 17:06:59,052 - utils.logger - INFO - saving the model at the end of epoch 39, iters 234
2021-06-19 17:06:59,306 - utils.logger - INFO - End of training epoch 39 / 70 	 Time Taken: 1 sec, Data loading: 0 sec
2021-06-19 17:06:59,306 - utils.logger - INFO - learning rate = 0.0000378
2021-06-19 17:06:59,659 - utils.logger - INFO - Trn result of epoch 39 / 70 mse 0.1562 rmse 0.3952 pcc -0.0031 ccc -0.0012
2021-06-19 17:06:59,780 - utils.logger - INFO - Val result of epoch 39 / 70 mse 0.1795 rmse 0.4237 pcc 0.1728 ccc 0.0638
2021-06-19 17:07:00,166 - utils.logger - INFO - Cur epoch 40 loss ccc:0.1298
2021-06-19 17:07:00,561 - utils.logger - INFO - Cur epoch 40 loss ccc:0.1250
2021-06-19 17:07:00,881 - utils.logger - INFO - Cur epoch 40 loss ccc:1.4299
2021-06-19 17:07:00,881 - utils.logger - INFO - saving the model at the end of epoch 40, iters 240
2021-06-19 17:07:01,106 - utils.logger - INFO - End of training epoch 40 / 70 	 Time Taken: 1 sec, Data loading: 0 sec
2021-06-19 17:07:01,106 - utils.logger - INFO - learning rate = 0.0000366
2021-06-19 17:07:01,456 - utils.logger - INFO - Trn result of epoch 40 / 70 mse 0.1273 rmse 0.3567 pcc 0.0276 ccc 0.0111
2021-06-19 17:07:01,579 - utils.logger - INFO - Val result of epoch 40 / 70 mse 0.1489 rmse 0.3858 pcc 0.1728 ccc 0.0655
2021-06-19 17:07:01,953 - utils.logger - INFO - Cur epoch 41 loss ccc:0.1390
2021-06-19 17:07:02,333 - utils.logger - INFO - Cur epoch 41 loss ccc:0.1272
2021-06-19 17:07:02,638 - utils.logger - INFO - Cur epoch 41 loss ccc:0.9962
2021-06-19 17:07:02,638 - utils.logger - INFO - saving the model at the end of epoch 41, iters 246
2021-06-19 17:07:02,869 - utils.logger - INFO - End of training epoch 41 / 70 	 Time Taken: 1 sec, Data loading: 0 sec
2021-06-19 17:07:02,869 - utils.logger - INFO - learning rate = 0.0000354
2021-06-19 17:07:03,224 - utils.logger - INFO - Trn result of epoch 41 / 70 mse 0.1171 rmse 0.3422 pcc 0.0439 ccc 0.0176
2021-06-19 17:07:03,347 - utils.logger - INFO - Val result of epoch 41 / 70 mse 0.1372 rmse 0.3705 pcc 0.1732 ccc 0.0641
2021-06-19 17:07:03,732 - utils.logger - INFO - Cur epoch 42 loss ccc:0.1144
2021-06-19 17:07:04,128 - utils.logger - INFO - Cur epoch 42 loss ccc:0.1242
2021-06-19 17:07:04,467 - utils.logger - INFO - Cur epoch 42 loss ccc:0.9990
2021-06-19 17:07:04,467 - utils.logger - INFO - saving the model at the end of epoch 42, iters 252
2021-06-19 17:07:04,702 - utils.logger - INFO - End of training epoch 42 / 70 	 Time Taken: 1 sec, Data loading: 0 sec
2021-06-19 17:07:04,702 - utils.logger - INFO - learning rate = 0.0000341
2021-06-19 17:07:05,056 - utils.logger - INFO - Trn result of epoch 42 / 70 mse 0.1171 rmse 0.3421 pcc 0.0447 ccc 0.0181
2021-06-19 17:07:05,179 - utils.logger - INFO - Val result of epoch 42 / 70 mse 0.1372 rmse 0.3704 pcc 0.1731 ccc 0.0649
2021-06-19 17:07:05,556 - utils.logger - INFO - Cur epoch 43 loss ccc:0.1304
2021-06-19 17:07:05,927 - utils.logger - INFO - Cur epoch 43 loss ccc:0.1186
2021-06-19 17:07:06,220 - utils.logger - INFO - Cur epoch 43 loss ccc:1.0042
2021-06-19 17:07:06,220 - utils.logger - INFO - saving the model at the end of epoch 43, iters 258
2021-06-19 17:07:06,446 - utils.logger - INFO - End of training epoch 43 / 70 	 Time Taken: 1 sec, Data loading: 0 sec
2021-06-19 17:07:06,446 - utils.logger - INFO - learning rate = 0.0000329
2021-06-19 17:07:06,797 - utils.logger - INFO - Trn result of epoch 43 / 70 mse 0.1180 rmse 0.3435 pcc 0.0457 ccc 0.0187
2021-06-19 17:07:06,919 - utils.logger - INFO - Val result of epoch 43 / 70 mse 0.1386 rmse 0.3722 pcc 0.1697 ccc 0.0640
2021-06-19 17:07:07,289 - utils.logger - INFO - Cur epoch 44 loss ccc:0.1274
2021-06-19 17:07:07,652 - utils.logger - INFO - Cur epoch 44 loss ccc:0.1312
2021-06-19 17:07:07,947 - utils.logger - INFO - Cur epoch 44 loss ccc:0.9981
2021-06-19 17:07:07,947 - utils.logger - INFO - saving the model at the end of epoch 44, iters 264
2021-06-19 17:07:08,173 - utils.logger - INFO - End of training epoch 44 / 70 	 Time Taken: 1 sec, Data loading: 0 sec
2021-06-19 17:07:08,174 - utils.logger - INFO - learning rate = 0.0000317
2021-06-19 17:07:08,523 - utils.logger - INFO - Trn result of epoch 44 / 70 mse 0.1204 rmse 0.3470 pcc 0.0424 ccc 0.0172
2021-06-19 17:07:08,646 - utils.logger - INFO - Val result of epoch 44 / 70 mse 0.1412 rmse 0.3757 pcc 0.1735 ccc 0.0656
2021-06-19 17:07:09,006 - utils.logger - INFO - Cur epoch 45 loss ccc:0.1206
2021-06-19 17:07:09,380 - utils.logger - INFO - Cur epoch 45 loss ccc:0.1098
2021-06-19 17:07:09,666 - utils.logger - INFO - Cur epoch 45 loss ccc:1.0173
2021-06-19 17:07:09,666 - utils.logger - INFO - saving the model at the end of epoch 45, iters 270
2021-06-19 17:07:09,891 - utils.logger - INFO - End of training epoch 45 / 70 	 Time Taken: 1 sec, Data loading: 0 sec
2021-06-19 17:07:09,892 - utils.logger - INFO - learning rate = 0.0000305
2021-06-19 17:07:10,246 - utils.logger - INFO - Trn result of epoch 45 / 70 mse 0.1236 rmse 0.3516 pcc 0.0476 ccc 0.0203
2021-06-19 17:07:10,370 - utils.logger - INFO - Val result of epoch 45 / 70 mse 0.1455 rmse 0.3814 pcc 0.1716 ccc 0.0663
2021-06-19 17:07:10,719 - utils.logger - INFO - Cur epoch 46 loss ccc:0.1162
2021-06-19 17:07:11,069 - utils.logger - INFO - Cur epoch 46 loss ccc:0.1059
2021-06-19 17:07:11,385 - utils.logger - INFO - Cur epoch 46 loss ccc:1.0216
2021-06-19 17:07:11,385 - utils.logger - INFO - saving the model at the end of epoch 46, iters 276
2021-06-19 17:07:11,609 - utils.logger - INFO - End of training epoch 46 / 70 	 Time Taken: 1 sec, Data loading: 0 sec
2021-06-19 17:07:11,609 - utils.logger - INFO - learning rate = 0.0000293
2021-06-19 17:07:11,965 - utils.logger - INFO - Trn result of epoch 46 / 70 mse 0.1134 rmse 0.3367 pcc 0.0767 ccc 0.0337
2021-06-19 17:07:12,090 - utils.logger - INFO - Val result of epoch 46 / 70 mse 0.1339 rmse 0.3660 pcc 0.1679 ccc 0.0642
2021-06-19 17:07:12,461 - utils.logger - INFO - Cur epoch 47 loss ccc:0.1148
2021-06-19 17:07:12,823 - utils.logger - INFO - Cur epoch 47 loss ccc:0.1232
2021-06-19 17:07:13,117 - utils.logger - INFO - Cur epoch 47 loss ccc:0.7629
2021-06-19 17:07:13,117 - utils.logger - INFO - saving the model at the end of epoch 47, iters 282
2021-06-19 17:07:13,359 - utils.logger - INFO - End of training epoch 47 / 70 	 Time Taken: 1 sec, Data loading: 0 sec
2021-06-19 17:07:13,359 - utils.logger - INFO - learning rate = 0.0000280
2021-06-19 17:07:13,713 - utils.logger - INFO - Trn result of epoch 47 / 70 mse 0.1265 rmse 0.3556 pcc 0.0430 ccc 0.0184
2021-06-19 17:07:13,837 - utils.logger - INFO - Val result of epoch 47 / 70 mse 0.1468 rmse 0.3832 pcc 0.1892 ccc 0.0781
2021-06-19 17:07:14,211 - utils.logger - INFO - Cur epoch 48 loss ccc:0.1086
2021-06-19 17:07:14,578 - utils.logger - INFO - Cur epoch 48 loss ccc:0.1195
2021-06-19 17:07:14,891 - utils.logger - INFO - Cur epoch 48 loss ccc:1.0256
2021-06-19 17:07:14,891 - utils.logger - INFO - saving the model at the end of epoch 48, iters 288
2021-06-19 17:07:15,114 - utils.logger - INFO - End of training epoch 48 / 70 	 Time Taken: 1 sec, Data loading: 0 sec
2021-06-19 17:07:15,114 - utils.logger - INFO - learning rate = 0.0000268
2021-06-19 17:07:15,469 - utils.logger - INFO - Trn result of epoch 48 / 70 mse 0.1317 rmse 0.3629 pcc 0.0135 ccc 0.0055
2021-06-19 17:07:15,592 - utils.logger - INFO - Val result of epoch 48 / 70 mse 0.1519 rmse 0.3897 pcc 0.1822 ccc 0.0727
2021-06-19 17:07:15,969 - utils.logger - INFO - Cur epoch 49 loss ccc:0.1256
2021-06-19 17:07:16,340 - utils.logger - INFO - Cur epoch 49 loss ccc:0.1309
2021-06-19 17:07:16,636 - utils.logger - INFO - Cur epoch 49 loss ccc:0.9591
2021-06-19 17:07:16,636 - utils.logger - INFO - saving the model at the end of epoch 49, iters 294
2021-06-19 17:07:16,862 - utils.logger - INFO - End of training epoch 49 / 70 	 Time Taken: 1 sec, Data loading: 0 sec
2021-06-19 17:07:16,862 - utils.logger - INFO - learning rate = 0.0000256
2021-06-19 17:07:17,219 - utils.logger - INFO - Trn result of epoch 49 / 70 mse 0.1199 rmse 0.3463 pcc 0.0378 ccc 0.0148
2021-06-19 17:07:17,342 - utils.logger - INFO - Val result of epoch 49 / 70 mse 0.1401 rmse 0.3743 pcc 0.1829 ccc 0.0676
2021-06-19 17:07:17,710 - utils.logger - INFO - Cur epoch 50 loss ccc:0.1262
2021-06-19 17:07:18,088 - utils.logger - INFO - Cur epoch 50 loss ccc:0.0931
2021-06-19 17:07:18,368 - utils.logger - INFO - Cur epoch 50 loss ccc:0.9427
2021-06-19 17:07:18,368 - utils.logger - INFO - saving the model at the end of epoch 50, iters 300
2021-06-19 17:07:18,667 - utils.logger - INFO - End of training epoch 50 / 70 	 Time Taken: 1 sec, Data loading: 0 sec
2021-06-19 17:07:18,667 - utils.logger - INFO - learning rate = 0.0000244
2021-06-19 17:07:19,022 - utils.logger - INFO - Trn result of epoch 50 / 70 mse 0.1215 rmse 0.3486 pcc 0.0505 ccc 0.0207
2021-06-19 17:07:19,145 - utils.logger - INFO - Val result of epoch 50 / 70 mse 0.1426 rmse 0.3776 pcc 0.1808 ccc 0.0676
2021-06-19 17:07:19,520 - utils.logger - INFO - Cur epoch 51 loss ccc:0.1117
2021-06-19 17:07:19,890 - utils.logger - INFO - Cur epoch 51 loss ccc:0.1002
2021-06-19 17:07:20,193 - utils.logger - INFO - Cur epoch 51 loss ccc:0.9983
2021-06-19 17:07:20,193 - utils.logger - INFO - saving the model at the end of epoch 51, iters 306
2021-06-19 17:07:20,420 - utils.logger - INFO - End of training epoch 51 / 70 	 Time Taken: 1 sec, Data loading: 0 sec
2021-06-19 17:07:20,421 - utils.logger - INFO - learning rate = 0.0000232
2021-06-19 17:07:20,771 - utils.logger - INFO - Trn result of epoch 51 / 70 mse 0.1222 rmse 0.3495 pcc 0.0474 ccc 0.0193
2021-06-19 17:07:20,894 - utils.logger - INFO - Val result of epoch 51 / 70 mse 0.1433 rmse 0.3785 pcc 0.1804 ccc 0.0674
2021-06-19 17:07:21,259 - utils.logger - INFO - Cur epoch 52 loss ccc:0.1031
2021-06-19 17:07:21,633 - utils.logger - INFO - Cur epoch 52 loss ccc:0.1249
2021-06-19 17:07:21,937 - utils.logger - INFO - Cur epoch 52 loss ccc:0.9995
2021-06-19 17:07:21,938 - utils.logger - INFO - saving the model at the end of epoch 52, iters 312
2021-06-19 17:07:22,161 - utils.logger - INFO - End of training epoch 52 / 70 	 Time Taken: 1 sec, Data loading: 0 sec
2021-06-19 17:07:22,161 - utils.logger - INFO - learning rate = 0.0000220
2021-06-19 17:07:22,510 - utils.logger - INFO - Trn result of epoch 52 / 70 mse 0.1154 rmse 0.3397 pcc 0.0565 ccc 0.0235
2021-06-19 17:07:22,634 - utils.logger - INFO - Val result of epoch 52 / 70 mse 0.1351 rmse 0.3676 pcc 0.1788 ccc 0.0657
2021-06-19 17:07:23,011 - utils.logger - INFO - Cur epoch 53 loss ccc:0.1222
2021-06-19 17:07:23,377 - utils.logger - INFO - Cur epoch 53 loss ccc:0.1211
2021-06-19 17:07:23,676 - utils.logger - INFO - Cur epoch 53 loss ccc:1.0032
2021-06-19 17:07:23,676 - utils.logger - INFO - saving the model at the end of epoch 53, iters 318
2021-06-19 17:07:23,902 - utils.logger - INFO - End of training epoch 53 / 70 	 Time Taken: 1 sec, Data loading: 0 sec
2021-06-19 17:07:23,902 - utils.logger - INFO - learning rate = 0.0000207
2021-06-19 17:07:24,254 - utils.logger - INFO - Trn result of epoch 53 / 70 mse 0.1152 rmse 0.3394 pcc 0.0610 ccc 0.0255
2021-06-19 17:07:24,376 - utils.logger - INFO - Val result of epoch 53 / 70 mse 0.1350 rmse 0.3674 pcc 0.1782 ccc 0.0653
2021-06-19 17:07:24,748 - utils.logger - INFO - Cur epoch 54 loss ccc:0.1061
2021-06-19 17:07:25,124 - utils.logger - INFO - Cur epoch 54 loss ccc:0.1076
2021-06-19 17:07:25,427 - utils.logger - INFO - Cur epoch 54 loss ccc:1.0000
2021-06-19 17:07:25,427 - utils.logger - INFO - saving the model at the end of epoch 54, iters 324
2021-06-19 17:07:25,655 - utils.logger - INFO - End of training epoch 54 / 70 	 Time Taken: 1 sec, Data loading: 0 sec
2021-06-19 17:07:25,655 - utils.logger - INFO - learning rate = 0.0000195
2021-06-19 17:07:26,004 - utils.logger - INFO - Trn result of epoch 54 / 70 mse 0.1167 rmse 0.3415 pcc 0.0693 ccc 0.0301
2021-06-19 17:07:26,127 - utils.logger - INFO - Val result of epoch 54 / 70 mse 0.1374 rmse 0.3707 pcc 0.1737 ccc 0.0660
2021-06-19 17:07:26,499 - utils.logger - INFO - Cur epoch 55 loss ccc:0.1114
2021-06-19 17:07:26,873 - utils.logger - INFO - Cur epoch 55 loss ccc:0.1044
2021-06-19 17:07:27,174 - utils.logger - INFO - Cur epoch 55 loss ccc:1.0285
2021-06-19 17:07:27,174 - utils.logger - INFO - saving the model at the end of epoch 55, iters 330
2021-06-19 17:07:27,398 - utils.logger - INFO - End of training epoch 55 / 70 	 Time Taken: 1 sec, Data loading: 0 sec
2021-06-19 17:07:27,399 - utils.logger - INFO - learning rate = 0.0000183
2021-06-19 17:07:27,752 - utils.logger - INFO - Trn result of epoch 55 / 70 mse 0.1178 rmse 0.3432 pcc 0.0665 ccc 0.0290
2021-06-19 17:07:27,874 - utils.logger - INFO - Val result of epoch 55 / 70 mse 0.1383 rmse 0.3719 pcc 0.1782 ccc 0.0677
2021-06-19 17:07:28,240 - utils.logger - INFO - Cur epoch 56 loss ccc:0.1210
2021-06-19 17:07:28,610 - utils.logger - INFO - Cur epoch 56 loss ccc:0.1369
2021-06-19 17:07:28,926 - utils.logger - INFO - Cur epoch 56 loss ccc:0.5711
2021-06-19 17:07:28,926 - utils.logger - INFO - saving the model at the end of epoch 56, iters 336
2021-06-19 17:07:29,158 - utils.logger - INFO - End of training epoch 56 / 70 	 Time Taken: 1 sec, Data loading: 0 sec
2021-06-19 17:07:29,158 - utils.logger - INFO - learning rate = 0.0000171
2021-06-19 17:07:29,512 - utils.logger - INFO - Trn result of epoch 56 / 70 mse 0.1255 rmse 0.3542 pcc 0.0671 ccc 0.0280
2021-06-19 17:07:29,635 - utils.logger - INFO - Val result of epoch 56 / 70 mse 0.1486 rmse 0.3855 pcc 0.1750 ccc 0.0645
2021-06-19 17:07:30,017 - utils.logger - INFO - Cur epoch 57 loss ccc:0.1334
2021-06-19 17:07:30,383 - utils.logger - INFO - Cur epoch 57 loss ccc:0.1111
2021-06-19 17:07:30,707 - utils.logger - INFO - Cur epoch 57 loss ccc:0.9938
2021-06-19 17:07:30,707 - utils.logger - INFO - saving the model at the end of epoch 57, iters 342
2021-06-19 17:07:30,931 - utils.logger - INFO - End of training epoch 57 / 70 	 Time Taken: 1 sec, Data loading: 0 sec
2021-06-19 17:07:30,931 - utils.logger - INFO - learning rate = 0.0000159
2021-06-19 17:07:31,286 - utils.logger - INFO - Trn result of epoch 57 / 70 mse 0.1279 rmse 0.3576 pcc 0.0605 ccc 0.0236
2021-06-19 17:07:31,409 - utils.logger - INFO - Val result of epoch 57 / 70 mse 0.1515 rmse 0.3892 pcc 0.1793 ccc 0.0612
2021-06-19 17:07:31,778 - utils.logger - INFO - Cur epoch 58 loss ccc:0.1074
2021-06-19 17:07:32,144 - utils.logger - INFO - Cur epoch 58 loss ccc:0.1464
2021-06-19 17:07:32,461 - utils.logger - INFO - Cur epoch 58 loss ccc:1.0053
2021-06-19 17:07:32,461 - utils.logger - INFO - saving the model at the end of epoch 58, iters 348
2021-06-19 17:07:32,692 - utils.logger - INFO - End of training epoch 58 / 70 	 Time Taken: 1 sec, Data loading: 0 sec
2021-06-19 17:07:32,692 - utils.logger - INFO - learning rate = 0.0000146
2021-06-19 17:07:33,045 - utils.logger - INFO - Trn result of epoch 58 / 70 mse 0.1267 rmse 0.3559 pcc 0.0577 ccc 0.0228
2021-06-19 17:07:33,168 - utils.logger - INFO - Val result of epoch 58 / 70 mse 0.1501 rmse 0.3874 pcc 0.1794 ccc 0.0619
2021-06-19 17:07:33,513 - utils.logger - INFO - Cur epoch 59 loss ccc:0.1031
2021-06-19 17:07:33,878 - utils.logger - INFO - Cur epoch 59 loss ccc:0.1133
2021-06-19 17:07:34,193 - utils.logger - INFO - Cur epoch 59 loss ccc:0.7409
2021-06-19 17:07:34,193 - utils.logger - INFO - saving the model at the end of epoch 59, iters 354
2021-06-19 17:07:34,432 - utils.logger - INFO - End of training epoch 59 / 70 	 Time Taken: 1 sec, Data loading: 0 sec
2021-06-19 17:07:34,433 - utils.logger - INFO - learning rate = 0.0000134
2021-06-19 17:07:34,794 - utils.logger - INFO - Trn result of epoch 59 / 70 mse 0.1288 rmse 0.3589 pcc 0.0612 ccc 0.0246
2021-06-19 17:07:34,919 - utils.logger - INFO - Val result of epoch 59 / 70 mse 0.1526 rmse 0.3906 pcc 0.1800 ccc 0.0630
2021-06-19 17:07:35,300 - utils.logger - INFO - Cur epoch 60 loss ccc:0.1269
2021-06-19 17:07:35,694 - utils.logger - INFO - Cur epoch 60 loss ccc:0.1090
2021-06-19 17:07:36,013 - utils.logger - INFO - Cur epoch 60 loss ccc:1.0469
2021-06-19 17:07:36,013 - utils.logger - INFO - saving the model at the end of epoch 60, iters 360
2021-06-19 17:07:36,237 - utils.logger - INFO - End of training epoch 60 / 70 	 Time Taken: 1 sec, Data loading: 0 sec
2021-06-19 17:07:36,237 - utils.logger - INFO - learning rate = 0.0000122
2021-06-19 17:07:36,593 - utils.logger - INFO - Trn result of epoch 60 / 70 mse 0.1269 rmse 0.3563 pcc 0.0792 ccc 0.0307
2021-06-19 17:07:36,716 - utils.logger - INFO - Val result of epoch 60 / 70 mse 0.1518 rmse 0.3896 pcc 0.1824 ccc 0.0593
2021-06-19 17:07:37,112 - utils.logger - INFO - Cur epoch 61 loss ccc:0.1107
2021-06-19 17:07:37,488 - utils.logger - INFO - Cur epoch 61 loss ccc:0.0894
2021-06-19 17:07:37,825 - utils.logger - INFO - Cur epoch 61 loss ccc:0.9988
2021-06-19 17:07:37,825 - utils.logger - INFO - saving the model at the end of epoch 61, iters 366
2021-06-19 17:07:38,048 - utils.logger - INFO - End of training epoch 61 / 70 	 Time Taken: 1 sec, Data loading: 0 sec
2021-06-19 17:07:38,048 - utils.logger - INFO - learning rate = 0.0000110
2021-06-19 17:07:38,401 - utils.logger - INFO - Trn result of epoch 61 / 70 mse 0.1270 rmse 0.3564 pcc 0.0801 ccc 0.0316
2021-06-19 17:07:38,524 - utils.logger - INFO - Val result of epoch 61 / 70 mse 0.1514 rmse 0.3892 pcc 0.1832 ccc 0.0617
2021-06-19 17:07:38,916 - utils.logger - INFO - Cur epoch 62 loss ccc:0.1091
2021-06-19 17:07:39,293 - utils.logger - INFO - Cur epoch 62 loss ccc:0.1237
2021-06-19 17:07:39,627 - utils.logger - INFO - Cur epoch 62 loss ccc:0.9713
2021-06-19 17:07:39,627 - utils.logger - INFO - saving the model at the end of epoch 62, iters 372
2021-06-19 17:07:39,853 - utils.logger - INFO - End of training epoch 62 / 70 	 Time Taken: 1 sec, Data loading: 0 sec
2021-06-19 17:07:39,853 - utils.logger - INFO - learning rate = 0.0000098
2021-06-19 17:07:40,207 - utils.logger - INFO - Trn result of epoch 62 / 70 mse 0.1284 rmse 0.3584 pcc 0.0798 ccc 0.0312
2021-06-19 17:07:40,330 - utils.logger - INFO - Val result of epoch 62 / 70 mse 0.1522 rmse 0.3902 pcc 0.1958 ccc 0.0659
2021-06-19 17:07:40,719 - utils.logger - INFO - Cur epoch 63 loss ccc:0.1002
2021-06-19 17:07:41,106 - utils.logger - INFO - Cur epoch 63 loss ccc:0.1457
2021-06-19 17:07:41,419 - utils.logger - INFO - Cur epoch 63 loss ccc:1.0100
2021-06-19 17:07:41,419 - utils.logger - INFO - saving the model at the end of epoch 63, iters 378
2021-06-19 17:07:41,640 - utils.logger - INFO - End of training epoch 63 / 70 	 Time Taken: 1 sec, Data loading: 0 sec
2021-06-19 17:07:41,640 - utils.logger - INFO - learning rate = 0.0000085
2021-06-19 17:07:41,997 - utils.logger - INFO - Trn result of epoch 63 / 70 mse 0.1278 rmse 0.3575 pcc 0.0815 ccc 0.0319
2021-06-19 17:07:42,121 - utils.logger - INFO - Val result of epoch 63 / 70 mse 0.1517 rmse 0.3895 pcc 0.1928 ccc 0.0650
2021-06-19 17:07:42,514 - utils.logger - INFO - Cur epoch 64 loss ccc:0.0779
2021-06-19 17:07:42,906 - utils.logger - INFO - Cur epoch 64 loss ccc:0.1174
2021-06-19 17:07:43,228 - utils.logger - INFO - Cur epoch 64 loss ccc:0.9974
2021-06-19 17:07:43,228 - utils.logger - INFO - saving the model at the end of epoch 64, iters 384
2021-06-19 17:07:43,452 - utils.logger - INFO - End of training epoch 64 / 70 	 Time Taken: 1 sec, Data loading: 0 sec
2021-06-19 17:07:43,453 - utils.logger - INFO - learning rate = 0.0000073
2021-06-19 17:07:43,808 - utils.logger - INFO - Trn result of epoch 64 / 70 mse 0.1245 rmse 0.3529 pcc 0.0917 ccc 0.0368
2021-06-19 17:07:43,931 - utils.logger - INFO - Val result of epoch 64 / 70 mse 0.1477 rmse 0.3844 pcc 0.1981 ccc 0.0672
2021-06-19 17:07:44,327 - utils.logger - INFO - Cur epoch 65 loss ccc:0.1439
2021-06-19 17:07:44,715 - utils.logger - INFO - Cur epoch 65 loss ccc:0.1114
2021-06-19 17:07:45,041 - utils.logger - INFO - Cur epoch 65 loss ccc:0.9962
2021-06-19 17:07:45,041 - utils.logger - INFO - saving the model at the end of epoch 65, iters 390
2021-06-19 17:07:45,313 - utils.logger - INFO - End of training epoch 65 / 70 	 Time Taken: 1 sec, Data loading: 0 sec
2021-06-19 17:07:45,313 - utils.logger - INFO - learning rate = 0.0000061
2021-06-19 17:07:45,668 - utils.logger - INFO - Trn result of epoch 65 / 70 mse 0.1228 rmse 0.3504 pcc 0.0968 ccc 0.0393
2021-06-19 17:07:45,790 - utils.logger - INFO - Val result of epoch 65 / 70 mse 0.1456 rmse 0.3816 pcc 0.2023 ccc 0.0699
2021-06-19 17:07:46,157 - utils.logger - INFO - Cur epoch 66 loss ccc:0.1142
2021-06-19 17:07:46,537 - utils.logger - INFO - Cur epoch 66 loss ccc:0.1261
2021-06-19 17:07:46,859 - utils.logger - INFO - Cur epoch 66 loss ccc:0.9929
2021-06-19 17:07:46,859 - utils.logger - INFO - saving the model at the end of epoch 66, iters 396
2021-06-19 17:07:47,081 - utils.logger - INFO - End of training epoch 66 / 70 	 Time Taken: 1 sec, Data loading: 0 sec
2021-06-19 17:07:47,081 - utils.logger - INFO - learning rate = 0.0000049
2021-06-19 17:07:47,437 - utils.logger - INFO - Trn result of epoch 66 / 70 mse 0.1224 rmse 0.3498 pcc 0.0849 ccc 0.0346
2021-06-19 17:07:47,559 - utils.logger - INFO - Val result of epoch 66 / 70 mse 0.1449 rmse 0.3807 pcc 0.1981 ccc 0.0677
2021-06-19 17:07:47,959 - utils.logger - INFO - Cur epoch 67 loss ccc:0.1049
2021-06-19 17:07:48,350 - utils.logger - INFO - Cur epoch 67 loss ccc:0.1286
2021-06-19 17:07:48,682 - utils.logger - INFO - Cur epoch 67 loss ccc:1.0000
2021-06-19 17:07:48,682 - utils.logger - INFO - saving the model at the end of epoch 67, iters 402
2021-06-19 17:07:48,917 - utils.logger - INFO - End of training epoch 67 / 70 	 Time Taken: 1 sec, Data loading: 0 sec
2021-06-19 17:07:48,918 - utils.logger - INFO - learning rate = 0.0000037
2021-06-19 17:07:49,272 - utils.logger - INFO - Trn result of epoch 67 / 70 mse 0.1226 rmse 0.3502 pcc 0.0806 ccc 0.0328
2021-06-19 17:07:49,395 - utils.logger - INFO - Val result of epoch 67 / 70 mse 0.1451 rmse 0.3810 pcc 0.1950 ccc 0.0663
2021-06-19 17:07:49,787 - utils.logger - INFO - Cur epoch 68 loss ccc:0.0999
2021-06-19 17:07:50,191 - utils.logger - INFO - Cur epoch 68 loss ccc:0.1182
2021-06-19 17:07:50,488 - utils.logger - INFO - Cur epoch 68 loss ccc:0.9488
2021-06-19 17:07:50,489 - utils.logger - INFO - saving the model at the end of epoch 68, iters 408
2021-06-19 17:07:50,715 - utils.logger - INFO - End of training epoch 68 / 70 	 Time Taken: 1 sec, Data loading: 0 sec
2021-06-19 17:07:50,715 - utils.logger - INFO - learning rate = 0.0000024
2021-06-19 17:07:51,067 - utils.logger - INFO - Trn result of epoch 68 / 70 mse 0.1223 rmse 0.3497 pcc 0.0821 ccc 0.0336
2021-06-19 17:07:51,190 - utils.logger - INFO - Val result of epoch 68 / 70 mse 0.1448 rmse 0.3805 pcc 0.1938 ccc 0.0662
2021-06-19 17:07:51,551 - utils.logger - INFO - Cur epoch 69 loss ccc:0.1303
2021-06-19 17:07:51,949 - utils.logger - INFO - Cur epoch 69 loss ccc:0.1252
2021-06-19 17:07:52,286 - utils.logger - INFO - Cur epoch 69 loss ccc:1.0608
2021-06-19 17:07:52,286 - utils.logger - INFO - saving the model at the end of epoch 69, iters 414
2021-06-19 17:07:52,511 - utils.logger - INFO - End of training epoch 69 / 70 	 Time Taken: 1 sec, Data loading: 0 sec
2021-06-19 17:07:52,511 - utils.logger - INFO - learning rate = 0.0000012
2021-06-19 17:07:52,866 - utils.logger - INFO - Trn result of epoch 69 / 70 mse 0.1204 rmse 0.3471 pcc 0.0878 ccc 0.0361
2021-06-19 17:07:52,989 - utils.logger - INFO - Val result of epoch 69 / 70 mse 0.1431 rmse 0.3782 pcc 0.1923 ccc 0.0659
2021-06-19 17:07:53,385 - utils.logger - INFO - Cur epoch 70 loss ccc:0.0888
2021-06-19 17:07:53,762 - utils.logger - INFO - Cur epoch 70 loss ccc:0.1252
2021-06-19 17:07:54,061 - utils.logger - INFO - Cur epoch 70 loss ccc:1.0667
2021-06-19 17:07:54,061 - utils.logger - INFO - saving the model at the end of epoch 70, iters 420
2021-06-19 17:07:54,673 - utils.logger - INFO - End of training epoch 70 / 70 	 Time Taken: 1 sec, Data loading: 0 sec
2021-06-19 17:07:54,673 - utils.logger - INFO - learning rate = 0.0000000
2021-06-19 17:07:55,032 - utils.logger - INFO - Trn result of epoch 70 / 70 mse 0.1201 rmse 0.3466 pcc 0.0881 ccc 0.0362
2021-06-19 17:07:55,156 - utils.logger - INFO - Val result of epoch 70 / 70 mse 0.1426 rmse 0.3776 pcc 0.1919 ccc 0.0660
2021-06-19 17:07:55,156 - utils.logger - INFO - Best eval epoch 47 found with ccc 0.078091
2021-06-19 17:07:55,157 - utils.logger - INFO - baseline_fcfusion_wonorm_egemaps_EDA_hidden1024_seq100_lr5e-05_cccloss_run1
