2021-06-19 20:47:30,774 - utils.logger - INFO - The number of training samples = 41
2021-06-19 20:47:33,355 - utils.logger - INFO - Cur epoch 1 loss ccc:0.1276
2021-06-19 20:47:33,726 - utils.logger - INFO - Cur epoch 1 loss ccc:0.1164
2021-06-19 20:47:34,026 - utils.logger - INFO - Cur epoch 1 loss ccc:0.9929
2021-06-19 20:47:34,026 - utils.logger - INFO - saving the model at the end of epoch 1, iters 6
2021-06-19 20:47:34,241 - utils.logger - INFO - End of training epoch 1 / 70 	 Time Taken: 1 sec, Data loading: 0 sec
2021-06-19 20:47:34,241 - utils.logger - INFO - learning rate = 0.0000500
2021-06-19 20:47:34,603 - utils.logger - INFO - Trn result of epoch 1 / 70 mse 0.0465 rmse 0.2157 pcc 0.4171 ccc 0.0737
2021-06-19 20:47:34,729 - utils.logger - INFO - Val result of epoch 1 / 70 mse 0.0372 rmse 0.1928 pcc 0.4296 ccc 0.1065
2021-06-19 20:47:35,106 - utils.logger - INFO - Cur epoch 2 loss ccc:0.1111
2021-06-19 20:47:35,474 - utils.logger - INFO - Cur epoch 2 loss ccc:0.1260
2021-06-19 20:47:35,775 - utils.logger - INFO - Cur epoch 2 loss ccc:1.0014
2021-06-19 20:47:35,775 - utils.logger - INFO - saving the model at the end of epoch 2, iters 12
2021-06-19 20:47:36,021 - utils.logger - INFO - End of training epoch 2 / 70 	 Time Taken: 1 sec, Data loading: 0 sec
2021-06-19 20:47:36,021 - utils.logger - INFO - learning rate = 0.0000500
2021-06-19 20:47:36,378 - utils.logger - INFO - Trn result of epoch 2 / 70 mse 0.0498 rmse 0.2233 pcc 0.4259 ccc 0.0641
2021-06-19 20:47:36,502 - utils.logger - INFO - Val result of epoch 2 / 70 mse 0.0392 rmse 0.1979 pcc 0.4644 ccc 0.0982
2021-06-19 20:47:36,909 - utils.logger - INFO - Cur epoch 3 loss ccc:0.1170
2021-06-19 20:47:37,337 - utils.logger - INFO - Cur epoch 3 loss ccc:0.1184
2021-06-19 20:47:37,700 - utils.logger - INFO - Cur epoch 3 loss ccc:0.9192
2021-06-19 20:47:37,701 - utils.logger - INFO - saving the model at the end of epoch 3, iters 18
2021-06-19 20:47:37,939 - utils.logger - INFO - End of training epoch 3 / 70 	 Time Taken: 1 sec, Data loading: 0 sec
2021-06-19 20:47:37,940 - utils.logger - INFO - learning rate = 0.0000500
2021-06-19 20:47:38,305 - utils.logger - INFO - Trn result of epoch 3 / 70 mse 0.0465 rmse 0.2156 pcc 0.4295 ccc 0.1609
2021-06-19 20:47:38,431 - utils.logger - INFO - Val result of epoch 3 / 70 mse 0.0369 rmse 0.1922 pcc 0.4356 ccc 0.2234
2021-06-19 20:47:38,824 - utils.logger - INFO - Cur epoch 4 loss ccc:0.1345
2021-06-19 20:47:39,195 - utils.logger - INFO - Cur epoch 4 loss ccc:0.1280
2021-06-19 20:47:39,525 - utils.logger - INFO - Cur epoch 4 loss ccc:1.0086
2021-06-19 20:47:39,525 - utils.logger - INFO - saving the model at the end of epoch 4, iters 24
2021-06-19 20:47:39,912 - utils.logger - INFO - End of training epoch 4 / 70 	 Time Taken: 1 sec, Data loading: 0 sec
2021-06-19 20:47:39,912 - utils.logger - INFO - learning rate = 0.0000500
2021-06-19 20:47:40,273 - utils.logger - INFO - Trn result of epoch 4 / 70 mse 0.0560 rmse 0.2366 pcc 0.4451 ccc 0.1461
2021-06-19 20:47:40,396 - utils.logger - INFO - Val result of epoch 4 / 70 mse 0.0441 rmse 0.2100 pcc 0.4650 ccc 0.2060
2021-06-19 20:47:40,786 - utils.logger - INFO - Cur epoch 5 loss ccc:0.0976
2021-06-19 20:47:41,180 - utils.logger - INFO - Cur epoch 5 loss ccc:0.1325
2021-06-19 20:47:41,503 - utils.logger - INFO - Cur epoch 5 loss ccc:0.9974
2021-06-19 20:47:41,503 - utils.logger - INFO - saving the model at the end of epoch 5, iters 30
2021-06-19 20:47:41,732 - utils.logger - INFO - End of training epoch 5 / 70 	 Time Taken: 1 sec, Data loading: 0 sec
2021-06-19 20:47:41,733 - utils.logger - INFO - learning rate = 0.0000500
2021-06-19 20:47:42,090 - utils.logger - INFO - Trn result of epoch 5 / 70 mse 0.0518 rmse 0.2275 pcc 0.4292 ccc 0.1734
2021-06-19 20:47:42,214 - utils.logger - INFO - Val result of epoch 5 / 70 mse 0.0409 rmse 0.2022 pcc 0.4525 ccc 0.2398
2021-06-19 20:47:42,610 - utils.logger - INFO - Cur epoch 6 loss ccc:0.1213
2021-06-19 20:47:42,993 - utils.logger - INFO - Cur epoch 6 loss ccc:0.1329
2021-06-19 20:47:43,326 - utils.logger - INFO - Cur epoch 6 loss ccc:1.0769
2021-06-19 20:47:43,326 - utils.logger - INFO - saving the model at the end of epoch 6, iters 36
2021-06-19 20:47:43,554 - utils.logger - INFO - End of training epoch 6 / 70 	 Time Taken: 1 sec, Data loading: 0 sec
2021-06-19 20:47:43,554 - utils.logger - INFO - learning rate = 0.0000500
2021-06-19 20:47:43,909 - utils.logger - INFO - Trn result of epoch 6 / 70 mse 0.0447 rmse 0.2114 pcc 0.4266 ccc 0.1875
2021-06-19 20:47:44,033 - utils.logger - INFO - Val result of epoch 6 / 70 mse 0.0356 rmse 0.1887 pcc 0.4380 ccc 0.2551
2021-06-19 20:47:44,420 - utils.logger - INFO - Cur epoch 7 loss ccc:0.1328
2021-06-19 20:47:44,830 - utils.logger - INFO - Cur epoch 7 loss ccc:0.1077
2021-06-19 20:47:45,176 - utils.logger - INFO - Cur epoch 7 loss ccc:0.9785
2021-06-19 20:47:45,176 - utils.logger - INFO - saving the model at the end of epoch 7, iters 42
2021-06-19 20:47:45,522 - utils.logger - INFO - End of training epoch 7 / 70 	 Time Taken: 1 sec, Data loading: 0 sec
2021-06-19 20:47:45,522 - utils.logger - INFO - learning rate = 0.0000500
2021-06-19 20:47:45,878 - utils.logger - INFO - Trn result of epoch 7 / 70 mse 0.0391 rmse 0.1978 pcc 0.3965 ccc 0.1537
2021-06-19 20:47:46,002 - utils.logger - INFO - Val result of epoch 7 / 70 mse 0.0326 rmse 0.1806 pcc 0.3920 ccc 0.2025
2021-06-19 20:47:46,388 - utils.logger - INFO - Cur epoch 8 loss ccc:0.1238
2021-06-19 20:47:46,779 - utils.logger - INFO - Cur epoch 8 loss ccc:0.1187
2021-06-19 20:47:47,086 - utils.logger - INFO - Cur epoch 8 loss ccc:1.0327
2021-06-19 20:47:47,086 - utils.logger - INFO - saving the model at the end of epoch 8, iters 48
2021-06-19 20:47:47,320 - utils.logger - INFO - End of training epoch 8 / 70 	 Time Taken: 1 sec, Data loading: 0 sec
2021-06-19 20:47:47,320 - utils.logger - INFO - learning rate = 0.0000500
2021-06-19 20:47:47,674 - utils.logger - INFO - Trn result of epoch 8 / 70 mse 0.0379 rmse 0.1947 pcc 0.3939 ccc 0.1985
2021-06-19 20:47:47,797 - utils.logger - INFO - Val result of epoch 8 / 70 mse 0.0323 rmse 0.1797 pcc 0.3865 ccc 0.2505
2021-06-19 20:47:48,169 - utils.logger - INFO - Cur epoch 9 loss ccc:0.1339
2021-06-19 20:47:48,547 - utils.logger - INFO - Cur epoch 9 loss ccc:0.1069
2021-06-19 20:47:48,853 - utils.logger - INFO - Cur epoch 9 loss ccc:0.9705
2021-06-19 20:47:48,853 - utils.logger - INFO - saving the model at the end of epoch 9, iters 54
2021-06-19 20:47:49,086 - utils.logger - INFO - End of training epoch 9 / 70 	 Time Taken: 1 sec, Data loading: 0 sec
2021-06-19 20:47:49,086 - utils.logger - INFO - learning rate = 0.0000500
2021-06-19 20:47:49,439 - utils.logger - INFO - Trn result of epoch 9 / 70 mse 0.0423 rmse 0.2057 pcc 0.3883 ccc 0.0612
2021-06-19 20:47:49,563 - utils.logger - INFO - Val result of epoch 9 / 70 mse 0.0382 rmse 0.1954 pcc 0.3700 ccc 0.0697
2021-06-19 20:47:49,931 - utils.logger - INFO - Cur epoch 10 loss ccc:0.1191
2021-06-19 20:47:50,311 - utils.logger - INFO - Cur epoch 10 loss ccc:0.1202
2021-06-19 20:47:50,629 - utils.logger - INFO - Cur epoch 10 loss ccc:0.9998
2021-06-19 20:47:50,629 - utils.logger - INFO - saving the model at the end of epoch 10, iters 60
2021-06-19 20:47:50,858 - utils.logger - INFO - End of training epoch 10 / 70 	 Time Taken: 1 sec, Data loading: 0 sec
2021-06-19 20:47:50,858 - utils.logger - INFO - learning rate = 0.0000500
2021-06-19 20:47:51,211 - utils.logger - INFO - Trn result of epoch 10 / 70 mse 0.0419 rmse 0.2048 pcc 0.4119 ccc 0.0709
2021-06-19 20:47:51,336 - utils.logger - INFO - Val result of epoch 10 / 70 mse 0.0376 rmse 0.1939 pcc 0.3986 ccc 0.0854
2021-06-19 20:47:51,705 - utils.logger - INFO - Cur epoch 11 loss ccc:0.1326
2021-06-19 20:47:52,103 - utils.logger - INFO - Cur epoch 11 loss ccc:0.1149
2021-06-19 20:47:52,431 - utils.logger - INFO - Cur epoch 11 loss ccc:1.0019
2021-06-19 20:47:52,431 - utils.logger - INFO - saving the model at the end of epoch 11, iters 66
2021-06-19 20:47:52,669 - utils.logger - INFO - End of training epoch 11 / 70 	 Time Taken: 1 sec, Data loading: 0 sec
2021-06-19 20:47:52,669 - utils.logger - INFO - learning rate = 0.0000500
2021-06-19 20:47:53,027 - utils.logger - INFO - Trn result of epoch 11 / 70 mse 0.0407 rmse 0.2017 pcc 0.4189 ccc 0.0923
2021-06-19 20:47:53,153 - utils.logger - INFO - Val result of epoch 11 / 70 mse 0.0357 rmse 0.1889 pcc 0.4140 ccc 0.1167
2021-06-19 20:47:53,546 - utils.logger - INFO - Cur epoch 12 loss ccc:0.1250
2021-06-19 20:47:53,940 - utils.logger - INFO - Cur epoch 12 loss ccc:0.1166
2021-06-19 20:47:54,262 - utils.logger - INFO - Cur epoch 12 loss ccc:0.9837
2021-06-19 20:47:54,262 - utils.logger - INFO - saving the model at the end of epoch 12, iters 72
2021-06-19 20:47:54,502 - utils.logger - INFO - End of training epoch 12 / 70 	 Time Taken: 1 sec, Data loading: 0 sec
2021-06-19 20:47:54,502 - utils.logger - INFO - learning rate = 0.0000500
2021-06-19 20:47:54,863 - utils.logger - INFO - Trn result of epoch 12 / 70 mse 0.0394 rmse 0.1985 pcc 0.4186 ccc 0.1232
2021-06-19 20:47:54,989 - utils.logger - INFO - Val result of epoch 12 / 70 mse 0.0337 rmse 0.1836 pcc 0.4287 ccc 0.1625
2021-06-19 20:47:55,377 - utils.logger - INFO - Cur epoch 13 loss ccc:0.1250
2021-06-19 20:47:55,781 - utils.logger - INFO - Cur epoch 13 loss ccc:0.1221
2021-06-19 20:47:56,104 - utils.logger - INFO - Cur epoch 13 loss ccc:0.9949
2021-06-19 20:47:56,104 - utils.logger - INFO - saving the model at the end of epoch 13, iters 78
2021-06-19 20:47:56,454 - utils.logger - INFO - End of training epoch 13 / 70 	 Time Taken: 1 sec, Data loading: 0 sec
2021-06-19 20:47:56,454 - utils.logger - INFO - learning rate = 0.0000500
2021-06-19 20:47:56,818 - utils.logger - INFO - Trn result of epoch 13 / 70 mse 0.0396 rmse 0.1990 pcc 0.4257 ccc 0.1149
2021-06-19 20:47:56,944 - utils.logger - INFO - Val result of epoch 13 / 70 mse 0.0337 rmse 0.1837 pcc 0.4463 ccc 0.1547
2021-06-19 20:47:57,325 - utils.logger - INFO - Cur epoch 14 loss ccc:0.1199
2021-06-19 20:47:57,708 - utils.logger - INFO - Cur epoch 14 loss ccc:0.1187
2021-06-19 20:47:58,048 - utils.logger - INFO - Cur epoch 14 loss ccc:0.9846
2021-06-19 20:47:58,048 - utils.logger - INFO - saving the model at the end of epoch 14, iters 84
2021-06-19 20:47:58,281 - utils.logger - INFO - End of training epoch 14 / 70 	 Time Taken: 1 sec, Data loading: 0 sec
2021-06-19 20:47:58,282 - utils.logger - INFO - learning rate = 0.0000500
2021-06-19 20:47:58,641 - utils.logger - INFO - Trn result of epoch 14 / 70 mse 0.0394 rmse 0.1985 pcc 0.4260 ccc 0.1212
2021-06-19 20:47:58,763 - utils.logger - INFO - Val result of epoch 14 / 70 mse 0.0330 rmse 0.1816 pcc 0.4618 ccc 0.1709
2021-06-19 20:47:59,133 - utils.logger - INFO - Cur epoch 15 loss ccc:0.1213
2021-06-19 20:47:59,507 - utils.logger - INFO - Cur epoch 15 loss ccc:0.1239
2021-06-19 20:47:59,831 - utils.logger - INFO - Cur epoch 15 loss ccc:0.9952
2021-06-19 20:47:59,831 - utils.logger - INFO - saving the model at the end of epoch 15, iters 90
2021-06-19 20:48:00,062 - utils.logger - INFO - End of training epoch 15 / 70 	 Time Taken: 1 sec, Data loading: 0 sec
2021-06-19 20:48:00,063 - utils.logger - INFO - learning rate = 0.0000500
2021-06-19 20:48:00,421 - utils.logger - INFO - Trn result of epoch 15 / 70 mse 0.0398 rmse 0.1996 pcc 0.4359 ccc 0.1221
2021-06-19 20:48:00,546 - utils.logger - INFO - Val result of epoch 15 / 70 mse 0.0325 rmse 0.1803 pcc 0.4772 ccc 0.1721
2021-06-19 20:48:00,922 - utils.logger - INFO - Cur epoch 16 loss ccc:0.1257
2021-06-19 20:48:01,329 - utils.logger - INFO - Cur epoch 16 loss ccc:0.1130
2021-06-19 20:48:01,661 - utils.logger - INFO - Cur epoch 16 loss ccc:1.0023
2021-06-19 20:48:01,661 - utils.logger - INFO - saving the model at the end of epoch 16, iters 96
2021-06-19 20:48:01,900 - utils.logger - INFO - End of training epoch 16 / 70 	 Time Taken: 1 sec, Data loading: 0 sec
2021-06-19 20:48:01,900 - utils.logger - INFO - learning rate = 0.0000500
2021-06-19 20:48:02,261 - utils.logger - INFO - Trn result of epoch 16 / 70 mse 0.0409 rmse 0.2022 pcc 0.4167 ccc 0.1156
2021-06-19 20:48:02,383 - utils.logger - INFO - Val result of epoch 16 / 70 mse 0.0326 rmse 0.1806 pcc 0.4862 ccc 0.1712
2021-06-19 20:48:02,767 - utils.logger - INFO - Cur epoch 17 loss ccc:0.1106
2021-06-19 20:48:03,138 - utils.logger - INFO - Cur epoch 17 loss ccc:0.1066
2021-06-19 20:48:03,444 - utils.logger - INFO - Cur epoch 17 loss ccc:1.0110
2021-06-19 20:48:03,444 - utils.logger - INFO - saving the model at the end of epoch 17, iters 102
2021-06-19 20:48:03,670 - utils.logger - INFO - End of training epoch 17 / 70 	 Time Taken: 1 sec, Data loading: 0 sec
2021-06-19 20:48:03,670 - utils.logger - INFO - learning rate = 0.0000500
2021-06-19 20:48:04,025 - utils.logger - INFO - Trn result of epoch 17 / 70 mse 0.0417 rmse 0.2042 pcc 0.4167 ccc 0.1351
2021-06-19 20:48:04,146 - utils.logger - INFO - Val result of epoch 17 / 70 mse 0.0327 rmse 0.1809 pcc 0.4644 ccc 0.1976
2021-06-19 20:48:04,504 - utils.logger - INFO - Cur epoch 18 loss ccc:0.1223
2021-06-19 20:48:04,889 - utils.logger - INFO - Cur epoch 18 loss ccc:0.1144
2021-06-19 20:48:05,206 - utils.logger - INFO - Cur epoch 18 loss ccc:1.0052
2021-06-19 20:48:05,206 - utils.logger - INFO - saving the model at the end of epoch 18, iters 108
2021-06-19 20:48:05,500 - utils.logger - INFO - End of training epoch 18 / 70 	 Time Taken: 1 sec, Data loading: 0 sec
2021-06-19 20:48:05,500 - utils.logger - INFO - learning rate = 0.0000500
2021-06-19 20:48:05,855 - utils.logger - INFO - Trn result of epoch 18 / 70 mse 0.0440 rmse 0.2098 pcc 0.4213 ccc 0.1351
2021-06-19 20:48:05,980 - utils.logger - INFO - Val result of epoch 18 / 70 mse 0.0343 rmse 0.1851 pcc 0.4629 ccc 0.1970
2021-06-19 20:48:06,362 - utils.logger - INFO - Cur epoch 19 loss ccc:0.1212
2021-06-19 20:48:06,730 - utils.logger - INFO - Cur epoch 19 loss ccc:0.1244
2021-06-19 20:48:07,037 - utils.logger - INFO - Cur epoch 19 loss ccc:0.6820
2021-06-19 20:48:07,037 - utils.logger - INFO - saving the model at the end of epoch 19, iters 114
2021-06-19 20:48:07,262 - utils.logger - INFO - End of training epoch 19 / 70 	 Time Taken: 1 sec, Data loading: 0 sec
2021-06-19 20:48:07,263 - utils.logger - INFO - learning rate = 0.0000500
2021-06-19 20:48:07,615 - utils.logger - INFO - Trn result of epoch 19 / 70 mse 0.0396 rmse 0.1991 pcc 0.4205 ccc 0.1912
2021-06-19 20:48:07,738 - utils.logger - INFO - Val result of epoch 19 / 70 mse 0.0318 rmse 0.1782 pcc 0.4402 ccc 0.2615
2021-06-19 20:48:08,121 - utils.logger - INFO - Cur epoch 20 loss ccc:0.1169
2021-06-19 20:48:08,490 - utils.logger - INFO - Cur epoch 20 loss ccc:0.1117
2021-06-19 20:48:08,791 - utils.logger - INFO - Cur epoch 20 loss ccc:1.0256
2021-06-19 20:48:08,791 - utils.logger - INFO - saving the model at the end of epoch 20, iters 120
2021-06-19 20:48:09,040 - utils.logger - INFO - End of training epoch 20 / 70 	 Time Taken: 1 sec, Data loading: 0 sec
2021-06-19 20:48:09,040 - utils.logger - INFO - learning rate = 0.0000500
2021-06-19 20:48:09,395 - utils.logger - INFO - Trn result of epoch 20 / 70 mse 0.0389 rmse 0.1973 pcc 0.4257 ccc 0.1964
2021-06-19 20:48:09,518 - utils.logger - INFO - Val result of epoch 20 / 70 mse 0.0310 rmse 0.1761 pcc 0.4571 ccc 0.2702
2021-06-19 20:48:09,897 - utils.logger - INFO - Cur epoch 21 loss ccc:0.1133
2021-06-19 20:48:10,263 - utils.logger - INFO - Cur epoch 21 loss ccc:0.1138
2021-06-19 20:48:10,572 - utils.logger - INFO - Cur epoch 21 loss ccc:1.0241
2021-06-19 20:48:10,572 - utils.logger - INFO - saving the model at the end of epoch 21, iters 126
2021-06-19 20:48:10,800 - utils.logger - INFO - End of training epoch 21 / 70 	 Time Taken: 1 sec, Data loading: 0 sec
2021-06-19 20:48:10,800 - utils.logger - INFO - learning rate = 0.0000500
2021-06-19 20:48:11,161 - utils.logger - INFO - Trn result of epoch 21 / 70 mse 0.0420 rmse 0.2049 pcc 0.4185 ccc 0.1909
2021-06-19 20:48:11,286 - utils.logger - INFO - Val result of epoch 21 / 70 mse 0.0328 rmse 0.1811 pcc 0.4505 ccc 0.2667
2021-06-19 20:48:11,677 - utils.logger - INFO - Cur epoch 22 loss ccc:0.1015
2021-06-19 20:48:12,079 - utils.logger - INFO - Cur epoch 22 loss ccc:0.1193
2021-06-19 20:48:12,395 - utils.logger - INFO - Cur epoch 22 loss ccc:0.9943
2021-06-19 20:48:12,395 - utils.logger - INFO - saving the model at the end of epoch 22, iters 132
2021-06-19 20:48:12,621 - utils.logger - INFO - End of training epoch 22 / 70 	 Time Taken: 1 sec, Data loading: 0 sec
2021-06-19 20:48:12,621 - utils.logger - INFO - learning rate = 0.0000500
2021-06-19 20:48:12,976 - utils.logger - INFO - Trn result of epoch 22 / 70 mse 0.0424 rmse 0.2058 pcc 0.4196 ccc 0.1999
2021-06-19 20:48:13,100 - utils.logger - INFO - Val result of epoch 22 / 70 mse 0.0331 rmse 0.1819 pcc 0.4518 ccc 0.2793
2021-06-19 20:48:13,491 - utils.logger - INFO - Cur epoch 23 loss ccc:0.1116
2021-06-19 20:48:13,888 - utils.logger - INFO - Cur epoch 23 loss ccc:0.1262
2021-06-19 20:48:14,225 - utils.logger - INFO - Cur epoch 23 loss ccc:1.0143
2021-06-19 20:48:14,225 - utils.logger - INFO - saving the model at the end of epoch 23, iters 138
2021-06-19 20:48:14,462 - utils.logger - INFO - End of training epoch 23 / 70 	 Time Taken: 1 sec, Data loading: 0 sec
2021-06-19 20:48:14,462 - utils.logger - INFO - learning rate = 0.0000500
2021-06-19 20:48:14,821 - utils.logger - INFO - Trn result of epoch 23 / 70 mse 0.0444 rmse 0.2106 pcc 0.4237 ccc 0.2206
2021-06-19 20:48:14,944 - utils.logger - INFO - Val result of epoch 23 / 70 mse 0.0352 rmse 0.1876 pcc 0.4453 ccc 0.2982
2021-06-19 20:48:15,350 - utils.logger - INFO - Cur epoch 24 loss ccc:0.1001
2021-06-19 20:48:15,754 - utils.logger - INFO - Cur epoch 24 loss ccc:0.1234
2021-06-19 20:48:16,063 - utils.logger - INFO - Cur epoch 24 loss ccc:0.7294
2021-06-19 20:48:16,064 - utils.logger - INFO - saving the model at the end of epoch 24, iters 144
2021-06-19 20:48:16,292 - utils.logger - INFO - End of training epoch 24 / 70 	 Time Taken: 1 sec, Data loading: 0 sec
2021-06-19 20:48:16,292 - utils.logger - INFO - learning rate = 0.0000500
2021-06-19 20:48:16,648 - utils.logger - INFO - Trn result of epoch 24 / 70 mse 0.0410 rmse 0.2026 pcc 0.4206 ccc 0.2557
2021-06-19 20:48:16,771 - utils.logger - INFO - Val result of epoch 24 / 70 mse 0.0330 rmse 0.1817 pcc 0.4456 ccc 0.3387
2021-06-19 20:48:17,162 - utils.logger - INFO - Cur epoch 25 loss ccc:0.1267
2021-06-19 20:48:17,558 - utils.logger - INFO - Cur epoch 25 loss ccc:0.1160
2021-06-19 20:48:17,873 - utils.logger - INFO - Cur epoch 25 loss ccc:0.9992
2021-06-19 20:48:17,873 - utils.logger - INFO - saving the model at the end of epoch 25, iters 150
2021-06-19 20:48:18,103 - utils.logger - INFO - End of training epoch 25 / 70 	 Time Taken: 1 sec, Data loading: 0 sec
2021-06-19 20:48:18,103 - utils.logger - INFO - learning rate = 0.0000500
2021-06-19 20:48:18,459 - utils.logger - INFO - Trn result of epoch 25 / 70 mse 0.0389 rmse 0.1973 pcc 0.4217 ccc 0.2617
2021-06-19 20:48:18,583 - utils.logger - INFO - Val result of epoch 25 / 70 mse 0.0317 rmse 0.1781 pcc 0.4431 ccc 0.3427
2021-06-19 20:48:18,957 - utils.logger - INFO - Cur epoch 26 loss ccc:0.1198
2021-06-19 20:48:19,324 - utils.logger - INFO - Cur epoch 26 loss ccc:0.1250
2021-06-19 20:48:19,621 - utils.logger - INFO - Cur epoch 26 loss ccc:1.0026
2021-06-19 20:48:19,621 - utils.logger - INFO - saving the model at the end of epoch 26, iters 156
2021-06-19 20:48:19,850 - utils.logger - INFO - End of training epoch 26 / 70 	 Time Taken: 1 sec, Data loading: 0 sec
2021-06-19 20:48:19,850 - utils.logger - INFO - learning rate = 0.0000500
2021-06-19 20:48:20,205 - utils.logger - INFO - Trn result of epoch 26 / 70 mse 0.0474 rmse 0.2177 pcc 0.4244 ccc 0.1960
2021-06-19 20:48:20,328 - utils.logger - INFO - Val result of epoch 26 / 70 mse 0.0380 rmse 0.1948 pcc 0.4392 ccc 0.2634
2021-06-19 20:48:20,689 - utils.logger - INFO - Cur epoch 27 loss ccc:0.1167
2021-06-19 20:48:21,058 - utils.logger - INFO - Cur epoch 27 loss ccc:0.1305
2021-06-19 20:48:21,359 - utils.logger - INFO - Cur epoch 27 loss ccc:1.0136
2021-06-19 20:48:21,359 - utils.logger - INFO - saving the model at the end of epoch 27, iters 162
2021-06-19 20:48:21,636 - utils.logger - INFO - End of training epoch 27 / 70 	 Time Taken: 1 sec, Data loading: 0 sec
2021-06-19 20:48:21,637 - utils.logger - INFO - learning rate = 0.0000500
2021-06-19 20:48:21,989 - utils.logger - INFO - Trn result of epoch 27 / 70 mse 0.0466 rmse 0.2160 pcc 0.4185 ccc 0.2346
2021-06-19 20:48:22,112 - utils.logger - INFO - Val result of epoch 27 / 70 mse 0.0384 rmse 0.1959 pcc 0.4314 ccc 0.3058
2021-06-19 20:48:22,480 - utils.logger - INFO - Cur epoch 28 loss ccc:0.1271
2021-06-19 20:48:22,855 - utils.logger - INFO - Cur epoch 28 loss ccc:0.1156
2021-06-19 20:48:23,167 - utils.logger - INFO - Cur epoch 28 loss ccc:1.0000
2021-06-19 20:48:23,167 - utils.logger - INFO - saving the model at the end of epoch 28, iters 168
2021-06-19 20:48:23,432 - utils.logger - INFO - End of training epoch 28 / 70 	 Time Taken: 1 sec, Data loading: 0 sec
2021-06-19 20:48:23,432 - utils.logger - INFO - learning rate = 0.0000500
2021-06-19 20:48:23,791 - utils.logger - INFO - Trn result of epoch 28 / 70 mse 0.0489 rmse 0.2211 pcc 0.4189 ccc 0.2140
2021-06-19 20:48:23,917 - utils.logger - INFO - Val result of epoch 28 / 70 mse 0.0404 rmse 0.2010 pcc 0.4249 ccc 0.2784
2021-06-19 20:48:24,289 - utils.logger - INFO - Cur epoch 29 loss ccc:0.1159
2021-06-19 20:48:24,654 - utils.logger - INFO - Cur epoch 29 loss ccc:0.1217
2021-06-19 20:48:24,952 - utils.logger - INFO - Cur epoch 29 loss ccc:0.9627
2021-06-19 20:48:24,953 - utils.logger - INFO - saving the model at the end of epoch 29, iters 174
2021-06-19 20:48:25,183 - utils.logger - INFO - End of training epoch 29 / 70 	 Time Taken: 1 sec, Data loading: 0 sec
2021-06-19 20:48:25,184 - utils.logger - INFO - learning rate = 0.0000500
2021-06-19 20:48:25,541 - utils.logger - INFO - Trn result of epoch 29 / 70 mse 0.0486 rmse 0.2206 pcc 0.4178 ccc 0.2185
2021-06-19 20:48:25,665 - utils.logger - INFO - Val result of epoch 29 / 70 mse 0.0400 rmse 0.1999 pcc 0.4285 ccc 0.2862
2021-06-19 20:48:26,036 - utils.logger - INFO - Cur epoch 30 loss ccc:0.1151
2021-06-19 20:48:26,399 - utils.logger - INFO - Cur epoch 30 loss ccc:0.1346
2021-06-19 20:48:26,706 - utils.logger - INFO - Cur epoch 30 loss ccc:0.9922
2021-06-19 20:48:26,706 - utils.logger - INFO - saving the model at the end of epoch 30, iters 180
2021-06-19 20:48:26,935 - utils.logger - INFO - End of training epoch 30 / 70 	 Time Taken: 1 sec, Data loading: 0 sec
2021-06-19 20:48:26,935 - utils.logger - INFO - learning rate = 0.0000488
2021-06-19 20:48:27,292 - utils.logger - INFO - Trn result of epoch 30 / 70 mse 0.0466 rmse 0.2160 pcc 0.4174 ccc 0.2335
2021-06-19 20:48:27,416 - utils.logger - INFO - Val result of epoch 30 / 70 mse 0.0384 rmse 0.1959 pcc 0.4298 ccc 0.3039
2021-06-19 20:48:27,790 - utils.logger - INFO - Cur epoch 31 loss ccc:0.1351
2021-06-19 20:48:28,159 - utils.logger - INFO - Cur epoch 31 loss ccc:0.0962
2021-06-19 20:48:28,454 - utils.logger - INFO - Cur epoch 31 loss ccc:1.0000
2021-06-19 20:48:28,454 - utils.logger - INFO - saving the model at the end of epoch 31, iters 186
2021-06-19 20:48:28,687 - utils.logger - INFO - End of training epoch 31 / 70 	 Time Taken: 1 sec, Data loading: 0 sec
2021-06-19 20:48:28,687 - utils.logger - INFO - learning rate = 0.0000476
2021-06-19 20:48:29,044 - utils.logger - INFO - Trn result of epoch 31 / 70 mse 0.0491 rmse 0.2215 pcc 0.4192 ccc 0.2190
2021-06-19 20:48:29,167 - utils.logger - INFO - Val result of epoch 31 / 70 mse 0.0406 rmse 0.2014 pcc 0.4257 ccc 0.2838
2021-06-19 20:48:29,531 - utils.logger - INFO - Cur epoch 32 loss ccc:0.1156
2021-06-19 20:48:29,903 - utils.logger - INFO - Cur epoch 32 loss ccc:0.1253
2021-06-19 20:48:30,212 - utils.logger - INFO - Cur epoch 32 loss ccc:1.0000
2021-06-19 20:48:30,212 - utils.logger - INFO - saving the model at the end of epoch 32, iters 192
2021-06-19 20:48:30,456 - utils.logger - INFO - End of training epoch 32 / 70 	 Time Taken: 1 sec, Data loading: 0 sec
2021-06-19 20:48:30,456 - utils.logger - INFO - learning rate = 0.0000463
2021-06-19 20:48:30,815 - utils.logger - INFO - Trn result of epoch 32 / 70 mse 0.0516 rmse 0.2272 pcc 0.4205 ccc 0.2126
2021-06-19 20:48:30,939 - utils.logger - INFO - Val result of epoch 32 / 70 mse 0.0427 rmse 0.2068 pcc 0.4278 ccc 0.2755
2021-06-19 20:48:31,326 - utils.logger - INFO - Cur epoch 33 loss ccc:0.1250
2021-06-19 20:48:31,706 - utils.logger - INFO - Cur epoch 33 loss ccc:0.1306
2021-06-19 20:48:32,024 - utils.logger - INFO - Cur epoch 33 loss ccc:1.0007
2021-06-19 20:48:32,024 - utils.logger - INFO - saving the model at the end of epoch 33, iters 198
2021-06-19 20:48:32,256 - utils.logger - INFO - End of training epoch 33 / 70 	 Time Taken: 1 sec, Data loading: 0 sec
2021-06-19 20:48:32,256 - utils.logger - INFO - learning rate = 0.0000451
2021-06-19 20:48:32,610 - utils.logger - INFO - Trn result of epoch 33 / 70 mse 0.0522 rmse 0.2284 pcc 0.4181 ccc 0.1998
2021-06-19 20:48:32,733 - utils.logger - INFO - Val result of epoch 33 / 70 mse 0.0434 rmse 0.2084 pcc 0.4173 ccc 0.2551
2021-06-19 20:48:33,127 - utils.logger - INFO - Cur epoch 34 loss ccc:0.1314
2021-06-19 20:48:33,507 - utils.logger - INFO - Cur epoch 34 loss ccc:0.1017
2021-06-19 20:48:33,823 - utils.logger - INFO - Cur epoch 34 loss ccc:1.0394
2021-06-19 20:48:33,823 - utils.logger - INFO - saving the model at the end of epoch 34, iters 204
2021-06-19 20:48:34,056 - utils.logger - INFO - End of training epoch 34 / 70 	 Time Taken: 1 sec, Data loading: 0 sec
2021-06-19 20:48:34,056 - utils.logger - INFO - learning rate = 0.0000439
2021-06-19 20:48:34,413 - utils.logger - INFO - Trn result of epoch 34 / 70 mse 0.0553 rmse 0.2352 pcc 0.4190 ccc 0.2071
2021-06-19 20:48:34,536 - utils.logger - INFO - Val result of epoch 34 / 70 mse 0.0464 rmse 0.2155 pcc 0.4243 ccc 0.2652
2021-06-19 20:48:34,928 - utils.logger - INFO - Cur epoch 35 loss ccc:0.1172
2021-06-19 20:48:35,312 - utils.logger - INFO - Cur epoch 35 loss ccc:0.1400
2021-06-19 20:48:35,623 - utils.logger - INFO - Cur epoch 35 loss ccc:1.0382
2021-06-19 20:48:35,624 - utils.logger - INFO - saving the model at the end of epoch 35, iters 210
2021-06-19 20:48:36,010 - utils.logger - INFO - End of training epoch 35 / 70 	 Time Taken: 1 sec, Data loading: 0 sec
2021-06-19 20:48:36,010 - utils.logger - INFO - learning rate = 0.0000427
2021-06-19 20:48:36,362 - utils.logger - INFO - Trn result of epoch 35 / 70 mse 0.0590 rmse 0.2429 pcc 0.4186 ccc 0.1965
2021-06-19 20:48:36,484 - utils.logger - INFO - Val result of epoch 35 / 70 mse 0.0496 rmse 0.2228 pcc 0.4299 ccc 0.2554
2021-06-19 20:48:36,867 - utils.logger - INFO - Cur epoch 36 loss ccc:0.1324
2021-06-19 20:48:37,259 - utils.logger - INFO - Cur epoch 36 loss ccc:0.1016
2021-06-19 20:48:37,574 - utils.logger - INFO - Cur epoch 36 loss ccc:1.0042
2021-06-19 20:48:37,574 - utils.logger - INFO - saving the model at the end of epoch 36, iters 216
2021-06-19 20:48:37,951 - utils.logger - INFO - End of training epoch 36 / 70 	 Time Taken: 1 sec, Data loading: 0 sec
2021-06-19 20:48:37,951 - utils.logger - INFO - learning rate = 0.0000415
2021-06-19 20:48:38,309 - utils.logger - INFO - Trn result of epoch 36 / 70 mse 0.0587 rmse 0.2423 pcc 0.4198 ccc 0.1908
2021-06-19 20:48:38,434 - utils.logger - INFO - Val result of epoch 36 / 70 mse 0.0494 rmse 0.2223 pcc 0.4214 ccc 0.2428
2021-06-19 20:48:38,835 - utils.logger - INFO - Cur epoch 37 loss ccc:0.1245
2021-06-19 20:48:39,215 - utils.logger - INFO - Cur epoch 37 loss ccc:0.1025
2021-06-19 20:48:39,538 - utils.logger - INFO - Cur epoch 37 loss ccc:1.0039
2021-06-19 20:48:39,538 - utils.logger - INFO - saving the model at the end of epoch 37, iters 222
2021-06-19 20:48:39,769 - utils.logger - INFO - End of training epoch 37 / 70 	 Time Taken: 1 sec, Data loading: 0 sec
2021-06-19 20:48:39,769 - utils.logger - INFO - learning rate = 0.0000402
2021-06-19 20:48:40,122 - utils.logger - INFO - Trn result of epoch 37 / 70 mse 0.0615 rmse 0.2479 pcc 0.4198 ccc 0.1800
2021-06-19 20:48:40,245 - utils.logger - INFO - Val result of epoch 37 / 70 mse 0.0518 rmse 0.2276 pcc 0.4209 ccc 0.2304
2021-06-19 20:48:40,630 - utils.logger - INFO - Cur epoch 38 loss ccc:0.1331
2021-06-19 20:48:40,993 - utils.logger - INFO - Cur epoch 38 loss ccc:0.0996
2021-06-19 20:48:41,330 - utils.logger - INFO - Cur epoch 38 loss ccc:1.0000
2021-06-19 20:48:41,330 - utils.logger - INFO - saving the model at the end of epoch 38, iters 228
2021-06-19 20:48:41,553 - utils.logger - INFO - End of training epoch 38 / 70 	 Time Taken: 1 sec, Data loading: 0 sec
2021-06-19 20:48:41,553 - utils.logger - INFO - learning rate = 0.0000390
2021-06-19 20:48:41,900 - utils.logger - INFO - Trn result of epoch 38 / 70 mse 0.0609 rmse 0.2468 pcc 0.4210 ccc 0.1903
2021-06-19 20:48:42,022 - utils.logger - INFO - Val result of epoch 38 / 70 mse 0.0515 rmse 0.2269 pcc 0.4236 ccc 0.2429
2021-06-19 20:48:42,407 - utils.logger - INFO - Cur epoch 39 loss ccc:0.1244
2021-06-19 20:48:42,788 - utils.logger - INFO - Cur epoch 39 loss ccc:0.1253
2021-06-19 20:48:43,111 - utils.logger - INFO - Cur epoch 39 loss ccc:1.0072
2021-06-19 20:48:43,111 - utils.logger - INFO - saving the model at the end of epoch 39, iters 234
2021-06-19 20:48:43,332 - utils.logger - INFO - End of training epoch 39 / 70 	 Time Taken: 1 sec, Data loading: 0 sec
2021-06-19 20:48:43,333 - utils.logger - INFO - learning rate = 0.0000378
2021-06-19 20:48:43,684 - utils.logger - INFO - Trn result of epoch 39 / 70 mse 0.0571 rmse 0.2389 pcc 0.4261 ccc 0.1924
2021-06-19 20:48:43,806 - utils.logger - INFO - Val result of epoch 39 / 70 mse 0.0474 rmse 0.2177 pcc 0.4303 ccc 0.2485
2021-06-19 20:48:44,197 - utils.logger - INFO - Cur epoch 40 loss ccc:0.1192
2021-06-19 20:48:44,578 - utils.logger - INFO - Cur epoch 40 loss ccc:0.1118
2021-06-19 20:48:44,896 - utils.logger - INFO - Cur epoch 40 loss ccc:1.0581
2021-06-19 20:48:44,896 - utils.logger - INFO - saving the model at the end of epoch 40, iters 240
2021-06-19 20:48:45,132 - utils.logger - INFO - End of training epoch 40 / 70 	 Time Taken: 1 sec, Data loading: 0 sec
2021-06-19 20:48:45,132 - utils.logger - INFO - learning rate = 0.0000366
2021-06-19 20:48:45,486 - utils.logger - INFO - Trn result of epoch 40 / 70 mse 0.0554 rmse 0.2354 pcc 0.4385 ccc 0.1617
2021-06-19 20:48:45,609 - utils.logger - INFO - Val result of epoch 40 / 70 mse 0.0447 rmse 0.2115 pcc 0.4444 ccc 0.2144
2021-06-19 20:48:45,988 - utils.logger - INFO - Cur epoch 41 loss ccc:0.1122
2021-06-19 20:48:46,370 - utils.logger - INFO - Cur epoch 41 loss ccc:0.1143
2021-06-19 20:48:46,694 - utils.logger - INFO - Cur epoch 41 loss ccc:0.9999
2021-06-19 20:48:46,694 - utils.logger - INFO - saving the model at the end of epoch 41, iters 246
2021-06-19 20:48:46,924 - utils.logger - INFO - End of training epoch 41 / 70 	 Time Taken: 1 sec, Data loading: 0 sec
2021-06-19 20:48:46,925 - utils.logger - INFO - learning rate = 0.0000354
2021-06-19 20:48:47,278 - utils.logger - INFO - Trn result of epoch 41 / 70 mse 0.0538 rmse 0.2320 pcc 0.4384 ccc 0.1708
2021-06-19 20:48:47,400 - utils.logger - INFO - Val result of epoch 41 / 70 mse 0.0433 rmse 0.2080 pcc 0.4446 ccc 0.2274
2021-06-19 20:48:47,804 - utils.logger - INFO - Cur epoch 42 loss ccc:0.1250
2021-06-19 20:48:48,195 - utils.logger - INFO - Cur epoch 42 loss ccc:0.1093
2021-06-19 20:48:48,531 - utils.logger - INFO - Cur epoch 42 loss ccc:1.0011
2021-06-19 20:48:48,531 - utils.logger - INFO - saving the model at the end of epoch 42, iters 252
2021-06-19 20:48:49,092 - utils.logger - INFO - End of training epoch 42 / 70 	 Time Taken: 1 sec, Data loading: 0 sec
2021-06-19 20:48:49,092 - utils.logger - INFO - learning rate = 0.0000341
2021-06-19 20:48:49,453 - utils.logger - INFO - Trn result of epoch 42 / 70 mse 0.0540 rmse 0.2324 pcc 0.4412 ccc 0.1770
2021-06-19 20:48:49,577 - utils.logger - INFO - Val result of epoch 42 / 70 mse 0.0432 rmse 0.2078 pcc 0.4543 ccc 0.2377
2021-06-19 20:48:49,956 - utils.logger - INFO - Cur epoch 43 loss ccc:0.1063
2021-06-19 20:48:50,343 - utils.logger - INFO - Cur epoch 43 loss ccc:0.1105
2021-06-19 20:48:50,682 - utils.logger - INFO - Cur epoch 43 loss ccc:0.9475
2021-06-19 20:48:50,682 - utils.logger - INFO - saving the model at the end of epoch 43, iters 258
2021-06-19 20:48:50,961 - utils.logger - INFO - End of training epoch 43 / 70 	 Time Taken: 1 sec, Data loading: 0 sec
2021-06-19 20:48:50,961 - utils.logger - INFO - learning rate = 0.0000329
2021-06-19 20:48:51,321 - utils.logger - INFO - Trn result of epoch 43 / 70 mse 0.0607 rmse 0.2464 pcc 0.4375 ccc 0.2116
2021-06-19 20:48:51,444 - utils.logger - INFO - Val result of epoch 43 / 70 mse 0.0512 rmse 0.2262 pcc 0.4505 ccc 0.2745
2021-06-19 20:48:51,842 - utils.logger - INFO - Cur epoch 44 loss ccc:0.0954
2021-06-19 20:48:52,216 - utils.logger - INFO - Cur epoch 44 loss ccc:0.1254
2021-06-19 20:48:52,543 - utils.logger - INFO - Cur epoch 44 loss ccc:0.9995
2021-06-19 20:48:52,543 - utils.logger - INFO - saving the model at the end of epoch 44, iters 264
2021-06-19 20:48:52,814 - utils.logger - INFO - End of training epoch 44 / 70 	 Time Taken: 1 sec, Data loading: 0 sec
2021-06-19 20:48:52,814 - utils.logger - INFO - learning rate = 0.0000317
2021-06-19 20:48:53,170 - utils.logger - INFO - Trn result of epoch 44 / 70 mse 0.0613 rmse 0.2476 pcc 0.4368 ccc 0.2114
2021-06-19 20:48:53,294 - utils.logger - INFO - Val result of epoch 44 / 70 mse 0.0515 rmse 0.2270 pcc 0.4515 ccc 0.2749
2021-06-19 20:48:53,685 - utils.logger - INFO - Cur epoch 45 loss ccc:0.1260
2021-06-19 20:48:54,062 - utils.logger - INFO - Cur epoch 45 loss ccc:0.1302
2021-06-19 20:48:54,384 - utils.logger - INFO - Cur epoch 45 loss ccc:0.9780
2021-06-19 20:48:54,384 - utils.logger - INFO - saving the model at the end of epoch 45, iters 270
2021-06-19 20:48:54,622 - utils.logger - INFO - End of training epoch 45 / 70 	 Time Taken: 1 sec, Data loading: 0 sec
2021-06-19 20:48:54,622 - utils.logger - INFO - learning rate = 0.0000305
2021-06-19 20:48:54,978 - utils.logger - INFO - Trn result of epoch 45 / 70 mse 0.0634 rmse 0.2518 pcc 0.4458 ccc 0.1791
2021-06-19 20:48:55,102 - utils.logger - INFO - Val result of epoch 45 / 70 mse 0.0509 rmse 0.2257 pcc 0.4683 ccc 0.2404
2021-06-19 20:48:55,493 - utils.logger - INFO - Cur epoch 46 loss ccc:0.1362
2021-06-19 20:48:55,887 - utils.logger - INFO - Cur epoch 46 loss ccc:0.1197
2021-06-19 20:48:56,215 - utils.logger - INFO - Cur epoch 46 loss ccc:1.0120
2021-06-19 20:48:56,215 - utils.logger - INFO - saving the model at the end of epoch 46, iters 276
2021-06-19 20:48:56,440 - utils.logger - INFO - End of training epoch 46 / 70 	 Time Taken: 1 sec, Data loading: 0 sec
2021-06-19 20:48:56,441 - utils.logger - INFO - learning rate = 0.0000293
2021-06-19 20:48:56,797 - utils.logger - INFO - Trn result of epoch 46 / 70 mse 0.0665 rmse 0.2578 pcc 0.4438 ccc 0.1692
2021-06-19 20:48:56,921 - utils.logger - INFO - Val result of epoch 46 / 70 mse 0.0535 rmse 0.2313 pcc 0.4704 ccc 0.2295
2021-06-19 20:48:57,300 - utils.logger - INFO - Cur epoch 47 loss ccc:0.1092
2021-06-19 20:48:57,685 - utils.logger - INFO - Cur epoch 47 loss ccc:0.1352
2021-06-19 20:48:58,014 - utils.logger - INFO - Cur epoch 47 loss ccc:1.0000
2021-06-19 20:48:58,014 - utils.logger - INFO - saving the model at the end of epoch 47, iters 282
2021-06-19 20:48:58,236 - utils.logger - INFO - End of training epoch 47 / 70 	 Time Taken: 1 sec, Data loading: 0 sec
2021-06-19 20:48:58,236 - utils.logger - INFO - learning rate = 0.0000280
2021-06-19 20:48:58,594 - utils.logger - INFO - Trn result of epoch 47 / 70 mse 0.0687 rmse 0.2622 pcc 0.4433 ccc 0.1640
2021-06-19 20:48:58,716 - utils.logger - INFO - Val result of epoch 47 / 70 mse 0.0556 rmse 0.2358 pcc 0.4715 ccc 0.2235
2021-06-19 20:48:59,104 - utils.logger - INFO - Cur epoch 48 loss ccc:0.1150
2021-06-19 20:48:59,500 - utils.logger - INFO - Cur epoch 48 loss ccc:0.1220
2021-06-19 20:48:59,826 - utils.logger - INFO - Cur epoch 48 loss ccc:1.0122
2021-06-19 20:48:59,827 - utils.logger - INFO - saving the model at the end of epoch 48, iters 288
2021-06-19 20:49:00,213 - utils.logger - INFO - End of training epoch 48 / 70 	 Time Taken: 1 sec, Data loading: 0 sec
2021-06-19 20:49:00,213 - utils.logger - INFO - learning rate = 0.0000268
2021-06-19 20:49:00,566 - utils.logger - INFO - Trn result of epoch 48 / 70 mse 0.0647 rmse 0.2544 pcc 0.4526 ccc 0.1359
2021-06-19 20:49:00,690 - utils.logger - INFO - Val result of epoch 48 / 70 mse 0.0514 rmse 0.2267 pcc 0.4790 ccc 0.1862
2021-06-19 20:49:01,076 - utils.logger - INFO - Cur epoch 49 loss ccc:0.1067
2021-06-19 20:49:01,480 - utils.logger - INFO - Cur epoch 49 loss ccc:0.1250
2021-06-19 20:49:01,822 - utils.logger - INFO - Cur epoch 49 loss ccc:0.9999
2021-06-19 20:49:01,822 - utils.logger - INFO - saving the model at the end of epoch 49, iters 294
2021-06-19 20:49:02,053 - utils.logger - INFO - End of training epoch 49 / 70 	 Time Taken: 1 sec, Data loading: 0 sec
2021-06-19 20:49:02,053 - utils.logger - INFO - learning rate = 0.0000256
2021-06-19 20:49:02,406 - utils.logger - INFO - Trn result of epoch 49 / 70 mse 0.0617 rmse 0.2483 pcc 0.4500 ccc 0.1453
2021-06-19 20:49:02,530 - utils.logger - INFO - Val result of epoch 49 / 70 mse 0.0487 rmse 0.2206 pcc 0.4781 ccc 0.2003
2021-06-19 20:49:02,917 - utils.logger - INFO - Cur epoch 50 loss ccc:0.1247
2021-06-19 20:49:03,325 - utils.logger - INFO - Cur epoch 50 loss ccc:0.1137
2021-06-19 20:49:03,677 - utils.logger - INFO - Cur epoch 50 loss ccc:1.0086
2021-06-19 20:49:03,677 - utils.logger - INFO - saving the model at the end of epoch 50, iters 300
2021-06-19 20:49:03,898 - utils.logger - INFO - End of training epoch 50 / 70 	 Time Taken: 1 sec, Data loading: 0 sec
2021-06-19 20:49:03,898 - utils.logger - INFO - learning rate = 0.0000244
2021-06-19 20:49:04,256 - utils.logger - INFO - Trn result of epoch 50 / 70 mse 0.0618 rmse 0.2487 pcc 0.4468 ccc 0.1552
2021-06-19 20:49:04,379 - utils.logger - INFO - Val result of epoch 50 / 70 mse 0.0492 rmse 0.2218 pcc 0.4720 ccc 0.2135
2021-06-19 20:49:04,777 - utils.logger - INFO - Cur epoch 51 loss ccc:0.1054
2021-06-19 20:49:05,187 - utils.logger - INFO - Cur epoch 51 loss ccc:0.1336
2021-06-19 20:49:05,500 - utils.logger - INFO - Cur epoch 51 loss ccc:1.0059
2021-06-19 20:49:05,500 - utils.logger - INFO - saving the model at the end of epoch 51, iters 306
2021-06-19 20:49:05,727 - utils.logger - INFO - End of training epoch 51 / 70 	 Time Taken: 1 sec, Data loading: 0 sec
2021-06-19 20:49:05,727 - utils.logger - INFO - learning rate = 0.0000232
2021-06-19 20:49:06,083 - utils.logger - INFO - Trn result of epoch 51 / 70 mse 0.0627 rmse 0.2505 pcc 0.4481 ccc 0.1636
2021-06-19 20:49:06,205 - utils.logger - INFO - Val result of epoch 51 / 70 mse 0.0503 rmse 0.2244 pcc 0.4699 ccc 0.2239
2021-06-19 20:49:06,592 - utils.logger - INFO - Cur epoch 52 loss ccc:0.1289
2021-06-19 20:49:06,989 - utils.logger - INFO - Cur epoch 52 loss ccc:0.1133
2021-06-19 20:49:07,324 - utils.logger - INFO - Cur epoch 52 loss ccc:0.9934
2021-06-19 20:49:07,324 - utils.logger - INFO - saving the model at the end of epoch 52, iters 312
2021-06-19 20:49:07,554 - utils.logger - INFO - End of training epoch 52 / 70 	 Time Taken: 1 sec, Data loading: 0 sec
2021-06-19 20:49:07,555 - utils.logger - INFO - learning rate = 0.0000220
2021-06-19 20:49:07,910 - utils.logger - INFO - Trn result of epoch 52 / 70 mse 0.0623 rmse 0.2496 pcc 0.4479 ccc 0.1683
2021-06-19 20:49:08,033 - utils.logger - INFO - Val result of epoch 52 / 70 mse 0.0501 rmse 0.2238 pcc 0.4692 ccc 0.2299
2021-06-19 20:49:08,435 - utils.logger - INFO - Cur epoch 53 loss ccc:0.1355
2021-06-19 20:49:08,856 - utils.logger - INFO - Cur epoch 53 loss ccc:0.1144
2021-06-19 20:49:09,189 - utils.logger - INFO - Cur epoch 53 loss ccc:1.0026
2021-06-19 20:49:09,190 - utils.logger - INFO - saving the model at the end of epoch 53, iters 318
2021-06-19 20:49:09,422 - utils.logger - INFO - End of training epoch 53 / 70 	 Time Taken: 1 sec, Data loading: 0 sec
2021-06-19 20:49:09,422 - utils.logger - INFO - learning rate = 0.0000207
2021-06-19 20:49:09,776 - utils.logger - INFO - Trn result of epoch 53 / 70 mse 0.0613 rmse 0.2476 pcc 0.4410 ccc 0.1849
2021-06-19 20:49:09,900 - utils.logger - INFO - Val result of epoch 53 / 70 mse 0.0497 rmse 0.2230 pcc 0.4622 ccc 0.2500
2021-06-19 20:49:10,285 - utils.logger - INFO - Cur epoch 54 loss ccc:0.1244
2021-06-19 20:49:10,688 - utils.logger - INFO - Cur epoch 54 loss ccc:0.1172
2021-06-19 20:49:11,005 - utils.logger - INFO - Cur epoch 54 loss ccc:1.0010
2021-06-19 20:49:11,005 - utils.logger - INFO - saving the model at the end of epoch 54, iters 324
2021-06-19 20:49:11,229 - utils.logger - INFO - End of training epoch 54 / 70 	 Time Taken: 1 sec, Data loading: 0 sec
2021-06-19 20:49:11,229 - utils.logger - INFO - learning rate = 0.0000195
2021-06-19 20:49:11,582 - utils.logger - INFO - Trn result of epoch 54 / 70 mse 0.0608 rmse 0.2466 pcc 0.4408 ccc 0.1862
2021-06-19 20:49:11,705 - utils.logger - INFO - Val result of epoch 54 / 70 mse 0.0493 rmse 0.2221 pcc 0.4621 ccc 0.2519
2021-06-19 20:49:12,094 - utils.logger - INFO - Cur epoch 55 loss ccc:0.1300
2021-06-19 20:49:12,504 - utils.logger - INFO - Cur epoch 55 loss ccc:0.1358
2021-06-19 20:49:12,836 - utils.logger - INFO - Cur epoch 55 loss ccc:1.0070
2021-06-19 20:49:12,836 - utils.logger - INFO - saving the model at the end of epoch 55, iters 330
2021-06-19 20:49:13,481 - utils.logger - INFO - End of training epoch 55 / 70 	 Time Taken: 1 sec, Data loading: 0 sec
2021-06-19 20:49:13,481 - utils.logger - INFO - learning rate = 0.0000183
2021-06-19 20:49:13,835 - utils.logger - INFO - Trn result of epoch 55 / 70 mse 0.0586 rmse 0.2421 pcc 0.4355 ccc 0.2128
2021-06-19 20:49:13,958 - utils.logger - INFO - Val result of epoch 55 / 70 mse 0.0484 rmse 0.2200 pcc 0.4540 ccc 0.2803
2021-06-19 20:49:14,358 - utils.logger - INFO - Cur epoch 56 loss ccc:0.1281
2021-06-19 20:49:14,745 - utils.logger - INFO - Cur epoch 56 loss ccc:0.1122
2021-06-19 20:49:15,062 - utils.logger - INFO - Cur epoch 56 loss ccc:0.8458
2021-06-19 20:49:15,062 - utils.logger - INFO - saving the model at the end of epoch 56, iters 336
2021-06-19 20:49:15,291 - utils.logger - INFO - End of training epoch 56 / 70 	 Time Taken: 1 sec, Data loading: 0 sec
2021-06-19 20:49:15,292 - utils.logger - INFO - learning rate = 0.0000171
2021-06-19 20:49:15,647 - utils.logger - INFO - Trn result of epoch 56 / 70 mse 0.0578 rmse 0.2404 pcc 0.4339 ccc 0.2260
2021-06-19 20:49:15,770 - utils.logger - INFO - Val result of epoch 56 / 70 mse 0.0478 rmse 0.2187 pcc 0.4552 ccc 0.2969
2021-06-19 20:49:16,155 - utils.logger - INFO - Cur epoch 57 loss ccc:0.1315
2021-06-19 20:49:16,538 - utils.logger - INFO - Cur epoch 57 loss ccc:0.1041
2021-06-19 20:49:16,870 - utils.logger - INFO - Cur epoch 57 loss ccc:0.9766
2021-06-19 20:49:16,870 - utils.logger - INFO - saving the model at the end of epoch 57, iters 342
2021-06-19 20:49:17,107 - utils.logger - INFO - End of training epoch 57 / 70 	 Time Taken: 1 sec, Data loading: 0 sec
2021-06-19 20:49:17,107 - utils.logger - INFO - learning rate = 0.0000159
2021-06-19 20:49:17,464 - utils.logger - INFO - Trn result of epoch 57 / 70 mse 0.0550 rmse 0.2345 pcc 0.4323 ccc 0.2390
2021-06-19 20:49:17,587 - utils.logger - INFO - Val result of epoch 57 / 70 mse 0.0456 rmse 0.2136 pcc 0.4532 ccc 0.3115
2021-06-19 20:49:17,986 - utils.logger - INFO - Cur epoch 58 loss ccc:0.1280
2021-06-19 20:49:18,368 - utils.logger - INFO - Cur epoch 58 loss ccc:0.1049
2021-06-19 20:49:18,670 - utils.logger - INFO - Cur epoch 58 loss ccc:1.0000
2021-06-19 20:49:18,671 - utils.logger - INFO - saving the model at the end of epoch 58, iters 348
2021-06-19 20:49:18,995 - utils.logger - INFO - End of training epoch 58 / 70 	 Time Taken: 1 sec, Data loading: 0 sec
2021-06-19 20:49:18,995 - utils.logger - INFO - learning rate = 0.0000146
2021-06-19 20:49:19,350 - utils.logger - INFO - Trn result of epoch 58 / 70 mse 0.0542 rmse 0.2328 pcc 0.4326 ccc 0.2429
2021-06-19 20:49:19,474 - utils.logger - INFO - Val result of epoch 58 / 70 mse 0.0448 rmse 0.2116 pcc 0.4552 ccc 0.3180
2021-06-19 20:49:19,866 - utils.logger - INFO - Cur epoch 59 loss ccc:0.1386
2021-06-19 20:49:20,259 - utils.logger - INFO - Cur epoch 59 loss ccc:0.1026
2021-06-19 20:49:20,550 - utils.logger - INFO - Cur epoch 59 loss ccc:0.9974
2021-06-19 20:49:20,550 - utils.logger - INFO - saving the model at the end of epoch 59, iters 354
2021-06-19 20:49:20,788 - utils.logger - INFO - End of training epoch 59 / 70 	 Time Taken: 1 sec, Data loading: 0 sec
2021-06-19 20:49:20,788 - utils.logger - INFO - learning rate = 0.0000134
2021-06-19 20:49:21,140 - utils.logger - INFO - Trn result of epoch 59 / 70 mse 0.0587 rmse 0.2423 pcc 0.4289 ccc 0.2375
2021-06-19 20:49:21,263 - utils.logger - INFO - Val result of epoch 59 / 70 mse 0.0491 rmse 0.2216 pcc 0.4502 ccc 0.3078
2021-06-19 20:49:21,654 - utils.logger - INFO - Cur epoch 60 loss ccc:0.1251
2021-06-19 20:49:22,037 - utils.logger - INFO - Cur epoch 60 loss ccc:0.1091
2021-06-19 20:49:22,346 - utils.logger - INFO - Cur epoch 60 loss ccc:0.9906
2021-06-19 20:49:22,346 - utils.logger - INFO - saving the model at the end of epoch 60, iters 360
2021-06-19 20:49:22,566 - utils.logger - INFO - End of training epoch 60 / 70 	 Time Taken: 1 sec, Data loading: 0 sec
2021-06-19 20:49:22,567 - utils.logger - INFO - learning rate = 0.0000122
2021-06-19 20:49:22,923 - utils.logger - INFO - Trn result of epoch 60 / 70 mse 0.0591 rmse 0.2432 pcc 0.4292 ccc 0.2380
2021-06-19 20:49:23,046 - utils.logger - INFO - Val result of epoch 60 / 70 mse 0.0495 rmse 0.2225 pcc 0.4510 ccc 0.3083
2021-06-19 20:49:23,432 - utils.logger - INFO - Cur epoch 61 loss ccc:0.1368
2021-06-19 20:49:23,833 - utils.logger - INFO - Cur epoch 61 loss ccc:0.1143
2021-06-19 20:49:24,165 - utils.logger - INFO - Cur epoch 61 loss ccc:0.9902
2021-06-19 20:49:24,165 - utils.logger - INFO - saving the model at the end of epoch 61, iters 366
2021-06-19 20:49:24,447 - utils.logger - INFO - End of training epoch 61 / 70 	 Time Taken: 1 sec, Data loading: 0 sec
2021-06-19 20:49:24,447 - utils.logger - INFO - learning rate = 0.0000110
2021-06-19 20:49:24,805 - utils.logger - INFO - Trn result of epoch 61 / 70 mse 0.0574 rmse 0.2397 pcc 0.4317 ccc 0.2371
2021-06-19 20:49:24,928 - utils.logger - INFO - Val result of epoch 61 / 70 mse 0.0474 rmse 0.2176 pcc 0.4563 ccc 0.3101
2021-06-19 20:49:25,310 - utils.logger - INFO - Cur epoch 62 loss ccc:0.1305
2021-06-19 20:49:25,719 - utils.logger - INFO - Cur epoch 62 loss ccc:0.1227
2021-06-19 20:49:26,050 - utils.logger - INFO - Cur epoch 62 loss ccc:1.0014
2021-06-19 20:49:26,050 - utils.logger - INFO - saving the model at the end of epoch 62, iters 372
2021-06-19 20:49:26,275 - utils.logger - INFO - End of training epoch 62 / 70 	 Time Taken: 1 sec, Data loading: 0 sec
2021-06-19 20:49:26,275 - utils.logger - INFO - learning rate = 0.0000098
2021-06-19 20:49:26,632 - utils.logger - INFO - Trn result of epoch 62 / 70 mse 0.0562 rmse 0.2370 pcc 0.4325 ccc 0.2411
2021-06-19 20:49:26,756 - utils.logger - INFO - Val result of epoch 62 / 70 mse 0.0463 rmse 0.2152 pcc 0.4562 ccc 0.3147
2021-06-19 20:49:27,148 - utils.logger - INFO - Cur epoch 63 loss ccc:0.1262
2021-06-19 20:49:27,532 - utils.logger - INFO - Cur epoch 63 loss ccc:0.1125
2021-06-19 20:49:27,853 - utils.logger - INFO - Cur epoch 63 loss ccc:1.0090
2021-06-19 20:49:27,853 - utils.logger - INFO - saving the model at the end of epoch 63, iters 378
2021-06-19 20:49:28,080 - utils.logger - INFO - End of training epoch 63 / 70 	 Time Taken: 1 sec, Data loading: 0 sec
2021-06-19 20:49:28,080 - utils.logger - INFO - learning rate = 0.0000085
2021-06-19 20:49:28,437 - utils.logger - INFO - Trn result of epoch 63 / 70 mse 0.0582 rmse 0.2412 pcc 0.4316 ccc 0.2377
2021-06-19 20:49:28,561 - utils.logger - INFO - Val result of epoch 63 / 70 mse 0.0480 rmse 0.2191 pcc 0.4567 ccc 0.3112
2021-06-19 20:49:28,942 - utils.logger - INFO - Cur epoch 64 loss ccc:0.1222
2021-06-19 20:49:29,354 - utils.logger - INFO - Cur epoch 64 loss ccc:0.1250
2021-06-19 20:49:29,720 - utils.logger - INFO - Cur epoch 64 loss ccc:1.0000
2021-06-19 20:49:29,720 - utils.logger - INFO - saving the model at the end of epoch 64, iters 384
2021-06-19 20:49:30,000 - utils.logger - INFO - End of training epoch 64 / 70 	 Time Taken: 1 sec, Data loading: 0 sec
2021-06-19 20:49:30,001 - utils.logger - INFO - learning rate = 0.0000073
2021-06-19 20:49:30,355 - utils.logger - INFO - Trn result of epoch 64 / 70 mse 0.0592 rmse 0.2434 pcc 0.4308 ccc 0.2337
2021-06-19 20:49:30,478 - utils.logger - INFO - Val result of epoch 64 / 70 mse 0.0489 rmse 0.2212 pcc 0.4564 ccc 0.3063
2021-06-19 20:49:30,877 - utils.logger - INFO - Cur epoch 65 loss ccc:0.1188
2021-06-19 20:49:31,299 - utils.logger - INFO - Cur epoch 65 loss ccc:0.1257
2021-06-19 20:49:31,645 - utils.logger - INFO - Cur epoch 65 loss ccc:0.9962
2021-06-19 20:49:31,645 - utils.logger - INFO - saving the model at the end of epoch 65, iters 390
2021-06-19 20:49:31,920 - utils.logger - INFO - End of training epoch 65 / 70 	 Time Taken: 1 sec, Data loading: 0 sec
2021-06-19 20:49:31,920 - utils.logger - INFO - learning rate = 0.0000061
2021-06-19 20:49:32,274 - utils.logger - INFO - Trn result of epoch 65 / 70 mse 0.0578 rmse 0.2405 pcc 0.4306 ccc 0.2404
2021-06-19 20:49:32,397 - utils.logger - INFO - Val result of epoch 65 / 70 mse 0.0477 rmse 0.2185 pcc 0.4572 ccc 0.3151
2021-06-19 20:49:32,803 - utils.logger - INFO - Cur epoch 66 loss ccc:0.1286
2021-06-19 20:49:33,208 - utils.logger - INFO - Cur epoch 66 loss ccc:0.1204
2021-06-19 20:49:33,553 - utils.logger - INFO - Cur epoch 66 loss ccc:1.0008
2021-06-19 20:49:33,553 - utils.logger - INFO - saving the model at the end of epoch 66, iters 396
2021-06-19 20:49:33,773 - utils.logger - INFO - End of training epoch 66 / 70 	 Time Taken: 1 sec, Data loading: 0 sec
2021-06-19 20:49:33,773 - utils.logger - INFO - learning rate = 0.0000049
2021-06-19 20:49:34,124 - utils.logger - INFO - Trn result of epoch 66 / 70 mse 0.0577 rmse 0.2402 pcc 0.4313 ccc 0.2412
2021-06-19 20:49:34,247 - utils.logger - INFO - Val result of epoch 66 / 70 mse 0.0477 rmse 0.2183 pcc 0.4570 ccc 0.3156
2021-06-19 20:49:34,661 - utils.logger - INFO - Cur epoch 67 loss ccc:0.0940
2021-06-19 20:49:35,094 - utils.logger - INFO - Cur epoch 67 loss ccc:0.1350
2021-06-19 20:49:35,445 - utils.logger - INFO - Cur epoch 67 loss ccc:1.0003
2021-06-19 20:49:35,445 - utils.logger - INFO - saving the model at the end of epoch 67, iters 402
2021-06-19 20:49:35,674 - utils.logger - INFO - End of training epoch 67 / 70 	 Time Taken: 1 sec, Data loading: 0 sec
2021-06-19 20:49:35,674 - utils.logger - INFO - learning rate = 0.0000037
2021-06-19 20:49:36,031 - utils.logger - INFO - Trn result of epoch 67 / 70 mse 0.0568 rmse 0.2382 pcc 0.4315 ccc 0.2443
2021-06-19 20:49:36,155 - utils.logger - INFO - Val result of epoch 67 / 70 mse 0.0469 rmse 0.2166 pcc 0.4576 ccc 0.3197
2021-06-19 20:49:36,544 - utils.logger - INFO - Cur epoch 68 loss ccc:0.1201
2021-06-19 20:49:36,923 - utils.logger - INFO - Cur epoch 68 loss ccc:0.0992
2021-06-19 20:49:37,239 - utils.logger - INFO - Cur epoch 68 loss ccc:0.9992
2021-06-19 20:49:37,239 - utils.logger - INFO - saving the model at the end of epoch 68, iters 408
2021-06-19 20:49:38,158 - utils.logger - INFO - End of training epoch 68 / 70 	 Time Taken: 2 sec, Data loading: 0 sec
2021-06-19 20:49:38,159 - utils.logger - INFO - learning rate = 0.0000024
2021-06-19 20:49:38,517 - utils.logger - INFO - Trn result of epoch 68 / 70 mse 0.0564 rmse 0.2376 pcc 0.4316 ccc 0.2457
2021-06-19 20:49:38,640 - utils.logger - INFO - Val result of epoch 68 / 70 mse 0.0466 rmse 0.2160 pcc 0.4574 ccc 0.3212
2021-06-19 20:49:39,032 - utils.logger - INFO - Cur epoch 69 loss ccc:0.1250
2021-06-19 20:49:39,416 - utils.logger - INFO - Cur epoch 69 loss ccc:0.1250
2021-06-19 20:49:39,737 - utils.logger - INFO - Cur epoch 69 loss ccc:0.9967
2021-06-19 20:49:39,737 - utils.logger - INFO - saving the model at the end of epoch 69, iters 414
2021-06-19 20:49:39,956 - utils.logger - INFO - End of training epoch 69 / 70 	 Time Taken: 1 sec, Data loading: 0 sec
2021-06-19 20:49:39,956 - utils.logger - INFO - learning rate = 0.0000012
2021-06-19 20:49:40,314 - utils.logger - INFO - Trn result of epoch 69 / 70 mse 0.0566 rmse 0.2378 pcc 0.4319 ccc 0.2457
2021-06-19 20:49:40,437 - utils.logger - INFO - Val result of epoch 69 / 70 mse 0.0467 rmse 0.2161 pcc 0.4579 ccc 0.3214
2021-06-19 20:49:40,830 - utils.logger - INFO - Cur epoch 70 loss ccc:0.1236
2021-06-19 20:49:41,219 - utils.logger - INFO - Cur epoch 70 loss ccc:0.1241
2021-06-19 20:49:41,533 - utils.logger - INFO - Cur epoch 70 loss ccc:0.9837
2021-06-19 20:49:41,533 - utils.logger - INFO - saving the model at the end of epoch 70, iters 420
2021-06-19 20:49:41,761 - utils.logger - INFO - End of training epoch 70 / 70 	 Time Taken: 1 sec, Data loading: 0 sec
2021-06-19 20:49:41,761 - utils.logger - INFO - learning rate = 0.0000000
2021-06-19 20:49:42,118 - utils.logger - INFO - Trn result of epoch 70 / 70 mse 0.0565 rmse 0.2377 pcc 0.4317 ccc 0.2457
2021-06-19 20:49:42,242 - utils.logger - INFO - Val result of epoch 70 / 70 mse 0.0467 rmse 0.2160 pcc 0.4581 ccc 0.3216
2021-06-19 20:49:42,242 - utils.logger - INFO - Best eval epoch 25 found with ccc 0.342661
2021-06-19 20:49:42,242 - utils.logger - INFO - baseline_fcfusion_wonorm_egemaps_valence_hidden1024_seq100_lr5e-05_cccloss_run1
