2021-06-05 12:39:27,043 - utils.logger - INFO - The number of training samples = 41
2021-06-05 12:39:31,067 - utils.logger - INFO - Cur epoch 1 loss MSE:0.0510
2021-06-05 12:39:31,494 - utils.logger - INFO - Cur epoch 1 loss MSE:0.3877
2021-06-05 12:39:31,817 - utils.logger - INFO - Cur epoch 1 loss MSE:18.5276
2021-06-05 12:39:31,818 - utils.logger - INFO - saving the model at the end of epoch 1, iters 6
2021-06-05 12:39:32,087 - utils.logger - INFO - End of training epoch 1 / 50 	 Time Taken: 1 sec, Data loading: 0 sec
2021-06-05 12:39:32,087 - utils.logger - INFO - learning rate = 0.0000100
2021-06-05 12:39:32,459 - utils.logger - INFO - Trn result of epoch 1 / 50 mse 0.0895 rmse 0.2992 pcc 0.0874 ccc 0.0001
2021-06-05 12:39:32,613 - utils.logger - INFO - Val result of epoch 1 / 50 mse 0.0937 rmse 0.3061 pcc 0.0807 ccc 0.0001
2021-06-05 12:39:33,007 - utils.logger - INFO - Cur epoch 2 loss MSE:0.2279
2021-06-05 12:39:33,415 - utils.logger - INFO - Cur epoch 2 loss MSE:0.6111
2021-06-05 12:39:33,729 - utils.logger - INFO - Cur epoch 2 loss MSE:0.9945
2021-06-05 12:39:33,729 - utils.logger - INFO - saving the model at the end of epoch 2, iters 12
2021-06-05 12:39:34,038 - utils.logger - INFO - End of training epoch 2 / 50 	 Time Taken: 1 sec, Data loading: 0 sec
2021-06-05 12:39:34,039 - utils.logger - INFO - learning rate = 0.0000100
2021-06-05 12:39:34,413 - utils.logger - INFO - Trn result of epoch 2 / 50 mse 0.0895 rmse 0.2992 pcc 0.1417 ccc 0.0002
2021-06-05 12:39:34,540 - utils.logger - INFO - Val result of epoch 2 / 50 mse 0.0937 rmse 0.3061 pcc 0.0678 ccc 0.0001
2021-06-05 12:39:34,929 - utils.logger - INFO - Cur epoch 3 loss MSE:0.4653
2021-06-05 12:39:35,325 - utils.logger - INFO - Cur epoch 3 loss MSE:1.6451
2021-06-05 12:39:35,663 - utils.logger - INFO - Cur epoch 3 loss MSE:14.1766
2021-06-05 12:39:35,663 - utils.logger - INFO - saving the model at the end of epoch 3, iters 18
2021-06-05 12:39:35,960 - utils.logger - INFO - End of training epoch 3 / 50 	 Time Taken: 1 sec, Data loading: 0 sec
2021-06-05 12:39:35,961 - utils.logger - INFO - learning rate = 0.0000100
2021-06-05 12:39:36,330 - utils.logger - INFO - Trn result of epoch 3 / 50 mse 0.0895 rmse 0.2992 pcc 0.0538 ccc 0.0001
2021-06-05 12:39:36,460 - utils.logger - INFO - Val result of epoch 3 / 50 mse 0.0938 rmse 0.3063 pcc 0.0392 ccc 0.0001
2021-06-05 12:39:36,861 - utils.logger - INFO - Cur epoch 4 loss MSE:0.0726
2021-06-05 12:39:37,254 - utils.logger - INFO - Cur epoch 4 loss MSE:0.1837
2021-06-05 12:39:37,590 - utils.logger - INFO - Cur epoch 4 loss MSE:1.2632
2021-06-05 12:39:37,590 - utils.logger - INFO - saving the model at the end of epoch 4, iters 24
2021-06-05 12:39:37,899 - utils.logger - INFO - End of training epoch 4 / 50 	 Time Taken: 1 sec, Data loading: 0 sec
2021-06-05 12:39:37,899 - utils.logger - INFO - learning rate = 0.0000100
2021-06-05 12:39:38,279 - utils.logger - INFO - Trn result of epoch 4 / 50 mse 0.0895 rmse 0.2992 pcc 0.1348 ccc 0.0002
2021-06-05 12:39:38,408 - utils.logger - INFO - Val result of epoch 4 / 50 mse 0.0937 rmse 0.3062 pcc 0.0746 ccc 0.0001
2021-06-05 12:39:38,795 - utils.logger - INFO - Cur epoch 5 loss MSE:0.0001
2021-06-05 12:39:39,177 - utils.logger - INFO - Cur epoch 5 loss MSE:0.1902
2021-06-05 12:39:39,529 - utils.logger - INFO - Cur epoch 5 loss MSE:1.2501
2021-06-05 12:39:39,529 - utils.logger - INFO - saving the model at the end of epoch 5, iters 30
2021-06-05 12:39:39,822 - utils.logger - INFO - End of training epoch 5 / 50 	 Time Taken: 1 sec, Data loading: 0 sec
2021-06-05 12:39:39,822 - utils.logger - INFO - learning rate = 0.0000100
2021-06-05 12:39:40,199 - utils.logger - INFO - Trn result of epoch 5 / 50 mse 0.0895 rmse 0.2992 pcc 0.2123 ccc 0.0004
2021-06-05 12:39:40,328 - utils.logger - INFO - Val result of epoch 5 / 50 mse 0.0936 rmse 0.3060 pcc 0.0623 ccc 0.0001
2021-06-05 12:39:40,720 - utils.logger - INFO - Cur epoch 6 loss MSE:0.1296
2021-06-05 12:39:41,116 - utils.logger - INFO - Cur epoch 6 loss MSE:1.5776
2021-06-05 12:39:41,440 - utils.logger - INFO - Cur epoch 6 loss MSE:17.5483
2021-06-05 12:39:41,440 - utils.logger - INFO - saving the model at the end of epoch 6, iters 36
2021-06-05 12:39:41,740 - utils.logger - INFO - End of training epoch 6 / 50 	 Time Taken: 1 sec, Data loading: 0 sec
2021-06-05 12:39:41,740 - utils.logger - INFO - learning rate = 0.0000100
2021-06-05 12:39:42,099 - utils.logger - INFO - Trn result of epoch 6 / 50 mse 0.0895 rmse 0.2992 pcc 0.1482 ccc 0.0005
2021-06-05 12:39:42,224 - utils.logger - INFO - Val result of epoch 6 / 50 mse 0.0936 rmse 0.3059 pcc 0.0316 ccc 0.0001
2021-06-05 12:39:42,607 - utils.logger - INFO - Cur epoch 7 loss MSE:1.5057
2021-06-05 12:39:42,989 - utils.logger - INFO - Cur epoch 7 loss MSE:0.1549
2021-06-05 12:39:43,315 - utils.logger - INFO - Cur epoch 7 loss MSE:8.4377
2021-06-05 12:39:43,315 - utils.logger - INFO - saving the model at the end of epoch 7, iters 42
2021-06-05 12:39:43,603 - utils.logger - INFO - End of training epoch 7 / 50 	 Time Taken: 1 sec, Data loading: 0 sec
2021-06-05 12:39:43,603 - utils.logger - INFO - learning rate = 0.0000100
2021-06-05 12:39:43,968 - utils.logger - INFO - Trn result of epoch 7 / 50 mse 0.0895 rmse 0.2992 pcc 0.1169 ccc 0.0007
2021-06-05 12:39:44,098 - utils.logger - INFO - Val result of epoch 7 / 50 mse 0.0934 rmse 0.3057 pcc 0.0116 ccc 0.0001
2021-06-05 12:39:44,499 - utils.logger - INFO - Cur epoch 8 loss MSE:0.1109
2021-06-05 12:39:44,895 - utils.logger - INFO - Cur epoch 8 loss MSE:0.2172
2021-06-05 12:39:45,218 - utils.logger - INFO - Cur epoch 8 loss MSE:0.3862
2021-06-05 12:39:45,218 - utils.logger - INFO - saving the model at the end of epoch 8, iters 48
2021-06-05 12:39:45,508 - utils.logger - INFO - End of training epoch 8 / 50 	 Time Taken: 1 sec, Data loading: 0 sec
2021-06-05 12:39:45,509 - utils.logger - INFO - learning rate = 0.0000100
2021-06-05 12:39:45,872 - utils.logger - INFO - Trn result of epoch 8 / 50 mse 0.0895 rmse 0.2992 pcc 0.1805 ccc 0.0010
2021-06-05 12:39:45,997 - utils.logger - INFO - Val result of epoch 8 / 50 mse 0.0935 rmse 0.3057 pcc 0.0105 ccc 0.0001
2021-06-05 12:39:46,389 - utils.logger - INFO - Cur epoch 9 loss MSE:0.0587
2021-06-05 12:39:46,784 - utils.logger - INFO - Cur epoch 9 loss MSE:1.8501
2021-06-05 12:39:47,103 - utils.logger - INFO - Cur epoch 9 loss MSE:17.2068
2021-06-05 12:39:47,103 - utils.logger - INFO - saving the model at the end of epoch 9, iters 54
2021-06-05 12:39:47,396 - utils.logger - INFO - End of training epoch 9 / 50 	 Time Taken: 1 sec, Data loading: 0 sec
2021-06-05 12:39:47,396 - utils.logger - INFO - learning rate = 0.0000100
2021-06-05 12:39:47,767 - utils.logger - INFO - Trn result of epoch 9 / 50 mse 0.0895 rmse 0.2992 pcc 0.1192 ccc 0.0012
2021-06-05 12:39:47,901 - utils.logger - INFO - Val result of epoch 9 / 50 mse 0.0933 rmse 0.3055 pcc 0.0033 ccc 0.0000
2021-06-05 12:39:48,300 - utils.logger - INFO - Cur epoch 10 loss MSE:1.3429
2021-06-05 12:39:48,680 - utils.logger - INFO - Cur epoch 10 loss MSE:0.5350
2021-06-05 12:39:48,999 - utils.logger - INFO - Cur epoch 10 loss MSE:6.6872
2021-06-05 12:39:48,999 - utils.logger - INFO - saving the model at the end of epoch 10, iters 60
2021-06-05 12:39:49,299 - utils.logger - INFO - End of training epoch 10 / 50 	 Time Taken: 1 sec, Data loading: 0 sec
2021-06-05 12:39:49,299 - utils.logger - INFO - learning rate = 0.0000100
2021-06-05 12:39:49,664 - utils.logger - INFO - Trn result of epoch 10 / 50 mse 0.0897 rmse 0.2995 pcc 0.0806 ccc 0.0018
2021-06-05 12:39:49,793 - utils.logger - INFO - Val result of epoch 10 / 50 mse 0.0930 rmse 0.3049 pcc -0.0020 ccc -0.0000
2021-06-05 12:39:50,187 - utils.logger - INFO - Cur epoch 11 loss MSE:0.1265
2021-06-05 12:39:50,580 - utils.logger - INFO - Cur epoch 11 loss MSE:0.2767
2021-06-05 12:39:50,913 - utils.logger - INFO - Cur epoch 11 loss MSE:16.8729
2021-06-05 12:39:50,913 - utils.logger - INFO - saving the model at the end of epoch 11, iters 66
2021-06-05 12:39:51,206 - utils.logger - INFO - End of training epoch 11 / 50 	 Time Taken: 1 sec, Data loading: 0 sec
2021-06-05 12:39:51,206 - utils.logger - INFO - learning rate = 0.0000100
2021-06-05 12:39:51,567 - utils.logger - INFO - Trn result of epoch 11 / 50 mse 0.0899 rmse 0.2998 pcc 0.0777 ccc 0.0027
2021-06-05 12:39:51,692 - utils.logger - INFO - Val result of epoch 11 / 50 mse 0.0927 rmse 0.3045 pcc -0.0017 ccc -0.0001
2021-06-05 12:39:52,075 - utils.logger - INFO - Cur epoch 12 loss MSE:0.0440
2021-06-05 12:39:52,466 - utils.logger - INFO - Cur epoch 12 loss MSE:1.6252
2021-06-05 12:39:52,782 - utils.logger - INFO - Cur epoch 12 loss MSE:6.6781
2021-06-05 12:39:52,782 - utils.logger - INFO - saving the model at the end of epoch 12, iters 72
2021-06-05 12:39:53,085 - utils.logger - INFO - End of training epoch 12 / 50 	 Time Taken: 1 sec, Data loading: 0 sec
2021-06-05 12:39:53,085 - utils.logger - INFO - learning rate = 0.0000100
2021-06-05 12:39:53,448 - utils.logger - INFO - Trn result of epoch 12 / 50 mse 0.0898 rmse 0.2997 pcc 0.0894 ccc 0.0032
2021-06-05 12:39:53,574 - utils.logger - INFO - Val result of epoch 12 / 50 mse 0.0927 rmse 0.3045 pcc 0.0027 ccc 0.0001
2021-06-05 12:39:53,966 - utils.logger - INFO - Cur epoch 13 loss MSE:0.1268
2021-06-05 12:39:54,369 - utils.logger - INFO - Cur epoch 13 loss MSE:0.3871
2021-06-05 12:39:54,679 - utils.logger - INFO - Cur epoch 13 loss MSE:17.1941
2021-06-05 12:39:54,679 - utils.logger - INFO - saving the model at the end of epoch 13, iters 78
2021-06-05 12:39:54,979 - utils.logger - INFO - End of training epoch 13 / 50 	 Time Taken: 1 sec, Data loading: 0 sec
2021-06-05 12:39:54,979 - utils.logger - INFO - learning rate = 0.0000100
2021-06-05 12:39:55,351 - utils.logger - INFO - Trn result of epoch 13 / 50 mse 0.0894 rmse 0.2990 pcc 0.2309 ccc 0.0034
2021-06-05 12:39:55,479 - utils.logger - INFO - Val result of epoch 13 / 50 mse 0.0932 rmse 0.3053 pcc 0.0080 ccc 0.0001
2021-06-05 12:39:55,865 - utils.logger - INFO - Cur epoch 14 loss MSE:0.6330
2021-06-05 12:39:56,254 - utils.logger - INFO - Cur epoch 14 loss MSE:0.1724
2021-06-05 12:39:56,565 - utils.logger - INFO - Cur epoch 14 loss MSE:0.6002
2021-06-05 12:39:56,566 - utils.logger - INFO - saving the model at the end of epoch 14, iters 84
2021-06-05 12:39:56,845 - utils.logger - INFO - End of training epoch 14 / 50 	 Time Taken: 1 sec, Data loading: 0 sec
2021-06-05 12:39:56,846 - utils.logger - INFO - learning rate = 0.0000100
2021-06-05 12:39:57,211 - utils.logger - INFO - Trn result of epoch 14 / 50 mse 0.0893 rmse 0.2987 pcc 0.3073 ccc 0.0042
2021-06-05 12:39:57,338 - utils.logger - INFO - Val result of epoch 14 / 50 mse 0.0934 rmse 0.3056 pcc -0.0022 ccc -0.0000
2021-06-05 12:39:57,729 - utils.logger - INFO - Cur epoch 15 loss MSE:0.5303
2021-06-05 12:39:58,135 - utils.logger - INFO - Cur epoch 15 loss MSE:1.3296
2021-06-05 12:39:58,449 - utils.logger - INFO - Cur epoch 15 loss MSE:2.2519
2021-06-05 12:39:58,449 - utils.logger - INFO - saving the model at the end of epoch 15, iters 90
2021-06-05 12:39:58,752 - utils.logger - INFO - End of training epoch 15 / 50 	 Time Taken: 1 sec, Data loading: 0 sec
2021-06-05 12:39:58,752 - utils.logger - INFO - learning rate = 0.0000100
2021-06-05 12:39:59,122 - utils.logger - INFO - Trn result of epoch 15 / 50 mse 0.0892 rmse 0.2987 pcc 0.2775 ccc 0.0052
2021-06-05 12:39:59,250 - utils.logger - INFO - Val result of epoch 15 / 50 mse 0.0932 rmse 0.3052 pcc 0.0006 ccc 0.0000
2021-06-05 12:39:59,638 - utils.logger - INFO - Cur epoch 16 loss MSE:1.5683
2021-06-05 12:40:00,025 - utils.logger - INFO - Cur epoch 16 loss MSE:0.5953
2021-06-05 12:40:00,348 - utils.logger - INFO - Cur epoch 16 loss MSE:2.2207
2021-06-05 12:40:00,349 - utils.logger - INFO - saving the model at the end of epoch 16, iters 96
2021-06-05 12:40:00,645 - utils.logger - INFO - End of training epoch 16 / 50 	 Time Taken: 1 sec, Data loading: 0 sec
2021-06-05 12:40:00,645 - utils.logger - INFO - learning rate = 0.0000100
2021-06-05 12:40:01,008 - utils.logger - INFO - Trn result of epoch 16 / 50 mse 0.0892 rmse 0.2987 pcc 0.2756 ccc 0.0061
2021-06-05 12:40:01,134 - utils.logger - INFO - Val result of epoch 16 / 50 mse 0.0931 rmse 0.3051 pcc -0.0057 ccc -0.0001
2021-06-05 12:40:01,536 - utils.logger - INFO - Cur epoch 17 loss MSE:0.1012
2021-06-05 12:40:01,928 - utils.logger - INFO - Cur epoch 17 loss MSE:0.5121
2021-06-05 12:40:02,256 - utils.logger - INFO - Cur epoch 17 loss MSE:16.0333
2021-06-05 12:40:02,257 - utils.logger - INFO - saving the model at the end of epoch 17, iters 102
2021-06-05 12:40:02,569 - utils.logger - INFO - End of training epoch 17 / 50 	 Time Taken: 1 sec, Data loading: 0 sec
2021-06-05 12:40:02,570 - utils.logger - INFO - learning rate = 0.0000100
2021-06-05 12:40:02,945 - utils.logger - INFO - Trn result of epoch 17 / 50 mse 0.0893 rmse 0.2988 pcc 0.2253 ccc 0.0088
2021-06-05 12:40:03,075 - utils.logger - INFO - Val result of epoch 17 / 50 mse 0.0927 rmse 0.3045 pcc 0.0017 ccc 0.0001
2021-06-05 12:40:03,465 - utils.logger - INFO - Cur epoch 18 loss MSE:0.1449
2021-06-05 12:40:03,865 - utils.logger - INFO - Cur epoch 18 loss MSE:0.1184
2021-06-05 12:40:04,187 - utils.logger - INFO - Cur epoch 18 loss MSE:15.8037
2021-06-05 12:40:04,187 - utils.logger - INFO - saving the model at the end of epoch 18, iters 108
2021-06-05 12:40:04,493 - utils.logger - INFO - End of training epoch 18 / 50 	 Time Taken: 1 sec, Data loading: 0 sec
2021-06-05 12:40:04,493 - utils.logger - INFO - learning rate = 0.0000100
2021-06-05 12:40:04,863 - utils.logger - INFO - Trn result of epoch 18 / 50 mse 0.0897 rmse 0.2995 pcc 0.1849 ccc 0.0116
2021-06-05 12:40:04,993 - utils.logger - INFO - Val result of epoch 18 / 50 mse 0.0925 rmse 0.3041 pcc 0.0030 ccc 0.0002
2021-06-05 12:40:05,377 - utils.logger - INFO - Cur epoch 19 loss MSE:0.2158
2021-06-05 12:40:05,768 - utils.logger - INFO - Cur epoch 19 loss MSE:1.3005
2021-06-05 12:40:06,095 - utils.logger - INFO - Cur epoch 19 loss MSE:13.9048
2021-06-05 12:40:06,095 - utils.logger - INFO - saving the model at the end of epoch 19, iters 114
2021-06-05 12:40:06,385 - utils.logger - INFO - End of training epoch 19 / 50 	 Time Taken: 1 sec, Data loading: 0 sec
2021-06-05 12:40:06,386 - utils.logger - INFO - learning rate = 0.0000100
2021-06-05 12:40:06,750 - utils.logger - INFO - Trn result of epoch 19 / 50 mse 0.0917 rmse 0.3028 pcc 0.1675 ccc 0.0215
2021-06-05 12:40:06,875 - utils.logger - INFO - Val result of epoch 19 / 50 mse 0.0932 rmse 0.3053 pcc 0.0073 ccc 0.0009
2021-06-05 12:40:07,276 - utils.logger - INFO - Cur epoch 20 loss MSE:0.0704
2021-06-05 12:40:07,664 - utils.logger - INFO - Cur epoch 20 loss MSE:0.2417
2021-06-05 12:40:07,996 - utils.logger - INFO - Cur epoch 20 loss MSE:0.3132
2021-06-05 12:40:07,997 - utils.logger - INFO - saving the model at the end of epoch 20, iters 120
2021-06-05 12:40:08,304 - utils.logger - INFO - End of training epoch 20 / 50 	 Time Taken: 1 sec, Data loading: 0 sec
2021-06-05 12:40:08,304 - utils.logger - INFO - learning rate = 0.0000097
2021-06-05 12:40:08,667 - utils.logger - INFO - Trn result of epoch 20 / 50 mse 0.0877 rmse 0.2962 pcc 0.3307 ccc 0.0284
2021-06-05 12:40:08,793 - utils.logger - INFO - Val result of epoch 20 / 50 mse 0.0930 rmse 0.3050 pcc -0.0592 ccc -0.0037
2021-06-05 12:40:09,182 - utils.logger - INFO - Cur epoch 21 loss MSE:0.1604
2021-06-05 12:40:09,575 - utils.logger - INFO - Cur epoch 21 loss MSE:0.0750
2021-06-05 12:40:09,905 - utils.logger - INFO - Cur epoch 21 loss MSE:15.2515
2021-06-05 12:40:09,905 - utils.logger - INFO - saving the model at the end of epoch 21, iters 126
2021-06-05 12:40:10,238 - utils.logger - INFO - End of training epoch 21 / 50 	 Time Taken: 1 sec, Data loading: 0 sec
2021-06-05 12:40:10,238 - utils.logger - INFO - learning rate = 0.0000094
2021-06-05 12:40:10,609 - utils.logger - INFO - Trn result of epoch 21 / 50 mse 0.0873 rmse 0.2955 pcc 0.3139 ccc 0.0313
2021-06-05 12:40:10,738 - utils.logger - INFO - Val result of epoch 21 / 50 mse 0.0926 rmse 0.3043 pcc 0.0347 ccc 0.0029
2021-06-05 12:40:11,137 - utils.logger - INFO - Cur epoch 22 loss MSE:1.3704
2021-06-05 12:40:11,527 - utils.logger - INFO - Cur epoch 22 loss MSE:0.0140
2021-06-05 12:40:11,844 - utils.logger - INFO - Cur epoch 22 loss MSE:0.3829
2021-06-05 12:40:11,844 - utils.logger - INFO - saving the model at the end of epoch 22, iters 132
2021-06-05 12:40:12,280 - utils.logger - INFO - End of training epoch 22 / 50 	 Time Taken: 1 sec, Data loading: 0 sec
2021-06-05 12:40:12,280 - utils.logger - INFO - learning rate = 0.0000090
2021-06-05 12:40:12,646 - utils.logger - INFO - Trn result of epoch 22 / 50 mse 0.0870 rmse 0.2950 pcc 0.2577 ccc 0.0320
2021-06-05 12:40:12,771 - utils.logger - INFO - Val result of epoch 22 / 50 mse 0.0951 rmse 0.3083 pcc -0.0409 ccc -0.0039
2021-06-05 12:40:13,159 - utils.logger - INFO - Cur epoch 23 loss MSE:0.0753
2021-06-05 12:40:13,558 - utils.logger - INFO - Cur epoch 23 loss MSE:0.1571
2021-06-05 12:40:13,878 - utils.logger - INFO - Cur epoch 23 loss MSE:13.0113
2021-06-05 12:40:13,878 - utils.logger - INFO - saving the model at the end of epoch 23, iters 138
2021-06-05 12:40:14,204 - utils.logger - INFO - End of training epoch 23 / 50 	 Time Taken: 1 sec, Data loading: 0 sec
2021-06-05 12:40:14,204 - utils.logger - INFO - learning rate = 0.0000087
2021-06-05 12:40:14,574 - utils.logger - INFO - Trn result of epoch 23 / 50 mse 0.0847 rmse 0.2910 pcc 0.2921 ccc 0.0679
2021-06-05 12:40:14,700 - utils.logger - INFO - Val result of epoch 23 / 50 mse 0.0959 rmse 0.3097 pcc -0.0343 ccc -0.0067
2021-06-05 12:40:15,100 - utils.logger - INFO - Cur epoch 24 loss MSE:0.1990
2021-06-05 12:40:15,490 - utils.logger - INFO - Cur epoch 24 loss MSE:0.0099
2021-06-05 12:40:15,811 - utils.logger - INFO - Cur epoch 24 loss MSE:9.0342
2021-06-05 12:40:15,812 - utils.logger - INFO - saving the model at the end of epoch 24, iters 144
2021-06-05 12:40:16,153 - utils.logger - INFO - End of training epoch 24 / 50 	 Time Taken: 1 sec, Data loading: 0 sec
2021-06-05 12:40:16,153 - utils.logger - INFO - learning rate = 0.0000084
2021-06-05 12:40:16,529 - utils.logger - INFO - Trn result of epoch 24 / 50 mse 0.0962 rmse 0.3102 pcc 0.1020 ccc 0.0391
2021-06-05 12:40:16,659 - utils.logger - INFO - Val result of epoch 24 / 50 mse 0.1142 rmse 0.3379 pcc -0.0911 ccc -0.0321
2021-06-05 12:40:17,047 - utils.logger - INFO - Cur epoch 25 loss MSE:0.0692
2021-06-05 12:40:17,436 - utils.logger - INFO - Cur epoch 25 loss MSE:1.0739
2021-06-05 12:40:17,773 - utils.logger - INFO - Cur epoch 25 loss MSE:0.2801
2021-06-05 12:40:17,773 - utils.logger - INFO - saving the model at the end of epoch 25, iters 150
2021-06-05 12:40:18,118 - utils.logger - INFO - End of training epoch 25 / 50 	 Time Taken: 1 sec, Data loading: 0 sec
2021-06-05 12:40:18,118 - utils.logger - INFO - learning rate = 0.0000081
2021-06-05 12:40:18,486 - utils.logger - INFO - Trn result of epoch 25 / 50 mse 0.0880 rmse 0.2967 pcc 0.3416 ccc 0.1532
2021-06-05 12:40:18,611 - utils.logger - INFO - Val result of epoch 25 / 50 mse 0.1010 rmse 0.3178 pcc 0.0367 ccc 0.0148
2021-06-05 12:40:19,012 - utils.logger - INFO - Cur epoch 26 loss MSE:0.1821
2021-06-05 12:40:19,403 - utils.logger - INFO - Cur epoch 26 loss MSE:1.1677
2021-06-05 12:40:19,729 - utils.logger - INFO - Cur epoch 26 loss MSE:1.4248
2021-06-05 12:40:19,730 - utils.logger - INFO - saving the model at the end of epoch 26, iters 156
2021-06-05 12:40:20,071 - utils.logger - INFO - End of training epoch 26 / 50 	 Time Taken: 1 sec, Data loading: 0 sec
2021-06-05 12:40:20,071 - utils.logger - INFO - learning rate = 0.0000077
2021-06-05 12:40:20,429 - utils.logger - INFO - Trn result of epoch 26 / 50 mse 0.0816 rmse 0.2856 pcc 0.3921 ccc 0.2220
2021-06-05 12:40:20,554 - utils.logger - INFO - Val result of epoch 26 / 50 mse 0.0996 rmse 0.3156 pcc 0.0672 ccc 0.0330
2021-06-05 12:40:20,954 - utils.logger - INFO - Cur epoch 27 loss MSE:0.0264
2021-06-05 12:40:21,353 - utils.logger - INFO - Cur epoch 27 loss MSE:0.1299
2021-06-05 12:40:21,677 - utils.logger - INFO - Cur epoch 27 loss MSE:8.3919
2021-06-05 12:40:21,678 - utils.logger - INFO - saving the model at the end of epoch 27, iters 162
2021-06-05 12:40:21,981 - utils.logger - INFO - End of training epoch 27 / 50 	 Time Taken: 1 sec, Data loading: 0 sec
2021-06-05 12:40:21,981 - utils.logger - INFO - learning rate = 0.0000074
2021-06-05 12:40:22,345 - utils.logger - INFO - Trn result of epoch 27 / 50 mse 0.1318 rmse 0.3631 pcc 0.0788 ccc 0.0183
2021-06-05 12:40:22,472 - utils.logger - INFO - Val result of epoch 27 / 50 mse 0.1547 rmse 0.3933 pcc -0.0361 ccc -0.0078
2021-06-05 12:40:22,870 - utils.logger - INFO - Cur epoch 28 loss MSE:0.9994
2021-06-05 12:40:23,268 - utils.logger - INFO - Cur epoch 28 loss MSE:0.1944
2021-06-05 12:40:23,613 - utils.logger - INFO - Cur epoch 28 loss MSE:2.1886
2021-06-05 12:40:23,613 - utils.logger - INFO - saving the model at the end of epoch 28, iters 168
2021-06-05 12:40:23,913 - utils.logger - INFO - End of training epoch 28 / 50 	 Time Taken: 1 sec, Data loading: 0 sec
2021-06-05 12:40:23,913 - utils.logger - INFO - learning rate = 0.0000071
2021-06-05 12:40:24,290 - utils.logger - INFO - Trn result of epoch 28 / 50 mse 0.0968 rmse 0.3110 pcc 0.3240 ccc 0.1203
2021-06-05 12:40:24,421 - utils.logger - INFO - Val result of epoch 28 / 50 mse 0.1298 rmse 0.3602 pcc -0.1740 ccc -0.0667
2021-06-05 12:40:24,835 - utils.logger - INFO - Cur epoch 29 loss MSE:0.3090
2021-06-05 12:40:25,245 - utils.logger - INFO - Cur epoch 29 loss MSE:0.8083
2021-06-05 12:40:25,560 - utils.logger - INFO - Cur epoch 29 loss MSE:10.7931
2021-06-05 12:40:25,560 - utils.logger - INFO - saving the model at the end of epoch 29, iters 174
2021-06-05 12:40:25,879 - utils.logger - INFO - End of training epoch 29 / 50 	 Time Taken: 1 sec, Data loading: 0 sec
2021-06-05 12:40:25,879 - utils.logger - INFO - learning rate = 0.0000068
2021-06-05 12:40:26,245 - utils.logger - INFO - Trn result of epoch 29 / 50 mse 0.0868 rmse 0.2946 pcc 0.4229 ccc 0.3413
2021-06-05 12:40:26,372 - utils.logger - INFO - Val result of epoch 29 / 50 mse 0.1253 rmse 0.3540 pcc 0.0018 ccc 0.0012
2021-06-05 12:40:26,770 - utils.logger - INFO - Cur epoch 30 loss MSE:0.1825
2021-06-05 12:40:27,181 - utils.logger - INFO - Cur epoch 30 loss MSE:0.9060
2021-06-05 12:40:27,489 - utils.logger - INFO - Cur epoch 30 loss MSE:1.5775
2021-06-05 12:40:27,490 - utils.logger - INFO - saving the model at the end of epoch 30, iters 180
2021-06-05 12:40:27,798 - utils.logger - INFO - End of training epoch 30 / 50 	 Time Taken: 1 sec, Data loading: 0 sec
2021-06-05 12:40:27,799 - utils.logger - INFO - learning rate = 0.0000065
2021-06-05 12:40:28,163 - utils.logger - INFO - Trn result of epoch 30 / 50 mse 0.0705 rmse 0.2656 pcc 0.4921 ccc 0.3072
2021-06-05 12:40:28,290 - utils.logger - INFO - Val result of epoch 30 / 50 mse 0.0974 rmse 0.3121 pcc 0.0490 ccc 0.0249
2021-06-05 12:40:28,684 - utils.logger - INFO - Cur epoch 31 loss MSE:0.0863
2021-06-05 12:40:29,075 - utils.logger - INFO - Cur epoch 31 loss MSE:0.2212
2021-06-05 12:40:29,410 - utils.logger - INFO - Cur epoch 31 loss MSE:10.9198
2021-06-05 12:40:29,411 - utils.logger - INFO - saving the model at the end of epoch 31, iters 186
2021-06-05 12:40:29,686 - utils.logger - INFO - End of training epoch 31 / 50 	 Time Taken: 1 sec, Data loading: 0 sec
2021-06-05 12:40:29,686 - utils.logger - INFO - learning rate = 0.0000061
2021-06-05 12:40:30,048 - utils.logger - INFO - Trn result of epoch 31 / 50 mse 0.0748 rmse 0.2736 pcc 0.4337 ccc 0.2284
2021-06-05 12:40:30,174 - utils.logger - INFO - Val result of epoch 31 / 50 mse 0.0979 rmse 0.3128 pcc 0.0012 ccc 0.0005
2021-06-05 12:40:30,570 - utils.logger - INFO - Cur epoch 32 loss MSE:0.0046
2021-06-05 12:40:30,971 - utils.logger - INFO - Cur epoch 32 loss MSE:0.5598
2021-06-05 12:40:31,310 - utils.logger - INFO - Cur epoch 32 loss MSE:0.1126
2021-06-05 12:40:31,310 - utils.logger - INFO - saving the model at the end of epoch 32, iters 192
2021-06-05 12:40:31,593 - utils.logger - INFO - End of training epoch 32 / 50 	 Time Taken: 1 sec, Data loading: 0 sec
2021-06-05 12:40:31,594 - utils.logger - INFO - learning rate = 0.0000058
2021-06-05 12:40:31,953 - utils.logger - INFO - Trn result of epoch 32 / 50 mse 0.0767 rmse 0.2770 pcc 0.4509 ccc 0.3028
2021-06-05 12:40:32,081 - utils.logger - INFO - Val result of epoch 32 / 50 mse 0.1010 rmse 0.3178 pcc 0.0811 ccc 0.0406
2021-06-05 12:40:32,474 - utils.logger - INFO - Cur epoch 33 loss MSE:0.2584
2021-06-05 12:40:32,871 - utils.logger - INFO - Cur epoch 33 loss MSE:0.1666
2021-06-05 12:40:33,215 - utils.logger - INFO - Cur epoch 33 loss MSE:0.0011
2021-06-05 12:40:33,215 - utils.logger - INFO - saving the model at the end of epoch 33, iters 198
2021-06-05 12:40:33,515 - utils.logger - INFO - End of training epoch 33 / 50 	 Time Taken: 1 sec, Data loading: 0 sec
2021-06-05 12:40:33,515 - utils.logger - INFO - learning rate = 0.0000055
2021-06-05 12:40:33,886 - utils.logger - INFO - Trn result of epoch 33 / 50 mse 0.0800 rmse 0.2829 pcc 0.4247 ccc 0.2808
2021-06-05 12:40:34,016 - utils.logger - INFO - Val result of epoch 33 / 50 mse 0.1285 rmse 0.3584 pcc -0.1447 ccc -0.1030
2021-06-05 12:40:34,414 - utils.logger - INFO - Cur epoch 34 loss MSE:0.2623
2021-06-05 12:40:34,809 - utils.logger - INFO - Cur epoch 34 loss MSE:0.0219
2021-06-05 12:40:35,161 - utils.logger - INFO - Cur epoch 34 loss MSE:0.0341
2021-06-05 12:40:35,162 - utils.logger - INFO - saving the model at the end of epoch 34, iters 204
2021-06-05 12:40:35,454 - utils.logger - INFO - End of training epoch 34 / 50 	 Time Taken: 1 sec, Data loading: 0 sec
2021-06-05 12:40:35,454 - utils.logger - INFO - learning rate = 0.0000052
2021-06-05 12:40:35,816 - utils.logger - INFO - Trn result of epoch 34 / 50 mse 0.0724 rmse 0.2690 pcc 0.4961 ccc 0.2623
2021-06-05 12:40:35,941 - utils.logger - INFO - Val result of epoch 34 / 50 mse 0.1051 rmse 0.3242 pcc -0.0662 ccc -0.0325
2021-06-05 12:40:36,335 - utils.logger - INFO - Cur epoch 35 loss MSE:0.0971
2021-06-05 12:40:36,730 - utils.logger - INFO - Cur epoch 35 loss MSE:0.1283
2021-06-05 12:40:37,074 - utils.logger - INFO - Cur epoch 35 loss MSE:0.0026
2021-06-05 12:40:37,074 - utils.logger - INFO - saving the model at the end of epoch 35, iters 210
2021-06-05 12:40:37,393 - utils.logger - INFO - End of training epoch 35 / 50 	 Time Taken: 1 sec, Data loading: 0 sec
2021-06-05 12:40:37,394 - utils.logger - INFO - learning rate = 0.0000048
2021-06-05 12:40:37,770 - utils.logger - INFO - Trn result of epoch 35 / 50 mse 0.0716 rmse 0.2676 pcc 0.4859 ccc 0.4145
2021-06-05 12:40:37,900 - utils.logger - INFO - Val result of epoch 35 / 50 mse 0.1076 rmse 0.3281 pcc 0.0975 ccc 0.0728
2021-06-05 12:40:38,297 - utils.logger - INFO - Cur epoch 36 loss MSE:0.8156
2021-06-05 12:40:38,696 - utils.logger - INFO - Cur epoch 36 loss MSE:0.9496
2021-06-05 12:40:39,024 - utils.logger - INFO - Cur epoch 36 loss MSE:2.1204
2021-06-05 12:40:39,024 - utils.logger - INFO - saving the model at the end of epoch 36, iters 216
2021-06-05 12:40:39,365 - utils.logger - INFO - End of training epoch 36 / 50 	 Time Taken: 1 sec, Data loading: 0 sec
2021-06-05 12:40:39,366 - utils.logger - INFO - learning rate = 0.0000045
2021-06-05 12:40:39,755 - utils.logger - INFO - Trn result of epoch 36 / 50 mse 0.0678 rmse 0.2604 pcc 0.5148 ccc 0.4712
2021-06-05 12:40:39,885 - utils.logger - INFO - Val result of epoch 36 / 50 mse 0.1395 rmse 0.3735 pcc -0.1041 ccc -0.0924
2021-06-05 12:40:40,290 - utils.logger - INFO - Cur epoch 37 loss MSE:0.2264
2021-06-05 12:40:40,703 - utils.logger - INFO - Cur epoch 37 loss MSE:0.0949
2021-06-05 12:40:41,046 - utils.logger - INFO - Cur epoch 37 loss MSE:2.8431
2021-06-05 12:40:41,046 - utils.logger - INFO - saving the model at the end of epoch 37, iters 222
2021-06-05 12:40:41,340 - utils.logger - INFO - End of training epoch 37 / 50 	 Time Taken: 1 sec, Data loading: 0 sec
2021-06-05 12:40:41,340 - utils.logger - INFO - learning rate = 0.0000042
2021-06-05 12:40:41,719 - utils.logger - INFO - Trn result of epoch 37 / 50 mse 0.0681 rmse 0.2610 pcc 0.4979 ccc 0.3858
2021-06-05 12:40:41,850 - utils.logger - INFO - Val result of epoch 37 / 50 mse 0.1124 rmse 0.3352 pcc -0.0456 ccc -0.0323
2021-06-05 12:40:42,262 - utils.logger - INFO - Cur epoch 38 loss MSE:0.3102
2021-06-05 12:40:42,670 - utils.logger - INFO - Cur epoch 38 loss MSE:1.7344
2021-06-05 12:40:42,992 - utils.logger - INFO - Cur epoch 38 loss MSE:2.6401
2021-06-05 12:40:42,992 - utils.logger - INFO - saving the model at the end of epoch 38, iters 228
2021-06-05 12:40:43,295 - utils.logger - INFO - End of training epoch 38 / 50 	 Time Taken: 1 sec, Data loading: 0 sec
2021-06-05 12:40:43,295 - utils.logger - INFO - learning rate = 0.0000039
2021-06-05 12:40:43,662 - utils.logger - INFO - Trn result of epoch 38 / 50 mse 0.0634 rmse 0.2518 pcc 0.5523 ccc 0.4093
2021-06-05 12:40:43,792 - utils.logger - INFO - Val result of epoch 38 / 50 mse 0.1162 rmse 0.3408 pcc -0.0924 ccc -0.0664
2021-06-05 12:40:44,196 - utils.logger - INFO - Cur epoch 39 loss MSE:0.0244
2021-06-05 12:40:44,594 - utils.logger - INFO - Cur epoch 39 loss MSE:0.2997
2021-06-05 12:40:44,935 - utils.logger - INFO - Cur epoch 39 loss MSE:26.0641
2021-06-05 12:40:44,935 - utils.logger - INFO - saving the model at the end of epoch 39, iters 234
2021-06-05 12:40:45,252 - utils.logger - INFO - End of training epoch 39 / 50 	 Time Taken: 1 sec, Data loading: 0 sec
2021-06-05 12:40:45,252 - utils.logger - INFO - learning rate = 0.0000035
2021-06-05 12:40:45,624 - utils.logger - INFO - Trn result of epoch 39 / 50 mse 0.0662 rmse 0.2573 pcc 0.5309 ccc 0.3592
2021-06-05 12:40:45,753 - utils.logger - INFO - Val result of epoch 39 / 50 mse 0.1116 rmse 0.3340 pcc -0.0952 ccc -0.0603
2021-06-05 12:40:46,163 - utils.logger - INFO - Cur epoch 40 loss MSE:0.1797
2021-06-05 12:40:46,560 - utils.logger - INFO - Cur epoch 40 loss MSE:0.4320
2021-06-05 12:40:46,886 - utils.logger - INFO - Cur epoch 40 loss MSE:1.3625
2021-06-05 12:40:46,886 - utils.logger - INFO - saving the model at the end of epoch 40, iters 240
2021-06-05 12:40:47,172 - utils.logger - INFO - End of training epoch 40 / 50 	 Time Taken: 1 sec, Data loading: 0 sec
2021-06-05 12:40:47,172 - utils.logger - INFO - learning rate = 0.0000032
2021-06-05 12:40:47,536 - utils.logger - INFO - Trn result of epoch 40 / 50 mse 0.0692 rmse 0.2631 pcc 0.4850 ccc 0.3843
2021-06-05 12:40:47,662 - utils.logger - INFO - Val result of epoch 40 / 50 mse 0.1191 rmse 0.3452 pcc -0.0731 ccc -0.0561
2021-06-05 12:40:48,063 - utils.logger - INFO - Cur epoch 41 loss MSE:0.7704
2021-06-05 12:40:48,458 - utils.logger - INFO - Cur epoch 41 loss MSE:0.4712
2021-06-05 12:40:48,807 - utils.logger - INFO - Cur epoch 41 loss MSE:0.0107
2021-06-05 12:40:48,808 - utils.logger - INFO - saving the model at the end of epoch 41, iters 246
2021-06-05 12:40:49,135 - utils.logger - INFO - End of training epoch 41 / 50 	 Time Taken: 1 sec, Data loading: 0 sec
2021-06-05 12:40:49,135 - utils.logger - INFO - learning rate = 0.0000029
2021-06-05 12:40:49,501 - utils.logger - INFO - Trn result of epoch 41 / 50 mse 0.0630 rmse 0.2510 pcc 0.5474 ccc 0.4313
2021-06-05 12:40:49,627 - utils.logger - INFO - Val result of epoch 41 / 50 mse 0.1251 rmse 0.3537 pcc -0.1143 ccc -0.0904
2021-06-05 12:40:50,036 - utils.logger - INFO - Cur epoch 42 loss MSE:0.7630
2021-06-05 12:40:50,427 - utils.logger - INFO - Cur epoch 42 loss MSE:0.3851
2021-06-05 12:40:50,758 - utils.logger - INFO - Cur epoch 42 loss MSE:3.3284
2021-06-05 12:40:50,758 - utils.logger - INFO - saving the model at the end of epoch 42, iters 252
2021-06-05 12:40:51,054 - utils.logger - INFO - End of training epoch 42 / 50 	 Time Taken: 1 sec, Data loading: 0 sec
2021-06-05 12:40:51,054 - utils.logger - INFO - learning rate = 0.0000026
2021-06-05 12:40:51,417 - utils.logger - INFO - Trn result of epoch 42 / 50 mse 0.0697 rmse 0.2640 pcc 0.5160 ccc 0.4032
2021-06-05 12:40:51,543 - utils.logger - INFO - Val result of epoch 42 / 50 mse 0.1128 rmse 0.3358 pcc 0.0162 ccc 0.0110
2021-06-05 12:40:51,944 - utils.logger - INFO - Cur epoch 43 loss MSE:0.0747
2021-06-05 12:40:52,345 - utils.logger - INFO - Cur epoch 43 loss MSE:0.0095
2021-06-05 12:40:52,675 - utils.logger - INFO - Cur epoch 43 loss MSE:1.6746
2021-06-05 12:40:52,676 - utils.logger - INFO - saving the model at the end of epoch 43, iters 258
2021-06-05 12:40:52,973 - utils.logger - INFO - End of training epoch 43 / 50 	 Time Taken: 1 sec, Data loading: 0 sec
2021-06-05 12:40:52,973 - utils.logger - INFO - learning rate = 0.0000023
2021-06-05 12:40:53,347 - utils.logger - INFO - Trn result of epoch 43 / 50 mse 0.0607 rmse 0.2464 pcc 0.5725 ccc 0.4891
2021-06-05 12:40:53,476 - utils.logger - INFO - Val result of epoch 43 / 50 mse 0.1302 rmse 0.3609 pcc -0.1149 ccc -0.0954
2021-06-05 12:40:53,872 - utils.logger - INFO - Cur epoch 44 loss MSE:0.1397
2021-06-05 12:40:54,270 - utils.logger - INFO - Cur epoch 44 loss MSE:1.8479
2021-06-05 12:40:54,605 - utils.logger - INFO - Cur epoch 44 loss MSE:0.0073
2021-06-05 12:40:54,605 - utils.logger - INFO - saving the model at the end of epoch 44, iters 264
2021-06-05 12:40:54,903 - utils.logger - INFO - End of training epoch 44 / 50 	 Time Taken: 1 sec, Data loading: 0 sec
2021-06-05 12:40:54,903 - utils.logger - INFO - learning rate = 0.0000019
2021-06-05 12:40:55,267 - utils.logger - INFO - Trn result of epoch 44 / 50 mse 0.0623 rmse 0.2495 pcc 0.5526 ccc 0.4667
2021-06-05 12:40:55,392 - utils.logger - INFO - Val result of epoch 44 / 50 mse 0.1292 rmse 0.3595 pcc -0.1168 ccc -0.0961
2021-06-05 12:40:55,784 - utils.logger - INFO - Cur epoch 45 loss MSE:0.0503
2021-06-05 12:40:56,189 - utils.logger - INFO - Cur epoch 45 loss MSE:1.0737
2021-06-05 12:40:56,504 - utils.logger - INFO - Cur epoch 45 loss MSE:13.0143
2021-06-05 12:40:56,504 - utils.logger - INFO - saving the model at the end of epoch 45, iters 270
2021-06-05 12:40:57,270 - utils.logger - INFO - End of training epoch 45 / 50 	 Time Taken: 1 sec, Data loading: 0 sec
2021-06-05 12:40:57,270 - utils.logger - INFO - learning rate = 0.0000016
2021-06-05 12:40:57,638 - utils.logger - INFO - Trn result of epoch 45 / 50 mse 0.0630 rmse 0.2509 pcc 0.5513 ccc 0.4410
2021-06-05 12:40:57,766 - utils.logger - INFO - Val result of epoch 45 / 50 mse 0.1180 rmse 0.3435 pcc -0.0709 ccc -0.0534
2021-06-05 12:40:58,160 - utils.logger - INFO - Cur epoch 46 loss MSE:0.0562
2021-06-05 12:40:58,561 - utils.logger - INFO - Cur epoch 46 loss MSE:0.6631
2021-06-05 12:40:58,903 - utils.logger - INFO - Cur epoch 46 loss MSE:0.0637
2021-06-05 12:40:58,903 - utils.logger - INFO - saving the model at the end of epoch 46, iters 276
2021-06-05 12:40:59,196 - utils.logger - INFO - End of training epoch 46 / 50 	 Time Taken: 1 sec, Data loading: 0 sec
2021-06-05 12:40:59,197 - utils.logger - INFO - learning rate = 0.0000013
2021-06-05 12:40:59,563 - utils.logger - INFO - Trn result of epoch 46 / 50 mse 0.0608 rmse 0.2466 pcc 0.5676 ccc 0.4690
2021-06-05 12:40:59,689 - utils.logger - INFO - Val result of epoch 46 / 50 mse 0.1276 rmse 0.3571 pcc -0.1127 ccc -0.0917
2021-06-05 12:41:00,089 - utils.logger - INFO - Cur epoch 47 loss MSE:0.9874
2021-06-05 12:41:00,490 - utils.logger - INFO - Cur epoch 47 loss MSE:0.0081
2021-06-05 12:41:00,811 - utils.logger - INFO - Cur epoch 47 loss MSE:7.4882
2021-06-05 12:41:00,811 - utils.logger - INFO - saving the model at the end of epoch 47, iters 282
2021-06-05 12:41:01,097 - utils.logger - INFO - End of training epoch 47 / 50 	 Time Taken: 1 sec, Data loading: 0 sec
2021-06-05 12:41:01,097 - utils.logger - INFO - learning rate = 0.0000010
2021-06-05 12:41:01,467 - utils.logger - INFO - Trn result of epoch 47 / 50 mse 0.0594 rmse 0.2438 pcc 0.5986 ccc 0.4787
2021-06-05 12:41:01,592 - utils.logger - INFO - Val result of epoch 47 / 50 mse 0.1306 rmse 0.3613 pcc -0.1316 ccc -0.1054
2021-06-05 12:41:01,991 - utils.logger - INFO - Cur epoch 48 loss MSE:0.0007
2021-06-05 12:41:02,385 - utils.logger - INFO - Cur epoch 48 loss MSE:0.0331
2021-06-05 12:41:02,717 - utils.logger - INFO - Cur epoch 48 loss MSE:4.9904
2021-06-05 12:41:02,717 - utils.logger - INFO - saving the model at the end of epoch 48, iters 288
2021-06-05 12:41:03,011 - utils.logger - INFO - End of training epoch 48 / 50 	 Time Taken: 1 sec, Data loading: 0 sec
2021-06-05 12:41:03,011 - utils.logger - INFO - learning rate = 0.0000006
2021-06-05 12:41:03,375 - utils.logger - INFO - Trn result of epoch 48 / 50 mse 0.0618 rmse 0.2485 pcc 0.5588 ccc 0.4576
2021-06-05 12:41:03,503 - utils.logger - INFO - Val result of epoch 48 / 50 mse 0.1225 rmse 0.3500 pcc -0.0910 ccc -0.0716
2021-06-05 12:41:03,890 - utils.logger - INFO - Cur epoch 49 loss MSE:0.0056
2021-06-05 12:41:04,288 - utils.logger - INFO - Cur epoch 49 loss MSE:0.6488
2021-06-05 12:41:04,621 - utils.logger - INFO - Cur epoch 49 loss MSE:6.0760
2021-06-05 12:41:04,622 - utils.logger - INFO - saving the model at the end of epoch 49, iters 294
2021-06-05 12:41:04,903 - utils.logger - INFO - End of training epoch 49 / 50 	 Time Taken: 1 sec, Data loading: 0 sec
2021-06-05 12:41:04,903 - utils.logger - INFO - learning rate = 0.0000003
2021-06-05 12:41:05,269 - utils.logger - INFO - Trn result of epoch 49 / 50 mse 0.0597 rmse 0.2444 pcc 0.5813 ccc 0.4809
2021-06-05 12:41:05,396 - utils.logger - INFO - Val result of epoch 49 / 50 mse 0.1264 rmse 0.3555 pcc -0.1200 ccc -0.0958
2021-06-05 12:41:05,785 - utils.logger - INFO - Cur epoch 50 loss MSE:0.0965
2021-06-05 12:41:06,183 - utils.logger - INFO - Cur epoch 50 loss MSE:0.6267
2021-06-05 12:41:06,509 - utils.logger - INFO - Cur epoch 50 loss MSE:5.1717
2021-06-05 12:41:06,509 - utils.logger - INFO - saving the model at the end of epoch 50, iters 300
2021-06-05 12:41:06,824 - utils.logger - INFO - End of training epoch 50 / 50 	 Time Taken: 1 sec, Data loading: 0 sec
2021-06-05 12:41:06,824 - utils.logger - INFO - learning rate = 0.0000000
2021-06-05 12:41:07,199 - utils.logger - INFO - Trn result of epoch 50 / 50 mse 0.0614 rmse 0.2477 pcc 0.5680 ccc 0.4683
2021-06-05 12:41:07,333 - utils.logger - INFO - Val result of epoch 50 / 50 mse 0.1273 rmse 0.3568 pcc -0.1208 ccc -0.0973
2021-06-05 12:41:07,333 - utils.logger - INFO - Best eval epoch 35 found with ccc 0.072792
2021-06-05 12:41:07,333 - utils.logger - INFO - baseline_fcfusion_norm_vggish_arousal_hidden1024_seq100_run2
