2021-06-19 21:40:23,514 - utils.logger - INFO - The number of training samples = 41
2021-06-19 21:40:26,215 - utils.logger - INFO - Cur epoch 1 loss ccc:0.1292
2021-06-19 21:40:26,784 - utils.logger - INFO - Cur epoch 1 loss ccc:0.1201
2021-06-19 21:40:27,245 - utils.logger - INFO - Cur epoch 1 loss ccc:0.9997
2021-06-19 21:40:27,245 - utils.logger - INFO - saving the model at the end of epoch 1, iters 6
2021-06-19 21:40:27,468 - utils.logger - INFO - End of training epoch 1 / 70 	 Time Taken: 1 sec, Data loading: 0 sec
2021-06-19 21:40:27,468 - utils.logger - INFO - learning rate = 0.0005000
2021-06-19 21:40:28,298 - utils.logger - INFO - Trn result of epoch 1 / 70 mse 0.0468 rmse 0.2163 pcc 0.4081 ccc 0.0686
2021-06-19 21:40:28,589 - utils.logger - INFO - Val result of epoch 1 / 70 mse 0.0372 rmse 0.1930 pcc 0.4287 ccc 0.1007
2021-06-19 21:40:29,161 - utils.logger - INFO - Cur epoch 2 loss ccc:0.1195
2021-06-19 21:40:29,736 - utils.logger - INFO - Cur epoch 2 loss ccc:0.1241
2021-06-19 21:40:30,192 - utils.logger - INFO - Cur epoch 2 loss ccc:1.0008
2021-06-19 21:40:30,192 - utils.logger - INFO - saving the model at the end of epoch 2, iters 12
2021-06-19 21:40:30,568 - utils.logger - INFO - End of training epoch 2 / 70 	 Time Taken: 1 sec, Data loading: 0 sec
2021-06-19 21:40:30,568 - utils.logger - INFO - learning rate = 0.0005000
2021-06-19 21:40:31,436 - utils.logger - INFO - Trn result of epoch 2 / 70 mse 0.3842 rmse 0.6199 pcc 0.3840 ccc 0.0101
2021-06-19 21:40:31,712 - utils.logger - INFO - Val result of epoch 2 / 70 mse 0.3486 rmse 0.5904 pcc 0.4528 ccc 0.0137
2021-06-19 21:40:32,258 - utils.logger - INFO - Cur epoch 3 loss ccc:0.1235
2021-06-19 21:40:32,887 - utils.logger - INFO - Cur epoch 3 loss ccc:0.1379
2021-06-19 21:40:33,371 - utils.logger - INFO - Cur epoch 3 loss ccc:0.9996
2021-06-19 21:40:33,371 - utils.logger - INFO - saving the model at the end of epoch 3, iters 18
2021-06-19 21:40:33,627 - utils.logger - INFO - End of training epoch 3 / 70 	 Time Taken: 1 sec, Data loading: 0 sec
2021-06-19 21:40:33,627 - utils.logger - INFO - learning rate = 0.0005000
2021-06-19 21:40:34,528 - utils.logger - INFO - Trn result of epoch 3 / 70 mse 0.2180 rmse 0.4669 pcc 0.3994 ccc 0.0162
2021-06-19 21:40:34,912 - utils.logger - INFO - Val result of epoch 3 / 70 mse 0.1918 rmse 0.4379 pcc 0.4386 ccc 0.0218
2021-06-19 21:40:35,469 - utils.logger - INFO - Cur epoch 4 loss ccc:0.1106
2021-06-19 21:40:36,035 - utils.logger - INFO - Cur epoch 4 loss ccc:0.1489
2021-06-19 21:40:36,464 - utils.logger - INFO - Cur epoch 4 loss ccc:0.9989
2021-06-19 21:40:36,465 - utils.logger - INFO - saving the model at the end of epoch 4, iters 24
2021-06-19 21:40:36,838 - utils.logger - INFO - End of training epoch 4 / 70 	 Time Taken: 1 sec, Data loading: 0 sec
2021-06-19 21:40:36,838 - utils.logger - INFO - learning rate = 0.0005000
2021-06-19 21:40:37,589 - utils.logger - INFO - Trn result of epoch 4 / 70 mse 0.2029 rmse 0.4505 pcc 0.3995 ccc 0.0412
2021-06-19 21:40:37,846 - utils.logger - INFO - Val result of epoch 4 / 70 mse 0.1787 rmse 0.4227 pcc 0.4352 ccc 0.0562
2021-06-19 21:40:38,427 - utils.logger - INFO - Cur epoch 5 loss ccc:0.1224
2021-06-19 21:40:38,998 - utils.logger - INFO - Cur epoch 5 loss ccc:0.1250
2021-06-19 21:40:39,443 - utils.logger - INFO - Cur epoch 5 loss ccc:1.0000
2021-06-19 21:40:39,443 - utils.logger - INFO - saving the model at the end of epoch 5, iters 30
2021-06-19 21:40:39,721 - utils.logger - INFO - End of training epoch 5 / 70 	 Time Taken: 1 sec, Data loading: 0 sec
2021-06-19 21:40:39,722 - utils.logger - INFO - learning rate = 0.0005000
2021-06-19 21:40:40,495 - utils.logger - INFO - Trn result of epoch 5 / 70 mse 0.0978 rmse 0.3127 pcc 0.3994 ccc 0.0873
2021-06-19 21:40:40,753 - utils.logger - INFO - Val result of epoch 5 / 70 mse 0.0804 rmse 0.2836 pcc 0.4369 ccc 0.1243
2021-06-19 21:40:41,318 - utils.logger - INFO - Cur epoch 6 loss ccc:0.1232
2021-06-19 21:40:41,868 - utils.logger - INFO - Cur epoch 6 loss ccc:0.1275
2021-06-19 21:40:42,295 - utils.logger - INFO - Cur epoch 6 loss ccc:1.0005
2021-06-19 21:40:42,295 - utils.logger - INFO - saving the model at the end of epoch 6, iters 36
2021-06-19 21:40:42,585 - utils.logger - INFO - End of training epoch 6 / 70 	 Time Taken: 1 sec, Data loading: 0 sec
2021-06-19 21:40:42,586 - utils.logger - INFO - learning rate = 0.0005000
2021-06-19 21:40:43,406 - utils.logger - INFO - Trn result of epoch 6 / 70 mse 0.1011 rmse 0.3179 pcc 0.4079 ccc 0.1177
2021-06-19 21:40:43,721 - utils.logger - INFO - Val result of epoch 6 / 70 mse 0.0877 rmse 0.2962 pcc 0.4111 ccc 0.1515
2021-06-19 21:40:44,267 - utils.logger - INFO - Cur epoch 7 loss ccc:0.1095
2021-06-19 21:40:44,835 - utils.logger - INFO - Cur epoch 7 loss ccc:0.1224
2021-06-19 21:40:45,269 - utils.logger - INFO - Cur epoch 7 loss ccc:1.0011
2021-06-19 21:40:45,269 - utils.logger - INFO - saving the model at the end of epoch 7, iters 42
2021-06-19 21:40:45,565 - utils.logger - INFO - End of training epoch 7 / 70 	 Time Taken: 1 sec, Data loading: 0 sec
2021-06-19 21:40:45,566 - utils.logger - INFO - learning rate = 0.0005000
2021-06-19 21:40:46,333 - utils.logger - INFO - Trn result of epoch 7 / 70 mse 0.2002 rmse 0.4474 pcc 0.4047 ccc 0.0294
2021-06-19 21:40:46,599 - utils.logger - INFO - Val result of epoch 7 / 70 mse 0.1753 rmse 0.4187 pcc 0.4268 ccc 0.0394
2021-06-19 21:40:47,134 - utils.logger - INFO - Cur epoch 8 loss ccc:0.1107
2021-06-19 21:40:47,720 - utils.logger - INFO - Cur epoch 8 loss ccc:0.1202
2021-06-19 21:40:48,169 - utils.logger - INFO - Cur epoch 8 loss ccc:0.9998
2021-06-19 21:40:48,169 - utils.logger - INFO - saving the model at the end of epoch 8, iters 48
2021-06-19 21:40:48,461 - utils.logger - INFO - End of training epoch 8 / 70 	 Time Taken: 1 sec, Data loading: 0 sec
2021-06-19 21:40:48,462 - utils.logger - INFO - learning rate = 0.0005000
2021-06-19 21:40:49,235 - utils.logger - INFO - Trn result of epoch 8 / 70 mse 0.1057 rmse 0.3252 pcc 0.4081 ccc 0.0505
2021-06-19 21:40:49,489 - utils.logger - INFO - Val result of epoch 8 / 70 mse 0.0881 rmse 0.2968 pcc 0.4166 ccc 0.0687
2021-06-19 21:40:50,026 - utils.logger - INFO - Cur epoch 9 loss ccc:0.1232
2021-06-19 21:40:50,593 - utils.logger - INFO - Cur epoch 9 loss ccc:0.1312
2021-06-19 21:40:51,024 - utils.logger - INFO - Cur epoch 9 loss ccc:1.0001
2021-06-19 21:40:51,024 - utils.logger - INFO - saving the model at the end of epoch 9, iters 54
2021-06-19 21:40:51,320 - utils.logger - INFO - End of training epoch 9 / 70 	 Time Taken: 1 sec, Data loading: 0 sec
2021-06-19 21:40:51,320 - utils.logger - INFO - learning rate = 0.0005000
2021-06-19 21:40:52,100 - utils.logger - INFO - Trn result of epoch 9 / 70 mse 0.4288 rmse 0.6548 pcc 0.4033 ccc 0.0306
2021-06-19 21:40:52,365 - utils.logger - INFO - Val result of epoch 9 / 70 mse 0.3950 rmse 0.6285 pcc 0.4356 ccc 0.0398
2021-06-19 21:40:52,922 - utils.logger - INFO - Cur epoch 10 loss ccc:0.1105
2021-06-19 21:40:53,505 - utils.logger - INFO - Cur epoch 10 loss ccc:0.1218
2021-06-19 21:40:53,946 - utils.logger - INFO - Cur epoch 10 loss ccc:1.0000
2021-06-19 21:40:53,946 - utils.logger - INFO - saving the model at the end of epoch 10, iters 60
2021-06-19 21:40:54,303 - utils.logger - INFO - End of training epoch 10 / 70 	 Time Taken: 1 sec, Data loading: 0 sec
2021-06-19 21:40:54,304 - utils.logger - INFO - learning rate = 0.0005000
2021-06-19 21:40:55,074 - utils.logger - INFO - Trn result of epoch 10 / 70 mse 0.2476 rmse 0.4976 pcc 0.4011 ccc 0.0423
2021-06-19 21:40:55,340 - utils.logger - INFO - Val result of epoch 10 / 70 mse 0.2202 rmse 0.4692 pcc 0.4389 ccc 0.0568
2021-06-19 21:40:55,905 - utils.logger - INFO - Cur epoch 11 loss ccc:0.1355
2021-06-19 21:40:56,469 - utils.logger - INFO - Cur epoch 11 loss ccc:0.1141
2021-06-19 21:40:56,896 - utils.logger - INFO - Cur epoch 11 loss ccc:0.9992
2021-06-19 21:40:56,897 - utils.logger - INFO - saving the model at the end of epoch 11, iters 66
2021-06-19 21:40:57,286 - utils.logger - INFO - End of training epoch 11 / 70 	 Time Taken: 1 sec, Data loading: 0 sec
2021-06-19 21:40:57,287 - utils.logger - INFO - learning rate = 0.0005000
2021-06-19 21:40:58,098 - utils.logger - INFO - Trn result of epoch 11 / 70 mse 0.1794 rmse 0.4235 pcc 0.3778 ccc 0.0560
2021-06-19 21:40:58,363 - utils.logger - INFO - Val result of epoch 11 / 70 mse 0.1491 rmse 0.3862 pcc 0.4509 ccc 0.0832
2021-06-19 21:40:58,915 - utils.logger - INFO - Cur epoch 12 loss ccc:0.1232
2021-06-19 21:40:59,463 - utils.logger - INFO - Cur epoch 12 loss ccc:0.1104
2021-06-19 21:40:59,864 - utils.logger - INFO - Cur epoch 12 loss ccc:1.0396
2021-06-19 21:40:59,865 - utils.logger - INFO - saving the model at the end of epoch 12, iters 72
2021-06-19 21:41:00,092 - utils.logger - INFO - End of training epoch 12 / 70 	 Time Taken: 1 sec, Data loading: 0 sec
2021-06-19 21:41:00,093 - utils.logger - INFO - learning rate = 0.0005000
2021-06-19 21:41:00,829 - utils.logger - INFO - Trn result of epoch 12 / 70 mse 0.0467 rmse 0.2161 pcc 0.4166 ccc 0.0164
2021-06-19 21:41:01,079 - utils.logger - INFO - Val result of epoch 12 / 70 mse 0.0442 rmse 0.2103 pcc 0.4323 ccc 0.0192
2021-06-19 21:41:01,638 - utils.logger - INFO - Cur epoch 13 loss ccc:0.1129
2021-06-19 21:41:02,217 - utils.logger - INFO - Cur epoch 13 loss ccc:0.1288
2021-06-19 21:41:02,652 - utils.logger - INFO - Cur epoch 13 loss ccc:1.0000
2021-06-19 21:41:02,652 - utils.logger - INFO - saving the model at the end of epoch 13, iters 78
2021-06-19 21:41:02,948 - utils.logger - INFO - End of training epoch 13 / 70 	 Time Taken: 1 sec, Data loading: 0 sec
2021-06-19 21:41:02,948 - utils.logger - INFO - learning rate = 0.0005000
2021-06-19 21:41:03,740 - utils.logger - INFO - Trn result of epoch 13 / 70 mse 0.3127 rmse 0.5592 pcc 0.3307 ccc 0.0031
2021-06-19 21:41:04,023 - utils.logger - INFO - Val result of epoch 13 / 70 mse 0.3321 rmse 0.5763 pcc 0.3464 ccc 0.0034
2021-06-19 21:41:04,583 - utils.logger - INFO - Cur epoch 14 loss ccc:0.1354
2021-06-19 21:41:05,158 - utils.logger - INFO - Cur epoch 14 loss ccc:0.1250
2021-06-19 21:41:05,607 - utils.logger - INFO - Cur epoch 14 loss ccc:0.9997
2021-06-19 21:41:05,607 - utils.logger - INFO - saving the model at the end of epoch 14, iters 84
2021-06-19 21:41:05,893 - utils.logger - INFO - End of training epoch 14 / 70 	 Time Taken: 1 sec, Data loading: 0 sec
2021-06-19 21:41:05,893 - utils.logger - INFO - learning rate = 0.0005000
2021-06-19 21:41:06,768 - utils.logger - INFO - Trn result of epoch 14 / 70 mse 0.2183 rmse 0.4672 pcc 0.3726 ccc 0.0055
2021-06-19 21:41:07,168 - utils.logger - INFO - Val result of epoch 14 / 70 mse 0.2330 rmse 0.4827 pcc 0.3746 ccc 0.0059
2021-06-19 21:41:07,723 - utils.logger - INFO - Cur epoch 15 loss ccc:0.1269
2021-06-19 21:41:08,302 - utils.logger - INFO - Cur epoch 15 loss ccc:0.1029
2021-06-19 21:41:08,729 - utils.logger - INFO - Cur epoch 15 loss ccc:1.0000
2021-06-19 21:41:08,730 - utils.logger - INFO - saving the model at the end of epoch 15, iters 90
2021-06-19 21:41:09,020 - utils.logger - INFO - End of training epoch 15 / 70 	 Time Taken: 1 sec, Data loading: 0 sec
2021-06-19 21:41:09,020 - utils.logger - INFO - learning rate = 0.0005000
2021-06-19 21:41:09,809 - utils.logger - INFO - Trn result of epoch 15 / 70 mse 0.0988 rmse 0.3144 pcc 0.3764 ccc 0.0079
2021-06-19 21:41:10,080 - utils.logger - INFO - Val result of epoch 15 / 70 mse 0.1049 rmse 0.3238 pcc 0.3765 ccc 0.0084
2021-06-19 21:41:10,624 - utils.logger - INFO - Cur epoch 16 loss ccc:0.1248
2021-06-19 21:41:11,191 - utils.logger - INFO - Cur epoch 16 loss ccc:0.1291
2021-06-19 21:41:11,646 - utils.logger - INFO - Cur epoch 16 loss ccc:0.9999
2021-06-19 21:41:11,646 - utils.logger - INFO - saving the model at the end of epoch 16, iters 96
2021-06-19 21:41:11,938 - utils.logger - INFO - End of training epoch 16 / 70 	 Time Taken: 1 sec, Data loading: 0 sec
2021-06-19 21:41:11,938 - utils.logger - INFO - learning rate = 0.0005000
2021-06-19 21:41:12,785 - utils.logger - INFO - Trn result of epoch 16 / 70 mse 0.1028 rmse 0.3206 pcc 0.3974 ccc 0.0103
2021-06-19 21:41:13,055 - utils.logger - INFO - Val result of epoch 16 / 70 mse 0.1092 rmse 0.3305 pcc 0.4019 ccc 0.0110
2021-06-19 21:41:13,603 - utils.logger - INFO - Cur epoch 17 loss ccc:0.1288
2021-06-19 21:41:14,141 - utils.logger - INFO - Cur epoch 17 loss ccc:0.1075
2021-06-19 21:41:14,574 - utils.logger - INFO - Cur epoch 17 loss ccc:1.0000
2021-06-19 21:41:14,574 - utils.logger - INFO - saving the model at the end of epoch 17, iters 102
2021-06-19 21:41:14,850 - utils.logger - INFO - End of training epoch 17 / 70 	 Time Taken: 1 sec, Data loading: 0 sec
2021-06-19 21:41:14,851 - utils.logger - INFO - learning rate = 0.0005000
2021-06-19 21:41:15,607 - utils.logger - INFO - Trn result of epoch 17 / 70 mse 0.1062 rmse 0.3259 pcc 0.3345 ccc 0.0068
2021-06-19 21:41:15,869 - utils.logger - INFO - Val result of epoch 17 / 70 mse 0.1129 rmse 0.3360 pcc 0.3339 ccc 0.0073
2021-06-19 21:41:16,413 - utils.logger - INFO - Cur epoch 18 loss ccc:0.1163
2021-06-19 21:41:16,964 - utils.logger - INFO - Cur epoch 18 loss ccc:0.1137
2021-06-19 21:41:17,378 - utils.logger - INFO - Cur epoch 18 loss ccc:0.9594
2021-06-19 21:41:17,379 - utils.logger - INFO - saving the model at the end of epoch 18, iters 108
2021-06-19 21:41:17,674 - utils.logger - INFO - End of training epoch 18 / 70 	 Time Taken: 1 sec, Data loading: 0 sec
2021-06-19 21:41:17,674 - utils.logger - INFO - learning rate = 0.0005000
2021-06-19 21:41:18,475 - utils.logger - INFO - Trn result of epoch 18 / 70 mse 0.0539 rmse 0.2323 pcc 0.3401 ccc 0.0077
2021-06-19 21:41:18,819 - utils.logger - INFO - Val result of epoch 18 / 70 mse 0.0535 rmse 0.2314 pcc 0.3407 ccc 0.0091
2021-06-19 21:41:19,403 - utils.logger - INFO - Cur epoch 19 loss ccc:0.1315
2021-06-19 21:41:19,975 - utils.logger - INFO - Cur epoch 19 loss ccc:0.1249
2021-06-19 21:41:20,405 - utils.logger - INFO - Cur epoch 19 loss ccc:0.9977
2021-06-19 21:41:20,406 - utils.logger - INFO - saving the model at the end of epoch 19, iters 114
2021-06-19 21:41:20,698 - utils.logger - INFO - End of training epoch 19 / 70 	 Time Taken: 1 sec, Data loading: 0 sec
2021-06-19 21:41:20,699 - utils.logger - INFO - learning rate = 0.0005000
2021-06-19 21:41:21,469 - utils.logger - INFO - Trn result of epoch 19 / 70 mse 0.4418 rmse 0.6646 pcc 0.2281 ccc 0.0011
2021-06-19 21:41:21,758 - utils.logger - INFO - Val result of epoch 19 / 70 mse 0.4675 rmse 0.6837 pcc 0.2270 ccc 0.0011
2021-06-19 21:41:22,306 - utils.logger - INFO - Cur epoch 20 loss ccc:0.1231
2021-06-19 21:41:22,866 - utils.logger - INFO - Cur epoch 20 loss ccc:0.1248
2021-06-19 21:41:23,284 - utils.logger - INFO - Cur epoch 20 loss ccc:0.9953
2021-06-19 21:41:23,284 - utils.logger - INFO - saving the model at the end of epoch 20, iters 120
2021-06-19 21:41:23,565 - utils.logger - INFO - End of training epoch 20 / 70 	 Time Taken: 1 sec, Data loading: 0 sec
2021-06-19 21:41:23,566 - utils.logger - INFO - learning rate = 0.0005000
2021-06-19 21:41:24,316 - utils.logger - INFO - Trn result of epoch 20 / 70 mse 0.3835 rmse 0.6193 pcc 0.1999 ccc 0.0010
2021-06-19 21:41:24,593 - utils.logger - INFO - Val result of epoch 20 / 70 mse 0.4069 rmse 0.6379 pcc 0.2141 ccc 0.0010
2021-06-19 21:41:25,146 - utils.logger - INFO - Cur epoch 21 loss ccc:0.1100
2021-06-19 21:41:25,726 - utils.logger - INFO - Cur epoch 21 loss ccc:0.1135
2021-06-19 21:41:26,164 - utils.logger - INFO - Cur epoch 21 loss ccc:1.0052
2021-06-19 21:41:26,165 - utils.logger - INFO - saving the model at the end of epoch 21, iters 126
2021-06-19 21:41:26,496 - utils.logger - INFO - End of training epoch 21 / 70 	 Time Taken: 1 sec, Data loading: 0 sec
2021-06-19 21:41:26,496 - utils.logger - INFO - learning rate = 0.0005000
2021-06-19 21:41:27,245 - utils.logger - INFO - Trn result of epoch 21 / 70 mse 0.2611 rmse 0.5109 pcc 0.1941 ccc 0.0012
2021-06-19 21:41:27,507 - utils.logger - INFO - Val result of epoch 21 / 70 mse 0.2787 rmse 0.5280 pcc 0.2139 ccc 0.0012
2021-06-19 21:41:28,054 - utils.logger - INFO - Cur epoch 22 loss ccc:0.1194
2021-06-19 21:41:28,602 - utils.logger - INFO - Cur epoch 22 loss ccc:0.1112
2021-06-19 21:41:29,028 - utils.logger - INFO - Cur epoch 22 loss ccc:0.9985
2021-06-19 21:41:29,028 - utils.logger - INFO - saving the model at the end of epoch 22, iters 132
2021-06-19 21:41:29,297 - utils.logger - INFO - End of training epoch 22 / 70 	 Time Taken: 1 sec, Data loading: 0 sec
2021-06-19 21:41:29,298 - utils.logger - INFO - learning rate = 0.0005000
2021-06-19 21:41:30,052 - utils.logger - INFO - Trn result of epoch 22 / 70 mse 0.3129 rmse 0.5594 pcc 0.2253 ccc 0.0014
2021-06-19 21:41:30,325 - utils.logger - INFO - Val result of epoch 22 / 70 mse 0.3330 rmse 0.5771 pcc 0.2441 ccc 0.0014
2021-06-19 21:41:30,890 - utils.logger - INFO - Cur epoch 23 loss ccc:0.1167
2021-06-19 21:41:31,445 - utils.logger - INFO - Cur epoch 23 loss ccc:0.1249
2021-06-19 21:41:31,852 - utils.logger - INFO - Cur epoch 23 loss ccc:1.0042
2021-06-19 21:41:31,853 - utils.logger - INFO - saving the model at the end of epoch 23, iters 138
2021-06-19 21:41:32,131 - utils.logger - INFO - End of training epoch 23 / 70 	 Time Taken: 1 sec, Data loading: 0 sec
2021-06-19 21:41:32,131 - utils.logger - INFO - learning rate = 0.0005000
2021-06-19 21:41:32,900 - utils.logger - INFO - Trn result of epoch 23 / 70 mse 0.1565 rmse 0.3955 pcc 0.2817 ccc 0.0028
2021-06-19 21:41:33,153 - utils.logger - INFO - Val result of epoch 23 / 70 mse 0.1675 rmse 0.4093 pcc 0.2934 ccc 0.0030
2021-06-19 21:41:33,693 - utils.logger - INFO - Cur epoch 24 loss ccc:0.1248
2021-06-19 21:41:34,255 - utils.logger - INFO - Cur epoch 24 loss ccc:0.1248
2021-06-19 21:41:34,677 - utils.logger - INFO - Cur epoch 24 loss ccc:0.9995
2021-06-19 21:41:34,677 - utils.logger - INFO - saving the model at the end of epoch 24, iters 144
2021-06-19 21:41:34,955 - utils.logger - INFO - End of training epoch 24 / 70 	 Time Taken: 1 sec, Data loading: 0 sec
2021-06-19 21:41:34,955 - utils.logger - INFO - learning rate = 0.0005000
2021-06-19 21:41:35,728 - utils.logger - INFO - Trn result of epoch 24 / 70 mse 0.1274 rmse 0.3569 pcc 0.2979 ccc 0.0036
2021-06-19 21:41:36,001 - utils.logger - INFO - Val result of epoch 24 / 70 mse 0.1362 rmse 0.3690 pcc 0.3063 ccc 0.0038
2021-06-19 21:41:36,521 - utils.logger - INFO - Cur epoch 25 loss ccc:0.1272
2021-06-19 21:41:37,085 - utils.logger - INFO - Cur epoch 25 loss ccc:0.0990
2021-06-19 21:41:37,504 - utils.logger - INFO - Cur epoch 25 loss ccc:0.9999
2021-06-19 21:41:37,504 - utils.logger - INFO - saving the model at the end of epoch 25, iters 150
2021-06-19 21:41:37,783 - utils.logger - INFO - End of training epoch 25 / 70 	 Time Taken: 1 sec, Data loading: 0 sec
2021-06-19 21:41:37,783 - utils.logger - INFO - learning rate = 0.0005000
2021-06-19 21:41:38,541 - utils.logger - INFO - Trn result of epoch 25 / 70 mse 0.1550 rmse 0.3937 pcc 0.3189 ccc 0.0042
2021-06-19 21:41:38,795 - utils.logger - INFO - Val result of epoch 25 / 70 mse 0.1658 rmse 0.4072 pcc 0.3223 ccc 0.0044
2021-06-19 21:41:39,328 - utils.logger - INFO - Cur epoch 26 loss ccc:0.1287
2021-06-19 21:41:39,896 - utils.logger - INFO - Cur epoch 26 loss ccc:0.1238
2021-06-19 21:41:40,317 - utils.logger - INFO - Cur epoch 26 loss ccc:0.9885
2021-06-19 21:41:40,317 - utils.logger - INFO - saving the model at the end of epoch 26, iters 156
2021-06-19 21:41:40,969 - utils.logger - INFO - End of training epoch 26 / 70 	 Time Taken: 2 sec, Data loading: 0 sec
2021-06-19 21:41:40,969 - utils.logger - INFO - learning rate = 0.0005000
2021-06-19 21:41:41,763 - utils.logger - INFO - Trn result of epoch 26 / 70 mse 0.6947 rmse 0.8335 pcc 0.2771 ccc 0.0014
2021-06-19 21:41:42,044 - utils.logger - INFO - Val result of epoch 26 / 70 mse 0.7279 rmse 0.8532 pcc 0.2899 ccc 0.0015
2021-06-19 21:41:42,625 - utils.logger - INFO - Cur epoch 27 loss ccc:0.1185
2021-06-19 21:41:43,205 - utils.logger - INFO - Cur epoch 27 loss ccc:0.1341
2021-06-19 21:41:43,631 - utils.logger - INFO - Cur epoch 27 loss ccc:1.0010
2021-06-19 21:41:43,631 - utils.logger - INFO - saving the model at the end of epoch 27, iters 162
2021-06-19 21:41:43,922 - utils.logger - INFO - End of training epoch 27 / 70 	 Time Taken: 1 sec, Data loading: 0 sec
2021-06-19 21:41:43,922 - utils.logger - INFO - learning rate = 0.0005000
2021-06-19 21:41:44,698 - utils.logger - INFO - Trn result of epoch 27 / 70 mse 0.6399 rmse 0.8000 pcc 0.2833 ccc 0.0015
2021-06-19 21:41:44,967 - utils.logger - INFO - Val result of epoch 27 / 70 mse 0.6715 rmse 0.8195 pcc 0.2936 ccc 0.0016
2021-06-19 21:41:45,529 - utils.logger - INFO - Cur epoch 28 loss ccc:0.1309
2021-06-19 21:41:46,079 - utils.logger - INFO - Cur epoch 28 loss ccc:0.1193
2021-06-19 21:41:46,504 - utils.logger - INFO - Cur epoch 28 loss ccc:1.0116
2021-06-19 21:41:46,504 - utils.logger - INFO - saving the model at the end of epoch 28, iters 168
2021-06-19 21:41:46,743 - utils.logger - INFO - End of training epoch 28 / 70 	 Time Taken: 1 sec, Data loading: 0 sec
2021-06-19 21:41:46,744 - utils.logger - INFO - learning rate = 0.0005000
2021-06-19 21:41:47,519 - utils.logger - INFO - Trn result of epoch 28 / 70 mse 0.6611 rmse 0.8131 pcc 0.2896 ccc 0.0016
2021-06-19 21:41:47,798 - utils.logger - INFO - Val result of epoch 28 / 70 mse 0.6932 rmse 0.8326 pcc 0.3000 ccc 0.0017
2021-06-19 21:41:48,332 - utils.logger - INFO - Cur epoch 29 loss ccc:0.1279
2021-06-19 21:41:48,883 - utils.logger - INFO - Cur epoch 29 loss ccc:0.1256
2021-06-19 21:41:49,298 - utils.logger - INFO - Cur epoch 29 loss ccc:1.0075
2021-06-19 21:41:49,298 - utils.logger - INFO - saving the model at the end of epoch 29, iters 174
2021-06-19 21:41:49,583 - utils.logger - INFO - End of training epoch 29 / 70 	 Time Taken: 1 sec, Data loading: 0 sec
2021-06-19 21:41:49,583 - utils.logger - INFO - learning rate = 0.0005000
2021-06-19 21:41:50,352 - utils.logger - INFO - Trn result of epoch 29 / 70 mse 0.5694 rmse 0.7546 pcc 0.2954 ccc 0.0018
2021-06-19 21:41:50,625 - utils.logger - INFO - Val result of epoch 29 / 70 mse 0.5986 rmse 0.7737 pcc 0.3045 ccc 0.0019
2021-06-19 21:41:51,162 - utils.logger - INFO - Cur epoch 30 loss ccc:0.1161
2021-06-19 21:41:51,672 - utils.logger - INFO - Cur epoch 30 loss ccc:0.1241
2021-06-19 21:41:52,092 - utils.logger - INFO - Cur epoch 30 loss ccc:1.0002
2021-06-19 21:41:52,092 - utils.logger - INFO - saving the model at the end of epoch 30, iters 180
2021-06-19 21:41:52,375 - utils.logger - INFO - End of training epoch 30 / 70 	 Time Taken: 1 sec, Data loading: 0 sec
2021-06-19 21:41:52,376 - utils.logger - INFO - learning rate = 0.0004878
2021-06-19 21:41:53,123 - utils.logger - INFO - Trn result of epoch 30 / 70 mse 0.4945 rmse 0.7032 pcc 0.3003 ccc 0.0020
2021-06-19 21:41:53,389 - utils.logger - INFO - Val result of epoch 30 / 70 mse 0.5212 rmse 0.7219 pcc 0.3082 ccc 0.0022
2021-06-19 21:41:53,936 - utils.logger - INFO - Cur epoch 31 loss ccc:0.1222
2021-06-19 21:41:54,490 - utils.logger - INFO - Cur epoch 31 loss ccc:0.1249
2021-06-19 21:41:54,902 - utils.logger - INFO - Cur epoch 31 loss ccc:0.9993
2021-06-19 21:41:54,902 - utils.logger - INFO - saving the model at the end of epoch 31, iters 186
2021-06-19 21:41:55,353 - utils.logger - INFO - End of training epoch 31 / 70 	 Time Taken: 1 sec, Data loading: 0 sec
2021-06-19 21:41:55,353 - utils.logger - INFO - learning rate = 0.0004756
2021-06-19 21:41:56,100 - utils.logger - INFO - Trn result of epoch 31 / 70 mse 0.3906 rmse 0.6250 pcc 0.3069 ccc 0.0024
2021-06-19 21:41:56,365 - utils.logger - INFO - Val result of epoch 31 / 70 mse 0.4134 rmse 0.6430 pcc 0.3133 ccc 0.0026
2021-06-19 21:41:56,878 - utils.logger - INFO - Cur epoch 32 loss ccc:0.1214
2021-06-19 21:41:57,448 - utils.logger - INFO - Cur epoch 32 loss ccc:0.1198
2021-06-19 21:41:57,845 - utils.logger - INFO - Cur epoch 32 loss ccc:0.9940
2021-06-19 21:41:57,845 - utils.logger - INFO - saving the model at the end of epoch 32, iters 192
2021-06-19 21:41:58,125 - utils.logger - INFO - End of training epoch 32 / 70 	 Time Taken: 1 sec, Data loading: 0 sec
2021-06-19 21:41:58,125 - utils.logger - INFO - learning rate = 0.0004634
2021-06-19 21:41:58,891 - utils.logger - INFO - Trn result of epoch 32 / 70 mse 0.4158 rmse 0.6448 pcc 0.3062 ccc 0.0023
2021-06-19 21:41:59,158 - utils.logger - INFO - Val result of epoch 32 / 70 mse 0.4396 rmse 0.6630 pcc 0.3127 ccc 0.0025
2021-06-19 21:41:59,716 - utils.logger - INFO - Cur epoch 33 loss ccc:0.1268
2021-06-19 21:42:00,280 - utils.logger - INFO - Cur epoch 33 loss ccc:0.1191
2021-06-19 21:42:00,739 - utils.logger - INFO - Cur epoch 33 loss ccc:0.9947
2021-06-19 21:42:00,739 - utils.logger - INFO - saving the model at the end of epoch 33, iters 198
2021-06-19 21:42:01,018 - utils.logger - INFO - End of training epoch 33 / 70 	 Time Taken: 1 sec, Data loading: 0 sec
2021-06-19 21:42:01,019 - utils.logger - INFO - learning rate = 0.0004512
2021-06-19 21:42:01,780 - utils.logger - INFO - Trn result of epoch 33 / 70 mse 0.5189 rmse 0.7203 pcc 0.3042 ccc 0.0020
2021-06-19 21:42:02,064 - utils.logger - INFO - Val result of epoch 33 / 70 mse 0.5463 rmse 0.7391 pcc 0.3113 ccc 0.0022
2021-06-19 21:42:02,624 - utils.logger - INFO - Cur epoch 34 loss ccc:0.1247
2021-06-19 21:42:03,185 - utils.logger - INFO - Cur epoch 34 loss ccc:0.1114
2021-06-19 21:42:03,623 - utils.logger - INFO - Cur epoch 34 loss ccc:1.0047
2021-06-19 21:42:03,624 - utils.logger - INFO - saving the model at the end of epoch 34, iters 204
2021-06-19 21:42:03,932 - utils.logger - INFO - End of training epoch 34 / 70 	 Time Taken: 1 sec, Data loading: 0 sec
2021-06-19 21:42:03,932 - utils.logger - INFO - learning rate = 0.0004390
2021-06-19 21:42:04,697 - utils.logger - INFO - Trn result of epoch 34 / 70 mse 0.4667 rmse 0.6832 pcc 0.3082 ccc 0.0022
2021-06-19 21:42:04,995 - utils.logger - INFO - Val result of epoch 34 / 70 mse 0.4923 rmse 0.7016 pcc 0.3143 ccc 0.0024
2021-06-19 21:42:05,562 - utils.logger - INFO - Cur epoch 35 loss ccc:0.1283
2021-06-19 21:42:06,126 - utils.logger - INFO - Cur epoch 35 loss ccc:0.1107
2021-06-19 21:42:06,552 - utils.logger - INFO - Cur epoch 35 loss ccc:0.9989
2021-06-19 21:42:06,552 - utils.logger - INFO - saving the model at the end of epoch 35, iters 210
2021-06-19 21:42:06,839 - utils.logger - INFO - End of training epoch 35 / 70 	 Time Taken: 1 sec, Data loading: 0 sec
2021-06-19 21:42:06,839 - utils.logger - INFO - learning rate = 0.0004268
2021-06-19 21:42:07,693 - utils.logger - INFO - Trn result of epoch 35 / 70 mse 0.4330 rmse 0.6580 pcc 0.3124 ccc 0.0024
2021-06-19 21:42:07,977 - utils.logger - INFO - Val result of epoch 35 / 70 mse 0.4573 rmse 0.6762 pcc 0.3193 ccc 0.0026
2021-06-19 21:42:08,548 - utils.logger - INFO - Cur epoch 36 loss ccc:0.1256
2021-06-19 21:42:09,088 - utils.logger - INFO - Cur epoch 36 loss ccc:0.1261
2021-06-19 21:42:09,503 - utils.logger - INFO - Cur epoch 36 loss ccc:1.0018
2021-06-19 21:42:09,503 - utils.logger - INFO - saving the model at the end of epoch 36, iters 216
2021-06-19 21:42:09,778 - utils.logger - INFO - End of training epoch 36 / 70 	 Time Taken: 1 sec, Data loading: 0 sec
2021-06-19 21:42:09,778 - utils.logger - INFO - learning rate = 0.0004146
2021-06-19 21:42:10,530 - utils.logger - INFO - Trn result of epoch 36 / 70 mse 0.3754 rmse 0.6127 pcc 0.3304 ccc 0.0035
2021-06-19 21:42:10,784 - utils.logger - INFO - Val result of epoch 36 / 70 mse 0.3971 rmse 0.6301 pcc 0.3306 ccc 0.0038
2021-06-19 21:42:11,330 - utils.logger - INFO - Cur epoch 37 loss ccc:0.1361
2021-06-19 21:42:11,899 - utils.logger - INFO - Cur epoch 37 loss ccc:0.1273
2021-06-19 21:42:12,326 - utils.logger - INFO - Cur epoch 37 loss ccc:0.9993
2021-06-19 21:42:12,326 - utils.logger - INFO - saving the model at the end of epoch 37, iters 222
2021-06-19 21:42:12,726 - utils.logger - INFO - End of training epoch 37 / 70 	 Time Taken: 1 sec, Data loading: 0 sec
2021-06-19 21:42:12,727 - utils.logger - INFO - learning rate = 0.0004024
2021-06-19 21:42:13,504 - utils.logger - INFO - Trn result of epoch 37 / 70 mse 0.3311 rmse 0.5754 pcc 0.3311 ccc 0.0038
2021-06-19 21:42:13,797 - utils.logger - INFO - Val result of epoch 37 / 70 mse 0.3510 rmse 0.5924 pcc 0.3309 ccc 0.0041
2021-06-19 21:42:14,347 - utils.logger - INFO - Cur epoch 38 loss ccc:0.1192
2021-06-19 21:42:14,906 - utils.logger - INFO - Cur epoch 38 loss ccc:0.1202
2021-06-19 21:42:15,318 - utils.logger - INFO - Cur epoch 38 loss ccc:0.9989
2021-06-19 21:42:15,319 - utils.logger - INFO - saving the model at the end of epoch 38, iters 228
2021-06-19 21:42:15,542 - utils.logger - INFO - End of training epoch 38 / 70 	 Time Taken: 1 sec, Data loading: 0 sec
2021-06-19 21:42:15,542 - utils.logger - INFO - learning rate = 0.0003902
2021-06-19 21:42:16,311 - utils.logger - INFO - Trn result of epoch 38 / 70 mse 0.2773 rmse 0.5266 pcc 0.3330 ccc 0.0043
2021-06-19 21:42:16,571 - utils.logger - INFO - Val result of epoch 38 / 70 mse 0.2947 rmse 0.5429 pcc 0.3325 ccc 0.0046
2021-06-19 21:42:17,124 - utils.logger - INFO - Cur epoch 39 loss ccc:0.1148
2021-06-19 21:42:17,674 - utils.logger - INFO - Cur epoch 39 loss ccc:0.1142
2021-06-19 21:42:18,110 - utils.logger - INFO - Cur epoch 39 loss ccc:0.9740
2021-06-19 21:42:18,110 - utils.logger - INFO - saving the model at the end of epoch 39, iters 234
2021-06-19 21:42:19,288 - utils.logger - INFO - End of training epoch 39 / 70 	 Time Taken: 2 sec, Data loading: 0 sec
2021-06-19 21:42:19,289 - utils.logger - INFO - learning rate = 0.0003780
2021-06-19 21:42:20,053 - utils.logger - INFO - Trn result of epoch 39 / 70 mse 0.2866 rmse 0.5353 pcc 0.3347 ccc 0.0045
2021-06-19 21:42:20,321 - utils.logger - INFO - Val result of epoch 39 / 70 mse 0.3043 rmse 0.5517 pcc 0.3337 ccc 0.0048
2021-06-19 21:42:20,847 - utils.logger - INFO - Cur epoch 40 loss ccc:0.1194
2021-06-19 21:42:21,422 - utils.logger - INFO - Cur epoch 40 loss ccc:0.1157
2021-06-19 21:42:21,865 - utils.logger - INFO - Cur epoch 40 loss ccc:1.0053
2021-06-19 21:42:21,865 - utils.logger - INFO - saving the model at the end of epoch 40, iters 240
2021-06-19 21:42:22,171 - utils.logger - INFO - End of training epoch 40 / 70 	 Time Taken: 1 sec, Data loading: 0 sec
2021-06-19 21:42:22,175 - utils.logger - INFO - learning rate = 0.0003659
2021-06-19 21:42:22,980 - utils.logger - INFO - Trn result of epoch 40 / 70 mse 0.3766 rmse 0.6136 pcc 0.3332 ccc 0.0039
2021-06-19 21:42:23,261 - utils.logger - INFO - Val result of epoch 40 / 70 mse 0.3980 rmse 0.6309 pcc 0.3326 ccc 0.0042
2021-06-19 21:42:23,820 - utils.logger - INFO - Cur epoch 41 loss ccc:0.1175
2021-06-19 21:42:24,374 - utils.logger - INFO - Cur epoch 41 loss ccc:0.1259
2021-06-19 21:42:24,805 - utils.logger - INFO - Cur epoch 41 loss ccc:1.0103
2021-06-19 21:42:24,805 - utils.logger - INFO - saving the model at the end of epoch 41, iters 246
2021-06-19 21:42:25,144 - utils.logger - INFO - End of training epoch 41 / 70 	 Time Taken: 1 sec, Data loading: 0 sec
2021-06-19 21:42:25,144 - utils.logger - INFO - learning rate = 0.0003537
2021-06-19 21:42:25,924 - utils.logger - INFO - Trn result of epoch 41 / 70 mse 0.3776 rmse 0.6145 pcc 0.3362 ccc 0.0041
2021-06-19 21:42:26,188 - utils.logger - INFO - Val result of epoch 41 / 70 mse 0.3991 rmse 0.6317 pcc 0.3340 ccc 0.0043
2021-06-19 21:42:26,724 - utils.logger - INFO - Cur epoch 42 loss ccc:0.1246
2021-06-19 21:42:27,312 - utils.logger - INFO - Cur epoch 42 loss ccc:0.1300
2021-06-19 21:42:27,732 - utils.logger - INFO - Cur epoch 42 loss ccc:0.9969
2021-06-19 21:42:27,733 - utils.logger - INFO - saving the model at the end of epoch 42, iters 252
2021-06-19 21:42:28,002 - utils.logger - INFO - End of training epoch 42 / 70 	 Time Taken: 1 sec, Data loading: 0 sec
2021-06-19 21:42:28,002 - utils.logger - INFO - learning rate = 0.0003415
2021-06-19 21:42:28,895 - utils.logger - INFO - Trn result of epoch 42 / 70 mse 0.2038 rmse 0.4514 pcc 0.3434 ccc 0.0072
2021-06-19 21:42:29,164 - utils.logger - INFO - Val result of epoch 42 / 70 mse 0.2170 rmse 0.4658 pcc 0.3400 ccc 0.0077
2021-06-19 21:42:29,724 - utils.logger - INFO - Cur epoch 43 loss ccc:0.1311
2021-06-19 21:42:30,268 - utils.logger - INFO - Cur epoch 43 loss ccc:0.1017
2021-06-19 21:42:30,683 - utils.logger - INFO - Cur epoch 43 loss ccc:0.9873
2021-06-19 21:42:30,683 - utils.logger - INFO - saving the model at the end of epoch 43, iters 258
2021-06-19 21:42:30,978 - utils.logger - INFO - End of training epoch 43 / 70 	 Time Taken: 1 sec, Data loading: 0 sec
2021-06-19 21:42:30,978 - utils.logger - INFO - learning rate = 0.0003293
2021-06-19 21:42:31,728 - utils.logger - INFO - Trn result of epoch 43 / 70 mse 0.1135 rmse 0.3369 pcc 0.3476 ccc 0.0113
2021-06-19 21:42:31,980 - utils.logger - INFO - Val result of epoch 43 / 70 mse 0.1205 rmse 0.3471 pcc 0.3431 ccc 0.0122
2021-06-19 21:42:32,531 - utils.logger - INFO - Cur epoch 44 loss ccc:0.1134
2021-06-19 21:42:33,065 - utils.logger - INFO - Cur epoch 44 loss ccc:0.1167
2021-06-19 21:42:33,475 - utils.logger - INFO - Cur epoch 44 loss ccc:1.0011
2021-06-19 21:42:33,475 - utils.logger - INFO - saving the model at the end of epoch 44, iters 264
2021-06-19 21:42:33,764 - utils.logger - INFO - End of training epoch 44 / 70 	 Time Taken: 1 sec, Data loading: 0 sec
2021-06-19 21:42:33,765 - utils.logger - INFO - learning rate = 0.0003171
2021-06-19 21:42:34,526 - utils.logger - INFO - Trn result of epoch 44 / 70 mse 0.0914 rmse 0.3024 pcc 0.3496 ccc 0.0147
2021-06-19 21:42:34,786 - utils.logger - INFO - Val result of epoch 44 / 70 mse 0.0962 rmse 0.3102 pcc 0.3445 ccc 0.0160
2021-06-19 21:42:35,334 - utils.logger - INFO - Cur epoch 45 loss ccc:0.1251
2021-06-19 21:42:35,893 - utils.logger - INFO - Cur epoch 45 loss ccc:0.1233
2021-06-19 21:42:36,298 - utils.logger - INFO - Cur epoch 45 loss ccc:0.9998
2021-06-19 21:42:36,298 - utils.logger - INFO - saving the model at the end of epoch 45, iters 270
2021-06-19 21:42:36,580 - utils.logger - INFO - End of training epoch 45 / 70 	 Time Taken: 1 sec, Data loading: 0 sec
2021-06-19 21:42:36,581 - utils.logger - INFO - learning rate = 0.0003049
2021-06-19 21:42:37,355 - utils.logger - INFO - Trn result of epoch 45 / 70 mse 0.0899 rmse 0.2998 pcc 0.3496 ccc 0.0147
2021-06-19 21:42:37,619 - utils.logger - INFO - Val result of epoch 45 / 70 mse 0.0946 rmse 0.3075 pcc 0.3445 ccc 0.0160
2021-06-19 21:42:38,175 - utils.logger - INFO - Cur epoch 46 loss ccc:0.1282
2021-06-19 21:42:38,727 - utils.logger - INFO - Cur epoch 46 loss ccc:0.1166
2021-06-19 21:42:39,152 - utils.logger - INFO - Cur epoch 46 loss ccc:0.9999
2021-06-19 21:42:39,152 - utils.logger - INFO - saving the model at the end of epoch 46, iters 276
2021-06-19 21:42:39,420 - utils.logger - INFO - End of training epoch 46 / 70 	 Time Taken: 1 sec, Data loading: 0 sec
2021-06-19 21:42:39,420 - utils.logger - INFO - learning rate = 0.0002927
2021-06-19 21:42:40,219 - utils.logger - INFO - Trn result of epoch 46 / 70 mse 0.0752 rmse 0.2742 pcc 0.3492 ccc 0.0146
2021-06-19 21:42:40,490 - utils.logger - INFO - Val result of epoch 46 / 70 mse 0.0782 rmse 0.2796 pcc 0.3442 ccc 0.0161
2021-06-19 21:42:41,033 - utils.logger - INFO - Cur epoch 47 loss ccc:0.1268
2021-06-19 21:42:41,599 - utils.logger - INFO - Cur epoch 47 loss ccc:0.1023
2021-06-19 21:42:42,003 - utils.logger - INFO - Cur epoch 47 loss ccc:0.9962
2021-06-19 21:42:42,004 - utils.logger - INFO - saving the model at the end of epoch 47, iters 282
2021-06-19 21:42:42,284 - utils.logger - INFO - End of training epoch 47 / 70 	 Time Taken: 1 sec, Data loading: 0 sec
2021-06-19 21:42:42,284 - utils.logger - INFO - learning rate = 0.0002805
2021-06-19 21:42:43,042 - utils.logger - INFO - Trn result of epoch 47 / 70 mse 0.0690 rmse 0.2626 pcc 0.3497 ccc 0.0153
2021-06-19 21:42:43,311 - utils.logger - INFO - Val result of epoch 47 / 70 mse 0.0711 rmse 0.2667 pcc 0.3447 ccc 0.0170
2021-06-19 21:42:43,871 - utils.logger - INFO - Cur epoch 48 loss ccc:0.1155
2021-06-19 21:42:44,455 - utils.logger - INFO - Cur epoch 48 loss ccc:0.1138
2021-06-19 21:42:44,888 - utils.logger - INFO - Cur epoch 48 loss ccc:0.9998
2021-06-19 21:42:44,888 - utils.logger - INFO - saving the model at the end of epoch 48, iters 288
2021-06-19 21:42:45,178 - utils.logger - INFO - End of training epoch 48 / 70 	 Time Taken: 1 sec, Data loading: 0 sec
2021-06-19 21:42:45,178 - utils.logger - INFO - learning rate = 0.0002683
2021-06-19 21:42:46,005 - utils.logger - INFO - Trn result of epoch 48 / 70 mse 0.0639 rmse 0.2528 pcc 0.3505 ccc 0.0170
2021-06-19 21:42:46,283 - utils.logger - INFO - Val result of epoch 48 / 70 mse 0.0653 rmse 0.2554 pcc 0.3454 ccc 0.0190
2021-06-19 21:42:46,850 - utils.logger - INFO - Cur epoch 49 loss ccc:0.1291
2021-06-19 21:42:47,399 - utils.logger - INFO - Cur epoch 49 loss ccc:0.1281
2021-06-19 21:42:47,838 - utils.logger - INFO - Cur epoch 49 loss ccc:1.0144
2021-06-19 21:42:47,838 - utils.logger - INFO - saving the model at the end of epoch 49, iters 294
2021-06-19 21:42:48,131 - utils.logger - INFO - End of training epoch 49 / 70 	 Time Taken: 1 sec, Data loading: 0 sec
2021-06-19 21:42:48,131 - utils.logger - INFO - learning rate = 0.0002561
2021-06-19 21:42:48,897 - utils.logger - INFO - Trn result of epoch 49 / 70 mse 0.0618 rmse 0.2485 pcc 0.3492 ccc 0.0131
2021-06-19 21:42:49,168 - utils.logger - INFO - Val result of epoch 49 / 70 mse 0.0629 rmse 0.2507 pcc 0.3443 ccc 0.0148
2021-06-19 21:42:49,707 - utils.logger - INFO - Cur epoch 50 loss ccc:0.1246
2021-06-19 21:42:50,262 - utils.logger - INFO - Cur epoch 50 loss ccc:0.1247
2021-06-19 21:42:50,755 - utils.logger - INFO - Cur epoch 50 loss ccc:1.0002
2021-06-19 21:42:50,755 - utils.logger - INFO - saving the model at the end of epoch 50, iters 300
2021-06-19 21:42:51,088 - utils.logger - INFO - End of training epoch 50 / 70 	 Time Taken: 1 sec, Data loading: 0 sec
2021-06-19 21:42:51,088 - utils.logger - INFO - learning rate = 0.0002439
2021-06-19 21:42:51,893 - utils.logger - INFO - Trn result of epoch 50 / 70 mse 0.0842 rmse 0.2901 pcc 0.3461 ccc 0.0106
2021-06-19 21:42:52,274 - utils.logger - INFO - Val result of epoch 50 / 70 mse 0.0884 rmse 0.2973 pcc 0.3421 ccc 0.0116
2021-06-19 21:42:52,825 - utils.logger - INFO - Cur epoch 51 loss ccc:0.1126
2021-06-19 21:42:53,406 - utils.logger - INFO - Cur epoch 51 loss ccc:0.1254
2021-06-19 21:42:53,827 - utils.logger - INFO - Cur epoch 51 loss ccc:1.0002
2021-06-19 21:42:53,827 - utils.logger - INFO - saving the model at the end of epoch 51, iters 306
2021-06-19 21:42:54,090 - utils.logger - INFO - End of training epoch 51 / 70 	 Time Taken: 1 sec, Data loading: 0 sec
2021-06-19 21:42:54,091 - utils.logger - INFO - learning rate = 0.0002317
2021-06-19 21:42:54,865 - utils.logger - INFO - Trn result of epoch 51 / 70 mse 0.0769 rmse 0.2772 pcc 0.3456 ccc 0.0103
2021-06-19 21:42:55,151 - utils.logger - INFO - Val result of epoch 51 / 70 mse 0.0802 rmse 0.2833 pcc 0.3417 ccc 0.0113
2021-06-19 21:42:55,686 - utils.logger - INFO - Cur epoch 52 loss ccc:0.1102
2021-06-19 21:42:56,294 - utils.logger - INFO - Cur epoch 52 loss ccc:0.1268
2021-06-19 21:42:56,737 - utils.logger - INFO - Cur epoch 52 loss ccc:1.0731
2021-06-19 21:42:56,737 - utils.logger - INFO - saving the model at the end of epoch 52, iters 312
2021-06-19 21:42:57,054 - utils.logger - INFO - End of training epoch 52 / 70 	 Time Taken: 1 sec, Data loading: 0 sec
2021-06-19 21:42:57,054 - utils.logger - INFO - learning rate = 0.0002195
2021-06-19 21:42:57,827 - utils.logger - INFO - Trn result of epoch 52 / 70 mse 0.0669 rmse 0.2586 pcc 0.3472 ccc 0.0121
2021-06-19 21:42:58,099 - utils.logger - INFO - Val result of epoch 52 / 70 mse 0.0688 rmse 0.2623 pcc 0.3429 ccc 0.0135
2021-06-19 21:42:58,669 - utils.logger - INFO - Cur epoch 53 loss ccc:0.1278
2021-06-19 21:42:59,259 - utils.logger - INFO - Cur epoch 53 loss ccc:0.1014
2021-06-19 21:42:59,695 - utils.logger - INFO - Cur epoch 53 loss ccc:1.0012
2021-06-19 21:42:59,695 - utils.logger - INFO - saving the model at the end of epoch 53, iters 318
2021-06-19 21:42:59,970 - utils.logger - INFO - End of training epoch 53 / 70 	 Time Taken: 1 sec, Data loading: 0 sec
2021-06-19 21:42:59,970 - utils.logger - INFO - learning rate = 0.0002073
2021-06-19 21:43:00,751 - utils.logger - INFO - Trn result of epoch 53 / 70 mse 0.0727 rmse 0.2696 pcc 0.3466 ccc 0.0117
2021-06-19 21:43:01,028 - utils.logger - INFO - Val result of epoch 53 / 70 mse 0.0755 rmse 0.2747 pcc 0.3424 ccc 0.0129
2021-06-19 21:43:01,590 - utils.logger - INFO - Cur epoch 54 loss ccc:0.1143
2021-06-19 21:43:02,169 - utils.logger - INFO - Cur epoch 54 loss ccc:0.1275
2021-06-19 21:43:02,618 - utils.logger - INFO - Cur epoch 54 loss ccc:1.0000
2021-06-19 21:43:02,618 - utils.logger - INFO - saving the model at the end of epoch 54, iters 324
2021-06-19 21:43:02,892 - utils.logger - INFO - End of training epoch 54 / 70 	 Time Taken: 1 sec, Data loading: 0 sec
2021-06-19 21:43:02,892 - utils.logger - INFO - learning rate = 0.0001951
2021-06-19 21:43:03,658 - utils.logger - INFO - Trn result of epoch 54 / 70 mse 0.0734 rmse 0.2709 pcc 0.3465 ccc 0.0115
2021-06-19 21:43:03,928 - utils.logger - INFO - Val result of epoch 54 / 70 mse 0.0763 rmse 0.2762 pcc 0.3424 ccc 0.0127
2021-06-19 21:43:04,497 - utils.logger - INFO - Cur epoch 55 loss ccc:0.1250
2021-06-19 21:43:05,053 - utils.logger - INFO - Cur epoch 55 loss ccc:0.1134
2021-06-19 21:43:05,479 - utils.logger - INFO - Cur epoch 55 loss ccc:0.9960
2021-06-19 21:43:05,479 - utils.logger - INFO - saving the model at the end of epoch 55, iters 330
2021-06-19 21:43:05,755 - utils.logger - INFO - End of training epoch 55 / 70 	 Time Taken: 1 sec, Data loading: 0 sec
2021-06-19 21:43:05,755 - utils.logger - INFO - learning rate = 0.0001829
2021-06-19 21:43:06,586 - utils.logger - INFO - Trn result of epoch 55 / 70 mse 0.0654 rmse 0.2557 pcc 0.3474 ccc 0.0123
2021-06-19 21:43:06,958 - utils.logger - INFO - Val result of epoch 55 / 70 mse 0.0671 rmse 0.2590 pcc 0.3431 ccc 0.0137
2021-06-19 21:43:07,502 - utils.logger - INFO - Cur epoch 56 loss ccc:0.1294
2021-06-19 21:43:08,070 - utils.logger - INFO - Cur epoch 56 loss ccc:0.1251
2021-06-19 21:43:08,516 - utils.logger - INFO - Cur epoch 56 loss ccc:1.0000
2021-06-19 21:43:08,516 - utils.logger - INFO - saving the model at the end of epoch 56, iters 336
2021-06-19 21:43:08,815 - utils.logger - INFO - End of training epoch 56 / 70 	 Time Taken: 1 sec, Data loading: 0 sec
2021-06-19 21:43:08,815 - utils.logger - INFO - learning rate = 0.0001707
2021-06-19 21:43:09,621 - utils.logger - INFO - Trn result of epoch 56 / 70 mse 0.0917 rmse 0.3028 pcc 0.3446 ccc 0.0099
2021-06-19 21:43:09,886 - utils.logger - INFO - Val result of epoch 56 / 70 mse 0.0967 rmse 0.3110 pcc 0.3410 ccc 0.0107
2021-06-19 21:43:10,419 - utils.logger - INFO - Cur epoch 57 loss ccc:0.1250
2021-06-19 21:43:10,966 - utils.logger - INFO - Cur epoch 57 loss ccc:0.1363
2021-06-19 21:43:11,390 - utils.logger - INFO - Cur epoch 57 loss ccc:1.0515
2021-06-19 21:43:11,390 - utils.logger - INFO - saving the model at the end of epoch 57, iters 342
2021-06-19 21:43:11,663 - utils.logger - INFO - End of training epoch 57 / 70 	 Time Taken: 1 sec, Data loading: 0 sec
2021-06-19 21:43:11,663 - utils.logger - INFO - learning rate = 0.0001585
2021-06-19 21:43:12,392 - utils.logger - INFO - Trn result of epoch 57 / 70 mse 0.0761 rmse 0.2759 pcc 0.3468 ccc 0.0116
2021-06-19 21:43:12,640 - utils.logger - INFO - Val result of epoch 57 / 70 mse 0.0794 rmse 0.2817 pcc 0.3426 ccc 0.0127
2021-06-19 21:43:13,168 - utils.logger - INFO - Cur epoch 58 loss ccc:0.1225
2021-06-19 21:43:13,710 - utils.logger - INFO - Cur epoch 58 loss ccc:0.1151
2021-06-19 21:43:14,134 - utils.logger - INFO - Cur epoch 58 loss ccc:1.0327
2021-06-19 21:43:14,134 - utils.logger - INFO - saving the model at the end of epoch 58, iters 348
2021-06-19 21:43:14,484 - utils.logger - INFO - End of training epoch 58 / 70 	 Time Taken: 1 sec, Data loading: 0 sec
2021-06-19 21:43:14,485 - utils.logger - INFO - learning rate = 0.0001463
2021-06-19 21:43:15,302 - utils.logger - INFO - Trn result of epoch 58 / 70 mse 0.0572 rmse 0.2393 pcc 0.3478 ccc 0.0120
2021-06-19 21:43:15,580 - utils.logger - INFO - Val result of epoch 58 / 70 mse 0.0575 rmse 0.2398 pcc 0.3433 ccc 0.0137
2021-06-19 21:43:16,127 - utils.logger - INFO - Cur epoch 59 loss ccc:0.1151
2021-06-19 21:43:16,702 - utils.logger - INFO - Cur epoch 59 loss ccc:0.1149
2021-06-19 21:43:17,144 - utils.logger - INFO - Cur epoch 59 loss ccc:1.0002
2021-06-19 21:43:17,144 - utils.logger - INFO - saving the model at the end of epoch 59, iters 354
2021-06-19 21:43:17,414 - utils.logger - INFO - End of training epoch 59 / 70 	 Time Taken: 1 sec, Data loading: 0 sec
2021-06-19 21:43:17,414 - utils.logger - INFO - learning rate = 0.0001341
2021-06-19 21:43:18,187 - utils.logger - INFO - Trn result of epoch 59 / 70 mse 0.0496 rmse 0.2227 pcc 0.3506 ccc 0.0134
2021-06-19 21:43:18,495 - utils.logger - INFO - Val result of epoch 59 / 70 mse 0.0480 rmse 0.2191 pcc 0.3454 ccc 0.0159
2021-06-19 21:43:19,094 - utils.logger - INFO - Cur epoch 60 loss ccc:0.1250
2021-06-19 21:43:19,678 - utils.logger - INFO - Cur epoch 60 loss ccc:0.1352
2021-06-19 21:43:20,113 - utils.logger - INFO - Cur epoch 60 loss ccc:0.9927
2021-06-19 21:43:20,113 - utils.logger - INFO - saving the model at the end of epoch 60, iters 360
2021-06-19 21:43:20,412 - utils.logger - INFO - End of training epoch 60 / 70 	 Time Taken: 1 sec, Data loading: 0 sec
2021-06-19 21:43:20,413 - utils.logger - INFO - learning rate = 0.0001220
2021-06-19 21:43:21,181 - utils.logger - INFO - Trn result of epoch 60 / 70 mse 0.0484 rmse 0.2201 pcc 0.3518 ccc 0.0164
2021-06-19 21:43:21,446 - utils.logger - INFO - Val result of epoch 60 / 70 mse 0.0464 rmse 0.2155 pcc 0.3464 ccc 0.0196
2021-06-19 21:43:22,011 - utils.logger - INFO - Cur epoch 61 loss ccc:0.1101
2021-06-19 21:43:22,592 - utils.logger - INFO - Cur epoch 61 loss ccc:0.1336
2021-06-19 21:43:23,015 - utils.logger - INFO - Cur epoch 61 loss ccc:0.9920
2021-06-19 21:43:23,015 - utils.logger - INFO - saving the model at the end of epoch 61, iters 366
2021-06-19 21:43:23,303 - utils.logger - INFO - End of training epoch 61 / 70 	 Time Taken: 1 sec, Data loading: 0 sec
2021-06-19 21:43:23,303 - utils.logger - INFO - learning rate = 0.0001098
2021-06-19 21:43:24,087 - utils.logger - INFO - Trn result of epoch 61 / 70 mse 0.0500 rmse 0.2236 pcc 0.3514 ccc 0.0163
2021-06-19 21:43:24,365 - utils.logger - INFO - Val result of epoch 61 / 70 mse 0.0485 rmse 0.2203 pcc 0.3461 ccc 0.0192
2021-06-19 21:43:24,911 - utils.logger - INFO - Cur epoch 62 loss ccc:0.1212
2021-06-19 21:43:25,456 - utils.logger - INFO - Cur epoch 62 loss ccc:0.1147
2021-06-19 21:43:25,875 - utils.logger - INFO - Cur epoch 62 loss ccc:0.9802
2021-06-19 21:43:25,876 - utils.logger - INFO - saving the model at the end of epoch 62, iters 372
2021-06-19 21:43:26,140 - utils.logger - INFO - End of training epoch 62 / 70 	 Time Taken: 1 sec, Data loading: 0 sec
2021-06-19 21:43:26,140 - utils.logger - INFO - learning rate = 0.0000976
2021-06-19 21:43:26,902 - utils.logger - INFO - Trn result of epoch 62 / 70 mse 0.0523 rmse 0.2287 pcc 0.3510 ccc 0.0159
2021-06-19 21:43:27,174 - utils.logger - INFO - Val result of epoch 62 / 70 mse 0.0514 rmse 0.2268 pcc 0.3458 ccc 0.0185
2021-06-19 21:43:27,715 - utils.logger - INFO - Cur epoch 63 loss ccc:0.1114
2021-06-19 21:43:28,293 - utils.logger - INFO - Cur epoch 63 loss ccc:0.1354
2021-06-19 21:43:28,720 - utils.logger - INFO - Cur epoch 63 loss ccc:0.9409
2021-06-19 21:43:28,721 - utils.logger - INFO - saving the model at the end of epoch 63, iters 378
2021-06-19 21:43:29,003 - utils.logger - INFO - End of training epoch 63 / 70 	 Time Taken: 1 sec, Data loading: 0 sec
2021-06-19 21:43:29,004 - utils.logger - INFO - learning rate = 0.0000854
2021-06-19 21:43:29,806 - utils.logger - INFO - Trn result of epoch 63 / 70 mse 0.0546 rmse 0.2336 pcc 0.3512 ccc 0.0177
2021-06-19 21:43:30,082 - utils.logger - INFO - Val result of epoch 63 / 70 mse 0.0542 rmse 0.2328 pcc 0.3458 ccc 0.0204
2021-06-19 21:43:30,639 - utils.logger - INFO - Cur epoch 64 loss ccc:0.1338
2021-06-19 21:43:31,220 - utils.logger - INFO - Cur epoch 64 loss ccc:0.1191
2021-06-19 21:43:31,642 - utils.logger - INFO - Cur epoch 64 loss ccc:0.9998
2021-06-19 21:43:31,642 - utils.logger - INFO - saving the model at the end of epoch 64, iters 384
2021-06-19 21:43:31,971 - utils.logger - INFO - End of training epoch 64 / 70 	 Time Taken: 1 sec, Data loading: 0 sec
2021-06-19 21:43:31,972 - utils.logger - INFO - learning rate = 0.0000732
2021-06-19 21:43:32,741 - utils.logger - INFO - Trn result of epoch 64 / 70 mse 0.0563 rmse 0.2373 pcc 0.3511 ccc 0.0180
2021-06-19 21:43:33,003 - utils.logger - INFO - Val result of epoch 64 / 70 mse 0.0563 rmse 0.2373 pcc 0.3457 ccc 0.0206
2021-06-19 21:43:33,556 - utils.logger - INFO - Cur epoch 65 loss ccc:0.1119
2021-06-19 21:43:34,098 - utils.logger - INFO - Cur epoch 65 loss ccc:0.1321
2021-06-19 21:43:34,520 - utils.logger - INFO - Cur epoch 65 loss ccc:1.0008
2021-06-19 21:43:34,521 - utils.logger - INFO - saving the model at the end of epoch 65, iters 390
2021-06-19 21:43:34,810 - utils.logger - INFO - End of training epoch 65 / 70 	 Time Taken: 1 sec, Data loading: 0 sec
2021-06-19 21:43:34,811 - utils.logger - INFO - learning rate = 0.0000610
2021-06-19 21:43:35,579 - utils.logger - INFO - Trn result of epoch 65 / 70 mse 0.0579 rmse 0.2407 pcc 0.3509 ccc 0.0176
2021-06-19 21:43:35,860 - utils.logger - INFO - Val result of epoch 65 / 70 mse 0.0583 rmse 0.2414 pcc 0.3456 ccc 0.0200
2021-06-19 21:43:36,420 - utils.logger - INFO - Cur epoch 66 loss ccc:0.1093
2021-06-19 21:43:37,004 - utils.logger - INFO - Cur epoch 66 loss ccc:0.1139
2021-06-19 21:43:37,440 - utils.logger - INFO - Cur epoch 66 loss ccc:1.0027
2021-06-19 21:43:37,440 - utils.logger - INFO - saving the model at the end of epoch 66, iters 396
2021-06-19 21:43:37,730 - utils.logger - INFO - End of training epoch 66 / 70 	 Time Taken: 1 sec, Data loading: 0 sec
2021-06-19 21:43:37,730 - utils.logger - INFO - learning rate = 0.0000488
2021-06-19 21:43:38,488 - utils.logger - INFO - Trn result of epoch 66 / 70 mse 0.0549 rmse 0.2343 pcc 0.3512 ccc 0.0178
2021-06-19 21:43:38,750 - utils.logger - INFO - Val result of epoch 66 / 70 mse 0.0546 rmse 0.2337 pcc 0.3458 ccc 0.0205
2021-06-19 21:43:39,291 - utils.logger - INFO - Cur epoch 67 loss ccc:0.1277
2021-06-19 21:43:39,825 - utils.logger - INFO - Cur epoch 67 loss ccc:0.1250
2021-06-19 21:43:40,230 - utils.logger - INFO - Cur epoch 67 loss ccc:0.9467
2021-06-19 21:43:40,230 - utils.logger - INFO - saving the model at the end of epoch 67, iters 402
2021-06-19 21:43:40,494 - utils.logger - INFO - End of training epoch 67 / 70 	 Time Taken: 1 sec, Data loading: 0 sec
2021-06-19 21:43:40,494 - utils.logger - INFO - learning rate = 0.0000366
2021-06-19 21:43:41,242 - utils.logger - INFO - Trn result of epoch 67 / 70 mse 0.0559 rmse 0.2365 pcc 0.3511 ccc 0.0177
2021-06-19 21:43:41,503 - utils.logger - INFO - Val result of epoch 67 / 70 mse 0.0558 rmse 0.2363 pcc 0.3457 ccc 0.0203
2021-06-19 21:43:42,048 - utils.logger - INFO - Cur epoch 68 loss ccc:0.1045
2021-06-19 21:43:42,590 - utils.logger - INFO - Cur epoch 68 loss ccc:0.1250
2021-06-19 21:43:43,016 - utils.logger - INFO - Cur epoch 68 loss ccc:0.9963
2021-06-19 21:43:43,017 - utils.logger - INFO - saving the model at the end of epoch 68, iters 408
2021-06-19 21:43:43,329 - utils.logger - INFO - End of training epoch 68 / 70 	 Time Taken: 1 sec, Data loading: 0 sec
2021-06-19 21:43:43,329 - utils.logger - INFO - learning rate = 0.0000244
2021-06-19 21:43:44,107 - utils.logger - INFO - Trn result of epoch 68 / 70 mse 0.0552 rmse 0.2349 pcc 0.3511 ccc 0.0179
2021-06-19 21:43:44,375 - utils.logger - INFO - Val result of epoch 68 / 70 mse 0.0549 rmse 0.2344 pcc 0.3458 ccc 0.0206
2021-06-19 21:43:44,916 - utils.logger - INFO - Cur epoch 69 loss ccc:0.1024
2021-06-19 21:43:45,458 - utils.logger - INFO - Cur epoch 69 loss ccc:0.1286
2021-06-19 21:43:45,851 - utils.logger - INFO - Cur epoch 69 loss ccc:1.0002
2021-06-19 21:43:45,851 - utils.logger - INFO - saving the model at the end of epoch 69, iters 414
2021-06-19 21:43:46,115 - utils.logger - INFO - End of training epoch 69 / 70 	 Time Taken: 1 sec, Data loading: 0 sec
2021-06-19 21:43:46,115 - utils.logger - INFO - learning rate = 0.0000122
2021-06-19 21:43:46,917 - utils.logger - INFO - Trn result of epoch 69 / 70 mse 0.0572 rmse 0.2392 pcc 0.3508 ccc 0.0175
2021-06-19 21:43:47,214 - utils.logger - INFO - Val result of epoch 69 / 70 mse 0.0574 rmse 0.2396 pcc 0.3455 ccc 0.0199
2021-06-19 21:43:47,780 - utils.logger - INFO - Cur epoch 70 loss ccc:0.1335
2021-06-19 21:43:48,359 - utils.logger - INFO - Cur epoch 70 loss ccc:0.1383
2021-06-19 21:43:48,786 - utils.logger - INFO - Cur epoch 70 loss ccc:0.9996
2021-06-19 21:43:48,786 - utils.logger - INFO - saving the model at the end of epoch 70, iters 420
2021-06-19 21:43:49,084 - utils.logger - INFO - End of training epoch 70 / 70 	 Time Taken: 1 sec, Data loading: 0 sec
2021-06-19 21:43:49,084 - utils.logger - INFO - learning rate = 0.0000000
2021-06-19 21:43:49,862 - utils.logger - INFO - Trn result of epoch 70 / 70 mse 0.0573 rmse 0.2395 pcc 0.3508 ccc 0.0174
2021-06-19 21:43:50,133 - utils.logger - INFO - Val result of epoch 70 / 70 mse 0.0576 rmse 0.2399 pcc 0.3455 ccc 0.0199
2021-06-19 21:43:50,133 - utils.logger - INFO - Best eval epoch 6 found with ccc 0.151521
2021-06-19 21:43:50,133 - utils.logger - INFO - baseline_fcfusion_wonorm_deepspectrum-egemaps_valence_hidden1024_seq100_lr0.0005_cccloss_run2
