2021-06-05 17:43:03,020 - utils.logger - INFO - The number of training samples = 41
2021-06-05 17:43:05,965 - utils.logger - INFO - Cur epoch 1 loss MSE:0.6104
2021-06-05 17:43:06,541 - utils.logger - INFO - Cur epoch 1 loss MSE:0.0063
2021-06-05 17:43:06,968 - utils.logger - INFO - Cur epoch 1 loss MSE:1.0931
2021-06-05 17:43:06,968 - utils.logger - INFO - saving the model at the end of epoch 1, iters 6
2021-06-05 17:43:07,199 - utils.logger - INFO - End of training epoch 1 / 50 	 Time Taken: 1 sec, Data loading: 0 sec
2021-06-05 17:43:07,199 - utils.logger - INFO - learning rate = 0.0000100
2021-06-05 17:43:08,041 - utils.logger - INFO - Trn result of epoch 1 / 50 mse 0.0441 rmse 0.2101 pcc 0.0685 ccc 0.0027
2021-06-05 17:43:08,323 - utils.logger - INFO - Val result of epoch 1 / 50 mse 0.0378 rmse 0.1944 pcc 0.1111 ccc 0.0048
2021-06-05 17:43:08,875 - utils.logger - INFO - Cur epoch 2 loss MSE:0.0146
2021-06-05 17:43:09,425 - utils.logger - INFO - Cur epoch 2 loss MSE:0.8336
2021-06-05 17:43:09,831 - utils.logger - INFO - Cur epoch 2 loss MSE:0.0220
2021-06-05 17:43:09,832 - utils.logger - INFO - saving the model at the end of epoch 2, iters 12
2021-06-05 17:43:10,103 - utils.logger - INFO - End of training epoch 2 / 50 	 Time Taken: 1 sec, Data loading: 0 sec
2021-06-05 17:43:10,104 - utils.logger - INFO - learning rate = 0.0000100
2021-06-05 17:43:10,930 - utils.logger - INFO - Trn result of epoch 2 / 50 mse 0.0436 rmse 0.2088 pcc 0.1924 ccc 0.0122
2021-06-05 17:43:11,213 - utils.logger - INFO - Val result of epoch 2 / 50 mse 0.0373 rmse 0.1932 pcc 0.2633 ccc 0.0214
2021-06-05 17:43:11,764 - utils.logger - INFO - Cur epoch 3 loss MSE:0.4576
2021-06-05 17:43:12,339 - utils.logger - INFO - Cur epoch 3 loss MSE:0.4098
2021-06-05 17:43:12,820 - utils.logger - INFO - Cur epoch 3 loss MSE:0.0624
2021-06-05 17:43:12,821 - utils.logger - INFO - saving the model at the end of epoch 3, iters 18
2021-06-05 17:43:13,096 - utils.logger - INFO - End of training epoch 3 / 50 	 Time Taken: 1 sec, Data loading: 0 sec
2021-06-05 17:43:13,097 - utils.logger - INFO - learning rate = 0.0000100
2021-06-05 17:43:13,959 - utils.logger - INFO - Trn result of epoch 3 / 50 mse 0.0430 rmse 0.2075 pcc 0.2061 ccc 0.0231
2021-06-05 17:43:14,256 - utils.logger - INFO - Val result of epoch 3 / 50 mse 0.0375 rmse 0.1937 pcc 0.2730 ccc 0.0389
2021-06-05 17:43:14,827 - utils.logger - INFO - Cur epoch 4 loss MSE:0.0222
2021-06-05 17:43:15,409 - utils.logger - INFO - Cur epoch 4 loss MSE:0.4943
2021-06-05 17:43:15,835 - utils.logger - INFO - Cur epoch 4 loss MSE:0.3670
2021-06-05 17:43:15,835 - utils.logger - INFO - saving the model at the end of epoch 4, iters 24
2021-06-05 17:43:16,113 - utils.logger - INFO - End of training epoch 4 / 50 	 Time Taken: 1 sec, Data loading: 0 sec
2021-06-05 17:43:16,113 - utils.logger - INFO - learning rate = 0.0000100
2021-06-05 17:43:16,931 - utils.logger - INFO - Trn result of epoch 4 / 50 mse 0.0425 rmse 0.2061 pcc 0.2498 ccc 0.0416
2021-06-05 17:43:17,221 - utils.logger - INFO - Val result of epoch 4 / 50 mse 0.0372 rmse 0.1928 pcc 0.2971 ccc 0.0613
2021-06-05 17:43:17,752 - utils.logger - INFO - Cur epoch 5 loss MSE:0.0373
2021-06-05 17:43:18,314 - utils.logger - INFO - Cur epoch 5 loss MSE:0.2667
2021-06-05 17:43:18,755 - utils.logger - INFO - Cur epoch 5 loss MSE:2.9147
2021-06-05 17:43:18,756 - utils.logger - INFO - saving the model at the end of epoch 5, iters 30
2021-06-05 17:43:19,035 - utils.logger - INFO - End of training epoch 5 / 50 	 Time Taken: 1 sec, Data loading: 0 sec
2021-06-05 17:43:19,035 - utils.logger - INFO - learning rate = 0.0000100
2021-06-05 17:43:19,864 - utils.logger - INFO - Trn result of epoch 5 / 50 mse 0.0437 rmse 0.2090 pcc 0.2953 ccc 0.0670
2021-06-05 17:43:20,140 - utils.logger - INFO - Val result of epoch 5 / 50 mse 0.0403 rmse 0.2008 pcc 0.3037 ccc 0.0839
2021-06-05 17:43:20,671 - utils.logger - INFO - Cur epoch 6 loss MSE:0.0075
2021-06-05 17:43:21,232 - utils.logger - INFO - Cur epoch 6 loss MSE:0.0373
2021-06-05 17:43:21,645 - utils.logger - INFO - Cur epoch 6 loss MSE:4.8015
2021-06-05 17:43:21,645 - utils.logger - INFO - saving the model at the end of epoch 6, iters 36
2021-06-05 17:43:21,892 - utils.logger - INFO - End of training epoch 6 / 50 	 Time Taken: 1 sec, Data loading: 0 sec
2021-06-05 17:43:21,892 - utils.logger - INFO - learning rate = 0.0000100
2021-06-05 17:43:22,696 - utils.logger - INFO - Trn result of epoch 6 / 50 mse 0.0414 rmse 0.2036 pcc 0.3022 ccc 0.0711
2021-06-05 17:43:22,971 - utils.logger - INFO - Val result of epoch 6 / 50 mse 0.0353 rmse 0.1880 pcc 0.3172 ccc 0.0933
2021-06-05 17:43:23,517 - utils.logger - INFO - Cur epoch 7 loss MSE:0.9705
2021-06-05 17:43:24,058 - utils.logger - INFO - Cur epoch 7 loss MSE:0.0291
2021-06-05 17:43:24,457 - utils.logger - INFO - Cur epoch 7 loss MSE:1.3518
2021-06-05 17:43:24,457 - utils.logger - INFO - saving the model at the end of epoch 7, iters 42
2021-06-05 17:43:24,672 - utils.logger - INFO - End of training epoch 7 / 50 	 Time Taken: 1 sec, Data loading: 0 sec
2021-06-05 17:43:24,672 - utils.logger - INFO - learning rate = 0.0000100
2021-06-05 17:43:25,442 - utils.logger - INFO - Trn result of epoch 7 / 50 mse 0.0404 rmse 0.2010 pcc 0.3473 ccc 0.1007
2021-06-05 17:43:25,711 - utils.logger - INFO - Val result of epoch 7 / 50 mse 0.0356 rmse 0.1886 pcc 0.3101 ccc 0.1135
2021-06-05 17:43:26,247 - utils.logger - INFO - Cur epoch 8 loss MSE:0.3482
2021-06-05 17:43:26,782 - utils.logger - INFO - Cur epoch 8 loss MSE:0.0334
2021-06-05 17:43:27,224 - utils.logger - INFO - Cur epoch 8 loss MSE:0.3562
2021-06-05 17:43:27,224 - utils.logger - INFO - saving the model at the end of epoch 8, iters 48
2021-06-05 17:43:27,444 - utils.logger - INFO - End of training epoch 8 / 50 	 Time Taken: 1 sec, Data loading: 0 sec
2021-06-05 17:43:27,444 - utils.logger - INFO - learning rate = 0.0000100
2021-06-05 17:43:28,239 - utils.logger - INFO - Trn result of epoch 8 / 50 mse 0.0394 rmse 0.1984 pcc 0.3783 ccc 0.1311
2021-06-05 17:43:28,517 - utils.logger - INFO - Val result of epoch 8 / 50 mse 0.0346 rmse 0.1860 pcc 0.3325 ccc 0.1456
2021-06-05 17:43:29,056 - utils.logger - INFO - Cur epoch 9 loss MSE:0.0046
2021-06-05 17:43:29,611 - utils.logger - INFO - Cur epoch 9 loss MSE:0.4161
2021-06-05 17:43:30,023 - utils.logger - INFO - Cur epoch 9 loss MSE:0.0228
2021-06-05 17:43:30,023 - utils.logger - INFO - saving the model at the end of epoch 9, iters 54
2021-06-05 17:43:30,240 - utils.logger - INFO - End of training epoch 9 / 50 	 Time Taken: 1 sec, Data loading: 0 sec
2021-06-05 17:43:30,241 - utils.logger - INFO - learning rate = 0.0000100
2021-06-05 17:43:31,031 - utils.logger - INFO - Trn result of epoch 9 / 50 mse 0.0398 rmse 0.1995 pcc 0.3631 ccc 0.1534
2021-06-05 17:43:31,305 - utils.logger - INFO - Val result of epoch 9 / 50 mse 0.0334 rmse 0.1827 pcc 0.3578 ccc 0.1880
2021-06-05 17:43:31,853 - utils.logger - INFO - Cur epoch 10 loss MSE:0.3668
2021-06-05 17:43:32,406 - utils.logger - INFO - Cur epoch 10 loss MSE:0.0390
2021-06-05 17:43:32,816 - utils.logger - INFO - Cur epoch 10 loss MSE:0.0704
2021-06-05 17:43:32,816 - utils.logger - INFO - saving the model at the end of epoch 10, iters 60
2021-06-05 17:43:33,089 - utils.logger - INFO - End of training epoch 10 / 50 	 Time Taken: 1 sec, Data loading: 0 sec
2021-06-05 17:43:33,089 - utils.logger - INFO - learning rate = 0.0000100
2021-06-05 17:43:33,936 - utils.logger - INFO - Trn result of epoch 10 / 50 mse 0.0364 rmse 0.1909 pcc 0.4627 ccc 0.2217
2021-06-05 17:43:34,217 - utils.logger - INFO - Val result of epoch 10 / 50 mse 0.0327 rmse 0.1808 pcc 0.3907 ccc 0.2293
2021-06-05 17:43:34,762 - utils.logger - INFO - Cur epoch 11 loss MSE:0.0329
2021-06-05 17:43:35,337 - utils.logger - INFO - Cur epoch 11 loss MSE:0.5961
2021-06-05 17:43:35,746 - utils.logger - INFO - Cur epoch 11 loss MSE:0.1465
2021-06-05 17:43:35,746 - utils.logger - INFO - saving the model at the end of epoch 11, iters 66
2021-06-05 17:43:36,016 - utils.logger - INFO - End of training epoch 11 / 50 	 Time Taken: 1 sec, Data loading: 0 sec
2021-06-05 17:43:36,016 - utils.logger - INFO - learning rate = 0.0000100
2021-06-05 17:43:36,839 - utils.logger - INFO - Trn result of epoch 11 / 50 mse 0.0343 rmse 0.1852 pcc 0.4900 ccc 0.3128
2021-06-05 17:43:37,124 - utils.logger - INFO - Val result of epoch 11 / 50 mse 0.0323 rmse 0.1798 pcc 0.3930 ccc 0.3019
2021-06-05 17:43:37,680 - utils.logger - INFO - Cur epoch 12 loss MSE:0.2101
2021-06-05 17:43:38,217 - utils.logger - INFO - Cur epoch 12 loss MSE:2.7782
2021-06-05 17:43:38,621 - utils.logger - INFO - Cur epoch 12 loss MSE:1.7986
2021-06-05 17:43:38,621 - utils.logger - INFO - saving the model at the end of epoch 12, iters 72
2021-06-05 17:43:38,891 - utils.logger - INFO - End of training epoch 12 / 50 	 Time Taken: 1 sec, Data loading: 0 sec
2021-06-05 17:43:38,891 - utils.logger - INFO - learning rate = 0.0000100
2021-06-05 17:43:39,713 - utils.logger - INFO - Trn result of epoch 12 / 50 mse 0.0418 rmse 0.2045 pcc 0.4618 ccc 0.2452
2021-06-05 17:43:39,992 - utils.logger - INFO - Val result of epoch 12 / 50 mse 0.0499 rmse 0.2234 pcc 0.1112 ccc 0.0519
2021-06-05 17:43:40,551 - utils.logger - INFO - Cur epoch 13 loss MSE:0.4772
2021-06-05 17:43:41,149 - utils.logger - INFO - Cur epoch 13 loss MSE:1.7353
2021-06-05 17:43:41,588 - utils.logger - INFO - Cur epoch 13 loss MSE:0.2841
2021-06-05 17:43:41,588 - utils.logger - INFO - saving the model at the end of epoch 13, iters 78
2021-06-05 17:43:41,874 - utils.logger - INFO - End of training epoch 13 / 50 	 Time Taken: 1 sec, Data loading: 0 sec
2021-06-05 17:43:41,875 - utils.logger - INFO - learning rate = 0.0000100
2021-06-05 17:43:42,684 - utils.logger - INFO - Trn result of epoch 13 / 50 mse 0.0302 rmse 0.1738 pcc 0.5827 ccc 0.4841
2021-06-05 17:43:42,973 - utils.logger - INFO - Val result of epoch 13 / 50 mse 0.0327 rmse 0.1807 pcc 0.4542 ccc 0.4171
2021-06-05 17:43:43,512 - utils.logger - INFO - Cur epoch 14 loss MSE:0.2410
2021-06-05 17:43:44,096 - utils.logger - INFO - Cur epoch 14 loss MSE:0.0252
2021-06-05 17:43:44,528 - utils.logger - INFO - Cur epoch 14 loss MSE:0.5762
2021-06-05 17:43:44,528 - utils.logger - INFO - saving the model at the end of epoch 14, iters 84
2021-06-05 17:43:44,798 - utils.logger - INFO - End of training epoch 14 / 50 	 Time Taken: 1 sec, Data loading: 0 sec
2021-06-05 17:43:44,799 - utils.logger - INFO - learning rate = 0.0000100
2021-06-05 17:43:45,620 - utils.logger - INFO - Trn result of epoch 14 / 50 mse 0.0296 rmse 0.1721 pcc 0.6391 ccc 0.4219
2021-06-05 17:43:45,916 - utils.logger - INFO - Val result of epoch 14 / 50 mse 0.0327 rmse 0.1810 pcc 0.4241 ccc 0.3184
2021-06-05 17:43:46,471 - utils.logger - INFO - Cur epoch 15 loss MSE:3.0109
2021-06-05 17:43:47,039 - utils.logger - INFO - Cur epoch 15 loss MSE:0.1830
2021-06-05 17:43:47,451 - utils.logger - INFO - Cur epoch 15 loss MSE:0.9206
2021-06-05 17:43:47,452 - utils.logger - INFO - saving the model at the end of epoch 15, iters 90
2021-06-05 17:43:47,721 - utils.logger - INFO - End of training epoch 15 / 50 	 Time Taken: 1 sec, Data loading: 0 sec
2021-06-05 17:43:47,721 - utils.logger - INFO - learning rate = 0.0000100
2021-06-05 17:43:48,527 - utils.logger - INFO - Trn result of epoch 15 / 50 mse 0.0435 rmse 0.2086 pcc 0.6068 ccc 0.3914
2021-06-05 17:43:48,807 - utils.logger - INFO - Val result of epoch 15 / 50 mse 0.0535 rmse 0.2314 pcc 0.3396 ccc 0.2164
2021-06-05 17:43:49,332 - utils.logger - INFO - Cur epoch 16 loss MSE:0.8636
2021-06-05 17:43:49,887 - utils.logger - INFO - Cur epoch 16 loss MSE:0.3008
2021-06-05 17:43:50,340 - utils.logger - INFO - Cur epoch 16 loss MSE:0.3635
2021-06-05 17:43:50,341 - utils.logger - INFO - saving the model at the end of epoch 16, iters 96
2021-06-05 17:43:50,618 - utils.logger - INFO - End of training epoch 16 / 50 	 Time Taken: 1 sec, Data loading: 0 sec
2021-06-05 17:43:50,619 - utils.logger - INFO - learning rate = 0.0000100
2021-06-05 17:43:51,474 - utils.logger - INFO - Trn result of epoch 16 / 50 mse 0.0235 rmse 0.1534 pcc 0.6855 ccc 0.6226
2021-06-05 17:43:51,756 - utils.logger - INFO - Val result of epoch 16 / 50 mse 0.0369 rmse 0.1922 pcc 0.4116 ccc 0.4001
2021-06-05 17:43:52,316 - utils.logger - INFO - Cur epoch 17 loss MSE:0.0768
2021-06-05 17:43:52,871 - utils.logger - INFO - Cur epoch 17 loss MSE:0.0069
2021-06-05 17:43:53,313 - utils.logger - INFO - Cur epoch 17 loss MSE:6.5537
2021-06-05 17:43:53,314 - utils.logger - INFO - saving the model at the end of epoch 17, iters 102
2021-06-05 17:43:53,596 - utils.logger - INFO - End of training epoch 17 / 50 	 Time Taken: 1 sec, Data loading: 0 sec
2021-06-05 17:43:53,596 - utils.logger - INFO - learning rate = 0.0000100
2021-06-05 17:43:54,430 - utils.logger - INFO - Trn result of epoch 17 / 50 mse 0.0259 rmse 0.1609 pcc 0.6587 ccc 0.6438
2021-06-05 17:43:54,722 - utils.logger - INFO - Val result of epoch 17 / 50 mse 0.0416 rmse 0.2040 pcc 0.4331 ccc 0.4280
2021-06-05 17:43:55,284 - utils.logger - INFO - Cur epoch 18 loss MSE:0.3377
2021-06-05 17:43:55,858 - utils.logger - INFO - Cur epoch 18 loss MSE:0.2621
2021-06-05 17:43:56,274 - utils.logger - INFO - Cur epoch 18 loss MSE:0.4358
2021-06-05 17:43:56,274 - utils.logger - INFO - saving the model at the end of epoch 18, iters 108
2021-06-05 17:43:56,539 - utils.logger - INFO - End of training epoch 18 / 50 	 Time Taken: 1 sec, Data loading: 0 sec
2021-06-05 17:43:56,539 - utils.logger - INFO - learning rate = 0.0000100
2021-06-05 17:43:57,367 - utils.logger - INFO - Trn result of epoch 18 / 50 mse 0.0469 rmse 0.2165 pcc 0.6036 ccc 0.3929
2021-06-05 17:43:57,646 - utils.logger - INFO - Val result of epoch 18 / 50 mse 0.0633 rmse 0.2515 pcc 0.2762 ccc 0.1232
2021-06-05 17:43:58,222 - utils.logger - INFO - Cur epoch 19 loss MSE:0.3443
2021-06-05 17:43:58,796 - utils.logger - INFO - Cur epoch 19 loss MSE:0.1020
2021-06-05 17:43:59,240 - utils.logger - INFO - Cur epoch 19 loss MSE:0.1542
2021-06-05 17:43:59,240 - utils.logger - INFO - saving the model at the end of epoch 19, iters 114
2021-06-05 17:43:59,507 - utils.logger - INFO - End of training epoch 19 / 50 	 Time Taken: 1 sec, Data loading: 0 sec
2021-06-05 17:43:59,507 - utils.logger - INFO - learning rate = 0.0000100
2021-06-05 17:44:00,328 - utils.logger - INFO - Trn result of epoch 19 / 50 mse 0.0171 rmse 0.1306 pcc 0.7876 ccc 0.7376
2021-06-05 17:44:00,602 - utils.logger - INFO - Val result of epoch 19 / 50 mse 0.0390 rmse 0.1976 pcc 0.3990 ccc 0.3918
2021-06-05 17:44:01,153 - utils.logger - INFO - Cur epoch 20 loss MSE:0.1132
2021-06-05 17:44:01,736 - utils.logger - INFO - Cur epoch 20 loss MSE:0.1376
2021-06-05 17:44:02,170 - utils.logger - INFO - Cur epoch 20 loss MSE:0.1768
2021-06-05 17:44:02,170 - utils.logger - INFO - saving the model at the end of epoch 20, iters 120
2021-06-05 17:44:02,440 - utils.logger - INFO - End of training epoch 20 / 50 	 Time Taken: 1 sec, Data loading: 0 sec
2021-06-05 17:44:02,440 - utils.logger - INFO - learning rate = 0.0000097
2021-06-05 17:44:03,279 - utils.logger - INFO - Trn result of epoch 20 / 50 mse 0.0233 rmse 0.1525 pcc 0.7521 ccc 0.5612
2021-06-05 17:44:03,571 - utils.logger - INFO - Val result of epoch 20 / 50 mse 0.0383 rmse 0.1957 pcc 0.2598 ccc 0.1680
2021-06-05 17:44:04,123 - utils.logger - INFO - Cur epoch 21 loss MSE:0.0384
2021-06-05 17:44:04,694 - utils.logger - INFO - Cur epoch 21 loss MSE:0.2481
2021-06-05 17:44:05,161 - utils.logger - INFO - Cur epoch 21 loss MSE:0.2875
2021-06-05 17:44:05,162 - utils.logger - INFO - saving the model at the end of epoch 21, iters 126
2021-06-05 17:44:05,428 - utils.logger - INFO - End of training epoch 21 / 50 	 Time Taken: 1 sec, Data loading: 0 sec
2021-06-05 17:44:05,428 - utils.logger - INFO - learning rate = 0.0000094
2021-06-05 17:44:06,265 - utils.logger - INFO - Trn result of epoch 21 / 50 mse 0.0182 rmse 0.1351 pcc 0.7825 ccc 0.7089
2021-06-05 17:44:06,562 - utils.logger - INFO - Val result of epoch 21 / 50 mse 0.0424 rmse 0.2059 pcc 0.2314 ccc 0.2107
2021-06-05 17:44:07,130 - utils.logger - INFO - Cur epoch 22 loss MSE:0.2029
2021-06-05 17:44:07,696 - utils.logger - INFO - Cur epoch 22 loss MSE:0.0642
2021-06-05 17:44:08,109 - utils.logger - INFO - Cur epoch 22 loss MSE:0.3554
2021-06-05 17:44:08,110 - utils.logger - INFO - saving the model at the end of epoch 22, iters 132
2021-06-05 17:44:08,379 - utils.logger - INFO - End of training epoch 22 / 50 	 Time Taken: 1 sec, Data loading: 0 sec
2021-06-05 17:44:08,379 - utils.logger - INFO - learning rate = 0.0000090
2021-06-05 17:44:09,217 - utils.logger - INFO - Trn result of epoch 22 / 50 mse 0.0164 rmse 0.1282 pcc 0.8043 ccc 0.7567
2021-06-05 17:44:09,499 - utils.logger - INFO - Val result of epoch 22 / 50 mse 0.0386 rmse 0.1965 pcc 0.4063 ccc 0.3851
2021-06-05 17:44:10,040 - utils.logger - INFO - Cur epoch 23 loss MSE:0.0953
2021-06-05 17:44:10,614 - utils.logger - INFO - Cur epoch 23 loss MSE:0.0783
2021-06-05 17:44:11,033 - utils.logger - INFO - Cur epoch 23 loss MSE:1.0861
2021-06-05 17:44:11,033 - utils.logger - INFO - saving the model at the end of epoch 23, iters 138
2021-06-05 17:44:11,388 - utils.logger - INFO - End of training epoch 23 / 50 	 Time Taken: 1 sec, Data loading: 0 sec
2021-06-05 17:44:11,389 - utils.logger - INFO - learning rate = 0.0000087
2021-06-05 17:44:12,215 - utils.logger - INFO - Trn result of epoch 23 / 50 mse 0.0362 rmse 0.1903 pcc 0.7046 ccc 0.5375
2021-06-05 17:44:12,514 - utils.logger - INFO - Val result of epoch 23 / 50 mse 0.0529 rmse 0.2300 pcc 0.3776 ccc 0.2486
2021-06-05 17:44:13,096 - utils.logger - INFO - Cur epoch 24 loss MSE:0.0327
2021-06-05 17:44:13,674 - utils.logger - INFO - Cur epoch 24 loss MSE:0.0061
2021-06-05 17:44:14,096 - utils.logger - INFO - Cur epoch 24 loss MSE:0.2341
2021-06-05 17:44:14,096 - utils.logger - INFO - saving the model at the end of epoch 24, iters 144
2021-06-05 17:44:14,375 - utils.logger - INFO - End of training epoch 24 / 50 	 Time Taken: 1 sec, Data loading: 0 sec
2021-06-05 17:44:14,375 - utils.logger - INFO - learning rate = 0.0000084
2021-06-05 17:44:15,179 - utils.logger - INFO - Trn result of epoch 24 / 50 mse 0.0112 rmse 0.1057 pcc 0.8688 ccc 0.8406
2021-06-05 17:44:15,451 - utils.logger - INFO - Val result of epoch 24 / 50 mse 0.0394 rmse 0.1985 pcc 0.3635 ccc 0.3495
2021-06-05 17:44:15,986 - utils.logger - INFO - Cur epoch 25 loss MSE:0.3517
2021-06-05 17:44:16,571 - utils.logger - INFO - Cur epoch 25 loss MSE:0.0437
2021-06-05 17:44:16,983 - utils.logger - INFO - Cur epoch 25 loss MSE:1.9308
2021-06-05 17:44:16,983 - utils.logger - INFO - saving the model at the end of epoch 25, iters 150
2021-06-05 17:44:17,204 - utils.logger - INFO - End of training epoch 25 / 50 	 Time Taken: 1 sec, Data loading: 0 sec
2021-06-05 17:44:17,205 - utils.logger - INFO - learning rate = 0.0000081
2021-06-05 17:44:18,017 - utils.logger - INFO - Trn result of epoch 25 / 50 mse 0.0172 rmse 0.1313 pcc 0.8408 ccc 0.7181
2021-06-05 17:44:18,300 - utils.logger - INFO - Val result of epoch 25 / 50 mse 0.0348 rmse 0.1867 pcc 0.3754 ccc 0.3119
2021-06-05 17:44:18,857 - utils.logger - INFO - Cur epoch 26 loss MSE:0.0648
2021-06-05 17:44:19,422 - utils.logger - INFO - Cur epoch 26 loss MSE:0.0963
2021-06-05 17:44:19,831 - utils.logger - INFO - Cur epoch 26 loss MSE:0.2846
2021-06-05 17:44:19,831 - utils.logger - INFO - saving the model at the end of epoch 26, iters 156
2021-06-05 17:44:20,096 - utils.logger - INFO - End of training epoch 26 / 50 	 Time Taken: 1 sec, Data loading: 0 sec
2021-06-05 17:44:20,096 - utils.logger - INFO - learning rate = 0.0000077
2021-06-05 17:44:20,894 - utils.logger - INFO - Trn result of epoch 26 / 50 mse 0.0265 rmse 0.1627 pcc 0.7761 ccc 0.6411
2021-06-05 17:44:21,186 - utils.logger - INFO - Val result of epoch 26 / 50 mse 0.0479 rmse 0.2189 pcc 0.3796 ccc 0.2707
2021-06-05 17:44:21,754 - utils.logger - INFO - Cur epoch 27 loss MSE:0.1309
2021-06-05 17:44:22,332 - utils.logger - INFO - Cur epoch 27 loss MSE:0.1131
2021-06-05 17:44:22,775 - utils.logger - INFO - Cur epoch 27 loss MSE:0.6312
2021-06-05 17:44:22,776 - utils.logger - INFO - saving the model at the end of epoch 27, iters 162
2021-06-05 17:44:23,078 - utils.logger - INFO - End of training epoch 27 / 50 	 Time Taken: 1 sec, Data loading: 0 sec
2021-06-05 17:44:23,079 - utils.logger - INFO - learning rate = 0.0000074
2021-06-05 17:44:23,939 - utils.logger - INFO - Trn result of epoch 27 / 50 mse 0.0115 rmse 0.1072 pcc 0.8675 ccc 0.8353
2021-06-05 17:44:24,232 - utils.logger - INFO - Val result of epoch 27 / 50 mse 0.0359 rmse 0.1895 pcc 0.4663 ccc 0.4562
2021-06-05 17:44:24,774 - utils.logger - INFO - Cur epoch 28 loss MSE:0.2038
2021-06-05 17:44:25,335 - utils.logger - INFO - Cur epoch 28 loss MSE:0.0480
2021-06-05 17:44:25,764 - utils.logger - INFO - Cur epoch 28 loss MSE:0.0364
2021-06-05 17:44:25,764 - utils.logger - INFO - saving the model at the end of epoch 28, iters 168
2021-06-05 17:44:26,024 - utils.logger - INFO - End of training epoch 28 / 50 	 Time Taken: 1 sec, Data loading: 0 sec
2021-06-05 17:44:26,025 - utils.logger - INFO - learning rate = 0.0000071
2021-06-05 17:44:26,841 - utils.logger - INFO - Trn result of epoch 28 / 50 mse 0.0118 rmse 0.1084 pcc 0.8765 ccc 0.8322
2021-06-05 17:44:27,122 - utils.logger - INFO - Val result of epoch 28 / 50 mse 0.0390 rmse 0.1975 pcc 0.3791 ccc 0.3255
2021-06-05 17:44:27,686 - utils.logger - INFO - Cur epoch 29 loss MSE:0.0345
2021-06-05 17:44:28,271 - utils.logger - INFO - Cur epoch 29 loss MSE:0.0375
2021-06-05 17:44:28,750 - utils.logger - INFO - Cur epoch 29 loss MSE:0.1550
2021-06-05 17:44:28,750 - utils.logger - INFO - saving the model at the end of epoch 29, iters 174
2021-06-05 17:44:29,018 - utils.logger - INFO - End of training epoch 29 / 50 	 Time Taken: 1 sec, Data loading: 0 sec
2021-06-05 17:44:29,018 - utils.logger - INFO - learning rate = 0.0000068
2021-06-05 17:44:29,839 - utils.logger - INFO - Trn result of epoch 29 / 50 mse 0.0218 rmse 0.1478 pcc 0.8287 ccc 0.6939
2021-06-05 17:44:30,118 - utils.logger - INFO - Val result of epoch 29 / 50 mse 0.0408 rmse 0.2020 pcc 0.3583 ccc 0.2747
2021-06-05 17:44:30,670 - utils.logger - INFO - Cur epoch 30 loss MSE:0.0145
2021-06-05 17:44:31,229 - utils.logger - INFO - Cur epoch 30 loss MSE:0.0651
2021-06-05 17:44:31,636 - utils.logger - INFO - Cur epoch 30 loss MSE:0.0881
2021-06-05 17:44:31,637 - utils.logger - INFO - saving the model at the end of epoch 30, iters 180
2021-06-05 17:44:31,904 - utils.logger - INFO - End of training epoch 30 / 50 	 Time Taken: 1 sec, Data loading: 0 sec
2021-06-05 17:44:31,904 - utils.logger - INFO - learning rate = 0.0000065
2021-06-05 17:44:32,703 - utils.logger - INFO - Trn result of epoch 30 / 50 mse 0.0097 rmse 0.0983 pcc 0.8844 ccc 0.8792
2021-06-05 17:44:32,982 - utils.logger - INFO - Val result of epoch 30 / 50 mse 0.0412 rmse 0.2029 pcc 0.4443 ccc 0.4431
2021-06-05 17:44:33,537 - utils.logger - INFO - Cur epoch 31 loss MSE:0.0475
2021-06-05 17:44:34,099 - utils.logger - INFO - Cur epoch 31 loss MSE:0.4462
2021-06-05 17:44:34,539 - utils.logger - INFO - Cur epoch 31 loss MSE:0.2717
2021-06-05 17:44:34,540 - utils.logger - INFO - saving the model at the end of epoch 31, iters 186
2021-06-05 17:44:34,826 - utils.logger - INFO - End of training epoch 31 / 50 	 Time Taken: 1 sec, Data loading: 0 sec
2021-06-05 17:44:34,826 - utils.logger - INFO - learning rate = 0.0000061
2021-06-05 17:44:35,667 - utils.logger - INFO - Trn result of epoch 31 / 50 mse 0.0088 rmse 0.0937 pcc 0.9102 ccc 0.8820
2021-06-05 17:44:35,958 - utils.logger - INFO - Val result of epoch 31 / 50 mse 0.0398 rmse 0.1996 pcc 0.3602 ccc 0.3468
2021-06-05 17:44:36,539 - utils.logger - INFO - Cur epoch 32 loss MSE:0.0305
2021-06-05 17:44:37,118 - utils.logger - INFO - Cur epoch 32 loss MSE:0.1297
2021-06-05 17:44:37,551 - utils.logger - INFO - Cur epoch 32 loss MSE:0.2946
2021-06-05 17:44:37,551 - utils.logger - INFO - saving the model at the end of epoch 32, iters 192
2021-06-05 17:44:37,816 - utils.logger - INFO - End of training epoch 32 / 50 	 Time Taken: 1 sec, Data loading: 0 sec
2021-06-05 17:44:37,816 - utils.logger - INFO - learning rate = 0.0000058
2021-06-05 17:44:38,651 - utils.logger - INFO - Trn result of epoch 32 / 50 mse 0.0134 rmse 0.1158 pcc 0.8747 ccc 0.8417
2021-06-05 17:44:38,922 - utils.logger - INFO - Val result of epoch 32 / 50 mse 0.0438 rmse 0.2093 pcc 0.4052 ccc 0.3851
2021-06-05 17:44:39,454 - utils.logger - INFO - Cur epoch 33 loss MSE:0.0362
2021-06-05 17:44:40,018 - utils.logger - INFO - Cur epoch 33 loss MSE:0.0471
2021-06-05 17:44:40,447 - utils.logger - INFO - Cur epoch 33 loss MSE:0.1106
2021-06-05 17:44:40,447 - utils.logger - INFO - saving the model at the end of epoch 33, iters 198
2021-06-05 17:44:40,663 - utils.logger - INFO - End of training epoch 33 / 50 	 Time Taken: 1 sec, Data loading: 0 sec
2021-06-05 17:44:40,663 - utils.logger - INFO - learning rate = 0.0000055
2021-06-05 17:44:41,474 - utils.logger - INFO - Trn result of epoch 33 / 50 mse 0.0075 rmse 0.0868 pcc 0.9147 ccc 0.9036
2021-06-05 17:44:41,756 - utils.logger - INFO - Val result of epoch 33 / 50 mse 0.0407 rmse 0.2016 pcc 0.4312 ccc 0.4163
2021-06-05 17:44:42,287 - utils.logger - INFO - Cur epoch 34 loss MSE:1.1167
2021-06-05 17:44:42,847 - utils.logger - INFO - Cur epoch 34 loss MSE:0.0105
2021-06-05 17:44:43,272 - utils.logger - INFO - Cur epoch 34 loss MSE:0.1051
2021-06-05 17:44:43,272 - utils.logger - INFO - saving the model at the end of epoch 34, iters 204
2021-06-05 17:44:43,532 - utils.logger - INFO - End of training epoch 34 / 50 	 Time Taken: 1 sec, Data loading: 0 sec
2021-06-05 17:44:43,532 - utils.logger - INFO - learning rate = 0.0000052
2021-06-05 17:44:44,356 - utils.logger - INFO - Trn result of epoch 34 / 50 mse 0.0092 rmse 0.0961 pcc 0.9013 ccc 0.8769
2021-06-05 17:44:44,636 - utils.logger - INFO - Val result of epoch 34 / 50 mse 0.0402 rmse 0.2004 pcc 0.3863 ccc 0.3516
2021-06-05 17:44:45,200 - utils.logger - INFO - Cur epoch 35 loss MSE:0.0445
2021-06-05 17:44:45,754 - utils.logger - INFO - Cur epoch 35 loss MSE:0.0195
2021-06-05 17:44:46,193 - utils.logger - INFO - Cur epoch 35 loss MSE:0.3939
2021-06-05 17:44:46,194 - utils.logger - INFO - saving the model at the end of epoch 35, iters 210
2021-06-05 17:44:46,470 - utils.logger - INFO - End of training epoch 35 / 50 	 Time Taken: 1 sec, Data loading: 0 sec
2021-06-05 17:44:46,471 - utils.logger - INFO - learning rate = 0.0000048
2021-06-05 17:44:47,303 - utils.logger - INFO - Trn result of epoch 35 / 50 mse 0.0082 rmse 0.0907 pcc 0.9125 ccc 0.8833
2021-06-05 17:44:47,589 - utils.logger - INFO - Val result of epoch 35 / 50 mse 0.0348 rmse 0.1865 pcc 0.4372 ccc 0.4220
2021-06-05 17:44:48,134 - utils.logger - INFO - Cur epoch 36 loss MSE:0.0039
2021-06-05 17:44:48,673 - utils.logger - INFO - Cur epoch 36 loss MSE:0.0078
2021-06-05 17:44:49,081 - utils.logger - INFO - Cur epoch 36 loss MSE:0.5535
2021-06-05 17:44:49,081 - utils.logger - INFO - saving the model at the end of epoch 36, iters 216
2021-06-05 17:44:49,361 - utils.logger - INFO - End of training epoch 36 / 50 	 Time Taken: 1 sec, Data loading: 0 sec
2021-06-05 17:44:49,361 - utils.logger - INFO - learning rate = 0.0000045
2021-06-05 17:44:50,173 - utils.logger - INFO - Trn result of epoch 36 / 50 mse 0.0099 rmse 0.0996 pcc 0.8975 ccc 0.8751
2021-06-05 17:44:50,444 - utils.logger - INFO - Val result of epoch 36 / 50 mse 0.0405 rmse 0.2012 pcc 0.4241 ccc 0.3968
2021-06-05 17:44:50,992 - utils.logger - INFO - Cur epoch 37 loss MSE:0.0484
2021-06-05 17:44:51,570 - utils.logger - INFO - Cur epoch 37 loss MSE:0.0190
2021-06-05 17:44:51,996 - utils.logger - INFO - Cur epoch 37 loss MSE:0.3404
2021-06-05 17:44:51,996 - utils.logger - INFO - saving the model at the end of epoch 37, iters 222
2021-06-05 17:44:52,270 - utils.logger - INFO - End of training epoch 37 / 50 	 Time Taken: 1 sec, Data loading: 0 sec
2021-06-05 17:44:52,270 - utils.logger - INFO - learning rate = 0.0000042
2021-06-05 17:44:53,114 - utils.logger - INFO - Trn result of epoch 37 / 50 mse 0.0074 rmse 0.0859 pcc 0.9231 ccc 0.8963
2021-06-05 17:44:53,402 - utils.logger - INFO - Val result of epoch 37 / 50 mse 0.0341 rmse 0.1846 pcc 0.4327 ccc 0.4112
2021-06-05 17:44:53,943 - utils.logger - INFO - Cur epoch 38 loss MSE:0.0784
2021-06-05 17:44:54,507 - utils.logger - INFO - Cur epoch 38 loss MSE:0.0065
2021-06-05 17:44:54,934 - utils.logger - INFO - Cur epoch 38 loss MSE:0.0936
2021-06-05 17:44:54,934 - utils.logger - INFO - saving the model at the end of epoch 38, iters 228
2021-06-05 17:44:55,198 - utils.logger - INFO - End of training epoch 38 / 50 	 Time Taken: 1 sec, Data loading: 0 sec
2021-06-05 17:44:55,198 - utils.logger - INFO - learning rate = 0.0000039
2021-06-05 17:44:56,027 - utils.logger - INFO - Trn result of epoch 38 / 50 mse 0.0122 rmse 0.1105 pcc 0.8983 ccc 0.8375
2021-06-05 17:44:56,298 - utils.logger - INFO - Val result of epoch 38 / 50 mse 0.0440 rmse 0.2097 pcc 0.3842 ccc 0.3054
2021-06-05 17:44:56,867 - utils.logger - INFO - Cur epoch 39 loss MSE:0.0610
2021-06-05 17:44:57,420 - utils.logger - INFO - Cur epoch 39 loss MSE:0.0225
2021-06-05 17:44:57,824 - utils.logger - INFO - Cur epoch 39 loss MSE:0.5892
2021-06-05 17:44:57,824 - utils.logger - INFO - saving the model at the end of epoch 39, iters 234
2021-06-05 17:44:58,071 - utils.logger - INFO - End of training epoch 39 / 50 	 Time Taken: 1 sec, Data loading: 0 sec
2021-06-05 17:44:58,072 - utils.logger - INFO - learning rate = 0.0000035
2021-06-05 17:44:58,918 - utils.logger - INFO - Trn result of epoch 39 / 50 mse 0.0259 rmse 0.1608 pcc 0.8645 ccc 0.7409
2021-06-05 17:44:59,205 - utils.logger - INFO - Val result of epoch 39 / 50 mse 0.0602 rmse 0.2454 pcc 0.3950 ccc 0.2927
2021-06-05 17:44:59,754 - utils.logger - INFO - Cur epoch 40 loss MSE:0.0018
2021-06-05 17:45:00,335 - utils.logger - INFO - Cur epoch 40 loss MSE:0.0614
2021-06-05 17:45:00,785 - utils.logger - INFO - Cur epoch 40 loss MSE:0.2531
2021-06-05 17:45:00,785 - utils.logger - INFO - saving the model at the end of epoch 40, iters 240
2021-06-05 17:45:01,058 - utils.logger - INFO - End of training epoch 40 / 50 	 Time Taken: 1 sec, Data loading: 0 sec
2021-06-05 17:45:01,058 - utils.logger - INFO - learning rate = 0.0000032
2021-06-05 17:45:01,892 - utils.logger - INFO - Trn result of epoch 40 / 50 mse 0.0062 rmse 0.0789 pcc 0.9296 ccc 0.9194
2021-06-05 17:45:02,169 - utils.logger - INFO - Val result of epoch 40 / 50 mse 0.0385 rmse 0.1961 pcc 0.4071 ccc 0.3869
2021-06-05 17:45:02,732 - utils.logger - INFO - Cur epoch 41 loss MSE:0.0105
2021-06-05 17:45:03,292 - utils.logger - INFO - Cur epoch 41 loss MSE:0.0007
2021-06-05 17:45:03,741 - utils.logger - INFO - Cur epoch 41 loss MSE:0.0659
2021-06-05 17:45:03,741 - utils.logger - INFO - saving the model at the end of epoch 41, iters 246
2021-06-05 17:45:04,013 - utils.logger - INFO - End of training epoch 41 / 50 	 Time Taken: 1 sec, Data loading: 0 sec
2021-06-05 17:45:04,013 - utils.logger - INFO - learning rate = 0.0000029
2021-06-05 17:45:04,857 - utils.logger - INFO - Trn result of epoch 41 / 50 mse 0.0127 rmse 0.1125 pcc 0.9048 ccc 0.8293
2021-06-05 17:45:05,157 - utils.logger - INFO - Val result of epoch 41 / 50 mse 0.0449 rmse 0.2119 pcc 0.3676 ccc 0.2993
2021-06-05 17:45:05,724 - utils.logger - INFO - Cur epoch 42 loss MSE:0.0410
2021-06-05 17:45:06,300 - utils.logger - INFO - Cur epoch 42 loss MSE:0.0076
2021-06-05 17:45:06,725 - utils.logger - INFO - Cur epoch 42 loss MSE:0.0778
2021-06-05 17:45:06,725 - utils.logger - INFO - saving the model at the end of epoch 42, iters 252
2021-06-05 17:45:06,990 - utils.logger - INFO - End of training epoch 42 / 50 	 Time Taken: 1 sec, Data loading: 0 sec
2021-06-05 17:45:06,990 - utils.logger - INFO - learning rate = 0.0000026
2021-06-05 17:45:07,808 - utils.logger - INFO - Trn result of epoch 42 / 50 mse 0.0065 rmse 0.0808 pcc 0.9310 ccc 0.9175
2021-06-05 17:45:08,136 - utils.logger - INFO - Val result of epoch 42 / 50 mse 0.0396 rmse 0.1989 pcc 0.4292 ccc 0.4083
2021-06-05 17:45:08,694 - utils.logger - INFO - Cur epoch 43 loss MSE:0.0052
2021-06-05 17:45:09,270 - utils.logger - INFO - Cur epoch 43 loss MSE:0.0547
2021-06-05 17:45:09,687 - utils.logger - INFO - Cur epoch 43 loss MSE:0.1471
2021-06-05 17:45:09,687 - utils.logger - INFO - saving the model at the end of epoch 43, iters 258
2021-06-05 17:45:10,128 - utils.logger - INFO - End of training epoch 43 / 50 	 Time Taken: 1 sec, Data loading: 0 sec
2021-06-05 17:45:10,128 - utils.logger - INFO - learning rate = 0.0000023
2021-06-05 17:45:10,955 - utils.logger - INFO - Trn result of epoch 43 / 50 mse 0.0159 rmse 0.1261 pcc 0.8985 ccc 0.7978
2021-06-05 17:45:11,248 - utils.logger - INFO - Val result of epoch 43 / 50 mse 0.0420 rmse 0.2050 pcc 0.4252 ccc 0.3500
2021-06-05 17:45:11,818 - utils.logger - INFO - Cur epoch 44 loss MSE:0.0945
2021-06-05 17:45:12,391 - utils.logger - INFO - Cur epoch 44 loss MSE:0.0298
2021-06-05 17:45:12,797 - utils.logger - INFO - Cur epoch 44 loss MSE:0.1330
2021-06-05 17:45:12,797 - utils.logger - INFO - saving the model at the end of epoch 44, iters 264
2021-06-05 17:45:13,076 - utils.logger - INFO - End of training epoch 44 / 50 	 Time Taken: 1 sec, Data loading: 0 sec
2021-06-05 17:45:13,076 - utils.logger - INFO - learning rate = 0.0000019
2021-06-05 17:45:13,907 - utils.logger - INFO - Trn result of epoch 44 / 50 mse 0.0168 rmse 0.1296 pcc 0.9046 ccc 0.8023
2021-06-05 17:45:14,183 - utils.logger - INFO - Val result of epoch 44 / 50 mse 0.0435 rmse 0.2087 pcc 0.4184 ccc 0.3549
2021-06-05 17:45:14,736 - utils.logger - INFO - Cur epoch 45 loss MSE:0.0548
2021-06-05 17:45:15,296 - utils.logger - INFO - Cur epoch 45 loss MSE:0.0413
2021-06-05 17:45:15,723 - utils.logger - INFO - Cur epoch 45 loss MSE:0.0440
2021-06-05 17:45:15,723 - utils.logger - INFO - saving the model at the end of epoch 45, iters 270
2021-06-05 17:45:15,953 - utils.logger - INFO - End of training epoch 45 / 50 	 Time Taken: 1 sec, Data loading: 0 sec
2021-06-05 17:45:15,953 - utils.logger - INFO - learning rate = 0.0000016
2021-06-05 17:45:16,741 - utils.logger - INFO - Trn result of epoch 45 / 50 mse 0.0057 rmse 0.0757 pcc 0.9378 ccc 0.9290
2021-06-05 17:45:17,014 - utils.logger - INFO - Val result of epoch 45 / 50 mse 0.0407 rmse 0.2016 pcc 0.4236 ccc 0.4070
2021-06-05 17:45:17,567 - utils.logger - INFO - Cur epoch 46 loss MSE:0.0186
2021-06-05 17:45:18,127 - utils.logger - INFO - Cur epoch 46 loss MSE:0.0535
2021-06-05 17:45:18,538 - utils.logger - INFO - Cur epoch 46 loss MSE:0.8190
2021-06-05 17:45:18,539 - utils.logger - INFO - saving the model at the end of epoch 46, iters 276
2021-06-05 17:45:18,801 - utils.logger - INFO - End of training epoch 46 / 50 	 Time Taken: 1 sec, Data loading: 0 sec
2021-06-05 17:45:18,801 - utils.logger - INFO - learning rate = 0.0000013
2021-06-05 17:45:19,604 - utils.logger - INFO - Trn result of epoch 46 / 50 mse 0.0087 rmse 0.0931 pcc 0.9206 ccc 0.9012
2021-06-05 17:45:19,883 - utils.logger - INFO - Val result of epoch 46 / 50 mse 0.0451 rmse 0.2124 pcc 0.3769 ccc 0.3579
2021-06-05 17:45:20,435 - utils.logger - INFO - Cur epoch 47 loss MSE:0.0001
2021-06-05 17:45:20,997 - utils.logger - INFO - Cur epoch 47 loss MSE:0.0452
2021-06-05 17:45:21,408 - utils.logger - INFO - Cur epoch 47 loss MSE:0.7727
2021-06-05 17:45:21,409 - utils.logger - INFO - saving the model at the end of epoch 47, iters 282
2021-06-05 17:45:21,672 - utils.logger - INFO - End of training epoch 47 / 50 	 Time Taken: 1 sec, Data loading: 0 sec
2021-06-05 17:45:21,673 - utils.logger - INFO - learning rate = 0.0000010
2021-06-05 17:45:22,472 - utils.logger - INFO - Trn result of epoch 47 / 50 mse 0.0079 rmse 0.0891 pcc 0.9307 ccc 0.9065
2021-06-05 17:45:22,741 - utils.logger - INFO - Val result of epoch 47 / 50 mse 0.0436 rmse 0.2087 pcc 0.3828 ccc 0.3682
2021-06-05 17:45:23,272 - utils.logger - INFO - Cur epoch 48 loss MSE:0.0142
2021-06-05 17:45:23,836 - utils.logger - INFO - Cur epoch 48 loss MSE:0.0156
2021-06-05 17:45:24,305 - utils.logger - INFO - Cur epoch 48 loss MSE:0.3192
2021-06-05 17:45:24,306 - utils.logger - INFO - saving the model at the end of epoch 48, iters 288
2021-06-05 17:45:24,561 - utils.logger - INFO - End of training epoch 48 / 50 	 Time Taken: 1 sec, Data loading: 0 sec
2021-06-05 17:45:24,561 - utils.logger - INFO - learning rate = 0.0000006
2021-06-05 17:45:25,377 - utils.logger - INFO - Trn result of epoch 48 / 50 mse 0.0064 rmse 0.0797 pcc 0.9339 ccc 0.9206
2021-06-05 17:45:25,651 - utils.logger - INFO - Val result of epoch 48 / 50 mse 0.0414 rmse 0.2036 pcc 0.4226 ccc 0.3986
2021-06-05 17:45:26,193 - utils.logger - INFO - Cur epoch 49 loss MSE:0.0077
2021-06-05 17:45:26,740 - utils.logger - INFO - Cur epoch 49 loss MSE:0.0124
2021-06-05 17:45:27,150 - utils.logger - INFO - Cur epoch 49 loss MSE:0.8820
2021-06-05 17:45:27,150 - utils.logger - INFO - saving the model at the end of epoch 49, iters 294
2021-06-05 17:45:27,366 - utils.logger - INFO - End of training epoch 49 / 50 	 Time Taken: 1 sec, Data loading: 0 sec
2021-06-05 17:45:27,367 - utils.logger - INFO - learning rate = 0.0000003
2021-06-05 17:45:28,153 - utils.logger - INFO - Trn result of epoch 49 / 50 mse 0.0053 rmse 0.0726 pcc 0.9400 ccc 0.9349
2021-06-05 17:45:28,421 - utils.logger - INFO - Val result of epoch 49 / 50 mse 0.0407 rmse 0.2017 pcc 0.4122 ccc 0.4011
2021-06-05 17:45:28,958 - utils.logger - INFO - Cur epoch 50 loss MSE:0.0471
2021-06-05 17:45:29,512 - utils.logger - INFO - Cur epoch 50 loss MSE:0.0303
2021-06-05 17:45:29,911 - utils.logger - INFO - Cur epoch 50 loss MSE:0.5993
2021-06-05 17:45:29,911 - utils.logger - INFO - saving the model at the end of epoch 50, iters 300
2021-06-05 17:45:30,136 - utils.logger - INFO - End of training epoch 50 / 50 	 Time Taken: 1 sec, Data loading: 0 sec
2021-06-05 17:45:30,136 - utils.logger - INFO - learning rate = 0.0000000
2021-06-05 17:45:30,915 - utils.logger - INFO - Trn result of epoch 50 / 50 mse 0.0052 rmse 0.0723 pcc 0.9385 ccc 0.9371
2021-06-05 17:45:31,182 - utils.logger - INFO - Val result of epoch 50 / 50 mse 0.0403 rmse 0.2007 pcc 0.4156 ccc 0.4101
2021-06-05 17:45:31,182 - utils.logger - INFO - Best eval epoch 27 found with ccc 0.456156
2021-06-05 17:45:31,182 - utils.logger - INFO - baseline_fcfusion_norm_deepspectrum-egemaps_valence_hidden1024_seq100_run2
