2021-06-19 22:31:05,805 - utils.logger - INFO - The number of training samples = 41
2021-06-19 22:31:08,440 - utils.logger - INFO - Cur epoch 1 loss ccc:0.1216
2021-06-19 22:31:08,871 - utils.logger - INFO - Cur epoch 1 loss ccc:0.1271
2021-06-19 22:31:09,250 - utils.logger - INFO - Cur epoch 1 loss ccc:0.9507
2021-06-19 22:31:09,250 - utils.logger - INFO - saving the model at the end of epoch 1, iters 6
2021-06-19 22:31:09,489 - utils.logger - INFO - End of training epoch 1 / 70 	 Time Taken: 1 sec, Data loading: 0 sec
2021-06-19 22:31:09,489 - utils.logger - INFO - learning rate = 0.0000500
2021-06-19 22:31:09,906 - utils.logger - INFO - Trn result of epoch 1 / 70 mse 0.0443 rmse 0.2104 pcc 0.4057 ccc 0.0318
2021-06-19 22:31:10,054 - utils.logger - INFO - Val result of epoch 1 / 70 mse 0.0366 rmse 0.1914 pcc 0.4110 ccc 0.0447
2021-06-19 22:31:10,509 - utils.logger - INFO - Cur epoch 2 loss ccc:0.1217
2021-06-19 22:31:10,968 - utils.logger - INFO - Cur epoch 2 loss ccc:0.1273
2021-06-19 22:31:11,348 - utils.logger - INFO - Cur epoch 2 loss ccc:0.7481
2021-06-19 22:31:11,348 - utils.logger - INFO - saving the model at the end of epoch 2, iters 12
2021-06-19 22:31:11,608 - utils.logger - INFO - End of training epoch 2 / 70 	 Time Taken: 1 sec, Data loading: 0 sec
2021-06-19 22:31:11,608 - utils.logger - INFO - learning rate = 0.0000500
2021-06-19 22:31:12,085 - utils.logger - INFO - Trn result of epoch 2 / 70 mse 0.0435 rmse 0.2086 pcc 0.4302 ccc 0.0456
2021-06-19 22:31:12,400 - utils.logger - INFO - Val result of epoch 2 / 70 mse 0.0359 rmse 0.1896 pcc 0.4348 ccc 0.0638
2021-06-19 22:31:12,837 - utils.logger - INFO - Cur epoch 3 loss ccc:0.1144
2021-06-19 22:31:13,277 - utils.logger - INFO - Cur epoch 3 loss ccc:0.1249
2021-06-19 22:31:13,650 - utils.logger - INFO - Cur epoch 3 loss ccc:0.9891
2021-06-19 22:31:13,650 - utils.logger - INFO - saving the model at the end of epoch 3, iters 18
2021-06-19 22:31:13,894 - utils.logger - INFO - End of training epoch 3 / 70 	 Time Taken: 1 sec, Data loading: 0 sec
2021-06-19 22:31:13,894 - utils.logger - INFO - learning rate = 0.0000500
2021-06-19 22:31:14,333 - utils.logger - INFO - Trn result of epoch 3 / 70 mse 0.0436 rmse 0.2087 pcc 0.4275 ccc 0.0506
2021-06-19 22:31:14,480 - utils.logger - INFO - Val result of epoch 3 / 70 mse 0.0356 rmse 0.1887 pcc 0.4623 ccc 0.0757
2021-06-19 22:31:14,908 - utils.logger - INFO - Cur epoch 4 loss ccc:0.1219
2021-06-19 22:31:15,326 - utils.logger - INFO - Cur epoch 4 loss ccc:0.1240
2021-06-19 22:31:15,684 - utils.logger - INFO - Cur epoch 4 loss ccc:1.0004
2021-06-19 22:31:15,685 - utils.logger - INFO - saving the model at the end of epoch 4, iters 24
2021-06-19 22:31:15,938 - utils.logger - INFO - End of training epoch 4 / 70 	 Time Taken: 1 sec, Data loading: 0 sec
2021-06-19 22:31:15,938 - utils.logger - INFO - learning rate = 0.0000500
2021-06-19 22:31:16,402 - utils.logger - INFO - Trn result of epoch 4 / 70 mse 0.0441 rmse 0.2100 pcc 0.4301 ccc 0.0511
2021-06-19 22:31:16,570 - utils.logger - INFO - Val result of epoch 4 / 70 mse 0.0360 rmse 0.1898 pcc 0.4435 ccc 0.0731
2021-06-19 22:31:16,984 - utils.logger - INFO - Cur epoch 5 loss ccc:0.1251
2021-06-19 22:31:17,406 - utils.logger - INFO - Cur epoch 5 loss ccc:0.1179
2021-06-19 22:31:17,760 - utils.logger - INFO - Cur epoch 5 loss ccc:1.0034
2021-06-19 22:31:17,761 - utils.logger - INFO - saving the model at the end of epoch 5, iters 30
2021-06-19 22:31:18,113 - utils.logger - INFO - End of training epoch 5 / 70 	 Time Taken: 1 sec, Data loading: 0 sec
2021-06-19 22:31:18,113 - utils.logger - INFO - learning rate = 0.0000500
2021-06-19 22:31:18,578 - utils.logger - INFO - Trn result of epoch 5 / 70 mse 0.0442 rmse 0.2102 pcc 0.4284 ccc 0.0564
2021-06-19 22:31:18,744 - utils.logger - INFO - Val result of epoch 5 / 70 mse 0.0359 rmse 0.1894 pcc 0.4515 ccc 0.0829
2021-06-19 22:31:19,152 - utils.logger - INFO - Cur epoch 6 loss ccc:0.1252
2021-06-19 22:31:19,577 - utils.logger - INFO - Cur epoch 6 loss ccc:0.1134
2021-06-19 22:31:19,929 - utils.logger - INFO - Cur epoch 6 loss ccc:1.0007
2021-06-19 22:31:19,929 - utils.logger - INFO - saving the model at the end of epoch 6, iters 36
2021-06-19 22:31:20,185 - utils.logger - INFO - End of training epoch 6 / 70 	 Time Taken: 1 sec, Data loading: 0 sec
2021-06-19 22:31:20,185 - utils.logger - INFO - learning rate = 0.0000500
2021-06-19 22:31:20,648 - utils.logger - INFO - Trn result of epoch 6 / 70 mse 0.0447 rmse 0.2113 pcc 0.4236 ccc 0.0557
2021-06-19 22:31:20,830 - utils.logger - INFO - Val result of epoch 6 / 70 mse 0.0361 rmse 0.1899 pcc 0.4548 ccc 0.0830
2021-06-19 22:31:21,247 - utils.logger - INFO - Cur epoch 7 loss ccc:0.1137
2021-06-19 22:31:21,673 - utils.logger - INFO - Cur epoch 7 loss ccc:0.1242
2021-06-19 22:31:22,013 - utils.logger - INFO - Cur epoch 7 loss ccc:0.9267
2021-06-19 22:31:22,013 - utils.logger - INFO - saving the model at the end of epoch 7, iters 42
2021-06-19 22:31:22,259 - utils.logger - INFO - End of training epoch 7 / 70 	 Time Taken: 1 sec, Data loading: 0 sec
2021-06-19 22:31:22,259 - utils.logger - INFO - learning rate = 0.0000500
2021-06-19 22:31:22,714 - utils.logger - INFO - Trn result of epoch 7 / 70 mse 0.0419 rmse 0.2047 pcc 0.4289 ccc 0.0693
2021-06-19 22:31:22,881 - utils.logger - INFO - Val result of epoch 7 / 70 mse 0.0346 rmse 0.1860 pcc 0.4577 ccc 0.0992
2021-06-19 22:31:23,307 - utils.logger - INFO - Cur epoch 8 loss ccc:0.1258
2021-06-19 22:31:23,753 - utils.logger - INFO - Cur epoch 8 loss ccc:0.1330
2021-06-19 22:31:24,108 - utils.logger - INFO - Cur epoch 8 loss ccc:1.0031
2021-06-19 22:31:24,108 - utils.logger - INFO - saving the model at the end of epoch 8, iters 48
2021-06-19 22:31:24,450 - utils.logger - INFO - End of training epoch 8 / 70 	 Time Taken: 1 sec, Data loading: 0 sec
2021-06-19 22:31:24,451 - utils.logger - INFO - learning rate = 0.0000500
2021-06-19 22:31:24,924 - utils.logger - INFO - Trn result of epoch 8 / 70 mse 0.0409 rmse 0.2023 pcc 0.4212 ccc 0.0939
2021-06-19 22:31:25,285 - utils.logger - INFO - Val result of epoch 8 / 70 mse 0.0336 rmse 0.1833 pcc 0.4527 ccc 0.1337
2021-06-19 22:31:25,719 - utils.logger - INFO - Cur epoch 9 loss ccc:0.1168
2021-06-19 22:31:26,145 - utils.logger - INFO - Cur epoch 9 loss ccc:0.1079
2021-06-19 22:31:26,496 - utils.logger - INFO - Cur epoch 9 loss ccc:1.0000
2021-06-19 22:31:26,496 - utils.logger - INFO - saving the model at the end of epoch 9, iters 54
2021-06-19 22:31:26,757 - utils.logger - INFO - End of training epoch 9 / 70 	 Time Taken: 1 sec, Data loading: 0 sec
2021-06-19 22:31:26,757 - utils.logger - INFO - learning rate = 0.0000500
2021-06-19 22:31:27,222 - utils.logger - INFO - Trn result of epoch 9 / 70 mse 0.0412 rmse 0.2030 pcc 0.4179 ccc 0.1003
2021-06-19 22:31:27,385 - utils.logger - INFO - Val result of epoch 9 / 70 mse 0.0335 rmse 0.1830 pcc 0.4526 ccc 0.1422
2021-06-19 22:31:27,806 - utils.logger - INFO - Cur epoch 10 loss ccc:0.1267
2021-06-19 22:31:28,222 - utils.logger - INFO - Cur epoch 10 loss ccc:0.1118
2021-06-19 22:31:28,567 - utils.logger - INFO - Cur epoch 10 loss ccc:0.9739
2021-06-19 22:31:28,567 - utils.logger - INFO - saving the model at the end of epoch 10, iters 60
2021-06-19 22:31:28,814 - utils.logger - INFO - End of training epoch 10 / 70 	 Time Taken: 1 sec, Data loading: 0 sec
2021-06-19 22:31:28,814 - utils.logger - INFO - learning rate = 0.0000500
2021-06-19 22:31:29,242 - utils.logger - INFO - Trn result of epoch 10 / 70 mse 0.0410 rmse 0.2024 pcc 0.4168 ccc 0.1179
2021-06-19 22:31:29,407 - utils.logger - INFO - Val result of epoch 10 / 70 mse 0.0329 rmse 0.1814 pcc 0.4538 ccc 0.1693
2021-06-19 22:31:29,830 - utils.logger - INFO - Cur epoch 11 loss ccc:0.1250
2021-06-19 22:31:30,236 - utils.logger - INFO - Cur epoch 11 loss ccc:0.1072
2021-06-19 22:31:30,574 - utils.logger - INFO - Cur epoch 11 loss ccc:0.9996
2021-06-19 22:31:30,575 - utils.logger - INFO - saving the model at the end of epoch 11, iters 66
2021-06-19 22:31:30,816 - utils.logger - INFO - End of training epoch 11 / 70 	 Time Taken: 1 sec, Data loading: 0 sec
2021-06-19 22:31:30,816 - utils.logger - INFO - learning rate = 0.0000500
2021-06-19 22:31:31,234 - utils.logger - INFO - Trn result of epoch 11 / 70 mse 0.0417 rmse 0.2042 pcc 0.4333 ccc 0.1157
2021-06-19 22:31:31,378 - utils.logger - INFO - Val result of epoch 11 / 70 mse 0.0334 rmse 0.1826 pcc 0.4590 ccc 0.1662
2021-06-19 22:31:31,781 - utils.logger - INFO - Cur epoch 12 loss ccc:0.1070
2021-06-19 22:31:32,168 - utils.logger - INFO - Cur epoch 12 loss ccc:0.1222
2021-06-19 22:31:32,499 - utils.logger - INFO - Cur epoch 12 loss ccc:1.0044
2021-06-19 22:31:32,500 - utils.logger - INFO - saving the model at the end of epoch 12, iters 72
2021-06-19 22:31:32,739 - utils.logger - INFO - End of training epoch 12 / 70 	 Time Taken: 1 sec, Data loading: 0 sec
2021-06-19 22:31:32,740 - utils.logger - INFO - learning rate = 0.0000500
2021-06-19 22:31:33,192 - utils.logger - INFO - Trn result of epoch 12 / 70 mse 0.0446 rmse 0.2112 pcc 0.4244 ccc 0.1017
2021-06-19 22:31:33,349 - utils.logger - INFO - Val result of epoch 12 / 70 mse 0.0351 rmse 0.1873 pcc 0.4642 ccc 0.1512
2021-06-19 22:31:33,745 - utils.logger - INFO - Cur epoch 13 loss ccc:0.1243
2021-06-19 22:31:34,144 - utils.logger - INFO - Cur epoch 13 loss ccc:0.1270
2021-06-19 22:31:34,485 - utils.logger - INFO - Cur epoch 13 loss ccc:1.0060
2021-06-19 22:31:34,485 - utils.logger - INFO - saving the model at the end of epoch 13, iters 78
2021-06-19 22:31:34,740 - utils.logger - INFO - End of training epoch 13 / 70 	 Time Taken: 1 sec, Data loading: 0 sec
2021-06-19 22:31:34,740 - utils.logger - INFO - learning rate = 0.0000500
2021-06-19 22:31:35,215 - utils.logger - INFO - Trn result of epoch 13 / 70 mse 0.0431 rmse 0.2077 pcc 0.4412 ccc 0.0907
2021-06-19 22:31:35,376 - utils.logger - INFO - Val result of epoch 13 / 70 mse 0.0346 rmse 0.1860 pcc 0.4613 ccc 0.1301
2021-06-19 22:31:35,795 - utils.logger - INFO - Cur epoch 14 loss ccc:0.1232
2021-06-19 22:31:36,201 - utils.logger - INFO - Cur epoch 14 loss ccc:0.1194
2021-06-19 22:31:36,534 - utils.logger - INFO - Cur epoch 14 loss ccc:1.0000
2021-06-19 22:31:36,535 - utils.logger - INFO - saving the model at the end of epoch 14, iters 84
2021-06-19 22:31:36,790 - utils.logger - INFO - End of training epoch 14 / 70 	 Time Taken: 1 sec, Data loading: 0 sec
2021-06-19 22:31:36,790 - utils.logger - INFO - learning rate = 0.0000500
2021-06-19 22:31:37,207 - utils.logger - INFO - Trn result of epoch 14 / 70 mse 0.0444 rmse 0.2108 pcc 0.4340 ccc 0.0835
2021-06-19 22:31:37,351 - utils.logger - INFO - Val result of epoch 14 / 70 mse 0.0355 rmse 0.1883 pcc 0.4580 ccc 0.1208
2021-06-19 22:31:37,747 - utils.logger - INFO - Cur epoch 15 loss ccc:0.1039
2021-06-19 22:31:38,154 - utils.logger - INFO - Cur epoch 15 loss ccc:0.1264
2021-06-19 22:31:38,499 - utils.logger - INFO - Cur epoch 15 loss ccc:1.4207
2021-06-19 22:31:38,500 - utils.logger - INFO - saving the model at the end of epoch 15, iters 90
2021-06-19 22:31:38,747 - utils.logger - INFO - End of training epoch 15 / 70 	 Time Taken: 1 sec, Data loading: 0 sec
2021-06-19 22:31:38,747 - utils.logger - INFO - learning rate = 0.0000500
2021-06-19 22:31:39,200 - utils.logger - INFO - Trn result of epoch 15 / 70 mse 0.0441 rmse 0.2100 pcc 0.4280 ccc 0.0890
2021-06-19 22:31:39,360 - utils.logger - INFO - Val result of epoch 15 / 70 mse 0.0352 rmse 0.1875 pcc 0.4479 ccc 0.1291
2021-06-19 22:31:39,779 - utils.logger - INFO - Cur epoch 16 loss ccc:0.1146
2021-06-19 22:31:40,210 - utils.logger - INFO - Cur epoch 16 loss ccc:0.1268
2021-06-19 22:31:40,555 - utils.logger - INFO - Cur epoch 16 loss ccc:1.0001
2021-06-19 22:31:40,555 - utils.logger - INFO - saving the model at the end of epoch 16, iters 96
2021-06-19 22:31:40,797 - utils.logger - INFO - End of training epoch 16 / 70 	 Time Taken: 1 sec, Data loading: 0 sec
2021-06-19 22:31:40,797 - utils.logger - INFO - learning rate = 0.0000500
2021-06-19 22:31:41,257 - utils.logger - INFO - Trn result of epoch 16 / 70 mse 0.0449 rmse 0.2118 pcc 0.4357 ccc 0.0873
2021-06-19 22:31:41,416 - utils.logger - INFO - Val result of epoch 16 / 70 mse 0.0357 rmse 0.1889 pcc 0.4611 ccc 0.1262
2021-06-19 22:31:41,837 - utils.logger - INFO - Cur epoch 17 loss ccc:0.1250
2021-06-19 22:31:42,245 - utils.logger - INFO - Cur epoch 17 loss ccc:0.1019
2021-06-19 22:31:42,595 - utils.logger - INFO - Cur epoch 17 loss ccc:1.0399
2021-06-19 22:31:42,595 - utils.logger - INFO - saving the model at the end of epoch 17, iters 102
2021-06-19 22:31:42,836 - utils.logger - INFO - End of training epoch 17 / 70 	 Time Taken: 1 sec, Data loading: 0 sec
2021-06-19 22:31:42,836 - utils.logger - INFO - learning rate = 0.0000500
2021-06-19 22:31:43,261 - utils.logger - INFO - Trn result of epoch 17 / 70 mse 0.0438 rmse 0.2092 pcc 0.4347 ccc 0.0969
2021-06-19 22:31:43,409 - utils.logger - INFO - Val result of epoch 17 / 70 mse 0.0348 rmse 0.1867 pcc 0.4612 ccc 0.1378
2021-06-19 22:31:43,813 - utils.logger - INFO - Cur epoch 18 loss ccc:0.1181
2021-06-19 22:31:44,217 - utils.logger - INFO - Cur epoch 18 loss ccc:0.1270
2021-06-19 22:31:44,535 - utils.logger - INFO - Cur epoch 18 loss ccc:0.9988
2021-06-19 22:31:44,536 - utils.logger - INFO - saving the model at the end of epoch 18, iters 108
2021-06-19 22:31:44,775 - utils.logger - INFO - End of training epoch 18 / 70 	 Time Taken: 1 sec, Data loading: 0 sec
2021-06-19 22:31:44,775 - utils.logger - INFO - learning rate = 0.0000500
2021-06-19 22:31:45,241 - utils.logger - INFO - Trn result of epoch 18 / 70 mse 0.0438 rmse 0.2092 pcc 0.4330 ccc 0.1004
2021-06-19 22:31:45,405 - utils.logger - INFO - Val result of epoch 18 / 70 mse 0.0349 rmse 0.1867 pcc 0.4559 ccc 0.1417
2021-06-19 22:31:45,800 - utils.logger - INFO - Cur epoch 19 loss ccc:0.1199
2021-06-19 22:31:46,204 - utils.logger - INFO - Cur epoch 19 loss ccc:0.1111
2021-06-19 22:31:46,536 - utils.logger - INFO - Cur epoch 19 loss ccc:1.0040
2021-06-19 22:31:46,536 - utils.logger - INFO - saving the model at the end of epoch 19, iters 114
2021-06-19 22:31:46,770 - utils.logger - INFO - End of training epoch 19 / 70 	 Time Taken: 1 sec, Data loading: 0 sec
2021-06-19 22:31:46,770 - utils.logger - INFO - learning rate = 0.0000500
2021-06-19 22:31:47,188 - utils.logger - INFO - Trn result of epoch 19 / 70 mse 0.0457 rmse 0.2139 pcc 0.4428 ccc 0.0721
2021-06-19 22:31:47,335 - utils.logger - INFO - Val result of epoch 19 / 70 mse 0.0366 rmse 0.1913 pcc 0.4633 ccc 0.1011
2021-06-19 22:31:47,739 - utils.logger - INFO - Cur epoch 20 loss ccc:0.1248
2021-06-19 22:31:48,129 - utils.logger - INFO - Cur epoch 20 loss ccc:0.1146
2021-06-19 22:31:48,481 - utils.logger - INFO - Cur epoch 20 loss ccc:0.9673
2021-06-19 22:31:48,481 - utils.logger - INFO - saving the model at the end of epoch 20, iters 120
2021-06-19 22:31:48,889 - utils.logger - INFO - End of training epoch 20 / 70 	 Time Taken: 1 sec, Data loading: 0 sec
2021-06-19 22:31:48,889 - utils.logger - INFO - learning rate = 0.0000500
2021-06-19 22:31:49,316 - utils.logger - INFO - Trn result of epoch 20 / 70 mse 0.0438 rmse 0.2093 pcc 0.4320 ccc 0.0844
2021-06-19 22:31:49,466 - utils.logger - INFO - Val result of epoch 20 / 70 mse 0.0352 rmse 0.1875 pcc 0.4574 ccc 0.1184
2021-06-19 22:31:49,886 - utils.logger - INFO - Cur epoch 21 loss ccc:0.1178
2021-06-19 22:31:50,292 - utils.logger - INFO - Cur epoch 21 loss ccc:0.1250
2021-06-19 22:31:50,612 - utils.logger - INFO - Cur epoch 21 loss ccc:0.9993
2021-06-19 22:31:50,612 - utils.logger - INFO - saving the model at the end of epoch 21, iters 126
2021-06-19 22:31:50,847 - utils.logger - INFO - End of training epoch 21 / 70 	 Time Taken: 1 sec, Data loading: 0 sec
2021-06-19 22:31:50,847 - utils.logger - INFO - learning rate = 0.0000500
2021-06-19 22:31:51,308 - utils.logger - INFO - Trn result of epoch 21 / 70 mse 0.0428 rmse 0.2070 pcc 0.4367 ccc 0.0965
2021-06-19 22:31:51,470 - utils.logger - INFO - Val result of epoch 21 / 70 mse 0.0345 rmse 0.1858 pcc 0.4527 ccc 0.1324
2021-06-19 22:31:51,862 - utils.logger - INFO - Cur epoch 22 loss ccc:0.1259
2021-06-19 22:31:52,267 - utils.logger - INFO - Cur epoch 22 loss ccc:0.1134
2021-06-19 22:31:52,583 - utils.logger - INFO - Cur epoch 22 loss ccc:0.9974
2021-06-19 22:31:52,583 - utils.logger - INFO - saving the model at the end of epoch 22, iters 132
2021-06-19 22:31:52,826 - utils.logger - INFO - End of training epoch 22 / 70 	 Time Taken: 1 sec, Data loading: 0 sec
2021-06-19 22:31:52,826 - utils.logger - INFO - learning rate = 0.0000500
2021-06-19 22:31:53,277 - utils.logger - INFO - Trn result of epoch 22 / 70 mse 0.0466 rmse 0.2159 pcc 0.4422 ccc 0.0623
2021-06-19 22:31:53,439 - utils.logger - INFO - Val result of epoch 22 / 70 mse 0.0373 rmse 0.1932 pcc 0.4590 ccc 0.0873
2021-06-19 22:31:53,837 - utils.logger - INFO - Cur epoch 23 loss ccc:0.1290
2021-06-19 22:31:54,232 - utils.logger - INFO - Cur epoch 23 loss ccc:0.1156
2021-06-19 22:31:54,563 - utils.logger - INFO - Cur epoch 23 loss ccc:1.0316
2021-06-19 22:31:54,563 - utils.logger - INFO - saving the model at the end of epoch 23, iters 138
2021-06-19 22:31:54,811 - utils.logger - INFO - End of training epoch 23 / 70 	 Time Taken: 1 sec, Data loading: 0 sec
2021-06-19 22:31:54,811 - utils.logger - INFO - learning rate = 0.0000500
2021-06-19 22:31:55,242 - utils.logger - INFO - Trn result of epoch 23 / 70 mse 0.0474 rmse 0.2177 pcc 0.4337 ccc 0.0509
2021-06-19 22:31:55,396 - utils.logger - INFO - Val result of epoch 23 / 70 mse 0.0380 rmse 0.1949 pcc 0.4685 ccc 0.0712
2021-06-19 22:31:55,821 - utils.logger - INFO - Cur epoch 24 loss ccc:0.1098
2021-06-19 22:31:56,268 - utils.logger - INFO - Cur epoch 24 loss ccc:0.1291
2021-06-19 22:31:56,616 - utils.logger - INFO - Cur epoch 24 loss ccc:1.0262
2021-06-19 22:31:56,616 - utils.logger - INFO - saving the model at the end of epoch 24, iters 144
2021-06-19 22:31:56,874 - utils.logger - INFO - End of training epoch 24 / 70 	 Time Taken: 1 sec, Data loading: 0 sec
2021-06-19 22:31:56,874 - utils.logger - INFO - learning rate = 0.0000500
2021-06-19 22:31:57,312 - utils.logger - INFO - Trn result of epoch 24 / 70 mse 0.0442 rmse 0.2102 pcc 0.4261 ccc 0.1209
2021-06-19 22:31:57,480 - utils.logger - INFO - Val result of epoch 24 / 70 mse 0.0349 rmse 0.1869 pcc 0.4477 ccc 0.1707
2021-06-19 22:31:57,867 - utils.logger - INFO - Cur epoch 25 loss ccc:0.1007
2021-06-19 22:31:58,277 - utils.logger - INFO - Cur epoch 25 loss ccc:0.1310
2021-06-19 22:31:58,624 - utils.logger - INFO - Cur epoch 25 loss ccc:1.0000
2021-06-19 22:31:58,624 - utils.logger - INFO - saving the model at the end of epoch 25, iters 150
2021-06-19 22:31:58,867 - utils.logger - INFO - End of training epoch 25 / 70 	 Time Taken: 1 sec, Data loading: 0 sec
2021-06-19 22:31:58,867 - utils.logger - INFO - learning rate = 0.0000500
2021-06-19 22:31:59,342 - utils.logger - INFO - Trn result of epoch 25 / 70 mse 0.0439 rmse 0.2096 pcc 0.4228 ccc 0.1284
2021-06-19 22:31:59,504 - utils.logger - INFO - Val result of epoch 25 / 70 mse 0.0347 rmse 0.1862 pcc 0.4472 ccc 0.1828
2021-06-19 22:31:59,932 - utils.logger - INFO - Cur epoch 26 loss ccc:0.1115
2021-06-19 22:32:00,342 - utils.logger - INFO - Cur epoch 26 loss ccc:0.1157
2021-06-19 22:32:00,679 - utils.logger - INFO - Cur epoch 26 loss ccc:0.9224
2021-06-19 22:32:00,679 - utils.logger - INFO - saving the model at the end of epoch 26, iters 156
2021-06-19 22:32:00,915 - utils.logger - INFO - End of training epoch 26 / 70 	 Time Taken: 1 sec, Data loading: 0 sec
2021-06-19 22:32:00,915 - utils.logger - INFO - learning rate = 0.0000500
2021-06-19 22:32:01,336 - utils.logger - INFO - Trn result of epoch 26 / 70 mse 0.0434 rmse 0.2084 pcc 0.4205 ccc 0.1485
2021-06-19 22:32:01,484 - utils.logger - INFO - Val result of epoch 26 / 70 mse 0.0343 rmse 0.1851 pcc 0.4413 ccc 0.2101
2021-06-19 22:32:01,893 - utils.logger - INFO - Cur epoch 27 loss ccc:0.1146
2021-06-19 22:32:02,308 - utils.logger - INFO - Cur epoch 27 loss ccc:0.1137
2021-06-19 22:32:02,666 - utils.logger - INFO - Cur epoch 27 loss ccc:1.0199
2021-06-19 22:32:02,666 - utils.logger - INFO - saving the model at the end of epoch 27, iters 162
2021-06-19 22:32:02,915 - utils.logger - INFO - End of training epoch 27 / 70 	 Time Taken: 1 sec, Data loading: 0 sec
2021-06-19 22:32:02,915 - utils.logger - INFO - learning rate = 0.0000500
2021-06-19 22:32:03,358 - utils.logger - INFO - Trn result of epoch 27 / 70 mse 0.0468 rmse 0.2163 pcc 0.4271 ccc 0.1540
2021-06-19 22:32:03,521 - utils.logger - INFO - Val result of epoch 27 / 70 mse 0.0367 rmse 0.1915 pcc 0.4479 ccc 0.2153
2021-06-19 22:32:03,971 - utils.logger - INFO - Cur epoch 28 loss ccc:0.1053
2021-06-19 22:32:04,403 - utils.logger - INFO - Cur epoch 28 loss ccc:0.1184
2021-06-19 22:32:04,740 - utils.logger - INFO - Cur epoch 28 loss ccc:1.0071
2021-06-19 22:32:04,740 - utils.logger - INFO - saving the model at the end of epoch 28, iters 168
2021-06-19 22:32:04,979 - utils.logger - INFO - End of training epoch 28 / 70 	 Time Taken: 1 sec, Data loading: 0 sec
2021-06-19 22:32:04,979 - utils.logger - INFO - learning rate = 0.0000500
2021-06-19 22:32:05,399 - utils.logger - INFO - Trn result of epoch 28 / 70 mse 0.0491 rmse 0.2216 pcc 0.4283 ccc 0.1462
2021-06-19 22:32:05,550 - utils.logger - INFO - Val result of epoch 28 / 70 mse 0.0385 rmse 0.1962 pcc 0.4487 ccc 0.2049
2021-06-19 22:32:05,951 - utils.logger - INFO - Cur epoch 29 loss ccc:0.1317
2021-06-19 22:32:06,358 - utils.logger - INFO - Cur epoch 29 loss ccc:0.1282
2021-06-19 22:32:06,697 - utils.logger - INFO - Cur epoch 29 loss ccc:1.0000
2021-06-19 22:32:06,697 - utils.logger - INFO - saving the model at the end of epoch 29, iters 174
2021-06-19 22:32:06,936 - utils.logger - INFO - End of training epoch 29 / 70 	 Time Taken: 1 sec, Data loading: 0 sec
2021-06-19 22:32:06,937 - utils.logger - INFO - learning rate = 0.0000500
2021-06-19 22:32:07,358 - utils.logger - INFO - Trn result of epoch 29 / 70 mse 0.0473 rmse 0.2174 pcc 0.4295 ccc 0.1487
2021-06-19 22:32:07,507 - utils.logger - INFO - Val result of epoch 29 / 70 mse 0.0373 rmse 0.1931 pcc 0.4434 ccc 0.2069
2021-06-19 22:32:07,908 - utils.logger - INFO - Cur epoch 30 loss ccc:0.1303
2021-06-19 22:32:08,309 - utils.logger - INFO - Cur epoch 30 loss ccc:0.1026
2021-06-19 22:32:08,623 - utils.logger - INFO - Cur epoch 30 loss ccc:0.9694
2021-06-19 22:32:08,623 - utils.logger - INFO - saving the model at the end of epoch 30, iters 180
2021-06-19 22:32:08,858 - utils.logger - INFO - End of training epoch 30 / 70 	 Time Taken: 1 sec, Data loading: 0 sec
2021-06-19 22:32:08,858 - utils.logger - INFO - learning rate = 0.0000488
2021-06-19 22:32:09,276 - utils.logger - INFO - Trn result of epoch 30 / 70 mse 0.0457 rmse 0.2138 pcc 0.4282 ccc 0.1611
2021-06-19 22:32:09,422 - utils.logger - INFO - Val result of epoch 30 / 70 mse 0.0362 rmse 0.1902 pcc 0.4389 ccc 0.2208
2021-06-19 22:32:09,826 - utils.logger - INFO - Cur epoch 31 loss ccc:0.0957
2021-06-19 22:32:10,220 - utils.logger - INFO - Cur epoch 31 loss ccc:0.1271
2021-06-19 22:32:10,547 - utils.logger - INFO - Cur epoch 31 loss ccc:1.0545
2021-06-19 22:32:10,547 - utils.logger - INFO - saving the model at the end of epoch 31, iters 186
2021-06-19 22:32:11,568 - utils.logger - INFO - End of training epoch 31 / 70 	 Time Taken: 2 sec, Data loading: 0 sec
2021-06-19 22:32:11,568 - utils.logger - INFO - learning rate = 0.0000476
2021-06-19 22:32:12,057 - utils.logger - INFO - Trn result of epoch 31 / 70 mse 0.0429 rmse 0.2072 pcc 0.4261 ccc 0.1696
2021-06-19 22:32:12,223 - utils.logger - INFO - Val result of epoch 31 / 70 mse 0.0339 rmse 0.1841 pcc 0.4420 ccc 0.2354
2021-06-19 22:32:12,638 - utils.logger - INFO - Cur epoch 32 loss ccc:0.1193
2021-06-19 22:32:13,072 - utils.logger - INFO - Cur epoch 32 loss ccc:0.1017
2021-06-19 22:32:13,411 - utils.logger - INFO - Cur epoch 32 loss ccc:1.1706
2021-06-19 22:32:13,411 - utils.logger - INFO - saving the model at the end of epoch 32, iters 192
2021-06-19 22:32:13,649 - utils.logger - INFO - End of training epoch 32 / 70 	 Time Taken: 1 sec, Data loading: 0 sec
2021-06-19 22:32:13,649 - utils.logger - INFO - learning rate = 0.0000463
2021-06-19 22:32:14,072 - utils.logger - INFO - Trn result of epoch 32 / 70 mse 0.0460 rmse 0.2144 pcc 0.4324 ccc 0.1425
2021-06-19 22:32:14,218 - utils.logger - INFO - Val result of epoch 32 / 70 mse 0.0362 rmse 0.1903 pcc 0.4452 ccc 0.1991
2021-06-19 22:32:14,636 - utils.logger - INFO - Cur epoch 33 loss ccc:0.1162
2021-06-19 22:32:15,060 - utils.logger - INFO - Cur epoch 33 loss ccc:0.1330
2021-06-19 22:32:15,414 - utils.logger - INFO - Cur epoch 33 loss ccc:1.0077
2021-06-19 22:32:15,414 - utils.logger - INFO - saving the model at the end of epoch 33, iters 198
2021-06-19 22:32:15,721 - utils.logger - INFO - End of training epoch 33 / 70 	 Time Taken: 1 sec, Data loading: 0 sec
2021-06-19 22:32:15,721 - utils.logger - INFO - learning rate = 0.0000451
2021-06-19 22:32:16,154 - utils.logger - INFO - Trn result of epoch 33 / 70 mse 0.0452 rmse 0.2127 pcc 0.4346 ccc 0.1343
2021-06-19 22:32:16,315 - utils.logger - INFO - Val result of epoch 33 / 70 mse 0.0357 rmse 0.1888 pcc 0.4458 ccc 0.1866
2021-06-19 22:32:16,729 - utils.logger - INFO - Cur epoch 34 loss ccc:0.1250
2021-06-19 22:32:17,146 - utils.logger - INFO - Cur epoch 34 loss ccc:0.1104
2021-06-19 22:32:17,489 - utils.logger - INFO - Cur epoch 34 loss ccc:1.0451
2021-06-19 22:32:17,490 - utils.logger - INFO - saving the model at the end of epoch 34, iters 204
2021-06-19 22:32:17,747 - utils.logger - INFO - End of training epoch 34 / 70 	 Time Taken: 1 sec, Data loading: 0 sec
2021-06-19 22:32:17,747 - utils.logger - INFO - learning rate = 0.0000439
2021-06-19 22:32:18,178 - utils.logger - INFO - Trn result of epoch 34 / 70 mse 0.0453 rmse 0.2127 pcc 0.4385 ccc 0.1314
2021-06-19 22:32:18,343 - utils.logger - INFO - Val result of epoch 34 / 70 mse 0.0354 rmse 0.1882 pcc 0.4606 ccc 0.1841
2021-06-19 22:32:18,765 - utils.logger - INFO - Cur epoch 35 loss ccc:0.1064
2021-06-19 22:32:19,183 - utils.logger - INFO - Cur epoch 35 loss ccc:0.1256
2021-06-19 22:32:19,525 - utils.logger - INFO - Cur epoch 35 loss ccc:0.9807
2021-06-19 22:32:19,526 - utils.logger - INFO - saving the model at the end of epoch 35, iters 210
2021-06-19 22:32:19,758 - utils.logger - INFO - End of training epoch 35 / 70 	 Time Taken: 1 sec, Data loading: 0 sec
2021-06-19 22:32:19,759 - utils.logger - INFO - learning rate = 0.0000427
2021-06-19 22:32:20,176 - utils.logger - INFO - Trn result of epoch 35 / 70 mse 0.0440 rmse 0.2097 pcc 0.4335 ccc 0.1456
2021-06-19 22:32:20,324 - utils.logger - INFO - Val result of epoch 35 / 70 mse 0.0344 rmse 0.1856 pcc 0.4575 ccc 0.2036
2021-06-19 22:32:20,745 - utils.logger - INFO - Cur epoch 36 loss ccc:0.1250
2021-06-19 22:32:21,139 - utils.logger - INFO - Cur epoch 36 loss ccc:0.1227
2021-06-19 22:32:21,502 - utils.logger - INFO - Cur epoch 36 loss ccc:1.0000
2021-06-19 22:32:21,502 - utils.logger - INFO - saving the model at the end of epoch 36, iters 216
2021-06-19 22:32:21,736 - utils.logger - INFO - End of training epoch 36 / 70 	 Time Taken: 1 sec, Data loading: 0 sec
2021-06-19 22:32:21,736 - utils.logger - INFO - learning rate = 0.0000415
2021-06-19 22:32:22,165 - utils.logger - INFO - Trn result of epoch 36 / 70 mse 0.0436 rmse 0.2088 pcc 0.4325 ccc 0.1562
2021-06-19 22:32:22,314 - utils.logger - INFO - Val result of epoch 36 / 70 mse 0.0341 rmse 0.1846 pcc 0.4577 ccc 0.2196
2021-06-19 22:32:22,733 - utils.logger - INFO - Cur epoch 37 loss ccc:0.1284
2021-06-19 22:32:23,139 - utils.logger - INFO - Cur epoch 37 loss ccc:0.1288
2021-06-19 22:32:23,503 - utils.logger - INFO - Cur epoch 37 loss ccc:0.9648
2021-06-19 22:32:23,503 - utils.logger - INFO - saving the model at the end of epoch 37, iters 222
2021-06-19 22:32:23,928 - utils.logger - INFO - End of training epoch 37 / 70 	 Time Taken: 1 sec, Data loading: 0 sec
2021-06-19 22:32:23,928 - utils.logger - INFO - learning rate = 0.0000402
2021-06-19 22:32:24,358 - utils.logger - INFO - Trn result of epoch 37 / 70 mse 0.0417 rmse 0.2042 pcc 0.4274 ccc 0.1915
2021-06-19 22:32:24,520 - utils.logger - INFO - Val result of epoch 37 / 70 mse 0.0330 rmse 0.1816 pcc 0.4460 ccc 0.2612
2021-06-19 22:32:24,946 - utils.logger - INFO - Cur epoch 38 loss ccc:0.1118
2021-06-19 22:32:25,367 - utils.logger - INFO - Cur epoch 38 loss ccc:0.1158
2021-06-19 22:32:25,710 - utils.logger - INFO - Cur epoch 38 loss ccc:0.9729
2021-06-19 22:32:25,710 - utils.logger - INFO - saving the model at the end of epoch 38, iters 228
2021-06-19 22:32:25,956 - utils.logger - INFO - End of training epoch 38 / 70 	 Time Taken: 1 sec, Data loading: 0 sec
2021-06-19 22:32:25,956 - utils.logger - INFO - learning rate = 0.0000390
2021-06-19 22:32:26,379 - utils.logger - INFO - Trn result of epoch 38 / 70 mse 0.0403 rmse 0.2009 pcc 0.4285 ccc 0.1992
2021-06-19 22:32:26,525 - utils.logger - INFO - Val result of epoch 38 / 70 mse 0.0322 rmse 0.1795 pcc 0.4422 ccc 0.2683
2021-06-19 22:32:26,937 - utils.logger - INFO - Cur epoch 39 loss ccc:0.1278
2021-06-19 22:32:27,374 - utils.logger - INFO - Cur epoch 39 loss ccc:0.1023
2021-06-19 22:32:27,710 - utils.logger - INFO - Cur epoch 39 loss ccc:0.8594
2021-06-19 22:32:27,710 - utils.logger - INFO - saving the model at the end of epoch 39, iters 234
2021-06-19 22:32:27,955 - utils.logger - INFO - End of training epoch 39 / 70 	 Time Taken: 1 sec, Data loading: 0 sec
2021-06-19 22:32:27,955 - utils.logger - INFO - learning rate = 0.0000378
2021-06-19 22:32:28,377 - utils.logger - INFO - Trn result of epoch 39 / 70 mse 0.0395 rmse 0.1988 pcc 0.4275 ccc 0.2045
2021-06-19 22:32:28,526 - utils.logger - INFO - Val result of epoch 39 / 70 mse 0.0319 rmse 0.1786 pcc 0.4368 ccc 0.2718
2021-06-19 22:32:28,959 - utils.logger - INFO - Cur epoch 40 loss ccc:0.1159
2021-06-19 22:32:29,381 - utils.logger - INFO - Cur epoch 40 loss ccc:0.1214
2021-06-19 22:32:29,736 - utils.logger - INFO - Cur epoch 40 loss ccc:1.0031
2021-06-19 22:32:29,736 - utils.logger - INFO - saving the model at the end of epoch 40, iters 240
2021-06-19 22:32:29,982 - utils.logger - INFO - End of training epoch 40 / 70 	 Time Taken: 1 sec, Data loading: 0 sec
2021-06-19 22:32:29,983 - utils.logger - INFO - learning rate = 0.0000366
2021-06-19 22:32:30,451 - utils.logger - INFO - Trn result of epoch 40 / 70 mse 0.0399 rmse 0.1998 pcc 0.4310 ccc 0.1940
2021-06-19 22:32:30,620 - utils.logger - INFO - Val result of epoch 40 / 70 mse 0.0320 rmse 0.1789 pcc 0.4427 ccc 0.2615
2021-06-19 22:32:31,037 - utils.logger - INFO - Cur epoch 41 loss ccc:0.0980
2021-06-19 22:32:31,449 - utils.logger - INFO - Cur epoch 41 loss ccc:0.0985
2021-06-19 22:32:31,768 - utils.logger - INFO - Cur epoch 41 loss ccc:1.0011
2021-06-19 22:32:31,768 - utils.logger - INFO - saving the model at the end of epoch 41, iters 246
2021-06-19 22:32:32,003 - utils.logger - INFO - End of training epoch 41 / 70 	 Time Taken: 1 sec, Data loading: 0 sec
2021-06-19 22:32:32,003 - utils.logger - INFO - learning rate = 0.0000354
2021-06-19 22:32:32,425 - utils.logger - INFO - Trn result of epoch 41 / 70 mse 0.0407 rmse 0.2016 pcc 0.4310 ccc 0.1955
2021-06-19 22:32:32,572 - utils.logger - INFO - Val result of epoch 41 / 70 mse 0.0323 rmse 0.1797 pcc 0.4480 ccc 0.2660
2021-06-19 22:32:32,983 - utils.logger - INFO - Cur epoch 42 loss ccc:0.1155
2021-06-19 22:32:33,375 - utils.logger - INFO - Cur epoch 42 loss ccc:0.1203
2021-06-19 22:32:33,690 - utils.logger - INFO - Cur epoch 42 loss ccc:0.5397
2021-06-19 22:32:33,690 - utils.logger - INFO - saving the model at the end of epoch 42, iters 252
2021-06-19 22:32:33,919 - utils.logger - INFO - End of training epoch 42 / 70 	 Time Taken: 1 sec, Data loading: 0 sec
2021-06-19 22:32:33,920 - utils.logger - INFO - learning rate = 0.0000341
2021-06-19 22:32:34,341 - utils.logger - INFO - Trn result of epoch 42 / 70 mse 0.0401 rmse 0.2003 pcc 0.4245 ccc 0.2148
2021-06-19 22:32:34,491 - utils.logger - INFO - Val result of epoch 42 / 70 mse 0.0319 rmse 0.1786 pcc 0.4462 ccc 0.2890
2021-06-19 22:32:34,882 - utils.logger - INFO - Cur epoch 43 loss ccc:0.1249
2021-06-19 22:32:35,274 - utils.logger - INFO - Cur epoch 43 loss ccc:0.1003
2021-06-19 22:32:35,588 - utils.logger - INFO - Cur epoch 43 loss ccc:0.9988
2021-06-19 22:32:35,588 - utils.logger - INFO - saving the model at the end of epoch 43, iters 258
2021-06-19 22:32:35,819 - utils.logger - INFO - End of training epoch 43 / 70 	 Time Taken: 1 sec, Data loading: 0 sec
2021-06-19 22:32:35,819 - utils.logger - INFO - learning rate = 0.0000329
2021-06-19 22:32:36,241 - utils.logger - INFO - Trn result of epoch 43 / 70 mse 0.0384 rmse 0.1961 pcc 0.4343 ccc 0.2063
2021-06-19 22:32:36,384 - utils.logger - INFO - Val result of epoch 43 / 70 mse 0.0309 rmse 0.1757 pcc 0.4560 ccc 0.2771
2021-06-19 22:32:36,780 - utils.logger - INFO - Cur epoch 44 loss ccc:0.1142
2021-06-19 22:32:37,163 - utils.logger - INFO - Cur epoch 44 loss ccc:0.1151
2021-06-19 22:32:37,472 - utils.logger - INFO - Cur epoch 44 loss ccc:0.9495
2021-06-19 22:32:37,472 - utils.logger - INFO - saving the model at the end of epoch 44, iters 264
2021-06-19 22:32:37,669 - utils.logger - INFO - End of training epoch 44 / 70 	 Time Taken: 1 sec, Data loading: 0 sec
2021-06-19 22:32:37,669 - utils.logger - INFO - learning rate = 0.0000317
2021-06-19 22:32:38,105 - utils.logger - INFO - Trn result of epoch 44 / 70 mse 0.0382 rmse 0.1955 pcc 0.4330 ccc 0.2157
2021-06-19 22:32:38,262 - utils.logger - INFO - Val result of epoch 44 / 70 mse 0.0306 rmse 0.1750 pcc 0.4576 ccc 0.2899
2021-06-19 22:32:38,656 - utils.logger - INFO - Cur epoch 45 loss ccc:0.1206
2021-06-19 22:32:39,058 - utils.logger - INFO - Cur epoch 45 loss ccc:0.1217
2021-06-19 22:32:39,412 - utils.logger - INFO - Cur epoch 45 loss ccc:1.0220
2021-06-19 22:32:39,412 - utils.logger - INFO - saving the model at the end of epoch 45, iters 270
2021-06-19 22:32:39,642 - utils.logger - INFO - End of training epoch 45 / 70 	 Time Taken: 1 sec, Data loading: 0 sec
2021-06-19 22:32:39,642 - utils.logger - INFO - learning rate = 0.0000305
2021-06-19 22:32:40,070 - utils.logger - INFO - Trn result of epoch 45 / 70 mse 0.0381 rmse 0.1952 pcc 0.4314 ccc 0.2207
2021-06-19 22:32:40,231 - utils.logger - INFO - Val result of epoch 45 / 70 mse 0.0307 rmse 0.1751 pcc 0.4539 ccc 0.2944
2021-06-19 22:32:40,658 - utils.logger - INFO - Cur epoch 46 loss ccc:0.1214
2021-06-19 22:32:41,065 - utils.logger - INFO - Cur epoch 46 loss ccc:0.1033
2021-06-19 22:32:41,418 - utils.logger - INFO - Cur epoch 46 loss ccc:0.9992
2021-06-19 22:32:41,418 - utils.logger - INFO - saving the model at the end of epoch 46, iters 276
2021-06-19 22:32:41,658 - utils.logger - INFO - End of training epoch 46 / 70 	 Time Taken: 1 sec, Data loading: 0 sec
2021-06-19 22:32:41,658 - utils.logger - INFO - learning rate = 0.0000293
2021-06-19 22:32:42,074 - utils.logger - INFO - Trn result of epoch 46 / 70 mse 0.0383 rmse 0.1956 pcc 0.4310 ccc 0.2236
2021-06-19 22:32:42,224 - utils.logger - INFO - Val result of epoch 46 / 70 mse 0.0307 rmse 0.1752 pcc 0.4543 ccc 0.2988
2021-06-19 22:32:42,639 - utils.logger - INFO - Cur epoch 47 loss ccc:0.1165
2021-06-19 22:32:43,072 - utils.logger - INFO - Cur epoch 47 loss ccc:0.1171
2021-06-19 22:32:43,404 - utils.logger - INFO - Cur epoch 47 loss ccc:1.0000
2021-06-19 22:32:43,404 - utils.logger - INFO - saving the model at the end of epoch 47, iters 282
2021-06-19 22:32:43,630 - utils.logger - INFO - End of training epoch 47 / 70 	 Time Taken: 1 sec, Data loading: 0 sec
2021-06-19 22:32:43,630 - utils.logger - INFO - learning rate = 0.0000280
2021-06-19 22:32:44,057 - utils.logger - INFO - Trn result of epoch 47 / 70 mse 0.0381 rmse 0.1952 pcc 0.4348 ccc 0.2245
2021-06-19 22:32:44,203 - utils.logger - INFO - Val result of epoch 47 / 70 mse 0.0305 rmse 0.1747 pcc 0.4596 ccc 0.3012
2021-06-19 22:32:44,621 - utils.logger - INFO - Cur epoch 48 loss ccc:0.1257
2021-06-19 22:32:45,056 - utils.logger - INFO - Cur epoch 48 loss ccc:0.1250
2021-06-19 22:32:45,410 - utils.logger - INFO - Cur epoch 48 loss ccc:0.9924
2021-06-19 22:32:45,410 - utils.logger - INFO - saving the model at the end of epoch 48, iters 288
2021-06-19 22:32:45,657 - utils.logger - INFO - End of training epoch 48 / 70 	 Time Taken: 1 sec, Data loading: 0 sec
2021-06-19 22:32:45,657 - utils.logger - INFO - learning rate = 0.0000268
2021-06-19 22:32:46,094 - utils.logger - INFO - Trn result of epoch 48 / 70 mse 0.0388 rmse 0.1970 pcc 0.4288 ccc 0.2128
2021-06-19 22:32:46,263 - utils.logger - INFO - Val result of epoch 48 / 70 mse 0.0305 rmse 0.1747 pcc 0.4688 ccc 0.2921
2021-06-19 22:32:46,672 - utils.logger - INFO - Cur epoch 49 loss ccc:0.1244
2021-06-19 22:32:47,067 - utils.logger - INFO - Cur epoch 49 loss ccc:0.0879
2021-06-19 22:32:47,402 - utils.logger - INFO - Cur epoch 49 loss ccc:1.0301
2021-06-19 22:32:47,402 - utils.logger - INFO - saving the model at the end of epoch 49, iters 294
2021-06-19 22:32:47,757 - utils.logger - INFO - End of training epoch 49 / 70 	 Time Taken: 1 sec, Data loading: 0 sec
2021-06-19 22:32:47,758 - utils.logger - INFO - learning rate = 0.0000256
2021-06-19 22:32:48,178 - utils.logger - INFO - Trn result of epoch 49 / 70 mse 0.0381 rmse 0.1951 pcc 0.4298 ccc 0.2289
2021-06-19 22:32:48,328 - utils.logger - INFO - Val result of epoch 49 / 70 mse 0.0305 rmse 0.1747 pcc 0.4565 ccc 0.3054
2021-06-19 22:32:48,729 - utils.logger - INFO - Cur epoch 50 loss ccc:0.1258
2021-06-19 22:32:49,148 - utils.logger - INFO - Cur epoch 50 loss ccc:0.1218
2021-06-19 22:32:49,520 - utils.logger - INFO - Cur epoch 50 loss ccc:0.9998
2021-06-19 22:32:49,520 - utils.logger - INFO - saving the model at the end of epoch 50, iters 300
2021-06-19 22:32:49,758 - utils.logger - INFO - End of training epoch 50 / 70 	 Time Taken: 1 sec, Data loading: 0 sec
2021-06-19 22:32:49,758 - utils.logger - INFO - learning rate = 0.0000244
2021-06-19 22:32:50,212 - utils.logger - INFO - Trn result of epoch 50 / 70 mse 0.0390 rmse 0.1975 pcc 0.4317 ccc 0.2324
2021-06-19 22:32:50,389 - utils.logger - INFO - Val result of epoch 50 / 70 mse 0.0308 rmse 0.1756 pcc 0.4623 ccc 0.3152
2021-06-19 22:32:50,818 - utils.logger - INFO - Cur epoch 51 loss ccc:0.1156
2021-06-19 22:32:51,240 - utils.logger - INFO - Cur epoch 51 loss ccc:0.1229
2021-06-19 22:32:51,601 - utils.logger - INFO - Cur epoch 51 loss ccc:0.9957
2021-06-19 22:32:51,601 - utils.logger - INFO - saving the model at the end of epoch 51, iters 306
2021-06-19 22:32:52,004 - utils.logger - INFO - End of training epoch 51 / 70 	 Time Taken: 1 sec, Data loading: 0 sec
2021-06-19 22:32:52,005 - utils.logger - INFO - learning rate = 0.0000232
2021-06-19 22:32:52,440 - utils.logger - INFO - Trn result of epoch 51 / 70 mse 0.0380 rmse 0.1950 pcc 0.4301 ccc 0.2444
2021-06-19 22:32:52,604 - utils.logger - INFO - Val result of epoch 51 / 70 mse 0.0304 rmse 0.1745 pcc 0.4572 ccc 0.3245
2021-06-19 22:32:53,029 - utils.logger - INFO - Cur epoch 52 loss ccc:0.1160
2021-06-19 22:32:53,436 - utils.logger - INFO - Cur epoch 52 loss ccc:0.1252
2021-06-19 22:32:53,800 - utils.logger - INFO - Cur epoch 52 loss ccc:0.9411
2021-06-19 22:32:53,801 - utils.logger - INFO - saving the model at the end of epoch 52, iters 312
2021-06-19 22:32:54,054 - utils.logger - INFO - End of training epoch 52 / 70 	 Time Taken: 1 sec, Data loading: 0 sec
2021-06-19 22:32:54,054 - utils.logger - INFO - learning rate = 0.0000220
2021-06-19 22:32:54,527 - utils.logger - INFO - Trn result of epoch 52 / 70 mse 0.0369 rmse 0.1922 pcc 0.4389 ccc 0.2295
2021-06-19 22:32:54,691 - utils.logger - INFO - Val result of epoch 52 / 70 mse 0.0301 rmse 0.1735 pcc 0.4650 ccc 0.3011
2021-06-19 22:32:55,115 - utils.logger - INFO - Cur epoch 53 loss ccc:0.1157
2021-06-19 22:32:55,543 - utils.logger - INFO - Cur epoch 53 loss ccc:0.1081
2021-06-19 22:32:55,885 - utils.logger - INFO - Cur epoch 53 loss ccc:0.9949
2021-06-19 22:32:55,885 - utils.logger - INFO - saving the model at the end of epoch 53, iters 318
2021-06-19 22:32:56,124 - utils.logger - INFO - End of training epoch 53 / 70 	 Time Taken: 1 sec, Data loading: 0 sec
2021-06-19 22:32:56,124 - utils.logger - INFO - learning rate = 0.0000207
2021-06-19 22:32:56,551 - utils.logger - INFO - Trn result of epoch 53 / 70 mse 0.0371 rmse 0.1927 pcc 0.4375 ccc 0.2242
2021-06-19 22:32:56,700 - utils.logger - INFO - Val result of epoch 53 / 70 mse 0.0301 rmse 0.1734 pcc 0.4684 ccc 0.2963
2021-06-19 22:32:57,117 - utils.logger - INFO - Cur epoch 54 loss ccc:0.1246
2021-06-19 22:32:57,554 - utils.logger - INFO - Cur epoch 54 loss ccc:0.1234
2021-06-19 22:32:57,916 - utils.logger - INFO - Cur epoch 54 loss ccc:0.9724
2021-06-19 22:32:57,916 - utils.logger - INFO - saving the model at the end of epoch 54, iters 324
2021-06-19 22:32:58,155 - utils.logger - INFO - End of training epoch 54 / 70 	 Time Taken: 1 sec, Data loading: 0 sec
2021-06-19 22:32:58,156 - utils.logger - INFO - learning rate = 0.0000195
2021-06-19 22:32:58,602 - utils.logger - INFO - Trn result of epoch 54 / 70 mse 0.0367 rmse 0.1915 pcc 0.4337 ccc 0.2433
2021-06-19 22:32:58,765 - utils.logger - INFO - Val result of epoch 54 / 70 mse 0.0299 rmse 0.1728 pcc 0.4672 ccc 0.3191
2021-06-19 22:32:59,189 - utils.logger - INFO - Cur epoch 55 loss ccc:0.1168
2021-06-19 22:32:59,613 - utils.logger - INFO - Cur epoch 55 loss ccc:0.1057
2021-06-19 22:32:59,962 - utils.logger - INFO - Cur epoch 55 loss ccc:0.9046
2021-06-19 22:32:59,962 - utils.logger - INFO - saving the model at the end of epoch 55, iters 330
2021-06-19 22:33:00,218 - utils.logger - INFO - End of training epoch 55 / 70 	 Time Taken: 1 sec, Data loading: 0 sec
2021-06-19 22:33:00,219 - utils.logger - INFO - learning rate = 0.0000183
2021-06-19 22:33:00,646 - utils.logger - INFO - Trn result of epoch 55 / 70 mse 0.0366 rmse 0.1914 pcc 0.4307 ccc 0.2559
2021-06-19 22:33:00,796 - utils.logger - INFO - Val result of epoch 55 / 70 mse 0.0298 rmse 0.1726 pcc 0.4646 ccc 0.3359
2021-06-19 22:33:01,220 - utils.logger - INFO - Cur epoch 56 loss ccc:0.1124
2021-06-19 22:33:01,656 - utils.logger - INFO - Cur epoch 56 loss ccc:0.1165
2021-06-19 22:33:02,002 - utils.logger - INFO - Cur epoch 56 loss ccc:1.0004
2021-06-19 22:33:02,002 - utils.logger - INFO - saving the model at the end of epoch 56, iters 336
2021-06-19 22:33:02,234 - utils.logger - INFO - End of training epoch 56 / 70 	 Time Taken: 1 sec, Data loading: 0 sec
2021-06-19 22:33:02,234 - utils.logger - INFO - learning rate = 0.0000171
2021-06-19 22:33:02,657 - utils.logger - INFO - Trn result of epoch 56 / 70 mse 0.0368 rmse 0.1919 pcc 0.4299 ccc 0.2646
2021-06-19 22:33:02,811 - utils.logger - INFO - Val result of epoch 56 / 70 mse 0.0298 rmse 0.1725 pcc 0.4646 ccc 0.3488
2021-06-19 22:33:03,218 - utils.logger - INFO - Cur epoch 57 loss ccc:0.1184
2021-06-19 22:33:03,630 - utils.logger - INFO - Cur epoch 57 loss ccc:0.1210
2021-06-19 22:33:03,955 - utils.logger - INFO - Cur epoch 57 loss ccc:0.9793
2021-06-19 22:33:03,955 - utils.logger - INFO - saving the model at the end of epoch 57, iters 342
2021-06-19 22:33:04,189 - utils.logger - INFO - End of training epoch 57 / 70 	 Time Taken: 1 sec, Data loading: 0 sec
2021-06-19 22:33:04,190 - utils.logger - INFO - learning rate = 0.0000159
2021-06-19 22:33:04,621 - utils.logger - INFO - Trn result of epoch 57 / 70 mse 0.0387 rmse 0.1966 pcc 0.4198 ccc 0.2548
2021-06-19 22:33:04,789 - utils.logger - INFO - Val result of epoch 57 / 70 mse 0.0299 rmse 0.1730 pcc 0.4742 ccc 0.3514
2021-06-19 22:33:05,211 - utils.logger - INFO - Cur epoch 58 loss ccc:0.1258
2021-06-19 22:33:05,647 - utils.logger - INFO - Cur epoch 58 loss ccc:0.1043
2021-06-19 22:33:06,008 - utils.logger - INFO - Cur epoch 58 loss ccc:1.1418
2021-06-19 22:33:06,008 - utils.logger - INFO - saving the model at the end of epoch 58, iters 348
2021-06-19 22:33:06,451 - utils.logger - INFO - End of training epoch 58 / 70 	 Time Taken: 1 sec, Data loading: 0 sec
2021-06-19 22:33:06,451 - utils.logger - INFO - learning rate = 0.0000146
2021-06-19 22:33:06,881 - utils.logger - INFO - Trn result of epoch 58 / 70 mse 0.0382 rmse 0.1956 pcc 0.4225 ccc 0.2552
2021-06-19 22:33:07,031 - utils.logger - INFO - Val result of epoch 58 / 70 mse 0.0297 rmse 0.1725 pcc 0.4753 ccc 0.3504
2021-06-19 22:33:07,443 - utils.logger - INFO - Cur epoch 59 loss ccc:0.1098
2021-06-19 22:33:07,839 - utils.logger - INFO - Cur epoch 59 loss ccc:0.1220
2021-06-19 22:33:08,158 - utils.logger - INFO - Cur epoch 59 loss ccc:1.0069
2021-06-19 22:33:08,158 - utils.logger - INFO - saving the model at the end of epoch 59, iters 354
2021-06-19 22:33:08,396 - utils.logger - INFO - End of training epoch 59 / 70 	 Time Taken: 1 sec, Data loading: 0 sec
2021-06-19 22:33:08,397 - utils.logger - INFO - learning rate = 0.0000134
2021-06-19 22:33:08,820 - utils.logger - INFO - Trn result of epoch 59 / 70 mse 0.0382 rmse 0.1955 pcc 0.4218 ccc 0.2575
2021-06-19 22:33:08,971 - utils.logger - INFO - Val result of epoch 59 / 70 mse 0.0297 rmse 0.1725 pcc 0.4748 ccc 0.3534
2021-06-19 22:33:09,397 - utils.logger - INFO - Cur epoch 60 loss ccc:0.1072
2021-06-19 22:33:09,835 - utils.logger - INFO - Cur epoch 60 loss ccc:0.1174
2021-06-19 22:33:10,203 - utils.logger - INFO - Cur epoch 60 loss ccc:1.0008
2021-06-19 22:33:10,203 - utils.logger - INFO - saving the model at the end of epoch 60, iters 360
2021-06-19 22:33:10,502 - utils.logger - INFO - End of training epoch 60 / 70 	 Time Taken: 1 sec, Data loading: 0 sec
2021-06-19 22:33:10,502 - utils.logger - INFO - learning rate = 0.0000122
2021-06-19 22:33:10,931 - utils.logger - INFO - Trn result of epoch 60 / 70 mse 0.0381 rmse 0.1951 pcc 0.4210 ccc 0.2622
2021-06-19 22:33:11,095 - utils.logger - INFO - Val result of epoch 60 / 70 mse 0.0297 rmse 0.1722 pcc 0.4749 ccc 0.3599
2021-06-19 22:33:11,537 - utils.logger - INFO - Cur epoch 61 loss ccc:0.1144
2021-06-19 22:33:11,960 - utils.logger - INFO - Cur epoch 61 loss ccc:0.1032
2021-06-19 22:33:12,302 - utils.logger - INFO - Cur epoch 61 loss ccc:1.0269
2021-06-19 22:33:12,302 - utils.logger - INFO - saving the model at the end of epoch 61, iters 366
2021-06-19 22:33:12,684 - utils.logger - INFO - End of training epoch 61 / 70 	 Time Taken: 1 sec, Data loading: 0 sec
2021-06-19 22:33:12,684 - utils.logger - INFO - learning rate = 0.0000110
2021-06-19 22:33:13,121 - utils.logger - INFO - Trn result of epoch 61 / 70 mse 0.0383 rmse 0.1958 pcc 0.4210 ccc 0.2665
2021-06-19 22:33:13,272 - utils.logger - INFO - Val result of epoch 61 / 70 mse 0.0299 rmse 0.1729 pcc 0.4716 ccc 0.3636
2021-06-19 22:33:13,677 - utils.logger - INFO - Cur epoch 62 loss ccc:0.1241
2021-06-19 22:33:14,077 - utils.logger - INFO - Cur epoch 62 loss ccc:0.1164
2021-06-19 22:33:14,429 - utils.logger - INFO - Cur epoch 62 loss ccc:1.0015
2021-06-19 22:33:14,430 - utils.logger - INFO - saving the model at the end of epoch 62, iters 372
2021-06-19 22:33:14,676 - utils.logger - INFO - End of training epoch 62 / 70 	 Time Taken: 1 sec, Data loading: 0 sec
2021-06-19 22:33:14,676 - utils.logger - INFO - learning rate = 0.0000098
2021-06-19 22:33:15,150 - utils.logger - INFO - Trn result of epoch 62 / 70 mse 0.0383 rmse 0.1957 pcc 0.4212 ccc 0.2685
2021-06-19 22:33:15,316 - utils.logger - INFO - Val result of epoch 62 / 70 mse 0.0299 rmse 0.1730 pcc 0.4713 ccc 0.3658
2021-06-19 22:33:15,733 - utils.logger - INFO - Cur epoch 63 loss ccc:0.1275
2021-06-19 22:33:16,163 - utils.logger - INFO - Cur epoch 63 loss ccc:0.1227
2021-06-19 22:33:16,534 - utils.logger - INFO - Cur epoch 63 loss ccc:1.0000
2021-06-19 22:33:16,534 - utils.logger - INFO - saving the model at the end of epoch 63, iters 378
2021-06-19 22:33:16,780 - utils.logger - INFO - End of training epoch 63 / 70 	 Time Taken: 1 sec, Data loading: 0 sec
2021-06-19 22:33:16,780 - utils.logger - INFO - learning rate = 0.0000085
2021-06-19 22:33:17,205 - utils.logger - INFO - Trn result of epoch 63 / 70 mse 0.0386 rmse 0.1964 pcc 0.4208 ccc 0.2669
2021-06-19 22:33:17,355 - utils.logger - INFO - Val result of epoch 63 / 70 mse 0.0300 rmse 0.1732 pcc 0.4719 ccc 0.3653
2021-06-19 22:33:17,768 - utils.logger - INFO - Cur epoch 64 loss ccc:0.1068
2021-06-19 22:33:18,218 - utils.logger - INFO - Cur epoch 64 loss ccc:0.1250
2021-06-19 22:33:18,585 - utils.logger - INFO - Cur epoch 64 loss ccc:1.0088
2021-06-19 22:33:18,585 - utils.logger - INFO - saving the model at the end of epoch 64, iters 384
2021-06-19 22:33:18,832 - utils.logger - INFO - End of training epoch 64 / 70 	 Time Taken: 1 sec, Data loading: 0 sec
2021-06-19 22:33:18,832 - utils.logger - INFO - learning rate = 0.0000073
2021-06-19 22:33:19,289 - utils.logger - INFO - Trn result of epoch 64 / 70 mse 0.0385 rmse 0.1963 pcc 0.4205 ccc 0.2671
2021-06-19 22:33:19,453 - utils.logger - INFO - Val result of epoch 64 / 70 mse 0.0300 rmse 0.1731 pcc 0.4720 ccc 0.3658
2021-06-19 22:33:19,892 - utils.logger - INFO - Cur epoch 65 loss ccc:0.1106
2021-06-19 22:33:20,338 - utils.logger - INFO - Cur epoch 65 loss ccc:0.1249
2021-06-19 22:33:20,709 - utils.logger - INFO - Cur epoch 65 loss ccc:1.0001
2021-06-19 22:33:20,709 - utils.logger - INFO - saving the model at the end of epoch 65, iters 390
2021-06-19 22:33:20,953 - utils.logger - INFO - End of training epoch 65 / 70 	 Time Taken: 1 sec, Data loading: 0 sec
2021-06-19 22:33:20,953 - utils.logger - INFO - learning rate = 0.0000061
2021-06-19 22:33:21,411 - utils.logger - INFO - Trn result of epoch 65 / 70 mse 0.0375 rmse 0.1936 pcc 0.4238 ccc 0.2729
2021-06-19 22:33:21,574 - utils.logger - INFO - Val result of epoch 65 / 70 mse 0.0296 rmse 0.1721 pcc 0.4721 ccc 0.3687
2021-06-19 22:33:21,985 - utils.logger - INFO - Cur epoch 66 loss ccc:0.1022
2021-06-19 22:33:22,405 - utils.logger - INFO - Cur epoch 66 loss ccc:0.0947
2021-06-19 22:33:22,739 - utils.logger - INFO - Cur epoch 66 loss ccc:0.9908
2021-06-19 22:33:22,739 - utils.logger - INFO - saving the model at the end of epoch 66, iters 396
2021-06-19 22:33:23,111 - utils.logger - INFO - End of training epoch 66 / 70 	 Time Taken: 1 sec, Data loading: 0 sec
2021-06-19 22:33:23,112 - utils.logger - INFO - learning rate = 0.0000049
2021-06-19 22:33:23,535 - utils.logger - INFO - Trn result of epoch 66 / 70 mse 0.0374 rmse 0.1933 pcc 0.4239 ccc 0.2751
2021-06-19 22:33:23,680 - utils.logger - INFO - Val result of epoch 66 / 70 mse 0.0295 rmse 0.1718 pcc 0.4742 ccc 0.3725
2021-06-19 22:33:24,087 - utils.logger - INFO - Cur epoch 67 loss ccc:0.1068
2021-06-19 22:33:24,502 - utils.logger - INFO - Cur epoch 67 loss ccc:0.0995
2021-06-19 22:33:24,875 - utils.logger - INFO - Cur epoch 67 loss ccc:0.9871
2021-06-19 22:33:24,875 - utils.logger - INFO - saving the model at the end of epoch 67, iters 402
2021-06-19 22:33:25,117 - utils.logger - INFO - End of training epoch 67 / 70 	 Time Taken: 1 sec, Data loading: 0 sec
2021-06-19 22:33:25,117 - utils.logger - INFO - learning rate = 0.0000037
2021-06-19 22:33:25,538 - utils.logger - INFO - Trn result of epoch 67 / 70 mse 0.0374 rmse 0.1934 pcc 0.4234 ccc 0.2740
2021-06-19 22:33:25,686 - utils.logger - INFO - Val result of epoch 67 / 70 mse 0.0294 rmse 0.1716 pcc 0.4757 ccc 0.3724
2021-06-19 22:33:26,108 - utils.logger - INFO - Cur epoch 68 loss ccc:0.1150
2021-06-19 22:33:26,513 - utils.logger - INFO - Cur epoch 68 loss ccc:0.1190
2021-06-19 22:33:26,843 - utils.logger - INFO - Cur epoch 68 loss ccc:0.9975
2021-06-19 22:33:26,843 - utils.logger - INFO - saving the model at the end of epoch 68, iters 408
2021-06-19 22:33:27,084 - utils.logger - INFO - End of training epoch 68 / 70 	 Time Taken: 1 sec, Data loading: 0 sec
2021-06-19 22:33:27,084 - utils.logger - INFO - learning rate = 0.0000024
2021-06-19 22:33:27,545 - utils.logger - INFO - Trn result of epoch 68 / 70 mse 0.0374 rmse 0.1933 pcc 0.4237 ccc 0.2741
2021-06-19 22:33:27,715 - utils.logger - INFO - Val result of epoch 68 / 70 mse 0.0295 rmse 0.1717 pcc 0.4751 ccc 0.3718
2021-06-19 22:33:28,129 - utils.logger - INFO - Cur epoch 69 loss ccc:0.1195
2021-06-19 22:33:28,527 - utils.logger - INFO - Cur epoch 69 loss ccc:0.1118
2021-06-19 22:33:28,844 - utils.logger - INFO - Cur epoch 69 loss ccc:1.0025
2021-06-19 22:33:28,844 - utils.logger - INFO - saving the model at the end of epoch 69, iters 414
2021-06-19 22:33:29,076 - utils.logger - INFO - End of training epoch 69 / 70 	 Time Taken: 1 sec, Data loading: 0 sec
2021-06-19 22:33:29,076 - utils.logger - INFO - learning rate = 0.0000012
2021-06-19 22:33:29,506 - utils.logger - INFO - Trn result of epoch 69 / 70 mse 0.0374 rmse 0.1933 pcc 0.4236 ccc 0.2742
2021-06-19 22:33:29,660 - utils.logger - INFO - Val result of epoch 69 / 70 mse 0.0295 rmse 0.1716 pcc 0.4754 ccc 0.3721
2021-06-19 22:33:30,073 - utils.logger - INFO - Cur epoch 70 loss ccc:0.1007
2021-06-19 22:33:30,468 - utils.logger - INFO - Cur epoch 70 loss ccc:0.1228
2021-06-19 22:33:30,790 - utils.logger - INFO - Cur epoch 70 loss ccc:0.9969
2021-06-19 22:33:30,790 - utils.logger - INFO - saving the model at the end of epoch 70, iters 420
2021-06-19 22:33:31,178 - utils.logger - INFO - End of training epoch 70 / 70 	 Time Taken: 1 sec, Data loading: 0 sec
2021-06-19 22:33:31,178 - utils.logger - INFO - learning rate = 0.0000000
2021-06-19 22:33:31,613 - utils.logger - INFO - Trn result of epoch 70 / 70 mse 0.0372 rmse 0.1929 pcc 0.4243 ccc 0.2747
2021-06-19 22:33:31,777 - utils.logger - INFO - Val result of epoch 70 / 70 mse 0.0294 rmse 0.1716 pcc 0.4750 ccc 0.3713
2021-06-19 22:33:31,777 - utils.logger - INFO - Best eval epoch 66 found with ccc 0.372513
2021-06-19 22:33:31,778 - utils.logger - INFO - baseline_fcfusion_wonorm_wav2vec-egemaps_valence_hidden1024_seq100_lr5e-05_cccloss_run2
