2021-06-07 03:34:38,039 - utils.logger - INFO - The number of training samples = 41
2021-06-07 03:34:40,668 - utils.logger - INFO - Cur epoch 1 loss MSE:0.1171
2021-06-07 03:34:40,998 - utils.logger - INFO - Cur epoch 1 loss MSE:0.4940
2021-06-07 03:34:41,263 - utils.logger - INFO - Cur epoch 1 loss MSE:0.7947
2021-06-07 03:34:41,263 - utils.logger - INFO - saving the model at the end of epoch 1, iters 6
2021-06-07 03:34:41,385 - utils.logger - INFO - End of training epoch 1 / 50 	 Time Taken: 1 sec, Data loading: 0 sec
2021-06-07 03:34:41,386 - utils.logger - INFO - learning rate = 0.0000100
2021-06-07 03:34:41,721 - utils.logger - INFO - Trn result of epoch 1 / 50 mse 0.0895 rmse 0.2992 pcc 0.0697 ccc 0.0005
2021-06-07 03:34:41,841 - utils.logger - INFO - Val result of epoch 1 / 50 mse 0.0937 rmse 0.3061 pcc 0.0005 ccc 0.0000
2021-06-07 03:34:42,169 - utils.logger - INFO - Cur epoch 2 loss MSE:1.8351
2021-06-07 03:34:42,498 - utils.logger - INFO - Cur epoch 2 loss MSE:0.0495
2021-06-07 03:34:42,767 - utils.logger - INFO - Cur epoch 2 loss MSE:0.6400
2021-06-07 03:34:42,767 - utils.logger - INFO - saving the model at the end of epoch 2, iters 12
2021-06-07 03:34:42,914 - utils.logger - INFO - End of training epoch 2 / 50 	 Time Taken: 1 sec, Data loading: 0 sec
2021-06-07 03:34:42,914 - utils.logger - INFO - learning rate = 0.0000100
2021-06-07 03:34:43,262 - utils.logger - INFO - Trn result of epoch 2 / 50 mse 0.0895 rmse 0.2991 pcc 0.1088 ccc 0.0010
2021-06-07 03:34:43,386 - utils.logger - INFO - Val result of epoch 2 / 50 mse 0.0936 rmse 0.3060 pcc 0.0062 ccc 0.0001
2021-06-07 03:34:43,697 - utils.logger - INFO - Cur epoch 3 loss MSE:8.6879
2021-06-07 03:34:44,023 - utils.logger - INFO - Cur epoch 3 loss MSE:0.3786
2021-06-07 03:34:44,306 - utils.logger - INFO - Cur epoch 3 loss MSE:0.5545
2021-06-07 03:34:44,306 - utils.logger - INFO - saving the model at the end of epoch 3, iters 18
2021-06-07 03:34:44,477 - utils.logger - INFO - End of training epoch 3 / 50 	 Time Taken: 1 sec, Data loading: 0 sec
2021-06-07 03:34:44,477 - utils.logger - INFO - learning rate = 0.0000100
2021-06-07 03:34:44,823 - utils.logger - INFO - Trn result of epoch 3 / 50 mse 0.0894 rmse 0.2991 pcc 0.1145 ccc 0.0015
2021-06-07 03:34:44,945 - utils.logger - INFO - Val result of epoch 3 / 50 mse 0.0936 rmse 0.3060 pcc 0.0117 ccc 0.0002
2021-06-07 03:34:45,264 - utils.logger - INFO - Cur epoch 4 loss MSE:0.2303
2021-06-07 03:34:45,595 - utils.logger - INFO - Cur epoch 4 loss MSE:0.5098
2021-06-07 03:34:45,875 - utils.logger - INFO - Cur epoch 4 loss MSE:10.8983
2021-06-07 03:34:45,875 - utils.logger - INFO - saving the model at the end of epoch 4, iters 24
2021-06-07 03:34:46,052 - utils.logger - INFO - End of training epoch 4 / 50 	 Time Taken: 1 sec, Data loading: 0 sec
2021-06-07 03:34:46,052 - utils.logger - INFO - learning rate = 0.0000100
2021-06-07 03:34:46,396 - utils.logger - INFO - Trn result of epoch 4 / 50 mse 0.0894 rmse 0.2989 pcc 0.1501 ccc 0.0025
2021-06-07 03:34:46,515 - utils.logger - INFO - Val result of epoch 4 / 50 mse 0.0936 rmse 0.3059 pcc 0.0103 ccc 0.0002
2021-06-07 03:34:46,826 - utils.logger - INFO - Cur epoch 5 loss MSE:0.2556
2021-06-07 03:34:47,147 - utils.logger - INFO - Cur epoch 5 loss MSE:0.2189
2021-06-07 03:34:47,427 - utils.logger - INFO - Cur epoch 5 loss MSE:0.1864
2021-06-07 03:34:47,427 - utils.logger - INFO - saving the model at the end of epoch 5, iters 30
2021-06-07 03:34:47,591 - utils.logger - INFO - End of training epoch 5 / 50 	 Time Taken: 1 sec, Data loading: 0 sec
2021-06-07 03:34:47,591 - utils.logger - INFO - learning rate = 0.0000100
2021-06-07 03:34:47,933 - utils.logger - INFO - Trn result of epoch 5 / 50 mse 0.0894 rmse 0.2990 pcc 0.1113 ccc 0.0023
2021-06-07 03:34:48,054 - utils.logger - INFO - Val result of epoch 5 / 50 mse 0.0936 rmse 0.3059 pcc 0.0118 ccc 0.0003
2021-06-07 03:34:48,367 - utils.logger - INFO - Cur epoch 6 loss MSE:0.0143
2021-06-07 03:34:48,695 - utils.logger - INFO - Cur epoch 6 loss MSE:0.1482
2021-06-07 03:34:48,968 - utils.logger - INFO - Cur epoch 6 loss MSE:1.1680
2021-06-07 03:34:48,968 - utils.logger - INFO - saving the model at the end of epoch 6, iters 36
2021-06-07 03:34:49,131 - utils.logger - INFO - End of training epoch 6 / 50 	 Time Taken: 1 sec, Data loading: 0 sec
2021-06-07 03:34:49,131 - utils.logger - INFO - learning rate = 0.0000100
2021-06-07 03:34:49,482 - utils.logger - INFO - Trn result of epoch 6 / 50 mse 0.0893 rmse 0.2988 pcc 0.1477 ccc 0.0037
2021-06-07 03:34:49,604 - utils.logger - INFO - Val result of epoch 6 / 50 mse 0.0935 rmse 0.3058 pcc 0.0178 ccc 0.0005
2021-06-07 03:34:49,931 - utils.logger - INFO - Cur epoch 7 loss MSE:0.0470
2021-06-07 03:34:50,256 - utils.logger - INFO - Cur epoch 7 loss MSE:1.4207
2021-06-07 03:34:50,531 - utils.logger - INFO - Cur epoch 7 loss MSE:3.2667
2021-06-07 03:34:50,531 - utils.logger - INFO - saving the model at the end of epoch 7, iters 42
2021-06-07 03:34:50,694 - utils.logger - INFO - End of training epoch 7 / 50 	 Time Taken: 1 sec, Data loading: 0 sec
2021-06-07 03:34:50,694 - utils.logger - INFO - learning rate = 0.0000100
2021-06-07 03:34:51,035 - utils.logger - INFO - Trn result of epoch 7 / 50 mse 0.0892 rmse 0.2986 pcc 0.1429 ccc 0.0051
2021-06-07 03:34:51,154 - utils.logger - INFO - Val result of epoch 7 / 50 mse 0.0934 rmse 0.3057 pcc 0.0170 ccc 0.0007
2021-06-07 03:34:51,482 - utils.logger - INFO - Cur epoch 8 loss MSE:0.0239
2021-06-07 03:34:51,803 - utils.logger - INFO - Cur epoch 8 loss MSE:0.3041
2021-06-07 03:34:52,066 - utils.logger - INFO - Cur epoch 8 loss MSE:0.5730
2021-06-07 03:34:52,066 - utils.logger - INFO - saving the model at the end of epoch 8, iters 48
2021-06-07 03:34:52,229 - utils.logger - INFO - End of training epoch 8 / 50 	 Time Taken: 1 sec, Data loading: 0 sec
2021-06-07 03:34:52,230 - utils.logger - INFO - learning rate = 0.0000100
2021-06-07 03:34:52,563 - utils.logger - INFO - Trn result of epoch 8 / 50 mse 0.0891 rmse 0.2985 pcc 0.1396 ccc 0.0055
2021-06-07 03:34:52,679 - utils.logger - INFO - Val result of epoch 8 / 50 mse 0.0935 rmse 0.3057 pcc 0.0162 ccc 0.0007
2021-06-07 03:34:52,998 - utils.logger - INFO - Cur epoch 9 loss MSE:1.8821
2021-06-07 03:34:53,320 - utils.logger - INFO - Cur epoch 9 loss MSE:0.2987
2021-06-07 03:34:53,587 - utils.logger - INFO - Cur epoch 9 loss MSE:8.4966
2021-06-07 03:34:53,587 - utils.logger - INFO - saving the model at the end of epoch 9, iters 54
2021-06-07 03:34:53,754 - utils.logger - INFO - End of training epoch 9 / 50 	 Time Taken: 1 sec, Data loading: 0 sec
2021-06-07 03:34:53,754 - utils.logger - INFO - learning rate = 0.0000100
2021-06-07 03:34:54,091 - utils.logger - INFO - Trn result of epoch 9 / 50 mse 0.0890 rmse 0.2984 pcc 0.1703 ccc 0.0066
2021-06-07 03:34:54,208 - utils.logger - INFO - Val result of epoch 9 / 50 mse 0.0935 rmse 0.3058 pcc 0.0063 ccc 0.0003
2021-06-07 03:34:54,517 - utils.logger - INFO - Cur epoch 10 loss MSE:0.5208
2021-06-07 03:34:54,845 - utils.logger - INFO - Cur epoch 10 loss MSE:1.4007
2021-06-07 03:34:55,105 - utils.logger - INFO - Cur epoch 10 loss MSE:12.2099
2021-06-07 03:34:55,105 - utils.logger - INFO - saving the model at the end of epoch 10, iters 60
2021-06-07 03:34:55,271 - utils.logger - INFO - End of training epoch 10 / 50 	 Time Taken: 1 sec, Data loading: 0 sec
2021-06-07 03:34:55,271 - utils.logger - INFO - learning rate = 0.0000100
2021-06-07 03:34:55,606 - utils.logger - INFO - Trn result of epoch 10 / 50 mse 0.0890 rmse 0.2982 pcc 0.1775 ccc 0.0073
2021-06-07 03:34:55,722 - utils.logger - INFO - Val result of epoch 10 / 50 mse 0.0935 rmse 0.3058 pcc 0.0091 ccc 0.0004
2021-06-07 03:34:56,047 - utils.logger - INFO - Cur epoch 11 loss MSE:0.2389
2021-06-07 03:34:56,378 - utils.logger - INFO - Cur epoch 11 loss MSE:0.5341
2021-06-07 03:34:56,639 - utils.logger - INFO - Cur epoch 11 loss MSE:4.7047
2021-06-07 03:34:56,639 - utils.logger - INFO - saving the model at the end of epoch 11, iters 66
2021-06-07 03:34:56,804 - utils.logger - INFO - End of training epoch 11 / 50 	 Time Taken: 1 sec, Data loading: 0 sec
2021-06-07 03:34:56,805 - utils.logger - INFO - learning rate = 0.0000100
2021-06-07 03:34:57,151 - utils.logger - INFO - Trn result of epoch 11 / 50 mse 0.0888 rmse 0.2981 pcc 0.1863 ccc 0.0084
2021-06-07 03:34:57,272 - utils.logger - INFO - Val result of epoch 11 / 50 mse 0.0936 rmse 0.3060 pcc 0.0120 ccc 0.0006
2021-06-07 03:34:57,611 - utils.logger - INFO - Cur epoch 12 loss MSE:1.4593
2021-06-07 03:34:57,949 - utils.logger - INFO - Cur epoch 12 loss MSE:0.1405
2021-06-07 03:34:58,238 - utils.logger - INFO - Cur epoch 12 loss MSE:2.4053
2021-06-07 03:34:58,238 - utils.logger - INFO - saving the model at the end of epoch 12, iters 72
2021-06-07 03:34:58,374 - utils.logger - INFO - End of training epoch 12 / 50 	 Time Taken: 1 sec, Data loading: 0 sec
2021-06-07 03:34:58,374 - utils.logger - INFO - learning rate = 0.0000100
2021-06-07 03:34:58,713 - utils.logger - INFO - Trn result of epoch 12 / 50 mse 0.0886 rmse 0.2976 pcc 0.2159 ccc 0.0115
2021-06-07 03:34:58,831 - utils.logger - INFO - Val result of epoch 12 / 50 mse 0.0936 rmse 0.3060 pcc 0.0145 ccc 0.0008
2021-06-07 03:34:59,151 - utils.logger - INFO - Cur epoch 13 loss MSE:0.0989
2021-06-07 03:34:59,469 - utils.logger - INFO - Cur epoch 13 loss MSE:0.0082
2021-06-07 03:34:59,748 - utils.logger - INFO - Cur epoch 13 loss MSE:0.2016
2021-06-07 03:34:59,748 - utils.logger - INFO - saving the model at the end of epoch 13, iters 78
2021-06-07 03:34:59,911 - utils.logger - INFO - End of training epoch 13 / 50 	 Time Taken: 1 sec, Data loading: 0 sec
2021-06-07 03:34:59,911 - utils.logger - INFO - learning rate = 0.0000100
2021-06-07 03:35:00,248 - utils.logger - INFO - Trn result of epoch 13 / 50 mse 0.0883 rmse 0.2972 pcc 0.2320 ccc 0.0145
2021-06-07 03:35:00,364 - utils.logger - INFO - Val result of epoch 13 / 50 mse 0.0936 rmse 0.3060 pcc 0.0142 ccc 0.0010
2021-06-07 03:35:00,690 - utils.logger - INFO - Cur epoch 14 loss MSE:0.1876
2021-06-07 03:35:01,012 - utils.logger - INFO - Cur epoch 14 loss MSE:1.4774
2021-06-07 03:35:01,274 - utils.logger - INFO - Cur epoch 14 loss MSE:6.4896
2021-06-07 03:35:01,274 - utils.logger - INFO - saving the model at the end of epoch 14, iters 84
2021-06-07 03:35:01,439 - utils.logger - INFO - End of training epoch 14 / 50 	 Time Taken: 1 sec, Data loading: 0 sec
2021-06-07 03:35:01,439 - utils.logger - INFO - learning rate = 0.0000100
2021-06-07 03:35:01,778 - utils.logger - INFO - Trn result of epoch 14 / 50 mse 0.0878 rmse 0.2964 pcc 0.2910 ccc 0.0199
2021-06-07 03:35:01,894 - utils.logger - INFO - Val result of epoch 14 / 50 mse 0.0940 rmse 0.3066 pcc -0.0008 ccc -0.0001
2021-06-07 03:35:02,214 - utils.logger - INFO - Cur epoch 15 loss MSE:0.0149
2021-06-07 03:35:02,535 - utils.logger - INFO - Cur epoch 15 loss MSE:0.1760
2021-06-07 03:35:02,815 - utils.logger - INFO - Cur epoch 15 loss MSE:0.1941
2021-06-07 03:35:02,815 - utils.logger - INFO - saving the model at the end of epoch 15, iters 90
2021-06-07 03:35:02,981 - utils.logger - INFO - End of training epoch 15 / 50 	 Time Taken: 1 sec, Data loading: 0 sec
2021-06-07 03:35:02,981 - utils.logger - INFO - learning rate = 0.0000100
2021-06-07 03:35:03,327 - utils.logger - INFO - Trn result of epoch 15 / 50 mse 0.0876 rmse 0.2960 pcc 0.2932 ccc 0.0229
2021-06-07 03:35:03,445 - utils.logger - INFO - Val result of epoch 15 / 50 mse 0.0941 rmse 0.3067 pcc -0.0059 ccc -0.0004
2021-06-07 03:35:03,775 - utils.logger - INFO - Cur epoch 16 loss MSE:1.3861
2021-06-07 03:35:04,100 - utils.logger - INFO - Cur epoch 16 loss MSE:0.2039
2021-06-07 03:35:04,360 - utils.logger - INFO - Cur epoch 16 loss MSE:8.5518
2021-06-07 03:35:04,361 - utils.logger - INFO - saving the model at the end of epoch 16, iters 96
2021-06-07 03:35:04,510 - utils.logger - INFO - End of training epoch 16 / 50 	 Time Taken: 1 sec, Data loading: 0 sec
2021-06-07 03:35:04,510 - utils.logger - INFO - learning rate = 0.0000100
2021-06-07 03:35:04,844 - utils.logger - INFO - Trn result of epoch 16 / 50 mse 0.0874 rmse 0.2957 pcc 0.2837 ccc 0.0255
2021-06-07 03:35:04,962 - utils.logger - INFO - Val result of epoch 16 / 50 mse 0.0942 rmse 0.3070 pcc -0.0070 ccc -0.0006
2021-06-07 03:35:05,271 - utils.logger - INFO - Cur epoch 17 loss MSE:0.0551
2021-06-07 03:35:05,614 - utils.logger - INFO - Cur epoch 17 loss MSE:0.2547
2021-06-07 03:35:05,902 - utils.logger - INFO - Cur epoch 17 loss MSE:7.5531
2021-06-07 03:35:05,902 - utils.logger - INFO - saving the model at the end of epoch 17, iters 102
2021-06-07 03:35:06,068 - utils.logger - INFO - End of training epoch 17 / 50 	 Time Taken: 1 sec, Data loading: 0 sec
2021-06-07 03:35:06,069 - utils.logger - INFO - learning rate = 0.0000100
2021-06-07 03:35:06,406 - utils.logger - INFO - Trn result of epoch 17 / 50 mse 0.0870 rmse 0.2950 pcc 0.3053 ccc 0.0307
2021-06-07 03:35:06,523 - utils.logger - INFO - Val result of epoch 17 / 50 mse 0.0942 rmse 0.3069 pcc -0.0204 ccc -0.0020
2021-06-07 03:35:06,869 - utils.logger - INFO - Cur epoch 18 loss MSE:0.0949
2021-06-07 03:35:07,203 - utils.logger - INFO - Cur epoch 18 loss MSE:0.2047
2021-06-07 03:35:07,502 - utils.logger - INFO - Cur epoch 18 loss MSE:0.9889
2021-06-07 03:35:07,502 - utils.logger - INFO - saving the model at the end of epoch 18, iters 108
2021-06-07 03:35:07,662 - utils.logger - INFO - End of training epoch 18 / 50 	 Time Taken: 1 sec, Data loading: 0 sec
2021-06-07 03:35:07,662 - utils.logger - INFO - learning rate = 0.0000100
2021-06-07 03:35:08,002 - utils.logger - INFO - Trn result of epoch 18 / 50 mse 0.0864 rmse 0.2939 pcc 0.2888 ccc 0.0401
2021-06-07 03:35:08,119 - utils.logger - INFO - Val result of epoch 18 / 50 mse 0.0949 rmse 0.3081 pcc -0.0132 ccc -0.0018
2021-06-07 03:35:08,464 - utils.logger - INFO - Cur epoch 19 loss MSE:0.2341
2021-06-07 03:35:08,797 - utils.logger - INFO - Cur epoch 19 loss MSE:0.0001
2021-06-07 03:35:09,085 - utils.logger - INFO - Cur epoch 19 loss MSE:15.4510
2021-06-07 03:35:09,085 - utils.logger - INFO - saving the model at the end of epoch 19, iters 114
2021-06-07 03:35:09,250 - utils.logger - INFO - End of training epoch 19 / 50 	 Time Taken: 1 sec, Data loading: 0 sec
2021-06-07 03:35:09,250 - utils.logger - INFO - learning rate = 0.0000100
2021-06-07 03:35:09,584 - utils.logger - INFO - Trn result of epoch 19 / 50 mse 0.0863 rmse 0.2938 pcc 0.2868 ccc 0.0410
2021-06-07 03:35:09,702 - utils.logger - INFO - Val result of epoch 19 / 50 mse 0.0943 rmse 0.3071 pcc -0.0077 ccc -0.0011
2021-06-07 03:35:10,051 - utils.logger - INFO - Cur epoch 20 loss MSE:1.5587
2021-06-07 03:35:10,387 - utils.logger - INFO - Cur epoch 20 loss MSE:0.1470
2021-06-07 03:35:10,656 - utils.logger - INFO - Cur epoch 20 loss MSE:14.1503
2021-06-07 03:35:10,656 - utils.logger - INFO - saving the model at the end of epoch 20, iters 120
2021-06-07 03:35:10,822 - utils.logger - INFO - End of training epoch 20 / 50 	 Time Taken: 1 sec, Data loading: 0 sec
2021-06-07 03:35:10,822 - utils.logger - INFO - learning rate = 0.0000097
2021-06-07 03:35:11,170 - utils.logger - INFO - Trn result of epoch 20 / 50 mse 0.0847 rmse 0.2910 pcc 0.3368 ccc 0.0626
2021-06-07 03:35:11,291 - utils.logger - INFO - Val result of epoch 20 / 50 mse 0.0954 rmse 0.3089 pcc -0.0300 ccc -0.0050
2021-06-07 03:35:11,620 - utils.logger - INFO - Cur epoch 21 loss MSE:1.5679
2021-06-07 03:35:11,939 - utils.logger - INFO - Cur epoch 21 loss MSE:0.5839
2021-06-07 03:35:12,211 - utils.logger - INFO - Cur epoch 21 loss MSE:0.0987
2021-06-07 03:35:12,212 - utils.logger - INFO - saving the model at the end of epoch 21, iters 126
2021-06-07 03:35:12,375 - utils.logger - INFO - End of training epoch 21 / 50 	 Time Taken: 1 sec, Data loading: 0 sec
2021-06-07 03:35:12,375 - utils.logger - INFO - learning rate = 0.0000094
2021-06-07 03:35:12,709 - utils.logger - INFO - Trn result of epoch 21 / 50 mse 0.0821 rmse 0.2865 pcc 0.3453 ccc 0.1276
2021-06-07 03:35:12,825 - utils.logger - INFO - Val result of epoch 21 / 50 mse 0.0997 rmse 0.3157 pcc -0.0011 ccc -0.0004
2021-06-07 03:35:13,152 - utils.logger - INFO - Cur epoch 22 loss MSE:0.4318
2021-06-07 03:35:13,477 - utils.logger - INFO - Cur epoch 22 loss MSE:1.5254
2021-06-07 03:35:13,742 - utils.logger - INFO - Cur epoch 22 loss MSE:0.5130
2021-06-07 03:35:13,742 - utils.logger - INFO - saving the model at the end of epoch 22, iters 132
2021-06-07 03:35:13,908 - utils.logger - INFO - End of training epoch 22 / 50 	 Time Taken: 1 sec, Data loading: 0 sec
2021-06-07 03:35:13,908 - utils.logger - INFO - learning rate = 0.0000090
2021-06-07 03:35:14,241 - utils.logger - INFO - Trn result of epoch 22 / 50 mse 0.0792 rmse 0.2813 pcc 0.4058 ccc 0.1567
2021-06-07 03:35:14,358 - utils.logger - INFO - Val result of epoch 22 / 50 mse 0.0982 rmse 0.3134 pcc 0.0019 ccc 0.0006
2021-06-07 03:35:14,682 - utils.logger - INFO - Cur epoch 23 loss MSE:0.1524
2021-06-07 03:35:15,005 - utils.logger - INFO - Cur epoch 23 loss MSE:0.0835
2021-06-07 03:35:15,275 - utils.logger - INFO - Cur epoch 23 loss MSE:6.5455
2021-06-07 03:35:15,275 - utils.logger - INFO - saving the model at the end of epoch 23, iters 138
2021-06-07 03:35:15,443 - utils.logger - INFO - End of training epoch 23 / 50 	 Time Taken: 1 sec, Data loading: 0 sec
2021-06-07 03:35:15,444 - utils.logger - INFO - learning rate = 0.0000087
2021-06-07 03:35:15,777 - utils.logger - INFO - Trn result of epoch 23 / 50 mse 0.0788 rmse 0.2807 pcc 0.4101 ccc 0.1560
2021-06-07 03:35:15,892 - utils.logger - INFO - Val result of epoch 23 / 50 mse 0.0975 rmse 0.3122 pcc -0.0082 ccc -0.0026
2021-06-07 03:35:16,222 - utils.logger - INFO - Cur epoch 24 loss MSE:0.7558
2021-06-07 03:35:16,548 - utils.logger - INFO - Cur epoch 24 loss MSE:1.3774
2021-06-07 03:35:16,819 - utils.logger - INFO - Cur epoch 24 loss MSE:0.5751
2021-06-07 03:35:16,819 - utils.logger - INFO - saving the model at the end of epoch 24, iters 144
2021-06-07 03:35:16,982 - utils.logger - INFO - End of training epoch 24 / 50 	 Time Taken: 1 sec, Data loading: 0 sec
2021-06-07 03:35:16,982 - utils.logger - INFO - learning rate = 0.0000084
2021-06-07 03:35:17,321 - utils.logger - INFO - Trn result of epoch 24 / 50 mse 0.0768 rmse 0.2771 pcc 0.4109 ccc 0.2300
2021-06-07 03:35:17,437 - utils.logger - INFO - Val result of epoch 24 / 50 mse 0.1014 rmse 0.3184 pcc 0.0052 ccc 0.0024
2021-06-07 03:35:17,764 - utils.logger - INFO - Cur epoch 25 loss MSE:0.1307
2021-06-07 03:35:18,097 - utils.logger - INFO - Cur epoch 25 loss MSE:0.4254
2021-06-07 03:35:18,358 - utils.logger - INFO - Cur epoch 25 loss MSE:3.9578
2021-06-07 03:35:18,359 - utils.logger - INFO - saving the model at the end of epoch 25, iters 150
2021-06-07 03:35:18,537 - utils.logger - INFO - End of training epoch 25 / 50 	 Time Taken: 1 sec, Data loading: 0 sec
2021-06-07 03:35:18,537 - utils.logger - INFO - learning rate = 0.0000081
2021-06-07 03:35:18,874 - utils.logger - INFO - Trn result of epoch 25 / 50 mse 0.0851 rmse 0.2918 pcc 0.3677 ccc 0.2493
2021-06-07 03:35:18,993 - utils.logger - INFO - Val result of epoch 25 / 50 mse 0.1287 rmse 0.3587 pcc -0.1181 ccc -0.0751
2021-06-07 03:35:19,309 - utils.logger - INFO - Cur epoch 26 loss MSE:0.0714
2021-06-07 03:35:19,640 - utils.logger - INFO - Cur epoch 26 loss MSE:0.6355
2021-06-07 03:35:19,907 - utils.logger - INFO - Cur epoch 26 loss MSE:6.2409
2021-06-07 03:35:19,908 - utils.logger - INFO - saving the model at the end of epoch 26, iters 156
2021-06-07 03:35:20,075 - utils.logger - INFO - End of training epoch 26 / 50 	 Time Taken: 1 sec, Data loading: 0 sec
2021-06-07 03:35:20,075 - utils.logger - INFO - learning rate = 0.0000077
2021-06-07 03:35:20,412 - utils.logger - INFO - Trn result of epoch 26 / 50 mse 0.0718 rmse 0.2679 pcc 0.4947 ccc 0.2663
2021-06-07 03:35:20,531 - utils.logger - INFO - Val result of epoch 26 / 50 mse 0.1006 rmse 0.3172 pcc -0.0273 ccc -0.0119
2021-06-07 03:35:20,871 - utils.logger - INFO - Cur epoch 27 loss MSE:0.3920
2021-06-07 03:35:21,197 - utils.logger - INFO - Cur epoch 27 loss MSE:0.1054
2021-06-07 03:35:21,468 - utils.logger - INFO - Cur epoch 27 loss MSE:4.6429
2021-06-07 03:35:21,468 - utils.logger - INFO - saving the model at the end of epoch 27, iters 162
2021-06-07 03:35:21,635 - utils.logger - INFO - End of training epoch 27 / 50 	 Time Taken: 1 sec, Data loading: 0 sec
2021-06-07 03:35:21,636 - utils.logger - INFO - learning rate = 0.0000074
2021-06-07 03:35:21,973 - utils.logger - INFO - Trn result of epoch 27 / 50 mse 0.0706 rmse 0.2657 pcc 0.5136 ccc 0.3230
2021-06-07 03:35:22,088 - utils.logger - INFO - Val result of epoch 27 / 50 mse 0.0985 rmse 0.3139 pcc 0.0615 ccc 0.0304
2021-06-07 03:35:22,416 - utils.logger - INFO - Cur epoch 28 loss MSE:0.0677
2021-06-07 03:35:22,741 - utils.logger - INFO - Cur epoch 28 loss MSE:0.1298
2021-06-07 03:35:23,013 - utils.logger - INFO - Cur epoch 28 loss MSE:0.3920
2021-06-07 03:35:23,013 - utils.logger - INFO - saving the model at the end of epoch 28, iters 168
2021-06-07 03:35:23,179 - utils.logger - INFO - End of training epoch 28 / 50 	 Time Taken: 1 sec, Data loading: 0 sec
2021-06-07 03:35:23,179 - utils.logger - INFO - learning rate = 0.0000071
2021-06-07 03:35:23,516 - utils.logger - INFO - Trn result of epoch 28 / 50 mse 0.0768 rmse 0.2772 pcc 0.4193 ccc 0.2672
2021-06-07 03:35:23,634 - utils.logger - INFO - Val result of epoch 28 / 50 mse 0.1163 rmse 0.3410 pcc -0.1377 ccc -0.0788
2021-06-07 03:35:23,966 - utils.logger - INFO - Cur epoch 29 loss MSE:0.5246
2021-06-07 03:35:24,290 - utils.logger - INFO - Cur epoch 29 loss MSE:0.1941
2021-06-07 03:35:24,552 - utils.logger - INFO - Cur epoch 29 loss MSE:4.7341
2021-06-07 03:35:24,552 - utils.logger - INFO - saving the model at the end of epoch 29, iters 174
2021-06-07 03:35:24,717 - utils.logger - INFO - End of training epoch 29 / 50 	 Time Taken: 1 sec, Data loading: 0 sec
2021-06-07 03:35:24,717 - utils.logger - INFO - learning rate = 0.0000068
2021-06-07 03:35:25,054 - utils.logger - INFO - Trn result of epoch 29 / 50 mse 0.0891 rmse 0.2986 pcc 0.4819 ccc 0.3382
2021-06-07 03:35:25,172 - utils.logger - INFO - Val result of epoch 29 / 50 mse 0.1532 rmse 0.3914 pcc -0.1248 ccc -0.0840
2021-06-07 03:35:25,510 - utils.logger - INFO - Cur epoch 30 loss MSE:0.5480
2021-06-07 03:35:25,834 - utils.logger - INFO - Cur epoch 30 loss MSE:0.5495
2021-06-07 03:35:26,100 - utils.logger - INFO - Cur epoch 30 loss MSE:7.6487
2021-06-07 03:35:26,100 - utils.logger - INFO - saving the model at the end of epoch 30, iters 180
2021-06-07 03:35:26,270 - utils.logger - INFO - End of training epoch 30 / 50 	 Time Taken: 1 sec, Data loading: 0 sec
2021-06-07 03:35:26,270 - utils.logger - INFO - learning rate = 0.0000065
2021-06-07 03:35:26,612 - utils.logger - INFO - Trn result of epoch 30 / 50 mse 0.0714 rmse 0.2672 pcc 0.5137 ccc 0.3325
2021-06-07 03:35:26,733 - utils.logger - INFO - Val result of epoch 30 / 50 mse 0.1221 rmse 0.3495 pcc -0.1533 ccc -0.0912
2021-06-07 03:35:27,057 - utils.logger - INFO - Cur epoch 31 loss MSE:1.2502
2021-06-07 03:35:27,384 - utils.logger - INFO - Cur epoch 31 loss MSE:0.0998
2021-06-07 03:35:27,646 - utils.logger - INFO - Cur epoch 31 loss MSE:1.4051
2021-06-07 03:35:27,646 - utils.logger - INFO - saving the model at the end of epoch 31, iters 186
2021-06-07 03:35:27,812 - utils.logger - INFO - End of training epoch 31 / 50 	 Time Taken: 1 sec, Data loading: 0 sec
2021-06-07 03:35:27,812 - utils.logger - INFO - learning rate = 0.0000061
2021-06-07 03:35:28,145 - utils.logger - INFO - Trn result of epoch 31 / 50 mse 0.0643 rmse 0.2536 pcc 0.5895 ccc 0.3921
2021-06-07 03:35:28,263 - utils.logger - INFO - Val result of epoch 31 / 50 mse 0.1195 rmse 0.3457 pcc -0.1322 ccc -0.0792
2021-06-07 03:35:28,587 - utils.logger - INFO - Cur epoch 32 loss MSE:0.2234
2021-06-07 03:35:28,916 - utils.logger - INFO - Cur epoch 32 loss MSE:0.0688
2021-06-07 03:35:29,191 - utils.logger - INFO - Cur epoch 32 loss MSE:0.6008
2021-06-07 03:35:29,191 - utils.logger - INFO - saving the model at the end of epoch 32, iters 192
2021-06-07 03:35:29,354 - utils.logger - INFO - End of training epoch 32 / 50 	 Time Taken: 1 sec, Data loading: 0 sec
2021-06-07 03:35:29,354 - utils.logger - INFO - learning rate = 0.0000058
2021-06-07 03:35:29,691 - utils.logger - INFO - Trn result of epoch 32 / 50 mse 0.0651 rmse 0.2551 pcc 0.5815 ccc 0.4304
2021-06-07 03:35:29,806 - utils.logger - INFO - Val result of epoch 32 / 50 mse 0.1207 rmse 0.3474 pcc -0.0860 ccc -0.0581
2021-06-07 03:35:30,131 - utils.logger - INFO - Cur epoch 33 loss MSE:0.0191
2021-06-07 03:35:30,452 - utils.logger - INFO - Cur epoch 33 loss MSE:0.0011
2021-06-07 03:35:30,733 - utils.logger - INFO - Cur epoch 33 loss MSE:1.2201
2021-06-07 03:35:30,733 - utils.logger - INFO - saving the model at the end of epoch 33, iters 198
2021-06-07 03:35:30,899 - utils.logger - INFO - End of training epoch 33 / 50 	 Time Taken: 1 sec, Data loading: 0 sec
2021-06-07 03:35:30,900 - utils.logger - INFO - learning rate = 0.0000055
2021-06-07 03:35:31,237 - utils.logger - INFO - Trn result of epoch 33 / 50 mse 0.0662 rmse 0.2572 pcc 0.5282 ccc 0.3713
2021-06-07 03:35:31,354 - utils.logger - INFO - Val result of epoch 33 / 50 mse 0.1150 rmse 0.3392 pcc -0.1312 ccc -0.0844
2021-06-07 03:35:31,681 - utils.logger - INFO - Cur epoch 34 loss MSE:0.1908
2021-06-07 03:35:32,000 - utils.logger - INFO - Cur epoch 34 loss MSE:0.1825
2021-06-07 03:35:32,267 - utils.logger - INFO - Cur epoch 34 loss MSE:7.1007
2021-06-07 03:35:32,267 - utils.logger - INFO - saving the model at the end of epoch 34, iters 204
2021-06-07 03:35:32,436 - utils.logger - INFO - End of training epoch 34 / 50 	 Time Taken: 1 sec, Data loading: 0 sec
2021-06-07 03:35:32,436 - utils.logger - INFO - learning rate = 0.0000052
2021-06-07 03:35:32,780 - utils.logger - INFO - Trn result of epoch 34 / 50 mse 0.0617 rmse 0.2484 pcc 0.5860 ccc 0.4515
2021-06-07 03:35:32,899 - utils.logger - INFO - Val result of epoch 34 / 50 mse 0.1260 rmse 0.3549 pcc -0.1582 ccc -0.1124
2021-06-07 03:35:33,232 - utils.logger - INFO - Cur epoch 35 loss MSE:0.3672
2021-06-07 03:35:33,555 - utils.logger - INFO - Cur epoch 35 loss MSE:0.2751
2021-06-07 03:35:33,818 - utils.logger - INFO - Cur epoch 35 loss MSE:5.0858
2021-06-07 03:35:33,818 - utils.logger - INFO - saving the model at the end of epoch 35, iters 210
2021-06-07 03:35:33,989 - utils.logger - INFO - End of training epoch 35 / 50 	 Time Taken: 1 sec, Data loading: 0 sec
2021-06-07 03:35:33,990 - utils.logger - INFO - learning rate = 0.0000048
2021-06-07 03:35:34,322 - utils.logger - INFO - Trn result of epoch 35 / 50 mse 0.0565 rmse 0.2377 pcc 0.6343 ccc 0.5020
2021-06-07 03:35:34,441 - utils.logger - INFO - Val result of epoch 35 / 50 mse 0.1346 rmse 0.3669 pcc -0.1598 ccc -0.1193
2021-06-07 03:35:34,790 - utils.logger - INFO - Cur epoch 36 loss MSE:0.3146
2021-06-07 03:35:35,130 - utils.logger - INFO - Cur epoch 36 loss MSE:0.1003
2021-06-07 03:35:35,431 - utils.logger - INFO - Cur epoch 36 loss MSE:0.0362
2021-06-07 03:35:35,431 - utils.logger - INFO - saving the model at the end of epoch 36, iters 216
2021-06-07 03:35:35,592 - utils.logger - INFO - End of training epoch 36 / 50 	 Time Taken: 1 sec, Data loading: 0 sec
2021-06-07 03:35:35,593 - utils.logger - INFO - learning rate = 0.0000045
2021-06-07 03:35:35,930 - utils.logger - INFO - Trn result of epoch 36 / 50 mse 0.0646 rmse 0.2541 pcc 0.5917 ccc 0.4845
2021-06-07 03:35:36,047 - utils.logger - INFO - Val result of epoch 36 / 50 mse 0.1385 rmse 0.3721 pcc -0.1225 ccc -0.0949
2021-06-07 03:35:36,398 - utils.logger - INFO - Cur epoch 37 loss MSE:0.1569
2021-06-07 03:35:36,740 - utils.logger - INFO - Cur epoch 37 loss MSE:0.2188
2021-06-07 03:35:37,038 - utils.logger - INFO - Cur epoch 37 loss MSE:0.0025
2021-06-07 03:35:37,039 - utils.logger - INFO - saving the model at the end of epoch 37, iters 222
2021-06-07 03:35:37,196 - utils.logger - INFO - End of training epoch 37 / 50 	 Time Taken: 1 sec, Data loading: 0 sec
2021-06-07 03:35:37,197 - utils.logger - INFO - learning rate = 0.0000042
2021-06-07 03:35:37,535 - utils.logger - INFO - Trn result of epoch 37 / 50 mse 0.0647 rmse 0.2543 pcc 0.5517 ccc 0.4397
2021-06-07 03:35:37,651 - utils.logger - INFO - Val result of epoch 37 / 50 mse 0.1313 rmse 0.3624 pcc -0.1624 ccc -0.1217
2021-06-07 03:35:37,993 - utils.logger - INFO - Cur epoch 38 loss MSE:1.4214
2021-06-07 03:35:38,331 - utils.logger - INFO - Cur epoch 38 loss MSE:0.0012
2021-06-07 03:35:38,623 - utils.logger - INFO - Cur epoch 38 loss MSE:5.3594
2021-06-07 03:35:38,623 - utils.logger - INFO - saving the model at the end of epoch 38, iters 228
2021-06-07 03:35:38,770 - utils.logger - INFO - End of training epoch 38 / 50 	 Time Taken: 1 sec, Data loading: 0 sec
2021-06-07 03:35:38,770 - utils.logger - INFO - learning rate = 0.0000039
2021-06-07 03:35:39,105 - utils.logger - INFO - Trn result of epoch 38 / 50 mse 0.0543 rmse 0.2331 pcc 0.6532 ccc 0.5170
2021-06-07 03:35:39,222 - utils.logger - INFO - Val result of epoch 38 / 50 mse 0.1291 rmse 0.3593 pcc -0.1818 ccc -0.1338
2021-06-07 03:35:39,566 - utils.logger - INFO - Cur epoch 39 loss MSE:0.0384
2021-06-07 03:35:39,908 - utils.logger - INFO - Cur epoch 39 loss MSE:0.3113
2021-06-07 03:35:40,173 - utils.logger - INFO - Cur epoch 39 loss MSE:2.1897
2021-06-07 03:35:40,173 - utils.logger - INFO - saving the model at the end of epoch 39, iters 234
2021-06-07 03:35:40,317 - utils.logger - INFO - End of training epoch 39 / 50 	 Time Taken: 1 sec, Data loading: 0 sec
2021-06-07 03:35:40,317 - utils.logger - INFO - learning rate = 0.0000035
2021-06-07 03:35:40,654 - utils.logger - INFO - Trn result of epoch 39 / 50 mse 0.0567 rmse 0.2380 pcc 0.6318 ccc 0.5179
2021-06-07 03:35:40,773 - utils.logger - INFO - Val result of epoch 39 / 50 mse 0.1342 rmse 0.3664 pcc -0.1452 ccc -0.1127
2021-06-07 03:35:41,087 - utils.logger - INFO - Cur epoch 40 loss MSE:1.0465
2021-06-07 03:35:41,421 - utils.logger - INFO - Cur epoch 40 loss MSE:0.1435
2021-06-07 03:35:41,692 - utils.logger - INFO - Cur epoch 40 loss MSE:6.2601
2021-06-07 03:35:41,693 - utils.logger - INFO - saving the model at the end of epoch 40, iters 240
2021-06-07 03:35:41,842 - utils.logger - INFO - End of training epoch 40 / 50 	 Time Taken: 1 sec, Data loading: 0 sec
2021-06-07 03:35:41,842 - utils.logger - INFO - learning rate = 0.0000032
2021-06-07 03:35:42,180 - utils.logger - INFO - Trn result of epoch 40 / 50 mse 0.0538 rmse 0.2319 pcc 0.6533 ccc 0.5364
2021-06-07 03:35:42,296 - utils.logger - INFO - Val result of epoch 40 / 50 mse 0.1317 rmse 0.3629 pcc -0.1535 ccc -0.1188
2021-06-07 03:35:42,621 - utils.logger - INFO - Cur epoch 41 loss MSE:0.3722
2021-06-07 03:35:42,949 - utils.logger - INFO - Cur epoch 41 loss MSE:0.1296
2021-06-07 03:35:43,210 - utils.logger - INFO - Cur epoch 41 loss MSE:5.4287
2021-06-07 03:35:43,210 - utils.logger - INFO - saving the model at the end of epoch 41, iters 246
2021-06-07 03:35:43,360 - utils.logger - INFO - End of training epoch 41 / 50 	 Time Taken: 1 sec, Data loading: 0 sec
2021-06-07 03:35:43,360 - utils.logger - INFO - learning rate = 0.0000029
2021-06-07 03:35:43,697 - utils.logger - INFO - Trn result of epoch 41 / 50 mse 0.0554 rmse 0.2354 pcc 0.6316 ccc 0.5226
2021-06-07 03:35:43,815 - utils.logger - INFO - Val result of epoch 41 / 50 mse 0.1328 rmse 0.3644 pcc -0.1569 ccc -0.1236
2021-06-07 03:35:44,145 - utils.logger - INFO - Cur epoch 42 loss MSE:0.3061
2021-06-07 03:35:44,470 - utils.logger - INFO - Cur epoch 42 loss MSE:0.1256
2021-06-07 03:35:44,741 - utils.logger - INFO - Cur epoch 42 loss MSE:0.0823
2021-06-07 03:35:44,741 - utils.logger - INFO - saving the model at the end of epoch 42, iters 252
2021-06-07 03:35:44,889 - utils.logger - INFO - End of training epoch 42 / 50 	 Time Taken: 1 sec, Data loading: 0 sec
2021-06-07 03:35:44,890 - utils.logger - INFO - learning rate = 0.0000026
2021-06-07 03:35:45,228 - utils.logger - INFO - Trn result of epoch 42 / 50 mse 0.0631 rmse 0.2512 pcc 0.5921 ccc 0.5024
2021-06-07 03:35:45,344 - utils.logger - INFO - Val result of epoch 42 / 50 mse 0.1408 rmse 0.3752 pcc -0.1307 ccc -0.1074
2021-06-07 03:35:45,666 - utils.logger - INFO - Cur epoch 43 loss MSE:0.0697
2021-06-07 03:35:45,993 - utils.logger - INFO - Cur epoch 43 loss MSE:0.3265
2021-06-07 03:35:46,256 - utils.logger - INFO - Cur epoch 43 loss MSE:4.6016
2021-06-07 03:35:46,257 - utils.logger - INFO - saving the model at the end of epoch 43, iters 258
2021-06-07 03:35:46,401 - utils.logger - INFO - End of training epoch 43 / 50 	 Time Taken: 1 sec, Data loading: 0 sec
2021-06-07 03:35:46,401 - utils.logger - INFO - learning rate = 0.0000023
2021-06-07 03:35:46,740 - utils.logger - INFO - Trn result of epoch 43 / 50 mse 0.0563 rmse 0.2374 pcc 0.6133 ccc 0.5196
2021-06-07 03:35:46,856 - utils.logger - INFO - Val result of epoch 43 / 50 mse 0.1351 rmse 0.3675 pcc -0.1523 ccc -0.1242
2021-06-07 03:35:47,199 - utils.logger - INFO - Cur epoch 44 loss MSE:0.9895
2021-06-07 03:35:47,529 - utils.logger - INFO - Cur epoch 44 loss MSE:0.0478
2021-06-07 03:35:47,794 - utils.logger - INFO - Cur epoch 44 loss MSE:0.9740
2021-06-07 03:35:47,795 - utils.logger - INFO - saving the model at the end of epoch 44, iters 264
2021-06-07 03:35:47,942 - utils.logger - INFO - End of training epoch 44 / 50 	 Time Taken: 1 sec, Data loading: 0 sec
2021-06-07 03:35:47,942 - utils.logger - INFO - learning rate = 0.0000019
2021-06-07 03:35:48,283 - utils.logger - INFO - Trn result of epoch 44 / 50 mse 0.0550 rmse 0.2345 pcc 0.6279 ccc 0.5369
2021-06-07 03:35:48,401 - utils.logger - INFO - Val result of epoch 44 / 50 mse 0.1365 rmse 0.3695 pcc -0.1413 ccc -0.1168
2021-06-07 03:35:48,728 - utils.logger - INFO - Cur epoch 45 loss MSE:0.0635
2021-06-07 03:35:49,053 - utils.logger - INFO - Cur epoch 45 loss MSE:0.1698
2021-06-07 03:35:49,319 - utils.logger - INFO - Cur epoch 45 loss MSE:1.0679
2021-06-07 03:35:49,319 - utils.logger - INFO - saving the model at the end of epoch 45, iters 270
2021-06-07 03:35:49,468 - utils.logger - INFO - End of training epoch 45 / 50 	 Time Taken: 1 sec, Data loading: 0 sec
2021-06-07 03:35:49,468 - utils.logger - INFO - learning rate = 0.0000016
2021-06-07 03:35:49,814 - utils.logger - INFO - Trn result of epoch 45 / 50 mse 0.0539 rmse 0.2322 pcc 0.6383 ccc 0.5476
2021-06-07 03:35:49,932 - utils.logger - INFO - Val result of epoch 45 / 50 mse 0.1355 rmse 0.3680 pcc -0.1485 ccc -0.1217
2021-06-07 03:35:50,254 - utils.logger - INFO - Cur epoch 46 loss MSE:0.1262
2021-06-07 03:35:50,581 - utils.logger - INFO - Cur epoch 46 loss MSE:0.1482
2021-06-07 03:35:50,847 - utils.logger - INFO - Cur epoch 46 loss MSE:6.1406
2021-06-07 03:35:50,847 - utils.logger - INFO - saving the model at the end of epoch 46, iters 276
2021-06-07 03:35:50,997 - utils.logger - INFO - End of training epoch 46 / 50 	 Time Taken: 1 sec, Data loading: 0 sec
2021-06-07 03:35:50,997 - utils.logger - INFO - learning rate = 0.0000013
2021-06-07 03:35:51,331 - utils.logger - INFO - Trn result of epoch 46 / 50 mse 0.0529 rmse 0.2300 pcc 0.6481 ccc 0.5566
2021-06-07 03:35:51,447 - utils.logger - INFO - Val result of epoch 46 / 50 mse 0.1361 rmse 0.3689 pcc -0.1440 ccc -0.1185
2021-06-07 03:35:51,778 - utils.logger - INFO - Cur epoch 47 loss MSE:0.2492
2021-06-07 03:35:52,097 - utils.logger - INFO - Cur epoch 47 loss MSE:0.0271
2021-06-07 03:35:52,364 - utils.logger - INFO - Cur epoch 47 loss MSE:6.6159
2021-06-07 03:35:52,364 - utils.logger - INFO - saving the model at the end of epoch 47, iters 282
2021-06-07 03:35:52,504 - utils.logger - INFO - End of training epoch 47 / 50 	 Time Taken: 1 sec, Data loading: 0 sec
2021-06-07 03:35:52,504 - utils.logger - INFO - learning rate = 0.0000010
2021-06-07 03:35:52,836 - utils.logger - INFO - Trn result of epoch 47 / 50 mse 0.0570 rmse 0.2387 pcc 0.6136 ccc 0.5339
2021-06-07 03:35:52,953 - utils.logger - INFO - Val result of epoch 47 / 50 mse 0.1384 rmse 0.3720 pcc -0.1307 ccc -0.1092
2021-06-07 03:35:53,279 - utils.logger - INFO - Cur epoch 48 loss MSE:1.0581
2021-06-07 03:35:53,607 - utils.logger - INFO - Cur epoch 48 loss MSE:0.0974
2021-06-07 03:35:53,872 - utils.logger - INFO - Cur epoch 48 loss MSE:2.6002
2021-06-07 03:35:53,872 - utils.logger - INFO - saving the model at the end of epoch 48, iters 288
2021-06-07 03:35:54,032 - utils.logger - INFO - End of training epoch 48 / 50 	 Time Taken: 1 sec, Data loading: 0 sec
2021-06-07 03:35:54,033 - utils.logger - INFO - learning rate = 0.0000006
2021-06-07 03:35:54,368 - utils.logger - INFO - Trn result of epoch 48 / 50 mse 0.0538 rmse 0.2319 pcc 0.6410 ccc 0.5536
2021-06-07 03:35:54,485 - utils.logger - INFO - Val result of epoch 48 / 50 mse 0.1369 rmse 0.3700 pcc -0.1343 ccc -0.1113
2021-06-07 03:35:54,817 - utils.logger - INFO - Cur epoch 49 loss MSE:0.4133
2021-06-07 03:35:55,141 - utils.logger - INFO - Cur epoch 49 loss MSE:0.1665
2021-06-07 03:35:55,408 - utils.logger - INFO - Cur epoch 49 loss MSE:2.8571
2021-06-07 03:35:55,408 - utils.logger - INFO - saving the model at the end of epoch 49, iters 294
2021-06-07 03:35:55,573 - utils.logger - INFO - End of training epoch 49 / 50 	 Time Taken: 1 sec, Data loading: 0 sec
2021-06-07 03:35:55,573 - utils.logger - INFO - learning rate = 0.0000003
2021-06-07 03:35:55,920 - utils.logger - INFO - Trn result of epoch 49 / 50 mse 0.0586 rmse 0.2420 pcc 0.6041 ccc 0.5210
2021-06-07 03:35:56,039 - utils.logger - INFO - Val result of epoch 49 / 50 mse 0.1378 rmse 0.3713 pcc -0.1363 ccc -0.1134
2021-06-07 03:35:56,368 - utils.logger - INFO - Cur epoch 50 loss MSE:0.0824
2021-06-07 03:35:56,695 - utils.logger - INFO - Cur epoch 50 loss MSE:0.1497
2021-06-07 03:35:56,977 - utils.logger - INFO - Cur epoch 50 loss MSE:0.8643
2021-06-07 03:35:56,977 - utils.logger - INFO - saving the model at the end of epoch 50, iters 300
2021-06-07 03:35:57,142 - utils.logger - INFO - End of training epoch 50 / 50 	 Time Taken: 1 sec, Data loading: 0 sec
2021-06-07 03:35:57,142 - utils.logger - INFO - learning rate = 0.0000000
2021-06-07 03:35:57,479 - utils.logger - INFO - Trn result of epoch 50 / 50 mse 0.0563 rmse 0.2373 pcc 0.6194 ccc 0.5358
2021-06-07 03:35:57,597 - utils.logger - INFO - Val result of epoch 50 / 50 mse 0.1314 rmse 0.3625 pcc -0.1224 ccc -0.1001
2021-06-07 03:35:57,598 - utils.logger - INFO - Best eval epoch 27 found with ccc 0.030432
2021-06-07 03:35:57,598 - utils.logger - INFO - baseline_earlyfusion_norm_vggish-egemaps_arousal_hidden1024_seq100_run2
