2021-06-19 21:47:17,526 - utils.logger - INFO - The number of training samples = 41
2021-06-19 21:47:20,215 - utils.logger - INFO - Cur epoch 1 loss ccc:0.1250
2021-06-19 21:47:20,814 - utils.logger - INFO - Cur epoch 1 loss ccc:0.1149
2021-06-19 21:47:21,264 - utils.logger - INFO - Cur epoch 1 loss ccc:0.9998
2021-06-19 21:47:21,264 - utils.logger - INFO - saving the model at the end of epoch 1, iters 6
2021-06-19 21:47:21,535 - utils.logger - INFO - End of training epoch 1 / 70 	 Time Taken: 1 sec, Data loading: 0 sec
2021-06-19 21:47:21,535 - utils.logger - INFO - learning rate = 0.0000500
2021-06-19 21:47:22,429 - utils.logger - INFO - Trn result of epoch 1 / 70 mse 0.0413 rmse 0.2033 pcc 0.4083 ccc 0.0829
2021-06-19 21:47:22,797 - utils.logger - INFO - Val result of epoch 1 / 70 mse 0.0343 rmse 0.1852 pcc 0.4073 ccc 0.1137
2021-06-19 21:47:23,354 - utils.logger - INFO - Cur epoch 2 loss ccc:0.1304
2021-06-19 21:47:23,903 - utils.logger - INFO - Cur epoch 2 loss ccc:0.1250
2021-06-19 21:47:24,371 - utils.logger - INFO - Cur epoch 2 loss ccc:0.9055
2021-06-19 21:47:24,371 - utils.logger - INFO - saving the model at the end of epoch 2, iters 12
2021-06-19 21:47:24,610 - utils.logger - INFO - End of training epoch 2 / 70 	 Time Taken: 1 sec, Data loading: 0 sec
2021-06-19 21:47:24,610 - utils.logger - INFO - learning rate = 0.0000500
2021-06-19 21:47:25,386 - utils.logger - INFO - Trn result of epoch 2 / 70 mse 0.0418 rmse 0.2045 pcc 0.3966 ccc 0.0518
2021-06-19 21:47:25,653 - utils.logger - INFO - Val result of epoch 2 / 70 mse 0.0362 rmse 0.1902 pcc 0.3759 ccc 0.0646
2021-06-19 21:47:26,205 - utils.logger - INFO - Cur epoch 3 loss ccc:0.1226
2021-06-19 21:47:26,748 - utils.logger - INFO - Cur epoch 3 loss ccc:0.1310
2021-06-19 21:47:27,165 - utils.logger - INFO - Cur epoch 3 loss ccc:0.9969
2021-06-19 21:47:27,166 - utils.logger - INFO - saving the model at the end of epoch 3, iters 18
2021-06-19 21:47:27,519 - utils.logger - INFO - End of training epoch 3 / 70 	 Time Taken: 1 sec, Data loading: 0 sec
2021-06-19 21:47:27,520 - utils.logger - INFO - learning rate = 0.0000500
2021-06-19 21:47:28,290 - utils.logger - INFO - Trn result of epoch 3 / 70 mse 0.0414 rmse 0.2035 pcc 0.4091 ccc 0.0629
2021-06-19 21:47:28,540 - utils.logger - INFO - Val result of epoch 3 / 70 mse 0.0354 rmse 0.1881 pcc 0.4125 ccc 0.0848
2021-06-19 21:47:29,071 - utils.logger - INFO - Cur epoch 4 loss ccc:0.1197
2021-06-19 21:47:29,630 - utils.logger - INFO - Cur epoch 4 loss ccc:0.1172
2021-06-19 21:47:30,103 - utils.logger - INFO - Cur epoch 4 loss ccc:1.0010
2021-06-19 21:47:30,103 - utils.logger - INFO - saving the model at the end of epoch 4, iters 24
2021-06-19 21:47:30,341 - utils.logger - INFO - End of training epoch 4 / 70 	 Time Taken: 1 sec, Data loading: 0 sec
2021-06-19 21:47:30,342 - utils.logger - INFO - learning rate = 0.0000500
2021-06-19 21:47:31,282 - utils.logger - INFO - Trn result of epoch 4 / 70 mse 0.0408 rmse 0.2019 pcc 0.4062 ccc 0.0824
2021-06-19 21:47:31,540 - utils.logger - INFO - Val result of epoch 4 / 70 mse 0.0345 rmse 0.1857 pcc 0.4090 ccc 0.1115
2021-06-19 21:47:32,110 - utils.logger - INFO - Cur epoch 5 loss ccc:0.1233
2021-06-19 21:47:32,715 - utils.logger - INFO - Cur epoch 5 loss ccc:0.1370
2021-06-19 21:47:33,165 - utils.logger - INFO - Cur epoch 5 loss ccc:1.0236
2021-06-19 21:47:33,165 - utils.logger - INFO - saving the model at the end of epoch 5, iters 30
2021-06-19 21:47:33,768 - utils.logger - INFO - End of training epoch 5 / 70 	 Time Taken: 2 sec, Data loading: 0 sec
2021-06-19 21:47:33,769 - utils.logger - INFO - learning rate = 0.0000500
2021-06-19 21:47:34,553 - utils.logger - INFO - Trn result of epoch 5 / 70 mse 0.0433 rmse 0.2080 pcc 0.4328 ccc 0.0335
2021-06-19 21:47:34,820 - utils.logger - INFO - Val result of epoch 5 / 70 mse 0.0363 rmse 0.1906 pcc 0.4405 ccc 0.0455
2021-06-19 21:47:35,365 - utils.logger - INFO - Cur epoch 6 loss ccc:0.1312
2021-06-19 21:47:35,892 - utils.logger - INFO - Cur epoch 6 loss ccc:0.1339
2021-06-19 21:47:36,342 - utils.logger - INFO - Cur epoch 6 loss ccc:0.9996
2021-06-19 21:47:36,342 - utils.logger - INFO - saving the model at the end of epoch 6, iters 36
2021-06-19 21:47:36,600 - utils.logger - INFO - End of training epoch 6 / 70 	 Time Taken: 1 sec, Data loading: 0 sec
2021-06-19 21:47:36,600 - utils.logger - INFO - learning rate = 0.0000500
2021-06-19 21:47:37,378 - utils.logger - INFO - Trn result of epoch 6 / 70 mse 0.0429 rmse 0.2070 pcc 0.3890 ccc 0.0407
2021-06-19 21:47:37,635 - utils.logger - INFO - Val result of epoch 6 / 70 mse 0.0360 rmse 0.1897 pcc 0.3937 ccc 0.0563
2021-06-19 21:47:38,187 - utils.logger - INFO - Cur epoch 7 loss ccc:0.1294
2021-06-19 21:47:38,732 - utils.logger - INFO - Cur epoch 7 loss ccc:0.1250
2021-06-19 21:47:39,174 - utils.logger - INFO - Cur epoch 7 loss ccc:0.9997
2021-06-19 21:47:39,174 - utils.logger - INFO - saving the model at the end of epoch 7, iters 42
2021-06-19 21:47:39,411 - utils.logger - INFO - End of training epoch 7 / 70 	 Time Taken: 1 sec, Data loading: 0 sec
2021-06-19 21:47:39,411 - utils.logger - INFO - learning rate = 0.0000500
2021-06-19 21:47:40,163 - utils.logger - INFO - Trn result of epoch 7 / 70 mse 0.0429 rmse 0.2070 pcc 0.3738 ccc 0.0468
2021-06-19 21:47:40,428 - utils.logger - INFO - Val result of epoch 7 / 70 mse 0.0358 rmse 0.1891 pcc 0.3791 ccc 0.0656
2021-06-19 21:47:40,961 - utils.logger - INFO - Cur epoch 8 loss ccc:0.1293
2021-06-19 21:47:41,516 - utils.logger - INFO - Cur epoch 8 loss ccc:0.1216
2021-06-19 21:47:41,945 - utils.logger - INFO - Cur epoch 8 loss ccc:0.9929
2021-06-19 21:47:41,945 - utils.logger - INFO - saving the model at the end of epoch 8, iters 48
2021-06-19 21:47:42,196 - utils.logger - INFO - End of training epoch 8 / 70 	 Time Taken: 1 sec, Data loading: 0 sec
2021-06-19 21:47:42,196 - utils.logger - INFO - learning rate = 0.0000500
2021-06-19 21:47:42,962 - utils.logger - INFO - Trn result of epoch 8 / 70 mse 0.0421 rmse 0.2053 pcc 0.4270 ccc 0.0502
2021-06-19 21:47:43,227 - utils.logger - INFO - Val result of epoch 8 / 70 mse 0.0357 rmse 0.1890 pcc 0.4117 ccc 0.0646
2021-06-19 21:47:43,793 - utils.logger - INFO - Cur epoch 9 loss ccc:0.1206
2021-06-19 21:47:44,368 - utils.logger - INFO - Cur epoch 9 loss ccc:0.1315
2021-06-19 21:47:44,805 - utils.logger - INFO - Cur epoch 9 loss ccc:0.9958
2021-06-19 21:47:44,806 - utils.logger - INFO - saving the model at the end of epoch 9, iters 54
2021-06-19 21:47:45,044 - utils.logger - INFO - End of training epoch 9 / 70 	 Time Taken: 1 sec, Data loading: 0 sec
2021-06-19 21:47:45,044 - utils.logger - INFO - learning rate = 0.0000500
2021-06-19 21:47:45,815 - utils.logger - INFO - Trn result of epoch 9 / 70 mse 0.0420 rmse 0.2049 pcc 0.4132 ccc 0.0642
2021-06-19 21:47:46,083 - utils.logger - INFO - Val result of epoch 9 / 70 mse 0.0350 rmse 0.1872 pcc 0.4115 ccc 0.0871
2021-06-19 21:47:46,657 - utils.logger - INFO - Cur epoch 10 loss ccc:0.1241
2021-06-19 21:47:47,213 - utils.logger - INFO - Cur epoch 10 loss ccc:0.1228
2021-06-19 21:47:47,638 - utils.logger - INFO - Cur epoch 10 loss ccc:0.6871
2021-06-19 21:47:47,638 - utils.logger - INFO - saving the model at the end of epoch 10, iters 60
2021-06-19 21:47:47,984 - utils.logger - INFO - End of training epoch 10 / 70 	 Time Taken: 1 sec, Data loading: 0 sec
2021-06-19 21:47:47,984 - utils.logger - INFO - learning rate = 0.0000500
2021-06-19 21:47:48,743 - utils.logger - INFO - Trn result of epoch 10 / 70 mse 0.0428 rmse 0.2068 pcc 0.4050 ccc 0.0835
2021-06-19 21:47:49,021 - utils.logger - INFO - Val result of epoch 10 / 70 mse 0.0348 rmse 0.1867 pcc 0.4048 ccc 0.1153
2021-06-19 21:47:49,582 - utils.logger - INFO - Cur epoch 11 loss ccc:0.1104
2021-06-19 21:47:50,143 - utils.logger - INFO - Cur epoch 11 loss ccc:0.1237
2021-06-19 21:47:50,574 - utils.logger - INFO - Cur epoch 11 loss ccc:1.0041
2021-06-19 21:47:50,575 - utils.logger - INFO - saving the model at the end of epoch 11, iters 66
2021-06-19 21:47:50,845 - utils.logger - INFO - End of training epoch 11 / 70 	 Time Taken: 1 sec, Data loading: 0 sec
2021-06-19 21:47:50,845 - utils.logger - INFO - learning rate = 0.0000500
2021-06-19 21:47:51,608 - utils.logger - INFO - Trn result of epoch 11 / 70 mse 0.0440 rmse 0.2097 pcc 0.4160 ccc 0.0990
2021-06-19 21:47:51,888 - utils.logger - INFO - Val result of epoch 11 / 70 mse 0.0351 rmse 0.1874 pcc 0.4285 ccc 0.1407
2021-06-19 21:47:52,464 - utils.logger - INFO - Cur epoch 12 loss ccc:0.1108
2021-06-19 21:47:53,041 - utils.logger - INFO - Cur epoch 12 loss ccc:0.1248
2021-06-19 21:47:53,483 - utils.logger - INFO - Cur epoch 12 loss ccc:1.0050
2021-06-19 21:47:53,483 - utils.logger - INFO - saving the model at the end of epoch 12, iters 72
2021-06-19 21:47:53,714 - utils.logger - INFO - End of training epoch 12 / 70 	 Time Taken: 1 sec, Data loading: 0 sec
2021-06-19 21:47:53,715 - utils.logger - INFO - learning rate = 0.0000500
2021-06-19 21:47:54,537 - utils.logger - INFO - Trn result of epoch 12 / 70 mse 0.0439 rmse 0.2096 pcc 0.4062 ccc 0.1168
2021-06-19 21:47:54,795 - utils.logger - INFO - Val result of epoch 12 / 70 mse 0.0350 rmse 0.1870 pcc 0.4191 ccc 0.1652
2021-06-19 21:47:55,341 - utils.logger - INFO - Cur epoch 13 loss ccc:0.1251
2021-06-19 21:47:55,907 - utils.logger - INFO - Cur epoch 13 loss ccc:0.1097
2021-06-19 21:47:56,347 - utils.logger - INFO - Cur epoch 13 loss ccc:0.9997
2021-06-19 21:47:56,347 - utils.logger - INFO - saving the model at the end of epoch 13, iters 78
2021-06-19 21:47:56,580 - utils.logger - INFO - End of training epoch 13 / 70 	 Time Taken: 1 sec, Data loading: 0 sec
2021-06-19 21:47:56,581 - utils.logger - INFO - learning rate = 0.0000500
2021-06-19 21:47:57,335 - utils.logger - INFO - Trn result of epoch 13 / 70 mse 0.0434 rmse 0.2083 pcc 0.4121 ccc 0.1222
2021-06-19 21:47:57,594 - utils.logger - INFO - Val result of epoch 13 / 70 mse 0.0346 rmse 0.1860 pcc 0.4247 ccc 0.1729
2021-06-19 21:47:58,137 - utils.logger - INFO - Cur epoch 14 loss ccc:0.1154
2021-06-19 21:47:58,658 - utils.logger - INFO - Cur epoch 14 loss ccc:0.1185
2021-06-19 21:47:59,077 - utils.logger - INFO - Cur epoch 14 loss ccc:1.0039
2021-06-19 21:47:59,077 - utils.logger - INFO - saving the model at the end of epoch 14, iters 84
2021-06-19 21:47:59,312 - utils.logger - INFO - End of training epoch 14 / 70 	 Time Taken: 1 sec, Data loading: 0 sec
2021-06-19 21:47:59,313 - utils.logger - INFO - learning rate = 0.0000500
2021-06-19 21:48:00,053 - utils.logger - INFO - Trn result of epoch 14 / 70 mse 0.0442 rmse 0.2102 pcc 0.4116 ccc 0.1390
2021-06-19 21:48:00,312 - utils.logger - INFO - Val result of epoch 14 / 70 mse 0.0348 rmse 0.1864 pcc 0.4373 ccc 0.1987
2021-06-19 21:48:00,836 - utils.logger - INFO - Cur epoch 15 loss ccc:0.1291
2021-06-19 21:48:01,385 - utils.logger - INFO - Cur epoch 15 loss ccc:0.1111
2021-06-19 21:48:01,816 - utils.logger - INFO - Cur epoch 15 loss ccc:1.0011
2021-06-19 21:48:01,817 - utils.logger - INFO - saving the model at the end of epoch 15, iters 90
2021-06-19 21:48:02,079 - utils.logger - INFO - End of training epoch 15 / 70 	 Time Taken: 1 sec, Data loading: 0 sec
2021-06-19 21:48:02,079 - utils.logger - INFO - learning rate = 0.0000500
2021-06-19 21:48:02,836 - utils.logger - INFO - Trn result of epoch 15 / 70 mse 0.0490 rmse 0.2213 pcc 0.4127 ccc 0.1146
2021-06-19 21:48:03,084 - utils.logger - INFO - Val result of epoch 15 / 70 mse 0.0385 rmse 0.1962 pcc 0.4334 ccc 0.1653
2021-06-19 21:48:03,627 - utils.logger - INFO - Cur epoch 16 loss ccc:0.1255
2021-06-19 21:48:04,197 - utils.logger - INFO - Cur epoch 16 loss ccc:0.1226
2021-06-19 21:48:04,628 - utils.logger - INFO - Cur epoch 16 loss ccc:1.0003
2021-06-19 21:48:04,629 - utils.logger - INFO - saving the model at the end of epoch 16, iters 96
2021-06-19 21:48:04,863 - utils.logger - INFO - End of training epoch 16 / 70 	 Time Taken: 1 sec, Data loading: 0 sec
2021-06-19 21:48:04,864 - utils.logger - INFO - learning rate = 0.0000500
2021-06-19 21:48:05,620 - utils.logger - INFO - Trn result of epoch 16 / 70 mse 0.0479 rmse 0.2190 pcc 0.4120 ccc 0.1181
2021-06-19 21:48:05,887 - utils.logger - INFO - Val result of epoch 16 / 70 mse 0.0380 rmse 0.1950 pcc 0.4232 ccc 0.1672
2021-06-19 21:48:06,422 - utils.logger - INFO - Cur epoch 17 loss ccc:0.1089
2021-06-19 21:48:06,956 - utils.logger - INFO - Cur epoch 17 loss ccc:0.1195
2021-06-19 21:48:07,382 - utils.logger - INFO - Cur epoch 17 loss ccc:0.9998
2021-06-19 21:48:07,382 - utils.logger - INFO - saving the model at the end of epoch 17, iters 102
2021-06-19 21:48:07,696 - utils.logger - INFO - End of training epoch 17 / 70 	 Time Taken: 1 sec, Data loading: 0 sec
2021-06-19 21:48:07,696 - utils.logger - INFO - learning rate = 0.0000500
2021-06-19 21:48:08,447 - utils.logger - INFO - Trn result of epoch 17 / 70 mse 0.0475 rmse 0.2180 pcc 0.4138 ccc 0.1280
2021-06-19 21:48:08,699 - utils.logger - INFO - Val result of epoch 17 / 70 mse 0.0377 rmse 0.1942 pcc 0.4235 ccc 0.1798
2021-06-19 21:48:09,212 - utils.logger - INFO - Cur epoch 18 loss ccc:0.1034
2021-06-19 21:48:09,773 - utils.logger - INFO - Cur epoch 18 loss ccc:0.1233
2021-06-19 21:48:10,203 - utils.logger - INFO - Cur epoch 18 loss ccc:0.9994
2021-06-19 21:48:10,440 - utils.logger - INFO - saving the model at the end of epoch 18, iters 108
2021-06-19 21:48:10,797 - utils.logger - INFO - End of training epoch 18 / 70 	 Time Taken: 2 sec, Data loading: 0 sec
2021-06-19 21:48:10,797 - utils.logger - INFO - learning rate = 0.0000500
2021-06-19 21:48:11,577 - utils.logger - INFO - Trn result of epoch 18 / 70 mse 0.0456 rmse 0.2136 pcc 0.4110 ccc 0.1447
2021-06-19 21:48:11,855 - utils.logger - INFO - Val result of epoch 18 / 70 mse 0.0364 rmse 0.1907 pcc 0.4189 ccc 0.2007
2021-06-19 21:48:12,424 - utils.logger - INFO - Cur epoch 19 loss ccc:0.1123
2021-06-19 21:48:13,020 - utils.logger - INFO - Cur epoch 19 loss ccc:0.1036
2021-06-19 21:48:13,464 - utils.logger - INFO - Cur epoch 19 loss ccc:0.8931
2021-06-19 21:48:13,464 - utils.logger - INFO - saving the model at the end of epoch 19, iters 114
2021-06-19 21:48:13,718 - utils.logger - INFO - End of training epoch 19 / 70 	 Time Taken: 1 sec, Data loading: 0 sec
2021-06-19 21:48:13,719 - utils.logger - INFO - learning rate = 0.0000500
2021-06-19 21:48:14,543 - utils.logger - INFO - Trn result of epoch 19 / 70 mse 0.0446 rmse 0.2112 pcc 0.4065 ccc 0.1826
2021-06-19 21:48:14,825 - utils.logger - INFO - Val result of epoch 19 / 70 mse 0.0361 rmse 0.1900 pcc 0.4115 ccc 0.2460
2021-06-19 21:48:15,392 - utils.logger - INFO - Cur epoch 20 loss ccc:0.1053
2021-06-19 21:48:15,958 - utils.logger - INFO - Cur epoch 20 loss ccc:0.1147
2021-06-19 21:48:16,392 - utils.logger - INFO - Cur epoch 20 loss ccc:1.0511
2021-06-19 21:48:16,392 - utils.logger - INFO - saving the model at the end of epoch 20, iters 120
2021-06-19 21:48:16,626 - utils.logger - INFO - End of training epoch 20 / 70 	 Time Taken: 1 sec, Data loading: 0 sec
2021-06-19 21:48:16,627 - utils.logger - INFO - learning rate = 0.0000500
2021-06-19 21:48:17,368 - utils.logger - INFO - Trn result of epoch 20 / 70 mse 0.0617 rmse 0.2483 pcc 0.4027 ccc 0.1913
2021-06-19 21:48:17,617 - utils.logger - INFO - Val result of epoch 20 / 70 mse 0.0530 rmse 0.2302 pcc 0.4089 ccc 0.2459
2021-06-19 21:48:18,162 - utils.logger - INFO - Cur epoch 21 loss ccc:0.1146
2021-06-19 21:48:18,693 - utils.logger - INFO - Cur epoch 21 loss ccc:0.1246
2021-06-19 21:48:19,105 - utils.logger - INFO - Cur epoch 21 loss ccc:1.0021
2021-06-19 21:48:19,105 - utils.logger - INFO - saving the model at the end of epoch 21, iters 126
2021-06-19 21:48:19,373 - utils.logger - INFO - End of training epoch 21 / 70 	 Time Taken: 1 sec, Data loading: 0 sec
2021-06-19 21:48:19,373 - utils.logger - INFO - learning rate = 0.0000500
2021-06-19 21:48:20,123 - utils.logger - INFO - Trn result of epoch 21 / 70 mse 0.0552 rmse 0.2350 pcc 0.4030 ccc 0.2108
2021-06-19 21:48:20,378 - utils.logger - INFO - Val result of epoch 21 / 70 mse 0.0474 rmse 0.2178 pcc 0.4059 ccc 0.2675
2021-06-19 21:48:20,930 - utils.logger - INFO - Cur epoch 22 loss ccc:0.1160
2021-06-19 21:48:21,477 - utils.logger - INFO - Cur epoch 22 loss ccc:0.1205
2021-06-19 21:48:21,899 - utils.logger - INFO - Cur epoch 22 loss ccc:0.9743
2021-06-19 21:48:21,899 - utils.logger - INFO - saving the model at the end of epoch 22, iters 132
2021-06-19 21:48:22,133 - utils.logger - INFO - End of training epoch 22 / 70 	 Time Taken: 1 sec, Data loading: 0 sec
2021-06-19 21:48:22,133 - utils.logger - INFO - learning rate = 0.0000500
2021-06-19 21:48:22,882 - utils.logger - INFO - Trn result of epoch 22 / 70 mse 0.0424 rmse 0.2059 pcc 0.4039 ccc 0.2395
2021-06-19 21:48:23,129 - utils.logger - INFO - Val result of epoch 22 / 70 mse 0.0359 rmse 0.1894 pcc 0.4038 ccc 0.3039
2021-06-19 21:48:23,684 - utils.logger - INFO - Cur epoch 23 loss ccc:0.1113
2021-06-19 21:48:24,249 - utils.logger - INFO - Cur epoch 23 loss ccc:0.1184
2021-06-19 21:48:24,666 - utils.logger - INFO - Cur epoch 23 loss ccc:1.0005
2021-06-19 21:48:24,666 - utils.logger - INFO - saving the model at the end of epoch 23, iters 138
2021-06-19 21:48:24,906 - utils.logger - INFO - End of training epoch 23 / 70 	 Time Taken: 1 sec, Data loading: 0 sec
2021-06-19 21:48:24,907 - utils.logger - INFO - learning rate = 0.0000500
2021-06-19 21:48:25,670 - utils.logger - INFO - Trn result of epoch 23 / 70 mse 0.0413 rmse 0.2032 pcc 0.4167 ccc 0.2313
2021-06-19 21:48:25,937 - utils.logger - INFO - Val result of epoch 23 / 70 mse 0.0340 rmse 0.1843 pcc 0.4203 ccc 0.3007
2021-06-19 21:48:26,492 - utils.logger - INFO - Cur epoch 24 loss ccc:0.1189
2021-06-19 21:48:27,036 - utils.logger - INFO - Cur epoch 24 loss ccc:0.1153
2021-06-19 21:48:27,464 - utils.logger - INFO - Cur epoch 24 loss ccc:0.5035
2021-06-19 21:48:27,464 - utils.logger - INFO - saving the model at the end of epoch 24, iters 144
2021-06-19 21:48:27,696 - utils.logger - INFO - End of training epoch 24 / 70 	 Time Taken: 1 sec, Data loading: 0 sec
2021-06-19 21:48:27,696 - utils.logger - INFO - learning rate = 0.0000500
2021-06-19 21:48:28,437 - utils.logger - INFO - Trn result of epoch 24 / 70 mse 0.0438 rmse 0.2094 pcc 0.4116 ccc 0.2385
2021-06-19 21:48:28,694 - utils.logger - INFO - Val result of epoch 24 / 70 mse 0.0366 rmse 0.1913 pcc 0.4177 ccc 0.3071
2021-06-19 21:48:29,235 - utils.logger - INFO - Cur epoch 25 loss ccc:0.1021
2021-06-19 21:48:29,771 - utils.logger - INFO - Cur epoch 25 loss ccc:0.1274
2021-06-19 21:48:30,239 - utils.logger - INFO - Cur epoch 25 loss ccc:1.2617
2021-06-19 21:48:30,239 - utils.logger - INFO - saving the model at the end of epoch 25, iters 150
2021-06-19 21:48:30,485 - utils.logger - INFO - End of training epoch 25 / 70 	 Time Taken: 1 sec, Data loading: 0 sec
2021-06-19 21:48:30,485 - utils.logger - INFO - learning rate = 0.0000500
2021-06-19 21:48:31,281 - utils.logger - INFO - Trn result of epoch 25 / 70 mse 0.0457 rmse 0.2138 pcc 0.4256 ccc 0.2370
2021-06-19 21:48:31,555 - utils.logger - INFO - Val result of epoch 25 / 70 mse 0.0376 rmse 0.1939 pcc 0.4345 ccc 0.3077
2021-06-19 21:48:32,108 - utils.logger - INFO - Cur epoch 26 loss ccc:0.1172
2021-06-19 21:48:32,674 - utils.logger - INFO - Cur epoch 26 loss ccc:0.1074
2021-06-19 21:48:33,063 - utils.logger - INFO - Cur epoch 26 loss ccc:0.9894
2021-06-19 21:48:33,063 - utils.logger - INFO - saving the model at the end of epoch 26, iters 156
2021-06-19 21:48:33,295 - utils.logger - INFO - End of training epoch 26 / 70 	 Time Taken: 1 sec, Data loading: 0 sec
2021-06-19 21:48:33,295 - utils.logger - INFO - learning rate = 0.0000500
2021-06-19 21:48:34,053 - utils.logger - INFO - Trn result of epoch 26 / 70 mse 0.0426 rmse 0.2063 pcc 0.4217 ccc 0.2599
2021-06-19 21:48:34,306 - utils.logger - INFO - Val result of epoch 26 / 70 mse 0.0353 rmse 0.1880 pcc 0.4318 ccc 0.3315
2021-06-19 21:48:34,850 - utils.logger - INFO - Cur epoch 27 loss ccc:0.1236
2021-06-19 21:48:35,443 - utils.logger - INFO - Cur epoch 27 loss ccc:0.0831
2021-06-19 21:48:35,889 - utils.logger - INFO - Cur epoch 27 loss ccc:0.9329
2021-06-19 21:48:35,889 - utils.logger - INFO - saving the model at the end of epoch 27, iters 162
2021-06-19 21:48:36,241 - utils.logger - INFO - End of training epoch 27 / 70 	 Time Taken: 1 sec, Data loading: 0 sec
2021-06-19 21:48:36,241 - utils.logger - INFO - learning rate = 0.0000500
2021-06-19 21:48:36,993 - utils.logger - INFO - Trn result of epoch 27 / 70 mse 0.0394 rmse 0.1985 pcc 0.4155 ccc 0.2608
2021-06-19 21:48:37,243 - utils.logger - INFO - Val result of epoch 27 / 70 mse 0.0329 rmse 0.1814 pcc 0.4240 ccc 0.3316
2021-06-19 21:48:37,775 - utils.logger - INFO - Cur epoch 28 loss ccc:0.1144
2021-06-19 21:48:38,364 - utils.logger - INFO - Cur epoch 28 loss ccc:0.1028
2021-06-19 21:48:38,789 - utils.logger - INFO - Cur epoch 28 loss ccc:1.0298
2021-06-19 21:48:38,789 - utils.logger - INFO - saving the model at the end of epoch 28, iters 168
2021-06-19 21:48:39,051 - utils.logger - INFO - End of training epoch 28 / 70 	 Time Taken: 1 sec, Data loading: 0 sec
2021-06-19 21:48:39,051 - utils.logger - INFO - learning rate = 0.0000500
2021-06-19 21:48:39,789 - utils.logger - INFO - Trn result of epoch 28 / 70 mse 0.0462 rmse 0.2148 pcc 0.4298 ccc 0.0566
2021-06-19 21:48:40,044 - utils.logger - INFO - Val result of epoch 28 / 70 mse 0.0440 rmse 0.2097 pcc 0.4484 ccc 0.0650
2021-06-19 21:48:40,596 - utils.logger - INFO - Cur epoch 29 loss ccc:0.1091
2021-06-19 21:48:41,156 - utils.logger - INFO - Cur epoch 29 loss ccc:0.1277
2021-06-19 21:48:41,608 - utils.logger - INFO - Cur epoch 29 loss ccc:1.0006
2021-06-19 21:48:41,608 - utils.logger - INFO - saving the model at the end of epoch 29, iters 174
2021-06-19 21:48:41,844 - utils.logger - INFO - End of training epoch 29 / 70 	 Time Taken: 1 sec, Data loading: 0 sec
2021-06-19 21:48:41,844 - utils.logger - INFO - learning rate = 0.0000500
2021-06-19 21:48:42,604 - utils.logger - INFO - Trn result of epoch 29 / 70 mse 0.0468 rmse 0.2163 pcc 0.4219 ccc 0.1001
2021-06-19 21:48:42,861 - utils.logger - INFO - Val result of epoch 29 / 70 mse 0.0447 rmse 0.2113 pcc 0.4230 ccc 0.1179
2021-06-19 21:48:43,389 - utils.logger - INFO - Cur epoch 30 loss ccc:0.1256
2021-06-19 21:48:43,932 - utils.logger - INFO - Cur epoch 30 loss ccc:0.1283
2021-06-19 21:48:44,358 - utils.logger - INFO - Cur epoch 30 loss ccc:0.9988
2021-06-19 21:48:44,358 - utils.logger - INFO - saving the model at the end of epoch 30, iters 180
2021-06-19 21:48:44,586 - utils.logger - INFO - End of training epoch 30 / 70 	 Time Taken: 1 sec, Data loading: 0 sec
2021-06-19 21:48:44,586 - utils.logger - INFO - learning rate = 0.0000488
2021-06-19 21:48:45,338 - utils.logger - INFO - Trn result of epoch 30 / 70 mse 0.0438 rmse 0.2092 pcc 0.4039 ccc 0.1504
2021-06-19 21:48:45,595 - utils.logger - INFO - Val result of epoch 30 / 70 mse 0.0410 rmse 0.2024 pcc 0.4040 ccc 0.1794
2021-06-19 21:48:46,143 - utils.logger - INFO - Cur epoch 31 loss ccc:0.1213
2021-06-19 21:48:46,684 - utils.logger - INFO - Cur epoch 31 loss ccc:0.1339
2021-06-19 21:48:47,106 - utils.logger - INFO - Cur epoch 31 loss ccc:0.9996
2021-06-19 21:48:47,106 - utils.logger - INFO - saving the model at the end of epoch 31, iters 186
2021-06-19 21:48:47,493 - utils.logger - INFO - End of training epoch 31 / 70 	 Time Taken: 1 sec, Data loading: 0 sec
2021-06-19 21:48:47,493 - utils.logger - INFO - learning rate = 0.0000476
2021-06-19 21:48:48,251 - utils.logger - INFO - Trn result of epoch 31 / 70 mse 0.0417 rmse 0.2041 pcc 0.3988 ccc 0.1557
2021-06-19 21:48:48,521 - utils.logger - INFO - Val result of epoch 31 / 70 mse 0.0383 rmse 0.1956 pcc 0.4007 ccc 0.1890
2021-06-19 21:48:49,063 - utils.logger - INFO - Cur epoch 32 loss ccc:0.1126
2021-06-19 21:48:49,618 - utils.logger - INFO - Cur epoch 32 loss ccc:0.1337
2021-06-19 21:48:50,051 - utils.logger - INFO - Cur epoch 32 loss ccc:1.0000
2021-06-19 21:48:50,051 - utils.logger - INFO - saving the model at the end of epoch 32, iters 192
2021-06-19 21:48:50,284 - utils.logger - INFO - End of training epoch 32 / 70 	 Time Taken: 1 sec, Data loading: 0 sec
2021-06-19 21:48:50,284 - utils.logger - INFO - learning rate = 0.0000463
2021-06-19 21:48:51,044 - utils.logger - INFO - Trn result of epoch 32 / 70 mse 0.0421 rmse 0.2051 pcc 0.4082 ccc 0.1782
2021-06-19 21:48:51,306 - utils.logger - INFO - Val result of epoch 32 / 70 mse 0.0390 rmse 0.1975 pcc 0.4149 ccc 0.2138
2021-06-19 21:48:51,876 - utils.logger - INFO - Cur epoch 33 loss ccc:0.1081
2021-06-19 21:48:52,437 - utils.logger - INFO - Cur epoch 33 loss ccc:0.1141
2021-06-19 21:48:52,858 - utils.logger - INFO - Cur epoch 33 loss ccc:0.9071
2021-06-19 21:48:52,858 - utils.logger - INFO - saving the model at the end of epoch 33, iters 198
2021-06-19 21:48:53,101 - utils.logger - INFO - End of training epoch 33 / 70 	 Time Taken: 1 sec, Data loading: 0 sec
2021-06-19 21:48:53,102 - utils.logger - INFO - learning rate = 0.0000451
2021-06-19 21:48:53,901 - utils.logger - INFO - Trn result of epoch 33 / 70 mse 0.0386 rmse 0.1966 pcc 0.4165 ccc 0.1518
2021-06-19 21:48:54,193 - utils.logger - INFO - Val result of epoch 33 / 70 mse 0.0322 rmse 0.1795 pcc 0.4461 ccc 0.2006
2021-06-19 21:48:54,762 - utils.logger - INFO - Cur epoch 34 loss ccc:0.1241
2021-06-19 21:48:55,311 - utils.logger - INFO - Cur epoch 34 loss ccc:0.1190
2021-06-19 21:48:55,741 - utils.logger - INFO - Cur epoch 34 loss ccc:0.9969
2021-06-19 21:48:55,741 - utils.logger - INFO - saving the model at the end of epoch 34, iters 204
2021-06-19 21:48:55,971 - utils.logger - INFO - End of training epoch 34 / 70 	 Time Taken: 1 sec, Data loading: 0 sec
2021-06-19 21:48:55,972 - utils.logger - INFO - learning rate = 0.0000439
2021-06-19 21:48:56,741 - utils.logger - INFO - Trn result of epoch 34 / 70 mse 0.0402 rmse 0.2005 pcc 0.4115 ccc 0.1279
2021-06-19 21:48:57,005 - utils.logger - INFO - Val result of epoch 34 / 70 mse 0.0324 rmse 0.1799 pcc 0.4624 ccc 0.1815
2021-06-19 21:48:57,570 - utils.logger - INFO - Cur epoch 35 loss ccc:0.1232
2021-06-19 21:48:58,133 - utils.logger - INFO - Cur epoch 35 loss ccc:0.1170
2021-06-19 21:48:58,547 - utils.logger - INFO - Cur epoch 35 loss ccc:1.0049
2021-06-19 21:48:58,548 - utils.logger - INFO - saving the model at the end of epoch 35, iters 210
2021-06-19 21:48:58,800 - utils.logger - INFO - End of training epoch 35 / 70 	 Time Taken: 1 sec, Data loading: 0 sec
2021-06-19 21:48:58,800 - utils.logger - INFO - learning rate = 0.0000427
2021-06-19 21:48:59,591 - utils.logger - INFO - Trn result of epoch 35 / 70 mse 0.0453 rmse 0.2129 pcc 0.4269 ccc 0.0888
2021-06-19 21:48:59,859 - utils.logger - INFO - Val result of epoch 35 / 70 mse 0.0358 rmse 0.1893 pcc 0.4623 ccc 0.1269
2021-06-19 21:49:00,428 - utils.logger - INFO - Cur epoch 36 loss ccc:0.1141
2021-06-19 21:49:00,977 - utils.logger - INFO - Cur epoch 36 loss ccc:0.1130
2021-06-19 21:49:01,407 - utils.logger - INFO - Cur epoch 36 loss ccc:0.9581
2021-06-19 21:49:01,407 - utils.logger - INFO - saving the model at the end of epoch 36, iters 216
2021-06-19 21:49:01,724 - utils.logger - INFO - End of training epoch 36 / 70 	 Time Taken: 1 sec, Data loading: 0 sec
2021-06-19 21:49:01,725 - utils.logger - INFO - learning rate = 0.0000415
2021-06-19 21:49:02,479 - utils.logger - INFO - Trn result of epoch 36 / 70 mse 0.0453 rmse 0.2129 pcc 0.4248 ccc 0.1100
2021-06-19 21:49:02,745 - utils.logger - INFO - Val result of epoch 36 / 70 mse 0.0356 rmse 0.1887 pcc 0.4533 ccc 0.1561
2021-06-19 21:49:03,286 - utils.logger - INFO - Cur epoch 37 loss ccc:0.1274
2021-06-19 21:49:03,851 - utils.logger - INFO - Cur epoch 37 loss ccc:0.1228
2021-06-19 21:49:04,295 - utils.logger - INFO - Cur epoch 37 loss ccc:0.9991
2021-06-19 21:49:04,295 - utils.logger - INFO - saving the model at the end of epoch 37, iters 222
2021-06-19 21:49:04,656 - utils.logger - INFO - End of training epoch 37 / 70 	 Time Taken: 1 sec, Data loading: 0 sec
2021-06-19 21:49:04,656 - utils.logger - INFO - learning rate = 0.0000402
2021-06-19 21:49:05,404 - utils.logger - INFO - Trn result of epoch 37 / 70 mse 0.0455 rmse 0.2132 pcc 0.4231 ccc 0.1170
2021-06-19 21:49:05,656 - utils.logger - INFO - Val result of epoch 37 / 70 mse 0.0358 rmse 0.1893 pcc 0.4408 ccc 0.1649
2021-06-19 21:49:06,208 - utils.logger - INFO - Cur epoch 38 loss ccc:0.1154
2021-06-19 21:49:06,747 - utils.logger - INFO - Cur epoch 38 loss ccc:0.1242
2021-06-19 21:49:07,156 - utils.logger - INFO - Cur epoch 38 loss ccc:0.9885
2021-06-19 21:49:07,156 - utils.logger - INFO - saving the model at the end of epoch 38, iters 228
2021-06-19 21:49:07,417 - utils.logger - INFO - End of training epoch 38 / 70 	 Time Taken: 1 sec, Data loading: 0 sec
2021-06-19 21:49:07,417 - utils.logger - INFO - learning rate = 0.0000390
2021-06-19 21:49:08,168 - utils.logger - INFO - Trn result of epoch 38 / 70 mse 0.0432 rmse 0.2079 pcc 0.4248 ccc 0.1398
2021-06-19 21:49:08,450 - utils.logger - INFO - Val result of epoch 38 / 70 mse 0.0341 rmse 0.1846 pcc 0.4459 ccc 0.1957
2021-06-19 21:49:09,001 - utils.logger - INFO - Cur epoch 39 loss ccc:0.1201
2021-06-19 21:49:09,566 - utils.logger - INFO - Cur epoch 39 loss ccc:0.1043
2021-06-19 21:49:09,999 - utils.logger - INFO - Cur epoch 39 loss ccc:1.1034
2021-06-19 21:49:10,000 - utils.logger - INFO - saving the model at the end of epoch 39, iters 234
2021-06-19 21:49:10,226 - utils.logger - INFO - End of training epoch 39 / 70 	 Time Taken: 1 sec, Data loading: 0 sec
2021-06-19 21:49:10,227 - utils.logger - INFO - learning rate = 0.0000378
2021-06-19 21:49:10,996 - utils.logger - INFO - Trn result of epoch 39 / 70 mse 0.0393 rmse 0.1981 pcc 0.4216 ccc 0.1332
2021-06-19 21:49:11,269 - utils.logger - INFO - Val result of epoch 39 / 70 mse 0.0342 rmse 0.1848 pcc 0.4284 ccc 0.1673
2021-06-19 21:49:11,829 - utils.logger - INFO - Cur epoch 40 loss ccc:0.1223
2021-06-19 21:49:12,393 - utils.logger - INFO - Cur epoch 40 loss ccc:0.1310
2021-06-19 21:49:12,812 - utils.logger - INFO - Cur epoch 40 loss ccc:1.0525
2021-06-19 21:49:12,812 - utils.logger - INFO - saving the model at the end of epoch 40, iters 240
2021-06-19 21:49:13,061 - utils.logger - INFO - End of training epoch 40 / 70 	 Time Taken: 1 sec, Data loading: 0 sec
2021-06-19 21:49:13,062 - utils.logger - INFO - learning rate = 0.0000366
2021-06-19 21:49:13,805 - utils.logger - INFO - Trn result of epoch 40 / 70 mse 0.0395 rmse 0.1986 pcc 0.4161 ccc 0.1663
2021-06-19 21:49:14,064 - utils.logger - INFO - Val result of epoch 40 / 70 mse 0.0352 rmse 0.1876 pcc 0.4321 ccc 0.2082
2021-06-19 21:49:14,604 - utils.logger - INFO - Cur epoch 41 loss ccc:0.1303
2021-06-19 21:49:15,165 - utils.logger - INFO - Cur epoch 41 loss ccc:0.1088
2021-06-19 21:49:15,587 - utils.logger - INFO - Cur epoch 41 loss ccc:1.0202
2021-06-19 21:49:15,587 - utils.logger - INFO - saving the model at the end of epoch 41, iters 246
2021-06-19 21:49:15,825 - utils.logger - INFO - End of training epoch 41 / 70 	 Time Taken: 1 sec, Data loading: 0 sec
2021-06-19 21:49:15,825 - utils.logger - INFO - learning rate = 0.0000354
2021-06-19 21:49:16,575 - utils.logger - INFO - Trn result of epoch 41 / 70 mse 0.0397 rmse 0.1992 pcc 0.4193 ccc 0.1336
2021-06-19 21:49:16,828 - utils.logger - INFO - Val result of epoch 41 / 70 mse 0.0350 rmse 0.1870 pcc 0.4485 ccc 0.1709
2021-06-19 21:49:17,366 - utils.logger - INFO - Cur epoch 42 loss ccc:0.1250
2021-06-19 21:49:17,929 - utils.logger - INFO - Cur epoch 42 loss ccc:0.1208
2021-06-19 21:49:18,366 - utils.logger - INFO - Cur epoch 42 loss ccc:1.0366
2021-06-19 21:49:18,366 - utils.logger - INFO - saving the model at the end of epoch 42, iters 252
2021-06-19 21:49:18,604 - utils.logger - INFO - End of training epoch 42 / 70 	 Time Taken: 1 sec, Data loading: 0 sec
2021-06-19 21:49:18,604 - utils.logger - INFO - learning rate = 0.0000341
2021-06-19 21:49:19,359 - utils.logger - INFO - Trn result of epoch 42 / 70 mse 0.0395 rmse 0.1987 pcc 0.4195 ccc 0.1250
2021-06-19 21:49:19,612 - utils.logger - INFO - Val result of epoch 42 / 70 mse 0.0341 rmse 0.1847 pcc 0.4623 ccc 0.1641
2021-06-19 21:49:20,161 - utils.logger - INFO - Cur epoch 43 loss ccc:0.1188
2021-06-19 21:49:20,700 - utils.logger - INFO - Cur epoch 43 loss ccc:0.1172
2021-06-19 21:49:21,107 - utils.logger - INFO - Cur epoch 43 loss ccc:1.0059
2021-06-19 21:49:21,108 - utils.logger - INFO - saving the model at the end of epoch 43, iters 258
2021-06-19 21:49:21,354 - utils.logger - INFO - End of training epoch 43 / 70 	 Time Taken: 1 sec, Data loading: 0 sec
2021-06-19 21:49:21,354 - utils.logger - INFO - learning rate = 0.0000329
2021-06-19 21:49:22,109 - utils.logger - INFO - Trn result of epoch 43 / 70 mse 0.0398 rmse 0.1994 pcc 0.4214 ccc 0.1580
2021-06-19 21:49:22,370 - utils.logger - INFO - Val result of epoch 43 / 70 mse 0.0356 rmse 0.1887 pcc 0.4551 ccc 0.1992
2021-06-19 21:49:22,934 - utils.logger - INFO - Cur epoch 44 loss ccc:0.1169
2021-06-19 21:49:23,464 - utils.logger - INFO - Cur epoch 44 loss ccc:0.1189
2021-06-19 21:49:23,862 - utils.logger - INFO - Cur epoch 44 loss ccc:1.0218
2021-06-19 21:49:23,862 - utils.logger - INFO - saving the model at the end of epoch 44, iters 264
2021-06-19 21:49:24,085 - utils.logger - INFO - End of training epoch 44 / 70 	 Time Taken: 1 sec, Data loading: 0 sec
2021-06-19 21:49:24,085 - utils.logger - INFO - learning rate = 0.0000317
2021-06-19 21:49:24,830 - utils.logger - INFO - Trn result of epoch 44 / 70 mse 0.0397 rmse 0.1993 pcc 0.4202 ccc 0.1637
2021-06-19 21:49:25,079 - utils.logger - INFO - Val result of epoch 44 / 70 mse 0.0355 rmse 0.1884 pcc 0.4524 ccc 0.2076
2021-06-19 21:49:25,605 - utils.logger - INFO - Cur epoch 45 loss ccc:0.1264
2021-06-19 21:49:26,153 - utils.logger - INFO - Cur epoch 45 loss ccc:0.1073
2021-06-19 21:49:26,577 - utils.logger - INFO - Cur epoch 45 loss ccc:0.9992
2021-06-19 21:49:26,578 - utils.logger - INFO - saving the model at the end of epoch 45, iters 270
2021-06-19 21:49:26,819 - utils.logger - INFO - End of training epoch 45 / 70 	 Time Taken: 1 sec, Data loading: 0 sec
2021-06-19 21:49:26,819 - utils.logger - INFO - learning rate = 0.0000305
2021-06-19 21:49:27,577 - utils.logger - INFO - Trn result of epoch 45 / 70 mse 0.0391 rmse 0.1978 pcc 0.4146 ccc 0.1602
2021-06-19 21:49:27,834 - utils.logger - INFO - Val result of epoch 45 / 70 mse 0.0343 rmse 0.1853 pcc 0.4539 ccc 0.2075
2021-06-19 21:49:28,367 - utils.logger - INFO - Cur epoch 46 loss ccc:0.1266
2021-06-19 21:49:28,905 - utils.logger - INFO - Cur epoch 46 loss ccc:0.1220
2021-06-19 21:49:29,330 - utils.logger - INFO - Cur epoch 46 loss ccc:0.9963
2021-06-19 21:49:29,330 - utils.logger - INFO - saving the model at the end of epoch 46, iters 276
2021-06-19 21:49:29,614 - utils.logger - INFO - End of training epoch 46 / 70 	 Time Taken: 1 sec, Data loading: 0 sec
2021-06-19 21:49:29,614 - utils.logger - INFO - learning rate = 0.0000293
2021-06-19 21:49:30,347 - utils.logger - INFO - Trn result of epoch 46 / 70 mse 0.0390 rmse 0.1974 pcc 0.4162 ccc 0.1661
2021-06-19 21:49:30,618 - utils.logger - INFO - Val result of epoch 46 / 70 mse 0.0342 rmse 0.1849 pcc 0.4532 ccc 0.2150
2021-06-19 21:49:31,156 - utils.logger - INFO - Cur epoch 47 loss ccc:0.1178
2021-06-19 21:49:31,721 - utils.logger - INFO - Cur epoch 47 loss ccc:0.1203
2021-06-19 21:49:32,180 - utils.logger - INFO - Cur epoch 47 loss ccc:1.0170
2021-06-19 21:49:32,180 - utils.logger - INFO - saving the model at the end of epoch 47, iters 282
2021-06-19 21:49:32,425 - utils.logger - INFO - End of training epoch 47 / 70 	 Time Taken: 1 sec, Data loading: 0 sec
2021-06-19 21:49:32,426 - utils.logger - INFO - learning rate = 0.0000280
2021-06-19 21:49:33,212 - utils.logger - INFO - Trn result of epoch 47 / 70 mse 0.0389 rmse 0.1973 pcc 0.4154 ccc 0.1683
2021-06-19 21:49:33,601 - utils.logger - INFO - Val result of epoch 47 / 70 mse 0.0342 rmse 0.1849 pcc 0.4507 ccc 0.2167
2021-06-19 21:49:34,166 - utils.logger - INFO - Cur epoch 48 loss ccc:0.1143
2021-06-19 21:49:34,705 - utils.logger - INFO - Cur epoch 48 loss ccc:0.1252
2021-06-19 21:49:35,138 - utils.logger - INFO - Cur epoch 48 loss ccc:0.9777
2021-06-19 21:49:35,138 - utils.logger - INFO - saving the model at the end of epoch 48, iters 288
2021-06-19 21:49:35,512 - utils.logger - INFO - End of training epoch 48 / 70 	 Time Taken: 1 sec, Data loading: 0 sec
2021-06-19 21:49:35,512 - utils.logger - INFO - learning rate = 0.0000268
2021-06-19 21:49:36,322 - utils.logger - INFO - Trn result of epoch 48 / 70 mse 0.0388 rmse 0.1970 pcc 0.4130 ccc 0.1709
2021-06-19 21:49:36,589 - utils.logger - INFO - Val result of epoch 48 / 70 mse 0.0339 rmse 0.1842 pcc 0.4510 ccc 0.2218
2021-06-19 21:49:37,140 - utils.logger - INFO - Cur epoch 49 loss ccc:0.1174
2021-06-19 21:49:37,705 - utils.logger - INFO - Cur epoch 49 loss ccc:0.1175
2021-06-19 21:49:38,140 - utils.logger - INFO - Cur epoch 49 loss ccc:0.9437
2021-06-19 21:49:38,141 - utils.logger - INFO - saving the model at the end of epoch 49, iters 294
2021-06-19 21:49:38,373 - utils.logger - INFO - End of training epoch 49 / 70 	 Time Taken: 1 sec, Data loading: 0 sec
2021-06-19 21:49:38,373 - utils.logger - INFO - learning rate = 0.0000256
2021-06-19 21:49:39,129 - utils.logger - INFO - Trn result of epoch 49 / 70 mse 0.0391 rmse 0.1978 pcc 0.4215 ccc 0.1633
2021-06-19 21:49:39,382 - utils.logger - INFO - Val result of epoch 49 / 70 mse 0.0344 rmse 0.1856 pcc 0.4613 ccc 0.2102
2021-06-19 21:49:39,927 - utils.logger - INFO - Cur epoch 50 loss ccc:0.1255
2021-06-19 21:49:40,485 - utils.logger - INFO - Cur epoch 50 loss ccc:0.1153
2021-06-19 21:49:40,939 - utils.logger - INFO - Cur epoch 50 loss ccc:0.9957
2021-06-19 21:49:40,939 - utils.logger - INFO - saving the model at the end of epoch 50, iters 300
2021-06-19 21:49:41,171 - utils.logger - INFO - End of training epoch 50 / 70 	 Time Taken: 1 sec, Data loading: 0 sec
2021-06-19 21:49:41,171 - utils.logger - INFO - learning rate = 0.0000244
2021-06-19 21:49:41,963 - utils.logger - INFO - Trn result of epoch 50 / 70 mse 0.0388 rmse 0.1969 pcc 0.4158 ccc 0.1640
2021-06-19 21:49:42,230 - utils.logger - INFO - Val result of epoch 50 / 70 mse 0.0337 rmse 0.1837 pcc 0.4552 ccc 0.2132
2021-06-19 21:49:42,784 - utils.logger - INFO - Cur epoch 51 loss ccc:0.1093
2021-06-19 21:49:43,342 - utils.logger - INFO - Cur epoch 51 loss ccc:0.1229
2021-06-19 21:49:43,772 - utils.logger - INFO - Cur epoch 51 loss ccc:0.9980
2021-06-19 21:49:43,772 - utils.logger - INFO - saving the model at the end of epoch 51, iters 306
2021-06-19 21:49:44,005 - utils.logger - INFO - End of training epoch 51 / 70 	 Time Taken: 1 sec, Data loading: 0 sec
2021-06-19 21:49:44,006 - utils.logger - INFO - learning rate = 0.0000232
2021-06-19 21:49:44,731 - utils.logger - INFO - Trn result of epoch 51 / 70 mse 0.0385 rmse 0.1963 pcc 0.4196 ccc 0.1618
2021-06-19 21:49:44,992 - utils.logger - INFO - Val result of epoch 51 / 70 mse 0.0331 rmse 0.1818 pcc 0.4602 ccc 0.2143
2021-06-19 21:49:45,508 - utils.logger - INFO - Cur epoch 52 loss ccc:0.1129
2021-06-19 21:49:46,082 - utils.logger - INFO - Cur epoch 52 loss ccc:0.1083
2021-06-19 21:49:46,491 - utils.logger - INFO - Cur epoch 52 loss ccc:1.0077
2021-06-19 21:49:46,491 - utils.logger - INFO - saving the model at the end of epoch 52, iters 312
2021-06-19 21:49:46,714 - utils.logger - INFO - End of training epoch 52 / 70 	 Time Taken: 1 sec, Data loading: 0 sec
2021-06-19 21:49:46,714 - utils.logger - INFO - learning rate = 0.0000220
2021-06-19 21:49:47,475 - utils.logger - INFO - Trn result of epoch 52 / 70 mse 0.0388 rmse 0.1970 pcc 0.4177 ccc 0.1662
2021-06-19 21:49:47,734 - utils.logger - INFO - Val result of epoch 52 / 70 mse 0.0338 rmse 0.1840 pcc 0.4534 ccc 0.2159
2021-06-19 21:49:48,293 - utils.logger - INFO - Cur epoch 53 loss ccc:0.1111
2021-06-19 21:49:48,839 - utils.logger - INFO - Cur epoch 53 loss ccc:0.1250
2021-06-19 21:49:49,264 - utils.logger - INFO - Cur epoch 53 loss ccc:1.0147
2021-06-19 21:49:49,264 - utils.logger - INFO - saving the model at the end of epoch 53, iters 318
2021-06-19 21:49:49,512 - utils.logger - INFO - End of training epoch 53 / 70 	 Time Taken: 1 sec, Data loading: 0 sec
2021-06-19 21:49:49,512 - utils.logger - INFO - learning rate = 0.0000207
2021-06-19 21:49:50,266 - utils.logger - INFO - Trn result of epoch 53 / 70 mse 0.0386 rmse 0.1965 pcc 0.4130 ccc 0.1765
2021-06-19 21:49:50,534 - utils.logger - INFO - Val result of epoch 53 / 70 mse 0.0336 rmse 0.1834 pcc 0.4528 ccc 0.2302
2021-06-19 21:49:51,072 - utils.logger - INFO - Cur epoch 54 loss ccc:0.1187
2021-06-19 21:49:51,623 - utils.logger - INFO - Cur epoch 54 loss ccc:0.1414
2021-06-19 21:49:52,061 - utils.logger - INFO - Cur epoch 54 loss ccc:1.0021
2021-06-19 21:49:52,061 - utils.logger - INFO - saving the model at the end of epoch 54, iters 324
2021-06-19 21:49:52,302 - utils.logger - INFO - End of training epoch 54 / 70 	 Time Taken: 1 sec, Data loading: 0 sec
2021-06-19 21:49:52,303 - utils.logger - INFO - learning rate = 0.0000195
2021-06-19 21:49:53,047 - utils.logger - INFO - Trn result of epoch 54 / 70 mse 0.0384 rmse 0.1959 pcc 0.4119 ccc 0.1737
2021-06-19 21:49:53,300 - utils.logger - INFO - Val result of epoch 54 / 70 mse 0.0331 rmse 0.1818 pcc 0.4526 ccc 0.2281
2021-06-19 21:49:53,852 - utils.logger - INFO - Cur epoch 55 loss ccc:0.1240
2021-06-19 21:49:54,396 - utils.logger - INFO - Cur epoch 55 loss ccc:0.1250
2021-06-19 21:49:54,835 - utils.logger - INFO - Cur epoch 55 loss ccc:1.0047
2021-06-19 21:49:54,836 - utils.logger - INFO - saving the model at the end of epoch 55, iters 330
2021-06-19 21:49:55,077 - utils.logger - INFO - End of training epoch 55 / 70 	 Time Taken: 1 sec, Data loading: 0 sec
2021-06-19 21:49:55,077 - utils.logger - INFO - learning rate = 0.0000183
2021-06-19 21:49:55,843 - utils.logger - INFO - Trn result of epoch 55 / 70 mse 0.0383 rmse 0.1957 pcc 0.4179 ccc 0.1768
2021-06-19 21:49:56,166 - utils.logger - INFO - Val result of epoch 55 / 70 mse 0.0331 rmse 0.1818 pcc 0.4578 ccc 0.2317
2021-06-19 21:49:56,745 - utils.logger - INFO - Cur epoch 56 loss ccc:0.1453
2021-06-19 21:49:57,299 - utils.logger - INFO - Cur epoch 56 loss ccc:0.1212
2021-06-19 21:49:57,722 - utils.logger - INFO - Cur epoch 56 loss ccc:1.0018
2021-06-19 21:49:57,722 - utils.logger - INFO - saving the model at the end of epoch 56, iters 336
2021-06-19 21:49:57,955 - utils.logger - INFO - End of training epoch 56 / 70 	 Time Taken: 1 sec, Data loading: 0 sec
2021-06-19 21:49:57,955 - utils.logger - INFO - learning rate = 0.0000171
2021-06-19 21:49:58,725 - utils.logger - INFO - Trn result of epoch 56 / 70 mse 0.0384 rmse 0.1960 pcc 0.4164 ccc 0.1812
2021-06-19 21:49:58,990 - utils.logger - INFO - Val result of epoch 56 / 70 mse 0.0335 rmse 0.1829 pcc 0.4550 ccc 0.2344
2021-06-19 21:49:59,548 - utils.logger - INFO - Cur epoch 57 loss ccc:0.1359
2021-06-19 21:50:00,111 - utils.logger - INFO - Cur epoch 57 loss ccc:0.1163
2021-06-19 21:50:00,529 - utils.logger - INFO - Cur epoch 57 loss ccc:0.9130
2021-06-19 21:50:00,530 - utils.logger - INFO - saving the model at the end of epoch 57, iters 342
2021-06-19 21:50:00,841 - utils.logger - INFO - End of training epoch 57 / 70 	 Time Taken: 1 sec, Data loading: 0 sec
2021-06-19 21:50:00,841 - utils.logger - INFO - learning rate = 0.0000159
2021-06-19 21:50:01,595 - utils.logger - INFO - Trn result of epoch 57 / 70 mse 0.0392 rmse 0.1981 pcc 0.4150 ccc 0.1914
2021-06-19 21:50:01,870 - utils.logger - INFO - Val result of epoch 57 / 70 mse 0.0350 rmse 0.1872 pcc 0.4573 ccc 0.2443
2021-06-19 21:50:02,411 - utils.logger - INFO - Cur epoch 58 loss ccc:0.1209
2021-06-19 21:50:02,950 - utils.logger - INFO - Cur epoch 58 loss ccc:0.1066
2021-06-19 21:50:03,357 - utils.logger - INFO - Cur epoch 58 loss ccc:1.0056
2021-06-19 21:50:03,357 - utils.logger - INFO - saving the model at the end of epoch 58, iters 348
2021-06-19 21:50:03,625 - utils.logger - INFO - End of training epoch 58 / 70 	 Time Taken: 1 sec, Data loading: 0 sec
2021-06-19 21:50:03,625 - utils.logger - INFO - learning rate = 0.0000146
2021-06-19 21:50:04,362 - utils.logger - INFO - Trn result of epoch 58 / 70 mse 0.0393 rmse 0.1981 pcc 0.4150 ccc 0.1863
2021-06-19 21:50:04,612 - utils.logger - INFO - Val result of epoch 58 / 70 mse 0.0350 rmse 0.1870 pcc 0.4599 ccc 0.2389
2021-06-19 21:50:05,158 - utils.logger - INFO - Cur epoch 59 loss ccc:0.1211
2021-06-19 21:50:05,691 - utils.logger - INFO - Cur epoch 59 loss ccc:0.1300
2021-06-19 21:50:06,093 - utils.logger - INFO - Cur epoch 59 loss ccc:1.0041
2021-06-19 21:50:06,093 - utils.logger - INFO - saving the model at the end of epoch 59, iters 354
2021-06-19 21:50:06,314 - utils.logger - INFO - End of training epoch 59 / 70 	 Time Taken: 1 sec, Data loading: 0 sec
2021-06-19 21:50:06,314 - utils.logger - INFO - learning rate = 0.0000134
2021-06-19 21:50:07,054 - utils.logger - INFO - Trn result of epoch 59 / 70 mse 0.0389 rmse 0.1972 pcc 0.4135 ccc 0.1851
2021-06-19 21:50:07,308 - utils.logger - INFO - Val result of epoch 59 / 70 mse 0.0343 rmse 0.1852 pcc 0.4607 ccc 0.2395
2021-06-19 21:50:07,851 - utils.logger - INFO - Cur epoch 60 loss ccc:0.1173
2021-06-19 21:50:08,411 - utils.logger - INFO - Cur epoch 60 loss ccc:0.1160
2021-06-19 21:50:08,839 - utils.logger - INFO - Cur epoch 60 loss ccc:1.0008
2021-06-19 21:50:08,839 - utils.logger - INFO - saving the model at the end of epoch 60, iters 360
2021-06-19 21:50:09,069 - utils.logger - INFO - End of training epoch 60 / 70 	 Time Taken: 1 sec, Data loading: 0 sec
2021-06-19 21:50:09,069 - utils.logger - INFO - learning rate = 0.0000122
2021-06-19 21:50:09,815 - utils.logger - INFO - Trn result of epoch 60 / 70 mse 0.0388 rmse 0.1970 pcc 0.4130 ccc 0.1845
2021-06-19 21:50:10,063 - utils.logger - INFO - Val result of epoch 60 / 70 mse 0.0342 rmse 0.1848 pcc 0.4601 ccc 0.2387
2021-06-19 21:50:10,608 - utils.logger - INFO - Cur epoch 61 loss ccc:0.1186
2021-06-19 21:50:11,149 - utils.logger - INFO - Cur epoch 61 loss ccc:0.1266
2021-06-19 21:50:11,568 - utils.logger - INFO - Cur epoch 61 loss ccc:1.0028
2021-06-19 21:50:11,568 - utils.logger - INFO - saving the model at the end of epoch 61, iters 366
2021-06-19 21:50:11,913 - utils.logger - INFO - End of training epoch 61 / 70 	 Time Taken: 1 sec, Data loading: 0 sec
2021-06-19 21:50:11,913 - utils.logger - INFO - learning rate = 0.0000110
2021-06-19 21:50:12,758 - utils.logger - INFO - Trn result of epoch 61 / 70 mse 0.0389 rmse 0.1971 pcc 0.4136 ccc 0.1930
2021-06-19 21:50:13,036 - utils.logger - INFO - Val result of epoch 61 / 70 mse 0.0344 rmse 0.1854 pcc 0.4586 ccc 0.2479
2021-06-19 21:50:13,597 - utils.logger - INFO - Cur epoch 62 loss ccc:0.1066
2021-06-19 21:50:14,164 - utils.logger - INFO - Cur epoch 62 loss ccc:0.1081
2021-06-19 21:50:14,586 - utils.logger - INFO - Cur epoch 62 loss ccc:1.0015
2021-06-19 21:50:14,586 - utils.logger - INFO - saving the model at the end of epoch 62, iters 372
2021-06-19 21:50:14,851 - utils.logger - INFO - End of training epoch 62 / 70 	 Time Taken: 1 sec, Data loading: 0 sec
2021-06-19 21:50:14,851 - utils.logger - INFO - learning rate = 0.0000098
2021-06-19 21:50:15,585 - utils.logger - INFO - Trn result of epoch 62 / 70 mse 0.0389 rmse 0.1973 pcc 0.4129 ccc 0.1950
2021-06-19 21:50:15,836 - utils.logger - INFO - Val result of epoch 62 / 70 mse 0.0345 rmse 0.1857 pcc 0.4588 ccc 0.2507
2021-06-19 21:50:16,377 - utils.logger - INFO - Cur epoch 63 loss ccc:0.1244
2021-06-19 21:50:16,923 - utils.logger - INFO - Cur epoch 63 loss ccc:0.1176
2021-06-19 21:50:17,319 - utils.logger - INFO - Cur epoch 63 loss ccc:1.0000
2021-06-19 21:50:17,319 - utils.logger - INFO - saving the model at the end of epoch 63, iters 378
2021-06-19 21:50:17,644 - utils.logger - INFO - End of training epoch 63 / 70 	 Time Taken: 1 sec, Data loading: 0 sec
2021-06-19 21:50:17,644 - utils.logger - INFO - learning rate = 0.0000085
2021-06-19 21:50:18,386 - utils.logger - INFO - Trn result of epoch 63 / 70 mse 0.0388 rmse 0.1971 pcc 0.4118 ccc 0.1933
2021-06-19 21:50:18,641 - utils.logger - INFO - Val result of epoch 63 / 70 mse 0.0342 rmse 0.1850 pcc 0.4592 ccc 0.2498
2021-06-19 21:50:19,187 - utils.logger - INFO - Cur epoch 64 loss ccc:0.1357
2021-06-19 21:50:19,732 - utils.logger - INFO - Cur epoch 64 loss ccc:0.1163
2021-06-19 21:50:20,146 - utils.logger - INFO - Cur epoch 64 loss ccc:0.9969
2021-06-19 21:50:20,146 - utils.logger - INFO - saving the model at the end of epoch 64, iters 384
2021-06-19 21:50:20,388 - utils.logger - INFO - End of training epoch 64 / 70 	 Time Taken: 1 sec, Data loading: 0 sec
2021-06-19 21:50:20,388 - utils.logger - INFO - learning rate = 0.0000073
2021-06-19 21:50:21,131 - utils.logger - INFO - Trn result of epoch 64 / 70 mse 0.0394 rmse 0.1984 pcc 0.4084 ccc 0.1841
2021-06-19 21:50:21,397 - utils.logger - INFO - Val result of epoch 64 / 70 mse 0.0349 rmse 0.1869 pcc 0.4614 ccc 0.2387
2021-06-19 21:50:21,936 - utils.logger - INFO - Cur epoch 65 loss ccc:0.1052
2021-06-19 21:50:22,485 - utils.logger - INFO - Cur epoch 65 loss ccc:0.1223
2021-06-19 21:50:22,945 - utils.logger - INFO - Cur epoch 65 loss ccc:0.9192
2021-06-19 21:50:22,946 - utils.logger - INFO - saving the model at the end of epoch 65, iters 390
2021-06-19 21:50:23,176 - utils.logger - INFO - End of training epoch 65 / 70 	 Time Taken: 1 sec, Data loading: 0 sec
2021-06-19 21:50:23,176 - utils.logger - INFO - learning rate = 0.0000061
2021-06-19 21:50:23,959 - utils.logger - INFO - Trn result of epoch 65 / 70 mse 0.0388 rmse 0.1970 pcc 0.4101 ccc 0.1831
2021-06-19 21:50:24,225 - utils.logger - INFO - Val result of epoch 65 / 70 mse 0.0340 rmse 0.1844 pcc 0.4656 ccc 0.2395
2021-06-19 21:50:24,769 - utils.logger - INFO - Cur epoch 66 loss ccc:0.1202
2021-06-19 21:50:25,308 - utils.logger - INFO - Cur epoch 66 loss ccc:0.1216
2021-06-19 21:50:25,713 - utils.logger - INFO - Cur epoch 66 loss ccc:1.0261
2021-06-19 21:50:25,713 - utils.logger - INFO - saving the model at the end of epoch 66, iters 396
2021-06-19 21:50:25,934 - utils.logger - INFO - End of training epoch 66 / 70 	 Time Taken: 1 sec, Data loading: 0 sec
2021-06-19 21:50:25,935 - utils.logger - INFO - learning rate = 0.0000049
2021-06-19 21:50:26,671 - utils.logger - INFO - Trn result of epoch 66 / 70 mse 0.0391 rmse 0.1978 pcc 0.4133 ccc 0.1884
2021-06-19 21:50:26,923 - utils.logger - INFO - Val result of epoch 66 / 70 mse 0.0348 rmse 0.1865 pcc 0.4658 ccc 0.2422
2021-06-19 21:50:27,472 - utils.logger - INFO - Cur epoch 67 loss ccc:0.1116
2021-06-19 21:50:28,006 - utils.logger - INFO - Cur epoch 67 loss ccc:0.1250
2021-06-19 21:50:28,409 - utils.logger - INFO - Cur epoch 67 loss ccc:1.0016
2021-06-19 21:50:28,409 - utils.logger - INFO - saving the model at the end of epoch 67, iters 402
2021-06-19 21:50:28,633 - utils.logger - INFO - End of training epoch 67 / 70 	 Time Taken: 1 sec, Data loading: 0 sec
2021-06-19 21:50:28,634 - utils.logger - INFO - learning rate = 0.0000037
2021-06-19 21:50:29,358 - utils.logger - INFO - Trn result of epoch 67 / 70 mse 0.0391 rmse 0.1977 pcc 0.4129 ccc 0.1911
2021-06-19 21:50:29,615 - utils.logger - INFO - Val result of epoch 67 / 70 mse 0.0347 rmse 0.1863 pcc 0.4647 ccc 0.2453
2021-06-19 21:50:30,150 - utils.logger - INFO - Cur epoch 68 loss ccc:0.1181
2021-06-19 21:50:30,673 - utils.logger - INFO - Cur epoch 68 loss ccc:0.1247
2021-06-19 21:50:31,091 - utils.logger - INFO - Cur epoch 68 loss ccc:1.0436
2021-06-19 21:50:31,091 - utils.logger - INFO - saving the model at the end of epoch 68, iters 408
2021-06-19 21:50:31,324 - utils.logger - INFO - End of training epoch 68 / 70 	 Time Taken: 1 sec, Data loading: 0 sec
2021-06-19 21:50:31,325 - utils.logger - INFO - learning rate = 0.0000024
2021-06-19 21:50:32,058 - utils.logger - INFO - Trn result of epoch 68 / 70 mse 0.0393 rmse 0.1982 pcc 0.4127 ccc 0.1911
2021-06-19 21:50:32,313 - utils.logger - INFO - Val result of epoch 68 / 70 mse 0.0350 rmse 0.1871 pcc 0.4640 ccc 0.2448
2021-06-19 21:50:32,852 - utils.logger - INFO - Cur epoch 69 loss ccc:0.0961
2021-06-19 21:50:33,497 - utils.logger - INFO - Cur epoch 69 loss ccc:0.1246
2021-06-19 21:50:33,907 - utils.logger - INFO - Cur epoch 69 loss ccc:0.9976
2021-06-19 21:50:33,907 - utils.logger - INFO - saving the model at the end of epoch 69, iters 414
2021-06-19 21:50:34,159 - utils.logger - INFO - End of training epoch 69 / 70 	 Time Taken: 1 sec, Data loading: 0 sec
2021-06-19 21:50:34,159 - utils.logger - INFO - learning rate = 0.0000012
2021-06-19 21:50:34,898 - utils.logger - INFO - Trn result of epoch 69 / 70 mse 0.0392 rmse 0.1981 pcc 0.4120 ccc 0.1914
2021-06-19 21:50:35,148 - utils.logger - INFO - Val result of epoch 69 / 70 mse 0.0350 rmse 0.1870 pcc 0.4639 ccc 0.2456
2021-06-19 21:50:35,707 - utils.logger - INFO - Cur epoch 70 loss ccc:0.1163
2021-06-19 21:50:36,264 - utils.logger - INFO - Cur epoch 70 loss ccc:0.1340
2021-06-19 21:50:36,695 - utils.logger - INFO - Cur epoch 70 loss ccc:1.0038
2021-06-19 21:50:36,696 - utils.logger - INFO - saving the model at the end of epoch 70, iters 420
2021-06-19 21:50:36,916 - utils.logger - INFO - End of training epoch 70 / 70 	 Time Taken: 1 sec, Data loading: 0 sec
2021-06-19 21:50:36,917 - utils.logger - INFO - learning rate = 0.0000000
2021-06-19 21:50:37,645 - utils.logger - INFO - Trn result of epoch 70 / 70 mse 0.0392 rmse 0.1981 pcc 0.4126 ccc 0.1918
2021-06-19 21:50:37,896 - utils.logger - INFO - Val result of epoch 70 / 70 mse 0.0350 rmse 0.1870 pcc 0.4641 ccc 0.2458
2021-06-19 21:50:37,896 - utils.logger - INFO - Best eval epoch 27 found with ccc 0.331641
2021-06-19 21:50:37,897 - utils.logger - INFO - baseline_fcfusion_wonorm_deepspectrum-egemaps_valence_hidden1024_seq100_lr5e-05_cccloss_run2
