2021-06-16 14:59:01,263 - utils.logger - INFO - The number of training samples = 41
2021-06-16 14:59:04,814 - utils.logger - INFO - Cur epoch 1 loss ccc:0.1189
2021-06-16 14:59:05,267 - utils.logger - INFO - Cur epoch 1 loss ccc:0.1306
2021-06-16 14:59:05,619 - utils.logger - INFO - Cur epoch 1 loss ccc:1.0241
2021-06-16 14:59:05,619 - utils.logger - INFO - saving the model at the end of epoch 1, iters 6
2021-06-16 14:59:05,863 - utils.logger - INFO - End of training epoch 1 / 60 	 Time Taken: 1 sec, Data loading: 0 sec
2021-06-16 14:59:05,863 - utils.logger - INFO - learning rate = 0.0000500
2021-06-16 14:59:06,338 - utils.logger - INFO - Trn result of epoch 1 / 60 mse 0.0902 rmse 0.3004 pcc 0.1149 ccc 0.0061
2021-06-16 14:59:06,495 - utils.logger - INFO - Val result of epoch 1 / 60 mse 0.0981 rmse 0.3132 pcc -0.0064 ccc -0.0004
2021-06-16 14:59:06,927 - utils.logger - INFO - Cur epoch 2 loss ccc:0.1161
2021-06-16 14:59:07,363 - utils.logger - INFO - Cur epoch 2 loss ccc:0.1247
2021-06-16 14:59:07,711 - utils.logger - INFO - Cur epoch 2 loss ccc:1.0003
2021-06-16 14:59:07,712 - utils.logger - INFO - saving the model at the end of epoch 2, iters 12
2021-06-16 14:59:07,925 - utils.logger - INFO - End of training epoch 2 / 60 	 Time Taken: 1 sec, Data loading: 0 sec
2021-06-16 14:59:07,926 - utils.logger - INFO - learning rate = 0.0000500
2021-06-16 14:59:08,372 - utils.logger - INFO - Trn result of epoch 2 / 60 mse 0.0913 rmse 0.3022 pcc 0.0537 ccc 0.0044
2021-06-16 14:59:08,542 - utils.logger - INFO - Val result of epoch 2 / 60 mse 0.0996 rmse 0.3155 pcc 0.0201 ccc 0.0019
2021-06-16 14:59:08,964 - utils.logger - INFO - Cur epoch 3 loss ccc:0.1186
2021-06-16 14:59:09,394 - utils.logger - INFO - Cur epoch 3 loss ccc:0.1272
2021-06-16 14:59:09,767 - utils.logger - INFO - Cur epoch 3 loss ccc:0.9998
2021-06-16 14:59:09,767 - utils.logger - INFO - saving the model at the end of epoch 3, iters 18
2021-06-16 14:59:10,042 - utils.logger - INFO - End of training epoch 3 / 60 	 Time Taken: 1 sec, Data loading: 0 sec
2021-06-16 14:59:10,042 - utils.logger - INFO - learning rate = 0.0000500
2021-06-16 14:59:10,499 - utils.logger - INFO - Trn result of epoch 3 / 60 mse 0.0915 rmse 0.3025 pcc 0.0549 ccc 0.0050
2021-06-16 14:59:10,667 - utils.logger - INFO - Val result of epoch 3 / 60 mse 0.0999 rmse 0.3160 pcc 0.0061 ccc 0.0006
2021-06-16 14:59:11,123 - utils.logger - INFO - Cur epoch 4 loss ccc:0.1134
2021-06-16 14:59:11,574 - utils.logger - INFO - Cur epoch 4 loss ccc:0.1166
2021-06-16 14:59:11,965 - utils.logger - INFO - Cur epoch 4 loss ccc:0.9851
2021-06-16 14:59:11,965 - utils.logger - INFO - saving the model at the end of epoch 4, iters 24
2021-06-16 14:59:12,242 - utils.logger - INFO - End of training epoch 4 / 60 	 Time Taken: 1 sec, Data loading: 0 sec
2021-06-16 14:59:12,242 - utils.logger - INFO - learning rate = 0.0000500
2021-06-16 14:59:12,757 - utils.logger - INFO - Trn result of epoch 4 / 60 mse 0.0948 rmse 0.3079 pcc 0.0642 ccc 0.0080
2021-06-16 14:59:12,920 - utils.logger - INFO - Val result of epoch 4 / 60 mse 0.1054 rmse 0.3247 pcc 0.0154 ccc 0.0022
2021-06-16 14:59:13,362 - utils.logger - INFO - Cur epoch 5 loss ccc:0.1291
2021-06-16 14:59:13,789 - utils.logger - INFO - Cur epoch 5 loss ccc:0.1265
2021-06-16 14:59:14,138 - utils.logger - INFO - Cur epoch 5 loss ccc:1.0058
2021-06-16 14:59:14,138 - utils.logger - INFO - saving the model at the end of epoch 5, iters 30
2021-06-16 14:59:14,547 - utils.logger - INFO - End of training epoch 5 / 60 	 Time Taken: 1 sec, Data loading: 0 sec
2021-06-16 14:59:14,547 - utils.logger - INFO - learning rate = 0.0000500
2021-06-16 14:59:14,968 - utils.logger - INFO - Trn result of epoch 5 / 60 mse 0.0932 rmse 0.3052 pcc 0.0664 ccc 0.0054
2021-06-16 14:59:15,115 - utils.logger - INFO - Val result of epoch 5 / 60 mse 0.1035 rmse 0.3218 pcc -0.0600 ccc -0.0050
2021-06-16 14:59:15,556 - utils.logger - INFO - Cur epoch 6 loss ccc:0.1084
2021-06-16 14:59:15,977 - utils.logger - INFO - Cur epoch 6 loss ccc:0.1170
2021-06-16 14:59:16,332 - utils.logger - INFO - Cur epoch 6 loss ccc:1.0720
2021-06-16 14:59:16,332 - utils.logger - INFO - saving the model at the end of epoch 6, iters 36
2021-06-16 14:59:16,597 - utils.logger - INFO - End of training epoch 6 / 60 	 Time Taken: 1 sec, Data loading: 0 sec
2021-06-16 14:59:16,598 - utils.logger - INFO - learning rate = 0.0000500
2021-06-16 14:59:17,064 - utils.logger - INFO - Trn result of epoch 6 / 60 mse 0.0916 rmse 0.3026 pcc 0.0481 ccc 0.0019
2021-06-16 14:59:17,237 - utils.logger - INFO - Val result of epoch 6 / 60 mse 0.1002 rmse 0.3166 pcc -0.0713 ccc -0.0027
2021-06-16 14:59:17,659 - utils.logger - INFO - Cur epoch 7 loss ccc:0.1131
2021-06-16 14:59:18,088 - utils.logger - INFO - Cur epoch 7 loss ccc:0.1178
2021-06-16 14:59:18,472 - utils.logger - INFO - Cur epoch 7 loss ccc:1.0616
2021-06-16 14:59:18,472 - utils.logger - INFO - saving the model at the end of epoch 7, iters 42
2021-06-16 14:59:18,735 - utils.logger - INFO - End of training epoch 7 / 60 	 Time Taken: 1 sec, Data loading: 0 sec
2021-06-16 14:59:18,735 - utils.logger - INFO - learning rate = 0.0000500
2021-06-16 14:59:19,156 - utils.logger - INFO - Trn result of epoch 7 / 60 mse 0.0915 rmse 0.3025 pcc 0.1274 ccc 0.0055
2021-06-16 14:59:19,303 - utils.logger - INFO - Val result of epoch 7 / 60 mse 0.1007 rmse 0.3174 pcc -0.0528 ccc -0.0022
2021-06-16 14:59:19,710 - utils.logger - INFO - Cur epoch 8 loss ccc:0.1250
2021-06-16 14:59:20,138 - utils.logger - INFO - Cur epoch 8 loss ccc:0.1114
2021-06-16 14:59:20,496 - utils.logger - INFO - Cur epoch 8 loss ccc:0.9979
2021-06-16 14:59:20,496 - utils.logger - INFO - saving the model at the end of epoch 8, iters 48
2021-06-16 14:59:20,805 - utils.logger - INFO - End of training epoch 8 / 60 	 Time Taken: 1 sec, Data loading: 0 sec
2021-06-16 14:59:20,805 - utils.logger - INFO - learning rate = 0.0000500
2021-06-16 14:59:21,294 - utils.logger - INFO - Trn result of epoch 8 / 60 mse 0.0931 rmse 0.3052 pcc 0.1005 ccc 0.0070
2021-06-16 14:59:21,467 - utils.logger - INFO - Val result of epoch 8 / 60 mse 0.1035 rmse 0.3217 pcc -0.0388 ccc -0.0027
2021-06-16 14:59:21,915 - utils.logger - INFO - Cur epoch 9 loss ccc:0.1262
2021-06-16 14:59:22,346 - utils.logger - INFO - Cur epoch 9 loss ccc:0.1247
2021-06-16 14:59:22,694 - utils.logger - INFO - Cur epoch 9 loss ccc:1.0053
2021-06-16 14:59:22,695 - utils.logger - INFO - saving the model at the end of epoch 9, iters 54
2021-06-16 14:59:22,958 - utils.logger - INFO - End of training epoch 9 / 60 	 Time Taken: 1 sec, Data loading: 0 sec
2021-06-16 14:59:22,959 - utils.logger - INFO - learning rate = 0.0000500
2021-06-16 14:59:23,425 - utils.logger - INFO - Trn result of epoch 9 / 60 mse 0.0956 rmse 0.3092 pcc 0.0954 ccc 0.0077
2021-06-16 14:59:23,593 - utils.logger - INFO - Val result of epoch 9 / 60 mse 0.1074 rmse 0.3277 pcc -0.0316 ccc -0.0025
2021-06-16 14:59:24,034 - utils.logger - INFO - Cur epoch 10 loss ccc:0.1283
2021-06-16 14:59:24,462 - utils.logger - INFO - Cur epoch 10 loss ccc:0.1258
2021-06-16 14:59:24,822 - utils.logger - INFO - Cur epoch 10 loss ccc:0.9991
2021-06-16 14:59:24,822 - utils.logger - INFO - saving the model at the end of epoch 10, iters 60
2021-06-16 14:59:25,080 - utils.logger - INFO - End of training epoch 10 / 60 	 Time Taken: 1 sec, Data loading: 0 sec
2021-06-16 14:59:25,081 - utils.logger - INFO - learning rate = 0.0000490
2021-06-16 14:59:25,528 - utils.logger - INFO - Trn result of epoch 10 / 60 mse 0.0944 rmse 0.3072 pcc 0.1063 ccc 0.0103
2021-06-16 14:59:25,696 - utils.logger - INFO - Val result of epoch 10 / 60 mse 0.1063 rmse 0.3261 pcc -0.0680 ccc -0.0065
2021-06-16 14:59:26,116 - utils.logger - INFO - Cur epoch 11 loss ccc:0.1265
2021-06-16 14:59:26,526 - utils.logger - INFO - Cur epoch 11 loss ccc:0.1252
2021-06-16 14:59:26,858 - utils.logger - INFO - Cur epoch 11 loss ccc:0.9981
2021-06-16 14:59:26,858 - utils.logger - INFO - saving the model at the end of epoch 11, iters 66
2021-06-16 14:59:27,201 - utils.logger - INFO - End of training epoch 11 / 60 	 Time Taken: 1 sec, Data loading: 0 sec
2021-06-16 14:59:27,201 - utils.logger - INFO - learning rate = 0.0000480
2021-06-16 14:59:27,645 - utils.logger - INFO - Trn result of epoch 11 / 60 mse 0.0940 rmse 0.3066 pcc 0.0422 ccc 0.0068
2021-06-16 14:59:27,792 - utils.logger - INFO - Val result of epoch 11 / 60 mse 0.1071 rmse 0.3272 pcc -0.0898 ccc -0.0158
2021-06-16 14:59:28,216 - utils.logger - INFO - Cur epoch 12 loss ccc:0.1250
2021-06-16 14:59:28,637 - utils.logger - INFO - Cur epoch 12 loss ccc:0.1221
2021-06-16 14:59:28,975 - utils.logger - INFO - Cur epoch 12 loss ccc:1.0034
2021-06-16 14:59:28,975 - utils.logger - INFO - saving the model at the end of epoch 12, iters 72
2021-06-16 14:59:29,231 - utils.logger - INFO - End of training epoch 12 / 60 	 Time Taken: 1 sec, Data loading: 0 sec
2021-06-16 14:59:29,231 - utils.logger - INFO - learning rate = 0.0000471
2021-06-16 14:59:29,647 - utils.logger - INFO - Trn result of epoch 12 / 60 mse 0.0939 rmse 0.3064 pcc 0.0416 ccc 0.0083
2021-06-16 14:59:29,788 - utils.logger - INFO - Val result of epoch 12 / 60 mse 0.1074 rmse 0.3277 pcc -0.0973 ccc -0.0209
2021-06-16 14:59:30,222 - utils.logger - INFO - Cur epoch 13 loss ccc:0.1121
2021-06-16 14:59:30,647 - utils.logger - INFO - Cur epoch 13 loss ccc:0.1116
2021-06-16 14:59:30,996 - utils.logger - INFO - Cur epoch 13 loss ccc:1.0011
2021-06-16 14:59:30,996 - utils.logger - INFO - saving the model at the end of epoch 13, iters 78
2021-06-16 14:59:31,255 - utils.logger - INFO - End of training epoch 13 / 60 	 Time Taken: 1 sec, Data loading: 0 sec
2021-06-16 14:59:31,255 - utils.logger - INFO - learning rate = 0.0000461
2021-06-16 14:59:31,674 - utils.logger - INFO - Trn result of epoch 13 / 60 mse 0.0954 rmse 0.3088 pcc 0.0365 ccc 0.0074
2021-06-16 14:59:31,819 - utils.logger - INFO - Val result of epoch 13 / 60 mse 0.1096 rmse 0.3311 pcc -0.0941 ccc -0.0203
2021-06-16 14:59:32,230 - utils.logger - INFO - Cur epoch 14 loss ccc:0.1096
2021-06-16 14:59:32,657 - utils.logger - INFO - Cur epoch 14 loss ccc:0.1016
2021-06-16 14:59:33,014 - utils.logger - INFO - Cur epoch 14 loss ccc:1.0043
2021-06-16 14:59:33,014 - utils.logger - INFO - saving the model at the end of epoch 14, iters 84
2021-06-16 14:59:33,271 - utils.logger - INFO - End of training epoch 14 / 60 	 Time Taken: 1 sec, Data loading: 0 sec
2021-06-16 14:59:33,271 - utils.logger - INFO - learning rate = 0.0000451
2021-06-16 14:59:33,719 - utils.logger - INFO - Trn result of epoch 14 / 60 mse 0.0979 rmse 0.3129 pcc 0.0470 ccc 0.0103
2021-06-16 14:59:33,883 - utils.logger - INFO - Val result of epoch 14 / 60 mse 0.1138 rmse 0.3373 pcc -0.1003 ccc -0.0222
2021-06-16 14:59:34,300 - utils.logger - INFO - Cur epoch 15 loss ccc:0.1064
2021-06-16 14:59:34,723 - utils.logger - INFO - Cur epoch 15 loss ccc:0.1333
2021-06-16 14:59:35,061 - utils.logger - INFO - Cur epoch 15 loss ccc:0.9258
2021-06-16 14:59:35,061 - utils.logger - INFO - saving the model at the end of epoch 15, iters 90
2021-06-16 14:59:35,460 - utils.logger - INFO - End of training epoch 15 / 60 	 Time Taken: 1 sec, Data loading: 0 sec
2021-06-16 14:59:35,461 - utils.logger - INFO - learning rate = 0.0000441
2021-06-16 14:59:35,886 - utils.logger - INFO - Trn result of epoch 15 / 60 mse 0.0973 rmse 0.3119 pcc 0.0230 ccc 0.0068
2021-06-16 14:59:36,036 - utils.logger - INFO - Val result of epoch 15 / 60 mse 0.1137 rmse 0.3372 pcc -0.0811 ccc -0.0258
2021-06-16 14:59:36,458 - utils.logger - INFO - Cur epoch 16 loss ccc:0.1250
2021-06-16 14:59:36,885 - utils.logger - INFO - Cur epoch 16 loss ccc:0.1306
2021-06-16 14:59:37,243 - utils.logger - INFO - Cur epoch 16 loss ccc:1.0048
2021-06-16 14:59:37,244 - utils.logger - INFO - saving the model at the end of epoch 16, iters 96
2021-06-16 14:59:37,501 - utils.logger - INFO - End of training epoch 16 / 60 	 Time Taken: 1 sec, Data loading: 0 sec
2021-06-16 14:59:37,501 - utils.logger - INFO - learning rate = 0.0000431
2021-06-16 14:59:37,909 - utils.logger - INFO - Trn result of epoch 16 / 60 mse 0.0990 rmse 0.3146 pcc 0.0170 ccc 0.0056
2021-06-16 14:59:38,055 - utils.logger - INFO - Val result of epoch 16 / 60 mse 0.1165 rmse 0.3414 pcc -0.0791 ccc -0.0279
2021-06-16 14:59:38,475 - utils.logger - INFO - Cur epoch 17 loss ccc:0.1250
2021-06-16 14:59:38,874 - utils.logger - INFO - Cur epoch 17 loss ccc:0.1261
2021-06-16 14:59:39,254 - utils.logger - INFO - Cur epoch 17 loss ccc:1.0006
2021-06-16 14:59:39,255 - utils.logger - INFO - saving the model at the end of epoch 17, iters 102
2021-06-16 14:59:39,533 - utils.logger - INFO - End of training epoch 17 / 60 	 Time Taken: 1 sec, Data loading: 0 sec
2021-06-16 14:59:39,533 - utils.logger - INFO - learning rate = 0.0000422
2021-06-16 14:59:39,950 - utils.logger - INFO - Trn result of epoch 17 / 60 mse 0.1014 rmse 0.3184 pcc 0.0307 ccc 0.0092
2021-06-16 14:59:40,100 - utils.logger - INFO - Val result of epoch 17 / 60 mse 0.1203 rmse 0.3468 pcc -0.0798 ccc -0.0254
2021-06-16 14:59:40,538 - utils.logger - INFO - Cur epoch 18 loss ccc:0.1256
2021-06-16 14:59:40,993 - utils.logger - INFO - Cur epoch 18 loss ccc:0.1115
2021-06-16 14:59:41,364 - utils.logger - INFO - Cur epoch 18 loss ccc:1.0413
2021-06-16 14:59:41,365 - utils.logger - INFO - saving the model at the end of epoch 18, iters 108
2021-06-16 14:59:41,633 - utils.logger - INFO - End of training epoch 18 / 60 	 Time Taken: 1 sec, Data loading: 0 sec
2021-06-16 14:59:41,633 - utils.logger - INFO - learning rate = 0.0000412
2021-06-16 14:59:42,097 - utils.logger - INFO - Trn result of epoch 18 / 60 mse 0.1033 rmse 0.3213 pcc 0.0561 ccc 0.0129
2021-06-16 14:59:42,264 - utils.logger - INFO - Val result of epoch 18 / 60 mse 0.1220 rmse 0.3493 pcc -0.0980 ccc -0.0225
2021-06-16 14:59:42,696 - utils.logger - INFO - Cur epoch 19 loss ccc:0.1186
2021-06-16 14:59:43,101 - utils.logger - INFO - Cur epoch 19 loss ccc:0.1097
2021-06-16 14:59:43,450 - utils.logger - INFO - Cur epoch 19 loss ccc:1.0012
2021-06-16 14:59:43,450 - utils.logger - INFO - saving the model at the end of epoch 19, iters 114
2021-06-16 14:59:43,708 - utils.logger - INFO - End of training epoch 19 / 60 	 Time Taken: 1 sec, Data loading: 0 sec
2021-06-16 14:59:43,708 - utils.logger - INFO - learning rate = 0.0000402
2021-06-16 14:59:44,127 - utils.logger - INFO - Trn result of epoch 19 / 60 mse 0.1060 rmse 0.3256 pcc 0.0553 ccc 0.0126
2021-06-16 14:59:44,272 - utils.logger - INFO - Val result of epoch 19 / 60 mse 0.1252 rmse 0.3539 pcc -0.0981 ccc -0.0220
2021-06-16 14:59:44,692 - utils.logger - INFO - Cur epoch 20 loss ccc:0.1270
2021-06-16 14:59:45,113 - utils.logger - INFO - Cur epoch 20 loss ccc:0.0973
2021-06-16 14:59:45,466 - utils.logger - INFO - Cur epoch 20 loss ccc:1.0003
2021-06-16 14:59:45,466 - utils.logger - INFO - saving the model at the end of epoch 20, iters 120
2021-06-16 14:59:45,726 - utils.logger - INFO - End of training epoch 20 / 60 	 Time Taken: 1 sec, Data loading: 0 sec
2021-06-16 14:59:45,726 - utils.logger - INFO - learning rate = 0.0000392
2021-06-16 14:59:46,140 - utils.logger - INFO - Trn result of epoch 20 / 60 mse 0.1102 rmse 0.3319 pcc 0.0415 ccc 0.0093
2021-06-16 14:59:46,284 - utils.logger - INFO - Val result of epoch 20 / 60 mse 0.1300 rmse 0.3606 pcc -0.0958 ccc -0.0208
2021-06-16 14:59:46,667 - utils.logger - INFO - Cur epoch 21 loss ccc:0.1213
2021-06-16 14:59:47,105 - utils.logger - INFO - Cur epoch 21 loss ccc:0.1261
2021-06-16 14:59:47,468 - utils.logger - INFO - Cur epoch 21 loss ccc:1.0040
2021-06-16 14:59:47,468 - utils.logger - INFO - saving the model at the end of epoch 21, iters 126
2021-06-16 14:59:47,843 - utils.logger - INFO - End of training epoch 21 / 60 	 Time Taken: 1 sec, Data loading: 0 sec
2021-06-16 14:59:47,843 - utils.logger - INFO - learning rate = 0.0000382
2021-06-16 14:59:48,258 - utils.logger - INFO - Trn result of epoch 21 / 60 mse 0.1050 rmse 0.3241 pcc 0.0419 ccc 0.0099
2021-06-16 14:59:48,416 - utils.logger - INFO - Val result of epoch 21 / 60 mse 0.1239 rmse 0.3520 pcc -0.0930 ccc -0.0222
2021-06-16 14:59:48,860 - utils.logger - INFO - Cur epoch 22 loss ccc:0.1039
2021-06-16 14:59:49,294 - utils.logger - INFO - Cur epoch 22 loss ccc:0.1269
2021-06-16 14:59:49,649 - utils.logger - INFO - Cur epoch 22 loss ccc:1.0202
2021-06-16 14:59:49,649 - utils.logger - INFO - saving the model at the end of epoch 22, iters 132
2021-06-16 14:59:49,917 - utils.logger - INFO - End of training epoch 22 / 60 	 Time Taken: 1 sec, Data loading: 0 sec
2021-06-16 14:59:49,917 - utils.logger - INFO - learning rate = 0.0000373
2021-06-16 14:59:50,345 - utils.logger - INFO - Trn result of epoch 22 / 60 mse 0.1046 rmse 0.3235 pcc 0.0377 ccc 0.0098
2021-06-16 14:59:50,501 - utils.logger - INFO - Val result of epoch 22 / 60 mse 0.1236 rmse 0.3516 pcc -0.0875 ccc -0.0231
2021-06-16 14:59:50,930 - utils.logger - INFO - Cur epoch 23 loss ccc:0.1254
2021-06-16 14:59:51,352 - utils.logger - INFO - Cur epoch 23 loss ccc:0.1108
2021-06-16 14:59:51,691 - utils.logger - INFO - Cur epoch 23 loss ccc:1.0149
2021-06-16 14:59:51,691 - utils.logger - INFO - saving the model at the end of epoch 23, iters 138
2021-06-16 14:59:51,952 - utils.logger - INFO - End of training epoch 23 / 60 	 Time Taken: 1 sec, Data loading: 0 sec
2021-06-16 14:59:51,952 - utils.logger - INFO - learning rate = 0.0000363
2021-06-16 14:59:52,375 - utils.logger - INFO - Trn result of epoch 23 / 60 mse 0.1125 rmse 0.3353 pcc 0.0424 ccc 0.0119
2021-06-16 14:59:52,519 - utils.logger - INFO - Val result of epoch 23 / 60 mse 0.1342 rmse 0.3663 pcc -0.0937 ccc -0.0258
2021-06-16 14:59:52,949 - utils.logger - INFO - Cur epoch 24 loss ccc:0.1290
2021-06-16 14:59:53,380 - utils.logger - INFO - Cur epoch 24 loss ccc:0.1109
2021-06-16 14:59:53,741 - utils.logger - INFO - Cur epoch 24 loss ccc:1.0009
2021-06-16 14:59:53,741 - utils.logger - INFO - saving the model at the end of epoch 24, iters 144
2021-06-16 14:59:53,998 - utils.logger - INFO - End of training epoch 24 / 60 	 Time Taken: 1 sec, Data loading: 0 sec
2021-06-16 14:59:53,998 - utils.logger - INFO - learning rate = 0.0000353
2021-06-16 14:59:54,405 - utils.logger - INFO - Trn result of epoch 24 / 60 mse 0.1107 rmse 0.3327 pcc 0.0340 ccc 0.0103
2021-06-16 14:59:54,556 - utils.logger - INFO - Val result of epoch 24 / 60 mse 0.1320 rmse 0.3633 pcc -0.0872 ccc -0.0262
2021-06-16 14:59:54,984 - utils.logger - INFO - Cur epoch 25 loss ccc:0.1238
2021-06-16 14:59:55,408 - utils.logger - INFO - Cur epoch 25 loss ccc:0.1289
2021-06-16 14:59:55,754 - utils.logger - INFO - Cur epoch 25 loss ccc:1.0008
2021-06-16 14:59:55,754 - utils.logger - INFO - saving the model at the end of epoch 25, iters 150
2021-06-16 14:59:56,013 - utils.logger - INFO - End of training epoch 25 / 60 	 Time Taken: 1 sec, Data loading: 0 sec
2021-06-16 14:59:56,014 - utils.logger - INFO - learning rate = 0.0000343
2021-06-16 14:59:56,428 - utils.logger - INFO - Trn result of epoch 25 / 60 mse 0.1119 rmse 0.3345 pcc 0.0477 ccc 0.0142
2021-06-16 14:59:56,577 - utils.logger - INFO - Val result of epoch 25 / 60 mse 0.1341 rmse 0.3662 pcc -0.0907 ccc -0.0266
2021-06-16 14:59:56,998 - utils.logger - INFO - Cur epoch 26 loss ccc:0.1157
2021-06-16 14:59:57,410 - utils.logger - INFO - Cur epoch 26 loss ccc:0.1094
2021-06-16 14:59:57,770 - utils.logger - INFO - Cur epoch 26 loss ccc:0.9938
2021-06-16 14:59:57,770 - utils.logger - INFO - saving the model at the end of epoch 26, iters 156
2021-06-16 14:59:58,030 - utils.logger - INFO - End of training epoch 26 / 60 	 Time Taken: 1 sec, Data loading: 0 sec
2021-06-16 14:59:58,031 - utils.logger - INFO - learning rate = 0.0000333
2021-06-16 14:59:58,471 - utils.logger - INFO - Trn result of epoch 26 / 60 mse 0.1116 rmse 0.3340 pcc 0.0449 ccc 0.0129
2021-06-16 14:59:58,638 - utils.logger - INFO - Val result of epoch 26 / 60 mse 0.1331 rmse 0.3648 pcc -0.0929 ccc -0.0264
2021-06-16 14:59:59,074 - utils.logger - INFO - Cur epoch 27 loss ccc:0.1250
2021-06-16 14:59:59,526 - utils.logger - INFO - Cur epoch 27 loss ccc:0.1182
2021-06-16 14:59:59,934 - utils.logger - INFO - Cur epoch 27 loss ccc:0.9670
2021-06-16 14:59:59,934 - utils.logger - INFO - saving the model at the end of epoch 27, iters 162
2021-06-16 15:00:00,185 - utils.logger - INFO - End of training epoch 27 / 60 	 Time Taken: 1 sec, Data loading: 0 sec
2021-06-16 15:00:00,186 - utils.logger - INFO - learning rate = 0.0000324
2021-06-16 15:00:00,619 - utils.logger - INFO - Trn result of epoch 27 / 60 mse 0.1101 rmse 0.3318 pcc 0.0498 ccc 0.0157
2021-06-16 15:00:00,766 - utils.logger - INFO - Val result of epoch 27 / 60 mse 0.1309 rmse 0.3618 pcc -0.0977 ccc -0.0297
2021-06-16 15:00:01,221 - utils.logger - INFO - Cur epoch 28 loss ccc:0.1250
2021-06-16 15:00:01,658 - utils.logger - INFO - Cur epoch 28 loss ccc:0.1188
2021-06-16 15:00:02,019 - utils.logger - INFO - Cur epoch 28 loss ccc:1.0028
2021-06-16 15:00:02,019 - utils.logger - INFO - saving the model at the end of epoch 28, iters 168
2021-06-16 15:00:02,378 - utils.logger - INFO - End of training epoch 28 / 60 	 Time Taken: 1 sec, Data loading: 0 sec
2021-06-16 15:00:02,379 - utils.logger - INFO - learning rate = 0.0000314
2021-06-16 15:00:02,806 - utils.logger - INFO - Trn result of epoch 28 / 60 mse 0.1120 rmse 0.3347 pcc 0.0547 ccc 0.0163
2021-06-16 15:00:02,956 - utils.logger - INFO - Val result of epoch 28 / 60 mse 0.1331 rmse 0.3649 pcc -0.0941 ccc -0.0266
2021-06-16 15:00:03,405 - utils.logger - INFO - Cur epoch 29 loss ccc:0.1254
2021-06-16 15:00:03,832 - utils.logger - INFO - Cur epoch 29 loss ccc:0.1178
2021-06-16 15:00:04,213 - utils.logger - INFO - Cur epoch 29 loss ccc:0.9989
2021-06-16 15:00:04,214 - utils.logger - INFO - saving the model at the end of epoch 29, iters 174
2021-06-16 15:00:04,493 - utils.logger - INFO - End of training epoch 29 / 60 	 Time Taken: 1 sec, Data loading: 0 sec
2021-06-16 15:00:04,493 - utils.logger - INFO - learning rate = 0.0000304
2021-06-16 15:00:04,924 - utils.logger - INFO - Trn result of epoch 29 / 60 mse 0.1126 rmse 0.3356 pcc 0.0471 ccc 0.0154
2021-06-16 15:00:05,072 - utils.logger - INFO - Val result of epoch 29 / 60 mse 0.1340 rmse 0.3661 pcc -0.0974 ccc -0.0308
2021-06-16 15:00:05,502 - utils.logger - INFO - Cur epoch 30 loss ccc:0.1167
2021-06-16 15:00:05,929 - utils.logger - INFO - Cur epoch 30 loss ccc:0.1313
2021-06-16 15:00:06,307 - utils.logger - INFO - Cur epoch 30 loss ccc:1.0185
2021-06-16 15:00:06,307 - utils.logger - INFO - saving the model at the end of epoch 30, iters 180
2021-06-16 15:00:06,549 - utils.logger - INFO - End of training epoch 30 / 60 	 Time Taken: 1 sec, Data loading: 0 sec
2021-06-16 15:00:06,549 - utils.logger - INFO - learning rate = 0.0000294
2021-06-16 15:00:06,960 - utils.logger - INFO - Trn result of epoch 30 / 60 mse 0.1401 rmse 0.3743 pcc 0.0575 ccc 0.0177
2021-06-16 15:00:07,104 - utils.logger - INFO - Val result of epoch 30 / 60 mse 0.1674 rmse 0.4091 pcc -0.0984 ccc -0.0281
2021-06-16 15:00:07,534 - utils.logger - INFO - Cur epoch 31 loss ccc:0.1094
2021-06-16 15:00:07,950 - utils.logger - INFO - Cur epoch 31 loss ccc:0.1259
2021-06-16 15:00:08,312 - utils.logger - INFO - Cur epoch 31 loss ccc:0.9991
2021-06-16 15:00:08,312 - utils.logger - INFO - saving the model at the end of epoch 31, iters 186
2021-06-16 15:00:08,749 - utils.logger - INFO - End of training epoch 31 / 60 	 Time Taken: 1 sec, Data loading: 0 sec
2021-06-16 15:00:08,749 - utils.logger - INFO - learning rate = 0.0000284
2021-06-16 15:00:09,195 - utils.logger - INFO - Trn result of epoch 31 / 60 mse 0.1467 rmse 0.3830 pcc 0.0616 ccc 0.0179
2021-06-16 15:00:09,351 - utils.logger - INFO - Val result of epoch 31 / 60 mse 0.1749 rmse 0.4182 pcc -0.1007 ccc -0.0271
2021-06-16 15:00:09,797 - utils.logger - INFO - Cur epoch 32 loss ccc:0.1248
2021-06-16 15:00:10,251 - utils.logger - INFO - Cur epoch 32 loss ccc:0.1211
2021-06-16 15:00:10,610 - utils.logger - INFO - Cur epoch 32 loss ccc:0.9566
2021-06-16 15:00:10,610 - utils.logger - INFO - saving the model at the end of epoch 32, iters 192
2021-06-16 15:00:10,865 - utils.logger - INFO - End of training epoch 32 / 60 	 Time Taken: 1 sec, Data loading: 0 sec
2021-06-16 15:00:10,866 - utils.logger - INFO - learning rate = 0.0000275
2021-06-16 15:00:11,305 - utils.logger - INFO - Trn result of epoch 32 / 60 mse 0.1654 rmse 0.4066 pcc 0.0725 ccc 0.0181
2021-06-16 15:00:11,459 - utils.logger - INFO - Val result of epoch 32 / 60 mse 0.1963 rmse 0.4431 pcc -0.0979 ccc -0.0225
2021-06-16 15:00:11,883 - utils.logger - INFO - Cur epoch 33 loss ccc:0.1252
2021-06-16 15:00:12,307 - utils.logger - INFO - Cur epoch 33 loss ccc:0.1116
2021-06-16 15:00:12,648 - utils.logger - INFO - Cur epoch 33 loss ccc:0.8253
2021-06-16 15:00:12,648 - utils.logger - INFO - saving the model at the end of epoch 33, iters 198
2021-06-16 15:00:12,922 - utils.logger - INFO - End of training epoch 33 / 60 	 Time Taken: 1 sec, Data loading: 0 sec
2021-06-16 15:00:12,922 - utils.logger - INFO - learning rate = 0.0000265
2021-06-16 15:00:13,343 - utils.logger - INFO - Trn result of epoch 33 / 60 mse 0.1274 rmse 0.3569 pcc 0.0922 ccc 0.0257
2021-06-16 15:00:13,492 - utils.logger - INFO - Val result of epoch 33 / 60 mse 0.1500 rmse 0.3873 pcc -0.1043 ccc -0.0257
2021-06-16 15:00:13,908 - utils.logger - INFO - Cur epoch 34 loss ccc:0.1250
2021-06-16 15:00:14,348 - utils.logger - INFO - Cur epoch 34 loss ccc:0.1180
2021-06-16 15:00:14,720 - utils.logger - INFO - Cur epoch 34 loss ccc:1.0213
2021-06-16 15:00:14,720 - utils.logger - INFO - saving the model at the end of epoch 34, iters 204
2021-06-16 15:00:14,923 - utils.logger - INFO - End of training epoch 34 / 60 	 Time Taken: 1 sec, Data loading: 0 sec
2021-06-16 15:00:14,924 - utils.logger - INFO - learning rate = 0.0000255
2021-06-16 15:00:15,340 - utils.logger - INFO - Trn result of epoch 34 / 60 mse 0.1229 rmse 0.3506 pcc 0.0900 ccc 0.0252
2021-06-16 15:00:15,488 - utils.logger - INFO - Val result of epoch 34 / 60 mse 0.1441 rmse 0.3796 pcc -0.0940 ccc -0.0236
2021-06-16 15:00:15,909 - utils.logger - INFO - Cur epoch 35 loss ccc:0.1251
2021-06-16 15:00:16,364 - utils.logger - INFO - Cur epoch 35 loss ccc:0.1259
2021-06-16 15:00:16,729 - utils.logger - INFO - Cur epoch 35 loss ccc:1.0243
2021-06-16 15:00:16,729 - utils.logger - INFO - saving the model at the end of epoch 35, iters 210
2021-06-16 15:00:16,984 - utils.logger - INFO - End of training epoch 35 / 60 	 Time Taken: 1 sec, Data loading: 0 sec
2021-06-16 15:00:16,984 - utils.logger - INFO - learning rate = 0.0000245
2021-06-16 15:00:17,437 - utils.logger - INFO - Trn result of epoch 35 / 60 mse 0.1187 rmse 0.3445 pcc 0.0949 ccc 0.0260
2021-06-16 15:00:17,599 - utils.logger - INFO - Val result of epoch 35 / 60 mse 0.1392 rmse 0.3731 pcc -0.0931 ccc -0.0220
2021-06-16 15:00:18,041 - utils.logger - INFO - Cur epoch 36 loss ccc:0.1110
2021-06-16 15:00:18,450 - utils.logger - INFO - Cur epoch 36 loss ccc:0.1250
2021-06-16 15:00:18,811 - utils.logger - INFO - Cur epoch 36 loss ccc:1.0065
2021-06-16 15:00:18,812 - utils.logger - INFO - saving the model at the end of epoch 36, iters 216
2021-06-16 15:00:19,067 - utils.logger - INFO - End of training epoch 36 / 60 	 Time Taken: 1 sec, Data loading: 0 sec
2021-06-16 15:00:19,068 - utils.logger - INFO - learning rate = 0.0000235
2021-06-16 15:00:19,487 - utils.logger - INFO - Trn result of epoch 36 / 60 mse 0.1169 rmse 0.3419 pcc 0.0951 ccc 0.0281
2021-06-16 15:00:19,631 - utils.logger - INFO - Val result of epoch 36 / 60 mse 0.1381 rmse 0.3716 pcc -0.0999 ccc -0.0259
2021-06-16 15:00:20,063 - utils.logger - INFO - Cur epoch 37 loss ccc:0.1128
2021-06-16 15:00:20,488 - utils.logger - INFO - Cur epoch 37 loss ccc:0.1218
2021-06-16 15:00:20,844 - utils.logger - INFO - Cur epoch 37 loss ccc:1.0004
2021-06-16 15:00:20,845 - utils.logger - INFO - saving the model at the end of epoch 37, iters 222
2021-06-16 15:00:21,103 - utils.logger - INFO - End of training epoch 37 / 60 	 Time Taken: 1 sec, Data loading: 0 sec
2021-06-16 15:00:21,103 - utils.logger - INFO - learning rate = 0.0000225
2021-06-16 15:00:21,528 - utils.logger - INFO - Trn result of epoch 37 / 60 mse 0.1162 rmse 0.3408 pcc 0.0976 ccc 0.0297
2021-06-16 15:00:21,672 - utils.logger - INFO - Val result of epoch 37 / 60 mse 0.1375 rmse 0.3709 pcc -0.1023 ccc -0.0273
2021-06-16 15:00:22,106 - utils.logger - INFO - Cur epoch 38 loss ccc:0.1159
2021-06-16 15:00:22,522 - utils.logger - INFO - Cur epoch 38 loss ccc:0.1077
2021-06-16 15:00:22,860 - utils.logger - INFO - Cur epoch 38 loss ccc:1.0120
2021-06-16 15:00:22,860 - utils.logger - INFO - saving the model at the end of epoch 38, iters 228
2021-06-16 15:00:23,070 - utils.logger - INFO - End of training epoch 38 / 60 	 Time Taken: 1 sec, Data loading: 0 sec
2021-06-16 15:00:23,071 - utils.logger - INFO - learning rate = 0.0000216
2021-06-16 15:00:23,495 - utils.logger - INFO - Trn result of epoch 38 / 60 mse 0.1083 rmse 0.3290 pcc 0.0801 ccc 0.0273
2021-06-16 15:00:23,656 - utils.logger - INFO - Val result of epoch 38 / 60 mse 0.1304 rmse 0.3611 pcc -0.1019 ccc -0.0327
2021-06-16 15:00:24,083 - utils.logger - INFO - Cur epoch 39 loss ccc:0.1117
2021-06-16 15:00:24,504 - utils.logger - INFO - Cur epoch 39 loss ccc:0.1125
2021-06-16 15:00:24,855 - utils.logger - INFO - Cur epoch 39 loss ccc:1.0013
2021-06-16 15:00:24,855 - utils.logger - INFO - saving the model at the end of epoch 39, iters 234
2021-06-16 15:00:25,187 - utils.logger - INFO - End of training epoch 39 / 60 	 Time Taken: 1 sec, Data loading: 0 sec
2021-06-16 15:00:25,187 - utils.logger - INFO - learning rate = 0.0000206
2021-06-16 15:00:25,620 - utils.logger - INFO - Trn result of epoch 39 / 60 mse 0.1082 rmse 0.3289 pcc 0.0792 ccc 0.0287
2021-06-16 15:00:25,764 - utils.logger - INFO - Val result of epoch 39 / 60 mse 0.1307 rmse 0.3615 pcc -0.1012 ccc -0.0348
2021-06-16 15:00:26,197 - utils.logger - INFO - Cur epoch 40 loss ccc:0.1136
2021-06-16 15:00:26,612 - utils.logger - INFO - Cur epoch 40 loss ccc:0.1138
2021-06-16 15:00:26,970 - utils.logger - INFO - Cur epoch 40 loss ccc:0.9838
2021-06-16 15:00:26,970 - utils.logger - INFO - saving the model at the end of epoch 40, iters 240
2021-06-16 15:00:27,219 - utils.logger - INFO - End of training epoch 40 / 60 	 Time Taken: 1 sec, Data loading: 0 sec
2021-06-16 15:00:27,219 - utils.logger - INFO - learning rate = 0.0000196
2021-06-16 15:00:27,633 - utils.logger - INFO - Trn result of epoch 40 / 60 mse 0.1093 rmse 0.3306 pcc 0.0815 ccc 0.0297
2021-06-16 15:00:27,783 - utils.logger - INFO - Val result of epoch 40 / 60 mse 0.1323 rmse 0.3637 pcc -0.1025 ccc -0.0352
2021-06-16 15:00:28,212 - utils.logger - INFO - Cur epoch 41 loss ccc:0.1140
2021-06-16 15:00:28,664 - utils.logger - INFO - Cur epoch 41 loss ccc:0.1279
2021-06-16 15:00:29,019 - utils.logger - INFO - Cur epoch 41 loss ccc:1.0010
2021-06-16 15:00:29,020 - utils.logger - INFO - saving the model at the end of epoch 41, iters 246
2021-06-16 15:00:29,222 - utils.logger - INFO - End of training epoch 41 / 60 	 Time Taken: 1 sec, Data loading: 0 sec
2021-06-16 15:00:29,223 - utils.logger - INFO - learning rate = 0.0000186
2021-06-16 15:00:29,633 - utils.logger - INFO - Trn result of epoch 41 / 60 mse 0.1118 rmse 0.3343 pcc 0.0851 ccc 0.0304
2021-06-16 15:00:29,777 - utils.logger - INFO - Val result of epoch 41 / 60 mse 0.1354 rmse 0.3679 pcc -0.1023 ccc -0.0343
2021-06-16 15:00:30,195 - utils.logger - INFO - Cur epoch 42 loss ccc:0.1134
2021-06-16 15:00:30,639 - utils.logger - INFO - Cur epoch 42 loss ccc:0.1154
2021-06-16 15:00:30,979 - utils.logger - INFO - Cur epoch 42 loss ccc:0.9978
2021-06-16 15:00:30,979 - utils.logger - INFO - saving the model at the end of epoch 42, iters 252
2021-06-16 15:00:31,231 - utils.logger - INFO - End of training epoch 42 / 60 	 Time Taken: 1 sec, Data loading: 0 sec
2021-06-16 15:00:31,232 - utils.logger - INFO - learning rate = 0.0000176
2021-06-16 15:00:31,647 - utils.logger - INFO - Trn result of epoch 42 / 60 mse 0.1128 rmse 0.3359 pcc 0.0851 ccc 0.0308
2021-06-16 15:00:31,790 - utils.logger - INFO - Val result of epoch 42 / 60 mse 0.1365 rmse 0.3695 pcc -0.1025 ccc -0.0346
2021-06-16 15:00:32,229 - utils.logger - INFO - Cur epoch 43 loss ccc:0.1375
2021-06-16 15:00:32,663 - utils.logger - INFO - Cur epoch 43 loss ccc:0.1243
2021-06-16 15:00:33,036 - utils.logger - INFO - Cur epoch 43 loss ccc:1.0004
2021-06-16 15:00:33,037 - utils.logger - INFO - saving the model at the end of epoch 43, iters 258
2021-06-16 15:00:33,322 - utils.logger - INFO - End of training epoch 43 / 60 	 Time Taken: 1 sec, Data loading: 0 sec
2021-06-16 15:00:33,322 - utils.logger - INFO - learning rate = 0.0000167
2021-06-16 15:00:33,775 - utils.logger - INFO - Trn result of epoch 43 / 60 mse 0.1134 rmse 0.3367 pcc 0.0851 ccc 0.0306
2021-06-16 15:00:33,921 - utils.logger - INFO - Val result of epoch 43 / 60 mse 0.1371 rmse 0.3702 pcc -0.1011 ccc -0.0336
2021-06-16 15:00:34,344 - utils.logger - INFO - Cur epoch 44 loss ccc:0.1201
2021-06-16 15:00:34,771 - utils.logger - INFO - Cur epoch 44 loss ccc:0.1122
2021-06-16 15:00:35,124 - utils.logger - INFO - Cur epoch 44 loss ccc:1.1167
2021-06-16 15:00:35,124 - utils.logger - INFO - saving the model at the end of epoch 44, iters 264
2021-06-16 15:00:35,420 - utils.logger - INFO - End of training epoch 44 / 60 	 Time Taken: 1 sec, Data loading: 0 sec
2021-06-16 15:00:35,420 - utils.logger - INFO - learning rate = 0.0000157
2021-06-16 15:00:35,841 - utils.logger - INFO - Trn result of epoch 44 / 60 mse 0.1095 rmse 0.3309 pcc 0.0876 ccc 0.0319
2021-06-16 15:00:35,990 - utils.logger - INFO - Val result of epoch 44 / 60 mse 0.1318 rmse 0.3630 pcc -0.1033 ccc -0.0347
2021-06-16 15:00:36,407 - utils.logger - INFO - Cur epoch 45 loss ccc:0.1250
2021-06-16 15:00:36,833 - utils.logger - INFO - Cur epoch 45 loss ccc:0.1014
2021-06-16 15:00:37,156 - utils.logger - INFO - Cur epoch 45 loss ccc:1.0014
2021-06-16 15:00:37,156 - utils.logger - INFO - saving the model at the end of epoch 45, iters 270
2021-06-16 15:00:38,238 - utils.logger - INFO - End of training epoch 45 / 60 	 Time Taken: 2 sec, Data loading: 0 sec
2021-06-16 15:00:38,238 - utils.logger - INFO - learning rate = 0.0000147
2021-06-16 15:00:38,710 - utils.logger - INFO - Trn result of epoch 45 / 60 mse 0.1069 rmse 0.3270 pcc 0.0857 ccc 0.0322
2021-06-16 15:00:38,872 - utils.logger - INFO - Val result of epoch 45 / 60 mse 0.1282 rmse 0.3581 pcc -0.1028 ccc -0.0357
2021-06-16 15:00:39,275 - utils.logger - INFO - Cur epoch 46 loss ccc:0.1258
2021-06-16 15:00:39,693 - utils.logger - INFO - Cur epoch 46 loss ccc:0.0973
2021-06-16 15:00:40,051 - utils.logger - INFO - Cur epoch 46 loss ccc:1.0045
2021-06-16 15:00:40,051 - utils.logger - INFO - saving the model at the end of epoch 46, iters 276
2021-06-16 15:00:40,312 - utils.logger - INFO - End of training epoch 46 / 60 	 Time Taken: 1 sec, Data loading: 0 sec
2021-06-16 15:00:40,312 - utils.logger - INFO - learning rate = 0.0000137
2021-06-16 15:00:40,730 - utils.logger - INFO - Trn result of epoch 46 / 60 mse 0.1061 rmse 0.3257 pcc 0.0871 ccc 0.0341
2021-06-16 15:00:40,881 - utils.logger - INFO - Val result of epoch 46 / 60 mse 0.1271 rmse 0.3566 pcc -0.0995 ccc -0.0360
2021-06-16 15:00:41,295 - utils.logger - INFO - Cur epoch 47 loss ccc:0.1272
2021-06-16 15:00:41,702 - utils.logger - INFO - Cur epoch 47 loss ccc:0.1256
2021-06-16 15:00:42,079 - utils.logger - INFO - Cur epoch 47 loss ccc:1.1085
2021-06-16 15:00:42,080 - utils.logger - INFO - saving the model at the end of epoch 47, iters 282
2021-06-16 15:00:42,323 - utils.logger - INFO - End of training epoch 47 / 60 	 Time Taken: 1 sec, Data loading: 0 sec
2021-06-16 15:00:42,323 - utils.logger - INFO - learning rate = 0.0000127
2021-06-16 15:00:42,742 - utils.logger - INFO - Trn result of epoch 47 / 60 mse 0.1097 rmse 0.3312 pcc 0.0781 ccc 0.0316
2021-06-16 15:00:42,895 - utils.logger - INFO - Val result of epoch 47 / 60 mse 0.1308 rmse 0.3617 pcc -0.1001 ccc -0.0368
2021-06-16 15:00:43,336 - utils.logger - INFO - Cur epoch 48 loss ccc:0.1140
2021-06-16 15:00:43,768 - utils.logger - INFO - Cur epoch 48 loss ccc:0.1144
2021-06-16 15:00:44,134 - utils.logger - INFO - Cur epoch 48 loss ccc:1.0011
2021-06-16 15:00:44,134 - utils.logger - INFO - saving the model at the end of epoch 48, iters 288
2021-06-16 15:00:44,382 - utils.logger - INFO - End of training epoch 48 / 60 	 Time Taken: 1 sec, Data loading: 0 sec
2021-06-16 15:00:44,382 - utils.logger - INFO - learning rate = 0.0000118
2021-06-16 15:00:44,837 - utils.logger - INFO - Trn result of epoch 48 / 60 mse 0.1087 rmse 0.3298 pcc 0.0776 ccc 0.0319
2021-06-16 15:00:45,002 - utils.logger - INFO - Val result of epoch 48 / 60 mse 0.1296 rmse 0.3600 pcc -0.0967 ccc -0.0361
2021-06-16 15:00:45,433 - utils.logger - INFO - Cur epoch 49 loss ccc:0.1254
2021-06-16 15:00:45,842 - utils.logger - INFO - Cur epoch 49 loss ccc:0.1176
2021-06-16 15:00:46,190 - utils.logger - INFO - Cur epoch 49 loss ccc:1.0165
2021-06-16 15:00:46,190 - utils.logger - INFO - saving the model at the end of epoch 49, iters 294
2021-06-16 15:00:46,444 - utils.logger - INFO - End of training epoch 49 / 60 	 Time Taken: 1 sec, Data loading: 0 sec
2021-06-16 15:00:46,445 - utils.logger - INFO - learning rate = 0.0000108
2021-06-16 15:00:46,861 - utils.logger - INFO - Trn result of epoch 49 / 60 mse 0.1098 rmse 0.3313 pcc 0.0776 ccc 0.0334
2021-06-16 15:00:47,007 - utils.logger - INFO - Val result of epoch 49 / 60 mse 0.1308 rmse 0.3616 pcc -0.0943 ccc -0.0369
2021-06-16 15:00:47,431 - utils.logger - INFO - Cur epoch 50 loss ccc:0.1211
2021-06-16 15:00:47,853 - utils.logger - INFO - Cur epoch 50 loss ccc:0.1104
2021-06-16 15:00:48,196 - utils.logger - INFO - Cur epoch 50 loss ccc:0.9964
2021-06-16 15:00:48,197 - utils.logger - INFO - saving the model at the end of epoch 50, iters 300
2021-06-16 15:00:48,456 - utils.logger - INFO - End of training epoch 50 / 60 	 Time Taken: 1 sec, Data loading: 0 sec
2021-06-16 15:00:48,457 - utils.logger - INFO - learning rate = 0.0000098
2021-06-16 15:00:48,880 - utils.logger - INFO - Trn result of epoch 50 / 60 mse 0.1112 rmse 0.3335 pcc 0.0768 ccc 0.0326
2021-06-16 15:00:49,029 - utils.logger - INFO - Val result of epoch 50 / 60 mse 0.1324 rmse 0.3638 pcc -0.1008 ccc -0.0391
2021-06-16 15:00:49,475 - utils.logger - INFO - Cur epoch 51 loss ccc:0.1000
2021-06-16 15:00:49,905 - utils.logger - INFO - Cur epoch 51 loss ccc:0.1098
2021-06-16 15:00:50,249 - utils.logger - INFO - Cur epoch 51 loss ccc:1.0391
2021-06-16 15:00:50,250 - utils.logger - INFO - saving the model at the end of epoch 51, iters 306
2021-06-16 15:00:50,504 - utils.logger - INFO - End of training epoch 51 / 60 	 Time Taken: 1 sec, Data loading: 0 sec
2021-06-16 15:00:50,504 - utils.logger - INFO - learning rate = 0.0000088
2021-06-16 15:00:50,952 - utils.logger - INFO - Trn result of epoch 51 / 60 mse 0.1111 rmse 0.3334 pcc 0.0787 ccc 0.0339
2021-06-16 15:00:51,094 - utils.logger - INFO - Val result of epoch 51 / 60 mse 0.1325 rmse 0.3641 pcc -0.0998 ccc -0.0394
2021-06-16 15:00:51,491 - utils.logger - INFO - Cur epoch 52 loss ccc:0.1351
2021-06-16 15:00:51,901 - utils.logger - INFO - Cur epoch 52 loss ccc:0.1117
2021-06-16 15:00:52,250 - utils.logger - INFO - Cur epoch 52 loss ccc:1.0016
2021-06-16 15:00:52,250 - utils.logger - INFO - saving the model at the end of epoch 52, iters 312
2021-06-16 15:00:52,517 - utils.logger - INFO - End of training epoch 52 / 60 	 Time Taken: 1 sec, Data loading: 0 sec
2021-06-16 15:00:52,517 - utils.logger - INFO - learning rate = 0.0000078
2021-06-16 15:00:52,931 - utils.logger - INFO - Trn result of epoch 52 / 60 mse 0.1084 rmse 0.3292 pcc 0.0776 ccc 0.0339
2021-06-16 15:00:53,079 - utils.logger - INFO - Val result of epoch 52 / 60 mse 0.1296 rmse 0.3600 pcc -0.1000 ccc -0.0405
2021-06-16 15:00:53,498 - utils.logger - INFO - Cur epoch 53 loss ccc:0.1250
2021-06-16 15:00:53,911 - utils.logger - INFO - Cur epoch 53 loss ccc:0.1154
2021-06-16 15:00:54,269 - utils.logger - INFO - Cur epoch 53 loss ccc:1.0164
2021-06-16 15:00:54,269 - utils.logger - INFO - saving the model at the end of epoch 53, iters 318
2021-06-16 15:00:54,507 - utils.logger - INFO - End of training epoch 53 / 60 	 Time Taken: 1 sec, Data loading: 0 sec
2021-06-16 15:00:54,507 - utils.logger - INFO - learning rate = 0.0000069
2021-06-16 15:00:54,924 - utils.logger - INFO - Trn result of epoch 53 / 60 mse 0.1082 rmse 0.3290 pcc 0.0767 ccc 0.0358
2021-06-16 15:00:55,071 - utils.logger - INFO - Val result of epoch 53 / 60 mse 0.1300 rmse 0.3605 pcc -0.0994 ccc -0.0433
2021-06-16 15:00:55,494 - utils.logger - INFO - Cur epoch 54 loss ccc:0.1118
2021-06-16 15:00:55,942 - utils.logger - INFO - Cur epoch 54 loss ccc:0.1277
2021-06-16 15:00:56,309 - utils.logger - INFO - Cur epoch 54 loss ccc:1.0050
2021-06-16 15:00:56,309 - utils.logger - INFO - saving the model at the end of epoch 54, iters 324
2021-06-16 15:00:56,578 - utils.logger - INFO - End of training epoch 54 / 60 	 Time Taken: 1 sec, Data loading: 0 sec
2021-06-16 15:00:56,578 - utils.logger - INFO - learning rate = 0.0000059
2021-06-16 15:00:57,025 - utils.logger - INFO - Trn result of epoch 54 / 60 mse 0.1085 rmse 0.3295 pcc 0.0757 ccc 0.0359
2021-06-16 15:00:57,190 - utils.logger - INFO - Val result of epoch 54 / 60 mse 0.1304 rmse 0.3611 pcc -0.0984 ccc -0.0436
2021-06-16 15:00:57,609 - utils.logger - INFO - Cur epoch 55 loss ccc:0.1309
2021-06-16 15:00:58,048 - utils.logger - INFO - Cur epoch 55 loss ccc:0.1077
2021-06-16 15:00:58,410 - utils.logger - INFO - Cur epoch 55 loss ccc:0.9920
2021-06-16 15:00:58,410 - utils.logger - INFO - saving the model at the end of epoch 55, iters 330
2021-06-16 15:00:58,676 - utils.logger - INFO - End of training epoch 55 / 60 	 Time Taken: 1 sec, Data loading: 0 sec
2021-06-16 15:00:58,676 - utils.logger - INFO - learning rate = 0.0000049
2021-06-16 15:00:59,090 - utils.logger - INFO - Trn result of epoch 55 / 60 mse 0.1091 rmse 0.3303 pcc 0.0748 ccc 0.0353
2021-06-16 15:00:59,257 - utils.logger - INFO - Val result of epoch 55 / 60 mse 0.1310 rmse 0.3620 pcc -0.0964 ccc -0.0426
2021-06-16 15:00:59,685 - utils.logger - INFO - Cur epoch 56 loss ccc:0.1210
2021-06-16 15:01:00,102 - utils.logger - INFO - Cur epoch 56 loss ccc:0.1132
2021-06-16 15:01:00,462 - utils.logger - INFO - Cur epoch 56 loss ccc:0.9222
2021-06-16 15:01:00,463 - utils.logger - INFO - saving the model at the end of epoch 56, iters 336
2021-06-16 15:01:00,708 - utils.logger - INFO - End of training epoch 56 / 60 	 Time Taken: 1 sec, Data loading: 0 sec
2021-06-16 15:01:00,708 - utils.logger - INFO - learning rate = 0.0000039
2021-06-16 15:01:01,129 - utils.logger - INFO - Trn result of epoch 56 / 60 mse 0.1089 rmse 0.3300 pcc 0.0753 ccc 0.0357
2021-06-16 15:01:01,277 - utils.logger - INFO - Val result of epoch 56 / 60 mse 0.1308 rmse 0.3617 pcc -0.0958 ccc -0.0425
2021-06-16 15:01:01,690 - utils.logger - INFO - Cur epoch 57 loss ccc:0.1233
2021-06-16 15:01:02,093 - utils.logger - INFO - Cur epoch 57 loss ccc:0.1104
2021-06-16 15:01:02,445 - utils.logger - INFO - Cur epoch 57 loss ccc:0.9868
2021-06-16 15:01:02,445 - utils.logger - INFO - saving the model at the end of epoch 57, iters 342
2021-06-16 15:01:02,694 - utils.logger - INFO - End of training epoch 57 / 60 	 Time Taken: 1 sec, Data loading: 0 sec
2021-06-16 15:01:02,694 - utils.logger - INFO - learning rate = 0.0000029
2021-06-16 15:01:03,146 - utils.logger - INFO - Trn result of epoch 57 / 60 mse 0.1078 rmse 0.3283 pcc 0.0742 ccc 0.0354
2021-06-16 15:01:03,289 - utils.logger - INFO - Val result of epoch 57 / 60 mse 0.1297 rmse 0.3602 pcc -0.0967 ccc -0.0435
2021-06-16 15:01:03,727 - utils.logger - INFO - Cur epoch 58 loss ccc:0.1100
2021-06-16 15:01:04,145 - utils.logger - INFO - Cur epoch 58 loss ccc:0.1254
2021-06-16 15:01:04,507 - utils.logger - INFO - Cur epoch 58 loss ccc:1.0325
2021-06-16 15:01:04,507 - utils.logger - INFO - saving the model at the end of epoch 58, iters 348
2021-06-16 15:01:04,755 - utils.logger - INFO - End of training epoch 58 / 60 	 Time Taken: 1 sec, Data loading: 0 sec
2021-06-16 15:01:04,755 - utils.logger - INFO - learning rate = 0.0000020
2021-06-16 15:01:05,174 - utils.logger - INFO - Trn result of epoch 58 / 60 mse 0.1079 rmse 0.3284 pcc 0.0739 ccc 0.0355
2021-06-16 15:01:05,318 - utils.logger - INFO - Val result of epoch 58 / 60 mse 0.1299 rmse 0.3604 pcc -0.0977 ccc -0.0442
2021-06-16 15:01:05,738 - utils.logger - INFO - Cur epoch 59 loss ccc:0.1147
2021-06-16 15:01:06,158 - utils.logger - INFO - Cur epoch 59 loss ccc:0.0983
2021-06-16 15:01:06,520 - utils.logger - INFO - Cur epoch 59 loss ccc:1.0126
2021-06-16 15:01:06,521 - utils.logger - INFO - saving the model at the end of epoch 59, iters 354
2021-06-16 15:01:06,779 - utils.logger - INFO - End of training epoch 59 / 60 	 Time Taken: 1 sec, Data loading: 0 sec
2021-06-16 15:01:06,779 - utils.logger - INFO - learning rate = 0.0000010
2021-06-16 15:01:07,199 - utils.logger - INFO - Trn result of epoch 59 / 60 mse 0.1083 rmse 0.3291 pcc 0.0733 ccc 0.0350
2021-06-16 15:01:07,342 - utils.logger - INFO - Val result of epoch 59 / 60 mse 0.1304 rmse 0.3610 pcc -0.0969 ccc -0.0436
2021-06-16 15:01:07,778 - utils.logger - INFO - Cur epoch 60 loss ccc:0.1130
2021-06-16 15:01:08,208 - utils.logger - INFO - Cur epoch 60 loss ccc:0.1267
2021-06-16 15:01:08,548 - utils.logger - INFO - Cur epoch 60 loss ccc:1.0008
2021-06-16 15:01:08,549 - utils.logger - INFO - saving the model at the end of epoch 60, iters 360
2021-06-16 15:01:08,798 - utils.logger - INFO - End of training epoch 60 / 60 	 Time Taken: 1 sec, Data loading: 0 sec
2021-06-16 15:01:08,799 - utils.logger - INFO - learning rate = 0.0000000
2021-06-16 15:01:09,223 - utils.logger - INFO - Trn result of epoch 60 / 60 mse 0.1083 rmse 0.3291 pcc 0.0734 ccc 0.0351
2021-06-16 15:01:09,369 - utils.logger - INFO - Val result of epoch 60 / 60 mse 0.1303 rmse 0.3610 pcc -0.0969 ccc -0.0436
2021-06-16 15:01:09,369 - utils.logger - INFO - Best eval epoch 4 found with ccc 0.002159
2021-06-16 15:01:09,369 - utils.logger - INFO - baseline_fcfusion_wonorm_wav2vec-egemaps_arousal_hidden1024_seq100_lr5e-05_cccloss_run1
