2021-06-19 19:16:33,654 - utils.logger - INFO - The number of training samples = 41
2021-06-19 19:16:36,311 - utils.logger - INFO - Cur epoch 1 loss ccc:0.1250
2021-06-19 19:16:36,738 - utils.logger - INFO - Cur epoch 1 loss ccc:0.1268
2021-06-19 19:16:37,108 - utils.logger - INFO - Cur epoch 1 loss ccc:0.9999
2021-06-19 19:16:37,108 - utils.logger - INFO - saving the model at the end of epoch 1, iters 6
2021-06-19 19:16:37,324 - utils.logger - INFO - End of training epoch 1 / 70 	 Time Taken: 1 sec, Data loading: 0 sec
2021-06-19 19:16:37,325 - utils.logger - INFO - learning rate = 0.0000500
2021-06-19 19:16:37,684 - utils.logger - INFO - Trn result of epoch 1 / 70 mse 0.0896 rmse 0.2993 pcc 0.1059 ccc 0.0001
2021-06-19 19:16:37,820 - utils.logger - INFO - Val result of epoch 1 / 70 mse 0.0937 rmse 0.3060 pcc 0.0351 ccc 0.0000
2021-06-19 19:16:38,256 - utils.logger - INFO - Cur epoch 2 loss ccc:0.1250
2021-06-19 19:16:38,659 - utils.logger - INFO - Cur epoch 2 loss ccc:0.1249
2021-06-19 19:16:39,005 - utils.logger - INFO - Cur epoch 2 loss ccc:1.0000
2021-06-19 19:16:39,005 - utils.logger - INFO - saving the model at the end of epoch 2, iters 12
2021-06-19 19:16:39,244 - utils.logger - INFO - End of training epoch 2 / 70 	 Time Taken: 1 sec, Data loading: 0 sec
2021-06-19 19:16:39,245 - utils.logger - INFO - learning rate = 0.0000500
2021-06-19 19:16:39,611 - utils.logger - INFO - Trn result of epoch 2 / 70 mse 0.0895 rmse 0.2991 pcc 0.1992 ccc 0.0008
2021-06-19 19:16:39,736 - utils.logger - INFO - Val result of epoch 2 / 70 mse 0.0936 rmse 0.3060 pcc 0.1171 ccc 0.0005
2021-06-19 19:16:40,125 - utils.logger - INFO - Cur epoch 3 loss ccc:0.1252
2021-06-19 19:16:40,514 - utils.logger - INFO - Cur epoch 3 loss ccc:0.1250
2021-06-19 19:16:40,856 - utils.logger - INFO - Cur epoch 3 loss ccc:1.0003
2021-06-19 19:16:40,856 - utils.logger - INFO - saving the model at the end of epoch 3, iters 18
2021-06-19 19:16:41,137 - utils.logger - INFO - End of training epoch 3 / 70 	 Time Taken: 1 sec, Data loading: 0 sec
2021-06-19 19:16:41,137 - utils.logger - INFO - learning rate = 0.0000500
2021-06-19 19:16:41,503 - utils.logger - INFO - Trn result of epoch 3 / 70 mse 0.0895 rmse 0.2992 pcc 0.2007 ccc 0.0005
2021-06-19 19:16:41,629 - utils.logger - INFO - Val result of epoch 3 / 70 mse 0.0936 rmse 0.3059 pcc 0.1525 ccc 0.0004
2021-06-19 19:16:42,018 - utils.logger - INFO - Cur epoch 4 loss ccc:0.1249
2021-06-19 19:16:42,396 - utils.logger - INFO - Cur epoch 4 loss ccc:0.1244
2021-06-19 19:16:42,717 - utils.logger - INFO - Cur epoch 4 loss ccc:1.0000
2021-06-19 19:16:42,718 - utils.logger - INFO - saving the model at the end of epoch 4, iters 24
2021-06-19 19:16:42,956 - utils.logger - INFO - End of training epoch 4 / 70 	 Time Taken: 1 sec, Data loading: 0 sec
2021-06-19 19:16:42,956 - utils.logger - INFO - learning rate = 0.0000500
2021-06-19 19:16:43,318 - utils.logger - INFO - Trn result of epoch 4 / 70 mse 0.0895 rmse 0.2992 pcc 0.2071 ccc 0.0005
2021-06-19 19:16:43,441 - utils.logger - INFO - Val result of epoch 4 / 70 mse 0.0935 rmse 0.3058 pcc 0.1169 ccc 0.0002
2021-06-19 19:16:43,835 - utils.logger - INFO - Cur epoch 5 loss ccc:0.1250
2021-06-19 19:16:44,225 - utils.logger - INFO - Cur epoch 5 loss ccc:0.1248
2021-06-19 19:16:44,547 - utils.logger - INFO - Cur epoch 5 loss ccc:0.9953
2021-06-19 19:16:44,548 - utils.logger - INFO - saving the model at the end of epoch 5, iters 30
2021-06-19 19:16:44,792 - utils.logger - INFO - End of training epoch 5 / 70 	 Time Taken: 1 sec, Data loading: 0 sec
2021-06-19 19:16:44,792 - utils.logger - INFO - learning rate = 0.0000500
2021-06-19 19:16:45,164 - utils.logger - INFO - Trn result of epoch 5 / 70 mse 0.0897 rmse 0.2994 pcc 0.0073 ccc 0.0000
2021-06-19 19:16:45,291 - utils.logger - INFO - Val result of epoch 5 / 70 mse 0.0933 rmse 0.3054 pcc -0.0472 ccc -0.0003
2021-06-19 19:16:45,662 - utils.logger - INFO - Cur epoch 6 loss ccc:0.1270
2021-06-19 19:16:46,046 - utils.logger - INFO - Cur epoch 6 loss ccc:0.1232
2021-06-19 19:16:46,349 - utils.logger - INFO - Cur epoch 6 loss ccc:0.9999
2021-06-19 19:16:46,349 - utils.logger - INFO - saving the model at the end of epoch 6, iters 36
2021-06-19 19:16:46,686 - utils.logger - INFO - End of training epoch 6 / 70 	 Time Taken: 1 sec, Data loading: 0 sec
2021-06-19 19:16:46,687 - utils.logger - INFO - learning rate = 0.0000500
2021-06-19 19:16:47,048 - utils.logger - INFO - Trn result of epoch 6 / 70 mse 0.0897 rmse 0.2995 pcc -0.0105 ccc -0.0001
2021-06-19 19:16:47,181 - utils.logger - INFO - Val result of epoch 6 / 70 mse 0.0932 rmse 0.3053 pcc -0.0471 ccc -0.0005
2021-06-19 19:16:47,584 - utils.logger - INFO - Cur epoch 7 loss ccc:0.1246
2021-06-19 19:16:47,973 - utils.logger - INFO - Cur epoch 7 loss ccc:0.1258
2021-06-19 19:16:48,310 - utils.logger - INFO - Cur epoch 7 loss ccc:1.0001
2021-06-19 19:16:48,311 - utils.logger - INFO - saving the model at the end of epoch 7, iters 42
2021-06-19 19:16:48,552 - utils.logger - INFO - End of training epoch 7 / 70 	 Time Taken: 1 sec, Data loading: 0 sec
2021-06-19 19:16:48,552 - utils.logger - INFO - learning rate = 0.0000500
2021-06-19 19:16:48,911 - utils.logger - INFO - Trn result of epoch 7 / 70 mse 0.0897 rmse 0.2994 pcc 0.0459 ccc 0.0004
2021-06-19 19:16:49,036 - utils.logger - INFO - Val result of epoch 7 / 70 mse 0.0932 rmse 0.3053 pcc -0.0237 ccc -0.0002
2021-06-19 19:16:49,404 - utils.logger - INFO - Cur epoch 8 loss ccc:0.1253
2021-06-19 19:16:49,806 - utils.logger - INFO - Cur epoch 8 loss ccc:0.1192
2021-06-19 19:16:50,115 - utils.logger - INFO - Cur epoch 8 loss ccc:0.9995
2021-06-19 19:16:50,115 - utils.logger - INFO - saving the model at the end of epoch 8, iters 48
2021-06-19 19:16:50,346 - utils.logger - INFO - End of training epoch 8 / 70 	 Time Taken: 1 sec, Data loading: 0 sec
2021-06-19 19:16:50,347 - utils.logger - INFO - learning rate = 0.0000500
2021-06-19 19:16:50,714 - utils.logger - INFO - Trn result of epoch 8 / 70 mse 0.0896 rmse 0.2994 pcc 0.0723 ccc 0.0008
2021-06-19 19:16:50,839 - utils.logger - INFO - Val result of epoch 8 / 70 mse 0.0932 rmse 0.3053 pcc 0.0006 ccc 0.0000
2021-06-19 19:16:51,228 - utils.logger - INFO - Cur epoch 9 loss ccc:0.1250
2021-06-19 19:16:51,619 - utils.logger - INFO - Cur epoch 9 loss ccc:0.1246
2021-06-19 19:16:51,930 - utils.logger - INFO - Cur epoch 9 loss ccc:1.0000
2021-06-19 19:16:51,930 - utils.logger - INFO - saving the model at the end of epoch 9, iters 54
2021-06-19 19:16:52,292 - utils.logger - INFO - End of training epoch 9 / 70 	 Time Taken: 1 sec, Data loading: 0 sec
2021-06-19 19:16:52,292 - utils.logger - INFO - learning rate = 0.0000500
2021-06-19 19:16:52,646 - utils.logger - INFO - Trn result of epoch 9 / 70 mse 0.0895 rmse 0.2991 pcc 0.1244 ccc 0.0014
2021-06-19 19:16:52,774 - utils.logger - INFO - Val result of epoch 9 / 70 mse 0.0934 rmse 0.3056 pcc 0.0531 ccc 0.0006
2021-06-19 19:16:53,164 - utils.logger - INFO - Cur epoch 10 loss ccc:0.1251
2021-06-19 19:16:53,558 - utils.logger - INFO - Cur epoch 10 loss ccc:0.1249
2021-06-19 19:16:53,878 - utils.logger - INFO - Cur epoch 10 loss ccc:1.0000
2021-06-19 19:16:53,878 - utils.logger - INFO - saving the model at the end of epoch 10, iters 60
2021-06-19 19:16:54,122 - utils.logger - INFO - End of training epoch 10 / 70 	 Time Taken: 1 sec, Data loading: 0 sec
2021-06-19 19:16:54,122 - utils.logger - INFO - learning rate = 0.0000500
2021-06-19 19:16:54,487 - utils.logger - INFO - Trn result of epoch 10 / 70 mse 0.0894 rmse 0.2990 pcc 0.1753 ccc 0.0023
2021-06-19 19:16:54,612 - utils.logger - INFO - Val result of epoch 10 / 70 mse 0.0934 rmse 0.3055 pcc 0.0999 ccc 0.0012
2021-06-19 19:16:55,000 - utils.logger - INFO - Cur epoch 11 loss ccc:0.1246
2021-06-19 19:16:55,374 - utils.logger - INFO - Cur epoch 11 loss ccc:0.1164
2021-06-19 19:16:55,690 - utils.logger - INFO - Cur epoch 11 loss ccc:0.9991
2021-06-19 19:16:55,690 - utils.logger - INFO - saving the model at the end of epoch 11, iters 66
2021-06-19 19:16:55,924 - utils.logger - INFO - End of training epoch 11 / 70 	 Time Taken: 1 sec, Data loading: 0 sec
2021-06-19 19:16:55,924 - utils.logger - INFO - learning rate = 0.0000500
2021-06-19 19:16:56,278 - utils.logger - INFO - Trn result of epoch 11 / 70 mse 0.0892 rmse 0.2986 pcc 0.2206 ccc 0.0044
2021-06-19 19:16:56,402 - utils.logger - INFO - Val result of epoch 11 / 70 mse 0.0945 rmse 0.3074 pcc 0.1487 ccc 0.0028
2021-06-19 19:16:56,784 - utils.logger - INFO - Cur epoch 12 loss ccc:0.1250
2021-06-19 19:16:57,174 - utils.logger - INFO - Cur epoch 12 loss ccc:0.1293
2021-06-19 19:16:57,480 - utils.logger - INFO - Cur epoch 12 loss ccc:0.9999
2021-06-19 19:16:57,480 - utils.logger - INFO - saving the model at the end of epoch 12, iters 72
2021-06-19 19:16:57,709 - utils.logger - INFO - End of training epoch 12 / 70 	 Time Taken: 1 sec, Data loading: 0 sec
2021-06-19 19:16:57,709 - utils.logger - INFO - learning rate = 0.0000500
2021-06-19 19:16:58,068 - utils.logger - INFO - Trn result of epoch 12 / 70 mse 0.0924 rmse 0.3039 pcc 0.1928 ccc 0.0128
2021-06-19 19:16:58,191 - utils.logger - INFO - Val result of epoch 12 / 70 mse 0.1028 rmse 0.3206 pcc 0.1388 ccc 0.0082
2021-06-19 19:16:58,592 - utils.logger - INFO - Cur epoch 13 loss ccc:0.1244
2021-06-19 19:16:58,997 - utils.logger - INFO - Cur epoch 13 loss ccc:0.1370
2021-06-19 19:16:59,306 - utils.logger - INFO - Cur epoch 13 loss ccc:0.9988
2021-06-19 19:16:59,306 - utils.logger - INFO - saving the model at the end of epoch 13, iters 78
2021-06-19 19:16:59,553 - utils.logger - INFO - End of training epoch 13 / 70 	 Time Taken: 1 sec, Data loading: 0 sec
2021-06-19 19:16:59,553 - utils.logger - INFO - learning rate = 0.0000500
2021-06-19 19:16:59,917 - utils.logger - INFO - Trn result of epoch 13 / 70 mse 0.6931 rmse 0.8325 pcc -0.0125 ccc -0.0011
2021-06-19 19:17:00,045 - utils.logger - INFO - Val result of epoch 13 / 70 mse 0.7631 rmse 0.8735 pcc -0.0170 ccc -0.0014
2021-06-19 19:17:00,424 - utils.logger - INFO - Cur epoch 14 loss ccc:0.1250
2021-06-19 19:17:00,785 - utils.logger - INFO - Cur epoch 14 loss ccc:0.1214
2021-06-19 19:17:01,122 - utils.logger - INFO - Cur epoch 14 loss ccc:1.0028
2021-06-19 19:17:01,122 - utils.logger - INFO - saving the model at the end of epoch 14, iters 84
2021-06-19 19:17:01,361 - utils.logger - INFO - End of training epoch 14 / 70 	 Time Taken: 1 sec, Data loading: 0 sec
2021-06-19 19:17:01,361 - utils.logger - INFO - learning rate = 0.0000500
2021-06-19 19:17:01,721 - utils.logger - INFO - Trn result of epoch 14 / 70 mse 0.0897 rmse 0.2995 pcc 0.1319 ccc 0.0017
2021-06-19 19:17:01,844 - utils.logger - INFO - Val result of epoch 14 / 70 mse 0.0930 rmse 0.3050 pcc -0.0285 ccc -0.0004
2021-06-19 19:17:02,226 - utils.logger - INFO - Cur epoch 15 loss ccc:0.1250
2021-06-19 19:17:02,613 - utils.logger - INFO - Cur epoch 15 loss ccc:0.1239
2021-06-19 19:17:02,932 - utils.logger - INFO - Cur epoch 15 loss ccc:1.0015
2021-06-19 19:17:02,932 - utils.logger - INFO - saving the model at the end of epoch 15, iters 90
2021-06-19 19:17:03,169 - utils.logger - INFO - End of training epoch 15 / 70 	 Time Taken: 1 sec, Data loading: 0 sec
2021-06-19 19:17:03,169 - utils.logger - INFO - learning rate = 0.0000500
2021-06-19 19:17:03,526 - utils.logger - INFO - Trn result of epoch 15 / 70 mse 0.2073 rmse 0.4553 pcc -0.0405 ccc -0.0063
2021-06-19 19:17:03,649 - utils.logger - INFO - Val result of epoch 15 / 70 mse 0.2408 rmse 0.4907 pcc -0.0304 ccc -0.0041
2021-06-19 19:17:04,036 - utils.logger - INFO - Cur epoch 16 loss ccc:0.1312
2021-06-19 19:17:04,412 - utils.logger - INFO - Cur epoch 16 loss ccc:0.1135
2021-06-19 19:17:04,724 - utils.logger - INFO - Cur epoch 16 loss ccc:1.0075
2021-06-19 19:17:04,724 - utils.logger - INFO - saving the model at the end of epoch 16, iters 96
2021-06-19 19:17:05,119 - utils.logger - INFO - End of training epoch 16 / 70 	 Time Taken: 1 sec, Data loading: 0 sec
2021-06-19 19:17:05,119 - utils.logger - INFO - learning rate = 0.0000500
2021-06-19 19:17:05,478 - utils.logger - INFO - Trn result of epoch 16 / 70 mse 0.2162 rmse 0.4650 pcc -0.0234 ccc -0.0026
2021-06-19 19:17:05,602 - utils.logger - INFO - Val result of epoch 16 / 70 mse 0.2513 rmse 0.5013 pcc -0.0178 ccc -0.0017
2021-06-19 19:17:06,014 - utils.logger - INFO - Cur epoch 17 loss ccc:0.0949
2021-06-19 19:17:06,422 - utils.logger - INFO - Cur epoch 17 loss ccc:0.1159
2021-06-19 19:17:06,737 - utils.logger - INFO - Cur epoch 17 loss ccc:1.0026
2021-06-19 19:17:06,737 - utils.logger - INFO - saving the model at the end of epoch 17, iters 102
2021-06-19 19:17:06,976 - utils.logger - INFO - End of training epoch 17 / 70 	 Time Taken: 1 sec, Data loading: 0 sec
2021-06-19 19:17:06,976 - utils.logger - INFO - learning rate = 0.0000500
2021-06-19 19:17:07,347 - utils.logger - INFO - Trn result of epoch 17 / 70 mse 0.2124 rmse 0.4608 pcc -0.0171 ccc -0.0017
2021-06-19 19:17:07,497 - utils.logger - INFO - Val result of epoch 17 / 70 mse 0.2469 rmse 0.4969 pcc -0.0133 ccc -0.0011
2021-06-19 19:17:07,868 - utils.logger - INFO - Cur epoch 18 loss ccc:0.1249
2021-06-19 19:17:08,265 - utils.logger - INFO - Cur epoch 18 loss ccc:0.1109
2021-06-19 19:17:08,593 - utils.logger - INFO - Cur epoch 18 loss ccc:1.0040
2021-06-19 19:17:08,594 - utils.logger - INFO - saving the model at the end of epoch 18, iters 108
2021-06-19 19:17:08,823 - utils.logger - INFO - End of training epoch 18 / 70 	 Time Taken: 1 sec, Data loading: 0 sec
2021-06-19 19:17:08,824 - utils.logger - INFO - learning rate = 0.0000500
2021-06-19 19:17:09,184 - utils.logger - INFO - Trn result of epoch 18 / 70 mse 0.2082 rmse 0.4563 pcc -0.0222 ccc -0.0028
2021-06-19 19:17:09,308 - utils.logger - INFO - Val result of epoch 18 / 70 mse 0.2423 rmse 0.4922 pcc -0.0197 ccc -0.0021
2021-06-19 19:17:09,700 - utils.logger - INFO - Cur epoch 19 loss ccc:0.1073
2021-06-19 19:17:10,071 - utils.logger - INFO - Cur epoch 19 loss ccc:0.1119
2021-06-19 19:17:10,372 - utils.logger - INFO - Cur epoch 19 loss ccc:1.0004
2021-06-19 19:17:10,372 - utils.logger - INFO - saving the model at the end of epoch 19, iters 114
2021-06-19 19:17:10,761 - utils.logger - INFO - End of training epoch 19 / 70 	 Time Taken: 1 sec, Data loading: 0 sec
2021-06-19 19:17:10,761 - utils.logger - INFO - learning rate = 0.0000500
2021-06-19 19:17:11,117 - utils.logger - INFO - Trn result of epoch 19 / 70 mse 0.2031 rmse 0.4507 pcc -0.0240 ccc -0.0032
2021-06-19 19:17:11,242 - utils.logger - INFO - Val result of epoch 19 / 70 mse 0.2367 rmse 0.4865 pcc -0.0194 ccc -0.0021
2021-06-19 19:17:11,636 - utils.logger - INFO - Cur epoch 20 loss ccc:0.1251
2021-06-19 19:17:12,012 - utils.logger - INFO - Cur epoch 20 loss ccc:0.1229
2021-06-19 19:17:12,312 - utils.logger - INFO - Cur epoch 20 loss ccc:0.9946
2021-06-19 19:17:12,312 - utils.logger - INFO - saving the model at the end of epoch 20, iters 120
2021-06-19 19:17:12,539 - utils.logger - INFO - End of training epoch 20 / 70 	 Time Taken: 1 sec, Data loading: 0 sec
2021-06-19 19:17:12,539 - utils.logger - INFO - learning rate = 0.0000500
2021-06-19 19:17:12,898 - utils.logger - INFO - Trn result of epoch 20 / 70 mse 0.1747 rmse 0.4179 pcc -0.0306 ccc -0.0033
2021-06-19 19:17:13,022 - utils.logger - INFO - Val result of epoch 20 / 70 mse 0.2043 rmse 0.4520 pcc -0.0182 ccc -0.0016
2021-06-19 19:17:13,383 - utils.logger - INFO - Cur epoch 21 loss ccc:0.1250
2021-06-19 19:17:13,748 - utils.logger - INFO - Cur epoch 21 loss ccc:0.1154
2021-06-19 19:17:14,054 - utils.logger - INFO - Cur epoch 21 loss ccc:0.9470
2021-06-19 19:17:14,054 - utils.logger - INFO - saving the model at the end of epoch 21, iters 126
2021-06-19 19:17:14,281 - utils.logger - INFO - End of training epoch 21 / 70 	 Time Taken: 1 sec, Data loading: 0 sec
2021-06-19 19:17:14,281 - utils.logger - INFO - learning rate = 0.0000500
2021-06-19 19:17:14,640 - utils.logger - INFO - Trn result of epoch 21 / 70 mse 0.1282 rmse 0.3580 pcc -0.0166 ccc -0.0022
2021-06-19 19:17:14,764 - utils.logger - INFO - Val result of epoch 21 / 70 mse 0.1494 rmse 0.3865 pcc -0.0178 ccc -0.0018
2021-06-19 19:17:15,126 - utils.logger - INFO - Cur epoch 22 loss ccc:0.1312
2021-06-19 19:17:15,493 - utils.logger - INFO - Cur epoch 22 loss ccc:0.1219
2021-06-19 19:17:15,812 - utils.logger - INFO - Cur epoch 22 loss ccc:1.0274
2021-06-19 19:17:15,812 - utils.logger - INFO - saving the model at the end of epoch 22, iters 132
2021-06-19 19:17:16,039 - utils.logger - INFO - End of training epoch 22 / 70 	 Time Taken: 1 sec, Data loading: 0 sec
2021-06-19 19:17:16,039 - utils.logger - INFO - learning rate = 0.0000500
2021-06-19 19:17:16,399 - utils.logger - INFO - Trn result of epoch 22 / 70 mse 0.1261 rmse 0.3551 pcc 0.0243 ccc 0.0023
2021-06-19 19:17:16,523 - utils.logger - INFO - Val result of epoch 22 / 70 mse 0.1470 rmse 0.3835 pcc 0.0034 ccc 0.0003
2021-06-19 19:17:16,886 - utils.logger - INFO - Cur epoch 23 loss ccc:0.1250
2021-06-19 19:17:17,260 - utils.logger - INFO - Cur epoch 23 loss ccc:0.1119
2021-06-19 19:17:17,573 - utils.logger - INFO - Cur epoch 23 loss ccc:0.9998
2021-06-19 19:17:17,573 - utils.logger - INFO - saving the model at the end of epoch 23, iters 138
2021-06-19 19:17:17,797 - utils.logger - INFO - End of training epoch 23 / 70 	 Time Taken: 1 sec, Data loading: 0 sec
2021-06-19 19:17:17,798 - utils.logger - INFO - learning rate = 0.0000500
2021-06-19 19:17:18,158 - utils.logger - INFO - Trn result of epoch 23 / 70 mse 0.1273 rmse 0.3568 pcc -0.0350 ccc -0.0052
2021-06-19 19:17:18,282 - utils.logger - INFO - Val result of epoch 23 / 70 mse 0.1480 rmse 0.3847 pcc -0.0176 ccc -0.0018
2021-06-19 19:17:18,655 - utils.logger - INFO - Cur epoch 24 loss ccc:0.1389
2021-06-19 19:17:19,020 - utils.logger - INFO - Cur epoch 24 loss ccc:0.1378
2021-06-19 19:17:19,323 - utils.logger - INFO - Cur epoch 24 loss ccc:0.9959
2021-06-19 19:17:19,323 - utils.logger - INFO - saving the model at the end of epoch 24, iters 144
2021-06-19 19:17:19,574 - utils.logger - INFO - End of training epoch 24 / 70 	 Time Taken: 1 sec, Data loading: 0 sec
2021-06-19 19:17:19,574 - utils.logger - INFO - learning rate = 0.0000500
2021-06-19 19:17:19,940 - utils.logger - INFO - Trn result of epoch 24 / 70 mse 0.1777 rmse 0.4216 pcc 0.0205 ccc 0.0015
2021-06-19 19:17:20,066 - utils.logger - INFO - Val result of epoch 24 / 70 mse 0.2074 rmse 0.4555 pcc 0.0071 ccc 0.0004
2021-06-19 19:17:20,463 - utils.logger - INFO - Cur epoch 25 loss ccc:0.1173
2021-06-19 19:17:20,862 - utils.logger - INFO - Cur epoch 25 loss ccc:0.1249
2021-06-19 19:17:21,184 - utils.logger - INFO - Cur epoch 25 loss ccc:1.0020
2021-06-19 19:17:21,184 - utils.logger - INFO - saving the model at the end of epoch 25, iters 150
2021-06-19 19:17:21,616 - utils.logger - INFO - End of training epoch 25 / 70 	 Time Taken: 1 sec, Data loading: 0 sec
2021-06-19 19:17:21,617 - utils.logger - INFO - learning rate = 0.0000500
2021-06-19 19:17:21,974 - utils.logger - INFO - Trn result of epoch 25 / 70 mse 0.1825 rmse 0.4272 pcc 0.0213 ccc 0.0016
2021-06-19 19:17:22,098 - utils.logger - INFO - Val result of epoch 25 / 70 mse 0.2128 rmse 0.4613 pcc 0.0073 ccc 0.0005
2021-06-19 19:17:22,490 - utils.logger - INFO - Cur epoch 26 loss ccc:0.1250
2021-06-19 19:17:22,883 - utils.logger - INFO - Cur epoch 26 loss ccc:0.1239
2021-06-19 19:17:23,220 - utils.logger - INFO - Cur epoch 26 loss ccc:1.0011
2021-06-19 19:17:23,220 - utils.logger - INFO - saving the model at the end of epoch 26, iters 156
2021-06-19 19:17:23,456 - utils.logger - INFO - End of training epoch 26 / 70 	 Time Taken: 1 sec, Data loading: 0 sec
2021-06-19 19:17:23,456 - utils.logger - INFO - learning rate = 0.0000500
2021-06-19 19:17:23,818 - utils.logger - INFO - Trn result of epoch 26 / 70 mse 0.1806 rmse 0.4249 pcc 0.0255 ccc 0.0019
2021-06-19 19:17:23,942 - utils.logger - INFO - Val result of epoch 26 / 70 mse 0.2107 rmse 0.4590 pcc 0.0089 ccc 0.0006
2021-06-19 19:17:24,324 - utils.logger - INFO - Cur epoch 27 loss ccc:0.1331
2021-06-19 19:17:24,727 - utils.logger - INFO - Cur epoch 27 loss ccc:0.1059
2021-06-19 19:17:25,062 - utils.logger - INFO - Cur epoch 27 loss ccc:1.0015
2021-06-19 19:17:25,062 - utils.logger - INFO - saving the model at the end of epoch 27, iters 162
2021-06-19 19:17:25,296 - utils.logger - INFO - End of training epoch 27 / 70 	 Time Taken: 1 sec, Data loading: 0 sec
2021-06-19 19:17:25,296 - utils.logger - INFO - learning rate = 0.0000500
2021-06-19 19:17:25,655 - utils.logger - INFO - Trn result of epoch 27 / 70 mse 0.1905 rmse 0.4364 pcc 0.0247 ccc 0.0019
2021-06-19 19:17:25,780 - utils.logger - INFO - Val result of epoch 27 / 70 mse 0.2219 rmse 0.4711 pcc 0.0085 ccc 0.0006
2021-06-19 19:17:26,160 - utils.logger - INFO - Cur epoch 28 loss ccc:0.1125
2021-06-19 19:17:26,548 - utils.logger - INFO - Cur epoch 28 loss ccc:0.1146
2021-06-19 19:17:26,885 - utils.logger - INFO - Cur epoch 28 loss ccc:0.9977
2021-06-19 19:17:26,885 - utils.logger - INFO - saving the model at the end of epoch 28, iters 168
2021-06-19 19:17:27,117 - utils.logger - INFO - End of training epoch 28 / 70 	 Time Taken: 1 sec, Data loading: 0 sec
2021-06-19 19:17:27,117 - utils.logger - INFO - learning rate = 0.0000500
2021-06-19 19:17:27,475 - utils.logger - INFO - Trn result of epoch 28 / 70 mse 0.1886 rmse 0.4342 pcc 0.0254 ccc 0.0020
2021-06-19 19:17:27,599 - utils.logger - INFO - Val result of epoch 28 / 70 mse 0.2198 rmse 0.4688 pcc 0.0087 ccc 0.0006
2021-06-19 19:17:27,995 - utils.logger - INFO - Cur epoch 29 loss ccc:0.1096
2021-06-19 19:17:28,387 - utils.logger - INFO - Cur epoch 29 loss ccc:0.1250
2021-06-19 19:17:28,728 - utils.logger - INFO - Cur epoch 29 loss ccc:1.0015
2021-06-19 19:17:28,728 - utils.logger - INFO - saving the model at the end of epoch 29, iters 174
2021-06-19 19:17:28,959 - utils.logger - INFO - End of training epoch 29 / 70 	 Time Taken: 1 sec, Data loading: 0 sec
2021-06-19 19:17:28,959 - utils.logger - INFO - learning rate = 0.0000500
2021-06-19 19:17:29,316 - utils.logger - INFO - Trn result of epoch 29 / 70 mse 0.1356 rmse 0.3683 pcc 0.0278 ccc 0.0023
2021-06-19 19:17:29,439 - utils.logger - INFO - Val result of epoch 29 / 70 mse 0.1585 rmse 0.3981 pcc 0.0092 ccc 0.0006
2021-06-19 19:17:29,827 - utils.logger - INFO - Cur epoch 30 loss ccc:0.1339
2021-06-19 19:17:30,224 - utils.logger - INFO - Cur epoch 30 loss ccc:0.0962
2021-06-19 19:17:30,528 - utils.logger - INFO - Cur epoch 30 loss ccc:1.0000
2021-06-19 19:17:30,528 - utils.logger - INFO - saving the model at the end of epoch 30, iters 180
2021-06-19 19:17:30,766 - utils.logger - INFO - End of training epoch 30 / 70 	 Time Taken: 1 sec, Data loading: 0 sec
2021-06-19 19:17:30,767 - utils.logger - INFO - learning rate = 0.0000488
2021-06-19 19:17:31,127 - utils.logger - INFO - Trn result of epoch 30 / 70 mse 0.1430 rmse 0.3781 pcc 0.0241 ccc 0.0021
2021-06-19 19:17:31,251 - utils.logger - INFO - Val result of epoch 30 / 70 mse 0.1673 rmse 0.4090 pcc 0.0072 ccc 0.0005
2021-06-19 19:17:31,656 - utils.logger - INFO - Cur epoch 31 loss ccc:0.1341
2021-06-19 19:17:32,061 - utils.logger - INFO - Cur epoch 31 loss ccc:0.1133
2021-06-19 19:17:32,402 - utils.logger - INFO - Cur epoch 31 loss ccc:0.9962
2021-06-19 19:17:32,402 - utils.logger - INFO - saving the model at the end of epoch 31, iters 186
2021-06-19 19:17:32,632 - utils.logger - INFO - End of training epoch 31 / 70 	 Time Taken: 1 sec, Data loading: 0 sec
2021-06-19 19:17:32,632 - utils.logger - INFO - learning rate = 0.0000476
2021-06-19 19:17:33,011 - utils.logger - INFO - Trn result of epoch 31 / 70 mse 0.1502 rmse 0.3875 pcc 0.0245 ccc 0.0022
2021-06-19 19:17:33,160 - utils.logger - INFO - Val result of epoch 31 / 70 mse 0.1758 rmse 0.4193 pcc 0.0068 ccc 0.0005
2021-06-19 19:17:33,544 - utils.logger - INFO - Cur epoch 32 loss ccc:0.1110
2021-06-19 19:17:33,944 - utils.logger - INFO - Cur epoch 32 loss ccc:0.1234
2021-06-19 19:17:34,274 - utils.logger - INFO - Cur epoch 32 loss ccc:1.0030
2021-06-19 19:17:34,274 - utils.logger - INFO - saving the model at the end of epoch 32, iters 192
2021-06-19 19:17:34,672 - utils.logger - INFO - End of training epoch 32 / 70 	 Time Taken: 1 sec, Data loading: 0 sec
2021-06-19 19:17:34,672 - utils.logger - INFO - learning rate = 0.0000463
2021-06-19 19:17:35,036 - utils.logger - INFO - Trn result of epoch 32 / 70 mse 0.3672 rmse 0.6060 pcc 0.0092 ccc 0.0009
2021-06-19 19:17:35,160 - utils.logger - INFO - Val result of epoch 32 / 70 mse 0.4167 rmse 0.6455 pcc -0.0028 ccc -0.0002
2021-06-19 19:17:35,535 - utils.logger - INFO - Cur epoch 33 loss ccc:0.1262
2021-06-19 19:17:35,917 - utils.logger - INFO - Cur epoch 33 loss ccc:0.1355
2021-06-19 19:17:36,220 - utils.logger - INFO - Cur epoch 33 loss ccc:1.0126
2021-06-19 19:17:36,220 - utils.logger - INFO - saving the model at the end of epoch 33, iters 198
2021-06-19 19:17:36,451 - utils.logger - INFO - End of training epoch 33 / 70 	 Time Taken: 1 sec, Data loading: 0 sec
2021-06-19 19:17:36,452 - utils.logger - INFO - learning rate = 0.0000451
2021-06-19 19:17:36,806 - utils.logger - INFO - Trn result of epoch 33 / 70 mse 0.1760 rmse 0.4195 pcc -0.1742 ccc -0.1189
2021-06-19 19:17:36,931 - utils.logger - INFO - Val result of epoch 33 / 70 mse 0.1771 rmse 0.4209 pcc -0.1220 ccc -0.0822
2021-06-19 19:17:37,303 - utils.logger - INFO - Cur epoch 34 loss ccc:0.1250
2021-06-19 19:17:37,682 - utils.logger - INFO - Cur epoch 34 loss ccc:0.1252
2021-06-19 19:17:38,003 - utils.logger - INFO - Cur epoch 34 loss ccc:1.0308
2021-06-19 19:17:38,003 - utils.logger - INFO - saving the model at the end of epoch 34, iters 204
2021-06-19 19:17:38,238 - utils.logger - INFO - End of training epoch 34 / 70 	 Time Taken: 1 sec, Data loading: 0 sec
2021-06-19 19:17:38,238 - utils.logger - INFO - learning rate = 0.0000439
2021-06-19 19:17:38,596 - utils.logger - INFO - Trn result of epoch 34 / 70 mse 0.1719 rmse 0.4146 pcc -0.1644 ccc -0.1072
2021-06-19 19:17:38,720 - utils.logger - INFO - Val result of epoch 34 / 70 mse 0.1752 rmse 0.4186 pcc -0.1270 ccc -0.0815
2021-06-19 19:17:39,094 - utils.logger - INFO - Cur epoch 35 loss ccc:0.1331
2021-06-19 19:17:39,477 - utils.logger - INFO - Cur epoch 35 loss ccc:0.1386
2021-06-19 19:17:39,782 - utils.logger - INFO - Cur epoch 35 loss ccc:0.9998
2021-06-19 19:17:39,782 - utils.logger - INFO - saving the model at the end of epoch 35, iters 210
2021-06-19 19:17:40,012 - utils.logger - INFO - End of training epoch 35 / 70 	 Time Taken: 1 sec, Data loading: 0 sec
2021-06-19 19:17:40,012 - utils.logger - INFO - learning rate = 0.0000427
2021-06-19 19:17:40,370 - utils.logger - INFO - Trn result of epoch 35 / 70 mse 0.1046 rmse 0.3235 pcc 0.0075 ccc 0.0050
2021-06-19 19:17:40,493 - utils.logger - INFO - Val result of epoch 35 / 70 mse 0.1333 rmse 0.3652 pcc -0.1444 ccc -0.0939
2021-06-19 19:17:40,873 - utils.logger - INFO - Cur epoch 36 loss ccc:0.1252
2021-06-19 19:17:41,247 - utils.logger - INFO - Cur epoch 36 loss ccc:0.1246
2021-06-19 19:17:41,555 - utils.logger - INFO - Cur epoch 36 loss ccc:1.0002
2021-06-19 19:17:41,555 - utils.logger - INFO - saving the model at the end of epoch 36, iters 216
2021-06-19 19:17:41,790 - utils.logger - INFO - End of training epoch 36 / 70 	 Time Taken: 1 sec, Data loading: 0 sec
2021-06-19 19:17:41,790 - utils.logger - INFO - learning rate = 0.0000415
2021-06-19 19:17:42,152 - utils.logger - INFO - Trn result of epoch 36 / 70 mse 0.0892 rmse 0.2987 pcc 0.1925 ccc 0.0033
2021-06-19 19:17:42,276 - utils.logger - INFO - Val result of epoch 36 / 70 mse 0.0943 rmse 0.3071 pcc 0.0778 ccc 0.0014
2021-06-19 19:17:42,647 - utils.logger - INFO - Cur epoch 37 loss ccc:0.1270
2021-06-19 19:17:43,023 - utils.logger - INFO - Cur epoch 37 loss ccc:0.1250
2021-06-19 19:17:43,332 - utils.logger - INFO - Cur epoch 37 loss ccc:1.0003
2021-06-19 19:17:43,332 - utils.logger - INFO - saving the model at the end of epoch 37, iters 222
2021-06-19 19:17:43,565 - utils.logger - INFO - End of training epoch 37 / 70 	 Time Taken: 1 sec, Data loading: 0 sec
2021-06-19 19:17:43,565 - utils.logger - INFO - learning rate = 0.0000402
2021-06-19 19:17:43,920 - utils.logger - INFO - Trn result of epoch 37 / 70 mse 0.0891 rmse 0.2985 pcc 0.2055 ccc 0.0052
2021-06-19 19:17:44,045 - utils.logger - INFO - Val result of epoch 37 / 70 mse 0.0944 rmse 0.3073 pcc 0.0841 ccc 0.0021
2021-06-19 19:17:44,422 - utils.logger - INFO - Cur epoch 38 loss ccc:0.1250
2021-06-19 19:17:44,795 - utils.logger - INFO - Cur epoch 38 loss ccc:0.1219
2021-06-19 19:17:45,108 - utils.logger - INFO - Cur epoch 38 loss ccc:0.9480
2021-06-19 19:17:45,108 - utils.logger - INFO - saving the model at the end of epoch 38, iters 228
2021-06-19 19:17:45,352 - utils.logger - INFO - End of training epoch 38 / 70 	 Time Taken: 1 sec, Data loading: 0 sec
2021-06-19 19:17:45,352 - utils.logger - INFO - learning rate = 0.0000390
2021-06-19 19:17:45,712 - utils.logger - INFO - Trn result of epoch 38 / 70 mse 0.0890 rmse 0.2983 pcc 0.2090 ccc 0.0084
2021-06-19 19:17:45,837 - utils.logger - INFO - Val result of epoch 38 / 70 mse 0.0952 rmse 0.3085 pcc 0.0910 ccc 0.0037
2021-06-19 19:17:46,243 - utils.logger - INFO - Cur epoch 39 loss ccc:0.1272
2021-06-19 19:17:46,633 - utils.logger - INFO - Cur epoch 39 loss ccc:0.1187
2021-06-19 19:17:46,947 - utils.logger - INFO - Cur epoch 39 loss ccc:0.9997
2021-06-19 19:17:46,947 - utils.logger - INFO - saving the model at the end of epoch 39, iters 234
2021-06-19 19:17:47,177 - utils.logger - INFO - End of training epoch 39 / 70 	 Time Taken: 1 sec, Data loading: 0 sec
2021-06-19 19:17:47,177 - utils.logger - INFO - learning rate = 0.0000378
2021-06-19 19:17:47,532 - utils.logger - INFO - Trn result of epoch 39 / 70 mse 0.0894 rmse 0.2990 pcc 0.2020 ccc 0.0107
2021-06-19 19:17:47,658 - utils.logger - INFO - Val result of epoch 39 / 70 mse 0.0969 rmse 0.3112 pcc 0.0884 ccc 0.0045
2021-06-19 19:17:48,028 - utils.logger - INFO - Cur epoch 40 loss ccc:0.1143
2021-06-19 19:17:48,405 - utils.logger - INFO - Cur epoch 40 loss ccc:0.1250
2021-06-19 19:17:48,701 - utils.logger - INFO - Cur epoch 40 loss ccc:1.0001
2021-06-19 19:17:48,701 - utils.logger - INFO - saving the model at the end of epoch 40, iters 240
2021-06-19 19:17:48,933 - utils.logger - INFO - End of training epoch 40 / 70 	 Time Taken: 1 sec, Data loading: 0 sec
2021-06-19 19:17:48,933 - utils.logger - INFO - learning rate = 0.0000366
2021-06-19 19:17:49,287 - utils.logger - INFO - Trn result of epoch 40 / 70 mse 0.0904 rmse 0.3006 pcc 0.2111 ccc 0.0203
2021-06-19 19:17:49,410 - utils.logger - INFO - Val result of epoch 40 / 70 mse 0.1000 rmse 0.3162 pcc 0.0891 ccc 0.0083
2021-06-19 19:17:49,790 - utils.logger - INFO - Cur epoch 41 loss ccc:0.1047
2021-06-19 19:17:50,164 - utils.logger - INFO - Cur epoch 41 loss ccc:0.1134
2021-06-19 19:17:50,466 - utils.logger - INFO - Cur epoch 41 loss ccc:0.9858
2021-06-19 19:17:50,466 - utils.logger - INFO - saving the model at the end of epoch 41, iters 246
2021-06-19 19:17:50,697 - utils.logger - INFO - End of training epoch 41 / 70 	 Time Taken: 1 sec, Data loading: 0 sec
2021-06-19 19:17:50,698 - utils.logger - INFO - learning rate = 0.0000354
2021-06-19 19:17:51,055 - utils.logger - INFO - Trn result of epoch 41 / 70 mse 0.1820 rmse 0.4266 pcc 0.0434 ccc 0.0045
2021-06-19 19:17:51,179 - utils.logger - INFO - Val result of epoch 41 / 70 mse 0.2121 rmse 0.4606 pcc 0.0126 ccc 0.0011
2021-06-19 19:17:51,548 - utils.logger - INFO - Cur epoch 42 loss ccc:0.1115
2021-06-19 19:17:51,918 - utils.logger - INFO - Cur epoch 42 loss ccc:0.1010
2021-06-19 19:17:52,271 - utils.logger - INFO - Cur epoch 42 loss ccc:0.9773
2021-06-19 19:17:52,271 - utils.logger - INFO - saving the model at the end of epoch 42, iters 252
2021-06-19 19:17:52,503 - utils.logger - INFO - End of training epoch 42 / 70 	 Time Taken: 1 sec, Data loading: 0 sec
2021-06-19 19:17:52,504 - utils.logger - INFO - learning rate = 0.0000341
2021-06-19 19:17:52,858 - utils.logger - INFO - Trn result of epoch 42 / 70 mse 0.1849 rmse 0.4300 pcc 0.0379 ccc 0.0044
2021-06-19 19:17:52,982 - utils.logger - INFO - Val result of epoch 42 / 70 mse 0.2154 rmse 0.4641 pcc 0.0091 ccc 0.0009
2021-06-19 19:17:53,352 - utils.logger - INFO - Cur epoch 43 loss ccc:0.1044
2021-06-19 19:17:53,749 - utils.logger - INFO - Cur epoch 43 loss ccc:0.1280
2021-06-19 19:17:54,084 - utils.logger - INFO - Cur epoch 43 loss ccc:1.0013
2021-06-19 19:17:54,084 - utils.logger - INFO - saving the model at the end of epoch 43, iters 258
2021-06-19 19:17:54,326 - utils.logger - INFO - End of training epoch 43 / 70 	 Time Taken: 1 sec, Data loading: 0 sec
2021-06-19 19:17:54,326 - utils.logger - INFO - learning rate = 0.0000329
2021-06-19 19:17:54,682 - utils.logger - INFO - Trn result of epoch 43 / 70 mse 0.0942 rmse 0.3069 pcc 0.1751 ccc 0.0224
2021-06-19 19:17:54,805 - utils.logger - INFO - Val result of epoch 43 / 70 mse 0.1065 rmse 0.3263 pcc 0.0645 ccc 0.0080
2021-06-19 19:17:55,193 - utils.logger - INFO - Cur epoch 44 loss ccc:0.1107
2021-06-19 19:17:55,596 - utils.logger - INFO - Cur epoch 44 loss ccc:0.1003
2021-06-19 19:17:55,923 - utils.logger - INFO - Cur epoch 44 loss ccc:0.9981
2021-06-19 19:17:55,923 - utils.logger - INFO - saving the model at the end of epoch 44, iters 264
2021-06-19 19:17:56,162 - utils.logger - INFO - End of training epoch 44 / 70 	 Time Taken: 1 sec, Data loading: 0 sec
2021-06-19 19:17:56,163 - utils.logger - INFO - learning rate = 0.0000317
2021-06-19 19:17:56,525 - utils.logger - INFO - Trn result of epoch 44 / 70 mse 0.1196 rmse 0.3458 pcc 0.0396 ccc 0.0044
2021-06-19 19:17:56,650 - utils.logger - INFO - Val result of epoch 44 / 70 mse 0.1389 rmse 0.3726 pcc 0.0092 ccc 0.0009
2021-06-19 19:17:57,047 - utils.logger - INFO - Cur epoch 45 loss ccc:0.0958
2021-06-19 19:17:57,437 - utils.logger - INFO - Cur epoch 45 loss ccc:0.1349
2021-06-19 19:17:57,756 - utils.logger - INFO - Cur epoch 45 loss ccc:1.0025
2021-06-19 19:17:57,757 - utils.logger - INFO - saving the model at the end of epoch 45, iters 270
2021-06-19 19:17:57,995 - utils.logger - INFO - End of training epoch 45 / 70 	 Time Taken: 1 sec, Data loading: 0 sec
2021-06-19 19:17:57,995 - utils.logger - INFO - learning rate = 0.0000305
2021-06-19 19:17:58,362 - utils.logger - INFO - Trn result of epoch 45 / 70 mse 0.1242 rmse 0.3525 pcc 0.0416 ccc 0.0050
2021-06-19 19:17:58,488 - utils.logger - INFO - Val result of epoch 45 / 70 mse 0.1446 rmse 0.3803 pcc 0.0105 ccc 0.0011
2021-06-19 19:17:58,886 - utils.logger - INFO - Cur epoch 46 loss ccc:0.0952
2021-06-19 19:17:59,266 - utils.logger - INFO - Cur epoch 46 loss ccc:0.1235
2021-06-19 19:17:59,573 - utils.logger - INFO - Cur epoch 46 loss ccc:1.0034
2021-06-19 19:17:59,573 - utils.logger - INFO - saving the model at the end of epoch 46, iters 276
2021-06-19 19:17:59,820 - utils.logger - INFO - End of training epoch 46 / 70 	 Time Taken: 1 sec, Data loading: 0 sec
2021-06-19 19:17:59,820 - utils.logger - INFO - learning rate = 0.0000293
2021-06-19 19:18:00,177 - utils.logger - INFO - Trn result of epoch 46 / 70 mse 0.1292 rmse 0.3595 pcc 0.0350 ccc 0.0041
2021-06-19 19:18:00,300 - utils.logger - INFO - Val result of epoch 46 / 70 mse 0.1507 rmse 0.3882 pcc 0.0084 ccc 0.0009
2021-06-19 19:18:00,678 - utils.logger - INFO - Cur epoch 47 loss ccc:0.1252
2021-06-19 19:18:01,065 - utils.logger - INFO - Cur epoch 47 loss ccc:0.1243
2021-06-19 19:18:01,390 - utils.logger - INFO - Cur epoch 47 loss ccc:0.9980
2021-06-19 19:18:01,390 - utils.logger - INFO - saving the model at the end of epoch 47, iters 282
2021-06-19 19:18:01,636 - utils.logger - INFO - End of training epoch 47 / 70 	 Time Taken: 1 sec, Data loading: 0 sec
2021-06-19 19:18:01,636 - utils.logger - INFO - learning rate = 0.0000280
2021-06-19 19:18:01,988 - utils.logger - INFO - Trn result of epoch 47 / 70 mse 0.1349 rmse 0.3673 pcc 0.0407 ccc 0.0049
2021-06-19 19:18:02,112 - utils.logger - INFO - Val result of epoch 47 / 70 mse 0.1575 rmse 0.3969 pcc 0.0114 ccc 0.0012
2021-06-19 19:18:02,492 - utils.logger - INFO - Cur epoch 48 loss ccc:0.1152
2021-06-19 19:18:02,866 - utils.logger - INFO - Cur epoch 48 loss ccc:0.1278
2021-06-19 19:18:03,197 - utils.logger - INFO - Cur epoch 48 loss ccc:0.9996
2021-06-19 19:18:03,197 - utils.logger - INFO - saving the model at the end of epoch 48, iters 288
2021-06-19 19:18:03,442 - utils.logger - INFO - End of training epoch 48 / 70 	 Time Taken: 1 sec, Data loading: 0 sec
2021-06-19 19:18:03,442 - utils.logger - INFO - learning rate = 0.0000268
2021-06-19 19:18:03,798 - utils.logger - INFO - Trn result of epoch 48 / 70 mse 0.1419 rmse 0.3767 pcc 0.0414 ccc 0.0050
2021-06-19 19:18:03,922 - utils.logger - INFO - Val result of epoch 48 / 70 mse 0.1658 rmse 0.4072 pcc 0.0121 ccc 0.0013
2021-06-19 19:18:04,293 - utils.logger - INFO - Cur epoch 49 loss ccc:0.1322
2021-06-19 19:18:04,664 - utils.logger - INFO - Cur epoch 49 loss ccc:0.0956
2021-06-19 19:18:04,977 - utils.logger - INFO - Cur epoch 49 loss ccc:1.0006
2021-06-19 19:18:04,978 - utils.logger - INFO - saving the model at the end of epoch 49, iters 294
2021-06-19 19:18:05,230 - utils.logger - INFO - End of training epoch 49 / 70 	 Time Taken: 1 sec, Data loading: 0 sec
2021-06-19 19:18:05,230 - utils.logger - INFO - learning rate = 0.0000256
2021-06-19 19:18:05,587 - utils.logger - INFO - Trn result of epoch 49 / 70 mse 0.0892 rmse 0.2987 pcc 0.0903 ccc 0.0037
2021-06-19 19:18:05,711 - utils.logger - INFO - Val result of epoch 49 / 70 mse 0.0942 rmse 0.3068 pcc 0.0145 ccc 0.0006
2021-06-19 19:18:06,082 - utils.logger - INFO - Cur epoch 50 loss ccc:0.1232
2021-06-19 19:18:06,464 - utils.logger - INFO - Cur epoch 50 loss ccc:0.1252
2021-06-19 19:18:06,769 - utils.logger - INFO - Cur epoch 50 loss ccc:0.9998
2021-06-19 19:18:06,769 - utils.logger - INFO - saving the model at the end of epoch 50, iters 300
2021-06-19 19:18:07,024 - utils.logger - INFO - End of training epoch 50 / 70 	 Time Taken: 1 sec, Data loading: 0 sec
2021-06-19 19:18:07,024 - utils.logger - INFO - learning rate = 0.0000244
2021-06-19 19:18:07,380 - utils.logger - INFO - Trn result of epoch 50 / 70 mse 0.0892 rmse 0.2987 pcc 0.1003 ccc 0.0046
2021-06-19 19:18:07,503 - utils.logger - INFO - Val result of epoch 50 / 70 mse 0.0947 rmse 0.3077 pcc 0.0291 ccc 0.0013
2021-06-19 19:18:07,875 - utils.logger - INFO - Cur epoch 51 loss ccc:0.1252
2021-06-19 19:18:08,246 - utils.logger - INFO - Cur epoch 51 loss ccc:0.1271
2021-06-19 19:18:08,560 - utils.logger - INFO - Cur epoch 51 loss ccc:1.0006
2021-06-19 19:18:08,560 - utils.logger - INFO - saving the model at the end of epoch 51, iters 306
2021-06-19 19:18:08,973 - utils.logger - INFO - End of training epoch 51 / 70 	 Time Taken: 1 sec, Data loading: 0 sec
2021-06-19 19:18:08,973 - utils.logger - INFO - learning rate = 0.0000232
2021-06-19 19:18:09,336 - utils.logger - INFO - Trn result of epoch 51 / 70 mse 0.0899 rmse 0.2999 pcc 0.1090 ccc 0.0069
2021-06-19 19:18:09,463 - utils.logger - INFO - Val result of epoch 51 / 70 mse 0.0974 rmse 0.3121 pcc 0.0520 ccc 0.0031
2021-06-19 19:18:09,851 - utils.logger - INFO - Cur epoch 52 loss ccc:0.1210
2021-06-19 19:18:10,250 - utils.logger - INFO - Cur epoch 52 loss ccc:0.1144
2021-06-19 19:18:10,574 - utils.logger - INFO - Cur epoch 52 loss ccc:0.9946
2021-06-19 19:18:10,574 - utils.logger - INFO - saving the model at the end of epoch 52, iters 312
2021-06-19 19:18:10,830 - utils.logger - INFO - End of training epoch 52 / 70 	 Time Taken: 1 sec, Data loading: 0 sec
2021-06-19 19:18:10,830 - utils.logger - INFO - learning rate = 0.0000220
2021-06-19 19:18:11,189 - utils.logger - INFO - Trn result of epoch 52 / 70 mse 0.0935 rmse 0.3057 pcc 0.0583 ccc 0.0044
2021-06-19 19:18:11,314 - utils.logger - INFO - Val result of epoch 52 / 70 mse 0.1037 rmse 0.3220 pcc 0.0359 ccc 0.0025
2021-06-19 19:18:11,694 - utils.logger - INFO - Cur epoch 53 loss ccc:0.0902
2021-06-19 19:18:12,079 - utils.logger - INFO - Cur epoch 53 loss ccc:0.1301
2021-06-19 19:18:12,398 - utils.logger - INFO - Cur epoch 53 loss ccc:1.0034
2021-06-19 19:18:12,398 - utils.logger - INFO - saving the model at the end of epoch 53, iters 318
2021-06-19 19:18:12,654 - utils.logger - INFO - End of training epoch 53 / 70 	 Time Taken: 1 sec, Data loading: 0 sec
2021-06-19 19:18:12,654 - utils.logger - INFO - learning rate = 0.0000207
2021-06-19 19:18:13,015 - utils.logger - INFO - Trn result of epoch 53 / 70 mse 0.0965 rmse 0.3107 pcc 0.0226 ccc 0.0018
2021-06-19 19:18:13,140 - utils.logger - INFO - Val result of epoch 53 / 70 mse 0.1083 rmse 0.3291 pcc 0.0190 ccc 0.0014
2021-06-19 19:18:13,536 - utils.logger - INFO - Cur epoch 54 loss ccc:0.1067
2021-06-19 19:18:13,910 - utils.logger - INFO - Cur epoch 54 loss ccc:0.1259
2021-06-19 19:18:14,222 - utils.logger - INFO - Cur epoch 54 loss ccc:0.9343
2021-06-19 19:18:14,223 - utils.logger - INFO - saving the model at the end of epoch 54, iters 324
2021-06-19 19:18:14,472 - utils.logger - INFO - End of training epoch 54 / 70 	 Time Taken: 1 sec, Data loading: 0 sec
2021-06-19 19:18:14,472 - utils.logger - INFO - learning rate = 0.0000195
2021-06-19 19:18:14,831 - utils.logger - INFO - Trn result of epoch 54 / 70 mse 0.1243 rmse 0.3526 pcc 0.0368 ccc 0.0042
2021-06-19 19:18:14,956 - utils.logger - INFO - Val result of epoch 54 / 70 mse 0.1449 rmse 0.3807 pcc 0.0126 ccc 0.0012
2021-06-19 19:18:15,351 - utils.logger - INFO - Cur epoch 55 loss ccc:0.1346
2021-06-19 19:18:15,758 - utils.logger - INFO - Cur epoch 55 loss ccc:0.0963
2021-06-19 19:18:16,092 - utils.logger - INFO - Cur epoch 55 loss ccc:1.0075
2021-06-19 19:18:16,092 - utils.logger - INFO - saving the model at the end of epoch 55, iters 330
2021-06-19 19:18:16,352 - utils.logger - INFO - End of training epoch 55 / 70 	 Time Taken: 1 sec, Data loading: 0 sec
2021-06-19 19:18:16,352 - utils.logger - INFO - learning rate = 0.0000183
2021-06-19 19:18:16,708 - utils.logger - INFO - Trn result of epoch 55 / 70 mse 0.1430 rmse 0.3782 pcc 0.0406 ccc 0.0051
2021-06-19 19:18:16,832 - utils.logger - INFO - Val result of epoch 55 / 70 mse 0.1673 rmse 0.4090 pcc 0.0138 ccc 0.0015
2021-06-19 19:18:17,218 - utils.logger - INFO - Cur epoch 56 loss ccc:0.1250
2021-06-19 19:18:17,622 - utils.logger - INFO - Cur epoch 56 loss ccc:0.1268
2021-06-19 19:18:17,959 - utils.logger - INFO - Cur epoch 56 loss ccc:0.9961
2021-06-19 19:18:17,959 - utils.logger - INFO - saving the model at the end of epoch 56, iters 336
2021-06-19 19:18:18,234 - utils.logger - INFO - End of training epoch 56 / 70 	 Time Taken: 1 sec, Data loading: 0 sec
2021-06-19 19:18:18,235 - utils.logger - INFO - learning rate = 0.0000171
2021-06-19 19:18:18,592 - utils.logger - INFO - Trn result of epoch 56 / 70 mse 0.1778 rmse 0.4216 pcc 0.0242 ccc 0.0029
2021-06-19 19:18:18,717 - utils.logger - INFO - Val result of epoch 56 / 70 mse 0.2075 rmse 0.4555 pcc 0.0072 ccc 0.0008
2021-06-19 19:18:19,104 - utils.logger - INFO - Cur epoch 57 loss ccc:0.1151
2021-06-19 19:18:19,499 - utils.logger - INFO - Cur epoch 57 loss ccc:0.1246
2021-06-19 19:18:19,816 - utils.logger - INFO - Cur epoch 57 loss ccc:1.0425
2021-06-19 19:18:19,816 - utils.logger - INFO - saving the model at the end of epoch 57, iters 342
2021-06-19 19:18:20,069 - utils.logger - INFO - End of training epoch 57 / 70 	 Time Taken: 1 sec, Data loading: 0 sec
2021-06-19 19:18:20,069 - utils.logger - INFO - learning rate = 0.0000159
2021-06-19 19:18:20,429 - utils.logger - INFO - Trn result of epoch 57 / 70 mse 0.2361 rmse 0.4859 pcc 0.0109 ccc 0.0013
2021-06-19 19:18:20,554 - utils.logger - INFO - Val result of epoch 57 / 70 mse 0.2729 rmse 0.5224 pcc -0.0006 ccc -0.0001
2021-06-19 19:18:20,951 - utils.logger - INFO - Cur epoch 58 loss ccc:0.1282
2021-06-19 19:18:21,337 - utils.logger - INFO - Cur epoch 58 loss ccc:0.1090
2021-06-19 19:18:21,656 - utils.logger - INFO - Cur epoch 58 loss ccc:1.0531
2021-06-19 19:18:21,656 - utils.logger - INFO - saving the model at the end of epoch 58, iters 348
2021-06-19 19:18:21,908 - utils.logger - INFO - End of training epoch 58 / 70 	 Time Taken: 1 sec, Data loading: 0 sec
2021-06-19 19:18:21,908 - utils.logger - INFO - learning rate = 0.0000146
2021-06-19 19:18:22,267 - utils.logger - INFO - Trn result of epoch 58 / 70 mse 0.2729 rmse 0.5224 pcc 0.0090 ccc 0.0010
2021-06-19 19:18:22,391 - utils.logger - INFO - Val result of epoch 58 / 70 mse 0.3135 rmse 0.5599 pcc -0.0015 ccc -0.0001
2021-06-19 19:18:22,772 - utils.logger - INFO - Cur epoch 59 loss ccc:0.1302
2021-06-19 19:18:23,157 - utils.logger - INFO - Cur epoch 59 loss ccc:0.1139
2021-06-19 19:18:23,496 - utils.logger - INFO - Cur epoch 59 loss ccc:1.0009
2021-06-19 19:18:23,497 - utils.logger - INFO - saving the model at the end of epoch 59, iters 354
2021-06-19 19:18:23,747 - utils.logger - INFO - End of training epoch 59 / 70 	 Time Taken: 1 sec, Data loading: 0 sec
2021-06-19 19:18:23,748 - utils.logger - INFO - learning rate = 0.0000134
2021-06-19 19:18:24,110 - utils.logger - INFO - Trn result of epoch 59 / 70 mse 0.2630 rmse 0.5128 pcc 0.0014 ccc 0.0002
2021-06-19 19:18:24,235 - utils.logger - INFO - Val result of epoch 59 / 70 mse 0.3026 rmse 0.5501 pcc -0.0059 ccc -0.0006
2021-06-19 19:18:24,623 - utils.logger - INFO - Cur epoch 60 loss ccc:0.1112
2021-06-19 19:18:25,019 - utils.logger - INFO - Cur epoch 60 loss ccc:0.1069
2021-06-19 19:18:25,337 - utils.logger - INFO - Cur epoch 60 loss ccc:1.0010
2021-06-19 19:18:25,337 - utils.logger - INFO - saving the model at the end of epoch 60, iters 360
2021-06-19 19:18:25,591 - utils.logger - INFO - End of training epoch 60 / 70 	 Time Taken: 1 sec, Data loading: 0 sec
2021-06-19 19:18:25,591 - utils.logger - INFO - learning rate = 0.0000122
2021-06-19 19:18:25,946 - utils.logger - INFO - Trn result of epoch 60 / 70 mse 0.2593 rmse 0.5092 pcc 0.0008 ccc 0.0001
2021-06-19 19:18:26,071 - utils.logger - INFO - Val result of epoch 60 / 70 mse 0.2985 rmse 0.5464 pcc -0.0063 ccc -0.0007
2021-06-19 19:18:26,466 - utils.logger - INFO - Cur epoch 61 loss ccc:0.1170
2021-06-19 19:18:26,853 - utils.logger - INFO - Cur epoch 61 loss ccc:0.1159
2021-06-19 19:18:27,167 - utils.logger - INFO - Cur epoch 61 loss ccc:1.0145
2021-06-19 19:18:27,167 - utils.logger - INFO - saving the model at the end of epoch 61, iters 366
2021-06-19 19:18:27,424 - utils.logger - INFO - End of training epoch 61 / 70 	 Time Taken: 1 sec, Data loading: 0 sec
2021-06-19 19:18:27,424 - utils.logger - INFO - learning rate = 0.0000110
2021-06-19 19:18:27,786 - utils.logger - INFO - Trn result of epoch 61 / 70 mse 0.2574 rmse 0.5074 pcc 0.0013 ccc 0.0002
2021-06-19 19:18:27,910 - utils.logger - INFO - Val result of epoch 61 / 70 mse 0.2965 rmse 0.5445 pcc -0.0059 ccc -0.0006
2021-06-19 19:18:28,296 - utils.logger - INFO - Cur epoch 62 loss ccc:0.1177
2021-06-19 19:18:28,683 - utils.logger - INFO - Cur epoch 62 loss ccc:0.1188
2021-06-19 19:18:29,009 - utils.logger - INFO - Cur epoch 62 loss ccc:1.0298
2021-06-19 19:18:29,009 - utils.logger - INFO - saving the model at the end of epoch 62, iters 372
2021-06-19 19:18:29,419 - utils.logger - INFO - End of training epoch 62 / 70 	 Time Taken: 1 sec, Data loading: 0 sec
2021-06-19 19:18:29,420 - utils.logger - INFO - learning rate = 0.0000098
2021-06-19 19:18:29,780 - utils.logger - INFO - Trn result of epoch 62 / 70 mse 0.2712 rmse 0.5208 pcc -0.0008 ccc -0.0001
2021-06-19 19:18:29,904 - utils.logger - INFO - Val result of epoch 62 / 70 mse 0.3116 rmse 0.5582 pcc -0.0076 ccc -0.0008
2021-06-19 19:18:30,291 - utils.logger - INFO - Cur epoch 63 loss ccc:0.1244
2021-06-19 19:18:30,685 - utils.logger - INFO - Cur epoch 63 loss ccc:0.1121
2021-06-19 19:18:31,015 - utils.logger - INFO - Cur epoch 63 loss ccc:1.0299
2021-06-19 19:18:31,015 - utils.logger - INFO - saving the model at the end of epoch 63, iters 378
2021-06-19 19:18:31,270 - utils.logger - INFO - End of training epoch 63 / 70 	 Time Taken: 1 sec, Data loading: 0 sec
2021-06-19 19:18:31,270 - utils.logger - INFO - learning rate = 0.0000085
2021-06-19 19:18:31,630 - utils.logger - INFO - Trn result of epoch 63 / 70 mse 0.2673 rmse 0.5170 pcc -0.0002 ccc -0.0000
2021-06-19 19:18:31,755 - utils.logger - INFO - Val result of epoch 63 / 70 mse 0.3073 rmse 0.5544 pcc -0.0074 ccc -0.0008
2021-06-19 19:18:32,140 - utils.logger - INFO - Cur epoch 64 loss ccc:0.1250
2021-06-19 19:18:32,515 - utils.logger - INFO - Cur epoch 64 loss ccc:0.1089
2021-06-19 19:18:32,819 - utils.logger - INFO - Cur epoch 64 loss ccc:0.9837
2021-06-19 19:18:32,819 - utils.logger - INFO - saving the model at the end of epoch 64, iters 384
2021-06-19 19:18:33,075 - utils.logger - INFO - End of training epoch 64 / 70 	 Time Taken: 1 sec, Data loading: 0 sec
2021-06-19 19:18:33,076 - utils.logger - INFO - learning rate = 0.0000073
2021-06-19 19:18:33,438 - utils.logger - INFO - Trn result of epoch 64 / 70 mse 0.2621 rmse 0.5120 pcc 0.0005 ccc 0.0001
2021-06-19 19:18:33,565 - utils.logger - INFO - Val result of epoch 64 / 70 mse 0.3016 rmse 0.5492 pcc -0.0070 ccc -0.0008
2021-06-19 19:18:33,959 - utils.logger - INFO - Cur epoch 65 loss ccc:0.1150
2021-06-19 19:18:34,357 - utils.logger - INFO - Cur epoch 65 loss ccc:0.1289
2021-06-19 19:18:34,678 - utils.logger - INFO - Cur epoch 65 loss ccc:0.9990
2021-06-19 19:18:34,678 - utils.logger - INFO - saving the model at the end of epoch 65, iters 390
2021-06-19 19:18:35,015 - utils.logger - INFO - End of training epoch 65 / 70 	 Time Taken: 1 sec, Data loading: 0 sec
2021-06-19 19:18:35,015 - utils.logger - INFO - learning rate = 0.0000061
2021-06-19 19:18:35,371 - utils.logger - INFO - Trn result of epoch 65 / 70 mse 0.2581 rmse 0.5081 pcc 0.0007 ccc 0.0001
2021-06-19 19:18:35,494 - utils.logger - INFO - Val result of epoch 65 / 70 mse 0.2972 rmse 0.5452 pcc -0.0068 ccc -0.0008
2021-06-19 19:18:35,866 - utils.logger - INFO - Cur epoch 66 loss ccc:0.1251
2021-06-19 19:18:36,242 - utils.logger - INFO - Cur epoch 66 loss ccc:0.1259
2021-06-19 19:18:36,545 - utils.logger - INFO - Cur epoch 66 loss ccc:0.9860
2021-06-19 19:18:36,545 - utils.logger - INFO - saving the model at the end of epoch 66, iters 396
2021-06-19 19:18:36,799 - utils.logger - INFO - End of training epoch 66 / 70 	 Time Taken: 1 sec, Data loading: 0 sec
2021-06-19 19:18:36,799 - utils.logger - INFO - learning rate = 0.0000049
2021-06-19 19:18:37,166 - utils.logger - INFO - Trn result of epoch 66 / 70 mse 0.2508 rmse 0.5008 pcc -0.0007 ccc -0.0001
2021-06-19 19:18:37,292 - utils.logger - INFO - Val result of epoch 66 / 70 mse 0.2891 rmse 0.5377 pcc -0.0078 ccc -0.0009
2021-06-19 19:18:37,665 - utils.logger - INFO - Cur epoch 67 loss ccc:0.1298
2021-06-19 19:18:38,032 - utils.logger - INFO - Cur epoch 67 loss ccc:0.1254
2021-06-19 19:18:38,355 - utils.logger - INFO - Cur epoch 67 loss ccc:1.0764
2021-06-19 19:18:38,356 - utils.logger - INFO - saving the model at the end of epoch 67, iters 402
2021-06-19 19:18:38,607 - utils.logger - INFO - End of training epoch 67 / 70 	 Time Taken: 1 sec, Data loading: 0 sec
2021-06-19 19:18:38,607 - utils.logger - INFO - learning rate = 0.0000037
2021-06-19 19:18:38,965 - utils.logger - INFO - Trn result of epoch 67 / 70 mse 0.2487 rmse 0.4987 pcc -0.0014 ccc -0.0002
2021-06-19 19:18:39,089 - utils.logger - INFO - Val result of epoch 67 / 70 mse 0.2868 rmse 0.5355 pcc -0.0080 ccc -0.0009
2021-06-19 19:18:39,480 - utils.logger - INFO - Cur epoch 68 loss ccc:0.0999
2021-06-19 19:18:39,873 - utils.logger - INFO - Cur epoch 68 loss ccc:0.1121
2021-06-19 19:18:40,190 - utils.logger - INFO - Cur epoch 68 loss ccc:1.0837
2021-06-19 19:18:40,190 - utils.logger - INFO - saving the model at the end of epoch 68, iters 408
2021-06-19 19:18:40,459 - utils.logger - INFO - End of training epoch 68 / 70 	 Time Taken: 1 sec, Data loading: 0 sec
2021-06-19 19:18:40,459 - utils.logger - INFO - learning rate = 0.0000024
2021-06-19 19:18:40,817 - utils.logger - INFO - Trn result of epoch 68 / 70 mse 0.2558 rmse 0.5058 pcc -0.0009 ccc -0.0001
2021-06-19 19:18:40,941 - utils.logger - INFO - Val result of epoch 68 / 70 mse 0.2947 rmse 0.5428 pcc -0.0076 ccc -0.0009
2021-06-19 19:18:41,337 - utils.logger - INFO - Cur epoch 69 loss ccc:0.1193
2021-06-19 19:18:41,743 - utils.logger - INFO - Cur epoch 69 loss ccc:0.1065
2021-06-19 19:18:42,061 - utils.logger - INFO - Cur epoch 69 loss ccc:1.1183
2021-06-19 19:18:42,062 - utils.logger - INFO - saving the model at the end of epoch 69, iters 414
2021-06-19 19:18:42,313 - utils.logger - INFO - End of training epoch 69 / 70 	 Time Taken: 1 sec, Data loading: 0 sec
2021-06-19 19:18:42,313 - utils.logger - INFO - learning rate = 0.0000012
2021-06-19 19:18:42,679 - utils.logger - INFO - Trn result of epoch 69 / 70 mse 0.2493 rmse 0.4993 pcc -0.0017 ccc -0.0002
2021-06-19 19:18:42,807 - utils.logger - INFO - Val result of epoch 69 / 70 mse 0.2875 rmse 0.5362 pcc -0.0081 ccc -0.0009
2021-06-19 19:18:43,181 - utils.logger - INFO - Cur epoch 70 loss ccc:0.1164
2021-06-19 19:18:43,561 - utils.logger - INFO - Cur epoch 70 loss ccc:0.1171
2021-06-19 19:18:43,902 - utils.logger - INFO - Cur epoch 70 loss ccc:1.0366
2021-06-19 19:18:43,902 - utils.logger - INFO - saving the model at the end of epoch 70, iters 420
2021-06-19 19:18:44,167 - utils.logger - INFO - End of training epoch 70 / 70 	 Time Taken: 1 sec, Data loading: 0 sec
2021-06-19 19:18:44,167 - utils.logger - INFO - learning rate = 0.0000000
2021-06-19 19:18:44,522 - utils.logger - INFO - Trn result of epoch 70 / 70 mse 0.2471 rmse 0.4971 pcc -0.0015 ccc -0.0002
2021-06-19 19:18:44,646 - utils.logger - INFO - Val result of epoch 70 / 70 mse 0.2851 rmse 0.5339 pcc -0.0080 ccc -0.0009
2021-06-19 19:18:44,646 - utils.logger - INFO - Best eval epoch 40 found with ccc 0.008313
2021-06-19 19:18:44,646 - utils.logger - INFO - baseline_fcfusion_wonorm_vggish_arousal_hidden1024_seq100_lr5e-05_cccloss_run2
