2021-06-19 17:54:57,559 - utils.logger - INFO - The number of training samples = 41
2021-06-19 17:55:00,563 - utils.logger - INFO - Cur epoch 1 loss ccc:0.1275
2021-06-19 17:55:01,129 - utils.logger - INFO - Cur epoch 1 loss ccc:0.1284
2021-06-19 17:55:01,583 - utils.logger - INFO - Cur epoch 1 loss ccc:1.0023
2021-06-19 17:55:01,584 - utils.logger - INFO - saving the model at the end of epoch 1, iters 6
2021-06-19 17:55:01,844 - utils.logger - INFO - End of training epoch 1 / 70 	 Time Taken: 1 sec, Data loading: 0 sec
2021-06-19 17:55:01,844 - utils.logger - INFO - learning rate = 0.0000500
2021-06-19 17:55:02,855 - utils.logger - INFO - Trn result of epoch 1 / 70 mse 0.1124 rmse 0.3353 pcc 0.1573 ccc 0.0037
2021-06-19 17:55:03,273 - utils.logger - INFO - Val result of epoch 1 / 70 mse 0.1286 rmse 0.3586 pcc 0.2502 ccc 0.0063
2021-06-19 17:55:03,903 - utils.logger - INFO - Cur epoch 2 loss ccc:0.1052
2021-06-19 17:55:04,512 - utils.logger - INFO - Cur epoch 2 loss ccc:0.1252
2021-06-19 17:55:04,974 - utils.logger - INFO - Cur epoch 2 loss ccc:1.0002
2021-06-19 17:55:04,974 - utils.logger - INFO - saving the model at the end of epoch 2, iters 12
2021-06-19 17:55:05,223 - utils.logger - INFO - End of training epoch 2 / 70 	 Time Taken: 1 sec, Data loading: 0 sec
2021-06-19 17:55:05,223 - utils.logger - INFO - learning rate = 0.0000500
2021-06-19 17:55:06,061 - utils.logger - INFO - Trn result of epoch 2 / 70 mse 0.1095 rmse 0.3309 pcc -0.0421 ccc -0.0046
2021-06-19 17:55:06,351 - utils.logger - INFO - Val result of epoch 2 / 70 mse 0.1260 rmse 0.3549 pcc 0.1783 ccc 0.0226
2021-06-19 17:55:06,944 - utils.logger - INFO - Cur epoch 3 loss ccc:0.1356
2021-06-19 17:55:07,517 - utils.logger - INFO - Cur epoch 3 loss ccc:0.1228
2021-06-19 17:55:07,969 - utils.logger - INFO - Cur epoch 3 loss ccc:0.9979
2021-06-19 17:55:07,969 - utils.logger - INFO - saving the model at the end of epoch 3, iters 18
2021-06-19 17:55:08,240 - utils.logger - INFO - End of training epoch 3 / 70 	 Time Taken: 1 sec, Data loading: 0 sec
2021-06-19 17:55:08,241 - utils.logger - INFO - learning rate = 0.0000500
2021-06-19 17:55:09,122 - utils.logger - INFO - Trn result of epoch 3 / 70 mse 0.1089 rmse 0.3300 pcc 0.0105 ccc 0.0013
2021-06-19 17:55:09,395 - utils.logger - INFO - Val result of epoch 3 / 70 mse 0.1255 rmse 0.3543 pcc 0.1982 ccc 0.0260
2021-06-19 17:55:09,945 - utils.logger - INFO - Cur epoch 4 loss ccc:0.1075
2021-06-19 17:55:10,519 - utils.logger - INFO - Cur epoch 4 loss ccc:0.1119
2021-06-19 17:55:10,941 - utils.logger - INFO - Cur epoch 4 loss ccc:0.9982
2021-06-19 17:55:10,941 - utils.logger - INFO - saving the model at the end of epoch 4, iters 24
2021-06-19 17:55:11,199 - utils.logger - INFO - End of training epoch 4 / 70 	 Time Taken: 1 sec, Data loading: 0 sec
2021-06-19 17:55:11,199 - utils.logger - INFO - learning rate = 0.0000500
2021-06-19 17:55:11,962 - utils.logger - INFO - Trn result of epoch 4 / 70 mse 0.1083 rmse 0.3291 pcc 0.0292 ccc 0.0048
2021-06-19 17:55:12,219 - utils.logger - INFO - Val result of epoch 4 / 70 mse 0.1259 rmse 0.3549 pcc 0.1876 ccc 0.0328
2021-06-19 17:55:12,762 - utils.logger - INFO - Cur epoch 5 loss ccc:0.1239
2021-06-19 17:55:13,334 - utils.logger - INFO - Cur epoch 5 loss ccc:0.1136
2021-06-19 17:55:13,768 - utils.logger - INFO - Cur epoch 5 loss ccc:0.9870
2021-06-19 17:55:13,768 - utils.logger - INFO - saving the model at the end of epoch 5, iters 30
2021-06-19 17:55:14,031 - utils.logger - INFO - End of training epoch 5 / 70 	 Time Taken: 1 sec, Data loading: 0 sec
2021-06-19 17:55:14,031 - utils.logger - INFO - learning rate = 0.0000500
2021-06-19 17:55:14,903 - utils.logger - INFO - Trn result of epoch 5 / 70 mse 0.1350 rmse 0.3674 pcc -0.0724 ccc -0.0198
2021-06-19 17:55:15,187 - utils.logger - INFO - Val result of epoch 5 / 70 mse 0.1555 rmse 0.3944 pcc 0.1497 ccc 0.0447
2021-06-19 17:55:15,738 - utils.logger - INFO - Cur epoch 6 loss ccc:0.1332
2021-06-19 17:55:16,325 - utils.logger - INFO - Cur epoch 6 loss ccc:0.1133
2021-06-19 17:55:16,777 - utils.logger - INFO - Cur epoch 6 loss ccc:1.0118
2021-06-19 17:55:16,777 - utils.logger - INFO - saving the model at the end of epoch 6, iters 36
2021-06-19 17:55:17,030 - utils.logger - INFO - End of training epoch 6 / 70 	 Time Taken: 1 sec, Data loading: 0 sec
2021-06-19 17:55:17,030 - utils.logger - INFO - learning rate = 0.0000500
2021-06-19 17:55:17,814 - utils.logger - INFO - Trn result of epoch 6 / 70 mse 0.1262 rmse 0.3552 pcc -0.0341 ccc -0.0077
2021-06-19 17:55:18,086 - utils.logger - INFO - Val result of epoch 6 / 70 mse 0.1482 rmse 0.3849 pcc 0.1720 ccc 0.0407
2021-06-19 17:55:18,638 - utils.logger - INFO - Cur epoch 7 loss ccc:0.1146
2021-06-19 17:55:19,218 - utils.logger - INFO - Cur epoch 7 loss ccc:0.0883
2021-06-19 17:55:19,647 - utils.logger - INFO - Cur epoch 7 loss ccc:0.9723
2021-06-19 17:55:19,648 - utils.logger - INFO - saving the model at the end of epoch 7, iters 42
2021-06-19 17:55:19,896 - utils.logger - INFO - End of training epoch 7 / 70 	 Time Taken: 1 sec, Data loading: 0 sec
2021-06-19 17:55:19,896 - utils.logger - INFO - learning rate = 0.0000500
2021-06-19 17:55:20,738 - utils.logger - INFO - Trn result of epoch 7 / 70 mse 0.1187 rmse 0.3446 pcc -0.0104 ccc -0.0021
2021-06-19 17:55:21,023 - utils.logger - INFO - Val result of epoch 7 / 70 mse 0.1411 rmse 0.3757 pcc 0.1809 ccc 0.0372
2021-06-19 17:55:21,587 - utils.logger - INFO - Cur epoch 8 loss ccc:0.1211
2021-06-19 17:55:22,148 - utils.logger - INFO - Cur epoch 8 loss ccc:0.1199
2021-06-19 17:55:22,576 - utils.logger - INFO - Cur epoch 8 loss ccc:0.9458
2021-06-19 17:55:22,577 - utils.logger - INFO - saving the model at the end of epoch 8, iters 48
2021-06-19 17:55:22,824 - utils.logger - INFO - End of training epoch 8 / 70 	 Time Taken: 1 sec, Data loading: 0 sec
2021-06-19 17:55:22,824 - utils.logger - INFO - learning rate = 0.0000500
2021-06-19 17:55:23,587 - utils.logger - INFO - Trn result of epoch 8 / 70 mse 0.1345 rmse 0.3667 pcc -0.0093 ccc -0.0020
2021-06-19 17:55:23,859 - utils.logger - INFO - Val result of epoch 8 / 70 mse 0.1582 rmse 0.3978 pcc 0.1931 ccc 0.0424
2021-06-19 17:55:24,436 - utils.logger - INFO - Cur epoch 9 loss ccc:0.1224
2021-06-19 17:55:24,990 - utils.logger - INFO - Cur epoch 9 loss ccc:0.1193
2021-06-19 17:55:25,407 - utils.logger - INFO - Cur epoch 9 loss ccc:0.6660
2021-06-19 17:55:25,407 - utils.logger - INFO - saving the model at the end of epoch 9, iters 54
2021-06-19 17:55:25,670 - utils.logger - INFO - End of training epoch 9 / 70 	 Time Taken: 1 sec, Data loading: 0 sec
2021-06-19 17:55:25,670 - utils.logger - INFO - learning rate = 0.0000500
2021-06-19 17:55:26,506 - utils.logger - INFO - Trn result of epoch 9 / 70 mse 0.1203 rmse 0.3468 pcc -0.0063 ccc -0.0022
2021-06-19 17:55:26,792 - utils.logger - INFO - Val result of epoch 9 / 70 mse 0.1388 rmse 0.3726 pcc 0.1782 ccc 0.0636
2021-06-19 17:55:27,347 - utils.logger - INFO - Cur epoch 10 loss ccc:0.1283
2021-06-19 17:55:27,897 - utils.logger - INFO - Cur epoch 10 loss ccc:0.1324
2021-06-19 17:55:28,313 - utils.logger - INFO - Cur epoch 10 loss ccc:1.0279
2021-06-19 17:55:28,313 - utils.logger - INFO - saving the model at the end of epoch 10, iters 60
2021-06-19 17:55:28,586 - utils.logger - INFO - End of training epoch 10 / 70 	 Time Taken: 1 sec, Data loading: 0 sec
2021-06-19 17:55:28,587 - utils.logger - INFO - learning rate = 0.0000500
2021-06-19 17:55:29,349 - utils.logger - INFO - Trn result of epoch 10 / 70 mse 0.1220 rmse 0.3492 pcc -0.0364 ccc -0.0117
2021-06-19 17:55:29,604 - utils.logger - INFO - Val result of epoch 10 / 70 mse 0.1400 rmse 0.3742 pcc 0.1718 ccc 0.0587
2021-06-19 17:55:30,150 - utils.logger - INFO - Cur epoch 11 loss ccc:0.1360
2021-06-19 17:55:30,730 - utils.logger - INFO - Cur epoch 11 loss ccc:0.1200
2021-06-19 17:55:31,183 - utils.logger - INFO - Cur epoch 11 loss ccc:0.9465
2021-06-19 17:55:31,183 - utils.logger - INFO - saving the model at the end of epoch 11, iters 66
2021-06-19 17:55:31,442 - utils.logger - INFO - End of training epoch 11 / 70 	 Time Taken: 1 sec, Data loading: 0 sec
2021-06-19 17:55:31,442 - utils.logger - INFO - learning rate = 0.0000500
2021-06-19 17:55:32,224 - utils.logger - INFO - Trn result of epoch 11 / 70 mse 0.1782 rmse 0.4222 pcc -0.0782 ccc -0.0231
2021-06-19 17:55:32,488 - utils.logger - INFO - Val result of epoch 11 / 70 mse 0.2007 rmse 0.4480 pcc 0.1435 ccc 0.0472
2021-06-19 17:55:33,072 - utils.logger - INFO - Cur epoch 12 loss ccc:0.1225
2021-06-19 17:55:33,647 - utils.logger - INFO - Cur epoch 12 loss ccc:0.1099
2021-06-19 17:55:34,094 - utils.logger - INFO - Cur epoch 12 loss ccc:1.0026
2021-06-19 17:55:34,094 - utils.logger - INFO - saving the model at the end of epoch 12, iters 72
2021-06-19 17:55:34,300 - utils.logger - INFO - End of training epoch 12 / 70 	 Time Taken: 1 sec, Data loading: 0 sec
2021-06-19 17:55:34,300 - utils.logger - INFO - learning rate = 0.0000500
2021-06-19 17:55:35,045 - utils.logger - INFO - Trn result of epoch 12 / 70 mse 0.1615 rmse 0.4019 pcc -0.0436 ccc -0.0120
2021-06-19 17:55:35,324 - utils.logger - INFO - Val result of epoch 12 / 70 mse 0.1841 rmse 0.4291 pcc 0.1743 ccc 0.0526
2021-06-19 17:55:35,867 - utils.logger - INFO - Cur epoch 13 loss ccc:0.1282
2021-06-19 17:55:36,426 - utils.logger - INFO - Cur epoch 13 loss ccc:0.1229
2021-06-19 17:55:36,842 - utils.logger - INFO - Cur epoch 13 loss ccc:1.0127
2021-06-19 17:55:36,842 - utils.logger - INFO - saving the model at the end of epoch 13, iters 78
2021-06-19 17:55:37,105 - utils.logger - INFO - End of training epoch 13 / 70 	 Time Taken: 1 sec, Data loading: 0 sec
2021-06-19 17:55:37,106 - utils.logger - INFO - learning rate = 0.0000500
2021-06-19 17:55:37,895 - utils.logger - INFO - Trn result of epoch 13 / 70 mse 0.1275 rmse 0.3571 pcc -0.0285 ccc -0.0091
2021-06-19 17:55:38,158 - utils.logger - INFO - Val result of epoch 13 / 70 mse 0.1475 rmse 0.3840 pcc 0.1655 ccc 0.0556
2021-06-19 17:55:38,728 - utils.logger - INFO - Cur epoch 14 loss ccc:0.1274
2021-06-19 17:55:39,287 - utils.logger - INFO - Cur epoch 14 loss ccc:0.1249
2021-06-19 17:55:39,754 - utils.logger - INFO - Cur epoch 14 loss ccc:1.0062
2021-06-19 17:55:39,754 - utils.logger - INFO - saving the model at the end of epoch 14, iters 84
2021-06-19 17:55:40,046 - utils.logger - INFO - End of training epoch 14 / 70 	 Time Taken: 1 sec, Data loading: 0 sec
2021-06-19 17:55:40,046 - utils.logger - INFO - learning rate = 0.0000500
2021-06-19 17:55:40,902 - utils.logger - INFO - Trn result of epoch 14 / 70 mse 0.1271 rmse 0.3566 pcc -0.0355 ccc -0.0102
2021-06-19 17:55:41,249 - utils.logger - INFO - Val result of epoch 14 / 70 mse 0.1484 rmse 0.3853 pcc 0.1602 ccc 0.0478
2021-06-19 17:55:41,798 - utils.logger - INFO - Cur epoch 15 loss ccc:0.1201
2021-06-19 17:55:42,369 - utils.logger - INFO - Cur epoch 15 loss ccc:0.1365
2021-06-19 17:55:42,787 - utils.logger - INFO - Cur epoch 15 loss ccc:1.0523
2021-06-19 17:55:42,787 - utils.logger - INFO - saving the model at the end of epoch 15, iters 90
2021-06-19 17:55:43,057 - utils.logger - INFO - End of training epoch 15 / 70 	 Time Taken: 1 sec, Data loading: 0 sec
2021-06-19 17:55:43,057 - utils.logger - INFO - learning rate = 0.0000500
2021-06-19 17:55:43,820 - utils.logger - INFO - Trn result of epoch 15 / 70 mse 0.1372 rmse 0.3704 pcc -0.0339 ccc -0.0120
2021-06-19 17:55:44,087 - utils.logger - INFO - Val result of epoch 15 / 70 mse 0.1582 rmse 0.3977 pcc 0.1618 ccc 0.0597
2021-06-19 17:55:44,647 - utils.logger - INFO - Cur epoch 16 loss ccc:0.1347
2021-06-19 17:55:45,203 - utils.logger - INFO - Cur epoch 16 loss ccc:0.1178
2021-06-19 17:55:45,617 - utils.logger - INFO - Cur epoch 16 loss ccc:1.0020
2021-06-19 17:55:45,617 - utils.logger - INFO - saving the model at the end of epoch 16, iters 96
2021-06-19 17:55:45,921 - utils.logger - INFO - End of training epoch 16 / 70 	 Time Taken: 1 sec, Data loading: 0 sec
2021-06-19 17:55:45,921 - utils.logger - INFO - learning rate = 0.0000500
2021-06-19 17:55:46,707 - utils.logger - INFO - Trn result of epoch 16 / 70 mse 0.1317 rmse 0.3629 pcc -0.0143 ccc -0.0049
2021-06-19 17:55:46,975 - utils.logger - INFO - Val result of epoch 16 / 70 mse 0.1527 rmse 0.3907 pcc 0.1690 ccc 0.0590
2021-06-19 17:55:47,520 - utils.logger - INFO - Cur epoch 17 loss ccc:0.1044
2021-06-19 17:55:48,079 - utils.logger - INFO - Cur epoch 17 loss ccc:0.1371
2021-06-19 17:55:48,488 - utils.logger - INFO - Cur epoch 17 loss ccc:1.0300
2021-06-19 17:55:48,488 - utils.logger - INFO - saving the model at the end of epoch 17, iters 102
2021-06-19 17:55:49,017 - utils.logger - INFO - End of training epoch 17 / 70 	 Time Taken: 2 sec, Data loading: 0 sec
2021-06-19 17:55:49,017 - utils.logger - INFO - learning rate = 0.0000500
2021-06-19 17:55:49,823 - utils.logger - INFO - Trn result of epoch 17 / 70 mse 0.1669 rmse 0.4085 pcc -0.0328 ccc -0.0116
2021-06-19 17:55:50,089 - utils.logger - INFO - Val result of epoch 17 / 70 mse 0.1884 rmse 0.4340 pcc 0.1656 ccc 0.0630
2021-06-19 17:55:50,638 - utils.logger - INFO - Cur epoch 18 loss ccc:0.1230
2021-06-19 17:55:51,215 - utils.logger - INFO - Cur epoch 18 loss ccc:0.0965
2021-06-19 17:55:51,648 - utils.logger - INFO - Cur epoch 18 loss ccc:1.0004
2021-06-19 17:55:51,648 - utils.logger - INFO - saving the model at the end of epoch 18, iters 108
2021-06-19 17:55:51,861 - utils.logger - INFO - End of training epoch 18 / 70 	 Time Taken: 1 sec, Data loading: 0 sec
2021-06-19 17:55:51,861 - utils.logger - INFO - learning rate = 0.0000500
2021-06-19 17:55:52,654 - utils.logger - INFO - Trn result of epoch 18 / 70 mse 0.1668 rmse 0.4084 pcc -0.0211 ccc -0.0077
2021-06-19 17:55:52,917 - utils.logger - INFO - Val result of epoch 18 / 70 mse 0.1892 rmse 0.4350 pcc 0.1681 ccc 0.0650
2021-06-19 17:55:53,469 - utils.logger - INFO - Cur epoch 19 loss ccc:0.1267
2021-06-19 17:55:54,039 - utils.logger - INFO - Cur epoch 19 loss ccc:0.1103
2021-06-19 17:55:54,472 - utils.logger - INFO - Cur epoch 19 loss ccc:1.0392
2021-06-19 17:55:54,472 - utils.logger - INFO - saving the model at the end of epoch 19, iters 114
2021-06-19 17:55:54,750 - utils.logger - INFO - End of training epoch 19 / 70 	 Time Taken: 1 sec, Data loading: 0 sec
2021-06-19 17:55:54,751 - utils.logger - INFO - learning rate = 0.0000500
2021-06-19 17:55:55,537 - utils.logger - INFO - Trn result of epoch 19 / 70 mse 0.1283 rmse 0.3583 pcc 0.0038 ccc 0.0015
2021-06-19 17:55:55,822 - utils.logger - INFO - Val result of epoch 19 / 70 mse 0.1484 rmse 0.3852 pcc 0.1707 ccc 0.0652
2021-06-19 17:55:56,383 - utils.logger - INFO - Cur epoch 20 loss ccc:0.1329
2021-06-19 17:55:56,978 - utils.logger - INFO - Cur epoch 20 loss ccc:0.1225
2021-06-19 17:55:57,423 - utils.logger - INFO - Cur epoch 20 loss ccc:1.1043
2021-06-19 17:55:57,423 - utils.logger - INFO - saving the model at the end of epoch 20, iters 120
2021-06-19 17:55:57,681 - utils.logger - INFO - End of training epoch 20 / 70 	 Time Taken: 1 sec, Data loading: 0 sec
2021-06-19 17:55:57,681 - utils.logger - INFO - learning rate = 0.0000500
2021-06-19 17:55:58,459 - utils.logger - INFO - Trn result of epoch 20 / 70 mse 0.1210 rmse 0.3478 pcc 0.0247 ccc 0.0086
2021-06-19 17:55:58,733 - utils.logger - INFO - Val result of epoch 20 / 70 mse 0.1419 rmse 0.3767 pcc 0.1766 ccc 0.0596
2021-06-19 17:55:59,288 - utils.logger - INFO - Cur epoch 21 loss ccc:0.1118
2021-06-19 17:55:59,853 - utils.logger - INFO - Cur epoch 21 loss ccc:0.1342
2021-06-19 17:56:00,278 - utils.logger - INFO - Cur epoch 21 loss ccc:1.0648
2021-06-19 17:56:00,278 - utils.logger - INFO - saving the model at the end of epoch 21, iters 126
2021-06-19 17:56:00,533 - utils.logger - INFO - End of training epoch 21 / 70 	 Time Taken: 1 sec, Data loading: 0 sec
2021-06-19 17:56:00,533 - utils.logger - INFO - learning rate = 0.0000500
2021-06-19 17:56:01,309 - utils.logger - INFO - Trn result of epoch 21 / 70 mse 0.1238 rmse 0.3519 pcc 0.0998 ccc 0.0295
2021-06-19 17:56:01,564 - utils.logger - INFO - Val result of epoch 21 / 70 mse 0.1521 rmse 0.3900 pcc 0.1715 ccc 0.0424
2021-06-19 17:56:02,097 - utils.logger - INFO - Cur epoch 22 loss ccc:0.1324
2021-06-19 17:56:02,643 - utils.logger - INFO - Cur epoch 22 loss ccc:0.1089
2021-06-19 17:56:03,049 - utils.logger - INFO - Cur epoch 22 loss ccc:0.9596
2021-06-19 17:56:03,050 - utils.logger - INFO - saving the model at the end of epoch 22, iters 132
2021-06-19 17:56:03,294 - utils.logger - INFO - End of training epoch 22 / 70 	 Time Taken: 1 sec, Data loading: 0 sec
2021-06-19 17:56:03,294 - utils.logger - INFO - learning rate = 0.0000500
2021-06-19 17:56:04,092 - utils.logger - INFO - Trn result of epoch 22 / 70 mse 0.1201 rmse 0.3465 pcc 0.0925 ccc 0.0347
2021-06-19 17:56:04,357 - utils.logger - INFO - Val result of epoch 22 / 70 mse 0.1462 rmse 0.3824 pcc 0.1628 ccc 0.0519
2021-06-19 17:56:04,918 - utils.logger - INFO - Cur epoch 23 loss ccc:0.1132
2021-06-19 17:56:05,472 - utils.logger - INFO - Cur epoch 23 loss ccc:0.1104
2021-06-19 17:56:05,856 - utils.logger - INFO - Cur epoch 23 loss ccc:1.0587
2021-06-19 17:56:05,856 - utils.logger - INFO - saving the model at the end of epoch 23, iters 138
2021-06-19 17:56:06,328 - utils.logger - INFO - End of training epoch 23 / 70 	 Time Taken: 1 sec, Data loading: 0 sec
2021-06-19 17:56:06,328 - utils.logger - INFO - learning rate = 0.0000500
2021-06-19 17:56:07,114 - utils.logger - INFO - Trn result of epoch 23 / 70 mse 0.1251 rmse 0.3537 pcc 0.0891 ccc 0.0370
2021-06-19 17:56:07,381 - utils.logger - INFO - Val result of epoch 23 / 70 mse 0.1517 rmse 0.3895 pcc 0.1659 ccc 0.0584
2021-06-19 17:56:07,943 - utils.logger - INFO - Cur epoch 24 loss ccc:0.1190
2021-06-19 17:56:08,526 - utils.logger - INFO - Cur epoch 24 loss ccc:0.0995
2021-06-19 17:56:08,957 - utils.logger - INFO - Cur epoch 24 loss ccc:1.0015
2021-06-19 17:56:08,958 - utils.logger - INFO - saving the model at the end of epoch 24, iters 144
2021-06-19 17:56:09,214 - utils.logger - INFO - End of training epoch 24 / 70 	 Time Taken: 1 sec, Data loading: 0 sec
2021-06-19 17:56:09,214 - utils.logger - INFO - learning rate = 0.0000500
2021-06-19 17:56:09,982 - utils.logger - INFO - Trn result of epoch 24 / 70 mse 0.1113 rmse 0.3336 pcc 0.0857 ccc 0.0338
2021-06-19 17:56:10,245 - utils.logger - INFO - Val result of epoch 24 / 70 mse 0.1320 rmse 0.3633 pcc 0.1731 ccc 0.0584
2021-06-19 17:56:10,813 - utils.logger - INFO - Cur epoch 25 loss ccc:0.1359
2021-06-19 17:56:11,377 - utils.logger - INFO - Cur epoch 25 loss ccc:0.1309
2021-06-19 17:56:11,789 - utils.logger - INFO - Cur epoch 25 loss ccc:0.9951
2021-06-19 17:56:11,789 - utils.logger - INFO - saving the model at the end of epoch 25, iters 150
2021-06-19 17:56:12,038 - utils.logger - INFO - End of training epoch 25 / 70 	 Time Taken: 1 sec, Data loading: 0 sec
2021-06-19 17:56:12,039 - utils.logger - INFO - learning rate = 0.0000500
2021-06-19 17:56:12,808 - utils.logger - INFO - Trn result of epoch 25 / 70 mse 0.1107 rmse 0.3327 pcc 0.0799 ccc 0.0299
2021-06-19 17:56:13,080 - utils.logger - INFO - Val result of epoch 25 / 70 mse 0.1313 rmse 0.3624 pcc 0.1651 ccc 0.0526
2021-06-19 17:56:13,614 - utils.logger - INFO - Cur epoch 26 loss ccc:0.1258
2021-06-19 17:56:14,183 - utils.logger - INFO - Cur epoch 26 loss ccc:0.1220
2021-06-19 17:56:14,603 - utils.logger - INFO - Cur epoch 26 loss ccc:0.9463
2021-06-19 17:56:14,603 - utils.logger - INFO - saving the model at the end of epoch 26, iters 156
2021-06-19 17:56:14,854 - utils.logger - INFO - End of training epoch 26 / 70 	 Time Taken: 1 sec, Data loading: 0 sec
2021-06-19 17:56:14,854 - utils.logger - INFO - learning rate = 0.0000500
2021-06-19 17:56:15,626 - utils.logger - INFO - Trn result of epoch 26 / 70 mse 0.1112 rmse 0.3334 pcc 0.0577 ccc 0.0218
2021-06-19 17:56:15,892 - utils.logger - INFO - Val result of epoch 26 / 70 mse 0.1294 rmse 0.3598 pcc 0.1770 ccc 0.0620
2021-06-19 17:56:16,430 - utils.logger - INFO - Cur epoch 27 loss ccc:0.1226
2021-06-19 17:56:16,996 - utils.logger - INFO - Cur epoch 27 loss ccc:0.1274
2021-06-19 17:56:17,428 - utils.logger - INFO - Cur epoch 27 loss ccc:1.0049
2021-06-19 17:56:17,428 - utils.logger - INFO - saving the model at the end of epoch 27, iters 162
2021-06-19 17:56:17,684 - utils.logger - INFO - End of training epoch 27 / 70 	 Time Taken: 1 sec, Data loading: 0 sec
2021-06-19 17:56:17,684 - utils.logger - INFO - learning rate = 0.0000500
2021-06-19 17:56:18,488 - utils.logger - INFO - Trn result of epoch 27 / 70 mse 0.1140 rmse 0.3376 pcc 0.0478 ccc 0.0198
2021-06-19 17:56:18,760 - utils.logger - INFO - Val result of epoch 27 / 70 mse 0.1322 rmse 0.3636 pcc 0.1772 ccc 0.0681
2021-06-19 17:56:19,312 - utils.logger - INFO - Cur epoch 28 loss ccc:0.1246
2021-06-19 17:56:19,854 - utils.logger - INFO - Cur epoch 28 loss ccc:0.1157
2021-06-19 17:56:20,275 - utils.logger - INFO - Cur epoch 28 loss ccc:1.0137
2021-06-19 17:56:20,275 - utils.logger - INFO - saving the model at the end of epoch 28, iters 168
2021-06-19 17:56:20,533 - utils.logger - INFO - End of training epoch 28 / 70 	 Time Taken: 1 sec, Data loading: 0 sec
2021-06-19 17:56:20,533 - utils.logger - INFO - learning rate = 0.0000500
2021-06-19 17:56:21,291 - utils.logger - INFO - Trn result of epoch 28 / 70 mse 0.1192 rmse 0.3452 pcc 0.0394 ccc 0.0175
2021-06-19 17:56:21,554 - utils.logger - INFO - Val result of epoch 28 / 70 mse 0.1383 rmse 0.3719 pcc 0.1741 ccc 0.0721
2021-06-19 17:56:22,100 - utils.logger - INFO - Cur epoch 29 loss ccc:0.1043
2021-06-19 17:56:22,655 - utils.logger - INFO - Cur epoch 29 loss ccc:0.1395
2021-06-19 17:56:23,066 - utils.logger - INFO - Cur epoch 29 loss ccc:0.9898
2021-06-19 17:56:23,066 - utils.logger - INFO - saving the model at the end of epoch 29, iters 174
2021-06-19 17:56:23,270 - utils.logger - INFO - End of training epoch 29 / 70 	 Time Taken: 1 sec, Data loading: 0 sec
2021-06-19 17:56:23,270 - utils.logger - INFO - learning rate = 0.0000500
2021-06-19 17:56:24,091 - utils.logger - INFO - Trn result of epoch 29 / 70 mse 0.1202 rmse 0.3467 pcc 0.0444 ccc 0.0195
2021-06-19 17:56:24,360 - utils.logger - INFO - Val result of epoch 29 / 70 mse 0.1397 rmse 0.3738 pcc 0.1804 ccc 0.0737
2021-06-19 17:56:24,911 - utils.logger - INFO - Cur epoch 30 loss ccc:0.1075
2021-06-19 17:56:25,467 - utils.logger - INFO - Cur epoch 30 loss ccc:0.1104
2021-06-19 17:56:25,867 - utils.logger - INFO - Cur epoch 30 loss ccc:0.9965
2021-06-19 17:56:25,867 - utils.logger - INFO - saving the model at the end of epoch 30, iters 180
2021-06-19 17:56:26,143 - utils.logger - INFO - End of training epoch 30 / 70 	 Time Taken: 1 sec, Data loading: 0 sec
2021-06-19 17:56:26,144 - utils.logger - INFO - learning rate = 0.0000488
2021-06-19 17:56:26,918 - utils.logger - INFO - Trn result of epoch 30 / 70 mse 0.1244 rmse 0.3528 pcc 0.0581 ccc 0.0263
2021-06-19 17:56:27,195 - utils.logger - INFO - Val result of epoch 30 / 70 mse 0.1464 rmse 0.3826 pcc 0.1743 ccc 0.0715
2021-06-19 17:56:27,775 - utils.logger - INFO - Cur epoch 31 loss ccc:0.1245
2021-06-19 17:56:28,320 - utils.logger - INFO - Cur epoch 31 loss ccc:0.1003
2021-06-19 17:56:28,739 - utils.logger - INFO - Cur epoch 31 loss ccc:0.7929
2021-06-19 17:56:28,739 - utils.logger - INFO - saving the model at the end of epoch 31, iters 186
2021-06-19 17:56:29,107 - utils.logger - INFO - End of training epoch 31 / 70 	 Time Taken: 1 sec, Data loading: 0 sec
2021-06-19 17:56:29,107 - utils.logger - INFO - learning rate = 0.0000476
2021-06-19 17:56:29,905 - utils.logger - INFO - Trn result of epoch 31 / 70 mse 0.1260 rmse 0.3549 pcc 0.0374 ccc 0.0183
2021-06-19 17:56:30,181 - utils.logger - INFO - Val result of epoch 31 / 70 mse 0.1459 rmse 0.3820 pcc 0.1694 ccc 0.0783
2021-06-19 17:56:30,752 - utils.logger - INFO - Cur epoch 32 loss ccc:0.1201
2021-06-19 17:56:31,325 - utils.logger - INFO - Cur epoch 32 loss ccc:0.1278
2021-06-19 17:56:31,757 - utils.logger - INFO - Cur epoch 32 loss ccc:0.9133
2021-06-19 17:56:31,758 - utils.logger - INFO - saving the model at the end of epoch 32, iters 192
2021-06-19 17:56:32,058 - utils.logger - INFO - End of training epoch 32 / 70 	 Time Taken: 1 sec, Data loading: 0 sec
2021-06-19 17:56:32,058 - utils.logger - INFO - learning rate = 0.0000463
2021-06-19 17:56:32,815 - utils.logger - INFO - Trn result of epoch 32 / 70 mse 0.1431 rmse 0.3783 pcc 0.0136 ccc 0.0062
2021-06-19 17:56:33,074 - utils.logger - INFO - Val result of epoch 32 / 70 mse 0.1636 rmse 0.4044 pcc 0.1736 ccc 0.0789
2021-06-19 17:56:33,628 - utils.logger - INFO - Cur epoch 33 loss ccc:0.1103
2021-06-19 17:56:34,192 - utils.logger - INFO - Cur epoch 33 loss ccc:0.1170
2021-06-19 17:56:34,642 - utils.logger - INFO - Cur epoch 33 loss ccc:1.0010
2021-06-19 17:56:34,642 - utils.logger - INFO - saving the model at the end of epoch 33, iters 198
2021-06-19 17:56:34,909 - utils.logger - INFO - End of training epoch 33 / 70 	 Time Taken: 1 sec, Data loading: 0 sec
2021-06-19 17:56:34,909 - utils.logger - INFO - learning rate = 0.0000451
2021-06-19 17:56:35,684 - utils.logger - INFO - Trn result of epoch 33 / 70 mse 0.1417 rmse 0.3764 pcc 0.0161 ccc 0.0075
2021-06-19 17:56:35,950 - utils.logger - INFO - Val result of epoch 33 / 70 mse 0.1622 rmse 0.4028 pcc 0.1747 ccc 0.0793
2021-06-19 17:56:36,515 - utils.logger - INFO - Cur epoch 34 loss ccc:0.1173
2021-06-19 17:56:37,087 - utils.logger - INFO - Cur epoch 34 loss ccc:0.1057
2021-06-19 17:56:37,540 - utils.logger - INFO - Cur epoch 34 loss ccc:0.9289
2021-06-19 17:56:37,540 - utils.logger - INFO - saving the model at the end of epoch 34, iters 204
2021-06-19 17:56:37,791 - utils.logger - INFO - End of training epoch 34 / 70 	 Time Taken: 1 sec, Data loading: 0 sec
2021-06-19 17:56:37,791 - utils.logger - INFO - learning rate = 0.0000439
2021-06-19 17:56:38,581 - utils.logger - INFO - Trn result of epoch 34 / 70 mse 0.1329 rmse 0.3646 pcc 0.0116 ccc 0.0052
2021-06-19 17:56:38,848 - utils.logger - INFO - Val result of epoch 34 / 70 mse 0.1531 rmse 0.3913 pcc 0.1733 ccc 0.0750
2021-06-19 17:56:39,418 - utils.logger - INFO - Cur epoch 35 loss ccc:0.1081
2021-06-19 17:56:39,963 - utils.logger - INFO - Cur epoch 35 loss ccc:0.1098
2021-06-19 17:56:40,401 - utils.logger - INFO - Cur epoch 35 loss ccc:1.0063
2021-06-19 17:56:40,401 - utils.logger - INFO - saving the model at the end of epoch 35, iters 210
2021-06-19 17:56:40,667 - utils.logger - INFO - End of training epoch 35 / 70 	 Time Taken: 1 sec, Data loading: 0 sec
2021-06-19 17:56:40,668 - utils.logger - INFO - learning rate = 0.0000427
2021-06-19 17:56:41,444 - utils.logger - INFO - Trn result of epoch 35 / 70 mse 0.1333 rmse 0.3651 pcc 0.0142 ccc 0.0064
2021-06-19 17:56:41,699 - utils.logger - INFO - Val result of epoch 35 / 70 mse 0.1538 rmse 0.3921 pcc 0.1688 ccc 0.0734
2021-06-19 17:56:42,251 - utils.logger - INFO - Cur epoch 36 loss ccc:0.1333
2021-06-19 17:56:42,820 - utils.logger - INFO - Cur epoch 36 loss ccc:0.1237
2021-06-19 17:56:43,272 - utils.logger - INFO - Cur epoch 36 loss ccc:0.9380
2021-06-19 17:56:43,273 - utils.logger - INFO - saving the model at the end of epoch 36, iters 216
2021-06-19 17:56:43,523 - utils.logger - INFO - End of training epoch 36 / 70 	 Time Taken: 1 sec, Data loading: 0 sec
2021-06-19 17:56:43,523 - utils.logger - INFO - learning rate = 0.0000415
2021-06-19 17:56:44,314 - utils.logger - INFO - Trn result of epoch 36 / 70 mse 0.1628 rmse 0.4035 pcc -0.0215 ccc -0.0079
2021-06-19 17:56:44,577 - utils.logger - INFO - Val result of epoch 36 / 70 mse 0.1848 rmse 0.4298 pcc 0.1668 ccc 0.0633
2021-06-19 17:56:45,126 - utils.logger - INFO - Cur epoch 37 loss ccc:0.1052
2021-06-19 17:56:45,707 - utils.logger - INFO - Cur epoch 37 loss ccc:0.1208
2021-06-19 17:56:46,146 - utils.logger - INFO - Cur epoch 37 loss ccc:1.0122
2021-06-19 17:56:46,147 - utils.logger - INFO - saving the model at the end of epoch 37, iters 222
2021-06-19 17:56:46,414 - utils.logger - INFO - End of training epoch 37 / 70 	 Time Taken: 1 sec, Data loading: 0 sec
2021-06-19 17:56:46,414 - utils.logger - INFO - learning rate = 0.0000402
2021-06-19 17:56:47,187 - utils.logger - INFO - Trn result of epoch 37 / 70 mse 0.1568 rmse 0.3960 pcc -0.0189 ccc -0.0069
2021-06-19 17:56:47,450 - utils.logger - INFO - Val result of epoch 37 / 70 mse 0.1791 rmse 0.4232 pcc 0.1657 ccc 0.0603
2021-06-19 17:56:47,981 - utils.logger - INFO - Cur epoch 38 loss ccc:0.1068
2021-06-19 17:56:48,548 - utils.logger - INFO - Cur epoch 38 loss ccc:0.1253
2021-06-19 17:56:48,969 - utils.logger - INFO - Cur epoch 38 loss ccc:0.4937
2021-06-19 17:56:48,970 - utils.logger - INFO - saving the model at the end of epoch 38, iters 228
2021-06-19 17:56:49,219 - utils.logger - INFO - End of training epoch 38 / 70 	 Time Taken: 1 sec, Data loading: 0 sec
2021-06-19 17:56:49,219 - utils.logger - INFO - learning rate = 0.0000390
2021-06-19 17:56:50,032 - utils.logger - INFO - Trn result of epoch 38 / 70 mse 0.1376 rmse 0.3709 pcc -0.0045 ccc -0.0020
2021-06-19 17:56:50,317 - utils.logger - INFO - Val result of epoch 38 / 70 mse 0.1566 rmse 0.3958 pcc 0.1681 ccc 0.0740
2021-06-19 17:56:50,848 - utils.logger - INFO - Cur epoch 39 loss ccc:0.1119
2021-06-19 17:56:51,406 - utils.logger - INFO - Cur epoch 39 loss ccc:0.1203
2021-06-19 17:56:51,843 - utils.logger - INFO - Cur epoch 39 loss ccc:1.0112
2021-06-19 17:56:51,843 - utils.logger - INFO - saving the model at the end of epoch 39, iters 234
2021-06-19 17:56:52,113 - utils.logger - INFO - End of training epoch 39 / 70 	 Time Taken: 1 sec, Data loading: 0 sec
2021-06-19 17:56:52,113 - utils.logger - INFO - learning rate = 0.0000378
2021-06-19 17:56:52,883 - utils.logger - INFO - Trn result of epoch 39 / 70 mse 0.1505 rmse 0.3880 pcc -0.0158 ccc -0.0067
2021-06-19 17:56:53,150 - utils.logger - INFO - Val result of epoch 39 / 70 mse 0.1702 rmse 0.4125 pcc 0.1675 ccc 0.0734
2021-06-19 17:56:53,695 - utils.logger - INFO - Cur epoch 40 loss ccc:0.0958
2021-06-19 17:56:54,261 - utils.logger - INFO - Cur epoch 40 loss ccc:0.1249
2021-06-19 17:56:54,701 - utils.logger - INFO - Cur epoch 40 loss ccc:1.2113
2021-06-19 17:56:54,701 - utils.logger - INFO - saving the model at the end of epoch 40, iters 240
2021-06-19 17:56:54,909 - utils.logger - INFO - End of training epoch 40 / 70 	 Time Taken: 1 sec, Data loading: 0 sec
2021-06-19 17:56:54,909 - utils.logger - INFO - learning rate = 0.0000366
2021-06-19 17:56:55,667 - utils.logger - INFO - Trn result of epoch 40 / 70 mse 0.1368 rmse 0.3698 pcc -0.0019 ccc -0.0008
2021-06-19 17:56:55,926 - utils.logger - INFO - Val result of epoch 40 / 70 mse 0.1561 rmse 0.3951 pcc 0.1746 ccc 0.0744
2021-06-19 17:56:56,453 - utils.logger - INFO - Cur epoch 41 loss ccc:0.1135
2021-06-19 17:56:57,001 - utils.logger - INFO - Cur epoch 41 loss ccc:0.1250
2021-06-19 17:56:57,438 - utils.logger - INFO - Cur epoch 41 loss ccc:0.9671
2021-06-19 17:56:57,438 - utils.logger - INFO - saving the model at the end of epoch 41, iters 246
2021-06-19 17:56:57,756 - utils.logger - INFO - End of training epoch 41 / 70 	 Time Taken: 1 sec, Data loading: 0 sec
2021-06-19 17:56:57,757 - utils.logger - INFO - learning rate = 0.0000354
2021-06-19 17:56:58,524 - utils.logger - INFO - Trn result of epoch 41 / 70 mse 0.1373 rmse 0.3705 pcc 0.0052 ccc 0.0022
2021-06-19 17:56:58,880 - utils.logger - INFO - Val result of epoch 41 / 70 mse 0.1572 rmse 0.3965 pcc 0.1756 ccc 0.0744
2021-06-19 17:56:59,475 - utils.logger - INFO - Cur epoch 42 loss ccc:0.0935
2021-06-19 17:57:00,062 - utils.logger - INFO - Cur epoch 42 loss ccc:0.1202
2021-06-19 17:57:00,507 - utils.logger - INFO - Cur epoch 42 loss ccc:0.9995
2021-06-19 17:57:00,508 - utils.logger - INFO - saving the model at the end of epoch 42, iters 252
2021-06-19 17:57:00,744 - utils.logger - INFO - End of training epoch 42 / 70 	 Time Taken: 1 sec, Data loading: 0 sec
2021-06-19 17:57:00,744 - utils.logger - INFO - learning rate = 0.0000341
2021-06-19 17:57:01,514 - utils.logger - INFO - Trn result of epoch 42 / 70 mse 0.1307 rmse 0.3615 pcc 0.0143 ccc 0.0065
2021-06-19 17:57:01,790 - utils.logger - INFO - Val result of epoch 42 / 70 mse 0.1498 rmse 0.3871 pcc 0.1753 ccc 0.0776
2021-06-19 17:57:02,353 - utils.logger - INFO - Cur epoch 43 loss ccc:0.1095
2021-06-19 17:57:02,924 - utils.logger - INFO - Cur epoch 43 loss ccc:0.1234
2021-06-19 17:57:03,343 - utils.logger - INFO - Cur epoch 43 loss ccc:1.3219
2021-06-19 17:57:03,343 - utils.logger - INFO - saving the model at the end of epoch 43, iters 258
2021-06-19 17:57:03,593 - utils.logger - INFO - End of training epoch 43 / 70 	 Time Taken: 1 sec, Data loading: 0 sec
2021-06-19 17:57:03,593 - utils.logger - INFO - learning rate = 0.0000329
2021-06-19 17:57:04,341 - utils.logger - INFO - Trn result of epoch 43 / 70 mse 0.1161 rmse 0.3407 pcc 0.0373 ccc 0.0167
2021-06-19 17:57:04,606 - utils.logger - INFO - Val result of epoch 43 / 70 mse 0.1329 rmse 0.3646 pcc 0.1847 ccc 0.0782
2021-06-19 17:57:05,157 - utils.logger - INFO - Cur epoch 44 loss ccc:0.1110
2021-06-19 17:57:05,702 - utils.logger - INFO - Cur epoch 44 loss ccc:0.1306
2021-06-19 17:57:06,152 - utils.logger - INFO - Cur epoch 44 loss ccc:1.0020
2021-06-19 17:57:06,153 - utils.logger - INFO - saving the model at the end of epoch 44, iters 264
2021-06-19 17:57:06,406 - utils.logger - INFO - End of training epoch 44 / 70 	 Time Taken: 1 sec, Data loading: 0 sec
2021-06-19 17:57:06,406 - utils.logger - INFO - learning rate = 0.0000317
2021-06-19 17:57:07,192 - utils.logger - INFO - Trn result of epoch 44 / 70 mse 0.1144 rmse 0.3383 pcc 0.0452 ccc 0.0201
2021-06-19 17:57:07,458 - utils.logger - INFO - Val result of epoch 44 / 70 mse 0.1310 rmse 0.3620 pcc 0.1889 ccc 0.0784
2021-06-19 17:57:07,997 - utils.logger - INFO - Cur epoch 45 loss ccc:0.1173
2021-06-19 17:57:08,543 - utils.logger - INFO - Cur epoch 45 loss ccc:0.1194
2021-06-19 17:57:08,946 - utils.logger - INFO - Cur epoch 45 loss ccc:1.0014
2021-06-19 17:57:08,946 - utils.logger - INFO - saving the model at the end of epoch 45, iters 270
2021-06-19 17:57:09,199 - utils.logger - INFO - End of training epoch 45 / 70 	 Time Taken: 1 sec, Data loading: 0 sec
2021-06-19 17:57:09,200 - utils.logger - INFO - learning rate = 0.0000305
2021-06-19 17:57:09,928 - utils.logger - INFO - Trn result of epoch 45 / 70 mse 0.1124 rmse 0.3353 pcc 0.0570 ccc 0.0245
2021-06-19 17:57:10,177 - utils.logger - INFO - Val result of epoch 45 / 70 mse 0.1291 rmse 0.3593 pcc 0.1908 ccc 0.0759
2021-06-19 17:57:10,724 - utils.logger - INFO - Cur epoch 46 loss ccc:0.1248
2021-06-19 17:57:11,287 - utils.logger - INFO - Cur epoch 46 loss ccc:0.1277
2021-06-19 17:57:11,718 - utils.logger - INFO - Cur epoch 46 loss ccc:0.9466
2021-06-19 17:57:11,718 - utils.logger - INFO - saving the model at the end of epoch 46, iters 276
2021-06-19 17:57:11,969 - utils.logger - INFO - End of training epoch 46 / 70 	 Time Taken: 1 sec, Data loading: 0 sec
2021-06-19 17:57:11,970 - utils.logger - INFO - learning rate = 0.0000293
2021-06-19 17:57:12,744 - utils.logger - INFO - Trn result of epoch 46 / 70 mse 0.1207 rmse 0.3474 pcc 0.0468 ccc 0.0227
2021-06-19 17:57:13,007 - utils.logger - INFO - Val result of epoch 46 / 70 mse 0.1392 rmse 0.3732 pcc 0.1789 ccc 0.0802
2021-06-19 17:57:13,556 - utils.logger - INFO - Cur epoch 47 loss ccc:0.1223
2021-06-19 17:57:14,138 - utils.logger - INFO - Cur epoch 47 loss ccc:0.1109
2021-06-19 17:57:14,574 - utils.logger - INFO - Cur epoch 47 loss ccc:1.0017
2021-06-19 17:57:14,574 - utils.logger - INFO - saving the model at the end of epoch 47, iters 282
2021-06-19 17:57:14,865 - utils.logger - INFO - End of training epoch 47 / 70 	 Time Taken: 1 sec, Data loading: 0 sec
2021-06-19 17:57:14,865 - utils.logger - INFO - learning rate = 0.0000280
2021-06-19 17:57:15,644 - utils.logger - INFO - Trn result of epoch 47 / 70 mse 0.1226 rmse 0.3501 pcc 0.0442 ccc 0.0209
2021-06-19 17:57:15,913 - utils.logger - INFO - Val result of epoch 47 / 70 mse 0.1414 rmse 0.3760 pcc 0.1840 ccc 0.0793
2021-06-19 17:57:16,467 - utils.logger - INFO - Cur epoch 48 loss ccc:0.1104
2021-06-19 17:57:17,035 - utils.logger - INFO - Cur epoch 48 loss ccc:0.1115
2021-06-19 17:57:17,437 - utils.logger - INFO - Cur epoch 48 loss ccc:0.6645
2021-06-19 17:57:17,437 - utils.logger - INFO - saving the model at the end of epoch 48, iters 288
2021-06-19 17:57:17,638 - utils.logger - INFO - End of training epoch 48 / 70 	 Time Taken: 1 sec, Data loading: 0 sec
2021-06-19 17:57:17,638 - utils.logger - INFO - learning rate = 0.0000268
2021-06-19 17:57:18,406 - utils.logger - INFO - Trn result of epoch 48 / 70 mse 0.1352 rmse 0.3677 pcc 0.0412 ccc 0.0167
2021-06-19 17:57:18,669 - utils.logger - INFO - Val result of epoch 48 / 70 mse 0.1581 rmse 0.3976 pcc 0.1794 ccc 0.0655
2021-06-19 17:57:19,226 - utils.logger - INFO - Cur epoch 49 loss ccc:0.1249
2021-06-19 17:57:19,774 - utils.logger - INFO - Cur epoch 49 loss ccc:0.0989
2021-06-19 17:57:20,197 - utils.logger - INFO - Cur epoch 49 loss ccc:0.9998
2021-06-19 17:57:20,197 - utils.logger - INFO - saving the model at the end of epoch 49, iters 294
2021-06-19 17:57:20,441 - utils.logger - INFO - End of training epoch 49 / 70 	 Time Taken: 1 sec, Data loading: 0 sec
2021-06-19 17:57:20,441 - utils.logger - INFO - learning rate = 0.0000256
2021-06-19 17:57:21,185 - utils.logger - INFO - Trn result of epoch 49 / 70 mse 0.1391 rmse 0.3729 pcc 0.0466 ccc 0.0177
2021-06-19 17:57:21,513 - utils.logger - INFO - Val result of epoch 49 / 70 mse 0.1635 rmse 0.4043 pcc 0.1882 ccc 0.0632
2021-06-19 17:57:22,069 - utils.logger - INFO - Cur epoch 50 loss ccc:0.1088
2021-06-19 17:57:22,644 - utils.logger - INFO - Cur epoch 50 loss ccc:0.1284
2021-06-19 17:57:23,087 - utils.logger - INFO - Cur epoch 50 loss ccc:1.1190
2021-06-19 17:57:23,087 - utils.logger - INFO - saving the model at the end of epoch 50, iters 300
2021-06-19 17:57:23,470 - utils.logger - INFO - End of training epoch 50 / 70 	 Time Taken: 1 sec, Data loading: 0 sec
2021-06-19 17:57:23,470 - utils.logger - INFO - learning rate = 0.0000244
2021-06-19 17:57:24,255 - utils.logger - INFO - Trn result of epoch 50 / 70 mse 0.1234 rmse 0.3513 pcc 0.0494 ccc 0.0210
2021-06-19 17:57:24,548 - utils.logger - INFO - Val result of epoch 50 / 70 mse 0.1443 rmse 0.3798 pcc 0.1835 ccc 0.0690
2021-06-19 17:57:25,103 - utils.logger - INFO - Cur epoch 51 loss ccc:0.1248
2021-06-19 17:57:25,702 - utils.logger - INFO - Cur epoch 51 loss ccc:0.0693
2021-06-19 17:57:26,133 - utils.logger - INFO - Cur epoch 51 loss ccc:0.9847
2021-06-19 17:57:26,134 - utils.logger - INFO - saving the model at the end of epoch 51, iters 306
2021-06-19 17:57:26,362 - utils.logger - INFO - End of training epoch 51 / 70 	 Time Taken: 1 sec, Data loading: 0 sec
2021-06-19 17:57:26,362 - utils.logger - INFO - learning rate = 0.0000232
2021-06-19 17:57:27,202 - utils.logger - INFO - Trn result of epoch 51 / 70 mse 0.1333 rmse 0.3651 pcc 0.0416 ccc 0.0176
2021-06-19 17:57:27,469 - utils.logger - INFO - Val result of epoch 51 / 70 mse 0.1550 rmse 0.3937 pcc 0.1892 ccc 0.0720
2021-06-19 17:57:28,031 - utils.logger - INFO - Cur epoch 52 loss ccc:0.1215
2021-06-19 17:57:28,627 - utils.logger - INFO - Cur epoch 52 loss ccc:0.1218
2021-06-19 17:57:29,071 - utils.logger - INFO - Cur epoch 52 loss ccc:0.9913
2021-06-19 17:57:29,071 - utils.logger - INFO - saving the model at the end of epoch 52, iters 312
2021-06-19 17:57:29,440 - utils.logger - INFO - End of training epoch 52 / 70 	 Time Taken: 1 sec, Data loading: 0 sec
2021-06-19 17:57:29,441 - utils.logger - INFO - learning rate = 0.0000220
2021-06-19 17:57:30,259 - utils.logger - INFO - Trn result of epoch 52 / 70 mse 0.1333 rmse 0.3652 pcc 0.0511 ccc 0.0216
2021-06-19 17:57:30,536 - utils.logger - INFO - Val result of epoch 52 / 70 mse 0.1556 rmse 0.3944 pcc 0.1949 ccc 0.0734
2021-06-19 17:57:31,083 - utils.logger - INFO - Cur epoch 53 loss ccc:0.1199
2021-06-19 17:57:31,645 - utils.logger - INFO - Cur epoch 53 loss ccc:0.1142
2021-06-19 17:57:32,076 - utils.logger - INFO - Cur epoch 53 loss ccc:1.0011
2021-06-19 17:57:32,076 - utils.logger - INFO - saving the model at the end of epoch 53, iters 318
2021-06-19 17:57:32,322 - utils.logger - INFO - End of training epoch 53 / 70 	 Time Taken: 1 sec, Data loading: 0 sec
2021-06-19 17:57:32,323 - utils.logger - INFO - learning rate = 0.0000207
2021-06-19 17:57:33,082 - utils.logger - INFO - Trn result of epoch 53 / 70 mse 0.1363 rmse 0.3692 pcc 0.0507 ccc 0.0219
2021-06-19 17:57:33,342 - utils.logger - INFO - Val result of epoch 53 / 70 mse 0.1579 rmse 0.3973 pcc 0.2004 ccc 0.0775
2021-06-19 17:57:33,912 - utils.logger - INFO - Cur epoch 54 loss ccc:0.1144
2021-06-19 17:57:34,482 - utils.logger - INFO - Cur epoch 54 loss ccc:0.1211
2021-06-19 17:57:34,930 - utils.logger - INFO - Cur epoch 54 loss ccc:1.0591
2021-06-19 17:57:34,930 - utils.logger - INFO - saving the model at the end of epoch 54, iters 324
2021-06-19 17:57:35,213 - utils.logger - INFO - End of training epoch 54 / 70 	 Time Taken: 1 sec, Data loading: 0 sec
2021-06-19 17:57:35,214 - utils.logger - INFO - learning rate = 0.0000195
2021-06-19 17:57:35,999 - utils.logger - INFO - Trn result of epoch 54 / 70 mse 0.1406 rmse 0.3749 pcc 0.0482 ccc 0.0232
2021-06-19 17:57:36,260 - utils.logger - INFO - Val result of epoch 54 / 70 mse 0.1609 rmse 0.4011 pcc 0.1952 ccc 0.0871
2021-06-19 17:57:36,807 - utils.logger - INFO - Cur epoch 55 loss ccc:0.1055
2021-06-19 17:57:37,376 - utils.logger - INFO - Cur epoch 55 loss ccc:0.1226
2021-06-19 17:57:37,828 - utils.logger - INFO - Cur epoch 55 loss ccc:1.0046
2021-06-19 17:57:37,829 - utils.logger - INFO - saving the model at the end of epoch 55, iters 330
2021-06-19 17:57:38,088 - utils.logger - INFO - End of training epoch 55 / 70 	 Time Taken: 1 sec, Data loading: 0 sec
2021-06-19 17:57:38,088 - utils.logger - INFO - learning rate = 0.0000183
2021-06-19 17:57:38,847 - utils.logger - INFO - Trn result of epoch 55 / 70 mse 0.1415 rmse 0.3761 pcc 0.0441 ccc 0.0211
2021-06-19 17:57:39,109 - utils.logger - INFO - Val result of epoch 55 / 70 mse 0.1617 rmse 0.4021 pcc 0.1940 ccc 0.0856
2021-06-19 17:57:39,666 - utils.logger - INFO - Cur epoch 56 loss ccc:0.1135
2021-06-19 17:57:40,234 - utils.logger - INFO - Cur epoch 56 loss ccc:0.1358
2021-06-19 17:57:40,673 - utils.logger - INFO - Cur epoch 56 loss ccc:1.0146
2021-06-19 17:57:40,674 - utils.logger - INFO - saving the model at the end of epoch 56, iters 336
2021-06-19 17:57:40,928 - utils.logger - INFO - End of training epoch 56 / 70 	 Time Taken: 1 sec, Data loading: 0 sec
2021-06-19 17:57:40,928 - utils.logger - INFO - learning rate = 0.0000171
2021-06-19 17:57:41,675 - utils.logger - INFO - Trn result of epoch 56 / 70 mse 0.1416 rmse 0.3764 pcc 0.0450 ccc 0.0213
2021-06-19 17:57:41,932 - utils.logger - INFO - Val result of epoch 56 / 70 mse 0.1621 rmse 0.4026 pcc 0.1969 ccc 0.0851
2021-06-19 17:57:42,474 - utils.logger - INFO - Cur epoch 57 loss ccc:0.1250
2021-06-19 17:57:43,037 - utils.logger - INFO - Cur epoch 57 loss ccc:0.1288
2021-06-19 17:57:43,508 - utils.logger - INFO - Cur epoch 57 loss ccc:1.0897
2021-06-19 17:57:43,508 - utils.logger - INFO - saving the model at the end of epoch 57, iters 342
2021-06-19 17:57:43,781 - utils.logger - INFO - End of training epoch 57 / 70 	 Time Taken: 1 sec, Data loading: 0 sec
2021-06-19 17:57:43,781 - utils.logger - INFO - learning rate = 0.0000159
2021-06-19 17:57:44,581 - utils.logger - INFO - Trn result of epoch 57 / 70 mse 0.1317 rmse 0.3628 pcc 0.0611 ccc 0.0301
2021-06-19 17:57:44,843 - utils.logger - INFO - Val result of epoch 57 / 70 mse 0.1510 rmse 0.3887 pcc 0.2061 ccc 0.0910
2021-06-19 17:57:45,409 - utils.logger - INFO - Cur epoch 58 loss ccc:0.1303
2021-06-19 17:57:45,953 - utils.logger - INFO - Cur epoch 58 loss ccc:0.1039
2021-06-19 17:57:46,361 - utils.logger - INFO - Cur epoch 58 loss ccc:1.0074
2021-06-19 17:57:46,362 - utils.logger - INFO - saving the model at the end of epoch 58, iters 348
2021-06-19 17:57:46,604 - utils.logger - INFO - End of training epoch 58 / 70 	 Time Taken: 1 sec, Data loading: 0 sec
2021-06-19 17:57:46,604 - utils.logger - INFO - learning rate = 0.0000146
2021-06-19 17:57:47,350 - utils.logger - INFO - Trn result of epoch 58 / 70 mse 0.1305 rmse 0.3612 pcc 0.0665 ccc 0.0327
2021-06-19 17:57:47,605 - utils.logger - INFO - Val result of epoch 58 / 70 mse 0.1501 rmse 0.3874 pcc 0.2058 ccc 0.0898
2021-06-19 17:57:48,164 - utils.logger - INFO - Cur epoch 59 loss ccc:0.1228
2021-06-19 17:57:48,702 - utils.logger - INFO - Cur epoch 59 loss ccc:0.1210
2021-06-19 17:57:49,135 - utils.logger - INFO - Cur epoch 59 loss ccc:0.9578
2021-06-19 17:57:49,136 - utils.logger - INFO - saving the model at the end of epoch 59, iters 354
2021-06-19 17:57:49,646 - utils.logger - INFO - End of training epoch 59 / 70 	 Time Taken: 2 sec, Data loading: 0 sec
2021-06-19 17:57:49,646 - utils.logger - INFO - learning rate = 0.0000134
2021-06-19 17:57:50,384 - utils.logger - INFO - Trn result of epoch 59 / 70 mse 0.1359 rmse 0.3686 pcc 0.0555 ccc 0.0275
2021-06-19 17:57:50,644 - utils.logger - INFO - Val result of epoch 59 / 70 mse 0.1557 rmse 0.3946 pcc 0.1992 ccc 0.0881
2021-06-19 17:57:51,198 - utils.logger - INFO - Cur epoch 60 loss ccc:0.1244
2021-06-19 17:57:51,740 - utils.logger - INFO - Cur epoch 60 loss ccc:0.1326
2021-06-19 17:57:52,189 - utils.logger - INFO - Cur epoch 60 loss ccc:1.0098
2021-06-19 17:57:52,190 - utils.logger - INFO - saving the model at the end of epoch 60, iters 360
2021-06-19 17:57:52,445 - utils.logger - INFO - End of training epoch 60 / 70 	 Time Taken: 1 sec, Data loading: 0 sec
2021-06-19 17:57:52,446 - utils.logger - INFO - learning rate = 0.0000122
2021-06-19 17:57:53,235 - utils.logger - INFO - Trn result of epoch 60 / 70 mse 0.1347 rmse 0.3670 pcc 0.0618 ccc 0.0309
2021-06-19 17:57:53,512 - utils.logger - INFO - Val result of epoch 60 / 70 mse 0.1541 rmse 0.3926 pcc 0.2037 ccc 0.0901
2021-06-19 17:57:54,093 - utils.logger - INFO - Cur epoch 61 loss ccc:0.1242
2021-06-19 17:57:54,650 - utils.logger - INFO - Cur epoch 61 loss ccc:0.1001
2021-06-19 17:57:55,086 - utils.logger - INFO - Cur epoch 61 loss ccc:0.9565
2021-06-19 17:57:55,086 - utils.logger - INFO - saving the model at the end of epoch 61, iters 366
2021-06-19 17:57:55,419 - utils.logger - INFO - End of training epoch 61 / 70 	 Time Taken: 1 sec, Data loading: 0 sec
2021-06-19 17:57:55,420 - utils.logger - INFO - learning rate = 0.0000110
2021-06-19 17:57:56,217 - utils.logger - INFO - Trn result of epoch 61 / 70 mse 0.1318 rmse 0.3630 pcc 0.0645 ccc 0.0321
2021-06-19 17:57:56,490 - utils.logger - INFO - Val result of epoch 61 / 70 mse 0.1512 rmse 0.3889 pcc 0.2032 ccc 0.0897
2021-06-19 17:57:57,078 - utils.logger - INFO - Cur epoch 62 loss ccc:0.1249
2021-06-19 17:57:57,666 - utils.logger - INFO - Cur epoch 62 loss ccc:0.0836
2021-06-19 17:57:58,112 - utils.logger - INFO - Cur epoch 62 loss ccc:1.0007
2021-06-19 17:57:58,112 - utils.logger - INFO - saving the model at the end of epoch 62, iters 372
2021-06-19 17:57:58,391 - utils.logger - INFO - End of training epoch 62 / 70 	 Time Taken: 1 sec, Data loading: 0 sec
2021-06-19 17:57:58,391 - utils.logger - INFO - learning rate = 0.0000098
2021-06-19 17:57:59,170 - utils.logger - INFO - Trn result of epoch 62 / 70 mse 0.1304 rmse 0.3611 pcc 0.0666 ccc 0.0334
2021-06-19 17:57:59,438 - utils.logger - INFO - Val result of epoch 62 / 70 mse 0.1498 rmse 0.3870 pcc 0.2024 ccc 0.0902
2021-06-19 17:58:00,011 - utils.logger - INFO - Cur epoch 63 loss ccc:0.0952
2021-06-19 17:58:00,588 - utils.logger - INFO - Cur epoch 63 loss ccc:0.1070
2021-06-19 17:58:01,024 - utils.logger - INFO - Cur epoch 63 loss ccc:1.0001
2021-06-19 17:58:01,024 - utils.logger - INFO - saving the model at the end of epoch 63, iters 378
2021-06-19 17:58:01,283 - utils.logger - INFO - End of training epoch 63 / 70 	 Time Taken: 1 sec, Data loading: 0 sec
2021-06-19 17:58:01,283 - utils.logger - INFO - learning rate = 0.0000085
2021-06-19 17:58:02,086 - utils.logger - INFO - Trn result of epoch 63 / 70 mse 0.1302 rmse 0.3609 pcc 0.0618 ccc 0.0305
2021-06-19 17:58:02,441 - utils.logger - INFO - Val result of epoch 63 / 70 mse 0.1494 rmse 0.3866 pcc 0.2014 ccc 0.0881
2021-06-19 17:58:02,986 - utils.logger - INFO - Cur epoch 64 loss ccc:0.1096
2021-06-19 17:58:03,570 - utils.logger - INFO - Cur epoch 64 loss ccc:0.1286
2021-06-19 17:58:03,990 - utils.logger - INFO - Cur epoch 64 loss ccc:1.1382
2021-06-19 17:58:03,991 - utils.logger - INFO - saving the model at the end of epoch 64, iters 384
2021-06-19 17:58:04,274 - utils.logger - INFO - End of training epoch 64 / 70 	 Time Taken: 1 sec, Data loading: 0 sec
2021-06-19 17:58:04,274 - utils.logger - INFO - learning rate = 0.0000073
2021-06-19 17:58:05,029 - utils.logger - INFO - Trn result of epoch 64 / 70 mse 0.1301 rmse 0.3606 pcc 0.0643 ccc 0.0318
2021-06-19 17:58:05,298 - utils.logger - INFO - Val result of epoch 64 / 70 mse 0.1490 rmse 0.3861 pcc 0.2050 ccc 0.0897
2021-06-19 17:58:05,838 - utils.logger - INFO - Cur epoch 65 loss ccc:0.0957
2021-06-19 17:58:06,399 - utils.logger - INFO - Cur epoch 65 loss ccc:0.1339
2021-06-19 17:58:06,816 - utils.logger - INFO - Cur epoch 65 loss ccc:1.0141
2021-06-19 17:58:06,817 - utils.logger - INFO - saving the model at the end of epoch 65, iters 390
2021-06-19 17:58:07,050 - utils.logger - INFO - End of training epoch 65 / 70 	 Time Taken: 1 sec, Data loading: 0 sec
2021-06-19 17:58:07,050 - utils.logger - INFO - learning rate = 0.0000061
2021-06-19 17:58:07,813 - utils.logger - INFO - Trn result of epoch 65 / 70 mse 0.1298 rmse 0.3603 pcc 0.0655 ccc 0.0323
2021-06-19 17:58:08,073 - utils.logger - INFO - Val result of epoch 65 / 70 mse 0.1491 rmse 0.3862 pcc 0.2038 ccc 0.0884
2021-06-19 17:58:08,585 - utils.logger - INFO - Cur epoch 66 loss ccc:0.1034
2021-06-19 17:58:09,129 - utils.logger - INFO - Cur epoch 66 loss ccc:0.0991
2021-06-19 17:58:09,535 - utils.logger - INFO - Cur epoch 66 loss ccc:1.0080
2021-06-19 17:58:09,535 - utils.logger - INFO - saving the model at the end of epoch 66, iters 396
2021-06-19 17:58:09,782 - utils.logger - INFO - End of training epoch 66 / 70 	 Time Taken: 1 sec, Data loading: 0 sec
2021-06-19 17:58:09,782 - utils.logger - INFO - learning rate = 0.0000049
2021-06-19 17:58:10,539 - utils.logger - INFO - Trn result of epoch 66 / 70 mse 0.1292 rmse 0.3594 pcc 0.0659 ccc 0.0322
2021-06-19 17:58:10,790 - utils.logger - INFO - Val result of epoch 66 / 70 mse 0.1486 rmse 0.3855 pcc 0.2030 ccc 0.0864
2021-06-19 17:58:11,354 - utils.logger - INFO - Cur epoch 67 loss ccc:0.1088
2021-06-19 17:58:11,918 - utils.logger - INFO - Cur epoch 67 loss ccc:0.1107
2021-06-19 17:58:12,370 - utils.logger - INFO - Cur epoch 67 loss ccc:1.0462
2021-06-19 17:58:12,370 - utils.logger - INFO - saving the model at the end of epoch 67, iters 402
2021-06-19 17:58:12,705 - utils.logger - INFO - End of training epoch 67 / 70 	 Time Taken: 1 sec, Data loading: 0 sec
2021-06-19 17:58:12,705 - utils.logger - INFO - learning rate = 0.0000037
2021-06-19 17:58:13,485 - utils.logger - INFO - Trn result of epoch 67 / 70 mse 0.1319 rmse 0.3631 pcc 0.0654 ccc 0.0322
2021-06-19 17:58:13,769 - utils.logger - INFO - Val result of epoch 67 / 70 mse 0.1514 rmse 0.3891 pcc 0.2043 ccc 0.0879
2021-06-19 17:58:14,325 - utils.logger - INFO - Cur epoch 68 loss ccc:0.1123
2021-06-19 17:58:14,897 - utils.logger - INFO - Cur epoch 68 loss ccc:0.1053
2021-06-19 17:58:15,334 - utils.logger - INFO - Cur epoch 68 loss ccc:0.9957
2021-06-19 17:58:15,334 - utils.logger - INFO - saving the model at the end of epoch 68, iters 408
2021-06-19 17:58:15,561 - utils.logger - INFO - End of training epoch 68 / 70 	 Time Taken: 1 sec, Data loading: 0 sec
2021-06-19 17:58:15,562 - utils.logger - INFO - learning rate = 0.0000024
2021-06-19 17:58:16,320 - utils.logger - INFO - Trn result of epoch 68 / 70 mse 0.1329 rmse 0.3646 pcc 0.0637 ccc 0.0312
2021-06-19 17:58:16,582 - utils.logger - INFO - Val result of epoch 68 / 70 mse 0.1525 rmse 0.3905 pcc 0.2043 ccc 0.0875
2021-06-19 17:58:17,148 - utils.logger - INFO - Cur epoch 69 loss ccc:0.0776
2021-06-19 17:58:17,735 - utils.logger - INFO - Cur epoch 69 loss ccc:0.1181
2021-06-19 17:58:18,178 - utils.logger - INFO - Cur epoch 69 loss ccc:1.0014
2021-06-19 17:58:18,178 - utils.logger - INFO - saving the model at the end of epoch 69, iters 414
2021-06-19 17:58:18,449 - utils.logger - INFO - End of training epoch 69 / 70 	 Time Taken: 1 sec, Data loading: 0 sec
2021-06-19 17:58:18,449 - utils.logger - INFO - learning rate = 0.0000012
2021-06-19 17:58:19,281 - utils.logger - INFO - Trn result of epoch 69 / 70 mse 0.1330 rmse 0.3647 pcc 0.0645 ccc 0.0315
2021-06-19 17:58:19,596 - utils.logger - INFO - Val result of epoch 69 / 70 mse 0.1526 rmse 0.3906 pcc 0.2048 ccc 0.0876
2021-06-19 17:58:20,163 - utils.logger - INFO - Cur epoch 70 loss ccc:0.1169
2021-06-19 17:58:20,756 - utils.logger - INFO - Cur epoch 70 loss ccc:0.1351
2021-06-19 17:58:21,186 - utils.logger - INFO - Cur epoch 70 loss ccc:0.9992
2021-06-19 17:58:21,186 - utils.logger - INFO - saving the model at the end of epoch 70, iters 420
2021-06-19 17:58:21,440 - utils.logger - INFO - End of training epoch 70 / 70 	 Time Taken: 1 sec, Data loading: 0 sec
2021-06-19 17:58:21,440 - utils.logger - INFO - learning rate = 0.0000000
2021-06-19 17:58:22,246 - utils.logger - INFO - Trn result of epoch 70 / 70 mse 0.1330 rmse 0.3647 pcc 0.0647 ccc 0.0317
2021-06-19 17:58:22,513 - utils.logger - INFO - Val result of epoch 70 / 70 mse 0.1526 rmse 0.3906 pcc 0.2050 ccc 0.0877
2021-06-19 17:58:22,513 - utils.logger - INFO - Best eval epoch 57 found with ccc 0.090977
2021-06-19 17:58:22,513 - utils.logger - INFO - baseline_fcfusion_wonorm_deepspectrum-egemaps_EDA_hidden1024_seq100_lr5e-05_cccloss_run1
