2021-06-19 22:23:42,523 - utils.logger - INFO - The number of training samples = 41
2021-06-19 22:23:45,130 - utils.logger - INFO - Cur epoch 1 loss ccc:0.1242
2021-06-19 22:23:45,559 - utils.logger - INFO - Cur epoch 1 loss ccc:0.1250
2021-06-19 22:23:45,908 - utils.logger - INFO - Cur epoch 1 loss ccc:0.9835
2021-06-19 22:23:45,908 - utils.logger - INFO - saving the model at the end of epoch 1, iters 6
2021-06-19 22:23:46,143 - utils.logger - INFO - End of training epoch 1 / 70 	 Time Taken: 1 sec, Data loading: 0 sec
2021-06-19 22:23:46,143 - utils.logger - INFO - learning rate = 0.0000500
2021-06-19 22:23:46,565 - utils.logger - INFO - Trn result of epoch 1 / 70 mse 0.0439 rmse 0.2095 pcc 0.4253 ccc 0.0587
2021-06-19 22:23:46,731 - utils.logger - INFO - Val result of epoch 1 / 70 mse 0.0356 rmse 0.1887 pcc 0.4575 ccc 0.0866
2021-06-19 22:23:47,189 - utils.logger - INFO - Cur epoch 2 loss ccc:0.1148
2021-06-19 22:23:47,636 - utils.logger - INFO - Cur epoch 2 loss ccc:0.1250
2021-06-19 22:23:48,003 - utils.logger - INFO - Cur epoch 2 loss ccc:1.0634
2021-06-19 22:23:48,003 - utils.logger - INFO - saving the model at the end of epoch 2, iters 12
2021-06-19 22:23:48,203 - utils.logger - INFO - End of training epoch 2 / 70 	 Time Taken: 1 sec, Data loading: 0 sec
2021-06-19 22:23:48,204 - utils.logger - INFO - learning rate = 0.0000500
2021-06-19 22:23:48,652 - utils.logger - INFO - Trn result of epoch 2 / 70 mse 0.0459 rmse 0.2143 pcc 0.4328 ccc 0.0956
2021-06-19 22:23:48,815 - utils.logger - INFO - Val result of epoch 2 / 70 mse 0.0364 rmse 0.1909 pcc 0.4463 ccc 0.1357
2021-06-19 22:23:49,244 - utils.logger - INFO - Cur epoch 3 loss ccc:0.1271
2021-06-19 22:23:49,679 - utils.logger - INFO - Cur epoch 3 loss ccc:0.0945
2021-06-19 22:23:50,003 - utils.logger - INFO - Cur epoch 3 loss ccc:0.9987
2021-06-19 22:23:50,003 - utils.logger - INFO - saving the model at the end of epoch 3, iters 18
2021-06-19 22:23:50,301 - utils.logger - INFO - End of training epoch 3 / 70 	 Time Taken: 1 sec, Data loading: 0 sec
2021-06-19 22:23:50,302 - utils.logger - INFO - learning rate = 0.0000500
2021-06-19 22:23:50,723 - utils.logger - INFO - Trn result of epoch 3 / 70 mse 0.0488 rmse 0.2210 pcc 0.4425 ccc 0.0817
2021-06-19 22:23:50,871 - utils.logger - INFO - Val result of epoch 3 / 70 mse 0.0385 rmse 0.1962 pcc 0.4591 ccc 0.1181
2021-06-19 22:23:51,311 - utils.logger - INFO - Cur epoch 4 loss ccc:0.1213
2021-06-19 22:23:51,736 - utils.logger - INFO - Cur epoch 4 loss ccc:0.1263
2021-06-19 22:23:52,100 - utils.logger - INFO - Cur epoch 4 loss ccc:1.0151
2021-06-19 22:23:52,100 - utils.logger - INFO - saving the model at the end of epoch 4, iters 24
2021-06-19 22:23:52,356 - utils.logger - INFO - End of training epoch 4 / 70 	 Time Taken: 1 sec, Data loading: 0 sec
2021-06-19 22:23:52,356 - utils.logger - INFO - learning rate = 0.0000500
2021-06-19 22:23:52,814 - utils.logger - INFO - Trn result of epoch 4 / 70 mse 0.0571 rmse 0.2390 pcc 0.4275 ccc 0.1305
2021-06-19 22:23:52,983 - utils.logger - INFO - Val result of epoch 4 / 70 mse 0.0458 rmse 0.2140 pcc 0.4399 ccc 0.1833
2021-06-19 22:23:53,405 - utils.logger - INFO - Cur epoch 5 loss ccc:0.1249
2021-06-19 22:23:53,866 - utils.logger - INFO - Cur epoch 5 loss ccc:0.0987
2021-06-19 22:23:54,204 - utils.logger - INFO - Cur epoch 5 loss ccc:0.9928
2021-06-19 22:23:54,204 - utils.logger - INFO - saving the model at the end of epoch 5, iters 30
2021-06-19 22:23:54,528 - utils.logger - INFO - End of training epoch 5 / 70 	 Time Taken: 1 sec, Data loading: 0 sec
2021-06-19 22:23:54,529 - utils.logger - INFO - learning rate = 0.0000500
2021-06-19 22:23:55,045 - utils.logger - INFO - Trn result of epoch 5 / 70 mse 0.0545 rmse 0.2334 pcc 0.4293 ccc 0.1615
2021-06-19 22:23:55,218 - utils.logger - INFO - Val result of epoch 5 / 70 mse 0.0437 rmse 0.2090 pcc 0.4390 ccc 0.2207
2021-06-19 22:23:55,700 - utils.logger - INFO - Cur epoch 6 loss ccc:0.1297
2021-06-19 22:23:56,171 - utils.logger - INFO - Cur epoch 6 loss ccc:0.1274
2021-06-19 22:23:56,569 - utils.logger - INFO - Cur epoch 6 loss ccc:1.2006
2021-06-19 22:23:56,569 - utils.logger - INFO - saving the model at the end of epoch 6, iters 36
2021-06-19 22:23:56,820 - utils.logger - INFO - End of training epoch 6 / 70 	 Time Taken: 1 sec, Data loading: 0 sec
2021-06-19 22:23:56,820 - utils.logger - INFO - learning rate = 0.0000500
2021-06-19 22:23:57,252 - utils.logger - INFO - Trn result of epoch 6 / 70 mse 0.0700 rmse 0.2646 pcc 0.4293 ccc 0.1241
2021-06-19 22:23:57,405 - utils.logger - INFO - Val result of epoch 6 / 70 mse 0.0571 rmse 0.2389 pcc 0.4461 ccc 0.1726
2021-06-19 22:23:57,823 - utils.logger - INFO - Cur epoch 7 loss ccc:0.1250
2021-06-19 22:23:58,272 - utils.logger - INFO - Cur epoch 7 loss ccc:0.1257
2021-06-19 22:23:58,617 - utils.logger - INFO - Cur epoch 7 loss ccc:1.0062
2021-06-19 22:23:58,617 - utils.logger - INFO - saving the model at the end of epoch 7, iters 42
2021-06-19 22:23:58,882 - utils.logger - INFO - End of training epoch 7 / 70 	 Time Taken: 1 sec, Data loading: 0 sec
2021-06-19 22:23:58,882 - utils.logger - INFO - learning rate = 0.0000500
2021-06-19 22:23:59,322 - utils.logger - INFO - Trn result of epoch 7 / 70 mse 0.0630 rmse 0.2510 pcc 0.4286 ccc 0.1508
2021-06-19 22:23:59,486 - utils.logger - INFO - Val result of epoch 7 / 70 mse 0.0516 rmse 0.2272 pcc 0.4376 ccc 0.2027
2021-06-19 22:23:59,904 - utils.logger - INFO - Cur epoch 8 loss ccc:0.1125
2021-06-19 22:24:00,318 - utils.logger - INFO - Cur epoch 8 loss ccc:0.1119
2021-06-19 22:24:00,664 - utils.logger - INFO - Cur epoch 8 loss ccc:0.9960
2021-06-19 22:24:00,664 - utils.logger - INFO - saving the model at the end of epoch 8, iters 48
2021-06-19 22:24:01,031 - utils.logger - INFO - End of training epoch 8 / 70 	 Time Taken: 1 sec, Data loading: 0 sec
2021-06-19 22:24:01,031 - utils.logger - INFO - learning rate = 0.0000500
2021-06-19 22:24:01,452 - utils.logger - INFO - Trn result of epoch 8 / 70 mse 0.0667 rmse 0.2582 pcc 0.4337 ccc 0.1391
2021-06-19 22:24:01,599 - utils.logger - INFO - Val result of epoch 8 / 70 mse 0.0545 rmse 0.2334 pcc 0.4488 ccc 0.1904
2021-06-19 22:24:02,031 - utils.logger - INFO - Cur epoch 9 loss ccc:0.1250
2021-06-19 22:24:02,492 - utils.logger - INFO - Cur epoch 9 loss ccc:0.1335
2021-06-19 22:24:02,865 - utils.logger - INFO - Cur epoch 9 loss ccc:0.9975
2021-06-19 22:24:02,865 - utils.logger - INFO - saving the model at the end of epoch 9, iters 54
2021-06-19 22:24:03,117 - utils.logger - INFO - End of training epoch 9 / 70 	 Time Taken: 1 sec, Data loading: 0 sec
2021-06-19 22:24:03,117 - utils.logger - INFO - learning rate = 0.0000500
2021-06-19 22:24:03,597 - utils.logger - INFO - Trn result of epoch 9 / 70 mse 0.0644 rmse 0.2538 pcc 0.4360 ccc 0.1377
2021-06-19 22:24:03,762 - utils.logger - INFO - Val result of epoch 9 / 70 mse 0.0520 rmse 0.2279 pcc 0.4572 ccc 0.1919
2021-06-19 22:24:04,174 - utils.logger - INFO - Cur epoch 10 loss ccc:0.1180
2021-06-19 22:24:04,573 - utils.logger - INFO - Cur epoch 10 loss ccc:0.1290
2021-06-19 22:24:04,905 - utils.logger - INFO - Cur epoch 10 loss ccc:1.0287
2021-06-19 22:24:04,905 - utils.logger - INFO - saving the model at the end of epoch 10, iters 60
2021-06-19 22:24:05,151 - utils.logger - INFO - End of training epoch 10 / 70 	 Time Taken: 1 sec, Data loading: 0 sec
2021-06-19 22:24:05,151 - utils.logger - INFO - learning rate = 0.0000500
2021-06-19 22:24:05,572 - utils.logger - INFO - Trn result of epoch 10 / 70 mse 0.0661 rmse 0.2571 pcc 0.4252 ccc 0.1666
2021-06-19 22:24:05,720 - utils.logger - INFO - Val result of epoch 10 / 70 mse 0.0553 rmse 0.2352 pcc 0.4377 ccc 0.2217
2021-06-19 22:24:06,124 - utils.logger - INFO - Cur epoch 11 loss ccc:0.1175
2021-06-19 22:24:06,515 - utils.logger - INFO - Cur epoch 11 loss ccc:0.1186
2021-06-19 22:24:06,855 - utils.logger - INFO - Cur epoch 11 loss ccc:0.9838
2021-06-19 22:24:06,855 - utils.logger - INFO - saving the model at the end of epoch 11, iters 66
2021-06-19 22:24:07,091 - utils.logger - INFO - End of training epoch 11 / 70 	 Time Taken: 1 sec, Data loading: 0 sec
2021-06-19 22:24:07,091 - utils.logger - INFO - learning rate = 0.0000500
2021-06-19 22:24:07,511 - utils.logger - INFO - Trn result of epoch 11 / 70 mse 0.0551 rmse 0.2347 pcc 0.4322 ccc 0.1944
2021-06-19 22:24:07,657 - utils.logger - INFO - Val result of epoch 11 / 70 mse 0.0449 rmse 0.2119 pcc 0.4490 ccc 0.2621
2021-06-19 22:24:08,056 - utils.logger - INFO - Cur epoch 12 loss ccc:0.1089
2021-06-19 22:24:08,464 - utils.logger - INFO - Cur epoch 12 loss ccc:0.1107
2021-06-19 22:24:08,842 - utils.logger - INFO - Cur epoch 12 loss ccc:1.0061
2021-06-19 22:24:08,842 - utils.logger - INFO - saving the model at the end of epoch 12, iters 72
2021-06-19 22:24:09,092 - utils.logger - INFO - End of training epoch 12 / 70 	 Time Taken: 1 sec, Data loading: 0 sec
2021-06-19 22:24:09,092 - utils.logger - INFO - learning rate = 0.0000500
2021-06-19 22:24:09,566 - utils.logger - INFO - Trn result of epoch 12 / 70 mse 0.0542 rmse 0.2328 pcc 0.4343 ccc 0.1971
2021-06-19 22:24:09,729 - utils.logger - INFO - Val result of epoch 12 / 70 mse 0.0446 rmse 0.2111 pcc 0.4446 ccc 0.2606
2021-06-19 22:24:10,131 - utils.logger - INFO - Cur epoch 13 loss ccc:0.1319
2021-06-19 22:24:10,562 - utils.logger - INFO - Cur epoch 13 loss ccc:0.1112
2021-06-19 22:24:10,897 - utils.logger - INFO - Cur epoch 13 loss ccc:1.0026
2021-06-19 22:24:10,897 - utils.logger - INFO - saving the model at the end of epoch 13, iters 78
2021-06-19 22:24:11,102 - utils.logger - INFO - End of training epoch 13 / 70 	 Time Taken: 1 sec, Data loading: 0 sec
2021-06-19 22:24:11,103 - utils.logger - INFO - learning rate = 0.0000500
2021-06-19 22:24:11,549 - utils.logger - INFO - Trn result of epoch 13 / 70 mse 0.0514 rmse 0.2268 pcc 0.4405 ccc 0.1878
2021-06-19 22:24:11,706 - utils.logger - INFO - Val result of epoch 13 / 70 mse 0.0415 rmse 0.2038 pcc 0.4507 ccc 0.2518
2021-06-19 22:24:12,105 - utils.logger - INFO - Cur epoch 14 loss ccc:0.1245
2021-06-19 22:24:12,507 - utils.logger - INFO - Cur epoch 14 loss ccc:0.1151
2021-06-19 22:24:12,839 - utils.logger - INFO - Cur epoch 14 loss ccc:0.7667
2021-06-19 22:24:12,839 - utils.logger - INFO - saving the model at the end of epoch 14, iters 84
2021-06-19 22:24:13,050 - utils.logger - INFO - End of training epoch 14 / 70 	 Time Taken: 1 sec, Data loading: 0 sec
2021-06-19 22:24:13,050 - utils.logger - INFO - learning rate = 0.0000500
2021-06-19 22:24:13,466 - utils.logger - INFO - Trn result of epoch 14 / 70 mse 0.0484 rmse 0.2200 pcc 0.4339 ccc 0.2150
2021-06-19 22:24:13,613 - utils.logger - INFO - Val result of epoch 14 / 70 mse 0.0398 rmse 0.1996 pcc 0.4380 ccc 0.2786
2021-06-19 22:24:14,019 - utils.logger - INFO - Cur epoch 15 loss ccc:0.1335
2021-06-19 22:24:14,418 - utils.logger - INFO - Cur epoch 15 loss ccc:0.1025
2021-06-19 22:24:14,748 - utils.logger - INFO - Cur epoch 15 loss ccc:1.0201
2021-06-19 22:24:14,748 - utils.logger - INFO - saving the model at the end of epoch 15, iters 90
2021-06-19 22:24:14,993 - utils.logger - INFO - End of training epoch 15 / 70 	 Time Taken: 1 sec, Data loading: 0 sec
2021-06-19 22:24:14,994 - utils.logger - INFO - learning rate = 0.0000500
2021-06-19 22:24:15,415 - utils.logger - INFO - Trn result of epoch 15 / 70 mse 0.0563 rmse 0.2374 pcc 0.4355 ccc 0.1873
2021-06-19 22:24:15,564 - utils.logger - INFO - Val result of epoch 15 / 70 mse 0.0461 rmse 0.2148 pcc 0.4442 ccc 0.2459
2021-06-19 22:24:15,963 - utils.logger - INFO - Cur epoch 16 loss ccc:0.1123
2021-06-19 22:24:16,363 - utils.logger - INFO - Cur epoch 16 loss ccc:0.1186
2021-06-19 22:24:16,690 - utils.logger - INFO - Cur epoch 16 loss ccc:1.0026
2021-06-19 22:24:16,690 - utils.logger - INFO - saving the model at the end of epoch 16, iters 96
2021-06-19 22:24:16,924 - utils.logger - INFO - End of training epoch 16 / 70 	 Time Taken: 1 sec, Data loading: 0 sec
2021-06-19 22:24:16,925 - utils.logger - INFO - learning rate = 0.0000500
2021-06-19 22:24:17,336 - utils.logger - INFO - Trn result of epoch 16 / 70 mse 0.0535 rmse 0.2312 pcc 0.4384 ccc 0.2037
2021-06-19 22:24:17,481 - utils.logger - INFO - Val result of epoch 16 / 70 mse 0.0436 rmse 0.2089 pcc 0.4493 ccc 0.2671
2021-06-19 22:24:17,864 - utils.logger - INFO - Cur epoch 17 loss ccc:0.1250
2021-06-19 22:24:18,275 - utils.logger - INFO - Cur epoch 17 loss ccc:0.1462
2021-06-19 22:24:18,609 - utils.logger - INFO - Cur epoch 17 loss ccc:1.0000
2021-06-19 22:24:18,609 - utils.logger - INFO - saving the model at the end of epoch 17, iters 102
2021-06-19 22:24:18,848 - utils.logger - INFO - End of training epoch 17 / 70 	 Time Taken: 1 sec, Data loading: 0 sec
2021-06-19 22:24:18,849 - utils.logger - INFO - learning rate = 0.0000500
2021-06-19 22:24:19,307 - utils.logger - INFO - Trn result of epoch 17 / 70 mse 0.0549 rmse 0.2342 pcc 0.4379 ccc 0.2052
2021-06-19 22:24:19,469 - utils.logger - INFO - Val result of epoch 17 / 70 mse 0.0447 rmse 0.2115 pcc 0.4525 ccc 0.2703
2021-06-19 22:24:19,873 - utils.logger - INFO - Cur epoch 18 loss ccc:0.1185
2021-06-19 22:24:20,276 - utils.logger - INFO - Cur epoch 18 loss ccc:0.1233
2021-06-19 22:24:20,615 - utils.logger - INFO - Cur epoch 18 loss ccc:1.0000
2021-06-19 22:24:20,615 - utils.logger - INFO - saving the model at the end of epoch 18, iters 108
2021-06-19 22:24:20,860 - utils.logger - INFO - End of training epoch 18 / 70 	 Time Taken: 1 sec, Data loading: 0 sec
2021-06-19 22:24:20,860 - utils.logger - INFO - learning rate = 0.0000500
2021-06-19 22:24:21,280 - utils.logger - INFO - Trn result of epoch 18 / 70 mse 0.0566 rmse 0.2379 pcc 0.4386 ccc 0.1994
2021-06-19 22:24:21,428 - utils.logger - INFO - Val result of epoch 18 / 70 mse 0.0463 rmse 0.2152 pcc 0.4533 ccc 0.2632
2021-06-19 22:24:21,832 - utils.logger - INFO - Cur epoch 19 loss ccc:0.1025
2021-06-19 22:24:22,226 - utils.logger - INFO - Cur epoch 19 loss ccc:0.1266
2021-06-19 22:24:22,547 - utils.logger - INFO - Cur epoch 19 loss ccc:0.9962
2021-06-19 22:24:22,548 - utils.logger - INFO - saving the model at the end of epoch 19, iters 114
2021-06-19 22:24:22,953 - utils.logger - INFO - End of training epoch 19 / 70 	 Time Taken: 1 sec, Data loading: 0 sec
2021-06-19 22:24:22,954 - utils.logger - INFO - learning rate = 0.0000500
2021-06-19 22:24:23,374 - utils.logger - INFO - Trn result of epoch 19 / 70 mse 0.0581 rmse 0.2411 pcc 0.4394 ccc 0.1913
2021-06-19 22:24:23,523 - utils.logger - INFO - Val result of epoch 19 / 70 mse 0.0475 rmse 0.2179 pcc 0.4550 ccc 0.2535
2021-06-19 22:24:23,921 - utils.logger - INFO - Cur epoch 20 loss ccc:0.1249
2021-06-19 22:24:24,324 - utils.logger - INFO - Cur epoch 20 loss ccc:0.1245
2021-06-19 22:24:24,648 - utils.logger - INFO - Cur epoch 20 loss ccc:0.6247
2021-06-19 22:24:24,648 - utils.logger - INFO - saving the model at the end of epoch 20, iters 120
2021-06-19 22:24:24,889 - utils.logger - INFO - End of training epoch 20 / 70 	 Time Taken: 1 sec, Data loading: 0 sec
2021-06-19 22:24:24,889 - utils.logger - INFO - learning rate = 0.0000500
2021-06-19 22:24:25,306 - utils.logger - INFO - Trn result of epoch 20 / 70 mse 0.0636 rmse 0.2522 pcc 0.4313 ccc 0.2186
2021-06-19 22:24:25,455 - utils.logger - INFO - Val result of epoch 20 / 70 mse 0.0544 rmse 0.2333 pcc 0.4457 ccc 0.2788
2021-06-19 22:24:25,856 - utils.logger - INFO - Cur epoch 21 loss ccc:0.1278
2021-06-19 22:24:26,257 - utils.logger - INFO - Cur epoch 21 loss ccc:0.1262
2021-06-19 22:24:26,583 - utils.logger - INFO - Cur epoch 21 loss ccc:0.8660
2021-06-19 22:24:26,583 - utils.logger - INFO - saving the model at the end of epoch 21, iters 126
2021-06-19 22:24:26,820 - utils.logger - INFO - End of training epoch 21 / 70 	 Time Taken: 1 sec, Data loading: 0 sec
2021-06-19 22:24:26,820 - utils.logger - INFO - learning rate = 0.0000500
2021-06-19 22:24:27,238 - utils.logger - INFO - Trn result of epoch 21 / 70 mse 0.0585 rmse 0.2420 pcc 0.4250 ccc 0.2644
2021-06-19 22:24:27,385 - utils.logger - INFO - Val result of epoch 21 / 70 mse 0.0514 rmse 0.2267 pcc 0.4443 ccc 0.3263
2021-06-19 22:24:27,771 - utils.logger - INFO - Cur epoch 22 loss ccc:0.1205
2021-06-19 22:24:28,207 - utils.logger - INFO - Cur epoch 22 loss ccc:0.1278
2021-06-19 22:24:28,575 - utils.logger - INFO - Cur epoch 22 loss ccc:0.9895
2021-06-19 22:24:28,575 - utils.logger - INFO - saving the model at the end of epoch 22, iters 132
2021-06-19 22:24:28,816 - utils.logger - INFO - End of training epoch 22 / 70 	 Time Taken: 1 sec, Data loading: 0 sec
2021-06-19 22:24:28,816 - utils.logger - INFO - learning rate = 0.0000500
2021-06-19 22:24:29,255 - utils.logger - INFO - Trn result of epoch 22 / 70 mse 0.0504 rmse 0.2245 pcc 0.4286 ccc 0.2861
2021-06-19 22:24:29,421 - utils.logger - INFO - Val result of epoch 22 / 70 mse 0.0438 rmse 0.2092 pcc 0.4421 ccc 0.3503
2021-06-19 22:24:29,830 - utils.logger - INFO - Cur epoch 23 loss ccc:0.1135
2021-06-19 22:24:30,252 - utils.logger - INFO - Cur epoch 23 loss ccc:0.1250
2021-06-19 22:24:30,621 - utils.logger - INFO - Cur epoch 23 loss ccc:1.0010
2021-06-19 22:24:30,621 - utils.logger - INFO - saving the model at the end of epoch 23, iters 138
2021-06-19 22:24:30,866 - utils.logger - INFO - End of training epoch 23 / 70 	 Time Taken: 1 sec, Data loading: 0 sec
2021-06-19 22:24:30,866 - utils.logger - INFO - learning rate = 0.0000500
2021-06-19 22:24:31,336 - utils.logger - INFO - Trn result of epoch 23 / 70 mse 0.0459 rmse 0.2141 pcc 0.4270 ccc 0.2991
2021-06-19 22:24:31,505 - utils.logger - INFO - Val result of epoch 23 / 70 mse 0.0406 rmse 0.2015 pcc 0.4334 ccc 0.3591
2021-06-19 22:24:31,910 - utils.logger - INFO - Cur epoch 24 loss ccc:0.1213
2021-06-19 22:24:32,349 - utils.logger - INFO - Cur epoch 24 loss ccc:0.1297
2021-06-19 22:24:32,699 - utils.logger - INFO - Cur epoch 24 loss ccc:0.8992
2021-06-19 22:24:32,700 - utils.logger - INFO - saving the model at the end of epoch 24, iters 144
2021-06-19 22:24:32,944 - utils.logger - INFO - End of training epoch 24 / 70 	 Time Taken: 1 sec, Data loading: 0 sec
2021-06-19 22:24:32,944 - utils.logger - INFO - learning rate = 0.0000500
2021-06-19 22:24:33,403 - utils.logger - INFO - Trn result of epoch 24 / 70 mse 0.0470 rmse 0.2168 pcc 0.4294 ccc 0.2738
2021-06-19 22:24:33,564 - utils.logger - INFO - Val result of epoch 24 / 70 mse 0.0401 rmse 0.2002 pcc 0.4376 ccc 0.3383
2021-06-19 22:24:33,973 - utils.logger - INFO - Cur epoch 25 loss ccc:0.1281
2021-06-19 22:24:34,361 - utils.logger - INFO - Cur epoch 25 loss ccc:0.1215
2021-06-19 22:24:34,688 - utils.logger - INFO - Cur epoch 25 loss ccc:1.0940
2021-06-19 22:24:34,688 - utils.logger - INFO - saving the model at the end of epoch 25, iters 150
2021-06-19 22:24:35,075 - utils.logger - INFO - End of training epoch 25 / 70 	 Time Taken: 1 sec, Data loading: 0 sec
2021-06-19 22:24:35,075 - utils.logger - INFO - learning rate = 0.0000500
2021-06-19 22:24:35,503 - utils.logger - INFO - Trn result of epoch 25 / 70 mse 0.0366 rmse 0.1912 pcc 0.4217 ccc 0.2439
2021-06-19 22:24:35,655 - utils.logger - INFO - Val result of epoch 25 / 70 mse 0.0315 rmse 0.1775 pcc 0.4196 ccc 0.2932
2021-06-19 22:24:36,076 - utils.logger - INFO - Cur epoch 26 loss ccc:0.1194
2021-06-19 22:24:36,469 - utils.logger - INFO - Cur epoch 26 loss ccc:0.1220
2021-06-19 22:24:36,800 - utils.logger - INFO - Cur epoch 26 loss ccc:1.0146
2021-06-19 22:24:36,800 - utils.logger - INFO - saving the model at the end of epoch 26, iters 156
2021-06-19 22:24:37,049 - utils.logger - INFO - End of training epoch 26 / 70 	 Time Taken: 1 sec, Data loading: 0 sec
2021-06-19 22:24:37,049 - utils.logger - INFO - learning rate = 0.0000500
2021-06-19 22:24:37,480 - utils.logger - INFO - Trn result of epoch 26 / 70 mse 0.0377 rmse 0.1941 pcc 0.4545 ccc 0.1770
2021-06-19 22:24:37,628 - utils.logger - INFO - Val result of epoch 26 / 70 mse 0.0326 rmse 0.1805 pcc 0.4653 ccc 0.2066
2021-06-19 22:24:38,049 - utils.logger - INFO - Cur epoch 27 loss ccc:0.1131
2021-06-19 22:24:38,490 - utils.logger - INFO - Cur epoch 27 loss ccc:0.1140
2021-06-19 22:24:38,857 - utils.logger - INFO - Cur epoch 27 loss ccc:0.9996
2021-06-19 22:24:38,857 - utils.logger - INFO - saving the model at the end of epoch 27, iters 162
2021-06-19 22:24:39,102 - utils.logger - INFO - End of training epoch 27 / 70 	 Time Taken: 1 sec, Data loading: 0 sec
2021-06-19 22:24:39,102 - utils.logger - INFO - learning rate = 0.0000500
2021-06-19 22:24:39,568 - utils.logger - INFO - Trn result of epoch 27 / 70 mse 0.0371 rmse 0.1927 pcc 0.4521 ccc 0.1971
2021-06-19 22:24:39,732 - utils.logger - INFO - Val result of epoch 27 / 70 mse 0.0320 rmse 0.1789 pcc 0.4541 ccc 0.2258
2021-06-19 22:24:40,145 - utils.logger - INFO - Cur epoch 28 loss ccc:0.1254
2021-06-19 22:24:40,554 - utils.logger - INFO - Cur epoch 28 loss ccc:0.1250
2021-06-19 22:24:40,884 - utils.logger - INFO - Cur epoch 28 loss ccc:0.9938
2021-06-19 22:24:40,884 - utils.logger - INFO - saving the model at the end of epoch 28, iters 168
2021-06-19 22:24:41,145 - utils.logger - INFO - End of training epoch 28 / 70 	 Time Taken: 1 sec, Data loading: 0 sec
2021-06-19 22:24:41,146 - utils.logger - INFO - learning rate = 0.0000500
2021-06-19 22:24:41,567 - utils.logger - INFO - Trn result of epoch 28 / 70 mse 0.0409 rmse 0.2023 pcc 0.4413 ccc 0.1754
2021-06-19 22:24:41,719 - utils.logger - INFO - Val result of epoch 28 / 70 mse 0.0322 rmse 0.1794 pcc 0.4870 ccc 0.2220
2021-06-19 22:24:42,126 - utils.logger - INFO - Cur epoch 29 loss ccc:0.1117
2021-06-19 22:24:42,531 - utils.logger - INFO - Cur epoch 29 loss ccc:0.1114
2021-06-19 22:24:42,855 - utils.logger - INFO - Cur epoch 29 loss ccc:1.0504
2021-06-19 22:24:42,855 - utils.logger - INFO - saving the model at the end of epoch 29, iters 174
2021-06-19 22:24:43,267 - utils.logger - INFO - End of training epoch 29 / 70 	 Time Taken: 1 sec, Data loading: 0 sec
2021-06-19 22:24:43,267 - utils.logger - INFO - learning rate = 0.0000500
2021-06-19 22:24:43,686 - utils.logger - INFO - Trn result of epoch 29 / 70 mse 0.0409 rmse 0.2023 pcc 0.4308 ccc 0.1769
2021-06-19 22:24:43,833 - utils.logger - INFO - Val result of epoch 29 / 70 mse 0.0320 rmse 0.1789 pcc 0.4850 ccc 0.2281
2021-06-19 22:24:44,226 - utils.logger - INFO - Cur epoch 30 loss ccc:0.1007
2021-06-19 22:24:44,629 - utils.logger - INFO - Cur epoch 30 loss ccc:0.1173
2021-06-19 22:24:44,960 - utils.logger - INFO - Cur epoch 30 loss ccc:1.0075
2021-06-19 22:24:44,960 - utils.logger - INFO - saving the model at the end of epoch 30, iters 180
2021-06-19 22:24:45,277 - utils.logger - INFO - End of training epoch 30 / 70 	 Time Taken: 1 sec, Data loading: 0 sec
2021-06-19 22:24:45,277 - utils.logger - INFO - learning rate = 0.0000488
2021-06-19 22:24:45,693 - utils.logger - INFO - Trn result of epoch 30 / 70 mse 0.0404 rmse 0.2011 pcc 0.4454 ccc 0.2504
2021-06-19 22:24:45,834 - utils.logger - INFO - Val result of epoch 30 / 70 mse 0.0316 rmse 0.1777 pcc 0.4792 ccc 0.3356
2021-06-19 22:24:46,237 - utils.logger - INFO - Cur epoch 31 loss ccc:0.0901
2021-06-19 22:24:46,649 - utils.logger - INFO - Cur epoch 31 loss ccc:0.1215
2021-06-19 22:24:46,983 - utils.logger - INFO - Cur epoch 31 loss ccc:1.0000
2021-06-19 22:24:46,983 - utils.logger - INFO - saving the model at the end of epoch 31, iters 186
2021-06-19 22:24:47,172 - utils.logger - INFO - End of training epoch 31 / 70 	 Time Taken: 1 sec, Data loading: 0 sec
2021-06-19 22:24:47,172 - utils.logger - INFO - learning rate = 0.0000476
2021-06-19 22:24:47,601 - utils.logger - INFO - Trn result of epoch 31 / 70 mse 0.0386 rmse 0.1964 pcc 0.4434 ccc 0.2698
2021-06-19 22:24:47,760 - utils.logger - INFO - Val result of epoch 31 / 70 mse 0.0307 rmse 0.1753 pcc 0.4710 ccc 0.3527
2021-06-19 22:24:48,158 - utils.logger - INFO - Cur epoch 32 loss ccc:0.1304
2021-06-19 22:24:48,569 - utils.logger - INFO - Cur epoch 32 loss ccc:0.1253
2021-06-19 22:24:48,888 - utils.logger - INFO - Cur epoch 32 loss ccc:1.0130
2021-06-19 22:24:48,889 - utils.logger - INFO - saving the model at the end of epoch 32, iters 192
2021-06-19 22:24:49,080 - utils.logger - INFO - End of training epoch 32 / 70 	 Time Taken: 1 sec, Data loading: 0 sec
2021-06-19 22:24:49,080 - utils.logger - INFO - learning rate = 0.0000463
2021-06-19 22:24:49,495 - utils.logger - INFO - Trn result of epoch 32 / 70 mse 0.0369 rmse 0.1920 pcc 0.4470 ccc 0.2936
2021-06-19 22:24:49,641 - utils.logger - INFO - Val result of epoch 32 / 70 mse 0.0300 rmse 0.1731 pcc 0.4708 ccc 0.3743
2021-06-19 22:24:50,044 - utils.logger - INFO - Cur epoch 33 loss ccc:0.1093
2021-06-19 22:24:50,443 - utils.logger - INFO - Cur epoch 33 loss ccc:0.1147
2021-06-19 22:24:50,767 - utils.logger - INFO - Cur epoch 33 loss ccc:1.0000
2021-06-19 22:24:50,767 - utils.logger - INFO - saving the model at the end of epoch 33, iters 198
2021-06-19 22:24:50,971 - utils.logger - INFO - End of training epoch 33 / 70 	 Time Taken: 1 sec, Data loading: 0 sec
2021-06-19 22:24:50,971 - utils.logger - INFO - learning rate = 0.0000451
2021-06-19 22:24:51,385 - utils.logger - INFO - Trn result of epoch 33 / 70 mse 0.0459 rmse 0.2142 pcc 0.4384 ccc 0.2925
2021-06-19 22:24:51,527 - utils.logger - INFO - Val result of epoch 33 / 70 mse 0.0380 rmse 0.1948 pcc 0.4656 ccc 0.3722
2021-06-19 22:24:51,931 - utils.logger - INFO - Cur epoch 34 loss ccc:0.0975
2021-06-19 22:24:52,325 - utils.logger - INFO - Cur epoch 34 loss ccc:0.1239
2021-06-19 22:24:52,641 - utils.logger - INFO - Cur epoch 34 loss ccc:0.9981
2021-06-19 22:24:52,641 - utils.logger - INFO - saving the model at the end of epoch 34, iters 204
2021-06-19 22:24:52,989 - utils.logger - INFO - End of training epoch 34 / 70 	 Time Taken: 1 sec, Data loading: 0 sec
2021-06-19 22:24:52,989 - utils.logger - INFO - learning rate = 0.0000439
2021-06-19 22:24:53,415 - utils.logger - INFO - Trn result of epoch 34 / 70 mse 0.0426 rmse 0.2063 pcc 0.4372 ccc 0.3111
2021-06-19 22:24:53,560 - utils.logger - INFO - Val result of epoch 34 / 70 mse 0.0355 rmse 0.1885 pcc 0.4643 ccc 0.3913
2021-06-19 22:24:53,968 - utils.logger - INFO - Cur epoch 35 loss ccc:0.1250
2021-06-19 22:24:54,402 - utils.logger - INFO - Cur epoch 35 loss ccc:0.1113
2021-06-19 22:24:54,765 - utils.logger - INFO - Cur epoch 35 loss ccc:1.0111
2021-06-19 22:24:54,765 - utils.logger - INFO - saving the model at the end of epoch 35, iters 210
2021-06-19 22:24:55,008 - utils.logger - INFO - End of training epoch 35 / 70 	 Time Taken: 1 sec, Data loading: 0 sec
2021-06-19 22:24:55,009 - utils.logger - INFO - learning rate = 0.0000427
2021-06-19 22:24:55,469 - utils.logger - INFO - Trn result of epoch 35 / 70 mse 0.0428 rmse 0.2069 pcc 0.4375 ccc 0.3283
2021-06-19 22:24:55,631 - utils.logger - INFO - Val result of epoch 35 / 70 mse 0.0370 rmse 0.1923 pcc 0.4576 ccc 0.4009
2021-06-19 22:24:56,072 - utils.logger - INFO - Cur epoch 36 loss ccc:0.1212
2021-06-19 22:24:56,496 - utils.logger - INFO - Cur epoch 36 loss ccc:0.1185
2021-06-19 22:24:56,812 - utils.logger - INFO - Cur epoch 36 loss ccc:1.0009
2021-06-19 22:24:56,812 - utils.logger - INFO - saving the model at the end of epoch 36, iters 216
2021-06-19 22:24:57,165 - utils.logger - INFO - End of training epoch 36 / 70 	 Time Taken: 1 sec, Data loading: 0 sec
2021-06-19 22:24:57,165 - utils.logger - INFO - learning rate = 0.0000415
2021-06-19 22:24:57,583 - utils.logger - INFO - Trn result of epoch 36 / 70 mse 0.0388 rmse 0.1971 pcc 0.4441 ccc 0.3381
2021-06-19 22:24:57,729 - utils.logger - INFO - Val result of epoch 36 / 70 mse 0.0331 rmse 0.1819 pcc 0.4620 ccc 0.4108
2021-06-19 22:24:58,140 - utils.logger - INFO - Cur epoch 37 loss ccc:0.1245
2021-06-19 22:24:58,543 - utils.logger - INFO - Cur epoch 37 loss ccc:0.1162
2021-06-19 22:24:58,876 - utils.logger - INFO - Cur epoch 37 loss ccc:0.9999
2021-06-19 22:24:58,876 - utils.logger - INFO - saving the model at the end of epoch 37, iters 222
2021-06-19 22:24:59,116 - utils.logger - INFO - End of training epoch 37 / 70 	 Time Taken: 1 sec, Data loading: 0 sec
2021-06-19 22:24:59,117 - utils.logger - INFO - learning rate = 0.0000402
2021-06-19 22:24:59,550 - utils.logger - INFO - Trn result of epoch 37 / 70 mse 0.0376 rmse 0.1939 pcc 0.4456 ccc 0.3483
2021-06-19 22:24:59,717 - utils.logger - INFO - Val result of epoch 37 / 70 mse 0.0324 rmse 0.1800 pcc 0.4627 ccc 0.4198
2021-06-19 22:25:00,120 - utils.logger - INFO - Cur epoch 38 loss ccc:0.1250
2021-06-19 22:25:00,505 - utils.logger - INFO - Cur epoch 38 loss ccc:0.1102
2021-06-19 22:25:00,818 - utils.logger - INFO - Cur epoch 38 loss ccc:0.9232
2021-06-19 22:25:00,819 - utils.logger - INFO - saving the model at the end of epoch 38, iters 228
2021-06-19 22:25:01,066 - utils.logger - INFO - End of training epoch 38 / 70 	 Time Taken: 1 sec, Data loading: 0 sec
2021-06-19 22:25:01,066 - utils.logger - INFO - learning rate = 0.0000390
2021-06-19 22:25:01,491 - utils.logger - INFO - Trn result of epoch 38 / 70 mse 0.0368 rmse 0.1919 pcc 0.4410 ccc 0.3635
2021-06-19 22:25:01,636 - utils.logger - INFO - Val result of epoch 38 / 70 mse 0.0325 rmse 0.1803 pcc 0.4603 ccc 0.4326
2021-06-19 22:25:02,032 - utils.logger - INFO - Cur epoch 39 loss ccc:0.1187
2021-06-19 22:25:02,413 - utils.logger - INFO - Cur epoch 39 loss ccc:0.1241
2021-06-19 22:25:02,746 - utils.logger - INFO - Cur epoch 39 loss ccc:1.0013
2021-06-19 22:25:02,746 - utils.logger - INFO - saving the model at the end of epoch 39, iters 234
2021-06-19 22:25:02,979 - utils.logger - INFO - End of training epoch 39 / 70 	 Time Taken: 1 sec, Data loading: 0 sec
2021-06-19 22:25:02,979 - utils.logger - INFO - learning rate = 0.0000378
2021-06-19 22:25:03,406 - utils.logger - INFO - Trn result of epoch 39 / 70 mse 0.0361 rmse 0.1901 pcc 0.4424 ccc 0.3643
2021-06-19 22:25:03,552 - utils.logger - INFO - Val result of epoch 39 / 70 mse 0.0317 rmse 0.1782 pcc 0.4640 ccc 0.4339
2021-06-19 22:25:03,945 - utils.logger - INFO - Cur epoch 40 loss ccc:0.1100
2021-06-19 22:25:04,322 - utils.logger - INFO - Cur epoch 40 loss ccc:0.1191
2021-06-19 22:25:04,657 - utils.logger - INFO - Cur epoch 40 loss ccc:0.8736
2021-06-19 22:25:04,658 - utils.logger - INFO - saving the model at the end of epoch 40, iters 240
2021-06-19 22:25:04,914 - utils.logger - INFO - End of training epoch 40 / 70 	 Time Taken: 1 sec, Data loading: 0 sec
2021-06-19 22:25:04,914 - utils.logger - INFO - learning rate = 0.0000366
2021-06-19 22:25:05,382 - utils.logger - INFO - Trn result of epoch 40 / 70 mse 0.0486 rmse 0.2204 pcc 0.4299 ccc 0.3380
2021-06-19 22:25:05,547 - utils.logger - INFO - Val result of epoch 40 / 70 mse 0.0424 rmse 0.2060 pcc 0.4632 ccc 0.4123
2021-06-19 22:25:05,963 - utils.logger - INFO - Cur epoch 41 loss ccc:0.1181
2021-06-19 22:25:06,378 - utils.logger - INFO - Cur epoch 41 loss ccc:0.1113
2021-06-19 22:25:06,709 - utils.logger - INFO - Cur epoch 41 loss ccc:0.9986
2021-06-19 22:25:06,709 - utils.logger - INFO - saving the model at the end of epoch 41, iters 246
2021-06-19 22:25:07,196 - utils.logger - INFO - End of training epoch 41 / 70 	 Time Taken: 1 sec, Data loading: 0 sec
2021-06-19 22:25:07,196 - utils.logger - INFO - learning rate = 0.0000354
2021-06-19 22:25:07,619 - utils.logger - INFO - Trn result of epoch 41 / 70 mse 0.0421 rmse 0.2052 pcc 0.4325 ccc 0.3654
2021-06-19 22:25:07,770 - utils.logger - INFO - Val result of epoch 41 / 70 mse 0.0376 rmse 0.1940 pcc 0.4597 ccc 0.4341
2021-06-19 22:25:08,191 - utils.logger - INFO - Cur epoch 42 loss ccc:0.1045
2021-06-19 22:25:08,605 - utils.logger - INFO - Cur epoch 42 loss ccc:0.1237
2021-06-19 22:25:08,936 - utils.logger - INFO - Cur epoch 42 loss ccc:1.0073
2021-06-19 22:25:08,936 - utils.logger - INFO - saving the model at the end of epoch 42, iters 252
2021-06-19 22:25:09,169 - utils.logger - INFO - End of training epoch 42 / 70 	 Time Taken: 1 sec, Data loading: 0 sec
2021-06-19 22:25:09,170 - utils.logger - INFO - learning rate = 0.0000341
2021-06-19 22:25:09,601 - utils.logger - INFO - Trn result of epoch 42 / 70 mse 0.0414 rmse 0.2035 pcc 0.4349 ccc 0.3593
2021-06-19 22:25:09,749 - utils.logger - INFO - Val result of epoch 42 / 70 mse 0.0361 rmse 0.1900 pcc 0.4641 ccc 0.4338
2021-06-19 22:25:10,171 - utils.logger - INFO - Cur epoch 43 loss ccc:0.1283
2021-06-19 22:25:10,587 - utils.logger - INFO - Cur epoch 43 loss ccc:0.1229
2021-06-19 22:25:10,951 - utils.logger - INFO - Cur epoch 43 loss ccc:1.1035
2021-06-19 22:25:10,951 - utils.logger - INFO - saving the model at the end of epoch 43, iters 258
2021-06-19 22:25:11,191 - utils.logger - INFO - End of training epoch 43 / 70 	 Time Taken: 1 sec, Data loading: 0 sec
2021-06-19 22:25:11,191 - utils.logger - INFO - learning rate = 0.0000329
2021-06-19 22:25:11,617 - utils.logger - INFO - Trn result of epoch 43 / 70 mse 0.0386 rmse 0.1963 pcc 0.4431 ccc 0.3523
2021-06-19 22:25:11,768 - utils.logger - INFO - Val result of epoch 43 / 70 mse 0.0327 rmse 0.1809 pcc 0.4676 ccc 0.4280
2021-06-19 22:25:12,181 - utils.logger - INFO - Cur epoch 44 loss ccc:0.1256
2021-06-19 22:25:12,593 - utils.logger - INFO - Cur epoch 44 loss ccc:0.0983
2021-06-19 22:25:12,936 - utils.logger - INFO - Cur epoch 44 loss ccc:0.9987
2021-06-19 22:25:12,936 - utils.logger - INFO - saving the model at the end of epoch 44, iters 264
2021-06-19 22:25:13,169 - utils.logger - INFO - End of training epoch 44 / 70 	 Time Taken: 1 sec, Data loading: 0 sec
2021-06-19 22:25:13,169 - utils.logger - INFO - learning rate = 0.0000317
2021-06-19 22:25:13,589 - utils.logger - INFO - Trn result of epoch 44 / 70 mse 0.0392 rmse 0.1979 pcc 0.4402 ccc 0.3442
2021-06-19 22:25:13,749 - utils.logger - INFO - Val result of epoch 44 / 70 mse 0.0327 rmse 0.1809 pcc 0.4686 ccc 0.4236
2021-06-19 22:25:14,180 - utils.logger - INFO - Cur epoch 45 loss ccc:0.1263
2021-06-19 22:25:14,614 - utils.logger - INFO - Cur epoch 45 loss ccc:0.1251
2021-06-19 22:25:14,967 - utils.logger - INFO - Cur epoch 45 loss ccc:0.9930
2021-06-19 22:25:14,968 - utils.logger - INFO - saving the model at the end of epoch 45, iters 270
2021-06-19 22:25:15,202 - utils.logger - INFO - End of training epoch 45 / 70 	 Time Taken: 1 sec, Data loading: 0 sec
2021-06-19 22:25:15,202 - utils.logger - INFO - learning rate = 0.0000305
2021-06-19 22:25:15,641 - utils.logger - INFO - Trn result of epoch 45 / 70 mse 0.0388 rmse 0.1969 pcc 0.4404 ccc 0.3485
2021-06-19 22:25:15,796 - utils.logger - INFO - Val result of epoch 45 / 70 mse 0.0326 rmse 0.1806 pcc 0.4683 ccc 0.4267
2021-06-19 22:25:16,241 - utils.logger - INFO - Cur epoch 46 loss ccc:0.1029
2021-06-19 22:25:16,678 - utils.logger - INFO - Cur epoch 46 loss ccc:0.1187
2021-06-19 22:25:17,035 - utils.logger - INFO - Cur epoch 46 loss ccc:0.9542
2021-06-19 22:25:17,035 - utils.logger - INFO - saving the model at the end of epoch 46, iters 276
2021-06-19 22:25:17,271 - utils.logger - INFO - End of training epoch 46 / 70 	 Time Taken: 1 sec, Data loading: 0 sec
2021-06-19 22:25:17,271 - utils.logger - INFO - learning rate = 0.0000293
2021-06-19 22:25:17,736 - utils.logger - INFO - Trn result of epoch 46 / 70 mse 0.0450 rmse 0.2122 pcc 0.4323 ccc 0.3452
2021-06-19 22:25:17,896 - utils.logger - INFO - Val result of epoch 46 / 70 mse 0.0402 rmse 0.2004 pcc 0.4553 ccc 0.4138
2021-06-19 22:25:18,271 - utils.logger - INFO - Cur epoch 47 loss ccc:0.1176
2021-06-19 22:25:18,691 - utils.logger - INFO - Cur epoch 47 loss ccc:0.1103
2021-06-19 22:25:19,037 - utils.logger - INFO - Cur epoch 47 loss ccc:0.9999
2021-06-19 22:25:19,037 - utils.logger - INFO - saving the model at the end of epoch 47, iters 282
2021-06-19 22:25:19,305 - utils.logger - INFO - End of training epoch 47 / 70 	 Time Taken: 1 sec, Data loading: 0 sec
2021-06-19 22:25:19,305 - utils.logger - INFO - learning rate = 0.0000280
2021-06-19 22:25:19,737 - utils.logger - INFO - Trn result of epoch 47 / 70 mse 0.0447 rmse 0.2114 pcc 0.4384 ccc 0.3404
2021-06-19 22:25:19,896 - utils.logger - INFO - Val result of epoch 47 / 70 mse 0.0394 rmse 0.1984 pcc 0.4592 ccc 0.4106
2021-06-19 22:25:20,312 - utils.logger - INFO - Cur epoch 48 loss ccc:0.1203
2021-06-19 22:25:20,708 - utils.logger - INFO - Cur epoch 48 loss ccc:0.1294
2021-06-19 22:25:21,045 - utils.logger - INFO - Cur epoch 48 loss ccc:1.0095
2021-06-19 22:25:21,045 - utils.logger - INFO - saving the model at the end of epoch 48, iters 288
2021-06-19 22:25:21,353 - utils.logger - INFO - End of training epoch 48 / 70 	 Time Taken: 1 sec, Data loading: 0 sec
2021-06-19 22:25:21,353 - utils.logger - INFO - learning rate = 0.0000268
2021-06-19 22:25:21,772 - utils.logger - INFO - Trn result of epoch 48 / 70 mse 0.0455 rmse 0.2132 pcc 0.4359 ccc 0.3339
2021-06-19 22:25:21,924 - utils.logger - INFO - Val result of epoch 48 / 70 mse 0.0402 rmse 0.2005 pcc 0.4548 ccc 0.4030
2021-06-19 22:25:22,332 - utils.logger - INFO - Cur epoch 49 loss ccc:0.1258
2021-06-19 22:25:22,741 - utils.logger - INFO - Cur epoch 49 loss ccc:0.1267
2021-06-19 22:25:23,081 - utils.logger - INFO - Cur epoch 49 loss ccc:1.0043
2021-06-19 22:25:23,081 - utils.logger - INFO - saving the model at the end of epoch 49, iters 294
2021-06-19 22:25:23,331 - utils.logger - INFO - End of training epoch 49 / 70 	 Time Taken: 1 sec, Data loading: 0 sec
2021-06-19 22:25:23,331 - utils.logger - INFO - learning rate = 0.0000256
2021-06-19 22:25:23,812 - utils.logger - INFO - Trn result of epoch 49 / 70 mse 0.0417 rmse 0.2043 pcc 0.4387 ccc 0.3576
2021-06-19 22:25:23,979 - utils.logger - INFO - Val result of epoch 49 / 70 mse 0.0375 rmse 0.1936 pcc 0.4575 ccc 0.4249
2021-06-19 22:25:24,375 - utils.logger - INFO - Cur epoch 50 loss ccc:0.1032
2021-06-19 22:25:24,819 - utils.logger - INFO - Cur epoch 50 loss ccc:0.1182
2021-06-19 22:25:25,206 - utils.logger - INFO - Cur epoch 50 loss ccc:1.0367
2021-06-19 22:25:25,207 - utils.logger - INFO - saving the model at the end of epoch 50, iters 300
2021-06-19 22:25:25,447 - utils.logger - INFO - End of training epoch 50 / 70 	 Time Taken: 1 sec, Data loading: 0 sec
2021-06-19 22:25:25,447 - utils.logger - INFO - learning rate = 0.0000244
2021-06-19 22:25:25,882 - utils.logger - INFO - Trn result of epoch 50 / 70 mse 0.0398 rmse 0.1996 pcc 0.4441 ccc 0.3250
2021-06-19 22:25:26,034 - utils.logger - INFO - Val result of epoch 50 / 70 mse 0.0325 rmse 0.1803 pcc 0.4729 ccc 0.4107
2021-06-19 22:25:26,441 - utils.logger - INFO - Cur epoch 51 loss ccc:0.1291
2021-06-19 22:25:26,849 - utils.logger - INFO - Cur epoch 51 loss ccc:0.1036
2021-06-19 22:25:27,168 - utils.logger - INFO - Cur epoch 51 loss ccc:0.9537
2021-06-19 22:25:27,169 - utils.logger - INFO - saving the model at the end of epoch 51, iters 306
2021-06-19 22:25:27,401 - utils.logger - INFO - End of training epoch 51 / 70 	 Time Taken: 1 sec, Data loading: 0 sec
2021-06-19 22:25:27,402 - utils.logger - INFO - learning rate = 0.0000232
2021-06-19 22:25:27,822 - utils.logger - INFO - Trn result of epoch 51 / 70 mse 0.0386 rmse 0.1965 pcc 0.4428 ccc 0.3356
2021-06-19 22:25:27,972 - utils.logger - INFO - Val result of epoch 51 / 70 mse 0.0319 rmse 0.1785 pcc 0.4715 ccc 0.4200
2021-06-19 22:25:28,371 - utils.logger - INFO - Cur epoch 52 loss ccc:0.1250
2021-06-19 22:25:28,772 - utils.logger - INFO - Cur epoch 52 loss ccc:0.1116
2021-06-19 22:25:29,101 - utils.logger - INFO - Cur epoch 52 loss ccc:1.0056
2021-06-19 22:25:29,102 - utils.logger - INFO - saving the model at the end of epoch 52, iters 312
2021-06-19 22:25:29,340 - utils.logger - INFO - End of training epoch 52 / 70 	 Time Taken: 1 sec, Data loading: 0 sec
2021-06-19 22:25:29,341 - utils.logger - INFO - learning rate = 0.0000220
2021-06-19 22:25:29,802 - utils.logger - INFO - Trn result of epoch 52 / 70 mse 0.0392 rmse 0.1980 pcc 0.4347 ccc 0.3551
2021-06-19 22:25:29,968 - utils.logger - INFO - Val result of epoch 52 / 70 mse 0.0341 rmse 0.1847 pcc 0.4591 ccc 0.4300
2021-06-19 22:25:30,393 - utils.logger - INFO - Cur epoch 53 loss ccc:0.1255
2021-06-19 22:25:30,816 - utils.logger - INFO - Cur epoch 53 loss ccc:0.1215
2021-06-19 22:25:31,162 - utils.logger - INFO - Cur epoch 53 loss ccc:1.0000
2021-06-19 22:25:31,162 - utils.logger - INFO - saving the model at the end of epoch 53, iters 318
2021-06-19 22:25:31,402 - utils.logger - INFO - End of training epoch 53 / 70 	 Time Taken: 1 sec, Data loading: 0 sec
2021-06-19 22:25:31,402 - utils.logger - INFO - learning rate = 0.0000207
2021-06-19 22:25:31,849 - utils.logger - INFO - Trn result of epoch 53 / 70 mse 0.0409 rmse 0.2023 pcc 0.4340 ccc 0.3461
2021-06-19 22:25:32,011 - utils.logger - INFO - Val result of epoch 53 / 70 mse 0.0354 rmse 0.1881 pcc 0.4604 ccc 0.4237
2021-06-19 22:25:32,450 - utils.logger - INFO - Cur epoch 54 loss ccc:0.1084
2021-06-19 22:25:32,879 - utils.logger - INFO - Cur epoch 54 loss ccc:0.1246
2021-06-19 22:25:33,205 - utils.logger - INFO - Cur epoch 54 loss ccc:1.0154
2021-06-19 22:25:33,205 - utils.logger - INFO - saving the model at the end of epoch 54, iters 324
2021-06-19 22:25:33,441 - utils.logger - INFO - End of training epoch 54 / 70 	 Time Taken: 1 sec, Data loading: 0 sec
2021-06-19 22:25:33,442 - utils.logger - INFO - learning rate = 0.0000195
2021-06-19 22:25:33,855 - utils.logger - INFO - Trn result of epoch 54 / 70 mse 0.0416 rmse 0.2039 pcc 0.4298 ccc 0.3667
2021-06-19 22:25:33,999 - utils.logger - INFO - Val result of epoch 54 / 70 mse 0.0378 rmse 0.1945 pcc 0.4547 ccc 0.4335
2021-06-19 22:25:34,393 - utils.logger - INFO - Cur epoch 55 loss ccc:0.1091
2021-06-19 22:25:34,794 - utils.logger - INFO - Cur epoch 55 loss ccc:0.1292
2021-06-19 22:25:35,128 - utils.logger - INFO - Cur epoch 55 loss ccc:0.8310
2021-06-19 22:25:35,128 - utils.logger - INFO - saving the model at the end of epoch 55, iters 330
2021-06-19 22:25:35,356 - utils.logger - INFO - End of training epoch 55 / 70 	 Time Taken: 1 sec, Data loading: 0 sec
2021-06-19 22:25:35,357 - utils.logger - INFO - learning rate = 0.0000183
2021-06-19 22:25:35,777 - utils.logger - INFO - Trn result of epoch 55 / 70 mse 0.0402 rmse 0.2005 pcc 0.4353 ccc 0.3645
2021-06-19 22:25:35,925 - utils.logger - INFO - Val result of epoch 55 / 70 mse 0.0354 rmse 0.1882 pcc 0.4627 ccc 0.4388
2021-06-19 22:25:36,315 - utils.logger - INFO - Cur epoch 56 loss ccc:0.1236
2021-06-19 22:25:36,716 - utils.logger - INFO - Cur epoch 56 loss ccc:0.1280
2021-06-19 22:25:37,034 - utils.logger - INFO - Cur epoch 56 loss ccc:1.0038
2021-06-19 22:25:37,034 - utils.logger - INFO - saving the model at the end of epoch 56, iters 336
2021-06-19 22:25:37,283 - utils.logger - INFO - End of training epoch 56 / 70 	 Time Taken: 1 sec, Data loading: 0 sec
2021-06-19 22:25:37,283 - utils.logger - INFO - learning rate = 0.0000171
2021-06-19 22:25:37,716 - utils.logger - INFO - Trn result of epoch 56 / 70 mse 0.0388 rmse 0.1971 pcc 0.4382 ccc 0.3557
2021-06-19 22:25:37,863 - utils.logger - INFO - Val result of epoch 56 / 70 mse 0.0331 rmse 0.1819 pcc 0.4674 ccc 0.4356
2021-06-19 22:25:38,290 - utils.logger - INFO - Cur epoch 57 loss ccc:0.1206
2021-06-19 22:25:38,732 - utils.logger - INFO - Cur epoch 57 loss ccc:0.1078
2021-06-19 22:25:39,074 - utils.logger - INFO - Cur epoch 57 loss ccc:0.6428
2021-06-19 22:25:39,074 - utils.logger - INFO - saving the model at the end of epoch 57, iters 342
2021-06-19 22:25:39,310 - utils.logger - INFO - End of training epoch 57 / 70 	 Time Taken: 1 sec, Data loading: 0 sec
2021-06-19 22:25:39,310 - utils.logger - INFO - learning rate = 0.0000159
2021-06-19 22:25:39,743 - utils.logger - INFO - Trn result of epoch 57 / 70 mse 0.0403 rmse 0.2007 pcc 0.4360 ccc 0.3666
2021-06-19 22:25:39,908 - utils.logger - INFO - Val result of epoch 57 / 70 mse 0.0355 rmse 0.1884 pcc 0.4643 ccc 0.4408
2021-06-19 22:25:40,324 - utils.logger - INFO - Cur epoch 58 loss ccc:0.1144
2021-06-19 22:25:40,731 - utils.logger - INFO - Cur epoch 58 loss ccc:0.1244
2021-06-19 22:25:41,056 - utils.logger - INFO - Cur epoch 58 loss ccc:0.9935
2021-06-19 22:25:41,056 - utils.logger - INFO - saving the model at the end of epoch 58, iters 348
2021-06-19 22:25:41,468 - utils.logger - INFO - End of training epoch 58 / 70 	 Time Taken: 1 sec, Data loading: 0 sec
2021-06-19 22:25:41,469 - utils.logger - INFO - learning rate = 0.0000146
2021-06-19 22:25:41,889 - utils.logger - INFO - Trn result of epoch 58 / 70 mse 0.0454 rmse 0.2130 pcc 0.4308 ccc 0.3525
2021-06-19 22:25:42,036 - utils.logger - INFO - Val result of epoch 58 / 70 mse 0.0400 rmse 0.2001 pcc 0.4620 ccc 0.4260
2021-06-19 22:25:42,459 - utils.logger - INFO - Cur epoch 59 loss ccc:0.1196
2021-06-19 22:25:42,860 - utils.logger - INFO - Cur epoch 59 loss ccc:0.1247
2021-06-19 22:25:43,188 - utils.logger - INFO - Cur epoch 59 loss ccc:0.9978
2021-06-19 22:25:43,188 - utils.logger - INFO - saving the model at the end of epoch 59, iters 354
2021-06-19 22:25:43,428 - utils.logger - INFO - End of training epoch 59 / 70 	 Time Taken: 1 sec, Data loading: 0 sec
2021-06-19 22:25:43,428 - utils.logger - INFO - learning rate = 0.0000134
2021-06-19 22:25:43,852 - utils.logger - INFO - Trn result of epoch 59 / 70 mse 0.0446 rmse 0.2112 pcc 0.4321 ccc 0.3544
2021-06-19 22:25:44,001 - utils.logger - INFO - Val result of epoch 59 / 70 mse 0.0392 rmse 0.1980 pcc 0.4642 ccc 0.4298
2021-06-19 22:25:44,423 - utils.logger - INFO - Cur epoch 60 loss ccc:0.1115
2021-06-19 22:25:44,850 - utils.logger - INFO - Cur epoch 60 loss ccc:0.1209
2021-06-19 22:25:45,181 - utils.logger - INFO - Cur epoch 60 loss ccc:1.0039
2021-06-19 22:25:45,181 - utils.logger - INFO - saving the model at the end of epoch 60, iters 360
2021-06-19 22:25:45,670 - utils.logger - INFO - End of training epoch 60 / 70 	 Time Taken: 1 sec, Data loading: 0 sec
2021-06-19 22:25:45,670 - utils.logger - INFO - learning rate = 0.0000122
2021-06-19 22:25:46,098 - utils.logger - INFO - Trn result of epoch 60 / 70 mse 0.0445 rmse 0.2109 pcc 0.4295 ccc 0.3581
2021-06-19 22:25:46,243 - utils.logger - INFO - Val result of epoch 60 / 70 mse 0.0393 rmse 0.1981 pcc 0.4621 ccc 0.4318
2021-06-19 22:25:46,678 - utils.logger - INFO - Cur epoch 61 loss ccc:0.1213
2021-06-19 22:25:47,086 - utils.logger - INFO - Cur epoch 61 loss ccc:0.1221
2021-06-19 22:25:47,419 - utils.logger - INFO - Cur epoch 61 loss ccc:0.9638
2021-06-19 22:25:47,419 - utils.logger - INFO - saving the model at the end of epoch 61, iters 366
2021-06-19 22:25:47,669 - utils.logger - INFO - End of training epoch 61 / 70 	 Time Taken: 1 sec, Data loading: 0 sec
2021-06-19 22:25:47,669 - utils.logger - INFO - learning rate = 0.0000110
2021-06-19 22:25:48,091 - utils.logger - INFO - Trn result of epoch 61 / 70 mse 0.0459 rmse 0.2143 pcc 0.4288 ccc 0.3551
2021-06-19 22:25:48,234 - utils.logger - INFO - Val result of epoch 61 / 70 mse 0.0403 rmse 0.2008 pcc 0.4641 ccc 0.4307
2021-06-19 22:25:48,642 - utils.logger - INFO - Cur epoch 62 loss ccc:0.1176
2021-06-19 22:25:49,051 - utils.logger - INFO - Cur epoch 62 loss ccc:0.1300
2021-06-19 22:25:49,401 - utils.logger - INFO - Cur epoch 62 loss ccc:0.9959
2021-06-19 22:25:49,401 - utils.logger - INFO - saving the model at the end of epoch 62, iters 372
2021-06-19 22:25:49,644 - utils.logger - INFO - End of training epoch 62 / 70 	 Time Taken: 1 sec, Data loading: 0 sec
2021-06-19 22:25:49,644 - utils.logger - INFO - learning rate = 0.0000098
2021-06-19 22:25:50,117 - utils.logger - INFO - Trn result of epoch 62 / 70 mse 0.0453 rmse 0.2129 pcc 0.4277 ccc 0.3615
2021-06-19 22:25:50,285 - utils.logger - INFO - Val result of epoch 62 / 70 mse 0.0402 rmse 0.2005 pcc 0.4638 ccc 0.4356
2021-06-19 22:25:50,723 - utils.logger - INFO - Cur epoch 63 loss ccc:0.1250
2021-06-19 22:25:51,151 - utils.logger - INFO - Cur epoch 63 loss ccc:0.1208
2021-06-19 22:25:51,507 - utils.logger - INFO - Cur epoch 63 loss ccc:1.0544
2021-06-19 22:25:51,507 - utils.logger - INFO - saving the model at the end of epoch 63, iters 378
2021-06-19 22:25:51,748 - utils.logger - INFO - End of training epoch 63 / 70 	 Time Taken: 1 sec, Data loading: 0 sec
2021-06-19 22:25:51,749 - utils.logger - INFO - learning rate = 0.0000085
2021-06-19 22:25:52,173 - utils.logger - INFO - Trn result of epoch 63 / 70 mse 0.0460 rmse 0.2146 pcc 0.4258 ccc 0.3561
2021-06-19 22:25:52,324 - utils.logger - INFO - Val result of epoch 63 / 70 mse 0.0407 rmse 0.2018 pcc 0.4626 ccc 0.4315
2021-06-19 22:25:52,736 - utils.logger - INFO - Cur epoch 64 loss ccc:0.1167
2021-06-19 22:25:53,152 - utils.logger - INFO - Cur epoch 64 loss ccc:0.1201
2021-06-19 22:25:53,489 - utils.logger - INFO - Cur epoch 64 loss ccc:0.9926
2021-06-19 22:25:53,489 - utils.logger - INFO - saving the model at the end of epoch 64, iters 384
2021-06-19 22:25:53,723 - utils.logger - INFO - End of training epoch 64 / 70 	 Time Taken: 1 sec, Data loading: 0 sec
2021-06-19 22:25:53,723 - utils.logger - INFO - learning rate = 0.0000073
2021-06-19 22:25:54,145 - utils.logger - INFO - Trn result of epoch 64 / 70 mse 0.0442 rmse 0.2101 pcc 0.4270 ccc 0.3640
2021-06-19 22:25:54,293 - utils.logger - INFO - Val result of epoch 64 / 70 mse 0.0392 rmse 0.1981 pcc 0.4624 ccc 0.4380
2021-06-19 22:25:54,705 - utils.logger - INFO - Cur epoch 65 loss ccc:0.1199
2021-06-19 22:25:55,112 - utils.logger - INFO - Cur epoch 65 loss ccc:0.1116
2021-06-19 22:25:55,457 - utils.logger - INFO - Cur epoch 65 loss ccc:0.9994
2021-06-19 22:25:55,457 - utils.logger - INFO - saving the model at the end of epoch 65, iters 390
2021-06-19 22:25:55,692 - utils.logger - INFO - End of training epoch 65 / 70 	 Time Taken: 1 sec, Data loading: 0 sec
2021-06-19 22:25:55,692 - utils.logger - INFO - learning rate = 0.0000061
2021-06-19 22:25:56,136 - utils.logger - INFO - Trn result of epoch 65 / 70 mse 0.0427 rmse 0.2067 pcc 0.4279 ccc 0.3748
2021-06-19 22:25:56,298 - utils.logger - INFO - Val result of epoch 65 / 70 mse 0.0384 rmse 0.1959 pcc 0.4632 ccc 0.4466
2021-06-19 22:25:56,727 - utils.logger - INFO - Cur epoch 66 loss ccc:0.1228
2021-06-19 22:25:57,140 - utils.logger - INFO - Cur epoch 66 loss ccc:0.1246
2021-06-19 22:25:57,485 - utils.logger - INFO - Cur epoch 66 loss ccc:0.9863
2021-06-19 22:25:57,486 - utils.logger - INFO - saving the model at the end of epoch 66, iters 396
2021-06-19 22:25:57,720 - utils.logger - INFO - End of training epoch 66 / 70 	 Time Taken: 1 sec, Data loading: 0 sec
2021-06-19 22:25:57,721 - utils.logger - INFO - learning rate = 0.0000049
2021-06-19 22:25:58,134 - utils.logger - INFO - Trn result of epoch 66 / 70 mse 0.0424 rmse 0.2059 pcc 0.4279 ccc 0.3770
2021-06-19 22:25:58,281 - utils.logger - INFO - Val result of epoch 66 / 70 mse 0.0382 rmse 0.1955 pcc 0.4631 ccc 0.4481
2021-06-19 22:25:58,696 - utils.logger - INFO - Cur epoch 67 loss ccc:0.1166
2021-06-19 22:25:59,136 - utils.logger - INFO - Cur epoch 67 loss ccc:0.1179
2021-06-19 22:25:59,496 - utils.logger - INFO - Cur epoch 67 loss ccc:1.0430
2021-06-19 22:25:59,497 - utils.logger - INFO - saving the model at the end of epoch 67, iters 402
2021-06-19 22:25:59,732 - utils.logger - INFO - End of training epoch 67 / 70 	 Time Taken: 1 sec, Data loading: 0 sec
2021-06-19 22:25:59,733 - utils.logger - INFO - learning rate = 0.0000037
2021-06-19 22:26:00,195 - utils.logger - INFO - Trn result of epoch 67 / 70 mse 0.0424 rmse 0.2059 pcc 0.4281 ccc 0.3770
2021-06-19 22:26:00,362 - utils.logger - INFO - Val result of epoch 67 / 70 mse 0.0382 rmse 0.1955 pcc 0.4629 ccc 0.4477
2021-06-19 22:26:00,781 - utils.logger - INFO - Cur epoch 68 loss ccc:0.1276
2021-06-19 22:26:01,200 - utils.logger - INFO - Cur epoch 68 loss ccc:0.1086
2021-06-19 22:26:01,535 - utils.logger - INFO - Cur epoch 68 loss ccc:1.0021
2021-06-19 22:26:01,536 - utils.logger - INFO - saving the model at the end of epoch 68, iters 408
2021-06-19 22:26:01,772 - utils.logger - INFO - End of training epoch 68 / 70 	 Time Taken: 1 sec, Data loading: 0 sec
2021-06-19 22:26:01,772 - utils.logger - INFO - learning rate = 0.0000024
2021-06-19 22:26:02,189 - utils.logger - INFO - Trn result of epoch 68 / 70 mse 0.0421 rmse 0.2052 pcc 0.4289 ccc 0.3779
2021-06-19 22:26:02,337 - utils.logger - INFO - Val result of epoch 68 / 70 mse 0.0379 rmse 0.1948 pcc 0.4632 ccc 0.4484
2021-06-19 22:26:02,750 - utils.logger - INFO - Cur epoch 69 loss ccc:0.1083
2021-06-19 22:26:03,166 - utils.logger - INFO - Cur epoch 69 loss ccc:0.1205
2021-06-19 22:26:03,500 - utils.logger - INFO - Cur epoch 69 loss ccc:0.9469
2021-06-19 22:26:03,501 - utils.logger - INFO - saving the model at the end of epoch 69, iters 414
2021-06-19 22:26:03,737 - utils.logger - INFO - End of training epoch 69 / 70 	 Time Taken: 1 sec, Data loading: 0 sec
2021-06-19 22:26:03,737 - utils.logger - INFO - learning rate = 0.0000012
2021-06-19 22:26:04,152 - utils.logger - INFO - Trn result of epoch 69 / 70 mse 0.0419 rmse 0.2048 pcc 0.4292 ccc 0.3785
2021-06-19 22:26:04,300 - utils.logger - INFO - Val result of epoch 69 / 70 mse 0.0378 rmse 0.1945 pcc 0.4633 ccc 0.4488
2021-06-19 22:26:04,712 - utils.logger - INFO - Cur epoch 70 loss ccc:0.1097
2021-06-19 22:26:05,118 - utils.logger - INFO - Cur epoch 70 loss ccc:0.1154
2021-06-19 22:26:05,460 - utils.logger - INFO - Cur epoch 70 loss ccc:1.0049
2021-06-19 22:26:05,460 - utils.logger - INFO - saving the model at the end of epoch 70, iters 420
2021-06-19 22:26:05,694 - utils.logger - INFO - End of training epoch 70 / 70 	 Time Taken: 1 sec, Data loading: 0 sec
2021-06-19 22:26:05,695 - utils.logger - INFO - learning rate = 0.0000000
2021-06-19 22:26:06,111 - utils.logger - INFO - Trn result of epoch 70 / 70 mse 0.0417 rmse 0.2041 pcc 0.4293 ccc 0.3795
2021-06-19 22:26:06,273 - utils.logger - INFO - Val result of epoch 70 / 70 mse 0.0376 rmse 0.1938 pcc 0.4633 ccc 0.4496
2021-06-19 22:26:06,273 - utils.logger - INFO - Best eval epoch 70 found with ccc 0.449590
2021-06-19 22:26:06,273 - utils.logger - INFO - baseline_fcfusion_wonorm_wav2vec-egemaps_valence_hidden1024_seq100_lr5e-05_cccloss_run1
