2021-06-19 20:23:24,494 - utils.logger - INFO - The number of training samples = 41
2021-06-19 20:23:27,016 - utils.logger - INFO - Cur epoch 1 loss ccc:0.1250
2021-06-19 20:23:27,441 - utils.logger - INFO - Cur epoch 1 loss ccc:0.1249
2021-06-19 20:23:27,788 - utils.logger - INFO - Cur epoch 1 loss ccc:0.9779
2021-06-19 20:23:27,788 - utils.logger - INFO - saving the model at the end of epoch 1, iters 6
2021-06-19 20:23:28,033 - utils.logger - INFO - End of training epoch 1 / 70 	 Time Taken: 1 sec, Data loading: 0 sec
2021-06-19 20:23:28,033 - utils.logger - INFO - learning rate = 0.0001000
2021-06-19 20:23:28,455 - utils.logger - INFO - Trn result of epoch 1 / 70 mse 0.0896 rmse 0.2993 pcc -0.0378 ccc -0.0007
2021-06-19 20:23:28,653 - utils.logger - INFO - Val result of epoch 1 / 70 mse 0.0941 rmse 0.3067 pcc 0.0310 ccc 0.0006
2021-06-19 20:23:29,119 - utils.logger - INFO - Cur epoch 2 loss ccc:0.1229
2021-06-19 20:23:29,578 - utils.logger - INFO - Cur epoch 2 loss ccc:0.1250
2021-06-19 20:23:29,950 - utils.logger - INFO - Cur epoch 2 loss ccc:0.8775
2021-06-19 20:23:29,950 - utils.logger - INFO - saving the model at the end of epoch 2, iters 12
2021-06-19 20:23:30,193 - utils.logger - INFO - End of training epoch 2 / 70 	 Time Taken: 1 sec, Data loading: 0 sec
2021-06-19 20:23:30,193 - utils.logger - INFO - learning rate = 0.0001000
2021-06-19 20:23:30,654 - utils.logger - INFO - Trn result of epoch 2 / 70 mse 0.2537 rmse 0.5037 pcc 0.0398 ccc 0.0062
2021-06-19 20:23:30,817 - utils.logger - INFO - Val result of epoch 2 / 70 mse 0.2794 rmse 0.5286 pcc 0.1519 ccc 0.0274
2021-06-19 20:23:31,228 - utils.logger - INFO - Cur epoch 3 loss ccc:0.1100
2021-06-19 20:23:31,648 - utils.logger - INFO - Cur epoch 3 loss ccc:0.1317
2021-06-19 20:23:31,982 - utils.logger - INFO - Cur epoch 3 loss ccc:0.9978
2021-06-19 20:23:31,982 - utils.logger - INFO - saving the model at the end of epoch 3, iters 18
2021-06-19 20:23:32,240 - utils.logger - INFO - End of training epoch 3 / 70 	 Time Taken: 1 sec, Data loading: 0 sec
2021-06-19 20:23:32,240 - utils.logger - INFO - learning rate = 0.0001000
2021-06-19 20:23:32,658 - utils.logger - INFO - Trn result of epoch 3 / 70 mse 0.2491 rmse 0.4991 pcc -0.0076 ccc -0.0005
2021-06-19 20:23:32,805 - utils.logger - INFO - Val result of epoch 3 / 70 mse 0.2850 rmse 0.5338 pcc 0.0317 ccc 0.0019
2021-06-19 20:23:33,237 - utils.logger - INFO - Cur epoch 4 loss ccc:0.1250
2021-06-19 20:23:33,689 - utils.logger - INFO - Cur epoch 4 loss ccc:0.1333
2021-06-19 20:23:34,071 - utils.logger - INFO - Cur epoch 4 loss ccc:1.0075
2021-06-19 20:23:34,071 - utils.logger - INFO - saving the model at the end of epoch 4, iters 24
2021-06-19 20:23:34,468 - utils.logger - INFO - End of training epoch 4 / 70 	 Time Taken: 1 sec, Data loading: 0 sec
2021-06-19 20:23:34,468 - utils.logger - INFO - learning rate = 0.0001000
2021-06-19 20:23:34,906 - utils.logger - INFO - Trn result of epoch 4 / 70 mse 0.1910 rmse 0.4370 pcc -0.0130 ccc -0.0009
2021-06-19 20:23:35,064 - utils.logger - INFO - Val result of epoch 4 / 70 mse 0.2207 rmse 0.4698 pcc 0.0330 ccc 0.0020
2021-06-19 20:23:35,472 - utils.logger - INFO - Cur epoch 5 loss ccc:0.1250
2021-06-19 20:23:35,886 - utils.logger - INFO - Cur epoch 5 loss ccc:0.1122
2021-06-19 20:23:36,228 - utils.logger - INFO - Cur epoch 5 loss ccc:1.0107
2021-06-19 20:23:36,228 - utils.logger - INFO - saving the model at the end of epoch 5, iters 30
2021-06-19 20:23:36,414 - utils.logger - INFO - End of training epoch 5 / 70 	 Time Taken: 1 sec, Data loading: 0 sec
2021-06-19 20:23:36,414 - utils.logger - INFO - learning rate = 0.0001000
2021-06-19 20:23:36,818 - utils.logger - INFO - Trn result of epoch 5 / 70 mse 0.2260 rmse 0.4754 pcc -0.0130 ccc -0.0009
2021-06-19 20:23:36,961 - utils.logger - INFO - Val result of epoch 5 / 70 mse 0.2596 rmse 0.5096 pcc 0.0330 ccc 0.0020
2021-06-19 20:23:37,372 - utils.logger - INFO - Cur epoch 6 loss ccc:0.1305
2021-06-19 20:23:37,801 - utils.logger - INFO - Cur epoch 6 loss ccc:0.1304
2021-06-19 20:23:38,154 - utils.logger - INFO - Cur epoch 6 loss ccc:1.0094
2021-06-19 20:23:38,154 - utils.logger - INFO - saving the model at the end of epoch 6, iters 36
2021-06-19 20:23:38,384 - utils.logger - INFO - End of training epoch 6 / 70 	 Time Taken: 1 sec, Data loading: 0 sec
2021-06-19 20:23:38,384 - utils.logger - INFO - learning rate = 0.0001000
2021-06-19 20:23:38,814 - utils.logger - INFO - Trn result of epoch 6 / 70 mse 0.2371 rmse 0.4870 pcc -0.0102 ccc -0.0006
2021-06-19 20:23:38,971 - utils.logger - INFO - Val result of epoch 6 / 70 mse 0.2731 rmse 0.5226 pcc 0.0115 ccc 0.0006
2021-06-19 20:23:39,394 - utils.logger - INFO - Cur epoch 7 loss ccc:0.1225
2021-06-19 20:23:39,778 - utils.logger - INFO - Cur epoch 7 loss ccc:0.1397
2021-06-19 20:23:40,129 - utils.logger - INFO - Cur epoch 7 loss ccc:1.0001
2021-06-19 20:23:40,129 - utils.logger - INFO - saving the model at the end of epoch 7, iters 42
2021-06-19 20:23:40,470 - utils.logger - INFO - End of training epoch 7 / 70 	 Time Taken: 1 sec, Data loading: 0 sec
2021-06-19 20:23:40,470 - utils.logger - INFO - learning rate = 0.0001000
2021-06-19 20:23:40,874 - utils.logger - INFO - Trn result of epoch 7 / 70 mse 0.1988 rmse 0.4459 pcc -0.0075 ccc -0.0008
2021-06-19 20:23:41,017 - utils.logger - INFO - Val result of epoch 7 / 70 mse 0.2319 rmse 0.4816 pcc -0.0207 ccc -0.0019
2021-06-19 20:23:41,410 - utils.logger - INFO - Cur epoch 8 loss ccc:0.1378
2021-06-19 20:23:41,819 - utils.logger - INFO - Cur epoch 8 loss ccc:0.1291
2021-06-19 20:23:42,139 - utils.logger - INFO - Cur epoch 8 loss ccc:0.9945
2021-06-19 20:23:42,139 - utils.logger - INFO - saving the model at the end of epoch 8, iters 48
2021-06-19 20:23:42,367 - utils.logger - INFO - End of training epoch 8 / 70 	 Time Taken: 1 sec, Data loading: 0 sec
2021-06-19 20:23:42,367 - utils.logger - INFO - learning rate = 0.0001000
2021-06-19 20:23:42,776 - utils.logger - INFO - Trn result of epoch 8 / 70 mse 0.0896 rmse 0.2994 pcc -0.0117 ccc -0.0002
2021-06-19 20:23:42,920 - utils.logger - INFO - Val result of epoch 8 / 70 mse 0.0935 rmse 0.3058 pcc -0.0476 ccc -0.0007
2021-06-19 20:23:43,338 - utils.logger - INFO - Cur epoch 9 loss ccc:0.1258
2021-06-19 20:23:43,773 - utils.logger - INFO - Cur epoch 9 loss ccc:0.1278
2021-06-19 20:23:44,141 - utils.logger - INFO - Cur epoch 9 loss ccc:0.9778
2021-06-19 20:23:44,141 - utils.logger - INFO - saving the model at the end of epoch 9, iters 54
2021-06-19 20:23:44,377 - utils.logger - INFO - End of training epoch 9 / 70 	 Time Taken: 1 sec, Data loading: 0 sec
2021-06-19 20:23:44,378 - utils.logger - INFO - learning rate = 0.0001000
2021-06-19 20:23:44,819 - utils.logger - INFO - Trn result of epoch 9 / 70 mse 0.0902 rmse 0.3003 pcc -0.0566 ccc -0.0031
2021-06-19 20:23:44,972 - utils.logger - INFO - Val result of epoch 9 / 70 mse 0.0933 rmse 0.3054 pcc -0.0375 ccc -0.0021
2021-06-19 20:23:45,381 - utils.logger - INFO - Cur epoch 10 loss ccc:0.1291
2021-06-19 20:23:45,783 - utils.logger - INFO - Cur epoch 10 loss ccc:0.1322
2021-06-19 20:23:46,112 - utils.logger - INFO - Cur epoch 10 loss ccc:0.9372
2021-06-19 20:23:46,112 - utils.logger - INFO - saving the model at the end of epoch 10, iters 60
2021-06-19 20:23:46,355 - utils.logger - INFO - End of training epoch 10 / 70 	 Time Taken: 1 sec, Data loading: 0 sec
2021-06-19 20:23:46,355 - utils.logger - INFO - learning rate = 0.0001000
2021-06-19 20:23:46,785 - utils.logger - INFO - Trn result of epoch 10 / 70 mse 0.1147 rmse 0.3387 pcc -0.0253 ccc -0.0064
2021-06-19 20:23:46,940 - utils.logger - INFO - Val result of epoch 10 / 70 mse 0.1071 rmse 0.3272 pcc -0.0543 ccc -0.0170
2021-06-19 20:23:47,333 - utils.logger - INFO - Cur epoch 11 loss ccc:0.1099
2021-06-19 20:23:47,766 - utils.logger - INFO - Cur epoch 11 loss ccc:0.1303
2021-06-19 20:23:48,109 - utils.logger - INFO - Cur epoch 11 loss ccc:1.0014
2021-06-19 20:23:48,110 - utils.logger - INFO - saving the model at the end of epoch 11, iters 66
2021-06-19 20:23:48,359 - utils.logger - INFO - End of training epoch 11 / 70 	 Time Taken: 1 sec, Data loading: 0 sec
2021-06-19 20:23:48,359 - utils.logger - INFO - learning rate = 0.0001000
2021-06-19 20:23:48,787 - utils.logger - INFO - Trn result of epoch 11 / 70 mse 0.1222 rmse 0.3496 pcc -0.0315 ccc -0.0094
2021-06-19 20:23:48,944 - utils.logger - INFO - Val result of epoch 11 / 70 mse 0.1121 rmse 0.3348 pcc -0.0432 ccc -0.0157
2021-06-19 20:23:49,338 - utils.logger - INFO - Cur epoch 12 loss ccc:0.1134
2021-06-19 20:23:49,745 - utils.logger - INFO - Cur epoch 12 loss ccc:0.1250
2021-06-19 20:23:50,082 - utils.logger - INFO - Cur epoch 12 loss ccc:1.0002
2021-06-19 20:23:50,082 - utils.logger - INFO - saving the model at the end of epoch 12, iters 72
2021-06-19 20:23:50,320 - utils.logger - INFO - End of training epoch 12 / 70 	 Time Taken: 1 sec, Data loading: 0 sec
2021-06-19 20:23:50,320 - utils.logger - INFO - learning rate = 0.0001000
2021-06-19 20:23:50,752 - utils.logger - INFO - Trn result of epoch 12 / 70 mse 0.1481 rmse 0.3849 pcc -0.0294 ccc -0.0105
2021-06-19 20:23:50,906 - utils.logger - INFO - Val result of epoch 12 / 70 mse 0.1300 rmse 0.3605 pcc -0.0116 ccc -0.0052
2021-06-19 20:23:51,318 - utils.logger - INFO - Cur epoch 13 loss ccc:0.1093
2021-06-19 20:23:51,733 - utils.logger - INFO - Cur epoch 13 loss ccc:0.1161
2021-06-19 20:23:52,088 - utils.logger - INFO - Cur epoch 13 loss ccc:0.1824
2021-06-19 20:23:52,089 - utils.logger - INFO - saving the model at the end of epoch 13, iters 78
2021-06-19 20:23:52,322 - utils.logger - INFO - End of training epoch 13 / 70 	 Time Taken: 1 sec, Data loading: 0 sec
2021-06-19 20:23:52,323 - utils.logger - INFO - learning rate = 0.0001000
2021-06-19 20:23:52,762 - utils.logger - INFO - Trn result of epoch 13 / 70 mse 0.2821 rmse 0.5311 pcc -0.0385 ccc -0.0111
2021-06-19 20:23:52,919 - utils.logger - INFO - Val result of epoch 13 / 70 mse 0.2395 rmse 0.4894 pcc -0.0236 ccc -0.0094
2021-06-19 20:23:53,331 - utils.logger - INFO - Cur epoch 14 loss ccc:0.1307
2021-06-19 20:23:53,735 - utils.logger - INFO - Cur epoch 14 loss ccc:0.1341
2021-06-19 20:23:54,086 - utils.logger - INFO - Cur epoch 14 loss ccc:1.0033
2021-06-19 20:23:54,086 - utils.logger - INFO - saving the model at the end of epoch 14, iters 84
2021-06-19 20:23:54,499 - utils.logger - INFO - End of training epoch 14 / 70 	 Time Taken: 1 sec, Data loading: 0 sec
2021-06-19 20:23:54,499 - utils.logger - INFO - learning rate = 0.0001000
2021-06-19 20:23:54,909 - utils.logger - INFO - Trn result of epoch 14 / 70 mse 0.5092 rmse 0.7136 pcc -0.0548 ccc -0.0097
2021-06-19 20:23:55,053 - utils.logger - INFO - Val result of epoch 14 / 70 mse 0.4376 rmse 0.6615 pcc -0.0352 ccc -0.0092
2021-06-19 20:23:55,481 - utils.logger - INFO - Cur epoch 15 loss ccc:0.1300
2021-06-19 20:23:55,884 - utils.logger - INFO - Cur epoch 15 loss ccc:0.1449
2021-06-19 20:23:56,236 - utils.logger - INFO - Cur epoch 15 loss ccc:1.0202
2021-06-19 20:23:56,236 - utils.logger - INFO - saving the model at the end of epoch 15, iters 90
2021-06-19 20:23:56,468 - utils.logger - INFO - End of training epoch 15 / 70 	 Time Taken: 1 sec, Data loading: 0 sec
2021-06-19 20:23:56,468 - utils.logger - INFO - learning rate = 0.0001000
2021-06-19 20:23:56,930 - utils.logger - INFO - Trn result of epoch 15 / 70 mse 0.7710 rmse 0.8781 pcc -0.0268 ccc -0.0015
2021-06-19 20:23:57,094 - utils.logger - INFO - Val result of epoch 15 / 70 mse 0.6997 rmse 0.8365 pcc 0.0754 ccc 0.0035
2021-06-19 20:23:57,511 - utils.logger - INFO - Cur epoch 16 loss ccc:0.1259
2021-06-19 20:23:57,926 - utils.logger - INFO - Cur epoch 16 loss ccc:0.1270
2021-06-19 20:23:58,263 - utils.logger - INFO - Cur epoch 16 loss ccc:0.9935
2021-06-19 20:23:58,263 - utils.logger - INFO - saving the model at the end of epoch 16, iters 96
2021-06-19 20:23:58,498 - utils.logger - INFO - End of training epoch 16 / 70 	 Time Taken: 1 sec, Data loading: 0 sec
2021-06-19 20:23:58,498 - utils.logger - INFO - learning rate = 0.0001000
2021-06-19 20:23:58,906 - utils.logger - INFO - Trn result of epoch 16 / 70 mse 0.8857 rmse 0.9411 pcc -0.0104 ccc -0.0005
2021-06-19 20:23:59,052 - utils.logger - INFO - Val result of epoch 16 / 70 mse 0.8117 rmse 0.9009 pcc 0.0069 ccc 0.0002
2021-06-19 20:23:59,474 - utils.logger - INFO - Cur epoch 17 loss ccc:0.1240
2021-06-19 20:23:59,872 - utils.logger - INFO - Cur epoch 17 loss ccc:0.1324
2021-06-19 20:24:00,198 - utils.logger - INFO - Cur epoch 17 loss ccc:1.0002
2021-06-19 20:24:00,198 - utils.logger - INFO - saving the model at the end of epoch 17, iters 102
2021-06-19 20:24:00,429 - utils.logger - INFO - End of training epoch 17 / 70 	 Time Taken: 1 sec, Data loading: 0 sec
2021-06-19 20:24:00,429 - utils.logger - INFO - learning rate = 0.0001000
2021-06-19 20:24:00,855 - utils.logger - INFO - Trn result of epoch 17 / 70 mse 0.8059 rmse 0.8977 pcc -0.0090 ccc -0.0004
2021-06-19 20:24:01,009 - utils.logger - INFO - Val result of epoch 17 / 70 mse 0.7371 rmse 0.8586 pcc 0.0159 ccc 0.0004
2021-06-19 20:24:01,408 - utils.logger - INFO - Cur epoch 18 loss ccc:0.1273
2021-06-19 20:24:01,804 - utils.logger - INFO - Cur epoch 18 loss ccc:0.1204
2021-06-19 20:24:02,116 - utils.logger - INFO - Cur epoch 18 loss ccc:0.9746
2021-06-19 20:24:02,116 - utils.logger - INFO - saving the model at the end of epoch 18, iters 108
2021-06-19 20:24:02,308 - utils.logger - INFO - End of training epoch 18 / 70 	 Time Taken: 1 sec, Data loading: 0 sec
2021-06-19 20:24:02,308 - utils.logger - INFO - learning rate = 0.0001000
2021-06-19 20:24:02,715 - utils.logger - INFO - Trn result of epoch 18 / 70 mse 0.6328 rmse 0.7955 pcc -0.0159 ccc -0.0012
2021-06-19 20:24:02,854 - utils.logger - INFO - Val result of epoch 18 / 70 mse 0.5658 rmse 0.7522 pcc 0.0584 ccc 0.0043
2021-06-19 20:24:03,246 - utils.logger - INFO - Cur epoch 19 loss ccc:0.1293
2021-06-19 20:24:03,648 - utils.logger - INFO - Cur epoch 19 loss ccc:0.1172
2021-06-19 20:24:03,992 - utils.logger - INFO - Cur epoch 19 loss ccc:1.0080
2021-06-19 20:24:03,992 - utils.logger - INFO - saving the model at the end of epoch 19, iters 114
2021-06-19 20:24:04,227 - utils.logger - INFO - End of training epoch 19 / 70 	 Time Taken: 1 sec, Data loading: 0 sec
2021-06-19 20:24:04,227 - utils.logger - INFO - learning rate = 0.0001000
2021-06-19 20:24:04,643 - utils.logger - INFO - Trn result of epoch 19 / 70 mse 0.5747 rmse 0.7581 pcc -0.0193 ccc -0.0015
2021-06-19 20:24:04,783 - utils.logger - INFO - Val result of epoch 19 / 70 mse 0.5105 rmse 0.7145 pcc 0.0283 ccc 0.0023
2021-06-19 20:24:05,190 - utils.logger - INFO - Cur epoch 20 loss ccc:0.1017
2021-06-19 20:24:05,589 - utils.logger - INFO - Cur epoch 20 loss ccc:0.1287
2021-06-19 20:24:05,911 - utils.logger - INFO - Cur epoch 20 loss ccc:0.9916
2021-06-19 20:24:05,912 - utils.logger - INFO - saving the model at the end of epoch 20, iters 120
2021-06-19 20:24:06,156 - utils.logger - INFO - End of training epoch 20 / 70 	 Time Taken: 1 sec, Data loading: 0 sec
2021-06-19 20:24:06,156 - utils.logger - INFO - learning rate = 0.0001000
2021-06-19 20:24:06,562 - utils.logger - INFO - Trn result of epoch 20 / 70 mse 0.5297 rmse 0.7278 pcc -0.0154 ccc -0.0010
2021-06-19 20:24:06,704 - utils.logger - INFO - Val result of epoch 20 / 70 mse 0.4737 rmse 0.6883 pcc 0.0030 ccc 0.0002
2021-06-19 20:24:07,125 - utils.logger - INFO - Cur epoch 21 loss ccc:0.1251
2021-06-19 20:24:07,547 - utils.logger - INFO - Cur epoch 21 loss ccc:0.1308
2021-06-19 20:24:07,917 - utils.logger - INFO - Cur epoch 21 loss ccc:1.0227
2021-06-19 20:24:07,917 - utils.logger - INFO - saving the model at the end of epoch 21, iters 126
2021-06-19 20:24:08,310 - utils.logger - INFO - End of training epoch 21 / 70 	 Time Taken: 1 sec, Data loading: 0 sec
2021-06-19 20:24:08,310 - utils.logger - INFO - learning rate = 0.0001000
2021-06-19 20:24:08,758 - utils.logger - INFO - Trn result of epoch 21 / 70 mse 0.6630 rmse 0.8143 pcc -0.0066 ccc -0.0003
2021-06-19 20:24:08,917 - utils.logger - INFO - Val result of epoch 21 / 70 mse 0.6024 rmse 0.7761 pcc 0.0054 ccc 0.0002
2021-06-19 20:24:09,333 - utils.logger - INFO - Cur epoch 22 loss ccc:0.1164
2021-06-19 20:24:09,747 - utils.logger - INFO - Cur epoch 22 loss ccc:0.1246
2021-06-19 20:24:10,076 - utils.logger - INFO - Cur epoch 22 loss ccc:0.9944
2021-06-19 20:24:10,076 - utils.logger - INFO - saving the model at the end of epoch 22, iters 132
2021-06-19 20:24:10,275 - utils.logger - INFO - End of training epoch 22 / 70 	 Time Taken: 1 sec, Data loading: 0 sec
2021-06-19 20:24:10,275 - utils.logger - INFO - learning rate = 0.0001000
2021-06-19 20:24:10,680 - utils.logger - INFO - Trn result of epoch 22 / 70 mse 0.7162 rmse 0.8463 pcc -0.0054 ccc -0.0003
2021-06-19 20:24:10,821 - utils.logger - INFO - Val result of epoch 22 / 70 mse 0.6527 rmse 0.8079 pcc 0.0097 ccc 0.0003
2021-06-19 20:24:11,225 - utils.logger - INFO - Cur epoch 23 loss ccc:0.1285
2021-06-19 20:24:11,634 - utils.logger - INFO - Cur epoch 23 loss ccc:0.1250
2021-06-19 20:24:11,971 - utils.logger - INFO - Cur epoch 23 loss ccc:1.0000
2021-06-19 20:24:11,971 - utils.logger - INFO - saving the model at the end of epoch 23, iters 138
2021-06-19 20:24:12,217 - utils.logger - INFO - End of training epoch 23 / 70 	 Time Taken: 1 sec, Data loading: 0 sec
2021-06-19 20:24:12,217 - utils.logger - INFO - learning rate = 0.0001000
2021-06-19 20:24:12,625 - utils.logger - INFO - Trn result of epoch 23 / 70 mse 0.6443 rmse 0.8027 pcc -0.0079 ccc -0.0004
2021-06-19 20:24:12,768 - utils.logger - INFO - Val result of epoch 23 / 70 mse 0.5838 rmse 0.7641 pcc 0.0125 ccc 0.0004
2021-06-19 20:24:13,179 - utils.logger - INFO - Cur epoch 24 loss ccc:0.1197
2021-06-19 20:24:13,593 - utils.logger - INFO - Cur epoch 24 loss ccc:0.1295
2021-06-19 20:24:13,946 - utils.logger - INFO - Cur epoch 24 loss ccc:1.0021
2021-06-19 20:24:13,946 - utils.logger - INFO - saving the model at the end of epoch 24, iters 144
2021-06-19 20:24:14,182 - utils.logger - INFO - End of training epoch 24 / 70 	 Time Taken: 1 sec, Data loading: 0 sec
2021-06-19 20:24:14,183 - utils.logger - INFO - learning rate = 0.0001000
2021-06-19 20:24:14,619 - utils.logger - INFO - Trn result of epoch 24 / 70 mse 0.7010 rmse 0.8373 pcc -0.0075 ccc -0.0004
2021-06-19 20:24:14,778 - utils.logger - INFO - Val result of epoch 24 / 70 mse 0.6387 rmse 0.7992 pcc 0.0263 ccc 0.0008
2021-06-19 20:24:15,196 - utils.logger - INFO - Cur epoch 25 loss ccc:0.1303
2021-06-19 20:24:15,630 - utils.logger - INFO - Cur epoch 25 loss ccc:0.1315
2021-06-19 20:24:15,984 - utils.logger - INFO - Cur epoch 25 loss ccc:0.9921
2021-06-19 20:24:15,984 - utils.logger - INFO - saving the model at the end of epoch 25, iters 150
2021-06-19 20:24:16,289 - utils.logger - INFO - End of training epoch 25 / 70 	 Time Taken: 1 sec, Data loading: 0 sec
2021-06-19 20:24:16,289 - utils.logger - INFO - learning rate = 0.0001000
2021-06-19 20:24:16,704 - utils.logger - INFO - Trn result of epoch 25 / 70 mse 0.4879 rmse 0.6985 pcc -0.0031 ccc -0.0002
2021-06-19 20:24:16,848 - utils.logger - INFO - Val result of epoch 25 / 70 mse 0.4405 rmse 0.6637 pcc 0.0831 ccc 0.0056
2021-06-19 20:24:17,274 - utils.logger - INFO - Cur epoch 26 loss ccc:0.1108
2021-06-19 20:24:17,680 - utils.logger - INFO - Cur epoch 26 loss ccc:0.1311
2021-06-19 20:24:18,020 - utils.logger - INFO - Cur epoch 26 loss ccc:1.0054
2021-06-19 20:24:18,020 - utils.logger - INFO - saving the model at the end of epoch 26, iters 156
2021-06-19 20:24:18,367 - utils.logger - INFO - End of training epoch 26 / 70 	 Time Taken: 1 sec, Data loading: 0 sec
2021-06-19 20:24:18,367 - utils.logger - INFO - learning rate = 0.0001000
2021-06-19 20:24:18,780 - utils.logger - INFO - Trn result of epoch 26 / 70 mse 0.3929 rmse 0.6268 pcc -0.0022 ccc -0.0002
2021-06-19 20:24:18,925 - utils.logger - INFO - Val result of epoch 26 / 70 mse 0.3531 rmse 0.5942 pcc 0.0858 ccc 0.0082
2021-06-19 20:24:19,326 - utils.logger - INFO - Cur epoch 27 loss ccc:0.1321
2021-06-19 20:24:19,731 - utils.logger - INFO - Cur epoch 27 loss ccc:0.1190
2021-06-19 20:24:20,072 - utils.logger - INFO - Cur epoch 27 loss ccc:1.0065
2021-06-19 20:24:20,072 - utils.logger - INFO - saving the model at the end of epoch 27, iters 162
2021-06-19 20:24:20,327 - utils.logger - INFO - End of training epoch 27 / 70 	 Time Taken: 1 sec, Data loading: 0 sec
2021-06-19 20:24:20,327 - utils.logger - INFO - learning rate = 0.0001000
2021-06-19 20:24:20,749 - utils.logger - INFO - Trn result of epoch 27 / 70 mse 0.3325 rmse 0.5767 pcc 0.0063 ccc 0.0007
2021-06-19 20:24:20,890 - utils.logger - INFO - Val result of epoch 27 / 70 mse 0.3005 rmse 0.5482 pcc 0.0328 ccc 0.0036
2021-06-19 20:24:21,297 - utils.logger - INFO - Cur epoch 28 loss ccc:0.1161
2021-06-19 20:24:21,703 - utils.logger - INFO - Cur epoch 28 loss ccc:0.1229
2021-06-19 20:24:22,028 - utils.logger - INFO - Cur epoch 28 loss ccc:1.0028
2021-06-19 20:24:22,028 - utils.logger - INFO - saving the model at the end of epoch 28, iters 168
2021-06-19 20:24:22,284 - utils.logger - INFO - End of training epoch 28 / 70 	 Time Taken: 1 sec, Data loading: 0 sec
2021-06-19 20:24:22,284 - utils.logger - INFO - learning rate = 0.0001000
2021-06-19 20:24:22,690 - utils.logger - INFO - Trn result of epoch 28 / 70 mse 0.2923 rmse 0.5406 pcc 0.0038 ccc 0.0005
2021-06-19 20:24:22,849 - utils.logger - INFO - Val result of epoch 28 / 70 mse 0.2639 rmse 0.5137 pcc 0.0368 ccc 0.0054
2021-06-19 20:24:23,249 - utils.logger - INFO - Cur epoch 29 loss ccc:0.1250
2021-06-19 20:24:23,640 - utils.logger - INFO - Cur epoch 29 loss ccc:0.1134
2021-06-19 20:24:23,952 - utils.logger - INFO - Cur epoch 29 loss ccc:1.0038
2021-06-19 20:24:23,952 - utils.logger - INFO - saving the model at the end of epoch 29, iters 174
2021-06-19 20:24:24,208 - utils.logger - INFO - End of training epoch 29 / 70 	 Time Taken: 1 sec, Data loading: 0 sec
2021-06-19 20:24:24,208 - utils.logger - INFO - learning rate = 0.0001000
2021-06-19 20:24:24,615 - utils.logger - INFO - Trn result of epoch 29 / 70 mse 0.3039 rmse 0.5513 pcc -0.0025 ccc -0.0003
2021-06-19 20:24:24,754 - utils.logger - INFO - Val result of epoch 29 / 70 mse 0.2735 rmse 0.5230 pcc 0.0398 ccc 0.0052
2021-06-19 20:24:25,141 - utils.logger - INFO - Cur epoch 30 loss ccc:0.1425
2021-06-19 20:24:25,533 - utils.logger - INFO - Cur epoch 30 loss ccc:0.0984
2021-06-19 20:24:25,877 - utils.logger - INFO - Cur epoch 30 loss ccc:1.0006
2021-06-19 20:24:25,877 - utils.logger - INFO - saving the model at the end of epoch 30, iters 180
2021-06-19 20:24:26,135 - utils.logger - INFO - End of training epoch 30 / 70 	 Time Taken: 1 sec, Data loading: 0 sec
2021-06-19 20:24:26,135 - utils.logger - INFO - learning rate = 0.0000976
2021-06-19 20:24:26,541 - utils.logger - INFO - Trn result of epoch 30 / 70 mse 0.2489 rmse 0.4989 pcc -0.0168 ccc -0.0032
2021-06-19 20:24:26,685 - utils.logger - INFO - Val result of epoch 30 / 70 mse 0.2219 rmse 0.4710 pcc 0.0651 ccc 0.0143
2021-06-19 20:24:27,084 - utils.logger - INFO - Cur epoch 31 loss ccc:0.1382
2021-06-19 20:24:27,483 - utils.logger - INFO - Cur epoch 31 loss ccc:0.1246
2021-06-19 20:24:27,795 - utils.logger - INFO - Cur epoch 31 loss ccc:0.9461
2021-06-19 20:24:27,795 - utils.logger - INFO - saving the model at the end of epoch 31, iters 186
2021-06-19 20:24:28,154 - utils.logger - INFO - End of training epoch 31 / 70 	 Time Taken: 1 sec, Data loading: 0 sec
2021-06-19 20:24:28,154 - utils.logger - INFO - learning rate = 0.0000951
2021-06-19 20:24:28,572 - utils.logger - INFO - Trn result of epoch 31 / 70 mse 0.3679 rmse 0.6066 pcc -0.0560 ccc -0.0080
2021-06-19 20:24:28,730 - utils.logger - INFO - Val result of epoch 31 / 70 mse 0.3086 rmse 0.5555 pcc 0.1287 ccc 0.0238
2021-06-19 20:24:29,123 - utils.logger - INFO - Cur epoch 32 loss ccc:0.1309
2021-06-19 20:24:29,509 - utils.logger - INFO - Cur epoch 32 loss ccc:0.1341
2021-06-19 20:24:29,838 - utils.logger - INFO - Cur epoch 32 loss ccc:1.0023
2021-06-19 20:24:29,838 - utils.logger - INFO - saving the model at the end of epoch 32, iters 192
2021-06-19 20:24:30,105 - utils.logger - INFO - End of training epoch 32 / 70 	 Time Taken: 1 sec, Data loading: 0 sec
2021-06-19 20:24:30,105 - utils.logger - INFO - learning rate = 0.0000927
2021-06-19 20:24:30,516 - utils.logger - INFO - Trn result of epoch 32 / 70 mse 0.5076 rmse 0.7125 pcc -0.0684 ccc -0.0042
2021-06-19 20:24:30,661 - utils.logger - INFO - Val result of epoch 32 / 70 mse 0.4498 rmse 0.6707 pcc -0.0460 ccc -0.0030
2021-06-19 20:24:31,082 - utils.logger - INFO - Cur epoch 33 loss ccc:0.1356
2021-06-19 20:24:31,497 - utils.logger - INFO - Cur epoch 33 loss ccc:0.1250
2021-06-19 20:24:31,832 - utils.logger - INFO - Cur epoch 33 loss ccc:1.0007
2021-06-19 20:24:31,833 - utils.logger - INFO - saving the model at the end of epoch 33, iters 198
2021-06-19 20:24:32,115 - utils.logger - INFO - End of training epoch 33 / 70 	 Time Taken: 1 sec, Data loading: 0 sec
2021-06-19 20:24:32,115 - utils.logger - INFO - learning rate = 0.0000902
2021-06-19 20:24:32,533 - utils.logger - INFO - Trn result of epoch 33 / 70 mse 0.5379 rmse 0.7334 pcc -0.0670 ccc -0.0032
2021-06-19 20:24:32,675 - utils.logger - INFO - Val result of epoch 33 / 70 mse 0.4791 rmse 0.6922 pcc -0.0532 ccc -0.0029
2021-06-19 20:24:33,090 - utils.logger - INFO - Cur epoch 34 loss ccc:0.1282
2021-06-19 20:24:33,519 - utils.logger - INFO - Cur epoch 34 loss ccc:0.1224
2021-06-19 20:24:33,855 - utils.logger - INFO - Cur epoch 34 loss ccc:0.9980
2021-06-19 20:24:33,855 - utils.logger - INFO - saving the model at the end of epoch 34, iters 204
2021-06-19 20:24:34,262 - utils.logger - INFO - End of training epoch 34 / 70 	 Time Taken: 1 sec, Data loading: 0 sec
2021-06-19 20:24:34,262 - utils.logger - INFO - learning rate = 0.0000878
2021-06-19 20:24:34,727 - utils.logger - INFO - Trn result of epoch 34 / 70 mse 0.4708 rmse 0.6861 pcc -0.0697 ccc -0.0035
2021-06-19 20:24:34,890 - utils.logger - INFO - Val result of epoch 34 / 70 mse 0.4174 rmse 0.6461 pcc -0.0526 ccc -0.0030
2021-06-19 20:24:35,312 - utils.logger - INFO - Cur epoch 35 loss ccc:0.0990
2021-06-19 20:24:35,720 - utils.logger - INFO - Cur epoch 35 loss ccc:0.1268
2021-06-19 20:24:36,077 - utils.logger - INFO - Cur epoch 35 loss ccc:0.9974
2021-06-19 20:24:36,077 - utils.logger - INFO - saving the model at the end of epoch 35, iters 210
2021-06-19 20:24:36,347 - utils.logger - INFO - End of training epoch 35 / 70 	 Time Taken: 1 sec, Data loading: 0 sec
2021-06-19 20:24:36,347 - utils.logger - INFO - learning rate = 0.0000854
2021-06-19 20:24:36,767 - utils.logger - INFO - Trn result of epoch 35 / 70 mse 0.4009 rmse 0.6332 pcc -0.0780 ccc -0.0041
2021-06-19 20:24:36,990 - utils.logger - INFO - Val result of epoch 35 / 70 mse 0.3537 rmse 0.5947 pcc -0.0517 ccc -0.0030
2021-06-19 20:24:37,417 - utils.logger - INFO - Cur epoch 36 loss ccc:0.1238
2021-06-19 20:24:37,837 - utils.logger - INFO - Cur epoch 36 loss ccc:0.0965
2021-06-19 20:24:38,180 - utils.logger - INFO - Cur epoch 36 loss ccc:1.0012
2021-06-19 20:24:38,181 - utils.logger - INFO - saving the model at the end of epoch 36, iters 216
2021-06-19 20:24:38,555 - utils.logger - INFO - End of training epoch 36 / 70 	 Time Taken: 1 sec, Data loading: 0 sec
2021-06-19 20:24:38,556 - utils.logger - INFO - learning rate = 0.0000829
2021-06-19 20:24:38,976 - utils.logger - INFO - Trn result of epoch 36 / 70 mse 0.3419 rmse 0.5847 pcc -0.0860 ccc -0.0046
2021-06-19 20:24:39,122 - utils.logger - INFO - Val result of epoch 36 / 70 mse 0.3002 rmse 0.5479 pcc -0.0494 ccc -0.0030
2021-06-19 20:24:39,531 - utils.logger - INFO - Cur epoch 37 loss ccc:0.1178
2021-06-19 20:24:39,926 - utils.logger - INFO - Cur epoch 37 loss ccc:0.1274
2021-06-19 20:24:40,272 - utils.logger - INFO - Cur epoch 37 loss ccc:1.0118
2021-06-19 20:24:40,272 - utils.logger - INFO - saving the model at the end of epoch 37, iters 222
2021-06-19 20:24:40,558 - utils.logger - INFO - End of training epoch 37 / 70 	 Time Taken: 1 sec, Data loading: 0 sec
2021-06-19 20:24:40,558 - utils.logger - INFO - learning rate = 0.0000805
2021-06-19 20:24:40,970 - utils.logger - INFO - Trn result of epoch 37 / 70 mse 0.1629 rmse 0.4036 pcc -0.1069 ccc -0.0070
2021-06-19 20:24:41,116 - utils.logger - INFO - Val result of epoch 37 / 70 mse 0.1434 rmse 0.3786 pcc -0.0423 ccc -0.0031
2021-06-19 20:24:41,521 - utils.logger - INFO - Cur epoch 38 loss ccc:0.1146
2021-06-19 20:24:41,930 - utils.logger - INFO - Cur epoch 38 loss ccc:0.1102
2021-06-19 20:24:42,281 - utils.logger - INFO - Cur epoch 38 loss ccc:1.0009
2021-06-19 20:24:42,281 - utils.logger - INFO - saving the model at the end of epoch 38, iters 228
2021-06-19 20:24:42,581 - utils.logger - INFO - End of training epoch 38 / 70 	 Time Taken: 1 sec, Data loading: 0 sec
2021-06-19 20:24:42,581 - utils.logger - INFO - learning rate = 0.0000780
2021-06-19 20:24:42,996 - utils.logger - INFO - Trn result of epoch 38 / 70 mse 0.1750 rmse 0.4183 pcc -0.1089 ccc -0.0074
2021-06-19 20:24:43,147 - utils.logger - INFO - Val result of epoch 38 / 70 mse 0.1533 rmse 0.3915 pcc -0.0375 ccc -0.0028
2021-06-19 20:24:43,558 - utils.logger - INFO - Cur epoch 39 loss ccc:0.1248
2021-06-19 20:24:43,970 - utils.logger - INFO - Cur epoch 39 loss ccc:0.1431
2021-06-19 20:24:44,321 - utils.logger - INFO - Cur epoch 39 loss ccc:1.0003
2021-06-19 20:24:44,321 - utils.logger - INFO - saving the model at the end of epoch 39, iters 234
2021-06-19 20:24:44,749 - utils.logger - INFO - End of training epoch 39 / 70 	 Time Taken: 1 sec, Data loading: 0 sec
2021-06-19 20:24:44,749 - utils.logger - INFO - learning rate = 0.0000756
2021-06-19 20:24:45,181 - utils.logger - INFO - Trn result of epoch 39 / 70 mse 0.1831 rmse 0.4279 pcc -0.1073 ccc -0.0077
2021-06-19 20:24:45,343 - utils.logger - INFO - Val result of epoch 39 / 70 mse 0.1598 rmse 0.3997 pcc -0.0231 ccc -0.0018
2021-06-19 20:24:45,767 - utils.logger - INFO - Cur epoch 40 loss ccc:0.1250
2021-06-19 20:24:46,195 - utils.logger - INFO - Cur epoch 40 loss ccc:0.1252
2021-06-19 20:24:46,529 - utils.logger - INFO - Cur epoch 40 loss ccc:0.9997
2021-06-19 20:24:46,530 - utils.logger - INFO - saving the model at the end of epoch 40, iters 240
2021-06-19 20:24:47,015 - utils.logger - INFO - End of training epoch 40 / 70 	 Time Taken: 1 sec, Data loading: 0 sec
2021-06-19 20:24:47,016 - utils.logger - INFO - learning rate = 0.0000732
2021-06-19 20:24:47,439 - utils.logger - INFO - Trn result of epoch 40 / 70 mse 0.2023 rmse 0.4498 pcc -0.1065 ccc -0.0077
2021-06-19 20:24:47,587 - utils.logger - INFO - Val result of epoch 40 / 70 mse 0.1760 rmse 0.4195 pcc -0.0234 ccc -0.0019
2021-06-19 20:24:48,011 - utils.logger - INFO - Cur epoch 41 loss ccc:0.0961
2021-06-19 20:24:48,454 - utils.logger - INFO - Cur epoch 41 loss ccc:0.1218
2021-06-19 20:24:48,791 - utils.logger - INFO - Cur epoch 41 loss ccc:1.0040
2021-06-19 20:24:48,791 - utils.logger - INFO - saving the model at the end of epoch 41, iters 246
2021-06-19 20:24:49,007 - utils.logger - INFO - End of training epoch 41 / 70 	 Time Taken: 1 sec, Data loading: 0 sec
2021-06-19 20:24:49,008 - utils.logger - INFO - learning rate = 0.0000707
2021-06-19 20:24:49,458 - utils.logger - INFO - Trn result of epoch 41 / 70 mse 0.2238 rmse 0.4730 pcc -0.1101 ccc -0.0076
2021-06-19 20:24:49,617 - utils.logger - INFO - Val result of epoch 41 / 70 mse 0.1946 rmse 0.4412 pcc -0.0303 ccc -0.0023
2021-06-19 20:24:50,035 - utils.logger - INFO - Cur epoch 42 loss ccc:0.0879
2021-06-19 20:24:50,430 - utils.logger - INFO - Cur epoch 42 loss ccc:0.1328
2021-06-19 20:24:50,747 - utils.logger - INFO - Cur epoch 42 loss ccc:0.9974
2021-06-19 20:24:50,748 - utils.logger - INFO - saving the model at the end of epoch 42, iters 252
2021-06-19 20:24:51,066 - utils.logger - INFO - End of training epoch 42 / 70 	 Time Taken: 1 sec, Data loading: 0 sec
2021-06-19 20:24:51,066 - utils.logger - INFO - learning rate = 0.0000683
2021-06-19 20:24:51,485 - utils.logger - INFO - Trn result of epoch 42 / 70 mse 0.2124 rmse 0.4609 pcc -0.1145 ccc -0.0094
2021-06-19 20:24:51,632 - utils.logger - INFO - Val result of epoch 42 / 70 mse 0.1841 rmse 0.4291 pcc -0.0046 ccc -0.0004
2021-06-19 20:24:52,039 - utils.logger - INFO - Cur epoch 43 loss ccc:0.1378
2021-06-19 20:24:52,445 - utils.logger - INFO - Cur epoch 43 loss ccc:0.1229
2021-06-19 20:24:52,777 - utils.logger - INFO - Cur epoch 43 loss ccc:1.0032
2021-06-19 20:24:52,777 - utils.logger - INFO - saving the model at the end of epoch 43, iters 258
2021-06-19 20:24:53,053 - utils.logger - INFO - End of training epoch 43 / 70 	 Time Taken: 1 sec, Data loading: 0 sec
2021-06-19 20:24:53,053 - utils.logger - INFO - learning rate = 0.0000659
2021-06-19 20:24:53,500 - utils.logger - INFO - Trn result of epoch 43 / 70 mse 0.2134 rmse 0.4620 pcc -0.1071 ccc -0.0110
2021-06-19 20:24:53,660 - utils.logger - INFO - Val result of epoch 43 / 70 mse 0.1841 rmse 0.4291 pcc 0.0124 ccc 0.0013
2021-06-19 20:24:54,056 - utils.logger - INFO - Cur epoch 44 loss ccc:0.0969
2021-06-19 20:24:54,467 - utils.logger - INFO - Cur epoch 44 loss ccc:0.1364
2021-06-19 20:24:54,793 - utils.logger - INFO - Cur epoch 44 loss ccc:0.9110
2021-06-19 20:24:54,793 - utils.logger - INFO - saving the model at the end of epoch 44, iters 264
2021-06-19 20:24:55,074 - utils.logger - INFO - End of training epoch 44 / 70 	 Time Taken: 1 sec, Data loading: 0 sec
2021-06-19 20:24:55,074 - utils.logger - INFO - learning rate = 0.0000634
2021-06-19 20:24:55,486 - utils.logger - INFO - Trn result of epoch 44 / 70 mse 0.2993 rmse 0.5471 pcc -0.0868 ccc -0.0090
2021-06-19 20:24:55,627 - utils.logger - INFO - Val result of epoch 44 / 70 mse 0.2604 rmse 0.5103 pcc 0.0352 ccc 0.0038
2021-06-19 20:24:56,016 - utils.logger - INFO - Cur epoch 45 loss ccc:0.1243
2021-06-19 20:24:56,416 - utils.logger - INFO - Cur epoch 45 loss ccc:0.1370
2021-06-19 20:24:56,732 - utils.logger - INFO - Cur epoch 45 loss ccc:1.0002
2021-06-19 20:24:56,732 - utils.logger - INFO - saving the model at the end of epoch 45, iters 270
2021-06-19 20:24:57,004 - utils.logger - INFO - End of training epoch 45 / 70 	 Time Taken: 1 sec, Data loading: 0 sec
2021-06-19 20:24:57,004 - utils.logger - INFO - learning rate = 0.0000610
2021-06-19 20:24:57,413 - utils.logger - INFO - Trn result of epoch 45 / 70 mse 0.3307 rmse 0.5751 pcc -0.0879 ccc -0.0115
2021-06-19 20:24:57,556 - utils.logger - INFO - Val result of epoch 45 / 70 mse 0.2880 rmse 0.5367 pcc 0.0425 ccc 0.0062
2021-06-19 20:24:57,935 - utils.logger - INFO - Cur epoch 46 loss ccc:0.1237
2021-06-19 20:24:58,338 - utils.logger - INFO - Cur epoch 46 loss ccc:0.1368
2021-06-19 20:24:58,670 - utils.logger - INFO - Cur epoch 46 loss ccc:1.0046
2021-06-19 20:24:58,670 - utils.logger - INFO - saving the model at the end of epoch 46, iters 276
2021-06-19 20:24:58,978 - utils.logger - INFO - End of training epoch 46 / 70 	 Time Taken: 1 sec, Data loading: 0 sec
2021-06-19 20:24:58,979 - utils.logger - INFO - learning rate = 0.0000585
2021-06-19 20:24:59,423 - utils.logger - INFO - Trn result of epoch 46 / 70 mse 0.3007 rmse 0.5483 pcc -0.0899 ccc -0.0132
2021-06-19 20:24:59,582 - utils.logger - INFO - Val result of epoch 46 / 70 mse 0.2597 rmse 0.5096 pcc 0.0506 ccc 0.0084
2021-06-19 20:24:59,979 - utils.logger - INFO - Cur epoch 47 loss ccc:0.1387
2021-06-19 20:25:00,389 - utils.logger - INFO - Cur epoch 47 loss ccc:0.1242
2021-06-19 20:25:00,721 - utils.logger - INFO - Cur epoch 47 loss ccc:0.9640
2021-06-19 20:25:00,722 - utils.logger - INFO - saving the model at the end of epoch 47, iters 282
2021-06-19 20:25:00,993 - utils.logger - INFO - End of training epoch 47 / 70 	 Time Taken: 1 sec, Data loading: 0 sec
2021-06-19 20:25:00,993 - utils.logger - INFO - learning rate = 0.0000561
2021-06-19 20:25:01,430 - utils.logger - INFO - Trn result of epoch 47 / 70 mse 0.2164 rmse 0.4652 pcc -0.1077 ccc -0.0214
2021-06-19 20:25:01,593 - utils.logger - INFO - Val result of epoch 47 / 70 mse 0.1841 rmse 0.4291 pcc 0.0537 ccc 0.0125
2021-06-19 20:25:01,996 - utils.logger - INFO - Cur epoch 48 loss ccc:0.1326
2021-06-19 20:25:02,391 - utils.logger - INFO - Cur epoch 48 loss ccc:0.1051
2021-06-19 20:25:02,708 - utils.logger - INFO - Cur epoch 48 loss ccc:1.0099
2021-06-19 20:25:02,708 - utils.logger - INFO - saving the model at the end of epoch 48, iters 288
2021-06-19 20:25:02,979 - utils.logger - INFO - End of training epoch 48 / 70 	 Time Taken: 1 sec, Data loading: 0 sec
2021-06-19 20:25:02,980 - utils.logger - INFO - learning rate = 0.0000537
2021-06-19 20:25:03,392 - utils.logger - INFO - Trn result of epoch 48 / 70 mse 0.3761 rmse 0.6133 pcc -0.1565 ccc -0.0434
2021-06-19 20:25:03,534 - utils.logger - INFO - Val result of epoch 48 / 70 mse 0.3025 rmse 0.5500 pcc 0.0614 ccc 0.0210
2021-06-19 20:25:03,930 - utils.logger - INFO - Cur epoch 49 loss ccc:0.1272
2021-06-19 20:25:04,328 - utils.logger - INFO - Cur epoch 49 loss ccc:0.1306
2021-06-19 20:25:04,643 - utils.logger - INFO - Cur epoch 49 loss ccc:0.9856
2021-06-19 20:25:04,643 - utils.logger - INFO - saving the model at the end of epoch 49, iters 294
2021-06-19 20:25:04,854 - utils.logger - INFO - End of training epoch 49 / 70 	 Time Taken: 1 sec, Data loading: 0 sec
2021-06-19 20:25:04,854 - utils.logger - INFO - learning rate = 0.0000512
2021-06-19 20:25:05,272 - utils.logger - INFO - Trn result of epoch 49 / 70 mse 0.3973 rmse 0.6304 pcc -0.1583 ccc -0.0413
2021-06-19 20:25:05,415 - utils.logger - INFO - Val result of epoch 49 / 70 mse 0.3178 rmse 0.5637 pcc 0.0648 ccc 0.0212
2021-06-19 20:25:05,813 - utils.logger - INFO - Cur epoch 50 loss ccc:0.1427
2021-06-19 20:25:06,210 - utils.logger - INFO - Cur epoch 50 loss ccc:0.1243
2021-06-19 20:25:06,549 - utils.logger - INFO - Cur epoch 50 loss ccc:0.8848
2021-06-19 20:25:06,549 - utils.logger - INFO - saving the model at the end of epoch 50, iters 300
2021-06-19 20:25:06,833 - utils.logger - INFO - End of training epoch 50 / 70 	 Time Taken: 1 sec, Data loading: 0 sec
2021-06-19 20:25:06,833 - utils.logger - INFO - learning rate = 0.0000488
2021-06-19 20:25:07,249 - utils.logger - INFO - Trn result of epoch 50 / 70 mse 0.2786 rmse 0.5279 pcc -0.1749 ccc -0.0848
2021-06-19 20:25:07,396 - utils.logger - INFO - Val result of epoch 50 / 70 mse 0.2005 rmse 0.4477 pcc 0.1153 ccc 0.0702
2021-06-19 20:25:07,814 - utils.logger - INFO - Cur epoch 51 loss ccc:0.1103
2021-06-19 20:25:08,223 - utils.logger - INFO - Cur epoch 51 loss ccc:0.1195
2021-06-19 20:25:08,575 - utils.logger - INFO - Cur epoch 51 loss ccc:1.0011
2021-06-19 20:25:08,575 - utils.logger - INFO - saving the model at the end of epoch 51, iters 306
2021-06-19 20:25:09,028 - utils.logger - INFO - End of training epoch 51 / 70 	 Time Taken: 1 sec, Data loading: 0 sec
2021-06-19 20:25:09,028 - utils.logger - INFO - learning rate = 0.0000463
2021-06-19 20:25:09,484 - utils.logger - INFO - Trn result of epoch 51 / 70 mse 0.3090 rmse 0.5559 pcc -0.1652 ccc -0.0633
2021-06-19 20:25:09,652 - utils.logger - INFO - Val result of epoch 51 / 70 mse 0.2347 rmse 0.4845 pcc 0.0741 ccc 0.0362
2021-06-19 20:25:10,070 - utils.logger - INFO - Cur epoch 52 loss ccc:0.1136
2021-06-19 20:25:10,481 - utils.logger - INFO - Cur epoch 52 loss ccc:0.1205
2021-06-19 20:25:10,812 - utils.logger - INFO - Cur epoch 52 loss ccc:0.9896
2021-06-19 20:25:10,812 - utils.logger - INFO - saving the model at the end of epoch 52, iters 312
2021-06-19 20:25:11,092 - utils.logger - INFO - End of training epoch 52 / 70 	 Time Taken: 1 sec, Data loading: 0 sec
2021-06-19 20:25:11,093 - utils.logger - INFO - learning rate = 0.0000439
2021-06-19 20:25:11,512 - utils.logger - INFO - Trn result of epoch 52 / 70 mse 0.2985 rmse 0.5464 pcc -0.1615 ccc -0.0594
2021-06-19 20:25:11,658 - utils.logger - INFO - Val result of epoch 52 / 70 mse 0.2273 rmse 0.4768 pcc 0.0778 ccc 0.0365
2021-06-19 20:25:12,041 - utils.logger - INFO - Cur epoch 53 loss ccc:0.1407
2021-06-19 20:25:12,433 - utils.logger - INFO - Cur epoch 53 loss ccc:0.1333
2021-06-19 20:25:12,768 - utils.logger - INFO - Cur epoch 53 loss ccc:0.9525
2021-06-19 20:25:12,768 - utils.logger - INFO - saving the model at the end of epoch 53, iters 318
2021-06-19 20:25:13,060 - utils.logger - INFO - End of training epoch 53 / 70 	 Time Taken: 1 sec, Data loading: 0 sec
2021-06-19 20:25:13,060 - utils.logger - INFO - learning rate = 0.0000415
2021-06-19 20:25:13,473 - utils.logger - INFO - Trn result of epoch 53 / 70 mse 0.2627 rmse 0.5126 pcc -0.1534 ccc -0.0510
2021-06-19 20:25:13,618 - utils.logger - INFO - Val result of epoch 53 / 70 mse 0.2054 rmse 0.4532 pcc 0.0671 ccc 0.0277
2021-06-19 20:25:14,024 - utils.logger - INFO - Cur epoch 54 loss ccc:0.1279
2021-06-19 20:25:14,412 - utils.logger - INFO - Cur epoch 54 loss ccc:0.1153
2021-06-19 20:25:14,745 - utils.logger - INFO - Cur epoch 54 loss ccc:0.9664
2021-06-19 20:25:14,745 - utils.logger - INFO - saving the model at the end of epoch 54, iters 324
2021-06-19 20:25:15,022 - utils.logger - INFO - End of training epoch 54 / 70 	 Time Taken: 1 sec, Data loading: 0 sec
2021-06-19 20:25:15,022 - utils.logger - INFO - learning rate = 0.0000390
2021-06-19 20:25:15,457 - utils.logger - INFO - Trn result of epoch 54 / 70 mse 0.3367 rmse 0.5803 pcc -0.0981 ccc -0.0189
2021-06-19 20:25:15,616 - utils.logger - INFO - Val result of epoch 54 / 70 mse 0.2861 rmse 0.5349 pcc 0.0262 ccc 0.0062
2021-06-19 20:25:16,027 - utils.logger - INFO - Cur epoch 55 loss ccc:0.1253
2021-06-19 20:25:16,437 - utils.logger - INFO - Cur epoch 55 loss ccc:0.1152
2021-06-19 20:25:16,777 - utils.logger - INFO - Cur epoch 55 loss ccc:0.9978
2021-06-19 20:25:16,777 - utils.logger - INFO - saving the model at the end of epoch 55, iters 330
2021-06-19 20:25:17,061 - utils.logger - INFO - End of training epoch 55 / 70 	 Time Taken: 1 sec, Data loading: 0 sec
2021-06-19 20:25:17,061 - utils.logger - INFO - learning rate = 0.0000366
2021-06-19 20:25:17,474 - utils.logger - INFO - Trn result of epoch 55 / 70 mse 0.2811 rmse 0.5302 pcc -0.1219 ccc -0.0307
2021-06-19 20:25:17,620 - utils.logger - INFO - Val result of epoch 55 / 70 mse 0.2326 rmse 0.4823 pcc 0.0303 ccc 0.0095
2021-06-19 20:25:18,045 - utils.logger - INFO - Cur epoch 56 loss ccc:0.1285
2021-06-19 20:25:18,450 - utils.logger - INFO - Cur epoch 56 loss ccc:0.1096
2021-06-19 20:25:18,787 - utils.logger - INFO - Cur epoch 56 loss ccc:0.9964
2021-06-19 20:25:18,788 - utils.logger - INFO - saving the model at the end of epoch 56, iters 336
2021-06-19 20:25:19,053 - utils.logger - INFO - End of training epoch 56 / 70 	 Time Taken: 1 sec, Data loading: 0 sec
2021-06-19 20:25:19,053 - utils.logger - INFO - learning rate = 0.0000341
2021-06-19 20:25:19,467 - utils.logger - INFO - Trn result of epoch 56 / 70 mse 0.2689 rmse 0.5186 pcc -0.1270 ccc -0.0342
2021-06-19 20:25:19,615 - utils.logger - INFO - Val result of epoch 56 / 70 mse 0.2202 rmse 0.4693 pcc 0.0361 ccc 0.0122
2021-06-19 20:25:20,021 - utils.logger - INFO - Cur epoch 57 loss ccc:0.1387
2021-06-19 20:25:20,429 - utils.logger - INFO - Cur epoch 57 loss ccc:0.1227
2021-06-19 20:25:20,760 - utils.logger - INFO - Cur epoch 57 loss ccc:1.0000
2021-06-19 20:25:20,760 - utils.logger - INFO - saving the model at the end of epoch 57, iters 342
2021-06-19 20:25:21,617 - utils.logger - INFO - End of training epoch 57 / 70 	 Time Taken: 2 sec, Data loading: 0 sec
2021-06-19 20:25:21,617 - utils.logger - INFO - learning rate = 0.0000317
2021-06-19 20:25:22,034 - utils.logger - INFO - Trn result of epoch 57 / 70 mse 0.2625 rmse 0.5123 pcc -0.1241 ccc -0.0334
2021-06-19 20:25:22,184 - utils.logger - INFO - Val result of epoch 57 / 70 mse 0.2143 rmse 0.4630 pcc 0.0408 ccc 0.0139
2021-06-19 20:25:22,581 - utils.logger - INFO - Cur epoch 58 loss ccc:0.1199
2021-06-19 20:25:22,994 - utils.logger - INFO - Cur epoch 58 loss ccc:0.1219
2021-06-19 20:25:23,323 - utils.logger - INFO - Cur epoch 58 loss ccc:0.9859
2021-06-19 20:25:23,323 - utils.logger - INFO - saving the model at the end of epoch 58, iters 348
2021-06-19 20:25:23,596 - utils.logger - INFO - End of training epoch 58 / 70 	 Time Taken: 1 sec, Data loading: 0 sec
2021-06-19 20:25:23,596 - utils.logger - INFO - learning rate = 0.0000293
2021-06-19 20:25:24,032 - utils.logger - INFO - Trn result of epoch 58 / 70 mse 0.2419 rmse 0.4919 pcc -0.1440 ccc -0.0486
2021-06-19 20:25:24,202 - utils.logger - INFO - Val result of epoch 58 / 70 mse 0.1897 rmse 0.4355 pcc 0.0633 ccc 0.0275
2021-06-19 20:25:24,640 - utils.logger - INFO - Cur epoch 59 loss ccc:0.1142
2021-06-19 20:25:25,062 - utils.logger - INFO - Cur epoch 59 loss ccc:0.1281
2021-06-19 20:25:25,401 - utils.logger - INFO - Cur epoch 59 loss ccc:0.8967
2021-06-19 20:25:25,401 - utils.logger - INFO - saving the model at the end of epoch 59, iters 354
2021-06-19 20:25:25,833 - utils.logger - INFO - End of training epoch 59 / 70 	 Time Taken: 1 sec, Data loading: 0 sec
2021-06-19 20:25:25,834 - utils.logger - INFO - learning rate = 0.0000268
2021-06-19 20:25:26,256 - utils.logger - INFO - Trn result of epoch 59 / 70 mse 0.1987 rmse 0.4458 pcc -0.1585 ccc -0.0708
2021-06-19 20:25:26,401 - utils.logger - INFO - Val result of epoch 59 / 70 mse 0.1461 rmse 0.3822 pcc 0.1138 ccc 0.0650
2021-06-19 20:25:26,809 - utils.logger - INFO - Cur epoch 60 loss ccc:0.1227
2021-06-19 20:25:27,219 - utils.logger - INFO - Cur epoch 60 loss ccc:0.1406
2021-06-19 20:25:27,541 - utils.logger - INFO - Cur epoch 60 loss ccc:1.0052
2021-06-19 20:25:27,541 - utils.logger - INFO - saving the model at the end of epoch 60, iters 360
2021-06-19 20:25:27,759 - utils.logger - INFO - End of training epoch 60 / 70 	 Time Taken: 1 sec, Data loading: 0 sec
2021-06-19 20:25:27,759 - utils.logger - INFO - learning rate = 0.0000244
2021-06-19 20:25:28,223 - utils.logger - INFO - Trn result of epoch 60 / 70 mse 0.1907 rmse 0.4366 pcc -0.1588 ccc -0.0724
2021-06-19 20:25:28,389 - utils.logger - INFO - Val result of epoch 60 / 70 mse 0.1397 rmse 0.3738 pcc 0.1166 ccc 0.0679
2021-06-19 20:25:28,803 - utils.logger - INFO - Cur epoch 61 loss ccc:0.1248
2021-06-19 20:25:29,226 - utils.logger - INFO - Cur epoch 61 loss ccc:0.1142
2021-06-19 20:25:29,577 - utils.logger - INFO - Cur epoch 61 loss ccc:0.9722
2021-06-19 20:25:29,577 - utils.logger - INFO - saving the model at the end of epoch 61, iters 366
2021-06-19 20:25:29,853 - utils.logger - INFO - End of training epoch 61 / 70 	 Time Taken: 1 sec, Data loading: 0 sec
2021-06-19 20:25:29,854 - utils.logger - INFO - learning rate = 0.0000220
2021-06-19 20:25:30,270 - utils.logger - INFO - Trn result of epoch 61 / 70 mse 0.1996 rmse 0.4468 pcc -0.1548 ccc -0.0674
2021-06-19 20:25:30,416 - utils.logger - INFO - Val result of epoch 61 / 70 mse 0.1471 rmse 0.3835 pcc 0.1080 ccc 0.0609
2021-06-19 20:25:30,820 - utils.logger - INFO - Cur epoch 62 loss ccc:0.1140
2021-06-19 20:25:31,255 - utils.logger - INFO - Cur epoch 62 loss ccc:0.1391
2021-06-19 20:25:31,587 - utils.logger - INFO - Cur epoch 62 loss ccc:1.0057
2021-06-19 20:25:31,587 - utils.logger - INFO - saving the model at the end of epoch 62, iters 372
2021-06-19 20:25:31,859 - utils.logger - INFO - End of training epoch 62 / 70 	 Time Taken: 1 sec, Data loading: 0 sec
2021-06-19 20:25:31,859 - utils.logger - INFO - learning rate = 0.0000195
2021-06-19 20:25:32,272 - utils.logger - INFO - Trn result of epoch 62 / 70 mse 0.2086 rmse 0.4568 pcc -0.1479 ccc -0.0600
2021-06-19 20:25:32,423 - utils.logger - INFO - Val result of epoch 62 / 70 mse 0.1561 rmse 0.3950 pcc 0.0930 ccc 0.0493
2021-06-19 20:25:32,817 - utils.logger - INFO - Cur epoch 63 loss ccc:0.1326
2021-06-19 20:25:33,204 - utils.logger - INFO - Cur epoch 63 loss ccc:0.1250
2021-06-19 20:25:33,543 - utils.logger - INFO - Cur epoch 63 loss ccc:1.0150
2021-06-19 20:25:33,543 - utils.logger - INFO - saving the model at the end of epoch 63, iters 378
2021-06-19 20:25:33,811 - utils.logger - INFO - End of training epoch 63 / 70 	 Time Taken: 1 sec, Data loading: 0 sec
2021-06-19 20:25:33,811 - utils.logger - INFO - learning rate = 0.0000171
2021-06-19 20:25:34,230 - utils.logger - INFO - Trn result of epoch 63 / 70 mse 0.2739 rmse 0.5233 pcc -0.0797 ccc -0.0181
2021-06-19 20:25:34,372 - utils.logger - INFO - Val result of epoch 63 / 70 mse 0.2244 rmse 0.4737 pcc 0.0696 ccc 0.0207
2021-06-19 20:25:34,779 - utils.logger - INFO - Cur epoch 64 loss ccc:0.1106
2021-06-19 20:25:35,186 - utils.logger - INFO - Cur epoch 64 loss ccc:0.1248
2021-06-19 20:25:35,529 - utils.logger - INFO - Cur epoch 64 loss ccc:0.9480
2021-06-19 20:25:35,529 - utils.logger - INFO - saving the model at the end of epoch 64, iters 384
2021-06-19 20:25:35,808 - utils.logger - INFO - End of training epoch 64 / 70 	 Time Taken: 1 sec, Data loading: 0 sec
2021-06-19 20:25:35,808 - utils.logger - INFO - learning rate = 0.0000146
2021-06-19 20:25:36,229 - utils.logger - INFO - Trn result of epoch 64 / 70 mse 0.2161 rmse 0.4648 pcc -0.1115 ccc -0.0375
2021-06-19 20:25:36,390 - utils.logger - INFO - Val result of epoch 64 / 70 mse 0.1685 rmse 0.4104 pcc 0.0905 ccc 0.0402
2021-06-19 20:25:36,820 - utils.logger - INFO - Cur epoch 65 loss ccc:0.1212
2021-06-19 20:25:37,252 - utils.logger - INFO - Cur epoch 65 loss ccc:0.1249
2021-06-19 20:25:37,622 - utils.logger - INFO - Cur epoch 65 loss ccc:1.0638
2021-06-19 20:25:37,622 - utils.logger - INFO - saving the model at the end of epoch 65, iters 390
2021-06-19 20:25:37,942 - utils.logger - INFO - End of training epoch 65 / 70 	 Time Taken: 1 sec, Data loading: 0 sec
2021-06-19 20:25:37,943 - utils.logger - INFO - learning rate = 0.0000122
2021-06-19 20:25:38,364 - utils.logger - INFO - Trn result of epoch 65 / 70 mse 0.2906 rmse 0.5391 pcc -0.0902 ccc -0.0237
2021-06-19 20:25:38,508 - utils.logger - INFO - Val result of epoch 65 / 70 mse 0.2337 rmse 0.4834 pcc 0.0715 ccc 0.0252
2021-06-19 20:25:38,926 - utils.logger - INFO - Cur epoch 66 loss ccc:0.1176
2021-06-19 20:25:39,326 - utils.logger - INFO - Cur epoch 66 loss ccc:0.1229
2021-06-19 20:25:39,641 - utils.logger - INFO - Cur epoch 66 loss ccc:0.9990
2021-06-19 20:25:39,641 - utils.logger - INFO - saving the model at the end of epoch 66, iters 396
2021-06-19 20:25:39,914 - utils.logger - INFO - End of training epoch 66 / 70 	 Time Taken: 1 sec, Data loading: 0 sec
2021-06-19 20:25:39,914 - utils.logger - INFO - learning rate = 0.0000098
2021-06-19 20:25:40,331 - utils.logger - INFO - Trn result of epoch 66 / 70 mse 0.2833 rmse 0.5323 pcc -0.0987 ccc -0.0286
2021-06-19 20:25:40,478 - utils.logger - INFO - Val result of epoch 66 / 70 mse 0.2244 rmse 0.4737 pcc 0.0739 ccc 0.0289
2021-06-19 20:25:40,881 - utils.logger - INFO - Cur epoch 67 loss ccc:0.1256
2021-06-19 20:25:41,277 - utils.logger - INFO - Cur epoch 67 loss ccc:0.1260
2021-06-19 20:25:41,598 - utils.logger - INFO - Cur epoch 67 loss ccc:0.9535
2021-06-19 20:25:41,598 - utils.logger - INFO - saving the model at the end of epoch 67, iters 402
2021-06-19 20:25:41,861 - utils.logger - INFO - End of training epoch 67 / 70 	 Time Taken: 1 sec, Data loading: 0 sec
2021-06-19 20:25:41,861 - utils.logger - INFO - learning rate = 0.0000073
2021-06-19 20:25:42,277 - utils.logger - INFO - Trn result of epoch 67 / 70 mse 0.2768 rmse 0.5261 pcc -0.0974 ccc -0.0275
2021-06-19 20:25:42,426 - utils.logger - INFO - Val result of epoch 67 / 70 mse 0.2211 rmse 0.4702 pcc 0.0692 ccc 0.0263
2021-06-19 20:25:42,829 - utils.logger - INFO - Cur epoch 68 loss ccc:0.1272
2021-06-19 20:25:43,239 - utils.logger - INFO - Cur epoch 68 loss ccc:0.1167
2021-06-19 20:25:43,587 - utils.logger - INFO - Cur epoch 68 loss ccc:0.9997
2021-06-19 20:25:43,588 - utils.logger - INFO - saving the model at the end of epoch 68, iters 408
2021-06-19 20:25:43,859 - utils.logger - INFO - End of training epoch 68 / 70 	 Time Taken: 1 sec, Data loading: 0 sec
2021-06-19 20:25:43,859 - utils.logger - INFO - learning rate = 0.0000049
2021-06-19 20:25:44,273 - utils.logger - INFO - Trn result of epoch 68 / 70 mse 0.2715 rmse 0.5210 pcc -0.0989 ccc -0.0286
2021-06-19 20:25:44,420 - utils.logger - INFO - Val result of epoch 68 / 70 mse 0.2157 rmse 0.4644 pcc 0.0733 ccc 0.0286
2021-06-19 20:25:44,850 - utils.logger - INFO - Cur epoch 69 loss ccc:0.1011
2021-06-19 20:25:45,259 - utils.logger - INFO - Cur epoch 69 loss ccc:0.1250
2021-06-19 20:25:45,603 - utils.logger - INFO - Cur epoch 69 loss ccc:0.9345
2021-06-19 20:25:45,603 - utils.logger - INFO - saving the model at the end of epoch 69, iters 414
2021-06-19 20:25:45,877 - utils.logger - INFO - End of training epoch 69 / 70 	 Time Taken: 1 sec, Data loading: 0 sec
2021-06-19 20:25:45,877 - utils.logger - INFO - learning rate = 0.0000024
2021-06-19 20:25:46,291 - utils.logger - INFO - Trn result of epoch 69 / 70 mse 0.2639 rmse 0.5137 pcc -0.1146 ccc -0.0378
2021-06-19 20:25:46,436 - utils.logger - INFO - Val result of epoch 69 / 70 mse 0.2039 rmse 0.4516 pcc 0.0845 ccc 0.0377
2021-06-19 20:25:46,851 - utils.logger - INFO - Cur epoch 70 loss ccc:0.1455
2021-06-19 20:25:47,269 - utils.logger - INFO - Cur epoch 70 loss ccc:0.1265
2021-06-19 20:25:47,617 - utils.logger - INFO - Cur epoch 70 loss ccc:1.0004
2021-06-19 20:25:47,617 - utils.logger - INFO - saving the model at the end of epoch 70, iters 420
2021-06-19 20:25:47,983 - utils.logger - INFO - End of training epoch 70 / 70 	 Time Taken: 1 sec, Data loading: 0 sec
2021-06-19 20:25:47,983 - utils.logger - INFO - learning rate = 0.0000000
2021-06-19 20:25:48,425 - utils.logger - INFO - Trn result of epoch 70 / 70 mse 0.2618 rmse 0.5116 pcc -0.1168 ccc -0.0392
2021-06-19 20:25:48,587 - utils.logger - INFO - Val result of epoch 70 / 70 mse 0.2013 rmse 0.4487 pcc 0.0866 ccc 0.0393
2021-06-19 20:25:48,587 - utils.logger - INFO - Best eval epoch 50 found with ccc 0.070242
2021-06-19 20:25:48,587 - utils.logger - INFO - baseline_fcfusion_wonorm_wav2vec_arousal_hidden1024_seq100_lr0.0001_cccloss_run2
