2021-06-05 12:43:30,615 - utils.logger - INFO - The number of training samples = 41
2021-06-05 12:43:48,863 - utils.logger - INFO - Cur epoch 1 loss MSE:0.1541
2021-06-05 12:43:50,806 - utils.logger - INFO - Cur epoch 1 loss MSE:0.0569
2021-06-05 12:43:51,364 - utils.logger - INFO - Cur epoch 1 loss MSE:0.6388
2021-06-05 12:43:51,364 - utils.logger - INFO - saving the model at the end of epoch 1, iters 6
2021-06-05 12:43:51,699 - utils.logger - INFO - End of training epoch 1 / 50 	 Time Taken: 17 sec, Data loading: 16 sec
2021-06-05 12:43:51,700 - utils.logger - INFO - learning rate = 0.0000100
2021-06-05 12:44:03,918 - utils.logger - INFO - Trn result of epoch 1 / 50 mse 0.0895 rmse 0.2992 pcc 0.0735 ccc 0.0003
2021-06-05 12:44:09,231 - utils.logger - INFO - Val result of epoch 1 / 50 mse 0.0938 rmse 0.3063 pcc -0.0655 ccc -0.0003
2021-06-05 12:44:14,483 - utils.logger - INFO - Cur epoch 2 loss MSE:0.1643
2021-06-05 12:44:22,172 - utils.logger - INFO - Cur epoch 2 loss MSE:0.2346
2021-06-05 12:44:23,040 - utils.logger - INFO - Cur epoch 2 loss MSE:3.5269
2021-06-05 12:44:23,040 - utils.logger - INFO - saving the model at the end of epoch 2, iters 12
2021-06-05 12:44:23,368 - utils.logger - INFO - End of training epoch 2 / 50 	 Time Taken: 14 sec, Data loading: 12 sec
2021-06-05 12:44:23,368 - utils.logger - INFO - learning rate = 0.0000100
2021-06-05 12:44:34,877 - utils.logger - INFO - Trn result of epoch 2 / 50 mse 0.0895 rmse 0.2992 pcc 0.0871 ccc 0.0010
2021-06-05 12:44:36,310 - utils.logger - INFO - Val result of epoch 2 / 50 mse 0.0935 rmse 0.3057 pcc -0.0201 ccc -0.0002
2021-06-05 12:44:42,857 - utils.logger - INFO - Cur epoch 3 loss MSE:1.3700
2021-06-05 12:44:49,753 - utils.logger - INFO - Cur epoch 3 loss MSE:0.1811
2021-06-05 12:44:55,374 - utils.logger - INFO - Cur epoch 3 loss MSE:0.0691
2021-06-05 12:44:55,374 - utils.logger - INFO - saving the model at the end of epoch 3, iters 18
2021-06-05 12:44:55,777 - utils.logger - INFO - End of training epoch 3 / 50 	 Time Taken: 19 sec, Data loading: 17 sec
2021-06-05 12:44:55,778 - utils.logger - INFO - learning rate = 0.0000100
2021-06-05 12:45:09,594 - utils.logger - INFO - Trn result of epoch 3 / 50 mse 0.0895 rmse 0.2991 pcc 0.1345 ccc 0.0010
