2021-06-17 03:14:52,394 - utils.logger - INFO - The number of training samples = 41
2021-06-17 03:14:55,191 - utils.logger - INFO - Cur epoch 1 loss ccc:0.1207
2021-06-17 03:14:55,649 - utils.logger - INFO - Cur epoch 1 loss ccc:0.1160
2021-06-17 03:14:55,998 - utils.logger - INFO - Cur epoch 1 loss ccc:1.0270
2021-06-17 03:14:55,999 - utils.logger - INFO - saving the model at the end of epoch 1, iters 6
2021-06-17 03:14:56,237 - utils.logger - INFO - End of training epoch 1 / 60 	 Time Taken: 1 sec, Data loading: 0 sec
2021-06-17 03:14:56,237 - utils.logger - INFO - learning rate = 0.0001000
2021-06-17 03:14:56,716 - utils.logger - INFO - Trn result of epoch 1 / 60 mse 0.0512 rmse 0.2263 pcc 0.4273 ccc 0.0675
2021-06-17 03:14:56,880 - utils.logger - INFO - Val result of epoch 1 / 60 mse 0.0404 rmse 0.2011 pcc 0.4642 ccc 0.0991
2021-06-17 03:14:57,302 - utils.logger - INFO - Cur epoch 2 loss ccc:0.1253
2021-06-17 03:14:57,738 - utils.logger - INFO - Cur epoch 2 loss ccc:0.1244
2021-06-17 03:14:58,105 - utils.logger - INFO - Cur epoch 2 loss ccc:0.8538
2021-06-17 03:14:58,105 - utils.logger - INFO - saving the model at the end of epoch 2, iters 12
2021-06-17 03:14:58,297 - utils.logger - INFO - End of training epoch 2 / 60 	 Time Taken: 1 sec, Data loading: 0 sec
2021-06-17 03:14:58,298 - utils.logger - INFO - learning rate = 0.0001000
2021-06-17 03:14:58,742 - utils.logger - INFO - Trn result of epoch 2 / 60 mse 0.0454 rmse 0.2131 pcc 0.4317 ccc 0.0876
2021-06-17 03:14:58,903 - utils.logger - INFO - Val result of epoch 2 / 60 mse 0.0363 rmse 0.1904 pcc 0.4414 ccc 0.1247
2021-06-17 03:14:59,327 - utils.logger - INFO - Cur epoch 3 loss ccc:0.1089
2021-06-17 03:14:59,759 - utils.logger - INFO - Cur epoch 3 loss ccc:0.1183
2021-06-17 03:15:00,115 - utils.logger - INFO - Cur epoch 3 loss ccc:1.0003
2021-06-17 03:15:00,115 - utils.logger - INFO - saving the model at the end of epoch 3, iters 18
2021-06-17 03:15:00,334 - utils.logger - INFO - End of training epoch 3 / 60 	 Time Taken: 1 sec, Data loading: 0 sec
2021-06-17 03:15:00,334 - utils.logger - INFO - learning rate = 0.0001000
2021-06-17 03:15:00,802 - utils.logger - INFO - Trn result of epoch 3 / 60 mse 0.0500 rmse 0.2235 pcc 0.4381 ccc 0.0494
2021-06-17 03:15:00,975 - utils.logger - INFO - Val result of epoch 3 / 60 mse 0.0400 rmse 0.1999 pcc 0.4377 ccc 0.0706
2021-06-17 03:15:01,387 - utils.logger - INFO - Cur epoch 4 loss ccc:0.1237
2021-06-17 03:15:01,814 - utils.logger - INFO - Cur epoch 4 loss ccc:0.1048
2021-06-17 03:15:02,188 - utils.logger - INFO - Cur epoch 4 loss ccc:1.0001
2021-06-17 03:15:02,188 - utils.logger - INFO - saving the model at the end of epoch 4, iters 24
2021-06-17 03:15:02,439 - utils.logger - INFO - End of training epoch 4 / 60 	 Time Taken: 1 sec, Data loading: 0 sec
2021-06-17 03:15:02,439 - utils.logger - INFO - learning rate = 0.0001000
2021-06-17 03:15:02,879 - utils.logger - INFO - Trn result of epoch 4 / 60 mse 0.0507 rmse 0.2251 pcc 0.4118 ccc 0.0579
2021-06-17 03:15:03,041 - utils.logger - INFO - Val result of epoch 4 / 60 mse 0.0406 rmse 0.2015 pcc 0.4018 ccc 0.0800
2021-06-17 03:15:03,465 - utils.logger - INFO - Cur epoch 5 loss ccc:0.1157
2021-06-17 03:15:03,911 - utils.logger - INFO - Cur epoch 5 loss ccc:0.1095
2021-06-17 03:15:04,271 - utils.logger - INFO - Cur epoch 5 loss ccc:1.0018
2021-06-17 03:15:04,271 - utils.logger - INFO - saving the model at the end of epoch 5, iters 30
2021-06-17 03:15:04,613 - utils.logger - INFO - End of training epoch 5 / 60 	 Time Taken: 1 sec, Data loading: 0 sec
2021-06-17 03:15:04,613 - utils.logger - INFO - learning rate = 0.0001000
2021-06-17 03:15:05,042 - utils.logger - INFO - Trn result of epoch 5 / 60 mse 0.0454 rmse 0.2131 pcc 0.3957 ccc 0.1069
2021-06-17 03:15:05,192 - utils.logger - INFO - Val result of epoch 5 / 60 mse 0.0365 rmse 0.1910 pcc 0.3954 ccc 0.1485
2021-06-17 03:15:05,629 - utils.logger - INFO - Cur epoch 6 loss ccc:0.1170
2021-06-17 03:15:06,061 - utils.logger - INFO - Cur epoch 6 loss ccc:0.1236
2021-06-17 03:15:06,410 - utils.logger - INFO - Cur epoch 6 loss ccc:1.0183
2021-06-17 03:15:06,411 - utils.logger - INFO - saving the model at the end of epoch 6, iters 36
2021-06-17 03:15:06,669 - utils.logger - INFO - End of training epoch 6 / 60 	 Time Taken: 1 sec, Data loading: 0 sec
2021-06-17 03:15:06,669 - utils.logger - INFO - learning rate = 0.0001000
2021-06-17 03:15:07,111 - utils.logger - INFO - Trn result of epoch 6 / 60 mse 0.0422 rmse 0.2055 pcc 0.4041 ccc 0.0765
2021-06-17 03:15:07,270 - utils.logger - INFO - Val result of epoch 6 / 60 mse 0.0348 rmse 0.1866 pcc 0.3998 ccc 0.1028
2021-06-17 03:15:07,693 - utils.logger - INFO - Cur epoch 7 loss ccc:0.1277
2021-06-17 03:15:08,120 - utils.logger - INFO - Cur epoch 7 loss ccc:0.1156
2021-06-17 03:15:08,484 - utils.logger - INFO - Cur epoch 7 loss ccc:0.7053
2021-06-17 03:15:08,485 - utils.logger - INFO - saving the model at the end of epoch 7, iters 42
2021-06-17 03:15:08,736 - utils.logger - INFO - End of training epoch 7 / 60 	 Time Taken: 1 sec, Data loading: 0 sec
2021-06-17 03:15:08,737 - utils.logger - INFO - learning rate = 0.0001000
2021-06-17 03:15:09,173 - utils.logger - INFO - Trn result of epoch 7 / 60 mse 0.0432 rmse 0.2078 pcc 0.4075 ccc 0.1163
2021-06-17 03:15:09,327 - utils.logger - INFO - Val result of epoch 7 / 60 mse 0.0346 rmse 0.1860 pcc 0.4197 ccc 0.1645
2021-06-17 03:15:09,757 - utils.logger - INFO - Cur epoch 8 loss ccc:0.1267
2021-06-17 03:15:10,207 - utils.logger - INFO - Cur epoch 8 loss ccc:0.1070
2021-06-17 03:15:10,594 - utils.logger - INFO - Cur epoch 8 loss ccc:0.9690
2021-06-17 03:15:10,594 - utils.logger - INFO - saving the model at the end of epoch 8, iters 48
2021-06-17 03:15:10,903 - utils.logger - INFO - End of training epoch 8 / 60 	 Time Taken: 1 sec, Data loading: 0 sec
2021-06-17 03:15:10,903 - utils.logger - INFO - learning rate = 0.0001000
2021-06-17 03:15:11,329 - utils.logger - INFO - Trn result of epoch 8 / 60 mse 0.0437 rmse 0.2090 pcc 0.4041 ccc 0.1251
2021-06-17 03:15:11,487 - utils.logger - INFO - Val result of epoch 8 / 60 mse 0.0351 rmse 0.1873 pcc 0.4058 ccc 0.1722
2021-06-17 03:15:11,895 - utils.logger - INFO - Cur epoch 9 loss ccc:0.1160
2021-06-17 03:15:12,313 - utils.logger - INFO - Cur epoch 9 loss ccc:0.1250
2021-06-17 03:15:12,662 - utils.logger - INFO - Cur epoch 9 loss ccc:1.0000
2021-06-17 03:15:12,662 - utils.logger - INFO - saving the model at the end of epoch 9, iters 54
2021-06-17 03:15:12,906 - utils.logger - INFO - End of training epoch 9 / 60 	 Time Taken: 1 sec, Data loading: 0 sec
2021-06-17 03:15:12,907 - utils.logger - INFO - learning rate = 0.0001000
2021-06-17 03:15:13,322 - utils.logger - INFO - Trn result of epoch 9 / 60 mse 0.0436 rmse 0.2087 pcc 0.4035 ccc 0.1356
2021-06-17 03:15:13,465 - utils.logger - INFO - Val result of epoch 9 / 60 mse 0.0349 rmse 0.1868 pcc 0.4110 ccc 0.1881
2021-06-17 03:15:13,883 - utils.logger - INFO - Cur epoch 10 loss ccc:0.0875
2021-06-17 03:15:14,295 - utils.logger - INFO - Cur epoch 10 loss ccc:0.1118
2021-06-17 03:15:14,627 - utils.logger - INFO - Cur epoch 10 loss ccc:1.0012
2021-06-17 03:15:14,628 - utils.logger - INFO - saving the model at the end of epoch 10, iters 60
2021-06-17 03:15:14,882 - utils.logger - INFO - End of training epoch 10 / 60 	 Time Taken: 1 sec, Data loading: 0 sec
2021-06-17 03:15:14,883 - utils.logger - INFO - learning rate = 0.0001000
2021-06-17 03:15:15,305 - utils.logger - INFO - Trn result of epoch 10 / 60 mse 0.0399 rmse 0.1998 pcc 0.4016 ccc 0.2458
2021-06-17 03:15:15,452 - utils.logger - INFO - Val result of epoch 10 / 60 mse 0.0336 rmse 0.1832 pcc 0.4059 ccc 0.3124
2021-06-17 03:15:15,877 - utils.logger - INFO - Cur epoch 11 loss ccc:0.1080
2021-06-17 03:15:16,321 - utils.logger - INFO - Cur epoch 11 loss ccc:0.1125
2021-06-17 03:15:16,669 - utils.logger - INFO - Cur epoch 11 loss ccc:0.9963
2021-06-17 03:15:16,669 - utils.logger - INFO - saving the model at the end of epoch 11, iters 66
2021-06-17 03:15:16,935 - utils.logger - INFO - End of training epoch 11 / 60 	 Time Taken: 1 sec, Data loading: 0 sec
2021-06-17 03:15:16,935 - utils.logger - INFO - learning rate = 0.0001000
2021-06-17 03:15:17,398 - utils.logger - INFO - Trn result of epoch 11 / 60 mse 0.0424 rmse 0.2059 pcc 0.4086 ccc 0.2459
2021-06-17 03:15:17,565 - utils.logger - INFO - Val result of epoch 11 / 60 mse 0.0354 rmse 0.1880 pcc 0.4156 ccc 0.3145
2021-06-17 03:15:18,011 - utils.logger - INFO - Cur epoch 12 loss ccc:0.1149
2021-06-17 03:15:18,461 - utils.logger - INFO - Cur epoch 12 loss ccc:0.1102
2021-06-17 03:15:18,817 - utils.logger - INFO - Cur epoch 12 loss ccc:0.9990
2021-06-17 03:15:18,817 - utils.logger - INFO - saving the model at the end of epoch 12, iters 72
2021-06-17 03:15:19,072 - utils.logger - INFO - End of training epoch 12 / 60 	 Time Taken: 1 sec, Data loading: 0 sec
2021-06-17 03:15:19,072 - utils.logger - INFO - learning rate = 0.0001000
2021-06-17 03:15:19,516 - utils.logger - INFO - Trn result of epoch 12 / 60 mse 0.0393 rmse 0.1982 pcc 0.4078 ccc 0.3103
2021-06-17 03:15:19,677 - utils.logger - INFO - Val result of epoch 12 / 60 mse 0.0346 rmse 0.1861 pcc 0.4175 ccc 0.3748
2021-06-17 03:15:20,113 - utils.logger - INFO - Cur epoch 13 loss ccc:0.1249
2021-06-17 03:15:20,561 - utils.logger - INFO - Cur epoch 13 loss ccc:0.1240
2021-06-17 03:15:20,944 - utils.logger - INFO - Cur epoch 13 loss ccc:1.0459
2021-06-17 03:15:20,944 - utils.logger - INFO - saving the model at the end of epoch 13, iters 78
2021-06-17 03:15:21,167 - utils.logger - INFO - End of training epoch 13 / 60 	 Time Taken: 1 sec, Data loading: 0 sec
2021-06-17 03:15:21,167 - utils.logger - INFO - learning rate = 0.0001000
2021-06-17 03:15:21,611 - utils.logger - INFO - Trn result of epoch 13 / 60 mse 0.0362 rmse 0.1904 pcc 0.4183 ccc 0.2939
2021-06-17 03:15:21,776 - utils.logger - INFO - Val result of epoch 13 / 60 mse 0.0318 rmse 0.1783 pcc 0.4309 ccc 0.3568
2021-06-17 03:15:22,231 - utils.logger - INFO - Cur epoch 14 loss ccc:0.1130
2021-06-17 03:15:22,667 - utils.logger - INFO - Cur epoch 14 loss ccc:0.1240
2021-06-17 03:15:23,041 - utils.logger - INFO - Cur epoch 14 loss ccc:0.9957
2021-06-17 03:15:23,041 - utils.logger - INFO - saving the model at the end of epoch 14, iters 84
2021-06-17 03:15:23,349 - utils.logger - INFO - End of training epoch 14 / 60 	 Time Taken: 1 sec, Data loading: 0 sec
2021-06-17 03:15:23,349 - utils.logger - INFO - learning rate = 0.0001000
2021-06-17 03:15:23,831 - utils.logger - INFO - Trn result of epoch 14 / 60 mse 0.0368 rmse 0.1918 pcc 0.4284 ccc 0.2856
2021-06-17 03:15:24,175 - utils.logger - INFO - Val result of epoch 14 / 60 mse 0.0302 rmse 0.1738 pcc 0.4552 ccc 0.3629
2021-06-17 03:15:24,588 - utils.logger - INFO - Cur epoch 15 loss ccc:0.1250
2021-06-17 03:15:25,009 - utils.logger - INFO - Cur epoch 15 loss ccc:0.1276
2021-06-17 03:15:25,349 - utils.logger - INFO - Cur epoch 15 loss ccc:1.0429
2021-06-17 03:15:25,349 - utils.logger - INFO - saving the model at the end of epoch 15, iters 90
2021-06-17 03:15:25,628 - utils.logger - INFO - End of training epoch 15 / 60 	 Time Taken: 1 sec, Data loading: 0 sec
2021-06-17 03:15:25,629 - utils.logger - INFO - learning rate = 0.0001000
2021-06-17 03:15:26,060 - utils.logger - INFO - Trn result of epoch 15 / 60 mse 0.0435 rmse 0.2086 pcc 0.4152 ccc 0.2701
2021-06-17 03:15:26,215 - utils.logger - INFO - Val result of epoch 15 / 60 mse 0.0352 rmse 0.1877 pcc 0.4451 ccc 0.3531
2021-06-17 03:15:26,670 - utils.logger - INFO - Cur epoch 16 loss ccc:0.1184
2021-06-17 03:15:27,123 - utils.logger - INFO - Cur epoch 16 loss ccc:0.1215
2021-06-17 03:15:27,493 - utils.logger - INFO - Cur epoch 16 loss ccc:1.0064
2021-06-17 03:15:27,494 - utils.logger - INFO - saving the model at the end of epoch 16, iters 96
2021-06-17 03:15:27,829 - utils.logger - INFO - End of training epoch 16 / 60 	 Time Taken: 1 sec, Data loading: 0 sec
2021-06-17 03:15:27,829 - utils.logger - INFO - learning rate = 0.0001000
2021-06-17 03:15:28,331 - utils.logger - INFO - Trn result of epoch 16 / 60 mse 0.0376 rmse 0.1938 pcc 0.4140 ccc 0.3331
2021-06-17 03:15:28,502 - utils.logger - INFO - Val result of epoch 16 / 60 mse 0.0351 rmse 0.1872 pcc 0.4306 ccc 0.3875
2021-06-17 03:15:28,956 - utils.logger - INFO - Cur epoch 17 loss ccc:0.1038
2021-06-17 03:15:29,403 - utils.logger - INFO - Cur epoch 17 loss ccc:0.1047
2021-06-17 03:15:29,774 - utils.logger - INFO - Cur epoch 17 loss ccc:1.0005
2021-06-17 03:15:29,774 - utils.logger - INFO - saving the model at the end of epoch 17, iters 102
2021-06-17 03:15:30,040 - utils.logger - INFO - End of training epoch 17 / 60 	 Time Taken: 1 sec, Data loading: 0 sec
2021-06-17 03:15:30,040 - utils.logger - INFO - learning rate = 0.0001000
2021-06-17 03:15:30,466 - utils.logger - INFO - Trn result of epoch 17 / 60 mse 0.0380 rmse 0.1950 pcc 0.4078 ccc 0.3346
2021-06-17 03:15:30,617 - utils.logger - INFO - Val result of epoch 17 / 60 mse 0.0349 rmse 0.1868 pcc 0.4465 ccc 0.4043
2021-06-17 03:15:31,063 - utils.logger - INFO - Cur epoch 18 loss ccc:0.1187
2021-06-17 03:15:31,512 - utils.logger - INFO - Cur epoch 18 loss ccc:0.1251
2021-06-17 03:15:31,904 - utils.logger - INFO - Cur epoch 18 loss ccc:0.9782
2021-06-17 03:15:31,904 - utils.logger - INFO - saving the model at the end of epoch 18, iters 108
2021-06-17 03:15:32,160 - utils.logger - INFO - End of training epoch 18 / 60 	 Time Taken: 1 sec, Data loading: 0 sec
2021-06-17 03:15:32,160 - utils.logger - INFO - learning rate = 0.0001000
2021-06-17 03:15:32,582 - utils.logger - INFO - Trn result of epoch 18 / 60 mse 0.0520 rmse 0.2281 pcc 0.4126 ccc 0.2838
2021-06-17 03:15:32,744 - utils.logger - INFO - Val result of epoch 18 / 60 mse 0.0530 rmse 0.2302 pcc 0.4293 ccc 0.3164
2021-06-17 03:15:33,200 - utils.logger - INFO - Cur epoch 19 loss ccc:0.0983
2021-06-17 03:15:33,683 - utils.logger - INFO - Cur epoch 19 loss ccc:0.1112
2021-06-17 03:15:34,047 - utils.logger - INFO - Cur epoch 19 loss ccc:1.0025
2021-06-17 03:15:34,048 - utils.logger - INFO - saving the model at the end of epoch 19, iters 114
2021-06-17 03:15:34,300 - utils.logger - INFO - End of training epoch 19 / 60 	 Time Taken: 1 sec, Data loading: 0 sec
2021-06-17 03:15:34,300 - utils.logger - INFO - learning rate = 0.0001000
2021-06-17 03:15:34,721 - utils.logger - INFO - Trn result of epoch 19 / 60 mse 0.0412 rmse 0.2029 pcc 0.4255 ccc 0.3020
2021-06-17 03:15:34,871 - utils.logger - INFO - Val result of epoch 19 / 60 mse 0.0390 rmse 0.1976 pcc 0.4648 ccc 0.3516
2021-06-17 03:15:35,318 - utils.logger - INFO - Cur epoch 20 loss ccc:0.1145
2021-06-17 03:15:35,728 - utils.logger - INFO - Cur epoch 20 loss ccc:0.1250
2021-06-17 03:15:36,087 - utils.logger - INFO - Cur epoch 20 loss ccc:0.9994
2021-06-17 03:15:36,087 - utils.logger - INFO - saving the model at the end of epoch 20, iters 120
2021-06-17 03:15:36,347 - utils.logger - INFO - End of training epoch 20 / 60 	 Time Taken: 1 sec, Data loading: 0 sec
2021-06-17 03:15:36,347 - utils.logger - INFO - learning rate = 0.0000976
2021-06-17 03:15:36,799 - utils.logger - INFO - Trn result of epoch 20 / 60 mse 0.0379 rmse 0.1946 pcc 0.4125 ccc 0.2818
2021-06-17 03:15:36,967 - utils.logger - INFO - Val result of epoch 20 / 60 mse 0.0302 rmse 0.1738 pcc 0.4604 ccc 0.3725
2021-06-17 03:15:37,402 - utils.logger - INFO - Cur epoch 21 loss ccc:0.1250
2021-06-17 03:15:37,828 - utils.logger - INFO - Cur epoch 21 loss ccc:0.0993
2021-06-17 03:15:38,194 - utils.logger - INFO - Cur epoch 21 loss ccc:1.0000
2021-06-17 03:15:38,195 - utils.logger - INFO - saving the model at the end of epoch 21, iters 126
2021-06-17 03:15:38,485 - utils.logger - INFO - End of training epoch 21 / 60 	 Time Taken: 1 sec, Data loading: 0 sec
2021-06-17 03:15:38,486 - utils.logger - INFO - learning rate = 0.0000951
2021-06-17 03:15:38,903 - utils.logger - INFO - Trn result of epoch 21 / 60 mse 0.0437 rmse 0.2089 pcc 0.4183 ccc 0.2372
2021-06-17 03:15:39,052 - utils.logger - INFO - Val result of epoch 21 / 60 mse 0.0337 rmse 0.1837 pcc 0.4605 ccc 0.3270
2021-06-17 03:15:39,487 - utils.logger - INFO - Cur epoch 22 loss ccc:0.1204
2021-06-17 03:15:39,916 - utils.logger - INFO - Cur epoch 22 loss ccc:0.1213
2021-06-17 03:15:40,279 - utils.logger - INFO - Cur epoch 22 loss ccc:0.9965
2021-06-17 03:15:40,280 - utils.logger - INFO - saving the model at the end of epoch 22, iters 132
2021-06-17 03:15:40,534 - utils.logger - INFO - End of training epoch 22 / 60 	 Time Taken: 1 sec, Data loading: 0 sec
2021-06-17 03:15:40,534 - utils.logger - INFO - learning rate = 0.0000927
2021-06-17 03:15:40,951 - utils.logger - INFO - Trn result of epoch 22 / 60 mse 0.0406 rmse 0.2014 pcc 0.4217 ccc 0.2822
2021-06-17 03:15:41,093 - utils.logger - INFO - Val result of epoch 22 / 60 mse 0.0323 rmse 0.1796 pcc 0.4600 ccc 0.3736
2021-06-17 03:15:41,513 - utils.logger - INFO - Cur epoch 23 loss ccc:0.0960
2021-06-17 03:15:41,940 - utils.logger - INFO - Cur epoch 23 loss ccc:0.1242
2021-06-17 03:15:42,291 - utils.logger - INFO - Cur epoch 23 loss ccc:0.9897
2021-06-17 03:15:42,291 - utils.logger - INFO - saving the model at the end of epoch 23, iters 138
2021-06-17 03:15:42,535 - utils.logger - INFO - End of training epoch 23 / 60 	 Time Taken: 1 sec, Data loading: 0 sec
2021-06-17 03:15:42,535 - utils.logger - INFO - learning rate = 0.0000902
2021-06-17 03:15:42,970 - utils.logger - INFO - Trn result of epoch 23 / 60 mse 0.0395 rmse 0.1988 pcc 0.4247 ccc 0.2959
2021-06-17 03:15:43,120 - utils.logger - INFO - Val result of epoch 23 / 60 mse 0.0323 rmse 0.1798 pcc 0.4491 ccc 0.3766
2021-06-17 03:15:43,535 - utils.logger - INFO - Cur epoch 24 loss ccc:0.1151
2021-06-17 03:15:43,997 - utils.logger - INFO - Cur epoch 24 loss ccc:0.1302
2021-06-17 03:15:44,379 - utils.logger - INFO - Cur epoch 24 loss ccc:1.0306
2021-06-17 03:15:44,379 - utils.logger - INFO - saving the model at the end of epoch 24, iters 144
2021-06-17 03:15:44,633 - utils.logger - INFO - End of training epoch 24 / 60 	 Time Taken: 1 sec, Data loading: 0 sec
2021-06-17 03:15:44,634 - utils.logger - INFO - learning rate = 0.0000878
2021-06-17 03:15:45,149 - utils.logger - INFO - Trn result of epoch 24 / 60 mse 0.0493 rmse 0.2221 pcc 0.3844 ccc 0.1682
2021-06-17 03:15:45,352 - utils.logger - INFO - Val result of epoch 24 / 60 mse 0.0361 rmse 0.1901 pcc 0.4702 ccc 0.2501
2021-06-17 03:15:45,748 - utils.logger - INFO - Cur epoch 25 loss ccc:0.1128
2021-06-17 03:15:46,156 - utils.logger - INFO - Cur epoch 25 loss ccc:0.1253
2021-06-17 03:15:46,487 - utils.logger - INFO - Cur epoch 25 loss ccc:1.0011
2021-06-17 03:15:46,488 - utils.logger - INFO - saving the model at the end of epoch 25, iters 150
2021-06-17 03:15:46,695 - utils.logger - INFO - End of training epoch 25 / 60 	 Time Taken: 1 sec, Data loading: 0 sec
2021-06-17 03:15:46,696 - utils.logger - INFO - learning rate = 0.0000854
2021-06-17 03:15:47,108 - utils.logger - INFO - Trn result of epoch 25 / 60 mse 0.0498 rmse 0.2232 pcc 0.3973 ccc 0.2512
2021-06-17 03:15:47,251 - utils.logger - INFO - Val result of epoch 25 / 60 mse 0.0372 rmse 0.1928 pcc 0.4627 ccc 0.3524
2021-06-17 03:15:47,652 - utils.logger - INFO - Cur epoch 26 loss ccc:0.1195
2021-06-17 03:15:48,053 - utils.logger - INFO - Cur epoch 26 loss ccc:0.1347
2021-06-17 03:15:48,387 - utils.logger - INFO - Cur epoch 26 loss ccc:1.0019
2021-06-17 03:15:48,387 - utils.logger - INFO - saving the model at the end of epoch 26, iters 156
2021-06-17 03:15:48,637 - utils.logger - INFO - End of training epoch 26 / 60 	 Time Taken: 1 sec, Data loading: 0 sec
2021-06-17 03:15:48,638 - utils.logger - INFO - learning rate = 0.0000829
2021-06-17 03:15:49,067 - utils.logger - INFO - Trn result of epoch 26 / 60 mse 0.1119 rmse 0.3345 pcc 0.4085 ccc 0.1216
2021-06-17 03:15:49,220 - utils.logger - INFO - Val result of epoch 26 / 60 mse 0.0917 rmse 0.3028 pcc 0.4582 ccc 0.1689
2021-06-17 03:15:49,638 - utils.logger - INFO - Cur epoch 27 loss ccc:0.1429
2021-06-17 03:15:50,053 - utils.logger - INFO - Cur epoch 27 loss ccc:0.1250
2021-06-17 03:15:50,386 - utils.logger - INFO - Cur epoch 27 loss ccc:0.9975
2021-06-17 03:15:50,386 - utils.logger - INFO - saving the model at the end of epoch 27, iters 162
2021-06-17 03:15:50,642 - utils.logger - INFO - End of training epoch 27 / 60 	 Time Taken: 1 sec, Data loading: 0 sec
2021-06-17 03:15:50,642 - utils.logger - INFO - learning rate = 0.0000805
2021-06-17 03:15:51,120 - utils.logger - INFO - Trn result of epoch 27 / 60 mse 0.1012 rmse 0.3181 pcc 0.4086 ccc 0.1444
2021-06-17 03:15:51,404 - utils.logger - INFO - Val result of epoch 27 / 60 mse 0.0826 rmse 0.2873 pcc 0.4590 ccc 0.2004
2021-06-17 03:15:51,828 - utils.logger - INFO - Cur epoch 28 loss ccc:0.1250
2021-06-17 03:15:52,240 - utils.logger - INFO - Cur epoch 28 loss ccc:0.1199
2021-06-17 03:15:52,575 - utils.logger - INFO - Cur epoch 28 loss ccc:1.0135
2021-06-17 03:15:52,576 - utils.logger - INFO - saving the model at the end of epoch 28, iters 168
2021-06-17 03:15:52,820 - utils.logger - INFO - End of training epoch 28 / 60 	 Time Taken: 1 sec, Data loading: 0 sec
2021-06-17 03:15:52,820 - utils.logger - INFO - learning rate = 0.0000780
2021-06-17 03:15:53,248 - utils.logger - INFO - Trn result of epoch 28 / 60 mse 0.1213 rmse 0.3483 pcc 0.4091 ccc 0.1168
2021-06-17 03:15:53,397 - utils.logger - INFO - Val result of epoch 28 / 60 mse 0.1012 rmse 0.3181 pcc 0.4550 ccc 0.1608
2021-06-17 03:15:53,824 - utils.logger - INFO - Cur epoch 29 loss ccc:0.1250
2021-06-17 03:15:54,240 - utils.logger - INFO - Cur epoch 29 loss ccc:0.1101
2021-06-17 03:15:54,584 - utils.logger - INFO - Cur epoch 29 loss ccc:0.9950
2021-06-17 03:15:54,584 - utils.logger - INFO - saving the model at the end of epoch 29, iters 174
2021-06-17 03:15:54,848 - utils.logger - INFO - End of training epoch 29 / 60 	 Time Taken: 1 sec, Data loading: 0 sec
2021-06-17 03:15:54,848 - utils.logger - INFO - learning rate = 0.0000756
2021-06-17 03:15:55,278 - utils.logger - INFO - Trn result of epoch 29 / 60 mse 0.1095 rmse 0.3308 pcc 0.4098 ccc 0.1230
2021-06-17 03:15:55,428 - utils.logger - INFO - Val result of epoch 29 / 60 mse 0.0901 rmse 0.3001 pcc 0.4574 ccc 0.1706
2021-06-17 03:15:55,863 - utils.logger - INFO - Cur epoch 30 loss ccc:0.1350
2021-06-17 03:15:56,277 - utils.logger - INFO - Cur epoch 30 loss ccc:0.1202
2021-06-17 03:15:56,632 - utils.logger - INFO - Cur epoch 30 loss ccc:1.0186
2021-06-17 03:15:56,633 - utils.logger - INFO - saving the model at the end of epoch 30, iters 180
2021-06-17 03:15:56,902 - utils.logger - INFO - End of training epoch 30 / 60 	 Time Taken: 1 sec, Data loading: 0 sec
2021-06-17 03:15:56,902 - utils.logger - INFO - learning rate = 0.0000732
2021-06-17 03:15:57,353 - utils.logger - INFO - Trn result of epoch 30 / 60 mse 0.0610 rmse 0.2469 pcc 0.4077 ccc 0.1962
2021-06-17 03:15:57,543 - utils.logger - INFO - Val result of epoch 30 / 60 mse 0.0475 rmse 0.2180 pcc 0.4552 ccc 0.2756
2021-06-17 03:15:57,959 - utils.logger - INFO - Cur epoch 31 loss ccc:0.1380
2021-06-17 03:15:58,377 - utils.logger - INFO - Cur epoch 31 loss ccc:0.1277
2021-06-17 03:15:58,713 - utils.logger - INFO - Cur epoch 31 loss ccc:1.0016
2021-06-17 03:15:58,713 - utils.logger - INFO - saving the model at the end of epoch 31, iters 186
2021-06-17 03:15:58,965 - utils.logger - INFO - End of training epoch 31 / 60 	 Time Taken: 1 sec, Data loading: 0 sec
2021-06-17 03:15:58,965 - utils.logger - INFO - learning rate = 0.0000707
2021-06-17 03:15:59,388 - utils.logger - INFO - Trn result of epoch 31 / 60 mse 0.0542 rmse 0.2328 pcc 0.4066 ccc 0.2360
2021-06-17 03:15:59,538 - utils.logger - INFO - Val result of epoch 31 / 60 mse 0.0429 rmse 0.2071 pcc 0.4470 ccc 0.3195
2021-06-17 03:15:59,967 - utils.logger - INFO - Cur epoch 32 loss ccc:0.1248
2021-06-17 03:16:00,372 - utils.logger - INFO - Cur epoch 32 loss ccc:0.1161
2021-06-17 03:16:00,723 - utils.logger - INFO - Cur epoch 32 loss ccc:1.0005
2021-06-17 03:16:00,724 - utils.logger - INFO - saving the model at the end of epoch 32, iters 192
2021-06-17 03:16:01,002 - utils.logger - INFO - End of training epoch 32 / 60 	 Time Taken: 1 sec, Data loading: 0 sec
2021-06-17 03:16:01,003 - utils.logger - INFO - learning rate = 0.0000683
2021-06-17 03:16:01,428 - utils.logger - INFO - Trn result of epoch 32 / 60 mse 0.0513 rmse 0.2265 pcc 0.4042 ccc 0.2494
2021-06-17 03:16:01,582 - utils.logger - INFO - Val result of epoch 32 / 60 mse 0.0408 rmse 0.2020 pcc 0.4464 ccc 0.3350
2021-06-17 03:16:02,006 - utils.logger - INFO - Cur epoch 33 loss ccc:0.1115
2021-06-17 03:16:02,451 - utils.logger - INFO - Cur epoch 33 loss ccc:0.1277
2021-06-17 03:16:02,803 - utils.logger - INFO - Cur epoch 33 loss ccc:1.0000
2021-06-17 03:16:02,803 - utils.logger - INFO - saving the model at the end of epoch 33, iters 198
2021-06-17 03:16:03,208 - utils.logger - INFO - End of training epoch 33 / 60 	 Time Taken: 1 sec, Data loading: 0 sec
2021-06-17 03:16:03,208 - utils.logger - INFO - learning rate = 0.0000659
2021-06-17 03:16:03,661 - utils.logger - INFO - Trn result of epoch 33 / 60 mse 0.0570 rmse 0.2387 pcc 0.4003 ccc 0.2244
2021-06-17 03:16:03,810 - utils.logger - INFO - Val result of epoch 33 / 60 mse 0.0447 rmse 0.2115 pcc 0.4517 ccc 0.3094
2021-06-17 03:16:04,221 - utils.logger - INFO - Cur epoch 34 loss ccc:0.1229
2021-06-17 03:16:04,640 - utils.logger - INFO - Cur epoch 34 loss ccc:0.1173
2021-06-17 03:16:04,992 - utils.logger - INFO - Cur epoch 34 loss ccc:0.9972
2021-06-17 03:16:04,993 - utils.logger - INFO - saving the model at the end of epoch 34, iters 204
2021-06-17 03:16:05,249 - utils.logger - INFO - End of training epoch 34 / 60 	 Time Taken: 1 sec, Data loading: 0 sec
2021-06-17 03:16:05,250 - utils.logger - INFO - learning rate = 0.0000634
2021-06-17 03:16:05,678 - utils.logger - INFO - Trn result of epoch 34 / 60 mse 0.0583 rmse 0.2415 pcc 0.4095 ccc 0.2164
2021-06-17 03:16:05,827 - utils.logger - INFO - Val result of epoch 34 / 60 mse 0.0455 rmse 0.2134 pcc 0.4549 ccc 0.2973
2021-06-17 03:16:06,248 - utils.logger - INFO - Cur epoch 35 loss ccc:0.1115
2021-06-17 03:16:06,652 - utils.logger - INFO - Cur epoch 35 loss ccc:0.1316
2021-06-17 03:16:07,010 - utils.logger - INFO - Cur epoch 35 loss ccc:0.9993
2021-06-17 03:16:07,010 - utils.logger - INFO - saving the model at the end of epoch 35, iters 210
2021-06-17 03:16:07,276 - utils.logger - INFO - End of training epoch 35 / 60 	 Time Taken: 1 sec, Data loading: 0 sec
2021-06-17 03:16:07,277 - utils.logger - INFO - learning rate = 0.0000610
2021-06-17 03:16:07,692 - utils.logger - INFO - Trn result of epoch 35 / 60 mse 0.0568 rmse 0.2384 pcc 0.4093 ccc 0.2230
2021-06-17 03:16:07,847 - utils.logger - INFO - Val result of epoch 35 / 60 mse 0.0443 rmse 0.2104 pcc 0.4569 ccc 0.3070
2021-06-17 03:16:08,301 - utils.logger - INFO - Cur epoch 36 loss ccc:0.1107
2021-06-17 03:16:08,713 - utils.logger - INFO - Cur epoch 36 loss ccc:0.1118
2021-06-17 03:16:09,034 - utils.logger - INFO - Cur epoch 36 loss ccc:0.9520
2021-06-17 03:16:09,035 - utils.logger - INFO - saving the model at the end of epoch 36, iters 216
2021-06-17 03:16:09,285 - utils.logger - INFO - End of training epoch 36 / 60 	 Time Taken: 1 sec, Data loading: 0 sec
2021-06-17 03:16:09,285 - utils.logger - INFO - learning rate = 0.0000585
2021-06-17 03:16:09,753 - utils.logger - INFO - Trn result of epoch 36 / 60 mse 0.0433 rmse 0.2082 pcc 0.4012 ccc 0.2683
2021-06-17 03:16:09,926 - utils.logger - INFO - Val result of epoch 36 / 60 mse 0.0331 rmse 0.1819 pcc 0.4610 ccc 0.3666
2021-06-17 03:16:10,358 - utils.logger - INFO - Cur epoch 37 loss ccc:0.1208
2021-06-17 03:16:10,781 - utils.logger - INFO - Cur epoch 37 loss ccc:0.1190
2021-06-17 03:16:11,152 - utils.logger - INFO - Cur epoch 37 loss ccc:0.9587
2021-06-17 03:16:11,152 - utils.logger - INFO - saving the model at the end of epoch 37, iters 222
2021-06-17 03:16:11,405 - utils.logger - INFO - End of training epoch 37 / 60 	 Time Taken: 1 sec, Data loading: 0 sec
2021-06-17 03:16:11,405 - utils.logger - INFO - learning rate = 0.0000561
2021-06-17 03:16:11,836 - utils.logger - INFO - Trn result of epoch 37 / 60 mse 0.0373 rmse 0.1930 pcc 0.4376 ccc 0.2220
2021-06-17 03:16:11,987 - utils.logger - INFO - Val result of epoch 37 / 60 mse 0.0324 rmse 0.1799 pcc 0.4732 ccc 0.2755
2021-06-17 03:16:12,390 - utils.logger - INFO - Cur epoch 38 loss ccc:0.1188
2021-06-17 03:16:12,801 - utils.logger - INFO - Cur epoch 38 loss ccc:0.1216
2021-06-17 03:16:13,159 - utils.logger - INFO - Cur epoch 38 loss ccc:0.9964
2021-06-17 03:16:13,159 - utils.logger - INFO - saving the model at the end of epoch 38, iters 228
2021-06-17 03:16:13,483 - utils.logger - INFO - End of training epoch 38 / 60 	 Time Taken: 1 sec, Data loading: 0 sec
2021-06-17 03:16:13,483 - utils.logger - INFO - learning rate = 0.0000537
2021-06-17 03:16:13,909 - utils.logger - INFO - Trn result of epoch 38 / 60 mse 0.0378 rmse 0.1945 pcc 0.4214 ccc 0.2294
2021-06-17 03:16:14,057 - utils.logger - INFO - Val result of epoch 38 / 60 mse 0.0334 rmse 0.1829 pcc 0.4667 ccc 0.2796
2021-06-17 03:16:14,466 - utils.logger - INFO - Cur epoch 39 loss ccc:0.1307
2021-06-17 03:16:14,887 - utils.logger - INFO - Cur epoch 39 loss ccc:0.1070
2021-06-17 03:16:15,218 - utils.logger - INFO - Cur epoch 39 loss ccc:1.0000
2021-06-17 03:16:15,219 - utils.logger - INFO - saving the model at the end of epoch 39, iters 234
2021-06-17 03:16:15,465 - utils.logger - INFO - End of training epoch 39 / 60 	 Time Taken: 1 sec, Data loading: 0 sec
2021-06-17 03:16:15,466 - utils.logger - INFO - learning rate = 0.0000512
2021-06-17 03:16:15,910 - utils.logger - INFO - Trn result of epoch 39 / 60 mse 0.0409 rmse 0.2022 pcc 0.4235 ccc 0.2218
2021-06-17 03:16:16,068 - utils.logger - INFO - Val result of epoch 39 / 60 mse 0.0381 rmse 0.1953 pcc 0.4646 ccc 0.2595
2021-06-17 03:16:16,482 - utils.logger - INFO - Cur epoch 40 loss ccc:0.1160
2021-06-17 03:16:16,901 - utils.logger - INFO - Cur epoch 40 loss ccc:0.1250
2021-06-17 03:16:17,243 - utils.logger - INFO - Cur epoch 40 loss ccc:0.9643
2021-06-17 03:16:17,243 - utils.logger - INFO - saving the model at the end of epoch 40, iters 240
2021-06-17 03:16:17,504 - utils.logger - INFO - End of training epoch 40 / 60 	 Time Taken: 1 sec, Data loading: 0 sec
2021-06-17 03:16:17,504 - utils.logger - INFO - learning rate = 0.0000488
2021-06-17 03:16:17,949 - utils.logger - INFO - Trn result of epoch 40 / 60 mse 0.0397 rmse 0.1993 pcc 0.4135 ccc 0.2607
2021-06-17 03:16:18,116 - utils.logger - INFO - Val result of epoch 40 / 60 mse 0.0367 rmse 0.1915 pcc 0.4515 ccc 0.3105
2021-06-17 03:16:18,531 - utils.logger - INFO - Cur epoch 41 loss ccc:0.1053
2021-06-17 03:16:18,949 - utils.logger - INFO - Cur epoch 41 loss ccc:0.1094
2021-06-17 03:16:19,281 - utils.logger - INFO - Cur epoch 41 loss ccc:0.8351
2021-06-17 03:16:19,281 - utils.logger - INFO - saving the model at the end of epoch 41, iters 246
2021-06-17 03:16:19,529 - utils.logger - INFO - End of training epoch 41 / 60 	 Time Taken: 1 sec, Data loading: 0 sec
2021-06-17 03:16:19,529 - utils.logger - INFO - learning rate = 0.0000463
2021-06-17 03:16:20,009 - utils.logger - INFO - Trn result of epoch 41 / 60 mse 0.0425 rmse 0.2063 pcc 0.4170 ccc 0.2609
2021-06-17 03:16:20,172 - utils.logger - INFO - Val result of epoch 41 / 60 mse 0.0411 rmse 0.2027 pcc 0.4450 ccc 0.2984
2021-06-17 03:16:20,597 - utils.logger - INFO - Cur epoch 42 loss ccc:0.1137
2021-06-17 03:16:21,011 - utils.logger - INFO - Cur epoch 42 loss ccc:0.1209
2021-06-17 03:16:21,372 - utils.logger - INFO - Cur epoch 42 loss ccc:1.0132
2021-06-17 03:16:21,372 - utils.logger - INFO - saving the model at the end of epoch 42, iters 252
2021-06-17 03:16:21,680 - utils.logger - INFO - End of training epoch 42 / 60 	 Time Taken: 1 sec, Data loading: 0 sec
2021-06-17 03:16:21,680 - utils.logger - INFO - learning rate = 0.0000439
2021-06-17 03:16:22,111 - utils.logger - INFO - Trn result of epoch 42 / 60 mse 0.0390 rmse 0.1976 pcc 0.4102 ccc 0.2919
2021-06-17 03:16:22,280 - utils.logger - INFO - Val result of epoch 42 / 60 mse 0.0360 rmse 0.1898 pcc 0.4507 ccc 0.3490
2021-06-17 03:16:22,735 - utils.logger - INFO - Cur epoch 43 loss ccc:0.1216
2021-06-17 03:16:23,178 - utils.logger - INFO - Cur epoch 43 loss ccc:0.1129
2021-06-17 03:16:23,546 - utils.logger - INFO - Cur epoch 43 loss ccc:1.0446
2021-06-17 03:16:23,546 - utils.logger - INFO - saving the model at the end of epoch 43, iters 258
2021-06-17 03:16:23,797 - utils.logger - INFO - End of training epoch 43 / 60 	 Time Taken: 1 sec, Data loading: 0 sec
2021-06-17 03:16:23,798 - utils.logger - INFO - learning rate = 0.0000415
2021-06-17 03:16:24,268 - utils.logger - INFO - Trn result of epoch 43 / 60 mse 0.0372 rmse 0.1928 pcc 0.3958 ccc 0.2879
2021-06-17 03:16:24,431 - utils.logger - INFO - Val result of epoch 43 / 60 mse 0.0302 rmse 0.1737 pcc 0.4676 ccc 0.3796
2021-06-17 03:16:24,869 - utils.logger - INFO - Cur epoch 44 loss ccc:0.1035
2021-06-17 03:16:25,289 - utils.logger - INFO - Cur epoch 44 loss ccc:0.1247
2021-06-17 03:16:25,638 - utils.logger - INFO - Cur epoch 44 loss ccc:1.0054
2021-06-17 03:16:25,639 - utils.logger - INFO - saving the model at the end of epoch 44, iters 264
2021-06-17 03:16:25,889 - utils.logger - INFO - End of training epoch 44 / 60 	 Time Taken: 1 sec, Data loading: 0 sec
2021-06-17 03:16:25,889 - utils.logger - INFO - learning rate = 0.0000390
2021-06-17 03:16:26,312 - utils.logger - INFO - Trn result of epoch 44 / 60 mse 0.0378 rmse 0.1943 pcc 0.3938 ccc 0.2555
2021-06-17 03:16:26,461 - utils.logger - INFO - Val result of epoch 44 / 60 mse 0.0328 rmse 0.1811 pcc 0.4673 ccc 0.3213
2021-06-17 03:16:26,903 - utils.logger - INFO - Cur epoch 45 loss ccc:0.1100
2021-06-17 03:16:27,344 - utils.logger - INFO - Cur epoch 45 loss ccc:0.1192
2021-06-17 03:16:27,668 - utils.logger - INFO - Cur epoch 45 loss ccc:1.0000
2021-06-17 03:16:27,668 - utils.logger - INFO - saving the model at the end of epoch 45, iters 270
2021-06-17 03:16:27,896 - utils.logger - INFO - End of training epoch 45 / 60 	 Time Taken: 1 sec, Data loading: 0 sec
2021-06-17 03:16:27,896 - utils.logger - INFO - learning rate = 0.0000366
2021-06-17 03:16:28,367 - utils.logger - INFO - Trn result of epoch 45 / 60 mse 0.0373 rmse 0.1930 pcc 0.4016 ccc 0.2740
2021-06-17 03:16:28,528 - utils.logger - INFO - Val result of epoch 45 / 60 mse 0.0321 rmse 0.1793 pcc 0.4687 ccc 0.3437
2021-06-17 03:16:28,954 - utils.logger - INFO - Cur epoch 46 loss ccc:0.1119
2021-06-17 03:16:29,368 - utils.logger - INFO - Cur epoch 46 loss ccc:0.1075
2021-06-17 03:16:29,710 - utils.logger - INFO - Cur epoch 46 loss ccc:1.0568
2021-06-17 03:16:29,710 - utils.logger - INFO - saving the model at the end of epoch 46, iters 276
2021-06-17 03:16:29,966 - utils.logger - INFO - End of training epoch 46 / 60 	 Time Taken: 1 sec, Data loading: 0 sec
2021-06-17 03:16:29,966 - utils.logger - INFO - learning rate = 0.0000341
2021-06-17 03:16:30,409 - utils.logger - INFO - Trn result of epoch 46 / 60 mse 0.0369 rmse 0.1920 pcc 0.4017 ccc 0.2801
2021-06-17 03:16:30,569 - utils.logger - INFO - Val result of epoch 46 / 60 mse 0.0301 rmse 0.1736 pcc 0.4700 ccc 0.3669
2021-06-17 03:16:31,022 - utils.logger - INFO - Cur epoch 47 loss ccc:0.1168
2021-06-17 03:16:31,454 - utils.logger - INFO - Cur epoch 47 loss ccc:0.1231
2021-06-17 03:16:31,811 - utils.logger - INFO - Cur epoch 47 loss ccc:1.0031
2021-06-17 03:16:31,811 - utils.logger - INFO - saving the model at the end of epoch 47, iters 282
2021-06-17 03:16:32,063 - utils.logger - INFO - End of training epoch 47 / 60 	 Time Taken: 1 sec, Data loading: 0 sec
2021-06-17 03:16:32,063 - utils.logger - INFO - learning rate = 0.0000317
2021-06-17 03:16:32,538 - utils.logger - INFO - Trn result of epoch 47 / 60 mse 0.0369 rmse 0.1922 pcc 0.4019 ccc 0.2815
2021-06-17 03:16:32,699 - utils.logger - INFO - Val result of epoch 47 / 60 mse 0.0298 rmse 0.1725 pcc 0.4760 ccc 0.3745
2021-06-17 03:16:33,155 - utils.logger - INFO - Cur epoch 48 loss ccc:0.1212
2021-06-17 03:16:33,602 - utils.logger - INFO - Cur epoch 48 loss ccc:0.1056
2021-06-17 03:16:33,938 - utils.logger - INFO - Cur epoch 48 loss ccc:1.0007
2021-06-17 03:16:33,938 - utils.logger - INFO - saving the model at the end of epoch 48, iters 288
2021-06-17 03:16:34,183 - utils.logger - INFO - End of training epoch 48 / 60 	 Time Taken: 1 sec, Data loading: 0 sec
2021-06-17 03:16:34,183 - utils.logger - INFO - learning rate = 0.0000293
2021-06-17 03:16:34,616 - utils.logger - INFO - Trn result of epoch 48 / 60 mse 0.0378 rmse 0.1943 pcc 0.4001 ccc 0.2930
2021-06-17 03:16:34,769 - utils.logger - INFO - Val result of epoch 48 / 60 mse 0.0298 rmse 0.1726 pcc 0.4688 ccc 0.3924
2021-06-17 03:16:35,196 - utils.logger - INFO - Cur epoch 49 loss ccc:0.1275
2021-06-17 03:16:35,612 - utils.logger - INFO - Cur epoch 49 loss ccc:0.0993
2021-06-17 03:16:35,960 - utils.logger - INFO - Cur epoch 49 loss ccc:0.9986
2021-06-17 03:16:35,961 - utils.logger - INFO - saving the model at the end of epoch 49, iters 294
2021-06-17 03:16:36,206 - utils.logger - INFO - End of training epoch 49 / 60 	 Time Taken: 1 sec, Data loading: 0 sec
2021-06-17 03:16:36,206 - utils.logger - INFO - learning rate = 0.0000268
2021-06-17 03:16:36,631 - utils.logger - INFO - Trn result of epoch 49 / 60 mse 0.0377 rmse 0.1941 pcc 0.3942 ccc 0.3050
2021-06-17 03:16:36,777 - utils.logger - INFO - Val result of epoch 49 / 60 mse 0.0303 rmse 0.1742 pcc 0.4662 ccc 0.4044
2021-06-17 03:16:37,202 - utils.logger - INFO - Cur epoch 50 loss ccc:0.1131
2021-06-17 03:16:37,624 - utils.logger - INFO - Cur epoch 50 loss ccc:0.1182
2021-06-17 03:16:37,963 - utils.logger - INFO - Cur epoch 50 loss ccc:1.0138
2021-06-17 03:16:37,964 - utils.logger - INFO - saving the model at the end of epoch 50, iters 300
2021-06-17 03:16:38,352 - utils.logger - INFO - End of training epoch 50 / 60 	 Time Taken: 1 sec, Data loading: 0 sec
2021-06-17 03:16:38,352 - utils.logger - INFO - learning rate = 0.0000244
2021-06-17 03:16:38,781 - utils.logger - INFO - Trn result of epoch 50 / 60 mse 0.0407 rmse 0.2017 pcc 0.3947 ccc 0.3128
2021-06-17 03:16:38,931 - utils.logger - INFO - Val result of epoch 50 / 60 mse 0.0315 rmse 0.1775 pcc 0.4688 ccc 0.4264
2021-06-17 03:16:39,355 - utils.logger - INFO - Cur epoch 51 loss ccc:0.1312
2021-06-17 03:16:39,774 - utils.logger - INFO - Cur epoch 51 loss ccc:0.1066
2021-06-17 03:16:40,131 - utils.logger - INFO - Cur epoch 51 loss ccc:1.0000
2021-06-17 03:16:40,131 - utils.logger - INFO - saving the model at the end of epoch 51, iters 306
2021-06-17 03:16:40,395 - utils.logger - INFO - End of training epoch 51 / 60 	 Time Taken: 1 sec, Data loading: 0 sec
2021-06-17 03:16:40,396 - utils.logger - INFO - learning rate = 0.0000220
2021-06-17 03:16:40,870 - utils.logger - INFO - Trn result of epoch 51 / 60 mse 0.0468 rmse 0.2164 pcc 0.3906 ccc 0.2854
2021-06-17 03:16:41,048 - utils.logger - INFO - Val result of epoch 51 / 60 mse 0.0349 rmse 0.1867 pcc 0.4708 ccc 0.4059
2021-06-17 03:16:41,462 - utils.logger - INFO - Cur epoch 52 loss ccc:0.1314
2021-06-17 03:16:41,860 - utils.logger - INFO - Cur epoch 52 loss ccc:0.1109
2021-06-17 03:16:42,210 - utils.logger - INFO - Cur epoch 52 loss ccc:0.9996
2021-06-17 03:16:42,210 - utils.logger - INFO - saving the model at the end of epoch 52, iters 312
2021-06-17 03:16:42,479 - utils.logger - INFO - End of training epoch 52 / 60 	 Time Taken: 1 sec, Data loading: 0 sec
2021-06-17 03:16:42,479 - utils.logger - INFO - learning rate = 0.0000195
2021-06-17 03:16:42,908 - utils.logger - INFO - Trn result of epoch 52 / 60 mse 0.0463 rmse 0.2151 pcc 0.3938 ccc 0.2904
2021-06-17 03:16:43,053 - utils.logger - INFO - Val result of epoch 52 / 60 mse 0.0348 rmse 0.1865 pcc 0.4693 ccc 0.4079
2021-06-17 03:16:43,481 - utils.logger - INFO - Cur epoch 53 loss ccc:0.1250
2021-06-17 03:16:43,897 - utils.logger - INFO - Cur epoch 53 loss ccc:0.1266
2021-06-17 03:16:44,259 - utils.logger - INFO - Cur epoch 53 loss ccc:1.1338
2021-06-17 03:16:44,259 - utils.logger - INFO - saving the model at the end of epoch 53, iters 318
2021-06-17 03:16:44,506 - utils.logger - INFO - End of training epoch 53 / 60 	 Time Taken: 1 sec, Data loading: 0 sec
2021-06-17 03:16:44,507 - utils.logger - INFO - learning rate = 0.0000171
2021-06-17 03:16:44,933 - utils.logger - INFO - Trn result of epoch 53 / 60 mse 0.0462 rmse 0.2149 pcc 0.3993 ccc 0.2980
2021-06-17 03:16:45,082 - utils.logger - INFO - Val result of epoch 53 / 60 mse 0.0351 rmse 0.1874 pcc 0.4709 ccc 0.4138
2021-06-17 03:16:45,492 - utils.logger - INFO - Cur epoch 54 loss ccc:0.1214
2021-06-17 03:16:45,908 - utils.logger - INFO - Cur epoch 54 loss ccc:0.1250
2021-06-17 03:16:46,264 - utils.logger - INFO - Cur epoch 54 loss ccc:0.9985
2021-06-17 03:16:46,265 - utils.logger - INFO - saving the model at the end of epoch 54, iters 324
2021-06-17 03:16:46,512 - utils.logger - INFO - End of training epoch 54 / 60 	 Time Taken: 1 sec, Data loading: 0 sec
2021-06-17 03:16:46,512 - utils.logger - INFO - learning rate = 0.0000146
2021-06-17 03:16:46,940 - utils.logger - INFO - Trn result of epoch 54 / 60 mse 0.0471 rmse 0.2169 pcc 0.3987 ccc 0.2976
2021-06-17 03:16:47,105 - utils.logger - INFO - Val result of epoch 54 / 60 mse 0.0358 rmse 0.1892 pcc 0.4690 ccc 0.4120
2021-06-17 03:16:47,533 - utils.logger - INFO - Cur epoch 55 loss ccc:0.1031
2021-06-17 03:16:47,958 - utils.logger - INFO - Cur epoch 55 loss ccc:0.1250
2021-06-17 03:16:48,312 - utils.logger - INFO - Cur epoch 55 loss ccc:0.9897
2021-06-17 03:16:48,313 - utils.logger - INFO - saving the model at the end of epoch 55, iters 330
2021-06-17 03:16:48,568 - utils.logger - INFO - End of training epoch 55 / 60 	 Time Taken: 1 sec, Data loading: 0 sec
2021-06-17 03:16:48,568 - utils.logger - INFO - learning rate = 0.0000122
2021-06-17 03:16:49,006 - utils.logger - INFO - Trn result of epoch 55 / 60 mse 0.0490 rmse 0.2214 pcc 0.3994 ccc 0.2879
2021-06-17 03:16:49,150 - utils.logger - INFO - Val result of epoch 55 / 60 mse 0.0370 rmse 0.1925 pcc 0.4701 ccc 0.4023
2021-06-17 03:16:49,558 - utils.logger - INFO - Cur epoch 56 loss ccc:0.1248
2021-06-17 03:16:49,982 - utils.logger - INFO - Cur epoch 56 loss ccc:0.1105
2021-06-17 03:16:50,309 - utils.logger - INFO - Cur epoch 56 loss ccc:0.7315
2021-06-17 03:16:50,309 - utils.logger - INFO - saving the model at the end of epoch 56, iters 336
2021-06-17 03:16:50,710 - utils.logger - INFO - End of training epoch 56 / 60 	 Time Taken: 1 sec, Data loading: 0 sec
2021-06-17 03:16:50,710 - utils.logger - INFO - learning rate = 0.0000098
2021-06-17 03:16:51,140 - utils.logger - INFO - Trn result of epoch 56 / 60 mse 0.0493 rmse 0.2219 pcc 0.4011 ccc 0.2979
2021-06-17 03:16:51,294 - utils.logger - INFO - Val result of epoch 56 / 60 mse 0.0376 rmse 0.1940 pcc 0.4717 ccc 0.4120
2021-06-17 03:16:51,706 - utils.logger - INFO - Cur epoch 57 loss ccc:0.1225
2021-06-17 03:16:52,105 - utils.logger - INFO - Cur epoch 57 loss ccc:0.0922
2021-06-17 03:16:52,418 - utils.logger - INFO - Cur epoch 57 loss ccc:0.6924
2021-06-17 03:16:52,418 - utils.logger - INFO - saving the model at the end of epoch 57, iters 342
2021-06-17 03:16:52,663 - utils.logger - INFO - End of training epoch 57 / 60 	 Time Taken: 1 sec, Data loading: 0 sec
2021-06-17 03:16:52,663 - utils.logger - INFO - learning rate = 0.0000073
2021-06-17 03:16:53,094 - utils.logger - INFO - Trn result of epoch 57 / 60 mse 0.0510 rmse 0.2259 pcc 0.4023 ccc 0.3000
2021-06-17 03:16:53,242 - utils.logger - INFO - Val result of epoch 57 / 60 mse 0.0395 rmse 0.1988 pcc 0.4712 ccc 0.4111
2021-06-17 03:16:53,657 - utils.logger - INFO - Cur epoch 58 loss ccc:0.1196
2021-06-17 03:16:54,078 - utils.logger - INFO - Cur epoch 58 loss ccc:0.1092
2021-06-17 03:16:54,399 - utils.logger - INFO - Cur epoch 58 loss ccc:1.1224
2021-06-17 03:16:54,399 - utils.logger - INFO - saving the model at the end of epoch 58, iters 348
2021-06-17 03:16:54,642 - utils.logger - INFO - End of training epoch 58 / 60 	 Time Taken: 1 sec, Data loading: 0 sec
2021-06-17 03:16:54,642 - utils.logger - INFO - learning rate = 0.0000049
2021-06-17 03:16:55,071 - utils.logger - INFO - Trn result of epoch 58 / 60 mse 0.0492 rmse 0.2218 pcc 0.4048 ccc 0.3118
2021-06-17 03:16:55,219 - utils.logger - INFO - Val result of epoch 58 / 60 mse 0.0385 rmse 0.1963 pcc 0.4708 ccc 0.4208
2021-06-17 03:16:55,632 - utils.logger - INFO - Cur epoch 59 loss ccc:0.1218
2021-06-17 03:16:56,036 - utils.logger - INFO - Cur epoch 59 loss ccc:0.1248
2021-06-17 03:16:56,361 - utils.logger - INFO - Cur epoch 59 loss ccc:1.0028
2021-06-17 03:16:56,361 - utils.logger - INFO - saving the model at the end of epoch 59, iters 354
2021-06-17 03:16:56,611 - utils.logger - INFO - End of training epoch 59 / 60 	 Time Taken: 1 sec, Data loading: 0 sec
2021-06-17 03:16:56,611 - utils.logger - INFO - learning rate = 0.0000024
2021-06-17 03:16:57,035 - utils.logger - INFO - Trn result of epoch 59 / 60 mse 0.0482 rmse 0.2195 pcc 0.4055 ccc 0.3174
2021-06-17 03:16:57,180 - utils.logger - INFO - Val result of epoch 59 / 60 mse 0.0379 rmse 0.1946 pcc 0.4719 ccc 0.4268
2021-06-17 03:16:57,583 - utils.logger - INFO - Cur epoch 60 loss ccc:0.1251
2021-06-17 03:16:57,991 - utils.logger - INFO - Cur epoch 60 loss ccc:0.1242
2021-06-17 03:16:58,338 - utils.logger - INFO - Cur epoch 60 loss ccc:0.9991
2021-06-17 03:16:58,338 - utils.logger - INFO - saving the model at the end of epoch 60, iters 360
2021-06-17 03:16:58,578 - utils.logger - INFO - End of training epoch 60 / 60 	 Time Taken: 1 sec, Data loading: 0 sec
2021-06-17 03:16:58,578 - utils.logger - INFO - learning rate = 0.0000000
2021-06-17 03:16:59,017 - utils.logger - INFO - Trn result of epoch 60 / 60 mse 0.0479 rmse 0.2189 pcc 0.4054 ccc 0.3187
2021-06-17 03:16:59,181 - utils.logger - INFO - Val result of epoch 60 / 60 mse 0.0377 rmse 0.1942 pcc 0.4720 ccc 0.4282
2021-06-17 03:16:59,181 - utils.logger - INFO - Best eval epoch 60 found with ccc 0.428222
2021-06-17 03:16:59,181 - utils.logger - INFO - baseline_fcfusion_wonorm_wav2vec-egemaps_valence_hidden1024_seq100_lr0.0001_cccloss_run2
