2021-06-17 02:17:03,901 - utils.logger - INFO - The number of training samples = 41
2021-06-17 02:17:06,989 - utils.logger - INFO - Cur epoch 1 loss ccc:0.1249
2021-06-17 02:17:07,387 - utils.logger - INFO - Cur epoch 1 loss ccc:0.1250
2021-06-17 02:17:07,718 - utils.logger - INFO - Cur epoch 1 loss ccc:1.0000
2021-06-17 02:17:07,718 - utils.logger - INFO - saving the model at the end of epoch 1, iters 6
2021-06-17 02:17:07,952 - utils.logger - INFO - End of training epoch 1 / 60 	 Time Taken: 1 sec, Data loading: 0 sec
2021-06-17 02:17:07,952 - utils.logger - INFO - learning rate = 0.0001000
2021-06-17 02:17:08,310 - utils.logger - INFO - Trn result of epoch 1 / 60 mse 0.0896 rmse 0.2993 pcc 0.1116 ccc 0.0001
2021-06-17 02:17:08,434 - utils.logger - INFO - Val result of epoch 1 / 60 mse 0.0935 rmse 0.3058 pcc -0.0181 ccc -0.0000
2021-06-17 02:17:08,855 - utils.logger - INFO - Cur epoch 2 loss ccc:0.1251
2021-06-17 02:17:09,272 - utils.logger - INFO - Cur epoch 2 loss ccc:0.1250
2021-06-17 02:17:09,641 - utils.logger - INFO - Cur epoch 2 loss ccc:0.9186
2021-06-17 02:17:09,642 - utils.logger - INFO - saving the model at the end of epoch 2, iters 12
2021-06-17 02:17:09,887 - utils.logger - INFO - End of training epoch 2 / 60 	 Time Taken: 1 sec, Data loading: 0 sec
2021-06-17 02:17:09,887 - utils.logger - INFO - learning rate = 0.0001000
2021-06-17 02:17:10,253 - utils.logger - INFO - Trn result of epoch 2 / 60 mse 0.0895 rmse 0.2992 pcc 0.1603 ccc 0.0004
2021-06-17 02:17:10,381 - utils.logger - INFO - Val result of epoch 2 / 60 mse 0.0937 rmse 0.3061 pcc 0.0671 ccc 0.0002
2021-06-17 02:17:10,809 - utils.logger - INFO - Cur epoch 3 loss ccc:0.1250
2021-06-17 02:17:11,241 - utils.logger - INFO - Cur epoch 3 loss ccc:0.1243
2021-06-17 02:17:11,609 - utils.logger - INFO - Cur epoch 3 loss ccc:0.9999
2021-06-17 02:17:11,610 - utils.logger - INFO - saving the model at the end of epoch 3, iters 18
2021-06-17 02:17:11,860 - utils.logger - INFO - End of training epoch 3 / 60 	 Time Taken: 1 sec, Data loading: 0 sec
2021-06-17 02:17:11,860 - utils.logger - INFO - learning rate = 0.0001000
2021-06-17 02:17:12,233 - utils.logger - INFO - Trn result of epoch 3 / 60 mse 0.0895 rmse 0.2991 pcc 0.1925 ccc 0.0008
2021-06-17 02:17:12,361 - utils.logger - INFO - Val result of epoch 3 / 60 mse 0.0936 rmse 0.3060 pcc 0.0944 ccc 0.0004
2021-06-17 02:17:12,771 - utils.logger - INFO - Cur epoch 4 loss ccc:0.1250
2021-06-17 02:17:13,185 - utils.logger - INFO - Cur epoch 4 loss ccc:0.1256
2021-06-17 02:17:13,525 - utils.logger - INFO - Cur epoch 4 loss ccc:1.0010
2021-06-17 02:17:13,525 - utils.logger - INFO - saving the model at the end of epoch 4, iters 24
2021-06-17 02:17:13,772 - utils.logger - INFO - End of training epoch 4 / 60 	 Time Taken: 1 sec, Data loading: 0 sec
2021-06-17 02:17:13,772 - utils.logger - INFO - learning rate = 0.0001000
2021-06-17 02:17:14,134 - utils.logger - INFO - Trn result of epoch 4 / 60 mse 0.0895 rmse 0.2992 pcc 0.1169 ccc 0.0004
2021-06-17 02:17:14,259 - utils.logger - INFO - Val result of epoch 4 / 60 mse 0.0937 rmse 0.3061 pcc 0.0611 ccc 0.0002
2021-06-17 02:17:14,667 - utils.logger - INFO - Cur epoch 5 loss ccc:0.1250
2021-06-17 02:17:15,069 - utils.logger - INFO - Cur epoch 5 loss ccc:0.1251
2021-06-17 02:17:15,411 - utils.logger - INFO - Cur epoch 5 loss ccc:0.9902
2021-06-17 02:17:15,411 - utils.logger - INFO - saving the model at the end of epoch 5, iters 30
2021-06-17 02:17:15,704 - utils.logger - INFO - End of training epoch 5 / 60 	 Time Taken: 1 sec, Data loading: 0 sec
2021-06-17 02:17:15,705 - utils.logger - INFO - learning rate = 0.0001000
2021-06-17 02:17:16,075 - utils.logger - INFO - Trn result of epoch 5 / 60 mse 0.0895 rmse 0.2992 pcc 0.0712 ccc 0.0004
2021-06-17 02:17:16,203 - utils.logger - INFO - Val result of epoch 5 / 60 mse 0.0938 rmse 0.3063 pcc 0.0640 ccc 0.0004
2021-06-17 02:17:16,619 - utils.logger - INFO - Cur epoch 6 loss ccc:0.1221
2021-06-17 02:17:17,030 - utils.logger - INFO - Cur epoch 6 loss ccc:0.1250
2021-06-17 02:17:17,370 - utils.logger - INFO - Cur epoch 6 loss ccc:1.0000
2021-06-17 02:17:17,370 - utils.logger - INFO - saving the model at the end of epoch 6, iters 36
2021-06-17 02:17:17,614 - utils.logger - INFO - End of training epoch 6 / 60 	 Time Taken: 1 sec, Data loading: 0 sec
2021-06-17 02:17:17,614 - utils.logger - INFO - learning rate = 0.0001000
2021-06-17 02:17:17,973 - utils.logger - INFO - Trn result of epoch 6 / 60 mse 0.0894 rmse 0.2990 pcc 0.0891 ccc 0.0017
2021-06-17 02:17:18,097 - utils.logger - INFO - Val result of epoch 6 / 60 mse 0.0947 rmse 0.3077 pcc 0.0734 ccc 0.0017
2021-06-17 02:17:18,510 - utils.logger - INFO - Cur epoch 7 loss ccc:0.1250
2021-06-17 02:17:18,927 - utils.logger - INFO - Cur epoch 7 loss ccc:0.1291
2021-06-17 02:17:19,267 - utils.logger - INFO - Cur epoch 7 loss ccc:0.9991
2021-06-17 02:17:19,267 - utils.logger - INFO - saving the model at the end of epoch 7, iters 42
2021-06-17 02:17:19,514 - utils.logger - INFO - End of training epoch 7 / 60 	 Time Taken: 1 sec, Data loading: 0 sec
2021-06-17 02:17:19,514 - utils.logger - INFO - learning rate = 0.0001000
2021-06-17 02:17:19,871 - utils.logger - INFO - Trn result of epoch 7 / 60 mse 0.4008 rmse 0.6331 pcc -0.0001 ccc -0.0000
2021-06-17 02:17:19,995 - utils.logger - INFO - Val result of epoch 7 / 60 mse 0.4529 rmse 0.6730 pcc -0.0042 ccc -0.0003
2021-06-17 02:17:20,398 - utils.logger - INFO - Cur epoch 8 loss ccc:0.1387
2021-06-17 02:17:20,809 - utils.logger - INFO - Cur epoch 8 loss ccc:0.1254
2021-06-17 02:17:21,156 - utils.logger - INFO - Cur epoch 8 loss ccc:1.0020
2021-06-17 02:17:21,156 - utils.logger - INFO - saving the model at the end of epoch 8, iters 48
2021-06-17 02:17:21,558 - utils.logger - INFO - End of training epoch 8 / 60 	 Time Taken: 1 sec, Data loading: 0 sec
2021-06-17 02:17:21,558 - utils.logger - INFO - learning rate = 0.0001000
2021-06-17 02:17:21,924 - utils.logger - INFO - Trn result of epoch 8 / 60 mse 0.2635 rmse 0.5133 pcc -0.0006 ccc -0.0001
2021-06-17 02:17:22,052 - utils.logger - INFO - Val result of epoch 8 / 60 mse 0.3036 rmse 0.5510 pcc -0.0007 ccc -0.0001
2021-06-17 02:17:22,461 - utils.logger - INFO - Cur epoch 9 loss ccc:0.1072
2021-06-17 02:17:22,868 - utils.logger - INFO - Cur epoch 9 loss ccc:0.1362
2021-06-17 02:17:23,237 - utils.logger - INFO - Cur epoch 9 loss ccc:0.9999
2021-06-17 02:17:23,237 - utils.logger - INFO - saving the model at the end of epoch 9, iters 54
2021-06-17 02:17:23,481 - utils.logger - INFO - End of training epoch 9 / 60 	 Time Taken: 1 sec, Data loading: 0 sec
2021-06-17 02:17:23,481 - utils.logger - INFO - learning rate = 0.0001000
2021-06-17 02:17:23,839 - utils.logger - INFO - Trn result of epoch 9 / 60 mse 0.0896 rmse 0.2993 pcc 0.1188 ccc 0.0003
2021-06-17 02:17:23,964 - utils.logger - INFO - Val result of epoch 9 / 60 mse 0.0935 rmse 0.3058 pcc -0.0026 ccc -0.0000
2021-06-17 02:17:24,378 - utils.logger - INFO - Cur epoch 10 loss ccc:0.1250
2021-06-17 02:17:24,788 - utils.logger - INFO - Cur epoch 10 loss ccc:0.1249
2021-06-17 02:17:25,132 - utils.logger - INFO - Cur epoch 10 loss ccc:1.0000
2021-06-17 02:17:25,132 - utils.logger - INFO - saving the model at the end of epoch 10, iters 60
2021-06-17 02:17:25,399 - utils.logger - INFO - End of training epoch 10 / 60 	 Time Taken: 1 sec, Data loading: 0 sec
2021-06-17 02:17:25,399 - utils.logger - INFO - learning rate = 0.0001000
2021-06-17 02:17:25,767 - utils.logger - INFO - Trn result of epoch 10 / 60 mse 0.0895 rmse 0.2992 pcc 0.1952 ccc 0.0007
2021-06-17 02:17:25,890 - utils.logger - INFO - Val result of epoch 10 / 60 mse 0.0934 rmse 0.3057 pcc 0.0538 ccc 0.0002
2021-06-17 02:17:26,315 - utils.logger - INFO - Cur epoch 11 loss ccc:0.1251
2021-06-17 02:17:26,770 - utils.logger - INFO - Cur epoch 11 loss ccc:0.1250
2021-06-17 02:17:27,105 - utils.logger - INFO - Cur epoch 11 loss ccc:0.9994
2021-06-17 02:17:27,105 - utils.logger - INFO - saving the model at the end of epoch 11, iters 66
2021-06-17 02:17:27,363 - utils.logger - INFO - End of training epoch 11 / 60 	 Time Taken: 1 sec, Data loading: 0 sec
2021-06-17 02:17:27,363 - utils.logger - INFO - learning rate = 0.0001000
2021-06-17 02:17:27,729 - utils.logger - INFO - Trn result of epoch 11 / 60 mse 0.0895 rmse 0.2992 pcc 0.1674 ccc 0.0008
2021-06-17 02:17:27,852 - utils.logger - INFO - Val result of epoch 11 / 60 mse 0.0934 rmse 0.3056 pcc 0.0454 ccc 0.0002
2021-06-17 02:17:28,252 - utils.logger - INFO - Cur epoch 12 loss ccc:0.1246
2021-06-17 02:17:28,649 - utils.logger - INFO - Cur epoch 12 loss ccc:0.1247
2021-06-17 02:17:28,993 - utils.logger - INFO - Cur epoch 12 loss ccc:1.0000
2021-06-17 02:17:28,994 - utils.logger - INFO - saving the model at the end of epoch 12, iters 72
2021-06-17 02:17:29,248 - utils.logger - INFO - End of training epoch 12 / 60 	 Time Taken: 1 sec, Data loading: 0 sec
2021-06-17 02:17:29,248 - utils.logger - INFO - learning rate = 0.0001000
2021-06-17 02:17:29,612 - utils.logger - INFO - Trn result of epoch 12 / 60 mse 0.0895 rmse 0.2992 pcc 0.1433 ccc 0.0011
2021-06-17 02:17:29,740 - utils.logger - INFO - Val result of epoch 12 / 60 mse 0.0933 rmse 0.3055 pcc 0.0310 ccc 0.0003
2021-06-17 02:17:30,166 - utils.logger - INFO - Cur epoch 13 loss ccc:0.1261
2021-06-17 02:17:30,587 - utils.logger - INFO - Cur epoch 13 loss ccc:0.1183
2021-06-17 02:17:30,915 - utils.logger - INFO - Cur epoch 13 loss ccc:0.9993
2021-06-17 02:17:30,915 - utils.logger - INFO - saving the model at the end of epoch 13, iters 78
2021-06-17 02:17:31,164 - utils.logger - INFO - End of training epoch 13 / 60 	 Time Taken: 1 sec, Data loading: 0 sec
2021-06-17 02:17:31,164 - utils.logger - INFO - learning rate = 0.0001000
2021-06-17 02:17:31,527 - utils.logger - INFO - Trn result of epoch 13 / 60 mse 0.0894 rmse 0.2991 pcc 0.1569 ccc 0.0027
2021-06-17 02:17:31,654 - utils.logger - INFO - Val result of epoch 13 / 60 mse 0.0932 rmse 0.3053 pcc 0.0268 ccc 0.0005
2021-06-17 02:17:32,056 - utils.logger - INFO - Cur epoch 14 loss ccc:0.1256
2021-06-17 02:17:32,465 - utils.logger - INFO - Cur epoch 14 loss ccc:0.1199
2021-06-17 02:17:32,798 - utils.logger - INFO - Cur epoch 14 loss ccc:0.9986
2021-06-17 02:17:32,798 - utils.logger - INFO - saving the model at the end of epoch 14, iters 84
2021-06-17 02:17:33,050 - utils.logger - INFO - End of training epoch 14 / 60 	 Time Taken: 1 sec, Data loading: 0 sec
2021-06-17 02:17:33,050 - utils.logger - INFO - learning rate = 0.0001000
2021-06-17 02:17:33,424 - utils.logger - INFO - Trn result of epoch 14 / 60 mse 0.0894 rmse 0.2990 pcc 0.1249 ccc 0.0030
2021-06-17 02:17:33,552 - utils.logger - INFO - Val result of epoch 14 / 60 mse 0.0933 rmse 0.3054 pcc 0.0227 ccc 0.0006
2021-06-17 02:17:33,942 - utils.logger - INFO - Cur epoch 15 loss ccc:0.1244
2021-06-17 02:17:34,349 - utils.logger - INFO - Cur epoch 15 loss ccc:0.1265
2021-06-17 02:17:34,674 - utils.logger - INFO - Cur epoch 15 loss ccc:1.0000
2021-06-17 02:17:34,674 - utils.logger - INFO - saving the model at the end of epoch 15, iters 90
2021-06-17 02:17:34,919 - utils.logger - INFO - End of training epoch 15 / 60 	 Time Taken: 1 sec, Data loading: 0 sec
2021-06-17 02:17:34,920 - utils.logger - INFO - learning rate = 0.0001000
2021-06-17 02:17:35,275 - utils.logger - INFO - Trn result of epoch 15 / 60 mse 0.0895 rmse 0.2992 pcc 0.0212 ccc 0.0006
2021-06-17 02:17:35,399 - utils.logger - INFO - Val result of epoch 15 / 60 mse 0.0937 rmse 0.3062 pcc 0.0331 ccc 0.0011
2021-06-17 02:17:35,775 - utils.logger - INFO - Cur epoch 16 loss ccc:0.1250
2021-06-17 02:17:36,180 - utils.logger - INFO - Cur epoch 16 loss ccc:0.1251
2021-06-17 02:17:36,501 - utils.logger - INFO - Cur epoch 16 loss ccc:0.9997
2021-06-17 02:17:36,502 - utils.logger - INFO - saving the model at the end of epoch 16, iters 96
2021-06-17 02:17:36,745 - utils.logger - INFO - End of training epoch 16 / 60 	 Time Taken: 1 sec, Data loading: 0 sec
2021-06-17 02:17:36,745 - utils.logger - INFO - learning rate = 0.0001000
2021-06-17 02:17:37,103 - utils.logger - INFO - Trn result of epoch 16 / 60 mse 0.0892 rmse 0.2987 pcc 0.1128 ccc 0.0062
2021-06-17 02:17:37,228 - utils.logger - INFO - Val result of epoch 16 / 60 mse 0.0931 rmse 0.3051 pcc 0.0340 ccc 0.0021
2021-06-17 02:17:37,631 - utils.logger - INFO - Cur epoch 17 loss ccc:0.1248
2021-06-17 02:17:38,028 - utils.logger - INFO - Cur epoch 17 loss ccc:0.1225
2021-06-17 02:17:38,363 - utils.logger - INFO - Cur epoch 17 loss ccc:1.0000
2021-06-17 02:17:38,363 - utils.logger - INFO - saving the model at the end of epoch 17, iters 102
2021-06-17 02:17:38,605 - utils.logger - INFO - End of training epoch 17 / 60 	 Time Taken: 1 sec, Data loading: 0 sec
2021-06-17 02:17:38,606 - utils.logger - INFO - learning rate = 0.0001000
2021-06-17 02:17:38,962 - utils.logger - INFO - Trn result of epoch 17 / 60 mse 0.0891 rmse 0.2985 pcc 0.1137 ccc 0.0065
2021-06-17 02:17:39,087 - utils.logger - INFO - Val result of epoch 17 / 60 mse 0.0933 rmse 0.3055 pcc 0.0453 ccc 0.0028
2021-06-17 02:17:39,479 - utils.logger - INFO - Cur epoch 18 loss ccc:0.1244
2021-06-17 02:17:39,877 - utils.logger - INFO - Cur epoch 18 loss ccc:0.1250
2021-06-17 02:17:40,204 - utils.logger - INFO - Cur epoch 18 loss ccc:1.0016
2021-06-17 02:17:40,204 - utils.logger - INFO - saving the model at the end of epoch 18, iters 108
2021-06-17 02:17:40,447 - utils.logger - INFO - End of training epoch 18 / 60 	 Time Taken: 1 sec, Data loading: 0 sec
2021-06-17 02:17:40,447 - utils.logger - INFO - learning rate = 0.0001000
2021-06-17 02:17:40,803 - utils.logger - INFO - Trn result of epoch 18 / 60 mse 0.0895 rmse 0.2992 pcc 0.0110 ccc 0.0002
2021-06-17 02:17:40,927 - utils.logger - INFO - Val result of epoch 18 / 60 mse 0.0944 rmse 0.3072 pcc 0.0584 ccc 0.0012
2021-06-17 02:17:41,324 - utils.logger - INFO - Cur epoch 19 loss ccc:0.1271
2021-06-17 02:17:41,700 - utils.logger - INFO - Cur epoch 19 loss ccc:0.1250
2021-06-17 02:17:42,030 - utils.logger - INFO - Cur epoch 19 loss ccc:0.9999
2021-06-17 02:17:42,030 - utils.logger - INFO - saving the model at the end of epoch 19, iters 114
2021-06-17 02:17:42,270 - utils.logger - INFO - End of training epoch 19 / 60 	 Time Taken: 1 sec, Data loading: 0 sec
2021-06-17 02:17:42,271 - utils.logger - INFO - learning rate = 0.0001000
2021-06-17 02:17:42,633 - utils.logger - INFO - Trn result of epoch 19 / 60 mse 0.0895 rmse 0.2991 pcc 0.0457 ccc 0.0007
2021-06-17 02:17:42,760 - utils.logger - INFO - Val result of epoch 19 / 60 mse 0.0943 rmse 0.3071 pcc 0.0425 ccc 0.0007
2021-06-17 02:17:43,168 - utils.logger - INFO - Cur epoch 20 loss ccc:0.1250
2021-06-17 02:17:43,574 - utils.logger - INFO - Cur epoch 20 loss ccc:0.1247
2021-06-17 02:17:43,933 - utils.logger - INFO - Cur epoch 20 loss ccc:1.0000
2021-06-17 02:17:43,933 - utils.logger - INFO - saving the model at the end of epoch 20, iters 120
2021-06-17 02:17:44,170 - utils.logger - INFO - End of training epoch 20 / 60 	 Time Taken: 1 sec, Data loading: 0 sec
2021-06-17 02:17:44,171 - utils.logger - INFO - learning rate = 0.0000976
2021-06-17 02:17:44,533 - utils.logger - INFO - Trn result of epoch 20 / 60 mse 0.0894 rmse 0.2989 pcc 0.0870 ccc 0.0021
2021-06-17 02:17:44,658 - utils.logger - INFO - Val result of epoch 20 / 60 mse 0.0943 rmse 0.3072 pcc 0.0543 ccc 0.0013
2021-06-17 02:17:45,066 - utils.logger - INFO - Cur epoch 21 loss ccc:0.1226
2021-06-17 02:17:45,480 - utils.logger - INFO - Cur epoch 21 loss ccc:0.1206
2021-06-17 02:17:45,820 - utils.logger - INFO - Cur epoch 21 loss ccc:0.9980
2021-06-17 02:17:45,821 - utils.logger - INFO - saving the model at the end of epoch 21, iters 126
2021-06-17 02:17:46,061 - utils.logger - INFO - End of training epoch 21 / 60 	 Time Taken: 1 sec, Data loading: 0 sec
2021-06-17 02:17:46,062 - utils.logger - INFO - learning rate = 0.0000951
2021-06-17 02:17:46,427 - utils.logger - INFO - Trn result of epoch 21 / 60 mse 0.0890 rmse 0.2984 pcc 0.1257 ccc 0.0063
2021-06-17 02:17:46,552 - utils.logger - INFO - Val result of epoch 21 / 60 mse 0.0939 rmse 0.3064 pcc 0.0568 ccc 0.0029
2021-06-17 02:17:46,959 - utils.logger - INFO - Cur epoch 22 loss ccc:0.1249
2021-06-17 02:17:47,368 - utils.logger - INFO - Cur epoch 22 loss ccc:0.1209
2021-06-17 02:17:47,700 - utils.logger - INFO - Cur epoch 22 loss ccc:0.9994
2021-06-17 02:17:47,700 - utils.logger - INFO - saving the model at the end of epoch 22, iters 132
2021-06-17 02:17:47,942 - utils.logger - INFO - End of training epoch 22 / 60 	 Time Taken: 1 sec, Data loading: 0 sec
2021-06-17 02:17:47,942 - utils.logger - INFO - learning rate = 0.0000927
2021-06-17 02:17:48,298 - utils.logger - INFO - Trn result of epoch 22 / 60 mse 0.0887 rmse 0.2979 pcc 0.1491 ccc 0.0097
2021-06-17 02:17:48,422 - utils.logger - INFO - Val result of epoch 22 / 60 mse 0.0940 rmse 0.3066 pcc 0.0625 ccc 0.0041
2021-06-17 02:17:48,825 - utils.logger - INFO - Cur epoch 23 loss ccc:0.1118
2021-06-17 02:17:49,234 - utils.logger - INFO - Cur epoch 23 loss ccc:0.1250
2021-06-17 02:17:49,569 - utils.logger - INFO - Cur epoch 23 loss ccc:0.9986
2021-06-17 02:17:49,569 - utils.logger - INFO - saving the model at the end of epoch 23, iters 138
2021-06-17 02:17:49,812 - utils.logger - INFO - End of training epoch 23 / 60 	 Time Taken: 1 sec, Data loading: 0 sec
2021-06-17 02:17:49,812 - utils.logger - INFO - learning rate = 0.0000902
2021-06-17 02:17:50,174 - utils.logger - INFO - Trn result of epoch 23 / 60 mse 0.0899 rmse 0.2998 pcc 0.1020 ccc 0.0079
2021-06-17 02:17:50,300 - utils.logger - INFO - Val result of epoch 23 / 60 mse 0.0976 rmse 0.3125 pcc 0.0483 ccc 0.0040
2021-06-17 02:17:50,701 - utils.logger - INFO - Cur epoch 24 loss ccc:0.1170
2021-06-17 02:17:51,105 - utils.logger - INFO - Cur epoch 24 loss ccc:0.1196
2021-06-17 02:17:51,459 - utils.logger - INFO - Cur epoch 24 loss ccc:1.0012
2021-06-17 02:17:51,459 - utils.logger - INFO - saving the model at the end of epoch 24, iters 144
2021-06-17 02:17:51,716 - utils.logger - INFO - End of training epoch 24 / 60 	 Time Taken: 1 sec, Data loading: 0 sec
2021-06-17 02:17:51,716 - utils.logger - INFO - learning rate = 0.0000878
2021-06-17 02:17:52,073 - utils.logger - INFO - Trn result of epoch 24 / 60 mse 0.0913 rmse 0.3022 pcc 0.0505 ccc 0.0034
2021-06-17 02:17:52,197 - utils.logger - INFO - Val result of epoch 24 / 60 mse 0.1001 rmse 0.3164 pcc 0.0487 ccc 0.0033
2021-06-17 02:17:52,607 - utils.logger - INFO - Cur epoch 25 loss ccc:0.1042
2021-06-17 02:17:53,010 - utils.logger - INFO - Cur epoch 25 loss ccc:0.1250
2021-06-17 02:17:53,381 - utils.logger - INFO - Cur epoch 25 loss ccc:1.0004
2021-06-17 02:17:53,382 - utils.logger - INFO - saving the model at the end of epoch 25, iters 150
2021-06-17 02:17:53,620 - utils.logger - INFO - End of training epoch 25 / 60 	 Time Taken: 1 sec, Data loading: 0 sec
2021-06-17 02:17:53,620 - utils.logger - INFO - learning rate = 0.0000854
2021-06-17 02:17:53,978 - utils.logger - INFO - Trn result of epoch 25 / 60 mse 0.0932 rmse 0.3053 pcc -0.0949 ccc -0.0078
2021-06-17 02:17:54,103 - utils.logger - INFO - Val result of epoch 25 / 60 mse 0.1021 rmse 0.3195 pcc 0.0105 ccc 0.0009
2021-06-17 02:17:54,532 - utils.logger - INFO - Cur epoch 26 loss ccc:0.1245
2021-06-17 02:17:54,945 - utils.logger - INFO - Cur epoch 26 loss ccc:0.1224
2021-06-17 02:17:55,303 - utils.logger - INFO - Cur epoch 26 loss ccc:0.9999
2021-06-17 02:17:55,303 - utils.logger - INFO - saving the model at the end of epoch 26, iters 156
2021-06-17 02:17:55,559 - utils.logger - INFO - End of training epoch 26 / 60 	 Time Taken: 1 sec, Data loading: 0 sec
2021-06-17 02:17:55,559 - utils.logger - INFO - learning rate = 0.0000829
2021-06-17 02:17:55,920 - utils.logger - INFO - Trn result of epoch 26 / 60 mse 0.0892 rmse 0.2987 pcc 0.2188 ccc 0.0176
2021-06-17 02:17:56,045 - utils.logger - INFO - Val result of epoch 26 / 60 mse 0.0924 rmse 0.3040 pcc 0.0206 ccc 0.0017
2021-06-17 02:17:56,441 - utils.logger - INFO - Cur epoch 27 loss ccc:0.1250
2021-06-17 02:17:56,850 - utils.logger - INFO - Cur epoch 27 loss ccc:0.1274
2021-06-17 02:17:57,172 - utils.logger - INFO - Cur epoch 27 loss ccc:0.9887
2021-06-17 02:17:57,172 - utils.logger - INFO - saving the model at the end of epoch 27, iters 162
2021-06-17 02:17:57,634 - utils.logger - INFO - End of training epoch 27 / 60 	 Time Taken: 1 sec, Data loading: 0 sec
2021-06-17 02:17:57,634 - utils.logger - INFO - learning rate = 0.0000805
2021-06-17 02:17:57,995 - utils.logger - INFO - Trn result of epoch 27 / 60 mse 0.0869 rmse 0.2948 pcc 0.1942 ccc 0.0559
2021-06-17 02:17:58,122 - utils.logger - INFO - Val result of epoch 27 / 60 mse 0.0935 rmse 0.3058 pcc 0.0483 ccc 0.0144
2021-06-17 02:17:58,544 - utils.logger - INFO - Cur epoch 28 loss ccc:0.1178
2021-06-17 02:17:58,945 - utils.logger - INFO - Cur epoch 28 loss ccc:0.1176
2021-06-17 02:17:59,293 - utils.logger - INFO - Cur epoch 28 loss ccc:1.0013
2021-06-17 02:17:59,293 - utils.logger - INFO - saving the model at the end of epoch 28, iters 168
2021-06-17 02:17:59,529 - utils.logger - INFO - End of training epoch 28 / 60 	 Time Taken: 1 sec, Data loading: 0 sec
2021-06-17 02:17:59,529 - utils.logger - INFO - learning rate = 0.0000780
2021-06-17 02:17:59,886 - utils.logger - INFO - Trn result of epoch 28 / 60 mse 0.0865 rmse 0.2941 pcc 0.1908 ccc 0.0602
2021-06-17 02:18:00,011 - utils.logger - INFO - Val result of epoch 28 / 60 mse 0.0943 rmse 0.3071 pcc 0.0486 ccc 0.0157
2021-06-17 02:18:00,412 - utils.logger - INFO - Cur epoch 29 loss ccc:0.1190
2021-06-17 02:18:00,800 - utils.logger - INFO - Cur epoch 29 loss ccc:0.1183
2021-06-17 02:18:01,140 - utils.logger - INFO - Cur epoch 29 loss ccc:1.0014
2021-06-17 02:18:01,140 - utils.logger - INFO - saving the model at the end of epoch 29, iters 174
2021-06-17 02:18:01,500 - utils.logger - INFO - End of training epoch 29 / 60 	 Time Taken: 1 sec, Data loading: 0 sec
2021-06-17 02:18:01,500 - utils.logger - INFO - learning rate = 0.0000756
2021-06-17 02:18:01,863 - utils.logger - INFO - Trn result of epoch 29 / 60 mse 0.0865 rmse 0.2941 pcc 0.1853 ccc 0.0573
2021-06-17 02:18:01,989 - utils.logger - INFO - Val result of epoch 29 / 60 mse 0.0951 rmse 0.3084 pcc 0.0484 ccc 0.0151
2021-06-17 02:18:02,389 - utils.logger - INFO - Cur epoch 30 loss ccc:0.1256
2021-06-17 02:18:02,780 - utils.logger - INFO - Cur epoch 30 loss ccc:0.1185
2021-06-17 02:18:03,092 - utils.logger - INFO - Cur epoch 30 loss ccc:0.9991
2021-06-17 02:18:03,092 - utils.logger - INFO - saving the model at the end of epoch 30, iters 180
2021-06-17 02:18:03,323 - utils.logger - INFO - End of training epoch 30 / 60 	 Time Taken: 1 sec, Data loading: 0 sec
2021-06-17 02:18:03,323 - utils.logger - INFO - learning rate = 0.0000732
2021-06-17 02:18:03,678 - utils.logger - INFO - Trn result of epoch 30 / 60 mse 0.0862 rmse 0.2936 pcc 0.2036 ccc 0.0974
2021-06-17 02:18:03,800 - utils.logger - INFO - Val result of epoch 30 / 60 mse 0.1002 rmse 0.3165 pcc 0.0346 ccc 0.0168
2021-06-17 02:18:04,176 - utils.logger - INFO - Cur epoch 31 loss ccc:0.1285
2021-06-17 02:18:04,548 - utils.logger - INFO - Cur epoch 31 loss ccc:0.1310
2021-06-17 02:18:04,846 - utils.logger - INFO - Cur epoch 31 loss ccc:0.9311
2021-06-17 02:18:04,846 - utils.logger - INFO - saving the model at the end of epoch 31, iters 186
2021-06-17 02:18:05,102 - utils.logger - INFO - End of training epoch 31 / 60 	 Time Taken: 1 sec, Data loading: 0 sec
2021-06-17 02:18:05,103 - utils.logger - INFO - learning rate = 0.0000707
2021-06-17 02:18:05,456 - utils.logger - INFO - Trn result of epoch 31 / 60 mse 0.1855 rmse 0.4307 pcc 0.1102 ccc 0.0154
2021-06-17 02:18:05,579 - utils.logger - INFO - Val result of epoch 31 / 60 mse 0.2176 rmse 0.4664 pcc 0.0380 ccc 0.0050
2021-06-17 02:18:05,956 - utils.logger - INFO - Cur epoch 32 loss ccc:0.1127
2021-06-17 02:18:06,342 - utils.logger - INFO - Cur epoch 32 loss ccc:0.1250
2021-06-17 02:18:06,672 - utils.logger - INFO - Cur epoch 32 loss ccc:0.9954
2021-06-17 02:18:06,672 - utils.logger - INFO - saving the model at the end of epoch 32, iters 192
2021-06-17 02:18:06,914 - utils.logger - INFO - End of training epoch 32 / 60 	 Time Taken: 1 sec, Data loading: 0 sec
2021-06-17 02:18:06,914 - utils.logger - INFO - learning rate = 0.0000683
2021-06-17 02:18:07,271 - utils.logger - INFO - Trn result of epoch 32 / 60 mse 0.0940 rmse 0.3066 pcc 0.1111 ccc 0.0518
2021-06-17 02:18:07,395 - utils.logger - INFO - Val result of epoch 32 / 60 mse 0.1080 rmse 0.3286 pcc 0.0259 ccc 0.0127
2021-06-17 02:18:07,792 - utils.logger - INFO - Cur epoch 33 loss ccc:0.1332
2021-06-17 02:18:08,180 - utils.logger - INFO - Cur epoch 33 loss ccc:0.1137
2021-06-17 02:18:08,502 - utils.logger - INFO - Cur epoch 33 loss ccc:0.9619
2021-06-17 02:18:08,502 - utils.logger - INFO - saving the model at the end of epoch 33, iters 198
2021-06-17 02:18:08,739 - utils.logger - INFO - End of training epoch 33 / 60 	 Time Taken: 1 sec, Data loading: 0 sec
2021-06-17 02:18:08,740 - utils.logger - INFO - learning rate = 0.0000659
2021-06-17 02:18:09,097 - utils.logger - INFO - Trn result of epoch 33 / 60 mse 0.1002 rmse 0.3165 pcc 0.1067 ccc 0.0588
2021-06-17 02:18:09,223 - utils.logger - INFO - Val result of epoch 33 / 60 mse 0.1173 rmse 0.3425 pcc 0.0275 ccc 0.0157
2021-06-17 02:18:09,619 - utils.logger - INFO - Cur epoch 34 loss ccc:0.1252
2021-06-17 02:18:10,008 - utils.logger - INFO - Cur epoch 34 loss ccc:0.1095
2021-06-17 02:18:10,325 - utils.logger - INFO - Cur epoch 34 loss ccc:1.0053
2021-06-17 02:18:10,325 - utils.logger - INFO - saving the model at the end of epoch 34, iters 204
2021-06-17 02:18:10,586 - utils.logger - INFO - End of training epoch 34 / 60 	 Time Taken: 1 sec, Data loading: 0 sec
2021-06-17 02:18:10,586 - utils.logger - INFO - learning rate = 0.0000634
2021-06-17 02:18:10,950 - utils.logger - INFO - Trn result of epoch 34 / 60 mse 0.2664 rmse 0.5161 pcc -0.0427 ccc -0.0026
2021-06-17 02:18:11,074 - utils.logger - INFO - Val result of epoch 34 / 60 mse 0.3089 rmse 0.5558 pcc 0.0188 ccc 0.0011
2021-06-17 02:18:11,495 - utils.logger - INFO - Cur epoch 35 loss ccc:0.1252
2021-06-17 02:18:11,903 - utils.logger - INFO - Cur epoch 35 loss ccc:0.1275
2021-06-17 02:18:12,252 - utils.logger - INFO - Cur epoch 35 loss ccc:1.0002
2021-06-17 02:18:12,252 - utils.logger - INFO - saving the model at the end of epoch 35, iters 210
2021-06-17 02:18:12,675 - utils.logger - INFO - End of training epoch 35 / 60 	 Time Taken: 1 sec, Data loading: 0 sec
2021-06-17 02:18:12,675 - utils.logger - INFO - learning rate = 0.0000610
2021-06-17 02:18:13,039 - utils.logger - INFO - Trn result of epoch 35 / 60 mse 0.2765 rmse 0.5258 pcc -0.0541 ccc -0.0030
2021-06-17 02:18:13,164 - utils.logger - INFO - Val result of epoch 35 / 60 mse 0.3196 rmse 0.5653 pcc 0.0147 ccc 0.0007
2021-06-17 02:18:13,569 - utils.logger - INFO - Cur epoch 36 loss ccc:0.1397
2021-06-17 02:18:14,003 - utils.logger - INFO - Cur epoch 36 loss ccc:0.1258
2021-06-17 02:18:14,354 - utils.logger - INFO - Cur epoch 36 loss ccc:0.9997
2021-06-17 02:18:14,354 - utils.logger - INFO - saving the model at the end of epoch 36, iters 216
2021-06-17 02:18:14,619 - utils.logger - INFO - End of training epoch 36 / 60 	 Time Taken: 1 sec, Data loading: 0 sec
2021-06-17 02:18:14,619 - utils.logger - INFO - learning rate = 0.0000585
2021-06-17 02:18:14,983 - utils.logger - INFO - Trn result of epoch 36 / 60 mse 0.2413 rmse 0.4912 pcc -0.0529 ccc -0.0030
2021-06-17 02:18:15,111 - utils.logger - INFO - Val result of epoch 36 / 60 mse 0.2803 rmse 0.5295 pcc 0.0140 ccc 0.0007
2021-06-17 02:18:15,533 - utils.logger - INFO - Cur epoch 37 loss ccc:0.1305
2021-06-17 02:18:15,949 - utils.logger - INFO - Cur epoch 37 loss ccc:0.1172
2021-06-17 02:18:16,279 - utils.logger - INFO - Cur epoch 37 loss ccc:0.9957
2021-06-17 02:18:16,279 - utils.logger - INFO - saving the model at the end of epoch 37, iters 222
2021-06-17 02:18:16,520 - utils.logger - INFO - End of training epoch 37 / 60 	 Time Taken: 1 sec, Data loading: 0 sec
2021-06-17 02:18:16,520 - utils.logger - INFO - learning rate = 0.0000561
2021-06-17 02:18:16,880 - utils.logger - INFO - Trn result of epoch 37 / 60 mse 0.2105 rmse 0.4588 pcc -0.0454 ccc -0.0027
2021-06-17 02:18:17,004 - utils.logger - INFO - Val result of epoch 37 / 60 mse 0.2456 rmse 0.4956 pcc 0.0156 ccc 0.0008
2021-06-17 02:18:17,412 - utils.logger - INFO - Cur epoch 38 loss ccc:0.1391
2021-06-17 02:18:17,823 - utils.logger - INFO - Cur epoch 38 loss ccc:0.1138
2021-06-17 02:18:18,159 - utils.logger - INFO - Cur epoch 38 loss ccc:1.0022
2021-06-17 02:18:18,159 - utils.logger - INFO - saving the model at the end of epoch 38, iters 228
2021-06-17 02:18:18,398 - utils.logger - INFO - End of training epoch 38 / 60 	 Time Taken: 1 sec, Data loading: 0 sec
2021-06-17 02:18:18,399 - utils.logger - INFO - learning rate = 0.0000537
2021-06-17 02:18:18,756 - utils.logger - INFO - Trn result of epoch 38 / 60 mse 0.2802 rmse 0.5294 pcc -0.0209 ccc -0.0012
2021-06-17 02:18:18,880 - utils.logger - INFO - Val result of epoch 38 / 60 mse 0.3230 rmse 0.5683 pcc 0.0107 ccc 0.0005
2021-06-17 02:18:19,289 - utils.logger - INFO - Cur epoch 39 loss ccc:0.1174
2021-06-17 02:18:19,692 - utils.logger - INFO - Cur epoch 39 loss ccc:0.1227
2021-06-17 02:18:20,032 - utils.logger - INFO - Cur epoch 39 loss ccc:1.0109
2021-06-17 02:18:20,032 - utils.logger - INFO - saving the model at the end of epoch 39, iters 234
2021-06-17 02:18:20,320 - utils.logger - INFO - End of training epoch 39 / 60 	 Time Taken: 1 sec, Data loading: 0 sec
2021-06-17 02:18:20,320 - utils.logger - INFO - learning rate = 0.0000512
2021-06-17 02:18:20,681 - utils.logger - INFO - Trn result of epoch 39 / 60 mse 0.1293 rmse 0.3596 pcc -0.0133 ccc -0.0009
2021-06-17 02:18:20,807 - utils.logger - INFO - Val result of epoch 39 / 60 mse 0.1512 rmse 0.3888 pcc 0.0158 ccc 0.0010
2021-06-17 02:18:21,215 - utils.logger - INFO - Cur epoch 40 loss ccc:0.0972
2021-06-17 02:18:21,617 - utils.logger - INFO - Cur epoch 40 loss ccc:0.1282
2021-06-17 02:18:21,943 - utils.logger - INFO - Cur epoch 40 loss ccc:0.9389
2021-06-17 02:18:21,944 - utils.logger - INFO - saving the model at the end of epoch 40, iters 240
2021-06-17 02:18:22,182 - utils.logger - INFO - End of training epoch 40 / 60 	 Time Taken: 1 sec, Data loading: 0 sec
2021-06-17 02:18:22,182 - utils.logger - INFO - learning rate = 0.0000488
2021-06-17 02:18:22,538 - utils.logger - INFO - Trn result of epoch 40 / 60 mse 0.2110 rmse 0.4593 pcc 0.0287 ccc 0.0022
2021-06-17 02:18:22,663 - utils.logger - INFO - Val result of epoch 40 / 60 mse 0.2463 rmse 0.4963 pcc 0.0206 ccc 0.0014
2021-06-17 02:18:23,068 - utils.logger - INFO - Cur epoch 41 loss ccc:0.1347
2021-06-17 02:18:23,476 - utils.logger - INFO - Cur epoch 41 loss ccc:0.1151
2021-06-17 02:18:23,792 - utils.logger - INFO - Cur epoch 41 loss ccc:1.0085
2021-06-17 02:18:23,792 - utils.logger - INFO - saving the model at the end of epoch 41, iters 246
2021-06-17 02:18:24,040 - utils.logger - INFO - End of training epoch 41 / 60 	 Time Taken: 1 sec, Data loading: 0 sec
2021-06-17 02:18:24,041 - utils.logger - INFO - learning rate = 0.0000463
2021-06-17 02:18:24,403 - utils.logger - INFO - Trn result of epoch 41 / 60 mse 0.2319 rmse 0.4815 pcc 0.0336 ccc 0.0024
2021-06-17 02:18:24,530 - utils.logger - INFO - Val result of epoch 41 / 60 mse 0.2698 rmse 0.5194 pcc 0.0206 ccc 0.0013
2021-06-17 02:18:24,963 - utils.logger - INFO - Cur epoch 42 loss ccc:0.1132
2021-06-17 02:18:25,372 - utils.logger - INFO - Cur epoch 42 loss ccc:0.1353
2021-06-17 02:18:25,726 - utils.logger - INFO - Cur epoch 42 loss ccc:0.9912
2021-06-17 02:18:25,727 - utils.logger - INFO - saving the model at the end of epoch 42, iters 252
2021-06-17 02:18:25,969 - utils.logger - INFO - End of training epoch 42 / 60 	 Time Taken: 1 sec, Data loading: 0 sec
2021-06-17 02:18:25,969 - utils.logger - INFO - learning rate = 0.0000439
2021-06-17 02:18:26,330 - utils.logger - INFO - Trn result of epoch 42 / 60 mse 0.3958 rmse 0.6291 pcc 0.0344 ccc 0.0024
2021-06-17 02:18:26,457 - utils.logger - INFO - Val result of epoch 42 / 60 mse 0.4479 rmse 0.6693 pcc 0.0128 ccc 0.0008
2021-06-17 02:18:26,888 - utils.logger - INFO - Cur epoch 43 loss ccc:0.1400
2021-06-17 02:18:27,297 - utils.logger - INFO - Cur epoch 43 loss ccc:0.1149
2021-06-17 02:18:27,676 - utils.logger - INFO - Cur epoch 43 loss ccc:0.9937
2021-06-17 02:18:27,676 - utils.logger - INFO - saving the model at the end of epoch 43, iters 258
2021-06-17 02:18:27,912 - utils.logger - INFO - End of training epoch 43 / 60 	 Time Taken: 1 sec, Data loading: 0 sec
2021-06-17 02:18:27,912 - utils.logger - INFO - learning rate = 0.0000415
2021-06-17 02:18:28,273 - utils.logger - INFO - Trn result of epoch 43 / 60 mse 0.2224 rmse 0.4716 pcc 0.0354 ccc 0.0035
2021-06-17 02:18:28,402 - utils.logger - INFO - Val result of epoch 43 / 60 mse 0.2587 rmse 0.5087 pcc 0.0055 ccc 0.0005
2021-06-17 02:18:28,799 - utils.logger - INFO - Cur epoch 44 loss ccc:0.1297
2021-06-17 02:18:29,232 - utils.logger - INFO - Cur epoch 44 loss ccc:0.1268
2021-06-17 02:18:29,604 - utils.logger - INFO - Cur epoch 44 loss ccc:1.0012
2021-06-17 02:18:29,605 - utils.logger - INFO - saving the model at the end of epoch 44, iters 264
2021-06-17 02:18:29,839 - utils.logger - INFO - End of training epoch 44 / 60 	 Time Taken: 1 sec, Data loading: 0 sec
2021-06-17 02:18:29,839 - utils.logger - INFO - learning rate = 0.0000390
2021-06-17 02:18:30,197 - utils.logger - INFO - Trn result of epoch 44 / 60 mse 0.0900 rmse 0.3000 pcc -0.0313 ccc -0.0029
2021-06-17 02:18:30,321 - utils.logger - INFO - Val result of epoch 44 / 60 mse 0.0949 rmse 0.3081 pcc -0.0512 ccc -0.0049
2021-06-17 02:18:30,765 - utils.logger - INFO - Cur epoch 45 loss ccc:0.1250
2021-06-17 02:18:31,183 - utils.logger - INFO - Cur epoch 45 loss ccc:0.1232
2021-06-17 02:18:31,509 - utils.logger - INFO - Cur epoch 45 loss ccc:1.0001
2021-06-17 02:18:31,509 - utils.logger - INFO - saving the model at the end of epoch 45, iters 270
2021-06-17 02:18:31,787 - utils.logger - INFO - End of training epoch 45 / 60 	 Time Taken: 1 sec, Data loading: 0 sec
2021-06-17 02:18:31,787 - utils.logger - INFO - learning rate = 0.0000366
2021-06-17 02:18:32,147 - utils.logger - INFO - Trn result of epoch 45 / 60 mse 0.0899 rmse 0.2998 pcc -0.0192 ccc -0.0018
2021-06-17 02:18:32,272 - utils.logger - INFO - Val result of epoch 45 / 60 mse 0.0948 rmse 0.3080 pcc -0.0487 ccc -0.0047
2021-06-17 02:18:32,705 - utils.logger - INFO - Cur epoch 46 loss ccc:0.1293
2021-06-17 02:18:33,114 - utils.logger - INFO - Cur epoch 46 loss ccc:0.1239
2021-06-17 02:18:33,479 - utils.logger - INFO - Cur epoch 46 loss ccc:1.0055
2021-06-17 02:18:33,479 - utils.logger - INFO - saving the model at the end of epoch 46, iters 276
2021-06-17 02:18:34,165 - utils.logger - INFO - End of training epoch 46 / 60 	 Time Taken: 1 sec, Data loading: 0 sec
2021-06-17 02:18:34,166 - utils.logger - INFO - learning rate = 0.0000341
2021-06-17 02:18:34,524 - utils.logger - INFO - Trn result of epoch 46 / 60 mse 0.0895 rmse 0.2992 pcc 0.0188 ccc 0.0016
2021-06-17 02:18:34,648 - utils.logger - INFO - Val result of epoch 46 / 60 mse 0.0946 rmse 0.3076 pcc -0.0570 ccc -0.0046
2021-06-17 02:18:35,093 - utils.logger - INFO - Cur epoch 47 loss ccc:0.1298
2021-06-17 02:18:35,507 - utils.logger - INFO - Cur epoch 47 loss ccc:0.1251
2021-06-17 02:18:35,866 - utils.logger - INFO - Cur epoch 47 loss ccc:1.0001
2021-06-17 02:18:35,866 - utils.logger - INFO - saving the model at the end of epoch 47, iters 282
2021-06-17 02:18:36,121 - utils.logger - INFO - End of training epoch 47 / 60 	 Time Taken: 1 sec, Data loading: 0 sec
2021-06-17 02:18:36,122 - utils.logger - INFO - learning rate = 0.0000317
2021-06-17 02:18:36,488 - utils.logger - INFO - Trn result of epoch 47 / 60 mse 0.0892 rmse 0.2986 pcc 0.0659 ccc 0.0059
2021-06-17 02:18:36,615 - utils.logger - INFO - Val result of epoch 47 / 60 mse 0.0944 rmse 0.3073 pcc -0.0491 ccc -0.0041
2021-06-17 02:18:37,045 - utils.logger - INFO - Cur epoch 48 loss ccc:0.1243
2021-06-17 02:18:37,473 - utils.logger - INFO - Cur epoch 48 loss ccc:0.1242
2021-06-17 02:18:37,854 - utils.logger - INFO - Cur epoch 48 loss ccc:0.9945
2021-06-17 02:18:37,854 - utils.logger - INFO - saving the model at the end of epoch 48, iters 288
2021-06-17 02:18:38,089 - utils.logger - INFO - End of training epoch 48 / 60 	 Time Taken: 1 sec, Data loading: 0 sec
2021-06-17 02:18:38,089 - utils.logger - INFO - learning rate = 0.0000293
2021-06-17 02:18:38,473 - utils.logger - INFO - Trn result of epoch 48 / 60 mse 0.0885 rmse 0.2974 pcc 0.1291 ccc 0.0167
2021-06-17 02:18:38,597 - utils.logger - INFO - Val result of epoch 48 / 60 mse 0.0937 rmse 0.3061 pcc 0.0150 ccc 0.0019
2021-06-17 02:18:39,024 - utils.logger - INFO - Cur epoch 49 loss ccc:0.1255
2021-06-17 02:18:39,451 - utils.logger - INFO - Cur epoch 49 loss ccc:0.1234
2021-06-17 02:18:39,796 - utils.logger - INFO - Cur epoch 49 loss ccc:0.9985
2021-06-17 02:18:39,796 - utils.logger - INFO - saving the model at the end of epoch 49, iters 294
2021-06-17 02:18:40,036 - utils.logger - INFO - End of training epoch 49 / 60 	 Time Taken: 1 sec, Data loading: 0 sec
2021-06-17 02:18:40,036 - utils.logger - INFO - learning rate = 0.0000268
2021-06-17 02:18:40,396 - utils.logger - INFO - Trn result of epoch 49 / 60 mse 0.0882 rmse 0.2970 pcc 0.1423 ccc 0.0211
2021-06-17 02:18:40,520 - utils.logger - INFO - Val result of epoch 49 / 60 mse 0.0936 rmse 0.3059 pcc 0.0161 ccc 0.0023
2021-06-17 02:18:40,929 - utils.logger - INFO - Cur epoch 50 loss ccc:0.1169
2021-06-17 02:18:41,329 - utils.logger - INFO - Cur epoch 50 loss ccc:0.1250
2021-06-17 02:18:41,661 - utils.logger - INFO - Cur epoch 50 loss ccc:1.0184
2021-06-17 02:18:41,661 - utils.logger - INFO - saving the model at the end of epoch 50, iters 300
2021-06-17 02:18:41,923 - utils.logger - INFO - End of training epoch 50 / 60 	 Time Taken: 1 sec, Data loading: 0 sec
2021-06-17 02:18:41,923 - utils.logger - INFO - learning rate = 0.0000244
2021-06-17 02:18:42,282 - utils.logger - INFO - Trn result of epoch 50 / 60 mse 0.0883 rmse 0.2972 pcc 0.1362 ccc 0.0183
2021-06-17 02:18:42,406 - utils.logger - INFO - Val result of epoch 50 / 60 mse 0.0938 rmse 0.3063 pcc 0.0178 ccc 0.0023
2021-06-17 02:18:42,793 - utils.logger - INFO - Cur epoch 51 loss ccc:0.1233
2021-06-17 02:18:43,203 - utils.logger - INFO - Cur epoch 51 loss ccc:0.1291
2021-06-17 02:18:43,534 - utils.logger - INFO - Cur epoch 51 loss ccc:1.0120
2021-06-17 02:18:43,534 - utils.logger - INFO - saving the model at the end of epoch 51, iters 306
2021-06-17 02:18:43,774 - utils.logger - INFO - End of training epoch 51 / 60 	 Time Taken: 1 sec, Data loading: 0 sec
2021-06-17 02:18:43,775 - utils.logger - INFO - learning rate = 0.0000220
2021-06-17 02:18:44,128 - utils.logger - INFO - Trn result of epoch 51 / 60 mse 0.0884 rmse 0.2973 pcc 0.1353 ccc 0.0166
2021-06-17 02:18:44,251 - utils.logger - INFO - Val result of epoch 51 / 60 mse 0.0939 rmse 0.3064 pcc 0.0135 ccc 0.0015
2021-06-17 02:18:44,642 - utils.logger - INFO - Cur epoch 52 loss ccc:0.1247
2021-06-17 02:18:45,044 - utils.logger - INFO - Cur epoch 52 loss ccc:0.1226
2021-06-17 02:18:45,390 - utils.logger - INFO - Cur epoch 52 loss ccc:0.9989
2021-06-17 02:18:45,390 - utils.logger - INFO - saving the model at the end of epoch 52, iters 312
2021-06-17 02:18:45,630 - utils.logger - INFO - End of training epoch 52 / 60 	 Time Taken: 1 sec, Data loading: 0 sec
2021-06-17 02:18:45,630 - utils.logger - INFO - learning rate = 0.0000195
2021-06-17 02:18:45,990 - utils.logger - INFO - Trn result of epoch 52 / 60 mse 0.0882 rmse 0.2971 pcc 0.1453 ccc 0.0190
2021-06-17 02:18:46,114 - utils.logger - INFO - Val result of epoch 52 / 60 mse 0.0938 rmse 0.3063 pcc 0.0126 ccc 0.0015
2021-06-17 02:18:46,527 - utils.logger - INFO - Cur epoch 53 loss ccc:0.1252
2021-06-17 02:18:46,942 - utils.logger - INFO - Cur epoch 53 loss ccc:0.1250
2021-06-17 02:18:47,294 - utils.logger - INFO - Cur epoch 53 loss ccc:0.8144
2021-06-17 02:18:47,294 - utils.logger - INFO - saving the model at the end of epoch 53, iters 318
2021-06-17 02:18:47,533 - utils.logger - INFO - End of training epoch 53 / 60 	 Time Taken: 1 sec, Data loading: 0 sec
2021-06-17 02:18:47,533 - utils.logger - INFO - learning rate = 0.0000171
2021-06-17 02:18:47,897 - utils.logger - INFO - Trn result of epoch 53 / 60 mse 0.0881 rmse 0.2968 pcc 0.1487 ccc 0.0216
2021-06-17 02:18:48,024 - utils.logger - INFO - Val result of epoch 53 / 60 mse 0.0943 rmse 0.3070 pcc 0.0013 ccc 0.0002
2021-06-17 02:18:48,446 - utils.logger - INFO - Cur epoch 54 loss ccc:0.1210
2021-06-17 02:18:48,855 - utils.logger - INFO - Cur epoch 54 loss ccc:0.1257
2021-06-17 02:18:49,184 - utils.logger - INFO - Cur epoch 54 loss ccc:1.0012
2021-06-17 02:18:49,184 - utils.logger - INFO - saving the model at the end of epoch 54, iters 324
2021-06-17 02:18:49,497 - utils.logger - INFO - End of training epoch 54 / 60 	 Time Taken: 1 sec, Data loading: 0 sec
2021-06-17 02:18:49,497 - utils.logger - INFO - learning rate = 0.0000146
2021-06-17 02:18:49,864 - utils.logger - INFO - Trn result of epoch 54 / 60 mse 0.0884 rmse 0.2973 pcc 0.1286 ccc 0.0177
2021-06-17 02:18:49,988 - utils.logger - INFO - Val result of epoch 54 / 60 mse 0.0950 rmse 0.3083 pcc -0.0086 ccc -0.0010
2021-06-17 02:18:50,407 - utils.logger - INFO - Cur epoch 55 loss ccc:0.1173
2021-06-17 02:18:50,814 - utils.logger - INFO - Cur epoch 55 loss ccc:0.1250
2021-06-17 02:18:51,150 - utils.logger - INFO - Cur epoch 55 loss ccc:0.9732
2021-06-17 02:18:51,150 - utils.logger - INFO - saving the model at the end of epoch 55, iters 330
2021-06-17 02:18:51,410 - utils.logger - INFO - End of training epoch 55 / 60 	 Time Taken: 1 sec, Data loading: 0 sec
2021-06-17 02:18:51,411 - utils.logger - INFO - learning rate = 0.0000122
2021-06-17 02:18:51,773 - utils.logger - INFO - Trn result of epoch 55 / 60 mse 0.0882 rmse 0.2970 pcc 0.1352 ccc 0.0204
2021-06-17 02:18:51,898 - utils.logger - INFO - Val result of epoch 55 / 60 mse 0.0948 rmse 0.3079 pcc -0.0018 ccc -0.0002
2021-06-17 02:18:52,297 - utils.logger - INFO - Cur epoch 56 loss ccc:0.1214
2021-06-17 02:18:52,674 - utils.logger - INFO - Cur epoch 56 loss ccc:0.1241
2021-06-17 02:18:53,004 - utils.logger - INFO - Cur epoch 56 loss ccc:0.9996
2021-06-17 02:18:53,004 - utils.logger - INFO - saving the model at the end of epoch 56, iters 336
2021-06-17 02:18:53,244 - utils.logger - INFO - End of training epoch 56 / 60 	 Time Taken: 1 sec, Data loading: 0 sec
2021-06-17 02:18:53,245 - utils.logger - INFO - learning rate = 0.0000098
2021-06-17 02:18:53,603 - utils.logger - INFO - Trn result of epoch 56 / 60 mse 0.0881 rmse 0.2968 pcc 0.1404 ccc 0.0221
2021-06-17 02:18:53,726 - utils.logger - INFO - Val result of epoch 56 / 60 mse 0.0947 rmse 0.3077 pcc 0.0018 ccc 0.0003
2021-06-17 02:18:54,119 - utils.logger - INFO - Cur epoch 57 loss ccc:0.1248
2021-06-17 02:18:54,515 - utils.logger - INFO - Cur epoch 57 loss ccc:0.1209
2021-06-17 02:18:54,851 - utils.logger - INFO - Cur epoch 57 loss ccc:0.8729
2021-06-17 02:18:54,851 - utils.logger - INFO - saving the model at the end of epoch 57, iters 342
2021-06-17 02:18:55,085 - utils.logger - INFO - End of training epoch 57 / 60 	 Time Taken: 1 sec, Data loading: 0 sec
2021-06-17 02:18:55,085 - utils.logger - INFO - learning rate = 0.0000073
2021-06-17 02:18:55,442 - utils.logger - INFO - Trn result of epoch 57 / 60 mse 0.0883 rmse 0.2971 pcc 0.1290 ccc 0.0204
2021-06-17 02:18:55,566 - utils.logger - INFO - Val result of epoch 57 / 60 mse 0.0948 rmse 0.3079 pcc -0.0033 ccc -0.0005
2021-06-17 02:18:55,960 - utils.logger - INFO - Cur epoch 58 loss ccc:0.1226
2021-06-17 02:18:56,362 - utils.logger - INFO - Cur epoch 58 loss ccc:0.1219
2021-06-17 02:18:56,687 - utils.logger - INFO - Cur epoch 58 loss ccc:0.9846
2021-06-17 02:18:56,687 - utils.logger - INFO - saving the model at the end of epoch 58, iters 348
2021-06-17 02:18:56,934 - utils.logger - INFO - End of training epoch 58 / 60 	 Time Taken: 1 sec, Data loading: 0 sec
2021-06-17 02:18:56,934 - utils.logger - INFO - learning rate = 0.0000049
2021-06-17 02:18:57,304 - utils.logger - INFO - Trn result of epoch 58 / 60 mse 0.0883 rmse 0.2972 pcc 0.1240 ccc 0.0196
2021-06-17 02:18:57,431 - utils.logger - INFO - Val result of epoch 58 / 60 mse 0.0948 rmse 0.3079 pcc -0.0048 ccc -0.0007
2021-06-17 02:18:57,826 - utils.logger - INFO - Cur epoch 59 loss ccc:0.1199
2021-06-17 02:18:58,230 - utils.logger - INFO - Cur epoch 59 loss ccc:0.1204
2021-06-17 02:18:58,576 - utils.logger - INFO - Cur epoch 59 loss ccc:0.9964
2021-06-17 02:18:58,577 - utils.logger - INFO - saving the model at the end of epoch 59, iters 354
2021-06-17 02:18:58,813 - utils.logger - INFO - End of training epoch 59 / 60 	 Time Taken: 1 sec, Data loading: 0 sec
2021-06-17 02:18:58,813 - utils.logger - INFO - learning rate = 0.0000024
2021-06-17 02:18:59,172 - utils.logger - INFO - Trn result of epoch 59 / 60 mse 0.0883 rmse 0.2971 pcc 0.1268 ccc 0.0202
2021-06-17 02:18:59,295 - utils.logger - INFO - Val result of epoch 59 / 60 mse 0.0947 rmse 0.3078 pcc -0.0034 ccc -0.0005
2021-06-17 02:18:59,695 - utils.logger - INFO - Cur epoch 60 loss ccc:0.1247
2021-06-17 02:19:00,088 - utils.logger - INFO - Cur epoch 60 loss ccc:0.1130
2021-06-17 02:19:00,411 - utils.logger - INFO - Cur epoch 60 loss ccc:1.0004
2021-06-17 02:19:00,411 - utils.logger - INFO - saving the model at the end of epoch 60, iters 360
2021-06-17 02:19:00,654 - utils.logger - INFO - End of training epoch 60 / 60 	 Time Taken: 1 sec, Data loading: 0 sec
2021-06-17 02:19:00,654 - utils.logger - INFO - learning rate = 0.0000000
2021-06-17 02:19:01,011 - utils.logger - INFO - Trn result of epoch 60 / 60 mse 0.0883 rmse 0.2971 pcc 0.1269 ccc 0.0203
2021-06-17 02:19:01,135 - utils.logger - INFO - Val result of epoch 60 / 60 mse 0.0947 rmse 0.3078 pcc -0.0033 ccc -0.0005
2021-06-17 02:19:01,135 - utils.logger - INFO - Best eval epoch 30 found with ccc 0.016779
2021-06-17 02:19:01,135 - utils.logger - INFO - baseline_fcfusion_wonorm_vggish_arousal_hidden1024_seq100_lr0.0001_cccloss_run1
