2021-06-19 22:28:34,918 - utils.logger - INFO - The number of training samples = 41
2021-06-19 22:28:37,541 - utils.logger - INFO - Cur epoch 1 loss ccc:0.1095
2021-06-19 22:28:37,994 - utils.logger - INFO - Cur epoch 1 loss ccc:0.1110
2021-06-19 22:28:38,358 - utils.logger - INFO - Cur epoch 1 loss ccc:1.0324
2021-06-19 22:28:38,358 - utils.logger - INFO - saving the model at the end of epoch 1, iters 6
2021-06-19 22:28:38,596 - utils.logger - INFO - End of training epoch 1 / 70 	 Time Taken: 1 sec, Data loading: 0 sec
2021-06-19 22:28:38,596 - utils.logger - INFO - learning rate = 0.0001000
2021-06-19 22:28:39,059 - utils.logger - INFO - Trn result of epoch 1 / 70 mse 0.0405 rmse 0.2012 pcc 0.4051 ccc 0.1044
2021-06-19 22:28:39,308 - utils.logger - INFO - Val result of epoch 1 / 70 mse 0.0356 rmse 0.1886 pcc 0.3990 ccc 0.1322
2021-06-19 22:28:39,860 - utils.logger - INFO - Cur epoch 2 loss ccc:0.1070
2021-06-19 22:28:40,326 - utils.logger - INFO - Cur epoch 2 loss ccc:0.1249
2021-06-19 22:28:40,762 - utils.logger - INFO - Cur epoch 2 loss ccc:0.9849
2021-06-19 22:28:40,762 - utils.logger - INFO - saving the model at the end of epoch 2, iters 12
2021-06-19 22:28:40,972 - utils.logger - INFO - End of training epoch 2 / 70 	 Time Taken: 1 sec, Data loading: 0 sec
2021-06-19 22:28:40,973 - utils.logger - INFO - learning rate = 0.0001000
2021-06-19 22:28:41,459 - utils.logger - INFO - Trn result of epoch 2 / 70 mse 0.0393 rmse 0.1984 pcc 0.4316 ccc 0.1251
2021-06-19 22:28:41,627 - utils.logger - INFO - Val result of epoch 2 / 70 mse 0.0330 rmse 0.1817 pcc 0.4337 ccc 0.1655
2021-06-19 22:28:42,104 - utils.logger - INFO - Cur epoch 3 loss ccc:0.1163
2021-06-19 22:28:42,564 - utils.logger - INFO - Cur epoch 3 loss ccc:0.1165
2021-06-19 22:28:42,981 - utils.logger - INFO - Cur epoch 3 loss ccc:1.0877
2021-06-19 22:28:42,981 - utils.logger - INFO - saving the model at the end of epoch 3, iters 18
2021-06-19 22:28:43,245 - utils.logger - INFO - End of training epoch 3 / 70 	 Time Taken: 1 sec, Data loading: 0 sec
2021-06-19 22:28:43,246 - utils.logger - INFO - learning rate = 0.0001000
2021-06-19 22:28:43,818 - utils.logger - INFO - Trn result of epoch 3 / 70 mse 0.0393 rmse 0.1983 pcc 0.4227 ccc 0.1277
2021-06-19 22:28:43,981 - utils.logger - INFO - Val result of epoch 3 / 70 mse 0.0338 rmse 0.1839 pcc 0.4296 ccc 0.1668
2021-06-19 22:28:44,416 - utils.logger - INFO - Cur epoch 4 loss ccc:0.1217
2021-06-19 22:28:44,878 - utils.logger - INFO - Cur epoch 4 loss ccc:0.1298
2021-06-19 22:28:45,230 - utils.logger - INFO - Cur epoch 4 loss ccc:1.0000
2021-06-19 22:28:45,230 - utils.logger - INFO - saving the model at the end of epoch 4, iters 24
2021-06-19 22:28:45,700 - utils.logger - INFO - End of training epoch 4 / 70 	 Time Taken: 1 sec, Data loading: 0 sec
2021-06-19 22:28:45,700 - utils.logger - INFO - learning rate = 0.0001000
2021-06-19 22:28:46,211 - utils.logger - INFO - Trn result of epoch 4 / 70 mse 0.0381 rmse 0.1952 pcc 0.4286 ccc 0.1659
2021-06-19 22:28:46,471 - utils.logger - INFO - Val result of epoch 4 / 70 mse 0.0321 rmse 0.1791 pcc 0.4354 ccc 0.2166
2021-06-19 22:28:46,908 - utils.logger - INFO - Cur epoch 5 loss ccc:0.1283
2021-06-19 22:28:47,377 - utils.logger - INFO - Cur epoch 5 loss ccc:0.1236
2021-06-19 22:28:47,809 - utils.logger - INFO - Cur epoch 5 loss ccc:1.0000
2021-06-19 22:28:47,810 - utils.logger - INFO - saving the model at the end of epoch 5, iters 30
2021-06-19 22:28:48,063 - utils.logger - INFO - End of training epoch 5 / 70 	 Time Taken: 1 sec, Data loading: 0 sec
2021-06-19 22:28:48,063 - utils.logger - INFO - learning rate = 0.0001000
2021-06-19 22:28:48,626 - utils.logger - INFO - Trn result of epoch 5 / 70 mse 0.0405 rmse 0.2014 pcc 0.4248 ccc 0.1628
2021-06-19 22:28:48,786 - utils.logger - INFO - Val result of epoch 5 / 70 mse 0.0322 rmse 0.1795 pcc 0.4529 ccc 0.2271
2021-06-19 22:28:49,283 - utils.logger - INFO - Cur epoch 6 loss ccc:0.1250
2021-06-19 22:28:49,777 - utils.logger - INFO - Cur epoch 6 loss ccc:0.1085
2021-06-19 22:28:50,167 - utils.logger - INFO - Cur epoch 6 loss ccc:1.0068
2021-06-19 22:28:50,168 - utils.logger - INFO - saving the model at the end of epoch 6, iters 36
2021-06-19 22:28:50,608 - utils.logger - INFO - End of training epoch 6 / 70 	 Time Taken: 1 sec, Data loading: 0 sec
2021-06-19 22:28:50,608 - utils.logger - INFO - learning rate = 0.0001000
2021-06-19 22:28:51,058 - utils.logger - INFO - Trn result of epoch 6 / 70 mse 0.0391 rmse 0.1978 pcc 0.4297 ccc 0.1857
2021-06-19 22:28:51,221 - utils.logger - INFO - Val result of epoch 6 / 70 mse 0.0313 rmse 0.1769 pcc 0.4551 ccc 0.2530
2021-06-19 22:28:51,665 - utils.logger - INFO - Cur epoch 7 loss ccc:0.1057
2021-06-19 22:28:52,106 - utils.logger - INFO - Cur epoch 7 loss ccc:0.1096
2021-06-19 22:28:52,455 - utils.logger - INFO - Cur epoch 7 loss ccc:1.0242
2021-06-19 22:28:52,455 - utils.logger - INFO - saving the model at the end of epoch 7, iters 42
2021-06-19 22:28:52,709 - utils.logger - INFO - End of training epoch 7 / 70 	 Time Taken: 1 sec, Data loading: 0 sec
2021-06-19 22:28:52,709 - utils.logger - INFO - learning rate = 0.0001000
2021-06-19 22:28:53,242 - utils.logger - INFO - Trn result of epoch 7 / 70 mse 0.0410 rmse 0.2024 pcc 0.3435 ccc 0.0826
2021-06-19 22:28:53,405 - utils.logger - INFO - Val result of epoch 7 / 70 mse 0.0345 rmse 0.1858 pcc 0.4339 ccc 0.1121
2021-06-19 22:28:53,847 - utils.logger - INFO - Cur epoch 8 loss ccc:0.1206
2021-06-19 22:28:54,302 - utils.logger - INFO - Cur epoch 8 loss ccc:0.1019
2021-06-19 22:28:54,665 - utils.logger - INFO - Cur epoch 8 loss ccc:0.9929
2021-06-19 22:28:54,665 - utils.logger - INFO - saving the model at the end of epoch 8, iters 48
2021-06-19 22:28:55,073 - utils.logger - INFO - End of training epoch 8 / 70 	 Time Taken: 1 sec, Data loading: 0 sec
2021-06-19 22:28:55,073 - utils.logger - INFO - learning rate = 0.0001000
2021-06-19 22:28:55,534 - utils.logger - INFO - Trn result of epoch 8 / 70 mse 0.0394 rmse 0.1985 pcc 0.4084 ccc 0.1734
2021-06-19 22:28:55,701 - utils.logger - INFO - Val result of epoch 8 / 70 mse 0.0314 rmse 0.1771 pcc 0.4513 ccc 0.2418
2021-06-19 22:28:56,145 - utils.logger - INFO - Cur epoch 9 loss ccc:0.1247
2021-06-19 22:28:56,591 - utils.logger - INFO - Cur epoch 9 loss ccc:0.1220
2021-06-19 22:28:56,964 - utils.logger - INFO - Cur epoch 9 loss ccc:1.1572
2021-06-19 22:28:56,965 - utils.logger - INFO - saving the model at the end of epoch 9, iters 54
2021-06-19 22:28:57,209 - utils.logger - INFO - End of training epoch 9 / 70 	 Time Taken: 1 sec, Data loading: 0 sec
2021-06-19 22:28:57,209 - utils.logger - INFO - learning rate = 0.0001000
2021-06-19 22:28:57,723 - utils.logger - INFO - Trn result of epoch 9 / 70 mse 0.0392 rmse 0.1979 pcc 0.4232 ccc 0.1423
2021-06-19 22:28:58,069 - utils.logger - INFO - Val result of epoch 9 / 70 mse 0.0320 rmse 0.1789 pcc 0.4670 ccc 0.1947
2021-06-19 22:28:58,480 - utils.logger - INFO - Cur epoch 10 loss ccc:0.1175
2021-06-19 22:28:58,888 - utils.logger - INFO - Cur epoch 10 loss ccc:0.1250
2021-06-19 22:28:59,216 - utils.logger - INFO - Cur epoch 10 loss ccc:0.9827
2021-06-19 22:28:59,216 - utils.logger - INFO - saving the model at the end of epoch 10, iters 60
2021-06-19 22:28:59,466 - utils.logger - INFO - End of training epoch 10 / 70 	 Time Taken: 1 sec, Data loading: 0 sec
2021-06-19 22:28:59,466 - utils.logger - INFO - learning rate = 0.0001000
2021-06-19 22:28:59,891 - utils.logger - INFO - Trn result of epoch 10 / 70 mse 0.0399 rmse 0.1996 pcc 0.4166 ccc 0.1938
2021-06-19 22:29:00,051 - utils.logger - INFO - Val result of epoch 10 / 70 mse 0.0313 rmse 0.1770 pcc 0.4578 ccc 0.2690
2021-06-19 22:29:00,472 - utils.logger - INFO - Cur epoch 11 loss ccc:0.1290
2021-06-19 22:29:00,900 - utils.logger - INFO - Cur epoch 11 loss ccc:0.1248
2021-06-19 22:29:01,253 - utils.logger - INFO - Cur epoch 11 loss ccc:1.0398
2021-06-19 22:29:01,254 - utils.logger - INFO - saving the model at the end of epoch 11, iters 66
2021-06-19 22:29:01,496 - utils.logger - INFO - End of training epoch 11 / 70 	 Time Taken: 1 sec, Data loading: 0 sec
2021-06-19 22:29:01,496 - utils.logger - INFO - learning rate = 0.0001000
2021-06-19 22:29:01,950 - utils.logger - INFO - Trn result of epoch 11 / 70 mse 0.0366 rmse 0.1914 pcc 0.4148 ccc 0.2507
2021-06-19 22:29:02,108 - utils.logger - INFO - Val result of epoch 11 / 70 mse 0.0307 rmse 0.1751 pcc 0.4476 ccc 0.3256
2021-06-19 22:29:02,537 - utils.logger - INFO - Cur epoch 12 loss ccc:0.1228
2021-06-19 22:29:02,976 - utils.logger - INFO - Cur epoch 12 loss ccc:0.1082
2021-06-19 22:29:03,343 - utils.logger - INFO - Cur epoch 12 loss ccc:1.0185
2021-06-19 22:29:03,343 - utils.logger - INFO - saving the model at the end of epoch 12, iters 72
2021-06-19 22:29:03,746 - utils.logger - INFO - End of training epoch 12 / 70 	 Time Taken: 1 sec, Data loading: 0 sec
2021-06-19 22:29:03,746 - utils.logger - INFO - learning rate = 0.0001000
2021-06-19 22:29:04,199 - utils.logger - INFO - Trn result of epoch 12 / 70 mse 0.0374 rmse 0.1935 pcc 0.4135 ccc 0.2462
2021-06-19 22:29:04,362 - utils.logger - INFO - Val result of epoch 12 / 70 mse 0.0299 rmse 0.1730 pcc 0.4619 ccc 0.3298
2021-06-19 22:29:04,781 - utils.logger - INFO - Cur epoch 13 loss ccc:0.1233
2021-06-19 22:29:05,217 - utils.logger - INFO - Cur epoch 13 loss ccc:0.0974
2021-06-19 22:29:05,577 - utils.logger - INFO - Cur epoch 13 loss ccc:1.0041
2021-06-19 22:29:05,577 - utils.logger - INFO - saving the model at the end of epoch 13, iters 78
2021-06-19 22:29:05,825 - utils.logger - INFO - End of training epoch 13 / 70 	 Time Taken: 1 sec, Data loading: 0 sec
2021-06-19 22:29:05,826 - utils.logger - INFO - learning rate = 0.0001000
2021-06-19 22:29:06,251 - utils.logger - INFO - Trn result of epoch 13 / 70 mse 0.0449 rmse 0.2119 pcc 0.3782 ccc 0.2083
2021-06-19 22:29:06,398 - utils.logger - INFO - Val result of epoch 13 / 70 mse 0.0329 rmse 0.1814 pcc 0.4687 ccc 0.3167
2021-06-19 22:29:06,825 - utils.logger - INFO - Cur epoch 14 loss ccc:0.1311
2021-06-19 22:29:07,258 - utils.logger - INFO - Cur epoch 14 loss ccc:0.1199
2021-06-19 22:29:07,625 - utils.logger - INFO - Cur epoch 14 loss ccc:0.9619
2021-06-19 22:29:07,625 - utils.logger - INFO - saving the model at the end of epoch 14, iters 84
2021-06-19 22:29:07,872 - utils.logger - INFO - End of training epoch 14 / 70 	 Time Taken: 1 sec, Data loading: 0 sec
2021-06-19 22:29:07,872 - utils.logger - INFO - learning rate = 0.0001000
2021-06-19 22:29:08,330 - utils.logger - INFO - Trn result of epoch 14 / 70 mse 0.0377 rmse 0.1942 pcc 0.4019 ccc 0.2688
2021-06-19 22:29:08,493 - utils.logger - INFO - Val result of epoch 14 / 70 mse 0.0296 rmse 0.1721 pcc 0.4684 ccc 0.3689
2021-06-19 22:29:08,912 - utils.logger - INFO - Cur epoch 15 loss ccc:0.1117
2021-06-19 22:29:09,313 - utils.logger - INFO - Cur epoch 15 loss ccc:0.1140
2021-06-19 22:29:09,650 - utils.logger - INFO - Cur epoch 15 loss ccc:0.9990
2021-06-19 22:29:09,651 - utils.logger - INFO - saving the model at the end of epoch 15, iters 90
2021-06-19 22:29:09,897 - utils.logger - INFO - End of training epoch 15 / 70 	 Time Taken: 1 sec, Data loading: 0 sec
2021-06-19 22:29:09,897 - utils.logger - INFO - learning rate = 0.0001000
2021-06-19 22:29:10,323 - utils.logger - INFO - Trn result of epoch 15 / 70 mse 0.0455 rmse 0.2132 pcc 0.4184 ccc 0.1994
2021-06-19 22:29:10,469 - utils.logger - INFO - Val result of epoch 15 / 70 mse 0.0435 rmse 0.2086 pcc 0.4302 ccc 0.2342
2021-06-19 22:29:10,882 - utils.logger - INFO - Cur epoch 16 loss ccc:0.1310
2021-06-19 22:29:11,267 - utils.logger - INFO - Cur epoch 16 loss ccc:0.1149
2021-06-19 22:29:11,603 - utils.logger - INFO - Cur epoch 16 loss ccc:0.9682
2021-06-19 22:29:11,603 - utils.logger - INFO - saving the model at the end of epoch 16, iters 96
2021-06-19 22:29:11,856 - utils.logger - INFO - End of training epoch 16 / 70 	 Time Taken: 1 sec, Data loading: 0 sec
2021-06-19 22:29:11,856 - utils.logger - INFO - learning rate = 0.0001000
2021-06-19 22:29:12,281 - utils.logger - INFO - Trn result of epoch 16 / 70 mse 0.0383 rmse 0.1958 pcc 0.4154 ccc 0.2294
2021-06-19 22:29:12,428 - utils.logger - INFO - Val result of epoch 16 / 70 mse 0.0342 rmse 0.1848 pcc 0.4600 ccc 0.2914
2021-06-19 22:29:12,838 - utils.logger - INFO - Cur epoch 17 loss ccc:0.1113
2021-06-19 22:29:13,246 - utils.logger - INFO - Cur epoch 17 loss ccc:0.1216
2021-06-19 22:29:13,587 - utils.logger - INFO - Cur epoch 17 loss ccc:1.0005
2021-06-19 22:29:13,587 - utils.logger - INFO - saving the model at the end of epoch 17, iters 102
2021-06-19 22:29:13,821 - utils.logger - INFO - End of training epoch 17 / 70 	 Time Taken: 1 sec, Data loading: 0 sec
2021-06-19 22:29:13,822 - utils.logger - INFO - learning rate = 0.0001000
2021-06-19 22:29:14,250 - utils.logger - INFO - Trn result of epoch 17 / 70 mse 0.0389 rmse 0.1972 pcc 0.4158 ccc 0.2437
2021-06-19 22:29:14,395 - utils.logger - INFO - Val result of epoch 17 / 70 mse 0.0353 rmse 0.1880 pcc 0.4537 ccc 0.3011
2021-06-19 22:29:14,802 - utils.logger - INFO - Cur epoch 18 loss ccc:0.1341
2021-06-19 22:29:15,246 - utils.logger - INFO - Cur epoch 18 loss ccc:0.1195
2021-06-19 22:29:15,601 - utils.logger - INFO - Cur epoch 18 loss ccc:1.0031
2021-06-19 22:29:15,601 - utils.logger - INFO - saving the model at the end of epoch 18, iters 108
2021-06-19 22:29:16,106 - utils.logger - INFO - End of training epoch 18 / 70 	 Time Taken: 1 sec, Data loading: 0 sec
2021-06-19 22:29:16,106 - utils.logger - INFO - learning rate = 0.0001000
2021-06-19 22:29:16,586 - utils.logger - INFO - Trn result of epoch 18 / 70 mse 0.0394 rmse 0.1985 pcc 0.4052 ccc 0.2216
2021-06-19 22:29:16,746 - utils.logger - INFO - Val result of epoch 18 / 70 mse 0.0356 rmse 0.1886 pcc 0.4596 ccc 0.2748
2021-06-19 22:29:17,169 - utils.logger - INFO - Cur epoch 19 loss ccc:0.1291
2021-06-19 22:29:17,632 - utils.logger - INFO - Cur epoch 19 loss ccc:0.1207
2021-06-19 22:29:18,025 - utils.logger - INFO - Cur epoch 19 loss ccc:0.9226
2021-06-19 22:29:18,026 - utils.logger - INFO - saving the model at the end of epoch 19, iters 114
2021-06-19 22:29:18,273 - utils.logger - INFO - End of training epoch 19 / 70 	 Time Taken: 1 sec, Data loading: 0 sec
2021-06-19 22:29:18,273 - utils.logger - INFO - learning rate = 0.0001000
2021-06-19 22:29:18,770 - utils.logger - INFO - Trn result of epoch 19 / 70 mse 0.0425 rmse 0.2062 pcc 0.4056 ccc 0.2101
2021-06-19 22:29:19,034 - utils.logger - INFO - Val result of epoch 19 / 70 mse 0.0324 rmse 0.1799 pcc 0.4604 ccc 0.3008
2021-06-19 22:29:19,455 - utils.logger - INFO - Cur epoch 20 loss ccc:0.1064
2021-06-19 22:29:19,866 - utils.logger - INFO - Cur epoch 20 loss ccc:0.1241
2021-06-19 22:29:20,191 - utils.logger - INFO - Cur epoch 20 loss ccc:0.9914
2021-06-19 22:29:20,192 - utils.logger - INFO - saving the model at the end of epoch 20, iters 120
2021-06-19 22:29:20,440 - utils.logger - INFO - End of training epoch 20 / 70 	 Time Taken: 1 sec, Data loading: 0 sec
2021-06-19 22:29:20,441 - utils.logger - INFO - learning rate = 0.0001000
2021-06-19 22:29:20,873 - utils.logger - INFO - Trn result of epoch 20 / 70 mse 0.0383 rmse 0.1957 pcc 0.4113 ccc 0.2373
2021-06-19 22:29:21,023 - utils.logger - INFO - Val result of epoch 20 / 70 mse 0.0303 rmse 0.1742 pcc 0.4551 ccc 0.3221
2021-06-19 22:29:21,439 - utils.logger - INFO - Cur epoch 21 loss ccc:0.1026
2021-06-19 22:29:21,844 - utils.logger - INFO - Cur epoch 21 loss ccc:0.0999
2021-06-19 22:29:22,180 - utils.logger - INFO - Cur epoch 21 loss ccc:0.9472
2021-06-19 22:29:22,180 - utils.logger - INFO - saving the model at the end of epoch 21, iters 126
2021-06-19 22:29:22,428 - utils.logger - INFO - End of training epoch 21 / 70 	 Time Taken: 1 sec, Data loading: 0 sec
2021-06-19 22:29:22,428 - utils.logger - INFO - learning rate = 0.0001000
2021-06-19 22:29:22,854 - utils.logger - INFO - Trn result of epoch 21 / 70 mse 0.0500 rmse 0.2237 pcc 0.4150 ccc 0.1934
2021-06-19 22:29:23,000 - utils.logger - INFO - Val result of epoch 21 / 70 mse 0.0385 rmse 0.1961 pcc 0.4548 ccc 0.2727
2021-06-19 22:29:23,406 - utils.logger - INFO - Cur epoch 22 loss ccc:0.1088
2021-06-19 22:29:23,805 - utils.logger - INFO - Cur epoch 22 loss ccc:0.1124
2021-06-19 22:29:24,141 - utils.logger - INFO - Cur epoch 22 loss ccc:0.9832
2021-06-19 22:29:24,141 - utils.logger - INFO - saving the model at the end of epoch 22, iters 132
2021-06-19 22:29:24,391 - utils.logger - INFO - End of training epoch 22 / 70 	 Time Taken: 1 sec, Data loading: 0 sec
2021-06-19 22:29:24,391 - utils.logger - INFO - learning rate = 0.0001000
2021-06-19 22:29:24,809 - utils.logger - INFO - Trn result of epoch 22 / 70 mse 0.0488 rmse 0.2209 pcc 0.4203 ccc 0.2003
2021-06-19 22:29:24,955 - utils.logger - INFO - Val result of epoch 22 / 70 mse 0.0375 rmse 0.1937 pcc 0.4576 ccc 0.2822
2021-06-19 22:29:25,358 - utils.logger - INFO - Cur epoch 23 loss ccc:0.1250
2021-06-19 22:29:25,798 - utils.logger - INFO - Cur epoch 23 loss ccc:0.1304
2021-06-19 22:29:26,178 - utils.logger - INFO - Cur epoch 23 loss ccc:0.9382
2021-06-19 22:29:26,178 - utils.logger - INFO - saving the model at the end of epoch 23, iters 138
2021-06-19 22:29:26,428 - utils.logger - INFO - End of training epoch 23 / 70 	 Time Taken: 1 sec, Data loading: 0 sec
2021-06-19 22:29:26,428 - utils.logger - INFO - learning rate = 0.0001000
2021-06-19 22:29:26,910 - utils.logger - INFO - Trn result of epoch 23 / 70 mse 0.0365 rmse 0.1911 pcc 0.4146 ccc 0.2717
2021-06-19 22:29:27,073 - utils.logger - INFO - Val result of epoch 23 / 70 mse 0.0300 rmse 0.1732 pcc 0.4656 ccc 0.3527
2021-06-19 22:29:27,486 - utils.logger - INFO - Cur epoch 24 loss ccc:0.1129
2021-06-19 22:29:27,897 - utils.logger - INFO - Cur epoch 24 loss ccc:0.1070
2021-06-19 22:29:28,222 - utils.logger - INFO - Cur epoch 24 loss ccc:1.0035
2021-06-19 22:29:28,222 - utils.logger - INFO - saving the model at the end of epoch 24, iters 144
2021-06-19 22:29:28,470 - utils.logger - INFO - End of training epoch 24 / 70 	 Time Taken: 1 sec, Data loading: 0 sec
2021-06-19 22:29:28,470 - utils.logger - INFO - learning rate = 0.0001000
2021-06-19 22:29:28,899 - utils.logger - INFO - Trn result of epoch 24 / 70 mse 0.0405 rmse 0.2012 pcc 0.4105 ccc 0.2273
2021-06-19 22:29:29,046 - utils.logger - INFO - Val result of epoch 24 / 70 mse 0.0309 rmse 0.1757 pcc 0.4693 ccc 0.3170
2021-06-19 22:29:29,463 - utils.logger - INFO - Cur epoch 25 loss ccc:0.1271
2021-06-19 22:29:29,867 - utils.logger - INFO - Cur epoch 25 loss ccc:0.1120
2021-06-19 22:29:30,201 - utils.logger - INFO - Cur epoch 25 loss ccc:1.0719
2021-06-19 22:29:30,201 - utils.logger - INFO - saving the model at the end of epoch 25, iters 150
2021-06-19 22:29:30,451 - utils.logger - INFO - End of training epoch 25 / 70 	 Time Taken: 1 sec, Data loading: 0 sec
2021-06-19 22:29:30,451 - utils.logger - INFO - learning rate = 0.0001000
2021-06-19 22:29:30,931 - utils.logger - INFO - Trn result of epoch 25 / 70 mse 0.0369 rmse 0.1921 pcc 0.4240 ccc 0.2669
2021-06-19 22:29:31,187 - utils.logger - INFO - Val result of epoch 25 / 70 mse 0.0324 rmse 0.1799 pcc 0.4626 ccc 0.3301
2021-06-19 22:29:31,608 - utils.logger - INFO - Cur epoch 26 loss ccc:0.1162
2021-06-19 22:29:32,047 - utils.logger - INFO - Cur epoch 26 loss ccc:0.1250
2021-06-19 22:29:32,402 - utils.logger - INFO - Cur epoch 26 loss ccc:0.8539
2021-06-19 22:29:32,402 - utils.logger - INFO - saving the model at the end of epoch 26, iters 156
2021-06-19 22:29:32,641 - utils.logger - INFO - End of training epoch 26 / 70 	 Time Taken: 1 sec, Data loading: 0 sec
2021-06-19 22:29:32,641 - utils.logger - INFO - learning rate = 0.0001000
2021-06-19 22:29:33,062 - utils.logger - INFO - Trn result of epoch 26 / 70 mse 0.0478 rmse 0.2187 pcc 0.4169 ccc 0.2613
2021-06-19 22:29:33,206 - utils.logger - INFO - Val result of epoch 26 / 70 mse 0.0479 rmse 0.2188 pcc 0.4317 ccc 0.2940
2021-06-19 22:29:33,622 - utils.logger - INFO - Cur epoch 27 loss ccc:0.1204
2021-06-19 22:29:34,017 - utils.logger - INFO - Cur epoch 27 loss ccc:0.1251
2021-06-19 22:29:34,347 - utils.logger - INFO - Cur epoch 27 loss ccc:1.0293
2021-06-19 22:29:34,347 - utils.logger - INFO - saving the model at the end of epoch 27, iters 162
2021-06-19 22:29:34,712 - utils.logger - INFO - End of training epoch 27 / 70 	 Time Taken: 1 sec, Data loading: 0 sec
2021-06-19 22:29:34,712 - utils.logger - INFO - learning rate = 0.0001000
2021-06-19 22:29:35,137 - utils.logger - INFO - Trn result of epoch 27 / 70 mse 0.0390 rmse 0.1976 pcc 0.4137 ccc 0.3141
2021-06-19 22:29:35,280 - utils.logger - INFO - Val result of epoch 27 / 70 mse 0.0366 rmse 0.1914 pcc 0.4490 ccc 0.3675
2021-06-19 22:29:35,702 - utils.logger - INFO - Cur epoch 28 loss ccc:0.1196
2021-06-19 22:29:36,130 - utils.logger - INFO - Cur epoch 28 loss ccc:0.1199
2021-06-19 22:29:36,461 - utils.logger - INFO - Cur epoch 28 loss ccc:0.9999
2021-06-19 22:29:36,461 - utils.logger - INFO - saving the model at the end of epoch 28, iters 168
2021-06-19 22:29:36,710 - utils.logger - INFO - End of training epoch 28 / 70 	 Time Taken: 1 sec, Data loading: 0 sec
2021-06-19 22:29:36,710 - utils.logger - INFO - learning rate = 0.0001000
2021-06-19 22:29:37,135 - utils.logger - INFO - Trn result of epoch 28 / 70 mse 0.0390 rmse 0.1974 pcc 0.4130 ccc 0.3275
2021-06-19 22:29:37,292 - utils.logger - INFO - Val result of epoch 28 / 70 mse 0.0364 rmse 0.1907 pcc 0.4544 ccc 0.3846
2021-06-19 22:29:37,732 - utils.logger - INFO - Cur epoch 29 loss ccc:0.1155
2021-06-19 22:29:38,154 - utils.logger - INFO - Cur epoch 29 loss ccc:0.1088
2021-06-19 22:29:38,482 - utils.logger - INFO - Cur epoch 29 loss ccc:1.0083
2021-06-19 22:29:38,483 - utils.logger - INFO - saving the model at the end of epoch 29, iters 174
2021-06-19 22:29:38,899 - utils.logger - INFO - End of training epoch 29 / 70 	 Time Taken: 1 sec, Data loading: 0 sec
2021-06-19 22:29:38,899 - utils.logger - INFO - learning rate = 0.0001000
2021-06-19 22:29:39,322 - utils.logger - INFO - Trn result of epoch 29 / 70 mse 0.0536 rmse 0.2316 pcc 0.4162 ccc 0.1823
2021-06-19 22:29:39,474 - utils.logger - INFO - Val result of epoch 29 / 70 mse 0.0541 rmse 0.2326 pcc 0.4500 ccc 0.2091
2021-06-19 22:29:39,884 - utils.logger - INFO - Cur epoch 30 loss ccc:0.1225
2021-06-19 22:29:40,292 - utils.logger - INFO - Cur epoch 30 loss ccc:0.1262
2021-06-19 22:29:40,615 - utils.logger - INFO - Cur epoch 30 loss ccc:0.9503
2021-06-19 22:29:40,615 - utils.logger - INFO - saving the model at the end of epoch 30, iters 180
2021-06-19 22:29:40,860 - utils.logger - INFO - End of training epoch 30 / 70 	 Time Taken: 1 sec, Data loading: 0 sec
2021-06-19 22:29:40,860 - utils.logger - INFO - learning rate = 0.0000976
2021-06-19 22:29:41,280 - utils.logger - INFO - Trn result of epoch 30 / 70 mse 0.0486 rmse 0.2205 pcc 0.4064 ccc 0.1990
2021-06-19 22:29:41,422 - utils.logger - INFO - Val result of epoch 30 / 70 mse 0.0478 rmse 0.2187 pcc 0.4510 ccc 0.2352
2021-06-19 22:29:41,814 - utils.logger - INFO - Cur epoch 31 loss ccc:0.1078
2021-06-19 22:29:42,212 - utils.logger - INFO - Cur epoch 31 loss ccc:0.1068
2021-06-19 22:29:42,569 - utils.logger - INFO - Cur epoch 31 loss ccc:0.9805
2021-06-19 22:29:42,569 - utils.logger - INFO - saving the model at the end of epoch 31, iters 186
2021-06-19 22:29:42,815 - utils.logger - INFO - End of training epoch 31 / 70 	 Time Taken: 1 sec, Data loading: 0 sec
2021-06-19 22:29:42,815 - utils.logger - INFO - learning rate = 0.0000951
2021-06-19 22:29:43,262 - utils.logger - INFO - Trn result of epoch 31 / 70 mse 0.0479 rmse 0.2189 pcc 0.4150 ccc 0.2210
2021-06-19 22:29:43,406 - utils.logger - INFO - Val result of epoch 31 / 70 mse 0.0475 rmse 0.2179 pcc 0.4530 ccc 0.2569
2021-06-19 22:29:43,820 - utils.logger - INFO - Cur epoch 32 loss ccc:0.1007
2021-06-19 22:29:44,222 - utils.logger - INFO - Cur epoch 32 loss ccc:0.1170
2021-06-19 22:29:44,546 - utils.logger - INFO - Cur epoch 32 loss ccc:1.0061
2021-06-19 22:29:44,546 - utils.logger - INFO - saving the model at the end of epoch 32, iters 192
2021-06-19 22:29:44,784 - utils.logger - INFO - End of training epoch 32 / 70 	 Time Taken: 1 sec, Data loading: 0 sec
2021-06-19 22:29:44,785 - utils.logger - INFO - learning rate = 0.0000927
2021-06-19 22:29:45,205 - utils.logger - INFO - Trn result of epoch 32 / 70 mse 0.0470 rmse 0.2167 pcc 0.4157 ccc 0.2314
2021-06-19 22:29:45,351 - utils.logger - INFO - Val result of epoch 32 / 70 mse 0.0463 rmse 0.2153 pcc 0.4488 ccc 0.2680
2021-06-19 22:29:45,761 - utils.logger - INFO - Cur epoch 33 loss ccc:0.1064
2021-06-19 22:29:46,156 - utils.logger - INFO - Cur epoch 33 loss ccc:0.1137
2021-06-19 22:29:46,500 - utils.logger - INFO - Cur epoch 33 loss ccc:0.9815
2021-06-19 22:29:46,500 - utils.logger - INFO - saving the model at the end of epoch 33, iters 198
2021-06-19 22:29:46,745 - utils.logger - INFO - End of training epoch 33 / 70 	 Time Taken: 1 sec, Data loading: 0 sec
2021-06-19 22:29:46,745 - utils.logger - INFO - learning rate = 0.0000902
2021-06-19 22:29:47,173 - utils.logger - INFO - Trn result of epoch 33 / 70 mse 0.0547 rmse 0.2340 pcc 0.4152 ccc 0.2190
2021-06-19 22:29:47,318 - utils.logger - INFO - Val result of epoch 33 / 70 mse 0.0559 rmse 0.2364 pcc 0.4464 ccc 0.2474
2021-06-19 22:29:47,732 - utils.logger - INFO - Cur epoch 34 loss ccc:0.1139
2021-06-19 22:29:48,163 - utils.logger - INFO - Cur epoch 34 loss ccc:0.1321
2021-06-19 22:29:48,510 - utils.logger - INFO - Cur epoch 34 loss ccc:0.9933
2021-06-19 22:29:48,510 - utils.logger - INFO - saving the model at the end of epoch 34, iters 204
2021-06-19 22:29:48,751 - utils.logger - INFO - End of training epoch 34 / 70 	 Time Taken: 1 sec, Data loading: 0 sec
2021-06-19 22:29:48,751 - utils.logger - INFO - learning rate = 0.0000878
2021-06-19 22:29:49,175 - utils.logger - INFO - Trn result of epoch 34 / 70 mse 0.0456 rmse 0.2134 pcc 0.4083 ccc 0.2590
2021-06-19 22:29:49,325 - utils.logger - INFO - Val result of epoch 34 / 70 mse 0.0452 rmse 0.2126 pcc 0.4592 ccc 0.3003
2021-06-19 22:29:49,729 - utils.logger - INFO - Cur epoch 35 loss ccc:0.1204
2021-06-19 22:29:50,137 - utils.logger - INFO - Cur epoch 35 loss ccc:0.1158
2021-06-19 22:29:50,467 - utils.logger - INFO - Cur epoch 35 loss ccc:0.8639
2021-06-19 22:29:50,467 - utils.logger - INFO - saving the model at the end of epoch 35, iters 210
2021-06-19 22:29:50,712 - utils.logger - INFO - End of training epoch 35 / 70 	 Time Taken: 1 sec, Data loading: 0 sec
2021-06-19 22:29:50,713 - utils.logger - INFO - learning rate = 0.0000854
2021-06-19 22:29:51,143 - utils.logger - INFO - Trn result of epoch 35 / 70 mse 0.0771 rmse 0.2776 pcc 0.4235 ccc 0.1759
2021-06-19 22:29:51,303 - utils.logger - INFO - Val result of epoch 35 / 70 mse 0.0796 rmse 0.2821 pcc 0.4397 ccc 0.1957
2021-06-19 22:29:51,725 - utils.logger - INFO - Cur epoch 36 loss ccc:0.1242
2021-06-19 22:29:52,144 - utils.logger - INFO - Cur epoch 36 loss ccc:0.1069
2021-06-19 22:29:52,476 - utils.logger - INFO - Cur epoch 36 loss ccc:0.9794
2021-06-19 22:29:52,476 - utils.logger - INFO - saving the model at the end of epoch 36, iters 216
2021-06-19 22:29:52,714 - utils.logger - INFO - End of training epoch 36 / 70 	 Time Taken: 1 sec, Data loading: 0 sec
2021-06-19 22:29:52,714 - utils.logger - INFO - learning rate = 0.0000829
2021-06-19 22:29:53,143 - utils.logger - INFO - Trn result of epoch 36 / 70 mse 0.0423 rmse 0.2056 pcc 0.3975 ccc 0.2656
2021-06-19 22:29:53,289 - utils.logger - INFO - Val result of epoch 36 / 70 mse 0.0404 rmse 0.2010 pcc 0.4728 ccc 0.3244
2021-06-19 22:29:53,691 - utils.logger - INFO - Cur epoch 37 loss ccc:0.1183
2021-06-19 22:29:54,093 - utils.logger - INFO - Cur epoch 37 loss ccc:0.1187
2021-06-19 22:29:54,415 - utils.logger - INFO - Cur epoch 37 loss ccc:1.0619
2021-06-19 22:29:54,416 - utils.logger - INFO - saving the model at the end of epoch 37, iters 222
2021-06-19 22:29:54,814 - utils.logger - INFO - End of training epoch 37 / 70 	 Time Taken: 1 sec, Data loading: 0 sec
2021-06-19 22:29:54,814 - utils.logger - INFO - learning rate = 0.0000805
2021-06-19 22:29:55,237 - utils.logger - INFO - Trn result of epoch 37 / 70 mse 0.0419 rmse 0.2046 pcc 0.3885 ccc 0.2627
2021-06-19 22:29:55,381 - utils.logger - INFO - Val result of epoch 37 / 70 mse 0.0395 rmse 0.1987 pcc 0.4657 ccc 0.3238
2021-06-19 22:29:55,805 - utils.logger - INFO - Cur epoch 38 loss ccc:0.1173
2021-06-19 22:29:56,230 - utils.logger - INFO - Cur epoch 38 loss ccc:0.1191
2021-06-19 22:29:56,582 - utils.logger - INFO - Cur epoch 38 loss ccc:1.0093
2021-06-19 22:29:56,582 - utils.logger - INFO - saving the model at the end of epoch 38, iters 228
2021-06-19 22:29:56,923 - utils.logger - INFO - End of training epoch 38 / 70 	 Time Taken: 1 sec, Data loading: 0 sec
2021-06-19 22:29:56,923 - utils.logger - INFO - learning rate = 0.0000780
2021-06-19 22:29:57,357 - utils.logger - INFO - Trn result of epoch 38 / 70 mse 0.0402 rmse 0.2005 pcc 0.3993 ccc 0.2703
2021-06-19 22:29:57,512 - utils.logger - INFO - Val result of epoch 38 / 70 mse 0.0376 rmse 0.1939 pcc 0.4626 ccc 0.3287
2021-06-19 22:29:57,939 - utils.logger - INFO - Cur epoch 39 loss ccc:0.1250
2021-06-19 22:29:58,376 - utils.logger - INFO - Cur epoch 39 loss ccc:0.1123
2021-06-19 22:29:58,727 - utils.logger - INFO - Cur epoch 39 loss ccc:0.9944
2021-06-19 22:29:58,727 - utils.logger - INFO - saving the model at the end of epoch 39, iters 234
2021-06-19 22:29:59,000 - utils.logger - INFO - End of training epoch 39 / 70 	 Time Taken: 1 sec, Data loading: 0 sec
2021-06-19 22:29:59,000 - utils.logger - INFO - learning rate = 0.0000756
2021-06-19 22:29:59,431 - utils.logger - INFO - Trn result of epoch 39 / 70 mse 0.0582 rmse 0.2412 pcc 0.4078 ccc 0.2350
2021-06-19 22:29:59,577 - utils.logger - INFO - Val result of epoch 39 / 70 mse 0.0613 rmse 0.2475 pcc 0.4559 ccc 0.2616
2021-06-19 22:29:59,999 - utils.logger - INFO - Cur epoch 40 loss ccc:0.1197
2021-06-19 22:30:00,400 - utils.logger - INFO - Cur epoch 40 loss ccc:0.1169
2021-06-19 22:30:00,736 - utils.logger - INFO - Cur epoch 40 loss ccc:0.9877
2021-06-19 22:30:00,737 - utils.logger - INFO - saving the model at the end of epoch 40, iters 240
2021-06-19 22:30:00,972 - utils.logger - INFO - End of training epoch 40 / 70 	 Time Taken: 1 sec, Data loading: 0 sec
2021-06-19 22:30:00,972 - utils.logger - INFO - learning rate = 0.0000732
2021-06-19 22:30:01,396 - utils.logger - INFO - Trn result of epoch 40 / 70 mse 0.0747 rmse 0.2733 pcc 0.4028 ccc 0.2281
2021-06-19 22:30:01,542 - utils.logger - INFO - Val result of epoch 40 / 70 mse 0.0807 rmse 0.2841 pcc 0.4519 ccc 0.2497
2021-06-19 22:30:01,957 - utils.logger - INFO - Cur epoch 41 loss ccc:0.1141
2021-06-19 22:30:02,356 - utils.logger - INFO - Cur epoch 41 loss ccc:0.1087
2021-06-19 22:30:02,687 - utils.logger - INFO - Cur epoch 41 loss ccc:0.9989
2021-06-19 22:30:02,687 - utils.logger - INFO - saving the model at the end of epoch 41, iters 246
2021-06-19 22:30:02,923 - utils.logger - INFO - End of training epoch 41 / 70 	 Time Taken: 1 sec, Data loading: 0 sec
2021-06-19 22:30:02,924 - utils.logger - INFO - learning rate = 0.0000707
2021-06-19 22:30:03,391 - utils.logger - INFO - Trn result of epoch 41 / 70 mse 0.0714 rmse 0.2671 pcc 0.3995 ccc 0.2359
2021-06-19 22:30:03,550 - utils.logger - INFO - Val result of epoch 41 / 70 mse 0.0765 rmse 0.2767 pcc 0.4495 ccc 0.2599
2021-06-19 22:30:03,972 - utils.logger - INFO - Cur epoch 42 loss ccc:0.1088
2021-06-19 22:30:04,399 - utils.logger - INFO - Cur epoch 42 loss ccc:0.1012
2021-06-19 22:30:04,737 - utils.logger - INFO - Cur epoch 42 loss ccc:1.0080
2021-06-19 22:30:04,737 - utils.logger - INFO - saving the model at the end of epoch 42, iters 252
2021-06-19 22:30:04,977 - utils.logger - INFO - End of training epoch 42 / 70 	 Time Taken: 1 sec, Data loading: 0 sec
2021-06-19 22:30:04,978 - utils.logger - INFO - learning rate = 0.0000683
2021-06-19 22:30:05,403 - utils.logger - INFO - Trn result of epoch 42 / 70 mse 0.0843 rmse 0.2904 pcc 0.4060 ccc 0.2138
2021-06-19 22:30:05,550 - utils.logger - INFO - Val result of epoch 42 / 70 mse 0.0918 rmse 0.3029 pcc 0.4474 ccc 0.2320
2021-06-19 22:30:05,954 - utils.logger - INFO - Cur epoch 43 loss ccc:0.1249
2021-06-19 22:30:06,364 - utils.logger - INFO - Cur epoch 43 loss ccc:0.1108
2021-06-19 22:30:06,704 - utils.logger - INFO - Cur epoch 43 loss ccc:1.0000
2021-06-19 22:30:06,704 - utils.logger - INFO - saving the model at the end of epoch 43, iters 258
2021-06-19 22:30:07,050 - utils.logger - INFO - End of training epoch 43 / 70 	 Time Taken: 1 sec, Data loading: 0 sec
2021-06-19 22:30:07,050 - utils.logger - INFO - learning rate = 0.0000659
2021-06-19 22:30:07,473 - utils.logger - INFO - Trn result of epoch 43 / 70 mse 0.0903 rmse 0.3006 pcc 0.4089 ccc 0.2013
2021-06-19 22:30:07,619 - utils.logger - INFO - Val result of epoch 43 / 70 mse 0.0983 rmse 0.3135 pcc 0.4456 ccc 0.2178
2021-06-19 22:30:08,055 - utils.logger - INFO - Cur epoch 44 loss ccc:0.1019
2021-06-19 22:30:08,479 - utils.logger - INFO - Cur epoch 44 loss ccc:0.0973
2021-06-19 22:30:08,841 - utils.logger - INFO - Cur epoch 44 loss ccc:0.9982
2021-06-19 22:30:08,841 - utils.logger - INFO - saving the model at the end of epoch 44, iters 264
2021-06-19 22:30:09,085 - utils.logger - INFO - End of training epoch 44 / 70 	 Time Taken: 1 sec, Data loading: 0 sec
2021-06-19 22:30:09,085 - utils.logger - INFO - learning rate = 0.0000634
2021-06-19 22:30:09,523 - utils.logger - INFO - Trn result of epoch 44 / 70 mse 0.0756 rmse 0.2750 pcc 0.4020 ccc 0.2320
2021-06-19 22:30:09,684 - utils.logger - INFO - Val result of epoch 44 / 70 mse 0.0825 rmse 0.2872 pcc 0.4516 ccc 0.2516
2021-06-19 22:30:10,112 - utils.logger - INFO - Cur epoch 45 loss ccc:0.1141
2021-06-19 22:30:10,535 - utils.logger - INFO - Cur epoch 45 loss ccc:0.1167
2021-06-19 22:30:10,914 - utils.logger - INFO - Cur epoch 45 loss ccc:0.9979
2021-06-19 22:30:10,915 - utils.logger - INFO - saving the model at the end of epoch 45, iters 270
2021-06-19 22:30:11,151 - utils.logger - INFO - End of training epoch 45 / 70 	 Time Taken: 1 sec, Data loading: 0 sec
2021-06-19 22:30:11,151 - utils.logger - INFO - learning rate = 0.0000610
2021-06-19 22:30:11,588 - utils.logger - INFO - Trn result of epoch 45 / 70 mse 0.0710 rmse 0.2665 pcc 0.4056 ccc 0.2356
2021-06-19 22:30:11,749 - utils.logger - INFO - Val result of epoch 45 / 70 mse 0.0763 rmse 0.2763 pcc 0.4525 ccc 0.2589
2021-06-19 22:30:12,185 - utils.logger - INFO - Cur epoch 46 loss ccc:0.1076
2021-06-19 22:30:12,607 - utils.logger - INFO - Cur epoch 46 loss ccc:0.1322
2021-06-19 22:30:12,939 - utils.logger - INFO - Cur epoch 46 loss ccc:0.9990
2021-06-19 22:30:12,939 - utils.logger - INFO - saving the model at the end of epoch 46, iters 276
2021-06-19 22:30:13,182 - utils.logger - INFO - End of training epoch 46 / 70 	 Time Taken: 1 sec, Data loading: 0 sec
2021-06-19 22:30:13,182 - utils.logger - INFO - learning rate = 0.0000585
2021-06-19 22:30:13,612 - utils.logger - INFO - Trn result of epoch 46 / 70 mse 0.0615 rmse 0.2480 pcc 0.3948 ccc 0.2578
2021-06-19 22:30:13,758 - utils.logger - INFO - Val result of epoch 46 / 70 mse 0.0657 rmse 0.2562 pcc 0.4552 ccc 0.2879
2021-06-19 22:30:14,169 - utils.logger - INFO - Cur epoch 47 loss ccc:0.1164
2021-06-19 22:30:14,583 - utils.logger - INFO - Cur epoch 47 loss ccc:0.1099
2021-06-19 22:30:14,920 - utils.logger - INFO - Cur epoch 47 loss ccc:0.9921
2021-06-19 22:30:14,920 - utils.logger - INFO - saving the model at the end of epoch 47, iters 282
2021-06-19 22:30:15,244 - utils.logger - INFO - End of training epoch 47 / 70 	 Time Taken: 1 sec, Data loading: 0 sec
2021-06-19 22:30:15,244 - utils.logger - INFO - learning rate = 0.0000561
2021-06-19 22:30:15,709 - utils.logger - INFO - Trn result of epoch 47 / 70 mse 0.0420 rmse 0.2048 pcc 0.3713 ccc 0.3024
2021-06-19 22:30:15,866 - utils.logger - INFO - Val result of epoch 47 / 70 mse 0.0388 rmse 0.1971 pcc 0.4592 ccc 0.3741
2021-06-19 22:30:16,270 - utils.logger - INFO - Cur epoch 48 loss ccc:0.1229
2021-06-19 22:30:16,666 - utils.logger - INFO - Cur epoch 48 loss ccc:0.1090
2021-06-19 22:30:17,016 - utils.logger - INFO - Cur epoch 48 loss ccc:1.0776
2021-06-19 22:30:17,017 - utils.logger - INFO - saving the model at the end of epoch 48, iters 288
2021-06-19 22:30:17,343 - utils.logger - INFO - End of training epoch 48 / 70 	 Time Taken: 1 sec, Data loading: 0 sec
2021-06-19 22:30:17,343 - utils.logger - INFO - learning rate = 0.0000537
2021-06-19 22:30:17,784 - utils.logger - INFO - Trn result of epoch 48 / 70 mse 0.0467 rmse 0.2161 pcc 0.3721 ccc 0.2815
2021-06-19 22:30:17,928 - utils.logger - INFO - Val result of epoch 48 / 70 mse 0.0460 rmse 0.2144 pcc 0.4578 ccc 0.3343
2021-06-19 22:30:18,333 - utils.logger - INFO - Cur epoch 49 loss ccc:0.1125
2021-06-19 22:30:18,764 - utils.logger - INFO - Cur epoch 49 loss ccc:0.1058
2021-06-19 22:30:19,120 - utils.logger - INFO - Cur epoch 49 loss ccc:1.0042
2021-06-19 22:30:19,120 - utils.logger - INFO - saving the model at the end of epoch 49, iters 294
2021-06-19 22:30:19,353 - utils.logger - INFO - End of training epoch 49 / 70 	 Time Taken: 1 sec, Data loading: 0 sec
2021-06-19 22:30:19,353 - utils.logger - INFO - learning rate = 0.0000512
2021-06-19 22:30:19,804 - utils.logger - INFO - Trn result of epoch 49 / 70 mse 0.0489 rmse 0.2212 pcc 0.3815 ccc 0.2748
2021-06-19 22:30:19,967 - utils.logger - INFO - Val result of epoch 49 / 70 mse 0.0493 rmse 0.2221 pcc 0.4605 ccc 0.3203
2021-06-19 22:30:20,396 - utils.logger - INFO - Cur epoch 50 loss ccc:0.1296
2021-06-19 22:30:20,823 - utils.logger - INFO - Cur epoch 50 loss ccc:0.1154
2021-06-19 22:30:21,199 - utils.logger - INFO - Cur epoch 50 loss ccc:0.9355
2021-06-19 22:30:21,200 - utils.logger - INFO - saving the model at the end of epoch 50, iters 300
2021-06-19 22:30:21,443 - utils.logger - INFO - End of training epoch 50 / 70 	 Time Taken: 1 sec, Data loading: 0 sec
2021-06-19 22:30:21,443 - utils.logger - INFO - learning rate = 0.0000488
2021-06-19 22:30:21,918 - utils.logger - INFO - Trn result of epoch 50 / 70 mse 0.0699 rmse 0.2643 pcc 0.4014 ccc 0.2349
2021-06-19 22:30:22,083 - utils.logger - INFO - Val result of epoch 50 / 70 mse 0.0756 rmse 0.2750 pcc 0.4584 ccc 0.2575
2021-06-19 22:30:22,502 - utils.logger - INFO - Cur epoch 51 loss ccc:0.1225
2021-06-19 22:30:22,952 - utils.logger - INFO - Cur epoch 51 loss ccc:0.1214
2021-06-19 22:30:23,313 - utils.logger - INFO - Cur epoch 51 loss ccc:0.9996
2021-06-19 22:30:23,313 - utils.logger - INFO - saving the model at the end of epoch 51, iters 306
2021-06-19 22:30:23,552 - utils.logger - INFO - End of training epoch 51 / 70 	 Time Taken: 1 sec, Data loading: 0 sec
2021-06-19 22:30:23,552 - utils.logger - INFO - learning rate = 0.0000463
2021-06-19 22:30:24,012 - utils.logger - INFO - Trn result of epoch 51 / 70 mse 0.0832 rmse 0.2884 pcc 0.4038 ccc 0.2114
2021-06-19 22:30:24,173 - utils.logger - INFO - Val result of epoch 51 / 70 mse 0.0908 rmse 0.3014 pcc 0.4573 ccc 0.2313
2021-06-19 22:30:24,586 - utils.logger - INFO - Cur epoch 52 loss ccc:0.1128
2021-06-19 22:30:25,016 - utils.logger - INFO - Cur epoch 52 loss ccc:0.1105
2021-06-19 22:30:25,366 - utils.logger - INFO - Cur epoch 52 loss ccc:0.9717
2021-06-19 22:30:25,366 - utils.logger - INFO - saving the model at the end of epoch 52, iters 312
2021-06-19 22:30:25,615 - utils.logger - INFO - End of training epoch 52 / 70 	 Time Taken: 1 sec, Data loading: 0 sec
2021-06-19 22:30:25,615 - utils.logger - INFO - learning rate = 0.0000439
2021-06-19 22:30:26,039 - utils.logger - INFO - Trn result of epoch 52 / 70 mse 0.0835 rmse 0.2889 pcc 0.3972 ccc 0.2204
2021-06-19 22:30:26,185 - utils.logger - INFO - Val result of epoch 52 / 70 mse 0.0918 rmse 0.3029 pcc 0.4555 ccc 0.2396
2021-06-19 22:30:26,598 - utils.logger - INFO - Cur epoch 53 loss ccc:0.1134
2021-06-19 22:30:27,007 - utils.logger - INFO - Cur epoch 53 loss ccc:0.1015
2021-06-19 22:30:27,330 - utils.logger - INFO - Cur epoch 53 loss ccc:0.9982
2021-06-19 22:30:27,330 - utils.logger - INFO - saving the model at the end of epoch 53, iters 318
2021-06-19 22:30:27,565 - utils.logger - INFO - End of training epoch 53 / 70 	 Time Taken: 1 sec, Data loading: 0 sec
2021-06-19 22:30:27,566 - utils.logger - INFO - learning rate = 0.0000415
2021-06-19 22:30:27,990 - utils.logger - INFO - Trn result of epoch 53 / 70 mse 0.0606 rmse 0.2462 pcc 0.3872 ccc 0.2690
2021-06-19 22:30:28,137 - utils.logger - INFO - Val result of epoch 53 / 70 mse 0.0648 rmse 0.2545 pcc 0.4582 ccc 0.2996
2021-06-19 22:30:28,546 - utils.logger - INFO - Cur epoch 54 loss ccc:0.1041
2021-06-19 22:30:28,950 - utils.logger - INFO - Cur epoch 54 loss ccc:0.1064
2021-06-19 22:30:29,299 - utils.logger - INFO - Cur epoch 54 loss ccc:0.9815
2021-06-19 22:30:29,300 - utils.logger - INFO - saving the model at the end of epoch 54, iters 324
2021-06-19 22:30:29,542 - utils.logger - INFO - End of training epoch 54 / 70 	 Time Taken: 1 sec, Data loading: 0 sec
2021-06-19 22:30:29,542 - utils.logger - INFO - learning rate = 0.0000390
2021-06-19 22:30:29,964 - utils.logger - INFO - Trn result of epoch 54 / 70 mse 0.0601 rmse 0.2451 pcc 0.3905 ccc 0.2727
2021-06-19 22:30:30,111 - utils.logger - INFO - Val result of epoch 54 / 70 mse 0.0638 rmse 0.2526 pcc 0.4615 ccc 0.3040
2021-06-19 22:30:30,535 - utils.logger - INFO - Cur epoch 55 loss ccc:0.1267
2021-06-19 22:30:30,950 - utils.logger - INFO - Cur epoch 55 loss ccc:0.1369
2021-06-19 22:30:31,300 - utils.logger - INFO - Cur epoch 55 loss ccc:1.0376
2021-06-19 22:30:31,300 - utils.logger - INFO - saving the model at the end of epoch 55, iters 330
2021-06-19 22:30:31,537 - utils.logger - INFO - End of training epoch 55 / 70 	 Time Taken: 1 sec, Data loading: 0 sec
2021-06-19 22:30:31,538 - utils.logger - INFO - learning rate = 0.0000366
2021-06-19 22:30:31,964 - utils.logger - INFO - Trn result of epoch 55 / 70 mse 0.0529 rmse 0.2300 pcc 0.3799 ccc 0.2913
2021-06-19 22:30:32,111 - utils.logger - INFO - Val result of epoch 55 / 70 mse 0.0548 rmse 0.2341 pcc 0.4643 ccc 0.3344
2021-06-19 22:30:32,524 - utils.logger - INFO - Cur epoch 56 loss ccc:0.1248
2021-06-19 22:30:32,950 - utils.logger - INFO - Cur epoch 56 loss ccc:0.1264
2021-06-19 22:30:33,283 - utils.logger - INFO - Cur epoch 56 loss ccc:1.0075
2021-06-19 22:30:33,283 - utils.logger - INFO - saving the model at the end of epoch 56, iters 336
2021-06-19 22:30:33,662 - utils.logger - INFO - End of training epoch 56 / 70 	 Time Taken: 1 sec, Data loading: 0 sec
2021-06-19 22:30:33,662 - utils.logger - INFO - learning rate = 0.0000341
2021-06-19 22:30:34,093 - utils.logger - INFO - Trn result of epoch 56 / 70 mse 0.0474 rmse 0.2177 pcc 0.3772 ccc 0.3003
2021-06-19 22:30:34,240 - utils.logger - INFO - Val result of epoch 56 / 70 mse 0.0471 rmse 0.2171 pcc 0.4668 ccc 0.3557
2021-06-19 22:30:34,662 - utils.logger - INFO - Cur epoch 57 loss ccc:0.1235
2021-06-19 22:30:35,085 - utils.logger - INFO - Cur epoch 57 loss ccc:0.1182
2021-06-19 22:30:35,436 - utils.logger - INFO - Cur epoch 57 loss ccc:0.9934
2021-06-19 22:30:35,436 - utils.logger - INFO - saving the model at the end of epoch 57, iters 342
2021-06-19 22:30:35,676 - utils.logger - INFO - End of training epoch 57 / 70 	 Time Taken: 1 sec, Data loading: 0 sec
2021-06-19 22:30:35,677 - utils.logger - INFO - learning rate = 0.0000317
2021-06-19 22:30:36,155 - utils.logger - INFO - Trn result of epoch 57 / 70 mse 0.0485 rmse 0.2201 pcc 0.3809 ccc 0.2970
2021-06-19 22:30:36,325 - utils.logger - INFO - Val result of epoch 57 / 70 mse 0.0488 rmse 0.2210 pcc 0.4668 ccc 0.3484
2021-06-19 22:30:36,743 - utils.logger - INFO - Cur epoch 58 loss ccc:0.1183
2021-06-19 22:30:37,138 - utils.logger - INFO - Cur epoch 58 loss ccc:0.1148
2021-06-19 22:30:37,487 - utils.logger - INFO - Cur epoch 58 loss ccc:0.9837
2021-06-19 22:30:37,487 - utils.logger - INFO - saving the model at the end of epoch 58, iters 348
2021-06-19 22:30:37,726 - utils.logger - INFO - End of training epoch 58 / 70 	 Time Taken: 1 sec, Data loading: 0 sec
2021-06-19 22:30:37,726 - utils.logger - INFO - learning rate = 0.0000293
2021-06-19 22:30:38,153 - utils.logger - INFO - Trn result of epoch 58 / 70 mse 0.0514 rmse 0.2267 pcc 0.3816 ccc 0.2924
2021-06-19 22:30:38,298 - utils.logger - INFO - Val result of epoch 58 / 70 mse 0.0530 rmse 0.2301 pcc 0.4672 ccc 0.3379
2021-06-19 22:30:38,713 - utils.logger - INFO - Cur epoch 59 loss ccc:0.0992
2021-06-19 22:30:39,099 - utils.logger - INFO - Cur epoch 59 loss ccc:0.1049
2021-06-19 22:30:39,439 - utils.logger - INFO - Cur epoch 59 loss ccc:1.0000
2021-06-19 22:30:39,439 - utils.logger - INFO - saving the model at the end of epoch 59, iters 354
2021-06-19 22:30:39,670 - utils.logger - INFO - End of training epoch 59 / 70 	 Time Taken: 1 sec, Data loading: 0 sec
2021-06-19 22:30:39,670 - utils.logger - INFO - learning rate = 0.0000268
2021-06-19 22:30:40,088 - utils.logger - INFO - Trn result of epoch 59 / 70 mse 0.0564 rmse 0.2374 pcc 0.3819 ccc 0.2778
2021-06-19 22:30:40,231 - utils.logger - INFO - Val result of epoch 59 / 70 mse 0.0596 rmse 0.2441 pcc 0.4659 ccc 0.3154
2021-06-19 22:30:40,637 - utils.logger - INFO - Cur epoch 60 loss ccc:0.1082
2021-06-19 22:30:41,035 - utils.logger - INFO - Cur epoch 60 loss ccc:0.1143
2021-06-19 22:30:41,370 - utils.logger - INFO - Cur epoch 60 loss ccc:1.0090
2021-06-19 22:30:41,370 - utils.logger - INFO - saving the model at the end of epoch 60, iters 360
2021-06-19 22:30:41,735 - utils.logger - INFO - End of training epoch 60 / 70 	 Time Taken: 1 sec, Data loading: 0 sec
2021-06-19 22:30:41,735 - utils.logger - INFO - learning rate = 0.0000244
2021-06-19 22:30:42,157 - utils.logger - INFO - Trn result of epoch 60 / 70 mse 0.0542 rmse 0.2328 pcc 0.3807 ccc 0.2846
2021-06-19 22:30:42,304 - utils.logger - INFO - Val result of epoch 60 / 70 mse 0.0568 rmse 0.2384 pcc 0.4650 ccc 0.3244
2021-06-19 22:30:42,696 - utils.logger - INFO - Cur epoch 61 loss ccc:0.1240
2021-06-19 22:30:43,115 - utils.logger - INFO - Cur epoch 61 loss ccc:0.1107
2021-06-19 22:30:43,461 - utils.logger - INFO - Cur epoch 61 loss ccc:1.0789
2021-06-19 22:30:43,462 - utils.logger - INFO - saving the model at the end of epoch 61, iters 366
2021-06-19 22:30:43,718 - utils.logger - INFO - End of training epoch 61 / 70 	 Time Taken: 1 sec, Data loading: 0 sec
2021-06-19 22:30:43,718 - utils.logger - INFO - learning rate = 0.0000220
2021-06-19 22:30:44,212 - utils.logger - INFO - Trn result of epoch 61 / 70 mse 0.0679 rmse 0.2605 pcc 0.3880 ccc 0.2576
2021-06-19 22:30:44,374 - utils.logger - INFO - Val result of epoch 61 / 70 mse 0.0742 rmse 0.2724 pcc 0.4615 ccc 0.2841
2021-06-19 22:30:44,799 - utils.logger - INFO - Cur epoch 62 loss ccc:0.1155
2021-06-19 22:30:45,216 - utils.logger - INFO - Cur epoch 62 loss ccc:0.1240
2021-06-19 22:30:45,546 - utils.logger - INFO - Cur epoch 62 loss ccc:1.0738
2021-06-19 22:30:45,547 - utils.logger - INFO - saving the model at the end of epoch 62, iters 372
2021-06-19 22:30:45,776 - utils.logger - INFO - End of training epoch 62 / 70 	 Time Taken: 1 sec, Data loading: 0 sec
2021-06-19 22:30:45,777 - utils.logger - INFO - learning rate = 0.0000195
2021-06-19 22:30:46,197 - utils.logger - INFO - Trn result of epoch 62 / 70 mse 0.0731 rmse 0.2703 pcc 0.3965 ccc 0.2458
2021-06-19 22:30:46,343 - utils.logger - INFO - Val result of epoch 62 / 70 mse 0.0803 rmse 0.2833 pcc 0.4630 ccc 0.2694
2021-06-19 22:30:46,750 - utils.logger - INFO - Cur epoch 63 loss ccc:0.1259
2021-06-19 22:30:47,159 - utils.logger - INFO - Cur epoch 63 loss ccc:0.1116
2021-06-19 22:30:47,497 - utils.logger - INFO - Cur epoch 63 loss ccc:0.9686
2021-06-19 22:30:47,497 - utils.logger - INFO - saving the model at the end of epoch 63, iters 378
2021-06-19 22:30:47,736 - utils.logger - INFO - End of training epoch 63 / 70 	 Time Taken: 1 sec, Data loading: 0 sec
2021-06-19 22:30:47,737 - utils.logger - INFO - learning rate = 0.0000171
2021-06-19 22:30:48,160 - utils.logger - INFO - Trn result of epoch 63 / 70 mse 0.0690 rmse 0.2626 pcc 0.3889 ccc 0.2576
2021-06-19 22:30:48,307 - utils.logger - INFO - Val result of epoch 63 / 70 mse 0.0757 rmse 0.2752 pcc 0.4637 ccc 0.2841
2021-06-19 22:30:48,725 - utils.logger - INFO - Cur epoch 64 loss ccc:0.1116
2021-06-19 22:30:49,151 - utils.logger - INFO - Cur epoch 64 loss ccc:0.1213
2021-06-19 22:30:49,517 - utils.logger - INFO - Cur epoch 64 loss ccc:1.0226
2021-06-19 22:30:49,517 - utils.logger - INFO - saving the model at the end of epoch 64, iters 384
2021-06-19 22:30:49,756 - utils.logger - INFO - End of training epoch 64 / 70 	 Time Taken: 1 sec, Data loading: 0 sec
2021-06-19 22:30:49,757 - utils.logger - INFO - learning rate = 0.0000146
2021-06-19 22:30:50,206 - utils.logger - INFO - Trn result of epoch 64 / 70 mse 0.0600 rmse 0.2449 pcc 0.3799 ccc 0.2794
2021-06-19 22:30:50,365 - utils.logger - INFO - Val result of epoch 64 / 70 mse 0.0644 rmse 0.2538 pcc 0.4644 ccc 0.3141
2021-06-19 22:30:50,785 - utils.logger - INFO - Cur epoch 65 loss ccc:0.0904
2021-06-19 22:30:51,224 - utils.logger - INFO - Cur epoch 65 loss ccc:0.1238
2021-06-19 22:30:51,576 - utils.logger - INFO - Cur epoch 65 loss ccc:1.0244
2021-06-19 22:30:51,576 - utils.logger - INFO - saving the model at the end of epoch 65, iters 390
2021-06-19 22:30:51,819 - utils.logger - INFO - End of training epoch 65 / 70 	 Time Taken: 1 sec, Data loading: 0 sec
2021-06-19 22:30:51,819 - utils.logger - INFO - learning rate = 0.0000122
2021-06-19 22:30:52,252 - utils.logger - INFO - Trn result of epoch 65 / 70 mse 0.0591 rmse 0.2432 pcc 0.3796 ccc 0.2833
2021-06-19 22:30:52,414 - utils.logger - INFO - Val result of epoch 65 / 70 mse 0.0633 rmse 0.2516 pcc 0.4647 ccc 0.3200
2021-06-19 22:30:52,833 - utils.logger - INFO - Cur epoch 66 loss ccc:0.1115
2021-06-19 22:30:53,261 - utils.logger - INFO - Cur epoch 66 loss ccc:0.1069
2021-06-19 22:30:53,597 - utils.logger - INFO - Cur epoch 66 loss ccc:0.9719
2021-06-19 22:30:53,597 - utils.logger - INFO - saving the model at the end of epoch 66, iters 396
2021-06-19 22:30:53,839 - utils.logger - INFO - End of training epoch 66 / 70 	 Time Taken: 1 sec, Data loading: 0 sec
2021-06-19 22:30:53,839 - utils.logger - INFO - learning rate = 0.0000098
2021-06-19 22:30:54,259 - utils.logger - INFO - Trn result of epoch 66 / 70 mse 0.0591 rmse 0.2432 pcc 0.3811 ccc 0.2844
2021-06-19 22:30:54,403 - utils.logger - INFO - Val result of epoch 66 / 70 mse 0.0632 rmse 0.2513 pcc 0.4666 ccc 0.3222
2021-06-19 22:30:54,809 - utils.logger - INFO - Cur epoch 67 loss ccc:0.1250
2021-06-19 22:30:55,215 - utils.logger - INFO - Cur epoch 67 loss ccc:0.1150
2021-06-19 22:30:55,561 - utils.logger - INFO - Cur epoch 67 loss ccc:1.0000
2021-06-19 22:30:55,562 - utils.logger - INFO - saving the model at the end of epoch 67, iters 402
2021-06-19 22:30:55,788 - utils.logger - INFO - End of training epoch 67 / 70 	 Time Taken: 1 sec, Data loading: 0 sec
2021-06-19 22:30:55,788 - utils.logger - INFO - learning rate = 0.0000073
2021-06-19 22:30:56,209 - utils.logger - INFO - Trn result of epoch 67 / 70 mse 0.0615 rmse 0.2480 pcc 0.3835 ccc 0.2796
2021-06-19 22:30:56,356 - utils.logger - INFO - Val result of epoch 67 / 70 mse 0.0663 rmse 0.2575 pcc 0.4663 ccc 0.3141
2021-06-19 22:30:56,784 - utils.logger - INFO - Cur epoch 68 loss ccc:0.1121
2021-06-19 22:30:57,180 - utils.logger - INFO - Cur epoch 68 loss ccc:0.1099
2021-06-19 22:30:57,499 - utils.logger - INFO - Cur epoch 68 loss ccc:0.9805
2021-06-19 22:30:57,499 - utils.logger - INFO - saving the model at the end of epoch 68, iters 408
2021-06-19 22:30:57,931 - utils.logger - INFO - End of training epoch 68 / 70 	 Time Taken: 1 sec, Data loading: 0 sec
2021-06-19 22:30:57,931 - utils.logger - INFO - learning rate = 0.0000049
2021-06-19 22:30:58,359 - utils.logger - INFO - Trn result of epoch 68 / 70 mse 0.0649 rmse 0.2547 pcc 0.3859 ccc 0.2694
2021-06-19 22:30:58,505 - utils.logger - INFO - Val result of epoch 68 / 70 mse 0.0703 rmse 0.2651 pcc 0.4666 ccc 0.3025
2021-06-19 22:30:58,936 - utils.logger - INFO - Cur epoch 69 loss ccc:0.1262
2021-06-19 22:30:59,358 - utils.logger - INFO - Cur epoch 69 loss ccc:0.1112
2021-06-19 22:30:59,697 - utils.logger - INFO - Cur epoch 69 loss ccc:1.0084
2021-06-19 22:30:59,697 - utils.logger - INFO - saving the model at the end of epoch 69, iters 414
2021-06-19 22:30:59,951 - utils.logger - INFO - End of training epoch 69 / 70 	 Time Taken: 1 sec, Data loading: 0 sec
2021-06-19 22:30:59,951 - utils.logger - INFO - learning rate = 0.0000024
2021-06-19 22:31:00,373 - utils.logger - INFO - Trn result of epoch 69 / 70 mse 0.0638 rmse 0.2526 pcc 0.3851 ccc 0.2722
2021-06-19 22:31:00,520 - utils.logger - INFO - Val result of epoch 69 / 70 mse 0.0689 rmse 0.2624 pcc 0.4670 ccc 0.3063
2021-06-19 22:31:00,946 - utils.logger - INFO - Cur epoch 70 loss ccc:0.1209
2021-06-19 22:31:01,367 - utils.logger - INFO - Cur epoch 70 loss ccc:0.1046
2021-06-19 22:31:01,709 - utils.logger - INFO - Cur epoch 70 loss ccc:0.9461
2021-06-19 22:31:01,709 - utils.logger - INFO - saving the model at the end of epoch 70, iters 420
2021-06-19 22:31:01,949 - utils.logger - INFO - End of training epoch 70 / 70 	 Time Taken: 1 sec, Data loading: 0 sec
2021-06-19 22:31:01,949 - utils.logger - INFO - learning rate = 0.0000000
2021-06-19 22:31:02,370 - utils.logger - INFO - Trn result of epoch 70 / 70 mse 0.0633 rmse 0.2517 pcc 0.3851 ccc 0.2732
2021-06-19 22:31:02,519 - utils.logger - INFO - Val result of epoch 70 / 70 mse 0.0683 rmse 0.2613 pcc 0.4670 ccc 0.3075
2021-06-19 22:31:02,519 - utils.logger - INFO - Best eval epoch 28 found with ccc 0.384631
2021-06-19 22:31:02,519 - utils.logger - INFO - baseline_fcfusion_wonorm_wav2vec-egemaps_valence_hidden1024_seq100_lr0.0001_cccloss_run2
