2021-06-19 22:26:09,645 - utils.logger - INFO - The number of training samples = 41
2021-06-19 22:26:12,267 - utils.logger - INFO - Cur epoch 1 loss ccc:0.1274
2021-06-19 22:26:12,700 - utils.logger - INFO - Cur epoch 1 loss ccc:0.1185
2021-06-19 22:26:13,050 - utils.logger - INFO - Cur epoch 1 loss ccc:0.9531
2021-06-19 22:26:13,051 - utils.logger - INFO - saving the model at the end of epoch 1, iters 6
2021-06-19 22:26:13,284 - utils.logger - INFO - End of training epoch 1 / 70 	 Time Taken: 1 sec, Data loading: 0 sec
2021-06-19 22:26:13,284 - utils.logger - INFO - learning rate = 0.0005000
2021-06-19 22:26:13,704 - utils.logger - INFO - Trn result of epoch 1 / 70 mse 0.0446 rmse 0.2111 pcc 0.4167 ccc 0.0258
2021-06-19 22:26:13,872 - utils.logger - INFO - Val result of epoch 1 / 70 mse 0.0411 rmse 0.2027 pcc 0.4515 ccc 0.0324
2021-06-19 22:26:14,332 - utils.logger - INFO - Cur epoch 2 loss ccc:0.1308
2021-06-19 22:26:14,869 - utils.logger - INFO - Cur epoch 2 loss ccc:0.1096
2021-06-19 22:26:15,203 - utils.logger - INFO - Cur epoch 2 loss ccc:1.0072
2021-06-19 22:26:15,203 - utils.logger - INFO - saving the model at the end of epoch 2, iters 12
2021-06-19 22:26:15,472 - utils.logger - INFO - End of training epoch 2 / 70 	 Time Taken: 1 sec, Data loading: 0 sec
2021-06-19 22:26:15,473 - utils.logger - INFO - learning rate = 0.0005000
2021-06-19 22:26:16,103 - utils.logger - INFO - Trn result of epoch 2 / 70 mse 0.2238 rmse 0.4731 pcc 0.3755 ccc 0.0584
2021-06-19 22:26:16,413 - utils.logger - INFO - Val result of epoch 2 / 70 mse 0.2306 rmse 0.4802 pcc 0.3721 ccc 0.0651
2021-06-19 22:26:16,823 - utils.logger - INFO - Cur epoch 3 loss ccc:0.1117
2021-06-19 22:26:17,241 - utils.logger - INFO - Cur epoch 3 loss ccc:0.1075
2021-06-19 22:26:17,600 - utils.logger - INFO - Cur epoch 3 loss ccc:0.9945
2021-06-19 22:26:17,600 - utils.logger - INFO - saving the model at the end of epoch 3, iters 18
2021-06-19 22:26:17,877 - utils.logger - INFO - End of training epoch 3 / 70 	 Time Taken: 1 sec, Data loading: 0 sec
2021-06-19 22:26:17,878 - utils.logger - INFO - learning rate = 0.0005000
2021-06-19 22:26:18,333 - utils.logger - INFO - Trn result of epoch 3 / 70 mse 0.0859 rmse 0.2930 pcc 0.3969 ccc 0.1732
2021-06-19 22:26:18,496 - utils.logger - INFO - Val result of epoch 3 / 70 mse 0.0888 rmse 0.2980 pcc 0.4038 ccc 0.1926
2021-06-19 22:26:18,939 - utils.logger - INFO - Cur epoch 4 loss ccc:0.1080
2021-06-19 22:26:19,366 - utils.logger - INFO - Cur epoch 4 loss ccc:0.1252
2021-06-19 22:26:19,705 - utils.logger - INFO - Cur epoch 4 loss ccc:0.9989
2021-06-19 22:26:19,705 - utils.logger - INFO - saving the model at the end of epoch 4, iters 24
2021-06-19 22:26:20,121 - utils.logger - INFO - End of training epoch 4 / 70 	 Time Taken: 1 sec, Data loading: 0 sec
2021-06-19 22:26:20,122 - utils.logger - INFO - learning rate = 0.0005000
2021-06-19 22:26:20,713 - utils.logger - INFO - Trn result of epoch 4 / 70 mse 0.0442 rmse 0.2103 pcc 0.3921 ccc 0.3271
2021-06-19 22:26:20,874 - utils.logger - INFO - Val result of epoch 4 / 70 mse 0.0453 rmse 0.2129 pcc 0.4090 ccc 0.3655
2021-06-19 22:26:21,318 - utils.logger - INFO - Cur epoch 5 loss ccc:0.1133
2021-06-19 22:26:21,754 - utils.logger - INFO - Cur epoch 5 loss ccc:0.1289
2021-06-19 22:26:22,122 - utils.logger - INFO - Cur epoch 5 loss ccc:0.9999
2021-06-19 22:26:22,123 - utils.logger - INFO - saving the model at the end of epoch 5, iters 30
2021-06-19 22:26:22,378 - utils.logger - INFO - End of training epoch 5 / 70 	 Time Taken: 1 sec, Data loading: 0 sec
2021-06-19 22:26:22,379 - utils.logger - INFO - learning rate = 0.0005000
2021-06-19 22:26:22,790 - utils.logger - INFO - Trn result of epoch 5 / 70 mse 0.0801 rmse 0.2831 pcc 0.3953 ccc 0.1753
2021-06-19 22:26:22,933 - utils.logger - INFO - Val result of epoch 5 / 70 mse 0.0832 rmse 0.2885 pcc 0.4187 ccc 0.1978
2021-06-19 22:26:23,335 - utils.logger - INFO - Cur epoch 6 loss ccc:0.1247
2021-06-19 22:26:23,750 - utils.logger - INFO - Cur epoch 6 loss ccc:0.1250
2021-06-19 22:26:24,101 - utils.logger - INFO - Cur epoch 6 loss ccc:1.0130
2021-06-19 22:26:24,101 - utils.logger - INFO - saving the model at the end of epoch 6, iters 36
2021-06-19 22:26:24,357 - utils.logger - INFO - End of training epoch 6 / 70 	 Time Taken: 1 sec, Data loading: 0 sec
2021-06-19 22:26:24,357 - utils.logger - INFO - learning rate = 0.0005000
2021-06-19 22:26:24,801 - utils.logger - INFO - Trn result of epoch 6 / 70 mse 0.1177 rmse 0.3430 pcc 0.3918 ccc 0.1573
2021-06-19 22:26:24,959 - utils.logger - INFO - Val result of epoch 6 / 70 mse 0.1234 rmse 0.3513 pcc 0.4050 ccc 0.1749
2021-06-19 22:26:25,378 - utils.logger - INFO - Cur epoch 7 loss ccc:0.1134
2021-06-19 22:26:25,761 - utils.logger - INFO - Cur epoch 7 loss ccc:0.1190
2021-06-19 22:26:26,106 - utils.logger - INFO - Cur epoch 7 loss ccc:0.9858
2021-06-19 22:26:26,106 - utils.logger - INFO - saving the model at the end of epoch 7, iters 42
2021-06-19 22:26:26,360 - utils.logger - INFO - End of training epoch 7 / 70 	 Time Taken: 1 sec, Data loading: 0 sec
2021-06-19 22:26:26,360 - utils.logger - INFO - learning rate = 0.0005000
2021-06-19 22:26:26,774 - utils.logger - INFO - Trn result of epoch 7 / 70 mse 0.1413 rmse 0.3759 pcc 0.3913 ccc 0.1387
2021-06-19 22:26:26,914 - utils.logger - INFO - Val result of epoch 7 / 70 mse 0.1500 rmse 0.3873 pcc 0.4188 ccc 0.1564
2021-06-19 22:26:27,332 - utils.logger - INFO - Cur epoch 8 loss ccc:0.1140
2021-06-19 22:26:27,738 - utils.logger - INFO - Cur epoch 8 loss ccc:0.1120
2021-06-19 22:26:28,067 - utils.logger - INFO - Cur epoch 8 loss ccc:1.0012
2021-06-19 22:26:28,068 - utils.logger - INFO - saving the model at the end of epoch 8, iters 48
2021-06-19 22:26:28,368 - utils.logger - INFO - End of training epoch 8 / 70 	 Time Taken: 1 sec, Data loading: 0 sec
2021-06-19 22:26:28,368 - utils.logger - INFO - learning rate = 0.0005000
2021-06-19 22:26:28,825 - utils.logger - INFO - Trn result of epoch 8 / 70 mse 0.1075 rmse 0.3278 pcc 0.3926 ccc 0.1422
2021-06-19 22:26:28,983 - utils.logger - INFO - Val result of epoch 8 / 70 mse 0.1153 rmse 0.3395 pcc 0.4353 ccc 0.1625
2021-06-19 22:26:29,402 - utils.logger - INFO - Cur epoch 9 loss ccc:0.1123
2021-06-19 22:26:29,798 - utils.logger - INFO - Cur epoch 9 loss ccc:0.1036
2021-06-19 22:26:30,141 - utils.logger - INFO - Cur epoch 9 loss ccc:1.0003
2021-06-19 22:26:30,141 - utils.logger - INFO - saving the model at the end of epoch 9, iters 54
2021-06-19 22:26:30,394 - utils.logger - INFO - End of training epoch 9 / 70 	 Time Taken: 1 sec, Data loading: 0 sec
2021-06-19 22:26:30,394 - utils.logger - INFO - learning rate = 0.0005000
2021-06-19 22:26:30,850 - utils.logger - INFO - Trn result of epoch 9 / 70 mse 0.8534 rmse 0.9238 pcc 0.3872 ccc 0.0282
2021-06-19 22:26:31,009 - utils.logger - INFO - Val result of epoch 9 / 70 mse 0.8772 rmse 0.9366 pcc 0.4141 ccc 0.0335
2021-06-19 22:26:31,399 - utils.logger - INFO - Cur epoch 10 loss ccc:0.1250
2021-06-19 22:26:31,833 - utils.logger - INFO - Cur epoch 10 loss ccc:0.1172
2021-06-19 22:26:32,181 - utils.logger - INFO - Cur epoch 10 loss ccc:1.0049
2021-06-19 22:26:32,181 - utils.logger - INFO - saving the model at the end of epoch 10, iters 60
2021-06-19 22:26:32,433 - utils.logger - INFO - End of training epoch 10 / 70 	 Time Taken: 1 sec, Data loading: 0 sec
2021-06-19 22:26:32,433 - utils.logger - INFO - learning rate = 0.0005000
2021-06-19 22:26:32,850 - utils.logger - INFO - Trn result of epoch 10 / 70 mse 0.5147 rmse 0.7175 pcc 0.3942 ccc 0.0351
2021-06-19 22:26:32,992 - utils.logger - INFO - Val result of epoch 10 / 70 mse 0.5369 rmse 0.7327 pcc 0.4150 ccc 0.0402
2021-06-19 22:26:33,409 - utils.logger - INFO - Cur epoch 11 loss ccc:0.1277
2021-06-19 22:26:33,805 - utils.logger - INFO - Cur epoch 11 loss ccc:0.1238
2021-06-19 22:26:34,120 - utils.logger - INFO - Cur epoch 11 loss ccc:1.0042
2021-06-19 22:26:34,120 - utils.logger - INFO - saving the model at the end of epoch 11, iters 66
2021-06-19 22:26:34,389 - utils.logger - INFO - End of training epoch 11 / 70 	 Time Taken: 1 sec, Data loading: 0 sec
2021-06-19 22:26:34,389 - utils.logger - INFO - learning rate = 0.0005000
2021-06-19 22:26:34,805 - utils.logger - INFO - Trn result of epoch 11 / 70 mse 0.3870 rmse 0.6221 pcc 0.3985 ccc 0.0400
2021-06-19 22:26:34,948 - utils.logger - INFO - Val result of epoch 11 / 70 mse 0.4054 rmse 0.6367 pcc 0.4260 ccc 0.0451
2021-06-19 22:26:35,337 - utils.logger - INFO - Cur epoch 12 loss ccc:0.1251
2021-06-19 22:26:35,728 - utils.logger - INFO - Cur epoch 12 loss ccc:0.1257
2021-06-19 22:26:36,040 - utils.logger - INFO - Cur epoch 12 loss ccc:0.9614
2021-06-19 22:26:36,040 - utils.logger - INFO - saving the model at the end of epoch 12, iters 72
2021-06-19 22:26:36,294 - utils.logger - INFO - End of training epoch 12 / 70 	 Time Taken: 1 sec, Data loading: 0 sec
2021-06-19 22:26:36,294 - utils.logger - INFO - learning rate = 0.0005000
2021-06-19 22:26:36,758 - utils.logger - INFO - Trn result of epoch 12 / 70 mse 0.0426 rmse 0.2064 pcc 0.3728 ccc 0.1254
2021-06-19 22:26:36,917 - utils.logger - INFO - Val result of epoch 12 / 70 mse 0.0391 rmse 0.1977 pcc 0.4405 ccc 0.1663
2021-06-19 22:26:37,301 - utils.logger - INFO - Cur epoch 13 loss ccc:0.1249
2021-06-19 22:26:37,692 - utils.logger - INFO - Cur epoch 13 loss ccc:0.1252
2021-06-19 22:26:38,002 - utils.logger - INFO - Cur epoch 13 loss ccc:0.9653
2021-06-19 22:26:38,002 - utils.logger - INFO - saving the model at the end of epoch 13, iters 78
2021-06-19 22:26:38,251 - utils.logger - INFO - End of training epoch 13 / 70 	 Time Taken: 1 sec, Data loading: 0 sec
2021-06-19 22:26:38,251 - utils.logger - INFO - learning rate = 0.0005000
2021-06-19 22:26:38,667 - utils.logger - INFO - Trn result of epoch 13 / 70 mse 0.0391 rmse 0.1977 pcc 0.3738 ccc 0.2072
2021-06-19 22:26:38,811 - utils.logger - INFO - Val result of epoch 13 / 70 mse 0.0343 rmse 0.1851 pcc 0.4409 ccc 0.2761
2021-06-19 22:26:39,219 - utils.logger - INFO - Cur epoch 14 loss ccc:0.1248
2021-06-19 22:26:39,614 - utils.logger - INFO - Cur epoch 14 loss ccc:0.1127
2021-06-19 22:26:39,931 - utils.logger - INFO - Cur epoch 14 loss ccc:0.8822
2021-06-19 22:26:39,931 - utils.logger - INFO - saving the model at the end of epoch 14, iters 84
2021-06-19 22:26:40,184 - utils.logger - INFO - End of training epoch 14 / 70 	 Time Taken: 1 sec, Data loading: 0 sec
2021-06-19 22:26:40,184 - utils.logger - INFO - learning rate = 0.0005000
2021-06-19 22:26:40,634 - utils.logger - INFO - Trn result of epoch 14 / 70 mse 0.0403 rmse 0.2008 pcc 0.3622 ccc 0.1749
2021-06-19 22:26:40,791 - utils.logger - INFO - Val result of epoch 14 / 70 mse 0.0358 rmse 0.1893 pcc 0.4463 ccc 0.2370
2021-06-19 22:26:41,178 - utils.logger - INFO - Cur epoch 15 loss ccc:0.1293
2021-06-19 22:26:41,561 - utils.logger - INFO - Cur epoch 15 loss ccc:0.1142
2021-06-19 22:26:41,892 - utils.logger - INFO - Cur epoch 15 loss ccc:1.0220
2021-06-19 22:26:41,892 - utils.logger - INFO - saving the model at the end of epoch 15, iters 90
2021-06-19 22:26:42,139 - utils.logger - INFO - End of training epoch 15 / 70 	 Time Taken: 1 sec, Data loading: 0 sec
2021-06-19 22:26:42,139 - utils.logger - INFO - learning rate = 0.0005000
2021-06-19 22:26:42,564 - utils.logger - INFO - Trn result of epoch 15 / 70 mse 0.1402 rmse 0.3744 pcc 0.3883 ccc 0.0780
2021-06-19 22:26:42,705 - utils.logger - INFO - Val result of epoch 15 / 70 mse 0.1496 rmse 0.3868 pcc 0.4315 ccc 0.0891
2021-06-19 22:26:43,098 - utils.logger - INFO - Cur epoch 16 loss ccc:0.1250
2021-06-19 22:26:43,480 - utils.logger - INFO - Cur epoch 16 loss ccc:0.1280
2021-06-19 22:26:43,788 - utils.logger - INFO - Cur epoch 16 loss ccc:0.9855
2021-06-19 22:26:43,788 - utils.logger - INFO - saving the model at the end of epoch 16, iters 96
2021-06-19 22:26:44,053 - utils.logger - INFO - End of training epoch 16 / 70 	 Time Taken: 1 sec, Data loading: 0 sec
2021-06-19 22:26:44,054 - utils.logger - INFO - learning rate = 0.0005000
2021-06-19 22:26:44,468 - utils.logger - INFO - Trn result of epoch 16 / 70 mse 0.2383 rmse 0.4881 pcc 0.3946 ccc 0.0581
2021-06-19 22:26:44,610 - utils.logger - INFO - Val result of epoch 16 / 70 mse 0.2532 rmse 0.5031 pcc 0.4309 ccc 0.0656
2021-06-19 22:26:45,006 - utils.logger - INFO - Cur epoch 17 loss ccc:0.1249
2021-06-19 22:26:45,398 - utils.logger - INFO - Cur epoch 17 loss ccc:0.1261
2021-06-19 22:26:45,723 - utils.logger - INFO - Cur epoch 17 loss ccc:1.0000
2021-06-19 22:26:45,723 - utils.logger - INFO - saving the model at the end of epoch 17, iters 102
2021-06-19 22:26:45,965 - utils.logger - INFO - End of training epoch 17 / 70 	 Time Taken: 1 sec, Data loading: 0 sec
2021-06-19 22:26:45,966 - utils.logger - INFO - learning rate = 0.0005000
2021-06-19 22:26:46,412 - utils.logger - INFO - Trn result of epoch 17 / 70 mse 0.1106 rmse 0.3326 pcc 0.3906 ccc 0.1095
2021-06-19 22:26:46,568 - utils.logger - INFO - Val result of epoch 17 / 70 mse 0.1180 rmse 0.3435 pcc 0.4368 ccc 0.1237
2021-06-19 22:26:46,978 - utils.logger - INFO - Cur epoch 18 loss ccc:0.1123
2021-06-19 22:26:47,377 - utils.logger - INFO - Cur epoch 18 loss ccc:0.1106
2021-06-19 22:26:47,700 - utils.logger - INFO - Cur epoch 18 loss ccc:0.9519
2021-06-19 22:26:47,700 - utils.logger - INFO - saving the model at the end of epoch 18, iters 108
2021-06-19 22:26:47,978 - utils.logger - INFO - End of training epoch 18 / 70 	 Time Taken: 1 sec, Data loading: 0 sec
2021-06-19 22:26:47,978 - utils.logger - INFO - learning rate = 0.0005000
2021-06-19 22:26:48,392 - utils.logger - INFO - Trn result of epoch 18 / 70 mse 0.0382 rmse 0.1954 pcc 0.3708 ccc 0.2337
2021-06-19 22:26:48,534 - utils.logger - INFO - Val result of epoch 18 / 70 mse 0.0306 rmse 0.1748 pcc 0.4436 ccc 0.3239
2021-06-19 22:26:48,934 - utils.logger - INFO - Cur epoch 19 loss ccc:0.1257
2021-06-19 22:26:49,322 - utils.logger - INFO - Cur epoch 19 loss ccc:0.1137
2021-06-19 22:26:49,646 - utils.logger - INFO - Cur epoch 19 loss ccc:0.9764
2021-06-19 22:26:49,646 - utils.logger - INFO - saving the model at the end of epoch 19, iters 114
2021-06-19 22:26:49,895 - utils.logger - INFO - End of training epoch 19 / 70 	 Time Taken: 1 sec, Data loading: 0 sec
2021-06-19 22:26:49,895 - utils.logger - INFO - learning rate = 0.0005000
2021-06-19 22:26:50,311 - utils.logger - INFO - Trn result of epoch 19 / 70 mse 0.0558 rmse 0.2362 pcc 0.3709 ccc 0.2084
2021-06-19 22:26:50,455 - utils.logger - INFO - Val result of epoch 19 / 70 mse 0.0571 rmse 0.2390 pcc 0.4449 ccc 0.2492
2021-06-19 22:26:50,863 - utils.logger - INFO - Cur epoch 20 loss ccc:0.1124
2021-06-19 22:26:51,235 - utils.logger - INFO - Cur epoch 20 loss ccc:0.1084
2021-06-19 22:26:51,565 - utils.logger - INFO - Cur epoch 20 loss ccc:1.0004
2021-06-19 22:26:51,565 - utils.logger - INFO - saving the model at the end of epoch 20, iters 120
2021-06-19 22:26:51,813 - utils.logger - INFO - End of training epoch 20 / 70 	 Time Taken: 1 sec, Data loading: 0 sec
2021-06-19 22:26:51,814 - utils.logger - INFO - learning rate = 0.0005000
2021-06-19 22:26:52,224 - utils.logger - INFO - Trn result of epoch 20 / 70 mse 0.4552 rmse 0.6747 pcc 0.3933 ccc 0.0322
2021-06-19 22:26:52,365 - utils.logger - INFO - Val result of epoch 20 / 70 mse 0.4802 rmse 0.6929 pcc 0.4290 ccc 0.0368
2021-06-19 22:26:52,760 - utils.logger - INFO - Cur epoch 21 loss ccc:0.1256
2021-06-19 22:26:53,175 - utils.logger - INFO - Cur epoch 21 loss ccc:0.1153
2021-06-19 22:26:53,492 - utils.logger - INFO - Cur epoch 21 loss ccc:0.9986
2021-06-19 22:26:53,492 - utils.logger - INFO - saving the model at the end of epoch 21, iters 126
2021-06-19 22:26:53,830 - utils.logger - INFO - End of training epoch 21 / 70 	 Time Taken: 1 sec, Data loading: 0 sec
2021-06-19 22:26:53,830 - utils.logger - INFO - learning rate = 0.0005000
2021-06-19 22:26:54,249 - utils.logger - INFO - Trn result of epoch 21 / 70 mse 0.3025 rmse 0.5500 pcc 0.3902 ccc 0.0453
2021-06-19 22:26:54,392 - utils.logger - INFO - Val result of epoch 21 / 70 mse 0.3219 rmse 0.5674 pcc 0.4360 ccc 0.0520
2021-06-19 22:26:54,772 - utils.logger - INFO - Cur epoch 22 loss ccc:0.1213
2021-06-19 22:26:55,170 - utils.logger - INFO - Cur epoch 22 loss ccc:0.1125
2021-06-19 22:26:55,485 - utils.logger - INFO - Cur epoch 22 loss ccc:1.0049
2021-06-19 22:26:55,486 - utils.logger - INFO - saving the model at the end of epoch 22, iters 132
2021-06-19 22:26:55,738 - utils.logger - INFO - End of training epoch 22 / 70 	 Time Taken: 1 sec, Data loading: 0 sec
2021-06-19 22:26:55,738 - utils.logger - INFO - learning rate = 0.0005000
2021-06-19 22:26:56,162 - utils.logger - INFO - Trn result of epoch 22 / 70 mse 0.2132 rmse 0.4617 pcc 0.3896 ccc 0.0638
2021-06-19 22:26:56,305 - utils.logger - INFO - Val result of epoch 22 / 70 mse 0.2281 rmse 0.4776 pcc 0.4356 ccc 0.0730
2021-06-19 22:26:56,708 - utils.logger - INFO - Cur epoch 23 loss ccc:0.1266
2021-06-19 22:26:57,102 - utils.logger - INFO - Cur epoch 23 loss ccc:0.1306
2021-06-19 22:26:57,415 - utils.logger - INFO - Cur epoch 23 loss ccc:0.9900
2021-06-19 22:26:57,415 - utils.logger - INFO - saving the model at the end of epoch 23, iters 138
2021-06-19 22:26:57,668 - utils.logger - INFO - End of training epoch 23 / 70 	 Time Taken: 1 sec, Data loading: 0 sec
2021-06-19 22:26:57,668 - utils.logger - INFO - learning rate = 0.0005000
2021-06-19 22:26:58,118 - utils.logger - INFO - Trn result of epoch 23 / 70 mse 0.0666 rmse 0.2580 pcc 0.3967 ccc 0.1466
2021-06-19 22:26:58,276 - utils.logger - INFO - Val result of epoch 23 / 70 mse 0.0695 rmse 0.2635 pcc 0.4253 ccc 0.1684
2021-06-19 22:26:58,683 - utils.logger - INFO - Cur epoch 24 loss ccc:0.1341
2021-06-19 22:26:59,081 - utils.logger - INFO - Cur epoch 24 loss ccc:0.1168
2021-06-19 22:26:59,389 - utils.logger - INFO - Cur epoch 24 loss ccc:1.0050
2021-06-19 22:26:59,390 - utils.logger - INFO - saving the model at the end of epoch 24, iters 144
2021-06-19 22:26:59,646 - utils.logger - INFO - End of training epoch 24 / 70 	 Time Taken: 1 sec, Data loading: 0 sec
2021-06-19 22:26:59,646 - utils.logger - INFO - learning rate = 0.0005000
2021-06-19 22:27:00,101 - utils.logger - INFO - Trn result of epoch 24 / 70 mse 0.0504 rmse 0.2244 pcc 0.3594 ccc 0.0636
2021-06-19 22:27:00,260 - utils.logger - INFO - Val result of epoch 24 / 70 mse 0.0494 rmse 0.2223 pcc 0.4419 ccc 0.0827
2021-06-19 22:27:00,676 - utils.logger - INFO - Cur epoch 25 loss ccc:0.1152
2021-06-19 22:27:01,099 - utils.logger - INFO - Cur epoch 25 loss ccc:0.1208
2021-06-19 22:27:01,441 - utils.logger - INFO - Cur epoch 25 loss ccc:1.0019
2021-06-19 22:27:01,441 - utils.logger - INFO - saving the model at the end of epoch 25, iters 150
2021-06-19 22:27:01,689 - utils.logger - INFO - End of training epoch 25 / 70 	 Time Taken: 1 sec, Data loading: 0 sec
2021-06-19 22:27:01,690 - utils.logger - INFO - learning rate = 0.0005000
2021-06-19 22:27:02,110 - utils.logger - INFO - Trn result of epoch 25 / 70 mse 0.0663 rmse 0.2575 pcc 0.3827 ccc 0.0424
2021-06-19 22:27:02,254 - utils.logger - INFO - Val result of epoch 25 / 70 mse 0.0682 rmse 0.2611 pcc 0.4126 ccc 0.0496
2021-06-19 22:27:02,689 - utils.logger - INFO - Cur epoch 26 loss ccc:0.1304
2021-06-19 22:27:03,097 - utils.logger - INFO - Cur epoch 26 loss ccc:0.1090
2021-06-19 22:27:03,417 - utils.logger - INFO - Cur epoch 26 loss ccc:0.9817
2021-06-19 22:27:03,417 - utils.logger - INFO - saving the model at the end of epoch 26, iters 156
2021-06-19 22:27:03,667 - utils.logger - INFO - End of training epoch 26 / 70 	 Time Taken: 1 sec, Data loading: 0 sec
2021-06-19 22:27:03,667 - utils.logger - INFO - learning rate = 0.0005000
2021-06-19 22:27:04,079 - utils.logger - INFO - Trn result of epoch 26 / 70 mse 0.1607 rmse 0.4009 pcc 0.3788 ccc 0.0412
2021-06-19 22:27:04,221 - utils.logger - INFO - Val result of epoch 26 / 70 mse 0.1716 rmse 0.4142 pcc 0.4189 ccc 0.0472
2021-06-19 22:27:04,635 - utils.logger - INFO - Cur epoch 27 loss ccc:0.1250
2021-06-19 22:27:05,028 - utils.logger - INFO - Cur epoch 27 loss ccc:0.1198
2021-06-19 22:27:05,341 - utils.logger - INFO - Cur epoch 27 loss ccc:0.9887
2021-06-19 22:27:05,341 - utils.logger - INFO - saving the model at the end of epoch 27, iters 162
2021-06-19 22:27:05,592 - utils.logger - INFO - End of training epoch 27 / 70 	 Time Taken: 1 sec, Data loading: 0 sec
2021-06-19 22:27:05,592 - utils.logger - INFO - learning rate = 0.0005000
2021-06-19 22:27:06,003 - utils.logger - INFO - Trn result of epoch 27 / 70 mse 0.0706 rmse 0.2657 pcc 0.3773 ccc 0.0658
2021-06-19 22:27:06,149 - utils.logger - INFO - Val result of epoch 27 / 70 mse 0.0730 rmse 0.2702 pcc 0.4157 ccc 0.0770
2021-06-19 22:27:06,562 - utils.logger - INFO - Cur epoch 28 loss ccc:0.1093
2021-06-19 22:27:06,998 - utils.logger - INFO - Cur epoch 28 loss ccc:0.1231
2021-06-19 22:27:07,364 - utils.logger - INFO - Cur epoch 28 loss ccc:0.9868
2021-06-19 22:27:07,365 - utils.logger - INFO - saving the model at the end of epoch 28, iters 168
2021-06-19 22:27:07,615 - utils.logger - INFO - End of training epoch 28 / 70 	 Time Taken: 1 sec, Data loading: 0 sec
2021-06-19 22:27:07,615 - utils.logger - INFO - learning rate = 0.0005000
2021-06-19 22:27:08,062 - utils.logger - INFO - Trn result of epoch 28 / 70 mse 0.2681 rmse 0.5177 pcc 0.3889 ccc 0.0242
2021-06-19 22:27:08,223 - utils.logger - INFO - Val result of epoch 28 / 70 mse 0.2838 rmse 0.5327 pcc 0.3997 ccc 0.0260
2021-06-19 22:27:08,615 - utils.logger - INFO - Cur epoch 29 loss ccc:0.1402
2021-06-19 22:27:08,995 - utils.logger - INFO - Cur epoch 29 loss ccc:0.1131
2021-06-19 22:27:09,312 - utils.logger - INFO - Cur epoch 29 loss ccc:0.9994
2021-06-19 22:27:09,312 - utils.logger - INFO - saving the model at the end of epoch 29, iters 174
2021-06-19 22:27:09,557 - utils.logger - INFO - End of training epoch 29 / 70 	 Time Taken: 1 sec, Data loading: 0 sec
2021-06-19 22:27:09,558 - utils.logger - INFO - learning rate = 0.0005000
2021-06-19 22:27:09,988 - utils.logger - INFO - Trn result of epoch 29 / 70 mse 0.1999 rmse 0.4471 pcc 0.3829 ccc 0.0267
2021-06-19 22:27:10,150 - utils.logger - INFO - Val result of epoch 29 / 70 mse 0.2115 rmse 0.4599 pcc 0.3819 ccc 0.0284
2021-06-19 22:27:10,542 - utils.logger - INFO - Cur epoch 30 loss ccc:0.1343
2021-06-19 22:27:10,928 - utils.logger - INFO - Cur epoch 30 loss ccc:0.1136
2021-06-19 22:27:11,234 - utils.logger - INFO - Cur epoch 30 loss ccc:0.9916
2021-06-19 22:27:11,234 - utils.logger - INFO - saving the model at the end of epoch 30, iters 180
2021-06-19 22:27:11,566 - utils.logger - INFO - End of training epoch 30 / 70 	 Time Taken: 1 sec, Data loading: 0 sec
2021-06-19 22:27:11,566 - utils.logger - INFO - learning rate = 0.0004878
2021-06-19 22:27:11,984 - utils.logger - INFO - Trn result of epoch 30 / 70 mse 0.2536 rmse 0.5036 pcc 0.3831 ccc 0.0237
2021-06-19 22:27:12,127 - utils.logger - INFO - Val result of epoch 30 / 70 mse 0.2675 rmse 0.5172 pcc 0.3811 ccc 0.0252
2021-06-19 22:27:12,537 - utils.logger - INFO - Cur epoch 31 loss ccc:0.1270
2021-06-19 22:27:12,942 - utils.logger - INFO - Cur epoch 31 loss ccc:0.1045
2021-06-19 22:27:13,259 - utils.logger - INFO - Cur epoch 31 loss ccc:1.0006
2021-06-19 22:27:13,259 - utils.logger - INFO - saving the model at the end of epoch 31, iters 186
2021-06-19 22:27:13,502 - utils.logger - INFO - End of training epoch 31 / 70 	 Time Taken: 1 sec, Data loading: 0 sec
2021-06-19 22:27:13,502 - utils.logger - INFO - learning rate = 0.0004756
2021-06-19 22:27:13,918 - utils.logger - INFO - Trn result of epoch 31 / 70 mse 0.1884 rmse 0.4341 pcc 0.3873 ccc 0.0283
2021-06-19 22:27:14,064 - utils.logger - INFO - Val result of epoch 31 / 70 mse 0.1997 rmse 0.4469 pcc 0.3866 ccc 0.0299
2021-06-19 22:27:14,449 - utils.logger - INFO - Cur epoch 32 loss ccc:0.1118
2021-06-19 22:27:14,843 - utils.logger - INFO - Cur epoch 32 loss ccc:0.1308
2021-06-19 22:27:15,152 - utils.logger - INFO - Cur epoch 32 loss ccc:0.9905
2021-06-19 22:27:15,152 - utils.logger - INFO - saving the model at the end of epoch 32, iters 192
2021-06-19 22:27:15,400 - utils.logger - INFO - End of training epoch 32 / 70 	 Time Taken: 1 sec, Data loading: 0 sec
2021-06-19 22:27:15,400 - utils.logger - INFO - learning rate = 0.0004634
2021-06-19 22:27:15,812 - utils.logger - INFO - Trn result of epoch 32 / 70 mse 0.1224 rmse 0.3498 pcc 0.3961 ccc 0.0343
2021-06-19 22:27:15,955 - utils.logger - INFO - Val result of epoch 32 / 70 mse 0.1299 rmse 0.3604 pcc 0.3938 ccc 0.0358
2021-06-19 22:27:16,340 - utils.logger - INFO - Cur epoch 33 loss ccc:0.1250
2021-06-19 22:27:16,724 - utils.logger - INFO - Cur epoch 33 loss ccc:0.1246
2021-06-19 22:27:17,049 - utils.logger - INFO - Cur epoch 33 loss ccc:0.9777
2021-06-19 22:27:17,050 - utils.logger - INFO - saving the model at the end of epoch 33, iters 198
2021-06-19 22:27:17,271 - utils.logger - INFO - End of training epoch 33 / 70 	 Time Taken: 1 sec, Data loading: 0 sec
2021-06-19 22:27:17,271 - utils.logger - INFO - learning rate = 0.0004512
2021-06-19 22:27:17,732 - utils.logger - INFO - Trn result of epoch 33 / 70 mse 0.1067 rmse 0.3267 pcc 0.3737 ccc 0.0291
2021-06-19 22:27:17,886 - utils.logger - INFO - Val result of epoch 33 / 70 mse 0.1129 rmse 0.3360 pcc 0.3582 ccc 0.0282
2021-06-19 22:27:18,287 - utils.logger - INFO - Cur epoch 34 loss ccc:0.0849
2021-06-19 22:27:18,651 - utils.logger - INFO - Cur epoch 34 loss ccc:0.1192
2021-06-19 22:27:18,962 - utils.logger - INFO - Cur epoch 34 loss ccc:1.0092
2021-06-19 22:27:18,962 - utils.logger - INFO - saving the model at the end of epoch 34, iters 204
2021-06-19 22:27:19,234 - utils.logger - INFO - End of training epoch 34 / 70 	 Time Taken: 1 sec, Data loading: 0 sec
2021-06-19 22:27:19,234 - utils.logger - INFO - learning rate = 0.0004390
2021-06-19 22:27:19,656 - utils.logger - INFO - Trn result of epoch 34 / 70 mse 0.0918 rmse 0.3029 pcc 0.3738 ccc 0.0283
2021-06-19 22:27:19,802 - utils.logger - INFO - Val result of epoch 34 / 70 mse 0.0966 rmse 0.3108 pcc 0.3603 ccc 0.0284
2021-06-19 22:27:20,221 - utils.logger - INFO - Cur epoch 35 loss ccc:0.1244
2021-06-19 22:27:20,601 - utils.logger - INFO - Cur epoch 35 loss ccc:0.1096
2021-06-19 22:27:20,921 - utils.logger - INFO - Cur epoch 35 loss ccc:0.9893
2021-06-19 22:27:20,921 - utils.logger - INFO - saving the model at the end of epoch 35, iters 210
2021-06-19 22:27:21,193 - utils.logger - INFO - End of training epoch 35 / 70 	 Time Taken: 1 sec, Data loading: 0 sec
2021-06-19 22:27:21,193 - utils.logger - INFO - learning rate = 0.0004268
2021-06-19 22:27:21,608 - utils.logger - INFO - Trn result of epoch 35 / 70 mse 0.0526 rmse 0.2293 pcc 0.3805 ccc 0.0264
2021-06-19 22:27:21,749 - utils.logger - INFO - Val result of epoch 35 / 70 mse 0.0520 rmse 0.2280 pcc 0.3686 ccc 0.0283
2021-06-19 22:27:22,138 - utils.logger - INFO - Cur epoch 36 loss ccc:0.1268
2021-06-19 22:27:22,524 - utils.logger - INFO - Cur epoch 36 loss ccc:0.1313
2021-06-19 22:27:22,854 - utils.logger - INFO - Cur epoch 36 loss ccc:0.9994
2021-06-19 22:27:22,854 - utils.logger - INFO - saving the model at the end of epoch 36, iters 216
2021-06-19 22:27:23,099 - utils.logger - INFO - End of training epoch 36 / 70 	 Time Taken: 1 sec, Data loading: 0 sec
2021-06-19 22:27:23,100 - utils.logger - INFO - learning rate = 0.0004146
2021-06-19 22:27:23,547 - utils.logger - INFO - Trn result of epoch 36 / 70 mse 0.0537 rmse 0.2318 pcc 0.3851 ccc 0.0188
2021-06-19 22:27:23,702 - utils.logger - INFO - Val result of epoch 36 / 70 mse 0.0534 rmse 0.2311 pcc 0.3779 ccc 0.0202
2021-06-19 22:27:24,097 - utils.logger - INFO - Cur epoch 37 loss ccc:0.1105
2021-06-19 22:27:24,483 - utils.logger - INFO - Cur epoch 37 loss ccc:0.1276
2021-06-19 22:27:24,803 - utils.logger - INFO - Cur epoch 37 loss ccc:1.0026
2021-06-19 22:27:24,803 - utils.logger - INFO - saving the model at the end of epoch 37, iters 222
2021-06-19 22:27:25,044 - utils.logger - INFO - End of training epoch 37 / 70 	 Time Taken: 1 sec, Data loading: 0 sec
2021-06-19 22:27:25,044 - utils.logger - INFO - learning rate = 0.0004024
2021-06-19 22:27:25,507 - utils.logger - INFO - Trn result of epoch 37 / 70 mse 0.0975 rmse 0.3123 pcc 0.3624 ccc 0.0132
2021-06-19 22:27:25,668 - utils.logger - INFO - Val result of epoch 37 / 70 mse 0.1034 rmse 0.3216 pcc 0.3454 ccc 0.0127
2021-06-19 22:27:26,067 - utils.logger - INFO - Cur epoch 38 loss ccc:0.1115
2021-06-19 22:27:26,486 - utils.logger - INFO - Cur epoch 38 loss ccc:0.1325
2021-06-19 22:27:26,814 - utils.logger - INFO - Cur epoch 38 loss ccc:1.0019
2021-06-19 22:27:26,814 - utils.logger - INFO - saving the model at the end of epoch 38, iters 228
2021-06-19 22:27:27,225 - utils.logger - INFO - End of training epoch 38 / 70 	 Time Taken: 1 sec, Data loading: 0 sec
2021-06-19 22:27:27,225 - utils.logger - INFO - learning rate = 0.0003902
2021-06-19 22:27:27,647 - utils.logger - INFO - Trn result of epoch 38 / 70 mse 0.1064 rmse 0.3262 pcc 0.3588 ccc 0.0090
2021-06-19 22:27:27,791 - utils.logger - INFO - Val result of epoch 38 / 70 mse 0.1133 rmse 0.3367 pcc 0.3396 ccc 0.0083
2021-06-19 22:27:28,220 - utils.logger - INFO - Cur epoch 39 loss ccc:0.1003
2021-06-19 22:27:28,607 - utils.logger - INFO - Cur epoch 39 loss ccc:0.1218
2021-06-19 22:27:28,935 - utils.logger - INFO - Cur epoch 39 loss ccc:1.0015
2021-06-19 22:27:28,935 - utils.logger - INFO - saving the model at the end of epoch 39, iters 234
2021-06-19 22:27:29,388 - utils.logger - INFO - End of training epoch 39 / 70 	 Time Taken: 1 sec, Data loading: 0 sec
2021-06-19 22:27:29,388 - utils.logger - INFO - learning rate = 0.0003780
2021-06-19 22:27:29,834 - utils.logger - INFO - Trn result of epoch 39 / 70 mse 0.0807 rmse 0.2840 pcc 0.3614 ccc 0.0108
2021-06-19 22:27:29,996 - utils.logger - INFO - Val result of epoch 39 / 70 mse 0.0848 rmse 0.2912 pcc 0.3420 ccc 0.0101
2021-06-19 22:27:30,409 - utils.logger - INFO - Cur epoch 40 loss ccc:0.1268
2021-06-19 22:27:30,800 - utils.logger - INFO - Cur epoch 40 loss ccc:0.1101
2021-06-19 22:27:31,136 - utils.logger - INFO - Cur epoch 40 loss ccc:1.0277
2021-06-19 22:27:31,137 - utils.logger - INFO - saving the model at the end of epoch 40, iters 240
2021-06-19 22:27:31,569 - utils.logger - INFO - End of training epoch 40 / 70 	 Time Taken: 1 sec, Data loading: 0 sec
2021-06-19 22:27:31,570 - utils.logger - INFO - learning rate = 0.0003659
2021-06-19 22:27:32,029 - utils.logger - INFO - Trn result of epoch 40 / 70 mse 0.1059 rmse 0.3254 pcc 0.3594 ccc 0.0093
2021-06-19 22:27:32,185 - utils.logger - INFO - Val result of epoch 40 / 70 mse 0.1128 rmse 0.3359 pcc 0.3405 ccc 0.0085
2021-06-19 22:27:32,588 - utils.logger - INFO - Cur epoch 41 loss ccc:0.1187
2021-06-19 22:27:32,976 - utils.logger - INFO - Cur epoch 41 loss ccc:0.1100
2021-06-19 22:27:33,288 - utils.logger - INFO - Cur epoch 41 loss ccc:1.0087
2021-06-19 22:27:33,288 - utils.logger - INFO - saving the model at the end of epoch 41, iters 246
2021-06-19 22:27:33,540 - utils.logger - INFO - End of training epoch 41 / 70 	 Time Taken: 1 sec, Data loading: 0 sec
2021-06-19 22:27:33,540 - utils.logger - INFO - learning rate = 0.0003537
2021-06-19 22:27:33,953 - utils.logger - INFO - Trn result of epoch 41 / 70 mse 0.0956 rmse 0.3092 pcc 0.3607 ccc 0.0101
2021-06-19 22:27:34,100 - utils.logger - INFO - Val result of epoch 41 / 70 mse 0.1015 rmse 0.3186 pcc 0.3415 ccc 0.0092
2021-06-19 22:27:34,500 - utils.logger - INFO - Cur epoch 42 loss ccc:0.1281
2021-06-19 22:27:34,920 - utils.logger - INFO - Cur epoch 42 loss ccc:0.1141
2021-06-19 22:27:35,260 - utils.logger - INFO - Cur epoch 42 loss ccc:0.9926
2021-06-19 22:27:35,260 - utils.logger - INFO - saving the model at the end of epoch 42, iters 252
2021-06-19 22:27:35,511 - utils.logger - INFO - End of training epoch 42 / 70 	 Time Taken: 1 sec, Data loading: 0 sec
2021-06-19 22:27:35,511 - utils.logger - INFO - learning rate = 0.0003415
2021-06-19 22:27:35,926 - utils.logger - INFO - Trn result of epoch 42 / 70 mse 0.0438 rmse 0.2094 pcc 0.3654 ccc 0.0123
2021-06-19 22:27:36,067 - utils.logger - INFO - Val result of epoch 42 / 70 mse 0.0396 rmse 0.1989 pcc 0.3485 ccc 0.0138
2021-06-19 22:27:36,471 - utils.logger - INFO - Cur epoch 43 loss ccc:0.1229
2021-06-19 22:27:36,872 - utils.logger - INFO - Cur epoch 43 loss ccc:0.1272
2021-06-19 22:27:37,212 - utils.logger - INFO - Cur epoch 43 loss ccc:0.9835
2021-06-19 22:27:37,213 - utils.logger - INFO - saving the model at the end of epoch 43, iters 258
2021-06-19 22:27:37,454 - utils.logger - INFO - End of training epoch 43 / 70 	 Time Taken: 1 sec, Data loading: 0 sec
2021-06-19 22:27:37,454 - utils.logger - INFO - learning rate = 0.0003293
2021-06-19 22:27:37,867 - utils.logger - INFO - Trn result of epoch 43 / 70 mse 0.0737 rmse 0.2715 pcc 0.3641 ccc 0.0134
2021-06-19 22:27:38,011 - utils.logger - INFO - Val result of epoch 43 / 70 mse 0.0769 rmse 0.2773 pcc 0.3452 ccc 0.0127
2021-06-19 22:27:38,437 - utils.logger - INFO - Cur epoch 44 loss ccc:0.1149
2021-06-19 22:27:38,847 - utils.logger - INFO - Cur epoch 44 loss ccc:0.1169
2021-06-19 22:27:39,172 - utils.logger - INFO - Cur epoch 44 loss ccc:0.9988
2021-06-19 22:27:39,172 - utils.logger - INFO - saving the model at the end of epoch 44, iters 264
2021-06-19 22:27:39,576 - utils.logger - INFO - End of training epoch 44 / 70 	 Time Taken: 1 sec, Data loading: 0 sec
2021-06-19 22:27:39,576 - utils.logger - INFO - learning rate = 0.0003171
2021-06-19 22:27:40,043 - utils.logger - INFO - Trn result of epoch 44 / 70 mse 0.0738 rmse 0.2717 pcc 0.3571 ccc 0.0159
2021-06-19 22:27:40,203 - utils.logger - INFO - Val result of epoch 44 / 70 mse 0.0768 rmse 0.2771 pcc 0.3467 ccc 0.0166
2021-06-19 22:27:40,610 - utils.logger - INFO - Cur epoch 45 loss ccc:0.1094
2021-06-19 22:27:41,042 - utils.logger - INFO - Cur epoch 45 loss ccc:0.1315
2021-06-19 22:27:41,380 - utils.logger - INFO - Cur epoch 45 loss ccc:0.9857
2021-06-19 22:27:41,380 - utils.logger - INFO - saving the model at the end of epoch 45, iters 270
2021-06-19 22:27:41,633 - utils.logger - INFO - End of training epoch 45 / 70 	 Time Taken: 1 sec, Data loading: 0 sec
2021-06-19 22:27:41,633 - utils.logger - INFO - learning rate = 0.0003049
2021-06-19 22:27:42,086 - utils.logger - INFO - Trn result of epoch 45 / 70 mse 0.1533 rmse 0.3915 pcc 0.3538 ccc 0.0100
2021-06-19 22:27:42,246 - utils.logger - INFO - Val result of epoch 45 / 70 mse 0.1636 rmse 0.4045 pcc 0.3438 ccc 0.0102
2021-06-19 22:27:42,654 - utils.logger - INFO - Cur epoch 46 loss ccc:0.1250
2021-06-19 22:27:43,053 - utils.logger - INFO - Cur epoch 46 loss ccc:0.1150
2021-06-19 22:27:43,363 - utils.logger - INFO - Cur epoch 46 loss ccc:1.0022
2021-06-19 22:27:43,364 - utils.logger - INFO - saving the model at the end of epoch 46, iters 276
2021-06-19 22:27:43,657 - utils.logger - INFO - End of training epoch 46 / 70 	 Time Taken: 1 sec, Data loading: 0 sec
2021-06-19 22:27:43,657 - utils.logger - INFO - learning rate = 0.0002927
2021-06-19 22:27:44,085 - utils.logger - INFO - Trn result of epoch 46 / 70 mse 0.1418 rmse 0.3766 pcc 0.3547 ccc 0.0118
2021-06-19 22:27:44,231 - utils.logger - INFO - Val result of epoch 46 / 70 mse 0.1512 rmse 0.3888 pcc 0.3450 ccc 0.0121
2021-06-19 22:27:44,632 - utils.logger - INFO - Cur epoch 47 loss ccc:0.1247
2021-06-19 22:27:45,027 - utils.logger - INFO - Cur epoch 47 loss ccc:0.1145
2021-06-19 22:27:45,351 - utils.logger - INFO - Cur epoch 47 loss ccc:0.9996
2021-06-19 22:27:45,351 - utils.logger - INFO - saving the model at the end of epoch 47, iters 282
2021-06-19 22:27:45,610 - utils.logger - INFO - End of training epoch 47 / 70 	 Time Taken: 1 sec, Data loading: 0 sec
2021-06-19 22:27:45,610 - utils.logger - INFO - learning rate = 0.0002805
2021-06-19 22:27:46,075 - utils.logger - INFO - Trn result of epoch 47 / 70 mse 0.1338 rmse 0.3658 pcc 0.3547 ccc 0.0121
2021-06-19 22:27:46,234 - utils.logger - INFO - Val result of epoch 47 / 70 mse 0.1425 rmse 0.3775 pcc 0.3449 ccc 0.0125
2021-06-19 22:27:46,635 - utils.logger - INFO - Cur epoch 48 loss ccc:0.1396
2021-06-19 22:27:47,021 - utils.logger - INFO - Cur epoch 48 loss ccc:0.1289
2021-06-19 22:27:47,355 - utils.logger - INFO - Cur epoch 48 loss ccc:1.0142
2021-06-19 22:27:47,356 - utils.logger - INFO - saving the model at the end of epoch 48, iters 288
2021-06-19 22:27:47,601 - utils.logger - INFO - End of training epoch 48 / 70 	 Time Taken: 1 sec, Data loading: 0 sec
2021-06-19 22:27:47,601 - utils.logger - INFO - learning rate = 0.0002683
2021-06-19 22:27:48,015 - utils.logger - INFO - Trn result of epoch 48 / 70 mse 0.1280 rmse 0.3578 pcc 0.3532 ccc 0.0114
2021-06-19 22:27:48,156 - utils.logger - INFO - Val result of epoch 48 / 70 mse 0.1364 rmse 0.3693 pcc 0.3441 ccc 0.0117
2021-06-19 22:27:48,564 - utils.logger - INFO - Cur epoch 49 loss ccc:0.1306
2021-06-19 22:27:48,957 - utils.logger - INFO - Cur epoch 49 loss ccc:0.1114
2021-06-19 22:27:49,276 - utils.logger - INFO - Cur epoch 49 loss ccc:0.9927
2021-06-19 22:27:49,276 - utils.logger - INFO - saving the model at the end of epoch 49, iters 294
2021-06-19 22:27:49,525 - utils.logger - INFO - End of training epoch 49 / 70 	 Time Taken: 1 sec, Data loading: 0 sec
2021-06-19 22:27:49,525 - utils.logger - INFO - learning rate = 0.0002561
2021-06-19 22:27:49,949 - utils.logger - INFO - Trn result of epoch 49 / 70 mse 0.1391 rmse 0.3730 pcc 0.3524 ccc 0.0108
2021-06-19 22:27:50,094 - utils.logger - INFO - Val result of epoch 49 / 70 mse 0.1483 rmse 0.3851 pcc 0.3429 ccc 0.0111
2021-06-19 22:27:50,497 - utils.logger - INFO - Cur epoch 50 loss ccc:0.1353
2021-06-19 22:27:50,890 - utils.logger - INFO - Cur epoch 50 loss ccc:0.1248
2021-06-19 22:27:51,205 - utils.logger - INFO - Cur epoch 50 loss ccc:1.0000
2021-06-19 22:27:51,205 - utils.logger - INFO - saving the model at the end of epoch 50, iters 300
2021-06-19 22:27:51,480 - utils.logger - INFO - End of training epoch 50 / 70 	 Time Taken: 1 sec, Data loading: 0 sec
2021-06-19 22:27:51,480 - utils.logger - INFO - learning rate = 0.0002439
2021-06-19 22:27:51,894 - utils.logger - INFO - Trn result of epoch 50 / 70 mse 0.1489 rmse 0.3858 pcc 0.3469 ccc 0.0071
2021-06-19 22:27:52,034 - utils.logger - INFO - Val result of epoch 50 / 70 mse 0.1592 rmse 0.3990 pcc 0.3376 ccc 0.0071
2021-06-19 22:27:52,424 - utils.logger - INFO - Cur epoch 51 loss ccc:0.1248
2021-06-19 22:27:52,824 - utils.logger - INFO - Cur epoch 51 loss ccc:0.1272
2021-06-19 22:27:53,152 - utils.logger - INFO - Cur epoch 51 loss ccc:0.9891
2021-06-19 22:27:53,152 - utils.logger - INFO - saving the model at the end of epoch 51, iters 306
2021-06-19 22:27:53,388 - utils.logger - INFO - End of training epoch 51 / 70 	 Time Taken: 1 sec, Data loading: 0 sec
2021-06-19 22:27:53,388 - utils.logger - INFO - learning rate = 0.0002317
2021-06-19 22:27:53,797 - utils.logger - INFO - Trn result of epoch 51 / 70 mse 0.1266 rmse 0.3558 pcc 0.3481 ccc 0.0080
2021-06-19 22:27:53,935 - utils.logger - INFO - Val result of epoch 51 / 70 mse 0.1351 rmse 0.3676 pcc 0.3382 ccc 0.0080
2021-06-19 22:27:54,331 - utils.logger - INFO - Cur epoch 52 loss ccc:0.1174
2021-06-19 22:27:54,736 - utils.logger - INFO - Cur epoch 52 loss ccc:0.1247
2021-06-19 22:27:55,090 - utils.logger - INFO - Cur epoch 52 loss ccc:1.0016
2021-06-19 22:27:55,090 - utils.logger - INFO - saving the model at the end of epoch 52, iters 312
2021-06-19 22:27:55,353 - utils.logger - INFO - End of training epoch 52 / 70 	 Time Taken: 1 sec, Data loading: 0 sec
2021-06-19 22:27:55,353 - utils.logger - INFO - learning rate = 0.0002195
2021-06-19 22:27:55,762 - utils.logger - INFO - Trn result of epoch 52 / 70 mse 0.1200 rmse 0.3464 pcc 0.3489 ccc 0.0083
2021-06-19 22:27:55,926 - utils.logger - INFO - Val result of epoch 52 / 70 mse 0.1280 rmse 0.3578 pcc 0.3386 ccc 0.0083
2021-06-19 22:27:56,355 - utils.logger - INFO - Cur epoch 53 loss ccc:0.1158
2021-06-19 22:27:56,794 - utils.logger - INFO - Cur epoch 53 loss ccc:0.1237
2021-06-19 22:27:57,147 - utils.logger - INFO - Cur epoch 53 loss ccc:1.0037
2021-06-19 22:27:57,147 - utils.logger - INFO - saving the model at the end of epoch 53, iters 318
2021-06-19 22:27:57,397 - utils.logger - INFO - End of training epoch 53 / 70 	 Time Taken: 1 sec, Data loading: 0 sec
2021-06-19 22:27:57,397 - utils.logger - INFO - learning rate = 0.0002073
2021-06-19 22:27:57,811 - utils.logger - INFO - Trn result of epoch 53 / 70 mse 0.1460 rmse 0.3820 pcc 0.3467 ccc 0.0075
2021-06-19 22:27:57,954 - utils.logger - INFO - Val result of epoch 53 / 70 mse 0.1560 rmse 0.3950 pcc 0.3377 ccc 0.0075
2021-06-19 22:27:58,364 - utils.logger - INFO - Cur epoch 54 loss ccc:0.1146
2021-06-19 22:27:58,768 - utils.logger - INFO - Cur epoch 54 loss ccc:0.1247
2021-06-19 22:27:59,082 - utils.logger - INFO - Cur epoch 54 loss ccc:1.0010
2021-06-19 22:27:59,082 - utils.logger - INFO - saving the model at the end of epoch 54, iters 324
2021-06-19 22:27:59,323 - utils.logger - INFO - End of training epoch 54 / 70 	 Time Taken: 1 sec, Data loading: 0 sec
2021-06-19 22:27:59,323 - utils.logger - INFO - learning rate = 0.0001951
2021-06-19 22:27:59,732 - utils.logger - INFO - Trn result of epoch 54 / 70 mse 0.1393 rmse 0.3732 pcc 0.3460 ccc 0.0074
2021-06-19 22:27:59,874 - utils.logger - INFO - Val result of epoch 54 / 70 mse 0.1487 rmse 0.3856 pcc 0.3378 ccc 0.0076
2021-06-19 22:28:00,288 - utils.logger - INFO - Cur epoch 55 loss ccc:0.1115
2021-06-19 22:28:00,695 - utils.logger - INFO - Cur epoch 55 loss ccc:0.1215
2021-06-19 22:28:01,021 - utils.logger - INFO - Cur epoch 55 loss ccc:0.9995
2021-06-19 22:28:01,022 - utils.logger - INFO - saving the model at the end of epoch 55, iters 330
2021-06-19 22:28:01,399 - utils.logger - INFO - End of training epoch 55 / 70 	 Time Taken: 1 sec, Data loading: 0 sec
2021-06-19 22:28:01,399 - utils.logger - INFO - learning rate = 0.0001829
2021-06-19 22:28:01,823 - utils.logger - INFO - Trn result of epoch 55 / 70 mse 0.1353 rmse 0.3678 pcc 0.3464 ccc 0.0078
2021-06-19 22:28:01,988 - utils.logger - INFO - Val result of epoch 55 / 70 mse 0.1444 rmse 0.3800 pcc 0.3384 ccc 0.0080
2021-06-19 22:28:02,416 - utils.logger - INFO - Cur epoch 56 loss ccc:0.1249
2021-06-19 22:28:02,856 - utils.logger - INFO - Cur epoch 56 loss ccc:0.1112
2021-06-19 22:28:03,209 - utils.logger - INFO - Cur epoch 56 loss ccc:1.0047
2021-06-19 22:28:03,210 - utils.logger - INFO - saving the model at the end of epoch 56, iters 336
2021-06-19 22:28:03,468 - utils.logger - INFO - End of training epoch 56 / 70 	 Time Taken: 1 sec, Data loading: 0 sec
2021-06-19 22:28:03,468 - utils.logger - INFO - learning rate = 0.0001707
2021-06-19 22:28:03,939 - utils.logger - INFO - Trn result of epoch 56 / 70 mse 0.1253 rmse 0.3540 pcc 0.3489 ccc 0.0090
2021-06-19 22:28:04,106 - utils.logger - INFO - Val result of epoch 56 / 70 mse 0.1335 rmse 0.3654 pcc 0.3406 ccc 0.0093
2021-06-19 22:28:04,539 - utils.logger - INFO - Cur epoch 57 loss ccc:0.1250
2021-06-19 22:28:04,954 - utils.logger - INFO - Cur epoch 57 loss ccc:0.1104
2021-06-19 22:28:05,301 - utils.logger - INFO - Cur epoch 57 loss ccc:1.0005
2021-06-19 22:28:05,301 - utils.logger - INFO - saving the model at the end of epoch 57, iters 342
2021-06-19 22:28:05,587 - utils.logger - INFO - End of training epoch 57 / 70 	 Time Taken: 1 sec, Data loading: 0 sec
2021-06-19 22:28:05,587 - utils.logger - INFO - learning rate = 0.0001585
2021-06-19 22:28:06,004 - utils.logger - INFO - Trn result of epoch 57 / 70 mse 0.1140 rmse 0.3377 pcc 0.3500 ccc 0.0098
2021-06-19 22:28:06,150 - utils.logger - INFO - Val result of epoch 57 / 70 mse 0.1213 rmse 0.3483 pcc 0.3414 ccc 0.0102
2021-06-19 22:28:06,544 - utils.logger - INFO - Cur epoch 58 loss ccc:0.1247
2021-06-19 22:28:06,915 - utils.logger - INFO - Cur epoch 58 loss ccc:0.1120
2021-06-19 22:28:07,256 - utils.logger - INFO - Cur epoch 58 loss ccc:1.0052
2021-06-19 22:28:07,256 - utils.logger - INFO - saving the model at the end of epoch 58, iters 348
2021-06-19 22:28:07,504 - utils.logger - INFO - End of training epoch 58 / 70 	 Time Taken: 1 sec, Data loading: 0 sec
2021-06-19 22:28:07,504 - utils.logger - INFO - learning rate = 0.0001463
2021-06-19 22:28:07,920 - utils.logger - INFO - Trn result of epoch 58 / 70 mse 0.1256 rmse 0.3543 pcc 0.3505 ccc 0.0101
2021-06-19 22:28:08,063 - utils.logger - INFO - Val result of epoch 58 / 70 mse 0.1337 rmse 0.3656 pcc 0.3425 ccc 0.0105
2021-06-19 22:28:08,464 - utils.logger - INFO - Cur epoch 59 loss ccc:0.1309
2021-06-19 22:28:08,858 - utils.logger - INFO - Cur epoch 59 loss ccc:0.1126
2021-06-19 22:28:09,175 - utils.logger - INFO - Cur epoch 59 loss ccc:0.9764
2021-06-19 22:28:09,175 - utils.logger - INFO - saving the model at the end of epoch 59, iters 354
2021-06-19 22:28:09,417 - utils.logger - INFO - End of training epoch 59 / 70 	 Time Taken: 1 sec, Data loading: 0 sec
2021-06-19 22:28:09,417 - utils.logger - INFO - learning rate = 0.0001341
2021-06-19 22:28:09,838 - utils.logger - INFO - Trn result of epoch 59 / 70 mse 0.1492 rmse 0.3863 pcc 0.3498 ccc 0.0090
2021-06-19 22:28:09,983 - utils.logger - INFO - Val result of epoch 59 / 70 mse 0.1592 rmse 0.3989 pcc 0.3416 ccc 0.0094
2021-06-19 22:28:10,377 - utils.logger - INFO - Cur epoch 60 loss ccc:0.1133
2021-06-19 22:28:10,772 - utils.logger - INFO - Cur epoch 60 loss ccc:0.1052
2021-06-19 22:28:11,088 - utils.logger - INFO - Cur epoch 60 loss ccc:0.9706
2021-06-19 22:28:11,088 - utils.logger - INFO - saving the model at the end of epoch 60, iters 360
2021-06-19 22:28:11,337 - utils.logger - INFO - End of training epoch 60 / 70 	 Time Taken: 1 sec, Data loading: 0 sec
2021-06-19 22:28:11,338 - utils.logger - INFO - learning rate = 0.0001220
2021-06-19 22:28:11,751 - utils.logger - INFO - Trn result of epoch 60 / 70 mse 0.1170 rmse 0.3420 pcc 0.3514 ccc 0.0107
2021-06-19 22:28:11,896 - utils.logger - INFO - Val result of epoch 60 / 70 mse 0.1244 rmse 0.3527 pcc 0.3429 ccc 0.0111
2021-06-19 22:28:12,291 - utils.logger - INFO - Cur epoch 61 loss ccc:0.1282
2021-06-19 22:28:12,688 - utils.logger - INFO - Cur epoch 61 loss ccc:0.1121
2021-06-19 22:28:13,002 - utils.logger - INFO - Cur epoch 61 loss ccc:1.0031
2021-06-19 22:28:13,002 - utils.logger - INFO - saving the model at the end of epoch 61, iters 366
2021-06-19 22:28:13,264 - utils.logger - INFO - End of training epoch 61 / 70 	 Time Taken: 1 sec, Data loading: 0 sec
2021-06-19 22:28:13,264 - utils.logger - INFO - learning rate = 0.0001098
2021-06-19 22:28:13,705 - utils.logger - INFO - Trn result of epoch 61 / 70 mse 0.1151 rmse 0.3393 pcc 0.3531 ccc 0.0112
2021-06-19 22:28:13,849 - utils.logger - INFO - Val result of epoch 61 / 70 mse 0.1223 rmse 0.3498 pcc 0.3438 ccc 0.0116
2021-06-19 22:28:14,262 - utils.logger - INFO - Cur epoch 62 loss ccc:0.1205
2021-06-19 22:28:14,679 - utils.logger - INFO - Cur epoch 62 loss ccc:0.1111
2021-06-19 22:28:15,018 - utils.logger - INFO - Cur epoch 62 loss ccc:0.9944
2021-06-19 22:28:15,019 - utils.logger - INFO - saving the model at the end of epoch 62, iters 372
2021-06-19 22:28:15,258 - utils.logger - INFO - End of training epoch 62 / 70 	 Time Taken: 1 sec, Data loading: 0 sec
2021-06-19 22:28:15,258 - utils.logger - INFO - learning rate = 0.0000976
2021-06-19 22:28:15,685 - utils.logger - INFO - Trn result of epoch 62 / 70 mse 0.1152 rmse 0.3395 pcc 0.3518 ccc 0.0105
2021-06-19 22:28:15,843 - utils.logger - INFO - Val result of epoch 62 / 70 mse 0.1225 rmse 0.3501 pcc 0.3433 ccc 0.0109
2021-06-19 22:28:16,244 - utils.logger - INFO - Cur epoch 63 loss ccc:0.1134
2021-06-19 22:28:16,630 - utils.logger - INFO - Cur epoch 63 loss ccc:0.1266
2021-06-19 22:28:16,952 - utils.logger - INFO - Cur epoch 63 loss ccc:0.9981
2021-06-19 22:28:16,952 - utils.logger - INFO - saving the model at the end of epoch 63, iters 378
2021-06-19 22:28:17,215 - utils.logger - INFO - End of training epoch 63 / 70 	 Time Taken: 1 sec, Data loading: 0 sec
2021-06-19 22:28:17,216 - utils.logger - INFO - learning rate = 0.0000854
2021-06-19 22:28:17,666 - utils.logger - INFO - Trn result of epoch 63 / 70 mse 0.1123 rmse 0.3351 pcc 0.3520 ccc 0.0108
2021-06-19 22:28:17,820 - utils.logger - INFO - Val result of epoch 63 / 70 mse 0.1193 rmse 0.3454 pcc 0.3434 ccc 0.0112
2021-06-19 22:28:18,217 - utils.logger - INFO - Cur epoch 64 loss ccc:0.1244
2021-06-19 22:28:18,606 - utils.logger - INFO - Cur epoch 64 loss ccc:0.1142
2021-06-19 22:28:18,901 - utils.logger - INFO - Cur epoch 64 loss ccc:1.0465
2021-06-19 22:28:18,901 - utils.logger - INFO - saving the model at the end of epoch 64, iters 384
2021-06-19 22:28:19,143 - utils.logger - INFO - End of training epoch 64 / 70 	 Time Taken: 1 sec, Data loading: 0 sec
2021-06-19 22:28:19,144 - utils.logger - INFO - learning rate = 0.0000732
2021-06-19 22:28:19,557 - utils.logger - INFO - Trn result of epoch 64 / 70 mse 0.1067 rmse 0.3267 pcc 0.3524 ccc 0.0113
2021-06-19 22:28:19,700 - utils.logger - INFO - Val result of epoch 64 / 70 mse 0.1132 rmse 0.3365 pcc 0.3439 ccc 0.0118
2021-06-19 22:28:20,088 - utils.logger - INFO - Cur epoch 65 loss ccc:0.0986
2021-06-19 22:28:20,472 - utils.logger - INFO - Cur epoch 65 loss ccc:0.1249
2021-06-19 22:28:20,790 - utils.logger - INFO - Cur epoch 65 loss ccc:0.9998
2021-06-19 22:28:20,790 - utils.logger - INFO - saving the model at the end of epoch 65, iters 390
2021-06-19 22:28:21,029 - utils.logger - INFO - End of training epoch 65 / 70 	 Time Taken: 1 sec, Data loading: 0 sec
2021-06-19 22:28:21,029 - utils.logger - INFO - learning rate = 0.0000610
2021-06-19 22:28:21,450 - utils.logger - INFO - Trn result of epoch 65 / 70 mse 0.0958 rmse 0.3095 pcc 0.3532 ccc 0.0122
2021-06-19 22:28:21,593 - utils.logger - INFO - Val result of epoch 65 / 70 mse 0.1013 rmse 0.3182 pcc 0.3443 ccc 0.0127
2021-06-19 22:28:21,994 - utils.logger - INFO - Cur epoch 66 loss ccc:0.0987
2021-06-19 22:28:22,382 - utils.logger - INFO - Cur epoch 66 loss ccc:0.1226
2021-06-19 22:28:22,690 - utils.logger - INFO - Cur epoch 66 loss ccc:1.0012
2021-06-19 22:28:22,690 - utils.logger - INFO - saving the model at the end of epoch 66, iters 396
2021-06-19 22:28:23,121 - utils.logger - INFO - End of training epoch 66 / 70 	 Time Taken: 1 sec, Data loading: 0 sec
2021-06-19 22:28:23,121 - utils.logger - INFO - learning rate = 0.0000488
2021-06-19 22:28:23,560 - utils.logger - INFO - Trn result of epoch 66 / 70 mse 0.0905 rmse 0.3009 pcc 0.3534 ccc 0.0127
2021-06-19 22:28:23,705 - utils.logger - INFO - Val result of epoch 66 / 70 mse 0.0955 rmse 0.3090 pcc 0.3446 ccc 0.0133
2021-06-19 22:28:24,129 - utils.logger - INFO - Cur epoch 67 loss ccc:0.1137
2021-06-19 22:28:24,543 - utils.logger - INFO - Cur epoch 67 loss ccc:0.1248
2021-06-19 22:28:24,876 - utils.logger - INFO - Cur epoch 67 loss ccc:0.9947
2021-06-19 22:28:24,876 - utils.logger - INFO - saving the model at the end of epoch 67, iters 402
2021-06-19 22:28:25,129 - utils.logger - INFO - End of training epoch 67 / 70 	 Time Taken: 1 sec, Data loading: 0 sec
2021-06-19 22:28:25,129 - utils.logger - INFO - learning rate = 0.0000366
2021-06-19 22:28:25,548 - utils.logger - INFO - Trn result of epoch 67 / 70 mse 0.0857 rmse 0.2927 pcc 0.3539 ccc 0.0137
2021-06-19 22:28:25,700 - utils.logger - INFO - Val result of epoch 67 / 70 mse 0.0900 rmse 0.3001 pcc 0.3450 ccc 0.0145
2021-06-19 22:28:26,110 - utils.logger - INFO - Cur epoch 68 loss ccc:0.1250
2021-06-19 22:28:26,512 - utils.logger - INFO - Cur epoch 68 loss ccc:0.1370
2021-06-19 22:28:26,845 - utils.logger - INFO - Cur epoch 68 loss ccc:1.0232
2021-06-19 22:28:26,846 - utils.logger - INFO - saving the model at the end of epoch 68, iters 408
2021-06-19 22:28:27,084 - utils.logger - INFO - End of training epoch 68 / 70 	 Time Taken: 1 sec, Data loading: 0 sec
2021-06-19 22:28:27,084 - utils.logger - INFO - learning rate = 0.0000244
2021-06-19 22:28:27,498 - utils.logger - INFO - Trn result of epoch 68 / 70 mse 0.0855 rmse 0.2924 pcc 0.3539 ccc 0.0138
2021-06-19 22:28:27,638 - utils.logger - INFO - Val result of epoch 68 / 70 mse 0.0898 rmse 0.2997 pcc 0.3450 ccc 0.0146
2021-06-19 22:28:28,043 - utils.logger - INFO - Cur epoch 69 loss ccc:0.1027
2021-06-19 22:28:28,476 - utils.logger - INFO - Cur epoch 69 loss ccc:0.1300
2021-06-19 22:28:28,805 - utils.logger - INFO - Cur epoch 69 loss ccc:1.0560
2021-06-19 22:28:28,806 - utils.logger - INFO - saving the model at the end of epoch 69, iters 414
2021-06-19 22:28:29,056 - utils.logger - INFO - End of training epoch 69 / 70 	 Time Taken: 1 sec, Data loading: 0 sec
2021-06-19 22:28:29,056 - utils.logger - INFO - learning rate = 0.0000122
2021-06-19 22:28:29,493 - utils.logger - INFO - Trn result of epoch 69 / 70 mse 0.0884 rmse 0.2973 pcc 0.3537 ccc 0.0134
2021-06-19 22:28:29,657 - utils.logger - INFO - Val result of epoch 69 / 70 mse 0.0930 rmse 0.3050 pcc 0.3449 ccc 0.0141
2021-06-19 22:28:30,056 - utils.logger - INFO - Cur epoch 70 loss ccc:0.1196
2021-06-19 22:28:30,442 - utils.logger - INFO - Cur epoch 70 loss ccc:0.1171
2021-06-19 22:28:30,752 - utils.logger - INFO - Cur epoch 70 loss ccc:0.9232
2021-06-19 22:28:30,752 - utils.logger - INFO - saving the model at the end of epoch 70, iters 420
2021-06-19 22:28:30,987 - utils.logger - INFO - End of training epoch 70 / 70 	 Time Taken: 1 sec, Data loading: 0 sec
2021-06-19 22:28:30,987 - utils.logger - INFO - learning rate = 0.0000000
2021-06-19 22:28:31,399 - utils.logger - INFO - Trn result of epoch 70 / 70 mse 0.0887 rmse 0.2979 pcc 0.3536 ccc 0.0133
2021-06-19 22:28:31,544 - utils.logger - INFO - Val result of epoch 70 / 70 mse 0.0934 rmse 0.3057 pcc 0.3447 ccc 0.0140
2021-06-19 22:28:31,544 - utils.logger - INFO - Best eval epoch 4 found with ccc 0.365465
2021-06-19 22:28:31,544 - utils.logger - INFO - baseline_fcfusion_wonorm_wav2vec-egemaps_valence_hidden1024_seq100_lr0.0005_cccloss_run2
