2021-06-19 20:40:36,573 - utils.logger - INFO - The number of training samples = 41
2021-06-19 20:40:39,185 - utils.logger - INFO - Cur epoch 1 loss ccc:0.1232
2021-06-19 20:40:39,608 - utils.logger - INFO - Cur epoch 1 loss ccc:0.1265
2021-06-19 20:40:39,994 - utils.logger - INFO - Cur epoch 1 loss ccc:0.9993
2021-06-19 20:40:39,994 - utils.logger - INFO - saving the model at the end of epoch 1, iters 6
2021-06-19 20:40:40,262 - utils.logger - INFO - End of training epoch 1 / 70 	 Time Taken: 1 sec, Data loading: 0 sec
2021-06-19 20:40:40,263 - utils.logger - INFO - learning rate = 0.0000500
2021-06-19 20:40:40,729 - utils.logger - INFO - Trn result of epoch 1 / 70 mse 0.0895 rmse 0.2992 pcc 0.0243 ccc 0.0007
2021-06-19 20:40:40,888 - utils.logger - INFO - Val result of epoch 1 / 70 mse 0.0948 rmse 0.3079 pcc -0.0280 ccc -0.0009
2021-06-19 20:40:41,308 - utils.logger - INFO - Cur epoch 2 loss ccc:0.1234
2021-06-19 20:40:41,754 - utils.logger - INFO - Cur epoch 2 loss ccc:0.1261
2021-06-19 20:40:42,104 - utils.logger - INFO - Cur epoch 2 loss ccc:1.0002
2021-06-19 20:40:42,104 - utils.logger - INFO - saving the model at the end of epoch 2, iters 12
2021-06-19 20:40:42,307 - utils.logger - INFO - End of training epoch 2 / 70 	 Time Taken: 1 sec, Data loading: 0 sec
2021-06-19 20:40:42,307 - utils.logger - INFO - learning rate = 0.0000500
2021-06-19 20:40:42,746 - utils.logger - INFO - Trn result of epoch 2 / 70 mse 0.0903 rmse 0.3005 pcc 0.0543 ccc 0.0039
2021-06-19 20:40:42,905 - utils.logger - INFO - Val result of epoch 2 / 70 mse 0.0977 rmse 0.3126 pcc -0.0064 ccc -0.0005
2021-06-19 20:40:43,308 - utils.logger - INFO - Cur epoch 3 loss ccc:0.1209
2021-06-19 20:40:43,698 - utils.logger - INFO - Cur epoch 3 loss ccc:0.1215
2021-06-19 20:40:44,014 - utils.logger - INFO - Cur epoch 3 loss ccc:1.0008
2021-06-19 20:40:44,014 - utils.logger - INFO - saving the model at the end of epoch 3, iters 18
2021-06-19 20:40:44,165 - utils.logger - INFO - End of training epoch 3 / 70 	 Time Taken: 1 sec, Data loading: 0 sec
2021-06-19 20:40:44,165 - utils.logger - INFO - learning rate = 0.0000500
2021-06-19 20:40:44,576 - utils.logger - INFO - Trn result of epoch 3 / 70 mse 0.0944 rmse 0.3072 pcc 0.0606 ccc 0.0099
2021-06-19 20:40:44,716 - utils.logger - INFO - Val result of epoch 3 / 70 mse 0.1046 rmse 0.3234 pcc 0.0281 ccc 0.0052
2021-06-19 20:40:45,111 - utils.logger - INFO - Cur epoch 4 loss ccc:0.1101
2021-06-19 20:40:45,508 - utils.logger - INFO - Cur epoch 4 loss ccc:0.1266
2021-06-19 20:40:45,830 - utils.logger - INFO - Cur epoch 4 loss ccc:1.0007
2021-06-19 20:40:45,830 - utils.logger - INFO - saving the model at the end of epoch 4, iters 24
2021-06-19 20:40:45,981 - utils.logger - INFO - End of training epoch 4 / 70 	 Time Taken: 1 sec, Data loading: 0 sec
2021-06-19 20:40:45,981 - utils.logger - INFO - learning rate = 0.0000500
2021-06-19 20:40:46,400 - utils.logger - INFO - Trn result of epoch 4 / 70 mse 0.0928 rmse 0.3046 pcc 0.0718 ccc 0.0105
2021-06-19 20:40:46,558 - utils.logger - INFO - Val result of epoch 4 / 70 mse 0.1024 rmse 0.3200 pcc 0.0324 ccc 0.0054
2021-06-19 20:40:46,961 - utils.logger - INFO - Cur epoch 5 loss ccc:0.1198
2021-06-19 20:40:47,373 - utils.logger - INFO - Cur epoch 5 loss ccc:0.1238
2021-06-19 20:40:47,740 - utils.logger - INFO - Cur epoch 5 loss ccc:1.0268
2021-06-19 20:40:47,740 - utils.logger - INFO - saving the model at the end of epoch 5, iters 30
2021-06-19 20:40:48,096 - utils.logger - INFO - End of training epoch 5 / 70 	 Time Taken: 1 sec, Data loading: 0 sec
2021-06-19 20:40:48,096 - utils.logger - INFO - learning rate = 0.0000500
2021-06-19 20:40:48,525 - utils.logger - INFO - Trn result of epoch 5 / 70 mse 0.0893 rmse 0.2989 pcc 0.1243 ccc 0.0054
2021-06-19 20:40:48,688 - utils.logger - INFO - Val result of epoch 5 / 70 mse 0.0959 rmse 0.3096 pcc -0.0701 ccc -0.0029
2021-06-19 20:40:49,114 - utils.logger - INFO - Cur epoch 6 loss ccc:0.1208
2021-06-19 20:40:49,535 - utils.logger - INFO - Cur epoch 6 loss ccc:0.1229
2021-06-19 20:40:49,886 - utils.logger - INFO - Cur epoch 6 loss ccc:0.9743
2021-06-19 20:40:49,886 - utils.logger - INFO - saving the model at the end of epoch 6, iters 36
2021-06-19 20:40:50,091 - utils.logger - INFO - End of training epoch 6 / 70 	 Time Taken: 1 sec, Data loading: 0 sec
2021-06-19 20:40:50,091 - utils.logger - INFO - learning rate = 0.0000500
2021-06-19 20:40:50,529 - utils.logger - INFO - Trn result of epoch 6 / 70 mse 0.0897 rmse 0.2995 pcc 0.0320 ccc 0.0023
2021-06-19 20:40:50,820 - utils.logger - INFO - Val result of epoch 6 / 70 mse 0.0966 rmse 0.3109 pcc -0.0739 ccc -0.0061
2021-06-19 20:40:51,240 - utils.logger - INFO - Cur epoch 7 loss ccc:0.1250
2021-06-19 20:40:51,640 - utils.logger - INFO - Cur epoch 7 loss ccc:0.1247
2021-06-19 20:40:52,019 - utils.logger - INFO - Cur epoch 7 loss ccc:1.0250
2021-06-19 20:40:52,020 - utils.logger - INFO - saving the model at the end of epoch 7, iters 42
2021-06-19 20:40:52,264 - utils.logger - INFO - End of training epoch 7 / 70 	 Time Taken: 1 sec, Data loading: 0 sec
2021-06-19 20:40:52,264 - utils.logger - INFO - learning rate = 0.0000500
2021-06-19 20:40:52,686 - utils.logger - INFO - Trn result of epoch 7 / 70 mse 0.0904 rmse 0.3007 pcc 0.0270 ccc 0.0023
2021-06-19 20:40:52,837 - utils.logger - INFO - Val result of epoch 7 / 70 mse 0.0987 rmse 0.3142 pcc -0.0688 ccc -0.0066
2021-06-19 20:40:53,240 - utils.logger - INFO - Cur epoch 8 loss ccc:0.1229
2021-06-19 20:40:53,645 - utils.logger - INFO - Cur epoch 8 loss ccc:0.1304
2021-06-19 20:40:53,976 - utils.logger - INFO - Cur epoch 8 loss ccc:1.0343
2021-06-19 20:40:53,976 - utils.logger - INFO - saving the model at the end of epoch 8, iters 48
2021-06-19 20:40:54,292 - utils.logger - INFO - End of training epoch 8 / 70 	 Time Taken: 1 sec, Data loading: 0 sec
2021-06-19 20:40:54,293 - utils.logger - INFO - learning rate = 0.0000500
2021-06-19 20:40:54,711 - utils.logger - INFO - Trn result of epoch 8 / 70 mse 0.0904 rmse 0.3006 pcc 0.0192 ccc 0.0019
2021-06-19 20:40:54,856 - utils.logger - INFO - Val result of epoch 8 / 70 mse 0.0984 rmse 0.3137 pcc -0.0547 ccc -0.0060
2021-06-19 20:40:55,262 - utils.logger - INFO - Cur epoch 9 loss ccc:0.1309
2021-06-19 20:40:55,673 - utils.logger - INFO - Cur epoch 9 loss ccc:0.1245
2021-06-19 20:40:56,006 - utils.logger - INFO - Cur epoch 9 loss ccc:0.9788
2021-06-19 20:40:56,006 - utils.logger - INFO - saving the model at the end of epoch 9, iters 54
2021-06-19 20:40:56,244 - utils.logger - INFO - End of training epoch 9 / 70 	 Time Taken: 1 sec, Data loading: 0 sec
2021-06-19 20:40:56,244 - utils.logger - INFO - learning rate = 0.0000500
2021-06-19 20:40:56,705 - utils.logger - INFO - Trn result of epoch 9 / 70 mse 0.0905 rmse 0.3008 pcc 0.1011 ccc 0.0061
2021-06-19 20:40:56,869 - utils.logger - INFO - Val result of epoch 9 / 70 mse 0.0992 rmse 0.3150 pcc -0.0921 ccc -0.0053
2021-06-19 20:40:57,289 - utils.logger - INFO - Cur epoch 10 loss ccc:0.1262
2021-06-19 20:40:57,705 - utils.logger - INFO - Cur epoch 10 loss ccc:0.1251
2021-06-19 20:40:58,034 - utils.logger - INFO - Cur epoch 10 loss ccc:0.9987
2021-06-19 20:40:58,034 - utils.logger - INFO - saving the model at the end of epoch 10, iters 60
2021-06-19 20:40:58,277 - utils.logger - INFO - End of training epoch 10 / 70 	 Time Taken: 1 sec, Data loading: 0 sec
2021-06-19 20:40:58,277 - utils.logger - INFO - learning rate = 0.0000500
2021-06-19 20:40:58,697 - utils.logger - INFO - Trn result of epoch 10 / 70 mse 0.0903 rmse 0.3005 pcc 0.1198 ccc 0.0087
2021-06-19 20:40:58,848 - utils.logger - INFO - Val result of epoch 10 / 70 mse 0.0991 rmse 0.3147 pcc -0.0695 ccc -0.0047
2021-06-19 20:40:59,255 - utils.logger - INFO - Cur epoch 11 loss ccc:0.1249
2021-06-19 20:40:59,645 - utils.logger - INFO - Cur epoch 11 loss ccc:0.1169
2021-06-19 20:40:59,967 - utils.logger - INFO - Cur epoch 11 loss ccc:1.0015
2021-06-19 20:40:59,967 - utils.logger - INFO - saving the model at the end of epoch 11, iters 66
2021-06-19 20:41:00,215 - utils.logger - INFO - End of training epoch 11 / 70 	 Time Taken: 1 sec, Data loading: 0 sec
2021-06-19 20:41:00,215 - utils.logger - INFO - learning rate = 0.0000500
2021-06-19 20:41:00,630 - utils.logger - INFO - Trn result of epoch 11 / 70 mse 0.0909 rmse 0.3015 pcc 0.1130 ccc 0.0090
2021-06-19 20:41:00,771 - utils.logger - INFO - Val result of epoch 11 / 70 mse 0.1002 rmse 0.3166 pcc -0.0747 ccc -0.0056
2021-06-19 20:41:01,171 - utils.logger - INFO - Cur epoch 12 loss ccc:0.1264
2021-06-19 20:41:01,563 - utils.logger - INFO - Cur epoch 12 loss ccc:0.1128
2021-06-19 20:41:01,890 - utils.logger - INFO - Cur epoch 12 loss ccc:1.0004
2021-06-19 20:41:01,890 - utils.logger - INFO - saving the model at the end of epoch 12, iters 72
2021-06-19 20:41:02,131 - utils.logger - INFO - End of training epoch 12 / 70 	 Time Taken: 1 sec, Data loading: 0 sec
2021-06-19 20:41:02,131 - utils.logger - INFO - learning rate = 0.0000500
2021-06-19 20:41:02,552 - utils.logger - INFO - Trn result of epoch 12 / 70 mse 0.0910 rmse 0.3016 pcc 0.0991 ccc 0.0103
2021-06-19 20:41:02,812 - utils.logger - INFO - Val result of epoch 12 / 70 mse 0.1002 rmse 0.3165 pcc -0.0280 ccc -0.0030
2021-06-19 20:41:03,207 - utils.logger - INFO - Cur epoch 13 loss ccc:0.1256
2021-06-19 20:41:03,625 - utils.logger - INFO - Cur epoch 13 loss ccc:0.1006
2021-06-19 20:41:03,958 - utils.logger - INFO - Cur epoch 13 loss ccc:1.0005
2021-06-19 20:41:03,958 - utils.logger - INFO - saving the model at the end of epoch 13, iters 78
2021-06-19 20:41:04,137 - utils.logger - INFO - End of training epoch 13 / 70 	 Time Taken: 1 sec, Data loading: 0 sec
2021-06-19 20:41:04,137 - utils.logger - INFO - learning rate = 0.0000500
2021-06-19 20:41:04,547 - utils.logger - INFO - Trn result of epoch 13 / 70 mse 0.0911 rmse 0.3019 pcc 0.0974 ccc 0.0109
2021-06-19 20:41:04,693 - utils.logger - INFO - Val result of epoch 13 / 70 mse 0.1006 rmse 0.3172 pcc -0.0374 ccc -0.0042
2021-06-19 20:41:05,086 - utils.logger - INFO - Cur epoch 14 loss ccc:0.1110
2021-06-19 20:41:05,488 - utils.logger - INFO - Cur epoch 14 loss ccc:0.1029
2021-06-19 20:41:05,805 - utils.logger - INFO - Cur epoch 14 loss ccc:1.0042
2021-06-19 20:41:05,805 - utils.logger - INFO - saving the model at the end of epoch 14, iters 84
2021-06-19 20:41:06,016 - utils.logger - INFO - End of training epoch 14 / 70 	 Time Taken: 1 sec, Data loading: 0 sec
2021-06-19 20:41:06,016 - utils.logger - INFO - learning rate = 0.0000500
2021-06-19 20:41:06,428 - utils.logger - INFO - Trn result of epoch 14 / 70 mse 0.0915 rmse 0.3024 pcc 0.1076 ccc 0.0132
2021-06-19 20:41:06,570 - utils.logger - INFO - Val result of epoch 14 / 70 mse 0.1014 rmse 0.3185 pcc -0.0406 ccc -0.0049
2021-06-19 20:41:06,959 - utils.logger - INFO - Cur epoch 15 loss ccc:0.1142
2021-06-19 20:41:07,350 - utils.logger - INFO - Cur epoch 15 loss ccc:0.1250
2021-06-19 20:41:07,674 - utils.logger - INFO - Cur epoch 15 loss ccc:0.9997
2021-06-19 20:41:07,674 - utils.logger - INFO - saving the model at the end of epoch 15, iters 90
2021-06-19 20:41:07,860 - utils.logger - INFO - End of training epoch 15 / 70 	 Time Taken: 1 sec, Data loading: 0 sec
2021-06-19 20:41:07,860 - utils.logger - INFO - learning rate = 0.0000500
2021-06-19 20:41:08,275 - utils.logger - INFO - Trn result of epoch 15 / 70 mse 0.0921 rmse 0.3034 pcc 0.1017 ccc 0.0125
2021-06-19 20:41:08,417 - utils.logger - INFO - Val result of epoch 15 / 70 mse 0.1024 rmse 0.3201 pcc -0.0462 ccc -0.0054
2021-06-19 20:41:08,801 - utils.logger - INFO - Cur epoch 16 loss ccc:0.1185
2021-06-19 20:41:09,232 - utils.logger - INFO - Cur epoch 16 loss ccc:0.1158
2021-06-19 20:41:09,578 - utils.logger - INFO - Cur epoch 16 loss ccc:1.0023
2021-06-19 20:41:09,578 - utils.logger - INFO - saving the model at the end of epoch 16, iters 96
2021-06-19 20:41:10,053 - utils.logger - INFO - End of training epoch 16 / 70 	 Time Taken: 1 sec, Data loading: 0 sec
2021-06-19 20:41:10,053 - utils.logger - INFO - learning rate = 0.0000500
2021-06-19 20:41:10,506 - utils.logger - INFO - Trn result of epoch 16 / 70 mse 0.0938 rmse 0.3062 pcc 0.0863 ccc 0.0125
2021-06-19 20:41:10,666 - utils.logger - INFO - Val result of epoch 16 / 70 mse 0.1048 rmse 0.3237 pcc -0.0246 ccc -0.0037
2021-06-19 20:41:11,087 - utils.logger - INFO - Cur epoch 17 loss ccc:0.1237
2021-06-19 20:41:11,522 - utils.logger - INFO - Cur epoch 17 loss ccc:0.1179
2021-06-19 20:41:11,882 - utils.logger - INFO - Cur epoch 17 loss ccc:0.9994
2021-06-19 20:41:11,882 - utils.logger - INFO - saving the model at the end of epoch 17, iters 102
2021-06-19 20:41:12,137 - utils.logger - INFO - End of training epoch 17 / 70 	 Time Taken: 1 sec, Data loading: 0 sec
2021-06-19 20:41:12,138 - utils.logger - INFO - learning rate = 0.0000500
2021-06-19 20:41:12,560 - utils.logger - INFO - Trn result of epoch 17 / 70 mse 0.0940 rmse 0.3066 pcc 0.0831 ccc 0.0115
2021-06-19 20:41:12,710 - utils.logger - INFO - Val result of epoch 17 / 70 mse 0.1048 rmse 0.3238 pcc -0.0229 ccc -0.0033
2021-06-19 20:41:13,134 - utils.logger - INFO - Cur epoch 18 loss ccc:0.1317
2021-06-19 20:41:13,559 - utils.logger - INFO - Cur epoch 18 loss ccc:0.1257
2021-06-19 20:41:13,909 - utils.logger - INFO - Cur epoch 18 loss ccc:1.0057
2021-06-19 20:41:13,909 - utils.logger - INFO - saving the model at the end of epoch 18, iters 108
2021-06-19 20:41:14,146 - utils.logger - INFO - End of training epoch 18 / 70 	 Time Taken: 1 sec, Data loading: 0 sec
2021-06-19 20:41:14,146 - utils.logger - INFO - learning rate = 0.0000500
2021-06-19 20:41:14,589 - utils.logger - INFO - Trn result of epoch 18 / 70 mse 0.0939 rmse 0.3064 pcc 0.0801 ccc 0.0111
2021-06-19 20:41:14,751 - utils.logger - INFO - Val result of epoch 18 / 70 mse 0.1046 rmse 0.3235 pcc -0.0161 ccc -0.0023
2021-06-19 20:41:15,157 - utils.logger - INFO - Cur epoch 19 loss ccc:0.1252
2021-06-19 20:41:15,586 - utils.logger - INFO - Cur epoch 19 loss ccc:0.1308
2021-06-19 20:41:15,940 - utils.logger - INFO - Cur epoch 19 loss ccc:1.0034
2021-06-19 20:41:15,940 - utils.logger - INFO - saving the model at the end of epoch 19, iters 114
2021-06-19 20:41:16,191 - utils.logger - INFO - End of training epoch 19 / 70 	 Time Taken: 1 sec, Data loading: 0 sec
2021-06-19 20:41:16,191 - utils.logger - INFO - learning rate = 0.0000500
2021-06-19 20:41:16,655 - utils.logger - INFO - Trn result of epoch 19 / 70 mse 0.0939 rmse 0.3064 pcc 0.0798 ccc 0.0127
2021-06-19 20:41:16,818 - utils.logger - INFO - Val result of epoch 19 / 70 mse 0.1047 rmse 0.3236 pcc -0.0177 ccc -0.0029
2021-06-19 20:41:17,247 - utils.logger - INFO - Cur epoch 20 loss ccc:0.1177
2021-06-19 20:41:17,667 - utils.logger - INFO - Cur epoch 20 loss ccc:0.1315
2021-06-19 20:41:18,026 - utils.logger - INFO - Cur epoch 20 loss ccc:0.9994
2021-06-19 20:41:18,026 - utils.logger - INFO - saving the model at the end of epoch 20, iters 120
2021-06-19 20:41:18,272 - utils.logger - INFO - End of training epoch 20 / 70 	 Time Taken: 1 sec, Data loading: 0 sec
2021-06-19 20:41:18,272 - utils.logger - INFO - learning rate = 0.0000500
2021-06-19 20:41:18,690 - utils.logger - INFO - Trn result of epoch 20 / 70 mse 0.0944 rmse 0.3072 pcc 0.0805 ccc 0.0133
2021-06-19 20:41:18,841 - utils.logger - INFO - Val result of epoch 20 / 70 mse 0.1054 rmse 0.3246 pcc -0.0177 ccc -0.0030
2021-06-19 20:41:19,262 - utils.logger - INFO - Cur epoch 21 loss ccc:0.1302
2021-06-19 20:41:19,680 - utils.logger - INFO - Cur epoch 21 loss ccc:0.1072
2021-06-19 20:41:20,024 - utils.logger - INFO - Cur epoch 21 loss ccc:0.9674
2021-06-19 20:41:20,024 - utils.logger - INFO - saving the model at the end of epoch 21, iters 126
2021-06-19 20:41:20,260 - utils.logger - INFO - End of training epoch 21 / 70 	 Time Taken: 1 sec, Data loading: 0 sec
2021-06-19 20:41:20,261 - utils.logger - INFO - learning rate = 0.0000500
2021-06-19 20:41:20,681 - utils.logger - INFO - Trn result of epoch 21 / 70 mse 0.1001 rmse 0.3163 pcc 0.0891 ccc 0.0161
2021-06-19 20:41:20,845 - utils.logger - INFO - Val result of epoch 21 / 70 mse 0.1137 rmse 0.3372 pcc -0.0184 ccc -0.0034
2021-06-19 20:41:21,296 - utils.logger - INFO - Cur epoch 22 loss ccc:0.1251
2021-06-19 20:41:21,731 - utils.logger - INFO - Cur epoch 22 loss ccc:0.1019
2021-06-19 20:41:22,062 - utils.logger - INFO - Cur epoch 22 loss ccc:1.0004
2021-06-19 20:41:22,063 - utils.logger - INFO - saving the model at the end of epoch 22, iters 132
2021-06-19 20:41:22,387 - utils.logger - INFO - End of training epoch 22 / 70 	 Time Taken: 1 sec, Data loading: 0 sec
2021-06-19 20:41:22,387 - utils.logger - INFO - learning rate = 0.0000500
2021-06-19 20:41:22,819 - utils.logger - INFO - Trn result of epoch 22 / 70 mse 0.1005 rmse 0.3169 pcc 0.0957 ccc 0.0172
2021-06-19 20:41:22,968 - utils.logger - INFO - Val result of epoch 22 / 70 mse 0.1145 rmse 0.3384 pcc -0.0218 ccc -0.0039
2021-06-19 20:41:23,381 - utils.logger - INFO - Cur epoch 23 loss ccc:0.1335
2021-06-19 20:41:23,794 - utils.logger - INFO - Cur epoch 23 loss ccc:0.0843
2021-06-19 20:41:24,145 - utils.logger - INFO - Cur epoch 23 loss ccc:1.0097
2021-06-19 20:41:24,145 - utils.logger - INFO - saving the model at the end of epoch 23, iters 138
2021-06-19 20:41:24,425 - utils.logger - INFO - End of training epoch 23 / 70 	 Time Taken: 1 sec, Data loading: 0 sec
2021-06-19 20:41:24,426 - utils.logger - INFO - learning rate = 0.0000500
2021-06-19 20:41:24,842 - utils.logger - INFO - Trn result of epoch 23 / 70 mse 0.0977 rmse 0.3125 pcc 0.0902 ccc 0.0197
2021-06-19 20:41:24,984 - utils.logger - INFO - Val result of epoch 23 / 70 mse 0.1105 rmse 0.3324 pcc -0.0122 ccc -0.0028
2021-06-19 20:41:25,398 - utils.logger - INFO - Cur epoch 24 loss ccc:0.1252
2021-06-19 20:41:25,821 - utils.logger - INFO - Cur epoch 24 loss ccc:0.0989
2021-06-19 20:41:26,189 - utils.logger - INFO - Cur epoch 24 loss ccc:0.9999
2021-06-19 20:41:26,189 - utils.logger - INFO - saving the model at the end of epoch 24, iters 144
2021-06-19 20:41:26,437 - utils.logger - INFO - End of training epoch 24 / 70 	 Time Taken: 1 sec, Data loading: 0 sec
2021-06-19 20:41:26,437 - utils.logger - INFO - learning rate = 0.0000500
2021-06-19 20:41:26,862 - utils.logger - INFO - Trn result of epoch 24 / 70 mse 0.0971 rmse 0.3117 pcc 0.0824 ccc 0.0197
2021-06-19 20:41:27,023 - utils.logger - INFO - Val result of epoch 24 / 70 mse 0.1095 rmse 0.3309 pcc -0.0098 ccc -0.0025
2021-06-19 20:41:27,439 - utils.logger - INFO - Cur epoch 25 loss ccc:0.1143
2021-06-19 20:41:27,851 - utils.logger - INFO - Cur epoch 25 loss ccc:0.1085
2021-06-19 20:41:28,206 - utils.logger - INFO - Cur epoch 25 loss ccc:1.0122
2021-06-19 20:41:28,206 - utils.logger - INFO - saving the model at the end of epoch 25, iters 150
2021-06-19 20:41:28,445 - utils.logger - INFO - End of training epoch 25 / 70 	 Time Taken: 1 sec, Data loading: 0 sec
2021-06-19 20:41:28,445 - utils.logger - INFO - learning rate = 0.0000500
2021-06-19 20:41:28,862 - utils.logger - INFO - Trn result of epoch 25 / 70 mse 0.0987 rmse 0.3142 pcc 0.0833 ccc 0.0189
2021-06-19 20:41:29,009 - utils.logger - INFO - Val result of epoch 25 / 70 mse 0.1118 rmse 0.3344 pcc -0.0181 ccc -0.0042
2021-06-19 20:41:29,426 - utils.logger - INFO - Cur epoch 26 loss ccc:0.1119
2021-06-19 20:41:29,848 - utils.logger - INFO - Cur epoch 26 loss ccc:0.0998
2021-06-19 20:41:30,216 - utils.logger - INFO - Cur epoch 26 loss ccc:1.0007
2021-06-19 20:41:30,216 - utils.logger - INFO - saving the model at the end of epoch 26, iters 156
2021-06-19 20:41:30,458 - utils.logger - INFO - End of training epoch 26 / 70 	 Time Taken: 1 sec, Data loading: 0 sec
2021-06-19 20:41:30,458 - utils.logger - INFO - learning rate = 0.0000500
2021-06-19 20:41:30,920 - utils.logger - INFO - Trn result of epoch 26 / 70 mse 0.0996 rmse 0.3156 pcc 0.0832 ccc 0.0197
2021-06-19 20:41:31,065 - utils.logger - INFO - Val result of epoch 26 / 70 mse 0.1131 rmse 0.3363 pcc -0.0156 ccc -0.0038
2021-06-19 20:41:31,468 - utils.logger - INFO - Cur epoch 27 loss ccc:0.1300
2021-06-19 20:41:31,873 - utils.logger - INFO - Cur epoch 27 loss ccc:0.0996
2021-06-19 20:41:32,204 - utils.logger - INFO - Cur epoch 27 loss ccc:1.0126
2021-06-19 20:41:32,204 - utils.logger - INFO - saving the model at the end of epoch 27, iters 162
2021-06-19 20:41:32,444 - utils.logger - INFO - End of training epoch 27 / 70 	 Time Taken: 1 sec, Data loading: 0 sec
2021-06-19 20:41:32,444 - utils.logger - INFO - learning rate = 0.0000500
2021-06-19 20:41:32,857 - utils.logger - INFO - Trn result of epoch 27 / 70 mse 0.1024 rmse 0.3199 pcc 0.0911 ccc 0.0227
2021-06-19 20:41:33,000 - utils.logger - INFO - Val result of epoch 27 / 70 mse 0.1168 rmse 0.3417 pcc -0.0082 ccc -0.0021
2021-06-19 20:41:33,398 - utils.logger - INFO - Cur epoch 28 loss ccc:0.1183
2021-06-19 20:41:33,785 - utils.logger - INFO - Cur epoch 28 loss ccc:0.1164
2021-06-19 20:41:34,115 - utils.logger - INFO - Cur epoch 28 loss ccc:1.0100
2021-06-19 20:41:34,115 - utils.logger - INFO - saving the model at the end of epoch 28, iters 168
2021-06-19 20:41:34,627 - utils.logger - INFO - End of training epoch 28 / 70 	 Time Taken: 1 sec, Data loading: 0 sec
2021-06-19 20:41:34,628 - utils.logger - INFO - learning rate = 0.0000500
2021-06-19 20:41:35,041 - utils.logger - INFO - Trn result of epoch 28 / 70 mse 0.1032 rmse 0.3212 pcc 0.0840 ccc 0.0211
2021-06-19 20:41:35,184 - utils.logger - INFO - Val result of epoch 28 / 70 mse 0.1175 rmse 0.3427 pcc -0.0128 ccc -0.0033
2021-06-19 20:41:35,603 - utils.logger - INFO - Cur epoch 29 loss ccc:0.0990
2021-06-19 20:41:36,022 - utils.logger - INFO - Cur epoch 29 loss ccc:0.1264
2021-06-19 20:41:36,340 - utils.logger - INFO - Cur epoch 29 loss ccc:1.0020
2021-06-19 20:41:36,340 - utils.logger - INFO - saving the model at the end of epoch 29, iters 174
2021-06-19 20:41:36,606 - utils.logger - INFO - End of training epoch 29 / 70 	 Time Taken: 1 sec, Data loading: 0 sec
2021-06-19 20:41:36,606 - utils.logger - INFO - learning rate = 0.0000500
2021-06-19 20:41:37,068 - utils.logger - INFO - Trn result of epoch 29 / 70 mse 0.0990 rmse 0.3146 pcc 0.0945 ccc 0.0243
2021-06-19 20:41:37,228 - utils.logger - INFO - Val result of epoch 29 / 70 mse 0.1124 rmse 0.3352 pcc -0.0216 ccc -0.0055
2021-06-19 20:41:37,650 - utils.logger - INFO - Cur epoch 30 loss ccc:0.1300
2021-06-19 20:41:38,086 - utils.logger - INFO - Cur epoch 30 loss ccc:0.0940
2021-06-19 20:41:38,446 - utils.logger - INFO - Cur epoch 30 loss ccc:0.9933
2021-06-19 20:41:38,447 - utils.logger - INFO - saving the model at the end of epoch 30, iters 180
2021-06-19 20:41:38,687 - utils.logger - INFO - End of training epoch 30 / 70 	 Time Taken: 1 sec, Data loading: 0 sec
2021-06-19 20:41:38,687 - utils.logger - INFO - learning rate = 0.0000488
2021-06-19 20:41:39,111 - utils.logger - INFO - Trn result of epoch 30 / 70 mse 0.1137 rmse 0.3373 pcc 0.0985 ccc 0.0274
2021-06-19 20:41:39,262 - utils.logger - INFO - Val result of epoch 30 / 70 mse 0.1306 rmse 0.3614 pcc -0.0196 ccc -0.0055
2021-06-19 20:41:39,676 - utils.logger - INFO - Cur epoch 31 loss ccc:0.1130
2021-06-19 20:41:40,115 - utils.logger - INFO - Cur epoch 31 loss ccc:0.1255
2021-06-19 20:41:40,464 - utils.logger - INFO - Cur epoch 31 loss ccc:1.0188
2021-06-19 20:41:40,464 - utils.logger - INFO - saving the model at the end of epoch 31, iters 186
2021-06-19 20:41:40,707 - utils.logger - INFO - End of training epoch 31 / 70 	 Time Taken: 1 sec, Data loading: 0 sec
2021-06-19 20:41:40,707 - utils.logger - INFO - learning rate = 0.0000476
2021-06-19 20:41:41,121 - utils.logger - INFO - Trn result of epoch 31 / 70 mse 0.1141 rmse 0.3378 pcc 0.0939 ccc 0.0250
2021-06-19 20:41:41,279 - utils.logger - INFO - Val result of epoch 31 / 70 mse 0.1306 rmse 0.3614 pcc -0.0164 ccc -0.0043
2021-06-19 20:41:41,715 - utils.logger - INFO - Cur epoch 32 loss ccc:0.1106
2021-06-19 20:41:42,137 - utils.logger - INFO - Cur epoch 32 loss ccc:0.1297
2021-06-19 20:41:42,469 - utils.logger - INFO - Cur epoch 32 loss ccc:1.0020
2021-06-19 20:41:42,470 - utils.logger - INFO - saving the model at the end of epoch 32, iters 192
2021-06-19 20:41:42,712 - utils.logger - INFO - End of training epoch 32 / 70 	 Time Taken: 1 sec, Data loading: 0 sec
2021-06-19 20:41:42,713 - utils.logger - INFO - learning rate = 0.0000463
2021-06-19 20:41:43,129 - utils.logger - INFO - Trn result of epoch 32 / 70 mse 0.1181 rmse 0.3437 pcc 0.1035 ccc 0.0258
2021-06-19 20:41:43,275 - utils.logger - INFO - Val result of epoch 32 / 70 mse 0.1362 rmse 0.3691 pcc -0.0216 ccc -0.0051
2021-06-19 20:41:43,666 - utils.logger - INFO - Cur epoch 33 loss ccc:0.1275
2021-06-19 20:41:44,080 - utils.logger - INFO - Cur epoch 33 loss ccc:0.1211
2021-06-19 20:41:44,410 - utils.logger - INFO - Cur epoch 33 loss ccc:0.8697
2021-06-19 20:41:44,411 - utils.logger - INFO - saving the model at the end of epoch 33, iters 198
2021-06-19 20:41:44,793 - utils.logger - INFO - End of training epoch 33 / 70 	 Time Taken: 1 sec, Data loading: 0 sec
2021-06-19 20:41:44,793 - utils.logger - INFO - learning rate = 0.0000451
2021-06-19 20:41:45,213 - utils.logger - INFO - Trn result of epoch 33 / 70 mse 0.1247 rmse 0.3531 pcc 0.0916 ccc 0.0309
2021-06-19 20:41:45,357 - utils.logger - INFO - Val result of epoch 33 / 70 mse 0.1428 rmse 0.3779 pcc -0.0122 ccc -0.0042
2021-06-19 20:41:45,765 - utils.logger - INFO - Cur epoch 34 loss ccc:0.1076
2021-06-19 20:41:46,182 - utils.logger - INFO - Cur epoch 34 loss ccc:0.1353
2021-06-19 20:41:46,532 - utils.logger - INFO - Cur epoch 34 loss ccc:0.4649
2021-06-19 20:41:46,533 - utils.logger - INFO - saving the model at the end of epoch 34, iters 204
2021-06-19 20:41:46,772 - utils.logger - INFO - End of training epoch 34 / 70 	 Time Taken: 1 sec, Data loading: 0 sec
2021-06-19 20:41:46,773 - utils.logger - INFO - learning rate = 0.0000439
2021-06-19 20:41:47,195 - utils.logger - INFO - Trn result of epoch 34 / 70 mse 0.0916 rmse 0.3027 pcc 0.1082 ccc 0.0295
2021-06-19 20:41:47,347 - utils.logger - INFO - Val result of epoch 34 / 70 mse 0.1033 rmse 0.3213 pcc -0.0563 ccc -0.0144
2021-06-19 20:41:47,742 - utils.logger - INFO - Cur epoch 35 loss ccc:0.1079
2021-06-19 20:41:48,154 - utils.logger - INFO - Cur epoch 35 loss ccc:0.1152
2021-06-19 20:41:48,540 - utils.logger - INFO - Cur epoch 35 loss ccc:1.0007
2021-06-19 20:41:48,541 - utils.logger - INFO - saving the model at the end of epoch 35, iters 210
2021-06-19 20:41:48,988 - utils.logger - INFO - End of training epoch 35 / 70 	 Time Taken: 1 sec, Data loading: 0 sec
2021-06-19 20:41:48,988 - utils.logger - INFO - learning rate = 0.0000427
2021-06-19 20:41:49,453 - utils.logger - INFO - Trn result of epoch 35 / 70 mse 0.0923 rmse 0.3038 pcc 0.1067 ccc 0.0275
2021-06-19 20:41:49,612 - utils.logger - INFO - Val result of epoch 35 / 70 mse 0.1046 rmse 0.3234 pcc -0.0682 ccc -0.0163
2021-06-19 20:41:50,022 - utils.logger - INFO - Cur epoch 36 loss ccc:0.0993
2021-06-19 20:41:50,445 - utils.logger - INFO - Cur epoch 36 loss ccc:0.1251
2021-06-19 20:41:50,794 - utils.logger - INFO - Cur epoch 36 loss ccc:0.8528
2021-06-19 20:41:50,794 - utils.logger - INFO - saving the model at the end of epoch 36, iters 216
2021-06-19 20:41:50,992 - utils.logger - INFO - End of training epoch 36 / 70 	 Time Taken: 1 sec, Data loading: 0 sec
2021-06-19 20:41:50,993 - utils.logger - INFO - learning rate = 0.0000415
2021-06-19 20:41:51,404 - utils.logger - INFO - Trn result of epoch 36 / 70 mse 0.0928 rmse 0.3046 pcc 0.1032 ccc 0.0285
2021-06-19 20:41:51,545 - utils.logger - INFO - Val result of epoch 36 / 70 mse 0.1050 rmse 0.3240 pcc -0.0562 ccc -0.0144
2021-06-19 20:41:51,952 - utils.logger - INFO - Cur epoch 37 loss ccc:0.1235
2021-06-19 20:41:52,355 - utils.logger - INFO - Cur epoch 37 loss ccc:0.1230
2021-06-19 20:41:52,672 - utils.logger - INFO - Cur epoch 37 loss ccc:1.0484
2021-06-19 20:41:52,672 - utils.logger - INFO - saving the model at the end of epoch 37, iters 222
2021-06-19 20:41:52,870 - utils.logger - INFO - End of training epoch 37 / 70 	 Time Taken: 1 sec, Data loading: 0 sec
2021-06-19 20:41:52,871 - utils.logger - INFO - learning rate = 0.0000402
2021-06-19 20:41:53,283 - utils.logger - INFO - Trn result of epoch 37 / 70 mse 0.0966 rmse 0.3108 pcc 0.0995 ccc 0.0310
2021-06-19 20:41:53,432 - utils.logger - INFO - Val result of epoch 37 / 70 mse 0.1098 rmse 0.3314 pcc -0.0329 ccc -0.0099
2021-06-19 20:41:53,860 - utils.logger - INFO - Cur epoch 38 loss ccc:0.1224
2021-06-19 20:41:54,283 - utils.logger - INFO - Cur epoch 38 loss ccc:0.1332
2021-06-19 20:41:54,629 - utils.logger - INFO - Cur epoch 38 loss ccc:1.0223
2021-06-19 20:41:54,630 - utils.logger - INFO - saving the model at the end of epoch 38, iters 228
2021-06-19 20:41:54,890 - utils.logger - INFO - End of training epoch 38 / 70 	 Time Taken: 1 sec, Data loading: 0 sec
2021-06-19 20:41:54,891 - utils.logger - INFO - learning rate = 0.0000390
2021-06-19 20:41:55,320 - utils.logger - INFO - Trn result of epoch 38 / 70 mse 0.0983 rmse 0.3135 pcc 0.1009 ccc 0.0320
2021-06-19 20:41:55,466 - utils.logger - INFO - Val result of epoch 38 / 70 mse 0.1121 rmse 0.3348 pcc -0.0299 ccc -0.0092
2021-06-19 20:41:55,875 - utils.logger - INFO - Cur epoch 39 loss ccc:0.1105
2021-06-19 20:41:56,285 - utils.logger - INFO - Cur epoch 39 loss ccc:0.1170
2021-06-19 20:41:56,630 - utils.logger - INFO - Cur epoch 39 loss ccc:0.9995
2021-06-19 20:41:56,630 - utils.logger - INFO - saving the model at the end of epoch 39, iters 234
2021-06-19 20:41:56,866 - utils.logger - INFO - End of training epoch 39 / 70 	 Time Taken: 1 sec, Data loading: 0 sec
2021-06-19 20:41:56,866 - utils.logger - INFO - learning rate = 0.0000378
2021-06-19 20:41:57,324 - utils.logger - INFO - Trn result of epoch 39 / 70 mse 0.0987 rmse 0.3142 pcc 0.1040 ccc 0.0345
2021-06-19 20:41:57,487 - utils.logger - INFO - Val result of epoch 39 / 70 mse 0.1131 rmse 0.3363 pcc -0.0418 ccc -0.0134
2021-06-19 20:41:57,900 - utils.logger - INFO - Cur epoch 40 loss ccc:0.1175
2021-06-19 20:41:58,322 - utils.logger - INFO - Cur epoch 40 loss ccc:0.1008
2021-06-19 20:41:58,677 - utils.logger - INFO - Cur epoch 40 loss ccc:1.0013
2021-06-19 20:41:58,677 - utils.logger - INFO - saving the model at the end of epoch 40, iters 240
2021-06-19 20:41:58,910 - utils.logger - INFO - End of training epoch 40 / 70 	 Time Taken: 1 sec, Data loading: 0 sec
2021-06-19 20:41:58,910 - utils.logger - INFO - learning rate = 0.0000366
2021-06-19 20:41:59,354 - utils.logger - INFO - Trn result of epoch 40 / 70 mse 0.0978 rmse 0.3127 pcc 0.1016 ccc 0.0348
2021-06-19 20:41:59,514 - utils.logger - INFO - Val result of epoch 40 / 70 mse 0.1117 rmse 0.3343 pcc -0.0410 ccc -0.0135
2021-06-19 20:41:59,928 - utils.logger - INFO - Cur epoch 41 loss ccc:0.1254
2021-06-19 20:42:00,328 - utils.logger - INFO - Cur epoch 41 loss ccc:0.1309
2021-06-19 20:42:00,659 - utils.logger - INFO - Cur epoch 41 loss ccc:1.0168
2021-06-19 20:42:00,659 - utils.logger - INFO - saving the model at the end of epoch 41, iters 246
2021-06-19 20:42:00,898 - utils.logger - INFO - End of training epoch 41 / 70 	 Time Taken: 1 sec, Data loading: 0 sec
2021-06-19 20:42:00,898 - utils.logger - INFO - learning rate = 0.0000354
2021-06-19 20:42:01,318 - utils.logger - INFO - Trn result of epoch 41 / 70 mse 0.1032 rmse 0.3212 pcc 0.1005 ccc 0.0363
2021-06-19 20:42:01,463 - utils.logger - INFO - Val result of epoch 41 / 70 mse 0.1185 rmse 0.3443 pcc -0.0349 ccc -0.0123
2021-06-19 20:42:01,865 - utils.logger - INFO - Cur epoch 42 loss ccc:0.1028
2021-06-19 20:42:02,286 - utils.logger - INFO - Cur epoch 42 loss ccc:0.1239
2021-06-19 20:42:02,650 - utils.logger - INFO - Cur epoch 42 loss ccc:0.9994
2021-06-19 20:42:02,650 - utils.logger - INFO - saving the model at the end of epoch 42, iters 252
2021-06-19 20:42:02,870 - utils.logger - INFO - End of training epoch 42 / 70 	 Time Taken: 1 sec, Data loading: 0 sec
2021-06-19 20:42:02,870 - utils.logger - INFO - learning rate = 0.0000341
2021-06-19 20:42:03,283 - utils.logger - INFO - Trn result of epoch 42 / 70 mse 0.1001 rmse 0.3164 pcc 0.1006 ccc 0.0370
2021-06-19 20:42:03,425 - utils.logger - INFO - Val result of epoch 42 / 70 mse 0.1148 rmse 0.3389 pcc -0.0334 ccc -0.0117
2021-06-19 20:42:03,812 - utils.logger - INFO - Cur epoch 43 loss ccc:0.1200
2021-06-19 20:42:04,208 - utils.logger - INFO - Cur epoch 43 loss ccc:0.1225
2021-06-19 20:42:04,566 - utils.logger - INFO - Cur epoch 43 loss ccc:0.9993
2021-06-19 20:42:04,566 - utils.logger - INFO - saving the model at the end of epoch 43, iters 258
2021-06-19 20:42:04,800 - utils.logger - INFO - End of training epoch 43 / 70 	 Time Taken: 1 sec, Data loading: 0 sec
2021-06-19 20:42:04,800 - utils.logger - INFO - learning rate = 0.0000329
2021-06-19 20:42:05,213 - utils.logger - INFO - Trn result of epoch 43 / 70 mse 0.1009 rmse 0.3176 pcc 0.1017 ccc 0.0374
2021-06-19 20:42:05,355 - utils.logger - INFO - Val result of epoch 43 / 70 mse 0.1157 rmse 0.3402 pcc -0.0364 ccc -0.0127
2021-06-19 20:42:05,763 - utils.logger - INFO - Cur epoch 44 loss ccc:0.1198
2021-06-19 20:42:06,177 - utils.logger - INFO - Cur epoch 44 loss ccc:0.1142
2021-06-19 20:42:06,479 - utils.logger - INFO - Cur epoch 44 loss ccc:1.0022
2021-06-19 20:42:06,479 - utils.logger - INFO - saving the model at the end of epoch 44, iters 264
2021-06-19 20:42:06,702 - utils.logger - INFO - End of training epoch 44 / 70 	 Time Taken: 1 sec, Data loading: 0 sec
2021-06-19 20:42:06,702 - utils.logger - INFO - learning rate = 0.0000317
2021-06-19 20:42:07,159 - utils.logger - INFO - Trn result of epoch 44 / 70 mse 0.0998 rmse 0.3160 pcc 0.0917 ccc 0.0346
2021-06-19 20:42:07,321 - utils.logger - INFO - Val result of epoch 44 / 70 mse 0.1137 rmse 0.3372 pcc -0.0317 ccc -0.0116
2021-06-19 20:42:07,721 - utils.logger - INFO - Cur epoch 45 loss ccc:0.1205
2021-06-19 20:42:08,115 - utils.logger - INFO - Cur epoch 45 loss ccc:0.0964
2021-06-19 20:42:08,438 - utils.logger - INFO - Cur epoch 45 loss ccc:0.9918
2021-06-19 20:42:08,438 - utils.logger - INFO - saving the model at the end of epoch 45, iters 270
2021-06-19 20:42:08,672 - utils.logger - INFO - End of training epoch 45 / 70 	 Time Taken: 1 sec, Data loading: 0 sec
2021-06-19 20:42:08,672 - utils.logger - INFO - learning rate = 0.0000305
2021-06-19 20:42:09,128 - utils.logger - INFO - Trn result of epoch 45 / 70 mse 0.1046 rmse 0.3233 pcc 0.0869 ccc 0.0344
2021-06-19 20:42:09,285 - utils.logger - INFO - Val result of epoch 45 / 70 mse 0.1189 rmse 0.3448 pcc -0.0234 ccc -0.0090
2021-06-19 20:42:09,685 - utils.logger - INFO - Cur epoch 46 loss ccc:0.1102
2021-06-19 20:42:10,112 - utils.logger - INFO - Cur epoch 46 loss ccc:0.1046
2021-06-19 20:42:10,452 - utils.logger - INFO - Cur epoch 46 loss ccc:0.9853
2021-06-19 20:42:10,452 - utils.logger - INFO - saving the model at the end of epoch 46, iters 276
2021-06-19 20:42:10,872 - utils.logger - INFO - End of training epoch 46 / 70 	 Time Taken: 1 sec, Data loading: 0 sec
2021-06-19 20:42:10,872 - utils.logger - INFO - learning rate = 0.0000293
2021-06-19 20:42:11,308 - utils.logger - INFO - Trn result of epoch 46 / 70 mse 0.1217 rmse 0.3488 pcc 0.0868 ccc 0.0351
2021-06-19 20:42:11,466 - utils.logger - INFO - Val result of epoch 46 / 70 mse 0.1384 rmse 0.3721 pcc -0.0254 ccc -0.0101
2021-06-19 20:42:11,885 - utils.logger - INFO - Cur epoch 47 loss ccc:0.1138
2021-06-19 20:42:12,306 - utils.logger - INFO - Cur epoch 47 loss ccc:0.1251
2021-06-19 20:42:12,658 - utils.logger - INFO - Cur epoch 47 loss ccc:0.9866
2021-06-19 20:42:12,658 - utils.logger - INFO - saving the model at the end of epoch 47, iters 282
2021-06-19 20:42:12,900 - utils.logger - INFO - End of training epoch 47 / 70 	 Time Taken: 1 sec, Data loading: 0 sec
2021-06-19 20:42:12,900 - utils.logger - INFO - learning rate = 0.0000280
2021-06-19 20:42:13,333 - utils.logger - INFO - Trn result of epoch 47 / 70 mse 0.1169 rmse 0.3418 pcc 0.0912 ccc 0.0384
2021-06-19 20:42:13,477 - utils.logger - INFO - Val result of epoch 47 / 70 mse 0.1334 rmse 0.3652 pcc -0.0289 ccc -0.0118
2021-06-19 20:42:13,889 - utils.logger - INFO - Cur epoch 48 loss ccc:0.1341
2021-06-19 20:42:14,302 - utils.logger - INFO - Cur epoch 48 loss ccc:0.1298
2021-06-19 20:42:14,626 - utils.logger - INFO - Cur epoch 48 loss ccc:1.0016
2021-06-19 20:42:14,626 - utils.logger - INFO - saving the model at the end of epoch 48, iters 288
2021-06-19 20:42:14,860 - utils.logger - INFO - End of training epoch 48 / 70 	 Time Taken: 1 sec, Data loading: 0 sec
2021-06-19 20:42:14,861 - utils.logger - INFO - learning rate = 0.0000268
2021-06-19 20:42:15,282 - utils.logger - INFO - Trn result of epoch 48 / 70 mse 0.1277 rmse 0.3574 pcc 0.0962 ccc 0.0394
2021-06-19 20:42:15,429 - utils.logger - INFO - Val result of epoch 48 / 70 mse 0.1458 rmse 0.3819 pcc -0.0386 ccc -0.0151
2021-06-19 20:42:15,833 - utils.logger - INFO - Cur epoch 49 loss ccc:0.1252
2021-06-19 20:42:16,255 - utils.logger - INFO - Cur epoch 49 loss ccc:0.0992
2021-06-19 20:42:16,611 - utils.logger - INFO - Cur epoch 49 loss ccc:1.1031
2021-06-19 20:42:16,612 - utils.logger - INFO - saving the model at the end of epoch 49, iters 294
2021-06-19 20:42:16,839 - utils.logger - INFO - End of training epoch 49 / 70 	 Time Taken: 1 sec, Data loading: 0 sec
2021-06-19 20:42:16,840 - utils.logger - INFO - learning rate = 0.0000256
2021-06-19 20:42:17,290 - utils.logger - INFO - Trn result of epoch 49 / 70 mse 0.1349 rmse 0.3673 pcc 0.0960 ccc 0.0344
2021-06-19 20:42:17,449 - utils.logger - INFO - Val result of epoch 49 / 70 mse 0.1558 rmse 0.3947 pcc -0.0606 ccc -0.0195
2021-06-19 20:42:17,878 - utils.logger - INFO - Cur epoch 50 loss ccc:0.1251
2021-06-19 20:42:18,301 - utils.logger - INFO - Cur epoch 50 loss ccc:0.1156
2021-06-19 20:42:18,628 - utils.logger - INFO - Cur epoch 50 loss ccc:1.0007
2021-06-19 20:42:18,629 - utils.logger - INFO - saving the model at the end of epoch 50, iters 300
2021-06-19 20:42:18,857 - utils.logger - INFO - End of training epoch 50 / 70 	 Time Taken: 1 sec, Data loading: 0 sec
2021-06-19 20:42:18,857 - utils.logger - INFO - learning rate = 0.0000244
2021-06-19 20:42:19,309 - utils.logger - INFO - Trn result of epoch 50 / 70 mse 0.1367 rmse 0.3698 pcc 0.0929 ccc 0.0324
2021-06-19 20:42:19,466 - utils.logger - INFO - Val result of epoch 50 / 70 mse 0.1582 rmse 0.3977 pcc -0.0691 ccc -0.0214
2021-06-19 20:42:19,899 - utils.logger - INFO - Cur epoch 51 loss ccc:0.1140
2021-06-19 20:42:20,325 - utils.logger - INFO - Cur epoch 51 loss ccc:0.1117
2021-06-19 20:42:20,668 - utils.logger - INFO - Cur epoch 51 loss ccc:1.0348
2021-06-19 20:42:20,669 - utils.logger - INFO - saving the model at the end of epoch 51, iters 306
2021-06-19 20:42:20,906 - utils.logger - INFO - End of training epoch 51 / 70 	 Time Taken: 1 sec, Data loading: 0 sec
2021-06-19 20:42:20,906 - utils.logger - INFO - learning rate = 0.0000232
2021-06-19 20:42:21,368 - utils.logger - INFO - Trn result of epoch 51 / 70 mse 0.1528 rmse 0.3908 pcc 0.0912 ccc 0.0333
2021-06-19 20:42:21,529 - utils.logger - INFO - Val result of epoch 51 / 70 mse 0.1762 rmse 0.4197 pcc -0.0769 ccc -0.0250
2021-06-19 20:42:21,940 - utils.logger - INFO - Cur epoch 52 loss ccc:0.1302
2021-06-19 20:42:22,336 - utils.logger - INFO - Cur epoch 52 loss ccc:0.1069
2021-06-19 20:42:22,660 - utils.logger - INFO - Cur epoch 52 loss ccc:1.0233
2021-06-19 20:42:22,661 - utils.logger - INFO - saving the model at the end of epoch 52, iters 312
2021-06-19 20:42:22,892 - utils.logger - INFO - End of training epoch 52 / 70 	 Time Taken: 1 sec, Data loading: 0 sec
2021-06-19 20:42:22,892 - utils.logger - INFO - learning rate = 0.0000220
2021-06-19 20:42:23,310 - utils.logger - INFO - Trn result of epoch 52 / 70 mse 0.1572 rmse 0.3964 pcc 0.0764 ccc 0.0269
2021-06-19 20:42:23,456 - utils.logger - INFO - Val result of epoch 52 / 70 mse 0.1834 rmse 0.4282 pcc -0.0867 ccc -0.0275
2021-06-19 20:42:23,856 - utils.logger - INFO - Cur epoch 53 loss ccc:0.1292
2021-06-19 20:42:24,248 - utils.logger - INFO - Cur epoch 53 loss ccc:0.1254
2021-06-19 20:42:24,577 - utils.logger - INFO - Cur epoch 53 loss ccc:0.9328
2021-06-19 20:42:24,577 - utils.logger - INFO - saving the model at the end of epoch 53, iters 318
2021-06-19 20:42:24,811 - utils.logger - INFO - End of training epoch 53 / 70 	 Time Taken: 1 sec, Data loading: 0 sec
2021-06-19 20:42:24,811 - utils.logger - INFO - learning rate = 0.0000207
2021-06-19 20:42:25,228 - utils.logger - INFO - Trn result of epoch 53 / 70 mse 0.1561 rmse 0.3951 pcc 0.0715 ccc 0.0257
2021-06-19 20:42:25,373 - utils.logger - INFO - Val result of epoch 53 / 70 mse 0.1837 rmse 0.4286 pcc -0.0942 ccc -0.0306
2021-06-19 20:42:25,778 - utils.logger - INFO - Cur epoch 54 loss ccc:0.1086
2021-06-19 20:42:26,175 - utils.logger - INFO - Cur epoch 54 loss ccc:0.1039
2021-06-19 20:42:26,495 - utils.logger - INFO - Cur epoch 54 loss ccc:0.9974
2021-06-19 20:42:26,495 - utils.logger - INFO - saving the model at the end of epoch 54, iters 324
2021-06-19 20:42:26,734 - utils.logger - INFO - End of training epoch 54 / 70 	 Time Taken: 1 sec, Data loading: 0 sec
2021-06-19 20:42:26,734 - utils.logger - INFO - learning rate = 0.0000195
2021-06-19 20:42:27,153 - utils.logger - INFO - Trn result of epoch 54 / 70 mse 0.1525 rmse 0.3905 pcc 0.0774 ccc 0.0282
2021-06-19 20:42:27,299 - utils.logger - INFO - Val result of epoch 54 / 70 mse 0.1806 rmse 0.4250 pcc -0.0992 ccc -0.0325
2021-06-19 20:42:27,691 - utils.logger - INFO - Cur epoch 55 loss ccc:0.1196
2021-06-19 20:42:28,107 - utils.logger - INFO - Cur epoch 55 loss ccc:0.1206
2021-06-19 20:42:28,463 - utils.logger - INFO - Cur epoch 55 loss ccc:0.9803
2021-06-19 20:42:28,463 - utils.logger - INFO - saving the model at the end of epoch 55, iters 330
2021-06-19 20:42:28,705 - utils.logger - INFO - End of training epoch 55 / 70 	 Time Taken: 1 sec, Data loading: 0 sec
2021-06-19 20:42:28,705 - utils.logger - INFO - learning rate = 0.0000183
2021-06-19 20:42:29,139 - utils.logger - INFO - Trn result of epoch 55 / 70 mse 0.1566 rmse 0.3957 pcc 0.0784 ccc 0.0280
2021-06-19 20:42:29,288 - utils.logger - INFO - Val result of epoch 55 / 70 mse 0.1852 rmse 0.4304 pcc -0.0983 ccc -0.0316
2021-06-19 20:42:29,690 - utils.logger - INFO - Cur epoch 56 loss ccc:0.0991
2021-06-19 20:42:30,083 - utils.logger - INFO - Cur epoch 56 loss ccc:0.1527
2021-06-19 20:42:30,399 - utils.logger - INFO - Cur epoch 56 loss ccc:0.9995
2021-06-19 20:42:30,400 - utils.logger - INFO - saving the model at the end of epoch 56, iters 336
2021-06-19 20:42:30,662 - utils.logger - INFO - End of training epoch 56 / 70 	 Time Taken: 1 sec, Data loading: 0 sec
2021-06-19 20:42:30,662 - utils.logger - INFO - learning rate = 0.0000171
2021-06-19 20:42:31,134 - utils.logger - INFO - Trn result of epoch 56 / 70 mse 0.1543 rmse 0.3927 pcc 0.0776 ccc 0.0279
2021-06-19 20:42:31,296 - utils.logger - INFO - Val result of epoch 56 / 70 mse 0.1823 rmse 0.4270 pcc -0.0960 ccc -0.0311
2021-06-19 20:42:31,701 - utils.logger - INFO - Cur epoch 57 loss ccc:0.1033
2021-06-19 20:42:32,096 - utils.logger - INFO - Cur epoch 57 loss ccc:0.1323
2021-06-19 20:42:32,418 - utils.logger - INFO - Cur epoch 57 loss ccc:1.0021
2021-06-19 20:42:32,418 - utils.logger - INFO - saving the model at the end of epoch 57, iters 342
2021-06-19 20:42:32,645 - utils.logger - INFO - End of training epoch 57 / 70 	 Time Taken: 1 sec, Data loading: 0 sec
2021-06-19 20:42:32,645 - utils.logger - INFO - learning rate = 0.0000159
2021-06-19 20:42:33,060 - utils.logger - INFO - Trn result of epoch 57 / 70 mse 0.1557 rmse 0.3946 pcc 0.0761 ccc 0.0274
2021-06-19 20:42:33,208 - utils.logger - INFO - Val result of epoch 57 / 70 mse 0.1837 rmse 0.4286 pcc -0.0935 ccc -0.0302
2021-06-19 20:42:33,607 - utils.logger - INFO - Cur epoch 58 loss ccc:0.1078
2021-06-19 20:42:34,005 - utils.logger - INFO - Cur epoch 58 loss ccc:0.1126
2021-06-19 20:42:34,322 - utils.logger - INFO - Cur epoch 58 loss ccc:1.0098
2021-06-19 20:42:34,322 - utils.logger - INFO - saving the model at the end of epoch 58, iters 348
2021-06-19 20:42:34,552 - utils.logger - INFO - End of training epoch 58 / 70 	 Time Taken: 1 sec, Data loading: 0 sec
2021-06-19 20:42:34,552 - utils.logger - INFO - learning rate = 0.0000146
2021-06-19 20:42:34,975 - utils.logger - INFO - Trn result of epoch 58 / 70 mse 0.1548 rmse 0.3935 pcc 0.0781 ccc 0.0283
2021-06-19 20:42:35,127 - utils.logger - INFO - Val result of epoch 58 / 70 mse 0.1825 rmse 0.4272 pcc -0.0943 ccc -0.0306
2021-06-19 20:42:35,533 - utils.logger - INFO - Cur epoch 59 loss ccc:0.1351
2021-06-19 20:42:35,928 - utils.logger - INFO - Cur epoch 59 loss ccc:0.1171
2021-06-19 20:42:36,322 - utils.logger - INFO - Cur epoch 59 loss ccc:0.9997
2021-06-19 20:42:36,322 - utils.logger - INFO - saving the model at the end of epoch 59, iters 354
2021-06-19 20:42:36,551 - utils.logger - INFO - End of training epoch 59 / 70 	 Time Taken: 1 sec, Data loading: 0 sec
2021-06-19 20:42:36,551 - utils.logger - INFO - learning rate = 0.0000134
2021-06-19 20:42:36,966 - utils.logger - INFO - Trn result of epoch 59 / 70 mse 0.1456 rmse 0.3815 pcc 0.0853 ccc 0.0327
2021-06-19 20:42:37,111 - utils.logger - INFO - Val result of epoch 59 / 70 mse 0.1702 rmse 0.4126 pcc -0.0898 ccc -0.0308
2021-06-19 20:42:37,504 - utils.logger - INFO - Cur epoch 60 loss ccc:0.1250
2021-06-19 20:42:37,906 - utils.logger - INFO - Cur epoch 60 loss ccc:0.1251
2021-06-19 20:42:38,233 - utils.logger - INFO - Cur epoch 60 loss ccc:1.0869
2021-06-19 20:42:38,233 - utils.logger - INFO - saving the model at the end of epoch 60, iters 360
2021-06-19 20:42:38,462 - utils.logger - INFO - End of training epoch 60 / 70 	 Time Taken: 1 sec, Data loading: 0 sec
2021-06-19 20:42:38,462 - utils.logger - INFO - learning rate = 0.0000122
2021-06-19 20:42:38,884 - utils.logger - INFO - Trn result of epoch 60 / 70 mse 0.1411 rmse 0.3757 pcc 0.0864 ccc 0.0348
2021-06-19 20:42:39,029 - utils.logger - INFO - Val result of epoch 60 / 70 mse 0.1654 rmse 0.4067 pcc -0.0923 ccc -0.0333
2021-06-19 20:42:39,434 - utils.logger - INFO - Cur epoch 61 loss ccc:0.0986
2021-06-19 20:42:39,832 - utils.logger - INFO - Cur epoch 61 loss ccc:0.1153
2021-06-19 20:42:40,151 - utils.logger - INFO - Cur epoch 61 loss ccc:0.9875
2021-06-19 20:42:40,151 - utils.logger - INFO - saving the model at the end of epoch 61, iters 366
2021-06-19 20:42:40,385 - utils.logger - INFO - End of training epoch 61 / 70 	 Time Taken: 1 sec, Data loading: 0 sec
2021-06-19 20:42:40,386 - utils.logger - INFO - learning rate = 0.0000110
2021-06-19 20:42:40,843 - utils.logger - INFO - Trn result of epoch 61 / 70 mse 0.1359 rmse 0.3686 pcc 0.0848 ccc 0.0360
2021-06-19 20:42:41,005 - utils.logger - INFO - Val result of epoch 61 / 70 mse 0.1594 rmse 0.3992 pcc -0.0939 ccc -0.0358
2021-06-19 20:42:41,412 - utils.logger - INFO - Cur epoch 62 loss ccc:0.1111
2021-06-19 20:42:41,812 - utils.logger - INFO - Cur epoch 62 loss ccc:0.1131
2021-06-19 20:42:42,145 - utils.logger - INFO - Cur epoch 62 loss ccc:1.0018
2021-06-19 20:42:42,145 - utils.logger - INFO - saving the model at the end of epoch 62, iters 372
2021-06-19 20:42:42,371 - utils.logger - INFO - End of training epoch 62 / 70 	 Time Taken: 1 sec, Data loading: 0 sec
2021-06-19 20:42:42,371 - utils.logger - INFO - learning rate = 0.0000098
2021-06-19 20:42:42,787 - utils.logger - INFO - Trn result of epoch 62 / 70 mse 0.1353 rmse 0.3678 pcc 0.0859 ccc 0.0368
2021-06-19 20:42:42,932 - utils.logger - INFO - Val result of epoch 62 / 70 mse 0.1587 rmse 0.3984 pcc -0.0954 ccc -0.0367
2021-06-19 20:42:43,327 - utils.logger - INFO - Cur epoch 63 loss ccc:0.1289
2021-06-19 20:42:43,719 - utils.logger - INFO - Cur epoch 63 loss ccc:0.1077
2021-06-19 20:42:44,029 - utils.logger - INFO - Cur epoch 63 loss ccc:0.9997
2021-06-19 20:42:44,029 - utils.logger - INFO - saving the model at the end of epoch 63, iters 378
2021-06-19 20:42:44,414 - utils.logger - INFO - End of training epoch 63 / 70 	 Time Taken: 1 sec, Data loading: 0 sec
2021-06-19 20:42:44,414 - utils.logger - INFO - learning rate = 0.0000085
2021-06-19 20:42:44,829 - utils.logger - INFO - Trn result of epoch 63 / 70 mse 0.1327 rmse 0.3643 pcc 0.0854 ccc 0.0377
2021-06-19 20:42:44,978 - utils.logger - INFO - Val result of epoch 63 / 70 mse 0.1557 rmse 0.3946 pcc -0.0949 ccc -0.0378
2021-06-19 20:42:45,365 - utils.logger - INFO - Cur epoch 64 loss ccc:0.1113
2021-06-19 20:42:45,781 - utils.logger - INFO - Cur epoch 64 loss ccc:0.1219
2021-06-19 20:42:46,099 - utils.logger - INFO - Cur epoch 64 loss ccc:0.9276
2021-06-19 20:42:46,099 - utils.logger - INFO - saving the model at the end of epoch 64, iters 384
2021-06-19 20:42:46,333 - utils.logger - INFO - End of training epoch 64 / 70 	 Time Taken: 1 sec, Data loading: 0 sec
2021-06-19 20:42:46,333 - utils.logger - INFO - learning rate = 0.0000073
2021-06-19 20:42:46,770 - utils.logger - INFO - Trn result of epoch 64 / 70 mse 0.1385 rmse 0.3722 pcc 0.0858 ccc 0.0366
2021-06-19 20:42:46,928 - utils.logger - INFO - Val result of epoch 64 / 70 mse 0.1622 rmse 0.4027 pcc -0.0922 ccc -0.0354
2021-06-19 20:42:47,334 - utils.logger - INFO - Cur epoch 65 loss ccc:0.1162
2021-06-19 20:42:47,757 - utils.logger - INFO - Cur epoch 65 loss ccc:0.1329
2021-06-19 20:42:48,117 - utils.logger - INFO - Cur epoch 65 loss ccc:0.9958
2021-06-19 20:42:48,117 - utils.logger - INFO - saving the model at the end of epoch 65, iters 390
2021-06-19 20:42:48,352 - utils.logger - INFO - End of training epoch 65 / 70 	 Time Taken: 1 sec, Data loading: 0 sec
2021-06-19 20:42:48,352 - utils.logger - INFO - learning rate = 0.0000061
2021-06-19 20:42:48,778 - utils.logger - INFO - Trn result of epoch 65 / 70 mse 0.1385 rmse 0.3721 pcc 0.0891 ccc 0.0381
2021-06-19 20:42:48,928 - utils.logger - INFO - Val result of epoch 65 / 70 mse 0.1622 rmse 0.4028 pcc -0.0932 ccc -0.0359
2021-06-19 20:42:49,340 - utils.logger - INFO - Cur epoch 66 loss ccc:0.1285
2021-06-19 20:42:49,746 - utils.logger - INFO - Cur epoch 66 loss ccc:0.1238
2021-06-19 20:42:50,080 - utils.logger - INFO - Cur epoch 66 loss ccc:1.0409
2021-06-19 20:42:50,081 - utils.logger - INFO - saving the model at the end of epoch 66, iters 396
2021-06-19 20:42:50,319 - utils.logger - INFO - End of training epoch 66 / 70 	 Time Taken: 1 sec, Data loading: 0 sec
2021-06-19 20:42:50,320 - utils.logger - INFO - learning rate = 0.0000049
2021-06-19 20:42:50,740 - utils.logger - INFO - Trn result of epoch 66 / 70 mse 0.1378 rmse 0.3712 pcc 0.0876 ccc 0.0377
2021-06-19 20:42:50,887 - utils.logger - INFO - Val result of epoch 66 / 70 mse 0.1614 rmse 0.4018 pcc -0.0926 ccc -0.0359
2021-06-19 20:42:51,306 - utils.logger - INFO - Cur epoch 67 loss ccc:0.1273
2021-06-19 20:42:51,704 - utils.logger - INFO - Cur epoch 67 loss ccc:0.1147
2021-06-19 20:42:52,024 - utils.logger - INFO - Cur epoch 67 loss ccc:1.0616
2021-06-19 20:42:52,024 - utils.logger - INFO - saving the model at the end of epoch 67, iters 402
2021-06-19 20:42:52,243 - utils.logger - INFO - End of training epoch 67 / 70 	 Time Taken: 1 sec, Data loading: 0 sec
2021-06-19 20:42:52,243 - utils.logger - INFO - learning rate = 0.0000037
2021-06-19 20:42:52,660 - utils.logger - INFO - Trn result of epoch 67 / 70 mse 0.1364 rmse 0.3693 pcc 0.0878 ccc 0.0379
2021-06-19 20:42:52,806 - utils.logger - INFO - Val result of epoch 67 / 70 mse 0.1599 rmse 0.3998 pcc -0.0935 ccc -0.0364
2021-06-19 20:42:53,207 - utils.logger - INFO - Cur epoch 68 loss ccc:0.1258
2021-06-19 20:42:53,640 - utils.logger - INFO - Cur epoch 68 loss ccc:0.1106
2021-06-19 20:42:53,990 - utils.logger - INFO - Cur epoch 68 loss ccc:0.9993
2021-06-19 20:42:53,990 - utils.logger - INFO - saving the model at the end of epoch 68, iters 408
2021-06-19 20:42:54,227 - utils.logger - INFO - End of training epoch 68 / 70 	 Time Taken: 1 sec, Data loading: 0 sec
2021-06-19 20:42:54,227 - utils.logger - INFO - learning rate = 0.0000024
2021-06-19 20:42:54,691 - utils.logger - INFO - Trn result of epoch 68 / 70 mse 0.1349 rmse 0.3673 pcc 0.0839 ccc 0.0367
2021-06-19 20:42:54,851 - utils.logger - INFO - Val result of epoch 68 / 70 mse 0.1580 rmse 0.3975 pcc -0.0929 ccc -0.0367
2021-06-19 20:42:55,260 - utils.logger - INFO - Cur epoch 69 loss ccc:0.1098
2021-06-19 20:42:55,668 - utils.logger - INFO - Cur epoch 69 loss ccc:0.1036
2021-06-19 20:42:56,012 - utils.logger - INFO - Cur epoch 69 loss ccc:0.9972
2021-06-19 20:42:56,012 - utils.logger - INFO - saving the model at the end of epoch 69, iters 414
2021-06-19 20:42:56,248 - utils.logger - INFO - End of training epoch 69 / 70 	 Time Taken: 1 sec, Data loading: 0 sec
2021-06-19 20:42:56,248 - utils.logger - INFO - learning rate = 0.0000012
2021-06-19 20:42:56,668 - utils.logger - INFO - Trn result of epoch 69 / 70 mse 0.1350 rmse 0.3674 pcc 0.0835 ccc 0.0366
2021-06-19 20:42:56,812 - utils.logger - INFO - Val result of epoch 69 / 70 mse 0.1581 rmse 0.3976 pcc -0.0910 ccc -0.0360
2021-06-19 20:42:57,229 - utils.logger - INFO - Cur epoch 70 loss ccc:0.1247
2021-06-19 20:42:57,662 - utils.logger - INFO - Cur epoch 70 loss ccc:0.1033
2021-06-19 20:42:58,028 - utils.logger - INFO - Cur epoch 70 loss ccc:0.9248
2021-06-19 20:42:58,029 - utils.logger - INFO - saving the model at the end of epoch 70, iters 420
2021-06-19 20:42:58,265 - utils.logger - INFO - End of training epoch 70 / 70 	 Time Taken: 1 sec, Data loading: 0 sec
2021-06-19 20:42:58,265 - utils.logger - INFO - learning rate = 0.0000000
2021-06-19 20:42:58,743 - utils.logger - INFO - Trn result of epoch 70 / 70 mse 0.1349 rmse 0.3673 pcc 0.0836 ccc 0.0366
2021-06-19 20:42:58,905 - utils.logger - INFO - Val result of epoch 70 / 70 mse 0.1580 rmse 0.3975 pcc -0.0912 ccc -0.0360
2021-06-19 20:42:58,905 - utils.logger - INFO - Best eval epoch 4 found with ccc 0.005420
2021-06-19 20:42:58,905 - utils.logger - INFO - baseline_fcfusion_wonorm_wav2vec-egemaps_arousal_hidden1024_seq100_lr5e-05_cccloss_run2
