2021-06-07 03:36:00,188 - utils.logger - INFO - The number of training samples = 41
2021-06-07 03:36:02,936 - utils.logger - INFO - Cur epoch 1 loss MSE:0.2905
2021-06-07 03:36:03,277 - utils.logger - INFO - Cur epoch 1 loss MSE:0.0361
2021-06-07 03:36:03,543 - utils.logger - INFO - Cur epoch 1 loss MSE:14.7626
2021-06-07 03:36:03,544 - utils.logger - INFO - saving the model at the end of epoch 1, iters 6
2021-06-07 03:36:03,664 - utils.logger - INFO - End of training epoch 1 / 50 	 Time Taken: 1 sec, Data loading: 0 sec
2021-06-07 03:36:03,665 - utils.logger - INFO - learning rate = 0.0000100
2021-06-07 03:36:03,988 - utils.logger - INFO - Trn result of epoch 1 / 50 mse 0.1164 rmse 0.3412 pcc 0.0994 ccc 0.0006
2021-06-07 03:36:04,105 - utils.logger - INFO - Val result of epoch 1 / 50 mse 0.1314 rmse 0.3624 pcc -0.0537 ccc -0.0004
2021-06-07 03:36:04,432 - utils.logger - INFO - Cur epoch 2 loss MSE:0.1019
2021-06-07 03:36:04,753 - utils.logger - INFO - Cur epoch 2 loss MSE:0.1318
2021-06-07 03:36:05,022 - utils.logger - INFO - Cur epoch 2 loss MSE:0.7180
2021-06-07 03:36:05,022 - utils.logger - INFO - saving the model at the end of epoch 2, iters 12
2021-06-07 03:36:05,169 - utils.logger - INFO - End of training epoch 2 / 50 	 Time Taken: 1 sec, Data loading: 0 sec
2021-06-07 03:36:05,169 - utils.logger - INFO - learning rate = 0.0000100
2021-06-07 03:36:05,491 - utils.logger - INFO - Trn result of epoch 2 / 50 mse 0.1161 rmse 0.3407 pcc 0.0673 ccc 0.0009
2021-06-07 03:36:05,605 - utils.logger - INFO - Val result of epoch 2 / 50 mse 0.1313 rmse 0.3624 pcc -0.0878 ccc -0.0013
2021-06-07 03:36:05,910 - utils.logger - INFO - Cur epoch 3 loss MSE:0.6286
2021-06-07 03:36:06,232 - utils.logger - INFO - Cur epoch 3 loss MSE:0.1039
2021-06-07 03:36:06,489 - utils.logger - INFO - Cur epoch 3 loss MSE:7.7826
2021-06-07 03:36:06,489 - utils.logger - INFO - saving the model at the end of epoch 3, iters 18
2021-06-07 03:36:06,648 - utils.logger - INFO - End of training epoch 3 / 50 	 Time Taken: 1 sec, Data loading: 0 sec
2021-06-07 03:36:06,649 - utils.logger - INFO - learning rate = 0.0000100
2021-06-07 03:36:06,976 - utils.logger - INFO - Trn result of epoch 3 / 50 mse 0.1158 rmse 0.3403 pcc 0.0675 ccc 0.0013
2021-06-07 03:36:07,088 - utils.logger - INFO - Val result of epoch 3 / 50 mse 0.1312 rmse 0.3622 pcc -0.0839 ccc -0.0020
2021-06-07 03:36:07,392 - utils.logger - INFO - Cur epoch 4 loss MSE:0.0737
2021-06-07 03:36:07,705 - utils.logger - INFO - Cur epoch 4 loss MSE:0.3419
2021-06-07 03:36:07,954 - utils.logger - INFO - Cur epoch 4 loss MSE:5.1614
2021-06-07 03:36:07,954 - utils.logger - INFO - saving the model at the end of epoch 4, iters 24
2021-06-07 03:36:08,112 - utils.logger - INFO - End of training epoch 4 / 50 	 Time Taken: 1 sec, Data loading: 0 sec
2021-06-07 03:36:08,112 - utils.logger - INFO - learning rate = 0.0000100
2021-06-07 03:36:08,438 - utils.logger - INFO - Trn result of epoch 4 / 50 mse 0.1154 rmse 0.3397 pcc 0.0573 ccc 0.0017
2021-06-07 03:36:08,550 - utils.logger - INFO - Val result of epoch 4 / 50 mse 0.1312 rmse 0.3622 pcc -0.0965 ccc -0.0034
2021-06-07 03:36:08,862 - utils.logger - INFO - Cur epoch 5 loss MSE:0.2114
2021-06-07 03:36:09,181 - utils.logger - INFO - Cur epoch 5 loss MSE:0.1749
2021-06-07 03:36:09,437 - utils.logger - INFO - Cur epoch 5 loss MSE:13.6057
2021-06-07 03:36:09,437 - utils.logger - INFO - saving the model at the end of epoch 5, iters 30
2021-06-07 03:36:09,594 - utils.logger - INFO - End of training epoch 5 / 50 	 Time Taken: 1 sec, Data loading: 0 sec
2021-06-07 03:36:09,594 - utils.logger - INFO - learning rate = 0.0000100
2021-06-07 03:36:09,924 - utils.logger - INFO - Trn result of epoch 5 / 50 mse 0.1150 rmse 0.3392 pcc 0.0507 ccc 0.0020
2021-06-07 03:36:10,035 - utils.logger - INFO - Val result of epoch 5 / 50 mse 0.1311 rmse 0.3621 pcc -0.0971 ccc -0.0045
2021-06-07 03:36:10,353 - utils.logger - INFO - Cur epoch 6 loss MSE:0.1884
2021-06-07 03:36:10,683 - utils.logger - INFO - Cur epoch 6 loss MSE:0.0558
2021-06-07 03:36:10,962 - utils.logger - INFO - Cur epoch 6 loss MSE:0.2363
2021-06-07 03:36:10,962 - utils.logger - INFO - saving the model at the end of epoch 6, iters 36
2021-06-07 03:36:11,123 - utils.logger - INFO - End of training epoch 6 / 50 	 Time Taken: 1 sec, Data loading: 0 sec
2021-06-07 03:36:11,124 - utils.logger - INFO - learning rate = 0.0000100
2021-06-07 03:36:11,465 - utils.logger - INFO - Trn result of epoch 6 / 50 mse 0.1145 rmse 0.3384 pcc 0.0488 ccc 0.0028
2021-06-07 03:36:11,579 - utils.logger - INFO - Val result of epoch 6 / 50 mse 0.1311 rmse 0.3621 pcc -0.0905 ccc -0.0062
2021-06-07 03:36:11,892 - utils.logger - INFO - Cur epoch 7 loss MSE:0.1829
2021-06-07 03:36:12,212 - utils.logger - INFO - Cur epoch 7 loss MSE:0.0305
2021-06-07 03:36:12,490 - utils.logger - INFO - Cur epoch 7 loss MSE:2.2576
2021-06-07 03:36:12,490 - utils.logger - INFO - saving the model at the end of epoch 7, iters 42
2021-06-07 03:36:12,646 - utils.logger - INFO - End of training epoch 7 / 50 	 Time Taken: 1 sec, Data loading: 0 sec
2021-06-07 03:36:12,647 - utils.logger - INFO - learning rate = 0.0000100
2021-06-07 03:36:12,971 - utils.logger - INFO - Trn result of epoch 7 / 50 mse 0.1136 rmse 0.3370 pcc 0.0449 ccc 0.0044
2021-06-07 03:36:13,085 - utils.logger - INFO - Val result of epoch 7 / 50 mse 0.1316 rmse 0.3627 pcc -0.1051 ccc -0.0119
2021-06-07 03:36:13,408 - utils.logger - INFO - Cur epoch 8 loss MSE:0.0316
2021-06-07 03:36:13,732 - utils.logger - INFO - Cur epoch 8 loss MSE:0.3150
2021-06-07 03:36:13,993 - utils.logger - INFO - Cur epoch 8 loss MSE:13.1571
2021-06-07 03:36:13,994 - utils.logger - INFO - saving the model at the end of epoch 8, iters 48
2021-06-07 03:36:14,135 - utils.logger - INFO - End of training epoch 8 / 50 	 Time Taken: 1 sec, Data loading: 0 sec
2021-06-07 03:36:14,136 - utils.logger - INFO - learning rate = 0.0000100
2021-06-07 03:36:14,463 - utils.logger - INFO - Trn result of epoch 8 / 50 mse 0.1131 rmse 0.3362 pcc 0.0516 ccc 0.0057
2021-06-07 03:36:14,576 - utils.logger - INFO - Val result of epoch 8 / 50 mse 0.1316 rmse 0.3628 pcc -0.1019 ccc -0.0131
2021-06-07 03:36:14,892 - utils.logger - INFO - Cur epoch 9 loss MSE:0.4138
2021-06-07 03:36:15,206 - utils.logger - INFO - Cur epoch 9 loss MSE:0.0219
2021-06-07 03:36:15,473 - utils.logger - INFO - Cur epoch 9 loss MSE:15.0055
2021-06-07 03:36:15,473 - utils.logger - INFO - saving the model at the end of epoch 9, iters 54
2021-06-07 03:36:15,628 - utils.logger - INFO - End of training epoch 9 / 50 	 Time Taken: 1 sec, Data loading: 0 sec
2021-06-07 03:36:15,628 - utils.logger - INFO - learning rate = 0.0000100
2021-06-07 03:36:15,958 - utils.logger - INFO - Trn result of epoch 9 / 50 mse 0.1123 rmse 0.3352 pcc 0.0593 ccc 0.0056
2021-06-07 03:36:16,072 - utils.logger - INFO - Val result of epoch 9 / 50 mse 0.1313 rmse 0.3624 pcc -0.1264 ccc -0.0139
2021-06-07 03:36:16,386 - utils.logger - INFO - Cur epoch 10 loss MSE:0.1000
2021-06-07 03:36:16,698 - utils.logger - INFO - Cur epoch 10 loss MSE:0.0298
2021-06-07 03:36:16,967 - utils.logger - INFO - Cur epoch 10 loss MSE:31.3816
2021-06-07 03:36:16,967 - utils.logger - INFO - saving the model at the end of epoch 10, iters 60
2021-06-07 03:36:17,127 - utils.logger - INFO - End of training epoch 10 / 50 	 Time Taken: 1 sec, Data loading: 0 sec
2021-06-07 03:36:17,128 - utils.logger - INFO - learning rate = 0.0000100
2021-06-07 03:36:17,456 - utils.logger - INFO - Trn result of epoch 10 / 50 mse 0.1121 rmse 0.3348 pcc 0.0576 ccc 0.0058
2021-06-07 03:36:17,568 - utils.logger - INFO - Val result of epoch 10 / 50 mse 0.1313 rmse 0.3624 pcc -0.1207 ccc -0.0141
2021-06-07 03:36:17,889 - utils.logger - INFO - Cur epoch 11 loss MSE:0.1238
2021-06-07 03:36:18,202 - utils.logger - INFO - Cur epoch 11 loss MSE:0.4541
2021-06-07 03:36:18,457 - utils.logger - INFO - Cur epoch 11 loss MSE:23.6407
2021-06-07 03:36:18,457 - utils.logger - INFO - saving the model at the end of epoch 11, iters 66
2021-06-07 03:36:18,617 - utils.logger - INFO - End of training epoch 11 / 50 	 Time Taken: 1 sec, Data loading: 0 sec
2021-06-07 03:36:18,618 - utils.logger - INFO - learning rate = 0.0000100
2021-06-07 03:36:18,943 - utils.logger - INFO - Trn result of epoch 11 / 50 mse 0.1112 rmse 0.3335 pcc 0.0720 ccc 0.0084
2021-06-07 03:36:19,058 - utils.logger - INFO - Val result of epoch 11 / 50 mse 0.1313 rmse 0.3624 pcc -0.1166 ccc -0.0154
2021-06-07 03:36:19,374 - utils.logger - INFO - Cur epoch 12 loss MSE:0.0100
2021-06-07 03:36:19,691 - utils.logger - INFO - Cur epoch 12 loss MSE:0.2069
2021-06-07 03:36:19,956 - utils.logger - INFO - Cur epoch 12 loss MSE:6.0624
2021-06-07 03:36:19,957 - utils.logger - INFO - saving the model at the end of epoch 12, iters 72
2021-06-07 03:36:20,119 - utils.logger - INFO - End of training epoch 12 / 50 	 Time Taken: 1 sec, Data loading: 0 sec
2021-06-07 03:36:20,119 - utils.logger - INFO - learning rate = 0.0000100
2021-06-07 03:36:20,449 - utils.logger - INFO - Trn result of epoch 12 / 50 mse 0.1096 rmse 0.3311 pcc 0.0881 ccc 0.0120
2021-06-07 03:36:20,562 - utils.logger - INFO - Val result of epoch 12 / 50 mse 0.1310 rmse 0.3620 pcc -0.1011 ccc -0.0152
2021-06-07 03:36:20,886 - utils.logger - INFO - Cur epoch 13 loss MSE:0.0933
2021-06-07 03:36:21,209 - utils.logger - INFO - Cur epoch 13 loss MSE:0.3122
2021-06-07 03:36:21,475 - utils.logger - INFO - Cur epoch 13 loss MSE:1.9287
2021-06-07 03:36:21,475 - utils.logger - INFO - saving the model at the end of epoch 13, iters 78
2021-06-07 03:36:21,635 - utils.logger - INFO - End of training epoch 13 / 50 	 Time Taken: 1 sec, Data loading: 0 sec
2021-06-07 03:36:21,635 - utils.logger - INFO - learning rate = 0.0000100
2021-06-07 03:36:21,966 - utils.logger - INFO - Trn result of epoch 13 / 50 mse 0.1212 rmse 0.3481 pcc 0.2612 ccc 0.0790
2021-06-07 03:36:22,081 - utils.logger - INFO - Val result of epoch 13 / 50 mse 0.1503 rmse 0.3877 pcc 0.2541 ccc 0.0683
2021-06-07 03:36:22,400 - utils.logger - INFO - Cur epoch 14 loss MSE:0.0757
2021-06-07 03:36:22,723 - utils.logger - INFO - Cur epoch 14 loss MSE:0.5265
2021-06-07 03:36:22,980 - utils.logger - INFO - Cur epoch 14 loss MSE:20.6839
2021-06-07 03:36:22,980 - utils.logger - INFO - saving the model at the end of epoch 14, iters 84
2021-06-07 03:36:23,140 - utils.logger - INFO - End of training epoch 14 / 50 	 Time Taken: 1 sec, Data loading: 0 sec
2021-06-07 03:36:23,140 - utils.logger - INFO - learning rate = 0.0000100
2021-06-07 03:36:23,470 - utils.logger - INFO - Trn result of epoch 14 / 50 mse 0.1031 rmse 0.3211 pcc 0.2936 ccc 0.0800
2021-06-07 03:36:23,582 - utils.logger - INFO - Val result of epoch 14 / 50 mse 0.1282 rmse 0.3581 pcc 0.2054 ccc 0.0574
2021-06-07 03:36:23,908 - utils.logger - INFO - Cur epoch 15 loss MSE:0.2433
2021-06-07 03:36:24,227 - utils.logger - INFO - Cur epoch 15 loss MSE:0.2175
2021-06-07 03:36:24,486 - utils.logger - INFO - Cur epoch 15 loss MSE:3.0009
2021-06-07 03:36:24,486 - utils.logger - INFO - saving the model at the end of epoch 15, iters 90
2021-06-07 03:36:24,648 - utils.logger - INFO - End of training epoch 15 / 50 	 Time Taken: 1 sec, Data loading: 0 sec
2021-06-07 03:36:24,648 - utils.logger - INFO - learning rate = 0.0000100
2021-06-07 03:36:24,980 - utils.logger - INFO - Trn result of epoch 15 / 50 mse 0.1102 rmse 0.3320 pcc 0.2889 ccc 0.0840
2021-06-07 03:36:25,093 - utils.logger - INFO - Val result of epoch 15 / 50 mse 0.1383 rmse 0.3719 pcc 0.2396 ccc 0.0665
2021-06-07 03:36:25,410 - utils.logger - INFO - Cur epoch 16 loss MSE:0.2657
2021-06-07 03:36:25,737 - utils.logger - INFO - Cur epoch 16 loss MSE:0.4225
2021-06-07 03:36:25,999 - utils.logger - INFO - Cur epoch 16 loss MSE:5.0504
2021-06-07 03:36:25,999 - utils.logger - INFO - saving the model at the end of epoch 16, iters 96
2021-06-07 03:36:26,162 - utils.logger - INFO - End of training epoch 16 / 50 	 Time Taken: 1 sec, Data loading: 0 sec
2021-06-07 03:36:26,162 - utils.logger - INFO - learning rate = 0.0000100
2021-06-07 03:36:26,492 - utils.logger - INFO - Trn result of epoch 16 / 50 mse 0.1005 rmse 0.3171 pcc 0.3278 ccc 0.0977
2021-06-07 03:36:26,605 - utils.logger - INFO - Val result of epoch 16 / 50 mse 0.1270 rmse 0.3564 pcc 0.1855 ccc 0.0575
2021-06-07 03:36:26,922 - utils.logger - INFO - Cur epoch 17 loss MSE:0.1063
2021-06-07 03:36:27,246 - utils.logger - INFO - Cur epoch 17 loss MSE:0.5226
2021-06-07 03:36:27,506 - utils.logger - INFO - Cur epoch 17 loss MSE:4.5848
2021-06-07 03:36:27,506 - utils.logger - INFO - saving the model at the end of epoch 17, iters 102
2021-06-07 03:36:27,666 - utils.logger - INFO - End of training epoch 17 / 50 	 Time Taken: 1 sec, Data loading: 0 sec
2021-06-07 03:36:27,666 - utils.logger - INFO - learning rate = 0.0000100
2021-06-07 03:36:27,990 - utils.logger - INFO - Trn result of epoch 17 / 50 mse 0.1029 rmse 0.3208 pcc 0.3193 ccc 0.1100
2021-06-07 03:36:28,102 - utils.logger - INFO - Val result of epoch 17 / 50 mse 0.1283 rmse 0.3582 pcc 0.2614 ccc 0.0888
2021-06-07 03:36:28,425 - utils.logger - INFO - Cur epoch 18 loss MSE:0.2449
2021-06-07 03:36:28,744 - utils.logger - INFO - Cur epoch 18 loss MSE:0.0245
2021-06-07 03:36:29,004 - utils.logger - INFO - Cur epoch 18 loss MSE:1.7758
2021-06-07 03:36:29,004 - utils.logger - INFO - saving the model at the end of epoch 18, iters 108
2021-06-07 03:36:29,165 - utils.logger - INFO - End of training epoch 18 / 50 	 Time Taken: 1 sec, Data loading: 0 sec
2021-06-07 03:36:29,166 - utils.logger - INFO - learning rate = 0.0000100
2021-06-07 03:36:29,490 - utils.logger - INFO - Trn result of epoch 18 / 50 mse 0.1251 rmse 0.3537 pcc 0.2887 ccc 0.1044
2021-06-07 03:36:29,603 - utils.logger - INFO - Val result of epoch 18 / 50 mse 0.1595 rmse 0.3994 pcc 0.2231 ccc 0.0720
2021-06-07 03:36:29,928 - utils.logger - INFO - Cur epoch 19 loss MSE:0.7461
2021-06-07 03:36:30,248 - utils.logger - INFO - Cur epoch 19 loss MSE:0.5513
2021-06-07 03:36:30,504 - utils.logger - INFO - Cur epoch 19 loss MSE:0.4595
2021-06-07 03:36:30,504 - utils.logger - INFO - saving the model at the end of epoch 19, iters 114
2021-06-07 03:36:30,662 - utils.logger - INFO - End of training epoch 19 / 50 	 Time Taken: 1 sec, Data loading: 0 sec
2021-06-07 03:36:30,662 - utils.logger - INFO - learning rate = 0.0000100
2021-06-07 03:36:30,986 - utils.logger - INFO - Trn result of epoch 19 / 50 mse 0.0996 rmse 0.3156 pcc 0.3422 ccc 0.0989
2021-06-07 03:36:31,098 - utils.logger - INFO - Val result of epoch 19 / 50 mse 0.1236 rmse 0.3515 pcc 0.2147 ccc 0.0575
2021-06-07 03:36:31,411 - utils.logger - INFO - Cur epoch 20 loss MSE:0.0581
2021-06-07 03:36:31,736 - utils.logger - INFO - Cur epoch 20 loss MSE:0.1231
2021-06-07 03:36:31,998 - utils.logger - INFO - Cur epoch 20 loss MSE:0.3680
2021-06-07 03:36:31,998 - utils.logger - INFO - saving the model at the end of epoch 20, iters 120
2021-06-07 03:36:32,158 - utils.logger - INFO - End of training epoch 20 / 50 	 Time Taken: 1 sec, Data loading: 0 sec
2021-06-07 03:36:32,158 - utils.logger - INFO - learning rate = 0.0000097
2021-06-07 03:36:32,483 - utils.logger - INFO - Trn result of epoch 20 / 50 mse 0.1009 rmse 0.3176 pcc 0.3240 ccc 0.0884
2021-06-07 03:36:32,595 - utils.logger - INFO - Val result of epoch 20 / 50 mse 0.1254 rmse 0.3541 pcc 0.1534 ccc 0.0423
2021-06-07 03:36:32,922 - utils.logger - INFO - Cur epoch 21 loss MSE:0.2650
2021-06-07 03:36:33,240 - utils.logger - INFO - Cur epoch 21 loss MSE:0.1461
2021-06-07 03:36:33,500 - utils.logger - INFO - Cur epoch 21 loss MSE:2.6217
2021-06-07 03:36:33,500 - utils.logger - INFO - saving the model at the end of epoch 21, iters 126
2021-06-07 03:36:33,660 - utils.logger - INFO - End of training epoch 21 / 50 	 Time Taken: 1 sec, Data loading: 0 sec
2021-06-07 03:36:33,660 - utils.logger - INFO - learning rate = 0.0000094
2021-06-07 03:36:33,987 - utils.logger - INFO - Trn result of epoch 21 / 50 mse 0.0990 rmse 0.3147 pcc 0.3448 ccc 0.1305
2021-06-07 03:36:34,100 - utils.logger - INFO - Val result of epoch 21 / 50 mse 0.1227 rmse 0.3502 pcc 0.2844 ccc 0.1038
2021-06-07 03:36:34,422 - utils.logger - INFO - Cur epoch 22 loss MSE:0.8505
2021-06-07 03:36:34,740 - utils.logger - INFO - Cur epoch 22 loss MSE:0.0791
2021-06-07 03:36:35,001 - utils.logger - INFO - Cur epoch 22 loss MSE:1.8583
2021-06-07 03:36:35,002 - utils.logger - INFO - saving the model at the end of epoch 22, iters 132
2021-06-07 03:36:35,162 - utils.logger - INFO - End of training epoch 22 / 50 	 Time Taken: 1 sec, Data loading: 0 sec
2021-06-07 03:36:35,162 - utils.logger - INFO - learning rate = 0.0000090
2021-06-07 03:36:35,493 - utils.logger - INFO - Trn result of epoch 22 / 50 mse 0.0992 rmse 0.3150 pcc 0.3479 ccc 0.1532
2021-06-07 03:36:35,609 - utils.logger - INFO - Val result of epoch 22 / 50 mse 0.1225 rmse 0.3500 pcc 0.3079 ccc 0.1279
2021-06-07 03:36:35,927 - utils.logger - INFO - Cur epoch 23 loss MSE:0.0791
2021-06-07 03:36:36,242 - utils.logger - INFO - Cur epoch 23 loss MSE:0.1264
2021-06-07 03:36:36,516 - utils.logger - INFO - Cur epoch 23 loss MSE:6.2364
2021-06-07 03:36:36,516 - utils.logger - INFO - saving the model at the end of epoch 23, iters 138
2021-06-07 03:36:36,678 - utils.logger - INFO - End of training epoch 23 / 50 	 Time Taken: 1 sec, Data loading: 0 sec
2021-06-07 03:36:36,678 - utils.logger - INFO - learning rate = 0.0000087
2021-06-07 03:36:37,003 - utils.logger - INFO - Trn result of epoch 23 / 50 mse 0.0959 rmse 0.3096 pcc 0.3783 ccc 0.1540
2021-06-07 03:36:37,115 - utils.logger - INFO - Val result of epoch 23 / 50 mse 0.1207 rmse 0.3474 pcc 0.2796 ccc 0.1052
2021-06-07 03:36:37,456 - utils.logger - INFO - Cur epoch 24 loss MSE:0.0176
2021-06-07 03:36:37,795 - utils.logger - INFO - Cur epoch 24 loss MSE:0.3930
2021-06-07 03:36:38,081 - utils.logger - INFO - Cur epoch 24 loss MSE:18.8149
2021-06-07 03:36:38,081 - utils.logger - INFO - saving the model at the end of epoch 24, iters 144
2021-06-07 03:36:38,240 - utils.logger - INFO - End of training epoch 24 / 50 	 Time Taken: 1 sec, Data loading: 0 sec
2021-06-07 03:36:38,241 - utils.logger - INFO - learning rate = 0.0000084
2021-06-07 03:36:38,574 - utils.logger - INFO - Trn result of epoch 24 / 50 mse 0.1003 rmse 0.3167 pcc 0.3481 ccc 0.0986
2021-06-07 03:36:38,689 - utils.logger - INFO - Val result of epoch 24 / 50 mse 0.1247 rmse 0.3531 pcc 0.1710 ccc 0.0457
2021-06-07 03:36:39,000 - utils.logger - INFO - Cur epoch 25 loss MSE:5.2627
2021-06-07 03:36:39,321 - utils.logger - INFO - Cur epoch 25 loss MSE:0.0931
2021-06-07 03:36:39,588 - utils.logger - INFO - Cur epoch 25 loss MSE:9.3323
2021-06-07 03:36:39,588 - utils.logger - INFO - saving the model at the end of epoch 25, iters 150
2021-06-07 03:36:39,751 - utils.logger - INFO - End of training epoch 25 / 50 	 Time Taken: 1 sec, Data loading: 0 sec
2021-06-07 03:36:39,752 - utils.logger - INFO - learning rate = 0.0000081
2021-06-07 03:36:40,078 - utils.logger - INFO - Trn result of epoch 25 / 50 mse 0.0948 rmse 0.3078 pcc 0.4151 ccc 0.1559
2021-06-07 03:36:40,190 - utils.logger - INFO - Val result of epoch 25 / 50 mse 0.1217 rmse 0.3488 pcc 0.2418 ccc 0.0817
2021-06-07 03:36:40,516 - utils.logger - INFO - Cur epoch 26 loss MSE:0.2865
2021-06-07 03:36:40,834 - utils.logger - INFO - Cur epoch 26 loss MSE:0.4159
2021-06-07 03:36:41,094 - utils.logger - INFO - Cur epoch 26 loss MSE:5.5946
2021-06-07 03:36:41,094 - utils.logger - INFO - saving the model at the end of epoch 26, iters 156
2021-06-07 03:36:41,253 - utils.logger - INFO - End of training epoch 26 / 50 	 Time Taken: 1 sec, Data loading: 0 sec
2021-06-07 03:36:41,253 - utils.logger - INFO - learning rate = 0.0000077
2021-06-07 03:36:41,574 - utils.logger - INFO - Trn result of epoch 26 / 50 mse 0.0939 rmse 0.3064 pcc 0.4185 ccc 0.1675
2021-06-07 03:36:41,687 - utils.logger - INFO - Val result of epoch 26 / 50 mse 0.1192 rmse 0.3452 pcc 0.2966 ccc 0.1036
2021-06-07 03:36:41,992 - utils.logger - INFO - Cur epoch 27 loss MSE:0.5145
2021-06-07 03:36:42,322 - utils.logger - INFO - Cur epoch 27 loss MSE:0.3162
2021-06-07 03:36:42,591 - utils.logger - INFO - Cur epoch 27 loss MSE:0.4942
2021-06-07 03:36:42,592 - utils.logger - INFO - saving the model at the end of epoch 27, iters 162
2021-06-07 03:36:42,748 - utils.logger - INFO - End of training epoch 27 / 50 	 Time Taken: 1 sec, Data loading: 0 sec
2021-06-07 03:36:42,748 - utils.logger - INFO - learning rate = 0.0000074
2021-06-07 03:36:43,081 - utils.logger - INFO - Trn result of epoch 27 / 50 mse 0.0982 rmse 0.3133 pcc 0.3991 ccc 0.1225
2021-06-07 03:36:43,195 - utils.logger - INFO - Val result of epoch 27 / 50 mse 0.1234 rmse 0.3512 pcc 0.2046 ccc 0.0573
2021-06-07 03:36:43,509 - utils.logger - INFO - Cur epoch 28 loss MSE:0.1147
2021-06-07 03:36:43,827 - utils.logger - INFO - Cur epoch 28 loss MSE:0.0218
2021-06-07 03:36:44,107 - utils.logger - INFO - Cur epoch 28 loss MSE:2.4565
2021-06-07 03:36:44,107 - utils.logger - INFO - saving the model at the end of epoch 28, iters 168
2021-06-07 03:36:44,262 - utils.logger - INFO - End of training epoch 28 / 50 	 Time Taken: 1 sec, Data loading: 0 sec
2021-06-07 03:36:44,262 - utils.logger - INFO - learning rate = 0.0000071
2021-06-07 03:36:44,585 - utils.logger - INFO - Trn result of epoch 28 / 50 mse 0.0913 rmse 0.3022 pcc 0.4285 ccc 0.2166
2021-06-07 03:36:44,698 - utils.logger - INFO - Val result of epoch 28 / 50 mse 0.1185 rmse 0.3442 pcc 0.2993 ccc 0.1313
2021-06-07 03:36:45,023 - utils.logger - INFO - Cur epoch 29 loss MSE:1.1289
2021-06-07 03:36:45,342 - utils.logger - INFO - Cur epoch 29 loss MSE:0.2678
2021-06-07 03:36:45,591 - utils.logger - INFO - Cur epoch 29 loss MSE:6.0504
2021-06-07 03:36:45,591 - utils.logger - INFO - saving the model at the end of epoch 29, iters 174
2021-06-07 03:36:45,750 - utils.logger - INFO - End of training epoch 29 / 50 	 Time Taken: 1 sec, Data loading: 0 sec
2021-06-07 03:36:45,750 - utils.logger - INFO - learning rate = 0.0000068
2021-06-07 03:36:46,072 - utils.logger - INFO - Trn result of epoch 29 / 50 mse 0.0936 rmse 0.3059 pcc 0.3879 ccc 0.2081
2021-06-07 03:36:46,185 - utils.logger - INFO - Val result of epoch 29 / 50 mse 0.1192 rmse 0.3452 pcc 0.2879 ccc 0.1338
2021-06-07 03:36:46,502 - utils.logger - INFO - Cur epoch 30 loss MSE:0.1162
2021-06-07 03:36:46,819 - utils.logger - INFO - Cur epoch 30 loss MSE:0.1963
2021-06-07 03:36:47,086 - utils.logger - INFO - Cur epoch 30 loss MSE:8.3800
2021-06-07 03:36:47,086 - utils.logger - INFO - saving the model at the end of epoch 30, iters 180
2021-06-07 03:36:47,245 - utils.logger - INFO - End of training epoch 30 / 50 	 Time Taken: 1 sec, Data loading: 0 sec
2021-06-07 03:36:47,246 - utils.logger - INFO - learning rate = 0.0000065
2021-06-07 03:36:47,573 - utils.logger - INFO - Trn result of epoch 30 / 50 mse 0.0914 rmse 0.3024 pcc 0.4236 ccc 0.2099
2021-06-07 03:36:47,686 - utils.logger - INFO - Val result of epoch 30 / 50 mse 0.1205 rmse 0.3472 pcc 0.2565 ccc 0.1118
2021-06-07 03:36:48,003 - utils.logger - INFO - Cur epoch 31 loss MSE:0.0300
2021-06-07 03:36:48,323 - utils.logger - INFO - Cur epoch 31 loss MSE:0.3334
2021-06-07 03:36:48,589 - utils.logger - INFO - Cur epoch 31 loss MSE:6.7718
2021-06-07 03:36:48,589 - utils.logger - INFO - saving the model at the end of epoch 31, iters 186
2021-06-07 03:36:48,749 - utils.logger - INFO - End of training epoch 31 / 50 	 Time Taken: 1 sec, Data loading: 0 sec
2021-06-07 03:36:48,749 - utils.logger - INFO - learning rate = 0.0000061
2021-06-07 03:36:49,076 - utils.logger - INFO - Trn result of epoch 31 / 50 mse 0.0942 rmse 0.3070 pcc 0.4009 ccc 0.1753
2021-06-07 03:36:49,187 - utils.logger - INFO - Val result of epoch 31 / 50 mse 0.1240 rmse 0.3521 pcc 0.1858 ccc 0.0734
2021-06-07 03:36:49,506 - utils.logger - INFO - Cur epoch 32 loss MSE:0.3106
2021-06-07 03:36:49,826 - utils.logger - INFO - Cur epoch 32 loss MSE:0.5414
2021-06-07 03:36:50,093 - utils.logger - INFO - Cur epoch 32 loss MSE:18.5241
2021-06-07 03:36:50,093 - utils.logger - INFO - saving the model at the end of epoch 32, iters 192
2021-06-07 03:36:50,252 - utils.logger - INFO - End of training epoch 32 / 50 	 Time Taken: 1 sec, Data loading: 0 sec
2021-06-07 03:36:50,252 - utils.logger - INFO - learning rate = 0.0000058
2021-06-07 03:36:50,579 - utils.logger - INFO - Trn result of epoch 32 / 50 mse 0.0888 rmse 0.2981 pcc 0.4643 ccc 0.2337
2021-06-07 03:36:50,691 - utils.logger - INFO - Val result of epoch 32 / 50 mse 0.1197 rmse 0.3459 pcc 0.2692 ccc 0.1137
2021-06-07 03:36:51,009 - utils.logger - INFO - Cur epoch 33 loss MSE:0.0734
2021-06-07 03:36:51,330 - utils.logger - INFO - Cur epoch 33 loss MSE:1.5005
2021-06-07 03:36:51,603 - utils.logger - INFO - Cur epoch 33 loss MSE:0.1899
2021-06-07 03:36:51,603 - utils.logger - INFO - saving the model at the end of epoch 33, iters 198
2021-06-07 03:36:51,758 - utils.logger - INFO - End of training epoch 33 / 50 	 Time Taken: 1 sec, Data loading: 0 sec
2021-06-07 03:36:51,758 - utils.logger - INFO - learning rate = 0.0000055
2021-06-07 03:36:52,086 - utils.logger - INFO - Trn result of epoch 33 / 50 mse 0.0904 rmse 0.3006 pcc 0.4437 ccc 0.2735
2021-06-07 03:36:52,198 - utils.logger - INFO - Val result of epoch 33 / 50 mse 0.1204 rmse 0.3471 pcc 0.3000 ccc 0.1687
2021-06-07 03:36:52,516 - utils.logger - INFO - Cur epoch 34 loss MSE:0.0981
2021-06-07 03:36:52,841 - utils.logger - INFO - Cur epoch 34 loss MSE:1.6200
2021-06-07 03:36:53,090 - utils.logger - INFO - Cur epoch 34 loss MSE:6.6615
2021-06-07 03:36:53,090 - utils.logger - INFO - saving the model at the end of epoch 34, iters 204
2021-06-07 03:36:53,250 - utils.logger - INFO - End of training epoch 34 / 50 	 Time Taken: 1 sec, Data loading: 0 sec
2021-06-07 03:36:53,250 - utils.logger - INFO - learning rate = 0.0000052
2021-06-07 03:36:53,577 - utils.logger - INFO - Trn result of epoch 34 / 50 mse 0.0865 rmse 0.2941 pcc 0.4798 ccc 0.2716
2021-06-07 03:36:53,689 - utils.logger - INFO - Val result of epoch 34 / 50 mse 0.1213 rmse 0.3483 pcc 0.2482 ccc 0.1227
2021-06-07 03:36:54,011 - utils.logger - INFO - Cur epoch 35 loss MSE:0.1113
2021-06-07 03:36:54,325 - utils.logger - INFO - Cur epoch 35 loss MSE:0.5120
2021-06-07 03:36:54,586 - utils.logger - INFO - Cur epoch 35 loss MSE:0.7034
2021-06-07 03:36:54,586 - utils.logger - INFO - saving the model at the end of epoch 35, iters 210
2021-06-07 03:36:54,745 - utils.logger - INFO - End of training epoch 35 / 50 	 Time Taken: 1 sec, Data loading: 0 sec
2021-06-07 03:36:54,746 - utils.logger - INFO - learning rate = 0.0000048
2021-06-07 03:36:55,065 - utils.logger - INFO - Trn result of epoch 35 / 50 mse 0.0946 rmse 0.3075 pcc 0.4165 ccc 0.1647
2021-06-07 03:36:55,176 - utils.logger - INFO - Val result of epoch 35 / 50 mse 0.1214 rmse 0.3484 pcc 0.2477 ccc 0.0776
2021-06-07 03:36:55,493 - utils.logger - INFO - Cur epoch 36 loss MSE:0.1557
2021-06-07 03:36:55,814 - utils.logger - INFO - Cur epoch 36 loss MSE:0.4043
2021-06-07 03:36:56,080 - utils.logger - INFO - Cur epoch 36 loss MSE:19.0656
2021-06-07 03:36:56,080 - utils.logger - INFO - saving the model at the end of epoch 36, iters 216
2021-06-07 03:36:56,240 - utils.logger - INFO - End of training epoch 36 / 50 	 Time Taken: 1 sec, Data loading: 0 sec
2021-06-07 03:36:56,240 - utils.logger - INFO - learning rate = 0.0000045
2021-06-07 03:36:56,564 - utils.logger - INFO - Trn result of epoch 36 / 50 mse 0.0885 rmse 0.2975 pcc 0.4610 ccc 0.2519
2021-06-07 03:36:56,676 - utils.logger - INFO - Val result of epoch 36 / 50 mse 0.1186 rmse 0.3444 pcc 0.2960 ccc 0.1411
2021-06-07 03:36:57,000 - utils.logger - INFO - Cur epoch 37 loss MSE:1.5055
2021-06-07 03:36:57,314 - utils.logger - INFO - Cur epoch 37 loss MSE:0.2677
2021-06-07 03:36:57,572 - utils.logger - INFO - Cur epoch 37 loss MSE:28.7280
2021-06-07 03:36:57,572 - utils.logger - INFO - saving the model at the end of epoch 37, iters 222
2021-06-07 03:36:57,714 - utils.logger - INFO - End of training epoch 37 / 50 	 Time Taken: 1 sec, Data loading: 0 sec
2021-06-07 03:36:57,714 - utils.logger - INFO - learning rate = 0.0000042
2021-06-07 03:36:58,044 - utils.logger - INFO - Trn result of epoch 37 / 50 mse 0.0879 rmse 0.2965 pcc 0.4788 ccc 0.2431
2021-06-07 03:36:58,155 - utils.logger - INFO - Val result of epoch 37 / 50 mse 0.1203 rmse 0.3468 pcc 0.2566 ccc 0.1078
2021-06-07 03:36:58,480 - utils.logger - INFO - Cur epoch 38 loss MSE:0.8519
2021-06-07 03:36:58,796 - utils.logger - INFO - Cur epoch 38 loss MSE:0.3335
2021-06-07 03:36:59,056 - utils.logger - INFO - Cur epoch 38 loss MSE:7.4363
2021-06-07 03:36:59,056 - utils.logger - INFO - saving the model at the end of epoch 38, iters 228
2021-06-07 03:36:59,208 - utils.logger - INFO - End of training epoch 38 / 50 	 Time Taken: 1 sec, Data loading: 0 sec
2021-06-07 03:36:59,208 - utils.logger - INFO - learning rate = 0.0000039
2021-06-07 03:36:59,529 - utils.logger - INFO - Trn result of epoch 38 / 50 mse 0.1051 rmse 0.3242 pcc 0.3628 ccc 0.2346
2021-06-07 03:36:59,641 - utils.logger - INFO - Val result of epoch 38 / 50 mse 0.1271 rmse 0.3565 pcc 0.3234 ccc 0.1988
2021-06-07 03:36:59,959 - utils.logger - INFO - Cur epoch 39 loss MSE:0.1424
2021-06-07 03:37:00,286 - utils.logger - INFO - Cur epoch 39 loss MSE:0.9372
2021-06-07 03:37:00,546 - utils.logger - INFO - Cur epoch 39 loss MSE:2.5757
2021-06-07 03:37:00,546 - utils.logger - INFO - saving the model at the end of epoch 39, iters 234
2021-06-07 03:37:00,706 - utils.logger - INFO - End of training epoch 39 / 50 	 Time Taken: 1 sec, Data loading: 0 sec
2021-06-07 03:37:00,706 - utils.logger - INFO - learning rate = 0.0000035
2021-06-07 03:37:01,031 - utils.logger - INFO - Trn result of epoch 39 / 50 mse 0.0974 rmse 0.3121 pcc 0.3804 ccc 0.2479
2021-06-07 03:37:01,142 - utils.logger - INFO - Val result of epoch 39 / 50 mse 0.1221 rmse 0.3495 pcc 0.2917 ccc 0.1746
2021-06-07 03:37:01,468 - utils.logger - INFO - Cur epoch 40 loss MSE:0.6293
2021-06-07 03:37:01,774 - utils.logger - INFO - Cur epoch 40 loss MSE:9.2480
2021-06-07 03:37:02,043 - utils.logger - INFO - Cur epoch 40 loss MSE:0.8533
2021-06-07 03:37:02,043 - utils.logger - INFO - saving the model at the end of epoch 40, iters 240
2021-06-07 03:37:02,199 - utils.logger - INFO - End of training epoch 40 / 50 	 Time Taken: 1 sec, Data loading: 0 sec
2021-06-07 03:37:02,200 - utils.logger - INFO - learning rate = 0.0000032
2021-06-07 03:37:02,524 - utils.logger - INFO - Trn result of epoch 40 / 50 mse 0.0868 rmse 0.2947 pcc 0.4625 ccc 0.2916
2021-06-07 03:37:02,636 - utils.logger - INFO - Val result of epoch 40 / 50 mse 0.1227 rmse 0.3503 pcc 0.2410 ccc 0.1335
2021-06-07 03:37:02,950 - utils.logger - INFO - Cur epoch 41 loss MSE:0.0642
2021-06-07 03:37:03,263 - utils.logger - INFO - Cur epoch 41 loss MSE:1.1896
2021-06-07 03:37:03,539 - utils.logger - INFO - Cur epoch 41 loss MSE:0.3457
2021-06-07 03:37:03,539 - utils.logger - INFO - saving the model at the end of epoch 41, iters 246
2021-06-07 03:37:03,695 - utils.logger - INFO - End of training epoch 41 / 50 	 Time Taken: 1 sec, Data loading: 0 sec
2021-06-07 03:37:03,696 - utils.logger - INFO - learning rate = 0.0000029
2021-06-07 03:37:04,025 - utils.logger - INFO - Trn result of epoch 41 / 50 mse 0.0856 rmse 0.2925 pcc 0.4768 ccc 0.3024
2021-06-07 03:37:04,139 - utils.logger - INFO - Val result of epoch 41 / 50 mse 0.1226 rmse 0.3502 pcc 0.2391 ccc 0.1311
2021-06-07 03:37:04,456 - utils.logger - INFO - Cur epoch 42 loss MSE:0.9146
2021-06-07 03:37:04,777 - utils.logger - INFO - Cur epoch 42 loss MSE:0.1512
2021-06-07 03:37:05,037 - utils.logger - INFO - Cur epoch 42 loss MSE:19.5886
2021-06-07 03:37:05,037 - utils.logger - INFO - saving the model at the end of epoch 42, iters 252
2021-06-07 03:37:05,194 - utils.logger - INFO - End of training epoch 42 / 50 	 Time Taken: 1 sec, Data loading: 0 sec
2021-06-07 03:37:05,194 - utils.logger - INFO - learning rate = 0.0000026
2021-06-07 03:37:05,524 - utils.logger - INFO - Trn result of epoch 42 / 50 mse 0.0848 rmse 0.2912 pcc 0.4900 ccc 0.3173
2021-06-07 03:37:05,636 - utils.logger - INFO - Val result of epoch 42 / 50 mse 0.1212 rmse 0.3482 pcc 0.2695 ccc 0.1527
2021-06-07 03:37:05,959 - utils.logger - INFO - Cur epoch 43 loss MSE:1.0888
2021-06-07 03:37:06,277 - utils.logger - INFO - Cur epoch 43 loss MSE:0.1184
2021-06-07 03:37:06,537 - utils.logger - INFO - Cur epoch 43 loss MSE:2.5529
2021-06-07 03:37:06,537 - utils.logger - INFO - saving the model at the end of epoch 43, iters 258
2021-06-07 03:37:06,697 - utils.logger - INFO - End of training epoch 43 / 50 	 Time Taken: 1 sec, Data loading: 0 sec
2021-06-07 03:37:06,697 - utils.logger - INFO - learning rate = 0.0000023
2021-06-07 03:37:07,026 - utils.logger - INFO - Trn result of epoch 43 / 50 mse 0.0843 rmse 0.2903 pcc 0.4941 ccc 0.3267
2021-06-07 03:37:07,138 - utils.logger - INFO - Val result of epoch 43 / 50 mse 0.1234 rmse 0.3513 pcc 0.2445 ccc 0.1429
2021-06-07 03:37:07,459 - utils.logger - INFO - Cur epoch 44 loss MSE:0.0516
2021-06-07 03:37:07,777 - utils.logger - INFO - Cur epoch 44 loss MSE:0.1636
2021-06-07 03:37:08,045 - utils.logger - INFO - Cur epoch 44 loss MSE:6.9409
2021-06-07 03:37:08,045 - utils.logger - INFO - saving the model at the end of epoch 44, iters 264
2021-06-07 03:37:08,208 - utils.logger - INFO - End of training epoch 44 / 50 	 Time Taken: 1 sec, Data loading: 0 sec
2021-06-07 03:37:08,208 - utils.logger - INFO - learning rate = 0.0000019
2021-06-07 03:37:08,533 - utils.logger - INFO - Trn result of epoch 44 / 50 mse 0.0832 rmse 0.2884 pcc 0.5025 ccc 0.3259
2021-06-07 03:37:08,646 - utils.logger - INFO - Val result of epoch 44 / 50 mse 0.1234 rmse 0.3513 pcc 0.2350 ccc 0.1340
2021-06-07 03:37:08,973 - utils.logger - INFO - Cur epoch 45 loss MSE:0.7661
2021-06-07 03:37:09,288 - utils.logger - INFO - Cur epoch 45 loss MSE:0.2752
2021-06-07 03:37:09,552 - utils.logger - INFO - Cur epoch 45 loss MSE:6.9891
2021-06-07 03:37:09,552 - utils.logger - INFO - saving the model at the end of epoch 45, iters 270
2021-06-07 03:37:09,714 - utils.logger - INFO - End of training epoch 45 / 50 	 Time Taken: 1 sec, Data loading: 0 sec
2021-06-07 03:37:09,714 - utils.logger - INFO - learning rate = 0.0000016
2021-06-07 03:37:10,041 - utils.logger - INFO - Trn result of epoch 45 / 50 mse 0.0858 rmse 0.2929 pcc 0.4746 ccc 0.3177
2021-06-07 03:37:10,153 - utils.logger - INFO - Val result of epoch 45 / 50 mse 0.1224 rmse 0.3498 pcc 0.2566 ccc 0.1491
2021-06-07 03:37:10,479 - utils.logger - INFO - Cur epoch 46 loss MSE:0.3923
2021-06-07 03:37:10,798 - utils.logger - INFO - Cur epoch 46 loss MSE:0.1520
2021-06-07 03:37:11,061 - utils.logger - INFO - Cur epoch 46 loss MSE:2.0094
2021-06-07 03:37:11,061 - utils.logger - INFO - saving the model at the end of epoch 46, iters 276
2021-06-07 03:37:11,223 - utils.logger - INFO - End of training epoch 46 / 50 	 Time Taken: 1 sec, Data loading: 0 sec
2021-06-07 03:37:11,223 - utils.logger - INFO - learning rate = 0.0000013
2021-06-07 03:37:11,547 - utils.logger - INFO - Trn result of epoch 46 / 50 mse 0.0836 rmse 0.2891 pcc 0.5018 ccc 0.3329
2021-06-07 03:37:11,659 - utils.logger - INFO - Val result of epoch 46 / 50 mse 0.1218 rmse 0.3490 pcc 0.2553 ccc 0.1440
2021-06-07 03:37:11,981 - utils.logger - INFO - Cur epoch 47 loss MSE:0.9526
2021-06-07 03:37:12,306 - utils.logger - INFO - Cur epoch 47 loss MSE:0.1690
2021-06-07 03:37:12,565 - utils.logger - INFO - Cur epoch 47 loss MSE:38.5345
2021-06-07 03:37:12,566 - utils.logger - INFO - saving the model at the end of epoch 47, iters 282
2021-06-07 03:37:12,726 - utils.logger - INFO - End of training epoch 47 / 50 	 Time Taken: 1 sec, Data loading: 0 sec
2021-06-07 03:37:12,726 - utils.logger - INFO - learning rate = 0.0000010
2021-06-07 03:37:13,050 - utils.logger - INFO - Trn result of epoch 47 / 50 mse 0.0844 rmse 0.2904 pcc 0.4945 ccc 0.3002
2021-06-07 03:37:13,162 - utils.logger - INFO - Val result of epoch 47 / 50 mse 0.1215 rmse 0.3485 pcc 0.2377 ccc 0.1151
2021-06-07 03:37:13,465 - utils.logger - INFO - Cur epoch 48 loss MSE:0.0604
2021-06-07 03:37:13,784 - utils.logger - INFO - Cur epoch 48 loss MSE:0.3957
2021-06-07 03:37:14,050 - utils.logger - INFO - Cur epoch 48 loss MSE:18.2047
2021-06-07 03:37:14,050 - utils.logger - INFO - saving the model at the end of epoch 48, iters 288
2021-06-07 03:37:14,210 - utils.logger - INFO - End of training epoch 48 / 50 	 Time Taken: 1 sec, Data loading: 0 sec
2021-06-07 03:37:14,211 - utils.logger - INFO - learning rate = 0.0000006
2021-06-07 03:37:14,537 - utils.logger - INFO - Trn result of epoch 48 / 50 mse 0.0849 rmse 0.2914 pcc 0.4834 ccc 0.3021
2021-06-07 03:37:14,649 - utils.logger - INFO - Val result of epoch 48 / 50 mse 0.1213 rmse 0.3483 pcc 0.2470 ccc 0.1284
2021-06-07 03:37:14,971 - utils.logger - INFO - Cur epoch 49 loss MSE:0.9607
2021-06-07 03:37:15,286 - utils.logger - INFO - Cur epoch 49 loss MSE:0.0157
2021-06-07 03:37:15,545 - utils.logger - INFO - Cur epoch 49 loss MSE:6.4849
2021-06-07 03:37:15,546 - utils.logger - INFO - saving the model at the end of epoch 49, iters 294
2021-06-07 03:37:15,706 - utils.logger - INFO - End of training epoch 49 / 50 	 Time Taken: 1 sec, Data loading: 0 sec
2021-06-07 03:37:15,706 - utils.logger - INFO - learning rate = 0.0000003
2021-06-07 03:37:16,033 - utils.logger - INFO - Trn result of epoch 49 / 50 mse 0.0826 rmse 0.2873 pcc 0.5100 ccc 0.3342
2021-06-07 03:37:16,145 - utils.logger - INFO - Val result of epoch 49 / 50 mse 0.1218 rmse 0.3489 pcc 0.2513 ccc 0.1400
2021-06-07 03:37:16,467 - utils.logger - INFO - Cur epoch 50 loss MSE:1.1687
2021-06-07 03:37:16,785 - utils.logger - INFO - Cur epoch 50 loss MSE:0.1845
2021-06-07 03:37:17,048 - utils.logger - INFO - Cur epoch 50 loss MSE:3.4999
2021-06-07 03:37:17,048 - utils.logger - INFO - saving the model at the end of epoch 50, iters 300
2021-06-07 03:37:17,208 - utils.logger - INFO - End of training epoch 50 / 50 	 Time Taken: 1 sec, Data loading: 0 sec
2021-06-07 03:37:17,208 - utils.logger - INFO - learning rate = 0.0000000
2021-06-07 03:37:17,534 - utils.logger - INFO - Trn result of epoch 50 / 50 mse 0.0826 rmse 0.2873 pcc 0.5107 ccc 0.3380
2021-06-07 03:37:17,646 - utils.logger - INFO - Val result of epoch 50 / 50 mse 0.1222 rmse 0.3495 pcc 0.2478 ccc 0.1394
2021-06-07 03:37:17,646 - utils.logger - INFO - Best eval epoch 38 found with ccc 0.198782
2021-06-07 03:37:17,646 - utils.logger - INFO - baseline_earlyfusion_norm_egemaps_EDA_hidden1024_seq100_run1
