2021-06-05 12:37:42,567 - utils.logger - INFO - The number of training samples = 41
2021-06-05 12:37:46,504 - utils.logger - INFO - Cur epoch 1 loss MSE:0.2049
2021-06-05 12:37:46,914 - utils.logger - INFO - Cur epoch 1 loss MSE:0.2770
2021-06-05 12:37:47,246 - utils.logger - INFO - Cur epoch 1 loss MSE:0.6404
2021-06-05 12:37:47,247 - utils.logger - INFO - saving the model at the end of epoch 1, iters 6
2021-06-05 12:37:47,559 - utils.logger - INFO - End of training epoch 1 / 50 	 Time Taken: 1 sec, Data loading: 0 sec
2021-06-05 12:37:47,560 - utils.logger - INFO - learning rate = 0.0000100
2021-06-05 12:37:47,932 - utils.logger - INFO - Trn result of epoch 1 / 50 mse 0.0895 rmse 0.2992 pcc 0.0452 ccc 0.0001
2021-06-05 12:37:48,061 - utils.logger - INFO - Val result of epoch 1 / 50 mse 0.0938 rmse 0.3062 pcc -0.0125 ccc -0.0000
2021-06-05 12:37:48,453 - utils.logger - INFO - Cur epoch 2 loss MSE:0.2986
2021-06-05 12:37:48,838 - utils.logger - INFO - Cur epoch 2 loss MSE:0.0295
2021-06-05 12:37:49,142 - utils.logger - INFO - Cur epoch 2 loss MSE:9.0334
2021-06-05 12:37:49,142 - utils.logger - INFO - saving the model at the end of epoch 2, iters 12
2021-06-05 12:37:49,490 - utils.logger - INFO - End of training epoch 2 / 50 	 Time Taken: 1 sec, Data loading: 0 sec
2021-06-05 12:37:49,490 - utils.logger - INFO - learning rate = 0.0000100
2021-06-05 12:37:49,854 - utils.logger - INFO - Trn result of epoch 2 / 50 mse 0.0895 rmse 0.2992 pcc 0.0195 ccc 0.0001
2021-06-05 12:37:49,981 - utils.logger - INFO - Val result of epoch 2 / 50 mse 0.0939 rmse 0.3064 pcc 0.0069 ccc 0.0000
2021-06-05 12:37:50,379 - utils.logger - INFO - Cur epoch 3 loss MSE:1.5803
2021-06-05 12:37:50,766 - utils.logger - INFO - Cur epoch 3 loss MSE:0.5315
2021-06-05 12:37:51,101 - utils.logger - INFO - Cur epoch 3 loss MSE:1.2688
2021-06-05 12:37:51,101 - utils.logger - INFO - saving the model at the end of epoch 3, iters 18
2021-06-05 12:37:51,468 - utils.logger - INFO - End of training epoch 3 / 50 	 Time Taken: 1 sec, Data loading: 0 sec
2021-06-05 12:37:51,468 - utils.logger - INFO - learning rate = 0.0000100
2021-06-05 12:37:51,834 - utils.logger - INFO - Trn result of epoch 3 / 50 mse 0.0895 rmse 0.2992 pcc 0.1104 ccc 0.0003
2021-06-05 12:37:51,960 - utils.logger - INFO - Val result of epoch 3 / 50 mse 0.0938 rmse 0.3063 pcc 0.0266 ccc 0.0001
2021-06-05 12:37:52,344 - utils.logger - INFO - Cur epoch 4 loss MSE:0.0001
2021-06-05 12:37:52,724 - utils.logger - INFO - Cur epoch 4 loss MSE:0.1260
2021-06-05 12:37:53,070 - utils.logger - INFO - Cur epoch 4 loss MSE:4.5933
2021-06-05 12:37:53,070 - utils.logger - INFO - saving the model at the end of epoch 4, iters 24
2021-06-05 12:37:53,455 - utils.logger - INFO - End of training epoch 4 / 50 	 Time Taken: 1 sec, Data loading: 0 sec
2021-06-05 12:37:53,455 - utils.logger - INFO - learning rate = 0.0000100
2021-06-05 12:37:53,817 - utils.logger - INFO - Trn result of epoch 4 / 50 mse 0.0895 rmse 0.2992 pcc 0.0529 ccc 0.0003
2021-06-05 12:37:53,942 - utils.logger - INFO - Val result of epoch 4 / 50 mse 0.0939 rmse 0.3064 pcc 0.0137 ccc 0.0001
2021-06-05 12:37:54,331 - utils.logger - INFO - Cur epoch 5 loss MSE:0.8205
2021-06-05 12:37:54,720 - utils.logger - INFO - Cur epoch 5 loss MSE:0.0664
2021-06-05 12:37:55,051 - utils.logger - INFO - Cur epoch 5 loss MSE:21.7627
2021-06-05 12:37:55,051 - utils.logger - INFO - saving the model at the end of epoch 5, iters 30
2021-06-05 12:37:55,404 - utils.logger - INFO - End of training epoch 5 / 50 	 Time Taken: 1 sec, Data loading: 0 sec
2021-06-05 12:37:55,404 - utils.logger - INFO - learning rate = 0.0000100
2021-06-05 12:37:55,770 - utils.logger - INFO - Trn result of epoch 5 / 50 mse 0.0895 rmse 0.2991 pcc 0.0348 ccc 0.0004
2021-06-05 12:37:55,897 - utils.logger - INFO - Val result of epoch 5 / 50 mse 0.0942 rmse 0.3069 pcc 0.0169 ccc 0.0002
2021-06-05 12:37:56,289 - utils.logger - INFO - Cur epoch 6 loss MSE:0.1053
2021-06-05 12:37:56,685 - utils.logger - INFO - Cur epoch 6 loss MSE:0.7042
2021-06-05 12:37:57,027 - utils.logger - INFO - Cur epoch 6 loss MSE:8.5452
2021-06-05 12:37:57,027 - utils.logger - INFO - saving the model at the end of epoch 6, iters 36
2021-06-05 12:37:57,387 - utils.logger - INFO - End of training epoch 6 / 50 	 Time Taken: 1 sec, Data loading: 0 sec
2021-06-05 12:37:57,387 - utils.logger - INFO - learning rate = 0.0000100
2021-06-05 12:37:57,762 - utils.logger - INFO - Trn result of epoch 6 / 50 mse 0.0895 rmse 0.2991 pcc 0.0359 ccc 0.0007
2021-06-05 12:37:57,889 - utils.logger - INFO - Val result of epoch 6 / 50 mse 0.0945 rmse 0.3074 pcc 0.0251 ccc 0.0004
2021-06-05 12:37:58,280 - utils.logger - INFO - Cur epoch 7 loss MSE:0.0003
2021-06-05 12:37:58,663 - utils.logger - INFO - Cur epoch 7 loss MSE:2.0784
2021-06-05 12:37:58,980 - utils.logger - INFO - Cur epoch 7 loss MSE:7.8524
2021-06-05 12:37:58,980 - utils.logger - INFO - saving the model at the end of epoch 7, iters 42
2021-06-05 12:37:59,331 - utils.logger - INFO - End of training epoch 7 / 50 	 Time Taken: 1 sec, Data loading: 0 sec
2021-06-05 12:37:59,331 - utils.logger - INFO - learning rate = 0.0000100
2021-06-05 12:37:59,706 - utils.logger - INFO - Trn result of epoch 7 / 50 mse 0.0894 rmse 0.2991 pcc 0.0637 ccc 0.0009
2021-06-05 12:37:59,832 - utils.logger - INFO - Val result of epoch 7 / 50 mse 0.0943 rmse 0.3071 pcc 0.0280 ccc 0.0004
2021-06-05 12:38:00,220 - utils.logger - INFO - Cur epoch 8 loss MSE:1.4317
2021-06-05 12:38:00,612 - utils.logger - INFO - Cur epoch 8 loss MSE:0.1339
2021-06-05 12:38:00,942 - utils.logger - INFO - Cur epoch 8 loss MSE:0.7923
2021-06-05 12:38:00,942 - utils.logger - INFO - saving the model at the end of epoch 8, iters 48
2021-06-05 12:38:01,302 - utils.logger - INFO - End of training epoch 8 / 50 	 Time Taken: 1 sec, Data loading: 0 sec
2021-06-05 12:38:01,302 - utils.logger - INFO - learning rate = 0.0000100
2021-06-05 12:38:01,665 - utils.logger - INFO - Trn result of epoch 8 / 50 mse 0.0894 rmse 0.2991 pcc 0.0658 ccc 0.0016
2021-06-05 12:38:01,788 - utils.logger - INFO - Val result of epoch 8 / 50 mse 0.0948 rmse 0.3078 pcc 0.0289 ccc 0.0006
2021-06-05 12:38:02,178 - utils.logger - INFO - Cur epoch 9 loss MSE:2.0477
2021-06-05 12:38:02,570 - utils.logger - INFO - Cur epoch 9 loss MSE:0.1663
2021-06-05 12:38:02,888 - utils.logger - INFO - Cur epoch 9 loss MSE:19.3528
2021-06-05 12:38:02,888 - utils.logger - INFO - saving the model at the end of epoch 9, iters 54
2021-06-05 12:38:03,243 - utils.logger - INFO - End of training epoch 9 / 50 	 Time Taken: 1 sec, Data loading: 0 sec
2021-06-05 12:38:03,243 - utils.logger - INFO - learning rate = 0.0000100
2021-06-05 12:38:03,630 - utils.logger - INFO - Trn result of epoch 9 / 50 mse 0.0894 rmse 0.2990 pcc 0.0909 ccc 0.0020
2021-06-05 12:38:03,760 - utils.logger - INFO - Val result of epoch 9 / 50 mse 0.0946 rmse 0.3077 pcc 0.0437 ccc 0.0009
2021-06-05 12:38:04,152 - utils.logger - INFO - Cur epoch 10 loss MSE:0.0602
2021-06-05 12:38:04,540 - utils.logger - INFO - Cur epoch 10 loss MSE:0.0833
2021-06-05 12:38:04,860 - utils.logger - INFO - Cur epoch 10 loss MSE:19.9774
2021-06-05 12:38:04,860 - utils.logger - INFO - saving the model at the end of epoch 10, iters 60
2021-06-05 12:38:05,214 - utils.logger - INFO - End of training epoch 10 / 50 	 Time Taken: 1 sec, Data loading: 0 sec
2021-06-05 12:38:05,214 - utils.logger - INFO - learning rate = 0.0000100
2021-06-05 12:38:05,578 - utils.logger - INFO - Trn result of epoch 10 / 50 mse 0.0894 rmse 0.2990 pcc 0.1122 ccc 0.0036
2021-06-05 12:38:05,703 - utils.logger - INFO - Val result of epoch 10 / 50 mse 0.0952 rmse 0.3085 pcc 0.0507 ccc 0.0014
2021-06-05 12:38:06,093 - utils.logger - INFO - Cur epoch 11 loss MSE:0.0133
2021-06-05 12:38:06,483 - utils.logger - INFO - Cur epoch 11 loss MSE:0.0467
2021-06-05 12:38:06,813 - utils.logger - INFO - Cur epoch 11 loss MSE:1.3167
2021-06-05 12:38:06,813 - utils.logger - INFO - saving the model at the end of epoch 11, iters 66
2021-06-05 12:38:07,162 - utils.logger - INFO - End of training epoch 11 / 50 	 Time Taken: 1 sec, Data loading: 0 sec
2021-06-05 12:38:07,162 - utils.logger - INFO - learning rate = 0.0000100
2021-06-05 12:38:07,535 - utils.logger - INFO - Trn result of epoch 11 / 50 mse 0.0893 rmse 0.2988 pcc 0.1697 ccc 0.0034
2021-06-05 12:38:07,661 - utils.logger - INFO - Val result of epoch 11 / 50 mse 0.0945 rmse 0.3074 pcc 0.0652 ccc 0.0012
2021-06-05 12:38:08,055 - utils.logger - INFO - Cur epoch 12 loss MSE:0.2326
2021-06-05 12:38:08,444 - utils.logger - INFO - Cur epoch 12 loss MSE:0.1356
2021-06-05 12:38:08,773 - utils.logger - INFO - Cur epoch 12 loss MSE:18.1402
2021-06-05 12:38:08,773 - utils.logger - INFO - saving the model at the end of epoch 12, iters 72
2021-06-05 12:38:09,118 - utils.logger - INFO - End of training epoch 12 / 50 	 Time Taken: 1 sec, Data loading: 0 sec
2021-06-05 12:38:09,118 - utils.logger - INFO - learning rate = 0.0000100
2021-06-05 12:38:09,489 - utils.logger - INFO - Trn result of epoch 12 / 50 mse 0.0893 rmse 0.2988 pcc 0.2303 ccc 0.0030
2021-06-05 12:38:09,618 - utils.logger - INFO - Val result of epoch 12 / 50 mse 0.0940 rmse 0.3066 pcc 0.0766 ccc 0.0009
2021-06-05 12:38:10,010 - utils.logger - INFO - Cur epoch 13 loss MSE:1.5666
2021-06-05 12:38:10,408 - utils.logger - INFO - Cur epoch 13 loss MSE:0.7165
2021-06-05 12:38:10,745 - utils.logger - INFO - Cur epoch 13 loss MSE:6.1216
2021-06-05 12:38:10,745 - utils.logger - INFO - saving the model at the end of epoch 13, iters 78
2021-06-05 12:38:11,096 - utils.logger - INFO - End of training epoch 13 / 50 	 Time Taken: 1 sec, Data loading: 0 sec
2021-06-05 12:38:11,096 - utils.logger - INFO - learning rate = 0.0000100
2021-06-05 12:38:11,467 - utils.logger - INFO - Trn result of epoch 13 / 50 mse 0.0892 rmse 0.2987 pcc 0.2036 ccc 0.0039
2021-06-05 12:38:11,594 - utils.logger - INFO - Val result of epoch 13 / 50 mse 0.0943 rmse 0.3071 pcc 0.0710 ccc 0.0012
2021-06-05 12:38:11,981 - utils.logger - INFO - Cur epoch 14 loss MSE:0.4173
2021-06-05 12:38:12,370 - utils.logger - INFO - Cur epoch 14 loss MSE:0.0742
2021-06-05 12:38:12,697 - utils.logger - INFO - Cur epoch 14 loss MSE:0.5620
2021-06-05 12:38:12,697 - utils.logger - INFO - saving the model at the end of epoch 14, iters 84
2021-06-05 12:38:13,040 - utils.logger - INFO - End of training epoch 14 / 50 	 Time Taken: 1 sec, Data loading: 0 sec
2021-06-05 12:38:13,040 - utils.logger - INFO - learning rate = 0.0000100
2021-06-05 12:38:13,416 - utils.logger - INFO - Trn result of epoch 14 / 50 mse 0.0892 rmse 0.2986 pcc 0.2116 ccc 0.0045
2021-06-05 12:38:13,545 - utils.logger - INFO - Val result of epoch 14 / 50 mse 0.0944 rmse 0.3072 pcc 0.0695 ccc 0.0013
2021-06-05 12:38:13,919 - utils.logger - INFO - Cur epoch 15 loss MSE:7.4315
2021-06-05 12:38:14,313 - utils.logger - INFO - Cur epoch 15 loss MSE:0.1550
2021-06-05 12:38:14,655 - utils.logger - INFO - Cur epoch 15 loss MSE:10.7571
2021-06-05 12:38:14,656 - utils.logger - INFO - saving the model at the end of epoch 15, iters 90
2021-06-05 12:38:15,028 - utils.logger - INFO - End of training epoch 15 / 50 	 Time Taken: 1 sec, Data loading: 0 sec
2021-06-05 12:38:15,028 - utils.logger - INFO - learning rate = 0.0000100
2021-06-05 12:38:15,394 - utils.logger - INFO - Trn result of epoch 15 / 50 mse 0.0891 rmse 0.2984 pcc 0.2043 ccc 0.0069
2021-06-05 12:38:15,519 - utils.logger - INFO - Val result of epoch 15 / 50 mse 0.0950 rmse 0.3082 pcc 0.0668 ccc 0.0020
2021-06-05 12:38:15,898 - utils.logger - INFO - Cur epoch 16 loss MSE:0.1902
2021-06-05 12:38:16,309 - utils.logger - INFO - Cur epoch 16 loss MSE:2.1144
2021-06-05 12:38:16,672 - utils.logger - INFO - Cur epoch 16 loss MSE:0.0942
2021-06-05 12:38:16,673 - utils.logger - INFO - saving the model at the end of epoch 16, iters 96
2021-06-05 12:38:17,008 - utils.logger - INFO - End of training epoch 16 / 50 	 Time Taken: 1 sec, Data loading: 0 sec
2021-06-05 12:38:17,008 - utils.logger - INFO - learning rate = 0.0000100
2021-06-05 12:38:17,373 - utils.logger - INFO - Trn result of epoch 16 / 50 mse 0.0890 rmse 0.2983 pcc 0.2051 ccc 0.0118
2021-06-05 12:38:17,498 - utils.logger - INFO - Val result of epoch 16 / 50 mse 0.0960 rmse 0.3098 pcc 0.0646 ccc 0.0030
2021-06-05 12:38:17,898 - utils.logger - INFO - Cur epoch 17 loss MSE:1.6431
2021-06-05 12:38:18,295 - utils.logger - INFO - Cur epoch 17 loss MSE:0.2531
2021-06-05 12:38:18,630 - utils.logger - INFO - Cur epoch 17 loss MSE:0.8857
2021-06-05 12:38:18,630 - utils.logger - INFO - saving the model at the end of epoch 17, iters 102
2021-06-05 12:38:18,955 - utils.logger - INFO - End of training epoch 17 / 50 	 Time Taken: 1 sec, Data loading: 0 sec
2021-06-05 12:38:18,955 - utils.logger - INFO - learning rate = 0.0000100
2021-06-05 12:38:19,339 - utils.logger - INFO - Trn result of epoch 17 / 50 mse 0.0888 rmse 0.2979 pcc 0.2491 ccc 0.0102
2021-06-05 12:38:19,470 - utils.logger - INFO - Val result of epoch 17 / 50 mse 0.0948 rmse 0.3079 pcc 0.0808 ccc 0.0028
2021-06-05 12:38:19,862 - utils.logger - INFO - Cur epoch 18 loss MSE:0.1163
2021-06-05 12:38:20,271 - utils.logger - INFO - Cur epoch 18 loss MSE:1.6762
2021-06-05 12:38:20,622 - utils.logger - INFO - Cur epoch 18 loss MSE:5.5271
2021-06-05 12:38:20,622 - utils.logger - INFO - saving the model at the end of epoch 18, iters 108
2021-06-05 12:38:20,963 - utils.logger - INFO - End of training epoch 18 / 50 	 Time Taken: 1 sec, Data loading: 0 sec
2021-06-05 12:38:20,964 - utils.logger - INFO - learning rate = 0.0000100
2021-06-05 12:38:21,328 - utils.logger - INFO - Trn result of epoch 18 / 50 mse 0.0885 rmse 0.2976 pcc 0.2494 ccc 0.0168
2021-06-05 12:38:21,454 - utils.logger - INFO - Val result of epoch 18 / 50 mse 0.0958 rmse 0.3095 pcc 0.0756 ccc 0.0040
2021-06-05 12:38:21,867 - utils.logger - INFO - Cur epoch 19 loss MSE:0.1483
2021-06-05 12:38:22,256 - utils.logger - INFO - Cur epoch 19 loss MSE:0.1151
2021-06-05 12:38:22,564 - utils.logger - INFO - Cur epoch 19 loss MSE:7.2030
2021-06-05 12:38:22,565 - utils.logger - INFO - saving the model at the end of epoch 19, iters 114
2021-06-05 12:38:22,893 - utils.logger - INFO - End of training epoch 19 / 50 	 Time Taken: 1 sec, Data loading: 0 sec
2021-06-05 12:38:22,893 - utils.logger - INFO - learning rate = 0.0000100
2021-06-05 12:38:23,261 - utils.logger - INFO - Trn result of epoch 19 / 50 mse 0.0884 rmse 0.2973 pcc 0.3382 ccc 0.0133
2021-06-05 12:38:23,387 - utils.logger - INFO - Val result of epoch 19 / 50 mse 0.0938 rmse 0.3062 pcc 0.0883 ccc 0.0028
2021-06-05 12:38:23,779 - utils.logger - INFO - Cur epoch 20 loss MSE:0.5483
2021-06-05 12:38:24,176 - utils.logger - INFO - Cur epoch 20 loss MSE:0.0124
2021-06-05 12:38:24,501 - utils.logger - INFO - Cur epoch 20 loss MSE:0.8070
2021-06-05 12:38:24,501 - utils.logger - INFO - saving the model at the end of epoch 20, iters 120
2021-06-05 12:38:24,822 - utils.logger - INFO - End of training epoch 20 / 50 	 Time Taken: 1 sec, Data loading: 0 sec
2021-06-05 12:38:24,822 - utils.logger - INFO - learning rate = 0.0000097
2021-06-05 12:38:25,201 - utils.logger - INFO - Trn result of epoch 20 / 50 mse 0.0886 rmse 0.2976 pcc 0.3338 ccc 0.0116
2021-06-05 12:38:25,330 - utils.logger - INFO - Val result of epoch 20 / 50 mse 0.0933 rmse 0.3054 pcc 0.1032 ccc 0.0025
2021-06-05 12:38:25,717 - utils.logger - INFO - Cur epoch 21 loss MSE:0.1124
2021-06-05 12:38:26,117 - utils.logger - INFO - Cur epoch 21 loss MSE:0.5321
2021-06-05 12:38:26,455 - utils.logger - INFO - Cur epoch 21 loss MSE:0.3358
2021-06-05 12:38:26,455 - utils.logger - INFO - saving the model at the end of epoch 21, iters 126
2021-06-05 12:38:26,800 - utils.logger - INFO - End of training epoch 21 / 50 	 Time Taken: 1 sec, Data loading: 0 sec
2021-06-05 12:38:26,801 - utils.logger - INFO - learning rate = 0.0000094
2021-06-05 12:38:27,175 - utils.logger - INFO - Trn result of epoch 21 / 50 mse 0.0872 rmse 0.2954 pcc 0.3203 ccc 0.0275
2021-06-05 12:38:27,303 - utils.logger - INFO - Val result of epoch 21 / 50 mse 0.0931 rmse 0.3052 pcc 0.1174 ccc 0.0058
2021-06-05 12:38:27,706 - utils.logger - INFO - Cur epoch 22 loss MSE:1.3211
2021-06-05 12:38:28,118 - utils.logger - INFO - Cur epoch 22 loss MSE:0.2679
2021-06-05 12:38:28,452 - utils.logger - INFO - Cur epoch 22 loss MSE:1.9389
2021-06-05 12:38:28,453 - utils.logger - INFO - saving the model at the end of epoch 22, iters 132
2021-06-05 12:38:28,789 - utils.logger - INFO - End of training epoch 22 / 50 	 Time Taken: 1 sec, Data loading: 0 sec
2021-06-05 12:38:28,789 - utils.logger - INFO - learning rate = 0.0000090
2021-06-05 12:38:29,149 - utils.logger - INFO - Trn result of epoch 22 / 50 mse 0.1752 rmse 0.4186 pcc 0.0521 ccc 0.0135
2021-06-05 12:38:29,275 - utils.logger - INFO - Val result of epoch 22 / 50 mse 0.2061 rmse 0.4540 pcc -0.0628 ccc -0.0148
2021-06-05 12:38:29,661 - utils.logger - INFO - Cur epoch 23 loss MSE:0.0423
2021-06-05 12:38:30,057 - utils.logger - INFO - Cur epoch 23 loss MSE:1.4292
2021-06-05 12:38:30,395 - utils.logger - INFO - Cur epoch 23 loss MSE:0.0011
2021-06-05 12:38:30,395 - utils.logger - INFO - saving the model at the end of epoch 23, iters 138
2021-06-05 12:38:30,740 - utils.logger - INFO - End of training epoch 23 / 50 	 Time Taken: 1 sec, Data loading: 0 sec
2021-06-05 12:38:30,741 - utils.logger - INFO - learning rate = 0.0000087
2021-06-05 12:38:31,109 - utils.logger - INFO - Trn result of epoch 23 / 50 mse 0.0776 rmse 0.2786 pcc 0.4052 ccc 0.2071
2021-06-05 12:38:31,234 - utils.logger - INFO - Val result of epoch 23 / 50 mse 0.0936 rmse 0.3059 pcc 0.1297 ccc 0.0422
2021-06-05 12:38:31,623 - utils.logger - INFO - Cur epoch 24 loss MSE:0.1756
2021-06-05 12:38:32,012 - utils.logger - INFO - Cur epoch 24 loss MSE:0.0504
2021-06-05 12:38:32,335 - utils.logger - INFO - Cur epoch 24 loss MSE:3.3384
2021-06-05 12:38:32,336 - utils.logger - INFO - saving the model at the end of epoch 24, iters 144
2021-06-05 12:38:32,668 - utils.logger - INFO - End of training epoch 24 / 50 	 Time Taken: 1 sec, Data loading: 0 sec
2021-06-05 12:38:32,668 - utils.logger - INFO - learning rate = 0.0000084
2021-06-05 12:38:33,034 - utils.logger - INFO - Trn result of epoch 24 / 50 mse 0.1794 rmse 0.4236 pcc 0.0807 ccc 0.0136
2021-06-05 12:38:33,159 - utils.logger - INFO - Val result of epoch 24 / 50 mse 0.2088 rmse 0.4569 pcc -0.0052 ccc -0.0008
2021-06-05 12:38:33,558 - utils.logger - INFO - Cur epoch 25 loss MSE:1.9865
2021-06-05 12:38:33,960 - utils.logger - INFO - Cur epoch 25 loss MSE:0.0662
2021-06-05 12:38:34,318 - utils.logger - INFO - Cur epoch 25 loss MSE:10.1958
2021-06-05 12:38:34,319 - utils.logger - INFO - saving the model at the end of epoch 25, iters 150
2021-06-05 12:38:34,651 - utils.logger - INFO - End of training epoch 25 / 50 	 Time Taken: 1 sec, Data loading: 0 sec
2021-06-05 12:38:34,651 - utils.logger - INFO - learning rate = 0.0000081
2021-06-05 12:38:35,014 - utils.logger - INFO - Trn result of epoch 25 / 50 mse 0.0859 rmse 0.2930 pcc 0.4136 ccc 0.1927
2021-06-05 12:38:35,140 - utils.logger - INFO - Val result of epoch 25 / 50 mse 0.1156 rmse 0.3400 pcc -0.0372 ccc -0.0165
2021-06-05 12:38:35,531 - utils.logger - INFO - Cur epoch 26 loss MSE:0.1583
2021-06-05 12:38:35,930 - utils.logger - INFO - Cur epoch 26 loss MSE:0.0272
2021-06-05 12:38:36,259 - utils.logger - INFO - Cur epoch 26 loss MSE:15.6628
2021-06-05 12:38:36,259 - utils.logger - INFO - saving the model at the end of epoch 26, iters 156
2021-06-05 12:38:36,606 - utils.logger - INFO - End of training epoch 26 / 50 	 Time Taken: 1 sec, Data loading: 0 sec
2021-06-05 12:38:36,606 - utils.logger - INFO - learning rate = 0.0000077
2021-06-05 12:38:36,973 - utils.logger - INFO - Trn result of epoch 26 / 50 mse 0.0773 rmse 0.2780 pcc 0.3922 ccc 0.1988
2021-06-05 12:38:37,098 - utils.logger - INFO - Val result of epoch 26 / 50 mse 0.0901 rmse 0.3001 pcc 0.1880 ccc 0.0639
2021-06-05 12:38:37,489 - utils.logger - INFO - Cur epoch 27 loss MSE:0.0887
2021-06-05 12:38:37,895 - utils.logger - INFO - Cur epoch 27 loss MSE:1.6479
2021-06-05 12:38:38,220 - utils.logger - INFO - Cur epoch 27 loss MSE:12.6760
2021-06-05 12:38:38,221 - utils.logger - INFO - saving the model at the end of epoch 27, iters 162
2021-06-05 12:38:38,546 - utils.logger - INFO - End of training epoch 27 / 50 	 Time Taken: 1 sec, Data loading: 0 sec
2021-06-05 12:38:38,546 - utils.logger - INFO - learning rate = 0.0000074
2021-06-05 12:38:38,904 - utils.logger - INFO - Trn result of epoch 27 / 50 mse 0.0838 rmse 0.2895 pcc 0.3620 ccc 0.1101
2021-06-05 12:38:39,035 - utils.logger - INFO - Val result of epoch 27 / 50 mse 0.0926 rmse 0.3043 pcc 0.0574 ccc 0.0083
2021-06-05 12:38:39,429 - utils.logger - INFO - Cur epoch 28 loss MSE:0.2822
2021-06-05 12:38:39,825 - utils.logger - INFO - Cur epoch 28 loss MSE:0.1473
2021-06-05 12:38:40,148 - utils.logger - INFO - Cur epoch 28 loss MSE:4.4415
2021-06-05 12:38:40,148 - utils.logger - INFO - saving the model at the end of epoch 28, iters 168
2021-06-05 12:38:40,474 - utils.logger - INFO - End of training epoch 28 / 50 	 Time Taken: 1 sec, Data loading: 0 sec
2021-06-05 12:38:40,474 - utils.logger - INFO - learning rate = 0.0000071
2021-06-05 12:38:40,835 - utils.logger - INFO - Trn result of epoch 28 / 50 mse 0.0959 rmse 0.3097 pcc 0.3598 ccc 0.1989
2021-06-05 12:38:40,960 - utils.logger - INFO - Val result of epoch 28 / 50 mse 0.1338 rmse 0.3658 pcc -0.1286 ccc -0.0754
2021-06-05 12:38:41,350 - utils.logger - INFO - Cur epoch 29 loss MSE:0.2446
2021-06-05 12:38:41,754 - utils.logger - INFO - Cur epoch 29 loss MSE:1.4101
2021-06-05 12:38:42,077 - utils.logger - INFO - Cur epoch 29 loss MSE:0.3603
2021-06-05 12:38:42,077 - utils.logger - INFO - saving the model at the end of epoch 29, iters 174
2021-06-05 12:38:42,405 - utils.logger - INFO - End of training epoch 29 / 50 	 Time Taken: 1 sec, Data loading: 0 sec
2021-06-05 12:38:42,406 - utils.logger - INFO - learning rate = 0.0000068
2021-06-05 12:38:42,783 - utils.logger - INFO - Trn result of epoch 29 / 50 mse 0.0749 rmse 0.2738 pcc 0.4142 ccc 0.2694
2021-06-05 12:38:42,910 - utils.logger - INFO - Val result of epoch 29 / 50 mse 0.0954 rmse 0.3089 pcc 0.1516 ccc 0.0886
2021-06-05 12:38:43,329 - utils.logger - INFO - Cur epoch 30 loss MSE:0.0646
2021-06-05 12:38:43,750 - utils.logger - INFO - Cur epoch 30 loss MSE:0.1602
2021-06-05 12:38:44,085 - utils.logger - INFO - Cur epoch 30 loss MSE:5.2099
2021-06-05 12:38:44,085 - utils.logger - INFO - saving the model at the end of epoch 30, iters 180
2021-06-05 12:38:44,418 - utils.logger - INFO - End of training epoch 30 / 50 	 Time Taken: 1 sec, Data loading: 0 sec
2021-06-05 12:38:44,419 - utils.logger - INFO - learning rate = 0.0000065
2021-06-05 12:38:44,790 - utils.logger - INFO - Trn result of epoch 30 / 50 mse 0.0806 rmse 0.2840 pcc 0.4418 ccc 0.2075
2021-06-05 12:38:44,916 - utils.logger - INFO - Val result of epoch 30 / 50 mse 0.1113 rmse 0.3336 pcc -0.0513 ccc -0.0228
2021-06-05 12:38:45,320 - utils.logger - INFO - Cur epoch 31 loss MSE:1.2119
2021-06-05 12:38:45,714 - utils.logger - INFO - Cur epoch 31 loss MSE:0.2496
2021-06-05 12:38:46,053 - utils.logger - INFO - Cur epoch 31 loss MSE:0.2514
2021-06-05 12:38:46,053 - utils.logger - INFO - saving the model at the end of epoch 31, iters 186
2021-06-05 12:38:46,358 - utils.logger - INFO - End of training epoch 31 / 50 	 Time Taken: 1 sec, Data loading: 0 sec
2021-06-05 12:38:46,358 - utils.logger - INFO - learning rate = 0.0000061
2021-06-05 12:38:46,722 - utils.logger - INFO - Trn result of epoch 31 / 50 mse 0.1174 rmse 0.3426 pcc 0.2138 ccc 0.0868
2021-06-05 12:38:46,847 - utils.logger - INFO - Val result of epoch 31 / 50 mse 0.1603 rmse 0.4003 pcc -0.3293 ccc -0.1415
2021-06-05 12:38:47,256 - utils.logger - INFO - Cur epoch 32 loss MSE:0.2434
2021-06-05 12:38:47,644 - utils.logger - INFO - Cur epoch 32 loss MSE:0.0963
2021-06-05 12:38:47,991 - utils.logger - INFO - Cur epoch 32 loss MSE:0.1585
2021-06-05 12:38:47,992 - utils.logger - INFO - saving the model at the end of epoch 32, iters 192
2021-06-05 12:38:48,297 - utils.logger - INFO - End of training epoch 32 / 50 	 Time Taken: 1 sec, Data loading: 0 sec
2021-06-05 12:38:48,297 - utils.logger - INFO - learning rate = 0.0000058
2021-06-05 12:38:48,751 - utils.logger - INFO - Trn result of epoch 32 / 50 mse 0.0750 rmse 0.2739 pcc 0.4725 ccc 0.2476
2021-06-05 12:38:48,911 - utils.logger - INFO - Val result of epoch 32 / 50 mse 0.1023 rmse 0.3199 pcc 0.0298 ccc 0.0137
2021-06-05 12:38:49,339 - utils.logger - INFO - Cur epoch 33 loss MSE:0.1727
2021-06-05 12:38:49,745 - utils.logger - INFO - Cur epoch 33 loss MSE:0.0502
2021-06-05 12:38:50,076 - utils.logger - INFO - Cur epoch 33 loss MSE:1.8579
2021-06-05 12:38:50,077 - utils.logger - INFO - saving the model at the end of epoch 33, iters 198
2021-06-05 12:38:50,368 - utils.logger - INFO - End of training epoch 33 / 50 	 Time Taken: 1 sec, Data loading: 0 sec
2021-06-05 12:38:50,368 - utils.logger - INFO - learning rate = 0.0000055
2021-06-05 12:38:50,735 - utils.logger - INFO - Trn result of epoch 33 / 50 mse 0.0742 rmse 0.2724 pcc 0.4322 ccc 0.2512
2021-06-05 12:38:50,858 - utils.logger - INFO - Val result of epoch 33 / 50 mse 0.0909 rmse 0.3015 pcc 0.1789 ccc 0.0862
2021-06-05 12:38:51,268 - utils.logger - INFO - Cur epoch 34 loss MSE:0.0930
2021-06-05 12:38:51,675 - utils.logger - INFO - Cur epoch 34 loss MSE:1.0798
2021-06-05 12:38:52,011 - utils.logger - INFO - Cur epoch 34 loss MSE:0.3211
2021-06-05 12:38:52,012 - utils.logger - INFO - saving the model at the end of epoch 34, iters 204
2021-06-05 12:38:52,312 - utils.logger - INFO - End of training epoch 34 / 50 	 Time Taken: 1 sec, Data loading: 0 sec
2021-06-05 12:38:52,313 - utils.logger - INFO - learning rate = 0.0000052
2021-06-05 12:38:52,672 - utils.logger - INFO - Trn result of epoch 34 / 50 mse 0.0726 rmse 0.2695 pcc 0.4443 ccc 0.2836
2021-06-05 12:38:52,797 - utils.logger - INFO - Val result of epoch 34 / 50 mse 0.0912 rmse 0.3021 pcc 0.1851 ccc 0.1009
2021-06-05 12:38:53,198 - utils.logger - INFO - Cur epoch 35 loss MSE:0.2339
2021-06-05 12:38:53,592 - utils.logger - INFO - Cur epoch 35 loss MSE:1.4874
2021-06-05 12:38:53,920 - utils.logger - INFO - Cur epoch 35 loss MSE:1.8348
2021-06-05 12:38:53,920 - utils.logger - INFO - saving the model at the end of epoch 35, iters 210
2021-06-05 12:38:54,236 - utils.logger - INFO - End of training epoch 35 / 50 	 Time Taken: 1 sec, Data loading: 0 sec
2021-06-05 12:38:54,236 - utils.logger - INFO - learning rate = 0.0000048
2021-06-05 12:38:54,600 - utils.logger - INFO - Trn result of epoch 35 / 50 mse 0.0707 rmse 0.2658 pcc 0.4679 ccc 0.3173
2021-06-05 12:38:54,726 - utils.logger - INFO - Val result of epoch 35 / 50 mse 0.0889 rmse 0.2982 pcc 0.2168 ccc 0.1219
2021-06-05 12:38:55,120 - utils.logger - INFO - Cur epoch 36 loss MSE:0.1113
2021-06-05 12:38:55,521 - utils.logger - INFO - Cur epoch 36 loss MSE:1.0360
2021-06-05 12:38:55,846 - utils.logger - INFO - Cur epoch 36 loss MSE:0.0040
2021-06-05 12:38:55,846 - utils.logger - INFO - saving the model at the end of epoch 36, iters 216
2021-06-05 12:38:56,154 - utils.logger - INFO - End of training epoch 36 / 50 	 Time Taken: 1 sec, Data loading: 0 sec
2021-06-05 12:38:56,154 - utils.logger - INFO - learning rate = 0.0000045
2021-06-05 12:38:56,522 - utils.logger - INFO - Trn result of epoch 36 / 50 mse 0.0725 rmse 0.2692 pcc 0.5159 ccc 0.3444
2021-06-05 12:38:56,649 - utils.logger - INFO - Val result of epoch 36 / 50 mse 0.1233 rmse 0.3512 pcc -0.1080 ccc -0.0701
2021-06-05 12:38:57,051 - utils.logger - INFO - Cur epoch 37 loss MSE:0.1603
2021-06-05 12:38:57,448 - utils.logger - INFO - Cur epoch 37 loss MSE:0.0834
2021-06-05 12:38:57,778 - utils.logger - INFO - Cur epoch 37 loss MSE:1.0053
2021-06-05 12:38:57,778 - utils.logger - INFO - saving the model at the end of epoch 37, iters 222
2021-06-05 12:38:58,093 - utils.logger - INFO - End of training epoch 37 / 50 	 Time Taken: 1 sec, Data loading: 0 sec
2021-06-05 12:38:58,093 - utils.logger - INFO - learning rate = 0.0000042
2021-06-05 12:38:58,466 - utils.logger - INFO - Trn result of epoch 37 / 50 mse 0.0713 rmse 0.2671 pcc 0.4942 ccc 0.3629
2021-06-05 12:38:58,592 - utils.logger - INFO - Val result of epoch 37 / 50 mse 0.1246 rmse 0.3529 pcc -0.1019 ccc -0.0719
2021-06-05 12:38:58,975 - utils.logger - INFO - Cur epoch 38 loss MSE:5.2278
2021-06-05 12:38:59,376 - utils.logger - INFO - Cur epoch 38 loss MSE:0.1766
2021-06-05 12:38:59,710 - utils.logger - INFO - Cur epoch 38 loss MSE:6.9154
2021-06-05 12:38:59,710 - utils.logger - INFO - saving the model at the end of epoch 38, iters 228
2021-06-05 12:39:00,023 - utils.logger - INFO - End of training epoch 38 / 50 	 Time Taken: 1 sec, Data loading: 0 sec
2021-06-05 12:39:00,024 - utils.logger - INFO - learning rate = 0.0000039
2021-06-05 12:39:00,383 - utils.logger - INFO - Trn result of epoch 38 / 50 mse 0.0703 rmse 0.2652 pcc 0.4681 ccc 0.3443
2021-06-05 12:39:00,510 - utils.logger - INFO - Val result of epoch 38 / 50 mse 0.0942 rmse 0.3069 pcc 0.1627 ccc 0.1068
2021-06-05 12:39:00,907 - utils.logger - INFO - Cur epoch 39 loss MSE:0.2965
2021-06-05 12:39:01,307 - utils.logger - INFO - Cur epoch 39 loss MSE:0.3153
2021-06-05 12:39:01,641 - utils.logger - INFO - Cur epoch 39 loss MSE:0.0690
2021-06-05 12:39:01,641 - utils.logger - INFO - saving the model at the end of epoch 39, iters 234
2021-06-05 12:39:01,954 - utils.logger - INFO - End of training epoch 39 / 50 	 Time Taken: 1 sec, Data loading: 0 sec
2021-06-05 12:39:01,954 - utils.logger - INFO - learning rate = 0.0000035
2021-06-05 12:39:02,329 - utils.logger - INFO - Trn result of epoch 39 / 50 mse 0.0676 rmse 0.2601 pcc 0.5210 ccc 0.3943
2021-06-05 12:39:02,455 - utils.logger - INFO - Val result of epoch 39 / 50 mse 0.1191 rmse 0.3451 pcc -0.0609 ccc -0.0445
2021-06-05 12:39:02,858 - utils.logger - INFO - Cur epoch 40 loss MSE:0.6995
2021-06-05 12:39:03,258 - utils.logger - INFO - Cur epoch 40 loss MSE:0.2121
2021-06-05 12:39:03,589 - utils.logger - INFO - Cur epoch 40 loss MSE:3.6328
2021-06-05 12:39:03,589 - utils.logger - INFO - saving the model at the end of epoch 40, iters 240
2021-06-05 12:39:03,917 - utils.logger - INFO - End of training epoch 40 / 50 	 Time Taken: 1 sec, Data loading: 0 sec
2021-06-05 12:39:03,918 - utils.logger - INFO - learning rate = 0.0000032
2021-06-05 12:39:04,281 - utils.logger - INFO - Trn result of epoch 40 / 50 mse 0.0643 rmse 0.2535 pcc 0.5323 ccc 0.4255
2021-06-05 12:39:04,408 - utils.logger - INFO - Val result of epoch 40 / 50 mse 0.1044 rmse 0.3231 pcc 0.0912 ccc 0.0695
2021-06-05 12:39:04,810 - utils.logger - INFO - Cur epoch 41 loss MSE:0.9920
2021-06-05 12:39:05,206 - utils.logger - INFO - Cur epoch 41 loss MSE:0.0306
2021-06-05 12:39:05,533 - utils.logger - INFO - Cur epoch 41 loss MSE:4.4471
2021-06-05 12:39:05,533 - utils.logger - INFO - saving the model at the end of epoch 41, iters 246
2021-06-05 12:39:05,861 - utils.logger - INFO - End of training epoch 41 / 50 	 Time Taken: 1 sec, Data loading: 0 sec
2021-06-05 12:39:05,861 - utils.logger - INFO - learning rate = 0.0000029
2021-06-05 12:39:06,233 - utils.logger - INFO - Trn result of epoch 41 / 50 mse 0.0736 rmse 0.2713 pcc 0.4559 ccc 0.3744
2021-06-05 12:39:06,360 - utils.logger - INFO - Val result of epoch 41 / 50 mse 0.0981 rmse 0.3132 pcc 0.1883 ccc 0.1427
2021-06-05 12:39:06,760 - utils.logger - INFO - Cur epoch 42 loss MSE:0.5906
2021-06-05 12:39:07,446 - utils.logger - INFO - Cur epoch 42 loss MSE:0.2707
2021-06-05 12:39:07,773 - utils.logger - INFO - Cur epoch 42 loss MSE:22.3765
2021-06-05 12:39:07,774 - utils.logger - INFO - saving the model at the end of epoch 42, iters 252
2021-06-05 12:39:08,118 - utils.logger - INFO - End of training epoch 42 / 50 	 Time Taken: 1 sec, Data loading: 0 sec
2021-06-05 12:39:08,119 - utils.logger - INFO - learning rate = 0.0000026
2021-06-05 12:39:08,487 - utils.logger - INFO - Trn result of epoch 42 / 50 mse 0.0669 rmse 0.2586 pcc 0.5137 ccc 0.3762
2021-06-05 12:39:08,615 - utils.logger - INFO - Val result of epoch 42 / 50 mse 0.1073 rmse 0.3275 pcc 0.0158 ccc 0.0111
2021-06-05 12:39:09,017 - utils.logger - INFO - Cur epoch 43 loss MSE:0.0410
2021-06-05 12:39:09,414 - utils.logger - INFO - Cur epoch 43 loss MSE:0.1437
2021-06-05 12:39:09,746 - utils.logger - INFO - Cur epoch 43 loss MSE:3.7879
2021-06-05 12:39:09,746 - utils.logger - INFO - saving the model at the end of epoch 43, iters 258
2021-06-05 12:39:10,059 - utils.logger - INFO - End of training epoch 43 / 50 	 Time Taken: 1 sec, Data loading: 0 sec
2021-06-05 12:39:10,059 - utils.logger - INFO - learning rate = 0.0000023
2021-06-05 12:39:10,441 - utils.logger - INFO - Trn result of epoch 43 / 50 mse 0.0759 rmse 0.2755 pcc 0.4653 ccc 0.3555
2021-06-05 12:39:10,569 - utils.logger - INFO - Val result of epoch 43 / 50 mse 0.0995 rmse 0.3154 pcc 0.1888 ccc 0.1214
2021-06-05 12:39:10,962 - utils.logger - INFO - Cur epoch 44 loss MSE:0.0668
2021-06-05 12:39:11,406 - utils.logger - INFO - Cur epoch 44 loss MSE:0.2740
2021-06-05 12:39:11,749 - utils.logger - INFO - Cur epoch 44 loss MSE:4.3491
2021-06-05 12:39:11,750 - utils.logger - INFO - saving the model at the end of epoch 44, iters 264
2021-06-05 12:39:12,051 - utils.logger - INFO - End of training epoch 44 / 50 	 Time Taken: 1 sec, Data loading: 0 sec
2021-06-05 12:39:12,051 - utils.logger - INFO - learning rate = 0.0000019
2021-06-05 12:39:12,412 - utils.logger - INFO - Trn result of epoch 44 / 50 mse 0.0686 rmse 0.2619 pcc 0.4908 ccc 0.3984
2021-06-05 12:39:12,538 - utils.logger - INFO - Val result of epoch 44 / 50 mse 0.1099 rmse 0.3316 pcc 0.0419 ccc 0.0327
2021-06-05 12:39:12,932 - utils.logger - INFO - Cur epoch 45 loss MSE:0.1043
2021-06-05 12:39:13,332 - utils.logger - INFO - Cur epoch 45 loss MSE:1.2693
2021-06-05 12:39:13,669 - utils.logger - INFO - Cur epoch 45 loss MSE:0.1929
2021-06-05 12:39:13,669 - utils.logger - INFO - saving the model at the end of epoch 45, iters 270
2021-06-05 12:39:13,978 - utils.logger - INFO - End of training epoch 45 / 50 	 Time Taken: 1 sec, Data loading: 0 sec
2021-06-05 12:39:13,978 - utils.logger - INFO - learning rate = 0.0000016
2021-06-05 12:39:14,342 - utils.logger - INFO - Trn result of epoch 45 / 50 mse 0.0678 rmse 0.2604 pcc 0.4973 ccc 0.3934
2021-06-05 12:39:14,465 - utils.logger - INFO - Val result of epoch 45 / 50 mse 0.1050 rmse 0.3240 pcc 0.0816 ccc 0.0610
2021-06-05 12:39:14,844 - utils.logger - INFO - Cur epoch 46 loss MSE:8.7786
2021-06-05 12:39:15,242 - utils.logger - INFO - Cur epoch 46 loss MSE:0.0993
2021-06-05 12:39:15,573 - utils.logger - INFO - Cur epoch 46 loss MSE:4.6832
2021-06-05 12:39:15,574 - utils.logger - INFO - saving the model at the end of epoch 46, iters 276
2021-06-05 12:39:15,910 - utils.logger - INFO - End of training epoch 46 / 50 	 Time Taken: 1 sec, Data loading: 0 sec
2021-06-05 12:39:15,910 - utils.logger - INFO - learning rate = 0.0000013
2021-06-05 12:39:16,285 - utils.logger - INFO - Trn result of epoch 46 / 50 mse 0.0610 rmse 0.2471 pcc 0.5689 ccc 0.4551
2021-06-05 12:39:16,423 - utils.logger - INFO - Val result of epoch 46 / 50 mse 0.1133 rmse 0.3366 pcc -0.0081 ccc -0.0062
2021-06-05 12:39:16,816 - utils.logger - INFO - Cur epoch 47 loss MSE:0.6087
2021-06-05 12:39:17,231 - utils.logger - INFO - Cur epoch 47 loss MSE:0.6612
2021-06-05 12:39:17,574 - utils.logger - INFO - Cur epoch 47 loss MSE:0.0087
2021-06-05 12:39:17,574 - utils.logger - INFO - saving the model at the end of epoch 47, iters 282
2021-06-05 12:39:17,881 - utils.logger - INFO - End of training epoch 47 / 50 	 Time Taken: 1 sec, Data loading: 0 sec
2021-06-05 12:39:17,881 - utils.logger - INFO - learning rate = 0.0000010
2021-06-05 12:39:18,244 - utils.logger - INFO - Trn result of epoch 47 / 50 mse 0.0608 rmse 0.2467 pcc 0.5696 ccc 0.4697
2021-06-05 12:39:18,372 - utils.logger - INFO - Val result of epoch 47 / 50 mse 0.1188 rmse 0.3447 pcc -0.0288 ccc -0.0230
2021-06-05 12:39:18,783 - utils.logger - INFO - Cur epoch 48 loss MSE:0.0977
2021-06-05 12:39:19,193 - utils.logger - INFO - Cur epoch 48 loss MSE:0.0012
2021-06-05 12:39:19,525 - utils.logger - INFO - Cur epoch 48 loss MSE:26.9758
2021-06-05 12:39:19,525 - utils.logger - INFO - saving the model at the end of epoch 48, iters 288
2021-06-05 12:39:19,847 - utils.logger - INFO - End of training epoch 48 / 50 	 Time Taken: 1 sec, Data loading: 0 sec
2021-06-05 12:39:19,847 - utils.logger - INFO - learning rate = 0.0000006
2021-06-05 12:39:20,209 - utils.logger - INFO - Trn result of epoch 48 / 50 mse 0.0639 rmse 0.2529 pcc 0.5349 ccc 0.4523
2021-06-05 12:39:20,334 - utils.logger - INFO - Val result of epoch 48 / 50 mse 0.1199 rmse 0.3463 pcc -0.0169 ccc -0.0140
2021-06-05 12:39:20,732 - utils.logger - INFO - Cur epoch 49 loss MSE:0.6553
2021-06-05 12:39:21,133 - utils.logger - INFO - Cur epoch 49 loss MSE:0.2694
2021-06-05 12:39:21,439 - utils.logger - INFO - Cur epoch 49 loss MSE:5.9007
2021-06-05 12:39:21,440 - utils.logger - INFO - saving the model at the end of epoch 49, iters 294
2021-06-05 12:39:21,771 - utils.logger - INFO - End of training epoch 49 / 50 	 Time Taken: 1 sec, Data loading: 0 sec
2021-06-05 12:39:21,771 - utils.logger - INFO - learning rate = 0.0000003
2021-06-05 12:39:22,137 - utils.logger - INFO - Trn result of epoch 49 / 50 mse 0.0724 rmse 0.2691 pcc 0.4485 ccc 0.3757
2021-06-05 12:39:22,265 - utils.logger - INFO - Val result of epoch 49 / 50 mse 0.1153 rmse 0.3395 pcc 0.0201 ccc 0.0164
2021-06-05 12:39:22,667 - utils.logger - INFO - Cur epoch 50 loss MSE:0.9777
2021-06-05 12:39:23,072 - utils.logger - INFO - Cur epoch 50 loss MSE:0.2275
2021-06-05 12:39:23,408 - utils.logger - INFO - Cur epoch 50 loss MSE:7.3666
2021-06-05 12:39:23,408 - utils.logger - INFO - saving the model at the end of epoch 50, iters 300
2021-06-05 12:39:23,749 - utils.logger - INFO - End of training epoch 50 / 50 	 Time Taken: 1 sec, Data loading: 0 sec
2021-06-05 12:39:23,749 - utils.logger - INFO - learning rate = 0.0000000
2021-06-05 12:39:24,130 - utils.logger - INFO - Trn result of epoch 50 / 50 mse 0.0613 rmse 0.2476 pcc 0.5616 ccc 0.4710
2021-06-05 12:39:24,266 - utils.logger - INFO - Val result of epoch 50 / 50 mse 0.1173 rmse 0.3425 pcc -0.0068 ccc -0.0056
2021-06-05 12:39:24,267 - utils.logger - INFO - Best eval epoch 41 found with ccc 0.142721
2021-06-05 12:39:24,267 - utils.logger - INFO - baseline_fcfusion_norm_vggish_arousal_hidden1024_seq100_run1
