2021-06-05 13:57:46,569 - utils.logger - INFO - The number of training samples = 41
2021-06-05 13:58:04,966 - utils.logger - INFO - Cur epoch 1 loss MSE:0.1128
2021-06-05 13:58:05,635 - utils.logger - INFO - Cur epoch 1 loss MSE:0.3238
2021-06-05 13:58:08,592 - utils.logger - INFO - Cur epoch 1 loss MSE:7.2845
2021-06-05 13:58:08,592 - utils.logger - INFO - saving the model at the end of epoch 1, iters 6
2021-06-05 13:58:08,844 - utils.logger - INFO - End of training epoch 1 / 50 	 Time Taken: 19 sec, Data loading: 17 sec
2021-06-05 13:58:08,845 - utils.logger - INFO - learning rate = 0.0000100
2021-06-05 13:58:40,063 - utils.logger - INFO - Trn result of epoch 1 / 50 mse 0.1139 rmse 0.3374 pcc -0.0003 ccc -0.0000
2021-06-05 13:58:41,027 - utils.logger - INFO - Val result of epoch 1 / 50 mse 0.1301 rmse 0.3607 pcc -0.0739 ccc -0.0019
2021-06-05 13:58:44,188 - utils.logger - INFO - Cur epoch 2 loss MSE:0.3427
2021-06-05 13:58:45,472 - utils.logger - INFO - Cur epoch 2 loss MSE:0.3891
2021-06-05 13:58:45,926 - utils.logger - INFO - Cur epoch 2 loss MSE:0.1114
2021-06-05 13:58:45,926 - utils.logger - INFO - saving the model at the end of epoch 2, iters 12
2021-06-05 13:58:46,223 - utils.logger - INFO - End of training epoch 2 / 50 	 Time Taken: 5 sec, Data loading: 3 sec
2021-06-05 13:58:46,223 - utils.logger - INFO - learning rate = 0.0000100
2021-06-05 13:58:47,874 - utils.logger - INFO - Trn result of epoch 2 / 50 mse 0.1090 rmse 0.3301 pcc 0.0057 ccc 0.0006
2021-06-05 13:58:59,643 - utils.logger - INFO - Val result of epoch 2 / 50 mse 0.1298 rmse 0.3603 pcc -0.0865 ccc -0.0084
2021-06-05 13:59:09,505 - utils.logger - INFO - Cur epoch 3 loss MSE:0.4532
2021-06-05 13:59:11,696 - utils.logger - INFO - Cur epoch 3 loss MSE:0.2093
2021-06-05 13:59:12,189 - utils.logger - INFO - Cur epoch 3 loss MSE:1.7432
2021-06-05 13:59:12,189 - utils.logger - INFO - saving the model at the end of epoch 3, iters 18
2021-06-05 13:59:12,444 - utils.logger - INFO - End of training epoch 3 / 50 	 Time Taken: 12 sec, Data loading: 11 sec
2021-06-05 13:59:12,444 - utils.logger - INFO - learning rate = 0.0000100
2021-06-05 13:59:23,124 - utils.logger - INFO - Trn result of epoch 3 / 50 mse 0.1080 rmse 0.3287 pcc 0.0383 ccc 0.0049
2021-06-05 13:59:23,506 - utils.logger - INFO - Val result of epoch 3 / 50 mse 0.1309 rmse 0.3618 pcc -0.0778 ccc -0.0092
2021-06-05 13:59:24,081 - utils.logger - INFO - Cur epoch 4 loss MSE:0.2438
2021-06-05 13:59:24,676 - utils.logger - INFO - Cur epoch 4 loss MSE:0.3554
2021-06-05 13:59:25,206 - utils.logger - INFO - Cur epoch 4 loss MSE:17.5727
2021-06-05 13:59:25,206 - utils.logger - INFO - saving the model at the end of epoch 4, iters 24
2021-06-05 13:59:25,429 - utils.logger - INFO - End of training epoch 4 / 50 	 Time Taken: 1 sec, Data loading: 0 sec
2021-06-05 13:59:25,429 - utils.logger - INFO - learning rate = 0.0000100
2021-06-05 13:59:26,465 - utils.logger - INFO - Trn result of epoch 4 / 50 mse 0.1077 rmse 0.3282 pcc 0.0624 ccc 0.0084
2021-06-05 13:59:26,856 - utils.logger - INFO - Val result of epoch 4 / 50 mse 0.1323 rmse 0.3637 pcc -0.0715 ccc -0.0092
2021-06-05 13:59:27,418 - utils.logger - INFO - Cur epoch 5 loss MSE:0.4449
2021-06-05 13:59:27,984 - utils.logger - INFO - Cur epoch 5 loss MSE:0.2144
2021-06-05 13:59:28,400 - utils.logger - INFO - Cur epoch 5 loss MSE:11.3169
2021-06-05 13:59:28,400 - utils.logger - INFO - saving the model at the end of epoch 5, iters 30
2021-06-05 13:59:28,633 - utils.logger - INFO - End of training epoch 5 / 50 	 Time Taken: 1 sec, Data loading: 0 sec
2021-06-05 13:59:28,634 - utils.logger - INFO - learning rate = 0.0000100
2021-06-05 13:59:29,472 - utils.logger - INFO - Trn result of epoch 5 / 50 mse 0.1076 rmse 0.3281 pcc 0.1026 ccc 0.0113
2021-06-05 13:59:29,867 - utils.logger - INFO - Val result of epoch 5 / 50 mse 0.1297 rmse 0.3602 pcc -0.0554 ccc -0.0061
2021-06-05 13:59:31,117 - utils.logger - INFO - Cur epoch 6 loss MSE:0.0182
2021-06-05 13:59:31,811 - utils.logger - INFO - Cur epoch 6 loss MSE:0.0209
2021-06-05 13:59:32,688 - utils.logger - INFO - Cur epoch 6 loss MSE:6.0843
2021-06-05 13:59:32,688 - utils.logger - INFO - saving the model at the end of epoch 6, iters 36
2021-06-05 13:59:32,936 - utils.logger - INFO - End of training epoch 6 / 50 	 Time Taken: 3 sec, Data loading: 1 sec
2021-06-05 13:59:32,937 - utils.logger - INFO - learning rate = 0.0000100
2021-06-05 13:59:41,797 - utils.logger - INFO - Trn result of epoch 6 / 50 mse 0.1067 rmse 0.3266 pcc 0.1306 ccc 0.0177
2021-06-05 13:59:42,072 - utils.logger - INFO - Val result of epoch 6 / 50 mse 0.1317 rmse 0.3629 pcc -0.0525 ccc -0.0070
2021-06-05 13:59:42,612 - utils.logger - INFO - Cur epoch 7 loss MSE:0.0102
2021-06-05 13:59:43,175 - utils.logger - INFO - Cur epoch 7 loss MSE:0.2997
2021-06-05 13:59:43,634 - utils.logger - INFO - Cur epoch 7 loss MSE:5.5443
2021-06-05 13:59:43,635 - utils.logger - INFO - saving the model at the end of epoch 7, iters 42
2021-06-05 13:59:43,861 - utils.logger - INFO - End of training epoch 7 / 50 	 Time Taken: 1 sec, Data loading: 0 sec
2021-06-05 13:59:43,861 - utils.logger - INFO - learning rate = 0.0000100
2021-06-05 14:00:01,451 - utils.logger - INFO - Trn result of epoch 7 / 50 mse 0.1072 rmse 0.3274 pcc 0.1359 ccc 0.0202
2021-06-05 14:00:01,842 - utils.logger - INFO - Val result of epoch 7 / 50 mse 0.1341 rmse 0.3662 pcc -0.0453 ccc -0.0066
2021-06-05 14:00:02,513 - utils.logger - INFO - Cur epoch 8 loss MSE:0.2732
2021-06-05 14:00:03,210 - utils.logger - INFO - Cur epoch 8 loss MSE:0.0578
2021-06-05 14:00:03,699 - utils.logger - INFO - Cur epoch 8 loss MSE:0.0226
2021-06-05 14:00:03,699 - utils.logger - INFO - saving the model at the end of epoch 8, iters 48
2021-06-05 14:00:03,923 - utils.logger - INFO - End of training epoch 8 / 50 	 Time Taken: 2 sec, Data loading: 0 sec
2021-06-05 14:00:03,923 - utils.logger - INFO - learning rate = 0.0000100
2021-06-05 14:00:11,549 - utils.logger - INFO - Trn result of epoch 8 / 50 mse 0.1066 rmse 0.3265 pcc 0.1697 ccc 0.0195
2021-06-05 14:00:11,822 - utils.logger - INFO - Val result of epoch 8 / 50 mse 0.1295 rmse 0.3598 pcc -0.0245 ccc -0.0029
2021-06-05 14:00:12,378 - utils.logger - INFO - Cur epoch 9 loss MSE:0.0790
2021-06-05 14:00:12,947 - utils.logger - INFO - Cur epoch 9 loss MSE:0.5491
2021-06-05 14:00:15,901 - utils.logger - INFO - Cur epoch 9 loss MSE:6.8923
2021-06-05 14:00:15,901 - utils.logger - INFO - saving the model at the end of epoch 9, iters 54
2021-06-05 14:00:16,175 - utils.logger - INFO - End of training epoch 9 / 50 	 Time Taken: 4 sec, Data loading: 2 sec
2021-06-05 14:00:16,175 - utils.logger - INFO - learning rate = 0.0000100
2021-06-05 14:00:28,348 - utils.logger - INFO - Trn result of epoch 9 / 50 mse 0.1059 rmse 0.3255 pcc 0.1856 ccc 0.0238
2021-06-05 14:00:29,142 - utils.logger - INFO - Val result of epoch 9 / 50 mse 0.1302 rmse 0.3609 pcc -0.0173 ccc -0.0022
2021-06-05 14:00:29,797 - utils.logger - INFO - Cur epoch 10 loss MSE:0.2404
2021-06-05 14:00:30,454 - utils.logger - INFO - Cur epoch 10 loss MSE:0.1233
2021-06-05 14:00:30,905 - utils.logger - INFO - Cur epoch 10 loss MSE:12.9690
2021-06-05 14:00:30,905 - utils.logger - INFO - saving the model at the end of epoch 10, iters 60
2021-06-05 14:00:31,154 - utils.logger - INFO - End of training epoch 10 / 50 	 Time Taken: 2 sec, Data loading: 0 sec
2021-06-05 14:00:31,154 - utils.logger - INFO - learning rate = 0.0000100
2021-06-05 14:00:49,627 - utils.logger - INFO - Trn result of epoch 10 / 50 mse 0.1057 rmse 0.3251 pcc 0.2105 ccc 0.0307
2021-06-05 14:00:50,018 - utils.logger - INFO - Val result of epoch 10 / 50 mse 0.1325 rmse 0.3640 pcc -0.0113 ccc -0.0016
2021-06-05 14:00:50,637 - utils.logger - INFO - Cur epoch 11 loss MSE:0.2753
2021-06-05 14:00:51,295 - utils.logger - INFO - Cur epoch 11 loss MSE:0.1015
2021-06-05 14:00:52,433 - utils.logger - INFO - Cur epoch 11 loss MSE:0.0265
2021-06-05 14:00:52,434 - utils.logger - INFO - saving the model at the end of epoch 11, iters 66
2021-06-05 14:00:52,712 - utils.logger - INFO - End of training epoch 11 / 50 	 Time Taken: 2 sec, Data loading: 1 sec
2021-06-05 14:00:52,712 - utils.logger - INFO - learning rate = 0.0000100
2021-06-05 14:00:58,152 - utils.logger - INFO - Trn result of epoch 11 / 50 mse 0.1057 rmse 0.3251 pcc 0.1969 ccc 0.0263
2021-06-05 14:01:07,730 - utils.logger - INFO - Val result of epoch 11 / 50 mse 0.1298 rmse 0.3603 pcc 0.0043 ccc 0.0006
2021-06-05 14:01:08,428 - utils.logger - INFO - Cur epoch 12 loss MSE:0.3019
2021-06-05 14:01:16,370 - utils.logger - INFO - Cur epoch 12 loss MSE:0.0580
2021-06-05 14:01:17,414 - utils.logger - INFO - Cur epoch 12 loss MSE:0.1561
2021-06-05 14:01:17,415 - utils.logger - INFO - saving the model at the end of epoch 12, iters 72
2021-06-05 14:01:17,646 - utils.logger - INFO - End of training epoch 12 / 50 	 Time Taken: 9 sec, Data loading: 8 sec
2021-06-05 14:01:17,646 - utils.logger - INFO - learning rate = 0.0000100
2021-06-05 14:01:31,605 - utils.logger - INFO - Trn result of epoch 12 / 50 mse 0.1043 rmse 0.3230 pcc 0.2621 ccc 0.0434
2021-06-05 14:01:40,149 - utils.logger - INFO - Val result of epoch 12 / 50 mse 0.1319 rmse 0.3631 pcc 0.0073 ccc 0.0012
2021-06-05 14:01:41,372 - utils.logger - INFO - Cur epoch 13 loss MSE:0.3656
2021-06-05 14:01:42,059 - utils.logger - INFO - Cur epoch 13 loss MSE:0.6801
2021-06-05 14:01:42,548 - utils.logger - INFO - Cur epoch 13 loss MSE:41.2251
2021-06-05 14:01:42,548 - utils.logger - INFO - saving the model at the end of epoch 13, iters 78
2021-06-05 14:01:42,860 - utils.logger - INFO - End of training epoch 13 / 50 	 Time Taken: 2 sec, Data loading: 1 sec
2021-06-05 14:01:42,860 - utils.logger - INFO - learning rate = 0.0000100
2021-06-05 14:01:53,776 - utils.logger - INFO - Trn result of epoch 13 / 50 mse 0.1044 rmse 0.3231 pcc 0.2862 ccc 0.0428
2021-06-05 14:01:54,181 - utils.logger - INFO - Val result of epoch 13 / 50 mse 0.1288 rmse 0.3589 pcc 0.0263 ccc 0.0041
2021-06-05 14:01:54,878 - utils.logger - INFO - Cur epoch 14 loss MSE:0.5775
2021-06-05 14:01:55,574 - utils.logger - INFO - Cur epoch 14 loss MSE:0.1068
2021-06-05 14:01:56,062 - utils.logger - INFO - Cur epoch 14 loss MSE:0.4586
2021-06-05 14:01:56,062 - utils.logger - INFO - saving the model at the end of epoch 14, iters 84
2021-06-05 14:01:56,366 - utils.logger - INFO - End of training epoch 14 / 50 	 Time Taken: 2 sec, Data loading: 0 sec
2021-06-05 14:01:56,367 - utils.logger - INFO - learning rate = 0.0000100
2021-06-05 14:02:11,934 - utils.logger - INFO - Trn result of epoch 14 / 50 mse 0.1027 rmse 0.3204 pcc 0.3028 ccc 0.0595
2021-06-05 14:02:21,139 - utils.logger - INFO - Val result of epoch 14 / 50 mse 0.1298 rmse 0.3602 pcc 0.0387 ccc 0.0078
2021-06-05 14:02:26,539 - utils.logger - INFO - Cur epoch 15 loss MSE:0.2957
2021-06-05 14:02:27,241 - utils.logger - INFO - Cur epoch 15 loss MSE:0.2336
2021-06-05 14:02:27,757 - utils.logger - INFO - Cur epoch 15 loss MSE:0.2445
2021-06-05 14:02:27,757 - utils.logger - INFO - saving the model at the end of epoch 15, iters 90
2021-06-05 14:02:28,044 - utils.logger - INFO - End of training epoch 15 / 50 	 Time Taken: 6 sec, Data loading: 5 sec
2021-06-05 14:02:28,045 - utils.logger - INFO - learning rate = 0.0000100
2021-06-05 14:02:28,841 - utils.logger - INFO - Trn result of epoch 15 / 50 mse 0.1022 rmse 0.3197 pcc 0.3456 ccc 0.0673
2021-06-05 14:02:34,977 - utils.logger - INFO - Val result of epoch 15 / 50 mse 0.1292 rmse 0.3594 pcc 0.0289 ccc 0.0061
2021-06-05 14:02:35,741 - utils.logger - INFO - Cur epoch 16 loss MSE:0.0143
2021-06-05 14:02:40,345 - utils.logger - INFO - Cur epoch 16 loss MSE:0.4077
2021-06-05 14:02:40,833 - utils.logger - INFO - Cur epoch 16 loss MSE:7.5676
2021-06-05 14:02:40,834 - utils.logger - INFO - saving the model at the end of epoch 16, iters 96
2021-06-05 14:02:41,099 - utils.logger - INFO - End of training epoch 16 / 50 	 Time Taken: 6 sec, Data loading: 4 sec
2021-06-05 14:02:41,100 - utils.logger - INFO - learning rate = 0.0000100
2021-06-05 14:02:42,230 - utils.logger - INFO - Trn result of epoch 16 / 50 mse 0.0983 rmse 0.3136 pcc 0.4102 ccc 0.1074
2021-06-05 14:02:42,615 - utils.logger - INFO - Val result of epoch 16 / 50 mse 0.1305 rmse 0.3612 pcc 0.0762 ccc 0.0193
2021-06-05 14:02:49,097 - utils.logger - INFO - Cur epoch 17 loss MSE:0.2053
2021-06-05 14:02:52,241 - utils.logger - INFO - Cur epoch 17 loss MSE:0.6987
2021-06-05 14:02:52,673 - utils.logger - INFO - Cur epoch 17 loss MSE:4.1538
2021-06-05 14:02:52,673 - utils.logger - INFO - saving the model at the end of epoch 17, iters 102
2021-06-05 14:02:52,909 - utils.logger - INFO - End of training epoch 17 / 50 	 Time Taken: 10 sec, Data loading: 8 sec
2021-06-05 14:02:52,909 - utils.logger - INFO - learning rate = 0.0000100
2021-06-05 14:03:01,310 - utils.logger - INFO - Trn result of epoch 17 / 50 mse 0.0925 rmse 0.3041 pcc 0.4657 ccc 0.1775
2021-06-05 14:03:05,757 - utils.logger - INFO - Val result of epoch 17 / 50 mse 0.1266 rmse 0.3559 pcc 0.1312 ccc 0.0423
2021-06-05 14:03:13,427 - utils.logger - INFO - Cur epoch 18 loss MSE:0.0444
2021-06-05 14:03:25,443 - utils.logger - INFO - Cur epoch 18 loss MSE:0.6726
2021-06-05 14:03:29,014 - utils.logger - INFO - Cur epoch 18 loss MSE:5.7597
2021-06-05 14:03:29,014 - utils.logger - INFO - saving the model at the end of epoch 18, iters 108
2021-06-05 14:03:29,256 - utils.logger - INFO - End of training epoch 18 / 50 	 Time Taken: 23 sec, Data loading: 22 sec
2021-06-05 14:03:29,256 - utils.logger - INFO - learning rate = 0.0000100
2021-06-05 14:03:41,190 - utils.logger - INFO - Trn result of epoch 18 / 50 mse 0.0898 rmse 0.2997 pcc 0.4913 ccc 0.2220
2021-06-05 14:03:51,345 - utils.logger - INFO - Val result of epoch 18 / 50 mse 0.1301 rmse 0.3606 pcc 0.0464 ccc 0.0154
2021-06-05 14:04:03,388 - utils.logger - INFO - Cur epoch 19 loss MSE:0.2007
2021-06-05 14:04:07,295 - utils.logger - INFO - Cur epoch 19 loss MSE:0.3250
2021-06-05 14:04:07,792 - utils.logger - INFO - Cur epoch 19 loss MSE:16.8271
2021-06-05 14:04:07,793 - utils.logger - INFO - saving the model at the end of epoch 19, iters 114
2021-06-05 14:04:08,052 - utils.logger - INFO - End of training epoch 19 / 50 	 Time Taken: 16 sec, Data loading: 15 sec
2021-06-05 14:04:08,052 - utils.logger - INFO - learning rate = 0.0000100
2021-06-05 14:04:29,598 - utils.logger - INFO - Trn result of epoch 19 / 50 mse 0.1002 rmse 0.3166 pcc 0.4030 ccc 0.1481
2021-06-05 14:04:32,445 - utils.logger - INFO - Val result of epoch 19 / 50 mse 0.1334 rmse 0.3653 pcc -0.0216 ccc -0.0058
2021-06-05 14:04:33,128 - utils.logger - INFO - Cur epoch 20 loss MSE:0.4124
2021-06-05 14:04:33,762 - utils.logger - INFO - Cur epoch 20 loss MSE:0.4833
2021-06-05 14:04:34,252 - utils.logger - INFO - Cur epoch 20 loss MSE:0.7705
2021-06-05 14:04:34,252 - utils.logger - INFO - saving the model at the end of epoch 20, iters 120
2021-06-05 14:04:34,550 - utils.logger - INFO - End of training epoch 20 / 50 	 Time Taken: 2 sec, Data loading: 0 sec
2021-06-05 14:04:34,550 - utils.logger - INFO - learning rate = 0.0000097
2021-06-05 14:04:35,681 - utils.logger - INFO - Trn result of epoch 20 / 50 mse 0.1005 rmse 0.3170 pcc 0.5045 ccc 0.2855
2021-06-05 14:04:35,951 - utils.logger - INFO - Val result of epoch 20 / 50 mse 0.1542 rmse 0.3927 pcc 0.2402 ccc 0.1157
2021-06-05 14:04:36,488 - utils.logger - INFO - Cur epoch 21 loss MSE:0.1673
2021-06-05 14:04:37,050 - utils.logger - INFO - Cur epoch 21 loss MSE:0.2036
2021-06-05 14:04:37,498 - utils.logger - INFO - Cur epoch 21 loss MSE:0.0126
2021-06-05 14:04:37,498 - utils.logger - INFO - saving the model at the end of epoch 21, iters 126
2021-06-05 14:04:37,760 - utils.logger - INFO - End of training epoch 21 / 50 	 Time Taken: 1 sec, Data loading: 0 sec
2021-06-05 14:04:37,760 - utils.logger - INFO - learning rate = 0.0000094
2021-06-05 14:04:38,565 - utils.logger - INFO - Trn result of epoch 21 / 50 mse 0.0767 rmse 0.2770 pcc 0.6141 ccc 0.3591
2021-06-05 14:04:47,615 - utils.logger - INFO - Val result of epoch 21 / 50 mse 0.1283 rmse 0.3582 pcc 0.1872 ccc 0.0965
2021-06-05 14:04:51,082 - utils.logger - INFO - Cur epoch 22 loss MSE:0.3912
2021-06-05 14:04:51,756 - utils.logger - INFO - Cur epoch 22 loss MSE:0.4179
2021-06-05 14:04:52,247 - utils.logger - INFO - Cur epoch 22 loss MSE:0.0922
2021-06-05 14:04:52,247 - utils.logger - INFO - saving the model at the end of epoch 22, iters 132
2021-06-05 14:04:52,536 - utils.logger - INFO - End of training epoch 22 / 50 	 Time Taken: 4 sec, Data loading: 3 sec
2021-06-05 14:04:52,536 - utils.logger - INFO - learning rate = 0.0000090
2021-06-05 14:05:05,921 - utils.logger - INFO - Trn result of epoch 22 / 50 mse 0.0807 rmse 0.2840 pcc 0.6162 ccc 0.4307
2021-06-05 14:05:13,023 - utils.logger - INFO - Val result of epoch 22 / 50 mse 0.1448 rmse 0.3805 pcc 0.2923 ccc 0.1699
2021-06-05 14:05:16,423 - utils.logger - INFO - Cur epoch 23 loss MSE:1.5159
2021-06-05 14:05:17,103 - utils.logger - INFO - Cur epoch 23 loss MSE:0.0327
2021-06-05 14:05:19,730 - utils.logger - INFO - Cur epoch 23 loss MSE:3.5022
2021-06-05 14:05:19,730 - utils.logger - INFO - saving the model at the end of epoch 23, iters 138
2021-06-05 14:05:20,117 - utils.logger - INFO - End of training epoch 23 / 50 	 Time Taken: 7 sec, Data loading: 5 sec
2021-06-05 14:05:20,117 - utils.logger - INFO - learning rate = 0.0000087
2021-06-05 14:05:21,202 - utils.logger - INFO - Trn result of epoch 23 / 50 mse 0.0654 rmse 0.2557 pcc 0.6496 ccc 0.5131
2021-06-05 14:05:21,534 - utils.logger - INFO - Val result of epoch 23 / 50 mse 0.1441 rmse 0.3796 pcc 0.0558 ccc 0.0392
2021-06-05 14:05:22,115 - utils.logger - INFO - Cur epoch 24 loss MSE:0.6486
2021-06-05 14:05:22,681 - utils.logger - INFO - Cur epoch 24 loss MSE:0.0232
2021-06-05 14:05:23,131 - utils.logger - INFO - Cur epoch 24 loss MSE:3.3197
2021-06-05 14:05:23,131 - utils.logger - INFO - saving the model at the end of epoch 24, iters 144
2021-06-05 14:05:23,362 - utils.logger - INFO - End of training epoch 24 / 50 	 Time Taken: 1 sec, Data loading: 0 sec
2021-06-05 14:05:23,362 - utils.logger - INFO - learning rate = 0.0000084
2021-06-05 14:05:35,873 - utils.logger - INFO - Trn result of epoch 24 / 50 mse 0.1587 rmse 0.3984 pcc 0.0337 ccc 0.0046
2021-06-05 14:05:36,259 - utils.logger - INFO - Val result of epoch 24 / 50 mse 0.1650 rmse 0.4062 pcc 0.0336 ccc 0.0042
2021-06-05 14:05:36,890 - utils.logger - INFO - Cur epoch 25 loss MSE:0.0955
2021-06-05 14:05:37,535 - utils.logger - INFO - Cur epoch 25 loss MSE:0.0025
2021-06-05 14:05:37,994 - utils.logger - INFO - Cur epoch 25 loss MSE:0.0008
2021-06-05 14:05:37,995 - utils.logger - INFO - saving the model at the end of epoch 25, iters 150
2021-06-05 14:05:38,214 - utils.logger - INFO - End of training epoch 25 / 50 	 Time Taken: 1 sec, Data loading: 0 sec
2021-06-05 14:05:38,214 - utils.logger - INFO - learning rate = 0.0000081
2021-06-05 14:05:39,011 - utils.logger - INFO - Trn result of epoch 25 / 50 mse 0.0774 rmse 0.2782 pcc 0.6702 ccc 0.5526
2021-06-05 14:05:48,762 - utils.logger - INFO - Val result of epoch 25 / 50 mse 0.1692 rmse 0.4114 pcc 0.2818 ccc 0.1956
2021-06-05 14:05:51,555 - utils.logger - INFO - Cur epoch 26 loss MSE:0.0193
2021-06-05 14:06:03,791 - utils.logger - INFO - Cur epoch 26 loss MSE:0.0912
2021-06-05 14:06:04,309 - utils.logger - INFO - Cur epoch 26 loss MSE:0.0004
2021-06-05 14:06:04,309 - utils.logger - INFO - saving the model at the end of epoch 26, iters 156
2021-06-05 14:06:04,556 - utils.logger - INFO - End of training epoch 26 / 50 	 Time Taken: 15 sec, Data loading: 14 sec
2021-06-05 14:06:04,557 - utils.logger - INFO - learning rate = 0.0000077
2021-06-05 14:06:23,531 - utils.logger - INFO - Trn result of epoch 26 / 50 mse 0.1442 rmse 0.3798 pcc 0.4502 ccc 0.2572
2021-06-05 14:06:23,931 - utils.logger - INFO - Val result of epoch 26 / 50 mse 0.2052 rmse 0.4530 pcc 0.2492 ccc 0.1276
2021-06-05 14:06:24,634 - utils.logger - INFO - Cur epoch 27 loss MSE:0.3483
2021-06-05 14:06:28,204 - utils.logger - INFO - Cur epoch 27 loss MSE:0.3186
2021-06-05 14:06:30,481 - utils.logger - INFO - Cur epoch 27 loss MSE:0.9178
2021-06-05 14:06:30,481 - utils.logger - INFO - saving the model at the end of epoch 27, iters 162
2021-06-05 14:06:30,756 - utils.logger - INFO - End of training epoch 27 / 50 	 Time Taken: 6 sec, Data loading: 5 sec
2021-06-05 14:06:30,756 - utils.logger - INFO - learning rate = 0.0000074
2021-06-05 14:06:41,519 - utils.logger - INFO - Trn result of epoch 27 / 50 mse 0.0642 rmse 0.2534 pcc 0.7048 ccc 0.5100
2021-06-05 14:06:41,909 - utils.logger - INFO - Val result of epoch 27 / 50 mse 0.1302 rmse 0.3609 pcc 0.2481 ccc 0.1496
2021-06-05 14:06:42,900 - utils.logger - INFO - Cur epoch 28 loss MSE:0.8180
2021-06-05 14:06:49,746 - utils.logger - INFO - Cur epoch 28 loss MSE:0.1320
2021-06-05 14:06:53,653 - utils.logger - INFO - Cur epoch 28 loss MSE:5.6429
2021-06-05 14:06:53,653 - utils.logger - INFO - saving the model at the end of epoch 28, iters 168
2021-06-05 14:06:54,022 - utils.logger - INFO - End of training epoch 28 / 50 	 Time Taken: 12 sec, Data loading: 10 sec
2021-06-05 14:06:54,022 - utils.logger - INFO - learning rate = 0.0000071
2021-06-05 14:06:55,552 - utils.logger - INFO - Trn result of epoch 28 / 50 mse 0.0615 rmse 0.2479 pcc 0.7282 ccc 0.5661
2021-06-05 14:06:55,942 - utils.logger - INFO - Val result of epoch 28 / 50 mse 0.1308 rmse 0.3616 pcc 0.1971 ccc 0.1312
2021-06-05 14:06:56,492 - utils.logger - INFO - Cur epoch 29 loss MSE:0.2768
2021-06-05 14:07:05,986 - utils.logger - INFO - Cur epoch 29 loss MSE:0.0794
2021-06-05 14:07:06,479 - utils.logger - INFO - Cur epoch 29 loss MSE:0.4214
2021-06-05 14:07:06,479 - utils.logger - INFO - saving the model at the end of epoch 29, iters 174
2021-06-05 14:07:06,719 - utils.logger - INFO - End of training epoch 29 / 50 	 Time Taken: 10 sec, Data loading: 9 sec
2021-06-05 14:07:06,719 - utils.logger - INFO - learning rate = 0.0000068
2021-06-05 14:07:18,030 - utils.logger - INFO - Trn result of epoch 29 / 50 mse 0.0602 rmse 0.2453 pcc 0.7471 ccc 0.6224
2021-06-05 14:07:27,979 - utils.logger - INFO - Val result of epoch 29 / 50 mse 0.1484 rmse 0.3853 pcc 0.2700 ccc 0.1892
2021-06-05 14:07:31,539 - utils.logger - INFO - Cur epoch 30 loss MSE:0.1786
2021-06-05 14:07:34,216 - utils.logger - INFO - Cur epoch 30 loss MSE:0.3205
2021-06-05 14:07:40,595 - utils.logger - INFO - Cur epoch 30 loss MSE:1.3635
2021-06-05 14:07:40,595 - utils.logger - INFO - saving the model at the end of epoch 30, iters 180
2021-06-05 14:07:40,845 - utils.logger - INFO - End of training epoch 30 / 50 	 Time Taken: 12 sec, Data loading: 11 sec
2021-06-05 14:07:40,845 - utils.logger - INFO - learning rate = 0.0000065
2021-06-05 14:07:46,042 - utils.logger - INFO - Trn result of epoch 30 / 50 mse 0.0539 rmse 0.2322 pcc 0.7607 ccc 0.6065
2021-06-05 14:07:57,807 - utils.logger - INFO - Val result of epoch 30 / 50 mse 0.1309 rmse 0.3618 pcc 0.2283 ccc 0.1491
2021-06-05 14:08:05,084 - utils.logger - INFO - Cur epoch 31 loss MSE:0.1747
2021-06-05 14:08:05,796 - utils.logger - INFO - Cur epoch 31 loss MSE:0.4782
2021-06-05 14:08:06,314 - utils.logger - INFO - Cur epoch 31 loss MSE:0.0880
2021-06-05 14:08:06,314 - utils.logger - INFO - saving the model at the end of epoch 31, iters 186
2021-06-05 14:08:06,563 - utils.logger - INFO - End of training epoch 31 / 50 	 Time Taken: 8 sec, Data loading: 7 sec
2021-06-05 14:08:06,563 - utils.logger - INFO - learning rate = 0.0000061
2021-06-05 14:08:10,693 - utils.logger - INFO - Trn result of epoch 31 / 50 mse 0.1787 rmse 0.4227 pcc 0.3003 ccc 0.1027
2021-06-05 14:08:17,549 - utils.logger - INFO - Val result of epoch 31 / 50 mse 0.2014 rmse 0.4487 pcc 0.0229 ccc 0.0034
2021-06-05 14:08:18,738 - utils.logger - INFO - Cur epoch 32 loss MSE:0.3384
2021-06-05 14:08:30,304 - utils.logger - INFO - Cur epoch 32 loss MSE:0.1120
2021-06-05 14:08:30,809 - utils.logger - INFO - Cur epoch 32 loss MSE:0.4538
2021-06-05 14:08:30,810 - utils.logger - INFO - saving the model at the end of epoch 32, iters 192
2021-06-05 14:08:31,105 - utils.logger - INFO - End of training epoch 32 / 50 	 Time Taken: 13 sec, Data loading: 12 sec
2021-06-05 14:08:31,105 - utils.logger - INFO - learning rate = 0.0000058
2021-06-05 14:08:32,122 - utils.logger - INFO - Trn result of epoch 32 / 50 mse 0.0450 rmse 0.2121 pcc 0.8024 ccc 0.6838
2021-06-05 14:08:37,125 - utils.logger - INFO - Val result of epoch 32 / 50 mse 0.1298 rmse 0.3603 pcc 0.2215 ccc 0.1559
2021-06-05 14:08:46,622 - utils.logger - INFO - Cur epoch 33 loss MSE:0.0504
2021-06-05 14:08:55,298 - utils.logger - INFO - Cur epoch 33 loss MSE:0.2739
2021-06-05 14:08:55,795 - utils.logger - INFO - Cur epoch 33 loss MSE:2.6441
2021-06-05 14:08:55,796 - utils.logger - INFO - saving the model at the end of epoch 33, iters 198
2021-06-05 14:08:56,031 - utils.logger - INFO - End of training epoch 33 / 50 	 Time Taken: 18 sec, Data loading: 17 sec
2021-06-05 14:08:56,031 - utils.logger - INFO - learning rate = 0.0000055
2021-06-05 14:09:02,307 - utils.logger - INFO - Trn result of epoch 33 / 50 mse 0.0525 rmse 0.2291 pcc 0.7919 ccc 0.7269
2021-06-05 14:09:02,695 - utils.logger - INFO - Val result of epoch 33 / 50 mse 0.1715 rmse 0.4141 pcc 0.2799 ccc 0.2226
2021-06-05 14:09:03,344 - utils.logger - INFO - Cur epoch 34 loss MSE:0.1661
2021-06-05 14:09:04,578 - utils.logger - INFO - Cur epoch 34 loss MSE:0.0313
2021-06-05 14:09:05,091 - utils.logger - INFO - Cur epoch 34 loss MSE:1.8705
2021-06-05 14:09:05,091 - utils.logger - INFO - saving the model at the end of epoch 34, iters 204
2021-06-05 14:09:05,337 - utils.logger - INFO - End of training epoch 34 / 50 	 Time Taken: 2 sec, Data loading: 1 sec
2021-06-05 14:09:05,338 - utils.logger - INFO - learning rate = 0.0000052
2021-06-05 14:09:12,578 - utils.logger - INFO - Trn result of epoch 34 / 50 mse 0.0935 rmse 0.3057 pcc 0.6971 ccc 0.4975
2021-06-05 14:09:15,845 - utils.logger - INFO - Val result of epoch 34 / 50 mse 0.1895 rmse 0.4354 pcc 0.2551 ccc 0.1468
2021-06-05 14:09:19,149 - utils.logger - INFO - Cur epoch 35 loss MSE:0.1878
2021-06-05 14:09:25,793 - utils.logger - INFO - Cur epoch 35 loss MSE:0.0356
2021-06-05 14:09:26,252 - utils.logger - INFO - Cur epoch 35 loss MSE:0.0908
2021-06-05 14:09:26,253 - utils.logger - INFO - saving the model at the end of epoch 35, iters 210
2021-06-05 14:09:26,516 - utils.logger - INFO - End of training epoch 35 / 50 	 Time Taken: 10 sec, Data loading: 9 sec
2021-06-05 14:09:26,517 - utils.logger - INFO - learning rate = 0.0000048
2021-06-05 14:09:32,086 - utils.logger - INFO - Trn result of epoch 35 / 50 mse 0.0355 rmse 0.1885 pcc 0.8405 ccc 0.7734
2021-06-05 14:09:39,328 - utils.logger - INFO - Val result of epoch 35 / 50 mse 0.1323 rmse 0.3637 pcc 0.2539 ccc 0.1934
2021-06-05 14:09:50,269 - utils.logger - INFO - Cur epoch 36 loss MSE:0.0431
2021-06-05 14:09:54,237 - utils.logger - INFO - Cur epoch 36 loss MSE:0.2127
2021-06-05 14:09:54,943 - utils.logger - INFO - Cur epoch 36 loss MSE:1.6867
2021-06-05 14:09:54,943 - utils.logger - INFO - saving the model at the end of epoch 36, iters 216
2021-06-05 14:09:55,254 - utils.logger - INFO - End of training epoch 36 / 50 	 Time Taken: 15 sec, Data loading: 14 sec
2021-06-05 14:09:55,254 - utils.logger - INFO - learning rate = 0.0000045
2021-06-05 14:10:06,847 - utils.logger - INFO - Trn result of epoch 36 / 50 mse 0.0481 rmse 0.2193 pcc 0.8181 ccc 0.7172
2021-06-05 14:10:14,302 - utils.logger - INFO - Val result of epoch 36 / 50 mse 0.1493 rmse 0.3864 pcc 0.2746 ccc 0.1951
2021-06-05 14:10:14,897 - utils.logger - INFO - Cur epoch 37 loss MSE:0.2244
2021-06-05 14:10:19,530 - utils.logger - INFO - Cur epoch 37 loss MSE:3.3696
2021-06-05 14:10:26,560 - utils.logger - INFO - Cur epoch 37 loss MSE:22.0025
2021-06-05 14:10:26,561 - utils.logger - INFO - saving the model at the end of epoch 37, iters 222
2021-06-05 14:10:26,880 - utils.logger - INFO - End of training epoch 37 / 50 	 Time Taken: 12 sec, Data loading: 11 sec
2021-06-05 14:10:26,880 - utils.logger - INFO - learning rate = 0.0000042
2021-06-05 14:10:27,992 - utils.logger - INFO - Trn result of epoch 37 / 50 mse 0.0345 rmse 0.1857 pcc 0.8432 ccc 0.7939
2021-06-05 14:10:28,380 - utils.logger - INFO - Val result of epoch 37 / 50 mse 0.1302 rmse 0.3608 pcc 0.2419 ccc 0.1940
2021-06-05 14:10:28,938 - utils.logger - INFO - Cur epoch 38 loss MSE:5.9045
2021-06-05 14:10:29,496 - utils.logger - INFO - Cur epoch 38 loss MSE:0.2416
2021-06-05 14:10:29,961 - utils.logger - INFO - Cur epoch 38 loss MSE:14.8500
2021-06-05 14:10:29,962 - utils.logger - INFO - saving the model at the end of epoch 38, iters 228
2021-06-05 14:10:30,199 - utils.logger - INFO - End of training epoch 38 / 50 	 Time Taken: 1 sec, Data loading: 0 sec
2021-06-05 14:10:30,199 - utils.logger - INFO - learning rate = 0.0000039
2021-06-05 14:10:31,130 - utils.logger - INFO - Trn result of epoch 38 / 50 mse 0.0400 rmse 0.2000 pcc 0.8502 ccc 0.7438
2021-06-05 14:10:31,527 - utils.logger - INFO - Val result of epoch 38 / 50 mse 0.1305 rmse 0.3613 pcc 0.2194 ccc 0.1644
2021-06-05 14:10:36,813 - utils.logger - INFO - Cur epoch 39 loss MSE:0.0127
2021-06-05 14:10:44,630 - utils.logger - INFO - Cur epoch 39 loss MSE:0.0537
2021-06-05 14:10:49,138 - utils.logger - INFO - Cur epoch 39 loss MSE:0.1538
2021-06-05 14:10:49,138 - utils.logger - INFO - saving the model at the end of epoch 39, iters 234
2021-06-05 14:10:49,372 - utils.logger - INFO - End of training epoch 39 / 50 	 Time Taken: 17 sec, Data loading: 16 sec
2021-06-05 14:10:49,372 - utils.logger - INFO - learning rate = 0.0000035
2021-06-05 14:11:00,541 - utils.logger - INFO - Trn result of epoch 39 / 50 mse 0.0403 rmse 0.2007 pcc 0.8495 ccc 0.7968
2021-06-05 14:11:07,638 - utils.logger - INFO - Val result of epoch 39 / 50 mse 0.1632 rmse 0.4039 pcc 0.3044 ccc 0.2394
2021-06-05 14:11:12,990 - utils.logger - INFO - Cur epoch 40 loss MSE:0.1352
2021-06-05 14:11:23,934 - utils.logger - INFO - Cur epoch 40 loss MSE:0.1644
2021-06-05 14:11:24,937 - utils.logger - INFO - Cur epoch 40 loss MSE:0.9670
2021-06-05 14:11:24,937 - utils.logger - INFO - saving the model at the end of epoch 40, iters 240
2021-06-05 14:11:25,187 - utils.logger - INFO - End of training epoch 40 / 50 	 Time Taken: 17 sec, Data loading: 16 sec
2021-06-05 14:11:25,187 - utils.logger - INFO - learning rate = 0.0000032
2021-06-05 14:11:44,212 - utils.logger - INFO - Trn result of epoch 40 / 50 mse 0.0289 rmse 0.1701 pcc 0.8584 ccc 0.8429
2021-06-05 14:11:44,580 - utils.logger - INFO - Val result of epoch 40 / 50 mse 0.1386 rmse 0.3723 pcc 0.2413 ccc 0.2151
2021-06-05 14:11:45,156 - utils.logger - INFO - Cur epoch 41 loss MSE:0.1009
2021-06-05 14:11:49,552 - utils.logger - INFO - Cur epoch 41 loss MSE:0.0328
2021-06-05 14:11:50,059 - utils.logger - INFO - Cur epoch 41 loss MSE:6.2374
2021-06-05 14:11:50,059 - utils.logger - INFO - saving the model at the end of epoch 41, iters 246
2021-06-05 14:11:50,382 - utils.logger - INFO - End of training epoch 41 / 50 	 Time Taken: 5 sec, Data loading: 4 sec
2021-06-05 14:11:50,382 - utils.logger - INFO - learning rate = 0.0000029
2021-06-05 14:12:13,643 - utils.logger - INFO - Trn result of epoch 41 / 50 mse 0.0301 rmse 0.1734 pcc 0.8544 ccc 0.8382
2021-06-05 14:12:21,051 - utils.logger - INFO - Val result of epoch 41 / 50 mse 0.1394 rmse 0.3734 pcc 0.2504 ccc 0.2269
2021-06-05 14:12:32,730 - utils.logger - INFO - Cur epoch 42 loss MSE:0.0438
2021-06-05 14:12:37,384 - utils.logger - INFO - Cur epoch 42 loss MSE:0.1982
2021-06-05 14:12:38,480 - utils.logger - INFO - Cur epoch 42 loss MSE:0.7836
2021-06-05 14:12:38,480 - utils.logger - INFO - saving the model at the end of epoch 42, iters 252
2021-06-05 14:12:38,759 - utils.logger - INFO - End of training epoch 42 / 50 	 Time Taken: 17 sec, Data loading: 16 sec
2021-06-05 14:12:38,759 - utils.logger - INFO - learning rate = 0.0000026
2021-06-05 14:12:56,897 - utils.logger - INFO - Trn result of epoch 42 / 50 mse 0.0308 rmse 0.1756 pcc 0.8729 ccc 0.8146
2021-06-05 14:13:08,982 - utils.logger - INFO - Val result of epoch 42 / 50 mse 0.1316 rmse 0.3628 pcc 0.2280 ccc 0.1832
2021-06-05 14:13:21,533 - utils.logger - INFO - Cur epoch 43 loss MSE:0.0459
2021-06-05 14:13:26,418 - utils.logger - INFO - Cur epoch 43 loss MSE:0.0390
2021-06-05 14:13:26,952 - utils.logger - INFO - Cur epoch 43 loss MSE:0.2476
2021-06-05 14:13:26,953 - utils.logger - INFO - saving the model at the end of epoch 43, iters 258
2021-06-05 14:13:27,225 - utils.logger - INFO - End of training epoch 43 / 50 	 Time Taken: 18 sec, Data loading: 16 sec
2021-06-05 14:13:27,225 - utils.logger - INFO - learning rate = 0.0000023
2021-06-05 14:13:28,195 - utils.logger - INFO - Trn result of epoch 43 / 50 mse 0.0267 rmse 0.1635 pcc 0.8812 ccc 0.8547
2021-06-05 14:13:35,477 - utils.logger - INFO - Val result of epoch 43 / 50 mse 0.1425 rmse 0.3776 pcc 0.2780 ccc 0.2245
2021-06-05 14:13:36,203 - utils.logger - INFO - Cur epoch 44 loss MSE:0.1723
2021-06-05 14:13:48,409 - utils.logger - INFO - Cur epoch 44 loss MSE:0.1658
2021-06-05 14:13:53,109 - utils.logger - INFO - Cur epoch 44 loss MSE:9.9655
2021-06-05 14:13:53,109 - utils.logger - INFO - saving the model at the end of epoch 44, iters 264
2021-06-05 14:13:53,351 - utils.logger - INFO - End of training epoch 44 / 50 	 Time Taken: 17 sec, Data loading: 16 sec
2021-06-05 14:13:53,352 - utils.logger - INFO - learning rate = 0.0000019
2021-06-05 14:13:54,369 - utils.logger - INFO - Trn result of epoch 44 / 50 mse 0.0251 rmse 0.1585 pcc 0.8810 ccc 0.8633
2021-06-05 14:14:02,962 - utils.logger - INFO - Val result of epoch 44 / 50 mse 0.1356 rmse 0.3682 pcc 0.2473 ccc 0.2166
2021-06-05 14:14:13,715 - utils.logger - INFO - Cur epoch 45 loss MSE:0.1782
2021-06-05 14:14:14,305 - utils.logger - INFO - Cur epoch 45 loss MSE:0.0112
2021-06-05 14:14:14,747 - utils.logger - INFO - Cur epoch 45 loss MSE:0.1229
2021-06-05 14:14:14,747 - utils.logger - INFO - saving the model at the end of epoch 45, iters 270
2021-06-05 14:14:15,000 - utils.logger - INFO - End of training epoch 45 / 50 	 Time Taken: 12 sec, Data loading: 10 sec
2021-06-05 14:14:15,001 - utils.logger - INFO - learning rate = 0.0000016
2021-06-05 14:14:29,972 - utils.logger - INFO - Trn result of epoch 45 / 50 mse 0.0359 rmse 0.1895 pcc 0.8542 ccc 0.8044
2021-06-05 14:14:39,333 - utils.logger - INFO - Val result of epoch 45 / 50 mse 0.1395 rmse 0.3735 pcc 0.2227 ccc 0.1843
2021-06-05 14:14:40,318 - utils.logger - INFO - Cur epoch 46 loss MSE:0.0434
2021-06-05 14:14:40,904 - utils.logger - INFO - Cur epoch 46 loss MSE:0.2341
2021-06-05 14:14:45,373 - utils.logger - INFO - Cur epoch 46 loss MSE:1.0563
2021-06-05 14:14:45,373 - utils.logger - INFO - saving the model at the end of epoch 46, iters 276
2021-06-05 14:14:45,618 - utils.logger - INFO - End of training epoch 46 / 50 	 Time Taken: 6 sec, Data loading: 4 sec
2021-06-05 14:14:45,618 - utils.logger - INFO - learning rate = 0.0000013
2021-06-05 14:14:47,092 - utils.logger - INFO - Trn result of epoch 46 / 50 mse 0.0268 rmse 0.1636 pcc 0.8827 ccc 0.8543
2021-06-05 14:14:53,404 - utils.logger - INFO - Val result of epoch 46 / 50 mse 0.1406 rmse 0.3750 pcc 0.2897 ccc 0.2307
2021-06-05 14:14:54,025 - utils.logger - INFO - Cur epoch 47 loss MSE:0.1373
2021-06-05 14:14:54,712 - utils.logger - INFO - Cur epoch 47 loss MSE:0.0129
2021-06-05 14:14:55,654 - utils.logger - INFO - Cur epoch 47 loss MSE:0.0142
2021-06-05 14:14:55,654 - utils.logger - INFO - saving the model at the end of epoch 47, iters 282
2021-06-05 14:14:55,892 - utils.logger - INFO - End of training epoch 47 / 50 	 Time Taken: 2 sec, Data loading: 1 sec
2021-06-05 14:14:55,892 - utils.logger - INFO - learning rate = 0.0000010
2021-06-05 14:15:11,503 - utils.logger - INFO - Trn result of epoch 47 / 50 mse 0.0231 rmse 0.1521 pcc 0.8924 ccc 0.8727
2021-06-05 14:15:12,507 - utils.logger - INFO - Val result of epoch 47 / 50 mse 0.1342 rmse 0.3664 pcc 0.2841 ccc 0.2329
2021-06-05 14:15:23,251 - utils.logger - INFO - Cur epoch 48 loss MSE:0.0582
2021-06-05 14:15:23,963 - utils.logger - INFO - Cur epoch 48 loss MSE:0.0877
2021-06-05 14:15:24,457 - utils.logger - INFO - Cur epoch 48 loss MSE:0.3177
2021-06-05 14:15:24,457 - utils.logger - INFO - saving the model at the end of epoch 48, iters 288
2021-06-05 14:15:24,740 - utils.logger - INFO - End of training epoch 48 / 50 	 Time Taken: 12 sec, Data loading: 10 sec
2021-06-05 14:15:24,741 - utils.logger - INFO - learning rate = 0.0000006
2021-06-05 14:15:37,638 - utils.logger - INFO - Trn result of epoch 48 / 50 mse 0.0228 rmse 0.1510 pcc 0.8928 ccc 0.8782
2021-06-05 14:15:38,029 - utils.logger - INFO - Val result of epoch 48 / 50 mse 0.1381 rmse 0.3716 pcc 0.2806 ccc 0.2353
2021-06-05 14:15:38,658 - utils.logger - INFO - Cur epoch 49 loss MSE:0.0437
2021-06-05 14:15:45,873 - utils.logger - INFO - Cur epoch 49 loss MSE:0.0346
2021-06-05 14:15:46,349 - utils.logger - INFO - Cur epoch 49 loss MSE:0.2626
2021-06-05 14:15:46,349 - utils.logger - INFO - saving the model at the end of epoch 49, iters 294
2021-06-05 14:15:46,619 - utils.logger - INFO - End of training epoch 49 / 50 	 Time Taken: 8 sec, Data loading: 7 sec
2021-06-05 14:15:46,619 - utils.logger - INFO - learning rate = 0.0000003
2021-06-05 14:15:52,210 - utils.logger - INFO - Trn result of epoch 49 / 50 mse 0.0216 rmse 0.1470 pcc 0.8979 ccc 0.8829
2021-06-05 14:15:52,594 - utils.logger - INFO - Val result of epoch 49 / 50 mse 0.1352 rmse 0.3677 pcc 0.2794 ccc 0.2322
2021-06-05 14:15:53,234 - utils.logger - INFO - Cur epoch 50 loss MSE:0.1484
2021-06-05 14:15:53,817 - utils.logger - INFO - Cur epoch 50 loss MSE:0.1797
2021-06-05 14:15:54,266 - utils.logger - INFO - Cur epoch 50 loss MSE:4.5088
2021-06-05 14:15:54,266 - utils.logger - INFO - saving the model at the end of epoch 50, iters 300
2021-06-05 14:15:54,536 - utils.logger - INFO - End of training epoch 50 / 50 	 Time Taken: 1 sec, Data loading: 0 sec
2021-06-05 14:15:54,536 - utils.logger - INFO - learning rate = 0.0000000
2021-06-05 14:15:55,970 - utils.logger - INFO - Trn result of epoch 50 / 50 mse 0.0216 rmse 0.1469 pcc 0.8970 ccc 0.8818
2021-06-05 14:15:56,241 - utils.logger - INFO - Val result of epoch 50 / 50 mse 0.1339 rmse 0.3660 pcc 0.2646 ccc 0.2231
2021-06-05 14:15:56,242 - utils.logger - INFO - Best eval epoch 39 found with ccc 0.239395
2021-06-05 14:15:56,242 - utils.logger - INFO - baseline_fcfusion_norm_deepspectrum-egemaps_EDA_hidden1024_seq100_run1
