2021-06-15 10:14:41,608 - utils.logger - INFO - The number of training samples = 41
2021-06-15 10:14:44,301 - utils.logger - INFO - Cur epoch 1 loss ccc:0.8462
2021-06-15 10:14:44,686 - utils.logger - INFO - Cur epoch 1 loss ccc:0.0969
2021-06-15 10:14:44,994 - utils.logger - INFO - Cur epoch 1 loss ccc:1.1712
2021-06-15 10:14:44,994 - utils.logger - INFO - saving the model at the end of epoch 1, iters 6
2021-06-15 10:14:45,245 - utils.logger - INFO - End of training epoch 1 / 60 	 Time Taken: 1 sec, Data loading: 0 sec
2021-06-15 10:14:45,245 - utils.logger - INFO - learning rate = 0.0000200
2021-06-15 10:14:45,609 - utils.logger - INFO - Trn result of epoch 1 / 60 mse 0.0402 rmse 0.2004 pcc 0.4018 ccc 0.1107
2021-06-15 10:14:45,752 - utils.logger - INFO - Val result of epoch 1 / 60 mse 0.0351 rmse 0.1875 pcc 0.3915 ccc 0.1403
2021-06-15 10:14:46,129 - utils.logger - INFO - Cur epoch 2 loss ccc:0.2567
2021-06-15 10:14:46,503 - utils.logger - INFO - Cur epoch 2 loss ccc:0.4174
2021-06-15 10:14:46,821 - utils.logger - INFO - Cur epoch 2 loss ccc:0.0489
2021-06-15 10:14:46,821 - utils.logger - INFO - saving the model at the end of epoch 2, iters 12
2021-06-15 10:14:47,096 - utils.logger - INFO - End of training epoch 2 / 60 	 Time Taken: 1 sec, Data loading: 0 sec
2021-06-15 10:14:47,096 - utils.logger - INFO - learning rate = 0.0000200
2021-06-15 10:14:47,458 - utils.logger - INFO - Trn result of epoch 2 / 60 mse 0.0381 rmse 0.1952 pcc 0.4228 ccc 0.1710
2021-06-15 10:14:47,583 - utils.logger - INFO - Val result of epoch 2 / 60 mse 0.0320 rmse 0.1789 pcc 0.4194 ccc 0.2219
2021-06-15 10:14:47,929 - utils.logger - INFO - Cur epoch 3 loss ccc:4.7036
2021-06-15 10:14:48,288 - utils.logger - INFO - Cur epoch 3 loss ccc:0.4419
2021-06-15 10:14:48,589 - utils.logger - INFO - Cur epoch 3 loss ccc:7.1728
2021-06-15 10:14:48,589 - utils.logger - INFO - saving the model at the end of epoch 3, iters 18
2021-06-15 10:14:48,883 - utils.logger - INFO - End of training epoch 3 / 60 	 Time Taken: 1 sec, Data loading: 0 sec
2021-06-15 10:14:48,883 - utils.logger - INFO - learning rate = 0.0000200
2021-06-15 10:14:49,250 - utils.logger - INFO - Trn result of epoch 3 / 60 mse 0.0375 rmse 0.1936 pcc 0.4272 ccc 0.2288
2021-06-15 10:14:49,374 - utils.logger - INFO - Val result of epoch 3 / 60 mse 0.0331 rmse 0.1819 pcc 0.4232 ccc 0.2800
2021-06-15 10:14:49,741 - utils.logger - INFO - Cur epoch 4 loss ccc:0.3292
2021-06-15 10:14:50,112 - utils.logger - INFO - Cur epoch 4 loss ccc:0.6575
2021-06-15 10:14:50,415 - utils.logger - INFO - Cur epoch 4 loss ccc:1.0753
2021-06-15 10:14:50,415 - utils.logger - INFO - saving the model at the end of epoch 4, iters 24
2021-06-15 10:14:50,721 - utils.logger - INFO - End of training epoch 4 / 60 	 Time Taken: 1 sec, Data loading: 0 sec
2021-06-15 10:14:50,722 - utils.logger - INFO - learning rate = 0.0000200
2021-06-15 10:14:51,092 - utils.logger - INFO - Trn result of epoch 4 / 60 mse 0.0360 rmse 0.1898 pcc 0.4480 ccc 0.2581
2021-06-15 10:14:51,216 - utils.logger - INFO - Val result of epoch 4 / 60 mse 0.0311 rmse 0.1763 pcc 0.4524 ccc 0.3183
2021-06-15 10:14:51,586 - utils.logger - INFO - Cur epoch 5 loss ccc:0.2355
2021-06-15 10:14:51,973 - utils.logger - INFO - Cur epoch 5 loss ccc:0.1934
2021-06-15 10:14:52,291 - utils.logger - INFO - Cur epoch 5 loss ccc:0.4030
2021-06-15 10:14:52,291 - utils.logger - INFO - saving the model at the end of epoch 5, iters 30
2021-06-15 10:14:52,540 - utils.logger - INFO - End of training epoch 5 / 60 	 Time Taken: 1 sec, Data loading: 0 sec
2021-06-15 10:14:52,540 - utils.logger - INFO - learning rate = 0.0000200
2021-06-15 10:14:52,896 - utils.logger - INFO - Trn result of epoch 5 / 60 mse 0.0354 rmse 0.1880 pcc 0.4484 ccc 0.2933
2021-06-15 10:14:53,019 - utils.logger - INFO - Val result of epoch 5 / 60 mse 0.0299 rmse 0.1729 pcc 0.4651 ccc 0.3663
2021-06-15 10:14:53,399 - utils.logger - INFO - Cur epoch 6 loss ccc:0.1300
2021-06-15 10:14:53,771 - utils.logger - INFO - Cur epoch 6 loss ccc:0.0928
2021-06-15 10:14:54,090 - utils.logger - INFO - Cur epoch 6 loss ccc:0.0497
2021-06-15 10:14:54,090 - utils.logger - INFO - saving the model at the end of epoch 6, iters 36
2021-06-15 10:14:54,438 - utils.logger - INFO - End of training epoch 6 / 60 	 Time Taken: 1 sec, Data loading: 0 sec
2021-06-15 10:14:54,439 - utils.logger - INFO - learning rate = 0.0000200
2021-06-15 10:14:54,797 - utils.logger - INFO - Trn result of epoch 6 / 60 mse 0.0349 rmse 0.1869 pcc 0.4618 ccc 0.3101
2021-06-15 10:14:54,923 - utils.logger - INFO - Val result of epoch 6 / 60 mse 0.0295 rmse 0.1717 pcc 0.4731 ccc 0.3787
2021-06-15 10:14:55,309 - utils.logger - INFO - Cur epoch 7 loss ccc:0.2427
2021-06-15 10:14:55,683 - utils.logger - INFO - Cur epoch 7 loss ccc:0.0407
2021-06-15 10:14:55,991 - utils.logger - INFO - Cur epoch 7 loss ccc:3.7880
2021-06-15 10:14:55,991 - utils.logger - INFO - saving the model at the end of epoch 7, iters 42
2021-06-15 10:14:56,241 - utils.logger - INFO - End of training epoch 7 / 60 	 Time Taken: 1 sec, Data loading: 0 sec
2021-06-15 10:14:56,241 - utils.logger - INFO - learning rate = 0.0000200
2021-06-15 10:14:56,595 - utils.logger - INFO - Trn result of epoch 7 / 60 mse 0.0361 rmse 0.1901 pcc 0.4618 ccc 0.2739
2021-06-15 10:14:56,716 - utils.logger - INFO - Val result of epoch 7 / 60 mse 0.0295 rmse 0.1719 pcc 0.4765 ccc 0.3396
2021-06-15 10:14:57,089 - utils.logger - INFO - Cur epoch 8 loss ccc:0.6380
2021-06-15 10:14:57,458 - utils.logger - INFO - Cur epoch 8 loss ccc:0.0244
2021-06-15 10:14:57,762 - utils.logger - INFO - Cur epoch 8 loss ccc:0.6384
2021-06-15 10:14:57,762 - utils.logger - INFO - saving the model at the end of epoch 8, iters 48
2021-06-15 10:14:58,013 - utils.logger - INFO - End of training epoch 8 / 60 	 Time Taken: 1 sec, Data loading: 0 sec
2021-06-15 10:14:58,013 - utils.logger - INFO - learning rate = 0.0000200
2021-06-15 10:14:58,367 - utils.logger - INFO - Trn result of epoch 8 / 60 mse 0.0348 rmse 0.1865 pcc 0.4643 ccc 0.3267
2021-06-15 10:14:58,494 - utils.logger - INFO - Val result of epoch 8 / 60 mse 0.0306 rmse 0.1749 pcc 0.4708 ccc 0.3783
2021-06-15 10:14:58,848 - utils.logger - INFO - Cur epoch 9 loss ccc:0.1329
2021-06-15 10:14:59,199 - utils.logger - INFO - Cur epoch 9 loss ccc:0.1150
2021-06-15 10:14:59,504 - utils.logger - INFO - Cur epoch 9 loss ccc:0.0368
2021-06-15 10:14:59,505 - utils.logger - INFO - saving the model at the end of epoch 9, iters 54
2021-06-15 10:14:59,739 - utils.logger - INFO - End of training epoch 9 / 60 	 Time Taken: 1 sec, Data loading: 0 sec
2021-06-15 10:14:59,739 - utils.logger - INFO - learning rate = 0.0000200
2021-06-15 10:15:00,092 - utils.logger - INFO - Trn result of epoch 9 / 60 mse 0.0347 rmse 0.1862 pcc 0.4585 ccc 0.3480
2021-06-15 10:15:00,214 - utils.logger - INFO - Val result of epoch 9 / 60 mse 0.0302 rmse 0.1738 pcc 0.4727 ccc 0.4075
2021-06-15 10:15:00,571 - utils.logger - INFO - Cur epoch 10 loss ccc:0.3300
2021-06-15 10:15:00,927 - utils.logger - INFO - Cur epoch 10 loss ccc:0.0599
2021-06-15 10:15:01,215 - utils.logger - INFO - Cur epoch 10 loss ccc:1.5145
2021-06-15 10:15:01,215 - utils.logger - INFO - saving the model at the end of epoch 10, iters 60
2021-06-15 10:15:01,497 - utils.logger - INFO - End of training epoch 10 / 60 	 Time Taken: 1 sec, Data loading: 0 sec
2021-06-15 10:15:01,497 - utils.logger - INFO - learning rate = 0.0000196
2021-06-15 10:15:01,853 - utils.logger - INFO - Trn result of epoch 10 / 60 mse 0.0373 rmse 0.1932 pcc 0.4564 ccc 0.3080
2021-06-15 10:15:01,976 - utils.logger - INFO - Val result of epoch 10 / 60 mse 0.0300 rmse 0.1733 pcc 0.4806 ccc 0.3781
2021-06-15 10:15:02,331 - utils.logger - INFO - Cur epoch 11 loss ccc:0.0080
2021-06-15 10:15:02,684 - utils.logger - INFO - Cur epoch 11 loss ccc:0.1568
2021-06-15 10:15:02,981 - utils.logger - INFO - Cur epoch 11 loss ccc:2.5508
2021-06-15 10:15:02,981 - utils.logger - INFO - saving the model at the end of epoch 11, iters 66
2021-06-15 10:15:03,256 - utils.logger - INFO - End of training epoch 11 / 60 	 Time Taken: 1 sec, Data loading: 0 sec
2021-06-15 10:15:03,257 - utils.logger - INFO - learning rate = 0.0000192
2021-06-15 10:15:03,614 - utils.logger - INFO - Trn result of epoch 11 / 60 mse 0.0363 rmse 0.1904 pcc 0.4726 ccc 0.3759
2021-06-15 10:15:03,738 - utils.logger - INFO - Val result of epoch 11 / 60 mse 0.0335 rmse 0.1830 pcc 0.4837 ccc 0.4205
2021-06-15 10:15:04,093 - utils.logger - INFO - Cur epoch 12 loss ccc:0.2809
2021-06-15 10:15:04,446 - utils.logger - INFO - Cur epoch 12 loss ccc:0.3062
2021-06-15 10:15:04,748 - utils.logger - INFO - Cur epoch 12 loss ccc:0.0943
2021-06-15 10:15:04,748 - utils.logger - INFO - saving the model at the end of epoch 12, iters 72
2021-06-15 10:15:04,985 - utils.logger - INFO - End of training epoch 12 / 60 	 Time Taken: 1 sec, Data loading: 0 sec
2021-06-15 10:15:04,985 - utils.logger - INFO - learning rate = 0.0000188
2021-06-15 10:15:05,342 - utils.logger - INFO - Trn result of epoch 12 / 60 mse 0.0363 rmse 0.1907 pcc 0.4648 ccc 0.3542
2021-06-15 10:15:05,463 - utils.logger - INFO - Val result of epoch 12 / 60 mse 0.0303 rmse 0.1740 pcc 0.4823 ccc 0.4180
2021-06-15 10:15:05,819 - utils.logger - INFO - Cur epoch 13 loss ccc:0.0019
2021-06-15 10:15:06,182 - utils.logger - INFO - Cur epoch 13 loss ccc:0.4117
2021-06-15 10:15:06,482 - utils.logger - INFO - Cur epoch 13 loss ccc:0.9958
2021-06-15 10:15:06,482 - utils.logger - INFO - saving the model at the end of epoch 13, iters 78
2021-06-15 10:15:06,745 - utils.logger - INFO - End of training epoch 13 / 60 	 Time Taken: 1 sec, Data loading: 0 sec
2021-06-15 10:15:06,745 - utils.logger - INFO - learning rate = 0.0000184
2021-06-15 10:15:07,108 - utils.logger - INFO - Trn result of epoch 13 / 60 mse 0.0356 rmse 0.1887 pcc 0.4670 ccc 0.3592
2021-06-15 10:15:07,233 - utils.logger - INFO - Val result of epoch 13 / 60 mse 0.0298 rmse 0.1728 pcc 0.4825 ccc 0.4184
2021-06-15 10:15:07,585 - utils.logger - INFO - Cur epoch 14 loss ccc:0.0230
2021-06-15 10:15:07,961 - utils.logger - INFO - Cur epoch 14 loss ccc:0.0211
2021-06-15 10:15:08,272 - utils.logger - INFO - Cur epoch 14 loss ccc:2.7792
2021-06-15 10:15:08,272 - utils.logger - INFO - saving the model at the end of epoch 14, iters 84
2021-06-15 10:15:08,525 - utils.logger - INFO - End of training epoch 14 / 60 	 Time Taken: 1 sec, Data loading: 0 sec
2021-06-15 10:15:08,525 - utils.logger - INFO - learning rate = 0.0000180
2021-06-15 10:15:08,884 - utils.logger - INFO - Trn result of epoch 14 / 60 mse 0.0345 rmse 0.1856 pcc 0.4688 ccc 0.3633
2021-06-15 10:15:09,009 - utils.logger - INFO - Val result of epoch 14 / 60 mse 0.0293 rmse 0.1712 pcc 0.4842 ccc 0.4167
2021-06-15 10:15:09,380 - utils.logger - INFO - Cur epoch 15 loss ccc:0.0335
2021-06-15 10:15:09,746 - utils.logger - INFO - Cur epoch 15 loss ccc:0.2231
2021-06-15 10:15:10,057 - utils.logger - INFO - Cur epoch 15 loss ccc:0.0180
2021-06-15 10:15:10,057 - utils.logger - INFO - saving the model at the end of epoch 15, iters 90
2021-06-15 10:15:10,294 - utils.logger - INFO - End of training epoch 15 / 60 	 Time Taken: 1 sec, Data loading: 0 sec
2021-06-15 10:15:10,294 - utils.logger - INFO - learning rate = 0.0000176
2021-06-15 10:15:10,652 - utils.logger - INFO - Trn result of epoch 15 / 60 mse 0.0353 rmse 0.1879 pcc 0.4673 ccc 0.3859
2021-06-15 10:15:10,776 - utils.logger - INFO - Val result of epoch 15 / 60 mse 0.0299 rmse 0.1730 pcc 0.4903 ccc 0.4488
2021-06-15 10:15:11,147 - utils.logger - INFO - Cur epoch 16 loss ccc:0.0803
2021-06-15 10:15:11,523 - utils.logger - INFO - Cur epoch 16 loss ccc:0.3144
2021-06-15 10:15:11,845 - utils.logger - INFO - Cur epoch 16 loss ccc:1.9653
2021-06-15 10:15:11,845 - utils.logger - INFO - saving the model at the end of epoch 16, iters 96
2021-06-15 10:15:12,089 - utils.logger - INFO - End of training epoch 16 / 60 	 Time Taken: 1 sec, Data loading: 0 sec
2021-06-15 10:15:12,089 - utils.logger - INFO - learning rate = 0.0000173
2021-06-15 10:15:12,441 - utils.logger - INFO - Trn result of epoch 16 / 60 mse 0.0346 rmse 0.1861 pcc 0.4718 ccc 0.4026
2021-06-15 10:15:12,564 - utils.logger - INFO - Val result of epoch 16 / 60 mse 0.0311 rmse 0.1763 pcc 0.4866 ccc 0.4501
2021-06-15 10:15:12,941 - utils.logger - INFO - Cur epoch 17 loss ccc:0.0918
2021-06-15 10:15:13,302 - utils.logger - INFO - Cur epoch 17 loss ccc:0.0173
2021-06-15 10:15:13,604 - utils.logger - INFO - Cur epoch 17 loss ccc:1.4066
2021-06-15 10:15:13,604 - utils.logger - INFO - saving the model at the end of epoch 17, iters 102
2021-06-15 10:15:13,840 - utils.logger - INFO - End of training epoch 17 / 60 	 Time Taken: 1 sec, Data loading: 0 sec
2021-06-15 10:15:13,840 - utils.logger - INFO - learning rate = 0.0000169
2021-06-15 10:15:14,195 - utils.logger - INFO - Trn result of epoch 17 / 60 mse 0.0343 rmse 0.1853 pcc 0.4754 ccc 0.3936
2021-06-15 10:15:14,317 - utils.logger - INFO - Val result of epoch 17 / 60 mse 0.0301 rmse 0.1736 pcc 0.4971 ccc 0.4458
2021-06-15 10:15:14,698 - utils.logger - INFO - Cur epoch 18 loss ccc:0.2825
2021-06-15 10:15:15,057 - utils.logger - INFO - Cur epoch 18 loss ccc:0.1308
2021-06-15 10:15:15,374 - utils.logger - INFO - Cur epoch 18 loss ccc:0.4441
2021-06-15 10:15:15,374 - utils.logger - INFO - saving the model at the end of epoch 18, iters 108
2021-06-15 10:15:15,617 - utils.logger - INFO - End of training epoch 18 / 60 	 Time Taken: 1 sec, Data loading: 0 sec
2021-06-15 10:15:15,617 - utils.logger - INFO - learning rate = 0.0000165
2021-06-15 10:15:15,973 - utils.logger - INFO - Trn result of epoch 18 / 60 mse 0.0373 rmse 0.1932 pcc 0.4775 ccc 0.3894
2021-06-15 10:15:16,095 - utils.logger - INFO - Val result of epoch 18 / 60 mse 0.0322 rmse 0.1794 pcc 0.4877 ccc 0.4449
2021-06-15 10:15:16,472 - utils.logger - INFO - Cur epoch 19 loss ccc:0.0921
2021-06-15 10:15:16,850 - utils.logger - INFO - Cur epoch 19 loss ccc:0.0044
2021-06-15 10:15:17,154 - utils.logger - INFO - Cur epoch 19 loss ccc:0.6189
2021-06-15 10:15:17,154 - utils.logger - INFO - saving the model at the end of epoch 19, iters 114
2021-06-15 10:15:17,405 - utils.logger - INFO - End of training epoch 19 / 60 	 Time Taken: 1 sec, Data loading: 0 sec
2021-06-15 10:15:17,406 - utils.logger - INFO - learning rate = 0.0000161
2021-06-15 10:15:17,760 - utils.logger - INFO - Trn result of epoch 19 / 60 mse 0.0356 rmse 0.1888 pcc 0.4757 ccc 0.3779
2021-06-15 10:15:17,883 - utils.logger - INFO - Val result of epoch 19 / 60 mse 0.0302 rmse 0.1737 pcc 0.4888 ccc 0.4346
2021-06-15 10:15:18,238 - utils.logger - INFO - Cur epoch 20 loss ccc:0.0368
2021-06-15 10:15:18,615 - utils.logger - INFO - Cur epoch 20 loss ccc:0.5840
2021-06-15 10:15:18,932 - utils.logger - INFO - Cur epoch 20 loss ccc:0.0031
2021-06-15 10:15:18,932 - utils.logger - INFO - saving the model at the end of epoch 20, iters 120
2021-06-15 10:15:19,174 - utils.logger - INFO - End of training epoch 20 / 60 	 Time Taken: 1 sec, Data loading: 0 sec
2021-06-15 10:15:19,174 - utils.logger - INFO - learning rate = 0.0000157
2021-06-15 10:15:19,532 - utils.logger - INFO - Trn result of epoch 20 / 60 mse 0.0349 rmse 0.1869 pcc 0.4740 ccc 0.3599
2021-06-15 10:15:19,655 - utils.logger - INFO - Val result of epoch 20 / 60 mse 0.0290 rmse 0.1703 pcc 0.4936 ccc 0.4183
2021-06-15 10:15:20,011 - utils.logger - INFO - Cur epoch 21 loss ccc:0.2340
2021-06-15 10:15:20,390 - utils.logger - INFO - Cur epoch 21 loss ccc:0.4174
2021-06-15 10:15:20,676 - utils.logger - INFO - Cur epoch 21 loss ccc:1.7359
2021-06-15 10:15:20,676 - utils.logger - INFO - saving the model at the end of epoch 21, iters 126
2021-06-15 10:15:20,917 - utils.logger - INFO - End of training epoch 21 / 60 	 Time Taken: 1 sec, Data loading: 0 sec
2021-06-15 10:15:20,918 - utils.logger - INFO - learning rate = 0.0000153
2021-06-15 10:15:21,271 - utils.logger - INFO - Trn result of epoch 21 / 60 mse 0.0383 rmse 0.1958 pcc 0.4746 ccc 0.3812
2021-06-15 10:15:21,394 - utils.logger - INFO - Val result of epoch 21 / 60 mse 0.0324 rmse 0.1799 pcc 0.4932 ccc 0.4403
2021-06-15 10:15:21,765 - utils.logger - INFO - Cur epoch 22 loss ccc:0.0064
2021-06-15 10:15:22,131 - utils.logger - INFO - Cur epoch 22 loss ccc:0.1681
2021-06-15 10:15:22,446 - utils.logger - INFO - Cur epoch 22 loss ccc:1.2625
2021-06-15 10:15:22,446 - utils.logger - INFO - saving the model at the end of epoch 22, iters 132
2021-06-15 10:15:22,724 - utils.logger - INFO - End of training epoch 22 / 60 	 Time Taken: 1 sec, Data loading: 0 sec
2021-06-15 10:15:22,724 - utils.logger - INFO - learning rate = 0.0000149
2021-06-15 10:15:23,081 - utils.logger - INFO - Trn result of epoch 22 / 60 mse 0.0340 rmse 0.1845 pcc 0.4764 ccc 0.3921
2021-06-15 10:15:23,205 - utils.logger - INFO - Val result of epoch 22 / 60 mse 0.0295 rmse 0.1718 pcc 0.4942 ccc 0.4426
2021-06-15 10:15:23,561 - utils.logger - INFO - Cur epoch 23 loss ccc:0.0144
2021-06-15 10:15:23,929 - utils.logger - INFO - Cur epoch 23 loss ccc:0.0127
2021-06-15 10:15:24,226 - utils.logger - INFO - Cur epoch 23 loss ccc:1.0207
2021-06-15 10:15:24,226 - utils.logger - INFO - saving the model at the end of epoch 23, iters 138
2021-06-15 10:15:24,465 - utils.logger - INFO - End of training epoch 23 / 60 	 Time Taken: 1 sec, Data loading: 0 sec
2021-06-15 10:15:24,465 - utils.logger - INFO - learning rate = 0.0000145
2021-06-15 10:15:24,824 - utils.logger - INFO - Trn result of epoch 23 / 60 mse 0.0354 rmse 0.1881 pcc 0.4755 ccc 0.3939
2021-06-15 10:15:24,949 - utils.logger - INFO - Val result of epoch 23 / 60 mse 0.0303 rmse 0.1740 pcc 0.4917 ccc 0.4482
2021-06-15 10:15:25,312 - utils.logger - INFO - Cur epoch 24 loss ccc:0.5462
2021-06-15 10:15:25,667 - utils.logger - INFO - Cur epoch 24 loss ccc:0.0031
2021-06-15 10:15:25,966 - utils.logger - INFO - Cur epoch 24 loss ccc:0.0264
2021-06-15 10:15:25,966 - utils.logger - INFO - saving the model at the end of epoch 24, iters 144
2021-06-15 10:15:26,202 - utils.logger - INFO - End of training epoch 24 / 60 	 Time Taken: 1 sec, Data loading: 0 sec
2021-06-15 10:15:26,202 - utils.logger - INFO - learning rate = 0.0000141
2021-06-15 10:15:26,554 - utils.logger - INFO - Trn result of epoch 24 / 60 mse 0.0342 rmse 0.1850 pcc 0.4839 ccc 0.3959
2021-06-15 10:15:26,677 - utils.logger - INFO - Val result of epoch 24 / 60 mse 0.0295 rmse 0.1717 pcc 0.4927 ccc 0.4427
2021-06-15 10:15:27,040 - utils.logger - INFO - Cur epoch 25 loss ccc:0.0187
2021-06-15 10:15:27,401 - utils.logger - INFO - Cur epoch 25 loss ccc:0.2078
2021-06-15 10:15:27,682 - utils.logger - INFO - Cur epoch 25 loss ccc:0.1951
2021-06-15 10:15:27,682 - utils.logger - INFO - saving the model at the end of epoch 25, iters 150
2021-06-15 10:15:27,956 - utils.logger - INFO - End of training epoch 25 / 60 	 Time Taken: 1 sec, Data loading: 0 sec
2021-06-15 10:15:27,956 - utils.logger - INFO - learning rate = 0.0000137
2021-06-15 10:15:28,312 - utils.logger - INFO - Trn result of epoch 25 / 60 mse 0.0345 rmse 0.1856 pcc 0.4792 ccc 0.3867
2021-06-15 10:15:28,437 - utils.logger - INFO - Val result of epoch 25 / 60 mse 0.0294 rmse 0.1714 pcc 0.4906 ccc 0.4336
2021-06-15 10:15:28,796 - utils.logger - INFO - Cur epoch 26 loss ccc:0.3817
2021-06-15 10:15:29,151 - utils.logger - INFO - Cur epoch 26 loss ccc:0.1699
2021-06-15 10:15:29,449 - utils.logger - INFO - Cur epoch 26 loss ccc:5.2531
2021-06-15 10:15:29,449 - utils.logger - INFO - saving the model at the end of epoch 26, iters 156
2021-06-15 10:15:29,683 - utils.logger - INFO - End of training epoch 26 / 60 	 Time Taken: 1 sec, Data loading: 0 sec
2021-06-15 10:15:29,683 - utils.logger - INFO - learning rate = 0.0000133
2021-06-15 10:15:30,037 - utils.logger - INFO - Trn result of epoch 26 / 60 mse 0.0343 rmse 0.1852 pcc 0.4795 ccc 0.4148
2021-06-15 10:15:30,160 - utils.logger - INFO - Val result of epoch 26 / 60 mse 0.0305 rmse 0.1745 pcc 0.4906 ccc 0.4608
2021-06-15 10:15:30,525 - utils.logger - INFO - Cur epoch 27 loss ccc:0.1324
2021-06-15 10:15:30,879 - utils.logger - INFO - Cur epoch 27 loss ccc:3.9575
2021-06-15 10:15:31,159 - utils.logger - INFO - Cur epoch 27 loss ccc:0.0256
2021-06-15 10:15:31,160 - utils.logger - INFO - saving the model at the end of epoch 27, iters 162
2021-06-15 10:15:31,420 - utils.logger - INFO - End of training epoch 27 / 60 	 Time Taken: 1 sec, Data loading: 0 sec
2021-06-15 10:15:31,421 - utils.logger - INFO - learning rate = 0.0000129
2021-06-15 10:15:31,775 - utils.logger - INFO - Trn result of epoch 27 / 60 mse 0.0368 rmse 0.1919 pcc 0.4867 ccc 0.3864
2021-06-15 10:15:31,898 - utils.logger - INFO - Val result of epoch 27 / 60 mse 0.0313 rmse 0.1770 pcc 0.4924 ccc 0.4358
2021-06-15 10:15:32,273 - utils.logger - INFO - Cur epoch 28 loss ccc:0.3130
2021-06-15 10:15:32,635 - utils.logger - INFO - Cur epoch 28 loss ccc:0.0264
2021-06-15 10:15:32,943 - utils.logger - INFO - Cur epoch 28 loss ccc:0.0069
2021-06-15 10:15:32,943 - utils.logger - INFO - saving the model at the end of epoch 28, iters 168
2021-06-15 10:15:33,217 - utils.logger - INFO - End of training epoch 28 / 60 	 Time Taken: 1 sec, Data loading: 0 sec
2021-06-15 10:15:33,217 - utils.logger - INFO - learning rate = 0.0000125
2021-06-15 10:15:33,572 - utils.logger - INFO - Trn result of epoch 28 / 60 mse 0.0349 rmse 0.1868 pcc 0.4919 ccc 0.3806
2021-06-15 10:15:33,695 - utils.logger - INFO - Val result of epoch 28 / 60 mse 0.0295 rmse 0.1717 pcc 0.4969 ccc 0.4300
2021-06-15 10:15:34,049 - utils.logger - INFO - Cur epoch 29 loss ccc:0.0003
2021-06-15 10:15:34,409 - utils.logger - INFO - Cur epoch 29 loss ccc:0.3327
2021-06-15 10:15:34,705 - utils.logger - INFO - Cur epoch 29 loss ccc:1.8970
2021-06-15 10:15:34,705 - utils.logger - INFO - saving the model at the end of epoch 29, iters 174
2021-06-15 10:15:34,942 - utils.logger - INFO - End of training epoch 29 / 60 	 Time Taken: 1 sec, Data loading: 0 sec
2021-06-15 10:15:34,942 - utils.logger - INFO - learning rate = 0.0000122
2021-06-15 10:15:35,295 - utils.logger - INFO - Trn result of epoch 29 / 60 mse 0.0334 rmse 0.1826 pcc 0.4916 ccc 0.4034
2021-06-15 10:15:35,418 - utils.logger - INFO - Val result of epoch 29 / 60 mse 0.0292 rmse 0.1707 pcc 0.4994 ccc 0.4477
2021-06-15 10:15:35,784 - utils.logger - INFO - Cur epoch 30 loss ccc:0.3102
2021-06-15 10:15:36,136 - utils.logger - INFO - Cur epoch 30 loss ccc:0.0039
2021-06-15 10:15:36,424 - utils.logger - INFO - Cur epoch 30 loss ccc:3.9601
2021-06-15 10:15:36,424 - utils.logger - INFO - saving the model at the end of epoch 30, iters 180
2021-06-15 10:15:36,665 - utils.logger - INFO - End of training epoch 30 / 60 	 Time Taken: 1 sec, Data loading: 0 sec
2021-06-15 10:15:36,665 - utils.logger - INFO - learning rate = 0.0000118
2021-06-15 10:15:37,020 - utils.logger - INFO - Trn result of epoch 30 / 60 mse 0.0351 rmse 0.1872 pcc 0.4948 ccc 0.3847
2021-06-15 10:15:37,142 - utils.logger - INFO - Val result of epoch 30 / 60 mse 0.0295 rmse 0.1716 pcc 0.5001 ccc 0.4312
2021-06-15 10:15:37,498 - utils.logger - INFO - Cur epoch 31 loss ccc:0.2609
2021-06-15 10:15:37,860 - utils.logger - INFO - Cur epoch 31 loss ccc:0.0681
2021-06-15 10:15:38,158 - utils.logger - INFO - Cur epoch 31 loss ccc:0.0230
2021-06-15 10:15:38,159 - utils.logger - INFO - saving the model at the end of epoch 31, iters 186
2021-06-15 10:15:38,517 - utils.logger - INFO - End of training epoch 31 / 60 	 Time Taken: 1 sec, Data loading: 0 sec
2021-06-15 10:15:38,517 - utils.logger - INFO - learning rate = 0.0000114
2021-06-15 10:15:38,880 - utils.logger - INFO - Trn result of epoch 31 / 60 mse 0.0332 rmse 0.1822 pcc 0.4983 ccc 0.4061
2021-06-15 10:15:39,005 - utils.logger - INFO - Val result of epoch 31 / 60 mse 0.0290 rmse 0.1703 pcc 0.4993 ccc 0.4465
2021-06-15 10:15:39,368 - utils.logger - INFO - Cur epoch 32 loss ccc:0.4159
2021-06-15 10:15:39,725 - utils.logger - INFO - Cur epoch 32 loss ccc:0.2154
2021-06-15 10:15:40,014 - utils.logger - INFO - Cur epoch 32 loss ccc:0.6460
2021-06-15 10:15:40,014 - utils.logger - INFO - saving the model at the end of epoch 32, iters 192
2021-06-15 10:15:40,249 - utils.logger - INFO - End of training epoch 32 / 60 	 Time Taken: 1 sec, Data loading: 0 sec
2021-06-15 10:15:40,250 - utils.logger - INFO - learning rate = 0.0000110
2021-06-15 10:15:40,605 - utils.logger - INFO - Trn result of epoch 32 / 60 mse 0.0336 rmse 0.1833 pcc 0.4904 ccc 0.4188
2021-06-15 10:15:40,728 - utils.logger - INFO - Val result of epoch 32 / 60 mse 0.0296 rmse 0.1721 pcc 0.4994 ccc 0.4618
2021-06-15 10:15:41,084 - utils.logger - INFO - Cur epoch 33 loss ccc:0.1784
2021-06-15 10:15:41,443 - utils.logger - INFO - Cur epoch 33 loss ccc:0.0276
2021-06-15 10:15:41,747 - utils.logger - INFO - Cur epoch 33 loss ccc:0.3066
2021-06-15 10:15:41,747 - utils.logger - INFO - saving the model at the end of epoch 33, iters 198
2021-06-15 10:15:41,991 - utils.logger - INFO - End of training epoch 33 / 60 	 Time Taken: 1 sec, Data loading: 0 sec
2021-06-15 10:15:41,992 - utils.logger - INFO - learning rate = 0.0000106
2021-06-15 10:15:42,348 - utils.logger - INFO - Trn result of epoch 33 / 60 mse 0.0336 rmse 0.1833 pcc 0.4887 ccc 0.4122
2021-06-15 10:15:42,470 - utils.logger - INFO - Val result of epoch 33 / 60 mse 0.0292 rmse 0.1710 pcc 0.5027 ccc 0.4570
2021-06-15 10:15:42,833 - utils.logger - INFO - Cur epoch 34 loss ccc:0.1521
2021-06-15 10:15:43,208 - utils.logger - INFO - Cur epoch 34 loss ccc:0.4778
2021-06-15 10:15:43,507 - utils.logger - INFO - Cur epoch 34 loss ccc:0.0104
2021-06-15 10:15:43,507 - utils.logger - INFO - saving the model at the end of epoch 34, iters 204
2021-06-15 10:15:43,742 - utils.logger - INFO - End of training epoch 34 / 60 	 Time Taken: 1 sec, Data loading: 0 sec
2021-06-15 10:15:43,742 - utils.logger - INFO - learning rate = 0.0000102
2021-06-15 10:15:44,099 - utils.logger - INFO - Trn result of epoch 34 / 60 mse 0.0333 rmse 0.1825 pcc 0.4988 ccc 0.4052
2021-06-15 10:15:44,224 - utils.logger - INFO - Val result of epoch 34 / 60 mse 0.0286 rmse 0.1691 pcc 0.5057 ccc 0.4467
2021-06-15 10:15:44,580 - utils.logger - INFO - Cur epoch 35 loss ccc:0.0144
2021-06-15 10:15:44,941 - utils.logger - INFO - Cur epoch 35 loss ccc:0.1575
2021-06-15 10:15:45,251 - utils.logger - INFO - Cur epoch 35 loss ccc:1.9337
2021-06-15 10:15:45,251 - utils.logger - INFO - saving the model at the end of epoch 35, iters 210
2021-06-15 10:15:45,515 - utils.logger - INFO - End of training epoch 35 / 60 	 Time Taken: 1 sec, Data loading: 0 sec
2021-06-15 10:15:45,515 - utils.logger - INFO - learning rate = 0.0000098
2021-06-15 10:15:45,870 - utils.logger - INFO - Trn result of epoch 35 / 60 mse 0.0330 rmse 0.1817 pcc 0.5002 ccc 0.4199
2021-06-15 10:15:45,993 - utils.logger - INFO - Val result of epoch 35 / 60 mse 0.0292 rmse 0.1709 pcc 0.5024 ccc 0.4578
2021-06-15 10:15:46,367 - utils.logger - INFO - Cur epoch 36 loss ccc:0.3199
2021-06-15 10:15:46,728 - utils.logger - INFO - Cur epoch 36 loss ccc:3.3079
2021-06-15 10:15:47,031 - utils.logger - INFO - Cur epoch 36 loss ccc:2.2389
2021-06-15 10:15:47,031 - utils.logger - INFO - saving the model at the end of epoch 36, iters 216
2021-06-15 10:15:47,314 - utils.logger - INFO - End of training epoch 36 / 60 	 Time Taken: 1 sec, Data loading: 0 sec
2021-06-15 10:15:47,314 - utils.logger - INFO - learning rate = 0.0000094
2021-06-15 10:15:47,668 - utils.logger - INFO - Trn result of epoch 36 / 60 mse 0.0341 rmse 0.1846 pcc 0.5089 ccc 0.4112
2021-06-15 10:15:47,791 - utils.logger - INFO - Val result of epoch 36 / 60 mse 0.0294 rmse 0.1714 pcc 0.5070 ccc 0.4523
2021-06-15 10:15:48,161 - utils.logger - INFO - Cur epoch 37 loss ccc:0.2619
2021-06-15 10:15:48,533 - utils.logger - INFO - Cur epoch 37 loss ccc:0.0114
2021-06-15 10:15:48,833 - utils.logger - INFO - Cur epoch 37 loss ccc:0.3034
2021-06-15 10:15:48,833 - utils.logger - INFO - saving the model at the end of epoch 37, iters 222
2021-06-15 10:15:49,070 - utils.logger - INFO - End of training epoch 37 / 60 	 Time Taken: 1 sec, Data loading: 0 sec
2021-06-15 10:15:49,071 - utils.logger - INFO - learning rate = 0.0000090
2021-06-15 10:15:49,426 - utils.logger - INFO - Trn result of epoch 37 / 60 mse 0.0327 rmse 0.1808 pcc 0.5096 ccc 0.4201
2021-06-15 10:15:49,550 - utils.logger - INFO - Val result of epoch 37 / 60 mse 0.0285 rmse 0.1689 pcc 0.5124 ccc 0.4628
2021-06-15 10:15:49,919 - utils.logger - INFO - Cur epoch 38 loss ccc:0.2483
2021-06-15 10:15:50,303 - utils.logger - INFO - Cur epoch 38 loss ccc:0.3194
2021-06-15 10:15:50,606 - utils.logger - INFO - Cur epoch 38 loss ccc:2.4629
2021-06-15 10:15:50,606 - utils.logger - INFO - saving the model at the end of epoch 38, iters 228
2021-06-15 10:15:50,900 - utils.logger - INFO - End of training epoch 38 / 60 	 Time Taken: 1 sec, Data loading: 0 sec
2021-06-15 10:15:50,900 - utils.logger - INFO - learning rate = 0.0000086
2021-06-15 10:15:51,257 - utils.logger - INFO - Trn result of epoch 38 / 60 mse 0.0337 rmse 0.1836 pcc 0.5074 ccc 0.4229
2021-06-15 10:15:51,380 - utils.logger - INFO - Val result of epoch 38 / 60 mse 0.0293 rmse 0.1713 pcc 0.5101 ccc 0.4666
2021-06-15 10:15:51,751 - utils.logger - INFO - Cur epoch 39 loss ccc:0.4596
2021-06-15 10:15:52,127 - utils.logger - INFO - Cur epoch 39 loss ccc:0.0116
2021-06-15 10:15:52,435 - utils.logger - INFO - Cur epoch 39 loss ccc:1.3074
2021-06-15 10:15:52,435 - utils.logger - INFO - saving the model at the end of epoch 39, iters 234
2021-06-15 10:15:52,683 - utils.logger - INFO - End of training epoch 39 / 60 	 Time Taken: 1 sec, Data loading: 0 sec
2021-06-15 10:15:52,683 - utils.logger - INFO - learning rate = 0.0000082
2021-06-15 10:15:53,038 - utils.logger - INFO - Trn result of epoch 39 / 60 mse 0.0328 rmse 0.1812 pcc 0.5135 ccc 0.4330
2021-06-15 10:15:53,162 - utils.logger - INFO - Val result of epoch 39 / 60 mse 0.0288 rmse 0.1696 pcc 0.5164 ccc 0.4764
2021-06-15 10:15:53,525 - utils.logger - INFO - Cur epoch 40 loss ccc:0.2226
2021-06-15 10:15:53,882 - utils.logger - INFO - Cur epoch 40 loss ccc:0.0239
2021-06-15 10:15:54,185 - utils.logger - INFO - Cur epoch 40 loss ccc:1.5352
2021-06-15 10:15:54,185 - utils.logger - INFO - saving the model at the end of epoch 40, iters 240
2021-06-15 10:15:54,418 - utils.logger - INFO - End of training epoch 40 / 60 	 Time Taken: 1 sec, Data loading: 0 sec
2021-06-15 10:15:54,419 - utils.logger - INFO - learning rate = 0.0000078
2021-06-15 10:15:54,773 - utils.logger - INFO - Trn result of epoch 40 / 60 mse 0.0328 rmse 0.1810 pcc 0.5147 ccc 0.4340
2021-06-15 10:15:54,898 - utils.logger - INFO - Val result of epoch 40 / 60 mse 0.0288 rmse 0.1697 pcc 0.5146 ccc 0.4734
2021-06-15 10:15:55,263 - utils.logger - INFO - Cur epoch 41 loss ccc:0.1500
2021-06-15 10:15:55,628 - utils.logger - INFO - Cur epoch 41 loss ccc:0.3709
2021-06-15 10:15:55,929 - utils.logger - INFO - Cur epoch 41 loss ccc:0.8703
2021-06-15 10:15:55,930 - utils.logger - INFO - saving the model at the end of epoch 41, iters 246
2021-06-15 10:15:56,166 - utils.logger - INFO - End of training epoch 41 / 60 	 Time Taken: 1 sec, Data loading: 0 sec
2021-06-15 10:15:56,166 - utils.logger - INFO - learning rate = 0.0000075
2021-06-15 10:15:56,524 - utils.logger - INFO - Trn result of epoch 41 / 60 mse 0.0324 rmse 0.1801 pcc 0.5192 ccc 0.4344
2021-06-15 10:15:56,650 - utils.logger - INFO - Val result of epoch 41 / 60 mse 0.0285 rmse 0.1687 pcc 0.5178 ccc 0.4734
2021-06-15 10:15:57,005 - utils.logger - INFO - Cur epoch 42 loss ccc:0.0168
2021-06-15 10:15:57,370 - utils.logger - INFO - Cur epoch 42 loss ccc:0.4780
2021-06-15 10:15:57,651 - utils.logger - INFO - Cur epoch 42 loss ccc:0.0727
2021-06-15 10:15:57,651 - utils.logger - INFO - saving the model at the end of epoch 42, iters 252
2021-06-15 10:15:57,888 - utils.logger - INFO - End of training epoch 42 / 60 	 Time Taken: 1 sec, Data loading: 0 sec
2021-06-15 10:15:57,888 - utils.logger - INFO - learning rate = 0.0000071
2021-06-15 10:15:58,246 - utils.logger - INFO - Trn result of epoch 42 / 60 mse 0.0327 rmse 0.1807 pcc 0.5193 ccc 0.4320
2021-06-15 10:15:58,369 - utils.logger - INFO - Val result of epoch 42 / 60 mse 0.0285 rmse 0.1688 pcc 0.5164 ccc 0.4672
2021-06-15 10:15:58,735 - utils.logger - INFO - Cur epoch 43 loss ccc:0.0477
2021-06-15 10:15:59,095 - utils.logger - INFO - Cur epoch 43 loss ccc:0.2666
2021-06-15 10:15:59,392 - utils.logger - INFO - Cur epoch 43 loss ccc:0.6690
2021-06-15 10:15:59,392 - utils.logger - INFO - saving the model at the end of epoch 43, iters 258
2021-06-15 10:15:59,639 - utils.logger - INFO - End of training epoch 43 / 60 	 Time Taken: 1 sec, Data loading: 0 sec
2021-06-15 10:15:59,639 - utils.logger - INFO - learning rate = 0.0000067
2021-06-15 10:15:59,996 - utils.logger - INFO - Trn result of epoch 43 / 60 mse 0.0327 rmse 0.1807 pcc 0.5169 ccc 0.4515
2021-06-15 10:16:00,119 - utils.logger - INFO - Val result of epoch 43 / 60 mse 0.0292 rmse 0.1710 pcc 0.5172 ccc 0.4881
2021-06-15 10:16:00,483 - utils.logger - INFO - Cur epoch 44 loss ccc:0.1558
2021-06-15 10:16:00,841 - utils.logger - INFO - Cur epoch 44 loss ccc:0.0013
2021-06-15 10:16:01,140 - utils.logger - INFO - Cur epoch 44 loss ccc:0.0067
2021-06-15 10:16:01,140 - utils.logger - INFO - saving the model at the end of epoch 44, iters 264
2021-06-15 10:16:01,373 - utils.logger - INFO - End of training epoch 44 / 60 	 Time Taken: 1 sec, Data loading: 0 sec
2021-06-15 10:16:01,373 - utils.logger - INFO - learning rate = 0.0000063
2021-06-15 10:16:01,728 - utils.logger - INFO - Trn result of epoch 44 / 60 mse 0.0330 rmse 0.1817 pcc 0.5210 ccc 0.4444
2021-06-15 10:16:01,851 - utils.logger - INFO - Val result of epoch 44 / 60 mse 0.0292 rmse 0.1710 pcc 0.5170 ccc 0.4797
2021-06-15 10:16:02,206 - utils.logger - INFO - Cur epoch 45 loss ccc:0.0262
2021-06-15 10:16:02,569 - utils.logger - INFO - Cur epoch 45 loss ccc:0.0983
2021-06-15 10:16:02,869 - utils.logger - INFO - Cur epoch 45 loss ccc:0.1155
2021-06-15 10:16:02,869 - utils.logger - INFO - saving the model at the end of epoch 45, iters 270
2021-06-15 10:16:03,113 - utils.logger - INFO - End of training epoch 45 / 60 	 Time Taken: 1 sec, Data loading: 0 sec
2021-06-15 10:16:03,113 - utils.logger - INFO - learning rate = 0.0000059
2021-06-15 10:16:03,466 - utils.logger - INFO - Trn result of epoch 45 / 60 mse 0.0325 rmse 0.1804 pcc 0.5220 ccc 0.4563
2021-06-15 10:16:03,590 - utils.logger - INFO - Val result of epoch 45 / 60 mse 0.0293 rmse 0.1712 pcc 0.5159 ccc 0.4861
2021-06-15 10:16:03,951 - utils.logger - INFO - Cur epoch 46 loss ccc:0.0018
2021-06-15 10:16:04,306 - utils.logger - INFO - Cur epoch 46 loss ccc:0.0193
2021-06-15 10:16:04,598 - utils.logger - INFO - Cur epoch 46 loss ccc:0.8530
2021-06-15 10:16:04,598 - utils.logger - INFO - saving the model at the end of epoch 46, iters 276
2021-06-15 10:16:04,837 - utils.logger - INFO - End of training epoch 46 / 60 	 Time Taken: 1 sec, Data loading: 0 sec
2021-06-15 10:16:04,838 - utils.logger - INFO - learning rate = 0.0000055
2021-06-15 10:16:05,189 - utils.logger - INFO - Trn result of epoch 46 / 60 mse 0.0330 rmse 0.1817 pcc 0.5236 ccc 0.4546
2021-06-15 10:16:05,311 - utils.logger - INFO - Val result of epoch 46 / 60 mse 0.0297 rmse 0.1723 pcc 0.5140 ccc 0.4813
2021-06-15 10:16:05,664 - utils.logger - INFO - Cur epoch 47 loss ccc:0.0246
2021-06-15 10:16:06,033 - utils.logger - INFO - Cur epoch 47 loss ccc:0.2164
2021-06-15 10:16:06,335 - utils.logger - INFO - Cur epoch 47 loss ccc:0.2249
2021-06-15 10:16:06,335 - utils.logger - INFO - saving the model at the end of epoch 47, iters 282
2021-06-15 10:16:06,577 - utils.logger - INFO - End of training epoch 47 / 60 	 Time Taken: 1 sec, Data loading: 0 sec
2021-06-15 10:16:06,577 - utils.logger - INFO - learning rate = 0.0000051
2021-06-15 10:16:06,935 - utils.logger - INFO - Trn result of epoch 47 / 60 mse 0.0324 rmse 0.1801 pcc 0.5270 ccc 0.4546
2021-06-15 10:16:07,059 - utils.logger - INFO - Val result of epoch 47 / 60 mse 0.0290 rmse 0.1703 pcc 0.5177 ccc 0.4819
2021-06-15 10:16:07,420 - utils.logger - INFO - Cur epoch 48 loss ccc:0.2573
2021-06-15 10:16:07,793 - utils.logger - INFO - Cur epoch 48 loss ccc:0.0558
2021-06-15 10:16:08,087 - utils.logger - INFO - Cur epoch 48 loss ccc:0.0469
2021-06-15 10:16:08,088 - utils.logger - INFO - saving the model at the end of epoch 48, iters 288
2021-06-15 10:16:08,340 - utils.logger - INFO - End of training epoch 48 / 60 	 Time Taken: 1 sec, Data loading: 0 sec
2021-06-15 10:16:08,341 - utils.logger - INFO - learning rate = 0.0000047
2021-06-15 10:16:08,694 - utils.logger - INFO - Trn result of epoch 48 / 60 mse 0.0324 rmse 0.1801 pcc 0.5285 ccc 0.4562
2021-06-15 10:16:08,817 - utils.logger - INFO - Val result of epoch 48 / 60 mse 0.0292 rmse 0.1709 pcc 0.5156 ccc 0.4799
2021-06-15 10:16:09,173 - utils.logger - INFO - Cur epoch 49 loss ccc:0.1054
2021-06-15 10:16:09,554 - utils.logger - INFO - Cur epoch 49 loss ccc:0.0468
2021-06-15 10:16:09,882 - utils.logger - INFO - Cur epoch 49 loss ccc:0.0238
2021-06-15 10:16:09,882 - utils.logger - INFO - saving the model at the end of epoch 49, iters 294
2021-06-15 10:16:10,116 - utils.logger - INFO - End of training epoch 49 / 60 	 Time Taken: 1 sec, Data loading: 0 sec
2021-06-15 10:16:10,116 - utils.logger - INFO - learning rate = 0.0000043
2021-06-15 10:16:10,471 - utils.logger - INFO - Trn result of epoch 49 / 60 mse 0.0324 rmse 0.1801 pcc 0.5245 ccc 0.4640
2021-06-15 10:16:10,595 - utils.logger - INFO - Val result of epoch 49 / 60 mse 0.0295 rmse 0.1716 pcc 0.5152 ccc 0.4878
2021-06-15 10:16:10,976 - utils.logger - INFO - Cur epoch 50 loss ccc:0.1848
2021-06-15 10:16:11,350 - utils.logger - INFO - Cur epoch 50 loss ccc:0.0254
2021-06-15 10:16:11,658 - utils.logger - INFO - Cur epoch 50 loss ccc:0.8279
2021-06-15 10:16:11,658 - utils.logger - INFO - saving the model at the end of epoch 50, iters 300
2021-06-15 10:16:11,907 - utils.logger - INFO - End of training epoch 50 / 60 	 Time Taken: 1 sec, Data loading: 0 sec
2021-06-15 10:16:11,907 - utils.logger - INFO - learning rate = 0.0000039
2021-06-15 10:16:12,263 - utils.logger - INFO - Trn result of epoch 50 / 60 mse 0.0325 rmse 0.1802 pcc 0.5251 ccc 0.4707
2021-06-15 10:16:12,386 - utils.logger - INFO - Val result of epoch 50 / 60 mse 0.0300 rmse 0.1732 pcc 0.5117 ccc 0.4891
2021-06-15 10:16:12,759 - utils.logger - INFO - Cur epoch 51 loss ccc:0.0159
2021-06-15 10:16:13,130 - utils.logger - INFO - Cur epoch 51 loss ccc:0.2834
2021-06-15 10:16:13,430 - utils.logger - INFO - Cur epoch 51 loss ccc:0.0095
2021-06-15 10:16:13,430 - utils.logger - INFO - saving the model at the end of epoch 51, iters 306
2021-06-15 10:16:13,664 - utils.logger - INFO - End of training epoch 51 / 60 	 Time Taken: 1 sec, Data loading: 0 sec
2021-06-15 10:16:13,664 - utils.logger - INFO - learning rate = 0.0000035
2021-06-15 10:16:14,021 - utils.logger - INFO - Trn result of epoch 51 / 60 mse 0.0329 rmse 0.1813 pcc 0.5258 ccc 0.4629
2021-06-15 10:16:14,144 - utils.logger - INFO - Val result of epoch 51 / 60 mse 0.0299 rmse 0.1728 pcc 0.5123 ccc 0.4835
2021-06-15 10:16:14,512 - utils.logger - INFO - Cur epoch 52 loss ccc:0.0245
2021-06-15 10:16:14,869 - utils.logger - INFO - Cur epoch 52 loss ccc:0.1268
2021-06-15 10:16:15,175 - utils.logger - INFO - Cur epoch 52 loss ccc:0.9215
2021-06-15 10:16:15,175 - utils.logger - INFO - saving the model at the end of epoch 52, iters 312
2021-06-15 10:16:15,548 - utils.logger - INFO - End of training epoch 52 / 60 	 Time Taken: 1 sec, Data loading: 0 sec
2021-06-15 10:16:15,549 - utils.logger - INFO - learning rate = 0.0000031
2021-06-15 10:16:15,909 - utils.logger - INFO - Trn result of epoch 52 / 60 mse 0.0327 rmse 0.1809 pcc 0.5245 ccc 0.4673
2021-06-15 10:16:16,034 - utils.logger - INFO - Val result of epoch 52 / 60 mse 0.0300 rmse 0.1731 pcc 0.5128 ccc 0.4887
2021-06-15 10:16:16,397 - utils.logger - INFO - Cur epoch 53 loss ccc:0.1286
2021-06-15 10:16:16,757 - utils.logger - INFO - Cur epoch 53 loss ccc:0.1388
2021-06-15 10:16:17,061 - utils.logger - INFO - Cur epoch 53 loss ccc:1.9221
2021-06-15 10:16:17,061 - utils.logger - INFO - saving the model at the end of epoch 53, iters 318
2021-06-15 10:16:17,297 - utils.logger - INFO - End of training epoch 53 / 60 	 Time Taken: 1 sec, Data loading: 0 sec
2021-06-15 10:16:17,297 - utils.logger - INFO - learning rate = 0.0000027
2021-06-15 10:16:17,658 - utils.logger - INFO - Trn result of epoch 53 / 60 mse 0.0323 rmse 0.1796 pcc 0.5260 ccc 0.4711
2021-06-15 10:16:17,782 - utils.logger - INFO - Val result of epoch 53 / 60 mse 0.0298 rmse 0.1727 pcc 0.5130 ccc 0.4897
2021-06-15 10:16:18,141 - utils.logger - INFO - Cur epoch 54 loss ccc:0.0183
2021-06-15 10:16:18,521 - utils.logger - INFO - Cur epoch 54 loss ccc:0.2732
2021-06-15 10:16:18,834 - utils.logger - INFO - Cur epoch 54 loss ccc:0.5554
2021-06-15 10:16:18,834 - utils.logger - INFO - saving the model at the end of epoch 54, iters 324
2021-06-15 10:16:19,256 - utils.logger - INFO - End of training epoch 54 / 60 	 Time Taken: 1 sec, Data loading: 0 sec
2021-06-15 10:16:19,256 - utils.logger - INFO - learning rate = 0.0000024
2021-06-15 10:16:19,614 - utils.logger - INFO - Trn result of epoch 54 / 60 mse 0.0322 rmse 0.1796 pcc 0.5272 ccc 0.4670
2021-06-15 10:16:19,739 - utils.logger - INFO - Val result of epoch 54 / 60 mse 0.0295 rmse 0.1717 pcc 0.5145 ccc 0.4875
2021-06-15 10:16:20,092 - utils.logger - INFO - Cur epoch 55 loss ccc:0.1291
2021-06-15 10:16:20,472 - utils.logger - INFO - Cur epoch 55 loss ccc:0.3456
2021-06-15 10:16:20,780 - utils.logger - INFO - Cur epoch 55 loss ccc:3.0894
2021-06-15 10:16:20,780 - utils.logger - INFO - saving the model at the end of epoch 55, iters 330
2021-06-15 10:16:21,027 - utils.logger - INFO - End of training epoch 55 / 60 	 Time Taken: 1 sec, Data loading: 0 sec
2021-06-15 10:16:21,028 - utils.logger - INFO - learning rate = 0.0000020
2021-06-15 10:16:21,384 - utils.logger - INFO - Trn result of epoch 55 / 60 mse 0.0322 rmse 0.1794 pcc 0.5295 ccc 0.4701
2021-06-15 10:16:21,510 - utils.logger - INFO - Val result of epoch 55 / 60 mse 0.0296 rmse 0.1719 pcc 0.5139 ccc 0.4875
2021-06-15 10:16:21,885 - utils.logger - INFO - Cur epoch 56 loss ccc:0.2421
2021-06-15 10:16:22,256 - utils.logger - INFO - Cur epoch 56 loss ccc:0.1206
2021-06-15 10:16:22,565 - utils.logger - INFO - Cur epoch 56 loss ccc:0.0053
2021-06-15 10:16:22,566 - utils.logger - INFO - saving the model at the end of epoch 56, iters 336
2021-06-15 10:16:22,842 - utils.logger - INFO - End of training epoch 56 / 60 	 Time Taken: 1 sec, Data loading: 0 sec
2021-06-15 10:16:22,843 - utils.logger - INFO - learning rate = 0.0000016
2021-06-15 10:16:23,196 - utils.logger - INFO - Trn result of epoch 56 / 60 mse 0.0324 rmse 0.1801 pcc 0.5277 ccc 0.4718
2021-06-15 10:16:23,320 - utils.logger - INFO - Val result of epoch 56 / 60 mse 0.0298 rmse 0.1727 pcc 0.5137 ccc 0.4898
2021-06-15 10:16:23,695 - utils.logger - INFO - Cur epoch 57 loss ccc:0.0116
2021-06-15 10:16:24,063 - utils.logger - INFO - Cur epoch 57 loss ccc:2.7497
2021-06-15 10:16:24,383 - utils.logger - INFO - Cur epoch 57 loss ccc:0.1377
2021-06-15 10:16:24,383 - utils.logger - INFO - saving the model at the end of epoch 57, iters 342
2021-06-15 10:16:24,864 - utils.logger - INFO - End of training epoch 57 / 60 	 Time Taken: 1 sec, Data loading: 0 sec
2021-06-15 10:16:24,864 - utils.logger - INFO - learning rate = 0.0000012
2021-06-15 10:16:25,222 - utils.logger - INFO - Trn result of epoch 57 / 60 mse 0.0327 rmse 0.1808 pcc 0.5257 ccc 0.4733
2021-06-15 10:16:25,344 - utils.logger - INFO - Val result of epoch 57 / 60 mse 0.0302 rmse 0.1739 pcc 0.5117 ccc 0.4909
2021-06-15 10:16:25,701 - utils.logger - INFO - Cur epoch 58 loss ccc:0.0328
2021-06-15 10:16:26,066 - utils.logger - INFO - Cur epoch 58 loss ccc:0.4964
2021-06-15 10:16:26,371 - utils.logger - INFO - Cur epoch 58 loss ccc:4.6861
2021-06-15 10:16:26,372 - utils.logger - INFO - saving the model at the end of epoch 58, iters 348
2021-06-15 10:16:26,619 - utils.logger - INFO - End of training epoch 58 / 60 	 Time Taken: 1 sec, Data loading: 0 sec
2021-06-15 10:16:26,620 - utils.logger - INFO - learning rate = 0.0000008
2021-06-15 10:16:26,976 - utils.logger - INFO - Trn result of epoch 58 / 60 mse 0.0327 rmse 0.1808 pcc 0.5269 ccc 0.4737
2021-06-15 10:16:27,099 - utils.logger - INFO - Val result of epoch 58 / 60 mse 0.0302 rmse 0.1738 pcc 0.5121 ccc 0.4906
2021-06-15 10:16:27,463 - utils.logger - INFO - Cur epoch 59 loss ccc:0.2035
2021-06-15 10:16:27,829 - utils.logger - INFO - Cur epoch 59 loss ccc:0.0342
2021-06-15 10:16:28,144 - utils.logger - INFO - Cur epoch 59 loss ccc:0.6178
2021-06-15 10:16:28,144 - utils.logger - INFO - saving the model at the end of epoch 59, iters 354
2021-06-15 10:16:28,397 - utils.logger - INFO - End of training epoch 59 / 60 	 Time Taken: 1 sec, Data loading: 0 sec
2021-06-15 10:16:28,397 - utils.logger - INFO - learning rate = 0.0000004
2021-06-15 10:16:28,752 - utils.logger - INFO - Trn result of epoch 59 / 60 mse 0.0327 rmse 0.1808 pcc 0.5272 ccc 0.4745
2021-06-15 10:16:28,872 - utils.logger - INFO - Val result of epoch 59 / 60 mse 0.0302 rmse 0.1738 pcc 0.5127 ccc 0.4915
2021-06-15 10:16:29,247 - utils.logger - INFO - Cur epoch 60 loss ccc:0.3832
2021-06-15 10:16:29,601 - utils.logger - INFO - Cur epoch 60 loss ccc:0.1223
2021-06-15 10:16:29,908 - utils.logger - INFO - Cur epoch 60 loss ccc:0.0009
2021-06-15 10:16:29,908 - utils.logger - INFO - saving the model at the end of epoch 60, iters 360
2021-06-15 10:16:30,156 - utils.logger - INFO - End of training epoch 60 / 60 	 Time Taken: 1 sec, Data loading: 0 sec
2021-06-15 10:16:30,156 - utils.logger - INFO - learning rate = 0.0000000
2021-06-15 10:16:30,512 - utils.logger - INFO - Trn result of epoch 60 / 60 mse 0.0327 rmse 0.1808 pcc 0.5276 ccc 0.4745
2021-06-15 10:16:30,635 - utils.logger - INFO - Val result of epoch 60 / 60 mse 0.0302 rmse 0.1738 pcc 0.5125 ccc 0.4909
2021-06-15 10:16:30,635 - utils.logger - INFO - Best eval epoch 59 found with ccc 0.491460
2021-06-15 10:16:30,635 - utils.logger - INFO - baseline_fcfusion_wonorm_egemaps_valence_hidden1024_seq100_lr2e-05_run0
