2021-06-07 02:37:58,825 - utils.logger - INFO - The number of training samples = 41
2021-06-07 02:38:01,410 - utils.logger - INFO - Cur epoch 1 loss MSE:0.6713
2021-06-07 02:38:01,731 - utils.logger - INFO - Cur epoch 1 loss MSE:0.0049
2021-06-07 02:38:01,984 - utils.logger - INFO - Cur epoch 1 loss MSE:3.2138
2021-06-07 02:38:01,985 - utils.logger - INFO - saving the model at the end of epoch 1, iters 6
2021-06-07 02:38:02,123 - utils.logger - INFO - End of training epoch 1 / 50 	 Time Taken: 1 sec, Data loading: 0 sec
2021-06-07 02:38:02,123 - utils.logger - INFO - learning rate = 0.0000100
2021-06-07 02:38:02,441 - utils.logger - INFO - Trn result of epoch 1 / 50 mse 0.0449 rmse 0.2119 pcc 0.2039 ccc 0.0052
2021-06-07 02:38:02,558 - utils.logger - INFO - Val result of epoch 1 / 50 mse 0.0377 rmse 0.1941 pcc 0.2984 ccc 0.0101
2021-06-07 02:38:02,870 - utils.logger - INFO - Cur epoch 2 loss MSE:0.3892
2021-06-07 02:38:03,185 - utils.logger - INFO - Cur epoch 2 loss MSE:0.4051
2021-06-07 02:38:03,438 - utils.logger - INFO - Cur epoch 2 loss MSE:3.0277
2021-06-07 02:38:03,438 - utils.logger - INFO - saving the model at the end of epoch 2, iters 12
2021-06-07 02:38:03,600 - utils.logger - INFO - End of training epoch 2 / 50 	 Time Taken: 1 sec, Data loading: 0 sec
2021-06-07 02:38:03,600 - utils.logger - INFO - learning rate = 0.0000100
2021-06-07 02:38:03,932 - utils.logger - INFO - Trn result of epoch 2 / 50 mse 0.0446 rmse 0.2112 pcc 0.2267 ccc 0.0104
2021-06-07 02:38:04,044 - utils.logger - INFO - Val result of epoch 2 / 50 mse 0.0373 rmse 0.1931 pcc 0.3121 ccc 0.0198
2021-06-07 02:38:04,364 - utils.logger - INFO - Cur epoch 3 loss MSE:0.7869
2021-06-07 02:38:04,673 - utils.logger - INFO - Cur epoch 3 loss MSE:0.3930
2021-06-07 02:38:04,932 - utils.logger - INFO - Cur epoch 3 loss MSE:4.6692
2021-06-07 02:38:04,932 - utils.logger - INFO - saving the model at the end of epoch 3, iters 18
2021-06-07 02:38:05,094 - utils.logger - INFO - End of training epoch 3 / 50 	 Time Taken: 1 sec, Data loading: 0 sec
2021-06-07 02:38:05,094 - utils.logger - INFO - learning rate = 0.0000100
2021-06-07 02:38:05,423 - utils.logger - INFO - Trn result of epoch 3 / 50 mse 0.0443 rmse 0.2105 pcc 0.2371 ccc 0.0160
2021-06-07 02:38:05,537 - utils.logger - INFO - Val result of epoch 3 / 50 mse 0.0370 rmse 0.1923 pcc 0.3170 ccc 0.0287
2021-06-07 02:38:05,851 - utils.logger - INFO - Cur epoch 4 loss MSE:0.6690
2021-06-07 02:38:06,165 - utils.logger - INFO - Cur epoch 4 loss MSE:0.5220
2021-06-07 02:38:06,423 - utils.logger - INFO - Cur epoch 4 loss MSE:0.2029
2021-06-07 02:38:06,423 - utils.logger - INFO - saving the model at the end of epoch 4, iters 24
2021-06-07 02:38:06,585 - utils.logger - INFO - End of training epoch 4 / 50 	 Time Taken: 1 sec, Data loading: 0 sec
2021-06-07 02:38:06,585 - utils.logger - INFO - learning rate = 0.0000100
2021-06-07 02:38:06,915 - utils.logger - INFO - Trn result of epoch 4 / 50 mse 0.0440 rmse 0.2098 pcc 0.2341 ccc 0.0224
2021-06-07 02:38:07,028 - utils.logger - INFO - Val result of epoch 4 / 50 mse 0.0366 rmse 0.1913 pcc 0.3185 ccc 0.0410
2021-06-07 02:38:07,349 - utils.logger - INFO - Cur epoch 5 loss MSE:0.3569
2021-06-07 02:38:07,666 - utils.logger - INFO - Cur epoch 5 loss MSE:0.0127
2021-06-07 02:38:07,922 - utils.logger - INFO - Cur epoch 5 loss MSE:5.8243
2021-06-07 02:38:07,923 - utils.logger - INFO - saving the model at the end of epoch 5, iters 30
2021-06-07 02:38:08,081 - utils.logger - INFO - End of training epoch 5 / 50 	 Time Taken: 1 sec, Data loading: 0 sec
2021-06-07 02:38:08,082 - utils.logger - INFO - learning rate = 0.0000100
2021-06-07 02:38:08,408 - utils.logger - INFO - Trn result of epoch 5 / 50 mse 0.0435 rmse 0.2085 pcc 0.2560 ccc 0.0343
2021-06-07 02:38:08,523 - utils.logger - INFO - Val result of epoch 5 / 50 mse 0.0361 rmse 0.1899 pcc 0.3239 ccc 0.0586
2021-06-07 02:38:08,841 - utils.logger - INFO - Cur epoch 6 loss MSE:0.7578
2021-06-07 02:38:09,149 - utils.logger - INFO - Cur epoch 6 loss MSE:0.3619
2021-06-07 02:38:09,407 - utils.logger - INFO - Cur epoch 6 loss MSE:5.8463
2021-06-07 02:38:09,408 - utils.logger - INFO - saving the model at the end of epoch 6, iters 36
2021-06-07 02:38:09,569 - utils.logger - INFO - End of training epoch 6 / 50 	 Time Taken: 1 sec, Data loading: 0 sec
2021-06-07 02:38:09,569 - utils.logger - INFO - learning rate = 0.0000100
2021-06-07 02:38:09,903 - utils.logger - INFO - Trn result of epoch 6 / 50 mse 0.0431 rmse 0.2077 pcc 0.2582 ccc 0.0426
2021-06-07 02:38:10,019 - utils.logger - INFO - Val result of epoch 6 / 50 mse 0.0356 rmse 0.1886 pcc 0.3271 ccc 0.0757
2021-06-07 02:38:10,351 - utils.logger - INFO - Cur epoch 7 loss MSE:0.4968
2021-06-07 02:38:10,666 - utils.logger - INFO - Cur epoch 7 loss MSE:0.0132
2021-06-07 02:38:10,906 - utils.logger - INFO - Cur epoch 7 loss MSE:8.4557
2021-06-07 02:38:10,906 - utils.logger - INFO - saving the model at the end of epoch 7, iters 42
2021-06-07 02:38:11,050 - utils.logger - INFO - End of training epoch 7 / 50 	 Time Taken: 1 sec, Data loading: 0 sec
2021-06-07 02:38:11,050 - utils.logger - INFO - learning rate = 0.0000100
2021-06-07 02:38:11,377 - utils.logger - INFO - Trn result of epoch 7 / 50 mse 0.0425 rmse 0.2062 pcc 0.2745 ccc 0.0687
2021-06-07 02:38:11,490 - utils.logger - INFO - Val result of epoch 7 / 50 mse 0.0349 rmse 0.1868 pcc 0.3238 ccc 0.1102
2021-06-07 02:38:11,774 - utils.logger - INFO - Cur epoch 8 loss MSE:3.3143
2021-06-07 02:38:12,080 - utils.logger - INFO - Cur epoch 8 loss MSE:0.0147
2021-06-07 02:38:12,327 - utils.logger - INFO - Cur epoch 8 loss MSE:2.6923
2021-06-07 02:38:12,327 - utils.logger - INFO - saving the model at the end of epoch 8, iters 48
2021-06-07 02:38:12,469 - utils.logger - INFO - End of training epoch 8 / 50 	 Time Taken: 0 sec, Data loading: 0 sec
2021-06-07 02:38:12,469 - utils.logger - INFO - learning rate = 0.0000100
2021-06-07 02:38:12,795 - utils.logger - INFO - Trn result of epoch 8 / 50 mse 0.0418 rmse 0.2044 pcc 0.2946 ccc 0.0969
2021-06-07 02:38:12,907 - utils.logger - INFO - Val result of epoch 8 / 50 mse 0.0341 rmse 0.1846 pcc 0.3411 ccc 0.1540
2021-06-07 02:38:13,217 - utils.logger - INFO - Cur epoch 9 loss MSE:0.1421
2021-06-07 02:38:13,530 - utils.logger - INFO - Cur epoch 9 loss MSE:0.3773
2021-06-07 02:38:13,788 - utils.logger - INFO - Cur epoch 9 loss MSE:5.4882
2021-06-07 02:38:13,788 - utils.logger - INFO - saving the model at the end of epoch 9, iters 54
2021-06-07 02:38:13,950 - utils.logger - INFO - End of training epoch 9 / 50 	 Time Taken: 1 sec, Data loading: 0 sec
2021-06-07 02:38:13,950 - utils.logger - INFO - learning rate = 0.0000100
2021-06-07 02:38:14,280 - utils.logger - INFO - Trn result of epoch 9 / 50 mse 0.0405 rmse 0.2012 pcc 0.3387 ccc 0.1361
2021-06-07 02:38:14,392 - utils.logger - INFO - Val result of epoch 9 / 50 mse 0.0332 rmse 0.1823 pcc 0.3663 ccc 0.1967
2021-06-07 02:38:14,693 - utils.logger - INFO - Cur epoch 10 loss MSE:0.0311
2021-06-07 02:38:15,002 - utils.logger - INFO - Cur epoch 10 loss MSE:0.4358
2021-06-07 02:38:15,257 - utils.logger - INFO - Cur epoch 10 loss MSE:0.3094
2021-06-07 02:38:15,258 - utils.logger - INFO - saving the model at the end of epoch 10, iters 60
2021-06-07 02:38:15,420 - utils.logger - INFO - End of training epoch 10 / 50 	 Time Taken: 1 sec, Data loading: 0 sec
2021-06-07 02:38:15,420 - utils.logger - INFO - learning rate = 0.0000100
2021-06-07 02:38:15,749 - utils.logger - INFO - Trn result of epoch 10 / 50 mse 0.0395 rmse 0.1988 pcc 0.3608 ccc 0.1899
2021-06-07 02:38:15,863 - utils.logger - INFO - Val result of epoch 10 / 50 mse 0.0321 rmse 0.1792 pcc 0.4054 ccc 0.2728
2021-06-07 02:38:16,180 - utils.logger - INFO - Cur epoch 11 loss MSE:0.2617
2021-06-07 02:38:16,492 - utils.logger - INFO - Cur epoch 11 loss MSE:0.2497
2021-06-07 02:38:16,750 - utils.logger - INFO - Cur epoch 11 loss MSE:3.7891
2021-06-07 02:38:16,750 - utils.logger - INFO - saving the model at the end of epoch 11, iters 66
2021-06-07 02:38:16,912 - utils.logger - INFO - End of training epoch 11 / 50 	 Time Taken: 1 sec, Data loading: 0 sec
2021-06-07 02:38:16,912 - utils.logger - INFO - learning rate = 0.0000100
2021-06-07 02:38:17,236 - utils.logger - INFO - Trn result of epoch 11 / 50 mse 0.0388 rmse 0.1971 pcc 0.3773 ccc 0.2006
2021-06-07 02:38:17,349 - utils.logger - INFO - Val result of epoch 11 / 50 mse 0.0317 rmse 0.1781 pcc 0.4135 ccc 0.2788
2021-06-07 02:38:17,665 - utils.logger - INFO - Cur epoch 12 loss MSE:0.0186
2021-06-07 02:38:17,979 - utils.logger - INFO - Cur epoch 12 loss MSE:0.0029
2021-06-07 02:38:18,235 - utils.logger - INFO - Cur epoch 12 loss MSE:2.7979
2021-06-07 02:38:18,235 - utils.logger - INFO - saving the model at the end of epoch 12, iters 72
2021-06-07 02:38:18,397 - utils.logger - INFO - End of training epoch 12 / 50 	 Time Taken: 1 sec, Data loading: 0 sec
2021-06-07 02:38:18,397 - utils.logger - INFO - learning rate = 0.0000100
2021-06-07 02:38:18,726 - utils.logger - INFO - Trn result of epoch 12 / 50 mse 0.0388 rmse 0.1969 pcc 0.3831 ccc 0.1960
2021-06-07 02:38:18,837 - utils.logger - INFO - Val result of epoch 12 / 50 mse 0.0315 rmse 0.1775 pcc 0.4210 ccc 0.2757
2021-06-07 02:38:19,153 - utils.logger - INFO - Cur epoch 13 loss MSE:0.1896
2021-06-07 02:38:19,474 - utils.logger - INFO - Cur epoch 13 loss MSE:0.5471
2021-06-07 02:38:19,728 - utils.logger - INFO - Cur epoch 13 loss MSE:3.4691
2021-06-07 02:38:19,729 - utils.logger - INFO - saving the model at the end of epoch 13, iters 78
2021-06-07 02:38:19,890 - utils.logger - INFO - End of training epoch 13 / 50 	 Time Taken: 1 sec, Data loading: 0 sec
2021-06-07 02:38:19,890 - utils.logger - INFO - learning rate = 0.0000100
2021-06-07 02:38:20,216 - utils.logger - INFO - Trn result of epoch 13 / 50 mse 0.0380 rmse 0.1951 pcc 0.3933 ccc 0.2203
2021-06-07 02:38:20,331 - utils.logger - INFO - Val result of epoch 13 / 50 mse 0.0310 rmse 0.1760 pcc 0.4340 ccc 0.3075
2021-06-07 02:38:20,639 - utils.logger - INFO - Cur epoch 14 loss MSE:0.1312
2021-06-07 02:38:20,960 - utils.logger - INFO - Cur epoch 14 loss MSE:0.2884
2021-06-07 02:38:21,213 - utils.logger - INFO - Cur epoch 14 loss MSE:0.1962
2021-06-07 02:38:21,214 - utils.logger - INFO - saving the model at the end of epoch 14, iters 84
2021-06-07 02:38:21,344 - utils.logger - INFO - End of training epoch 14 / 50 	 Time Taken: 1 sec, Data loading: 0 sec
2021-06-07 02:38:21,344 - utils.logger - INFO - learning rate = 0.0000100
2021-06-07 02:38:21,671 - utils.logger - INFO - Trn result of epoch 14 / 50 mse 0.0377 rmse 0.1943 pcc 0.3983 ccc 0.2404
2021-06-07 02:38:21,788 - utils.logger - INFO - Val result of epoch 14 / 50 mse 0.0308 rmse 0.1756 pcc 0.4395 ccc 0.3295
2021-06-07 02:38:22,098 - utils.logger - INFO - Cur epoch 15 loss MSE:0.1447
2021-06-07 02:38:22,413 - utils.logger - INFO - Cur epoch 15 loss MSE:0.1249
2021-06-07 02:38:22,675 - utils.logger - INFO - Cur epoch 15 loss MSE:0.4486
2021-06-07 02:38:22,676 - utils.logger - INFO - saving the model at the end of epoch 15, iters 90
2021-06-07 02:38:22,837 - utils.logger - INFO - End of training epoch 15 / 50 	 Time Taken: 1 sec, Data loading: 0 sec
2021-06-07 02:38:22,838 - utils.logger - INFO - learning rate = 0.0000100
2021-06-07 02:38:23,162 - utils.logger - INFO - Trn result of epoch 15 / 50 mse 0.0374 rmse 0.1935 pcc 0.4029 ccc 0.2641
2021-06-07 02:38:23,276 - utils.logger - INFO - Val result of epoch 15 / 50 mse 0.0310 rmse 0.1762 pcc 0.4381 ccc 0.3482
2021-06-07 02:38:23,587 - utils.logger - INFO - Cur epoch 16 loss MSE:0.1346
2021-06-07 02:38:23,907 - utils.logger - INFO - Cur epoch 16 loss MSE:0.2322
2021-06-07 02:38:24,173 - utils.logger - INFO - Cur epoch 16 loss MSE:0.2820
2021-06-07 02:38:24,174 - utils.logger - INFO - saving the model at the end of epoch 16, iters 96
2021-06-07 02:38:24,330 - utils.logger - INFO - End of training epoch 16 / 50 	 Time Taken: 1 sec, Data loading: 0 sec
2021-06-07 02:38:24,330 - utils.logger - INFO - learning rate = 0.0000100
2021-06-07 02:38:24,658 - utils.logger - INFO - Trn result of epoch 16 / 50 mse 0.0374 rmse 0.1934 pcc 0.4049 ccc 0.2232
2021-06-07 02:38:24,772 - utils.logger - INFO - Val result of epoch 16 / 50 mse 0.0312 rmse 0.1768 pcc 0.4203 ccc 0.2925
2021-06-07 02:38:25,085 - utils.logger - INFO - Cur epoch 17 loss MSE:0.4852
2021-06-07 02:38:25,380 - utils.logger - INFO - Cur epoch 17 loss MSE:0.0056
2021-06-07 02:38:25,672 - utils.logger - INFO - Cur epoch 17 loss MSE:0.0592
2021-06-07 02:38:25,673 - utils.logger - INFO - saving the model at the end of epoch 17, iters 102
2021-06-07 02:38:25,836 - utils.logger - INFO - End of training epoch 17 / 50 	 Time Taken: 1 sec, Data loading: 0 sec
2021-06-07 02:38:25,837 - utils.logger - INFO - learning rate = 0.0000100
2021-06-07 02:38:26,162 - utils.logger - INFO - Trn result of epoch 17 / 50 mse 0.0368 rmse 0.1919 pcc 0.4205 ccc 0.2468
2021-06-07 02:38:26,276 - utils.logger - INFO - Val result of epoch 17 / 50 mse 0.0308 rmse 0.1755 pcc 0.4354 ccc 0.3213
2021-06-07 02:38:26,593 - utils.logger - INFO - Cur epoch 18 loss MSE:0.1827
2021-06-07 02:38:26,902 - utils.logger - INFO - Cur epoch 18 loss MSE:0.0493
2021-06-07 02:38:27,166 - utils.logger - INFO - Cur epoch 18 loss MSE:0.0590
2021-06-07 02:38:27,166 - utils.logger - INFO - saving the model at the end of epoch 18, iters 108
2021-06-07 02:38:27,324 - utils.logger - INFO - End of training epoch 18 / 50 	 Time Taken: 1 sec, Data loading: 0 sec
2021-06-07 02:38:27,324 - utils.logger - INFO - learning rate = 0.0000100
2021-06-07 02:38:27,646 - utils.logger - INFO - Trn result of epoch 18 / 50 mse 0.0364 rmse 0.1907 pcc 0.4349 ccc 0.2655
2021-06-07 02:38:27,756 - utils.logger - INFO - Val result of epoch 18 / 50 mse 0.0306 rmse 0.1748 pcc 0.4445 ccc 0.3370
2021-06-07 02:38:28,068 - utils.logger - INFO - Cur epoch 19 loss MSE:0.1232
2021-06-07 02:38:28,382 - utils.logger - INFO - Cur epoch 19 loss MSE:0.1216
2021-06-07 02:38:28,636 - utils.logger - INFO - Cur epoch 19 loss MSE:1.2589
2021-06-07 02:38:28,636 - utils.logger - INFO - saving the model at the end of epoch 19, iters 114
2021-06-07 02:38:28,794 - utils.logger - INFO - End of training epoch 19 / 50 	 Time Taken: 1 sec, Data loading: 0 sec
2021-06-07 02:38:28,794 - utils.logger - INFO - learning rate = 0.0000100
2021-06-07 02:38:29,117 - utils.logger - INFO - Trn result of epoch 19 / 50 mse 0.0358 rmse 0.1892 pcc 0.4481 ccc 0.2617
2021-06-07 02:38:29,228 - utils.logger - INFO - Val result of epoch 19 / 50 mse 0.0308 rmse 0.1754 pcc 0.4358 ccc 0.3180
2021-06-07 02:38:29,541 - utils.logger - INFO - Cur epoch 20 loss MSE:0.0114
2021-06-07 02:38:29,852 - utils.logger - INFO - Cur epoch 20 loss MSE:0.0975
2021-06-07 02:38:30,109 - utils.logger - INFO - Cur epoch 20 loss MSE:2.8014
2021-06-07 02:38:30,109 - utils.logger - INFO - saving the model at the end of epoch 20, iters 120
2021-06-07 02:38:30,266 - utils.logger - INFO - End of training epoch 20 / 50 	 Time Taken: 1 sec, Data loading: 0 sec
2021-06-07 02:38:30,267 - utils.logger - INFO - learning rate = 0.0000097
2021-06-07 02:38:30,587 - utils.logger - INFO - Trn result of epoch 20 / 50 mse 0.0349 rmse 0.1868 pcc 0.4530 ccc 0.3368
2021-06-07 02:38:30,697 - utils.logger - INFO - Val result of epoch 20 / 50 mse 0.0312 rmse 0.1767 pcc 0.4400 ccc 0.3778
2021-06-07 02:38:31,009 - utils.logger - INFO - Cur epoch 21 loss MSE:0.3144
2021-06-07 02:38:31,328 - utils.logger - INFO - Cur epoch 21 loss MSE:0.0996
2021-06-07 02:38:31,585 - utils.logger - INFO - Cur epoch 21 loss MSE:0.9054
2021-06-07 02:38:31,585 - utils.logger - INFO - saving the model at the end of epoch 21, iters 126
2021-06-07 02:38:31,746 - utils.logger - INFO - End of training epoch 21 / 50 	 Time Taken: 1 sec, Data loading: 0 sec
2021-06-07 02:38:31,747 - utils.logger - INFO - learning rate = 0.0000094
2021-06-07 02:38:32,070 - utils.logger - INFO - Trn result of epoch 21 / 50 mse 0.0346 rmse 0.1861 pcc 0.4768 ccc 0.3013
2021-06-07 02:38:32,182 - utils.logger - INFO - Val result of epoch 21 / 50 mse 0.0311 rmse 0.1764 pcc 0.4351 ccc 0.3374
2021-06-07 02:38:32,499 - utils.logger - INFO - Cur epoch 22 loss MSE:0.0571
2021-06-07 02:38:32,814 - utils.logger - INFO - Cur epoch 22 loss MSE:0.2481
2021-06-07 02:38:33,090 - utils.logger - INFO - Cur epoch 22 loss MSE:1.8882
2021-06-07 02:38:33,090 - utils.logger - INFO - saving the model at the end of epoch 22, iters 132
2021-06-07 02:38:33,251 - utils.logger - INFO - End of training epoch 22 / 50 	 Time Taken: 1 sec, Data loading: 0 sec
2021-06-07 02:38:33,251 - utils.logger - INFO - learning rate = 0.0000090
2021-06-07 02:38:33,577 - utils.logger - INFO - Trn result of epoch 22 / 50 mse 0.0350 rmse 0.1871 pcc 0.4538 ccc 0.3605
2021-06-07 02:38:33,691 - utils.logger - INFO - Val result of epoch 22 / 50 mse 0.0315 rmse 0.1776 pcc 0.4425 ccc 0.3927
2021-06-07 02:38:34,013 - utils.logger - INFO - Cur epoch 23 loss MSE:0.0225
2021-06-07 02:38:34,314 - utils.logger - INFO - Cur epoch 23 loss MSE:3.2598
2021-06-07 02:38:34,572 - utils.logger - INFO - Cur epoch 23 loss MSE:2.5661
2021-06-07 02:38:34,573 - utils.logger - INFO - saving the model at the end of epoch 23, iters 138
2021-06-07 02:38:34,735 - utils.logger - INFO - End of training epoch 23 / 50 	 Time Taken: 1 sec, Data loading: 0 sec
2021-06-07 02:38:34,735 - utils.logger - INFO - learning rate = 0.0000087
2021-06-07 02:38:35,054 - utils.logger - INFO - Trn result of epoch 23 / 50 mse 0.0342 rmse 0.1850 pcc 0.4820 ccc 0.3767
2021-06-07 02:38:35,166 - utils.logger - INFO - Val result of epoch 23 / 50 mse 0.0318 rmse 0.1783 pcc 0.4405 ccc 0.3891
2021-06-07 02:38:35,477 - utils.logger - INFO - Cur epoch 24 loss MSE:0.1599
2021-06-07 02:38:35,796 - utils.logger - INFO - Cur epoch 24 loss MSE:0.2064
2021-06-07 02:38:36,063 - utils.logger - INFO - Cur epoch 24 loss MSE:0.5538
2021-06-07 02:38:36,063 - utils.logger - INFO - saving the model at the end of epoch 24, iters 144
2021-06-07 02:38:36,221 - utils.logger - INFO - End of training epoch 24 / 50 	 Time Taken: 1 sec, Data loading: 0 sec
2021-06-07 02:38:36,221 - utils.logger - INFO - learning rate = 0.0000084
2021-06-07 02:38:36,540 - utils.logger - INFO - Trn result of epoch 24 / 50 mse 0.0331 rmse 0.1820 pcc 0.5055 ccc 0.3942
2021-06-07 02:38:36,653 - utils.logger - INFO - Val result of epoch 24 / 50 mse 0.0328 rmse 0.1811 pcc 0.4253 ccc 0.3777
2021-06-07 02:38:36,955 - utils.logger - INFO - Cur epoch 25 loss MSE:0.1436
2021-06-07 02:38:37,259 - utils.logger - INFO - Cur epoch 25 loss MSE:0.0487
2021-06-07 02:38:37,502 - utils.logger - INFO - Cur epoch 25 loss MSE:1.8062
2021-06-07 02:38:37,502 - utils.logger - INFO - saving the model at the end of epoch 25, iters 150
2021-06-07 02:38:37,643 - utils.logger - INFO - End of training epoch 25 / 50 	 Time Taken: 0 sec, Data loading: 0 sec
2021-06-07 02:38:37,643 - utils.logger - INFO - learning rate = 0.0000081
2021-06-07 02:38:37,961 - utils.logger - INFO - Trn result of epoch 25 / 50 mse 0.0325 rmse 0.1804 pcc 0.5123 ccc 0.3869
2021-06-07 02:38:38,072 - utils.logger - INFO - Val result of epoch 25 / 50 mse 0.0318 rmse 0.1783 pcc 0.4356 ccc 0.3835
2021-06-07 02:38:38,374 - utils.logger - INFO - Cur epoch 26 loss MSE:0.0462
2021-06-07 02:38:38,668 - utils.logger - INFO - Cur epoch 26 loss MSE:0.2670
2021-06-07 02:38:38,911 - utils.logger - INFO - Cur epoch 26 loss MSE:0.2782
2021-06-07 02:38:38,911 - utils.logger - INFO - saving the model at the end of epoch 26, iters 156
2021-06-07 02:38:39,057 - utils.logger - INFO - End of training epoch 26 / 50 	 Time Taken: 0 sec, Data loading: 0 sec
2021-06-07 02:38:39,057 - utils.logger - INFO - learning rate = 0.0000077
2021-06-07 02:38:39,377 - utils.logger - INFO - Trn result of epoch 26 / 50 mse 0.0327 rmse 0.1807 pcc 0.5142 ccc 0.3809
2021-06-07 02:38:39,489 - utils.logger - INFO - Val result of epoch 26 / 50 mse 0.0310 rmse 0.1760 pcc 0.4522 ccc 0.3948
2021-06-07 02:38:39,806 - utils.logger - INFO - Cur epoch 27 loss MSE:0.1885
2021-06-07 02:38:40,128 - utils.logger - INFO - Cur epoch 27 loss MSE:0.0634
2021-06-07 02:38:40,394 - utils.logger - INFO - Cur epoch 27 loss MSE:0.0309
2021-06-07 02:38:40,394 - utils.logger - INFO - saving the model at the end of epoch 27, iters 162
2021-06-07 02:38:40,561 - utils.logger - INFO - End of training epoch 27 / 50 	 Time Taken: 1 sec, Data loading: 0 sec
2021-06-07 02:38:40,562 - utils.logger - INFO - learning rate = 0.0000074
2021-06-07 02:38:40,889 - utils.logger - INFO - Trn result of epoch 27 / 50 mse 0.0324 rmse 0.1801 pcc 0.5363 ccc 0.3586
2021-06-07 02:38:41,002 - utils.logger - INFO - Val result of epoch 27 / 50 mse 0.0298 rmse 0.1727 pcc 0.4640 ccc 0.3689
2021-06-07 02:38:41,311 - utils.logger - INFO - Cur epoch 28 loss MSE:0.1035
2021-06-07 02:38:41,630 - utils.logger - INFO - Cur epoch 28 loss MSE:0.0929
2021-06-07 02:38:41,890 - utils.logger - INFO - Cur epoch 28 loss MSE:1.5850
2021-06-07 02:38:41,890 - utils.logger - INFO - saving the model at the end of epoch 28, iters 168
2021-06-07 02:38:42,021 - utils.logger - INFO - End of training epoch 28 / 50 	 Time Taken: 1 sec, Data loading: 0 sec
2021-06-07 02:38:42,021 - utils.logger - INFO - learning rate = 0.0000071
2021-06-07 02:38:42,350 - utils.logger - INFO - Trn result of epoch 28 / 50 mse 0.0329 rmse 0.1815 pcc 0.5112 ccc 0.3545
2021-06-07 02:38:42,464 - utils.logger - INFO - Val result of epoch 28 / 50 mse 0.0308 rmse 0.1755 pcc 0.4422 ccc 0.3640
2021-06-07 02:38:42,774 - utils.logger - INFO - Cur epoch 29 loss MSE:0.0552
2021-06-07 02:38:43,093 - utils.logger - INFO - Cur epoch 29 loss MSE:0.0453
2021-06-07 02:38:43,351 - utils.logger - INFO - Cur epoch 29 loss MSE:16.1010
2021-06-07 02:38:43,351 - utils.logger - INFO - saving the model at the end of epoch 29, iters 174
2021-06-07 02:38:43,509 - utils.logger - INFO - End of training epoch 29 / 50 	 Time Taken: 1 sec, Data loading: 0 sec
2021-06-07 02:38:43,509 - utils.logger - INFO - learning rate = 0.0000068
2021-06-07 02:38:43,835 - utils.logger - INFO - Trn result of epoch 29 / 50 mse 0.0319 rmse 0.1786 pcc 0.5277 ccc 0.4016
2021-06-07 02:38:43,946 - utils.logger - INFO - Val result of epoch 29 / 50 mse 0.0308 rmse 0.1754 pcc 0.4593 ccc 0.4073
2021-06-07 02:38:44,261 - utils.logger - INFO - Cur epoch 30 loss MSE:0.0588
2021-06-07 02:38:44,581 - utils.logger - INFO - Cur epoch 30 loss MSE:0.1423
2021-06-07 02:38:44,846 - utils.logger - INFO - Cur epoch 30 loss MSE:0.1078
2021-06-07 02:38:44,846 - utils.logger - INFO - saving the model at the end of epoch 30, iters 180
2021-06-07 02:38:45,006 - utils.logger - INFO - End of training epoch 30 / 50 	 Time Taken: 1 sec, Data loading: 0 sec
2021-06-07 02:38:45,006 - utils.logger - INFO - learning rate = 0.0000065
2021-06-07 02:38:45,326 - utils.logger - INFO - Trn result of epoch 30 / 50 mse 0.0306 rmse 0.1750 pcc 0.5740 ccc 0.4031
2021-06-07 02:38:45,436 - utils.logger - INFO - Val result of epoch 30 / 50 mse 0.0298 rmse 0.1725 pcc 0.4714 ccc 0.3944
2021-06-07 02:38:45,739 - utils.logger - INFO - Cur epoch 31 loss MSE:2.3636
2021-06-07 02:38:46,054 - utils.logger - INFO - Cur epoch 31 loss MSE:0.0671
2021-06-07 02:38:46,317 - utils.logger - INFO - Cur epoch 31 loss MSE:1.4929
2021-06-07 02:38:46,317 - utils.logger - INFO - saving the model at the end of epoch 31, iters 186
2021-06-07 02:38:46,477 - utils.logger - INFO - End of training epoch 31 / 50 	 Time Taken: 1 sec, Data loading: 0 sec
2021-06-07 02:38:46,477 - utils.logger - INFO - learning rate = 0.0000061
2021-06-07 02:38:46,797 - utils.logger - INFO - Trn result of epoch 31 / 50 mse 0.0321 rmse 0.1792 pcc 0.5407 ccc 0.4557
2021-06-07 02:38:46,906 - utils.logger - INFO - Val result of epoch 31 / 50 mse 0.0346 rmse 0.1860 pcc 0.4440 ccc 0.4183
2021-06-07 02:38:47,217 - utils.logger - INFO - Cur epoch 32 loss MSE:0.0987
2021-06-07 02:38:47,538 - utils.logger - INFO - Cur epoch 32 loss MSE:0.0769
2021-06-07 02:38:47,798 - utils.logger - INFO - Cur epoch 32 loss MSE:0.2243
2021-06-07 02:38:47,799 - utils.logger - INFO - saving the model at the end of epoch 32, iters 192
2021-06-07 02:38:47,961 - utils.logger - INFO - End of training epoch 32 / 50 	 Time Taken: 1 sec, Data loading: 0 sec
2021-06-07 02:38:47,962 - utils.logger - INFO - learning rate = 0.0000058
2021-06-07 02:38:48,289 - utils.logger - INFO - Trn result of epoch 32 / 50 mse 0.0321 rmse 0.1790 pcc 0.5352 ccc 0.4284
2021-06-07 02:38:48,405 - utils.logger - INFO - Val result of epoch 32 / 50 mse 0.0337 rmse 0.1836 pcc 0.4341 ccc 0.3993
2021-06-07 02:38:48,720 - utils.logger - INFO - Cur epoch 33 loss MSE:0.0477
2021-06-07 02:38:49,038 - utils.logger - INFO - Cur epoch 33 loss MSE:0.0621
2021-06-07 02:38:49,317 - utils.logger - INFO - Cur epoch 33 loss MSE:0.2741
2021-06-07 02:38:49,317 - utils.logger - INFO - saving the model at the end of epoch 33, iters 198
2021-06-07 02:38:49,475 - utils.logger - INFO - End of training epoch 33 / 50 	 Time Taken: 1 sec, Data loading: 0 sec
2021-06-07 02:38:49,475 - utils.logger - INFO - learning rate = 0.0000055
2021-06-07 02:38:49,800 - utils.logger - INFO - Trn result of epoch 33 / 50 mse 0.0325 rmse 0.1803 pcc 0.5478 ccc 0.4513
2021-06-07 02:38:49,910 - utils.logger - INFO - Val result of epoch 33 / 50 mse 0.0358 rmse 0.1892 pcc 0.4493 ccc 0.4131
2021-06-07 02:38:50,229 - utils.logger - INFO - Cur epoch 34 loss MSE:0.2231
2021-06-07 02:38:50,546 - utils.logger - INFO - Cur epoch 34 loss MSE:0.1037
2021-06-07 02:38:50,803 - utils.logger - INFO - Cur epoch 34 loss MSE:11.4267
2021-06-07 02:38:50,803 - utils.logger - INFO - saving the model at the end of epoch 34, iters 204
2021-06-07 02:38:50,964 - utils.logger - INFO - End of training epoch 34 / 50 	 Time Taken: 1 sec, Data loading: 0 sec
2021-06-07 02:38:50,964 - utils.logger - INFO - learning rate = 0.0000052
2021-06-07 02:38:51,285 - utils.logger - INFO - Trn result of epoch 34 / 50 mse 0.0307 rmse 0.1751 pcc 0.5554 ccc 0.4354
2021-06-07 02:38:51,395 - utils.logger - INFO - Val result of epoch 34 / 50 mse 0.0289 rmse 0.1700 pcc 0.5043 ccc 0.4560
2021-06-07 02:38:51,714 - utils.logger - INFO - Cur epoch 35 loss MSE:0.2143
2021-06-07 02:38:52,026 - utils.logger - INFO - Cur epoch 35 loss MSE:0.2881
2021-06-07 02:38:52,280 - utils.logger - INFO - Cur epoch 35 loss MSE:0.2114
2021-06-07 02:38:52,280 - utils.logger - INFO - saving the model at the end of epoch 35, iters 210
2021-06-07 02:38:52,440 - utils.logger - INFO - End of training epoch 35 / 50 	 Time Taken: 1 sec, Data loading: 0 sec
2021-06-07 02:38:52,441 - utils.logger - INFO - learning rate = 0.0000048
2021-06-07 02:38:52,762 - utils.logger - INFO - Trn result of epoch 35 / 50 mse 0.0320 rmse 0.1790 pcc 0.5204 ccc 0.4351
2021-06-07 02:38:52,874 - utils.logger - INFO - Val result of epoch 35 / 50 mse 0.0307 rmse 0.1753 pcc 0.4808 ccc 0.4481
2021-06-07 02:38:53,189 - utils.logger - INFO - Cur epoch 36 loss MSE:0.0146
2021-06-07 02:38:53,502 - utils.logger - INFO - Cur epoch 36 loss MSE:0.1986
2021-06-07 02:38:53,766 - utils.logger - INFO - Cur epoch 36 loss MSE:0.6958
2021-06-07 02:38:53,767 - utils.logger - INFO - saving the model at the end of epoch 36, iters 216
2021-06-07 02:38:53,927 - utils.logger - INFO - End of training epoch 36 / 50 	 Time Taken: 1 sec, Data loading: 0 sec
2021-06-07 02:38:53,927 - utils.logger - INFO - learning rate = 0.0000045
2021-06-07 02:38:54,243 - utils.logger - INFO - Trn result of epoch 36 / 50 mse 0.0314 rmse 0.1773 pcc 0.5375 ccc 0.4370
2021-06-07 02:38:54,354 - utils.logger - INFO - Val result of epoch 36 / 50 mse 0.0307 rmse 0.1753 pcc 0.4761 ccc 0.4321
2021-06-07 02:38:54,671 - utils.logger - INFO - Cur epoch 37 loss MSE:0.0357
2021-06-07 02:38:54,987 - utils.logger - INFO - Cur epoch 37 loss MSE:0.2401
2021-06-07 02:38:55,245 - utils.logger - INFO - Cur epoch 37 loss MSE:19.5817
2021-06-07 02:38:55,245 - utils.logger - INFO - saving the model at the end of epoch 37, iters 222
2021-06-07 02:38:55,405 - utils.logger - INFO - End of training epoch 37 / 50 	 Time Taken: 1 sec, Data loading: 0 sec
2021-06-07 02:38:55,405 - utils.logger - INFO - learning rate = 0.0000042
2021-06-07 02:38:55,725 - utils.logger - INFO - Trn result of epoch 37 / 50 mse 0.0304 rmse 0.1744 pcc 0.5588 ccc 0.4492
2021-06-07 02:38:55,837 - utils.logger - INFO - Val result of epoch 37 / 50 mse 0.0300 rmse 0.1733 pcc 0.4846 ccc 0.4359
2021-06-07 02:38:56,146 - utils.logger - INFO - Cur epoch 38 loss MSE:0.0583
2021-06-07 02:38:56,469 - utils.logger - INFO - Cur epoch 38 loss MSE:0.0022
2021-06-07 02:38:56,730 - utils.logger - INFO - Cur epoch 38 loss MSE:0.3864
2021-06-07 02:38:56,730 - utils.logger - INFO - saving the model at the end of epoch 38, iters 228
2021-06-07 02:38:56,892 - utils.logger - INFO - End of training epoch 38 / 50 	 Time Taken: 1 sec, Data loading: 0 sec
2021-06-07 02:38:56,892 - utils.logger - INFO - learning rate = 0.0000039
2021-06-07 02:38:57,214 - utils.logger - INFO - Trn result of epoch 38 / 50 mse 0.0308 rmse 0.1754 pcc 0.5501 ccc 0.4481
2021-06-07 02:38:57,327 - utils.logger - INFO - Val result of epoch 38 / 50 mse 0.0305 rmse 0.1746 pcc 0.4801 ccc 0.4361
2021-06-07 02:38:57,647 - utils.logger - INFO - Cur epoch 39 loss MSE:0.2225
2021-06-07 02:38:57,961 - utils.logger - INFO - Cur epoch 39 loss MSE:0.0108
2021-06-07 02:38:58,218 - utils.logger - INFO - Cur epoch 39 loss MSE:0.5379
2021-06-07 02:38:58,219 - utils.logger - INFO - saving the model at the end of epoch 39, iters 234
2021-06-07 02:38:58,381 - utils.logger - INFO - End of training epoch 39 / 50 	 Time Taken: 1 sec, Data loading: 0 sec
2021-06-07 02:38:58,382 - utils.logger - INFO - learning rate = 0.0000035
2021-06-07 02:38:58,705 - utils.logger - INFO - Trn result of epoch 39 / 50 mse 0.0298 rmse 0.1726 pcc 0.5726 ccc 0.4551
2021-06-07 02:38:58,818 - utils.logger - INFO - Val result of epoch 39 / 50 mse 0.0298 rmse 0.1727 pcc 0.4861 ccc 0.4382
2021-06-07 02:38:59,128 - utils.logger - INFO - Cur epoch 40 loss MSE:0.0154
2021-06-07 02:38:59,443 - utils.logger - INFO - Cur epoch 40 loss MSE:0.1862
2021-06-07 02:38:59,715 - utils.logger - INFO - Cur epoch 40 loss MSE:0.4433
2021-06-07 02:38:59,715 - utils.logger - INFO - saving the model at the end of epoch 40, iters 240
2021-06-07 02:38:59,870 - utils.logger - INFO - End of training epoch 40 / 50 	 Time Taken: 1 sec, Data loading: 0 sec
2021-06-07 02:38:59,870 - utils.logger - INFO - learning rate = 0.0000032
2021-06-07 02:39:00,192 - utils.logger - INFO - Trn result of epoch 40 / 50 mse 0.0295 rmse 0.1719 pcc 0.5796 ccc 0.4790
2021-06-07 02:39:00,304 - utils.logger - INFO - Val result of epoch 40 / 50 mse 0.0319 rmse 0.1786 pcc 0.4630 ccc 0.4248
2021-06-07 02:39:00,627 - utils.logger - INFO - Cur epoch 41 loss MSE:0.0327
2021-06-07 02:39:00,938 - utils.logger - INFO - Cur epoch 41 loss MSE:0.2480
2021-06-07 02:39:01,196 - utils.logger - INFO - Cur epoch 41 loss MSE:2.8441
2021-06-07 02:39:01,196 - utils.logger - INFO - saving the model at the end of epoch 41, iters 246
2021-06-07 02:39:01,356 - utils.logger - INFO - End of training epoch 41 / 50 	 Time Taken: 1 sec, Data loading: 0 sec
2021-06-07 02:39:01,356 - utils.logger - INFO - learning rate = 0.0000029
2021-06-07 02:39:01,673 - utils.logger - INFO - Trn result of epoch 41 / 50 mse 0.0296 rmse 0.1719 pcc 0.5752 ccc 0.4660
2021-06-07 02:39:01,785 - utils.logger - INFO - Val result of epoch 41 / 50 mse 0.0297 rmse 0.1724 pcc 0.4905 ccc 0.4463
2021-06-07 02:39:02,098 - utils.logger - INFO - Cur epoch 42 loss MSE:0.0396
2021-06-07 02:39:02,417 - utils.logger - INFO - Cur epoch 42 loss MSE:0.1323
2021-06-07 02:39:02,674 - utils.logger - INFO - Cur epoch 42 loss MSE:12.9229
2021-06-07 02:39:02,675 - utils.logger - INFO - saving the model at the end of epoch 42, iters 252
2021-06-07 02:39:02,835 - utils.logger - INFO - End of training epoch 42 / 50 	 Time Taken: 1 sec, Data loading: 0 sec
2021-06-07 02:39:02,835 - utils.logger - INFO - learning rate = 0.0000026
2021-06-07 02:39:03,156 - utils.logger - INFO - Trn result of epoch 42 / 50 mse 0.0292 rmse 0.1708 pcc 0.5844 ccc 0.4717
2021-06-07 02:39:03,268 - utils.logger - INFO - Val result of epoch 42 / 50 mse 0.0301 rmse 0.1734 pcc 0.4835 ccc 0.4396
2021-06-07 02:39:03,586 - utils.logger - INFO - Cur epoch 43 loss MSE:0.1538
2021-06-07 02:39:03,897 - utils.logger - INFO - Cur epoch 43 loss MSE:0.3230
2021-06-07 02:39:04,155 - utils.logger - INFO - Cur epoch 43 loss MSE:4.5073
2021-06-07 02:39:04,155 - utils.logger - INFO - saving the model at the end of epoch 43, iters 258
2021-06-07 02:39:04,315 - utils.logger - INFO - End of training epoch 43 / 50 	 Time Taken: 1 sec, Data loading: 0 sec
2021-06-07 02:39:04,315 - utils.logger - INFO - learning rate = 0.0000023
2021-06-07 02:39:04,637 - utils.logger - INFO - Trn result of epoch 43 / 50 mse 0.0294 rmse 0.1715 pcc 0.5761 ccc 0.4784
2021-06-07 02:39:04,748 - utils.logger - INFO - Val result of epoch 43 / 50 mse 0.0306 rmse 0.1750 pcc 0.4809 ccc 0.4457
2021-06-07 02:39:05,057 - utils.logger - INFO - Cur epoch 44 loss MSE:0.0278
2021-06-07 02:39:05,353 - utils.logger - INFO - Cur epoch 44 loss MSE:0.0232
2021-06-07 02:39:05,598 - utils.logger - INFO - Cur epoch 44 loss MSE:0.2624
2021-06-07 02:39:05,598 - utils.logger - INFO - saving the model at the end of epoch 44, iters 264
2021-06-07 02:39:05,742 - utils.logger - INFO - End of training epoch 44 / 50 	 Time Taken: 0 sec, Data loading: 0 sec
2021-06-07 02:39:05,742 - utils.logger - INFO - learning rate = 0.0000019
2021-06-07 02:39:06,063 - utils.logger - INFO - Trn result of epoch 44 / 50 mse 0.0294 rmse 0.1716 pcc 0.5788 ccc 0.4682
2021-06-07 02:39:06,174 - utils.logger - INFO - Val result of epoch 44 / 50 mse 0.0305 rmse 0.1746 pcc 0.4723 ccc 0.4242
2021-06-07 02:39:06,469 - utils.logger - INFO - Cur epoch 45 loss MSE:0.0446
2021-06-07 02:39:06,774 - utils.logger - INFO - Cur epoch 45 loss MSE:0.3331
2021-06-07 02:39:07,019 - utils.logger - INFO - Cur epoch 45 loss MSE:1.8070
2021-06-07 02:39:07,019 - utils.logger - INFO - saving the model at the end of epoch 45, iters 270
2021-06-07 02:39:07,161 - utils.logger - INFO - End of training epoch 45 / 50 	 Time Taken: 0 sec, Data loading: 0 sec
2021-06-07 02:39:07,161 - utils.logger - INFO - learning rate = 0.0000016
2021-06-07 02:39:07,483 - utils.logger - INFO - Trn result of epoch 45 / 50 mse 0.0289 rmse 0.1700 pcc 0.5882 ccc 0.4844
2021-06-07 02:39:07,593 - utils.logger - INFO - Val result of epoch 45 / 50 mse 0.0298 rmse 0.1727 pcc 0.4905 ccc 0.4493
2021-06-07 02:39:07,894 - utils.logger - INFO - Cur epoch 46 loss MSE:0.0914
2021-06-07 02:39:08,199 - utils.logger - INFO - Cur epoch 46 loss MSE:0.2639
2021-06-07 02:39:08,442 - utils.logger - INFO - Cur epoch 46 loss MSE:0.3152
2021-06-07 02:39:08,442 - utils.logger - INFO - saving the model at the end of epoch 46, iters 276
2021-06-07 02:39:08,582 - utils.logger - INFO - End of training epoch 46 / 50 	 Time Taken: 0 sec, Data loading: 0 sec
2021-06-07 02:39:08,582 - utils.logger - INFO - learning rate = 0.0000013
2021-06-07 02:39:08,906 - utils.logger - INFO - Trn result of epoch 46 / 50 mse 0.0296 rmse 0.1720 pcc 0.5746 ccc 0.4922
2021-06-07 02:39:09,018 - utils.logger - INFO - Val result of epoch 46 / 50 mse 0.0314 rmse 0.1773 pcc 0.4732 ccc 0.4404
2021-06-07 02:39:09,321 - utils.logger - INFO - Cur epoch 47 loss MSE:0.0347
2021-06-07 02:39:09,629 - utils.logger - INFO - Cur epoch 47 loss MSE:0.0352
2021-06-07 02:39:09,874 - utils.logger - INFO - Cur epoch 47 loss MSE:0.6736
2021-06-07 02:39:09,874 - utils.logger - INFO - saving the model at the end of epoch 47, iters 282
2021-06-07 02:39:10,017 - utils.logger - INFO - End of training epoch 47 / 50 	 Time Taken: 0 sec, Data loading: 0 sec
2021-06-07 02:39:10,018 - utils.logger - INFO - learning rate = 0.0000010
2021-06-07 02:39:10,345 - utils.logger - INFO - Trn result of epoch 47 / 50 mse 0.0294 rmse 0.1715 pcc 0.5773 ccc 0.4876
2021-06-07 02:39:10,457 - utils.logger - INFO - Val result of epoch 47 / 50 mse 0.0319 rmse 0.1787 pcc 0.4703 ccc 0.4406
2021-06-07 02:39:10,764 - utils.logger - INFO - Cur epoch 48 loss MSE:0.0994
2021-06-07 02:39:11,054 - utils.logger - INFO - Cur epoch 48 loss MSE:0.8968
2021-06-07 02:39:11,296 - utils.logger - INFO - Cur epoch 48 loss MSE:0.6224
2021-06-07 02:39:11,296 - utils.logger - INFO - saving the model at the end of epoch 48, iters 288
2021-06-07 02:39:11,438 - utils.logger - INFO - End of training epoch 48 / 50 	 Time Taken: 0 sec, Data loading: 0 sec
2021-06-07 02:39:11,439 - utils.logger - INFO - learning rate = 0.0000006
2021-06-07 02:39:11,758 - utils.logger - INFO - Trn result of epoch 48 / 50 mse 0.0303 rmse 0.1742 pcc 0.5571 ccc 0.4719
2021-06-07 02:39:11,869 - utils.logger - INFO - Val result of epoch 48 / 50 mse 0.0313 rmse 0.1769 pcc 0.4777 ccc 0.4473
2021-06-07 02:39:12,168 - utils.logger - INFO - Cur epoch 49 loss MSE:0.1670
2021-06-07 02:39:12,472 - utils.logger - INFO - Cur epoch 49 loss MSE:0.0955
2021-06-07 02:39:12,727 - utils.logger - INFO - Cur epoch 49 loss MSE:0.1361
2021-06-07 02:39:12,727 - utils.logger - INFO - saving the model at the end of epoch 49, iters 294
2021-06-07 02:39:12,887 - utils.logger - INFO - End of training epoch 49 / 50 	 Time Taken: 1 sec, Data loading: 0 sec
2021-06-07 02:39:12,887 - utils.logger - INFO - learning rate = 0.0000003
2021-06-07 02:39:13,201 - utils.logger - INFO - Trn result of epoch 49 / 50 mse 0.0294 rmse 0.1715 pcc 0.5802 ccc 0.4997
2021-06-07 02:39:13,312 - utils.logger - INFO - Val result of epoch 49 / 50 mse 0.0315 rmse 0.1773 pcc 0.4735 ccc 0.4423
2021-06-07 02:39:13,629 - utils.logger - INFO - Cur epoch 50 loss MSE:0.0259
2021-06-07 02:39:13,949 - utils.logger - INFO - Cur epoch 50 loss MSE:0.2057
2021-06-07 02:39:14,206 - utils.logger - INFO - Cur epoch 50 loss MSE:7.0375
2021-06-07 02:39:14,207 - utils.logger - INFO - saving the model at the end of epoch 50, iters 300
2021-06-07 02:39:14,367 - utils.logger - INFO - End of training epoch 50 / 50 	 Time Taken: 1 sec, Data loading: 0 sec
2021-06-07 02:39:14,367 - utils.logger - INFO - learning rate = 0.0000000
2021-06-07 02:39:14,687 - utils.logger - INFO - Trn result of epoch 50 / 50 mse 0.0295 rmse 0.1718 pcc 0.5750 ccc 0.4841
2021-06-07 02:39:14,798 - utils.logger - INFO - Val result of epoch 50 / 50 mse 0.0312 rmse 0.1766 pcc 0.4755 ccc 0.4423
2021-06-07 02:39:14,798 - utils.logger - INFO - Best eval epoch 34 found with ccc 0.455989
2021-06-07 02:39:14,798 - utils.logger - INFO - baseline_earlyfusion_norm_egemaps_valence_hidden1024_seq100_run1
