2021-06-07 03:03:49,239 - utils.logger - INFO - The number of training samples = 41
2021-06-07 03:03:54,835 - utils.logger - INFO - Cur epoch 1 loss MSE:1.0671
2021-06-07 03:03:56,112 - utils.logger - INFO - Cur epoch 1 loss MSE:0.0035
2021-06-07 03:03:57,610 - utils.logger - INFO - Cur epoch 1 loss MSE:2.6811
2021-06-07 03:03:57,611 - utils.logger - INFO - saving the model at the end of epoch 1, iters 6
2021-06-07 03:03:58,147 - utils.logger - INFO - End of training epoch 1 / 50 	 Time Taken: 6 sec, Data loading: 4 sec
2021-06-07 03:03:58,147 - utils.logger - INFO - learning rate = 0.0000100
2021-06-07 03:04:01,123 - utils.logger - INFO - Trn result of epoch 1 / 50 mse 0.0440 rmse 0.2099 pcc 0.2215 ccc 0.0141
2021-06-07 03:04:01,597 - utils.logger - INFO - Val result of epoch 1 / 50 mse 0.0372 rmse 0.1928 pcc 0.2843 ccc 0.0217
2021-06-07 03:04:02,982 - utils.logger - INFO - Cur epoch 2 loss MSE:0.0291
2021-06-07 03:04:04,719 - utils.logger - INFO - Cur epoch 2 loss MSE:0.3807
2021-06-07 03:04:05,369 - utils.logger - INFO - Cur epoch 2 loss MSE:0.0221
2021-06-07 03:04:05,369 - utils.logger - INFO - saving the model at the end of epoch 2, iters 12
2021-06-07 03:04:05,926 - utils.logger - INFO - End of training epoch 2 / 50 	 Time Taken: 4 sec, Data loading: 2 sec
2021-06-07 03:04:05,927 - utils.logger - INFO - learning rate = 0.0000100
2021-06-07 03:04:08,276 - utils.logger - INFO - Trn result of epoch 2 / 50 mse 0.0434 rmse 0.2082 pcc 0.2928 ccc 0.0280
2021-06-07 03:04:08,685 - utils.logger - INFO - Val result of epoch 2 / 50 mse 0.0367 rmse 0.1915 pcc 0.3087 ccc 0.0363
2021-06-07 03:04:09,391 - utils.logger - INFO - Cur epoch 3 loss MSE:0.4551
2021-06-07 03:04:10,124 - utils.logger - INFO - Cur epoch 3 loss MSE:0.3580
2021-06-07 03:04:10,646 - utils.logger - INFO - Cur epoch 3 loss MSE:0.0474
2021-06-07 03:04:10,646 - utils.logger - INFO - saving the model at the end of epoch 3, iters 18
2021-06-07 03:04:11,207 - utils.logger - INFO - End of training epoch 3 / 50 	 Time Taken: 2 sec, Data loading: 0 sec
2021-06-07 03:04:11,207 - utils.logger - INFO - learning rate = 0.0000100
2021-06-07 03:04:12,106 - utils.logger - INFO - Trn result of epoch 3 / 50 mse 0.0425 rmse 0.2062 pcc 0.3007 ccc 0.0476
2021-06-07 03:04:12,512 - utils.logger - INFO - Val result of epoch 3 / 50 mse 0.0359 rmse 0.1895 pcc 0.3201 ccc 0.0629
2021-06-07 03:04:13,226 - utils.logger - INFO - Cur epoch 4 loss MSE:0.0000
2021-06-07 03:04:13,925 - utils.logger - INFO - Cur epoch 4 loss MSE:0.3729
2021-06-07 03:04:14,472 - utils.logger - INFO - Cur epoch 4 loss MSE:1.9525
2021-06-07 03:04:14,472 - utils.logger - INFO - saving the model at the end of epoch 4, iters 24
2021-06-07 03:04:15,014 - utils.logger - INFO - End of training epoch 4 / 50 	 Time Taken: 2 sec, Data loading: 0 sec
2021-06-07 03:04:15,014 - utils.logger - INFO - learning rate = 0.0000100
2021-06-07 03:04:15,906 - utils.logger - INFO - Trn result of epoch 4 / 50 mse 0.0417 rmse 0.2041 pcc 0.3452 ccc 0.0728
2021-06-07 03:04:16,316 - utils.logger - INFO - Val result of epoch 4 / 50 mse 0.0353 rmse 0.1879 pcc 0.3210 ccc 0.0859
2021-06-07 03:04:17,018 - utils.logger - INFO - Cur epoch 5 loss MSE:0.4599
2021-06-07 03:04:17,715 - utils.logger - INFO - Cur epoch 5 loss MSE:0.0295
2021-06-07 03:04:18,255 - utils.logger - INFO - Cur epoch 5 loss MSE:4.0093
2021-06-07 03:04:18,256 - utils.logger - INFO - saving the model at the end of epoch 5, iters 30
2021-06-07 03:04:18,807 - utils.logger - INFO - End of training epoch 5 / 50 	 Time Taken: 2 sec, Data loading: 0 sec
2021-06-07 03:04:18,807 - utils.logger - INFO - learning rate = 0.0000100
2021-06-07 03:04:20,551 - utils.logger - INFO - Trn result of epoch 5 / 50 mse 0.0408 rmse 0.2019 pcc 0.3755 ccc 0.1018
2021-06-07 03:04:20,939 - utils.logger - INFO - Val result of epoch 5 / 50 mse 0.0349 rmse 0.1867 pcc 0.3172 ccc 0.1091
2021-06-07 03:04:21,584 - utils.logger - INFO - Cur epoch 6 loss MSE:0.0437
2021-06-07 03:04:22,257 - utils.logger - INFO - Cur epoch 6 loss MSE:0.3446
2021-06-07 03:04:22,772 - utils.logger - INFO - Cur epoch 6 loss MSE:0.3296
2021-06-07 03:04:22,772 - utils.logger - INFO - saving the model at the end of epoch 6, iters 36
2021-06-07 03:04:23,320 - utils.logger - INFO - End of training epoch 6 / 50 	 Time Taken: 2 sec, Data loading: 0 sec
2021-06-07 03:04:23,320 - utils.logger - INFO - learning rate = 0.0000100
2021-06-07 03:04:24,346 - utils.logger - INFO - Trn result of epoch 6 / 50 mse 0.0399 rmse 0.1998 pcc 0.4023 ccc 0.1219
2021-06-07 03:04:24,767 - utils.logger - INFO - Val result of epoch 6 / 50 mse 0.0346 rmse 0.1861 pcc 0.3196 ccc 0.1208
2021-06-07 03:04:25,436 - utils.logger - INFO - Cur epoch 7 loss MSE:0.5761
2021-06-07 03:04:26,161 - utils.logger - INFO - Cur epoch 7 loss MSE:0.5093
2021-06-07 03:04:26,697 - utils.logger - INFO - Cur epoch 7 loss MSE:4.3563
2021-06-07 03:04:26,697 - utils.logger - INFO - saving the model at the end of epoch 7, iters 42
2021-06-07 03:04:27,236 - utils.logger - INFO - End of training epoch 7 / 50 	 Time Taken: 2 sec, Data loading: 0 sec
2021-06-07 03:04:27,236 - utils.logger - INFO - learning rate = 0.0000100
2021-06-07 03:04:28,186 - utils.logger - INFO - Trn result of epoch 7 / 50 mse 0.0385 rmse 0.1961 pcc 0.4149 ccc 0.1587
2021-06-07 03:04:28,588 - utils.logger - INFO - Val result of epoch 7 / 50 mse 0.0341 rmse 0.1847 pcc 0.3311 ccc 0.1544
2021-06-07 03:04:29,459 - utils.logger - INFO - Cur epoch 8 loss MSE:0.5644
2021-06-07 03:04:30,178 - utils.logger - INFO - Cur epoch 8 loss MSE:0.0007
2021-06-07 03:04:30,830 - utils.logger - INFO - Cur epoch 8 loss MSE:0.4098
2021-06-07 03:04:30,830 - utils.logger - INFO - saving the model at the end of epoch 8, iters 48
2021-06-07 03:04:31,411 - utils.logger - INFO - End of training epoch 8 / 50 	 Time Taken: 2 sec, Data loading: 0 sec
2021-06-07 03:04:31,411 - utils.logger - INFO - learning rate = 0.0000100
2021-06-07 03:04:32,668 - utils.logger - INFO - Trn result of epoch 8 / 50 mse 0.0375 rmse 0.1937 pcc 0.4488 ccc 0.1829
2021-06-07 03:04:33,006 - utils.logger - INFO - Val result of epoch 8 / 50 mse 0.0340 rmse 0.1845 pcc 0.3339 ccc 0.1639
2021-06-07 03:04:34,818 - utils.logger - INFO - Cur epoch 9 loss MSE:0.5483
2021-06-07 03:04:35,533 - utils.logger - INFO - Cur epoch 9 loss MSE:0.0071
2021-06-07 03:04:36,859 - utils.logger - INFO - Cur epoch 9 loss MSE:0.4815
2021-06-07 03:04:36,859 - utils.logger - INFO - saving the model at the end of epoch 9, iters 54
2021-06-07 03:04:37,432 - utils.logger - INFO - End of training epoch 9 / 50 	 Time Taken: 4 sec, Data loading: 2 sec
2021-06-07 03:04:37,432 - utils.logger - INFO - learning rate = 0.0000100
2021-06-07 03:04:38,922 - utils.logger - INFO - Trn result of epoch 9 / 50 mse 0.0364 rmse 0.1907 pcc 0.4816 ccc 0.2164
2021-06-07 03:04:39,293 - utils.logger - INFO - Val result of epoch 9 / 50 mse 0.0339 rmse 0.1841 pcc 0.3317 ccc 0.1793
2021-06-07 03:04:39,981 - utils.logger - INFO - Cur epoch 10 loss MSE:0.1474
2021-06-07 03:04:40,853 - utils.logger - INFO - Cur epoch 10 loss MSE:0.2114
2021-06-07 03:04:41,400 - utils.logger - INFO - Cur epoch 10 loss MSE:0.0109
2021-06-07 03:04:41,400 - utils.logger - INFO - saving the model at the end of epoch 10, iters 60
2021-06-07 03:04:42,031 - utils.logger - INFO - End of training epoch 10 / 50 	 Time Taken: 2 sec, Data loading: 0 sec
2021-06-07 03:04:42,032 - utils.logger - INFO - learning rate = 0.0000100
2021-06-07 03:04:44,436 - utils.logger - INFO - Trn result of epoch 10 / 50 mse 0.0351 rmse 0.1874 pcc 0.5225 ccc 0.2488
2021-06-07 03:04:45,100 - utils.logger - INFO - Val result of epoch 10 / 50 mse 0.0341 rmse 0.1845 pcc 0.3229 ccc 0.1823
2021-06-07 03:04:45,723 - utils.logger - INFO - Cur epoch 11 loss MSE:0.1879
2021-06-07 03:04:46,488 - utils.logger - INFO - Cur epoch 11 loss MSE:2.7491
2021-06-07 03:04:46,964 - utils.logger - INFO - Cur epoch 11 loss MSE:5.8966
2021-06-07 03:04:46,964 - utils.logger - INFO - saving the model at the end of epoch 11, iters 66
2021-06-07 03:04:47,506 - utils.logger - INFO - End of training epoch 11 / 50 	 Time Taken: 2 sec, Data loading: 0 sec
2021-06-07 03:04:47,507 - utils.logger - INFO - learning rate = 0.0000100
2021-06-07 03:04:48,352 - utils.logger - INFO - Trn result of epoch 11 / 50 mse 0.0336 rmse 0.1832 pcc 0.5482 ccc 0.2983
2021-06-07 03:04:48,995 - utils.logger - INFO - Val result of epoch 11 / 50 mse 0.0345 rmse 0.1856 pcc 0.3063 ccc 0.1938
2021-06-07 03:04:49,635 - utils.logger - INFO - Cur epoch 12 loss MSE:0.2546
2021-06-07 03:04:50,964 - utils.logger - INFO - Cur epoch 12 loss MSE:0.0209
2021-06-07 03:04:51,475 - utils.logger - INFO - Cur epoch 12 loss MSE:1.5087
2021-06-07 03:04:51,476 - utils.logger - INFO - saving the model at the end of epoch 12, iters 72
2021-06-07 03:04:52,101 - utils.logger - INFO - End of training epoch 12 / 50 	 Time Taken: 3 sec, Data loading: 1 sec
2021-06-07 03:04:52,102 - utils.logger - INFO - learning rate = 0.0000100
2021-06-07 03:04:53,179 - utils.logger - INFO - Trn result of epoch 12 / 50 mse 0.0315 rmse 0.1774 pcc 0.6020 ccc 0.3497
2021-06-07 03:04:53,574 - utils.logger - INFO - Val result of epoch 12 / 50 mse 0.0346 rmse 0.1860 pcc 0.3053 ccc 0.2004
2021-06-07 03:04:54,287 - utils.logger - INFO - Cur epoch 13 loss MSE:0.1850
2021-06-07 03:04:55,020 - utils.logger - INFO - Cur epoch 13 loss MSE:0.3555
2021-06-07 03:04:55,536 - utils.logger - INFO - Cur epoch 13 loss MSE:1.0551
2021-06-07 03:04:55,537 - utils.logger - INFO - saving the model at the end of epoch 13, iters 78
2021-06-07 03:04:56,473 - utils.logger - INFO - End of training epoch 13 / 50 	 Time Taken: 2 sec, Data loading: 0 sec
2021-06-07 03:04:56,473 - utils.logger - INFO - learning rate = 0.0000100
2021-06-07 03:04:57,618 - utils.logger - INFO - Trn result of epoch 13 / 50 mse 0.0295 rmse 0.1719 pcc 0.6275 ccc 0.4091
2021-06-07 03:04:58,487 - utils.logger - INFO - Val result of epoch 13 / 50 mse 0.0348 rmse 0.1865 pcc 0.3124 ccc 0.2283
2021-06-07 03:04:59,517 - utils.logger - INFO - Cur epoch 14 loss MSE:0.5128
2021-06-07 03:05:00,313 - utils.logger - INFO - Cur epoch 14 loss MSE:0.1723
2021-06-07 03:05:00,797 - utils.logger - INFO - Cur epoch 14 loss MSE:0.8576
2021-06-07 03:05:00,797 - utils.logger - INFO - saving the model at the end of epoch 14, iters 84
2021-06-07 03:05:01,391 - utils.logger - INFO - End of training epoch 14 / 50 	 Time Taken: 2 sec, Data loading: 0 sec
2021-06-07 03:05:01,391 - utils.logger - INFO - learning rate = 0.0000100
2021-06-07 03:05:02,762 - utils.logger - INFO - Trn result of epoch 14 / 50 mse 0.0276 rmse 0.1660 pcc 0.6733 ccc 0.4545
2021-06-07 03:05:03,060 - utils.logger - INFO - Val result of epoch 14 / 50 mse 0.0355 rmse 0.1884 pcc 0.2916 ccc 0.2125
2021-06-07 03:05:03,885 - utils.logger - INFO - Cur epoch 15 loss MSE:0.0592
2021-06-07 03:05:04,645 - utils.logger - INFO - Cur epoch 15 loss MSE:0.0008
2021-06-07 03:05:05,333 - utils.logger - INFO - Cur epoch 15 loss MSE:0.4953
2021-06-07 03:05:05,333 - utils.logger - INFO - saving the model at the end of epoch 15, iters 90
2021-06-07 03:05:05,926 - utils.logger - INFO - End of training epoch 15 / 50 	 Time Taken: 2 sec, Data loading: 0 sec
2021-06-07 03:05:05,926 - utils.logger - INFO - learning rate = 0.0000100
2021-06-07 03:05:07,597 - utils.logger - INFO - Trn result of epoch 15 / 50 mse 0.0252 rmse 0.1586 pcc 0.6992 ccc 0.5512
2021-06-07 03:05:08,003 - utils.logger - INFO - Val result of epoch 15 / 50 mse 0.0376 rmse 0.1940 pcc 0.3027 ccc 0.2523
2021-06-07 03:05:08,637 - utils.logger - INFO - Cur epoch 16 loss MSE:0.0833
2021-06-07 03:05:09,274 - utils.logger - INFO - Cur epoch 16 loss MSE:0.2160
2021-06-07 03:05:09,760 - utils.logger - INFO - Cur epoch 16 loss MSE:1.8199
2021-06-07 03:05:09,761 - utils.logger - INFO - saving the model at the end of epoch 16, iters 96
2021-06-07 03:05:10,309 - utils.logger - INFO - End of training epoch 16 / 50 	 Time Taken: 2 sec, Data loading: 0 sec
2021-06-07 03:05:10,309 - utils.logger - INFO - learning rate = 0.0000100
2021-06-07 03:05:11,764 - utils.logger - INFO - Trn result of epoch 16 / 50 mse 0.0215 rmse 0.1467 pcc 0.7449 ccc 0.6209
2021-06-07 03:05:12,288 - utils.logger - INFO - Val result of epoch 16 / 50 mse 0.0377 rmse 0.1942 pcc 0.2876 ccc 0.2456
2021-06-07 03:05:13,011 - utils.logger - INFO - Cur epoch 17 loss MSE:0.1803
2021-06-07 03:05:13,783 - utils.logger - INFO - Cur epoch 17 loss MSE:0.0807
2021-06-07 03:05:14,322 - utils.logger - INFO - Cur epoch 17 loss MSE:0.9690
2021-06-07 03:05:14,322 - utils.logger - INFO - saving the model at the end of epoch 17, iters 102
2021-06-07 03:05:14,899 - utils.logger - INFO - End of training epoch 17 / 50 	 Time Taken: 2 sec, Data loading: 0 sec
2021-06-07 03:05:14,899 - utils.logger - INFO - learning rate = 0.0000100
2021-06-07 03:05:15,780 - utils.logger - INFO - Trn result of epoch 17 / 50 mse 0.0192 rmse 0.1386 pcc 0.7781 ccc 0.6704
2021-06-07 03:05:16,109 - utils.logger - INFO - Val result of epoch 17 / 50 mse 0.0392 rmse 0.1981 pcc 0.2505 ccc 0.2140
2021-06-07 03:05:16,727 - utils.logger - INFO - Cur epoch 18 loss MSE:0.0086
2021-06-07 03:05:17,379 - utils.logger - INFO - Cur epoch 18 loss MSE:0.1361
2021-06-07 03:05:17,872 - utils.logger - INFO - Cur epoch 18 loss MSE:0.4748
2021-06-07 03:05:17,872 - utils.logger - INFO - saving the model at the end of epoch 18, iters 108
2021-06-07 03:05:18,416 - utils.logger - INFO - End of training epoch 18 / 50 	 Time Taken: 2 sec, Data loading: 0 sec
2021-06-07 03:05:18,416 - utils.logger - INFO - learning rate = 0.0000100
2021-06-07 03:05:19,280 - utils.logger - INFO - Trn result of epoch 18 / 50 mse 0.0209 rmse 0.1444 pcc 0.7880 ccc 0.7018
2021-06-07 03:05:19,595 - utils.logger - INFO - Val result of epoch 18 / 50 mse 0.0439 rmse 0.2094 pcc 0.2937 ccc 0.2671
2021-06-07 03:05:20,241 - utils.logger - INFO - Cur epoch 19 loss MSE:0.2166
2021-06-07 03:05:20,887 - utils.logger - INFO - Cur epoch 19 loss MSE:0.0898
2021-06-07 03:05:21,380 - utils.logger - INFO - Cur epoch 19 loss MSE:2.1470
2021-06-07 03:05:21,380 - utils.logger - INFO - saving the model at the end of epoch 19, iters 114
2021-06-07 03:05:21,968 - utils.logger - INFO - End of training epoch 19 / 50 	 Time Taken: 2 sec, Data loading: 0 sec
2021-06-07 03:05:21,969 - utils.logger - INFO - learning rate = 0.0000100
2021-06-07 03:05:23,810 - utils.logger - INFO - Trn result of epoch 19 / 50 mse 0.0200 rmse 0.1414 pcc 0.7742 ccc 0.6740
2021-06-07 03:05:24,204 - utils.logger - INFO - Val result of epoch 19 / 50 mse 0.0395 rmse 0.1988 pcc 0.3002 ccc 0.2517
2021-06-07 03:05:24,910 - utils.logger - INFO - Cur epoch 20 loss MSE:0.1952
2021-06-07 03:05:25,638 - utils.logger - INFO - Cur epoch 20 loss MSE:0.0054
2021-06-07 03:05:26,179 - utils.logger - INFO - Cur epoch 20 loss MSE:0.2706
2021-06-07 03:05:26,179 - utils.logger - INFO - saving the model at the end of epoch 20, iters 120
2021-06-07 03:05:26,752 - utils.logger - INFO - End of training epoch 20 / 50 	 Time Taken: 2 sec, Data loading: 0 sec
2021-06-07 03:05:26,753 - utils.logger - INFO - learning rate = 0.0000097
2021-06-07 03:05:27,623 - utils.logger - INFO - Trn result of epoch 20 / 50 mse 0.0147 rmse 0.1213 pcc 0.8409 ccc 0.7856
2021-06-07 03:05:27,916 - utils.logger - INFO - Val result of epoch 20 / 50 mse 0.0417 rmse 0.2041 pcc 0.2785 ccc 0.2564
2021-06-07 03:05:28,569 - utils.logger - INFO - Cur epoch 21 loss MSE:0.2082
2021-06-07 03:05:29,213 - utils.logger - INFO - Cur epoch 21 loss MSE:0.0137
2021-06-07 03:05:29,708 - utils.logger - INFO - Cur epoch 21 loss MSE:0.4958
2021-06-07 03:05:29,708 - utils.logger - INFO - saving the model at the end of epoch 21, iters 126
2021-06-07 03:05:30,302 - utils.logger - INFO - End of training epoch 21 / 50 	 Time Taken: 2 sec, Data loading: 0 sec
2021-06-07 03:05:30,302 - utils.logger - INFO - learning rate = 0.0000094
2021-06-07 03:05:31,710 - utils.logger - INFO - Trn result of epoch 21 / 50 mse 0.0124 rmse 0.1113 pcc 0.8517 ccc 0.8217
2021-06-07 03:05:32,116 - utils.logger - INFO - Val result of epoch 21 / 50 mse 0.0408 rmse 0.2019 pcc 0.2962 ccc 0.2729
2021-06-07 03:05:32,825 - utils.logger - INFO - Cur epoch 22 loss MSE:0.0173
2021-06-07 03:05:33,568 - utils.logger - INFO - Cur epoch 22 loss MSE:0.0397
2021-06-07 03:05:34,153 - utils.logger - INFO - Cur epoch 22 loss MSE:3.6296
2021-06-07 03:05:34,154 - utils.logger - INFO - saving the model at the end of epoch 22, iters 132
2021-06-07 03:05:34,731 - utils.logger - INFO - End of training epoch 22 / 50 	 Time Taken: 2 sec, Data loading: 0 sec
2021-06-07 03:05:34,731 - utils.logger - INFO - learning rate = 0.0000090
2021-06-07 03:05:35,607 - utils.logger - INFO - Trn result of epoch 22 / 50 mse 0.0117 rmse 0.1084 pcc 0.8818 ccc 0.8393
2021-06-07 03:05:35,898 - utils.logger - INFO - Val result of epoch 22 / 50 mse 0.0415 rmse 0.2037 pcc 0.3297 ccc 0.3097
2021-06-07 03:05:36,530 - utils.logger - INFO - Cur epoch 23 loss MSE:0.0223
2021-06-07 03:05:37,158 - utils.logger - INFO - Cur epoch 23 loss MSE:0.0393
2021-06-07 03:05:37,666 - utils.logger - INFO - Cur epoch 23 loss MSE:0.1310
2021-06-07 03:05:37,667 - utils.logger - INFO - saving the model at the end of epoch 23, iters 138
2021-06-07 03:05:38,221 - utils.logger - INFO - End of training epoch 23 / 50 	 Time Taken: 2 sec, Data loading: 0 sec
2021-06-07 03:05:38,221 - utils.logger - INFO - learning rate = 0.0000087
2021-06-07 03:05:39,318 - utils.logger - INFO - Trn result of epoch 23 / 50 mse 0.0091 rmse 0.0955 pcc 0.8947 ccc 0.8772
2021-06-07 03:05:39,723 - utils.logger - INFO - Val result of epoch 23 / 50 mse 0.0397 rmse 0.1992 pcc 0.3394 ccc 0.3245
2021-06-07 03:05:40,350 - utils.logger - INFO - Cur epoch 24 loss MSE:0.0383
2021-06-07 03:05:41,012 - utils.logger - INFO - Cur epoch 24 loss MSE:0.0242
2021-06-07 03:05:41,499 - utils.logger - INFO - Cur epoch 24 loss MSE:0.5650
2021-06-07 03:05:41,499 - utils.logger - INFO - saving the model at the end of epoch 24, iters 144
2021-06-07 03:05:42,091 - utils.logger - INFO - End of training epoch 24 / 50 	 Time Taken: 2 sec, Data loading: 0 sec
2021-06-07 03:05:42,092 - utils.logger - INFO - learning rate = 0.0000084
2021-06-07 03:05:43,391 - utils.logger - INFO - Trn result of epoch 24 / 50 mse 0.0098 rmse 0.0990 pcc 0.8970 ccc 0.8625
2021-06-07 03:05:43,687 - utils.logger - INFO - Val result of epoch 24 / 50 mse 0.0407 rmse 0.2017 pcc 0.2704 ccc 0.2388
2021-06-07 03:05:44,524 - utils.logger - INFO - Cur epoch 25 loss MSE:0.0546
2021-06-07 03:05:45,292 - utils.logger - INFO - Cur epoch 25 loss MSE:0.0356
2021-06-07 03:05:45,847 - utils.logger - INFO - Cur epoch 25 loss MSE:0.7018
2021-06-07 03:05:45,847 - utils.logger - INFO - saving the model at the end of epoch 25, iters 150
2021-06-07 03:05:46,432 - utils.logger - INFO - End of training epoch 25 / 50 	 Time Taken: 2 sec, Data loading: 0 sec
2021-06-07 03:05:46,432 - utils.logger - INFO - learning rate = 0.0000081
2021-06-07 03:05:47,545 - utils.logger - INFO - Trn result of epoch 25 / 50 mse 0.0092 rmse 0.0959 pcc 0.8996 ccc 0.8829
2021-06-07 03:05:47,984 - utils.logger - INFO - Val result of epoch 25 / 50 mse 0.0460 rmse 0.2145 pcc 0.2558 ccc 0.2323
2021-06-07 03:05:48,664 - utils.logger - INFO - Cur epoch 26 loss MSE:0.0578
2021-06-07 03:05:49,347 - utils.logger - INFO - Cur epoch 26 loss MSE:0.0264
2021-06-07 03:05:50,557 - utils.logger - INFO - Cur epoch 26 loss MSE:0.2323
2021-06-07 03:05:50,557 - utils.logger - INFO - saving the model at the end of epoch 26, iters 156
2021-06-07 03:05:51,150 - utils.logger - INFO - End of training epoch 26 / 50 	 Time Taken: 3 sec, Data loading: 1 sec
2021-06-07 03:05:51,150 - utils.logger - INFO - learning rate = 0.0000077
2021-06-07 03:05:52,060 - utils.logger - INFO - Trn result of epoch 26 / 50 mse 0.0066 rmse 0.0810 pcc 0.9259 ccc 0.9125
2021-06-07 03:05:52,464 - utils.logger - INFO - Val result of epoch 26 / 50 mse 0.0388 rmse 0.1969 pcc 0.3272 ccc 0.3049
2021-06-07 03:05:53,203 - utils.logger - INFO - Cur epoch 27 loss MSE:0.0139
2021-06-07 03:05:53,947 - utils.logger - INFO - Cur epoch 27 loss MSE:0.0268
2021-06-07 03:05:54,468 - utils.logger - INFO - Cur epoch 27 loss MSE:0.0704
2021-06-07 03:05:54,468 - utils.logger - INFO - saving the model at the end of epoch 27, iters 162
2021-06-07 03:05:55,007 - utils.logger - INFO - End of training epoch 27 / 50 	 Time Taken: 2 sec, Data loading: 0 sec
2021-06-07 03:05:55,007 - utils.logger - INFO - learning rate = 0.0000074
2021-06-07 03:05:55,849 - utils.logger - INFO - Trn result of epoch 27 / 50 mse 0.0070 rmse 0.0835 pcc 0.9260 ccc 0.9103
2021-06-07 03:05:56,142 - utils.logger - INFO - Val result of epoch 27 / 50 mse 0.0414 rmse 0.2034 pcc 0.2976 ccc 0.2734
2021-06-07 03:05:56,789 - utils.logger - INFO - Cur epoch 28 loss MSE:0.0058
2021-06-07 03:05:57,462 - utils.logger - INFO - Cur epoch 28 loss MSE:0.0461
2021-06-07 03:05:58,005 - utils.logger - INFO - Cur epoch 28 loss MSE:0.2397
2021-06-07 03:05:58,005 - utils.logger - INFO - saving the model at the end of epoch 28, iters 168
2021-06-07 03:05:58,608 - utils.logger - INFO - End of training epoch 28 / 50 	 Time Taken: 2 sec, Data loading: 0 sec
2021-06-07 03:05:58,608 - utils.logger - INFO - learning rate = 0.0000071
2021-06-07 03:05:59,629 - utils.logger - INFO - Trn result of epoch 28 / 50 mse 0.0076 rmse 0.0870 pcc 0.9280 ccc 0.9033
2021-06-07 03:06:00,006 - utils.logger - INFO - Val result of epoch 28 / 50 mse 0.0415 rmse 0.2036 pcc 0.3077 ccc 0.2766
2021-06-07 03:06:00,650 - utils.logger - INFO - Cur epoch 29 loss MSE:0.0533
2021-06-07 03:06:01,262 - utils.logger - INFO - Cur epoch 29 loss MSE:0.0042
2021-06-07 03:06:01,737 - utils.logger - INFO - Cur epoch 29 loss MSE:0.4303
2021-06-07 03:06:01,737 - utils.logger - INFO - saving the model at the end of epoch 29, iters 174
2021-06-07 03:06:02,333 - utils.logger - INFO - End of training epoch 29 / 50 	 Time Taken: 2 sec, Data loading: 0 sec
2021-06-07 03:06:02,333 - utils.logger - INFO - learning rate = 0.0000068
2021-06-07 03:06:03,241 - utils.logger - INFO - Trn result of epoch 29 / 50 mse 0.0059 rmse 0.0766 pcc 0.9398 ccc 0.9258
2021-06-07 03:06:03,665 - utils.logger - INFO - Val result of epoch 29 / 50 mse 0.0406 rmse 0.2014 pcc 0.3153 ccc 0.2891
2021-06-07 03:06:04,381 - utils.logger - INFO - Cur epoch 30 loss MSE:0.0060
2021-06-07 03:06:05,094 - utils.logger - INFO - Cur epoch 30 loss MSE:0.0252
2021-06-07 03:06:05,644 - utils.logger - INFO - Cur epoch 30 loss MSE:0.2154
2021-06-07 03:06:05,644 - utils.logger - INFO - saving the model at the end of epoch 30, iters 180
2021-06-07 03:06:06,221 - utils.logger - INFO - End of training epoch 30 / 50 	 Time Taken: 2 sec, Data loading: 0 sec
2021-06-07 03:06:06,221 - utils.logger - INFO - learning rate = 0.0000065
2021-06-07 03:06:07,354 - utils.logger - INFO - Trn result of epoch 30 / 50 mse 0.0052 rmse 0.0718 pcc 0.9477 ccc 0.9337
2021-06-07 03:06:07,772 - utils.logger - INFO - Val result of epoch 30 / 50 mse 0.0390 rmse 0.1975 pcc 0.3394 ccc 0.3115
2021-06-07 03:06:08,405 - utils.logger - INFO - Cur epoch 31 loss MSE:0.0239
2021-06-07 03:06:09,069 - utils.logger - INFO - Cur epoch 31 loss MSE:0.0539
2021-06-07 03:06:09,544 - utils.logger - INFO - Cur epoch 31 loss MSE:0.1383
2021-06-07 03:06:09,545 - utils.logger - INFO - saving the model at the end of epoch 31, iters 186
2021-06-07 03:06:10,124 - utils.logger - INFO - End of training epoch 31 / 50 	 Time Taken: 2 sec, Data loading: 0 sec
2021-06-07 03:06:10,124 - utils.logger - INFO - learning rate = 0.0000061
2021-06-07 03:06:11,005 - utils.logger - INFO - Trn result of epoch 31 / 50 mse 0.0049 rmse 0.0703 pcc 0.9495 ccc 0.9364
2021-06-07 03:06:11,301 - utils.logger - INFO - Val result of epoch 31 / 50 mse 0.0384 rmse 0.1961 pcc 0.3261 ccc 0.2990
2021-06-07 03:06:11,945 - utils.logger - INFO - Cur epoch 32 loss MSE:0.0350
2021-06-07 03:06:12,569 - utils.logger - INFO - Cur epoch 32 loss MSE:0.0391
2021-06-07 03:06:13,118 - utils.logger - INFO - Cur epoch 32 loss MSE:0.1574
2021-06-07 03:06:13,119 - utils.logger - INFO - saving the model at the end of epoch 32, iters 192
2021-06-07 03:06:13,799 - utils.logger - INFO - End of training epoch 32 / 50 	 Time Taken: 2 sec, Data loading: 0 sec
2021-06-07 03:06:13,799 - utils.logger - INFO - learning rate = 0.0000058
2021-06-07 03:06:15,068 - utils.logger - INFO - Trn result of epoch 32 / 50 mse 0.0044 rmse 0.0665 pcc 0.9563 ccc 0.9447
2021-06-07 03:06:15,450 - utils.logger - INFO - Val result of epoch 32 / 50 mse 0.0394 rmse 0.1986 pcc 0.3468 ccc 0.3194
2021-06-07 03:06:16,070 - utils.logger - INFO - Cur epoch 33 loss MSE:0.0009
2021-06-07 03:06:16,716 - utils.logger - INFO - Cur epoch 33 loss MSE:0.0133
2021-06-07 03:06:17,209 - utils.logger - INFO - Cur epoch 33 loss MSE:0.4599
2021-06-07 03:06:17,210 - utils.logger - INFO - saving the model at the end of epoch 33, iters 198
2021-06-07 03:06:17,791 - utils.logger - INFO - End of training epoch 33 / 50 	 Time Taken: 2 sec, Data loading: 0 sec
2021-06-07 03:06:17,791 - utils.logger - INFO - learning rate = 0.0000055
2021-06-07 03:06:18,685 - utils.logger - INFO - Trn result of epoch 33 / 50 mse 0.0035 rmse 0.0592 pcc 0.9620 ccc 0.9563
2021-06-07 03:06:19,097 - utils.logger - INFO - Val result of epoch 33 / 50 mse 0.0372 rmse 0.1929 pcc 0.3421 ccc 0.3135
2021-06-07 03:06:19,865 - utils.logger - INFO - Cur epoch 34 loss MSE:0.0101
2021-06-07 03:06:20,616 - utils.logger - INFO - Cur epoch 34 loss MSE:0.0587
2021-06-07 03:06:21,165 - utils.logger - INFO - Cur epoch 34 loss MSE:0.1771
2021-06-07 03:06:21,165 - utils.logger - INFO - saving the model at the end of epoch 34, iters 204
2021-06-07 03:06:21,750 - utils.logger - INFO - End of training epoch 34 / 50 	 Time Taken: 2 sec, Data loading: 0 sec
2021-06-07 03:06:21,751 - utils.logger - INFO - learning rate = 0.0000052
2021-06-07 03:06:22,899 - utils.logger - INFO - Trn result of epoch 34 / 50 mse 0.0033 rmse 0.0572 pcc 0.9643 ccc 0.9603
2021-06-07 03:06:23,309 - utils.logger - INFO - Val result of epoch 34 / 50 mse 0.0393 rmse 0.1984 pcc 0.3397 ccc 0.3182
2021-06-07 03:06:24,083 - utils.logger - INFO - Cur epoch 35 loss MSE:0.0825
2021-06-07 03:06:24,839 - utils.logger - INFO - Cur epoch 35 loss MSE:0.0077
2021-06-07 03:06:25,385 - utils.logger - INFO - Cur epoch 35 loss MSE:0.2757
2021-06-07 03:06:25,385 - utils.logger - INFO - saving the model at the end of epoch 35, iters 210
2021-06-07 03:06:25,962 - utils.logger - INFO - End of training epoch 35 / 50 	 Time Taken: 2 sec, Data loading: 0 sec
2021-06-07 03:06:25,962 - utils.logger - INFO - learning rate = 0.0000048
2021-06-07 03:06:26,852 - utils.logger - INFO - Trn result of epoch 35 / 50 mse 0.0031 rmse 0.0555 pcc 0.9645 ccc 0.9632
2021-06-07 03:06:27,433 - utils.logger - INFO - Val result of epoch 35 / 50 mse 0.0379 rmse 0.1948 pcc 0.3546 ccc 0.3345
2021-06-07 03:06:28,138 - utils.logger - INFO - Cur epoch 36 loss MSE:0.0620
2021-06-07 03:06:28,828 - utils.logger - INFO - Cur epoch 36 loss MSE:0.0177
2021-06-07 03:06:29,301 - utils.logger - INFO - Cur epoch 36 loss MSE:0.2009
2021-06-07 03:06:29,301 - utils.logger - INFO - saving the model at the end of epoch 36, iters 216
2021-06-07 03:06:29,879 - utils.logger - INFO - End of training epoch 36 / 50 	 Time Taken: 2 sec, Data loading: 0 sec
2021-06-07 03:06:29,879 - utils.logger - INFO - learning rate = 0.0000045
2021-06-07 03:06:30,778 - utils.logger - INFO - Trn result of epoch 36 / 50 mse 0.0046 rmse 0.0680 pcc 0.9610 ccc 0.9440
2021-06-07 03:06:31,069 - utils.logger - INFO - Val result of epoch 36 / 50 mse 0.0413 rmse 0.2033 pcc 0.3062 ccc 0.2806
2021-06-07 03:06:31,685 - utils.logger - INFO - Cur epoch 37 loss MSE:0.0063
2021-06-07 03:06:32,329 - utils.logger - INFO - Cur epoch 37 loss MSE:0.0162
2021-06-07 03:06:32,836 - utils.logger - INFO - Cur epoch 37 loss MSE:0.3748
2021-06-07 03:06:32,836 - utils.logger - INFO - saving the model at the end of epoch 37, iters 222
2021-06-07 03:06:33,372 - utils.logger - INFO - End of training epoch 37 / 50 	 Time Taken: 2 sec, Data loading: 0 sec
2021-06-07 03:06:33,373 - utils.logger - INFO - learning rate = 0.0000042
2021-06-07 03:06:34,489 - utils.logger - INFO - Trn result of epoch 37 / 50 mse 0.0046 rmse 0.0681 pcc 0.9618 ccc 0.9458
2021-06-07 03:06:34,903 - utils.logger - INFO - Val result of epoch 37 / 50 mse 0.0411 rmse 0.2027 pcc 0.3535 ccc 0.3256
2021-06-07 03:06:35,546 - utils.logger - INFO - Cur epoch 38 loss MSE:0.0318
2021-06-07 03:06:36,205 - utils.logger - INFO - Cur epoch 38 loss MSE:0.0269
2021-06-07 03:06:36,710 - utils.logger - INFO - Cur epoch 38 loss MSE:0.0733
2021-06-07 03:06:36,710 - utils.logger - INFO - saving the model at the end of epoch 38, iters 228
2021-06-07 03:06:37,281 - utils.logger - INFO - End of training epoch 38 / 50 	 Time Taken: 2 sec, Data loading: 0 sec
2021-06-07 03:06:37,281 - utils.logger - INFO - learning rate = 0.0000039
2021-06-07 03:06:38,170 - utils.logger - INFO - Trn result of epoch 38 / 50 mse 0.0025 rmse 0.0502 pcc 0.9727 ccc 0.9688
2021-06-07 03:06:38,465 - utils.logger - INFO - Val result of epoch 38 / 50 mse 0.0379 rmse 0.1946 pcc 0.3430 ccc 0.3184
2021-06-07 03:06:39,117 - utils.logger - INFO - Cur epoch 39 loss MSE:0.0231
2021-06-07 03:06:39,781 - utils.logger - INFO - Cur epoch 39 loss MSE:0.0068
2021-06-07 03:06:40,271 - utils.logger - INFO - Cur epoch 39 loss MSE:0.1230
2021-06-07 03:06:40,272 - utils.logger - INFO - saving the model at the end of epoch 39, iters 234
2021-06-07 03:06:40,859 - utils.logger - INFO - End of training epoch 39 / 50 	 Time Taken: 2 sec, Data loading: 0 sec
2021-06-07 03:06:40,859 - utils.logger - INFO - learning rate = 0.0000035
2021-06-07 03:06:41,975 - utils.logger - INFO - Trn result of epoch 39 / 50 mse 0.0024 rmse 0.0489 pcc 0.9727 ccc 0.9716
2021-06-07 03:06:42,373 - utils.logger - INFO - Val result of epoch 39 / 50 mse 0.0387 rmse 0.1968 pcc 0.3432 ccc 0.3229
2021-06-07 03:06:43,414 - utils.logger - INFO - Cur epoch 40 loss MSE:0.0370
2021-06-07 03:06:44,063 - utils.logger - INFO - Cur epoch 40 loss MSE:0.0247
2021-06-07 03:06:44,543 - utils.logger - INFO - Cur epoch 40 loss MSE:0.1440
2021-06-07 03:06:44,543 - utils.logger - INFO - saving the model at the end of epoch 40, iters 240
2021-06-07 03:06:45,136 - utils.logger - INFO - End of training epoch 40 / 50 	 Time Taken: 2 sec, Data loading: 0 sec
2021-06-07 03:06:45,137 - utils.logger - INFO - learning rate = 0.0000032
2021-06-07 03:06:46,036 - utils.logger - INFO - Trn result of epoch 40 / 50 mse 0.0022 rmse 0.0472 pcc 0.9751 ccc 0.9737
2021-06-07 03:06:46,336 - utils.logger - INFO - Val result of epoch 40 / 50 mse 0.0394 rmse 0.1986 pcc 0.3381 ccc 0.3188
2021-06-07 03:06:46,970 - utils.logger - INFO - Cur epoch 41 loss MSE:0.0428
2021-06-07 03:06:47,695 - utils.logger - INFO - Cur epoch 41 loss MSE:0.0181
2021-06-07 03:06:48,230 - utils.logger - INFO - Cur epoch 41 loss MSE:0.2565
2021-06-07 03:06:48,230 - utils.logger - INFO - saving the model at the end of epoch 41, iters 246
2021-06-07 03:06:48,990 - utils.logger - INFO - End of training epoch 41 / 50 	 Time Taken: 2 sec, Data loading: 0 sec
2021-06-07 03:06:48,991 - utils.logger - INFO - learning rate = 0.0000029
2021-06-07 03:06:49,978 - utils.logger - INFO - Trn result of epoch 41 / 50 mse 0.0031 rmse 0.0554 pcc 0.9707 ccc 0.9642
2021-06-07 03:06:50,354 - utils.logger - INFO - Val result of epoch 41 / 50 mse 0.0400 rmse 0.1999 pcc 0.3627 ccc 0.3399
2021-06-07 03:06:50,971 - utils.logger - INFO - Cur epoch 42 loss MSE:0.0005
2021-06-07 03:06:51,607 - utils.logger - INFO - Cur epoch 42 loss MSE:0.0050
2021-06-07 03:06:52,075 - utils.logger - INFO - Cur epoch 42 loss MSE:0.1213
2021-06-07 03:06:52,075 - utils.logger - INFO - saving the model at the end of epoch 42, iters 252
2021-06-07 03:06:52,714 - utils.logger - INFO - End of training epoch 42 / 50 	 Time Taken: 2 sec, Data loading: 0 sec
2021-06-07 03:06:52,715 - utils.logger - INFO - learning rate = 0.0000026
2021-06-07 03:06:53,590 - utils.logger - INFO - Trn result of epoch 42 / 50 mse 0.0025 rmse 0.0497 pcc 0.9748 ccc 0.9702
2021-06-07 03:06:53,973 - utils.logger - INFO - Val result of epoch 42 / 50 mse 0.0393 rmse 0.1983 pcc 0.3319 ccc 0.3131
2021-06-07 03:06:54,709 - utils.logger - INFO - Cur epoch 43 loss MSE:0.0335
2021-06-07 03:06:55,406 - utils.logger - INFO - Cur epoch 43 loss MSE:0.3034
2021-06-07 03:06:56,002 - utils.logger - INFO - Cur epoch 43 loss MSE:0.1924
2021-06-07 03:06:56,002 - utils.logger - INFO - saving the model at the end of epoch 43, iters 258
2021-06-07 03:06:56,509 - utils.logger - INFO - End of training epoch 43 / 50 	 Time Taken: 2 sec, Data loading: 0 sec
2021-06-07 03:06:56,509 - utils.logger - INFO - learning rate = 0.0000023
2021-06-07 03:06:57,361 - utils.logger - INFO - Trn result of epoch 43 / 50 mse 0.0021 rmse 0.0456 pcc 0.9769 ccc 0.9753
2021-06-07 03:06:57,672 - utils.logger - INFO - Val result of epoch 43 / 50 mse 0.0382 rmse 0.1954 pcc 0.3558 ccc 0.3376
2021-06-07 03:06:58,304 - utils.logger - INFO - Cur epoch 44 loss MSE:0.0016
2021-06-07 03:06:58,968 - utils.logger - INFO - Cur epoch 44 loss MSE:0.0426
2021-06-07 03:06:59,503 - utils.logger - INFO - Cur epoch 44 loss MSE:0.1422
2021-06-07 03:06:59,504 - utils.logger - INFO - saving the model at the end of epoch 44, iters 264
2021-06-07 03:07:00,080 - utils.logger - INFO - End of training epoch 44 / 50 	 Time Taken: 2 sec, Data loading: 0 sec
2021-06-07 03:07:00,080 - utils.logger - INFO - learning rate = 0.0000019
2021-06-07 03:07:01,197 - utils.logger - INFO - Trn result of epoch 44 / 50 mse 0.0019 rmse 0.0436 pcc 0.9788 ccc 0.9772
2021-06-07 03:07:01,576 - utils.logger - INFO - Val result of epoch 44 / 50 mse 0.0380 rmse 0.1948 pcc 0.3519 ccc 0.3282
2021-06-07 03:07:02,214 - utils.logger - INFO - Cur epoch 45 loss MSE:0.0088
2021-06-07 03:07:02,954 - utils.logger - INFO - Cur epoch 45 loss MSE:0.0076
2021-06-07 03:07:03,499 - utils.logger - INFO - Cur epoch 45 loss MSE:0.0493
2021-06-07 03:07:03,571 - utils.logger - INFO - saving the model at the end of epoch 45, iters 270
2021-06-07 03:07:04,087 - utils.logger - INFO - End of training epoch 45 / 50 	 Time Taken: 2 sec, Data loading: 0 sec
2021-06-07 03:07:04,087 - utils.logger - INFO - learning rate = 0.0000016
2021-06-07 03:07:05,051 - utils.logger - INFO - Trn result of epoch 45 / 50 mse 0.0021 rmse 0.0461 pcc 0.9773 ccc 0.9738
2021-06-07 03:07:05,438 - utils.logger - INFO - Val result of epoch 45 / 50 mse 0.0373 rmse 0.1931 pcc 0.3601 ccc 0.3346
2021-06-07 03:07:06,117 - utils.logger - INFO - Cur epoch 46 loss MSE:0.0182
2021-06-07 03:07:06,860 - utils.logger - INFO - Cur epoch 46 loss MSE:0.0371
2021-06-07 03:07:07,394 - utils.logger - INFO - Cur epoch 46 loss MSE:0.0055
2021-06-07 03:07:07,394 - utils.logger - INFO - saving the model at the end of epoch 46, iters 276
2021-06-07 03:07:07,970 - utils.logger - INFO - End of training epoch 46 / 50 	 Time Taken: 2 sec, Data loading: 0 sec
2021-06-07 03:07:07,970 - utils.logger - INFO - learning rate = 0.0000013
2021-06-07 03:07:08,957 - utils.logger - INFO - Trn result of epoch 46 / 50 mse 0.0019 rmse 0.0437 pcc 0.9791 ccc 0.9768
2021-06-07 03:07:09,559 - utils.logger - INFO - Val result of epoch 46 / 50 mse 0.0382 rmse 0.1955 pcc 0.3484 ccc 0.3279
2021-06-07 03:07:10,275 - utils.logger - INFO - Cur epoch 47 loss MSE:0.0314
2021-06-07 03:07:11,007 - utils.logger - INFO - Cur epoch 47 loss MSE:0.0390
2021-06-07 03:07:11,537 - utils.logger - INFO - Cur epoch 47 loss MSE:0.1002
2021-06-07 03:07:11,537 - utils.logger - INFO - saving the model at the end of epoch 47, iters 282
2021-06-07 03:07:12,112 - utils.logger - INFO - End of training epoch 47 / 50 	 Time Taken: 2 sec, Data loading: 0 sec
2021-06-07 03:07:12,112 - utils.logger - INFO - learning rate = 0.0000010
2021-06-07 03:07:13,030 - utils.logger - INFO - Trn result of epoch 47 / 50 mse 0.0019 rmse 0.0441 pcc 0.9784 ccc 0.9766
2021-06-07 03:07:13,433 - utils.logger - INFO - Val result of epoch 47 / 50 mse 0.0379 rmse 0.1947 pcc 0.3513 ccc 0.3289
2021-06-07 03:07:14,067 - utils.logger - INFO - Cur epoch 48 loss MSE:0.0178
2021-06-07 03:07:14,740 - utils.logger - INFO - Cur epoch 48 loss MSE:0.0115
2021-06-07 03:07:15,228 - utils.logger - INFO - Cur epoch 48 loss MSE:0.1261
2021-06-07 03:07:15,229 - utils.logger - INFO - saving the model at the end of epoch 48, iters 288
2021-06-07 03:07:15,803 - utils.logger - INFO - End of training epoch 48 / 50 	 Time Taken: 2 sec, Data loading: 0 sec
2021-06-07 03:07:15,803 - utils.logger - INFO - learning rate = 0.0000006
2021-06-07 03:07:16,905 - utils.logger - INFO - Trn result of epoch 48 / 50 mse 0.0018 rmse 0.0423 pcc 0.9805 ccc 0.9784
2021-06-07 03:07:17,231 - utils.logger - INFO - Val result of epoch 48 / 50 mse 0.0380 rmse 0.1950 pcc 0.3419 ccc 0.3185
2021-06-07 03:07:17,861 - utils.logger - INFO - Cur epoch 49 loss MSE:0.0396
2021-06-07 03:07:18,505 - utils.logger - INFO - Cur epoch 49 loss MSE:0.0334
2021-06-07 03:07:18,978 - utils.logger - INFO - Cur epoch 49 loss MSE:0.1802
2021-06-07 03:07:18,978 - utils.logger - INFO - saving the model at the end of epoch 49, iters 294
2021-06-07 03:07:19,704 - utils.logger - INFO - End of training epoch 49 / 50 	 Time Taken: 2 sec, Data loading: 0 sec
2021-06-07 03:07:19,705 - utils.logger - INFO - learning rate = 0.0000003
2021-06-07 03:07:20,970 - utils.logger - INFO - Trn result of epoch 49 / 50 mse 0.0019 rmse 0.0436 pcc 0.9787 ccc 0.9772
2021-06-07 03:07:21,319 - utils.logger - INFO - Val result of epoch 49 / 50 mse 0.0379 rmse 0.1947 pcc 0.3524 ccc 0.3306
2021-06-07 03:07:22,032 - utils.logger - INFO - Cur epoch 50 loss MSE:0.0333
2021-06-07 03:07:22,752 - utils.logger - INFO - Cur epoch 50 loss MSE:0.0295
2021-06-07 03:07:23,288 - utils.logger - INFO - Cur epoch 50 loss MSE:0.2375
2021-06-07 03:07:23,288 - utils.logger - INFO - saving the model at the end of epoch 50, iters 300
2021-06-07 03:07:24,085 - utils.logger - INFO - End of training epoch 50 / 50 	 Time Taken: 2 sec, Data loading: 0 sec
2021-06-07 03:07:24,085 - utils.logger - INFO - learning rate = 0.0000000
2021-06-07 03:07:25,615 - utils.logger - INFO - Trn result of epoch 50 / 50 mse 0.0017 rmse 0.0418 pcc 0.9803 ccc 0.9793
2021-06-07 03:07:25,992 - utils.logger - INFO - Val result of epoch 50 / 50 mse 0.0382 rmse 0.1954 pcc 0.3476 ccc 0.3265
2021-06-07 03:07:25,992 - utils.logger - INFO - Best eval epoch 41 found with ccc 0.339926
2021-06-07 03:07:25,992 - utils.logger - INFO - baseline_earlyfusion_norm_deepspectrum-egemaps_valence_hidden1024_seq100_run1
