2021-06-19 16:51:57,371 - utils.logger - INFO - The number of training samples = 41
2021-06-19 16:52:00,020 - utils.logger - INFO - Cur epoch 1 loss ccc:0.1331
2021-06-19 16:52:00,447 - utils.logger - INFO - Cur epoch 1 loss ccc:0.1253
2021-06-19 16:52:00,828 - utils.logger - INFO - Cur epoch 1 loss ccc:1.0044
2021-06-19 16:52:00,829 - utils.logger - INFO - saving the model at the end of epoch 1, iters 6
2021-06-19 16:52:01,103 - utils.logger - INFO - End of training epoch 1 / 80 	 Time Taken: 1 sec, Data loading: 0 sec
2021-06-19 16:52:01,103 - utils.logger - INFO - learning rate = 0.0005000
2021-06-19 16:52:01,545 - utils.logger - INFO - Trn result of epoch 1 / 80 mse 0.0516 rmse 0.2273 pcc 0.1584 ccc 0.0112
2021-06-19 16:52:01,867 - utils.logger - INFO - Val result of epoch 1 / 80 mse 0.0505 rmse 0.2247 pcc 0.2138 ccc 0.0147
2021-06-19 16:52:02,311 - utils.logger - INFO - Cur epoch 2 loss ccc:0.1269
2021-06-19 16:52:02,733 - utils.logger - INFO - Cur epoch 2 loss ccc:0.1251
2021-06-19 16:52:03,074 - utils.logger - INFO - Cur epoch 2 loss ccc:1.0196
2021-06-19 16:52:03,075 - utils.logger - INFO - saving the model at the end of epoch 2, iters 12
2021-06-19 16:52:03,344 - utils.logger - INFO - End of training epoch 2 / 80 	 Time Taken: 1 sec, Data loading: 0 sec
2021-06-19 16:52:03,344 - utils.logger - INFO - learning rate = 0.0005000
2021-06-19 16:52:03,963 - utils.logger - INFO - Trn result of epoch 2 / 80 mse 0.1180 rmse 0.3436 pcc -0.0530 ccc -0.0036
2021-06-19 16:52:04,119 - utils.logger - INFO - Val result of epoch 2 / 80 mse 0.1270 rmse 0.3564 pcc -0.1079 ccc -0.0060
2021-06-19 16:52:04,501 - utils.logger - INFO - Cur epoch 3 loss ccc:0.1163
2021-06-19 16:52:04,897 - utils.logger - INFO - Cur epoch 3 loss ccc:0.1248
2021-06-19 16:52:05,233 - utils.logger - INFO - Cur epoch 3 loss ccc:1.0013
2021-06-19 16:52:05,234 - utils.logger - INFO - saving the model at the end of epoch 3, iters 18
2021-06-19 16:52:05,483 - utils.logger - INFO - End of training epoch 3 / 80 	 Time Taken: 1 sec, Data loading: 0 sec
2021-06-19 16:52:05,483 - utils.logger - INFO - learning rate = 0.0005000
2021-06-19 16:52:05,892 - utils.logger - INFO - Trn result of epoch 3 / 80 mse 0.1088 rmse 0.3299 pcc -0.1026 ccc -0.0113
2021-06-19 16:52:06,032 - utils.logger - INFO - Val result of epoch 3 / 80 mse 0.1180 rmse 0.3435 pcc -0.1808 ccc -0.0169
2021-06-19 16:52:06,434 - utils.logger - INFO - Cur epoch 4 loss ccc:0.1036
2021-06-19 16:52:06,822 - utils.logger - INFO - Cur epoch 4 loss ccc:0.1250
2021-06-19 16:52:07,135 - utils.logger - INFO - Cur epoch 4 loss ccc:1.0004
2021-06-19 16:52:07,135 - utils.logger - INFO - saving the model at the end of epoch 4, iters 24
2021-06-19 16:52:07,566 - utils.logger - INFO - End of training epoch 4 / 80 	 Time Taken: 1 sec, Data loading: 0 sec
2021-06-19 16:52:07,567 - utils.logger - INFO - learning rate = 0.0005000
2021-06-19 16:52:07,975 - utils.logger - INFO - Trn result of epoch 4 / 80 mse 0.0796 rmse 0.2822 pcc 0.0261 ccc 0.0023
2021-06-19 16:52:08,117 - utils.logger - INFO - Val result of epoch 4 / 80 mse 0.0840 rmse 0.2899 pcc -0.0098 ccc -0.0007
2021-06-19 16:52:08,526 - utils.logger - INFO - Cur epoch 5 loss ccc:0.1193
2021-06-19 16:52:08,962 - utils.logger - INFO - Cur epoch 5 loss ccc:0.1229
2021-06-19 16:52:09,342 - utils.logger - INFO - Cur epoch 5 loss ccc:1.0048
2021-06-19 16:52:09,343 - utils.logger - INFO - saving the model at the end of epoch 5, iters 30
2021-06-19 16:52:09,601 - utils.logger - INFO - End of training epoch 5 / 80 	 Time Taken: 1 sec, Data loading: 0 sec
2021-06-19 16:52:09,601 - utils.logger - INFO - learning rate = 0.0005000
2021-06-19 16:52:10,031 - utils.logger - INFO - Trn result of epoch 5 / 80 mse 0.2848 rmse 0.5337 pcc 0.1332 ccc 0.0069
2021-06-19 16:52:10,328 - utils.logger - INFO - Val result of epoch 5 / 80 mse 0.3017 rmse 0.5493 pcc 0.1716 ccc 0.0077
2021-06-19 16:52:10,751 - utils.logger - INFO - Cur epoch 6 loss ccc:0.1334
2021-06-19 16:52:11,167 - utils.logger - INFO - Cur epoch 6 loss ccc:0.1250
2021-06-19 16:52:11,512 - utils.logger - INFO - Cur epoch 6 loss ccc:1.0055
2021-06-19 16:52:11,512 - utils.logger - INFO - saving the model at the end of epoch 6, iters 36
2021-06-19 16:52:11,746 - utils.logger - INFO - End of training epoch 6 / 80 	 Time Taken: 1 sec, Data loading: 0 sec
2021-06-19 16:52:11,746 - utils.logger - INFO - learning rate = 0.0005000
2021-06-19 16:52:12,148 - utils.logger - INFO - Trn result of epoch 6 / 80 mse 0.3613 rmse 0.6011 pcc 0.0872 ccc 0.0035
2021-06-19 16:52:12,291 - utils.logger - INFO - Val result of epoch 6 / 80 mse 0.3840 rmse 0.6197 pcc 0.0924 ccc 0.0031
2021-06-19 16:52:12,700 - utils.logger - INFO - Cur epoch 7 loss ccc:0.1340
2021-06-19 16:52:13,132 - utils.logger - INFO - Cur epoch 7 loss ccc:0.1291
2021-06-19 16:52:13,463 - utils.logger - INFO - Cur epoch 7 loss ccc:0.9799
2021-06-19 16:52:13,464 - utils.logger - INFO - saving the model at the end of epoch 7, iters 42
2021-06-19 16:52:13,750 - utils.logger - INFO - End of training epoch 7 / 80 	 Time Taken: 1 sec, Data loading: 0 sec
2021-06-19 16:52:13,750 - utils.logger - INFO - learning rate = 0.0005000
2021-06-19 16:52:14,159 - utils.logger - INFO - Trn result of epoch 7 / 80 mse 0.0839 rmse 0.2897 pcc -0.1913 ccc -0.1117
2021-06-19 16:52:14,298 - utils.logger - INFO - Val result of epoch 7 / 80 mse 0.0720 rmse 0.2684 pcc -0.2343 ccc -0.1654
2021-06-19 16:52:14,713 - utils.logger - INFO - Cur epoch 8 loss ccc:0.1240
2021-06-19 16:52:15,125 - utils.logger - INFO - Cur epoch 8 loss ccc:0.1226
2021-06-19 16:52:15,469 - utils.logger - INFO - Cur epoch 8 loss ccc:1.0025
2021-06-19 16:52:15,470 - utils.logger - INFO - saving the model at the end of epoch 8, iters 48
2021-06-19 16:52:15,741 - utils.logger - INFO - End of training epoch 8 / 80 	 Time Taken: 1 sec, Data loading: 0 sec
2021-06-19 16:52:15,741 - utils.logger - INFO - learning rate = 0.0005000
2021-06-19 16:52:16,241 - utils.logger - INFO - Trn result of epoch 8 / 80 mse 0.0567 rmse 0.2380 pcc -0.1367 ccc -0.0937
2021-06-19 16:52:16,394 - utils.logger - INFO - Val result of epoch 8 / 80 mse 0.0563 rmse 0.2373 pcc -0.1824 ccc -0.1294
2021-06-19 16:52:16,800 - utils.logger - INFO - Cur epoch 9 loss ccc:0.1335
2021-06-19 16:52:17,203 - utils.logger - INFO - Cur epoch 9 loss ccc:0.1101
2021-06-19 16:52:17,545 - utils.logger - INFO - Cur epoch 9 loss ccc:0.9999
2021-06-19 16:52:17,545 - utils.logger - INFO - saving the model at the end of epoch 9, iters 54
2021-06-19 16:52:17,798 - utils.logger - INFO - End of training epoch 9 / 80 	 Time Taken: 1 sec, Data loading: 0 sec
2021-06-19 16:52:17,798 - utils.logger - INFO - learning rate = 0.0005000
2021-06-19 16:52:18,205 - utils.logger - INFO - Trn result of epoch 9 / 80 mse 0.1759 rmse 0.4193 pcc 0.1961 ccc 0.0157
2021-06-19 16:52:18,350 - utils.logger - INFO - Val result of epoch 9 / 80 mse 0.1855 rmse 0.4307 pcc 0.2603 ccc 0.0188
2021-06-19 16:52:18,766 - utils.logger - INFO - Cur epoch 10 loss ccc:0.1264
2021-06-19 16:52:19,180 - utils.logger - INFO - Cur epoch 10 loss ccc:0.1252
2021-06-19 16:52:19,530 - utils.logger - INFO - Cur epoch 10 loss ccc:1.0000
2021-06-19 16:52:19,530 - utils.logger - INFO - saving the model at the end of epoch 10, iters 60
2021-06-19 16:52:19,824 - utils.logger - INFO - End of training epoch 10 / 80 	 Time Taken: 1 sec, Data loading: 0 sec
2021-06-19 16:52:19,824 - utils.logger - INFO - learning rate = 0.0005000
2021-06-19 16:52:20,230 - utils.logger - INFO - Trn result of epoch 10 / 80 mse 0.1221 rmse 0.3494 pcc -0.0992 ccc -0.0419
2021-06-19 16:52:20,367 - utils.logger - INFO - Val result of epoch 10 / 80 mse 0.1376 rmse 0.3710 pcc -0.1403 ccc -0.0514
2021-06-19 16:52:20,759 - utils.logger - INFO - Cur epoch 11 loss ccc:0.1138
2021-06-19 16:52:21,172 - utils.logger - INFO - Cur epoch 11 loss ccc:0.1314
2021-06-19 16:52:21,511 - utils.logger - INFO - Cur epoch 11 loss ccc:0.9931
2021-06-19 16:52:21,512 - utils.logger - INFO - saving the model at the end of epoch 11, iters 66
2021-06-19 16:52:21,768 - utils.logger - INFO - End of training epoch 11 / 80 	 Time Taken: 1 sec, Data loading: 0 sec
2021-06-19 16:52:21,769 - utils.logger - INFO - learning rate = 0.0005000
2021-06-19 16:52:22,178 - utils.logger - INFO - Trn result of epoch 11 / 80 mse 0.1003 rmse 0.3167 pcc -0.0257 ccc -0.0105
2021-06-19 16:52:22,317 - utils.logger - INFO - Val result of epoch 11 / 80 mse 0.1082 rmse 0.3289 pcc -0.0428 ccc -0.0151
2021-06-19 16:52:22,713 - utils.logger - INFO - Cur epoch 12 loss ccc:0.1310
2021-06-19 16:52:23,121 - utils.logger - INFO - Cur epoch 12 loss ccc:0.1105
2021-06-19 16:52:23,456 - utils.logger - INFO - Cur epoch 12 loss ccc:1.0000
2021-06-19 16:52:23,457 - utils.logger - INFO - saving the model at the end of epoch 12, iters 72
2021-06-19 16:52:23,698 - utils.logger - INFO - End of training epoch 12 / 80 	 Time Taken: 1 sec, Data loading: 0 sec
2021-06-19 16:52:23,698 - utils.logger - INFO - learning rate = 0.0005000
2021-06-19 16:52:24,196 - utils.logger - INFO - Trn result of epoch 12 / 80 mse 0.0706 rmse 0.2657 pcc 0.0927 ccc 0.0227
2021-06-19 16:52:24,354 - utils.logger - INFO - Val result of epoch 12 / 80 mse 0.0740 rmse 0.2721 pcc 0.0682 ccc 0.0154
2021-06-19 16:52:24,760 - utils.logger - INFO - Cur epoch 13 loss ccc:0.1254
2021-06-19 16:52:25,175 - utils.logger - INFO - Cur epoch 13 loss ccc:0.1021
2021-06-19 16:52:25,533 - utils.logger - INFO - Cur epoch 13 loss ccc:0.9909
2021-06-19 16:52:25,533 - utils.logger - INFO - saving the model at the end of epoch 13, iters 78
2021-06-19 16:52:25,820 - utils.logger - INFO - End of training epoch 13 / 80 	 Time Taken: 1 sec, Data loading: 0 sec
2021-06-19 16:52:25,820 - utils.logger - INFO - learning rate = 0.0005000
2021-06-19 16:52:26,236 - utils.logger - INFO - Trn result of epoch 13 / 80 mse 0.7516 rmse 0.8669 pcc -0.1067 ccc -0.0367
2021-06-19 16:52:26,375 - utils.logger - INFO - Val result of epoch 13 / 80 mse 0.8787 rmse 0.9374 pcc -0.1499 ccc -0.0430
2021-06-19 16:52:26,785 - utils.logger - INFO - Cur epoch 14 loss ccc:0.1250
2021-06-19 16:52:27,210 - utils.logger - INFO - Cur epoch 14 loss ccc:0.1027
2021-06-19 16:52:27,570 - utils.logger - INFO - Cur epoch 14 loss ccc:0.9232
2021-06-19 16:52:27,570 - utils.logger - INFO - saving the model at the end of epoch 14, iters 84
2021-06-19 16:52:27,815 - utils.logger - INFO - End of training epoch 14 / 80 	 Time Taken: 1 sec, Data loading: 0 sec
2021-06-19 16:52:27,815 - utils.logger - INFO - learning rate = 0.0005000
2021-06-19 16:52:28,223 - utils.logger - INFO - Trn result of epoch 14 / 80 mse 0.1085 rmse 0.3293 pcc -0.1758 ccc -0.1619
2021-06-19 16:52:28,363 - utils.logger - INFO - Val result of epoch 14 / 80 mse 0.1345 rmse 0.3667 pcc -0.2243 ccc -0.1821
2021-06-19 16:52:28,779 - utils.logger - INFO - Cur epoch 15 loss ccc:0.1244
2021-06-19 16:52:29,208 - utils.logger - INFO - Cur epoch 15 loss ccc:0.1366
2021-06-19 16:52:29,561 - utils.logger - INFO - Cur epoch 15 loss ccc:0.9903
2021-06-19 16:52:29,561 - utils.logger - INFO - saving the model at the end of epoch 15, iters 90
2021-06-19 16:52:29,895 - utils.logger - INFO - End of training epoch 15 / 80 	 Time Taken: 1 sec, Data loading: 0 sec
2021-06-19 16:52:29,896 - utils.logger - INFO - learning rate = 0.0005000
2021-06-19 16:52:30,309 - utils.logger - INFO - Trn result of epoch 15 / 80 mse 0.1716 rmse 0.4142 pcc -0.1115 ccc -0.0892
2021-06-19 16:52:30,452 - utils.logger - INFO - Val result of epoch 15 / 80 mse 0.1941 rmse 0.4406 pcc -0.1487 ccc -0.1025
2021-06-19 16:52:30,866 - utils.logger - INFO - Cur epoch 16 loss ccc:0.1313
2021-06-19 16:52:31,280 - utils.logger - INFO - Cur epoch 16 loss ccc:0.1225
2021-06-19 16:52:31,630 - utils.logger - INFO - Cur epoch 16 loss ccc:0.9978
2021-06-19 16:52:31,631 - utils.logger - INFO - saving the model at the end of epoch 16, iters 96
2021-06-19 16:52:31,899 - utils.logger - INFO - End of training epoch 16 / 80 	 Time Taken: 1 sec, Data loading: 0 sec
2021-06-19 16:52:31,899 - utils.logger - INFO - learning rate = 0.0005000
2021-06-19 16:52:32,320 - utils.logger - INFO - Trn result of epoch 16 / 80 mse 0.2282 rmse 0.4777 pcc -0.1011 ccc -0.0695
2021-06-19 16:52:32,558 - utils.logger - INFO - Val result of epoch 16 / 80 mse 0.2603 rmse 0.5102 pcc -0.1386 ccc -0.0808
2021-06-19 16:52:33,012 - utils.logger - INFO - Cur epoch 17 loss ccc:0.1359
2021-06-19 16:52:33,484 - utils.logger - INFO - Cur epoch 17 loss ccc:0.1254
2021-06-19 16:52:33,864 - utils.logger - INFO - Cur epoch 17 loss ccc:1.0070
2021-06-19 16:52:33,864 - utils.logger - INFO - saving the model at the end of epoch 17, iters 102
2021-06-19 16:52:34,119 - utils.logger - INFO - End of training epoch 17 / 80 	 Time Taken: 1 sec, Data loading: 0 sec
2021-06-19 16:52:34,120 - utils.logger - INFO - learning rate = 0.0005000
2021-06-19 16:52:34,538 - utils.logger - INFO - Trn result of epoch 17 / 80 mse 0.1929 rmse 0.4393 pcc -0.1067 ccc -0.0805
2021-06-19 16:52:34,680 - utils.logger - INFO - Val result of epoch 17 / 80 mse 0.2211 rmse 0.4703 pcc -0.1463 ccc -0.0942
2021-06-19 16:52:35,084 - utils.logger - INFO - Cur epoch 18 loss ccc:0.1171
2021-06-19 16:52:35,471 - utils.logger - INFO - Cur epoch 18 loss ccc:0.1252
2021-06-19 16:52:35,814 - utils.logger - INFO - Cur epoch 18 loss ccc:0.9658
2021-06-19 16:52:35,814 - utils.logger - INFO - saving the model at the end of epoch 18, iters 108
2021-06-19 16:52:36,098 - utils.logger - INFO - End of training epoch 18 / 80 	 Time Taken: 1 sec, Data loading: 0 sec
2021-06-19 16:52:36,099 - utils.logger - INFO - learning rate = 0.0005000
2021-06-19 16:52:36,516 - utils.logger - INFO - Trn result of epoch 18 / 80 mse 0.0616 rmse 0.2483 pcc 0.0738 ccc 0.0393
2021-06-19 16:52:36,657 - utils.logger - INFO - Val result of epoch 18 / 80 mse 0.0611 rmse 0.2471 pcc 0.0951 ccc 0.0474
2021-06-19 16:52:37,062 - utils.logger - INFO - Cur epoch 19 loss ccc:0.1249
2021-06-19 16:52:37,462 - utils.logger - INFO - Cur epoch 19 loss ccc:0.1216
2021-06-19 16:52:37,789 - utils.logger - INFO - Cur epoch 19 loss ccc:1.0030
2021-06-19 16:52:37,789 - utils.logger - INFO - saving the model at the end of epoch 19, iters 114
2021-06-19 16:52:38,169 - utils.logger - INFO - End of training epoch 19 / 80 	 Time Taken: 1 sec, Data loading: 0 sec
2021-06-19 16:52:38,169 - utils.logger - INFO - learning rate = 0.0005000
2021-06-19 16:52:38,588 - utils.logger - INFO - Trn result of epoch 19 / 80 mse 0.0668 rmse 0.2585 pcc 0.1214 ccc 0.0423
2021-06-19 16:52:38,730 - utils.logger - INFO - Val result of epoch 19 / 80 mse 0.0679 rmse 0.2605 pcc 0.1445 ccc 0.0465
2021-06-19 16:52:39,119 - utils.logger - INFO - Cur epoch 20 loss ccc:0.1251
2021-06-19 16:52:39,516 - utils.logger - INFO - Cur epoch 20 loss ccc:0.1250
2021-06-19 16:52:39,869 - utils.logger - INFO - Cur epoch 20 loss ccc:1.0001
2021-06-19 16:52:39,869 - utils.logger - INFO - saving the model at the end of epoch 20, iters 120
2021-06-19 16:52:40,112 - utils.logger - INFO - End of training epoch 20 / 80 	 Time Taken: 1 sec, Data loading: 0 sec
2021-06-19 16:52:40,112 - utils.logger - INFO - learning rate = 0.0005000
2021-06-19 16:52:40,540 - utils.logger - INFO - Trn result of epoch 20 / 80 mse 0.0444 rmse 0.2108 pcc 0.1148 ccc 0.0131
2021-06-19 16:52:40,679 - utils.logger - INFO - Val result of epoch 20 / 80 mse 0.0375 rmse 0.1936 pcc 0.1339 ccc 0.0167
2021-06-19 16:52:41,109 - utils.logger - INFO - Cur epoch 21 loss ccc:0.1249
2021-06-19 16:52:41,532 - utils.logger - INFO - Cur epoch 21 loss ccc:0.1258
2021-06-19 16:52:41,880 - utils.logger - INFO - Cur epoch 21 loss ccc:1.0000
2021-06-19 16:52:41,880 - utils.logger - INFO - saving the model at the end of epoch 21, iters 126
2021-06-19 16:52:42,146 - utils.logger - INFO - End of training epoch 21 / 80 	 Time Taken: 1 sec, Data loading: 0 sec
2021-06-19 16:52:42,146 - utils.logger - INFO - learning rate = 0.0005000
2021-06-19 16:52:42,601 - utils.logger - INFO - Trn result of epoch 21 / 80 mse 0.0501 rmse 0.2237 pcc 0.1587 ccc 0.0138
2021-06-19 16:52:42,758 - utils.logger - INFO - Val result of epoch 21 / 80 mse 0.0406 rmse 0.2014 pcc 0.1879 ccc 0.0195
2021-06-19 16:52:43,154 - utils.logger - INFO - Cur epoch 22 loss ccc:0.1273
2021-06-19 16:52:43,552 - utils.logger - INFO - Cur epoch 22 loss ccc:0.1127
2021-06-19 16:52:43,877 - utils.logger - INFO - Cur epoch 22 loss ccc:1.0000
2021-06-19 16:52:43,877 - utils.logger - INFO - saving the model at the end of epoch 22, iters 132
2021-06-19 16:52:44,119 - utils.logger - INFO - End of training epoch 22 / 80 	 Time Taken: 1 sec, Data loading: 0 sec
2021-06-19 16:52:44,119 - utils.logger - INFO - learning rate = 0.0005000
2021-06-19 16:52:44,522 - utils.logger - INFO - Trn result of epoch 22 / 80 mse 0.0464 rmse 0.2155 pcc 0.2425 ccc 0.0238
2021-06-19 16:52:44,661 - utils.logger - INFO - Val result of epoch 22 / 80 mse 0.0381 rmse 0.1952 pcc 0.2661 ccc 0.0315
2021-06-19 16:52:45,053 - utils.logger - INFO - Cur epoch 23 loss ccc:0.1140
2021-06-19 16:52:45,454 - utils.logger - INFO - Cur epoch 23 loss ccc:0.1126
2021-06-19 16:52:45,773 - utils.logger - INFO - Cur epoch 23 loss ccc:0.9823
2021-06-19 16:52:45,773 - utils.logger - INFO - saving the model at the end of epoch 23, iters 138
2021-06-19 16:52:46,054 - utils.logger - INFO - End of training epoch 23 / 80 	 Time Taken: 1 sec, Data loading: 0 sec
2021-06-19 16:52:46,054 - utils.logger - INFO - learning rate = 0.0005000
2021-06-19 16:52:46,460 - utils.logger - INFO - Trn result of epoch 23 / 80 mse 0.0424 rmse 0.2059 pcc 0.2116 ccc 0.0961
2021-06-19 16:52:46,598 - utils.logger - INFO - Val result of epoch 23 / 80 mse 0.0354 rmse 0.1882 pcc 0.2652 ccc 0.1560
2021-06-19 16:52:46,989 - utils.logger - INFO - Cur epoch 24 loss ccc:0.0981
2021-06-19 16:52:47,388 - utils.logger - INFO - Cur epoch 24 loss ccc:0.1234
2021-06-19 16:52:47,722 - utils.logger - INFO - Cur epoch 24 loss ccc:0.9596
2021-06-19 16:52:47,722 - utils.logger - INFO - saving the model at the end of epoch 24, iters 144
2021-06-19 16:52:47,962 - utils.logger - INFO - End of training epoch 24 / 80 	 Time Taken: 1 sec, Data loading: 0 sec
2021-06-19 16:52:47,962 - utils.logger - INFO - learning rate = 0.0005000
2021-06-19 16:52:48,370 - utils.logger - INFO - Trn result of epoch 24 / 80 mse 0.1837 rmse 0.4287 pcc -0.0428 ccc -0.0368
2021-06-19 16:52:48,509 - utils.logger - INFO - Val result of epoch 24 / 80 mse 0.1926 rmse 0.4388 pcc -0.0615 ccc -0.0490
2021-06-19 16:52:48,897 - utils.logger - INFO - Cur epoch 25 loss ccc:0.1271
2021-06-19 16:52:49,296 - utils.logger - INFO - Cur epoch 25 loss ccc:0.1268
2021-06-19 16:52:49,619 - utils.logger - INFO - Cur epoch 25 loss ccc:0.9785
2021-06-19 16:52:49,619 - utils.logger - INFO - saving the model at the end of epoch 25, iters 150
2021-06-19 16:52:49,904 - utils.logger - INFO - End of training epoch 25 / 80 	 Time Taken: 1 sec, Data loading: 0 sec
2021-06-19 16:52:49,904 - utils.logger - INFO - learning rate = 0.0005000
2021-06-19 16:52:50,306 - utils.logger - INFO - Trn result of epoch 25 / 80 mse 0.0554 rmse 0.2354 pcc 0.1477 ccc 0.1117
2021-06-19 16:52:50,446 - utils.logger - INFO - Val result of epoch 25 / 80 mse 0.0476 rmse 0.2182 pcc 0.1966 ccc 0.1645
2021-06-19 16:52:50,842 - utils.logger - INFO - Cur epoch 26 loss ccc:0.1243
2021-06-19 16:52:51,235 - utils.logger - INFO - Cur epoch 26 loss ccc:0.1114
2021-06-19 16:52:51,555 - utils.logger - INFO - Cur epoch 26 loss ccc:1.0040
2021-06-19 16:52:51,555 - utils.logger - INFO - saving the model at the end of epoch 26, iters 156
2021-06-19 16:52:51,799 - utils.logger - INFO - End of training epoch 26 / 80 	 Time Taken: 1 sec, Data loading: 0 sec
2021-06-19 16:52:51,799 - utils.logger - INFO - learning rate = 0.0005000
2021-06-19 16:52:52,203 - utils.logger - INFO - Trn result of epoch 26 / 80 mse 0.2676 rmse 0.5173 pcc 0.1493 ccc 0.0752
2021-06-19 16:52:52,342 - utils.logger - INFO - Val result of epoch 26 / 80 mse 0.2822 rmse 0.5312 pcc 0.1949 ccc 0.0914
2021-06-19 16:52:52,748 - utils.logger - INFO - Cur epoch 27 loss ccc:0.1080
2021-06-19 16:52:53,190 - utils.logger - INFO - Cur epoch 27 loss ccc:0.1248
2021-06-19 16:52:53,520 - utils.logger - INFO - Cur epoch 27 loss ccc:1.0091
2021-06-19 16:52:53,520 - utils.logger - INFO - saving the model at the end of epoch 27, iters 162
2021-06-19 16:52:53,825 - utils.logger - INFO - End of training epoch 27 / 80 	 Time Taken: 1 sec, Data loading: 0 sec
2021-06-19 16:52:53,825 - utils.logger - INFO - learning rate = 0.0005000
2021-06-19 16:52:54,284 - utils.logger - INFO - Trn result of epoch 27 / 80 mse 3.0093 rmse 1.7347 pcc 0.1306 ccc 0.0212
2021-06-19 16:52:54,513 - utils.logger - INFO - Val result of epoch 27 / 80 mse 3.3614 rmse 1.8334 pcc 0.1738 ccc 0.0246
2021-06-19 16:52:54,937 - utils.logger - INFO - Cur epoch 28 loss ccc:0.1241
2021-06-19 16:52:55,354 - utils.logger - INFO - Cur epoch 28 loss ccc:0.1250
2021-06-19 16:52:55,693 - utils.logger - INFO - Cur epoch 28 loss ccc:1.0020
2021-06-19 16:52:55,693 - utils.logger - INFO - saving the model at the end of epoch 28, iters 168
2021-06-19 16:52:55,939 - utils.logger - INFO - End of training epoch 28 / 80 	 Time Taken: 1 sec, Data loading: 0 sec
2021-06-19 16:52:55,939 - utils.logger - INFO - learning rate = 0.0005000
2021-06-19 16:52:56,342 - utils.logger - INFO - Trn result of epoch 28 / 80 mse 2.6117 rmse 1.6161 pcc 0.1335 ccc 0.0222
2021-06-19 16:52:56,485 - utils.logger - INFO - Val result of epoch 28 / 80 mse 2.9014 rmse 1.7033 pcc 0.1775 ccc 0.0259
2021-06-19 16:52:56,903 - utils.logger - INFO - Cur epoch 29 loss ccc:0.1241
2021-06-19 16:52:57,319 - utils.logger - INFO - Cur epoch 29 loss ccc:0.1264
2021-06-19 16:52:57,689 - utils.logger - INFO - Cur epoch 29 loss ccc:0.9998
2021-06-19 16:52:57,690 - utils.logger - INFO - saving the model at the end of epoch 29, iters 174
2021-06-19 16:52:57,942 - utils.logger - INFO - End of training epoch 29 / 80 	 Time Taken: 1 sec, Data loading: 0 sec
2021-06-19 16:52:57,942 - utils.logger - INFO - learning rate = 0.0005000
2021-06-19 16:52:58,338 - utils.logger - INFO - Trn result of epoch 29 / 80 mse 2.5691 rmse 1.6028 pcc 0.1354 ccc 0.0185
2021-06-19 16:52:58,478 - utils.logger - INFO - Val result of epoch 29 / 80 mse 2.7890 rmse 1.6700 pcc 0.1814 ccc 0.0223
2021-06-19 16:52:58,890 - utils.logger - INFO - Cur epoch 30 loss ccc:0.1189
2021-06-19 16:52:59,304 - utils.logger - INFO - Cur epoch 30 loss ccc:0.1239
2021-06-19 16:52:59,642 - utils.logger - INFO - Cur epoch 30 loss ccc:1.0023
2021-06-19 16:52:59,642 - utils.logger - INFO - saving the model at the end of epoch 30, iters 180
2021-06-19 16:52:59,887 - utils.logger - INFO - End of training epoch 30 / 80 	 Time Taken: 1 sec, Data loading: 0 sec
2021-06-19 16:52:59,887 - utils.logger - INFO - learning rate = 0.0004902
2021-06-19 16:53:00,291 - utils.logger - INFO - Trn result of epoch 30 / 80 mse 3.5259 rmse 1.8777 pcc 0.1353 ccc 0.0134
2021-06-19 16:53:00,432 - utils.logger - INFO - Val result of epoch 30 / 80 mse 3.7730 rmse 1.9424 pcc 0.1819 ccc 0.0164
2021-06-19 16:53:00,842 - utils.logger - INFO - Cur epoch 31 loss ccc:0.1249
2021-06-19 16:53:01,242 - utils.logger - INFO - Cur epoch 31 loss ccc:0.1243
2021-06-19 16:53:01,566 - utils.logger - INFO - Cur epoch 31 loss ccc:1.0079
2021-06-19 16:53:01,566 - utils.logger - INFO - saving the model at the end of epoch 31, iters 186
2021-06-19 16:53:01,826 - utils.logger - INFO - End of training epoch 31 / 80 	 Time Taken: 1 sec, Data loading: 0 sec
2021-06-19 16:53:01,827 - utils.logger - INFO - learning rate = 0.0004804
2021-06-19 16:53:02,234 - utils.logger - INFO - Trn result of epoch 31 / 80 mse 3.7478 rmse 1.9359 pcc 0.1369 ccc 0.0122
2021-06-19 16:53:02,374 - utils.logger - INFO - Val result of epoch 31 / 80 mse 3.9879 rmse 1.9970 pcc 0.1848 ccc 0.0151
2021-06-19 16:53:02,772 - utils.logger - INFO - Cur epoch 32 loss ccc:0.1306
2021-06-19 16:53:03,169 - utils.logger - INFO - Cur epoch 32 loss ccc:0.1250
2021-06-19 16:53:03,490 - utils.logger - INFO - Cur epoch 32 loss ccc:1.0004
2021-06-19 16:53:03,491 - utils.logger - INFO - saving the model at the end of epoch 32, iters 192
2021-06-19 16:53:03,743 - utils.logger - INFO - End of training epoch 32 / 80 	 Time Taken: 1 sec, Data loading: 0 sec
2021-06-19 16:53:03,743 - utils.logger - INFO - learning rate = 0.0004706
2021-06-19 16:53:04,149 - utils.logger - INFO - Trn result of epoch 32 / 80 mse 4.2022 rmse 2.0499 pcc 0.1332 ccc 0.0083
2021-06-19 16:53:04,289 - utils.logger - INFO - Val result of epoch 32 / 80 mse 4.3597 rmse 2.0880 pcc 0.1827 ccc 0.0106
2021-06-19 16:53:04,694 - utils.logger - INFO - Cur epoch 33 loss ccc:0.1250
2021-06-19 16:53:05,133 - utils.logger - INFO - Cur epoch 33 loss ccc:0.1245
2021-06-19 16:53:05,492 - utils.logger - INFO - Cur epoch 33 loss ccc:0.9996
2021-06-19 16:53:05,493 - utils.logger - INFO - saving the model at the end of epoch 33, iters 198
2021-06-19 16:53:06,079 - utils.logger - INFO - End of training epoch 33 / 80 	 Time Taken: 1 sec, Data loading: 0 sec
2021-06-19 16:53:06,080 - utils.logger - INFO - learning rate = 0.0004608
2021-06-19 16:53:06,498 - utils.logger - INFO - Trn result of epoch 33 / 80 mse 4.3536 rmse 2.0865 pcc 0.1288 ccc 0.0072
2021-06-19 16:53:06,654 - utils.logger - INFO - Val result of epoch 33 / 80 mse 4.4727 rmse 2.1149 pcc 0.1760 ccc 0.0092
2021-06-19 16:53:07,071 - utils.logger - INFO - Cur epoch 34 loss ccc:0.1267
2021-06-19 16:53:07,478 - utils.logger - INFO - Cur epoch 34 loss ccc:0.1213
2021-06-19 16:53:07,818 - utils.logger - INFO - Cur epoch 34 loss ccc:1.0004
2021-06-19 16:53:07,818 - utils.logger - INFO - saving the model at the end of epoch 34, iters 204
2021-06-19 16:53:08,068 - utils.logger - INFO - End of training epoch 34 / 80 	 Time Taken: 1 sec, Data loading: 0 sec
2021-06-19 16:53:08,068 - utils.logger - INFO - learning rate = 0.0004510
2021-06-19 16:53:08,476 - utils.logger - INFO - Trn result of epoch 34 / 80 mse 3.7138 rmse 1.9271 pcc 0.1297 ccc 0.0079
2021-06-19 16:53:08,621 - utils.logger - INFO - Val result of epoch 34 / 80 mse 3.8100 rmse 1.9519 pcc 0.1782 ccc 0.0102
2021-06-19 16:53:09,032 - utils.logger - INFO - Cur epoch 35 loss ccc:0.1172
2021-06-19 16:53:09,432 - utils.logger - INFO - Cur epoch 35 loss ccc:0.1250
2021-06-19 16:53:09,767 - utils.logger - INFO - Cur epoch 35 loss ccc:0.9986
2021-06-19 16:53:09,767 - utils.logger - INFO - saving the model at the end of epoch 35, iters 210
2021-06-19 16:53:10,122 - utils.logger - INFO - End of training epoch 35 / 80 	 Time Taken: 1 sec, Data loading: 0 sec
2021-06-19 16:53:10,123 - utils.logger - INFO - learning rate = 0.0004412
2021-06-19 16:53:10,531 - utils.logger - INFO - Trn result of epoch 35 / 80 mse 4.4509 rmse 2.1097 pcc 0.1239 ccc 0.0049
2021-06-19 16:53:10,676 - utils.logger - INFO - Val result of epoch 35 / 80 mse 4.4874 rmse 2.1183 pcc 0.1757 ccc 0.0065
2021-06-19 16:53:11,073 - utils.logger - INFO - Cur epoch 36 loss ccc:0.1205
2021-06-19 16:53:11,483 - utils.logger - INFO - Cur epoch 36 loss ccc:0.1224
2021-06-19 16:53:11,824 - utils.logger - INFO - Cur epoch 36 loss ccc:0.9998
2021-06-19 16:53:11,824 - utils.logger - INFO - saving the model at the end of epoch 36, iters 216
2021-06-19 16:53:12,259 - utils.logger - INFO - End of training epoch 36 / 80 	 Time Taken: 1 sec, Data loading: 0 sec
2021-06-19 16:53:12,260 - utils.logger - INFO - learning rate = 0.0004314
2021-06-19 16:53:12,674 - utils.logger - INFO - Trn result of epoch 36 / 80 mse 3.8164 rmse 1.9536 pcc 0.1407 ccc 0.0073
2021-06-19 16:53:12,817 - utils.logger - INFO - Val result of epoch 36 / 80 mse 3.8994 rmse 1.9747 pcc 0.1934 ccc 0.0094
2021-06-19 16:53:13,198 - utils.logger - INFO - Cur epoch 37 loss ccc:0.1266
2021-06-19 16:53:13,599 - utils.logger - INFO - Cur epoch 37 loss ccc:0.1250
2021-06-19 16:53:13,926 - utils.logger - INFO - Cur epoch 37 loss ccc:1.0012
2021-06-19 16:53:13,926 - utils.logger - INFO - saving the model at the end of epoch 37, iters 222
2021-06-19 16:53:14,193 - utils.logger - INFO - End of training epoch 37 / 80 	 Time Taken: 1 sec, Data loading: 0 sec
2021-06-19 16:53:14,193 - utils.logger - INFO - learning rate = 0.0004216
2021-06-19 16:53:14,604 - utils.logger - INFO - Trn result of epoch 37 / 80 mse 4.2289 rmse 2.0564 pcc 0.1248 ccc 0.0042
2021-06-19 16:53:14,747 - utils.logger - INFO - Val result of epoch 37 / 80 mse 4.2382 rmse 2.0587 pcc 0.1825 ccc 0.0058
2021-06-19 16:53:15,139 - utils.logger - INFO - Cur epoch 38 loss ccc:0.1233
2021-06-19 16:53:15,541 - utils.logger - INFO - Cur epoch 38 loss ccc:0.1256
2021-06-19 16:53:15,884 - utils.logger - INFO - Cur epoch 38 loss ccc:1.0007
2021-06-19 16:53:15,884 - utils.logger - INFO - saving the model at the end of epoch 38, iters 228
2021-06-19 16:53:16,120 - utils.logger - INFO - End of training epoch 38 / 80 	 Time Taken: 1 sec, Data loading: 0 sec
2021-06-19 16:53:16,120 - utils.logger - INFO - learning rate = 0.0004118
2021-06-19 16:53:16,558 - utils.logger - INFO - Trn result of epoch 38 / 80 mse 1.9206 rmse 1.3858 pcc 0.0276 ccc 0.0011
2021-06-19 16:53:16,714 - utils.logger - INFO - Val result of epoch 38 / 80 mse 1.8524 rmse 1.3610 pcc 0.0654 ccc 0.0025
2021-06-19 16:53:17,108 - utils.logger - INFO - Cur epoch 39 loss ccc:0.1345
2021-06-19 16:53:17,496 - utils.logger - INFO - Cur epoch 39 loss ccc:0.1250
2021-06-19 16:53:17,837 - utils.logger - INFO - Cur epoch 39 loss ccc:1.0000
2021-06-19 16:53:17,837 - utils.logger - INFO - saving the model at the end of epoch 39, iters 234
2021-06-19 16:53:18,078 - utils.logger - INFO - End of training epoch 39 / 80 	 Time Taken: 1 sec, Data loading: 0 sec
2021-06-19 16:53:18,078 - utils.logger - INFO - learning rate = 0.0004020
2021-06-19 16:53:18,493 - utils.logger - INFO - Trn result of epoch 39 / 80 mse 2.2588 rmse 1.5029 pcc 0.0713 ccc 0.0033
2021-06-19 16:53:18,639 - utils.logger - INFO - Val result of epoch 39 / 80 mse 2.1988 rmse 1.4828 pcc 0.1017 ccc 0.0044
2021-06-19 16:53:19,045 - utils.logger - INFO - Cur epoch 40 loss ccc:0.1255
2021-06-19 16:53:19,458 - utils.logger - INFO - Cur epoch 40 loss ccc:0.1250
2021-06-19 16:53:19,808 - utils.logger - INFO - Cur epoch 40 loss ccc:1.0039
2021-06-19 16:53:19,808 - utils.logger - INFO - saving the model at the end of epoch 40, iters 240
2021-06-19 16:53:20,057 - utils.logger - INFO - End of training epoch 40 / 80 	 Time Taken: 1 sec, Data loading: 0 sec
2021-06-19 16:53:20,057 - utils.logger - INFO - learning rate = 0.0003922
2021-06-19 16:53:20,484 - utils.logger - INFO - Trn result of epoch 40 / 80 mse 0.6426 rmse 0.8016 pcc -0.0454 ccc -0.0057
2021-06-19 16:53:20,640 - utils.logger - INFO - Val result of epoch 40 / 80 mse 0.5874 rmse 0.7664 pcc -0.0664 ccc -0.0086
2021-06-19 16:53:21,044 - utils.logger - INFO - Cur epoch 41 loss ccc:0.1250
2021-06-19 16:53:21,478 - utils.logger - INFO - Cur epoch 41 loss ccc:0.1113
2021-06-19 16:53:21,828 - utils.logger - INFO - Cur epoch 41 loss ccc:1.0000
2021-06-19 16:53:21,829 - utils.logger - INFO - saving the model at the end of epoch 41, iters 246
2021-06-19 16:53:22,073 - utils.logger - INFO - End of training epoch 41 / 80 	 Time Taken: 1 sec, Data loading: 0 sec
2021-06-19 16:53:22,073 - utils.logger - INFO - learning rate = 0.0003824
2021-06-19 16:53:22,523 - utils.logger - INFO - Trn result of epoch 41 / 80 mse 0.3325 rmse 0.5766 pcc -0.0450 ccc -0.0099
2021-06-19 16:53:22,690 - utils.logger - INFO - Val result of epoch 41 / 80 mse 0.2957 rmse 0.5438 pcc -0.0747 ccc -0.0174
2021-06-19 16:53:23,089 - utils.logger - INFO - Cur epoch 42 loss ccc:0.1144
2021-06-19 16:53:23,515 - utils.logger - INFO - Cur epoch 42 loss ccc:0.1365
2021-06-19 16:53:23,893 - utils.logger - INFO - Cur epoch 42 loss ccc:1.0008
2021-06-19 16:53:23,893 - utils.logger - INFO - saving the model at the end of epoch 42, iters 252
2021-06-19 16:53:24,141 - utils.logger - INFO - End of training epoch 42 / 80 	 Time Taken: 1 sec, Data loading: 0 sec
2021-06-19 16:53:24,141 - utils.logger - INFO - learning rate = 0.0003725
2021-06-19 16:53:24,566 - utils.logger - INFO - Trn result of epoch 42 / 80 mse 0.1578 rmse 0.3972 pcc 0.1999 ccc 0.0744
2021-06-19 16:53:24,721 - utils.logger - INFO - Val result of epoch 42 / 80 mse 0.1467 rmse 0.3830 pcc 0.2609 ccc 0.1035
2021-06-19 16:53:25,118 - utils.logger - INFO - Cur epoch 43 loss ccc:0.1269
2021-06-19 16:53:25,539 - utils.logger - INFO - Cur epoch 43 loss ccc:0.1247
2021-06-19 16:53:25,893 - utils.logger - INFO - Cur epoch 43 loss ccc:0.9975
2021-06-19 16:53:25,893 - utils.logger - INFO - saving the model at the end of epoch 43, iters 258
2021-06-19 16:53:26,141 - utils.logger - INFO - End of training epoch 43 / 80 	 Time Taken: 1 sec, Data loading: 0 sec
2021-06-19 16:53:26,142 - utils.logger - INFO - learning rate = 0.0003627
2021-06-19 16:53:26,554 - utils.logger - INFO - Trn result of epoch 43 / 80 mse 0.1397 rmse 0.3738 pcc -0.1054 ccc -0.0454
2021-06-19 16:53:26,698 - utils.logger - INFO - Val result of epoch 43 / 80 mse 0.1188 rmse 0.3447 pcc -0.1431 ccc -0.0709
2021-06-19 16:53:27,102 - utils.logger - INFO - Cur epoch 44 loss ccc:0.1192
2021-06-19 16:53:27,512 - utils.logger - INFO - Cur epoch 44 loss ccc:0.1105
2021-06-19 16:53:27,854 - utils.logger - INFO - Cur epoch 44 loss ccc:1.0000
2021-06-19 16:53:27,855 - utils.logger - INFO - saving the model at the end of epoch 44, iters 264
2021-06-19 16:53:28,093 - utils.logger - INFO - End of training epoch 44 / 80 	 Time Taken: 1 sec, Data loading: 0 sec
2021-06-19 16:53:28,093 - utils.logger - INFO - learning rate = 0.0003529
2021-06-19 16:53:28,546 - utils.logger - INFO - Trn result of epoch 44 / 80 mse 0.0977 rmse 0.3126 pcc -0.0802 ccc -0.0525
2021-06-19 16:53:28,700 - utils.logger - INFO - Val result of epoch 44 / 80 mse 0.0833 rmse 0.2886 pcc -0.1098 ccc -0.0811
2021-06-19 16:53:29,095 - utils.logger - INFO - Cur epoch 45 loss ccc:0.1230
2021-06-19 16:53:29,509 - utils.logger - INFO - Cur epoch 45 loss ccc:0.1306
2021-06-19 16:53:29,876 - utils.logger - INFO - Cur epoch 45 loss ccc:1.0055
2021-06-19 16:53:29,876 - utils.logger - INFO - saving the model at the end of epoch 45, iters 270
2021-06-19 16:53:30,159 - utils.logger - INFO - End of training epoch 45 / 80 	 Time Taken: 1 sec, Data loading: 0 sec
2021-06-19 16:53:30,159 - utils.logger - INFO - learning rate = 0.0003431
2021-06-19 16:53:30,571 - utils.logger - INFO - Trn result of epoch 45 / 80 mse 0.2620 rmse 0.5119 pcc -0.0644 ccc -0.0489
2021-06-19 16:53:30,713 - utils.logger - INFO - Val result of epoch 45 / 80 mse 0.2556 rmse 0.5056 pcc -0.0878 ccc -0.0640
2021-06-19 16:53:31,132 - utils.logger - INFO - Cur epoch 46 loss ccc:0.1191
2021-06-19 16:53:31,534 - utils.logger - INFO - Cur epoch 46 loss ccc:0.1315
2021-06-19 16:53:31,855 - utils.logger - INFO - Cur epoch 46 loss ccc:0.9809
2021-06-19 16:53:31,855 - utils.logger - INFO - saving the model at the end of epoch 46, iters 276
2021-06-19 16:53:32,094 - utils.logger - INFO - End of training epoch 46 / 80 	 Time Taken: 1 sec, Data loading: 0 sec
2021-06-19 16:53:32,094 - utils.logger - INFO - learning rate = 0.0003333
2021-06-19 16:53:32,504 - utils.logger - INFO - Trn result of epoch 46 / 80 mse 0.1240 rmse 0.3521 pcc -0.0557 ccc -0.0538
2021-06-19 16:53:32,646 - utils.logger - INFO - Val result of epoch 46 / 80 mse 0.1196 rmse 0.3458 pcc -0.0803 ccc -0.0760
2021-06-19 16:53:33,057 - utils.logger - INFO - Cur epoch 47 loss ccc:0.1186
2021-06-19 16:53:33,488 - utils.logger - INFO - Cur epoch 47 loss ccc:0.1250
2021-06-19 16:53:33,832 - utils.logger - INFO - Cur epoch 47 loss ccc:1.0000
2021-06-19 16:53:33,832 - utils.logger - INFO - saving the model at the end of epoch 47, iters 282
2021-06-19 16:53:34,186 - utils.logger - INFO - End of training epoch 47 / 80 	 Time Taken: 1 sec, Data loading: 0 sec
2021-06-19 16:53:34,186 - utils.logger - INFO - learning rate = 0.0003235
2021-06-19 16:53:34,601 - utils.logger - INFO - Trn result of epoch 47 / 80 mse 0.1048 rmse 0.3238 pcc -0.0629 ccc -0.0625
2021-06-19 16:53:34,744 - utils.logger - INFO - Val result of epoch 47 / 80 mse 0.1016 rmse 0.3187 pcc -0.0841 ccc -0.0813
2021-06-19 16:53:35,162 - utils.logger - INFO - Cur epoch 48 loss ccc:0.1348
2021-06-19 16:53:35,605 - utils.logger - INFO - Cur epoch 48 loss ccc:0.1241
2021-06-19 16:53:35,954 - utils.logger - INFO - Cur epoch 48 loss ccc:0.9966
2021-06-19 16:53:35,954 - utils.logger - INFO - saving the model at the end of epoch 48, iters 288
2021-06-19 16:53:36,195 - utils.logger - INFO - End of training epoch 48 / 80 	 Time Taken: 1 sec, Data loading: 0 sec
2021-06-19 16:53:36,195 - utils.logger - INFO - learning rate = 0.0003137
2021-06-19 16:53:36,618 - utils.logger - INFO - Trn result of epoch 48 / 80 mse 0.1014 rmse 0.3184 pcc -0.0509 ccc -0.0486
2021-06-19 16:53:36,774 - utils.logger - INFO - Val result of epoch 48 / 80 mse 0.1014 rmse 0.3185 pcc -0.0692 ccc -0.0615
2021-06-19 16:53:37,171 - utils.logger - INFO - Cur epoch 49 loss ccc:0.1205
2021-06-19 16:53:37,571 - utils.logger - INFO - Cur epoch 49 loss ccc:0.1200
2021-06-19 16:53:37,889 - utils.logger - INFO - Cur epoch 49 loss ccc:1.0008
2021-06-19 16:53:37,889 - utils.logger - INFO - saving the model at the end of epoch 49, iters 294
2021-06-19 16:53:38,248 - utils.logger - INFO - End of training epoch 49 / 80 	 Time Taken: 1 sec, Data loading: 0 sec
2021-06-19 16:53:38,248 - utils.logger - INFO - learning rate = 0.0003039
2021-06-19 16:53:38,661 - utils.logger - INFO - Trn result of epoch 49 / 80 mse 0.0565 rmse 0.2377 pcc -0.0247 ccc -0.0183
2021-06-19 16:53:38,805 - utils.logger - INFO - Val result of epoch 49 / 80 mse 0.0491 rmse 0.2215 pcc -0.0389 ccc -0.0309
2021-06-19 16:53:39,203 - utils.logger - INFO - Cur epoch 50 loss ccc:0.1148
2021-06-19 16:53:39,596 - utils.logger - INFO - Cur epoch 50 loss ccc:0.1171
2021-06-19 16:53:39,921 - utils.logger - INFO - Cur epoch 50 loss ccc:1.0109
2021-06-19 16:53:39,921 - utils.logger - INFO - saving the model at the end of epoch 50, iters 300
2021-06-19 16:53:40,161 - utils.logger - INFO - End of training epoch 50 / 80 	 Time Taken: 1 sec, Data loading: 0 sec
2021-06-19 16:53:40,161 - utils.logger - INFO - learning rate = 0.0002941
2021-06-19 16:53:40,574 - utils.logger - INFO - Trn result of epoch 50 / 80 mse 0.0892 rmse 0.2986 pcc -0.0034 ccc -0.0034
2021-06-19 16:53:40,715 - utils.logger - INFO - Val result of epoch 50 / 80 mse 0.0777 rmse 0.2787 pcc 0.0705 ccc 0.0699
2021-06-19 16:53:41,111 - utils.logger - INFO - Cur epoch 51 loss ccc:0.1176
2021-06-19 16:53:41,525 - utils.logger - INFO - Cur epoch 51 loss ccc:0.1192
2021-06-19 16:53:41,856 - utils.logger - INFO - Cur epoch 51 loss ccc:0.9758
2021-06-19 16:53:41,856 - utils.logger - INFO - saving the model at the end of epoch 51, iters 306
2021-06-19 16:53:42,359 - utils.logger - INFO - End of training epoch 51 / 80 	 Time Taken: 1 sec, Data loading: 0 sec
2021-06-19 16:53:42,359 - utils.logger - INFO - learning rate = 0.0002843
2021-06-19 16:53:42,805 - utils.logger - INFO - Trn result of epoch 51 / 80 mse 0.0706 rmse 0.2656 pcc 0.0278 ccc 0.0269
2021-06-19 16:53:42,964 - utils.logger - INFO - Val result of epoch 51 / 80 mse 0.0607 rmse 0.2464 pcc 0.0843 ccc 0.0834
2021-06-19 16:53:43,364 - utils.logger - INFO - Cur epoch 52 loss ccc:0.0996
2021-06-19 16:53:43,760 - utils.logger - INFO - Cur epoch 52 loss ccc:0.1219
2021-06-19 16:53:44,090 - utils.logger - INFO - Cur epoch 52 loss ccc:0.9777
2021-06-19 16:53:44,090 - utils.logger - INFO - saving the model at the end of epoch 52, iters 312
2021-06-19 16:53:44,329 - utils.logger - INFO - End of training epoch 52 / 80 	 Time Taken: 1 sec, Data loading: 0 sec
2021-06-19 16:53:44,329 - utils.logger - INFO - learning rate = 0.0002745
2021-06-19 16:53:44,734 - utils.logger - INFO - Trn result of epoch 52 / 80 mse 0.0996 rmse 0.3155 pcc -0.0186 ccc -0.0181
2021-06-19 16:53:44,876 - utils.logger - INFO - Val result of epoch 52 / 80 mse 0.0954 rmse 0.3089 pcc 0.0416 ccc 0.0385
2021-06-19 16:53:45,277 - utils.logger - INFO - Cur epoch 53 loss ccc:0.1149
2021-06-19 16:53:45,688 - utils.logger - INFO - Cur epoch 53 loss ccc:0.1235
2021-06-19 16:53:46,017 - utils.logger - INFO - Cur epoch 53 loss ccc:0.9500
2021-06-19 16:53:46,018 - utils.logger - INFO - saving the model at the end of epoch 53, iters 318
2021-06-19 16:53:46,265 - utils.logger - INFO - End of training epoch 53 / 80 	 Time Taken: 1 sec, Data loading: 0 sec
2021-06-19 16:53:46,265 - utils.logger - INFO - learning rate = 0.0002647
2021-06-19 16:53:46,714 - utils.logger - INFO - Trn result of epoch 53 / 80 mse 0.0464 rmse 0.2153 pcc 0.1314 ccc 0.0906
2021-06-19 16:53:46,871 - utils.logger - INFO - Val result of epoch 53 / 80 mse 0.0389 rmse 0.1972 pcc 0.2180 ccc 0.1682
2021-06-19 16:53:47,269 - utils.logger - INFO - Cur epoch 54 loss ccc:0.1250
2021-06-19 16:53:47,661 - utils.logger - INFO - Cur epoch 54 loss ccc:0.1269
2021-06-19 16:53:47,983 - utils.logger - INFO - Cur epoch 54 loss ccc:0.9639
2021-06-19 16:53:47,984 - utils.logger - INFO - saving the model at the end of epoch 54, iters 324
2021-06-19 16:53:48,206 - utils.logger - INFO - End of training epoch 54 / 80 	 Time Taken: 1 sec, Data loading: 0 sec
2021-06-19 16:53:48,207 - utils.logger - INFO - learning rate = 0.0002549
2021-06-19 16:53:48,614 - utils.logger - INFO - Trn result of epoch 54 / 80 mse 0.0479 rmse 0.2188 pcc 0.1363 ccc 0.1040
2021-06-19 16:53:48,754 - utils.logger - INFO - Val result of epoch 54 / 80 mse 0.0397 rmse 0.1993 pcc 0.2555 ccc 0.2145
2021-06-19 16:53:49,168 - utils.logger - INFO - Cur epoch 55 loss ccc:0.1325
2021-06-19 16:53:49,580 - utils.logger - INFO - Cur epoch 55 loss ccc:0.1201
2021-06-19 16:53:49,926 - utils.logger - INFO - Cur epoch 55 loss ccc:0.9981
2021-06-19 16:53:49,926 - utils.logger - INFO - saving the model at the end of epoch 55, iters 330
2021-06-19 16:53:50,165 - utils.logger - INFO - End of training epoch 55 / 80 	 Time Taken: 1 sec, Data loading: 0 sec
2021-06-19 16:53:50,165 - utils.logger - INFO - learning rate = 0.0002451
2021-06-19 16:53:50,575 - utils.logger - INFO - Trn result of epoch 55 / 80 mse 0.0581 rmse 0.2410 pcc 0.1946 ccc 0.1482
2021-06-19 16:53:50,716 - utils.logger - INFO - Val result of epoch 55 / 80 mse 0.0525 rmse 0.2291 pcc 0.3105 ccc 0.2417
2021-06-19 16:53:51,126 - utils.logger - INFO - Cur epoch 56 loss ccc:0.1211
2021-06-19 16:53:51,526 - utils.logger - INFO - Cur epoch 56 loss ccc:0.1122
2021-06-19 16:53:51,873 - utils.logger - INFO - Cur epoch 56 loss ccc:0.9716
2021-06-19 16:53:51,873 - utils.logger - INFO - saving the model at the end of epoch 56, iters 336
2021-06-19 16:53:52,127 - utils.logger - INFO - End of training epoch 56 / 80 	 Time Taken: 1 sec, Data loading: 0 sec
2021-06-19 16:53:52,127 - utils.logger - INFO - learning rate = 0.0002353
2021-06-19 16:53:52,536 - utils.logger - INFO - Trn result of epoch 56 / 80 mse 0.0427 rmse 0.2067 pcc 0.2641 ccc 0.1883
2021-06-19 16:53:52,681 - utils.logger - INFO - Val result of epoch 56 / 80 mse 0.0355 rmse 0.1883 pcc 0.3594 ccc 0.3153
2021-06-19 16:53:53,118 - utils.logger - INFO - Cur epoch 57 loss ccc:0.1112
2021-06-19 16:53:53,556 - utils.logger - INFO - Cur epoch 57 loss ccc:0.1083
2021-06-19 16:53:53,924 - utils.logger - INFO - Cur epoch 57 loss ccc:1.0242
2021-06-19 16:53:53,925 - utils.logger - INFO - saving the model at the end of epoch 57, iters 342
2021-06-19 16:53:54,171 - utils.logger - INFO - End of training epoch 57 / 80 	 Time Taken: 1 sec, Data loading: 0 sec
2021-06-19 16:53:54,171 - utils.logger - INFO - learning rate = 0.0002255
2021-06-19 16:53:54,586 - utils.logger - INFO - Trn result of epoch 57 / 80 mse 0.0503 rmse 0.2242 pcc 0.3853 ccc 0.2249
2021-06-19 16:53:54,728 - utils.logger - INFO - Val result of epoch 57 / 80 mse 0.0437 rmse 0.2091 pcc 0.3625 ccc 0.2562
2021-06-19 16:53:55,140 - utils.logger - INFO - Cur epoch 58 loss ccc:0.1173
2021-06-19 16:53:55,558 - utils.logger - INFO - Cur epoch 58 loss ccc:0.1290
2021-06-19 16:53:55,893 - utils.logger - INFO - Cur epoch 58 loss ccc:1.0000
2021-06-19 16:53:55,894 - utils.logger - INFO - saving the model at the end of epoch 58, iters 348
2021-06-19 16:53:56,132 - utils.logger - INFO - End of training epoch 58 / 80 	 Time Taken: 1 sec, Data loading: 0 sec
2021-06-19 16:53:56,132 - utils.logger - INFO - learning rate = 0.0002157
2021-06-19 16:53:56,545 - utils.logger - INFO - Trn result of epoch 58 / 80 mse 0.0736 rmse 0.2713 pcc 0.2595 ccc 0.1920
2021-06-19 16:53:56,685 - utils.logger - INFO - Val result of epoch 58 / 80 mse 0.0686 rmse 0.2618 pcc 0.2182 ccc 0.1738
2021-06-19 16:53:57,092 - utils.logger - INFO - Cur epoch 59 loss ccc:0.1249
2021-06-19 16:53:57,493 - utils.logger - INFO - Cur epoch 59 loss ccc:0.1242
2021-06-19 16:53:57,844 - utils.logger - INFO - Cur epoch 59 loss ccc:1.0052
2021-06-19 16:53:57,844 - utils.logger - INFO - saving the model at the end of epoch 59, iters 354
2021-06-19 16:53:58,114 - utils.logger - INFO - End of training epoch 59 / 80 	 Time Taken: 1 sec, Data loading: 0 sec
2021-06-19 16:53:58,114 - utils.logger - INFO - learning rate = 0.0002059
2021-06-19 16:53:58,581 - utils.logger - INFO - Trn result of epoch 59 / 80 mse 0.0841 rmse 0.2900 pcc 0.2251 ccc 0.1553
2021-06-19 16:53:58,739 - utils.logger - INFO - Val result of epoch 59 / 80 mse 0.0773 rmse 0.2781 pcc 0.1802 ccc 0.1342
2021-06-19 16:53:59,150 - utils.logger - INFO - Cur epoch 60 loss ccc:0.1251
2021-06-19 16:53:59,563 - utils.logger - INFO - Cur epoch 60 loss ccc:0.1068
2021-06-19 16:53:59,908 - utils.logger - INFO - Cur epoch 60 loss ccc:1.0245
2021-06-19 16:53:59,908 - utils.logger - INFO - saving the model at the end of epoch 60, iters 360
2021-06-19 16:54:00,162 - utils.logger - INFO - End of training epoch 60 / 80 	 Time Taken: 1 sec, Data loading: 0 sec
2021-06-19 16:54:00,162 - utils.logger - INFO - learning rate = 0.0001961
2021-06-19 16:54:00,577 - utils.logger - INFO - Trn result of epoch 60 / 80 mse 0.1481 rmse 0.3849 pcc 0.1875 ccc 0.0980
2021-06-19 16:54:00,721 - utils.logger - INFO - Val result of epoch 60 / 80 mse 0.1352 rmse 0.3677 pcc 0.1679 ccc 0.0936
2021-06-19 16:54:01,153 - utils.logger - INFO - Cur epoch 61 loss ccc:0.1229
2021-06-19 16:54:01,572 - utils.logger - INFO - Cur epoch 61 loss ccc:0.1181
2021-06-19 16:54:01,933 - utils.logger - INFO - Cur epoch 61 loss ccc:1.0002
2021-06-19 16:54:01,933 - utils.logger - INFO - saving the model at the end of epoch 61, iters 366
2021-06-19 16:54:02,241 - utils.logger - INFO - End of training epoch 61 / 80 	 Time Taken: 1 sec, Data loading: 0 sec
2021-06-19 16:54:02,241 - utils.logger - INFO - learning rate = 0.0001863
2021-06-19 16:54:02,670 - utils.logger - INFO - Trn result of epoch 61 / 80 mse 0.1307 rmse 0.3615 pcc 0.1125 ccc 0.0596
2021-06-19 16:54:02,817 - utils.logger - INFO - Val result of epoch 61 / 80 mse 0.1182 rmse 0.3437 pcc 0.0865 ccc 0.0485
2021-06-19 16:54:03,229 - utils.logger - INFO - Cur epoch 62 loss ccc:0.1247
2021-06-19 16:54:03,631 - utils.logger - INFO - Cur epoch 62 loss ccc:0.1207
2021-06-19 16:54:03,965 - utils.logger - INFO - Cur epoch 62 loss ccc:0.9945
2021-06-19 16:54:03,965 - utils.logger - INFO - saving the model at the end of epoch 62, iters 372
2021-06-19 16:54:04,230 - utils.logger - INFO - End of training epoch 62 / 80 	 Time Taken: 1 sec, Data loading: 0 sec
2021-06-19 16:54:04,230 - utils.logger - INFO - learning rate = 0.0001765
2021-06-19 16:54:04,653 - utils.logger - INFO - Trn result of epoch 62 / 80 mse 0.0664 rmse 0.2576 pcc 0.1866 ccc 0.1127
2021-06-19 16:54:04,800 - utils.logger - INFO - Val result of epoch 62 / 80 mse 0.0557 rmse 0.2361 pcc 0.1980 ccc 0.1322
2021-06-19 16:54:05,215 - utils.logger - INFO - Cur epoch 63 loss ccc:0.1362
2021-06-19 16:54:05,663 - utils.logger - INFO - Cur epoch 63 loss ccc:0.1211
2021-06-19 16:54:06,013 - utils.logger - INFO - Cur epoch 63 loss ccc:1.0409
2021-06-19 16:54:06,013 - utils.logger - INFO - saving the model at the end of epoch 63, iters 378
2021-06-19 16:54:06,249 - utils.logger - INFO - End of training epoch 63 / 80 	 Time Taken: 1 sec, Data loading: 0 sec
2021-06-19 16:54:06,249 - utils.logger - INFO - learning rate = 0.0001667
2021-06-19 16:54:06,665 - utils.logger - INFO - Trn result of epoch 63 / 80 mse 0.0716 rmse 0.2676 pcc 0.1817 ccc 0.1135
2021-06-19 16:54:06,816 - utils.logger - INFO - Val result of epoch 63 / 80 mse 0.0612 rmse 0.2473 pcc 0.1876 ccc 0.1281
2021-06-19 16:54:07,227 - utils.logger - INFO - Cur epoch 64 loss ccc:0.1210
2021-06-19 16:54:07,657 - utils.logger - INFO - Cur epoch 64 loss ccc:0.0905
2021-06-19 16:54:07,986 - utils.logger - INFO - Cur epoch 64 loss ccc:0.9750
2021-06-19 16:54:07,987 - utils.logger - INFO - saving the model at the end of epoch 64, iters 384
2021-06-19 16:54:08,231 - utils.logger - INFO - End of training epoch 64 / 80 	 Time Taken: 1 sec, Data loading: 0 sec
2021-06-19 16:54:08,231 - utils.logger - INFO - learning rate = 0.0001569
2021-06-19 16:54:08,642 - utils.logger - INFO - Trn result of epoch 64 / 80 mse 0.0616 rmse 0.2483 pcc 0.1215 ccc 0.0740
2021-06-19 16:54:08,783 - utils.logger - INFO - Val result of epoch 64 / 80 mse 0.0485 rmse 0.2202 pcc 0.2231 ccc 0.1541
2021-06-19 16:54:09,187 - utils.logger - INFO - Cur epoch 65 loss ccc:0.1202
2021-06-19 16:54:09,589 - utils.logger - INFO - Cur epoch 65 loss ccc:0.1046
2021-06-19 16:54:09,914 - utils.logger - INFO - Cur epoch 65 loss ccc:0.9602
2021-06-19 16:54:09,914 - utils.logger - INFO - saving the model at the end of epoch 65, iters 390
2021-06-19 16:54:10,152 - utils.logger - INFO - End of training epoch 65 / 80 	 Time Taken: 1 sec, Data loading: 0 sec
2021-06-19 16:54:10,153 - utils.logger - INFO - learning rate = 0.0001471
2021-06-19 16:54:10,563 - utils.logger - INFO - Trn result of epoch 65 / 80 mse 0.0582 rmse 0.2412 pcc 0.1081 ccc 0.0630
2021-06-19 16:54:10,703 - utils.logger - INFO - Val result of epoch 65 / 80 mse 0.0474 rmse 0.2176 pcc 0.1207 ccc 0.0775
2021-06-19 16:54:11,106 - utils.logger - INFO - Cur epoch 66 loss ccc:0.1168
2021-06-19 16:54:11,501 - utils.logger - INFO - Cur epoch 66 loss ccc:0.1250
2021-06-19 16:54:11,844 - utils.logger - INFO - Cur epoch 66 loss ccc:0.9606
2021-06-19 16:54:11,844 - utils.logger - INFO - saving the model at the end of epoch 66, iters 396
2021-06-19 16:54:12,156 - utils.logger - INFO - End of training epoch 66 / 80 	 Time Taken: 1 sec, Data loading: 0 sec
2021-06-19 16:54:12,156 - utils.logger - INFO - learning rate = 0.0001373
2021-06-19 16:54:12,568 - utils.logger - INFO - Trn result of epoch 66 / 80 mse 0.0806 rmse 0.2839 pcc 0.0347 ccc 0.0258
2021-06-19 16:54:12,712 - utils.logger - INFO - Val result of epoch 66 / 80 mse 0.0684 rmse 0.2615 pcc 0.0466 ccc 0.0376
2021-06-19 16:54:13,106 - utils.logger - INFO - Cur epoch 67 loss ccc:0.1236
2021-06-19 16:54:13,504 - utils.logger - INFO - Cur epoch 67 loss ccc:0.1117
2021-06-19 16:54:13,842 - utils.logger - INFO - Cur epoch 67 loss ccc:1.0057
2021-06-19 16:54:13,842 - utils.logger - INFO - saving the model at the end of epoch 67, iters 402
2021-06-19 16:54:14,076 - utils.logger - INFO - End of training epoch 67 / 80 	 Time Taken: 1 sec, Data loading: 0 sec
2021-06-19 16:54:14,077 - utils.logger - INFO - learning rate = 0.0001275
2021-06-19 16:54:14,486 - utils.logger - INFO - Trn result of epoch 67 / 80 mse 0.0698 rmse 0.2643 pcc 0.0510 ccc 0.0391
2021-06-19 16:54:14,630 - utils.logger - INFO - Val result of epoch 67 / 80 mse 0.0595 rmse 0.2439 pcc 0.0433 ccc 0.0362
2021-06-19 16:54:15,029 - utils.logger - INFO - Cur epoch 68 loss ccc:0.1195
2021-06-19 16:54:15,415 - utils.logger - INFO - Cur epoch 68 loss ccc:0.1247
2021-06-19 16:54:15,746 - utils.logger - INFO - Cur epoch 68 loss ccc:1.0003
2021-06-19 16:54:15,746 - utils.logger - INFO - saving the model at the end of epoch 68, iters 408
2021-06-19 16:54:15,995 - utils.logger - INFO - End of training epoch 68 / 80 	 Time Taken: 1 sec, Data loading: 0 sec
2021-06-19 16:54:15,995 - utils.logger - INFO - learning rate = 0.0001176
2021-06-19 16:54:16,409 - utils.logger - INFO - Trn result of epoch 68 / 80 mse 0.0690 rmse 0.2626 pcc 0.0733 ccc 0.0535
2021-06-19 16:54:16,552 - utils.logger - INFO - Val result of epoch 68 / 80 mse 0.0582 rmse 0.2412 pcc 0.0676 ccc 0.0539
2021-06-19 16:54:16,973 - utils.logger - INFO - Cur epoch 69 loss ccc:0.1122
2021-06-19 16:54:17,385 - utils.logger - INFO - Cur epoch 69 loss ccc:0.1250
2021-06-19 16:54:17,712 - utils.logger - INFO - Cur epoch 69 loss ccc:1.0888
2021-06-19 16:54:17,712 - utils.logger - INFO - saving the model at the end of epoch 69, iters 414
2021-06-19 16:54:17,986 - utils.logger - INFO - End of training epoch 69 / 80 	 Time Taken: 1 sec, Data loading: 0 sec
2021-06-19 16:54:17,986 - utils.logger - INFO - learning rate = 0.0001078
2021-06-19 16:54:18,394 - utils.logger - INFO - Trn result of epoch 69 / 80 mse 0.0676 rmse 0.2600 pcc 0.0852 ccc 0.0617
2021-06-19 16:54:18,536 - utils.logger - INFO - Val result of epoch 69 / 80 mse 0.0572 rmse 0.2392 pcc 0.0786 ccc 0.0622
2021-06-19 16:54:18,953 - utils.logger - INFO - Cur epoch 70 loss ccc:0.1241
2021-06-19 16:54:19,364 - utils.logger - INFO - Cur epoch 70 loss ccc:0.1149
2021-06-19 16:54:19,706 - utils.logger - INFO - Cur epoch 70 loss ccc:0.9999
2021-06-19 16:54:19,706 - utils.logger - INFO - saving the model at the end of epoch 70, iters 420
2021-06-19 16:54:19,955 - utils.logger - INFO - End of training epoch 70 / 80 	 Time Taken: 1 sec, Data loading: 0 sec
2021-06-19 16:54:19,955 - utils.logger - INFO - learning rate = 0.0000980
2021-06-19 16:54:20,365 - utils.logger - INFO - Trn result of epoch 70 / 80 mse 0.0688 rmse 0.2624 pcc 0.0880 ccc 0.0648
2021-06-19 16:54:20,506 - utils.logger - INFO - Val result of epoch 70 / 80 mse 0.0587 rmse 0.2423 pcc 0.0748 ccc 0.0600
2021-06-19 16:54:20,909 - utils.logger - INFO - Cur epoch 71 loss ccc:0.1239
2021-06-19 16:54:21,334 - utils.logger - INFO - Cur epoch 71 loss ccc:0.1122
2021-06-19 16:54:21,709 - utils.logger - INFO - Cur epoch 71 loss ccc:0.9273
2021-06-19 16:54:21,709 - utils.logger - INFO - saving the model at the end of epoch 71, iters 426
2021-06-19 16:54:21,995 - utils.logger - INFO - End of training epoch 71 / 80 	 Time Taken: 1 sec, Data loading: 0 sec
2021-06-19 16:54:21,996 - utils.logger - INFO - learning rate = 0.0000882
2021-06-19 16:54:22,465 - utils.logger - INFO - Trn result of epoch 71 / 80 mse 0.0648 rmse 0.2546 pcc 0.0716 ccc 0.0521
2021-06-19 16:54:22,624 - utils.logger - INFO - Val result of epoch 71 / 80 mse 0.0553 rmse 0.2352 pcc 0.0570 ccc 0.0457
2021-06-19 16:54:23,021 - utils.logger - INFO - Cur epoch 72 loss ccc:0.1208
2021-06-19 16:54:23,443 - utils.logger - INFO - Cur epoch 72 loss ccc:0.1266
2021-06-19 16:54:23,790 - utils.logger - INFO - Cur epoch 72 loss ccc:1.0178
2021-06-19 16:54:23,791 - utils.logger - INFO - saving the model at the end of epoch 72, iters 432
2021-06-19 16:54:24,042 - utils.logger - INFO - End of training epoch 72 / 80 	 Time Taken: 1 sec, Data loading: 0 sec
2021-06-19 16:54:24,043 - utils.logger - INFO - learning rate = 0.0000784
2021-06-19 16:54:24,506 - utils.logger - INFO - Trn result of epoch 72 / 80 mse 0.0598 rmse 0.2445 pcc 0.0744 ccc 0.0540
2021-06-19 16:54:24,664 - utils.logger - INFO - Val result of epoch 72 / 80 mse 0.0508 rmse 0.2254 pcc 0.0660 ccc 0.0528
2021-06-19 16:54:25,070 - utils.logger - INFO - Cur epoch 73 loss ccc:0.1231
2021-06-19 16:54:25,487 - utils.logger - INFO - Cur epoch 73 loss ccc:0.1235
2021-06-19 16:54:25,832 - utils.logger - INFO - Cur epoch 73 loss ccc:0.9988
2021-06-19 16:54:25,832 - utils.logger - INFO - saving the model at the end of epoch 73, iters 438
2021-06-19 16:54:26,066 - utils.logger - INFO - End of training epoch 73 / 80 	 Time Taken: 1 sec, Data loading: 0 sec
2021-06-19 16:54:26,067 - utils.logger - INFO - learning rate = 0.0000686
2021-06-19 16:54:26,474 - utils.logger - INFO - Trn result of epoch 73 / 80 mse 0.0604 rmse 0.2458 pcc 0.0797 ccc 0.0579
2021-06-19 16:54:26,618 - utils.logger - INFO - Val result of epoch 73 / 80 mse 0.0513 rmse 0.2266 pcc 0.0700 ccc 0.0560
2021-06-19 16:54:27,039 - utils.logger - INFO - Cur epoch 74 loss ccc:0.1157
2021-06-19 16:54:27,437 - utils.logger - INFO - Cur epoch 74 loss ccc:0.1275
2021-06-19 16:54:27,780 - utils.logger - INFO - Cur epoch 74 loss ccc:1.4045
2021-06-19 16:54:27,780 - utils.logger - INFO - saving the model at the end of epoch 74, iters 444
2021-06-19 16:54:28,027 - utils.logger - INFO - End of training epoch 74 / 80 	 Time Taken: 1 sec, Data loading: 0 sec
2021-06-19 16:54:28,028 - utils.logger - INFO - learning rate = 0.0000588
2021-06-19 16:54:28,436 - utils.logger - INFO - Trn result of epoch 74 / 80 mse 0.0731 rmse 0.2703 pcc 0.0778 ccc 0.0557
2021-06-19 16:54:28,578 - utils.logger - INFO - Val result of epoch 74 / 80 mse 0.0632 rmse 0.2515 pcc 0.0484 ccc 0.0381
2021-06-19 16:54:28,985 - utils.logger - INFO - Cur epoch 75 loss ccc:0.1260
2021-06-19 16:54:29,388 - utils.logger - INFO - Cur epoch 75 loss ccc:0.1221
2021-06-19 16:54:29,729 - utils.logger - INFO - Cur epoch 75 loss ccc:1.0041
2021-06-19 16:54:29,729 - utils.logger - INFO - saving the model at the end of epoch 75, iters 450
2021-06-19 16:54:29,969 - utils.logger - INFO - End of training epoch 75 / 80 	 Time Taken: 1 sec, Data loading: 0 sec
2021-06-19 16:54:29,969 - utils.logger - INFO - learning rate = 0.0000490
2021-06-19 16:54:30,381 - utils.logger - INFO - Trn result of epoch 75 / 80 mse 0.0773 rmse 0.2780 pcc 0.0713 ccc 0.0501
2021-06-19 16:54:30,522 - utils.logger - INFO - Val result of epoch 75 / 80 mse 0.0670 rmse 0.2588 pcc 0.0422 ccc 0.0326
2021-06-19 16:54:30,935 - utils.logger - INFO - Cur epoch 76 loss ccc:0.1222
2021-06-19 16:54:31,364 - utils.logger - INFO - Cur epoch 76 loss ccc:0.1180
2021-06-19 16:54:31,709 - utils.logger - INFO - Cur epoch 76 loss ccc:1.0000
2021-06-19 16:54:31,710 - utils.logger - INFO - saving the model at the end of epoch 76, iters 456
2021-06-19 16:54:31,939 - utils.logger - INFO - End of training epoch 76 / 80 	 Time Taken: 1 sec, Data loading: 0 sec
2021-06-19 16:54:31,940 - utils.logger - INFO - learning rate = 0.0000392
2021-06-19 16:54:32,391 - utils.logger - INFO - Trn result of epoch 76 / 80 mse 0.0778 rmse 0.2789 pcc 0.0728 ccc 0.0518
2021-06-19 16:54:32,548 - utils.logger - INFO - Val result of epoch 76 / 80 mse 0.0676 rmse 0.2601 pcc 0.0430 ccc 0.0335
2021-06-19 16:54:32,965 - utils.logger - INFO - Cur epoch 77 loss ccc:0.1139
2021-06-19 16:54:33,383 - utils.logger - INFO - Cur epoch 77 loss ccc:0.1254
2021-06-19 16:54:33,718 - utils.logger - INFO - Cur epoch 77 loss ccc:1.0535
2021-06-19 16:54:33,718 - utils.logger - INFO - saving the model at the end of epoch 77, iters 462
2021-06-19 16:54:33,963 - utils.logger - INFO - End of training epoch 77 / 80 	 Time Taken: 1 sec, Data loading: 0 sec
2021-06-19 16:54:33,963 - utils.logger - INFO - learning rate = 0.0000294
2021-06-19 16:54:34,372 - utils.logger - INFO - Trn result of epoch 77 / 80 mse 0.0782 rmse 0.2797 pcc 0.0728 ccc 0.0517
2021-06-19 16:54:34,513 - utils.logger - INFO - Val result of epoch 77 / 80 mse 0.0680 rmse 0.2608 pcc 0.0434 ccc 0.0338
2021-06-19 16:54:34,931 - utils.logger - INFO - Cur epoch 78 loss ccc:0.1303
2021-06-19 16:54:35,345 - utils.logger - INFO - Cur epoch 78 loss ccc:0.1250
2021-06-19 16:54:35,674 - utils.logger - INFO - Cur epoch 78 loss ccc:0.9938
2021-06-19 16:54:35,674 - utils.logger - INFO - saving the model at the end of epoch 78, iters 468
2021-06-19 16:54:35,913 - utils.logger - INFO - End of training epoch 78 / 80 	 Time Taken: 1 sec, Data loading: 0 sec
2021-06-19 16:54:35,913 - utils.logger - INFO - learning rate = 0.0000196
2021-06-19 16:54:36,322 - utils.logger - INFO - Trn result of epoch 78 / 80 mse 0.0789 rmse 0.2809 pcc 0.0718 ccc 0.0513
2021-06-19 16:54:36,464 - utils.logger - INFO - Val result of epoch 78 / 80 mse 0.0686 rmse 0.2619 pcc 0.0449 ccc 0.0351
2021-06-19 16:54:36,893 - utils.logger - INFO - Cur epoch 79 loss ccc:0.0990
2021-06-19 16:54:37,294 - utils.logger - INFO - Cur epoch 79 loss ccc:0.1151
2021-06-19 16:54:37,620 - utils.logger - INFO - Cur epoch 79 loss ccc:1.0518
2021-06-19 16:54:37,620 - utils.logger - INFO - saving the model at the end of epoch 79, iters 474
2021-06-19 16:54:37,901 - utils.logger - INFO - End of training epoch 79 / 80 	 Time Taken: 1 sec, Data loading: 0 sec
2021-06-19 16:54:37,901 - utils.logger - INFO - learning rate = 0.0000098
2021-06-19 16:54:38,319 - utils.logger - INFO - Trn result of epoch 79 / 80 mse 0.0771 rmse 0.2777 pcc 0.0725 ccc 0.0520
2021-06-19 16:54:38,460 - utils.logger - INFO - Val result of epoch 79 / 80 mse 0.0669 rmse 0.2587 pcc 0.0471 ccc 0.0369
2021-06-19 16:54:38,882 - utils.logger - INFO - Cur epoch 80 loss ccc:0.1236
2021-06-19 16:54:39,320 - utils.logger - INFO - Cur epoch 80 loss ccc:0.1230
2021-06-19 16:54:39,691 - utils.logger - INFO - Cur epoch 80 loss ccc:0.9919
2021-06-19 16:54:39,691 - utils.logger - INFO - saving the model at the end of epoch 80, iters 480
2021-06-19 16:54:39,939 - utils.logger - INFO - End of training epoch 80 / 80 	 Time Taken: 1 sec, Data loading: 0 sec
2021-06-19 16:54:39,939 - utils.logger - INFO - learning rate = 0.0000000
2021-06-19 16:54:40,351 - utils.logger - INFO - Trn result of epoch 80 / 80 mse 0.0768 rmse 0.2771 pcc 0.0729 ccc 0.0524
2021-06-19 16:54:40,497 - utils.logger - INFO - Val result of epoch 80 / 80 mse 0.0666 rmse 0.2581 pcc 0.0480 ccc 0.0378
2021-06-19 16:54:40,497 - utils.logger - INFO - Best eval epoch 56 found with ccc 0.315267
2021-06-19 16:54:40,497 - utils.logger - INFO - baseline_fcfusion_wonorm_wav2vec_valence_hidden1024_seq100_lr0.0005_cccloss_run1
