2021-06-16 15:01:12,545 - utils.logger - INFO - The number of training samples = 41
2021-06-16 15:01:15,928 - utils.logger - INFO - Cur epoch 1 loss ccc:0.1204
2021-06-16 15:01:16,354 - utils.logger - INFO - Cur epoch 1 loss ccc:0.1251
2021-06-16 15:01:16,691 - utils.logger - INFO - Cur epoch 1 loss ccc:1.0005
2021-06-16 15:01:16,691 - utils.logger - INFO - saving the model at the end of epoch 1, iters 6
2021-06-16 15:01:16,931 - utils.logger - INFO - End of training epoch 1 / 60 	 Time Taken: 1 sec, Data loading: 0 sec
2021-06-16 15:01:16,931 - utils.logger - INFO - learning rate = 0.0001000
2021-06-16 15:01:17,358 - utils.logger - INFO - Trn result of epoch 1 / 60 mse 0.0949 rmse 0.3080 pcc 0.0611 ccc 0.0090
2021-06-16 15:01:17,541 - utils.logger - INFO - Val result of epoch 1 / 60 mse 0.1054 rmse 0.3247 pcc 0.0303 ccc 0.0051
2021-06-16 15:01:17,995 - utils.logger - INFO - Cur epoch 2 loss ccc:0.1305
2021-06-16 15:01:18,446 - utils.logger - INFO - Cur epoch 2 loss ccc:0.1249
2021-06-16 15:01:18,800 - utils.logger - INFO - Cur epoch 2 loss ccc:1.0015
2021-06-16 15:01:18,800 - utils.logger - INFO - saving the model at the end of epoch 2, iters 12
2021-06-16 15:01:19,071 - utils.logger - INFO - End of training epoch 2 / 60 	 Time Taken: 1 sec, Data loading: 0 sec
2021-06-16 15:01:19,071 - utils.logger - INFO - learning rate = 0.0001000
2021-06-16 15:01:19,488 - utils.logger - INFO - Trn result of epoch 2 / 60 mse 0.0916 rmse 0.3026 pcc 0.0684 ccc 0.0126
2021-06-16 15:01:19,649 - utils.logger - INFO - Val result of epoch 2 / 60 mse 0.1005 rmse 0.3170 pcc 0.0169 ccc 0.0036
2021-06-16 15:01:20,075 - utils.logger - INFO - Cur epoch 3 loss ccc:0.1160
2021-06-16 15:01:20,513 - utils.logger - INFO - Cur epoch 3 loss ccc:0.1004
2021-06-16 15:01:20,864 - utils.logger - INFO - Cur epoch 3 loss ccc:1.0021
2021-06-16 15:01:20,865 - utils.logger - INFO - saving the model at the end of epoch 3, iters 18
2021-06-16 15:01:21,134 - utils.logger - INFO - End of training epoch 3 / 60 	 Time Taken: 1 sec, Data loading: 0 sec
2021-06-16 15:01:21,134 - utils.logger - INFO - learning rate = 0.0001000
2021-06-16 15:01:21,600 - utils.logger - INFO - Trn result of epoch 3 / 60 mse 0.0902 rmse 0.3003 pcc 0.0821 ccc 0.0127
2021-06-16 15:01:21,762 - utils.logger - INFO - Val result of epoch 3 / 60 mse 0.0986 rmse 0.3140 pcc -0.0156 ccc -0.0027
2021-06-16 15:01:22,193 - utils.logger - INFO - Cur epoch 4 loss ccc:0.1072
2021-06-16 15:01:22,602 - utils.logger - INFO - Cur epoch 4 loss ccc:0.1272
2021-06-16 15:01:22,941 - utils.logger - INFO - Cur epoch 4 loss ccc:0.9997
2021-06-16 15:01:22,941 - utils.logger - INFO - saving the model at the end of epoch 4, iters 24
2021-06-16 15:01:23,207 - utils.logger - INFO - End of training epoch 4 / 60 	 Time Taken: 1 sec, Data loading: 0 sec
2021-06-16 15:01:23,207 - utils.logger - INFO - learning rate = 0.0001000
2021-06-16 15:01:23,625 - utils.logger - INFO - Trn result of epoch 4 / 60 mse 0.0926 rmse 0.3043 pcc 0.0892 ccc 0.0177
2021-06-16 15:01:23,771 - utils.logger - INFO - Val result of epoch 4 / 60 mse 0.1033 rmse 0.3214 pcc -0.0158 ccc -0.0034
2021-06-16 15:01:24,181 - utils.logger - INFO - Cur epoch 5 loss ccc:0.1095
2021-06-16 15:01:24,600 - utils.logger - INFO - Cur epoch 5 loss ccc:0.1136
2021-06-16 15:01:24,954 - utils.logger - INFO - Cur epoch 5 loss ccc:1.0116
2021-06-16 15:01:24,954 - utils.logger - INFO - saving the model at the end of epoch 5, iters 30
2021-06-16 15:01:25,250 - utils.logger - INFO - End of training epoch 5 / 60 	 Time Taken: 1 sec, Data loading: 0 sec
2021-06-16 15:01:25,251 - utils.logger - INFO - learning rate = 0.0001000
2021-06-16 15:01:25,693 - utils.logger - INFO - Trn result of epoch 5 / 60 mse 0.0917 rmse 0.3028 pcc 0.1009 ccc 0.0172
2021-06-16 15:01:25,844 - utils.logger - INFO - Val result of epoch 5 / 60 mse 0.1022 rmse 0.3197 pcc -0.0351 ccc -0.0061
2021-06-16 15:01:26,281 - utils.logger - INFO - Cur epoch 6 loss ccc:0.1162
2021-06-16 15:01:26,694 - utils.logger - INFO - Cur epoch 6 loss ccc:0.1143
2021-06-16 15:01:27,036 - utils.logger - INFO - Cur epoch 6 loss ccc:1.0031
2021-06-16 15:01:27,036 - utils.logger - INFO - saving the model at the end of epoch 6, iters 36
2021-06-16 15:01:27,305 - utils.logger - INFO - End of training epoch 6 / 60 	 Time Taken: 1 sec, Data loading: 0 sec
2021-06-16 15:01:27,306 - utils.logger - INFO - learning rate = 0.0001000
2021-06-16 15:01:27,727 - utils.logger - INFO - Trn result of epoch 6 / 60 mse 0.0952 rmse 0.3085 pcc 0.1054 ccc 0.0254
2021-06-16 15:01:27,888 - utils.logger - INFO - Val result of epoch 6 / 60 mse 0.1082 rmse 0.3290 pcc -0.0407 ccc -0.0098
2021-06-16 15:01:28,298 - utils.logger - INFO - Cur epoch 7 loss ccc:0.1055
2021-06-16 15:01:28,702 - utils.logger - INFO - Cur epoch 7 loss ccc:0.1303
2021-06-16 15:01:29,024 - utils.logger - INFO - Cur epoch 7 loss ccc:1.0113
2021-06-16 15:01:29,025 - utils.logger - INFO - saving the model at the end of epoch 7, iters 42
2021-06-16 15:01:29,343 - utils.logger - INFO - End of training epoch 7 / 60 	 Time Taken: 1 sec, Data loading: 0 sec
2021-06-16 15:01:29,343 - utils.logger - INFO - learning rate = 0.0001000
2021-06-16 15:01:29,774 - utils.logger - INFO - Trn result of epoch 7 / 60 mse 0.1121 rmse 0.3347 pcc 0.1013 ccc 0.0284
2021-06-16 15:01:29,923 - utils.logger - INFO - Val result of epoch 7 / 60 mse 0.1296 rmse 0.3600 pcc -0.0256 ccc -0.0071
2021-06-16 15:01:30,312 - utils.logger - INFO - Cur epoch 8 loss ccc:0.1336
2021-06-16 15:01:30,724 - utils.logger - INFO - Cur epoch 8 loss ccc:0.1124
2021-06-16 15:01:31,066 - utils.logger - INFO - Cur epoch 8 loss ccc:1.0124
2021-06-16 15:01:31,066 - utils.logger - INFO - saving the model at the end of epoch 8, iters 48
2021-06-16 15:01:31,357 - utils.logger - INFO - End of training epoch 8 / 60 	 Time Taken: 1 sec, Data loading: 0 sec
2021-06-16 15:01:31,357 - utils.logger - INFO - learning rate = 0.0001000
2021-06-16 15:01:31,810 - utils.logger - INFO - Trn result of epoch 8 / 60 mse 0.1068 rmse 0.3268 pcc 0.1091 ccc 0.0262
2021-06-16 15:01:31,959 - utils.logger - INFO - Val result of epoch 8 / 60 mse 0.1249 rmse 0.3533 pcc -0.0834 ccc -0.0169
2021-06-16 15:01:32,397 - utils.logger - INFO - Cur epoch 9 loss ccc:0.1103
2021-06-16 15:01:32,838 - utils.logger - INFO - Cur epoch 9 loss ccc:0.1130
2021-06-16 15:01:33,207 - utils.logger - INFO - Cur epoch 9 loss ccc:0.9545
2021-06-16 15:01:33,207 - utils.logger - INFO - saving the model at the end of epoch 9, iters 54
2021-06-16 15:01:33,472 - utils.logger - INFO - End of training epoch 9 / 60 	 Time Taken: 1 sec, Data loading: 0 sec
2021-06-16 15:01:33,472 - utils.logger - INFO - learning rate = 0.0001000
2021-06-16 15:01:33,909 - utils.logger - INFO - Trn result of epoch 9 / 60 mse 0.1211 rmse 0.3480 pcc 0.0842 ccc 0.0197
2021-06-16 15:01:34,077 - utils.logger - INFO - Val result of epoch 9 / 60 mse 0.1432 rmse 0.3784 pcc -0.0951 ccc -0.0196
2021-06-16 15:01:34,512 - utils.logger - INFO - Cur epoch 10 loss ccc:0.1152
2021-06-16 15:01:34,961 - utils.logger - INFO - Cur epoch 10 loss ccc:0.1113
2021-06-16 15:01:35,297 - utils.logger - INFO - Cur epoch 10 loss ccc:0.9146
2021-06-16 15:01:35,297 - utils.logger - INFO - saving the model at the end of epoch 10, iters 60
2021-06-16 15:01:35,614 - utils.logger - INFO - End of training epoch 10 / 60 	 Time Taken: 1 sec, Data loading: 0 sec
2021-06-16 15:01:35,614 - utils.logger - INFO - learning rate = 0.0000980
2021-06-16 15:01:36,054 - utils.logger - INFO - Trn result of epoch 10 / 60 mse 0.1109 rmse 0.3331 pcc 0.0022 ccc 0.0011
2021-06-16 15:01:36,217 - utils.logger - INFO - Val result of epoch 10 / 60 mse 0.1375 rmse 0.3708 pcc -0.0698 ccc -0.0380
2021-06-16 15:01:36,642 - utils.logger - INFO - Cur epoch 11 loss ccc:0.1295
2021-06-16 15:01:37,063 - utils.logger - INFO - Cur epoch 11 loss ccc:0.1000
2021-06-16 15:01:37,409 - utils.logger - INFO - Cur epoch 11 loss ccc:0.8573
2021-06-16 15:01:37,409 - utils.logger - INFO - saving the model at the end of epoch 11, iters 66
2021-06-16 15:01:37,676 - utils.logger - INFO - End of training epoch 11 / 60 	 Time Taken: 1 sec, Data loading: 0 sec
2021-06-16 15:01:37,677 - utils.logger - INFO - learning rate = 0.0000961
2021-06-16 15:01:38,113 - utils.logger - INFO - Trn result of epoch 11 / 60 mse 0.0922 rmse 0.3037 pcc 0.0140 ccc 0.0042
2021-06-16 15:01:38,262 - utils.logger - INFO - Val result of epoch 11 / 60 mse 0.1037 rmse 0.3220 pcc -0.0723 ccc -0.0242
2021-06-16 15:01:38,703 - utils.logger - INFO - Cur epoch 12 loss ccc:0.1402
2021-06-16 15:01:39,132 - utils.logger - INFO - Cur epoch 12 loss ccc:0.1317
2021-06-16 15:01:39,480 - utils.logger - INFO - Cur epoch 12 loss ccc:1.0025
2021-06-16 15:01:39,480 - utils.logger - INFO - saving the model at the end of epoch 12, iters 72
2021-06-16 15:01:39,761 - utils.logger - INFO - End of training epoch 12 / 60 	 Time Taken: 1 sec, Data loading: 0 sec
2021-06-16 15:01:39,761 - utils.logger - INFO - learning rate = 0.0000941
2021-06-16 15:01:40,188 - utils.logger - INFO - Trn result of epoch 12 / 60 mse 0.0996 rmse 0.3156 pcc -0.0109 ccc -0.0062
2021-06-16 15:01:40,348 - utils.logger - INFO - Val result of epoch 12 / 60 mse 0.1164 rmse 0.3412 pcc -0.0585 ccc -0.0373
2021-06-16 15:01:40,758 - utils.logger - INFO - Cur epoch 13 loss ccc:0.1163
2021-06-16 15:01:41,185 - utils.logger - INFO - Cur epoch 13 loss ccc:0.1208
2021-06-16 15:01:41,533 - utils.logger - INFO - Cur epoch 13 loss ccc:0.8593
2021-06-16 15:01:41,534 - utils.logger - INFO - saving the model at the end of epoch 13, iters 78
2021-06-16 15:01:41,797 - utils.logger - INFO - End of training epoch 13 / 60 	 Time Taken: 1 sec, Data loading: 0 sec
2021-06-16 15:01:41,797 - utils.logger - INFO - learning rate = 0.0000922
2021-06-16 15:01:42,214 - utils.logger - INFO - Trn result of epoch 13 / 60 mse 0.1064 rmse 0.3261 pcc 0.0072 ccc 0.0034
2021-06-16 15:01:42,359 - utils.logger - INFO - Val result of epoch 13 / 60 mse 0.1288 rmse 0.3589 pcc -0.0737 ccc -0.0364
2021-06-16 15:01:42,784 - utils.logger - INFO - Cur epoch 14 loss ccc:0.1095
2021-06-16 15:01:43,201 - utils.logger - INFO - Cur epoch 14 loss ccc:0.1249
2021-06-16 15:01:43,549 - utils.logger - INFO - Cur epoch 14 loss ccc:1.0991
2021-06-16 15:01:43,549 - utils.logger - INFO - saving the model at the end of epoch 14, iters 84
2021-06-16 15:01:43,808 - utils.logger - INFO - End of training epoch 14 / 60 	 Time Taken: 1 sec, Data loading: 0 sec
2021-06-16 15:01:43,808 - utils.logger - INFO - learning rate = 0.0000902
2021-06-16 15:01:44,251 - utils.logger - INFO - Trn result of epoch 14 / 60 mse 0.1217 rmse 0.3488 pcc 0.0269 ccc 0.0108
2021-06-16 15:01:44,400 - utils.logger - INFO - Val result of epoch 14 / 60 mse 0.1482 rmse 0.3850 pcc -0.0840 ccc -0.0335
2021-06-16 15:01:44,831 - utils.logger - INFO - Cur epoch 15 loss ccc:0.1196
2021-06-16 15:01:45,265 - utils.logger - INFO - Cur epoch 15 loss ccc:0.1307
2021-06-16 15:01:45,620 - utils.logger - INFO - Cur epoch 15 loss ccc:1.0000
2021-06-16 15:01:45,620 - utils.logger - INFO - saving the model at the end of epoch 15, iters 90
2021-06-16 15:01:45,915 - utils.logger - INFO - End of training epoch 15 / 60 	 Time Taken: 1 sec, Data loading: 0 sec
2021-06-16 15:01:45,915 - utils.logger - INFO - learning rate = 0.0000882
2021-06-16 15:01:46,335 - utils.logger - INFO - Trn result of epoch 15 / 60 mse 0.1219 rmse 0.3491 pcc 0.0324 ccc 0.0129
2021-06-16 15:01:46,478 - utils.logger - INFO - Val result of epoch 15 / 60 mse 0.1479 rmse 0.3846 pcc -0.0898 ccc -0.0348
2021-06-16 15:01:46,896 - utils.logger - INFO - Cur epoch 16 loss ccc:0.1180
2021-06-16 15:01:47,334 - utils.logger - INFO - Cur epoch 16 loss ccc:0.1334
2021-06-16 15:01:47,677 - utils.logger - INFO - Cur epoch 16 loss ccc:0.9992
2021-06-16 15:01:47,677 - utils.logger - INFO - saving the model at the end of epoch 16, iters 96
2021-06-16 15:01:47,943 - utils.logger - INFO - End of training epoch 16 / 60 	 Time Taken: 1 sec, Data loading: 0 sec
2021-06-16 15:01:47,943 - utils.logger - INFO - learning rate = 0.0000863
2021-06-16 15:01:48,356 - utils.logger - INFO - Trn result of epoch 16 / 60 mse 0.1148 rmse 0.3388 pcc 0.0404 ccc 0.0170
2021-06-16 15:01:48,521 - utils.logger - INFO - Val result of epoch 16 / 60 mse 0.1387 rmse 0.3724 pcc -0.0965 ccc -0.0395
2021-06-16 15:01:48,981 - utils.logger - INFO - Cur epoch 17 loss ccc:0.1166
2021-06-16 15:01:49,458 - utils.logger - INFO - Cur epoch 17 loss ccc:0.1329
2021-06-16 15:01:49,814 - utils.logger - INFO - Cur epoch 17 loss ccc:0.9992
2021-06-16 15:01:49,814 - utils.logger - INFO - saving the model at the end of epoch 17, iters 102
2021-06-16 15:01:50,068 - utils.logger - INFO - End of training epoch 17 / 60 	 Time Taken: 1 sec, Data loading: 0 sec
2021-06-16 15:01:50,069 - utils.logger - INFO - learning rate = 0.0000843
2021-06-16 15:01:50,480 - utils.logger - INFO - Trn result of epoch 17 / 60 mse 0.1148 rmse 0.3388 pcc 0.0600 ccc 0.0206
2021-06-16 15:01:50,623 - utils.logger - INFO - Val result of epoch 17 / 60 mse 0.1374 rmse 0.3707 pcc -0.1052 ccc -0.0332
2021-06-16 15:01:51,068 - utils.logger - INFO - Cur epoch 18 loss ccc:0.1138
2021-06-16 15:01:51,473 - utils.logger - INFO - Cur epoch 18 loss ccc:0.1066
2021-06-16 15:01:51,840 - utils.logger - INFO - Cur epoch 18 loss ccc:1.0013
2021-06-16 15:01:51,840 - utils.logger - INFO - saving the model at the end of epoch 18, iters 108
2021-06-16 15:01:52,121 - utils.logger - INFO - End of training epoch 18 / 60 	 Time Taken: 1 sec, Data loading: 0 sec
2021-06-16 15:01:52,122 - utils.logger - INFO - learning rate = 0.0000824
2021-06-16 15:01:52,536 - utils.logger - INFO - Trn result of epoch 18 / 60 mse 0.1216 rmse 0.3487 pcc 0.0701 ccc 0.0220
2021-06-16 15:01:52,678 - utils.logger - INFO - Val result of epoch 18 / 60 mse 0.1456 rmse 0.3816 pcc -0.1051 ccc -0.0296
2021-06-16 15:01:53,131 - utils.logger - INFO - Cur epoch 19 loss ccc:0.0879
2021-06-16 15:01:53,576 - utils.logger - INFO - Cur epoch 19 loss ccc:0.1328
2021-06-16 15:01:53,916 - utils.logger - INFO - Cur epoch 19 loss ccc:1.0062
2021-06-16 15:01:53,916 - utils.logger - INFO - saving the model at the end of epoch 19, iters 114
2021-06-16 15:01:54,176 - utils.logger - INFO - End of training epoch 19 / 60 	 Time Taken: 1 sec, Data loading: 0 sec
2021-06-16 15:01:54,176 - utils.logger - INFO - learning rate = 0.0000804
2021-06-16 15:01:54,604 - utils.logger - INFO - Trn result of epoch 19 / 60 mse 0.1150 rmse 0.3391 pcc 0.0732 ccc 0.0229
2021-06-16 15:01:54,751 - utils.logger - INFO - Val result of epoch 19 / 60 mse 0.1375 rmse 0.3709 pcc -0.1056 ccc -0.0298
2021-06-16 15:01:55,189 - utils.logger - INFO - Cur epoch 20 loss ccc:0.1140
2021-06-16 15:01:55,627 - utils.logger - INFO - Cur epoch 20 loss ccc:0.1288
2021-06-16 15:01:55,968 - utils.logger - INFO - Cur epoch 20 loss ccc:0.9997
2021-06-16 15:01:55,968 - utils.logger - INFO - saving the model at the end of epoch 20, iters 120
2021-06-16 15:01:56,234 - utils.logger - INFO - End of training epoch 20 / 60 	 Time Taken: 1 sec, Data loading: 0 sec
2021-06-16 15:01:56,234 - utils.logger - INFO - learning rate = 0.0000784
2021-06-16 15:01:56,686 - utils.logger - INFO - Trn result of epoch 20 / 60 mse 0.1187 rmse 0.3446 pcc 0.0624 ccc 0.0220
2021-06-16 15:01:56,847 - utils.logger - INFO - Val result of epoch 20 / 60 mse 0.1415 rmse 0.3762 pcc -0.0992 ccc -0.0318
2021-06-16 15:01:57,301 - utils.logger - INFO - Cur epoch 21 loss ccc:0.1363
2021-06-16 15:01:57,760 - utils.logger - INFO - Cur epoch 21 loss ccc:0.1143
2021-06-16 15:01:58,112 - utils.logger - INFO - Cur epoch 21 loss ccc:1.0000
2021-06-16 15:01:58,113 - utils.logger - INFO - saving the model at the end of epoch 21, iters 126
2021-06-16 15:01:58,408 - utils.logger - INFO - End of training epoch 21 / 60 	 Time Taken: 1 sec, Data loading: 0 sec
2021-06-16 15:01:58,408 - utils.logger - INFO - learning rate = 0.0000765
2021-06-16 15:01:58,827 - utils.logger - INFO - Trn result of epoch 21 / 60 mse 0.1155 rmse 0.3399 pcc 0.0556 ccc 0.0204
2021-06-16 15:01:58,971 - utils.logger - INFO - Val result of epoch 21 / 60 mse 0.1376 rmse 0.3709 pcc -0.1014 ccc -0.0344
2021-06-16 15:01:59,393 - utils.logger - INFO - Cur epoch 22 loss ccc:0.1356
2021-06-16 15:01:59,802 - utils.logger - INFO - Cur epoch 22 loss ccc:0.1239
2021-06-16 15:02:00,147 - utils.logger - INFO - Cur epoch 22 loss ccc:0.9991
2021-06-16 15:02:00,148 - utils.logger - INFO - saving the model at the end of epoch 22, iters 132
2021-06-16 15:02:00,852 - utils.logger - INFO - End of training epoch 22 / 60 	 Time Taken: 1 sec, Data loading: 0 sec
2021-06-16 15:02:00,852 - utils.logger - INFO - learning rate = 0.0000745
2021-06-16 15:02:01,282 - utils.logger - INFO - Trn result of epoch 22 / 60 mse 0.1181 rmse 0.3437 pcc 0.0577 ccc 0.0223
2021-06-16 15:02:01,423 - utils.logger - INFO - Val result of epoch 22 / 60 mse 0.1401 rmse 0.3743 pcc -0.0925 ccc -0.0328
2021-06-16 15:02:01,836 - utils.logger - INFO - Cur epoch 23 loss ccc:0.1027
2021-06-16 15:02:02,266 - utils.logger - INFO - Cur epoch 23 loss ccc:0.1089
2021-06-16 15:02:02,617 - utils.logger - INFO - Cur epoch 23 loss ccc:1.0009
2021-06-16 15:02:02,618 - utils.logger - INFO - saving the model at the end of epoch 23, iters 138
2021-06-16 15:02:02,874 - utils.logger - INFO - End of training epoch 23 / 60 	 Time Taken: 1 sec, Data loading: 0 sec
2021-06-16 15:02:02,875 - utils.logger - INFO - learning rate = 0.0000725
2021-06-16 15:02:03,344 - utils.logger - INFO - Trn result of epoch 23 / 60 mse 0.1155 rmse 0.3399 pcc 0.0589 ccc 0.0237
2021-06-16 15:02:03,506 - utils.logger - INFO - Val result of epoch 23 / 60 mse 0.1370 rmse 0.3701 pcc -0.0919 ccc -0.0336
2021-06-16 15:02:03,928 - utils.logger - INFO - Cur epoch 24 loss ccc:0.1120
2021-06-16 15:02:04,343 - utils.logger - INFO - Cur epoch 24 loss ccc:0.1184
2021-06-16 15:02:04,714 - utils.logger - INFO - Cur epoch 24 loss ccc:0.9995
2021-06-16 15:02:04,714 - utils.logger - INFO - saving the model at the end of epoch 24, iters 144
2021-06-16 15:02:04,976 - utils.logger - INFO - End of training epoch 24 / 60 	 Time Taken: 1 sec, Data loading: 0 sec
2021-06-16 15:02:04,976 - utils.logger - INFO - learning rate = 0.0000706
2021-06-16 15:02:05,398 - utils.logger - INFO - Trn result of epoch 24 / 60 mse 0.1133 rmse 0.3365 pcc 0.0626 ccc 0.0266
2021-06-16 15:02:05,564 - utils.logger - INFO - Val result of epoch 24 / 60 mse 0.1352 rmse 0.3677 pcc -0.0972 ccc -0.0380
2021-06-16 15:02:05,983 - utils.logger - INFO - Cur epoch 25 loss ccc:0.1155
2021-06-16 15:02:06,404 - utils.logger - INFO - Cur epoch 25 loss ccc:0.1100
2021-06-16 15:02:06,751 - utils.logger - INFO - Cur epoch 25 loss ccc:0.9988
2021-06-16 15:02:06,751 - utils.logger - INFO - saving the model at the end of epoch 25, iters 150
2021-06-16 15:02:07,012 - utils.logger - INFO - End of training epoch 25 / 60 	 Time Taken: 1 sec, Data loading: 0 sec
2021-06-16 15:02:07,012 - utils.logger - INFO - learning rate = 0.0000686
2021-06-16 15:02:07,431 - utils.logger - INFO - Trn result of epoch 25 / 60 mse 0.1159 rmse 0.3404 pcc 0.0683 ccc 0.0284
2021-06-16 15:02:07,576 - utils.logger - INFO - Val result of epoch 25 / 60 mse 0.1383 rmse 0.3719 pcc -0.0963 ccc -0.0363
2021-06-16 15:02:08,030 - utils.logger - INFO - Cur epoch 26 loss ccc:0.0986
2021-06-16 15:02:08,477 - utils.logger - INFO - Cur epoch 26 loss ccc:0.1140
2021-06-16 15:02:08,843 - utils.logger - INFO - Cur epoch 26 loss ccc:0.9780
2021-06-16 15:02:08,843 - utils.logger - INFO - saving the model at the end of epoch 26, iters 156
2021-06-16 15:02:09,108 - utils.logger - INFO - End of training epoch 26 / 60 	 Time Taken: 1 sec, Data loading: 0 sec
2021-06-16 15:02:09,108 - utils.logger - INFO - learning rate = 0.0000667
2021-06-16 15:02:09,528 - utils.logger - INFO - Trn result of epoch 26 / 60 mse 0.1528 rmse 0.3909 pcc 0.0638 ccc 0.0256
2021-06-16 15:02:09,673 - utils.logger - INFO - Val result of epoch 26 / 60 mse 0.1783 rmse 0.4222 pcc -0.0855 ccc -0.0308
2021-06-16 15:02:10,110 - utils.logger - INFO - Cur epoch 27 loss ccc:0.1224
2021-06-16 15:02:10,580 - utils.logger - INFO - Cur epoch 27 loss ccc:0.0950
2021-06-16 15:02:10,955 - utils.logger - INFO - Cur epoch 27 loss ccc:1.0108
2021-06-16 15:02:10,955 - utils.logger - INFO - saving the model at the end of epoch 27, iters 162
2021-06-16 15:02:11,241 - utils.logger - INFO - End of training epoch 27 / 60 	 Time Taken: 1 sec, Data loading: 0 sec
2021-06-16 15:02:11,242 - utils.logger - INFO - learning rate = 0.0000647
2021-06-16 15:02:11,681 - utils.logger - INFO - Trn result of epoch 27 / 60 mse 0.1447 rmse 0.3804 pcc 0.0682 ccc 0.0272
2021-06-16 15:02:11,838 - utils.logger - INFO - Val result of epoch 27 / 60 mse 0.1696 rmse 0.4118 pcc -0.0872 ccc -0.0311
2021-06-16 15:02:12,262 - utils.logger - INFO - Cur epoch 28 loss ccc:0.1138
2021-06-16 15:02:12,674 - utils.logger - INFO - Cur epoch 28 loss ccc:0.1321
2021-06-16 15:02:13,034 - utils.logger - INFO - Cur epoch 28 loss ccc:1.0120
2021-06-16 15:02:13,035 - utils.logger - INFO - saving the model at the end of epoch 28, iters 168
2021-06-16 15:02:13,306 - utils.logger - INFO - End of training epoch 28 / 60 	 Time Taken: 1 sec, Data loading: 0 sec
2021-06-16 15:02:13,306 - utils.logger - INFO - learning rate = 0.0000627
2021-06-16 15:02:13,735 - utils.logger - INFO - Trn result of epoch 28 / 60 mse 0.1432 rmse 0.3784 pcc 0.0649 ccc 0.0264
2021-06-16 15:02:13,885 - utils.logger - INFO - Val result of epoch 28 / 60 mse 0.1677 rmse 0.4095 pcc -0.0834 ccc -0.0302
2021-06-16 15:02:14,311 - utils.logger - INFO - Cur epoch 29 loss ccc:0.1250
2021-06-16 15:02:14,722 - utils.logger - INFO - Cur epoch 29 loss ccc:0.1250
2021-06-16 15:02:15,061 - utils.logger - INFO - Cur epoch 29 loss ccc:1.0020
2021-06-16 15:02:15,061 - utils.logger - INFO - saving the model at the end of epoch 29, iters 174
2021-06-16 15:02:15,317 - utils.logger - INFO - End of training epoch 29 / 60 	 Time Taken: 1 sec, Data loading: 0 sec
2021-06-16 15:02:15,317 - utils.logger - INFO - learning rate = 0.0000608
2021-06-16 15:02:15,745 - utils.logger - INFO - Trn result of epoch 29 / 60 mse 0.1327 rmse 0.3642 pcc 0.0674 ccc 0.0319
2021-06-16 15:02:15,894 - utils.logger - INFO - Val result of epoch 29 / 60 mse 0.1564 rmse 0.3955 pcc -0.0890 ccc -0.0378
2021-06-16 15:02:16,329 - utils.logger - INFO - Cur epoch 30 loss ccc:0.1178
2021-06-16 15:02:16,760 - utils.logger - INFO - Cur epoch 30 loss ccc:0.1245
2021-06-16 15:02:17,126 - utils.logger - INFO - Cur epoch 30 loss ccc:1.0015
2021-06-16 15:02:17,126 - utils.logger - INFO - saving the model at the end of epoch 30, iters 180
2021-06-16 15:02:17,463 - utils.logger - INFO - End of training epoch 30 / 60 	 Time Taken: 1 sec, Data loading: 0 sec
2021-06-16 15:02:17,463 - utils.logger - INFO - learning rate = 0.0000588
2021-06-16 15:02:17,882 - utils.logger - INFO - Trn result of epoch 30 / 60 mse 0.1293 rmse 0.3595 pcc 0.0718 ccc 0.0362
2021-06-16 15:02:18,030 - utils.logger - INFO - Val result of epoch 30 / 60 mse 0.1532 rmse 0.3914 pcc -0.0880 ccc -0.0401
2021-06-16 15:02:18,463 - utils.logger - INFO - Cur epoch 31 loss ccc:0.1250
2021-06-16 15:02:18,884 - utils.logger - INFO - Cur epoch 31 loss ccc:0.1102
2021-06-16 15:02:19,220 - utils.logger - INFO - Cur epoch 31 loss ccc:0.9941
2021-06-16 15:02:19,220 - utils.logger - INFO - saving the model at the end of epoch 31, iters 186
2021-06-16 15:02:19,495 - utils.logger - INFO - End of training epoch 31 / 60 	 Time Taken: 1 sec, Data loading: 0 sec
2021-06-16 15:02:19,495 - utils.logger - INFO - learning rate = 0.0000569
2021-06-16 15:02:19,954 - utils.logger - INFO - Trn result of epoch 31 / 60 mse 0.1656 rmse 0.4069 pcc 0.0637 ccc 0.0193
2021-06-16 15:02:20,116 - utils.logger - INFO - Val result of epoch 31 / 60 mse 0.1922 rmse 0.4385 pcc -0.0923 ccc -0.0254
2021-06-16 15:02:20,532 - utils.logger - INFO - Cur epoch 32 loss ccc:0.1265
2021-06-16 15:02:20,981 - utils.logger - INFO - Cur epoch 32 loss ccc:0.1305
2021-06-16 15:02:21,305 - utils.logger - INFO - Cur epoch 32 loss ccc:1.0104
2021-06-16 15:02:21,305 - utils.logger - INFO - saving the model at the end of epoch 32, iters 192
2021-06-16 15:02:21,557 - utils.logger - INFO - End of training epoch 32 / 60 	 Time Taken: 1 sec, Data loading: 0 sec
2021-06-16 15:02:21,557 - utils.logger - INFO - learning rate = 0.0000549
2021-06-16 15:02:21,998 - utils.logger - INFO - Trn result of epoch 32 / 60 mse 0.1640 rmse 0.4050 pcc 0.0728 ccc 0.0220
2021-06-16 15:02:22,147 - utils.logger - INFO - Val result of epoch 32 / 60 mse 0.1901 rmse 0.4360 pcc -0.1008 ccc -0.0275
2021-06-16 15:02:22,560 - utils.logger - INFO - Cur epoch 33 loss ccc:0.1128
2021-06-16 15:02:22,972 - utils.logger - INFO - Cur epoch 33 loss ccc:0.1253
2021-06-16 15:02:23,307 - utils.logger - INFO - Cur epoch 33 loss ccc:0.9999
2021-06-16 15:02:23,307 - utils.logger - INFO - saving the model at the end of epoch 33, iters 198
2021-06-16 15:02:23,568 - utils.logger - INFO - End of training epoch 33 / 60 	 Time Taken: 1 sec, Data loading: 0 sec
2021-06-16 15:02:23,568 - utils.logger - INFO - learning rate = 0.0000529
2021-06-16 15:02:23,984 - utils.logger - INFO - Trn result of epoch 33 / 60 mse 0.1373 rmse 0.3706 pcc 0.0843 ccc 0.0291
2021-06-16 15:02:24,130 - utils.logger - INFO - Val result of epoch 33 / 60 mse 0.1582 rmse 0.3977 pcc -0.0735 ccc -0.0235
2021-06-16 15:02:24,556 - utils.logger - INFO - Cur epoch 34 loss ccc:0.0975
2021-06-16 15:02:24,974 - utils.logger - INFO - Cur epoch 34 loss ccc:0.1253
2021-06-16 15:02:25,344 - utils.logger - INFO - Cur epoch 34 loss ccc:0.9979
2021-06-16 15:02:25,344 - utils.logger - INFO - saving the model at the end of epoch 34, iters 204
2021-06-16 15:02:25,709 - utils.logger - INFO - End of training epoch 34 / 60 	 Time Taken: 1 sec, Data loading: 0 sec
2021-06-16 15:02:25,709 - utils.logger - INFO - learning rate = 0.0000510
2021-06-16 15:02:26,137 - utils.logger - INFO - Trn result of epoch 34 / 60 mse 0.1372 rmse 0.3704 pcc 0.0860 ccc 0.0290
2021-06-16 15:02:26,281 - utils.logger - INFO - Val result of epoch 34 / 60 mse 0.1575 rmse 0.3968 pcc -0.0728 ccc -0.0220
2021-06-16 15:02:26,707 - utils.logger - INFO - Cur epoch 35 loss ccc:0.1159
2021-06-16 15:02:27,149 - utils.logger - INFO - Cur epoch 35 loss ccc:0.1409
2021-06-16 15:02:27,499 - utils.logger - INFO - Cur epoch 35 loss ccc:1.0347
2021-06-16 15:02:27,499 - utils.logger - INFO - saving the model at the end of epoch 35, iters 210
2021-06-16 15:02:27,756 - utils.logger - INFO - End of training epoch 35 / 60 	 Time Taken: 1 sec, Data loading: 0 sec
2021-06-16 15:02:27,756 - utils.logger - INFO - learning rate = 0.0000490
2021-06-16 15:02:28,198 - utils.logger - INFO - Trn result of epoch 35 / 60 mse 0.1262 rmse 0.3552 pcc 0.0874 ccc 0.0296
2021-06-16 15:02:28,364 - utils.logger - INFO - Val result of epoch 35 / 60 mse 0.1457 rmse 0.3817 pcc -0.0723 ccc -0.0219
2021-06-16 15:02:28,784 - utils.logger - INFO - Cur epoch 36 loss ccc:0.1172
2021-06-16 15:02:29,216 - utils.logger - INFO - Cur epoch 36 loss ccc:0.1196
2021-06-16 15:02:29,559 - utils.logger - INFO - Cur epoch 36 loss ccc:1.0393
2021-06-16 15:02:29,559 - utils.logger - INFO - saving the model at the end of epoch 36, iters 216
2021-06-16 15:02:29,820 - utils.logger - INFO - End of training epoch 36 / 60 	 Time Taken: 1 sec, Data loading: 0 sec
2021-06-16 15:02:29,821 - utils.logger - INFO - learning rate = 0.0000471
2021-06-16 15:02:30,233 - utils.logger - INFO - Trn result of epoch 36 / 60 mse 0.1261 rmse 0.3552 pcc 0.0858 ccc 0.0281
2021-06-16 15:02:30,380 - utils.logger - INFO - Val result of epoch 36 / 60 mse 0.1465 rmse 0.3828 pcc -0.0837 ccc -0.0242
2021-06-16 15:02:30,804 - utils.logger - INFO - Cur epoch 37 loss ccc:0.1251
2021-06-16 15:02:31,237 - utils.logger - INFO - Cur epoch 37 loss ccc:0.1306
2021-06-16 15:02:31,577 - utils.logger - INFO - Cur epoch 37 loss ccc:0.9988
2021-06-16 15:02:31,577 - utils.logger - INFO - saving the model at the end of epoch 37, iters 222
2021-06-16 15:02:31,835 - utils.logger - INFO - End of training epoch 37 / 60 	 Time Taken: 1 sec, Data loading: 0 sec
2021-06-16 15:02:31,835 - utils.logger - INFO - learning rate = 0.0000451
2021-06-16 15:02:32,256 - utils.logger - INFO - Trn result of epoch 37 / 60 mse 0.1137 rmse 0.3372 pcc 0.0509 ccc 0.0229
2021-06-16 15:02:32,401 - utils.logger - INFO - Val result of epoch 37 / 60 mse 0.1329 rmse 0.3645 pcc -0.0911 ccc -0.0378
2021-06-16 15:02:32,838 - utils.logger - INFO - Cur epoch 38 loss ccc:0.0887
2021-06-16 15:02:33,258 - utils.logger - INFO - Cur epoch 38 loss ccc:0.1310
2021-06-16 15:02:33,627 - utils.logger - INFO - Cur epoch 38 loss ccc:0.9990
2021-06-16 15:02:33,627 - utils.logger - INFO - saving the model at the end of epoch 38, iters 228
2021-06-16 15:02:33,891 - utils.logger - INFO - End of training epoch 38 / 60 	 Time Taken: 1 sec, Data loading: 0 sec
2021-06-16 15:02:33,892 - utils.logger - INFO - learning rate = 0.0000431
2021-06-16 15:02:34,360 - utils.logger - INFO - Trn result of epoch 38 / 60 mse 0.1164 rmse 0.3412 pcc 0.0534 ccc 0.0231
2021-06-16 15:02:34,520 - utils.logger - INFO - Val result of epoch 38 / 60 mse 0.1361 rmse 0.3689 pcc -0.0897 ccc -0.0356
2021-06-16 15:02:34,960 - utils.logger - INFO - Cur epoch 39 loss ccc:0.1250
2021-06-16 15:02:35,403 - utils.logger - INFO - Cur epoch 39 loss ccc:0.1008
2021-06-16 15:02:35,763 - utils.logger - INFO - Cur epoch 39 loss ccc:0.9994
2021-06-16 15:02:35,763 - utils.logger - INFO - saving the model at the end of epoch 39, iters 234
2021-06-16 15:02:36,246 - utils.logger - INFO - End of training epoch 39 / 60 	 Time Taken: 1 sec, Data loading: 0 sec
2021-06-16 15:02:36,246 - utils.logger - INFO - learning rate = 0.0000412
2021-06-16 15:02:36,666 - utils.logger - INFO - Trn result of epoch 39 / 60 mse 0.1192 rmse 0.3452 pcc 0.0607 ccc 0.0247
2021-06-16 15:02:36,818 - utils.logger - INFO - Val result of epoch 39 / 60 mse 0.1402 rmse 0.3745 pcc -0.0955 ccc -0.0352
2021-06-16 15:02:37,259 - utils.logger - INFO - Cur epoch 40 loss ccc:0.1274
2021-06-16 15:02:37,669 - utils.logger - INFO - Cur epoch 40 loss ccc:0.1226
2021-06-16 15:02:37,990 - utils.logger - INFO - Cur epoch 40 loss ccc:1.0062
2021-06-16 15:02:37,990 - utils.logger - INFO - saving the model at the end of epoch 40, iters 240
2021-06-16 15:02:38,244 - utils.logger - INFO - End of training epoch 40 / 60 	 Time Taken: 1 sec, Data loading: 0 sec
2021-06-16 15:02:38,244 - utils.logger - INFO - learning rate = 0.0000392
2021-06-16 15:02:38,660 - utils.logger - INFO - Trn result of epoch 40 / 60 mse 0.1166 rmse 0.3415 pcc 0.0578 ccc 0.0243
2021-06-16 15:02:38,801 - utils.logger - INFO - Val result of epoch 40 / 60 mse 0.1381 rmse 0.3717 pcc -0.0910 ccc -0.0356
2021-06-16 15:02:39,203 - utils.logger - INFO - Cur epoch 41 loss ccc:0.0902
2021-06-16 15:02:39,595 - utils.logger - INFO - Cur epoch 41 loss ccc:0.1147
2021-06-16 15:02:39,932 - utils.logger - INFO - Cur epoch 41 loss ccc:1.0023
2021-06-16 15:02:39,932 - utils.logger - INFO - saving the model at the end of epoch 41, iters 246
2021-06-16 15:02:40,202 - utils.logger - INFO - End of training epoch 41 / 60 	 Time Taken: 1 sec, Data loading: 0 sec
2021-06-16 15:02:40,203 - utils.logger - INFO - learning rate = 0.0000373
2021-06-16 15:02:40,633 - utils.logger - INFO - Trn result of epoch 41 / 60 mse 0.1161 rmse 0.3408 pcc 0.0501 ccc 0.0213
2021-06-16 15:02:40,793 - utils.logger - INFO - Val result of epoch 41 / 60 mse 0.1375 rmse 0.3708 pcc -0.0905 ccc -0.0363
2021-06-16 15:02:41,227 - utils.logger - INFO - Cur epoch 42 loss ccc:0.1301
2021-06-16 15:02:41,639 - utils.logger - INFO - Cur epoch 42 loss ccc:0.1086
2021-06-16 15:02:41,982 - utils.logger - INFO - Cur epoch 42 loss ccc:1.0079
2021-06-16 15:02:41,983 - utils.logger - INFO - saving the model at the end of epoch 42, iters 252
2021-06-16 15:02:42,228 - utils.logger - INFO - End of training epoch 42 / 60 	 Time Taken: 1 sec, Data loading: 0 sec
2021-06-16 15:02:42,229 - utils.logger - INFO - learning rate = 0.0000353
2021-06-16 15:02:42,656 - utils.logger - INFO - Trn result of epoch 42 / 60 mse 0.1141 rmse 0.3377 pcc 0.0545 ccc 0.0225
2021-06-16 15:02:42,800 - utils.logger - INFO - Val result of epoch 42 / 60 mse 0.1344 rmse 0.3666 pcc -0.0919 ccc -0.0354
2021-06-16 15:02:43,214 - utils.logger - INFO - Cur epoch 43 loss ccc:0.1160
2021-06-16 15:02:43,659 - utils.logger - INFO - Cur epoch 43 loss ccc:0.1100
2021-06-16 15:02:44,046 - utils.logger - INFO - Cur epoch 43 loss ccc:1.0011
2021-06-16 15:02:44,047 - utils.logger - INFO - saving the model at the end of epoch 43, iters 258
2021-06-16 15:02:44,322 - utils.logger - INFO - End of training epoch 43 / 60 	 Time Taken: 1 sec, Data loading: 0 sec
2021-06-16 15:02:44,322 - utils.logger - INFO - learning rate = 0.0000333
2021-06-16 15:02:44,743 - utils.logger - INFO - Trn result of epoch 43 / 60 mse 0.1139 rmse 0.3376 pcc 0.0627 ccc 0.0267
2021-06-16 15:02:44,888 - utils.logger - INFO - Val result of epoch 43 / 60 mse 0.1341 rmse 0.3661 pcc -0.0958 ccc -0.0374
2021-06-16 15:02:45,338 - utils.logger - INFO - Cur epoch 44 loss ccc:0.1294
2021-06-16 15:02:45,764 - utils.logger - INFO - Cur epoch 44 loss ccc:0.1170
2021-06-16 15:02:46,126 - utils.logger - INFO - Cur epoch 44 loss ccc:0.9313
2021-06-16 15:02:46,126 - utils.logger - INFO - saving the model at the end of epoch 44, iters 264
2021-06-16 15:02:46,407 - utils.logger - INFO - End of training epoch 44 / 60 	 Time Taken: 1 sec, Data loading: 0 sec
2021-06-16 15:02:46,407 - utils.logger - INFO - learning rate = 0.0000314
2021-06-16 15:02:46,829 - utils.logger - INFO - Trn result of epoch 44 / 60 mse 0.1631 rmse 0.4038 pcc 0.0640 ccc 0.0255
2021-06-16 15:02:46,970 - utils.logger - INFO - Val result of epoch 44 / 60 mse 0.1875 rmse 0.4330 pcc -0.0853 ccc -0.0308
2021-06-16 15:02:47,386 - utils.logger - INFO - Cur epoch 45 loss ccc:0.1094
2021-06-16 15:02:47,814 - utils.logger - INFO - Cur epoch 45 loss ccc:0.1211
2021-06-16 15:02:48,156 - utils.logger - INFO - Cur epoch 45 loss ccc:1.0025
2021-06-16 15:02:48,156 - utils.logger - INFO - saving the model at the end of epoch 45, iters 270
2021-06-16 15:02:48,416 - utils.logger - INFO - End of training epoch 45 / 60 	 Time Taken: 1 sec, Data loading: 0 sec
2021-06-16 15:02:48,417 - utils.logger - INFO - learning rate = 0.0000294
2021-06-16 15:02:48,839 - utils.logger - INFO - Trn result of epoch 45 / 60 mse 0.1723 rmse 0.4151 pcc 0.0711 ccc 0.0264
2021-06-16 15:02:48,984 - utils.logger - INFO - Val result of epoch 45 / 60 mse 0.1985 rmse 0.4455 pcc -0.0837 ccc -0.0279
2021-06-16 15:02:49,401 - utils.logger - INFO - Cur epoch 46 loss ccc:0.1297
2021-06-16 15:02:49,822 - utils.logger - INFO - Cur epoch 46 loss ccc:0.1334
2021-06-16 15:02:50,167 - utils.logger - INFO - Cur epoch 46 loss ccc:0.9954
2021-06-16 15:02:50,167 - utils.logger - INFO - saving the model at the end of epoch 46, iters 276
2021-06-16 15:02:50,429 - utils.logger - INFO - End of training epoch 46 / 60 	 Time Taken: 1 sec, Data loading: 0 sec
2021-06-16 15:02:50,429 - utils.logger - INFO - learning rate = 0.0000275
2021-06-16 15:02:50,902 - utils.logger - INFO - Trn result of epoch 46 / 60 mse 0.1706 rmse 0.4130 pcc 0.0698 ccc 0.0257
2021-06-16 15:02:51,067 - utils.logger - INFO - Val result of epoch 46 / 60 mse 0.1966 rmse 0.4434 pcc -0.0850 ccc -0.0281
2021-06-16 15:02:51,503 - utils.logger - INFO - Cur epoch 47 loss ccc:0.1250
2021-06-16 15:02:51,924 - utils.logger - INFO - Cur epoch 47 loss ccc:0.1164
2021-06-16 15:02:52,291 - utils.logger - INFO - Cur epoch 47 loss ccc:1.0236
2021-06-16 15:02:52,292 - utils.logger - INFO - saving the model at the end of epoch 47, iters 282
2021-06-16 15:02:52,555 - utils.logger - INFO - End of training epoch 47 / 60 	 Time Taken: 1 sec, Data loading: 0 sec
2021-06-16 15:02:52,555 - utils.logger - INFO - learning rate = 0.0000255
2021-06-16 15:02:52,976 - utils.logger - INFO - Trn result of epoch 47 / 60 mse 0.1676 rmse 0.4094 pcc 0.0604 ccc 0.0237
2021-06-16 15:02:53,122 - utils.logger - INFO - Val result of epoch 47 / 60 mse 0.1931 rmse 0.4394 pcc -0.0832 ccc -0.0297
2021-06-16 15:02:53,556 - utils.logger - INFO - Cur epoch 48 loss ccc:0.1168
2021-06-16 15:02:53,959 - utils.logger - INFO - Cur epoch 48 loss ccc:0.1261
2021-06-16 15:02:54,311 - utils.logger - INFO - Cur epoch 48 loss ccc:0.9995
2021-06-16 15:02:54,311 - utils.logger - INFO - saving the model at the end of epoch 48, iters 288
2021-06-16 15:02:54,565 - utils.logger - INFO - End of training epoch 48 / 60 	 Time Taken: 1 sec, Data loading: 0 sec
2021-06-16 15:02:54,565 - utils.logger - INFO - learning rate = 0.0000235
2021-06-16 15:02:54,986 - utils.logger - INFO - Trn result of epoch 48 / 60 mse 0.1642 rmse 0.4052 pcc 0.0618 ccc 0.0250
2021-06-16 15:02:55,129 - utils.logger - INFO - Val result of epoch 48 / 60 mse 0.1903 rmse 0.4363 pcc -0.0888 ccc -0.0329
2021-06-16 15:02:55,572 - utils.logger - INFO - Cur epoch 49 loss ccc:0.1276
2021-06-16 15:02:56,011 - utils.logger - INFO - Cur epoch 49 loss ccc:0.1124
2021-06-16 15:02:56,363 - utils.logger - INFO - Cur epoch 49 loss ccc:0.9998
2021-06-16 15:02:56,363 - utils.logger - INFO - saving the model at the end of epoch 49, iters 294
2021-06-16 15:02:56,721 - utils.logger - INFO - End of training epoch 49 / 60 	 Time Taken: 1 sec, Data loading: 0 sec
2021-06-16 15:02:56,722 - utils.logger - INFO - learning rate = 0.0000216
2021-06-16 15:02:57,183 - utils.logger - INFO - Trn result of epoch 49 / 60 mse 0.1466 rmse 0.3828 pcc 0.0623 ccc 0.0285
2021-06-16 15:02:57,342 - utils.logger - INFO - Val result of epoch 49 / 60 mse 0.1716 rmse 0.4142 pcc -0.0909 ccc -0.0383
2021-06-16 15:02:57,775 - utils.logger - INFO - Cur epoch 50 loss ccc:0.1352
2021-06-16 15:02:58,213 - utils.logger - INFO - Cur epoch 50 loss ccc:0.1340
2021-06-16 15:02:58,561 - utils.logger - INFO - Cur epoch 50 loss ccc:0.9903
2021-06-16 15:02:58,561 - utils.logger - INFO - saving the model at the end of epoch 50, iters 300
2021-06-16 15:02:58,824 - utils.logger - INFO - End of training epoch 50 / 60 	 Time Taken: 1 sec, Data loading: 0 sec
2021-06-16 15:02:58,824 - utils.logger - INFO - learning rate = 0.0000196
2021-06-16 15:02:59,274 - utils.logger - INFO - Trn result of epoch 50 / 60 mse 0.1448 rmse 0.3806 pcc 0.0608 ccc 0.0281
2021-06-16 15:02:59,437 - utils.logger - INFO - Val result of epoch 50 / 60 mse 0.1694 rmse 0.4116 pcc -0.0901 ccc -0.0384
2021-06-16 15:02:59,885 - utils.logger - INFO - Cur epoch 51 loss ccc:0.1245
2021-06-16 15:03:00,306 - utils.logger - INFO - Cur epoch 51 loss ccc:0.1219
2021-06-16 15:03:00,648 - utils.logger - INFO - Cur epoch 51 loss ccc:0.9991
2021-06-16 15:03:00,648 - utils.logger - INFO - saving the model at the end of epoch 51, iters 306
2021-06-16 15:03:00,908 - utils.logger - INFO - End of training epoch 51 / 60 	 Time Taken: 1 sec, Data loading: 0 sec
2021-06-16 15:03:00,908 - utils.logger - INFO - learning rate = 0.0000176
2021-06-16 15:03:01,367 - utils.logger - INFO - Trn result of epoch 51 / 60 mse 0.1440 rmse 0.3795 pcc 0.0619 ccc 0.0289
2021-06-16 15:03:01,515 - utils.logger - INFO - Val result of epoch 51 / 60 mse 0.1688 rmse 0.4108 pcc -0.0915 ccc -0.0393
2021-06-16 15:03:01,955 - utils.logger - INFO - Cur epoch 52 loss ccc:0.1152
2021-06-16 15:03:02,378 - utils.logger - INFO - Cur epoch 52 loss ccc:0.1346
2021-06-16 15:03:02,734 - utils.logger - INFO - Cur epoch 52 loss ccc:0.9977
2021-06-16 15:03:02,734 - utils.logger - INFO - saving the model at the end of epoch 52, iters 312
2021-06-16 15:03:02,984 - utils.logger - INFO - End of training epoch 52 / 60 	 Time Taken: 1 sec, Data loading: 0 sec
2021-06-16 15:03:02,985 - utils.logger - INFO - learning rate = 0.0000157
2021-06-16 15:03:03,405 - utils.logger - INFO - Trn result of epoch 52 / 60 mse 0.1433 rmse 0.3786 pcc 0.0674 ccc 0.0305
2021-06-16 15:03:03,551 - utils.logger - INFO - Val result of epoch 52 / 60 mse 0.1690 rmse 0.4111 pcc -0.0954 ccc -0.0396
2021-06-16 15:03:03,993 - utils.logger - INFO - Cur epoch 53 loss ccc:0.1252
2021-06-16 15:03:04,428 - utils.logger - INFO - Cur epoch 53 loss ccc:0.1156
2021-06-16 15:03:04,799 - utils.logger - INFO - Cur epoch 53 loss ccc:0.9995
2021-06-16 15:03:04,799 - utils.logger - INFO - saving the model at the end of epoch 53, iters 318
2021-06-16 15:03:05,047 - utils.logger - INFO - End of training epoch 53 / 60 	 Time Taken: 1 sec, Data loading: 0 sec
2021-06-16 15:03:05,047 - utils.logger - INFO - learning rate = 0.0000137
2021-06-16 15:03:05,493 - utils.logger - INFO - Trn result of epoch 53 / 60 mse 0.1420 rmse 0.3769 pcc 0.0684 ccc 0.0312
2021-06-16 15:03:05,641 - utils.logger - INFO - Val result of epoch 53 / 60 mse 0.1680 rmse 0.4098 pcc -0.0972 ccc -0.0407
2021-06-16 15:03:06,088 - utils.logger - INFO - Cur epoch 54 loss ccc:0.1036
2021-06-16 15:03:06,503 - utils.logger - INFO - Cur epoch 54 loss ccc:0.1188
2021-06-16 15:03:06,854 - utils.logger - INFO - Cur epoch 54 loss ccc:0.9871
2021-06-16 15:03:06,854 - utils.logger - INFO - saving the model at the end of epoch 54, iters 324
2021-06-16 15:03:07,110 - utils.logger - INFO - End of training epoch 54 / 60 	 Time Taken: 1 sec, Data loading: 0 sec
2021-06-16 15:03:07,110 - utils.logger - INFO - learning rate = 0.0000118
2021-06-16 15:03:07,532 - utils.logger - INFO - Trn result of epoch 54 / 60 mse 0.1393 rmse 0.3732 pcc 0.0657 ccc 0.0295
2021-06-16 15:03:07,683 - utils.logger - INFO - Val result of epoch 54 / 60 mse 0.1641 rmse 0.4051 pcc -0.0958 ccc -0.0394
2021-06-16 15:03:08,134 - utils.logger - INFO - Cur epoch 55 loss ccc:0.1250
2021-06-16 15:03:08,556 - utils.logger - INFO - Cur epoch 55 loss ccc:0.1067
2021-06-16 15:03:08,910 - utils.logger - INFO - Cur epoch 55 loss ccc:0.9986
2021-06-16 15:03:08,910 - utils.logger - INFO - saving the model at the end of epoch 55, iters 330
2021-06-16 15:03:09,162 - utils.logger - INFO - End of training epoch 55 / 60 	 Time Taken: 1 sec, Data loading: 0 sec
2021-06-16 15:03:09,162 - utils.logger - INFO - learning rate = 0.0000098
2021-06-16 15:03:09,576 - utils.logger - INFO - Trn result of epoch 55 / 60 mse 0.1406 rmse 0.3749 pcc 0.0653 ccc 0.0302
2021-06-16 15:03:09,721 - utils.logger - INFO - Val result of epoch 55 / 60 mse 0.1659 rmse 0.4073 pcc -0.0970 ccc -0.0411
2021-06-16 15:03:10,149 - utils.logger - INFO - Cur epoch 56 loss ccc:0.1300
2021-06-16 15:03:10,576 - utils.logger - INFO - Cur epoch 56 loss ccc:0.1127
2021-06-16 15:03:10,930 - utils.logger - INFO - Cur epoch 56 loss ccc:0.9933
2021-06-16 15:03:10,931 - utils.logger - INFO - saving the model at the end of epoch 56, iters 336
2021-06-16 15:03:11,181 - utils.logger - INFO - End of training epoch 56 / 60 	 Time Taken: 1 sec, Data loading: 0 sec
2021-06-16 15:03:11,181 - utils.logger - INFO - learning rate = 0.0000078
2021-06-16 15:03:11,618 - utils.logger - INFO - Trn result of epoch 56 / 60 mse 0.1401 rmse 0.3742 pcc 0.0648 ccc 0.0301
2021-06-16 15:03:11,776 - utils.logger - INFO - Val result of epoch 56 / 60 mse 0.1653 rmse 0.4066 pcc -0.0972 ccc -0.0413
2021-06-16 15:03:12,186 - utils.logger - INFO - Cur epoch 57 loss ccc:0.1352
2021-06-16 15:03:12,598 - utils.logger - INFO - Cur epoch 57 loss ccc:0.1329
2021-06-16 15:03:12,960 - utils.logger - INFO - Cur epoch 57 loss ccc:0.9998
2021-06-16 15:03:12,961 - utils.logger - INFO - saving the model at the end of epoch 57, iters 342
2021-06-16 15:03:13,505 - utils.logger - INFO - End of training epoch 57 / 60 	 Time Taken: 1 sec, Data loading: 0 sec
2021-06-16 15:03:13,506 - utils.logger - INFO - learning rate = 0.0000059
2021-06-16 15:03:13,925 - utils.logger - INFO - Trn result of epoch 57 / 60 mse 0.1400 rmse 0.3742 pcc 0.0628 ccc 0.0292
2021-06-16 15:03:14,076 - utils.logger - INFO - Val result of epoch 57 / 60 mse 0.1649 rmse 0.4061 pcc -0.0975 ccc -0.0416
2021-06-16 15:03:14,492 - utils.logger - INFO - Cur epoch 58 loss ccc:0.1250
2021-06-16 15:03:14,928 - utils.logger - INFO - Cur epoch 58 loss ccc:0.1312
2021-06-16 15:03:15,276 - utils.logger - INFO - Cur epoch 58 loss ccc:1.0211
2021-06-16 15:03:15,276 - utils.logger - INFO - saving the model at the end of epoch 58, iters 348
2021-06-16 15:03:15,523 - utils.logger - INFO - End of training epoch 58 / 60 	 Time Taken: 1 sec, Data loading: 0 sec
2021-06-16 15:03:15,523 - utils.logger - INFO - learning rate = 0.0000039
2021-06-16 15:03:15,947 - utils.logger - INFO - Trn result of epoch 58 / 60 mse 0.1407 rmse 0.3751 pcc 0.0649 ccc 0.0299
2021-06-16 15:03:16,094 - utils.logger - INFO - Val result of epoch 58 / 60 mse 0.1660 rmse 0.4075 pcc -0.0979 ccc -0.0415
2021-06-16 15:03:16,521 - utils.logger - INFO - Cur epoch 59 loss ccc:0.1211
2021-06-16 15:03:16,943 - utils.logger - INFO - Cur epoch 59 loss ccc:0.1271
2021-06-16 15:03:17,296 - utils.logger - INFO - Cur epoch 59 loss ccc:0.9751
2021-06-16 15:03:17,296 - utils.logger - INFO - saving the model at the end of epoch 59, iters 354
2021-06-16 15:03:17,579 - utils.logger - INFO - End of training epoch 59 / 60 	 Time Taken: 1 sec, Data loading: 0 sec
2021-06-16 15:03:17,579 - utils.logger - INFO - learning rate = 0.0000020
2021-06-16 15:03:18,009 - utils.logger - INFO - Trn result of epoch 59 / 60 mse 0.1406 rmse 0.3750 pcc 0.0655 ccc 0.0301
2021-06-16 15:03:18,157 - utils.logger - INFO - Val result of epoch 59 / 60 mse 0.1660 rmse 0.4074 pcc -0.0986 ccc -0.0418
2021-06-16 15:03:18,594 - utils.logger - INFO - Cur epoch 60 loss ccc:0.1308
2021-06-16 15:03:19,013 - utils.logger - INFO - Cur epoch 60 loss ccc:0.1143
2021-06-16 15:03:19,345 - utils.logger - INFO - Cur epoch 60 loss ccc:0.9908
2021-06-16 15:03:19,346 - utils.logger - INFO - saving the model at the end of epoch 60, iters 360
2021-06-16 15:03:19,619 - utils.logger - INFO - End of training epoch 60 / 60 	 Time Taken: 1 sec, Data loading: 0 sec
2021-06-16 15:03:19,619 - utils.logger - INFO - learning rate = 0.0000000
2021-06-16 15:03:20,043 - utils.logger - INFO - Trn result of epoch 60 / 60 mse 0.1405 rmse 0.3749 pcc 0.0654 ccc 0.0301
2021-06-16 15:03:20,190 - utils.logger - INFO - Val result of epoch 60 / 60 mse 0.1658 rmse 0.4072 pcc -0.0978 ccc -0.0414
2021-06-16 15:03:20,190 - utils.logger - INFO - Best eval epoch 1 found with ccc 0.005111
2021-06-16 15:03:20,190 - utils.logger - INFO - baseline_fcfusion_wonorm_wav2vec-egemaps_arousal_hidden1024_seq100_lr0.0001_cccloss_run2
