2021-06-19 17:34:37,160 - utils.logger - INFO - The number of training samples = 41
2021-06-19 17:34:39,864 - utils.logger - INFO - Cur epoch 1 loss ccc:0.1248
2021-06-19 17:34:40,402 - utils.logger - INFO - Cur epoch 1 loss ccc:0.1256
2021-06-19 17:34:40,830 - utils.logger - INFO - Cur epoch 1 loss ccc:0.9157
2021-06-19 17:34:40,831 - utils.logger - INFO - saving the model at the end of epoch 1, iters 6
2021-06-19 17:34:41,086 - utils.logger - INFO - End of training epoch 1 / 70 	 Time Taken: 1 sec, Data loading: 0 sec
2021-06-19 17:34:41,087 - utils.logger - INFO - learning rate = 0.0000500
2021-06-19 17:34:41,924 - utils.logger - INFO - Trn result of epoch 1 / 70 mse 0.1132 rmse 0.3364 pcc -0.0225 ccc -0.0005
2021-06-19 17:34:42,238 - utils.logger - INFO - Val result of epoch 1 / 70 mse 0.1290 rmse 0.3592 pcc 0.1768 ccc 0.0039
2021-06-19 17:34:42,815 - utils.logger - INFO - Cur epoch 2 loss ccc:0.1257
2021-06-19 17:34:43,391 - utils.logger - INFO - Cur epoch 2 loss ccc:0.1192
2021-06-19 17:34:43,817 - utils.logger - INFO - Cur epoch 2 loss ccc:0.9916
2021-06-19 17:34:43,817 - utils.logger - INFO - saving the model at the end of epoch 2, iters 12
2021-06-19 17:34:44,149 - utils.logger - INFO - End of training epoch 2 / 70 	 Time Taken: 1 sec, Data loading: 0 sec
2021-06-19 17:34:44,149 - utils.logger - INFO - learning rate = 0.0000500
2021-06-19 17:34:44,923 - utils.logger - INFO - Trn result of epoch 2 / 70 mse 0.1100 rmse 0.3316 pcc -0.0524 ccc -0.0037
2021-06-19 17:34:45,210 - utils.logger - INFO - Val result of epoch 2 / 70 mse 0.1268 rmse 0.3561 pcc 0.1731 ccc 0.0126
2021-06-19 17:34:45,808 - utils.logger - INFO - Cur epoch 3 loss ccc:0.1243
2021-06-19 17:34:46,418 - utils.logger - INFO - Cur epoch 3 loss ccc:0.1293
2021-06-19 17:34:46,878 - utils.logger - INFO - Cur epoch 3 loss ccc:0.9585
2021-06-19 17:34:46,878 - utils.logger - INFO - saving the model at the end of epoch 3, iters 18
2021-06-19 17:34:47,403 - utils.logger - INFO - End of training epoch 3 / 70 	 Time Taken: 2 sec, Data loading: 0 sec
2021-06-19 17:34:47,404 - utils.logger - INFO - learning rate = 0.0000500
2021-06-19 17:34:48,202 - utils.logger - INFO - Trn result of epoch 3 / 70 mse 0.1106 rmse 0.3325 pcc -0.0561 ccc -0.0117
2021-06-19 17:34:48,458 - utils.logger - INFO - Val result of epoch 3 / 70 mse 0.1260 rmse 0.3549 pcc 0.1781 ccc 0.0360
2021-06-19 17:34:49,029 - utils.logger - INFO - Cur epoch 4 loss ccc:0.1081
2021-06-19 17:34:49,630 - utils.logger - INFO - Cur epoch 4 loss ccc:0.1137
2021-06-19 17:34:50,089 - utils.logger - INFO - Cur epoch 4 loss ccc:0.9985
2021-06-19 17:34:50,090 - utils.logger - INFO - saving the model at the end of epoch 4, iters 24
2021-06-19 17:34:50,440 - utils.logger - INFO - End of training epoch 4 / 70 	 Time Taken: 1 sec, Data loading: 0 sec
2021-06-19 17:34:50,440 - utils.logger - INFO - learning rate = 0.0000500
2021-06-19 17:34:51,305 - utils.logger - INFO - Trn result of epoch 4 / 70 mse 0.1156 rmse 0.3401 pcc 0.0081 ccc 0.0004
2021-06-19 17:34:51,572 - utils.logger - INFO - Val result of epoch 4 / 70 mse 0.1423 rmse 0.3772 pcc 0.1386 ccc 0.0062
2021-06-19 17:34:52,161 - utils.logger - INFO - Cur epoch 5 loss ccc:0.1030
2021-06-19 17:34:52,754 - utils.logger - INFO - Cur epoch 5 loss ccc:0.1251
2021-06-19 17:34:53,257 - utils.logger - INFO - Cur epoch 5 loss ccc:0.9999
2021-06-19 17:34:53,258 - utils.logger - INFO - saving the model at the end of epoch 5, iters 30
2021-06-19 17:34:53,770 - utils.logger - INFO - End of training epoch 5 / 70 	 Time Taken: 2 sec, Data loading: 0 sec
2021-06-19 17:34:53,770 - utils.logger - INFO - learning rate = 0.0000500
2021-06-19 17:34:54,522 - utils.logger - INFO - Trn result of epoch 5 / 70 mse 0.1245 rmse 0.3529 pcc 0.0021 ccc 0.0001
2021-06-19 17:34:54,780 - utils.logger - INFO - Val result of epoch 5 / 70 mse 0.1534 rmse 0.3917 pcc 0.1443 ccc 0.0082
2021-06-19 17:34:55,340 - utils.logger - INFO - Cur epoch 6 loss ccc:0.0758
2021-06-19 17:34:55,922 - utils.logger - INFO - Cur epoch 6 loss ccc:0.1105
2021-06-19 17:34:56,378 - utils.logger - INFO - Cur epoch 6 loss ccc:0.7937
2021-06-19 17:34:56,379 - utils.logger - INFO - saving the model at the end of epoch 6, iters 36
2021-06-19 17:34:56,657 - utils.logger - INFO - End of training epoch 6 / 70 	 Time Taken: 1 sec, Data loading: 0 sec
2021-06-19 17:34:56,657 - utils.logger - INFO - learning rate = 0.0000500
2021-06-19 17:34:57,415 - utils.logger - INFO - Trn result of epoch 6 / 70 mse 0.1328 rmse 0.3644 pcc -0.0687 ccc -0.0140
2021-06-19 17:34:57,654 - utils.logger - INFO - Val result of epoch 6 / 70 mse 0.1556 rmse 0.3945 pcc 0.1524 ccc 0.0308
2021-06-19 17:34:58,180 - utils.logger - INFO - Cur epoch 7 loss ccc:0.1302
2021-06-19 17:34:58,743 - utils.logger - INFO - Cur epoch 7 loss ccc:0.1056
2021-06-19 17:34:59,177 - utils.logger - INFO - Cur epoch 7 loss ccc:1.1873
2021-06-19 17:34:59,177 - utils.logger - INFO - saving the model at the end of epoch 7, iters 42
2021-06-19 17:34:59,498 - utils.logger - INFO - End of training epoch 7 / 70 	 Time Taken: 1 sec, Data loading: 0 sec
2021-06-19 17:34:59,498 - utils.logger - INFO - learning rate = 0.0000500
2021-06-19 17:35:00,199 - utils.logger - INFO - Trn result of epoch 7 / 70 mse 0.1615 rmse 0.4018 pcc -0.0513 ccc -0.0071
2021-06-19 17:35:00,554 - utils.logger - INFO - Val result of epoch 7 / 70 mse 0.1909 rmse 0.4370 pcc 0.1615 ccc 0.0233
2021-06-19 17:35:01,096 - utils.logger - INFO - Cur epoch 8 loss ccc:0.1002
2021-06-19 17:35:01,638 - utils.logger - INFO - Cur epoch 8 loss ccc:0.1079
2021-06-19 17:35:02,051 - utils.logger - INFO - Cur epoch 8 loss ccc:1.0034
2021-06-19 17:35:02,051 - utils.logger - INFO - saving the model at the end of epoch 8, iters 48
2021-06-19 17:35:02,326 - utils.logger - INFO - End of training epoch 8 / 70 	 Time Taken: 1 sec, Data loading: 0 sec
2021-06-19 17:35:02,326 - utils.logger - INFO - learning rate = 0.0000500
2021-06-19 17:35:03,013 - utils.logger - INFO - Trn result of epoch 8 / 70 mse 0.1626 rmse 0.4033 pcc -0.0647 ccc -0.0107
2021-06-19 17:35:03,263 - utils.logger - INFO - Val result of epoch 8 / 70 mse 0.1903 rmse 0.4362 pcc 0.1561 ccc 0.0274
2021-06-19 17:35:03,815 - utils.logger - INFO - Cur epoch 9 loss ccc:0.1077
2021-06-19 17:35:04,383 - utils.logger - INFO - Cur epoch 9 loss ccc:0.1087
2021-06-19 17:35:04,802 - utils.logger - INFO - Cur epoch 9 loss ccc:1.0152
2021-06-19 17:35:04,802 - utils.logger - INFO - saving the model at the end of epoch 9, iters 54
2021-06-19 17:35:05,284 - utils.logger - INFO - End of training epoch 9 / 70 	 Time Taken: 2 sec, Data loading: 0 sec
2021-06-19 17:35:05,284 - utils.logger - INFO - learning rate = 0.0000500
2021-06-19 17:35:05,993 - utils.logger - INFO - Trn result of epoch 9 / 70 mse 0.1604 rmse 0.4005 pcc -0.0824 ccc -0.0184
2021-06-19 17:35:06,246 - utils.logger - INFO - Val result of epoch 9 / 70 mse 0.1843 rmse 0.4293 pcc 0.1456 ccc 0.0349
2021-06-19 17:35:06,775 - utils.logger - INFO - Cur epoch 10 loss ccc:0.1088
2021-06-19 17:35:07,338 - utils.logger - INFO - Cur epoch 10 loss ccc:0.1075
2021-06-19 17:35:07,760 - utils.logger - INFO - Cur epoch 10 loss ccc:1.0001
2021-06-19 17:35:07,760 - utils.logger - INFO - saving the model at the end of epoch 10, iters 60
2021-06-19 17:35:08,116 - utils.logger - INFO - End of training epoch 10 / 70 	 Time Taken: 1 sec, Data loading: 0 sec
2021-06-19 17:35:08,117 - utils.logger - INFO - learning rate = 0.0000500
2021-06-19 17:35:08,864 - utils.logger - INFO - Trn result of epoch 10 / 70 mse 0.1202 rmse 0.3468 pcc 0.0531 ccc 0.0010
2021-06-19 17:35:09,100 - utils.logger - INFO - Val result of epoch 10 / 70 mse 0.1342 rmse 0.3663 pcc -0.1551 ccc -0.0034
2021-06-19 17:35:09,657 - utils.logger - INFO - Cur epoch 11 loss ccc:0.1215
2021-06-19 17:35:10,221 - utils.logger - INFO - Cur epoch 11 loss ccc:0.1281
2021-06-19 17:35:10,645 - utils.logger - INFO - Cur epoch 11 loss ccc:0.9991
2021-06-19 17:35:10,645 - utils.logger - INFO - saving the model at the end of epoch 11, iters 66
2021-06-19 17:35:10,928 - utils.logger - INFO - End of training epoch 11 / 70 	 Time Taken: 1 sec, Data loading: 0 sec
2021-06-19 17:35:10,928 - utils.logger - INFO - learning rate = 0.0000500
2021-06-19 17:35:11,627 - utils.logger - INFO - Trn result of epoch 11 / 70 mse 0.1189 rmse 0.3449 pcc -0.0903 ccc -0.0021
2021-06-19 17:35:11,867 - utils.logger - INFO - Val result of epoch 11 / 70 mse 0.1324 rmse 0.3639 pcc 0.1472 ccc 0.0031
2021-06-19 17:35:12,417 - utils.logger - INFO - Cur epoch 12 loss ccc:0.1265
2021-06-19 17:35:12,968 - utils.logger - INFO - Cur epoch 12 loss ccc:0.1264
2021-06-19 17:35:13,376 - utils.logger - INFO - Cur epoch 12 loss ccc:1.0001
2021-06-19 17:35:13,376 - utils.logger - INFO - saving the model at the end of epoch 12, iters 72
2021-06-19 17:35:13,724 - utils.logger - INFO - End of training epoch 12 / 70 	 Time Taken: 1 sec, Data loading: 0 sec
2021-06-19 17:35:13,725 - utils.logger - INFO - learning rate = 0.0000500
2021-06-19 17:35:14,499 - utils.logger - INFO - Trn result of epoch 12 / 70 mse 0.1145 rmse 0.3384 pcc -0.0932 ccc -0.0089
2021-06-19 17:35:14,745 - utils.logger - INFO - Val result of epoch 12 / 70 mse 0.1282 rmse 0.3581 pcc 0.1536 ccc 0.0140
2021-06-19 17:35:15,297 - utils.logger - INFO - Cur epoch 13 loss ccc:0.1048
2021-06-19 17:35:15,854 - utils.logger - INFO - Cur epoch 13 loss ccc:0.1219
2021-06-19 17:35:16,291 - utils.logger - INFO - Cur epoch 13 loss ccc:0.8331
2021-06-19 17:35:16,291 - utils.logger - INFO - saving the model at the end of epoch 13, iters 78
2021-06-19 17:35:16,625 - utils.logger - INFO - End of training epoch 13 / 70 	 Time Taken: 1 sec, Data loading: 0 sec
2021-06-19 17:35:16,625 - utils.logger - INFO - learning rate = 0.0000500
2021-06-19 17:35:17,358 - utils.logger - INFO - Trn result of epoch 13 / 70 mse 0.1142 rmse 0.3380 pcc -0.0936 ccc -0.0288
2021-06-19 17:35:17,611 - utils.logger - INFO - Val result of epoch 13 / 70 mse 0.1271 rmse 0.3565 pcc 0.1504 ccc 0.0453
2021-06-19 17:35:18,160 - utils.logger - INFO - Cur epoch 14 loss ccc:0.1251
2021-06-19 17:35:18,729 - utils.logger - INFO - Cur epoch 14 loss ccc:0.1310
2021-06-19 17:35:19,159 - utils.logger - INFO - Cur epoch 14 loss ccc:0.9768
2021-06-19 17:35:19,159 - utils.logger - INFO - saving the model at the end of epoch 14, iters 84
2021-06-19 17:35:19,470 - utils.logger - INFO - End of training epoch 14 / 70 	 Time Taken: 1 sec, Data loading: 0 sec
2021-06-19 17:35:19,470 - utils.logger - INFO - learning rate = 0.0000500
2021-06-19 17:35:20,173 - utils.logger - INFO - Trn result of epoch 14 / 70 mse 0.1179 rmse 0.3434 pcc -0.1012 ccc -0.0141
2021-06-19 17:35:20,435 - utils.logger - INFO - Val result of epoch 14 / 70 mse 0.1406 rmse 0.3749 pcc 0.1337 ccc 0.0197
2021-06-19 17:35:21,001 - utils.logger - INFO - Cur epoch 15 loss ccc:0.0867
2021-06-19 17:35:21,581 - utils.logger - INFO - Cur epoch 15 loss ccc:0.1042
2021-06-19 17:35:22,018 - utils.logger - INFO - Cur epoch 15 loss ccc:1.1061
2021-06-19 17:35:22,018 - utils.logger - INFO - saving the model at the end of epoch 15, iters 90
2021-06-19 17:35:22,359 - utils.logger - INFO - End of training epoch 15 / 70 	 Time Taken: 1 sec, Data loading: 0 sec
2021-06-19 17:35:22,360 - utils.logger - INFO - learning rate = 0.0000500
2021-06-19 17:35:23,105 - utils.logger - INFO - Trn result of epoch 15 / 70 mse 0.1202 rmse 0.3468 pcc -0.0390 ccc -0.0020
2021-06-19 17:35:23,352 - utils.logger - INFO - Val result of epoch 15 / 70 mse 0.1478 rmse 0.3845 pcc 0.1555 ccc 0.0076
2021-06-19 17:35:23,915 - utils.logger - INFO - Cur epoch 16 loss ccc:0.0993
2021-06-19 17:35:24,473 - utils.logger - INFO - Cur epoch 16 loss ccc:0.1250
2021-06-19 17:35:24,868 - utils.logger - INFO - Cur epoch 16 loss ccc:1.0135
2021-06-19 17:35:24,868 - utils.logger - INFO - saving the model at the end of epoch 16, iters 96
2021-06-19 17:35:25,205 - utils.logger - INFO - End of training epoch 16 / 70 	 Time Taken: 1 sec, Data loading: 0 sec
2021-06-19 17:35:25,205 - utils.logger - INFO - learning rate = 0.0000500
2021-06-19 17:35:25,940 - utils.logger - INFO - Trn result of epoch 16 / 70 mse 0.1246 rmse 0.3530 pcc -0.0445 ccc -0.0031
2021-06-19 17:35:26,174 - utils.logger - INFO - Val result of epoch 16 / 70 mse 0.1525 rmse 0.3906 pcc 0.1526 ccc 0.0104
2021-06-19 17:35:26,710 - utils.logger - INFO - Cur epoch 17 loss ccc:0.1237
2021-06-19 17:35:27,279 - utils.logger - INFO - Cur epoch 17 loss ccc:0.1283
2021-06-19 17:35:27,732 - utils.logger - INFO - Cur epoch 17 loss ccc:0.9753
2021-06-19 17:35:27,732 - utils.logger - INFO - saving the model at the end of epoch 17, iters 102
2021-06-19 17:35:28,063 - utils.logger - INFO - End of training epoch 17 / 70 	 Time Taken: 1 sec, Data loading: 0 sec
2021-06-19 17:35:28,063 - utils.logger - INFO - learning rate = 0.0000500
2021-06-19 17:35:28,847 - utils.logger - INFO - Trn result of epoch 17 / 70 mse 0.1247 rmse 0.3531 pcc -0.0655 ccc -0.0081
2021-06-19 17:35:29,182 - utils.logger - INFO - Val result of epoch 17 / 70 mse 0.1499 rmse 0.3872 pcc 0.1535 ccc 0.0184
2021-06-19 17:35:29,757 - utils.logger - INFO - Cur epoch 18 loss ccc:0.1095
2021-06-19 17:35:30,328 - utils.logger - INFO - Cur epoch 18 loss ccc:0.1249
2021-06-19 17:35:30,787 - utils.logger - INFO - Cur epoch 18 loss ccc:0.9928
2021-06-19 17:35:30,787 - utils.logger - INFO - saving the model at the end of epoch 18, iters 108
2021-06-19 17:35:31,133 - utils.logger - INFO - End of training epoch 18 / 70 	 Time Taken: 1 sec, Data loading: 0 sec
2021-06-19 17:35:31,133 - utils.logger - INFO - learning rate = 0.0000500
2021-06-19 17:35:31,893 - utils.logger - INFO - Trn result of epoch 18 / 70 mse 0.1573 rmse 0.3966 pcc -0.0767 ccc -0.0106
2021-06-19 17:35:32,139 - utils.logger - INFO - Val result of epoch 18 / 70 mse 0.1865 rmse 0.4319 pcc 0.1330 ccc 0.0188
2021-06-19 17:35:32,694 - utils.logger - INFO - Cur epoch 19 loss ccc:0.1368
2021-06-19 17:35:33,269 - utils.logger - INFO - Cur epoch 19 loss ccc:0.1178
2021-06-19 17:35:33,698 - utils.logger - INFO - Cur epoch 19 loss ccc:1.0084
2021-06-19 17:35:33,699 - utils.logger - INFO - saving the model at the end of epoch 19, iters 114
2021-06-19 17:35:34,053 - utils.logger - INFO - End of training epoch 19 / 70 	 Time Taken: 1 sec, Data loading: 0 sec
2021-06-19 17:35:34,053 - utils.logger - INFO - learning rate = 0.0000500
2021-06-19 17:35:34,804 - utils.logger - INFO - Trn result of epoch 19 / 70 mse 0.1586 rmse 0.3982 pcc -0.0735 ccc -0.0119
2021-06-19 17:35:35,058 - utils.logger - INFO - Val result of epoch 19 / 70 mse 0.1864 rmse 0.4317 pcc 0.1377 ccc 0.0229
2021-06-19 17:35:35,601 - utils.logger - INFO - Cur epoch 20 loss ccc:0.1226
2021-06-19 17:35:36,165 - utils.logger - INFO - Cur epoch 20 loss ccc:0.0901
2021-06-19 17:35:36,590 - utils.logger - INFO - Cur epoch 20 loss ccc:0.7366
2021-06-19 17:35:36,590 - utils.logger - INFO - saving the model at the end of epoch 20, iters 120
2021-06-19 17:35:36,986 - utils.logger - INFO - End of training epoch 20 / 70 	 Time Taken: 1 sec, Data loading: 0 sec
2021-06-19 17:35:36,986 - utils.logger - INFO - learning rate = 0.0000500
2021-06-19 17:35:37,738 - utils.logger - INFO - Trn result of epoch 20 / 70 mse 0.1130 rmse 0.3361 pcc -0.0514 ccc -0.0110
2021-06-19 17:35:37,987 - utils.logger - INFO - Val result of epoch 20 / 70 mse 0.1306 rmse 0.3614 pcc 0.1782 ccc 0.0365
2021-06-19 17:35:38,502 - utils.logger - INFO - Cur epoch 21 loss ccc:0.1051
2021-06-19 17:35:39,051 - utils.logger - INFO - Cur epoch 21 loss ccc:0.1012
2021-06-19 17:35:39,481 - utils.logger - INFO - Cur epoch 21 loss ccc:0.9886
2021-06-19 17:35:39,482 - utils.logger - INFO - saving the model at the end of epoch 21, iters 126
2021-06-19 17:35:39,812 - utils.logger - INFO - End of training epoch 21 / 70 	 Time Taken: 1 sec, Data loading: 0 sec
2021-06-19 17:35:39,812 - utils.logger - INFO - learning rate = 0.0000500
2021-06-19 17:35:40,550 - utils.logger - INFO - Trn result of epoch 21 / 70 mse 0.1201 rmse 0.3466 pcc -0.0458 ccc -0.0178
2021-06-19 17:35:40,815 - utils.logger - INFO - Val result of epoch 21 / 70 mse 0.1318 rmse 0.3631 pcc 0.1836 ccc 0.0648
2021-06-19 17:35:41,375 - utils.logger - INFO - Cur epoch 22 loss ccc:0.1205
2021-06-19 17:35:41,930 - utils.logger - INFO - Cur epoch 22 loss ccc:0.1228
2021-06-19 17:35:42,357 - utils.logger - INFO - Cur epoch 22 loss ccc:0.9966
2021-06-19 17:35:42,357 - utils.logger - INFO - saving the model at the end of epoch 22, iters 132
2021-06-19 17:35:42,693 - utils.logger - INFO - End of training epoch 22 / 70 	 Time Taken: 1 sec, Data loading: 0 sec
2021-06-19 17:35:42,693 - utils.logger - INFO - learning rate = 0.0000500
2021-06-19 17:35:43,502 - utils.logger - INFO - Trn result of epoch 22 / 70 mse 0.1163 rmse 0.3411 pcc 0.0065 ccc 0.0001
2021-06-19 17:35:43,765 - utils.logger - INFO - Val result of epoch 22 / 70 mse 0.1311 rmse 0.3621 pcc 0.1320 ccc 0.0011
2021-06-19 17:35:44,328 - utils.logger - INFO - Cur epoch 23 loss ccc:0.1251
2021-06-19 17:35:44,936 - utils.logger - INFO - Cur epoch 23 loss ccc:0.1245
2021-06-19 17:35:45,394 - utils.logger - INFO - Cur epoch 23 loss ccc:1.0035
2021-06-19 17:35:45,394 - utils.logger - INFO - saving the model at the end of epoch 23, iters 138
2021-06-19 17:35:45,727 - utils.logger - INFO - End of training epoch 23 / 70 	 Time Taken: 1 sec, Data loading: 0 sec
2021-06-19 17:35:45,728 - utils.logger - INFO - learning rate = 0.0000500
2021-06-19 17:35:46,436 - utils.logger - INFO - Trn result of epoch 23 / 70 mse 0.1160 rmse 0.3405 pcc -0.0429 ccc -0.0016
2021-06-19 17:35:46,714 - utils.logger - INFO - Val result of epoch 23 / 70 mse 0.1303 rmse 0.3609 pcc 0.2029 ccc 0.0066
2021-06-19 17:35:47,273 - utils.logger - INFO - Cur epoch 24 loss ccc:0.1248
2021-06-19 17:35:47,826 - utils.logger - INFO - Cur epoch 24 loss ccc:0.1244
2021-06-19 17:35:48,256 - utils.logger - INFO - Cur epoch 24 loss ccc:0.9523
2021-06-19 17:35:48,256 - utils.logger - INFO - saving the model at the end of epoch 24, iters 144
2021-06-19 17:35:48,584 - utils.logger - INFO - End of training epoch 24 / 70 	 Time Taken: 1 sec, Data loading: 0 sec
2021-06-19 17:35:48,585 - utils.logger - INFO - learning rate = 0.0000500
2021-06-19 17:35:49,336 - utils.logger - INFO - Trn result of epoch 24 / 70 mse 0.1108 rmse 0.3328 pcc 0.0009 ccc 0.0000
2021-06-19 17:35:49,605 - utils.logger - INFO - Val result of epoch 24 / 70 mse 0.1283 rmse 0.3582 pcc 0.1571 ccc 0.0016
2021-06-19 17:35:50,170 - utils.logger - INFO - Cur epoch 25 loss ccc:0.1101
2021-06-19 17:35:50,758 - utils.logger - INFO - Cur epoch 25 loss ccc:0.1098
2021-06-19 17:35:51,238 - utils.logger - INFO - Cur epoch 25 loss ccc:1.0095
2021-06-19 17:35:51,238 - utils.logger - INFO - saving the model at the end of epoch 25, iters 150
2021-06-19 17:35:51,576 - utils.logger - INFO - End of training epoch 25 / 70 	 Time Taken: 1 sec, Data loading: 0 sec
2021-06-19 17:35:51,576 - utils.logger - INFO - learning rate = 0.0000500
2021-06-19 17:35:52,305 - utils.logger - INFO - Trn result of epoch 25 / 70 mse 0.1088 rmse 0.3298 pcc -0.0059 ccc -0.0001
2021-06-19 17:35:52,542 - utils.logger - INFO - Val result of epoch 25 / 70 mse 0.1279 rmse 0.3576 pcc 0.1901 ccc 0.0038
2021-06-19 17:35:53,104 - utils.logger - INFO - Cur epoch 26 loss ccc:0.1257
2021-06-19 17:35:53,684 - utils.logger - INFO - Cur epoch 26 loss ccc:0.1231
2021-06-19 17:35:54,113 - utils.logger - INFO - Cur epoch 26 loss ccc:1.0120
2021-06-19 17:35:54,114 - utils.logger - INFO - saving the model at the end of epoch 26, iters 156
2021-06-19 17:35:54,574 - utils.logger - INFO - End of training epoch 26 / 70 	 Time Taken: 2 sec, Data loading: 0 sec
2021-06-19 17:35:54,575 - utils.logger - INFO - learning rate = 0.0000500
2021-06-19 17:35:55,281 - utils.logger - INFO - Trn result of epoch 26 / 70 mse 0.1088 rmse 0.3299 pcc -0.0415 ccc -0.0020
2021-06-19 17:35:55,531 - utils.logger - INFO - Val result of epoch 26 / 70 mse 0.1272 rmse 0.3567 pcc 0.1954 ccc 0.0095
2021-06-19 17:35:56,080 - utils.logger - INFO - Cur epoch 27 loss ccc:0.1208
2021-06-19 17:35:56,633 - utils.logger - INFO - Cur epoch 27 loss ccc:0.1302
2021-06-19 17:35:57,056 - utils.logger - INFO - Cur epoch 27 loss ccc:0.9982
2021-06-19 17:35:57,057 - utils.logger - INFO - saving the model at the end of epoch 27, iters 162
2021-06-19 17:35:57,401 - utils.logger - INFO - End of training epoch 27 / 70 	 Time Taken: 1 sec, Data loading: 0 sec
2021-06-19 17:35:57,401 - utils.logger - INFO - learning rate = 0.0000500
2021-06-19 17:35:58,142 - utils.logger - INFO - Trn result of epoch 27 / 70 mse 0.1096 rmse 0.3311 pcc -0.0720 ccc -0.0096
2021-06-19 17:35:58,397 - utils.logger - INFO - Val result of epoch 27 / 70 mse 0.1265 rmse 0.3556 pcc 0.1829 ccc 0.0238
2021-06-19 17:35:58,964 - utils.logger - INFO - Cur epoch 28 loss ccc:0.1208
2021-06-19 17:35:59,517 - utils.logger - INFO - Cur epoch 28 loss ccc:0.1440
2021-06-19 17:35:59,932 - utils.logger - INFO - Cur epoch 28 loss ccc:0.8444
2021-06-19 17:35:59,932 - utils.logger - INFO - saving the model at the end of epoch 28, iters 168
2021-06-19 17:36:00,262 - utils.logger - INFO - End of training epoch 28 / 70 	 Time Taken: 1 sec, Data loading: 0 sec
2021-06-19 17:36:00,262 - utils.logger - INFO - learning rate = 0.0000500
2021-06-19 17:36:01,022 - utils.logger - INFO - Trn result of epoch 28 / 70 mse 0.1155 rmse 0.3398 pcc -0.0392 ccc -0.0145
2021-06-19 17:36:01,270 - utils.logger - INFO - Val result of epoch 28 / 70 mse 0.1266 rmse 0.3558 pcc 0.2041 ccc 0.0682
2021-06-19 17:36:01,820 - utils.logger - INFO - Cur epoch 29 loss ccc:0.1163
2021-06-19 17:36:02,407 - utils.logger - INFO - Cur epoch 29 loss ccc:0.1186
2021-06-19 17:36:02,858 - utils.logger - INFO - Cur epoch 29 loss ccc:0.6732
2021-06-19 17:36:02,858 - utils.logger - INFO - saving the model at the end of epoch 29, iters 174
2021-06-19 17:36:03,181 - utils.logger - INFO - End of training epoch 29 / 70 	 Time Taken: 1 sec, Data loading: 0 sec
2021-06-19 17:36:03,181 - utils.logger - INFO - learning rate = 0.0000500
2021-06-19 17:36:03,917 - utils.logger - INFO - Trn result of epoch 29 / 70 mse 0.1204 rmse 0.3470 pcc -0.0912 ccc -0.0283
2021-06-19 17:36:04,174 - utils.logger - INFO - Val result of epoch 29 / 70 mse 0.1349 rmse 0.3673 pcc 0.1638 ccc 0.0506
2021-06-19 17:36:04,736 - utils.logger - INFO - Cur epoch 30 loss ccc:0.1032
2021-06-19 17:36:05,351 - utils.logger - INFO - Cur epoch 30 loss ccc:0.1067
2021-06-19 17:36:05,812 - utils.logger - INFO - Cur epoch 30 loss ccc:0.9718
2021-06-19 17:36:05,813 - utils.logger - INFO - saving the model at the end of epoch 30, iters 180
2021-06-19 17:36:06,508 - utils.logger - INFO - End of training epoch 30 / 70 	 Time Taken: 2 sec, Data loading: 0 sec
2021-06-19 17:36:06,508 - utils.logger - INFO - learning rate = 0.0000488
2021-06-19 17:36:07,239 - utils.logger - INFO - Trn result of epoch 30 / 70 mse 0.1196 rmse 0.3458 pcc -0.0330 ccc -0.0177
2021-06-19 17:36:07,473 - utils.logger - INFO - Val result of epoch 30 / 70 mse 0.1236 rmse 0.3516 pcc 0.1966 ccc 0.0898
2021-06-19 17:36:08,019 - utils.logger - INFO - Cur epoch 31 loss ccc:0.1205
2021-06-19 17:36:08,614 - utils.logger - INFO - Cur epoch 31 loss ccc:0.1297
2021-06-19 17:36:09,072 - utils.logger - INFO - Cur epoch 31 loss ccc:0.9935
2021-06-19 17:36:09,072 - utils.logger - INFO - saving the model at the end of epoch 31, iters 186
2021-06-19 17:36:09,405 - utils.logger - INFO - End of training epoch 31 / 70 	 Time Taken: 1 sec, Data loading: 0 sec
2021-06-19 17:36:09,405 - utils.logger - INFO - learning rate = 0.0000476
2021-06-19 17:36:10,160 - utils.logger - INFO - Trn result of epoch 31 / 70 mse 0.3672 rmse 0.6059 pcc -0.1058 ccc -0.0166
2021-06-19 17:36:10,426 - utils.logger - INFO - Val result of epoch 31 / 70 mse 0.3970 rmse 0.6300 pcc 0.1412 ccc 0.0247
2021-06-19 17:36:10,984 - utils.logger - INFO - Cur epoch 32 loss ccc:0.1265
2021-06-19 17:36:11,529 - utils.logger - INFO - Cur epoch 32 loss ccc:0.1221
2021-06-19 17:36:11,953 - utils.logger - INFO - Cur epoch 32 loss ccc:1.2059
2021-06-19 17:36:11,953 - utils.logger - INFO - saving the model at the end of epoch 32, iters 192
2021-06-19 17:36:12,525 - utils.logger - INFO - End of training epoch 32 / 70 	 Time Taken: 2 sec, Data loading: 0 sec
2021-06-19 17:36:12,525 - utils.logger - INFO - learning rate = 0.0000463
2021-06-19 17:36:13,281 - utils.logger - INFO - Trn result of epoch 32 / 70 mse 0.5040 rmse 0.7099 pcc -0.1052 ccc -0.0287
2021-06-19 17:36:13,531 - utils.logger - INFO - Val result of epoch 32 / 70 mse 0.4982 rmse 0.7058 pcc 0.1469 ccc 0.0484
2021-06-19 17:36:14,088 - utils.logger - INFO - Cur epoch 33 loss ccc:0.1295
2021-06-19 17:36:14,638 - utils.logger - INFO - Cur epoch 33 loss ccc:0.1081
2021-06-19 17:36:15,067 - utils.logger - INFO - Cur epoch 33 loss ccc:0.3255
2021-06-19 17:36:15,067 - utils.logger - INFO - saving the model at the end of epoch 33, iters 198
2021-06-19 17:36:15,401 - utils.logger - INFO - End of training epoch 33 / 70 	 Time Taken: 1 sec, Data loading: 0 sec
2021-06-19 17:36:15,402 - utils.logger - INFO - learning rate = 0.0000451
2021-06-19 17:36:16,146 - utils.logger - INFO - Trn result of epoch 33 / 70 mse 0.2631 rmse 0.5130 pcc -0.0739 ccc -0.0335
2021-06-19 17:36:16,386 - utils.logger - INFO - Val result of epoch 33 / 70 mse 0.2560 rmse 0.5060 pcc 0.1735 ccc 0.0858
2021-06-19 17:36:16,931 - utils.logger - INFO - Cur epoch 34 loss ccc:0.1322
2021-06-19 17:36:17,474 - utils.logger - INFO - Cur epoch 34 loss ccc:0.1192
2021-06-19 17:36:17,904 - utils.logger - INFO - Cur epoch 34 loss ccc:0.8886
2021-06-19 17:36:17,905 - utils.logger - INFO - saving the model at the end of epoch 34, iters 204
2021-06-19 17:36:18,230 - utils.logger - INFO - End of training epoch 34 / 70 	 Time Taken: 1 sec, Data loading: 0 sec
2021-06-19 17:36:18,230 - utils.logger - INFO - learning rate = 0.0000439
2021-06-19 17:36:19,005 - utils.logger - INFO - Trn result of epoch 34 / 70 mse 0.2109 rmse 0.4593 pcc -0.0583 ccc -0.0281
2021-06-19 17:36:19,253 - utils.logger - INFO - Val result of epoch 34 / 70 mse 0.2091 rmse 0.4572 pcc 0.1866 ccc 0.0947
2021-06-19 17:36:19,803 - utils.logger - INFO - Cur epoch 35 loss ccc:0.1338
2021-06-19 17:36:20,321 - utils.logger - INFO - Cur epoch 35 loss ccc:0.1248
2021-06-19 17:36:20,750 - utils.logger - INFO - Cur epoch 35 loss ccc:0.9986
2021-06-19 17:36:20,750 - utils.logger - INFO - saving the model at the end of epoch 35, iters 210
2021-06-19 17:36:22,148 - utils.logger - INFO - End of training epoch 35 / 70 	 Time Taken: 2 sec, Data loading: 0 sec
2021-06-19 17:36:22,148 - utils.logger - INFO - learning rate = 0.0000427
2021-06-19 17:36:22,842 - utils.logger - INFO - Trn result of epoch 35 / 70 mse 0.1154 rmse 0.3398 pcc -0.0487 ccc -0.0097
2021-06-19 17:36:23,078 - utils.logger - INFO - Val result of epoch 35 / 70 mse 0.1283 rmse 0.3581 pcc 0.1436 ccc 0.0201
2021-06-19 17:36:23,628 - utils.logger - INFO - Cur epoch 36 loss ccc:0.1209
2021-06-19 17:36:24,137 - utils.logger - INFO - Cur epoch 36 loss ccc:0.1301
2021-06-19 17:36:24,541 - utils.logger - INFO - Cur epoch 36 loss ccc:0.8563
2021-06-19 17:36:24,541 - utils.logger - INFO - saving the model at the end of epoch 36, iters 216
2021-06-19 17:36:24,865 - utils.logger - INFO - End of training epoch 36 / 70 	 Time Taken: 1 sec, Data loading: 0 sec
2021-06-19 17:36:24,865 - utils.logger - INFO - learning rate = 0.0000415
2021-06-19 17:36:25,558 - utils.logger - INFO - Trn result of epoch 36 / 70 mse 0.1786 rmse 0.4226 pcc -0.0738 ccc -0.0259
2021-06-19 17:36:25,806 - utils.logger - INFO - Val result of epoch 36 / 70 mse 0.1875 rmse 0.4331 pcc 0.2023 ccc 0.0777
2021-06-19 17:36:26,343 - utils.logger - INFO - Cur epoch 37 loss ccc:0.1172
2021-06-19 17:36:26,870 - utils.logger - INFO - Cur epoch 37 loss ccc:0.1244
2021-06-19 17:36:27,303 - utils.logger - INFO - Cur epoch 37 loss ccc:0.9614
2021-06-19 17:36:27,303 - utils.logger - INFO - saving the model at the end of epoch 37, iters 222
2021-06-19 17:36:27,659 - utils.logger - INFO - End of training epoch 37 / 70 	 Time Taken: 1 sec, Data loading: 0 sec
2021-06-19 17:36:27,659 - utils.logger - INFO - learning rate = 0.0000402
2021-06-19 17:36:28,357 - utils.logger - INFO - Trn result of epoch 37 / 70 mse 0.1165 rmse 0.3413 pcc -0.0069 ccc -0.0007
2021-06-19 17:36:28,598 - utils.logger - INFO - Val result of epoch 37 / 70 mse 0.1299 rmse 0.3604 pcc 0.1954 ccc 0.0166
2021-06-19 17:36:29,152 - utils.logger - INFO - Cur epoch 38 loss ccc:0.1259
2021-06-19 17:36:29,714 - utils.logger - INFO - Cur epoch 38 loss ccc:0.1283
2021-06-19 17:36:30,119 - utils.logger - INFO - Cur epoch 38 loss ccc:0.8528
2021-06-19 17:36:30,119 - utils.logger - INFO - saving the model at the end of epoch 38, iters 228
2021-06-19 17:36:30,443 - utils.logger - INFO - End of training epoch 38 / 70 	 Time Taken: 1 sec, Data loading: 0 sec
2021-06-19 17:36:30,443 - utils.logger - INFO - learning rate = 0.0000390
2021-06-19 17:36:31,152 - utils.logger - INFO - Trn result of epoch 38 / 70 mse 0.1148 rmse 0.3388 pcc -0.0082 ccc -0.0037
2021-06-19 17:36:31,389 - utils.logger - INFO - Val result of epoch 38 / 70 mse 0.1227 rmse 0.3503 pcc 0.2156 ccc 0.0895
2021-06-19 17:36:31,932 - utils.logger - INFO - Cur epoch 39 loss ccc:0.1326
2021-06-19 17:36:32,507 - utils.logger - INFO - Cur epoch 39 loss ccc:0.1241
2021-06-19 17:36:32,924 - utils.logger - INFO - Cur epoch 39 loss ccc:0.5176
2021-06-19 17:36:32,925 - utils.logger - INFO - saving the model at the end of epoch 39, iters 234
2021-06-19 17:36:33,284 - utils.logger - INFO - End of training epoch 39 / 70 	 Time Taken: 1 sec, Data loading: 0 sec
2021-06-19 17:36:33,284 - utils.logger - INFO - learning rate = 0.0000378
2021-06-19 17:36:34,017 - utils.logger - INFO - Trn result of epoch 39 / 70 mse 0.1377 rmse 0.3710 pcc 0.0104 ccc 0.0084
2021-06-19 17:36:34,253 - utils.logger - INFO - Val result of epoch 39 / 70 mse 0.1291 rmse 0.3593 pcc 0.2029 ccc 0.1421
2021-06-19 17:36:34,784 - utils.logger - INFO - Cur epoch 40 loss ccc:0.1384
2021-06-19 17:36:35,301 - utils.logger - INFO - Cur epoch 40 loss ccc:0.1249
2021-06-19 17:36:35,762 - utils.logger - INFO - Cur epoch 40 loss ccc:0.9040
2021-06-19 17:36:35,762 - utils.logger - INFO - saving the model at the end of epoch 40, iters 240
2021-06-19 17:36:36,087 - utils.logger - INFO - End of training epoch 40 / 70 	 Time Taken: 1 sec, Data loading: 0 sec
2021-06-19 17:36:36,087 - utils.logger - INFO - learning rate = 0.0000366
2021-06-19 17:36:36,865 - utils.logger - INFO - Trn result of epoch 40 / 70 mse 0.1349 rmse 0.3673 pcc 0.0215 ccc 0.0008
2021-06-19 17:36:37,171 - utils.logger - INFO - Val result of epoch 40 / 70 mse 0.1452 rmse 0.3810 pcc -0.1983 ccc -0.0076
2021-06-19 17:36:37,710 - utils.logger - INFO - Cur epoch 41 loss ccc:0.1252
2021-06-19 17:36:38,271 - utils.logger - INFO - Cur epoch 41 loss ccc:0.1242
2021-06-19 17:36:38,704 - utils.logger - INFO - Cur epoch 41 loss ccc:1.0025
2021-06-19 17:36:38,704 - utils.logger - INFO - saving the model at the end of epoch 41, iters 246
2021-06-19 17:36:39,030 - utils.logger - INFO - End of training epoch 41 / 70 	 Time Taken: 1 sec, Data loading: 0 sec
2021-06-19 17:36:39,031 - utils.logger - INFO - learning rate = 0.0000354
2021-06-19 17:36:39,771 - utils.logger - INFO - Trn result of epoch 41 / 70 mse 0.1273 rmse 0.3568 pcc 0.0629 ccc 0.0028
2021-06-19 17:36:40,010 - utils.logger - INFO - Val result of epoch 41 / 70 mse 0.1396 rmse 0.3736 pcc -0.1639 ccc -0.0073
2021-06-19 17:36:40,563 - utils.logger - INFO - Cur epoch 42 loss ccc:0.1198
2021-06-19 17:36:41,086 - utils.logger - INFO - Cur epoch 42 loss ccc:0.1303
2021-06-19 17:36:41,504 - utils.logger - INFO - Cur epoch 42 loss ccc:0.9997
2021-06-19 17:36:41,504 - utils.logger - INFO - saving the model at the end of epoch 42, iters 252
2021-06-19 17:36:41,819 - utils.logger - INFO - End of training epoch 42 / 70 	 Time Taken: 1 sec, Data loading: 0 sec
2021-06-19 17:36:41,819 - utils.logger - INFO - learning rate = 0.0000341
2021-06-19 17:36:42,562 - utils.logger - INFO - Trn result of epoch 42 / 70 mse 0.1273 rmse 0.3567 pcc 0.0644 ccc 0.0025
2021-06-19 17:36:42,798 - utils.logger - INFO - Val result of epoch 42 / 70 mse 0.1394 rmse 0.3733 pcc -0.1548 ccc -0.0060
2021-06-19 17:36:43,342 - utils.logger - INFO - Cur epoch 43 loss ccc:0.1381
2021-06-19 17:36:43,860 - utils.logger - INFO - Cur epoch 43 loss ccc:0.1296
2021-06-19 17:36:44,277 - utils.logger - INFO - Cur epoch 43 loss ccc:0.9994
2021-06-19 17:36:44,277 - utils.logger - INFO - saving the model at the end of epoch 43, iters 258
2021-06-19 17:36:44,550 - utils.logger - INFO - End of training epoch 43 / 70 	 Time Taken: 1 sec, Data loading: 0 sec
2021-06-19 17:36:44,551 - utils.logger - INFO - learning rate = 0.0000329
2021-06-19 17:36:45,261 - utils.logger - INFO - Trn result of epoch 43 / 70 mse 0.1260 rmse 0.3550 pcc 0.0767 ccc 0.0021
2021-06-19 17:36:45,494 - utils.logger - INFO - Val result of epoch 43 / 70 mse 0.1383 rmse 0.3719 pcc -0.1427 ccc -0.0039
2021-06-19 17:36:46,030 - utils.logger - INFO - Cur epoch 44 loss ccc:0.1277
2021-06-19 17:36:46,560 - utils.logger - INFO - Cur epoch 44 loss ccc:0.1250
2021-06-19 17:36:46,968 - utils.logger - INFO - Cur epoch 44 loss ccc:1.0978
2021-06-19 17:36:46,968 - utils.logger - INFO - saving the model at the end of epoch 44, iters 264
2021-06-19 17:36:47,298 - utils.logger - INFO - End of training epoch 44 / 70 	 Time Taken: 1 sec, Data loading: 0 sec
2021-06-19 17:36:47,298 - utils.logger - INFO - learning rate = 0.0000317
2021-06-19 17:36:47,996 - utils.logger - INFO - Trn result of epoch 44 / 70 mse 0.1269 rmse 0.3562 pcc 0.0782 ccc 0.0009
2021-06-19 17:36:48,287 - utils.logger - INFO - Val result of epoch 44 / 70 mse 0.1385 rmse 0.3722 pcc 0.0653 ccc 0.0006
2021-06-19 17:36:48,820 - utils.logger - INFO - Cur epoch 45 loss ccc:0.1283
2021-06-19 17:36:49,350 - utils.logger - INFO - Cur epoch 45 loss ccc:0.1250
2021-06-19 17:36:49,747 - utils.logger - INFO - Cur epoch 45 loss ccc:0.9948
2021-06-19 17:36:49,747 - utils.logger - INFO - saving the model at the end of epoch 45, iters 270
2021-06-19 17:36:50,098 - utils.logger - INFO - End of training epoch 45 / 70 	 Time Taken: 1 sec, Data loading: 0 sec
2021-06-19 17:36:50,099 - utils.logger - INFO - learning rate = 0.0000305
2021-06-19 17:36:50,888 - utils.logger - INFO - Trn result of epoch 45 / 70 mse 0.1274 rmse 0.3569 pcc 0.0060 ccc 0.0002
2021-06-19 17:36:51,128 - utils.logger - INFO - Val result of epoch 45 / 70 mse 0.1384 rmse 0.3720 pcc 0.2202 ccc 0.0060
2021-06-19 17:36:51,668 - utils.logger - INFO - Cur epoch 46 loss ccc:0.1235
2021-06-19 17:36:52,213 - utils.logger - INFO - Cur epoch 46 loss ccc:0.1339
2021-06-19 17:36:52,602 - utils.logger - INFO - Cur epoch 46 loss ccc:0.9802
2021-06-19 17:36:52,602 - utils.logger - INFO - saving the model at the end of epoch 46, iters 276
2021-06-19 17:36:53,105 - utils.logger - INFO - End of training epoch 46 / 70 	 Time Taken: 1 sec, Data loading: 0 sec
2021-06-19 17:36:53,105 - utils.logger - INFO - learning rate = 0.0000293
2021-06-19 17:36:53,882 - utils.logger - INFO - Trn result of epoch 46 / 70 mse 0.1259 rmse 0.3548 pcc -0.0100 ccc -0.0005
2021-06-19 17:36:54,137 - utils.logger - INFO - Val result of epoch 46 / 70 mse 0.1370 rmse 0.3701 pcc 0.2170 ccc 0.0093
2021-06-19 17:36:54,687 - utils.logger - INFO - Cur epoch 47 loss ccc:0.1221
2021-06-19 17:36:55,244 - utils.logger - INFO - Cur epoch 47 loss ccc:0.1379
2021-06-19 17:36:55,654 - utils.logger - INFO - Cur epoch 47 loss ccc:0.9986
2021-06-19 17:36:55,654 - utils.logger - INFO - saving the model at the end of epoch 47, iters 282
2021-06-19 17:36:56,180 - utils.logger - INFO - End of training epoch 47 / 70 	 Time Taken: 2 sec, Data loading: 0 sec
2021-06-19 17:36:56,180 - utils.logger - INFO - learning rate = 0.0000280
2021-06-19 17:36:56,909 - utils.logger - INFO - Trn result of epoch 47 / 70 mse 0.1243 rmse 0.3526 pcc -0.0117 ccc -0.0009
2021-06-19 17:36:57,164 - utils.logger - INFO - Val result of epoch 47 / 70 mse 0.1354 rmse 0.3680 pcc 0.2248 ccc 0.0145
2021-06-19 17:36:57,685 - utils.logger - INFO - Cur epoch 48 loss ccc:0.1260
2021-06-19 17:36:58,253 - utils.logger - INFO - Cur epoch 48 loss ccc:0.1289
2021-06-19 17:36:58,691 - utils.logger - INFO - Cur epoch 48 loss ccc:1.0383
2021-06-19 17:36:58,692 - utils.logger - INFO - saving the model at the end of epoch 48, iters 288
2021-06-19 17:36:59,022 - utils.logger - INFO - End of training epoch 48 / 70 	 Time Taken: 1 sec, Data loading: 0 sec
2021-06-19 17:36:59,023 - utils.logger - INFO - learning rate = 0.0000268
2021-06-19 17:36:59,727 - utils.logger - INFO - Trn result of epoch 48 / 70 mse 0.1181 rmse 0.3437 pcc -0.0017 ccc -0.0002
2021-06-19 17:36:59,974 - utils.logger - INFO - Val result of epoch 48 / 70 mse 0.1298 rmse 0.3602 pcc 0.2401 ccc 0.0280
2021-06-19 17:37:00,520 - utils.logger - INFO - Cur epoch 49 loss ccc:0.1266
2021-06-19 17:37:01,072 - utils.logger - INFO - Cur epoch 49 loss ccc:0.1109
2021-06-19 17:37:01,520 - utils.logger - INFO - Cur epoch 49 loss ccc:1.0057
2021-06-19 17:37:01,521 - utils.logger - INFO - saving the model at the end of epoch 49, iters 294
2021-06-19 17:37:01,848 - utils.logger - INFO - End of training epoch 49 / 70 	 Time Taken: 1 sec, Data loading: 0 sec
2021-06-19 17:37:01,849 - utils.logger - INFO - learning rate = 0.0000256
2021-06-19 17:37:02,575 - utils.logger - INFO - Trn result of epoch 49 / 70 mse 0.1120 rmse 0.3347 pcc 0.0137 ccc 0.0018
2021-06-19 17:37:02,836 - utils.logger - INFO - Val result of epoch 49 / 70 mse 0.1257 rmse 0.3545 pcc 0.2635 ccc 0.0312
2021-06-19 17:37:03,367 - utils.logger - INFO - Cur epoch 50 loss ccc:0.1249
2021-06-19 17:37:03,917 - utils.logger - INFO - Cur epoch 50 loss ccc:0.1237
2021-06-19 17:37:04,349 - utils.logger - INFO - Cur epoch 50 loss ccc:0.9973
2021-06-19 17:37:04,349 - utils.logger - INFO - saving the model at the end of epoch 50, iters 300
2021-06-19 17:37:04,674 - utils.logger - INFO - End of training epoch 50 / 70 	 Time Taken: 1 sec, Data loading: 0 sec
2021-06-19 17:37:04,674 - utils.logger - INFO - learning rate = 0.0000244
2021-06-19 17:37:05,449 - utils.logger - INFO - Trn result of epoch 50 / 70 mse 0.1094 rmse 0.3307 pcc 0.0001 ccc 0.0000
2021-06-19 17:37:05,715 - utils.logger - INFO - Val result of epoch 50 / 70 mse 0.1258 rmse 0.3546 pcc 0.2400 ccc 0.0215
2021-06-19 17:37:06,267 - utils.logger - INFO - Cur epoch 51 loss ccc:0.1088
2021-06-19 17:37:06,829 - utils.logger - INFO - Cur epoch 51 loss ccc:0.1264
2021-06-19 17:37:07,253 - utils.logger - INFO - Cur epoch 51 loss ccc:0.7841
2021-06-19 17:37:07,253 - utils.logger - INFO - saving the model at the end of epoch 51, iters 306
2021-06-19 17:37:07,703 - utils.logger - INFO - End of training epoch 51 / 70 	 Time Taken: 1 sec, Data loading: 0 sec
2021-06-19 17:37:07,703 - utils.logger - INFO - learning rate = 0.0000232
2021-06-19 17:37:08,467 - utils.logger - INFO - Trn result of epoch 51 / 70 mse 0.1131 rmse 0.3363 pcc 0.0106 ccc 0.0018
2021-06-19 17:37:08,717 - utils.logger - INFO - Val result of epoch 51 / 70 mse 0.1259 rmse 0.3548 pcc 0.2389 ccc 0.0354
2021-06-19 17:37:09,307 - utils.logger - INFO - Cur epoch 52 loss ccc:0.1256
2021-06-19 17:37:09,871 - utils.logger - INFO - Cur epoch 52 loss ccc:0.1269
2021-06-19 17:37:10,334 - utils.logger - INFO - Cur epoch 52 loss ccc:0.9974
2021-06-19 17:37:10,334 - utils.logger - INFO - saving the model at the end of epoch 52, iters 312
2021-06-19 17:37:10,662 - utils.logger - INFO - End of training epoch 52 / 70 	 Time Taken: 1 sec, Data loading: 0 sec
2021-06-19 17:37:10,663 - utils.logger - INFO - learning rate = 0.0000220
2021-06-19 17:37:11,392 - utils.logger - INFO - Trn result of epoch 52 / 70 mse 0.1142 rmse 0.3379 pcc -0.0129 ccc -0.0023
2021-06-19 17:37:11,639 - utils.logger - INFO - Val result of epoch 52 / 70 mse 0.1267 rmse 0.3559 pcc 0.2124 ccc 0.0324
2021-06-19 17:37:12,165 - utils.logger - INFO - Cur epoch 53 loss ccc:0.1254
2021-06-19 17:37:12,678 - utils.logger - INFO - Cur epoch 53 loss ccc:0.1207
2021-06-19 17:37:13,096 - utils.logger - INFO - Cur epoch 53 loss ccc:0.9984
2021-06-19 17:37:13,096 - utils.logger - INFO - saving the model at the end of epoch 53, iters 318
2021-06-19 17:37:13,417 - utils.logger - INFO - End of training epoch 53 / 70 	 Time Taken: 1 sec, Data loading: 0 sec
2021-06-19 17:37:13,417 - utils.logger - INFO - learning rate = 0.0000207
2021-06-19 17:37:14,191 - utils.logger - INFO - Trn result of epoch 53 / 70 mse 0.1117 rmse 0.3342 pcc 0.0070 ccc 0.0013
2021-06-19 17:37:14,440 - utils.logger - INFO - Val result of epoch 53 / 70 mse 0.1249 rmse 0.3534 pcc 0.2323 ccc 0.0376
2021-06-19 17:37:14,983 - utils.logger - INFO - Cur epoch 54 loss ccc:0.1248
2021-06-19 17:37:15,538 - utils.logger - INFO - Cur epoch 54 loss ccc:0.1245
2021-06-19 17:37:15,957 - utils.logger - INFO - Cur epoch 54 loss ccc:1.0060
2021-06-19 17:37:15,957 - utils.logger - INFO - saving the model at the end of epoch 54, iters 324
2021-06-19 17:37:16,280 - utils.logger - INFO - End of training epoch 54 / 70 	 Time Taken: 1 sec, Data loading: 0 sec
2021-06-19 17:37:16,280 - utils.logger - INFO - learning rate = 0.0000195
2021-06-19 17:37:17,009 - utils.logger - INFO - Trn result of epoch 54 / 70 mse 0.1104 rmse 0.3323 pcc 0.0092 ccc 0.0021
2021-06-19 17:37:17,257 - utils.logger - INFO - Val result of epoch 54 / 70 mse 0.1235 rmse 0.3515 pcc 0.2387 ccc 0.0468
2021-06-19 17:37:17,793 - utils.logger - INFO - Cur epoch 55 loss ccc:0.1256
2021-06-19 17:37:18,310 - utils.logger - INFO - Cur epoch 55 loss ccc:0.1244
2021-06-19 17:37:18,705 - utils.logger - INFO - Cur epoch 55 loss ccc:0.7144
2021-06-19 17:37:18,705 - utils.logger - INFO - saving the model at the end of epoch 55, iters 330
2021-06-19 17:37:19,032 - utils.logger - INFO - End of training epoch 55 / 70 	 Time Taken: 1 sec, Data loading: 0 sec
2021-06-19 17:37:19,032 - utils.logger - INFO - learning rate = 0.0000183
2021-06-19 17:37:19,789 - utils.logger - INFO - Trn result of epoch 55 / 70 mse 0.1202 rmse 0.3467 pcc 0.0045 ccc 0.0020
2021-06-19 17:37:20,060 - utils.logger - INFO - Val result of epoch 55 / 70 mse 0.1292 rmse 0.3594 pcc 0.2400 ccc 0.0938
2021-06-19 17:37:20,611 - utils.logger - INFO - Cur epoch 56 loss ccc:0.1250
2021-06-19 17:37:21,147 - utils.logger - INFO - Cur epoch 56 loss ccc:0.1074
2021-06-19 17:37:21,541 - utils.logger - INFO - Cur epoch 56 loss ccc:1.0073
2021-06-19 17:37:21,542 - utils.logger - INFO - saving the model at the end of epoch 56, iters 336
2021-06-19 17:37:21,873 - utils.logger - INFO - End of training epoch 56 / 70 	 Time Taken: 1 sec, Data loading: 0 sec
2021-06-19 17:37:21,873 - utils.logger - INFO - learning rate = 0.0000171
2021-06-19 17:37:22,602 - utils.logger - INFO - Trn result of epoch 56 / 70 mse 0.1266 rmse 0.3559 pcc 0.0161 ccc 0.0076
2021-06-19 17:37:22,845 - utils.logger - INFO - Val result of epoch 56 / 70 mse 0.1330 rmse 0.3648 pcc 0.2517 ccc 0.1087
2021-06-19 17:37:23,368 - utils.logger - INFO - Cur epoch 57 loss ccc:0.1323
2021-06-19 17:37:23,925 - utils.logger - INFO - Cur epoch 57 loss ccc:0.1171
2021-06-19 17:37:24,375 - utils.logger - INFO - Cur epoch 57 loss ccc:0.9844
2021-06-19 17:37:24,375 - utils.logger - INFO - saving the model at the end of epoch 57, iters 342
2021-06-19 17:37:24,710 - utils.logger - INFO - End of training epoch 57 / 70 	 Time Taken: 1 sec, Data loading: 0 sec
2021-06-19 17:37:24,710 - utils.logger - INFO - learning rate = 0.0000159
2021-06-19 17:37:25,417 - utils.logger - INFO - Trn result of epoch 57 / 70 mse 0.1482 rmse 0.3849 pcc 0.0012 ccc 0.0006
2021-06-19 17:37:25,653 - utils.logger - INFO - Val result of epoch 57 / 70 mse 0.1500 rmse 0.3873 pcc 0.2395 ccc 0.1208
2021-06-19 17:37:26,183 - utils.logger - INFO - Cur epoch 58 loss ccc:0.1259
2021-06-19 17:37:26,728 - utils.logger - INFO - Cur epoch 58 loss ccc:0.1170
2021-06-19 17:37:27,121 - utils.logger - INFO - Cur epoch 58 loss ccc:0.8359
2021-06-19 17:37:27,121 - utils.logger - INFO - saving the model at the end of epoch 58, iters 348
2021-06-19 17:37:27,432 - utils.logger - INFO - End of training epoch 58 / 70 	 Time Taken: 1 sec, Data loading: 0 sec
2021-06-19 17:37:27,433 - utils.logger - INFO - learning rate = 0.0000146
2021-06-19 17:37:28,153 - utils.logger - INFO - Trn result of epoch 58 / 70 mse 0.2410 rmse 0.4909 pcc -0.0577 ccc -0.0183
2021-06-19 17:37:28,395 - utils.logger - INFO - Val result of epoch 58 / 70 mse 0.2426 rmse 0.4926 pcc 0.2070 ccc 0.0727
2021-06-19 17:37:28,906 - utils.logger - INFO - Cur epoch 59 loss ccc:0.1237
2021-06-19 17:37:29,428 - utils.logger - INFO - Cur epoch 59 loss ccc:0.1269
2021-06-19 17:37:29,862 - utils.logger - INFO - Cur epoch 59 loss ccc:0.9978
2021-06-19 17:37:29,862 - utils.logger - INFO - saving the model at the end of epoch 59, iters 354
2021-06-19 17:37:30,179 - utils.logger - INFO - End of training epoch 59 / 70 	 Time Taken: 1 sec, Data loading: 0 sec
2021-06-19 17:37:30,179 - utils.logger - INFO - learning rate = 0.0000134
2021-06-19 17:37:30,910 - utils.logger - INFO - Trn result of epoch 59 / 70 mse 0.2351 rmse 0.4849 pcc -0.0458 ccc -0.0152
2021-06-19 17:37:31,170 - utils.logger - INFO - Val result of epoch 59 / 70 mse 0.2346 rmse 0.4843 pcc 0.2194 ccc 0.0809
2021-06-19 17:37:31,737 - utils.logger - INFO - Cur epoch 60 loss ccc:0.1127
2021-06-19 17:37:32,269 - utils.logger - INFO - Cur epoch 60 loss ccc:0.1108
2021-06-19 17:37:32,684 - utils.logger - INFO - Cur epoch 60 loss ccc:0.8099
2021-06-19 17:37:32,684 - utils.logger - INFO - saving the model at the end of epoch 60, iters 360
2021-06-19 17:37:33,109 - utils.logger - INFO - End of training epoch 60 / 70 	 Time Taken: 1 sec, Data loading: 0 sec
2021-06-19 17:37:33,109 - utils.logger - INFO - learning rate = 0.0000122
2021-06-19 17:37:33,914 - utils.logger - INFO - Trn result of epoch 60 / 70 mse 0.2046 rmse 0.4523 pcc -0.0198 ccc -0.0068
2021-06-19 17:37:34,227 - utils.logger - INFO - Val result of epoch 60 / 70 mse 0.2056 rmse 0.4535 pcc 0.2386 ccc 0.0887
2021-06-19 17:37:34,785 - utils.logger - INFO - Cur epoch 61 loss ccc:0.1218
2021-06-19 17:37:35,347 - utils.logger - INFO - Cur epoch 61 loss ccc:0.1125
2021-06-19 17:37:35,764 - utils.logger - INFO - Cur epoch 61 loss ccc:0.9308
2021-06-19 17:37:35,764 - utils.logger - INFO - saving the model at the end of epoch 61, iters 366
2021-06-19 17:37:36,111 - utils.logger - INFO - End of training epoch 61 / 70 	 Time Taken: 1 sec, Data loading: 0 sec
2021-06-19 17:37:36,111 - utils.logger - INFO - learning rate = 0.0000110
2021-06-19 17:37:36,863 - utils.logger - INFO - Trn result of epoch 61 / 70 mse 0.1650 rmse 0.4062 pcc -0.0073 ccc -0.0029
2021-06-19 17:37:37,103 - utils.logger - INFO - Val result of epoch 61 / 70 mse 0.1682 rmse 0.4101 pcc 0.2477 ccc 0.1022
2021-06-19 17:37:37,629 - utils.logger - INFO - Cur epoch 62 loss ccc:0.0921
2021-06-19 17:37:38,200 - utils.logger - INFO - Cur epoch 62 loss ccc:0.1160
2021-06-19 17:37:38,637 - utils.logger - INFO - Cur epoch 62 loss ccc:1.0044
2021-06-19 17:37:38,637 - utils.logger - INFO - saving the model at the end of epoch 62, iters 372
2021-06-19 17:37:38,968 - utils.logger - INFO - End of training epoch 62 / 70 	 Time Taken: 1 sec, Data loading: 0 sec
2021-06-19 17:37:38,968 - utils.logger - INFO - learning rate = 0.0000098
2021-06-19 17:37:39,711 - utils.logger - INFO - Trn result of epoch 62 / 70 mse 0.1658 rmse 0.4072 pcc -0.0015 ccc -0.0006
2021-06-19 17:37:39,968 - utils.logger - INFO - Val result of epoch 62 / 70 mse 0.1694 rmse 0.4116 pcc 0.2534 ccc 0.0993
2021-06-19 17:37:40,510 - utils.logger - INFO - Cur epoch 63 loss ccc:0.1101
2021-06-19 17:37:41,031 - utils.logger - INFO - Cur epoch 63 loss ccc:0.1236
2021-06-19 17:37:41,408 - utils.logger - INFO - Cur epoch 63 loss ccc:0.7055
2021-06-19 17:37:41,408 - utils.logger - INFO - saving the model at the end of epoch 63, iters 378
2021-06-19 17:37:41,736 - utils.logger - INFO - End of training epoch 63 / 70 	 Time Taken: 1 sec, Data loading: 0 sec
2021-06-19 17:37:41,737 - utils.logger - INFO - learning rate = 0.0000085
2021-06-19 17:37:42,450 - utils.logger - INFO - Trn result of epoch 63 / 70 mse 0.1844 rmse 0.4294 pcc -0.0022 ccc -0.0009
2021-06-19 17:37:42,693 - utils.logger - INFO - Val result of epoch 63 / 70 mse 0.1841 rmse 0.4291 pcc 0.2522 ccc 0.1069
2021-06-19 17:37:43,245 - utils.logger - INFO - Cur epoch 64 loss ccc:0.1217
2021-06-19 17:37:43,785 - utils.logger - INFO - Cur epoch 64 loss ccc:0.1220
2021-06-19 17:37:44,196 - utils.logger - INFO - Cur epoch 64 loss ccc:0.9642
2021-06-19 17:37:44,196 - utils.logger - INFO - saving the model at the end of epoch 64, iters 384
2021-06-19 17:37:44,522 - utils.logger - INFO - End of training epoch 64 / 70 	 Time Taken: 1 sec, Data loading: 0 sec
2021-06-19 17:37:44,522 - utils.logger - INFO - learning rate = 0.0000073
2021-06-19 17:37:45,256 - utils.logger - INFO - Trn result of epoch 64 / 70 mse 0.1893 rmse 0.4351 pcc 0.0073 ccc 0.0026
2021-06-19 17:37:45,525 - utils.logger - INFO - Val result of epoch 64 / 70 mse 0.1933 rmse 0.4397 pcc 0.2544 ccc 0.0946
2021-06-19 17:37:46,051 - utils.logger - INFO - Cur epoch 65 loss ccc:0.1330
2021-06-19 17:37:46,587 - utils.logger - INFO - Cur epoch 65 loss ccc:0.1101
2021-06-19 17:37:46,997 - utils.logger - INFO - Cur epoch 65 loss ccc:0.8372
2021-06-19 17:37:46,997 - utils.logger - INFO - saving the model at the end of epoch 65, iters 390
2021-06-19 17:37:47,298 - utils.logger - INFO - End of training epoch 65 / 70 	 Time Taken: 1 sec, Data loading: 0 sec
2021-06-19 17:37:47,298 - utils.logger - INFO - learning rate = 0.0000061
2021-06-19 17:37:47,999 - utils.logger - INFO - Trn result of epoch 65 / 70 mse 0.1856 rmse 0.4309 pcc 0.0006 ccc 0.0002
2021-06-19 17:37:48,241 - utils.logger - INFO - Val result of epoch 65 / 70 mse 0.1879 rmse 0.4335 pcc 0.2533 ccc 0.1028
2021-06-19 17:37:48,779 - utils.logger - INFO - Cur epoch 66 loss ccc:0.1060
2021-06-19 17:37:49,303 - utils.logger - INFO - Cur epoch 66 loss ccc:0.1236
2021-06-19 17:37:49,712 - utils.logger - INFO - Cur epoch 66 loss ccc:0.9942
2021-06-19 17:37:49,712 - utils.logger - INFO - saving the model at the end of epoch 66, iters 396
2021-06-19 17:37:50,060 - utils.logger - INFO - End of training epoch 66 / 70 	 Time Taken: 1 sec, Data loading: 0 sec
2021-06-19 17:37:50,060 - utils.logger - INFO - learning rate = 0.0000049
2021-06-19 17:37:50,776 - utils.logger - INFO - Trn result of epoch 66 / 70 mse 0.1836 rmse 0.4285 pcc 0.0022 ccc 0.0009
2021-06-19 17:37:51,052 - utils.logger - INFO - Val result of epoch 66 / 70 mse 0.1851 rmse 0.4303 pcc 0.2546 ccc 0.1060
2021-06-19 17:37:51,569 - utils.logger - INFO - Cur epoch 67 loss ccc:0.1085
2021-06-19 17:37:52,141 - utils.logger - INFO - Cur epoch 67 loss ccc:0.1460
2021-06-19 17:37:52,549 - utils.logger - INFO - Cur epoch 67 loss ccc:0.7134
2021-06-19 17:37:52,549 - utils.logger - INFO - saving the model at the end of epoch 67, iters 402
2021-06-19 17:37:52,877 - utils.logger - INFO - End of training epoch 67 / 70 	 Time Taken: 1 sec, Data loading: 0 sec
2021-06-19 17:37:52,877 - utils.logger - INFO - learning rate = 0.0000037
2021-06-19 17:37:53,655 - utils.logger - INFO - Trn result of epoch 67 / 70 mse 0.1674 rmse 0.4091 pcc 0.0154 ccc 0.0067
2021-06-19 17:37:53,928 - utils.logger - INFO - Val result of epoch 67 / 70 mse 0.1683 rmse 0.4103 pcc 0.2639 ccc 0.1185
2021-06-19 17:37:54,455 - utils.logger - INFO - Cur epoch 68 loss ccc:0.1247
2021-06-19 17:37:55,056 - utils.logger - INFO - Cur epoch 68 loss ccc:0.1346
2021-06-19 17:37:55,508 - utils.logger - INFO - Cur epoch 68 loss ccc:1.0133
2021-06-19 17:37:55,508 - utils.logger - INFO - saving the model at the end of epoch 68, iters 408
2021-06-19 17:37:55,839 - utils.logger - INFO - End of training epoch 68 / 70 	 Time Taken: 1 sec, Data loading: 0 sec
2021-06-19 17:37:55,839 - utils.logger - INFO - learning rate = 0.0000024
2021-06-19 17:37:56,559 - utils.logger - INFO - Trn result of epoch 68 / 70 mse 0.1668 rmse 0.4084 pcc 0.0185 ccc 0.0083
2021-06-19 17:37:56,796 - utils.logger - INFO - Val result of epoch 68 / 70 mse 0.1669 rmse 0.4085 pcc 0.2663 ccc 0.1223
2021-06-19 17:37:57,342 - utils.logger - INFO - Cur epoch 69 loss ccc:0.1204
2021-06-19 17:37:57,889 - utils.logger - INFO - Cur epoch 69 loss ccc:0.1241
2021-06-19 17:37:58,343 - utils.logger - INFO - Cur epoch 69 loss ccc:0.9817
2021-06-19 17:37:58,343 - utils.logger - INFO - saving the model at the end of epoch 69, iters 414
2021-06-19 17:37:58,689 - utils.logger - INFO - End of training epoch 69 / 70 	 Time Taken: 1 sec, Data loading: 0 sec
2021-06-19 17:37:58,690 - utils.logger - INFO - learning rate = 0.0000012
2021-06-19 17:37:59,411 - utils.logger - INFO - Trn result of epoch 69 / 70 mse 0.1652 rmse 0.4065 pcc 0.0209 ccc 0.0091
2021-06-19 17:37:59,657 - utils.logger - INFO - Val result of epoch 69 / 70 mse 0.1663 rmse 0.4078 pcc 0.2668 ccc 0.1189
2021-06-19 17:38:00,186 - utils.logger - INFO - Cur epoch 70 loss ccc:0.1237
2021-06-19 17:38:00,732 - utils.logger - INFO - Cur epoch 70 loss ccc:0.1124
2021-06-19 17:38:01,155 - utils.logger - INFO - Cur epoch 70 loss ccc:0.7212
2021-06-19 17:38:01,156 - utils.logger - INFO - saving the model at the end of epoch 70, iters 420
2021-06-19 17:38:01,402 - utils.logger - INFO - End of training epoch 70 / 70 	 Time Taken: 1 sec, Data loading: 0 sec
2021-06-19 17:38:01,402 - utils.logger - INFO - learning rate = 0.0000000
2021-06-19 17:38:02,106 - utils.logger - INFO - Trn result of epoch 70 / 70 mse 0.1616 rmse 0.4020 pcc 0.0219 ccc 0.0097
2021-06-19 17:38:02,350 - utils.logger - INFO - Val result of epoch 70 / 70 mse 0.1630 rmse 0.4037 pcc 0.2674 ccc 0.1200
2021-06-19 17:38:02,351 - utils.logger - INFO - Best eval epoch 39 found with ccc 0.142120
2021-06-19 17:38:02,351 - utils.logger - INFO - baseline_fcfusion_wonorm_deepspectrum_EDA_hidden1024_seq100_lr5e-05_cccloss_run1
