2021-06-07 02:53:38,750 - utils.logger - INFO - The number of training samples = 41
2021-06-07 02:53:41,324 - utils.logger - INFO - Cur epoch 1 loss MSE:0.6551
2021-06-07 02:53:41,646 - utils.logger - INFO - Cur epoch 1 loss MSE:0.8168
2021-06-07 02:53:41,910 - utils.logger - INFO - Cur epoch 1 loss MSE:2.0862
2021-06-07 02:53:41,910 - utils.logger - INFO - saving the model at the end of epoch 1, iters 6
2021-06-07 02:53:42,048 - utils.logger - INFO - End of training epoch 1 / 50 	 Time Taken: 1 sec, Data loading: 0 sec
2021-06-07 02:53:42,048 - utils.logger - INFO - learning rate = 0.0000100
2021-06-07 02:53:42,378 - utils.logger - INFO - Trn result of epoch 1 / 50 mse 0.0451 rmse 0.2124 pcc 0.1490 ccc 0.0019
2021-06-07 02:53:42,492 - utils.logger - INFO - Val result of epoch 1 / 50 mse 0.0379 rmse 0.1948 pcc 0.2067 ccc 0.0029
2021-06-07 02:53:42,808 - utils.logger - INFO - Cur epoch 2 loss MSE:0.5134
2021-06-07 02:53:43,139 - utils.logger - INFO - Cur epoch 2 loss MSE:0.4318
2021-06-07 02:53:43,405 - utils.logger - INFO - Cur epoch 2 loss MSE:1.7031
2021-06-07 02:53:43,405 - utils.logger - INFO - saving the model at the end of epoch 2, iters 12
2021-06-07 02:53:43,554 - utils.logger - INFO - End of training epoch 2 / 50 	 Time Taken: 1 sec, Data loading: 0 sec
2021-06-07 02:53:43,554 - utils.logger - INFO - learning rate = 0.0000100
2021-06-07 02:53:43,890 - utils.logger - INFO - Trn result of epoch 2 / 50 mse 0.0450 rmse 0.2121 pcc 0.1763 ccc 0.0037
2021-06-07 02:53:44,006 - utils.logger - INFO - Val result of epoch 2 / 50 mse 0.0378 rmse 0.1945 pcc 0.2296 ccc 0.0055
2021-06-07 02:53:44,328 - utils.logger - INFO - Cur epoch 3 loss MSE:0.0064
2021-06-07 02:53:44,648 - utils.logger - INFO - Cur epoch 3 loss MSE:0.3155
2021-06-07 02:53:44,910 - utils.logger - INFO - Cur epoch 3 loss MSE:0.5494
2021-06-07 02:53:44,910 - utils.logger - INFO - saving the model at the end of epoch 3, iters 18
2021-06-07 02:53:45,048 - utils.logger - INFO - End of training epoch 3 / 50 	 Time Taken: 1 sec, Data loading: 0 sec
2021-06-07 02:53:45,049 - utils.logger - INFO - learning rate = 0.0000100
2021-06-07 02:53:45,372 - utils.logger - INFO - Trn result of epoch 3 / 50 mse 0.0449 rmse 0.2118 pcc 0.1900 ccc 0.0061
2021-06-07 02:53:45,487 - utils.logger - INFO - Val result of epoch 3 / 50 mse 0.0377 rmse 0.1942 pcc 0.2420 ccc 0.0089
2021-06-07 02:53:45,804 - utils.logger - INFO - Cur epoch 4 loss MSE:0.3077
2021-06-07 02:53:46,128 - utils.logger - INFO - Cur epoch 4 loss MSE:0.7731
2021-06-07 02:53:46,391 - utils.logger - INFO - Cur epoch 4 loss MSE:12.4981
2021-06-07 02:53:46,391 - utils.logger - INFO - saving the model at the end of epoch 4, iters 24
2021-06-07 02:53:46,534 - utils.logger - INFO - End of training epoch 4 / 50 	 Time Taken: 1 sec, Data loading: 0 sec
2021-06-07 02:53:46,535 - utils.logger - INFO - learning rate = 0.0000100
2021-06-07 02:53:46,869 - utils.logger - INFO - Trn result of epoch 4 / 50 mse 0.0447 rmse 0.2114 pcc 0.2083 ccc 0.0101
2021-06-07 02:53:46,984 - utils.logger - INFO - Val result of epoch 4 / 50 mse 0.0375 rmse 0.1937 pcc 0.2451 ccc 0.0136
2021-06-07 02:53:47,292 - utils.logger - INFO - Cur epoch 5 loss MSE:0.2956
2021-06-07 02:53:47,595 - utils.logger - INFO - Cur epoch 5 loss MSE:0.5403
2021-06-07 02:53:47,842 - utils.logger - INFO - Cur epoch 5 loss MSE:0.0571
2021-06-07 02:53:47,842 - utils.logger - INFO - saving the model at the end of epoch 5, iters 30
2021-06-07 02:53:47,979 - utils.logger - INFO - End of training epoch 5 / 50 	 Time Taken: 0 sec, Data loading: 0 sec
2021-06-07 02:53:47,980 - utils.logger - INFO - learning rate = 0.0000100
2021-06-07 02:53:48,305 - utils.logger - INFO - Trn result of epoch 5 / 50 mse 0.0445 rmse 0.2109 pcc 0.2149 ccc 0.0141
2021-06-07 02:53:48,417 - utils.logger - INFO - Val result of epoch 5 / 50 mse 0.0373 rmse 0.1932 pcc 0.2529 ccc 0.0192
2021-06-07 02:53:48,719 - utils.logger - INFO - Cur epoch 6 loss MSE:0.7583
2021-06-07 02:53:49,028 - utils.logger - INFO - Cur epoch 6 loss MSE:0.6804
2021-06-07 02:53:49,284 - utils.logger - INFO - Cur epoch 6 loss MSE:1.1213
2021-06-07 02:53:49,284 - utils.logger - INFO - saving the model at the end of epoch 6, iters 36
2021-06-07 02:53:49,429 - utils.logger - INFO - End of training epoch 6 / 50 	 Time Taken: 1 sec, Data loading: 0 sec
2021-06-07 02:53:49,429 - utils.logger - INFO - learning rate = 0.0000100
2021-06-07 02:53:49,754 - utils.logger - INFO - Trn result of epoch 6 / 50 mse 0.0443 rmse 0.2104 pcc 0.2181 ccc 0.0181
2021-06-07 02:53:49,866 - utils.logger - INFO - Val result of epoch 6 / 50 mse 0.0371 rmse 0.1927 pcc 0.2605 ccc 0.0250
2021-06-07 02:53:50,173 - utils.logger - INFO - Cur epoch 7 loss MSE:0.6477
2021-06-07 02:53:50,473 - utils.logger - INFO - Cur epoch 7 loss MSE:0.0122
2021-06-07 02:53:50,722 - utils.logger - INFO - Cur epoch 7 loss MSE:2.8614
2021-06-07 02:53:50,722 - utils.logger - INFO - saving the model at the end of epoch 7, iters 42
2021-06-07 02:53:50,868 - utils.logger - INFO - End of training epoch 7 / 50 	 Time Taken: 1 sec, Data loading: 0 sec
2021-06-07 02:53:50,868 - utils.logger - INFO - learning rate = 0.0000100
2021-06-07 02:53:51,193 - utils.logger - INFO - Trn result of epoch 7 / 50 mse 0.0439 rmse 0.2095 pcc 0.2249 ccc 0.0238
2021-06-07 02:53:51,305 - utils.logger - INFO - Val result of epoch 7 / 50 mse 0.0368 rmse 0.1920 pcc 0.2695 ccc 0.0331
2021-06-07 02:53:51,613 - utils.logger - INFO - Cur epoch 8 loss MSE:0.5030
2021-06-07 02:53:51,920 - utils.logger - INFO - Cur epoch 8 loss MSE:0.0282
2021-06-07 02:53:52,183 - utils.logger - INFO - Cur epoch 8 loss MSE:0.0692
2021-06-07 02:53:52,183 - utils.logger - INFO - saving the model at the end of epoch 8, iters 48
2021-06-07 02:53:52,335 - utils.logger - INFO - End of training epoch 8 / 50 	 Time Taken: 1 sec, Data loading: 0 sec
2021-06-07 02:53:52,335 - utils.logger - INFO - learning rate = 0.0000100
2021-06-07 02:53:52,669 - utils.logger - INFO - Trn result of epoch 8 / 50 mse 0.0434 rmse 0.2084 pcc 0.2309 ccc 0.0328
2021-06-07 02:53:52,786 - utils.logger - INFO - Val result of epoch 8 / 50 mse 0.0364 rmse 0.1909 pcc 0.2793 ccc 0.0463
2021-06-07 02:53:53,111 - utils.logger - INFO - Cur epoch 9 loss MSE:0.3748
2021-06-07 02:53:53,432 - utils.logger - INFO - Cur epoch 9 loss MSE:0.1608
2021-06-07 02:53:53,691 - utils.logger - INFO - Cur epoch 9 loss MSE:28.6735
2021-06-07 02:53:53,692 - utils.logger - INFO - saving the model at the end of epoch 9, iters 54
2021-06-07 02:53:53,819 - utils.logger - INFO - End of training epoch 9 / 50 	 Time Taken: 1 sec, Data loading: 0 sec
2021-06-07 02:53:53,819 - utils.logger - INFO - learning rate = 0.0000100
2021-06-07 02:53:54,155 - utils.logger - INFO - Trn result of epoch 9 / 50 mse 0.0428 rmse 0.2069 pcc 0.2584 ccc 0.0531
2021-06-07 02:53:54,268 - utils.logger - INFO - Val result of epoch 9 / 50 mse 0.0359 rmse 0.1895 pcc 0.2813 ccc 0.0685
2021-06-07 02:53:54,592 - utils.logger - INFO - Cur epoch 10 loss MSE:0.2704
2021-06-07 02:53:54,910 - utils.logger - INFO - Cur epoch 10 loss MSE:0.3784
2021-06-07 02:53:55,170 - utils.logger - INFO - Cur epoch 10 loss MSE:2.4010
2021-06-07 02:53:55,171 - utils.logger - INFO - saving the model at the end of epoch 10, iters 60
2021-06-07 02:53:55,331 - utils.logger - INFO - End of training epoch 10 / 50 	 Time Taken: 1 sec, Data loading: 0 sec
2021-06-07 02:53:55,331 - utils.logger - INFO - learning rate = 0.0000100
2021-06-07 02:53:55,656 - utils.logger - INFO - Trn result of epoch 10 / 50 mse 0.0417 rmse 0.2042 pcc 0.2895 ccc 0.0877
2021-06-07 02:53:55,771 - utils.logger - INFO - Val result of epoch 10 / 50 mse 0.0350 rmse 0.1870 pcc 0.3025 ccc 0.1103
2021-06-07 02:53:56,089 - utils.logger - INFO - Cur epoch 11 loss MSE:0.4010
2021-06-07 02:53:56,420 - utils.logger - INFO - Cur epoch 11 loss MSE:0.0215
2021-06-07 02:53:56,688 - utils.logger - INFO - Cur epoch 11 loss MSE:1.9349
2021-06-07 02:53:56,688 - utils.logger - INFO - saving the model at the end of epoch 11, iters 66
2021-06-07 02:53:56,832 - utils.logger - INFO - End of training epoch 11 / 50 	 Time Taken: 1 sec, Data loading: 0 sec
2021-06-07 02:53:56,832 - utils.logger - INFO - learning rate = 0.0000100
2021-06-07 02:53:57,160 - utils.logger - INFO - Trn result of epoch 11 / 50 mse 0.0399 rmse 0.1998 pcc 0.3200 ccc 0.1350
2021-06-07 02:53:57,272 - utils.logger - INFO - Val result of epoch 11 / 50 mse 0.0337 rmse 0.1836 pcc 0.3487 ccc 0.1725
2021-06-07 02:53:57,586 - utils.logger - INFO - Cur epoch 12 loss MSE:0.0225
2021-06-07 02:53:57,913 - utils.logger - INFO - Cur epoch 12 loss MSE:0.2769
2021-06-07 02:53:58,188 - utils.logger - INFO - Cur epoch 12 loss MSE:0.3021
2021-06-07 02:53:58,188 - utils.logger - INFO - saving the model at the end of epoch 12, iters 72
2021-06-07 02:53:58,327 - utils.logger - INFO - End of training epoch 12 / 50 	 Time Taken: 1 sec, Data loading: 0 sec
2021-06-07 02:53:58,327 - utils.logger - INFO - learning rate = 0.0000100
2021-06-07 02:53:58,656 - utils.logger - INFO - Trn result of epoch 12 / 50 mse 0.0383 rmse 0.1958 pcc 0.3700 ccc 0.1928
2021-06-07 02:53:58,772 - utils.logger - INFO - Val result of epoch 12 / 50 mse 0.0332 rmse 0.1821 pcc 0.3834 ccc 0.2317
2021-06-07 02:53:59,099 - utils.logger - INFO - Cur epoch 13 loss MSE:0.2732
2021-06-07 02:53:59,427 - utils.logger - INFO - Cur epoch 13 loss MSE:0.0894
2021-06-07 02:53:59,691 - utils.logger - INFO - Cur epoch 13 loss MSE:0.1903
2021-06-07 02:53:59,691 - utils.logger - INFO - saving the model at the end of epoch 13, iters 78
2021-06-07 02:53:59,833 - utils.logger - INFO - End of training epoch 13 / 50 	 Time Taken: 1 sec, Data loading: 0 sec
2021-06-07 02:53:59,833 - utils.logger - INFO - learning rate = 0.0000100
2021-06-07 02:54:00,157 - utils.logger - INFO - Trn result of epoch 13 / 50 mse 0.0440 rmse 0.2097 pcc 0.3927 ccc 0.2410
2021-06-07 02:54:00,273 - utils.logger - INFO - Val result of epoch 13 / 50 mse 0.0508 rmse 0.2254 pcc 0.1796 ccc 0.1072
2021-06-07 02:54:00,591 - utils.logger - INFO - Cur epoch 14 loss MSE:0.1425
2021-06-07 02:54:00,916 - utils.logger - INFO - Cur epoch 14 loss MSE:0.3475
2021-06-07 02:54:01,178 - utils.logger - INFO - Cur epoch 14 loss MSE:0.3390
2021-06-07 02:54:01,178 - utils.logger - INFO - saving the model at the end of epoch 14, iters 84
2021-06-07 02:54:01,334 - utils.logger - INFO - End of training epoch 14 / 50 	 Time Taken: 1 sec, Data loading: 0 sec
2021-06-07 02:54:01,334 - utils.logger - INFO - learning rate = 0.0000100
2021-06-07 02:54:01,657 - utils.logger - INFO - Trn result of epoch 14 / 50 mse 0.0434 rmse 0.2083 pcc 0.3901 ccc 0.3189
2021-06-07 02:54:01,769 - utils.logger - INFO - Val result of epoch 14 / 50 mse 0.0383 rmse 0.1957 pcc 0.3619 ccc 0.3197
2021-06-07 02:54:02,093 - utils.logger - INFO - Cur epoch 15 loss MSE:0.0273
2021-06-07 02:54:02,403 - utils.logger - INFO - Cur epoch 15 loss MSE:0.2626
2021-06-07 02:54:02,665 - utils.logger - INFO - Cur epoch 15 loss MSE:2.8451
2021-06-07 02:54:02,665 - utils.logger - INFO - saving the model at the end of epoch 15, iters 90
2021-06-07 02:54:02,813 - utils.logger - INFO - End of training epoch 15 / 50 	 Time Taken: 1 sec, Data loading: 0 sec
2021-06-07 02:54:02,814 - utils.logger - INFO - learning rate = 0.0000100
2021-06-07 02:54:03,137 - utils.logger - INFO - Trn result of epoch 15 / 50 mse 0.0363 rmse 0.1906 pcc 0.4214 ccc 0.3047
2021-06-07 02:54:03,250 - utils.logger - INFO - Val result of epoch 15 / 50 mse 0.0394 rmse 0.1985 pcc 0.2365 ccc 0.1824
2021-06-07 02:54:03,591 - utils.logger - INFO - Cur epoch 16 loss MSE:0.4291
2021-06-07 02:54:03,923 - utils.logger - INFO - Cur epoch 16 loss MSE:0.3678
2021-06-07 02:54:04,206 - utils.logger - INFO - Cur epoch 16 loss MSE:5.8654
2021-06-07 02:54:04,206 - utils.logger - INFO - saving the model at the end of epoch 16, iters 96
2021-06-07 02:54:04,340 - utils.logger - INFO - End of training epoch 16 / 50 	 Time Taken: 1 sec, Data loading: 0 sec
2021-06-07 02:54:04,341 - utils.logger - INFO - learning rate = 0.0000100
2021-06-07 02:54:04,667 - utils.logger - INFO - Trn result of epoch 16 / 50 mse 0.0354 rmse 0.1881 pcc 0.4755 ccc 0.2644
2021-06-07 02:54:04,780 - utils.logger - INFO - Val result of epoch 16 / 50 mse 0.0371 rmse 0.1925 pcc 0.2483 ccc 0.1576
2021-06-07 02:54:05,115 - utils.logger - INFO - Cur epoch 17 loss MSE:0.0686
2021-06-07 02:54:05,456 - utils.logger - INFO - Cur epoch 17 loss MSE:0.1311
2021-06-07 02:54:05,763 - utils.logger - INFO - Cur epoch 17 loss MSE:3.1304
2021-06-07 02:54:05,763 - utils.logger - INFO - saving the model at the end of epoch 17, iters 102
2021-06-07 02:54:05,899 - utils.logger - INFO - End of training epoch 17 / 50 	 Time Taken: 1 sec, Data loading: 0 sec
2021-06-07 02:54:05,899 - utils.logger - INFO - learning rate = 0.0000100
2021-06-07 02:54:06,232 - utils.logger - INFO - Trn result of epoch 17 / 50 mse 0.0361 rmse 0.1899 pcc 0.4442 ccc 0.3060
2021-06-07 02:54:06,347 - utils.logger - INFO - Val result of epoch 17 / 50 mse 0.0345 rmse 0.1858 pcc 0.3443 ccc 0.2717
2021-06-07 02:54:06,669 - utils.logger - INFO - Cur epoch 18 loss MSE:0.7278
2021-06-07 02:54:06,987 - utils.logger - INFO - Cur epoch 18 loss MSE:0.0817
2021-06-07 02:54:07,259 - utils.logger - INFO - Cur epoch 18 loss MSE:0.1568
2021-06-07 02:54:07,259 - utils.logger - INFO - saving the model at the end of epoch 18, iters 108
2021-06-07 02:54:07,410 - utils.logger - INFO - End of training epoch 18 / 50 	 Time Taken: 1 sec, Data loading: 0 sec
2021-06-07 02:54:07,410 - utils.logger - INFO - learning rate = 0.0000100
2021-06-07 02:54:07,734 - utils.logger - INFO - Trn result of epoch 18 / 50 mse 0.0340 rmse 0.1844 pcc 0.5057 ccc 0.3019
2021-06-07 02:54:07,845 - utils.logger - INFO - Val result of epoch 18 / 50 mse 0.0325 rmse 0.1803 pcc 0.3846 ccc 0.2719
2021-06-07 02:54:08,163 - utils.logger - INFO - Cur epoch 19 loss MSE:0.0141
2021-06-07 02:54:08,492 - utils.logger - INFO - Cur epoch 19 loss MSE:0.5204
2021-06-07 02:54:08,755 - utils.logger - INFO - Cur epoch 19 loss MSE:12.3387
2021-06-07 02:54:08,755 - utils.logger - INFO - saving the model at the end of epoch 19, iters 114
2021-06-07 02:54:08,910 - utils.logger - INFO - End of training epoch 19 / 50 	 Time Taken: 1 sec, Data loading: 0 sec
2021-06-07 02:54:08,910 - utils.logger - INFO - learning rate = 0.0000100
2021-06-07 02:54:09,242 - utils.logger - INFO - Trn result of epoch 19 / 50 mse 0.0340 rmse 0.1844 pcc 0.4760 ccc 0.3590
2021-06-07 02:54:09,359 - utils.logger - INFO - Val result of epoch 19 / 50 mse 0.0413 rmse 0.2033 pcc 0.1885 ccc 0.1574
2021-06-07 02:54:09,692 - utils.logger - INFO - Cur epoch 20 loss MSE:0.2744
2021-06-07 02:54:10,028 - utils.logger - INFO - Cur epoch 20 loss MSE:0.0070
2021-06-07 02:54:10,313 - utils.logger - INFO - Cur epoch 20 loss MSE:0.3481
2021-06-07 02:54:10,313 - utils.logger - INFO - saving the model at the end of epoch 20, iters 120
2021-06-07 02:54:10,474 - utils.logger - INFO - End of training epoch 20 / 50 	 Time Taken: 1 sec, Data loading: 0 sec
2021-06-07 02:54:10,474 - utils.logger - INFO - learning rate = 0.0000097
2021-06-07 02:54:10,801 - utils.logger - INFO - Trn result of epoch 20 / 50 mse 0.0341 rmse 0.1847 pcc 0.5532 ccc 0.4024
2021-06-07 02:54:10,915 - utils.logger - INFO - Val result of epoch 20 / 50 mse 0.0477 rmse 0.2185 pcc 0.1805 ccc 0.1300
2021-06-07 02:54:11,239 - utils.logger - INFO - Cur epoch 21 loss MSE:0.2999
2021-06-07 02:54:11,557 - utils.logger - INFO - Cur epoch 21 loss MSE:0.0878
2021-06-07 02:54:11,824 - utils.logger - INFO - Cur epoch 21 loss MSE:1.6819
2021-06-07 02:54:11,824 - utils.logger - INFO - saving the model at the end of epoch 21, iters 126
2021-06-07 02:54:12,001 - utils.logger - INFO - End of training epoch 21 / 50 	 Time Taken: 1 sec, Data loading: 0 sec
2021-06-07 02:54:12,001 - utils.logger - INFO - learning rate = 0.0000094
2021-06-07 02:54:12,324 - utils.logger - INFO - Trn result of epoch 21 / 50 mse 0.0321 rmse 0.1791 pcc 0.5503 ccc 0.4091
2021-06-07 02:54:12,436 - utils.logger - INFO - Val result of epoch 21 / 50 mse 0.0430 rmse 0.2073 pcc 0.2073 ccc 0.1618
2021-06-07 02:54:12,752 - utils.logger - INFO - Cur epoch 22 loss MSE:0.0398
2021-06-07 02:54:13,077 - utils.logger - INFO - Cur epoch 22 loss MSE:0.3345
2021-06-07 02:54:13,335 - utils.logger - INFO - Cur epoch 22 loss MSE:0.9024
2021-06-07 02:54:13,335 - utils.logger - INFO - saving the model at the end of epoch 22, iters 132
2021-06-07 02:54:13,481 - utils.logger - INFO - End of training epoch 22 / 50 	 Time Taken: 1 sec, Data loading: 0 sec
2021-06-07 02:54:13,481 - utils.logger - INFO - learning rate = 0.0000090
2021-06-07 02:54:13,805 - utils.logger - INFO - Trn result of epoch 22 / 50 mse 0.0355 rmse 0.1883 pcc 0.5575 ccc 0.3788
2021-06-07 02:54:13,918 - utils.logger - INFO - Val result of epoch 22 / 50 mse 0.0468 rmse 0.2164 pcc 0.2000 ccc 0.1416
2021-06-07 02:54:14,230 - utils.logger - INFO - Cur epoch 23 loss MSE:2.4499
2021-06-07 02:54:14,549 - utils.logger - INFO - Cur epoch 23 loss MSE:0.1617
2021-06-07 02:54:14,823 - utils.logger - INFO - Cur epoch 23 loss MSE:0.5097
2021-06-07 02:54:14,823 - utils.logger - INFO - saving the model at the end of epoch 23, iters 138
2021-06-07 02:54:14,978 - utils.logger - INFO - End of training epoch 23 / 50 	 Time Taken: 1 sec, Data loading: 0 sec
2021-06-07 02:54:14,978 - utils.logger - INFO - learning rate = 0.0000087
2021-06-07 02:54:15,301 - utils.logger - INFO - Trn result of epoch 23 / 50 mse 0.0436 rmse 0.2087 pcc 0.5494 ccc 0.3689
2021-06-07 02:54:15,414 - utils.logger - INFO - Val result of epoch 23 / 50 mse 0.0656 rmse 0.2561 pcc 0.0944 ccc 0.0549
2021-06-07 02:54:15,737 - utils.logger - INFO - Cur epoch 24 loss MSE:0.0470
2021-06-07 02:54:16,053 - utils.logger - INFO - Cur epoch 24 loss MSE:0.7008
2021-06-07 02:54:16,318 - utils.logger - INFO - Cur epoch 24 loss MSE:3.9536
2021-06-07 02:54:16,318 - utils.logger - INFO - saving the model at the end of epoch 24, iters 144
2021-06-07 02:54:16,463 - utils.logger - INFO - End of training epoch 24 / 50 	 Time Taken: 1 sec, Data loading: 0 sec
2021-06-07 02:54:16,463 - utils.logger - INFO - learning rate = 0.0000084
2021-06-07 02:54:16,784 - utils.logger - INFO - Trn result of epoch 24 / 50 mse 0.0342 rmse 0.1850 pcc 0.5771 ccc 0.4262
2021-06-07 02:54:16,897 - utils.logger - INFO - Val result of epoch 24 / 50 mse 0.0503 rmse 0.2242 pcc 0.1685 ccc 0.1236
2021-06-07 02:54:17,221 - utils.logger - INFO - Cur epoch 25 loss MSE:0.2898
2021-06-07 02:54:17,541 - utils.logger - INFO - Cur epoch 25 loss MSE:0.5686
2021-06-07 02:54:17,801 - utils.logger - INFO - Cur epoch 25 loss MSE:2.7920
2021-06-07 02:54:17,801 - utils.logger - INFO - saving the model at the end of epoch 25, iters 150
2021-06-07 02:54:17,961 - utils.logger - INFO - End of training epoch 25 / 50 	 Time Taken: 1 sec, Data loading: 0 sec
2021-06-07 02:54:17,961 - utils.logger - INFO - learning rate = 0.0000081
2021-06-07 02:54:18,288 - utils.logger - INFO - Trn result of epoch 25 / 50 mse 0.0314 rmse 0.1773 pcc 0.5385 ccc 0.4195
2021-06-07 02:54:18,400 - utils.logger - INFO - Val result of epoch 25 / 50 mse 0.0441 rmse 0.2100 pcc 0.1774 ccc 0.1554
2021-06-07 02:54:18,724 - utils.logger - INFO - Cur epoch 26 loss MSE:0.1455
2021-06-07 02:54:19,044 - utils.logger - INFO - Cur epoch 26 loss MSE:0.6658
2021-06-07 02:54:19,304 - utils.logger - INFO - Cur epoch 26 loss MSE:0.1250
2021-06-07 02:54:19,304 - utils.logger - INFO - saving the model at the end of epoch 26, iters 156
2021-06-07 02:54:19,450 - utils.logger - INFO - End of training epoch 26 / 50 	 Time Taken: 1 sec, Data loading: 0 sec
2021-06-07 02:54:19,450 - utils.logger - INFO - learning rate = 0.0000077
2021-06-07 02:54:19,775 - utils.logger - INFO - Trn result of epoch 26 / 50 mse 0.0321 rmse 0.1791 pcc 0.5813 ccc 0.4230
2021-06-07 02:54:19,891 - utils.logger - INFO - Val result of epoch 26 / 50 mse 0.0455 rmse 0.2134 pcc 0.1971 ccc 0.1508
2021-06-07 02:54:20,218 - utils.logger - INFO - Cur epoch 27 loss MSE:0.1544
2021-06-07 02:54:20,543 - utils.logger - INFO - Cur epoch 27 loss MSE:0.1545
2021-06-07 02:54:20,821 - utils.logger - INFO - Cur epoch 27 loss MSE:0.3871
2021-06-07 02:54:20,821 - utils.logger - INFO - saving the model at the end of epoch 27, iters 162
2021-06-07 02:54:20,954 - utils.logger - INFO - End of training epoch 27 / 50 	 Time Taken: 1 sec, Data loading: 0 sec
2021-06-07 02:54:20,954 - utils.logger - INFO - learning rate = 0.0000074
2021-06-07 02:54:21,275 - utils.logger - INFO - Trn result of epoch 27 / 50 mse 0.0324 rmse 0.1801 pcc 0.5400 ccc 0.3640
2021-06-07 02:54:21,388 - utils.logger - INFO - Val result of epoch 27 / 50 mse 0.0337 rmse 0.1834 pcc 0.3612 ccc 0.2844
2021-06-07 02:54:21,712 - utils.logger - INFO - Cur epoch 28 loss MSE:0.4793
2021-06-07 02:54:22,033 - utils.logger - INFO - Cur epoch 28 loss MSE:0.1152
2021-06-07 02:54:22,295 - utils.logger - INFO - Cur epoch 28 loss MSE:0.1050
2021-06-07 02:54:22,295 - utils.logger - INFO - saving the model at the end of epoch 28, iters 168
2021-06-07 02:54:22,432 - utils.logger - INFO - End of training epoch 28 / 50 	 Time Taken: 1 sec, Data loading: 0 sec
2021-06-07 02:54:22,432 - utils.logger - INFO - learning rate = 0.0000071
2021-06-07 02:54:22,756 - utils.logger - INFO - Trn result of epoch 28 / 50 mse 0.0315 rmse 0.1775 pcc 0.5602 ccc 0.3987
2021-06-07 02:54:22,870 - utils.logger - INFO - Val result of epoch 28 / 50 mse 0.0416 rmse 0.2039 pcc 0.1959 ccc 0.1496
2021-06-07 02:54:23,191 - utils.logger - INFO - Cur epoch 29 loss MSE:0.0309
2021-06-07 02:54:23,512 - utils.logger - INFO - Cur epoch 29 loss MSE:0.2784
2021-06-07 02:54:23,775 - utils.logger - INFO - Cur epoch 29 loss MSE:1.1554
2021-06-07 02:54:23,775 - utils.logger - INFO - saving the model at the end of epoch 29, iters 174
2021-06-07 02:54:23,912 - utils.logger - INFO - End of training epoch 29 / 50 	 Time Taken: 1 sec, Data loading: 0 sec
2021-06-07 02:54:23,912 - utils.logger - INFO - learning rate = 0.0000068
2021-06-07 02:54:24,235 - utils.logger - INFO - Trn result of epoch 29 / 50 mse 0.0306 rmse 0.1748 pcc 0.5687 ccc 0.4354
2021-06-07 02:54:24,346 - utils.logger - INFO - Val result of epoch 29 / 50 mse 0.0433 rmse 0.2080 pcc 0.1933 ccc 0.1628
2021-06-07 02:54:24,667 - utils.logger - INFO - Cur epoch 30 loss MSE:0.0129
2021-06-07 02:54:24,994 - utils.logger - INFO - Cur epoch 30 loss MSE:0.2908
2021-06-07 02:54:25,256 - utils.logger - INFO - Cur epoch 30 loss MSE:2.2091
2021-06-07 02:54:25,256 - utils.logger - INFO - saving the model at the end of epoch 30, iters 180
2021-06-07 02:54:25,395 - utils.logger - INFO - End of training epoch 30 / 50 	 Time Taken: 1 sec, Data loading: 0 sec
2021-06-07 02:54:25,395 - utils.logger - INFO - learning rate = 0.0000065
2021-06-07 02:54:25,717 - utils.logger - INFO - Trn result of epoch 30 / 50 mse 0.0307 rmse 0.1753 pcc 0.5615 ccc 0.4221
2021-06-07 02:54:25,829 - utils.logger - INFO - Val result of epoch 30 / 50 mse 0.0355 rmse 0.1883 pcc 0.3502 ccc 0.2936
2021-06-07 02:54:26,149 - utils.logger - INFO - Cur epoch 31 loss MSE:0.1566
2021-06-07 02:54:26,471 - utils.logger - INFO - Cur epoch 31 loss MSE:0.0399
2021-06-07 02:54:26,733 - utils.logger - INFO - Cur epoch 31 loss MSE:4.8294
2021-06-07 02:54:26,733 - utils.logger - INFO - saving the model at the end of epoch 31, iters 186
2021-06-07 02:54:26,872 - utils.logger - INFO - End of training epoch 31 / 50 	 Time Taken: 1 sec, Data loading: 0 sec
2021-06-07 02:54:26,872 - utils.logger - INFO - learning rate = 0.0000061
2021-06-07 02:54:27,197 - utils.logger - INFO - Trn result of epoch 31 / 50 mse 0.0313 rmse 0.1769 pcc 0.5636 ccc 0.3815
2021-06-07 02:54:27,309 - utils.logger - INFO - Val result of epoch 31 / 50 mse 0.0332 rmse 0.1823 pcc 0.3734 ccc 0.2918
2021-06-07 02:54:27,636 - utils.logger - INFO - Cur epoch 32 loss MSE:0.2035
2021-06-07 02:54:27,957 - utils.logger - INFO - Cur epoch 32 loss MSE:0.0701
2021-06-07 02:54:28,231 - utils.logger - INFO - Cur epoch 32 loss MSE:0.1276
2021-06-07 02:54:28,231 - utils.logger - INFO - saving the model at the end of epoch 32, iters 192
2021-06-07 02:54:28,371 - utils.logger - INFO - End of training epoch 32 / 50 	 Time Taken: 1 sec, Data loading: 0 sec
2021-06-07 02:54:28,371 - utils.logger - INFO - learning rate = 0.0000058
2021-06-07 02:54:28,705 - utils.logger - INFO - Trn result of epoch 32 / 50 mse 0.0305 rmse 0.1746 pcc 0.5828 ccc 0.4015
2021-06-07 02:54:28,820 - utils.logger - INFO - Val result of epoch 32 / 50 mse 0.0340 rmse 0.1843 pcc 0.3597 ccc 0.2812
2021-06-07 02:54:29,121 - utils.logger - INFO - Cur epoch 33 loss MSE:0.1736
2021-06-07 02:54:29,449 - utils.logger - INFO - Cur epoch 33 loss MSE:0.3053
2021-06-07 02:54:29,723 - utils.logger - INFO - Cur epoch 33 loss MSE:4.3234
2021-06-07 02:54:29,723 - utils.logger - INFO - saving the model at the end of epoch 33, iters 198
2021-06-07 02:54:29,856 - utils.logger - INFO - End of training epoch 33 / 50 	 Time Taken: 1 sec, Data loading: 0 sec
2021-06-07 02:54:29,857 - utils.logger - INFO - learning rate = 0.0000055
2021-06-07 02:54:30,181 - utils.logger - INFO - Trn result of epoch 33 / 50 mse 0.0307 rmse 0.1751 pcc 0.5766 ccc 0.4010
2021-06-07 02:54:30,293 - utils.logger - INFO - Val result of epoch 33 / 50 mse 0.0336 rmse 0.1833 pcc 0.3644 ccc 0.2917
2021-06-07 02:54:30,616 - utils.logger - INFO - Cur epoch 34 loss MSE:0.0481
2021-06-07 02:54:30,937 - utils.logger - INFO - Cur epoch 34 loss MSE:0.1568
2021-06-07 02:54:31,201 - utils.logger - INFO - Cur epoch 34 loss MSE:6.0600
2021-06-07 02:54:31,201 - utils.logger - INFO - saving the model at the end of epoch 34, iters 204
2021-06-07 02:54:31,344 - utils.logger - INFO - End of training epoch 34 / 50 	 Time Taken: 1 sec, Data loading: 0 sec
2021-06-07 02:54:31,344 - utils.logger - INFO - learning rate = 0.0000052
2021-06-07 02:54:31,669 - utils.logger - INFO - Trn result of epoch 34 / 50 mse 0.0297 rmse 0.1723 pcc 0.5766 ccc 0.4538
2021-06-07 02:54:31,782 - utils.logger - INFO - Val result of epoch 34 / 50 mse 0.0427 rmse 0.2067 pcc 0.1966 ccc 0.1724
2021-06-07 02:54:32,107 - utils.logger - INFO - Cur epoch 35 loss MSE:0.1901
2021-06-07 02:54:32,429 - utils.logger - INFO - Cur epoch 35 loss MSE:0.0545
2021-06-07 02:54:32,699 - utils.logger - INFO - Cur epoch 35 loss MSE:0.5162
2021-06-07 02:54:32,699 - utils.logger - INFO - saving the model at the end of epoch 35, iters 210
2021-06-07 02:54:32,836 - utils.logger - INFO - End of training epoch 35 / 50 	 Time Taken: 1 sec, Data loading: 0 sec
2021-06-07 02:54:32,836 - utils.logger - INFO - learning rate = 0.0000048
2021-06-07 02:54:33,156 - utils.logger - INFO - Trn result of epoch 35 / 50 mse 0.0318 rmse 0.1784 pcc 0.5595 ccc 0.4565
2021-06-07 02:54:33,272 - utils.logger - INFO - Val result of epoch 35 / 50 mse 0.0469 rmse 0.2165 pcc 0.1961 ccc 0.1727
2021-06-07 02:54:33,594 - utils.logger - INFO - Cur epoch 36 loss MSE:0.8300
2021-06-07 02:54:33,909 - utils.logger - INFO - Cur epoch 36 loss MSE:0.0268
2021-06-07 02:54:34,186 - utils.logger - INFO - Cur epoch 36 loss MSE:0.1596
2021-06-07 02:54:34,186 - utils.logger - INFO - saving the model at the end of epoch 36, iters 216
2021-06-07 02:54:34,320 - utils.logger - INFO - End of training epoch 36 / 50 	 Time Taken: 1 sec, Data loading: 0 sec
2021-06-07 02:54:34,320 - utils.logger - INFO - learning rate = 0.0000045
2021-06-07 02:54:34,645 - utils.logger - INFO - Trn result of epoch 36 / 50 mse 0.0298 rmse 0.1727 pcc 0.5869 ccc 0.4637
2021-06-07 02:54:34,757 - utils.logger - INFO - Val result of epoch 36 / 50 mse 0.0441 rmse 0.2101 pcc 0.2069 ccc 0.1780
2021-06-07 02:54:35,072 - utils.logger - INFO - Cur epoch 37 loss MSE:0.1465
2021-06-07 02:54:35,398 - utils.logger - INFO - Cur epoch 37 loss MSE:0.1131
2021-06-07 02:54:35,662 - utils.logger - INFO - Cur epoch 37 loss MSE:3.6270
2021-06-07 02:54:35,663 - utils.logger - INFO - saving the model at the end of epoch 37, iters 222
2021-06-07 02:54:35,799 - utils.logger - INFO - End of training epoch 37 / 50 	 Time Taken: 1 sec, Data loading: 0 sec
2021-06-07 02:54:35,799 - utils.logger - INFO - learning rate = 0.0000042
2021-06-07 02:54:36,122 - utils.logger - INFO - Trn result of epoch 37 / 50 mse 0.0279 rmse 0.1671 pcc 0.6173 ccc 0.5044
2021-06-07 02:54:36,234 - utils.logger - INFO - Val result of epoch 37 / 50 mse 0.0394 rmse 0.1984 pcc 0.3114 ccc 0.2807
2021-06-07 02:54:36,553 - utils.logger - INFO - Cur epoch 38 loss MSE:0.0596
2021-06-07 02:54:36,880 - utils.logger - INFO - Cur epoch 38 loss MSE:0.3394
2021-06-07 02:54:37,141 - utils.logger - INFO - Cur epoch 38 loss MSE:0.6788
2021-06-07 02:54:37,141 - utils.logger - INFO - saving the model at the end of epoch 38, iters 228
2021-06-07 02:54:37,278 - utils.logger - INFO - End of training epoch 38 / 50 	 Time Taken: 1 sec, Data loading: 0 sec
2021-06-07 02:54:37,278 - utils.logger - INFO - learning rate = 0.0000039
2021-06-07 02:54:37,597 - utils.logger - INFO - Trn result of epoch 38 / 50 mse 0.0282 rmse 0.1679 pcc 0.6084 ccc 0.5042
2021-06-07 02:54:37,709 - utils.logger - INFO - Val result of epoch 38 / 50 mse 0.0383 rmse 0.1956 pcc 0.3333 ccc 0.3078
2021-06-07 02:54:38,035 - utils.logger - INFO - Cur epoch 39 loss MSE:0.6697
2021-06-07 02:54:38,354 - utils.logger - INFO - Cur epoch 39 loss MSE:0.2886
2021-06-07 02:54:38,615 - utils.logger - INFO - Cur epoch 39 loss MSE:1.4188
2021-06-07 02:54:38,615 - utils.logger - INFO - saving the model at the end of epoch 39, iters 234
2021-06-07 02:54:38,751 - utils.logger - INFO - End of training epoch 39 / 50 	 Time Taken: 1 sec, Data loading: 0 sec
2021-06-07 02:54:38,751 - utils.logger - INFO - learning rate = 0.0000035
2021-06-07 02:54:39,073 - utils.logger - INFO - Trn result of epoch 39 / 50 mse 0.0288 rmse 0.1697 pcc 0.5954 ccc 0.4874
2021-06-07 02:54:39,186 - utils.logger - INFO - Val result of epoch 39 / 50 mse 0.0382 rmse 0.1955 pcc 0.3318 ccc 0.3050
2021-06-07 02:54:39,500 - utils.logger - INFO - Cur epoch 40 loss MSE:0.0290
2021-06-07 02:54:39,826 - utils.logger - INFO - Cur epoch 40 loss MSE:0.7911
2021-06-07 02:54:40,102 - utils.logger - INFO - Cur epoch 40 loss MSE:0.3336
2021-06-07 02:54:40,103 - utils.logger - INFO - saving the model at the end of epoch 40, iters 240
2021-06-07 02:54:40,235 - utils.logger - INFO - End of training epoch 40 / 50 	 Time Taken: 1 sec, Data loading: 0 sec
2021-06-07 02:54:40,235 - utils.logger - INFO - learning rate = 0.0000032
2021-06-07 02:54:40,558 - utils.logger - INFO - Trn result of epoch 40 / 50 mse 0.0289 rmse 0.1700 pcc 0.6186 ccc 0.4972
2021-06-07 02:54:40,671 - utils.logger - INFO - Val result of epoch 40 / 50 mse 0.0380 rmse 0.1950 pcc 0.3526 ccc 0.3117
2021-06-07 02:54:40,987 - utils.logger - INFO - Cur epoch 41 loss MSE:0.0132
2021-06-07 02:54:41,308 - utils.logger - INFO - Cur epoch 41 loss MSE:0.2269
2021-06-07 02:54:41,575 - utils.logger - INFO - Cur epoch 41 loss MSE:0.8060
2021-06-07 02:54:41,575 - utils.logger - INFO - saving the model at the end of epoch 41, iters 246
2021-06-07 02:54:41,706 - utils.logger - INFO - End of training epoch 41 / 50 	 Time Taken: 1 sec, Data loading: 0 sec
2021-06-07 02:54:41,707 - utils.logger - INFO - learning rate = 0.0000029
2021-06-07 02:54:42,030 - utils.logger - INFO - Trn result of epoch 41 / 50 mse 0.0291 rmse 0.1706 pcc 0.6036 ccc 0.4848
2021-06-07 02:54:42,142 - utils.logger - INFO - Val result of epoch 41 / 50 mse 0.0377 rmse 0.1941 pcc 0.3494 ccc 0.3064
2021-06-07 02:54:42,447 - utils.logger - INFO - Cur epoch 42 loss MSE:0.0318
2021-06-07 02:54:42,773 - utils.logger - INFO - Cur epoch 42 loss MSE:0.1678
2021-06-07 02:54:43,037 - utils.logger - INFO - Cur epoch 42 loss MSE:0.4230
2021-06-07 02:54:43,038 - utils.logger - INFO - saving the model at the end of epoch 42, iters 252
2021-06-07 02:54:43,179 - utils.logger - INFO - End of training epoch 42 / 50 	 Time Taken: 1 sec, Data loading: 0 sec
2021-06-07 02:54:43,179 - utils.logger - INFO - learning rate = 0.0000026
2021-06-07 02:54:43,509 - utils.logger - INFO - Trn result of epoch 42 / 50 mse 0.0290 rmse 0.1704 pcc 0.5995 ccc 0.4706
2021-06-07 02:54:43,626 - utils.logger - INFO - Val result of epoch 42 / 50 mse 0.0369 rmse 0.1920 pcc 0.3520 ccc 0.3076
2021-06-07 02:54:43,951 - utils.logger - INFO - Cur epoch 43 loss MSE:0.6523
2021-06-07 02:54:44,274 - utils.logger - INFO - Cur epoch 43 loss MSE:0.0269
2021-06-07 02:54:44,544 - utils.logger - INFO - Cur epoch 43 loss MSE:0.3706
2021-06-07 02:54:44,545 - utils.logger - INFO - saving the model at the end of epoch 43, iters 258
2021-06-07 02:54:44,696 - utils.logger - INFO - End of training epoch 43 / 50 	 Time Taken: 1 sec, Data loading: 0 sec
2021-06-07 02:54:44,696 - utils.logger - INFO - learning rate = 0.0000023
2021-06-07 02:54:45,021 - utils.logger - INFO - Trn result of epoch 43 / 50 mse 0.0301 rmse 0.1735 pcc 0.5919 ccc 0.4736
2021-06-07 02:54:45,136 - utils.logger - INFO - Val result of epoch 43 / 50 mse 0.0445 rmse 0.2109 pcc 0.2133 ccc 0.1820
2021-06-07 02:54:45,477 - utils.logger - INFO - Cur epoch 44 loss MSE:0.1471
2021-06-07 02:54:45,821 - utils.logger - INFO - Cur epoch 44 loss MSE:0.0661
2021-06-07 02:54:46,109 - utils.logger - INFO - Cur epoch 44 loss MSE:0.3357
2021-06-07 02:54:46,110 - utils.logger - INFO - saving the model at the end of epoch 44, iters 264
2021-06-07 02:54:46,248 - utils.logger - INFO - End of training epoch 44 / 50 	 Time Taken: 1 sec, Data loading: 0 sec
2021-06-07 02:54:46,249 - utils.logger - INFO - learning rate = 0.0000019
2021-06-07 02:54:46,578 - utils.logger - INFO - Trn result of epoch 44 / 50 mse 0.0299 rmse 0.1730 pcc 0.5792 ccc 0.4725
2021-06-07 02:54:46,695 - utils.logger - INFO - Val result of epoch 44 / 50 mse 0.0381 rmse 0.1953 pcc 0.3385 ccc 0.3054
2021-06-07 02:54:47,009 - utils.logger - INFO - Cur epoch 45 loss MSE:0.0396
2021-06-07 02:54:47,321 - utils.logger - INFO - Cur epoch 45 loss MSE:0.2269
2021-06-07 02:54:47,579 - utils.logger - INFO - Cur epoch 45 loss MSE:0.0717
2021-06-07 02:54:47,580 - utils.logger - INFO - saving the model at the end of epoch 45, iters 270
2021-06-07 02:54:47,713 - utils.logger - INFO - End of training epoch 45 / 50 	 Time Taken: 1 sec, Data loading: 0 sec
2021-06-07 02:54:47,714 - utils.logger - INFO - learning rate = 0.0000016
2021-06-07 02:54:48,040 - utils.logger - INFO - Trn result of epoch 45 / 50 mse 0.0286 rmse 0.1692 pcc 0.6059 ccc 0.5067
2021-06-07 02:54:48,156 - utils.logger - INFO - Val result of epoch 45 / 50 mse 0.0391 rmse 0.1977 pcc 0.3366 ccc 0.3098
2021-06-07 02:54:48,467 - utils.logger - INFO - Cur epoch 46 loss MSE:0.6370
2021-06-07 02:54:48,775 - utils.logger - INFO - Cur epoch 46 loss MSE:0.2783
2021-06-07 02:54:49,042 - utils.logger - INFO - Cur epoch 46 loss MSE:0.5573
2021-06-07 02:54:49,042 - utils.logger - INFO - saving the model at the end of epoch 46, iters 276
2021-06-07 02:54:49,179 - utils.logger - INFO - End of training epoch 46 / 50 	 Time Taken: 1 sec, Data loading: 0 sec
2021-06-07 02:54:49,179 - utils.logger - INFO - learning rate = 0.0000013
2021-06-07 02:54:49,503 - utils.logger - INFO - Trn result of epoch 46 / 50 mse 0.0284 rmse 0.1686 pcc 0.6065 ccc 0.5024
2021-06-07 02:54:49,614 - utils.logger - INFO - Val result of epoch 46 / 50 mse 0.0390 rmse 0.1974 pcc 0.3364 ccc 0.3084
2021-06-07 02:54:49,936 - utils.logger - INFO - Cur epoch 47 loss MSE:0.0275
2021-06-07 02:54:50,257 - utils.logger - INFO - Cur epoch 47 loss MSE:0.1879
2021-06-07 02:54:50,522 - utils.logger - INFO - Cur epoch 47 loss MSE:0.6530
2021-06-07 02:54:50,522 - utils.logger - INFO - saving the model at the end of epoch 47, iters 282
2021-06-07 02:54:50,658 - utils.logger - INFO - End of training epoch 47 / 50 	 Time Taken: 1 sec, Data loading: 0 sec
2021-06-07 02:54:50,658 - utils.logger - INFO - learning rate = 0.0000010
2021-06-07 02:54:50,980 - utils.logger - INFO - Trn result of epoch 47 / 50 mse 0.0281 rmse 0.1675 pcc 0.6104 ccc 0.5028
2021-06-07 02:54:51,093 - utils.logger - INFO - Val result of epoch 47 / 50 mse 0.0373 rmse 0.1932 pcc 0.3484 ccc 0.3166
2021-06-07 02:54:51,414 - utils.logger - INFO - Cur epoch 48 loss MSE:0.0904
2021-06-07 02:54:51,740 - utils.logger - INFO - Cur epoch 48 loss MSE:0.6361
2021-06-07 02:54:52,014 - utils.logger - INFO - Cur epoch 48 loss MSE:0.8730
2021-06-07 02:54:52,014 - utils.logger - INFO - saving the model at the end of epoch 48, iters 288
2021-06-07 02:54:52,154 - utils.logger - INFO - End of training epoch 48 / 50 	 Time Taken: 1 sec, Data loading: 0 sec
2021-06-07 02:54:52,154 - utils.logger - INFO - learning rate = 0.0000006
2021-06-07 02:54:52,483 - utils.logger - INFO - Trn result of epoch 48 / 50 mse 0.0297 rmse 0.1725 pcc 0.5728 ccc 0.4729
2021-06-07 02:54:52,596 - utils.logger - INFO - Val result of epoch 48 / 50 mse 0.0376 rmse 0.1939 pcc 0.3466 ccc 0.3180
2021-06-07 02:54:52,919 - utils.logger - INFO - Cur epoch 49 loss MSE:0.1010
2021-06-07 02:54:53,243 - utils.logger - INFO - Cur epoch 49 loss MSE:0.0478
2021-06-07 02:54:53,507 - utils.logger - INFO - Cur epoch 49 loss MSE:0.1971
2021-06-07 02:54:53,507 - utils.logger - INFO - saving the model at the end of epoch 49, iters 294
2021-06-07 02:54:53,644 - utils.logger - INFO - End of training epoch 49 / 50 	 Time Taken: 1 sec, Data loading: 0 sec
2021-06-07 02:54:53,644 - utils.logger - INFO - learning rate = 0.0000003
2021-06-07 02:54:53,971 - utils.logger - INFO - Trn result of epoch 49 / 50 mse 0.0279 rmse 0.1671 pcc 0.6151 ccc 0.5046
2021-06-07 02:54:54,087 - utils.logger - INFO - Val result of epoch 49 / 50 mse 0.0376 rmse 0.1939 pcc 0.3483 ccc 0.3188
2021-06-07 02:54:54,409 - utils.logger - INFO - Cur epoch 50 loss MSE:0.2848
2021-06-07 02:54:54,726 - utils.logger - INFO - Cur epoch 50 loss MSE:0.0150
2021-06-07 02:54:54,989 - utils.logger - INFO - Cur epoch 50 loss MSE:1.1865
2021-06-07 02:54:54,989 - utils.logger - INFO - saving the model at the end of epoch 50, iters 300
2021-06-07 02:54:55,127 - utils.logger - INFO - End of training epoch 50 / 50 	 Time Taken: 1 sec, Data loading: 0 sec
2021-06-07 02:54:55,127 - utils.logger - INFO - learning rate = 0.0000000
2021-06-07 02:54:55,454 - utils.logger - INFO - Trn result of epoch 50 / 50 mse 0.0297 rmse 0.1723 pcc 0.5783 ccc 0.4777
2021-06-07 02:54:55,567 - utils.logger - INFO - Val result of epoch 50 / 50 mse 0.0379 rmse 0.1946 pcc 0.3456 ccc 0.3161
2021-06-07 02:54:55,568 - utils.logger - INFO - Best eval epoch 14 found with ccc 0.319706
2021-06-07 02:54:55,568 - utils.logger - INFO - baseline_earlyfusion_norm_vggish_valence_hidden1024_seq100_run2
