2021-06-19 17:31:25,302 - utils.logger - INFO - The number of training samples = 41
2021-06-19 17:31:28,014 - utils.logger - INFO - Cur epoch 1 loss ccc:0.1247
2021-06-19 17:31:28,558 - utils.logger - INFO - Cur epoch 1 loss ccc:0.1193
2021-06-19 17:31:28,986 - utils.logger - INFO - Cur epoch 1 loss ccc:1.0469
2021-06-19 17:31:28,987 - utils.logger - INFO - saving the model at the end of epoch 1, iters 6
2021-06-19 17:31:29,203 - utils.logger - INFO - End of training epoch 1 / 70 	 Time Taken: 1 sec, Data loading: 0 sec
2021-06-19 17:31:29,203 - utils.logger - INFO - learning rate = 0.0001000
2021-06-19 17:31:29,926 - utils.logger - INFO - Trn result of epoch 1 / 70 mse 0.1137 rmse 0.3372 pcc -0.0933 ccc -0.0052
2021-06-19 17:31:30,261 - utils.logger - INFO - Val result of epoch 1 / 70 mse 0.1388 rmse 0.3726 pcc 0.0882 ccc 0.0046
2021-06-19 17:31:30,837 - utils.logger - INFO - Cur epoch 2 loss ccc:0.1315
2021-06-19 17:31:31,399 - utils.logger - INFO - Cur epoch 2 loss ccc:0.1313
2021-06-19 17:31:31,828 - utils.logger - INFO - Cur epoch 2 loss ccc:0.8342
2021-06-19 17:31:31,829 - utils.logger - INFO - saving the model at the end of epoch 2, iters 12
2021-06-19 17:31:32,076 - utils.logger - INFO - End of training epoch 2 / 70 	 Time Taken: 1 sec, Data loading: 0 sec
2021-06-19 17:31:32,076 - utils.logger - INFO - learning rate = 0.0001000
2021-06-19 17:31:32,784 - utils.logger - INFO - Trn result of epoch 2 / 70 mse 0.1415 rmse 0.3762 pcc -0.1092 ccc -0.0169
2021-06-19 17:31:33,034 - utils.logger - INFO - Val result of epoch 2 / 70 mse 0.1663 rmse 0.4078 pcc 0.1506 ccc 0.0241
2021-06-19 17:31:33,612 - utils.logger - INFO - Cur epoch 3 loss ccc:0.1330
2021-06-19 17:31:34,199 - utils.logger - INFO - Cur epoch 3 loss ccc:0.1304
2021-06-19 17:31:34,638 - utils.logger - INFO - Cur epoch 3 loss ccc:1.0018
2021-06-19 17:31:34,638 - utils.logger - INFO - saving the model at the end of epoch 3, iters 18
2021-06-19 17:31:34,874 - utils.logger - INFO - End of training epoch 3 / 70 	 Time Taken: 1 sec, Data loading: 0 sec
2021-06-19 17:31:34,874 - utils.logger - INFO - learning rate = 0.0001000
2021-06-19 17:31:35,664 - utils.logger - INFO - Trn result of epoch 3 / 70 mse 0.1258 rmse 0.3546 pcc -0.0547 ccc -0.0096
2021-06-19 17:31:35,911 - utils.logger - INFO - Val result of epoch 3 / 70 mse 0.1476 rmse 0.3841 pcc 0.1755 ccc 0.0319
2021-06-19 17:31:36,458 - utils.logger - INFO - Cur epoch 4 loss ccc:0.1102
2021-06-19 17:31:36,999 - utils.logger - INFO - Cur epoch 4 loss ccc:0.1182
2021-06-19 17:31:37,424 - utils.logger - INFO - Cur epoch 4 loss ccc:0.9797
2021-06-19 17:31:37,424 - utils.logger - INFO - saving the model at the end of epoch 4, iters 24
2021-06-19 17:31:37,628 - utils.logger - INFO - End of training epoch 4 / 70 	 Time Taken: 1 sec, Data loading: 0 sec
2021-06-19 17:31:37,628 - utils.logger - INFO - learning rate = 0.0001000
2021-06-19 17:31:38,351 - utils.logger - INFO - Trn result of epoch 4 / 70 mse 0.1414 rmse 0.3760 pcc 0.1747 ccc 0.0091
2021-06-19 17:31:38,600 - utils.logger - INFO - Val result of epoch 4 / 70 mse 0.1764 rmse 0.4200 pcc 0.1520 ccc 0.0069
2021-06-19 17:31:39,165 - utils.logger - INFO - Cur epoch 5 loss ccc:0.1132
2021-06-19 17:31:39,714 - utils.logger - INFO - Cur epoch 5 loss ccc:0.1086
2021-06-19 17:31:40,121 - utils.logger - INFO - Cur epoch 5 loss ccc:0.9601
2021-06-19 17:31:40,121 - utils.logger - INFO - saving the model at the end of epoch 5, iters 30
2021-06-19 17:31:40,360 - utils.logger - INFO - End of training epoch 5 / 70 	 Time Taken: 1 sec, Data loading: 0 sec
2021-06-19 17:31:40,361 - utils.logger - INFO - learning rate = 0.0001000
2021-06-19 17:31:41,069 - utils.logger - INFO - Trn result of epoch 5 / 70 mse 0.1528 rmse 0.3909 pcc 0.1569 ccc 0.0091
2021-06-19 17:31:41,319 - utils.logger - INFO - Val result of epoch 5 / 70 mse 0.1894 rmse 0.4353 pcc 0.1616 ccc 0.0082
2021-06-19 17:31:41,850 - utils.logger - INFO - Cur epoch 6 loss ccc:0.1305
2021-06-19 17:31:42,405 - utils.logger - INFO - Cur epoch 6 loss ccc:0.1105
2021-06-19 17:31:42,832 - utils.logger - INFO - Cur epoch 6 loss ccc:0.9621
2021-06-19 17:31:42,832 - utils.logger - INFO - saving the model at the end of epoch 6, iters 36
2021-06-19 17:31:43,066 - utils.logger - INFO - End of training epoch 6 / 70 	 Time Taken: 1 sec, Data loading: 0 sec
2021-06-19 17:31:43,066 - utils.logger - INFO - learning rate = 0.0001000
2021-06-19 17:31:43,807 - utils.logger - INFO - Trn result of epoch 6 / 70 mse 0.1068 rmse 0.3268 pcc 0.1541 ccc 0.0158
2021-06-19 17:31:44,060 - utils.logger - INFO - Val result of epoch 6 / 70 mse 0.1276 rmse 0.3573 pcc 0.2596 ccc 0.0238
2021-06-19 17:31:44,579 - utils.logger - INFO - Cur epoch 7 loss ccc:0.1133
2021-06-19 17:31:45,120 - utils.logger - INFO - Cur epoch 7 loss ccc:0.1025
2021-06-19 17:31:45,540 - utils.logger - INFO - Cur epoch 7 loss ccc:0.9975
2021-06-19 17:31:45,541 - utils.logger - INFO - saving the model at the end of epoch 7, iters 42
2021-06-19 17:31:45,774 - utils.logger - INFO - End of training epoch 7 / 70 	 Time Taken: 1 sec, Data loading: 0 sec
2021-06-19 17:31:45,774 - utils.logger - INFO - learning rate = 0.0001000
2021-06-19 17:31:46,508 - utils.logger - INFO - Trn result of epoch 7 / 70 mse 0.1084 rmse 0.3293 pcc 0.0195 ccc 0.0031
2021-06-19 17:31:46,837 - utils.logger - INFO - Val result of epoch 7 / 70 mse 0.1260 rmse 0.3549 pcc 0.2056 ccc 0.0321
2021-06-19 17:31:47,353 - utils.logger - INFO - Cur epoch 8 loss ccc:0.1075
2021-06-19 17:31:47,885 - utils.logger - INFO - Cur epoch 8 loss ccc:0.1067
2021-06-19 17:31:48,288 - utils.logger - INFO - Cur epoch 8 loss ccc:0.9934
2021-06-19 17:31:48,289 - utils.logger - INFO - saving the model at the end of epoch 8, iters 48
2021-06-19 17:31:48,482 - utils.logger - INFO - End of training epoch 8 / 70 	 Time Taken: 1 sec, Data loading: 0 sec
2021-06-19 17:31:48,482 - utils.logger - INFO - learning rate = 0.0001000
2021-06-19 17:31:49,175 - utils.logger - INFO - Trn result of epoch 8 / 70 mse 0.1309 rmse 0.3618 pcc -0.1151 ccc -0.0045
2021-06-19 17:31:49,423 - utils.logger - INFO - Val result of epoch 8 / 70 mse 0.1406 rmse 0.3750 pcc 0.1579 ccc 0.0061
2021-06-19 17:31:49,954 - utils.logger - INFO - Cur epoch 9 loss ccc:0.1189
2021-06-19 17:31:50,490 - utils.logger - INFO - Cur epoch 9 loss ccc:0.1266
2021-06-19 17:31:50,904 - utils.logger - INFO - Cur epoch 9 loss ccc:0.9977
2021-06-19 17:31:50,904 - utils.logger - INFO - saving the model at the end of epoch 9, iters 54
2021-06-19 17:31:51,159 - utils.logger - INFO - End of training epoch 9 / 70 	 Time Taken: 1 sec, Data loading: 0 sec
2021-06-19 17:31:51,159 - utils.logger - INFO - learning rate = 0.0001000
2021-06-19 17:31:51,857 - utils.logger - INFO - Trn result of epoch 9 / 70 mse 0.1294 rmse 0.3597 pcc -0.0918 ccc -0.0107
2021-06-19 17:31:52,091 - utils.logger - INFO - Val result of epoch 9 / 70 mse 0.1376 rmse 0.3709 pcc 0.1834 ccc 0.0214
2021-06-19 17:31:52,619 - utils.logger - INFO - Cur epoch 10 loss ccc:0.1237
2021-06-19 17:31:53,156 - utils.logger - INFO - Cur epoch 10 loss ccc:0.1307
2021-06-19 17:31:53,571 - utils.logger - INFO - Cur epoch 10 loss ccc:0.9781
2021-06-19 17:31:53,571 - utils.logger - INFO - saving the model at the end of epoch 10, iters 60
2021-06-19 17:31:53,820 - utils.logger - INFO - End of training epoch 10 / 70 	 Time Taken: 1 sec, Data loading: 0 sec
2021-06-19 17:31:53,820 - utils.logger - INFO - learning rate = 0.0001000
2021-06-19 17:31:54,525 - utils.logger - INFO - Trn result of epoch 10 / 70 mse 0.1103 rmse 0.3321 pcc -0.0747 ccc -0.0117
2021-06-19 17:31:54,767 - utils.logger - INFO - Val result of epoch 10 / 70 mse 0.1259 rmse 0.3549 pcc 0.1590 ccc 0.0263
2021-06-19 17:31:55,284 - utils.logger - INFO - Cur epoch 11 loss ccc:0.1225
2021-06-19 17:31:55,821 - utils.logger - INFO - Cur epoch 11 loss ccc:0.1016
2021-06-19 17:31:56,271 - utils.logger - INFO - Cur epoch 11 loss ccc:0.9951
2021-06-19 17:31:56,272 - utils.logger - INFO - saving the model at the end of epoch 11, iters 66
2021-06-19 17:31:56,516 - utils.logger - INFO - End of training epoch 11 / 70 	 Time Taken: 1 sec, Data loading: 0 sec
2021-06-19 17:31:56,516 - utils.logger - INFO - learning rate = 0.0001000
2021-06-19 17:31:57,233 - utils.logger - INFO - Trn result of epoch 11 / 70 mse 0.1104 rmse 0.3323 pcc 0.0613 ccc 0.0143
2021-06-19 17:31:57,475 - utils.logger - INFO - Val result of epoch 11 / 70 mse 0.1295 rmse 0.3599 pcc 0.2071 ccc 0.0467
2021-06-19 17:31:58,014 - utils.logger - INFO - Cur epoch 12 loss ccc:0.1161
2021-06-19 17:31:58,556 - utils.logger - INFO - Cur epoch 12 loss ccc:0.0867
2021-06-19 17:31:58,982 - utils.logger - INFO - Cur epoch 12 loss ccc:0.8424
2021-06-19 17:31:58,983 - utils.logger - INFO - saving the model at the end of epoch 12, iters 72
2021-06-19 17:31:59,231 - utils.logger - INFO - End of training epoch 12 / 70 	 Time Taken: 1 sec, Data loading: 0 sec
2021-06-19 17:31:59,232 - utils.logger - INFO - learning rate = 0.0001000
2021-06-19 17:31:59,946 - utils.logger - INFO - Trn result of epoch 12 / 70 mse 0.2582 rmse 0.5082 pcc -0.1126 ccc -0.0902
2021-06-19 17:32:00,200 - utils.logger - INFO - Val result of epoch 12 / 70 mse 0.2506 rmse 0.5006 pcc 0.1366 ccc 0.1207
2021-06-19 17:32:00,739 - utils.logger - INFO - Cur epoch 13 loss ccc:0.1312
2021-06-19 17:32:01,307 - utils.logger - INFO - Cur epoch 13 loss ccc:0.1179
2021-06-19 17:32:01,752 - utils.logger - INFO - Cur epoch 13 loss ccc:0.9945
2021-06-19 17:32:01,752 - utils.logger - INFO - saving the model at the end of epoch 13, iters 78
2021-06-19 17:32:01,947 - utils.logger - INFO - End of training epoch 13 / 70 	 Time Taken: 1 sec, Data loading: 0 sec
2021-06-19 17:32:01,947 - utils.logger - INFO - learning rate = 0.0001000
2021-06-19 17:32:02,660 - utils.logger - INFO - Trn result of epoch 13 / 70 mse 0.1261 rmse 0.3551 pcc 0.0049 ccc 0.0019
2021-06-19 17:32:02,896 - utils.logger - INFO - Val result of epoch 13 / 70 mse 0.1465 rmse 0.3827 pcc 0.1415 ccc 0.0533
2021-06-19 17:32:03,407 - utils.logger - INFO - Cur epoch 14 loss ccc:0.1012
2021-06-19 17:32:03,923 - utils.logger - INFO - Cur epoch 14 loss ccc:0.1185
2021-06-19 17:32:04,328 - utils.logger - INFO - Cur epoch 14 loss ccc:1.0022
2021-06-19 17:32:04,328 - utils.logger - INFO - saving the model at the end of epoch 14, iters 84
2021-06-19 17:32:04,579 - utils.logger - INFO - End of training epoch 14 / 70 	 Time Taken: 1 sec, Data loading: 0 sec
2021-06-19 17:32:04,579 - utils.logger - INFO - learning rate = 0.0001000
2021-06-19 17:32:05,289 - utils.logger - INFO - Trn result of epoch 14 / 70 mse 0.1846 rmse 0.4297 pcc -0.0842 ccc -0.0677
2021-06-19 17:32:05,534 - utils.logger - INFO - Val result of epoch 14 / 70 mse 0.1861 rmse 0.4314 pcc 0.1763 ccc 0.1442
2021-06-19 17:32:06,055 - utils.logger - INFO - Cur epoch 15 loss ccc:0.1267
2021-06-19 17:32:06,570 - utils.logger - INFO - Cur epoch 15 loss ccc:0.1247
2021-06-19 17:32:06,979 - utils.logger - INFO - Cur epoch 15 loss ccc:1.0198
2021-06-19 17:32:06,979 - utils.logger - INFO - saving the model at the end of epoch 15, iters 90
2021-06-19 17:32:07,175 - utils.logger - INFO - End of training epoch 15 / 70 	 Time Taken: 1 sec, Data loading: 0 sec
2021-06-19 17:32:07,175 - utils.logger - INFO - learning rate = 0.0001000
2021-06-19 17:32:07,889 - utils.logger - INFO - Trn result of epoch 15 / 70 mse 0.1304 rmse 0.3611 pcc 0.1970 ccc 0.0668
2021-06-19 17:32:08,131 - utils.logger - INFO - Val result of epoch 15 / 70 mse 0.1481 rmse 0.3848 pcc 0.0032 ccc 0.0012
2021-06-19 17:32:08,649 - utils.logger - INFO - Cur epoch 16 loss ccc:0.1251
2021-06-19 17:32:09,185 - utils.logger - INFO - Cur epoch 16 loss ccc:0.1305
2021-06-19 17:32:09,597 - utils.logger - INFO - Cur epoch 16 loss ccc:0.9820
2021-06-19 17:32:09,597 - utils.logger - INFO - saving the model at the end of epoch 16, iters 96
2021-06-19 17:32:09,814 - utils.logger - INFO - End of training epoch 16 / 70 	 Time Taken: 1 sec, Data loading: 0 sec
2021-06-19 17:32:09,814 - utils.logger - INFO - learning rate = 0.0001000
2021-06-19 17:32:10,514 - utils.logger - INFO - Trn result of epoch 16 / 70 mse 0.1293 rmse 0.3596 pcc 0.1311 ccc 0.0289
2021-06-19 17:32:10,740 - utils.logger - INFO - Val result of epoch 16 / 70 mse 0.1598 rmse 0.3998 pcc 0.1525 ccc 0.0292
2021-06-19 17:32:11,251 - utils.logger - INFO - Cur epoch 17 loss ccc:0.1285
2021-06-19 17:32:11,807 - utils.logger - INFO - Cur epoch 17 loss ccc:0.1194
2021-06-19 17:32:12,216 - utils.logger - INFO - Cur epoch 17 loss ccc:0.3774
2021-06-19 17:32:12,216 - utils.logger - INFO - saving the model at the end of epoch 17, iters 102
2021-06-19 17:32:12,440 - utils.logger - INFO - End of training epoch 17 / 70 	 Time Taken: 1 sec, Data loading: 0 sec
2021-06-19 17:32:12,440 - utils.logger - INFO - learning rate = 0.0001000
2021-06-19 17:32:13,132 - utils.logger - INFO - Trn result of epoch 17 / 70 mse 0.1811 rmse 0.4256 pcc 0.0503 ccc 0.0177
2021-06-19 17:32:13,371 - utils.logger - INFO - Val result of epoch 17 / 70 mse 0.1995 rmse 0.4466 pcc 0.2311 ccc 0.0819
2021-06-19 17:32:13,872 - utils.logger - INFO - Cur epoch 18 loss ccc:0.0991
2021-06-19 17:32:14,381 - utils.logger - INFO - Cur epoch 18 loss ccc:0.1250
2021-06-19 17:32:14,806 - utils.logger - INFO - Cur epoch 18 loss ccc:0.9999
2021-06-19 17:32:14,806 - utils.logger - INFO - saving the model at the end of epoch 18, iters 108
2021-06-19 17:32:15,015 - utils.logger - INFO - End of training epoch 18 / 70 	 Time Taken: 1 sec, Data loading: 0 sec
2021-06-19 17:32:15,015 - utils.logger - INFO - learning rate = 0.0001000
2021-06-19 17:32:15,707 - utils.logger - INFO - Trn result of epoch 18 / 70 mse 0.2601 rmse 0.5100 pcc 0.1283 ccc 0.0285
2021-06-19 17:32:15,964 - utils.logger - INFO - Val result of epoch 18 / 70 mse 0.2954 rmse 0.5435 pcc 0.2313 ccc 0.0496
2021-06-19 17:32:16,516 - utils.logger - INFO - Cur epoch 19 loss ccc:0.1133
2021-06-19 17:32:17,057 - utils.logger - INFO - Cur epoch 19 loss ccc:0.1034
2021-06-19 17:32:17,464 - utils.logger - INFO - Cur epoch 19 loss ccc:1.2426
2021-06-19 17:32:17,464 - utils.logger - INFO - saving the model at the end of epoch 19, iters 114
2021-06-19 17:32:17,666 - utils.logger - INFO - End of training epoch 19 / 70 	 Time Taken: 1 sec, Data loading: 0 sec
2021-06-19 17:32:17,666 - utils.logger - INFO - learning rate = 0.0001000
2021-06-19 17:32:18,363 - utils.logger - INFO - Trn result of epoch 19 / 70 mse 0.1334 rmse 0.3653 pcc 0.1818 ccc 0.0291
2021-06-19 17:32:18,601 - utils.logger - INFO - Val result of epoch 19 / 70 mse 0.1690 rmse 0.4111 pcc 0.1106 ccc 0.0152
2021-06-19 17:32:19,120 - utils.logger - INFO - Cur epoch 20 loss ccc:0.1148
2021-06-19 17:32:19,650 - utils.logger - INFO - Cur epoch 20 loss ccc:0.1212
2021-06-19 17:32:20,050 - utils.logger - INFO - Cur epoch 20 loss ccc:0.9981
2021-06-19 17:32:20,050 - utils.logger - INFO - saving the model at the end of epoch 20, iters 120
2021-06-19 17:32:20,288 - utils.logger - INFO - End of training epoch 20 / 70 	 Time Taken: 1 sec, Data loading: 0 sec
2021-06-19 17:32:20,288 - utils.logger - INFO - learning rate = 0.0001000
2021-06-19 17:32:20,968 - utils.logger - INFO - Trn result of epoch 20 / 70 mse 0.1220 rmse 0.3493 pcc 0.1711 ccc 0.0293
2021-06-19 17:32:21,203 - utils.logger - INFO - Val result of epoch 20 / 70 mse 0.1526 rmse 0.3906 pcc 0.1592 ccc 0.0234
2021-06-19 17:32:21,708 - utils.logger - INFO - Cur epoch 21 loss ccc:0.1250
2021-06-19 17:32:22,252 - utils.logger - INFO - Cur epoch 21 loss ccc:0.1352
2021-06-19 17:32:22,663 - utils.logger - INFO - Cur epoch 21 loss ccc:0.8766
2021-06-19 17:32:22,663 - utils.logger - INFO - saving the model at the end of epoch 21, iters 126
2021-06-19 17:32:22,895 - utils.logger - INFO - End of training epoch 21 / 70 	 Time Taken: 1 sec, Data loading: 0 sec
2021-06-19 17:32:22,895 - utils.logger - INFO - learning rate = 0.0001000
2021-06-19 17:32:23,595 - utils.logger - INFO - Trn result of epoch 21 / 70 mse 0.2558 rmse 0.5058 pcc 0.0182 ccc 0.0032
2021-06-19 17:32:23,832 - utils.logger - INFO - Val result of epoch 21 / 70 mse 0.2445 rmse 0.4945 pcc 0.2528 ccc 0.0556
2021-06-19 17:32:24,351 - utils.logger - INFO - Cur epoch 22 loss ccc:0.1344
2021-06-19 17:32:24,872 - utils.logger - INFO - Cur epoch 22 loss ccc:0.1333
2021-06-19 17:32:25,263 - utils.logger - INFO - Cur epoch 22 loss ccc:0.8635
2021-06-19 17:32:25,263 - utils.logger - INFO - saving the model at the end of epoch 22, iters 132
2021-06-19 17:32:25,486 - utils.logger - INFO - End of training epoch 22 / 70 	 Time Taken: 1 sec, Data loading: 0 sec
2021-06-19 17:32:25,487 - utils.logger - INFO - learning rate = 0.0001000
2021-06-19 17:32:26,190 - utils.logger - INFO - Trn result of epoch 22 / 70 mse 0.2098 rmse 0.4581 pcc -0.0734 ccc -0.0713
2021-06-19 17:32:26,414 - utils.logger - INFO - Val result of epoch 22 / 70 mse 0.2212 rmse 0.4704 pcc 0.1606 ccc 0.1604
2021-06-19 17:32:26,927 - utils.logger - INFO - Cur epoch 23 loss ccc:0.1304
2021-06-19 17:32:27,462 - utils.logger - INFO - Cur epoch 23 loss ccc:0.1263
2021-06-19 17:32:27,856 - utils.logger - INFO - Cur epoch 23 loss ccc:0.9146
2021-06-19 17:32:27,856 - utils.logger - INFO - saving the model at the end of epoch 23, iters 138
2021-06-19 17:32:28,114 - utils.logger - INFO - End of training epoch 23 / 70 	 Time Taken: 1 sec, Data loading: 0 sec
2021-06-19 17:32:28,115 - utils.logger - INFO - learning rate = 0.0001000
2021-06-19 17:32:28,833 - utils.logger - INFO - Trn result of epoch 23 / 70 mse 0.2784 rmse 0.5277 pcc -0.0203 ccc -0.0103
2021-06-19 17:32:29,077 - utils.logger - INFO - Val result of epoch 23 / 70 mse 0.3037 rmse 0.5510 pcc 0.1869 ccc 0.1006
2021-06-19 17:32:29,612 - utils.logger - INFO - Cur epoch 24 loss ccc:0.1462
2021-06-19 17:32:30,119 - utils.logger - INFO - Cur epoch 24 loss ccc:0.1199
2021-06-19 17:32:30,513 - utils.logger - INFO - Cur epoch 24 loss ccc:0.8331
2021-06-19 17:32:30,513 - utils.logger - INFO - saving the model at the end of epoch 24, iters 144
2021-06-19 17:32:30,752 - utils.logger - INFO - End of training epoch 24 / 70 	 Time Taken: 1 sec, Data loading: 0 sec
2021-06-19 17:32:30,752 - utils.logger - INFO - learning rate = 0.0001000
2021-06-19 17:32:31,432 - utils.logger - INFO - Trn result of epoch 24 / 70 mse 0.4330 rmse 0.6580 pcc -0.0345 ccc -0.0202
2021-06-19 17:32:31,667 - utils.logger - INFO - Val result of epoch 24 / 70 mse 0.4851 rmse 0.6965 pcc 0.1354 ccc 0.0688
2021-06-19 17:32:32,197 - utils.logger - INFO - Cur epoch 25 loss ccc:0.1250
2021-06-19 17:32:32,724 - utils.logger - INFO - Cur epoch 25 loss ccc:0.1324
2021-06-19 17:32:33,154 - utils.logger - INFO - Cur epoch 25 loss ccc:0.9991
2021-06-19 17:32:33,155 - utils.logger - INFO - saving the model at the end of epoch 25, iters 150
2021-06-19 17:32:33,410 - utils.logger - INFO - End of training epoch 25 / 70 	 Time Taken: 1 sec, Data loading: 0 sec
2021-06-19 17:32:33,411 - utils.logger - INFO - learning rate = 0.0001000
2021-06-19 17:32:34,144 - utils.logger - INFO - Trn result of epoch 25 / 70 mse 0.4214 rmse 0.6492 pcc -0.1162 ccc -0.0087
2021-06-19 17:32:34,393 - utils.logger - INFO - Val result of epoch 25 / 70 mse 0.3888 rmse 0.6236 pcc -0.1239 ccc -0.0099
2021-06-19 17:32:34,899 - utils.logger - INFO - Cur epoch 26 loss ccc:0.1210
2021-06-19 17:32:35,439 - utils.logger - INFO - Cur epoch 26 loss ccc:0.1231
2021-06-19 17:32:35,868 - utils.logger - INFO - Cur epoch 26 loss ccc:1.0003
2021-06-19 17:32:35,868 - utils.logger - INFO - saving the model at the end of epoch 26, iters 156
2021-06-19 17:32:36,112 - utils.logger - INFO - End of training epoch 26 / 70 	 Time Taken: 1 sec, Data loading: 0 sec
2021-06-19 17:32:36,112 - utils.logger - INFO - learning rate = 0.0001000
2021-06-19 17:32:36,829 - utils.logger - INFO - Trn result of epoch 26 / 70 mse 0.4742 rmse 0.6886 pcc -0.0853 ccc -0.0081
2021-06-19 17:32:37,063 - utils.logger - INFO - Val result of epoch 26 / 70 mse 0.5219 rmse 0.7225 pcc 0.1046 ccc 0.0124
2021-06-19 17:32:37,598 - utils.logger - INFO - Cur epoch 27 loss ccc:0.1063
2021-06-19 17:32:38,145 - utils.logger - INFO - Cur epoch 27 loss ccc:0.1091
2021-06-19 17:32:38,585 - utils.logger - INFO - Cur epoch 27 loss ccc:0.9814
2021-06-19 17:32:38,586 - utils.logger - INFO - saving the model at the end of epoch 27, iters 162
2021-06-19 17:32:38,774 - utils.logger - INFO - End of training epoch 27 / 70 	 Time Taken: 1 sec, Data loading: 0 sec
2021-06-19 17:32:38,774 - utils.logger - INFO - learning rate = 0.0001000
2021-06-19 17:32:39,473 - utils.logger - INFO - Trn result of epoch 27 / 70 mse 0.1592 rmse 0.3990 pcc -0.0138 ccc -0.0076
2021-06-19 17:32:39,728 - utils.logger - INFO - Val result of epoch 27 / 70 mse 0.1602 rmse 0.4002 pcc 0.1785 ccc 0.0945
2021-06-19 17:32:40,254 - utils.logger - INFO - Cur epoch 28 loss ccc:0.1335
2021-06-19 17:32:40,835 - utils.logger - INFO - Cur epoch 28 loss ccc:0.1246
2021-06-19 17:32:41,272 - utils.logger - INFO - Cur epoch 28 loss ccc:1.0258
2021-06-19 17:32:41,272 - utils.logger - INFO - saving the model at the end of epoch 28, iters 168
2021-06-19 17:32:41,484 - utils.logger - INFO - End of training epoch 28 / 70 	 Time Taken: 1 sec, Data loading: 0 sec
2021-06-19 17:32:41,484 - utils.logger - INFO - learning rate = 0.0001000
2021-06-19 17:32:42,202 - utils.logger - INFO - Trn result of epoch 28 / 70 mse 0.1159 rmse 0.3404 pcc 0.0698 ccc 0.0008
2021-06-19 17:32:42,444 - utils.logger - INFO - Val result of epoch 28 / 70 mse 0.1312 rmse 0.3623 pcc -0.1480 ccc -0.0019
2021-06-19 17:32:42,986 - utils.logger - INFO - Cur epoch 29 loss ccc:0.1274
2021-06-19 17:32:43,514 - utils.logger - INFO - Cur epoch 29 loss ccc:0.1240
2021-06-19 17:32:43,949 - utils.logger - INFO - Cur epoch 29 loss ccc:1.0060
2021-06-19 17:32:43,949 - utils.logger - INFO - saving the model at the end of epoch 29, iters 174
2021-06-19 17:32:44,181 - utils.logger - INFO - End of training epoch 29 / 70 	 Time Taken: 1 sec, Data loading: 0 sec
2021-06-19 17:32:44,181 - utils.logger - INFO - learning rate = 0.0001000
2021-06-19 17:32:44,862 - utils.logger - INFO - Trn result of epoch 29 / 70 mse 0.1115 rmse 0.3339 pcc -0.1057 ccc -0.0010
2021-06-19 17:32:45,101 - utils.logger - INFO - Val result of epoch 29 / 70 mse 0.1286 rmse 0.3586 pcc 0.1367 ccc 0.0012
2021-06-19 17:32:45,659 - utils.logger - INFO - Cur epoch 30 loss ccc:0.1415
2021-06-19 17:32:46,203 - utils.logger - INFO - Cur epoch 30 loss ccc:0.1282
2021-06-19 17:32:46,616 - utils.logger - INFO - Cur epoch 30 loss ccc:1.0038
2021-06-19 17:32:46,617 - utils.logger - INFO - saving the model at the end of epoch 30, iters 180
2021-06-19 17:32:46,813 - utils.logger - INFO - End of training epoch 30 / 70 	 Time Taken: 1 sec, Data loading: 0 sec
2021-06-19 17:32:46,813 - utils.logger - INFO - learning rate = 0.0000976
2021-06-19 17:32:47,503 - utils.logger - INFO - Trn result of epoch 30 / 70 mse 0.1099 rmse 0.3316 pcc -0.0817 ccc -0.0018
2021-06-19 17:32:47,761 - utils.logger - INFO - Val result of epoch 30 / 70 mse 0.1279 rmse 0.3576 pcc 0.1563 ccc 0.0033
2021-06-19 17:32:48,294 - utils.logger - INFO - Cur epoch 31 loss ccc:0.1273
2021-06-19 17:32:48,833 - utils.logger - INFO - Cur epoch 31 loss ccc:0.1186
2021-06-19 17:32:49,262 - utils.logger - INFO - Cur epoch 31 loss ccc:1.0009
2021-06-19 17:32:49,262 - utils.logger - INFO - saving the model at the end of epoch 31, iters 186
2021-06-19 17:32:49,632 - utils.logger - INFO - End of training epoch 31 / 70 	 Time Taken: 1 sec, Data loading: 0 sec
2021-06-19 17:32:49,632 - utils.logger - INFO - learning rate = 0.0000951
2021-06-19 17:32:50,306 - utils.logger - INFO - Trn result of epoch 31 / 70 mse 0.1097 rmse 0.3312 pcc 0.1052 ccc 0.0012
2021-06-19 17:32:50,543 - utils.logger - INFO - Val result of epoch 31 / 70 mse 0.1284 rmse 0.3584 pcc -0.0988 ccc -0.0012
2021-06-19 17:32:51,046 - utils.logger - INFO - Cur epoch 32 loss ccc:0.1194
2021-06-19 17:32:51,554 - utils.logger - INFO - Cur epoch 32 loss ccc:0.1258
2021-06-19 17:32:51,982 - utils.logger - INFO - Cur epoch 32 loss ccc:0.9979
2021-06-19 17:32:51,982 - utils.logger - INFO - saving the model at the end of epoch 32, iters 192
2021-06-19 17:32:52,218 - utils.logger - INFO - End of training epoch 32 / 70 	 Time Taken: 1 sec, Data loading: 0 sec
2021-06-19 17:32:52,218 - utils.logger - INFO - learning rate = 0.0000927
2021-06-19 17:32:52,926 - utils.logger - INFO - Trn result of epoch 32 / 70 mse 0.1105 rmse 0.3325 pcc 0.1054 ccc 0.0018
2021-06-19 17:32:53,181 - utils.logger - INFO - Val result of epoch 32 / 70 mse 0.1288 rmse 0.3588 pcc -0.1169 ccc -0.0022
2021-06-19 17:32:53,700 - utils.logger - INFO - Cur epoch 33 loss ccc:0.1233
2021-06-19 17:32:54,213 - utils.logger - INFO - Cur epoch 33 loss ccc:0.1290
2021-06-19 17:32:54,630 - utils.logger - INFO - Cur epoch 33 loss ccc:0.9742
2021-06-19 17:32:54,630 - utils.logger - INFO - saving the model at the end of epoch 33, iters 198
2021-06-19 17:32:54,865 - utils.logger - INFO - End of training epoch 33 / 70 	 Time Taken: 1 sec, Data loading: 0 sec
2021-06-19 17:32:54,866 - utils.logger - INFO - learning rate = 0.0000902
2021-06-19 17:32:55,553 - utils.logger - INFO - Trn result of epoch 33 / 70 mse 0.1090 rmse 0.3301 pcc 0.0141 ccc 0.0002
2021-06-19 17:32:55,795 - utils.logger - INFO - Val result of epoch 33 / 70 mse 0.1280 rmse 0.3578 pcc 0.1748 ccc 0.0022
2021-06-19 17:32:56,337 - utils.logger - INFO - Cur epoch 34 loss ccc:0.1110
2021-06-19 17:32:56,883 - utils.logger - INFO - Cur epoch 34 loss ccc:0.1197
2021-06-19 17:32:57,315 - utils.logger - INFO - Cur epoch 34 loss ccc:0.9941
2021-06-19 17:32:57,315 - utils.logger - INFO - saving the model at the end of epoch 34, iters 204
2021-06-19 17:32:57,556 - utils.logger - INFO - End of training epoch 34 / 70 	 Time Taken: 1 sec, Data loading: 0 sec
2021-06-19 17:32:57,556 - utils.logger - INFO - learning rate = 0.0000878
2021-06-19 17:32:58,342 - utils.logger - INFO - Trn result of epoch 34 / 70 mse 0.1087 rmse 0.3297 pcc -0.0026 ccc -0.0001
2021-06-19 17:32:58,594 - utils.logger - INFO - Val result of epoch 34 / 70 mse 0.1278 rmse 0.3575 pcc 0.1932 ccc 0.0046
2021-06-19 17:32:59,104 - utils.logger - INFO - Cur epoch 35 loss ccc:0.1234
2021-06-19 17:32:59,629 - utils.logger - INFO - Cur epoch 35 loss ccc:0.1197
2021-06-19 17:33:00,068 - utils.logger - INFO - Cur epoch 35 loss ccc:0.9148
2021-06-19 17:33:00,068 - utils.logger - INFO - saving the model at the end of epoch 35, iters 210
2021-06-19 17:33:00,273 - utils.logger - INFO - End of training epoch 35 / 70 	 Time Taken: 1 sec, Data loading: 0 sec
2021-06-19 17:33:00,273 - utils.logger - INFO - learning rate = 0.0000854
2021-06-19 17:33:00,950 - utils.logger - INFO - Trn result of epoch 35 / 70 mse 0.1096 rmse 0.3310 pcc -0.0317 ccc -0.0014
2021-06-19 17:33:01,187 - utils.logger - INFO - Val result of epoch 35 / 70 mse 0.1273 rmse 0.3568 pcc 0.1840 ccc 0.0078
2021-06-19 17:33:01,707 - utils.logger - INFO - Cur epoch 36 loss ccc:0.1192
2021-06-19 17:33:02,233 - utils.logger - INFO - Cur epoch 36 loss ccc:0.1261
2021-06-19 17:33:02,649 - utils.logger - INFO - Cur epoch 36 loss ccc:0.9927
2021-06-19 17:33:02,649 - utils.logger - INFO - saving the model at the end of epoch 36, iters 216
2021-06-19 17:33:02,844 - utils.logger - INFO - End of training epoch 36 / 70 	 Time Taken: 1 sec, Data loading: 0 sec
2021-06-19 17:33:02,844 - utils.logger - INFO - learning rate = 0.0000829
2021-06-19 17:33:03,534 - utils.logger - INFO - Trn result of epoch 36 / 70 mse 0.1134 rmse 0.3368 pcc 0.0273 ccc 0.0004
2021-06-19 17:33:03,781 - utils.logger - INFO - Val result of epoch 36 / 70 mse 0.1293 rmse 0.3596 pcc 0.1857 ccc 0.0027
2021-06-19 17:33:04,310 - utils.logger - INFO - Cur epoch 37 loss ccc:0.1203
2021-06-19 17:33:04,843 - utils.logger - INFO - Cur epoch 37 loss ccc:0.1250
2021-06-19 17:33:05,256 - utils.logger - INFO - Cur epoch 37 loss ccc:1.0093
2021-06-19 17:33:05,256 - utils.logger - INFO - saving the model at the end of epoch 37, iters 222
2021-06-19 17:33:05,486 - utils.logger - INFO - End of training epoch 37 / 70 	 Time Taken: 1 sec, Data loading: 0 sec
2021-06-19 17:33:05,486 - utils.logger - INFO - learning rate = 0.0000805
2021-06-19 17:33:06,210 - utils.logger - INFO - Trn result of epoch 37 / 70 mse 0.1094 rmse 0.3308 pcc 0.1426 ccc 0.0047
2021-06-19 17:33:06,456 - utils.logger - INFO - Val result of epoch 37 / 70 mse 0.1278 rmse 0.3575 pcc 0.1359 ccc 0.0042
2021-06-19 17:33:06,979 - utils.logger - INFO - Cur epoch 38 loss ccc:0.1224
2021-06-19 17:33:07,506 - utils.logger - INFO - Cur epoch 38 loss ccc:0.1130
2021-06-19 17:33:07,922 - utils.logger - INFO - Cur epoch 38 loss ccc:0.9576
2021-06-19 17:33:07,922 - utils.logger - INFO - saving the model at the end of epoch 38, iters 228
2021-06-19 17:33:08,186 - utils.logger - INFO - End of training epoch 38 / 70 	 Time Taken: 1 sec, Data loading: 0 sec
2021-06-19 17:33:08,186 - utils.logger - INFO - learning rate = 0.0000780
2021-06-19 17:33:08,902 - utils.logger - INFO - Trn result of epoch 38 / 70 mse 0.1267 rmse 0.3560 pcc -0.0057 ccc -0.0008
2021-06-19 17:33:09,140 - utils.logger - INFO - Val result of epoch 38 / 70 mse 0.1351 rmse 0.3676 pcc 0.2327 ccc 0.0348
2021-06-19 17:33:09,692 - utils.logger - INFO - Cur epoch 39 loss ccc:0.1393
2021-06-19 17:33:10,231 - utils.logger - INFO - Cur epoch 39 loss ccc:0.1267
2021-06-19 17:33:10,655 - utils.logger - INFO - Cur epoch 39 loss ccc:1.0073
2021-06-19 17:33:10,655 - utils.logger - INFO - saving the model at the end of epoch 39, iters 234
2021-06-19 17:33:10,882 - utils.logger - INFO - End of training epoch 39 / 70 	 Time Taken: 1 sec, Data loading: 0 sec
2021-06-19 17:33:10,882 - utils.logger - INFO - learning rate = 0.0000756
2021-06-19 17:33:11,676 - utils.logger - INFO - Trn result of epoch 39 / 70 mse 0.1152 rmse 0.3394 pcc -0.0041 ccc -0.0009
2021-06-19 17:33:11,934 - utils.logger - INFO - Val result of epoch 39 / 70 mse 0.1253 rmse 0.3540 pcc 0.2307 ccc 0.0544
2021-06-19 17:33:12,455 - utils.logger - INFO - Cur epoch 40 loss ccc:0.1165
2021-06-19 17:33:12,987 - utils.logger - INFO - Cur epoch 40 loss ccc:0.1231
2021-06-19 17:33:13,387 - utils.logger - INFO - Cur epoch 40 loss ccc:1.0019
2021-06-19 17:33:13,387 - utils.logger - INFO - saving the model at the end of epoch 40, iters 240
2021-06-19 17:33:13,619 - utils.logger - INFO - End of training epoch 40 / 70 	 Time Taken: 1 sec, Data loading: 0 sec
2021-06-19 17:33:13,619 - utils.logger - INFO - learning rate = 0.0000732
2021-06-19 17:33:14,301 - utils.logger - INFO - Trn result of epoch 40 / 70 mse 0.1274 rmse 0.3569 pcc -0.0325 ccc -0.0042
2021-06-19 17:33:14,531 - utils.logger - INFO - Val result of epoch 40 / 70 mse 0.1536 rmse 0.3919 pcc 0.1510 ccc 0.0206
2021-06-19 17:33:15,059 - utils.logger - INFO - Cur epoch 41 loss ccc:0.1252
2021-06-19 17:33:15,597 - utils.logger - INFO - Cur epoch 41 loss ccc:0.1250
2021-06-19 17:33:16,024 - utils.logger - INFO - Cur epoch 41 loss ccc:0.9369
2021-06-19 17:33:16,025 - utils.logger - INFO - saving the model at the end of epoch 41, iters 246
2021-06-19 17:33:16,292 - utils.logger - INFO - End of training epoch 41 / 70 	 Time Taken: 1 sec, Data loading: 0 sec
2021-06-19 17:33:16,292 - utils.logger - INFO - learning rate = 0.0000707
2021-06-19 17:33:16,982 - utils.logger - INFO - Trn result of epoch 41 / 70 mse 0.2433 rmse 0.4933 pcc -0.0629 ccc -0.0130
2021-06-19 17:33:17,224 - utils.logger - INFO - Val result of epoch 41 / 70 mse 0.2671 rmse 0.5168 pcc 0.1593 ccc 0.0372
2021-06-19 17:33:17,750 - utils.logger - INFO - Cur epoch 42 loss ccc:0.1120
2021-06-19 17:33:18,261 - utils.logger - INFO - Cur epoch 42 loss ccc:0.1259
2021-06-19 17:33:18,669 - utils.logger - INFO - Cur epoch 42 loss ccc:0.5931
2021-06-19 17:33:18,669 - utils.logger - INFO - saving the model at the end of epoch 42, iters 252
2021-06-19 17:33:18,869 - utils.logger - INFO - End of training epoch 42 / 70 	 Time Taken: 1 sec, Data loading: 0 sec
2021-06-19 17:33:18,869 - utils.logger - INFO - learning rate = 0.0000683
2021-06-19 17:33:19,604 - utils.logger - INFO - Trn result of epoch 42 / 70 mse 0.1374 rmse 0.3707 pcc -0.0437 ccc -0.0152
2021-06-19 17:33:19,846 - utils.logger - INFO - Val result of epoch 42 / 70 mse 0.1514 rmse 0.3892 pcc 0.1991 ccc 0.0724
2021-06-19 17:33:20,377 - utils.logger - INFO - Cur epoch 43 loss ccc:0.1040
2021-06-19 17:33:20,918 - utils.logger - INFO - Cur epoch 43 loss ccc:0.1364
2021-06-19 17:33:21,330 - utils.logger - INFO - Cur epoch 43 loss ccc:1.0337
2021-06-19 17:33:21,330 - utils.logger - INFO - saving the model at the end of epoch 43, iters 258
2021-06-19 17:33:21,776 - utils.logger - INFO - End of training epoch 43 / 70 	 Time Taken: 1 sec, Data loading: 0 sec
2021-06-19 17:33:21,776 - utils.logger - INFO - learning rate = 0.0000659
2021-06-19 17:33:22,473 - utils.logger - INFO - Trn result of epoch 43 / 70 mse 0.1745 rmse 0.4177 pcc -0.0113 ccc -0.0033
2021-06-19 17:33:22,718 - utils.logger - INFO - Val result of epoch 43 / 70 mse 0.1908 rmse 0.4368 pcc 0.2206 ccc 0.0687
2021-06-19 17:33:23,249 - utils.logger - INFO - Cur epoch 44 loss ccc:0.1109
2021-06-19 17:33:23,787 - utils.logger - INFO - Cur epoch 44 loss ccc:0.1288
2021-06-19 17:33:24,230 - utils.logger - INFO - Cur epoch 44 loss ccc:0.9970
2021-06-19 17:33:24,230 - utils.logger - INFO - saving the model at the end of epoch 44, iters 264
2021-06-19 17:33:24,470 - utils.logger - INFO - End of training epoch 44 / 70 	 Time Taken: 1 sec, Data loading: 0 sec
2021-06-19 17:33:24,470 - utils.logger - INFO - learning rate = 0.0000634
2021-06-19 17:33:25,170 - utils.logger - INFO - Trn result of epoch 44 / 70 mse 0.1831 rmse 0.4279 pcc 0.0411 ccc 0.0042
2021-06-19 17:33:25,417 - utils.logger - INFO - Val result of epoch 44 / 70 mse 0.1852 rmse 0.4303 pcc 0.2334 ccc 0.0229
2021-06-19 17:33:25,965 - utils.logger - INFO - Cur epoch 45 loss ccc:0.1159
2021-06-19 17:33:26,542 - utils.logger - INFO - Cur epoch 45 loss ccc:0.1443
2021-06-19 17:33:26,977 - utils.logger - INFO - Cur epoch 45 loss ccc:1.0019
2021-06-19 17:33:26,977 - utils.logger - INFO - saving the model at the end of epoch 45, iters 270
2021-06-19 17:33:27,228 - utils.logger - INFO - End of training epoch 45 / 70 	 Time Taken: 1 sec, Data loading: 0 sec
2021-06-19 17:33:27,229 - utils.logger - INFO - learning rate = 0.0000610
2021-06-19 17:33:27,992 - utils.logger - INFO - Trn result of epoch 45 / 70 mse 0.3687 rmse 0.6072 pcc 0.0777 ccc 0.0030
2021-06-19 17:33:28,240 - utils.logger - INFO - Val result of epoch 45 / 70 mse 0.3572 rmse 0.5977 pcc 0.2502 ccc 0.0105
2021-06-19 17:33:28,743 - utils.logger - INFO - Cur epoch 46 loss ccc:0.1249
2021-06-19 17:33:29,282 - utils.logger - INFO - Cur epoch 46 loss ccc:0.1134
2021-06-19 17:33:29,702 - utils.logger - INFO - Cur epoch 46 loss ccc:1.0024
2021-06-19 17:33:29,702 - utils.logger - INFO - saving the model at the end of epoch 46, iters 276
2021-06-19 17:33:29,933 - utils.logger - INFO - End of training epoch 46 / 70 	 Time Taken: 1 sec, Data loading: 0 sec
2021-06-19 17:33:29,933 - utils.logger - INFO - learning rate = 0.0000585
2021-06-19 17:33:30,621 - utils.logger - INFO - Trn result of epoch 46 / 70 mse 0.3236 rmse 0.5689 pcc 0.1761 ccc 0.0075
2021-06-19 17:33:30,865 - utils.logger - INFO - Val result of epoch 46 / 70 mse 0.3126 rmse 0.5591 pcc 0.1591 ccc 0.0073
2021-06-19 17:33:31,372 - utils.logger - INFO - Cur epoch 47 loss ccc:0.1217
2021-06-19 17:33:31,906 - utils.logger - INFO - Cur epoch 47 loss ccc:0.1358
2021-06-19 17:33:32,300 - utils.logger - INFO - Cur epoch 47 loss ccc:0.8310
2021-06-19 17:33:32,300 - utils.logger - INFO - saving the model at the end of epoch 47, iters 282
2021-06-19 17:33:32,528 - utils.logger - INFO - End of training epoch 47 / 70 	 Time Taken: 1 sec, Data loading: 0 sec
2021-06-19 17:33:32,529 - utils.logger - INFO - learning rate = 0.0000561
2021-06-19 17:33:33,230 - utils.logger - INFO - Trn result of epoch 47 / 70 mse 0.3032 rmse 0.5507 pcc 0.1576 ccc 0.0093
2021-06-19 17:33:33,464 - utils.logger - INFO - Val result of epoch 47 / 70 mse 0.2915 rmse 0.5399 pcc -0.1013 ccc -0.0073
2021-06-19 17:33:33,979 - utils.logger - INFO - Cur epoch 48 loss ccc:0.1192
2021-06-19 17:33:34,496 - utils.logger - INFO - Cur epoch 48 loss ccc:0.1277
2021-06-19 17:33:34,880 - utils.logger - INFO - Cur epoch 48 loss ccc:1.0265
2021-06-19 17:33:34,881 - utils.logger - INFO - saving the model at the end of epoch 48, iters 288
2021-06-19 17:33:35,109 - utils.logger - INFO - End of training epoch 48 / 70 	 Time Taken: 1 sec, Data loading: 0 sec
2021-06-19 17:33:35,109 - utils.logger - INFO - learning rate = 0.0000537
2021-06-19 17:33:35,806 - utils.logger - INFO - Trn result of epoch 48 / 70 mse 0.3620 rmse 0.6016 pcc 0.1732 ccc 0.0085
2021-06-19 17:33:36,036 - utils.logger - INFO - Val result of epoch 48 / 70 mse 0.3456 rmse 0.5879 pcc -0.0683 ccc -0.0040
2021-06-19 17:33:36,565 - utils.logger - INFO - Cur epoch 49 loss ccc:0.1423
2021-06-19 17:33:37,082 - utils.logger - INFO - Cur epoch 49 loss ccc:0.1351
2021-06-19 17:33:37,482 - utils.logger - INFO - Cur epoch 49 loss ccc:0.9985
2021-06-19 17:33:37,482 - utils.logger - INFO - saving the model at the end of epoch 49, iters 294
2021-06-19 17:33:37,675 - utils.logger - INFO - End of training epoch 49 / 70 	 Time Taken: 1 sec, Data loading: 0 sec
2021-06-19 17:33:37,676 - utils.logger - INFO - learning rate = 0.0000512
2021-06-19 17:33:38,363 - utils.logger - INFO - Trn result of epoch 49 / 70 mse 0.3012 rmse 0.5488 pcc 0.2101 ccc 0.0102
2021-06-19 17:33:38,602 - utils.logger - INFO - Val result of epoch 49 / 70 mse 0.2908 rmse 0.5392 pcc -0.0075 ccc -0.0004
2021-06-19 17:33:39,114 - utils.logger - INFO - Cur epoch 50 loss ccc:0.1249
2021-06-19 17:33:39,656 - utils.logger - INFO - Cur epoch 50 loss ccc:0.1174
2021-06-19 17:33:40,059 - utils.logger - INFO - Cur epoch 50 loss ccc:0.9957
2021-06-19 17:33:40,059 - utils.logger - INFO - saving the model at the end of epoch 50, iters 300
2021-06-19 17:33:40,269 - utils.logger - INFO - End of training epoch 50 / 70 	 Time Taken: 1 sec, Data loading: 0 sec
2021-06-19 17:33:40,270 - utils.logger - INFO - learning rate = 0.0000488
2021-06-19 17:33:40,969 - utils.logger - INFO - Trn result of epoch 50 / 70 mse 0.3009 rmse 0.5486 pcc 0.2408 ccc 0.0106
2021-06-19 17:33:41,205 - utils.logger - INFO - Val result of epoch 50 / 70 mse 0.2912 rmse 0.5397 pcc 0.0397 ccc 0.0021
2021-06-19 17:33:41,726 - utils.logger - INFO - Cur epoch 51 loss ccc:0.1309
2021-06-19 17:33:42,263 - utils.logger - INFO - Cur epoch 51 loss ccc:0.1194
2021-06-19 17:33:42,647 - utils.logger - INFO - Cur epoch 51 loss ccc:1.0056
2021-06-19 17:33:42,647 - utils.logger - INFO - saving the model at the end of epoch 51, iters 306
2021-06-19 17:33:42,867 - utils.logger - INFO - End of training epoch 51 / 70 	 Time Taken: 1 sec, Data loading: 0 sec
2021-06-19 17:33:42,867 - utils.logger - INFO - learning rate = 0.0000463
2021-06-19 17:33:43,539 - utils.logger - INFO - Trn result of epoch 51 / 70 mse 0.2745 rmse 0.5240 pcc 0.2343 ccc 0.0099
2021-06-19 17:33:43,784 - utils.logger - INFO - Val result of epoch 51 / 70 mse 0.2667 rmse 0.5164 pcc 0.0387 ccc 0.0019
2021-06-19 17:33:44,313 - utils.logger - INFO - Cur epoch 52 loss ccc:0.1361
2021-06-19 17:33:44,808 - utils.logger - INFO - Cur epoch 52 loss ccc:0.1233
2021-06-19 17:33:45,202 - utils.logger - INFO - Cur epoch 52 loss ccc:1.0027
2021-06-19 17:33:45,202 - utils.logger - INFO - saving the model at the end of epoch 52, iters 312
2021-06-19 17:33:45,442 - utils.logger - INFO - End of training epoch 52 / 70 	 Time Taken: 1 sec, Data loading: 0 sec
2021-06-19 17:33:45,443 - utils.logger - INFO - learning rate = 0.0000439
2021-06-19 17:33:46,130 - utils.logger - INFO - Trn result of epoch 52 / 70 mse 0.2545 rmse 0.5045 pcc 0.2484 ccc 0.0127
2021-06-19 17:33:46,384 - utils.logger - INFO - Val result of epoch 52 / 70 mse 0.2488 rmse 0.4988 pcc 0.0775 ccc 0.0046
2021-06-19 17:33:46,893 - utils.logger - INFO - Cur epoch 53 loss ccc:0.1250
2021-06-19 17:33:47,415 - utils.logger - INFO - Cur epoch 53 loss ccc:0.1350
2021-06-19 17:33:47,824 - utils.logger - INFO - Cur epoch 53 loss ccc:0.9969
2021-06-19 17:33:47,824 - utils.logger - INFO - saving the model at the end of epoch 53, iters 318
2021-06-19 17:33:48,073 - utils.logger - INFO - End of training epoch 53 / 70 	 Time Taken: 1 sec, Data loading: 0 sec
2021-06-19 17:33:48,074 - utils.logger - INFO - learning rate = 0.0000415
2021-06-19 17:33:48,790 - utils.logger - INFO - Trn result of epoch 53 / 70 mse 0.2495 rmse 0.4995 pcc 0.1800 ccc 0.0172
2021-06-19 17:33:49,028 - utils.logger - INFO - Val result of epoch 53 / 70 mse 0.2444 rmse 0.4944 pcc 0.1955 ccc 0.0204
2021-06-19 17:33:49,549 - utils.logger - INFO - Cur epoch 54 loss ccc:0.1237
2021-06-19 17:33:50,086 - utils.logger - INFO - Cur epoch 54 loss ccc:0.1433
2021-06-19 17:33:50,492 - utils.logger - INFO - Cur epoch 54 loss ccc:0.9826
2021-06-19 17:33:50,492 - utils.logger - INFO - saving the model at the end of epoch 54, iters 324
2021-06-19 17:33:50,723 - utils.logger - INFO - End of training epoch 54 / 70 	 Time Taken: 1 sec, Data loading: 0 sec
2021-06-19 17:33:50,723 - utils.logger - INFO - learning rate = 0.0000390
2021-06-19 17:33:51,398 - utils.logger - INFO - Trn result of epoch 54 / 70 mse 0.2118 rmse 0.4602 pcc 0.2245 ccc 0.0253
2021-06-19 17:33:51,628 - utils.logger - INFO - Val result of epoch 54 / 70 mse 0.2113 rmse 0.4597 pcc 0.1640 ccc 0.0205
2021-06-19 17:33:52,129 - utils.logger - INFO - Cur epoch 55 loss ccc:0.1147
2021-06-19 17:33:52,647 - utils.logger - INFO - Cur epoch 55 loss ccc:0.1252
2021-06-19 17:33:53,088 - utils.logger - INFO - Cur epoch 55 loss ccc:0.9682
2021-06-19 17:33:53,089 - utils.logger - INFO - saving the model at the end of epoch 55, iters 330
2021-06-19 17:33:53,294 - utils.logger - INFO - End of training epoch 55 / 70 	 Time Taken: 1 sec, Data loading: 0 sec
2021-06-19 17:33:53,294 - utils.logger - INFO - learning rate = 0.0000366
2021-06-19 17:33:53,983 - utils.logger - INFO - Trn result of epoch 55 / 70 mse 0.1763 rmse 0.4199 pcc 0.2581 ccc 0.0302
2021-06-19 17:33:54,215 - utils.logger - INFO - Val result of epoch 55 / 70 mse 0.1804 rmse 0.4248 pcc 0.1133 ccc 0.0147
2021-06-19 17:33:54,721 - utils.logger - INFO - Cur epoch 56 loss ccc:0.1129
2021-06-19 17:33:55,236 - utils.logger - INFO - Cur epoch 56 loss ccc:0.1299
2021-06-19 17:33:55,706 - utils.logger - INFO - Cur epoch 56 loss ccc:0.9936
2021-06-19 17:33:55,706 - utils.logger - INFO - saving the model at the end of epoch 56, iters 336
2021-06-19 17:33:55,910 - utils.logger - INFO - End of training epoch 56 / 70 	 Time Taken: 1 sec, Data loading: 0 sec
2021-06-19 17:33:55,910 - utils.logger - INFO - learning rate = 0.0000341
2021-06-19 17:33:56,621 - utils.logger - INFO - Trn result of epoch 56 / 70 mse 0.1378 rmse 0.3712 pcc 0.2120 ccc 0.0243
2021-06-19 17:33:56,858 - utils.logger - INFO - Val result of epoch 56 / 70 mse 0.1483 rmse 0.3851 pcc 0.0184 ccc 0.0022
2021-06-19 17:33:57,392 - utils.logger - INFO - Cur epoch 57 loss ccc:0.1329
2021-06-19 17:33:57,909 - utils.logger - INFO - Cur epoch 57 loss ccc:0.1314
2021-06-19 17:33:58,334 - utils.logger - INFO - Cur epoch 57 loss ccc:0.9850
2021-06-19 17:33:58,334 - utils.logger - INFO - saving the model at the end of epoch 57, iters 342
2021-06-19 17:33:58,529 - utils.logger - INFO - End of training epoch 57 / 70 	 Time Taken: 1 sec, Data loading: 0 sec
2021-06-19 17:33:58,529 - utils.logger - INFO - learning rate = 0.0000317
2021-06-19 17:33:59,231 - utils.logger - INFO - Trn result of epoch 57 / 70 mse 0.1779 rmse 0.4218 pcc 0.2136 ccc 0.0425
2021-06-19 17:33:59,482 - utils.logger - INFO - Val result of epoch 57 / 70 mse 0.1812 rmse 0.4257 pcc 0.1636 ccc 0.0355
2021-06-19 17:34:00,013 - utils.logger - INFO - Cur epoch 58 loss ccc:0.1293
2021-06-19 17:34:00,556 - utils.logger - INFO - Cur epoch 58 loss ccc:0.1126
2021-06-19 17:34:00,962 - utils.logger - INFO - Cur epoch 58 loss ccc:1.0400
2021-06-19 17:34:00,963 - utils.logger - INFO - saving the model at the end of epoch 58, iters 348
2021-06-19 17:34:01,215 - utils.logger - INFO - End of training epoch 58 / 70 	 Time Taken: 1 sec, Data loading: 0 sec
2021-06-19 17:34:01,215 - utils.logger - INFO - learning rate = 0.0000293
2021-06-19 17:34:01,890 - utils.logger - INFO - Trn result of epoch 58 / 70 mse 0.1420 rmse 0.3769 pcc 0.2576 ccc 0.0407
2021-06-19 17:34:02,126 - utils.logger - INFO - Val result of epoch 58 / 70 mse 0.1516 rmse 0.3894 pcc 0.1220 ccc 0.0204
2021-06-19 17:34:02,653 - utils.logger - INFO - Cur epoch 59 loss ccc:0.1211
2021-06-19 17:34:03,177 - utils.logger - INFO - Cur epoch 59 loss ccc:0.1310
2021-06-19 17:34:03,574 - utils.logger - INFO - Cur epoch 59 loss ccc:0.9925
2021-06-19 17:34:03,574 - utils.logger - INFO - saving the model at the end of epoch 59, iters 354
2021-06-19 17:34:03,836 - utils.logger - INFO - End of training epoch 59 / 70 	 Time Taken: 1 sec, Data loading: 0 sec
2021-06-19 17:34:03,836 - utils.logger - INFO - learning rate = 0.0000268
2021-06-19 17:34:04,586 - utils.logger - INFO - Trn result of epoch 59 / 70 mse 0.1340 rmse 0.3661 pcc 0.2480 ccc 0.0378
2021-06-19 17:34:04,843 - utils.logger - INFO - Val result of epoch 59 / 70 mse 0.1451 rmse 0.3809 pcc 0.1123 ccc 0.0178
2021-06-19 17:34:05,370 - utils.logger - INFO - Cur epoch 60 loss ccc:0.1211
2021-06-19 17:34:05,894 - utils.logger - INFO - Cur epoch 60 loss ccc:0.1300
2021-06-19 17:34:06,288 - utils.logger - INFO - Cur epoch 60 loss ccc:0.9822
2021-06-19 17:34:06,288 - utils.logger - INFO - saving the model at the end of epoch 60, iters 360
2021-06-19 17:34:06,487 - utils.logger - INFO - End of training epoch 60 / 70 	 Time Taken: 1 sec, Data loading: 0 sec
2021-06-19 17:34:06,487 - utils.logger - INFO - learning rate = 0.0000244
2021-06-19 17:34:07,206 - utils.logger - INFO - Trn result of epoch 60 / 70 mse 0.1161 rmse 0.3407 pcc 0.1809 ccc 0.0174
2021-06-19 17:34:07,450 - utils.logger - INFO - Val result of epoch 60 / 70 mse 0.1317 rmse 0.3629 pcc 0.0533 ccc 0.0050
2021-06-19 17:34:07,979 - utils.logger - INFO - Cur epoch 61 loss ccc:0.1242
2021-06-19 17:34:08,528 - utils.logger - INFO - Cur epoch 61 loss ccc:0.1236
2021-06-19 17:34:08,924 - utils.logger - INFO - Cur epoch 61 loss ccc:0.9928
2021-06-19 17:34:08,924 - utils.logger - INFO - saving the model at the end of epoch 61, iters 366
2021-06-19 17:34:09,148 - utils.logger - INFO - End of training epoch 61 / 70 	 Time Taken: 1 sec, Data loading: 0 sec
2021-06-19 17:34:09,149 - utils.logger - INFO - learning rate = 0.0000220
2021-06-19 17:34:09,864 - utils.logger - INFO - Trn result of epoch 61 / 70 mse 0.1131 rmse 0.3363 pcc 0.2422 ccc 0.0480
2021-06-19 17:34:10,108 - utils.logger - INFO - Val result of epoch 61 / 70 mse 0.1297 rmse 0.3601 pcc 0.1363 ccc 0.0266
2021-06-19 17:34:10,622 - utils.logger - INFO - Cur epoch 62 loss ccc:0.1287
2021-06-19 17:34:11,148 - utils.logger - INFO - Cur epoch 62 loss ccc:0.1254
2021-06-19 17:34:11,523 - utils.logger - INFO - Cur epoch 62 loss ccc:1.0833
2021-06-19 17:34:11,523 - utils.logger - INFO - saving the model at the end of epoch 62, iters 372
2021-06-19 17:34:11,759 - utils.logger - INFO - End of training epoch 62 / 70 	 Time Taken: 1 sec, Data loading: 0 sec
2021-06-19 17:34:11,759 - utils.logger - INFO - learning rate = 0.0000195
2021-06-19 17:34:12,436 - utils.logger - INFO - Trn result of epoch 62 / 70 mse 0.1158 rmse 0.3403 pcc 0.2576 ccc 0.0643
2021-06-19 17:34:12,672 - utils.logger - INFO - Val result of epoch 62 / 70 mse 0.1318 rmse 0.3631 pcc 0.1458 ccc 0.0367
2021-06-19 17:34:13,159 - utils.logger - INFO - Cur epoch 63 loss ccc:0.1261
2021-06-19 17:34:13,669 - utils.logger - INFO - Cur epoch 63 loss ccc:0.1250
2021-06-19 17:34:14,098 - utils.logger - INFO - Cur epoch 63 loss ccc:0.9789
2021-06-19 17:34:14,098 - utils.logger - INFO - saving the model at the end of epoch 63, iters 378
2021-06-19 17:34:14,305 - utils.logger - INFO - End of training epoch 63 / 70 	 Time Taken: 1 sec, Data loading: 0 sec
2021-06-19 17:34:14,306 - utils.logger - INFO - learning rate = 0.0000171
2021-06-19 17:34:15,035 - utils.logger - INFO - Trn result of epoch 63 / 70 mse 0.1073 rmse 0.3276 pcc 0.2172 ccc 0.0416
2021-06-19 17:34:15,292 - utils.logger - INFO - Val result of epoch 63 / 70 mse 0.1272 rmse 0.3566 pcc 0.1019 ccc 0.0186
2021-06-19 17:34:15,836 - utils.logger - INFO - Cur epoch 64 loss ccc:0.1086
2021-06-19 17:34:16,390 - utils.logger - INFO - Cur epoch 64 loss ccc:0.1211
2021-06-19 17:34:16,819 - utils.logger - INFO - Cur epoch 64 loss ccc:1.0131
2021-06-19 17:34:16,819 - utils.logger - INFO - saving the model at the end of epoch 64, iters 384
2021-06-19 17:34:17,051 - utils.logger - INFO - End of training epoch 64 / 70 	 Time Taken: 1 sec, Data loading: 0 sec
2021-06-19 17:34:17,051 - utils.logger - INFO - learning rate = 0.0000146
2021-06-19 17:34:17,751 - utils.logger - INFO - Trn result of epoch 64 / 70 mse 0.1070 rmse 0.3272 pcc 0.2538 ccc 0.0732
2021-06-19 17:34:17,989 - utils.logger - INFO - Val result of epoch 64 / 70 mse 0.1266 rmse 0.3558 pcc 0.1459 ccc 0.0408
2021-06-19 17:34:18,509 - utils.logger - INFO - Cur epoch 65 loss ccc:0.1198
2021-06-19 17:34:19,049 - utils.logger - INFO - Cur epoch 65 loss ccc:0.1127
2021-06-19 17:34:19,430 - utils.logger - INFO - Cur epoch 65 loss ccc:0.9956
2021-06-19 17:34:19,430 - utils.logger - INFO - saving the model at the end of epoch 65, iters 390
2021-06-19 17:34:19,632 - utils.logger - INFO - End of training epoch 65 / 70 	 Time Taken: 1 sec, Data loading: 0 sec
2021-06-19 17:34:19,632 - utils.logger - INFO - learning rate = 0.0000122
2021-06-19 17:34:20,355 - utils.logger - INFO - Trn result of epoch 65 / 70 mse 0.1097 rmse 0.3313 pcc 0.2536 ccc 0.0930
2021-06-19 17:34:20,581 - utils.logger - INFO - Val result of epoch 65 / 70 mse 0.1281 rmse 0.3580 pcc 0.1596 ccc 0.0577
2021-06-19 17:34:21,101 - utils.logger - INFO - Cur epoch 66 loss ccc:0.1307
2021-06-19 17:34:21,636 - utils.logger - INFO - Cur epoch 66 loss ccc:0.1083
2021-06-19 17:34:22,059 - utils.logger - INFO - Cur epoch 66 loss ccc:0.9873
2021-06-19 17:34:22,059 - utils.logger - INFO - saving the model at the end of epoch 66, iters 396
2021-06-19 17:34:22,288 - utils.logger - INFO - End of training epoch 66 / 70 	 Time Taken: 1 sec, Data loading: 0 sec
2021-06-19 17:34:22,288 - utils.logger - INFO - learning rate = 0.0000098
2021-06-19 17:34:22,964 - utils.logger - INFO - Trn result of epoch 66 / 70 mse 0.1052 rmse 0.3244 pcc 0.2458 ccc 0.0685
2021-06-19 17:34:23,204 - utils.logger - INFO - Val result of epoch 66 / 70 mse 0.1260 rmse 0.3550 pcc 0.1365 ccc 0.0362
2021-06-19 17:34:23,728 - utils.logger - INFO - Cur epoch 67 loss ccc:0.1225
2021-06-19 17:34:24,270 - utils.logger - INFO - Cur epoch 67 loss ccc:0.1206
2021-06-19 17:34:24,652 - utils.logger - INFO - Cur epoch 67 loss ccc:0.9952
2021-06-19 17:34:24,652 - utils.logger - INFO - saving the model at the end of epoch 67, iters 402
2021-06-19 17:34:24,875 - utils.logger - INFO - End of training epoch 67 / 70 	 Time Taken: 1 sec, Data loading: 0 sec
2021-06-19 17:34:24,875 - utils.logger - INFO - learning rate = 0.0000073
2021-06-19 17:34:25,541 - utils.logger - INFO - Trn result of epoch 67 / 70 mse 0.1065 rmse 0.3264 pcc 0.2569 ccc 0.0854
2021-06-19 17:34:25,776 - utils.logger - INFO - Val result of epoch 67 / 70 mse 0.1265 rmse 0.3557 pcc 0.1488 ccc 0.0479
2021-06-19 17:34:26,287 - utils.logger - INFO - Cur epoch 68 loss ccc:0.1294
2021-06-19 17:34:26,801 - utils.logger - INFO - Cur epoch 68 loss ccc:0.1135
2021-06-19 17:34:27,232 - utils.logger - INFO - Cur epoch 68 loss ccc:0.9930
2021-06-19 17:34:27,232 - utils.logger - INFO - saving the model at the end of epoch 68, iters 408
2021-06-19 17:34:27,452 - utils.logger - INFO - End of training epoch 68 / 70 	 Time Taken: 1 sec, Data loading: 0 sec
2021-06-19 17:34:27,452 - utils.logger - INFO - learning rate = 0.0000049
2021-06-19 17:34:28,168 - utils.logger - INFO - Trn result of epoch 68 / 70 mse 0.1048 rmse 0.3238 pcc 0.2548 ccc 0.0868
2021-06-19 17:34:28,399 - utils.logger - INFO - Val result of epoch 68 / 70 mse 0.1257 rmse 0.3545 pcc 0.1522 ccc 0.0496
2021-06-19 17:34:28,895 - utils.logger - INFO - Cur epoch 69 loss ccc:0.1242
2021-06-19 17:34:29,401 - utils.logger - INFO - Cur epoch 69 loss ccc:0.1133
2021-06-19 17:34:29,772 - utils.logger - INFO - Cur epoch 69 loss ccc:1.0127
2021-06-19 17:34:29,772 - utils.logger - INFO - saving the model at the end of epoch 69, iters 414
2021-06-19 17:34:29,982 - utils.logger - INFO - End of training epoch 69 / 70 	 Time Taken: 1 sec, Data loading: 0 sec
2021-06-19 17:34:29,982 - utils.logger - INFO - learning rate = 0.0000024
2021-06-19 17:34:30,647 - utils.logger - INFO - Trn result of epoch 69 / 70 mse 0.1042 rmse 0.3228 pcc 0.2525 ccc 0.0841
2021-06-19 17:34:30,890 - utils.logger - INFO - Val result of epoch 69 / 70 mse 0.1255 rmse 0.3543 pcc 0.1500 ccc 0.0476
2021-06-19 17:34:31,388 - utils.logger - INFO - Cur epoch 70 loss ccc:0.1251
2021-06-19 17:34:31,893 - utils.logger - INFO - Cur epoch 70 loss ccc:0.1329
2021-06-19 17:34:32,268 - utils.logger - INFO - Cur epoch 70 loss ccc:1.0107
2021-06-19 17:34:32,268 - utils.logger - INFO - saving the model at the end of epoch 70, iters 420
2021-06-19 17:34:32,504 - utils.logger - INFO - End of training epoch 70 / 70 	 Time Taken: 1 sec, Data loading: 0 sec
2021-06-19 17:34:32,504 - utils.logger - INFO - learning rate = 0.0000000
2021-06-19 17:34:33,179 - utils.logger - INFO - Trn result of epoch 70 / 70 mse 0.1043 rmse 0.3229 pcc 0.2538 ccc 0.0869
2021-06-19 17:34:33,415 - utils.logger - INFO - Val result of epoch 70 / 70 mse 0.1255 rmse 0.3543 pcc 0.1517 ccc 0.0495
2021-06-19 17:34:33,416 - utils.logger - INFO - Best eval epoch 22 found with ccc 0.160410
2021-06-19 17:34:33,416 - utils.logger - INFO - baseline_fcfusion_wonorm_deepspectrum_EDA_hidden1024_seq100_lr0.0001_cccloss_run1
