2021-06-16 15:05:32,702 - utils.logger - INFO - The number of training samples = 41
2021-06-16 15:05:36,255 - utils.logger - INFO - Cur epoch 1 loss ccc:0.1250
2021-06-16 15:05:36,700 - utils.logger - INFO - Cur epoch 1 loss ccc:0.1191
2021-06-16 15:05:37,068 - utils.logger - INFO - Cur epoch 1 loss ccc:1.0006
2021-06-16 15:05:37,068 - utils.logger - INFO - saving the model at the end of epoch 1, iters 6
2021-06-16 15:05:37,314 - utils.logger - INFO - End of training epoch 1 / 60 	 Time Taken: 1 sec, Data loading: 0 sec
2021-06-16 15:05:37,314 - utils.logger - INFO - learning rate = 0.0000500
2021-06-16 15:05:37,742 - utils.logger - INFO - Trn result of epoch 1 / 60 mse 0.0903 rmse 0.3004 pcc -0.0081 ccc -0.0002
2021-06-16 15:05:37,906 - utils.logger - INFO - Val result of epoch 1 / 60 mse 0.0927 rmse 0.3045 pcc -0.0181 ccc -0.0006
2021-06-16 15:05:38,365 - utils.logger - INFO - Cur epoch 2 loss ccc:0.1271
2021-06-16 15:05:38,850 - utils.logger - INFO - Cur epoch 2 loss ccc:0.1242
2021-06-16 15:05:39,254 - utils.logger - INFO - Cur epoch 2 loss ccc:0.9997
2021-06-16 15:05:39,254 - utils.logger - INFO - saving the model at the end of epoch 2, iters 12
2021-06-16 15:05:39,471 - utils.logger - INFO - End of training epoch 2 / 60 	 Time Taken: 1 sec, Data loading: 0 sec
2021-06-16 15:05:39,472 - utils.logger - INFO - learning rate = 0.0000500
2021-06-16 15:05:39,961 - utils.logger - INFO - Trn result of epoch 2 / 60 mse 0.0907 rmse 0.3012 pcc 0.0177 ccc 0.0007
2021-06-16 15:05:40,125 - utils.logger - INFO - Val result of epoch 2 / 60 mse 0.0927 rmse 0.3044 pcc -0.0352 ccc -0.0017
2021-06-16 15:05:40,594 - utils.logger - INFO - Cur epoch 3 loss ccc:0.1248
2021-06-16 15:05:41,051 - utils.logger - INFO - Cur epoch 3 loss ccc:0.1254
2021-06-16 15:05:41,437 - utils.logger - INFO - Cur epoch 3 loss ccc:0.9997
2021-06-16 15:05:41,437 - utils.logger - INFO - saving the model at the end of epoch 3, iters 18
2021-06-16 15:05:41,705 - utils.logger - INFO - End of training epoch 3 / 60 	 Time Taken: 1 sec, Data loading: 0 sec
2021-06-16 15:05:41,706 - utils.logger - INFO - learning rate = 0.0000500
2021-06-16 15:05:42,155 - utils.logger - INFO - Trn result of epoch 3 / 60 mse 0.0901 rmse 0.3001 pcc 0.0145 ccc 0.0003
2021-06-16 15:05:42,325 - utils.logger - INFO - Val result of epoch 3 / 60 mse 0.0928 rmse 0.3046 pcc -0.0057 ccc -0.0001
2021-06-16 15:05:42,759 - utils.logger - INFO - Cur epoch 4 loss ccc:0.1273
2021-06-16 15:05:43,200 - utils.logger - INFO - Cur epoch 4 loss ccc:0.1232
2021-06-16 15:05:43,548 - utils.logger - INFO - Cur epoch 4 loss ccc:0.9981
2021-06-16 15:05:43,548 - utils.logger - INFO - saving the model at the end of epoch 4, iters 24
2021-06-16 15:05:43,780 - utils.logger - INFO - End of training epoch 4 / 60 	 Time Taken: 1 sec, Data loading: 0 sec
2021-06-16 15:05:43,781 - utils.logger - INFO - learning rate = 0.0000500
2021-06-16 15:05:44,252 - utils.logger - INFO - Trn result of epoch 4 / 60 mse 0.0893 rmse 0.2988 pcc 0.0837 ccc 0.0045
2021-06-16 15:05:44,418 - utils.logger - INFO - Val result of epoch 4 / 60 mse 0.0936 rmse 0.3059 pcc -0.0126 ccc -0.0008
2021-06-16 15:05:44,814 - utils.logger - INFO - Cur epoch 5 loss ccc:0.1226
2021-06-16 15:05:45,232 - utils.logger - INFO - Cur epoch 5 loss ccc:0.1250
2021-06-16 15:05:45,554 - utils.logger - INFO - Cur epoch 5 loss ccc:0.9983
2021-06-16 15:05:45,554 - utils.logger - INFO - saving the model at the end of epoch 5, iters 30
2021-06-16 15:05:45,916 - utils.logger - INFO - End of training epoch 5 / 60 	 Time Taken: 1 sec, Data loading: 0 sec
2021-06-16 15:05:45,916 - utils.logger - INFO - learning rate = 0.0000500
2021-06-16 15:05:46,383 - utils.logger - INFO - Trn result of epoch 5 / 60 mse 0.0896 rmse 0.2994 pcc 0.1016 ccc 0.0032
2021-06-16 15:05:46,545 - utils.logger - INFO - Val result of epoch 5 / 60 mse 0.0931 rmse 0.3051 pcc -0.0708 ccc -0.0023
2021-06-16 15:05:46,959 - utils.logger - INFO - Cur epoch 6 loss ccc:0.1250
2021-06-16 15:05:47,376 - utils.logger - INFO - Cur epoch 6 loss ccc:0.1290
2021-06-16 15:05:47,728 - utils.logger - INFO - Cur epoch 6 loss ccc:1.0050
2021-06-16 15:05:47,728 - utils.logger - INFO - saving the model at the end of epoch 6, iters 36
2021-06-16 15:05:47,987 - utils.logger - INFO - End of training epoch 6 / 60 	 Time Taken: 1 sec, Data loading: 0 sec
2021-06-16 15:05:47,987 - utils.logger - INFO - learning rate = 0.0000500
2021-06-16 15:05:48,402 - utils.logger - INFO - Trn result of epoch 6 / 60 mse 0.0893 rmse 0.2989 pcc 0.1057 ccc 0.0035
2021-06-16 15:05:48,549 - utils.logger - INFO - Val result of epoch 6 / 60 mse 0.0935 rmse 0.3058 pcc -0.0421 ccc -0.0016
2021-06-16 15:05:48,965 - utils.logger - INFO - Cur epoch 7 loss ccc:0.1263
2021-06-16 15:05:49,376 - utils.logger - INFO - Cur epoch 7 loss ccc:0.1254
2021-06-16 15:05:49,745 - utils.logger - INFO - Cur epoch 7 loss ccc:1.0331
2021-06-16 15:05:49,745 - utils.logger - INFO - saving the model at the end of epoch 7, iters 42
2021-06-16 15:05:50,031 - utils.logger - INFO - End of training epoch 7 / 60 	 Time Taken: 1 sec, Data loading: 0 sec
2021-06-16 15:05:50,031 - utils.logger - INFO - learning rate = 0.0000500
2021-06-16 15:05:50,507 - utils.logger - INFO - Trn result of epoch 7 / 60 mse 0.0893 rmse 0.2989 pcc 0.1045 ccc 0.0034
2021-06-16 15:05:50,669 - utils.logger - INFO - Val result of epoch 7 / 60 mse 0.0934 rmse 0.3056 pcc 0.0057 ccc 0.0002
2021-06-16 15:05:51,106 - utils.logger - INFO - Cur epoch 8 loss ccc:0.1232
2021-06-16 15:05:51,534 - utils.logger - INFO - Cur epoch 8 loss ccc:0.1250
2021-06-16 15:05:51,910 - utils.logger - INFO - Cur epoch 8 loss ccc:0.9667
2021-06-16 15:05:51,911 - utils.logger - INFO - saving the model at the end of epoch 8, iters 48
2021-06-16 15:05:52,235 - utils.logger - INFO - End of training epoch 8 / 60 	 Time Taken: 1 sec, Data loading: 0 sec
2021-06-16 15:05:52,235 - utils.logger - INFO - learning rate = 0.0000500
2021-06-16 15:05:52,654 - utils.logger - INFO - Trn result of epoch 8 / 60 mse 0.0891 rmse 0.2985 pcc 0.0891 ccc 0.0065
2021-06-16 15:05:52,805 - utils.logger - INFO - Val result of epoch 8 / 60 mse 0.0936 rmse 0.3059 pcc 0.0056 ccc 0.0005
2021-06-16 15:05:53,239 - utils.logger - INFO - Cur epoch 9 loss ccc:0.1236
2021-06-16 15:05:53,649 - utils.logger - INFO - Cur epoch 9 loss ccc:0.1263
2021-06-16 15:05:54,038 - utils.logger - INFO - Cur epoch 9 loss ccc:0.9993
2021-06-16 15:05:54,038 - utils.logger - INFO - saving the model at the end of epoch 9, iters 54
2021-06-16 15:05:54,297 - utils.logger - INFO - End of training epoch 9 / 60 	 Time Taken: 1 sec, Data loading: 0 sec
2021-06-16 15:05:54,298 - utils.logger - INFO - learning rate = 0.0000500
2021-06-16 15:05:54,710 - utils.logger - INFO - Trn result of epoch 9 / 60 mse 0.0889 rmse 0.2981 pcc 0.0959 ccc 0.0099
2021-06-16 15:05:54,854 - utils.logger - INFO - Val result of epoch 9 / 60 mse 0.0941 rmse 0.3068 pcc -0.0062 ccc -0.0008
2021-06-16 15:05:55,287 - utils.logger - INFO - Cur epoch 10 loss ccc:0.1238
2021-06-16 15:05:55,725 - utils.logger - INFO - Cur epoch 10 loss ccc:0.1248
2021-06-16 15:05:56,095 - utils.logger - INFO - Cur epoch 10 loss ccc:1.0105
2021-06-16 15:05:56,095 - utils.logger - INFO - saving the model at the end of epoch 10, iters 60
2021-06-16 15:05:56,303 - utils.logger - INFO - End of training epoch 10 / 60 	 Time Taken: 1 sec, Data loading: 0 sec
2021-06-16 15:05:56,303 - utils.logger - INFO - learning rate = 0.0000490
2021-06-16 15:05:56,735 - utils.logger - INFO - Trn result of epoch 10 / 60 mse 0.0891 rmse 0.2985 pcc 0.0794 ccc 0.0104
2021-06-16 15:05:56,897 - utils.logger - INFO - Val result of epoch 10 / 60 mse 0.0953 rmse 0.3087 pcc 0.0176 ccc 0.0027
2021-06-16 15:05:57,347 - utils.logger - INFO - Cur epoch 11 loss ccc:0.1250
2021-06-16 15:05:57,800 - utils.logger - INFO - Cur epoch 11 loss ccc:0.1160
2021-06-16 15:05:58,169 - utils.logger - INFO - Cur epoch 11 loss ccc:1.0015
2021-06-16 15:05:58,169 - utils.logger - INFO - saving the model at the end of epoch 11, iters 66
2021-06-16 15:05:58,453 - utils.logger - INFO - End of training epoch 11 / 60 	 Time Taken: 1 sec, Data loading: 0 sec
2021-06-16 15:05:58,453 - utils.logger - INFO - learning rate = 0.0000480
2021-06-16 15:05:58,877 - utils.logger - INFO - Trn result of epoch 11 / 60 mse 0.0893 rmse 0.2989 pcc 0.0608 ccc 0.0086
2021-06-16 15:05:59,022 - utils.logger - INFO - Val result of epoch 11 / 60 mse 0.0951 rmse 0.3084 pcc 0.0213 ccc 0.0035
2021-06-16 15:05:59,450 - utils.logger - INFO - Cur epoch 12 loss ccc:0.1226
2021-06-16 15:05:59,866 - utils.logger - INFO - Cur epoch 12 loss ccc:0.1250
2021-06-16 15:06:00,224 - utils.logger - INFO - Cur epoch 12 loss ccc:0.9905
2021-06-16 15:06:00,224 - utils.logger - INFO - saving the model at the end of epoch 12, iters 72
2021-06-16 15:06:00,496 - utils.logger - INFO - End of training epoch 12 / 60 	 Time Taken: 1 sec, Data loading: 0 sec
2021-06-16 15:06:00,496 - utils.logger - INFO - learning rate = 0.0000471
2021-06-16 15:06:00,914 - utils.logger - INFO - Trn result of epoch 12 / 60 mse 0.0894 rmse 0.2990 pcc 0.0806 ccc 0.0135
2021-06-16 15:06:01,058 - utils.logger - INFO - Val result of epoch 12 / 60 mse 0.0965 rmse 0.3106 pcc 0.0093 ccc 0.0018
2021-06-16 15:06:01,495 - utils.logger - INFO - Cur epoch 13 loss ccc:0.1179
2021-06-16 15:06:01,915 - utils.logger - INFO - Cur epoch 13 loss ccc:0.1202
2021-06-16 15:06:02,267 - utils.logger - INFO - Cur epoch 13 loss ccc:0.9793
2021-06-16 15:06:02,268 - utils.logger - INFO - saving the model at the end of epoch 13, iters 78
2021-06-16 15:06:02,530 - utils.logger - INFO - End of training epoch 13 / 60 	 Time Taken: 1 sec, Data loading: 0 sec
2021-06-16 15:06:02,530 - utils.logger - INFO - learning rate = 0.0000461
2021-06-16 15:06:02,952 - utils.logger - INFO - Trn result of epoch 13 / 60 mse 0.0891 rmse 0.2985 pcc 0.0955 ccc 0.0140
2021-06-16 15:06:03,100 - utils.logger - INFO - Val result of epoch 13 / 60 mse 0.0964 rmse 0.3105 pcc -0.0088 ccc -0.0014
2021-06-16 15:06:03,539 - utils.logger - INFO - Cur epoch 14 loss ccc:0.1255
2021-06-16 15:06:04,022 - utils.logger - INFO - Cur epoch 14 loss ccc:0.1175
2021-06-16 15:06:04,387 - utils.logger - INFO - Cur epoch 14 loss ccc:0.9987
2021-06-16 15:06:04,387 - utils.logger - INFO - saving the model at the end of epoch 14, iters 84
2021-06-16 15:06:04,656 - utils.logger - INFO - End of training epoch 14 / 60 	 Time Taken: 1 sec, Data loading: 0 sec
2021-06-16 15:06:04,656 - utils.logger - INFO - learning rate = 0.0000451
2021-06-16 15:06:05,112 - utils.logger - INFO - Trn result of epoch 14 / 60 mse 0.0895 rmse 0.2991 pcc 0.0975 ccc 0.0151
2021-06-16 15:06:05,274 - utils.logger - INFO - Val result of epoch 14 / 60 mse 0.0975 rmse 0.3122 pcc -0.0108 ccc -0.0018
2021-06-16 15:06:05,694 - utils.logger - INFO - Cur epoch 15 loss ccc:0.1162
2021-06-16 15:06:06,117 - utils.logger - INFO - Cur epoch 15 loss ccc:0.1214
2021-06-16 15:06:06,467 - utils.logger - INFO - Cur epoch 15 loss ccc:1.0196
2021-06-16 15:06:06,467 - utils.logger - INFO - saving the model at the end of epoch 15, iters 90
2021-06-16 15:06:06,717 - utils.logger - INFO - End of training epoch 15 / 60 	 Time Taken: 1 sec, Data loading: 0 sec
2021-06-16 15:06:06,717 - utils.logger - INFO - learning rate = 0.0000441
2021-06-16 15:06:07,150 - utils.logger - INFO - Trn result of epoch 15 / 60 mse 0.0896 rmse 0.2994 pcc 0.0930 ccc 0.0147
2021-06-16 15:06:07,294 - utils.logger - INFO - Val result of epoch 15 / 60 mse 0.0975 rmse 0.3123 pcc -0.0019 ccc -0.0003
2021-06-16 15:06:07,734 - utils.logger - INFO - Cur epoch 16 loss ccc:0.1282
2021-06-16 15:06:08,189 - utils.logger - INFO - Cur epoch 16 loss ccc:0.1175
2021-06-16 15:06:08,529 - utils.logger - INFO - Cur epoch 16 loss ccc:0.9982
2021-06-16 15:06:08,529 - utils.logger - INFO - saving the model at the end of epoch 16, iters 96
2021-06-16 15:06:08,836 - utils.logger - INFO - End of training epoch 16 / 60 	 Time Taken: 1 sec, Data loading: 0 sec
2021-06-16 15:06:08,837 - utils.logger - INFO - learning rate = 0.0000431
2021-06-16 15:06:09,254 - utils.logger - INFO - Trn result of epoch 16 / 60 mse 0.0896 rmse 0.2993 pcc 0.0923 ccc 0.0152
2021-06-16 15:06:09,403 - utils.logger - INFO - Val result of epoch 16 / 60 mse 0.0972 rmse 0.3118 pcc 0.0193 ccc 0.0036
2021-06-16 15:06:09,825 - utils.logger - INFO - Cur epoch 17 loss ccc:0.1213
2021-06-16 15:06:10,247 - utils.logger - INFO - Cur epoch 17 loss ccc:0.1232
2021-06-16 15:06:10,602 - utils.logger - INFO - Cur epoch 17 loss ccc:0.9722
2021-06-16 15:06:10,602 - utils.logger - INFO - saving the model at the end of epoch 17, iters 102
2021-06-16 15:06:10,873 - utils.logger - INFO - End of training epoch 17 / 60 	 Time Taken: 1 sec, Data loading: 0 sec
2021-06-16 15:06:10,873 - utils.logger - INFO - learning rate = 0.0000422
2021-06-16 15:06:11,315 - utils.logger - INFO - Trn result of epoch 17 / 60 mse 0.0901 rmse 0.3001 pcc 0.0891 ccc 0.0171
2021-06-16 15:06:11,462 - utils.logger - INFO - Val result of epoch 17 / 60 mse 0.0986 rmse 0.3140 pcc -0.0044 ccc -0.0009
2021-06-16 15:06:11,894 - utils.logger - INFO - Cur epoch 18 loss ccc:0.1119
2021-06-16 15:06:12,365 - utils.logger - INFO - Cur epoch 18 loss ccc:0.1230
2021-06-16 15:06:12,727 - utils.logger - INFO - Cur epoch 18 loss ccc:1.0062
2021-06-16 15:06:12,728 - utils.logger - INFO - saving the model at the end of epoch 18, iters 108
2021-06-16 15:06:12,993 - utils.logger - INFO - End of training epoch 18 / 60 	 Time Taken: 1 sec, Data loading: 0 sec
2021-06-16 15:06:12,993 - utils.logger - INFO - learning rate = 0.0000412
2021-06-16 15:06:13,436 - utils.logger - INFO - Trn result of epoch 18 / 60 mse 0.0889 rmse 0.2982 pcc 0.0846 ccc 0.0130
2021-06-16 15:06:13,605 - utils.logger - INFO - Val result of epoch 18 / 60 mse 0.0940 rmse 0.3066 pcc -0.0038 ccc -0.0007
2021-06-16 15:06:14,017 - utils.logger - INFO - Cur epoch 19 loss ccc:0.1224
2021-06-16 15:06:14,430 - utils.logger - INFO - Cur epoch 19 loss ccc:0.1317
2021-06-16 15:06:14,770 - utils.logger - INFO - Cur epoch 19 loss ccc:0.9996
2021-06-16 15:06:14,771 - utils.logger - INFO - saving the model at the end of epoch 19, iters 114
2021-06-16 15:06:15,074 - utils.logger - INFO - End of training epoch 19 / 60 	 Time Taken: 1 sec, Data loading: 0 sec
2021-06-16 15:06:15,074 - utils.logger - INFO - learning rate = 0.0000402
2021-06-16 15:06:15,492 - utils.logger - INFO - Trn result of epoch 19 / 60 mse 0.0889 rmse 0.2982 pcc 0.0835 ccc 0.0135
2021-06-16 15:06:15,643 - utils.logger - INFO - Val result of epoch 19 / 60 mse 0.0943 rmse 0.3070 pcc -0.0029 ccc -0.0005
2021-06-16 15:06:16,081 - utils.logger - INFO - Cur epoch 20 loss ccc:0.1274
2021-06-16 15:06:16,511 - utils.logger - INFO - Cur epoch 20 loss ccc:0.1222
2021-06-16 15:06:16,862 - utils.logger - INFO - Cur epoch 20 loss ccc:0.8404
2021-06-16 15:06:16,863 - utils.logger - INFO - saving the model at the end of epoch 20, iters 120
2021-06-16 15:06:17,315 - utils.logger - INFO - End of training epoch 20 / 60 	 Time Taken: 1 sec, Data loading: 0 sec
2021-06-16 15:06:17,315 - utils.logger - INFO - learning rate = 0.0000392
2021-06-16 15:06:17,741 - utils.logger - INFO - Trn result of epoch 20 / 60 mse 0.0887 rmse 0.2979 pcc 0.0959 ccc 0.0169
2021-06-16 15:06:17,884 - utils.logger - INFO - Val result of epoch 20 / 60 mse 0.0953 rmse 0.3088 pcc -0.0217 ccc -0.0041
2021-06-16 15:06:18,329 - utils.logger - INFO - Cur epoch 21 loss ccc:0.1141
2021-06-16 15:06:18,784 - utils.logger - INFO - Cur epoch 21 loss ccc:0.1112
2021-06-16 15:06:19,145 - utils.logger - INFO - Cur epoch 21 loss ccc:1.0030
2021-06-16 15:06:19,145 - utils.logger - INFO - saving the model at the end of epoch 21, iters 126
2021-06-16 15:06:19,401 - utils.logger - INFO - End of training epoch 21 / 60 	 Time Taken: 1 sec, Data loading: 0 sec
2021-06-16 15:06:19,401 - utils.logger - INFO - learning rate = 0.0000382
2021-06-16 15:06:19,861 - utils.logger - INFO - Trn result of epoch 21 / 60 mse 0.0889 rmse 0.2982 pcc 0.0932 ccc 0.0191
2021-06-16 15:06:20,032 - utils.logger - INFO - Val result of epoch 21 / 60 mse 0.0963 rmse 0.3104 pcc -0.0270 ccc -0.0059
2021-06-16 15:06:20,478 - utils.logger - INFO - Cur epoch 22 loss ccc:0.1243
2021-06-16 15:06:20,901 - utils.logger - INFO - Cur epoch 22 loss ccc:0.1101
2021-06-16 15:06:21,267 - utils.logger - INFO - Cur epoch 22 loss ccc:0.9961
2021-06-16 15:06:21,267 - utils.logger - INFO - saving the model at the end of epoch 22, iters 132
2021-06-16 15:06:21,527 - utils.logger - INFO - End of training epoch 22 / 60 	 Time Taken: 1 sec, Data loading: 0 sec
2021-06-16 15:06:21,527 - utils.logger - INFO - learning rate = 0.0000373
2021-06-16 15:06:21,949 - utils.logger - INFO - Trn result of epoch 22 / 60 mse 0.0889 rmse 0.2981 pcc 0.0920 ccc 0.0220
2021-06-16 15:06:22,097 - utils.logger - INFO - Val result of epoch 22 / 60 mse 0.0954 rmse 0.3088 pcc -0.0109 ccc -0.0029
2021-06-16 15:06:22,528 - utils.logger - INFO - Cur epoch 23 loss ccc:0.1147
2021-06-16 15:06:22,950 - utils.logger - INFO - Cur epoch 23 loss ccc:0.1240
2021-06-16 15:06:23,312 - utils.logger - INFO - Cur epoch 23 loss ccc:1.0055
2021-06-16 15:06:23,312 - utils.logger - INFO - saving the model at the end of epoch 23, iters 138
2021-06-16 15:06:23,600 - utils.logger - INFO - End of training epoch 23 / 60 	 Time Taken: 1 sec, Data loading: 0 sec
2021-06-16 15:06:23,600 - utils.logger - INFO - learning rate = 0.0000363
2021-06-16 15:06:24,023 - utils.logger - INFO - Trn result of epoch 23 / 60 mse 0.0894 rmse 0.2990 pcc 0.0833 ccc 0.0229
2021-06-16 15:06:24,169 - utils.logger - INFO - Val result of epoch 23 / 60 mse 0.0971 rmse 0.3116 pcc -0.0108 ccc -0.0033
2021-06-16 15:06:24,580 - utils.logger - INFO - Cur epoch 24 loss ccc:0.1266
2021-06-16 15:06:25,003 - utils.logger - INFO - Cur epoch 24 loss ccc:0.1167
2021-06-16 15:06:25,364 - utils.logger - INFO - Cur epoch 24 loss ccc:1.0021
2021-06-16 15:06:25,364 - utils.logger - INFO - saving the model at the end of epoch 24, iters 144
2021-06-16 15:06:25,693 - utils.logger - INFO - End of training epoch 24 / 60 	 Time Taken: 1 sec, Data loading: 0 sec
2021-06-16 15:06:25,694 - utils.logger - INFO - learning rate = 0.0000353
2021-06-16 15:06:26,174 - utils.logger - INFO - Trn result of epoch 24 / 60 mse 0.0895 rmse 0.2991 pcc 0.0873 ccc 0.0254
2021-06-16 15:06:26,338 - utils.logger - INFO - Val result of epoch 24 / 60 mse 0.0976 rmse 0.3125 pcc -0.0105 ccc -0.0034
2021-06-16 15:06:26,781 - utils.logger - INFO - Cur epoch 25 loss ccc:0.1138
2021-06-16 15:06:27,210 - utils.logger - INFO - Cur epoch 25 loss ccc:0.1174
2021-06-16 15:06:27,559 - utils.logger - INFO - Cur epoch 25 loss ccc:1.0003
2021-06-16 15:06:27,559 - utils.logger - INFO - saving the model at the end of epoch 25, iters 150
2021-06-16 15:06:27,837 - utils.logger - INFO - End of training epoch 25 / 60 	 Time Taken: 1 sec, Data loading: 0 sec
2021-06-16 15:06:27,837 - utils.logger - INFO - learning rate = 0.0000343
2021-06-16 15:06:28,273 - utils.logger - INFO - Trn result of epoch 25 / 60 mse 0.0889 rmse 0.2981 pcc 0.0942 ccc 0.0242
2021-06-16 15:06:28,416 - utils.logger - INFO - Val result of epoch 25 / 60 mse 0.0962 rmse 0.3101 pcc -0.0253 ccc -0.0069
2021-06-16 15:06:28,867 - utils.logger - INFO - Cur epoch 26 loss ccc:0.1011
2021-06-16 15:06:29,287 - utils.logger - INFO - Cur epoch 26 loss ccc:0.1239
2021-06-16 15:06:29,651 - utils.logger - INFO - Cur epoch 26 loss ccc:0.9583
2021-06-16 15:06:29,651 - utils.logger - INFO - saving the model at the end of epoch 26, iters 156
2021-06-16 15:06:30,000 - utils.logger - INFO - End of training epoch 26 / 60 	 Time Taken: 1 sec, Data loading: 0 sec
2021-06-16 15:06:30,000 - utils.logger - INFO - learning rate = 0.0000333
2021-06-16 15:06:30,437 - utils.logger - INFO - Trn result of epoch 26 / 60 mse 0.0889 rmse 0.2982 pcc 0.0922 ccc 0.0226
2021-06-16 15:06:30,593 - utils.logger - INFO - Val result of epoch 26 / 60 mse 0.0952 rmse 0.3085 pcc -0.0271 ccc -0.0070
2021-06-16 15:06:31,053 - utils.logger - INFO - Cur epoch 27 loss ccc:0.1130
2021-06-16 15:06:31,505 - utils.logger - INFO - Cur epoch 27 loss ccc:0.1234
2021-06-16 15:06:31,867 - utils.logger - INFO - Cur epoch 27 loss ccc:0.9984
2021-06-16 15:06:31,868 - utils.logger - INFO - saving the model at the end of epoch 27, iters 162
2021-06-16 15:06:32,127 - utils.logger - INFO - End of training epoch 27 / 60 	 Time Taken: 1 sec, Data loading: 0 sec
2021-06-16 15:06:32,128 - utils.logger - INFO - learning rate = 0.0000324
2021-06-16 15:06:32,551 - utils.logger - INFO - Trn result of epoch 27 / 60 mse 0.0889 rmse 0.2982 pcc 0.0924 ccc 0.0239
2021-06-16 15:06:32,698 - utils.logger - INFO - Val result of epoch 27 / 60 mse 0.0956 rmse 0.3091 pcc -0.0242 ccc -0.0066
2021-06-16 15:06:33,117 - utils.logger - INFO - Cur epoch 28 loss ccc:0.1283
2021-06-16 15:06:33,536 - utils.logger - INFO - Cur epoch 28 loss ccc:0.1152
2021-06-16 15:06:33,888 - utils.logger - INFO - Cur epoch 28 loss ccc:0.8934
2021-06-16 15:06:33,889 - utils.logger - INFO - saving the model at the end of epoch 28, iters 168
2021-06-16 15:06:34,486 - utils.logger - INFO - End of training epoch 28 / 60 	 Time Taken: 1 sec, Data loading: 0 sec
2021-06-16 15:06:34,486 - utils.logger - INFO - learning rate = 0.0000314
2021-06-16 15:06:34,911 - utils.logger - INFO - Trn result of epoch 28 / 60 mse 0.0891 rmse 0.2985 pcc 0.0922 ccc 0.0266
2021-06-16 15:06:35,055 - utils.logger - INFO - Val result of epoch 28 / 60 mse 0.0969 rmse 0.3113 pcc -0.0266 ccc -0.0080
2021-06-16 15:06:35,486 - utils.logger - INFO - Cur epoch 29 loss ccc:0.1197
2021-06-16 15:06:35,906 - utils.logger - INFO - Cur epoch 29 loss ccc:0.1245
2021-06-16 15:06:36,265 - utils.logger - INFO - Cur epoch 29 loss ccc:1.0193
2021-06-16 15:06:36,265 - utils.logger - INFO - saving the model at the end of epoch 29, iters 174
2021-06-16 15:06:36,587 - utils.logger - INFO - End of training epoch 29 / 60 	 Time Taken: 1 sec, Data loading: 0 sec
2021-06-16 15:06:36,588 - utils.logger - INFO - learning rate = 0.0000304
2021-06-16 15:06:37,041 - utils.logger - INFO - Trn result of epoch 29 / 60 mse 0.0892 rmse 0.2987 pcc 0.0960 ccc 0.0287
2021-06-16 15:06:37,208 - utils.logger - INFO - Val result of epoch 29 / 60 mse 0.0978 rmse 0.3127 pcc -0.0274 ccc -0.0085
2021-06-16 15:06:37,635 - utils.logger - INFO - Cur epoch 30 loss ccc:0.1248
2021-06-16 15:06:38,092 - utils.logger - INFO - Cur epoch 30 loss ccc:0.1159
2021-06-16 15:06:38,468 - utils.logger - INFO - Cur epoch 30 loss ccc:1.0647
2021-06-16 15:06:38,469 - utils.logger - INFO - saving the model at the end of epoch 30, iters 180
2021-06-16 15:06:38,724 - utils.logger - INFO - End of training epoch 30 / 60 	 Time Taken: 1 sec, Data loading: 0 sec
2021-06-16 15:06:38,724 - utils.logger - INFO - learning rate = 0.0000294
2021-06-16 15:06:39,148 - utils.logger - INFO - Trn result of epoch 30 / 60 mse 0.0892 rmse 0.2986 pcc 0.0950 ccc 0.0299
2021-06-16 15:06:39,299 - utils.logger - INFO - Val result of epoch 30 / 60 mse 0.0979 rmse 0.3129 pcc -0.0531 ccc -0.0164
2021-06-16 15:06:39,723 - utils.logger - INFO - Cur epoch 31 loss ccc:0.1188
2021-06-16 15:06:40,137 - utils.logger - INFO - Cur epoch 31 loss ccc:0.1101
2021-06-16 15:06:40,487 - utils.logger - INFO - Cur epoch 31 loss ccc:1.0006
2021-06-16 15:06:40,488 - utils.logger - INFO - saving the model at the end of epoch 31, iters 186
2021-06-16 15:06:40,746 - utils.logger - INFO - End of training epoch 31 / 60 	 Time Taken: 1 sec, Data loading: 0 sec
2021-06-16 15:06:40,746 - utils.logger - INFO - learning rate = 0.0000284
2021-06-16 15:06:41,168 - utils.logger - INFO - Trn result of epoch 31 / 60 mse 0.0895 rmse 0.2992 pcc 0.0931 ccc 0.0313
2021-06-16 15:06:41,319 - utils.logger - INFO - Val result of epoch 31 / 60 mse 0.0988 rmse 0.3143 pcc -0.0521 ccc -0.0171
2021-06-16 15:06:41,757 - utils.logger - INFO - Cur epoch 32 loss ccc:0.1198
2021-06-16 15:06:42,185 - utils.logger - INFO - Cur epoch 32 loss ccc:0.1184
2021-06-16 15:06:42,526 - utils.logger - INFO - Cur epoch 32 loss ccc:0.9004
2021-06-16 15:06:42,527 - utils.logger - INFO - saving the model at the end of epoch 32, iters 192
2021-06-16 15:06:42,807 - utils.logger - INFO - End of training epoch 32 / 60 	 Time Taken: 1 sec, Data loading: 0 sec
2021-06-16 15:06:42,807 - utils.logger - INFO - learning rate = 0.0000275
2021-06-16 15:06:43,233 - utils.logger - INFO - Trn result of epoch 32 / 60 mse 0.0895 rmse 0.2991 pcc 0.0985 ccc 0.0356
2021-06-16 15:06:43,397 - utils.logger - INFO - Val result of epoch 32 / 60 mse 0.0987 rmse 0.3141 pcc -0.0385 ccc -0.0138
2021-06-16 15:06:43,859 - utils.logger - INFO - Cur epoch 33 loss ccc:0.1260
2021-06-16 15:06:44,326 - utils.logger - INFO - Cur epoch 33 loss ccc:0.1148
2021-06-16 15:06:44,676 - utils.logger - INFO - Cur epoch 33 loss ccc:1.0393
2021-06-16 15:06:44,676 - utils.logger - INFO - saving the model at the end of epoch 33, iters 198
2021-06-16 15:06:44,987 - utils.logger - INFO - End of training epoch 33 / 60 	 Time Taken: 1 sec, Data loading: 0 sec
2021-06-16 15:06:44,987 - utils.logger - INFO - learning rate = 0.0000265
2021-06-16 15:06:45,405 - utils.logger - INFO - Trn result of epoch 33 / 60 mse 0.0896 rmse 0.2994 pcc 0.1000 ccc 0.0388
2021-06-16 15:06:45,547 - utils.logger - INFO - Val result of epoch 33 / 60 mse 0.0993 rmse 0.3152 pcc -0.0416 ccc -0.0162
2021-06-16 15:06:45,975 - utils.logger - INFO - Cur epoch 34 loss ccc:0.1178
2021-06-16 15:06:46,390 - utils.logger - INFO - Cur epoch 34 loss ccc:0.1264
2021-06-16 15:06:46,748 - utils.logger - INFO - Cur epoch 34 loss ccc:1.0157
2021-06-16 15:06:46,748 - utils.logger - INFO - saving the model at the end of epoch 34, iters 204
2021-06-16 15:06:47,014 - utils.logger - INFO - End of training epoch 34 / 60 	 Time Taken: 1 sec, Data loading: 0 sec
2021-06-16 15:06:47,014 - utils.logger - INFO - learning rate = 0.0000255
2021-06-16 15:06:47,438 - utils.logger - INFO - Trn result of epoch 34 / 60 mse 0.0895 rmse 0.2992 pcc 0.1039 ccc 0.0412
2021-06-16 15:06:47,589 - utils.logger - INFO - Val result of epoch 34 / 60 mse 0.0989 rmse 0.3144 pcc -0.0440 ccc -0.0177
2021-06-16 15:06:48,024 - utils.logger - INFO - Cur epoch 35 loss ccc:0.0987
2021-06-16 15:06:48,456 - utils.logger - INFO - Cur epoch 35 loss ccc:0.1217
2021-06-16 15:06:48,805 - utils.logger - INFO - Cur epoch 35 loss ccc:0.9667
2021-06-16 15:06:48,806 - utils.logger - INFO - saving the model at the end of epoch 35, iters 210
2021-06-16 15:06:49,234 - utils.logger - INFO - End of training epoch 35 / 60 	 Time Taken: 1 sec, Data loading: 0 sec
2021-06-16 15:06:49,234 - utils.logger - INFO - learning rate = 0.0000245
2021-06-16 15:06:49,658 - utils.logger - INFO - Trn result of epoch 35 / 60 mse 0.0896 rmse 0.2993 pcc 0.0992 ccc 0.0382
2021-06-16 15:06:49,807 - utils.logger - INFO - Val result of epoch 35 / 60 mse 0.0985 rmse 0.3139 pcc -0.0388 ccc -0.0153
2021-06-16 15:06:50,236 - utils.logger - INFO - Cur epoch 36 loss ccc:0.1239
2021-06-16 15:06:50,675 - utils.logger - INFO - Cur epoch 36 loss ccc:0.1215
2021-06-16 15:06:51,012 - utils.logger - INFO - Cur epoch 36 loss ccc:0.9980
2021-06-16 15:06:51,012 - utils.logger - INFO - saving the model at the end of epoch 36, iters 216
2021-06-16 15:06:51,326 - utils.logger - INFO - End of training epoch 36 / 60 	 Time Taken: 1 sec, Data loading: 0 sec
2021-06-16 15:06:51,326 - utils.logger - INFO - learning rate = 0.0000235
2021-06-16 15:06:51,741 - utils.logger - INFO - Trn result of epoch 36 / 60 mse 0.0898 rmse 0.2996 pcc 0.1032 ccc 0.0404
2021-06-16 15:06:51,887 - utils.logger - INFO - Val result of epoch 36 / 60 mse 0.1004 rmse 0.3169 pcc -0.0512 ccc -0.0197
2021-06-16 15:06:52,323 - utils.logger - INFO - Cur epoch 37 loss ccc:0.1206
2021-06-16 15:06:52,758 - utils.logger - INFO - Cur epoch 37 loss ccc:0.1263
2021-06-16 15:06:53,136 - utils.logger - INFO - Cur epoch 37 loss ccc:1.0157
2021-06-16 15:06:53,136 - utils.logger - INFO - saving the model at the end of epoch 37, iters 222
2021-06-16 15:06:53,419 - utils.logger - INFO - End of training epoch 37 / 60 	 Time Taken: 1 sec, Data loading: 0 sec
2021-06-16 15:06:53,419 - utils.logger - INFO - learning rate = 0.0000225
2021-06-16 15:06:53,828 - utils.logger - INFO - Trn result of epoch 37 / 60 mse 0.0898 rmse 0.2997 pcc 0.1046 ccc 0.0419
2021-06-16 15:06:53,973 - utils.logger - INFO - Val result of epoch 37 / 60 mse 0.1005 rmse 0.3171 pcc -0.0436 ccc -0.0173
2021-06-16 15:06:54,388 - utils.logger - INFO - Cur epoch 38 loss ccc:0.1241
2021-06-16 15:06:54,828 - utils.logger - INFO - Cur epoch 38 loss ccc:0.0940
2021-06-16 15:06:55,182 - utils.logger - INFO - Cur epoch 38 loss ccc:1.0009
2021-06-16 15:06:55,182 - utils.logger - INFO - saving the model at the end of epoch 38, iters 228
2021-06-16 15:06:55,573 - utils.logger - INFO - End of training epoch 38 / 60 	 Time Taken: 1 sec, Data loading: 0 sec
2021-06-16 15:06:55,573 - utils.logger - INFO - learning rate = 0.0000216
2021-06-16 15:06:56,044 - utils.logger - INFO - Trn result of epoch 38 / 60 mse 0.0896 rmse 0.2994 pcc 0.1045 ccc 0.0414
2021-06-16 15:06:56,210 - utils.logger - INFO - Val result of epoch 38 / 60 mse 0.1000 rmse 0.3163 pcc -0.0476 ccc -0.0188
2021-06-16 15:06:56,644 - utils.logger - INFO - Cur epoch 39 loss ccc:0.1043
2021-06-16 15:06:57,076 - utils.logger - INFO - Cur epoch 39 loss ccc:0.1177
2021-06-16 15:06:57,421 - utils.logger - INFO - Cur epoch 39 loss ccc:0.9959
2021-06-16 15:06:57,421 - utils.logger - INFO - saving the model at the end of epoch 39, iters 234
2021-06-16 15:06:57,700 - utils.logger - INFO - End of training epoch 39 / 60 	 Time Taken: 1 sec, Data loading: 0 sec
2021-06-16 15:06:57,700 - utils.logger - INFO - learning rate = 0.0000206
2021-06-16 15:06:58,116 - utils.logger - INFO - Trn result of epoch 39 / 60 mse 0.0899 rmse 0.2998 pcc 0.1041 ccc 0.0423
2021-06-16 15:06:58,262 - utils.logger - INFO - Val result of epoch 39 / 60 mse 0.1006 rmse 0.3172 pcc -0.0450 ccc -0.0182
2021-06-16 15:06:58,713 - utils.logger - INFO - Cur epoch 40 loss ccc:0.0984
2021-06-16 15:06:59,144 - utils.logger - INFO - Cur epoch 40 loss ccc:0.1152
2021-06-16 15:06:59,496 - utils.logger - INFO - Cur epoch 40 loss ccc:1.0005
2021-06-16 15:06:59,496 - utils.logger - INFO - saving the model at the end of epoch 40, iters 240
2021-06-16 15:06:59,741 - utils.logger - INFO - End of training epoch 40 / 60 	 Time Taken: 1 sec, Data loading: 0 sec
2021-06-16 15:06:59,741 - utils.logger - INFO - learning rate = 0.0000196
2021-06-16 15:07:00,158 - utils.logger - INFO - Trn result of epoch 40 / 60 mse 0.0900 rmse 0.3000 pcc 0.1021 ccc 0.0420
2021-06-16 15:07:00,308 - utils.logger - INFO - Val result of epoch 40 / 60 mse 0.1006 rmse 0.3172 pcc -0.0427 ccc -0.0174
2021-06-16 15:07:00,723 - utils.logger - INFO - Cur epoch 41 loss ccc:0.1184
2021-06-16 15:07:01,166 - utils.logger - INFO - Cur epoch 41 loss ccc:0.1254
2021-06-16 15:07:01,534 - utils.logger - INFO - Cur epoch 41 loss ccc:0.9973
2021-06-16 15:07:01,534 - utils.logger - INFO - saving the model at the end of epoch 41, iters 246
2021-06-16 15:07:01,809 - utils.logger - INFO - End of training epoch 41 / 60 	 Time Taken: 1 sec, Data loading: 0 sec
2021-06-16 15:07:01,809 - utils.logger - INFO - learning rate = 0.0000186
2021-06-16 15:07:02,276 - utils.logger - INFO - Trn result of epoch 41 / 60 mse 0.0900 rmse 0.2999 pcc 0.1033 ccc 0.0424
2021-06-16 15:07:02,445 - utils.logger - INFO - Val result of epoch 41 / 60 mse 0.1005 rmse 0.3171 pcc -0.0471 ccc -0.0188
2021-06-16 15:07:02,888 - utils.logger - INFO - Cur epoch 42 loss ccc:0.1021
2021-06-16 15:07:03,342 - utils.logger - INFO - Cur epoch 42 loss ccc:0.1262
2021-06-16 15:07:03,718 - utils.logger - INFO - Cur epoch 42 loss ccc:1.0038
2021-06-16 15:07:03,719 - utils.logger - INFO - saving the model at the end of epoch 42, iters 252
2021-06-16 15:07:04,004 - utils.logger - INFO - End of training epoch 42 / 60 	 Time Taken: 1 sec, Data loading: 0 sec
2021-06-16 15:07:04,004 - utils.logger - INFO - learning rate = 0.0000176
2021-06-16 15:07:04,429 - utils.logger - INFO - Trn result of epoch 42 / 60 mse 0.0898 rmse 0.2997 pcc 0.1035 ccc 0.0422
2021-06-16 15:07:04,578 - utils.logger - INFO - Val result of epoch 42 / 60 mse 0.1004 rmse 0.3169 pcc -0.0596 ccc -0.0230
2021-06-16 15:07:04,998 - utils.logger - INFO - Cur epoch 43 loss ccc:0.1172
2021-06-16 15:07:05,434 - utils.logger - INFO - Cur epoch 43 loss ccc:0.1190
2021-06-16 15:07:05,791 - utils.logger - INFO - Cur epoch 43 loss ccc:0.9887
2021-06-16 15:07:05,791 - utils.logger - INFO - saving the model at the end of epoch 43, iters 258
2021-06-16 15:07:06,057 - utils.logger - INFO - End of training epoch 43 / 60 	 Time Taken: 1 sec, Data loading: 0 sec
2021-06-16 15:07:06,057 - utils.logger - INFO - learning rate = 0.0000167
2021-06-16 15:07:06,483 - utils.logger - INFO - Trn result of epoch 43 / 60 mse 0.0901 rmse 0.3002 pcc 0.1049 ccc 0.0445
2021-06-16 15:07:06,626 - utils.logger - INFO - Val result of epoch 43 / 60 mse 0.1013 rmse 0.3183 pcc -0.0603 ccc -0.0243
2021-06-16 15:07:07,072 - utils.logger - INFO - Cur epoch 44 loss ccc:0.1206
2021-06-16 15:07:07,506 - utils.logger - INFO - Cur epoch 44 loss ccc:0.1183
2021-06-16 15:07:07,890 - utils.logger - INFO - Cur epoch 44 loss ccc:1.0007
2021-06-16 15:07:07,891 - utils.logger - INFO - saving the model at the end of epoch 44, iters 264
2021-06-16 15:07:08,178 - utils.logger - INFO - End of training epoch 44 / 60 	 Time Taken: 1 sec, Data loading: 0 sec
2021-06-16 15:07:08,178 - utils.logger - INFO - learning rate = 0.0000157
2021-06-16 15:07:08,608 - utils.logger - INFO - Trn result of epoch 44 / 60 mse 0.0902 rmse 0.3004 pcc 0.1023 ccc 0.0435
2021-06-16 15:07:08,761 - utils.logger - INFO - Val result of epoch 44 / 60 mse 0.1013 rmse 0.3183 pcc -0.0586 ccc -0.0238
2021-06-16 15:07:09,214 - utils.logger - INFO - Cur epoch 45 loss ccc:0.0956
2021-06-16 15:07:09,655 - utils.logger - INFO - Cur epoch 45 loss ccc:0.1252
2021-06-16 15:07:10,009 - utils.logger - INFO - Cur epoch 45 loss ccc:0.9993
2021-06-16 15:07:10,009 - utils.logger - INFO - saving the model at the end of epoch 45, iters 270
2021-06-16 15:07:10,419 - utils.logger - INFO - End of training epoch 45 / 60 	 Time Taken: 1 sec, Data loading: 0 sec
2021-06-16 15:07:10,419 - utils.logger - INFO - learning rate = 0.0000147
2021-06-16 15:07:10,839 - utils.logger - INFO - Trn result of epoch 45 / 60 mse 0.0909 rmse 0.3015 pcc 0.0966 ccc 0.0423
2021-06-16 15:07:10,987 - utils.logger - INFO - Val result of epoch 45 / 60 mse 0.1022 rmse 0.3197 pcc -0.0572 ccc -0.0237
2021-06-16 15:07:11,436 - utils.logger - INFO - Cur epoch 46 loss ccc:0.1290
2021-06-16 15:07:11,859 - utils.logger - INFO - Cur epoch 46 loss ccc:0.1264
2021-06-16 15:07:12,217 - utils.logger - INFO - Cur epoch 46 loss ccc:1.0025
2021-06-16 15:07:12,217 - utils.logger - INFO - saving the model at the end of epoch 46, iters 276
2021-06-16 15:07:12,543 - utils.logger - INFO - End of training epoch 46 / 60 	 Time Taken: 1 sec, Data loading: 0 sec
2021-06-16 15:07:12,544 - utils.logger - INFO - learning rate = 0.0000137
2021-06-16 15:07:12,966 - utils.logger - INFO - Trn result of epoch 46 / 60 mse 0.0909 rmse 0.3016 pcc 0.0981 ccc 0.0431
2021-06-16 15:07:13,115 - utils.logger - INFO - Val result of epoch 46 / 60 mse 0.1023 rmse 0.3198 pcc -0.0560 ccc -0.0233
2021-06-16 15:07:13,566 - utils.logger - INFO - Cur epoch 47 loss ccc:0.1128
2021-06-16 15:07:13,998 - utils.logger - INFO - Cur epoch 47 loss ccc:0.1271
2021-06-16 15:07:14,370 - utils.logger - INFO - Cur epoch 47 loss ccc:0.8578
2021-06-16 15:07:14,370 - utils.logger - INFO - saving the model at the end of epoch 47, iters 282
2021-06-16 15:07:14,617 - utils.logger - INFO - End of training epoch 47 / 60 	 Time Taken: 1 sec, Data loading: 0 sec
2021-06-16 15:07:14,617 - utils.logger - INFO - learning rate = 0.0000127
2021-06-16 15:07:15,049 - utils.logger - INFO - Trn result of epoch 47 / 60 mse 0.0904 rmse 0.3007 pcc 0.1022 ccc 0.0453
2021-06-16 15:07:15,206 - utils.logger - INFO - Val result of epoch 47 / 60 mse 0.1015 rmse 0.3186 pcc -0.0592 ccc -0.0249
2021-06-16 15:07:15,647 - utils.logger - INFO - Cur epoch 48 loss ccc:0.1048
2021-06-16 15:07:16,087 - utils.logger - INFO - Cur epoch 48 loss ccc:0.1181
2021-06-16 15:07:16,441 - utils.logger - INFO - Cur epoch 48 loss ccc:0.9979
2021-06-16 15:07:16,441 - utils.logger - INFO - saving the model at the end of epoch 48, iters 288
2021-06-16 15:07:16,717 - utils.logger - INFO - End of training epoch 48 / 60 	 Time Taken: 1 sec, Data loading: 0 sec
2021-06-16 15:07:16,718 - utils.logger - INFO - learning rate = 0.0000118
2021-06-16 15:07:17,134 - utils.logger - INFO - Trn result of epoch 48 / 60 mse 0.0904 rmse 0.3007 pcc 0.1004 ccc 0.0450
2021-06-16 15:07:17,285 - utils.logger - INFO - Val result of epoch 48 / 60 mse 0.1013 rmse 0.3183 pcc -0.0588 ccc -0.0251
2021-06-16 15:07:17,705 - utils.logger - INFO - Cur epoch 49 loss ccc:0.1278
2021-06-16 15:07:18,142 - utils.logger - INFO - Cur epoch 49 loss ccc:0.1131
2021-06-16 15:07:18,506 - utils.logger - INFO - Cur epoch 49 loss ccc:0.9995
2021-06-16 15:07:18,506 - utils.logger - INFO - saving the model at the end of epoch 49, iters 294
2021-06-16 15:07:18,766 - utils.logger - INFO - End of training epoch 49 / 60 	 Time Taken: 1 sec, Data loading: 0 sec
2021-06-16 15:07:18,766 - utils.logger - INFO - learning rate = 0.0000108
2021-06-16 15:07:19,191 - utils.logger - INFO - Trn result of epoch 49 / 60 mse 0.0906 rmse 0.3010 pcc 0.1020 ccc 0.0468
2021-06-16 15:07:19,340 - utils.logger - INFO - Val result of epoch 49 / 60 mse 0.1018 rmse 0.3191 pcc -0.0571 ccc -0.0249
2021-06-16 15:07:19,800 - utils.logger - INFO - Cur epoch 50 loss ccc:0.1132
2021-06-16 15:07:20,244 - utils.logger - INFO - Cur epoch 50 loss ccc:0.1163
2021-06-16 15:07:20,650 - utils.logger - INFO - Cur epoch 50 loss ccc:1.0150
2021-06-16 15:07:20,651 - utils.logger - INFO - saving the model at the end of epoch 50, iters 300
2021-06-16 15:07:20,918 - utils.logger - INFO - End of training epoch 50 / 60 	 Time Taken: 1 sec, Data loading: 0 sec
2021-06-16 15:07:20,918 - utils.logger - INFO - learning rate = 0.0000098
2021-06-16 15:07:21,341 - utils.logger - INFO - Trn result of epoch 50 / 60 mse 0.0906 rmse 0.3010 pcc 0.1043 ccc 0.0480
2021-06-16 15:07:21,490 - utils.logger - INFO - Val result of epoch 50 / 60 mse 0.1020 rmse 0.3194 pcc -0.0550 ccc -0.0241
2021-06-16 15:07:21,924 - utils.logger - INFO - Cur epoch 51 loss ccc:0.1126
2021-06-16 15:07:22,335 - utils.logger - INFO - Cur epoch 51 loss ccc:0.1170
2021-06-16 15:07:22,687 - utils.logger - INFO - Cur epoch 51 loss ccc:0.9948
2021-06-16 15:07:22,688 - utils.logger - INFO - saving the model at the end of epoch 51, iters 306
2021-06-16 15:07:22,982 - utils.logger - INFO - End of training epoch 51 / 60 	 Time Taken: 1 sec, Data loading: 0 sec
2021-06-16 15:07:22,983 - utils.logger - INFO - learning rate = 0.0000088
2021-06-16 15:07:23,401 - utils.logger - INFO - Trn result of epoch 51 / 60 mse 0.0907 rmse 0.3012 pcc 0.1044 ccc 0.0484
2021-06-16 15:07:23,551 - utils.logger - INFO - Val result of epoch 51 / 60 mse 0.1023 rmse 0.3198 pcc -0.0557 ccc -0.0245
2021-06-16 15:07:23,973 - utils.logger - INFO - Cur epoch 52 loss ccc:0.1113
2021-06-16 15:07:24,367 - utils.logger - INFO - Cur epoch 52 loss ccc:0.1156
2021-06-16 15:07:24,718 - utils.logger - INFO - Cur epoch 52 loss ccc:1.0047
2021-06-16 15:07:24,718 - utils.logger - INFO - saving the model at the end of epoch 52, iters 312
2021-06-16 15:07:25,003 - utils.logger - INFO - End of training epoch 52 / 60 	 Time Taken: 1 sec, Data loading: 0 sec
2021-06-16 15:07:25,003 - utils.logger - INFO - learning rate = 0.0000078
2021-06-16 15:07:25,495 - utils.logger - INFO - Trn result of epoch 52 / 60 mse 0.0908 rmse 0.3013 pcc 0.1033 ccc 0.0481
2021-06-16 15:07:25,664 - utils.logger - INFO - Val result of epoch 52 / 60 mse 0.1024 rmse 0.3199 pcc -0.0561 ccc -0.0248
2021-06-16 15:07:26,097 - utils.logger - INFO - Cur epoch 53 loss ccc:0.1273
2021-06-16 15:07:26,536 - utils.logger - INFO - Cur epoch 53 loss ccc:0.1226
2021-06-16 15:07:26,893 - utils.logger - INFO - Cur epoch 53 loss ccc:1.1862
2021-06-16 15:07:26,894 - utils.logger - INFO - saving the model at the end of epoch 53, iters 318
2021-06-16 15:07:27,180 - utils.logger - INFO - End of training epoch 53 / 60 	 Time Taken: 1 sec, Data loading: 0 sec
2021-06-16 15:07:27,181 - utils.logger - INFO - learning rate = 0.0000069
2021-06-16 15:07:27,601 - utils.logger - INFO - Trn result of epoch 53 / 60 mse 0.0908 rmse 0.3013 pcc 0.1039 ccc 0.0480
2021-06-16 15:07:27,751 - utils.logger - INFO - Val result of epoch 53 / 60 mse 0.1024 rmse 0.3200 pcc -0.0555 ccc -0.0244
2021-06-16 15:07:28,170 - utils.logger - INFO - Cur epoch 54 loss ccc:0.1202
2021-06-16 15:07:28,599 - utils.logger - INFO - Cur epoch 54 loss ccc:0.1310
2021-06-16 15:07:28,950 - utils.logger - INFO - Cur epoch 54 loss ccc:0.9956
2021-06-16 15:07:28,950 - utils.logger - INFO - saving the model at the end of epoch 54, iters 324
2021-06-16 15:07:29,209 - utils.logger - INFO - End of training epoch 54 / 60 	 Time Taken: 1 sec, Data loading: 0 sec
2021-06-16 15:07:29,210 - utils.logger - INFO - learning rate = 0.0000059
2021-06-16 15:07:29,625 - utils.logger - INFO - Trn result of epoch 54 / 60 mse 0.0908 rmse 0.3013 pcc 0.1041 ccc 0.0481
2021-06-16 15:07:29,772 - utils.logger - INFO - Val result of epoch 54 / 60 mse 0.1024 rmse 0.3200 pcc -0.0559 ccc -0.0246
2021-06-16 15:07:30,203 - utils.logger - INFO - Cur epoch 55 loss ccc:0.1127
2021-06-16 15:07:30,643 - utils.logger - INFO - Cur epoch 55 loss ccc:0.1260
2021-06-16 15:07:30,978 - utils.logger - INFO - Cur epoch 55 loss ccc:0.9944
2021-06-16 15:07:30,978 - utils.logger - INFO - saving the model at the end of epoch 55, iters 330
2021-06-16 15:07:31,306 - utils.logger - INFO - End of training epoch 55 / 60 	 Time Taken: 1 sec, Data loading: 0 sec
2021-06-16 15:07:31,306 - utils.logger - INFO - learning rate = 0.0000049
2021-06-16 15:07:31,737 - utils.logger - INFO - Trn result of epoch 55 / 60 mse 0.0910 rmse 0.3017 pcc 0.1050 ccc 0.0497
2021-06-16 15:07:31,886 - utils.logger - INFO - Val result of epoch 55 / 60 mse 0.1030 rmse 0.3209 pcc -0.0565 ccc -0.0254
2021-06-16 15:07:32,315 - utils.logger - INFO - Cur epoch 56 loss ccc:0.1265
2021-06-16 15:07:32,758 - utils.logger - INFO - Cur epoch 56 loss ccc:0.1165
2021-06-16 15:07:33,126 - utils.logger - INFO - Cur epoch 56 loss ccc:0.9994
2021-06-16 15:07:33,127 - utils.logger - INFO - saving the model at the end of epoch 56, iters 336
2021-06-16 15:07:33,384 - utils.logger - INFO - End of training epoch 56 / 60 	 Time Taken: 1 sec, Data loading: 0 sec
2021-06-16 15:07:33,384 - utils.logger - INFO - learning rate = 0.0000039
2021-06-16 15:07:33,805 - utils.logger - INFO - Trn result of epoch 56 / 60 mse 0.0911 rmse 0.3018 pcc 0.1057 ccc 0.0501
2021-06-16 15:07:33,955 - utils.logger - INFO - Val result of epoch 56 / 60 mse 0.1033 rmse 0.3213 pcc -0.0571 ccc -0.0258
2021-06-16 15:07:34,402 - utils.logger - INFO - Cur epoch 57 loss ccc:0.1236
2021-06-16 15:07:34,823 - utils.logger - INFO - Cur epoch 57 loss ccc:0.1013
2021-06-16 15:07:35,177 - utils.logger - INFO - Cur epoch 57 loss ccc:0.9879
2021-06-16 15:07:35,177 - utils.logger - INFO - saving the model at the end of epoch 57, iters 342
2021-06-16 15:07:35,440 - utils.logger - INFO - End of training epoch 57 / 60 	 Time Taken: 1 sec, Data loading: 0 sec
2021-06-16 15:07:35,440 - utils.logger - INFO - learning rate = 0.0000029
2021-06-16 15:07:35,896 - utils.logger - INFO - Trn result of epoch 57 / 60 mse 0.0911 rmse 0.3018 pcc 0.1049 ccc 0.0500
2021-06-16 15:07:36,062 - utils.logger - INFO - Val result of epoch 57 / 60 mse 0.1033 rmse 0.3214 pcc -0.0600 ccc -0.0272
2021-06-16 15:07:36,510 - utils.logger - INFO - Cur epoch 58 loss ccc:0.1096
2021-06-16 15:07:36,943 - utils.logger - INFO - Cur epoch 58 loss ccc:0.1256
2021-06-16 15:07:37,317 - utils.logger - INFO - Cur epoch 58 loss ccc:0.9944
2021-06-16 15:07:37,317 - utils.logger - INFO - saving the model at the end of epoch 58, iters 348
2021-06-16 15:07:37,585 - utils.logger - INFO - End of training epoch 58 / 60 	 Time Taken: 1 sec, Data loading: 0 sec
2021-06-16 15:07:37,586 - utils.logger - INFO - learning rate = 0.0000020
2021-06-16 15:07:38,005 - utils.logger - INFO - Trn result of epoch 58 / 60 mse 0.0911 rmse 0.3018 pcc 0.1054 ccc 0.0506
2021-06-16 15:07:38,155 - utils.logger - INFO - Val result of epoch 58 / 60 mse 0.1033 rmse 0.3213 pcc -0.0584 ccc -0.0265
2021-06-16 15:07:38,595 - utils.logger - INFO - Cur epoch 59 loss ccc:0.1089
2021-06-16 15:07:39,029 - utils.logger - INFO - Cur epoch 59 loss ccc:0.1260
2021-06-16 15:07:39,364 - utils.logger - INFO - Cur epoch 59 loss ccc:0.7503
2021-06-16 15:07:39,364 - utils.logger - INFO - saving the model at the end of epoch 59, iters 354
2021-06-16 15:07:39,657 - utils.logger - INFO - End of training epoch 59 / 60 	 Time Taken: 1 sec, Data loading: 0 sec
2021-06-16 15:07:39,657 - utils.logger - INFO - learning rate = 0.0000010
2021-06-16 15:07:40,081 - utils.logger - INFO - Trn result of epoch 59 / 60 mse 0.0912 rmse 0.3019 pcc 0.1051 ccc 0.0506
2021-06-16 15:07:40,224 - utils.logger - INFO - Val result of epoch 59 / 60 mse 0.1033 rmse 0.3215 pcc -0.0584 ccc -0.0266
2021-06-16 15:07:40,617 - utils.logger - INFO - Cur epoch 60 loss ccc:0.1295
2021-06-16 15:07:41,020 - utils.logger - INFO - Cur epoch 60 loss ccc:0.1250
2021-06-16 15:07:41,336 - utils.logger - INFO - Cur epoch 60 loss ccc:0.9771
2021-06-16 15:07:41,336 - utils.logger - INFO - saving the model at the end of epoch 60, iters 360
2021-06-16 15:07:41,586 - utils.logger - INFO - End of training epoch 60 / 60 	 Time Taken: 1 sec, Data loading: 0 sec
2021-06-16 15:07:41,586 - utils.logger - INFO - learning rate = 0.0000000
2021-06-16 15:07:41,999 - utils.logger - INFO - Trn result of epoch 60 / 60 mse 0.0912 rmse 0.3019 pcc 0.1052 ccc 0.0506
2021-06-16 15:07:42,146 - utils.logger - INFO - Val result of epoch 60 / 60 mse 0.1034 rmse 0.3215 pcc -0.0587 ccc -0.0267
2021-06-16 15:07:42,146 - utils.logger - INFO - Best eval epoch 16 found with ccc 0.003552
2021-06-16 15:07:42,146 - utils.logger - INFO - baseline_fcfusion_wonorm_wav2vec-egemaps_arousal_hidden1024_seq100_lr5e-05_cccloss_run2
