2021-06-10 01:41:30,025 - utils.logger - INFO - The number of training samples = 41
2021-06-10 01:41:37,495 - utils.logger - INFO - Cur epoch 1 loss MSE:0.1621
2021-06-10 01:41:38,135 - utils.logger - INFO - Cur epoch 1 loss MSE:0.0314
2021-06-10 01:41:38,486 - utils.logger - INFO - Cur epoch 1 loss MSE:15.2859
2021-06-10 01:41:38,487 - utils.logger - INFO - saving the model at the end of epoch 1, iters 6
2021-06-10 01:41:38,704 - utils.logger - INFO - End of training epoch 1 / 50 	 Time Taken: 4 sec, Data loading: 2 sec
2021-06-10 01:41:38,705 - utils.logger - INFO - learning rate = 0.0000100
2021-06-10 01:41:39,656 - utils.logger - INFO - Trn result of epoch 1 / 50 mse 0.1158 rmse 0.3403 pcc 0.0521 ccc 0.0014
2021-06-10 01:41:39,853 - utils.logger - INFO - Val result of epoch 1 / 50 mse 0.1309 rmse 0.3618 pcc 0.0344 ccc 0.0009
2021-06-10 01:41:40,409 - utils.logger - INFO - Cur epoch 2 loss MSE:0.0859
2021-06-10 01:41:41,062 - utils.logger - INFO - Cur epoch 2 loss MSE:0.2861
2021-06-10 01:41:41,587 - utils.logger - INFO - Cur epoch 2 loss MSE:0.9977
2021-06-10 01:41:41,587 - utils.logger - INFO - saving the model at the end of epoch 2, iters 12
2021-06-10 01:41:41,793 - utils.logger - INFO - End of training epoch 2 / 50 	 Time Taken: 1 sec, Data loading: 0 sec
2021-06-10 01:41:41,793 - utils.logger - INFO - learning rate = 0.0000100
2021-06-10 01:41:42,452 - utils.logger - INFO - Trn result of epoch 2 / 50 mse 0.1149 rmse 0.3390 pcc 0.0385 ccc 0.0022
2021-06-10 01:41:42,634 - utils.logger - INFO - Val result of epoch 2 / 50 mse 0.1303 rmse 0.3610 pcc 0.0263 ccc 0.0015
2021-06-10 01:41:43,192 - utils.logger - INFO - Cur epoch 3 loss MSE:0.2270
2021-06-10 01:41:43,770 - utils.logger - INFO - Cur epoch 3 loss MSE:0.3025
2021-06-10 01:41:44,222 - utils.logger - INFO - Cur epoch 3 loss MSE:5.4789
2021-06-10 01:41:44,223 - utils.logger - INFO - saving the model at the end of epoch 3, iters 18
2021-06-10 01:41:44,446 - utils.logger - INFO - End of training epoch 3 / 50 	 Time Taken: 1 sec, Data loading: 0 sec
2021-06-10 01:41:44,446 - utils.logger - INFO - learning rate = 0.0000100
2021-06-10 01:41:45,152 - utils.logger - INFO - Trn result of epoch 3 / 50 mse 0.1141 rmse 0.3378 pcc 0.0394 ccc 0.0028
2021-06-10 01:41:45,444 - utils.logger - INFO - Val result of epoch 3 / 50 mse 0.1299 rmse 0.3604 pcc 0.0282 ccc 0.0020
2021-06-10 01:41:46,093 - utils.logger - INFO - Cur epoch 4 loss MSE:0.3467
2021-06-10 01:41:46,709 - utils.logger - INFO - Cur epoch 4 loss MSE:0.0291
2021-06-10 01:41:47,030 - utils.logger - INFO - Cur epoch 4 loss MSE:23.4036
2021-06-10 01:41:47,030 - utils.logger - INFO - saving the model at the end of epoch 4, iters 24
2021-06-10 01:41:47,362 - utils.logger - INFO - End of training epoch 4 / 50 	 Time Taken: 1 sec, Data loading: 0 sec
2021-06-10 01:41:47,362 - utils.logger - INFO - learning rate = 0.0000100
2021-06-10 01:41:48,149 - utils.logger - INFO - Trn result of epoch 4 / 50 mse 0.1129 rmse 0.3360 pcc 0.0339 ccc 0.0036
2021-06-10 01:41:48,417 - utils.logger - INFO - Val result of epoch 4 / 50 mse 0.1293 rmse 0.3596 pcc 0.0268 ccc 0.0028
2021-06-10 01:41:49,060 - utils.logger - INFO - Cur epoch 5 loss MSE:0.0935
2021-06-10 01:41:49,752 - utils.logger - INFO - Cur epoch 5 loss MSE:0.1382
2021-06-10 01:41:50,268 - utils.logger - INFO - Cur epoch 5 loss MSE:0.0399
2021-06-10 01:41:50,268 - utils.logger - INFO - saving the model at the end of epoch 5, iters 30
2021-06-10 01:41:50,441 - utils.logger - INFO - End of training epoch 5 / 50 	 Time Taken: 2 sec, Data loading: 0 sec
2021-06-10 01:41:50,441 - utils.logger - INFO - learning rate = 0.0000100
2021-06-10 01:41:51,207 - utils.logger - INFO - Trn result of epoch 5 / 50 mse 0.1124 rmse 0.3353 pcc 0.0636 ccc 0.0057
2021-06-10 01:41:51,463 - utils.logger - INFO - Val result of epoch 5 / 50 mse 0.1291 rmse 0.3594 pcc 0.0339 ccc 0.0030
2021-06-10 01:41:51,971 - utils.logger - INFO - Cur epoch 6 loss MSE:0.2486
2021-06-10 01:41:52,458 - utils.logger - INFO - Cur epoch 6 loss MSE:0.1059
2021-06-10 01:41:53,047 - utils.logger - INFO - Cur epoch 6 loss MSE:7.1521
2021-06-10 01:41:53,047 - utils.logger - INFO - saving the model at the end of epoch 6, iters 36
2021-06-10 01:41:53,243 - utils.logger - INFO - End of training epoch 6 / 50 	 Time Taken: 1 sec, Data loading: 0 sec
2021-06-10 01:41:53,243 - utils.logger - INFO - learning rate = 0.0000100
2021-06-10 01:41:53,990 - utils.logger - INFO - Trn result of epoch 6 / 50 mse 0.1111 rmse 0.3333 pcc 0.0582 ccc 0.0069
2021-06-10 01:41:54,232 - utils.logger - INFO - Val result of epoch 6 / 50 mse 0.1285 rmse 0.3585 pcc 0.0399 ccc 0.0047
2021-06-10 01:41:54,773 - utils.logger - INFO - Cur epoch 7 loss MSE:0.1330
2021-06-10 01:41:55,194 - utils.logger - INFO - Cur epoch 7 loss MSE:0.2889
2021-06-10 01:41:55,788 - utils.logger - INFO - Cur epoch 7 loss MSE:9.8584
2021-06-10 01:41:55,789 - utils.logger - INFO - saving the model at the end of epoch 7, iters 42
2021-06-10 01:41:56,022 - utils.logger - INFO - End of training epoch 7 / 50 	 Time Taken: 1 sec, Data loading: 0 sec
2021-06-10 01:41:56,023 - utils.logger - INFO - learning rate = 0.0000100
2021-06-10 01:41:56,972 - utils.logger - INFO - Trn result of epoch 7 / 50 mse 0.1099 rmse 0.3314 pcc 0.0658 ccc 0.0101
2021-06-10 01:41:57,234 - utils.logger - INFO - Val result of epoch 7 / 50 mse 0.1282 rmse 0.3581 pcc 0.0452 ccc 0.0068
2021-06-10 01:41:57,880 - utils.logger - INFO - Cur epoch 8 loss MSE:0.3593
2021-06-10 01:41:58,594 - utils.logger - INFO - Cur epoch 8 loss MSE:0.1904
2021-06-10 01:41:58,934 - utils.logger - INFO - Cur epoch 8 loss MSE:0.0004
2021-06-10 01:41:58,935 - utils.logger - INFO - saving the model at the end of epoch 8, iters 48
2021-06-10 01:41:59,144 - utils.logger - INFO - End of training epoch 8 / 50 	 Time Taken: 1 sec, Data loading: 0 sec
2021-06-10 01:41:59,144 - utils.logger - INFO - learning rate = 0.0000100
2021-06-10 01:41:59,831 - utils.logger - INFO - Trn result of epoch 8 / 50 mse 0.1091 rmse 0.3303 pcc 0.0974 ccc 0.0133
2021-06-10 01:42:00,089 - utils.logger - INFO - Val result of epoch 8 / 50 mse 0.1280 rmse 0.3577 pcc 0.0542 ccc 0.0074
2021-06-10 01:42:00,760 - utils.logger - INFO - Cur epoch 9 loss MSE:0.0464
2021-06-10 01:42:01,554 - utils.logger - INFO - Cur epoch 9 loss MSE:0.2404
2021-06-10 01:42:02,124 - utils.logger - INFO - Cur epoch 9 loss MSE:6.4527
2021-06-10 01:42:02,124 - utils.logger - INFO - saving the model at the end of epoch 9, iters 54
2021-06-10 01:42:02,295 - utils.logger - INFO - End of training epoch 9 / 50 	 Time Taken: 2 sec, Data loading: 0 sec
2021-06-10 01:42:02,295 - utils.logger - INFO - learning rate = 0.0000100
2021-06-10 01:42:02,779 - utils.logger - INFO - Trn result of epoch 9 / 50 mse 0.1081 rmse 0.3288 pcc 0.0936 ccc 0.0152
2021-06-10 01:42:02,978 - utils.logger - INFO - Val result of epoch 9 / 50 mse 0.1277 rmse 0.3574 pcc 0.0677 ccc 0.0108
2021-06-10 01:42:03,377 - utils.logger - INFO - Cur epoch 10 loss MSE:12.4380
2021-06-10 01:42:03,989 - utils.logger - INFO - Cur epoch 10 loss MSE:0.0946
2021-06-10 01:42:04,504 - utils.logger - INFO - Cur epoch 10 loss MSE:8.4259
2021-06-10 01:42:04,504 - utils.logger - INFO - saving the model at the end of epoch 10, iters 60
2021-06-10 01:42:04,791 - utils.logger - INFO - End of training epoch 10 / 50 	 Time Taken: 1 sec, Data loading: 0 sec
2021-06-10 01:42:04,792 - utils.logger - INFO - learning rate = 0.0000100
2021-06-10 01:42:05,477 - utils.logger - INFO - Trn result of epoch 10 / 50 mse 0.1068 rmse 0.3268 pcc 0.1318 ccc 0.0236
2021-06-10 01:42:05,646 - utils.logger - INFO - Val result of epoch 10 / 50 mse 0.1276 rmse 0.3573 pcc 0.0831 ccc 0.0146
2021-06-10 01:42:06,231 - utils.logger - INFO - Cur epoch 11 loss MSE:0.0156
2021-06-10 01:42:06,931 - utils.logger - INFO - Cur epoch 11 loss MSE:0.0751
2021-06-10 01:42:07,429 - utils.logger - INFO - Cur epoch 11 loss MSE:23.0535
2021-06-10 01:42:07,429 - utils.logger - INFO - saving the model at the end of epoch 11, iters 66
2021-06-10 01:42:07,734 - utils.logger - INFO - End of training epoch 11 / 50 	 Time Taken: 2 sec, Data loading: 0 sec
2021-06-10 01:42:07,734 - utils.logger - INFO - learning rate = 0.0000100
2021-06-10 01:42:08,184 - utils.logger - INFO - Trn result of epoch 11 / 50 mse 0.1058 rmse 0.3252 pcc 0.2033 ccc 0.0340
2021-06-10 01:42:08,359 - utils.logger - INFO - Val result of epoch 11 / 50 mse 0.1272 rmse 0.3566 pcc 0.0974 ccc 0.0160
2021-06-10 01:42:08,968 - utils.logger - INFO - Cur epoch 12 loss MSE:0.2620
2021-06-10 01:42:09,590 - utils.logger - INFO - Cur epoch 12 loss MSE:0.1515
2021-06-10 01:42:10,024 - utils.logger - INFO - Cur epoch 12 loss MSE:5.3292
2021-06-10 01:42:10,024 - utils.logger - INFO - saving the model at the end of epoch 12, iters 72
2021-06-10 01:42:10,199 - utils.logger - INFO - End of training epoch 12 / 50 	 Time Taken: 1 sec, Data loading: 0 sec
2021-06-10 01:42:10,199 - utils.logger - INFO - learning rate = 0.0000100
2021-06-10 01:42:10,655 - utils.logger - INFO - Trn result of epoch 12 / 50 mse 0.1043 rmse 0.3230 pcc 0.2629 ccc 0.0483
2021-06-10 01:42:10,818 - utils.logger - INFO - Val result of epoch 12 / 50 mse 0.1269 rmse 0.3562 pcc 0.1118 ccc 0.0201
2021-06-10 01:42:11,248 - utils.logger - INFO - Cur epoch 13 loss MSE:0.1541
2021-06-10 01:42:11,635 - utils.logger - INFO - Cur epoch 13 loss MSE:0.2284
2021-06-10 01:42:11,928 - utils.logger - INFO - Cur epoch 13 loss MSE:0.3764
2021-06-10 01:42:11,928 - utils.logger - INFO - saving the model at the end of epoch 13, iters 78
2021-06-10 01:42:12,108 - utils.logger - INFO - End of training epoch 13 / 50 	 Time Taken: 1 sec, Data loading: 0 sec
2021-06-10 01:42:12,108 - utils.logger - INFO - learning rate = 0.0000100
2021-06-10 01:42:12,541 - utils.logger - INFO - Trn result of epoch 13 / 50 mse 0.1022 rmse 0.3198 pcc 0.3139 ccc 0.0673
2021-06-10 01:42:12,682 - utils.logger - INFO - Val result of epoch 13 / 50 mse 0.1265 rmse 0.3556 pcc 0.1335 ccc 0.0272
2021-06-10 01:42:13,062 - utils.logger - INFO - Cur epoch 14 loss MSE:0.0294
2021-06-10 01:42:13,436 - utils.logger - INFO - Cur epoch 14 loss MSE:0.1665
2021-06-10 01:42:13,739 - utils.logger - INFO - Cur epoch 14 loss MSE:3.3131
2021-06-10 01:42:13,740 - utils.logger - INFO - saving the model at the end of epoch 14, iters 84
2021-06-10 01:42:13,971 - utils.logger - INFO - End of training epoch 14 / 50 	 Time Taken: 1 sec, Data loading: 0 sec
2021-06-10 01:42:13,971 - utils.logger - INFO - learning rate = 0.0000100
2021-06-10 01:42:14,389 - utils.logger - INFO - Trn result of epoch 14 / 50 mse 0.0982 rmse 0.3134 pcc 0.3718 ccc 0.1162
2021-06-10 01:42:14,530 - utils.logger - INFO - Val result of epoch 14 / 50 mse 0.1274 rmse 0.3569 pcc 0.1738 ccc 0.0509
2021-06-10 01:42:14,923 - utils.logger - INFO - Cur epoch 15 loss MSE:0.3961
2021-06-10 01:42:15,330 - utils.logger - INFO - Cur epoch 15 loss MSE:0.4201
2021-06-10 01:42:15,652 - utils.logger - INFO - Cur epoch 15 loss MSE:1.0456
2021-06-10 01:42:15,652 - utils.logger - INFO - saving the model at the end of epoch 15, iters 90
2021-06-10 01:42:15,823 - utils.logger - INFO - End of training epoch 15 / 50 	 Time Taken: 1 sec, Data loading: 0 sec
2021-06-10 01:42:15,823 - utils.logger - INFO - learning rate = 0.0000100
2021-06-10 01:42:16,279 - utils.logger - INFO - Trn result of epoch 15 / 50 mse 0.0900 rmse 0.3001 pcc 0.4871 ccc 0.2115
2021-06-10 01:42:16,524 - utils.logger - INFO - Val result of epoch 15 / 50 mse 0.1254 rmse 0.3542 pcc 0.2203 ccc 0.0851
2021-06-10 01:42:16,883 - utils.logger - INFO - Cur epoch 16 loss MSE:0.0051
2021-06-10 01:42:17,265 - utils.logger - INFO - Cur epoch 16 loss MSE:0.4573
2021-06-10 01:42:17,582 - utils.logger - INFO - Cur epoch 16 loss MSE:1.2627
2021-06-10 01:42:17,583 - utils.logger - INFO - saving the model at the end of epoch 16, iters 96
2021-06-10 01:42:17,814 - utils.logger - INFO - End of training epoch 16 / 50 	 Time Taken: 1 sec, Data loading: 0 sec
2021-06-10 01:42:17,814 - utils.logger - INFO - learning rate = 0.0000100
2021-06-10 01:42:18,222 - utils.logger - INFO - Trn result of epoch 16 / 50 mse 0.0835 rmse 0.2890 pcc 0.5579 ccc 0.3636
2021-06-10 01:42:18,364 - utils.logger - INFO - Val result of epoch 16 / 50 mse 0.1304 rmse 0.3611 pcc 0.3069 ccc 0.1721
2021-06-10 01:42:18,736 - utils.logger - INFO - Cur epoch 17 loss MSE:6.3302
2021-06-10 01:42:19,112 - utils.logger - INFO - Cur epoch 17 loss MSE:0.0949
2021-06-10 01:42:19,414 - utils.logger - INFO - Cur epoch 17 loss MSE:32.5280
2021-06-10 01:42:19,414 - utils.logger - INFO - saving the model at the end of epoch 17, iters 102
2021-06-10 01:42:19,679 - utils.logger - INFO - End of training epoch 17 / 50 	 Time Taken: 1 sec, Data loading: 0 sec
2021-06-10 01:42:19,680 - utils.logger - INFO - learning rate = 0.0000100
2021-06-10 01:42:20,097 - utils.logger - INFO - Trn result of epoch 17 / 50 mse 0.0792 rmse 0.2814 pcc 0.5448 ccc 0.3687
2021-06-10 01:42:20,239 - utils.logger - INFO - Val result of epoch 17 / 50 mse 0.1293 rmse 0.3596 pcc 0.1865 ccc 0.1109
2021-06-10 01:42:20,626 - utils.logger - INFO - Cur epoch 18 loss MSE:1.5064
2021-06-10 01:42:21,011 - utils.logger - INFO - Cur epoch 18 loss MSE:0.2058
2021-06-10 01:42:21,328 - utils.logger - INFO - Cur epoch 18 loss MSE:3.9256
2021-06-10 01:42:21,328 - utils.logger - INFO - saving the model at the end of epoch 18, iters 108
2021-06-10 01:42:21,510 - utils.logger - INFO - End of training epoch 18 / 50 	 Time Taken: 1 sec, Data loading: 0 sec
2021-06-10 01:42:21,510 - utils.logger - INFO - learning rate = 0.0000100
2021-06-10 01:42:22,005 - utils.logger - INFO - Trn result of epoch 18 / 50 mse 0.0744 rmse 0.2728 pcc 0.6082 ccc 0.4079
2021-06-10 01:42:22,189 - utils.logger - INFO - Val result of epoch 18 / 50 mse 0.1300 rmse 0.3606 pcc 0.1778 ccc 0.1050
2021-06-10 01:42:22,573 - utils.logger - INFO - Cur epoch 19 loss MSE:0.4750
2021-06-10 01:42:22,958 - utils.logger - INFO - Cur epoch 19 loss MSE:0.0789
2021-06-10 01:42:23,270 - utils.logger - INFO - Cur epoch 19 loss MSE:17.3445
2021-06-10 01:42:23,271 - utils.logger - INFO - saving the model at the end of epoch 19, iters 114
2021-06-10 01:42:23,436 - utils.logger - INFO - End of training epoch 19 / 50 	 Time Taken: 1 sec, Data loading: 0 sec
2021-06-10 01:42:23,437 - utils.logger - INFO - learning rate = 0.0000100
2021-06-10 01:42:23,844 - utils.logger - INFO - Trn result of epoch 19 / 50 mse 0.0697 rmse 0.2640 pcc 0.6199 ccc 0.4686
2021-06-10 01:42:23,985 - utils.logger - INFO - Val result of epoch 19 / 50 mse 0.1397 rmse 0.3738 pcc 0.0930 ccc 0.0623
2021-06-10 01:42:24,365 - utils.logger - INFO - Cur epoch 20 loss MSE:1.1191
2021-06-10 01:42:24,784 - utils.logger - INFO - Cur epoch 20 loss MSE:1.0665
2021-06-10 01:42:25,268 - utils.logger - INFO - Cur epoch 20 loss MSE:27.9926
2021-06-10 01:42:25,269 - utils.logger - INFO - saving the model at the end of epoch 20, iters 120
2021-06-10 01:42:25,576 - utils.logger - INFO - End of training epoch 20 / 50 	 Time Taken: 1 sec, Data loading: 0 sec
2021-06-10 01:42:25,577 - utils.logger - INFO - learning rate = 0.0000097
2021-06-10 01:42:26,269 - utils.logger - INFO - Trn result of epoch 20 / 50 mse 0.0686 rmse 0.2619 pcc 0.6375 ccc 0.4662
2021-06-10 01:42:26,503 - utils.logger - INFO - Val result of epoch 20 / 50 mse 0.1430 rmse 0.3782 pcc 0.0212 ccc 0.0134
2021-06-10 01:42:27,273 - utils.logger - INFO - Cur epoch 21 loss MSE:0.1870
2021-06-10 01:42:27,691 - utils.logger - INFO - Cur epoch 21 loss MSE:0.2080
2021-06-10 01:42:28,036 - utils.logger - INFO - Cur epoch 21 loss MSE:6.3706
2021-06-10 01:42:28,036 - utils.logger - INFO - saving the model at the end of epoch 21, iters 126
2021-06-10 01:42:28,334 - utils.logger - INFO - End of training epoch 21 / 50 	 Time Taken: 1 sec, Data loading: 0 sec
2021-06-10 01:42:28,335 - utils.logger - INFO - learning rate = 0.0000094
2021-06-10 01:42:29,063 - utils.logger - INFO - Trn result of epoch 21 / 50 mse 0.0756 rmse 0.2750 pcc 0.6060 ccc 0.5132
2021-06-10 01:42:29,353 - utils.logger - INFO - Val result of epoch 21 / 50 mse 0.1530 rmse 0.3912 pcc 0.1387 ccc 0.1103
2021-06-10 01:42:29,865 - utils.logger - INFO - Cur epoch 22 loss MSE:0.7091
2021-06-10 01:42:30,617 - utils.logger - INFO - Cur epoch 22 loss MSE:0.4531
2021-06-10 01:42:31,117 - utils.logger - INFO - Cur epoch 22 loss MSE:4.4185
2021-06-10 01:42:31,117 - utils.logger - INFO - saving the model at the end of epoch 22, iters 132
2021-06-10 01:42:31,435 - utils.logger - INFO - End of training epoch 22 / 50 	 Time Taken: 2 sec, Data loading: 0 sec
2021-06-10 01:42:31,435 - utils.logger - INFO - learning rate = 0.0000090
2021-06-10 01:42:32,075 - utils.logger - INFO - Trn result of epoch 22 / 50 mse 0.0644 rmse 0.2538 pcc 0.6667 ccc 0.5100
2021-06-10 01:42:32,240 - utils.logger - INFO - Val result of epoch 22 / 50 mse 0.1413 rmse 0.3759 pcc 0.0671 ccc 0.0452
2021-06-10 01:42:32,932 - utils.logger - INFO - Cur epoch 23 loss MSE:0.5914
2021-06-10 01:42:33,641 - utils.logger - INFO - Cur epoch 23 loss MSE:0.1892
2021-06-10 01:42:34,033 - utils.logger - INFO - Cur epoch 23 loss MSE:1.5968
2021-06-10 01:42:34,033 - utils.logger - INFO - saving the model at the end of epoch 23, iters 138
2021-06-10 01:42:34,218 - utils.logger - INFO - End of training epoch 23 / 50 	 Time Taken: 1 sec, Data loading: 0 sec
2021-06-10 01:42:34,219 - utils.logger - INFO - learning rate = 0.0000087
2021-06-10 01:42:34,907 - utils.logger - INFO - Trn result of epoch 23 / 50 mse 0.0622 rmse 0.2493 pcc 0.6894 ccc 0.5603
2021-06-10 01:42:35,141 - utils.logger - INFO - Val result of epoch 23 / 50 mse 0.1406 rmse 0.3750 pcc 0.1483 ccc 0.1102
2021-06-10 01:42:35,875 - utils.logger - INFO - Cur epoch 24 loss MSE:0.2501
2021-06-10 01:42:36,311 - utils.logger - INFO - Cur epoch 24 loss MSE:0.1296
2021-06-10 01:42:36,696 - utils.logger - INFO - Cur epoch 24 loss MSE:1.7570
2021-06-10 01:42:36,696 - utils.logger - INFO - saving the model at the end of epoch 24, iters 144
2021-06-10 01:42:37,077 - utils.logger - INFO - End of training epoch 24 / 50 	 Time Taken: 1 sec, Data loading: 0 sec
2021-06-10 01:42:37,077 - utils.logger - INFO - learning rate = 0.0000084
2021-06-10 01:42:37,729 - utils.logger - INFO - Trn result of epoch 24 / 50 mse 0.0611 rmse 0.2471 pcc 0.6777 ccc 0.5860
2021-06-10 01:42:37,870 - utils.logger - INFO - Val result of epoch 24 / 50 mse 0.1521 rmse 0.3900 pcc 0.0684 ccc 0.0537
2021-06-10 01:42:38,560 - utils.logger - INFO - Cur epoch 25 loss MSE:0.2991
2021-06-10 01:42:39,212 - utils.logger - INFO - Cur epoch 25 loss MSE:0.0042
2021-06-10 01:42:39,851 - utils.logger - INFO - Cur epoch 25 loss MSE:0.1130
2021-06-10 01:42:39,851 - utils.logger - INFO - saving the model at the end of epoch 25, iters 150
2021-06-10 01:42:40,053 - utils.logger - INFO - End of training epoch 25 / 50 	 Time Taken: 2 sec, Data loading: 0 sec
2021-06-10 01:42:40,054 - utils.logger - INFO - learning rate = 0.0000081
2021-06-10 01:42:40,520 - utils.logger - INFO - Trn result of epoch 25 / 50 mse 0.0628 rmse 0.2506 pcc 0.6691 ccc 0.6053
2021-06-10 01:42:40,813 - utils.logger - INFO - Val result of epoch 25 / 50 mse 0.1548 rmse 0.3934 pcc 0.1188 ccc 0.0999
2021-06-10 01:42:41,458 - utils.logger - INFO - Cur epoch 26 loss MSE:0.7060
2021-06-10 01:42:42,055 - utils.logger - INFO - Cur epoch 26 loss MSE:0.4633
2021-06-10 01:42:42,642 - utils.logger - INFO - Cur epoch 26 loss MSE:13.6819
2021-06-10 01:42:42,642 - utils.logger - INFO - saving the model at the end of epoch 26, iters 156
2021-06-10 01:42:42,834 - utils.logger - INFO - End of training epoch 26 / 50 	 Time Taken: 2 sec, Data loading: 0 sec
2021-06-10 01:42:42,835 - utils.logger - INFO - learning rate = 0.0000077
2021-06-10 01:42:43,574 - utils.logger - INFO - Trn result of epoch 26 / 50 mse 0.0612 rmse 0.2474 pcc 0.6806 ccc 0.5512
2021-06-10 01:42:43,822 - utils.logger - INFO - Val result of epoch 26 / 50 mse 0.1447 rmse 0.3804 pcc 0.0585 ccc 0.0419
2021-06-10 01:42:44,389 - utils.logger - INFO - Cur epoch 27 loss MSE:0.4354
2021-06-10 01:42:44,844 - utils.logger - INFO - Cur epoch 27 loss MSE:0.2822
2021-06-10 01:42:45,428 - utils.logger - INFO - Cur epoch 27 loss MSE:1.9487
2021-06-10 01:42:45,428 - utils.logger - INFO - saving the model at the end of epoch 27, iters 162
2021-06-10 01:42:45,635 - utils.logger - INFO - End of training epoch 27 / 50 	 Time Taken: 1 sec, Data loading: 0 sec
2021-06-10 01:42:45,635 - utils.logger - INFO - learning rate = 0.0000074
2021-06-10 01:42:46,466 - utils.logger - INFO - Trn result of epoch 27 / 50 mse 0.0546 rmse 0.2337 pcc 0.7327 ccc 0.6317
2021-06-10 01:42:46,693 - utils.logger - INFO - Val result of epoch 27 / 50 mse 0.1402 rmse 0.3744 pcc 0.1870 ccc 0.1484
2021-06-10 01:42:47,453 - utils.logger - INFO - Cur epoch 28 loss MSE:0.1156
2021-06-10 01:42:48,056 - utils.logger - INFO - Cur epoch 28 loss MSE:0.0412
2021-06-10 01:42:48,454 - utils.logger - INFO - Cur epoch 28 loss MSE:7.1730
2021-06-10 01:42:48,454 - utils.logger - INFO - saving the model at the end of epoch 28, iters 168
2021-06-10 01:42:49,176 - utils.logger - INFO - End of training epoch 28 / 50 	 Time Taken: 2 sec, Data loading: 0 sec
2021-06-10 01:42:49,177 - utils.logger - INFO - learning rate = 0.0000071
2021-06-10 01:42:50,063 - utils.logger - INFO - Trn result of epoch 28 / 50 mse 0.0574 rmse 0.2396 pcc 0.7106 ccc 0.6451
2021-06-10 01:42:50,247 - utils.logger - INFO - Val result of epoch 28 / 50 mse 0.1530 rmse 0.3911 pcc 0.1371 ccc 0.1168
2021-06-10 01:42:50,926 - utils.logger - INFO - Cur epoch 29 loss MSE:0.3072
2021-06-10 01:42:51,578 - utils.logger - INFO - Cur epoch 29 loss MSE:6.7685
2021-06-10 01:42:52,072 - utils.logger - INFO - Cur epoch 29 loss MSE:12.0453
2021-06-10 01:42:52,073 - utils.logger - INFO - saving the model at the end of epoch 29, iters 174
2021-06-10 01:42:52,339 - utils.logger - INFO - End of training epoch 29 / 50 	 Time Taken: 2 sec, Data loading: 0 sec
2021-06-10 01:42:52,340 - utils.logger - INFO - learning rate = 0.0000068
2021-06-10 01:42:53,080 - utils.logger - INFO - Trn result of epoch 29 / 50 mse 0.0531 rmse 0.2304 pcc 0.7211 ccc 0.6449
2021-06-10 01:42:53,417 - utils.logger - INFO - Val result of epoch 29 / 50 mse 0.1584 rmse 0.3980 pcc 0.0159 ccc 0.0127
2021-06-10 01:42:54,036 - utils.logger - INFO - Cur epoch 30 loss MSE:0.3954
2021-06-10 01:42:54,513 - utils.logger - INFO - Cur epoch 30 loss MSE:0.0072
2021-06-10 01:42:55,116 - utils.logger - INFO - Cur epoch 30 loss MSE:0.2513
2021-06-10 01:42:55,116 - utils.logger - INFO - saving the model at the end of epoch 30, iters 180
2021-06-10 01:42:55,334 - utils.logger - INFO - End of training epoch 30 / 50 	 Time Taken: 1 sec, Data loading: 0 sec
2021-06-10 01:42:55,334 - utils.logger - INFO - learning rate = 0.0000065
2021-06-10 01:42:56,074 - utils.logger - INFO - Trn result of epoch 30 / 50 mse 0.0504 rmse 0.2244 pcc 0.7420 ccc 0.6752
2021-06-10 01:42:56,274 - utils.logger - INFO - Val result of epoch 30 / 50 mse 0.1456 rmse 0.3815 pcc 0.1674 ccc 0.1424
2021-06-10 01:42:56,944 - utils.logger - INFO - Cur epoch 31 loss MSE:0.6428
2021-06-10 01:42:57,356 - utils.logger - INFO - Cur epoch 31 loss MSE:0.0077
2021-06-10 01:42:57,969 - utils.logger - INFO - Cur epoch 31 loss MSE:0.5329
2021-06-10 01:42:57,969 - utils.logger - INFO - saving the model at the end of epoch 31, iters 186
2021-06-10 01:42:58,214 - utils.logger - INFO - End of training epoch 31 / 50 	 Time Taken: 1 sec, Data loading: 0 sec
2021-06-10 01:42:58,214 - utils.logger - INFO - learning rate = 0.0000061
2021-06-10 01:42:58,998 - utils.logger - INFO - Trn result of epoch 31 / 50 mse 0.0489 rmse 0.2212 pcc 0.7593 ccc 0.6633
2021-06-10 01:42:59,328 - utils.logger - INFO - Val result of epoch 31 / 50 mse 0.1433 rmse 0.3786 pcc 0.1223 ccc 0.0962
2021-06-10 01:42:59,933 - utils.logger - INFO - Cur epoch 32 loss MSE:0.3373
2021-06-10 01:43:00,644 - utils.logger - INFO - Cur epoch 32 loss MSE:0.0831
2021-06-10 01:43:01,101 - utils.logger - INFO - Cur epoch 32 loss MSE:1.1033
2021-06-10 01:43:01,101 - utils.logger - INFO - saving the model at the end of epoch 32, iters 192
2021-06-10 01:43:01,264 - utils.logger - INFO - End of training epoch 32 / 50 	 Time Taken: 1 sec, Data loading: 0 sec
2021-06-10 01:43:01,264 - utils.logger - INFO - learning rate = 0.0000058
2021-06-10 01:43:01,889 - utils.logger - INFO - Trn result of epoch 32 / 50 mse 0.0477 rmse 0.2184 pcc 0.7656 ccc 0.6751
2021-06-10 01:43:02,133 - utils.logger - INFO - Val result of epoch 32 / 50 mse 0.1466 rmse 0.3829 pcc 0.1024 ccc 0.0813
2021-06-10 01:43:02,909 - utils.logger - INFO - Cur epoch 33 loss MSE:0.0743
2021-06-10 01:43:03,697 - utils.logger - INFO - Cur epoch 33 loss MSE:0.2249
2021-06-10 01:43:04,221 - utils.logger - INFO - Cur epoch 33 loss MSE:20.4283
2021-06-10 01:43:04,221 - utils.logger - INFO - saving the model at the end of epoch 33, iters 198
2021-06-10 01:43:04,484 - utils.logger - INFO - End of training epoch 33 / 50 	 Time Taken: 2 sec, Data loading: 0 sec
2021-06-10 01:43:04,485 - utils.logger - INFO - learning rate = 0.0000055
2021-06-10 01:43:05,057 - utils.logger - INFO - Trn result of epoch 33 / 50 mse 0.0482 rmse 0.2196 pcc 0.7505 ccc 0.6892
2021-06-10 01:43:05,227 - utils.logger - INFO - Val result of epoch 33 / 50 mse 0.1593 rmse 0.3991 pcc 0.0505 ccc 0.0421
2021-06-10 01:43:05,738 - utils.logger - INFO - Cur epoch 34 loss MSE:0.0446
2021-06-10 01:43:06,304 - utils.logger - INFO - Cur epoch 34 loss MSE:0.2113
2021-06-10 01:43:06,910 - utils.logger - INFO - Cur epoch 34 loss MSE:24.4159
2021-06-10 01:43:06,910 - utils.logger - INFO - saving the model at the end of epoch 34, iters 204
2021-06-10 01:43:07,214 - utils.logger - INFO - End of training epoch 34 / 50 	 Time Taken: 1 sec, Data loading: 0 sec
2021-06-10 01:43:07,214 - utils.logger - INFO - learning rate = 0.0000052
2021-06-10 01:43:07,855 - utils.logger - INFO - Trn result of epoch 34 / 50 mse 0.0437 rmse 0.2091 pcc 0.7989 ccc 0.7320
2021-06-10 01:43:08,078 - utils.logger - INFO - Val result of epoch 34 / 50 mse 0.1376 rmse 0.3710 pcc 0.2569 ccc 0.2204
2021-06-10 01:43:08,708 - utils.logger - INFO - Cur epoch 35 loss MSE:0.2082
2021-06-10 01:43:09,415 - utils.logger - INFO - Cur epoch 35 loss MSE:12.0772
2021-06-10 01:43:09,717 - utils.logger - INFO - Cur epoch 35 loss MSE:12.6453
2021-06-10 01:43:09,717 - utils.logger - INFO - saving the model at the end of epoch 35, iters 210
2021-06-10 01:43:10,071 - utils.logger - INFO - End of training epoch 35 / 50 	 Time Taken: 1 sec, Data loading: 0 sec
2021-06-10 01:43:10,072 - utils.logger - INFO - learning rate = 0.0000048
2021-06-10 01:43:10,829 - utils.logger - INFO - Trn result of epoch 35 / 50 mse 0.0451 rmse 0.2124 pcc 0.7759 ccc 0.7043
2021-06-10 01:43:10,990 - utils.logger - INFO - Val result of epoch 35 / 50 mse 0.1478 rmse 0.3844 pcc 0.1156 ccc 0.0945
2021-06-10 01:43:11,604 - utils.logger - INFO - Cur epoch 36 loss MSE:0.0636
2021-06-10 01:43:12,292 - utils.logger - INFO - Cur epoch 36 loss MSE:0.1553
2021-06-10 01:43:12,836 - utils.logger - INFO - Cur epoch 36 loss MSE:0.3714
2021-06-10 01:43:12,836 - utils.logger - INFO - saving the model at the end of epoch 36, iters 216
2021-06-10 01:43:13,111 - utils.logger - INFO - End of training epoch 36 / 50 	 Time Taken: 2 sec, Data loading: 0 sec
2021-06-10 01:43:13,112 - utils.logger - INFO - learning rate = 0.0000045
2021-06-10 01:43:13,588 - utils.logger - INFO - Trn result of epoch 36 / 50 mse 0.0452 rmse 0.2127 pcc 0.7697 ccc 0.7130
2021-06-10 01:43:13,733 - utils.logger - INFO - Val result of epoch 36 / 50 mse 0.1566 rmse 0.3957 pcc 0.0785 ccc 0.0659
2021-06-10 01:43:14,424 - utils.logger - INFO - Cur epoch 37 loss MSE:0.0896
2021-06-10 01:43:15,099 - utils.logger - INFO - Cur epoch 37 loss MSE:0.0013
2021-06-10 01:43:15,623 - utils.logger - INFO - Cur epoch 37 loss MSE:0.1366
2021-06-10 01:43:15,623 - utils.logger - INFO - saving the model at the end of epoch 37, iters 222
2021-06-10 01:43:15,912 - utils.logger - INFO - End of training epoch 37 / 50 	 Time Taken: 2 sec, Data loading: 0 sec
2021-06-10 01:43:15,912 - utils.logger - INFO - learning rate = 0.0000042
2021-06-10 01:43:16,576 - utils.logger - INFO - Trn result of epoch 37 / 50 mse 0.0438 rmse 0.2092 pcc 0.7953 ccc 0.7546
2021-06-10 01:43:16,776 - utils.logger - INFO - Val result of epoch 37 / 50 mse 0.1543 rmse 0.3928 pcc 0.2244 ccc 0.2064
2021-06-10 01:43:17,263 - utils.logger - INFO - Cur epoch 38 loss MSE:0.0701
2021-06-10 01:43:17,842 - utils.logger - INFO - Cur epoch 38 loss MSE:0.4112
2021-06-10 01:43:18,434 - utils.logger - INFO - Cur epoch 38 loss MSE:23.6364
2021-06-10 01:43:18,434 - utils.logger - INFO - saving the model at the end of epoch 38, iters 228
2021-06-10 01:43:18,648 - utils.logger - INFO - End of training epoch 38 / 50 	 Time Taken: 1 sec, Data loading: 0 sec
2021-06-10 01:43:18,649 - utils.logger - INFO - learning rate = 0.0000039
2021-06-10 01:43:19,147 - utils.logger - INFO - Trn result of epoch 38 / 50 mse 0.0400 rmse 0.2000 pcc 0.8141 ccc 0.7618
2021-06-10 01:43:19,288 - utils.logger - INFO - Val result of epoch 38 / 50 mse 0.1457 rmse 0.3817 pcc 0.2493 ccc 0.2227
2021-06-10 01:43:19,665 - utils.logger - INFO - Cur epoch 39 loss MSE:0.4596
2021-06-10 01:43:20,035 - utils.logger - INFO - Cur epoch 39 loss MSE:0.0601
2021-06-10 01:43:20,345 - utils.logger - INFO - Cur epoch 39 loss MSE:11.4420
2021-06-10 01:43:20,345 - utils.logger - INFO - saving the model at the end of epoch 39, iters 234
2021-06-10 01:43:20,509 - utils.logger - INFO - End of training epoch 39 / 50 	 Time Taken: 1 sec, Data loading: 0 sec
2021-06-10 01:43:20,509 - utils.logger - INFO - learning rate = 0.0000035
2021-06-10 01:43:20,920 - utils.logger - INFO - Trn result of epoch 39 / 50 mse 0.0397 rmse 0.1991 pcc 0.8057 ccc 0.7488
2021-06-10 01:43:21,063 - utils.logger - INFO - Val result of epoch 39 / 50 mse 0.1439 rmse 0.3793 pcc 0.1788 ccc 0.1540
2021-06-10 01:43:21,442 - utils.logger - INFO - Cur epoch 40 loss MSE:0.2170
2021-06-10 01:43:21,820 - utils.logger - INFO - Cur epoch 40 loss MSE:0.2955
2021-06-10 01:43:22,111 - utils.logger - INFO - Cur epoch 40 loss MSE:0.8088
2021-06-10 01:43:22,112 - utils.logger - INFO - saving the model at the end of epoch 40, iters 240
2021-06-10 01:43:22,284 - utils.logger - INFO - End of training epoch 40 / 50 	 Time Taken: 1 sec, Data loading: 0 sec
2021-06-10 01:43:22,285 - utils.logger - INFO - learning rate = 0.0000032
2021-06-10 01:43:22,689 - utils.logger - INFO - Trn result of epoch 40 / 50 mse 0.0394 rmse 0.1985 pcc 0.8223 ccc 0.7655
2021-06-10 01:43:22,831 - utils.logger - INFO - Val result of epoch 40 / 50 mse 0.1382 rmse 0.3718 pcc 0.3079 ccc 0.2699
2021-06-10 01:43:23,202 - utils.logger - INFO - Cur epoch 41 loss MSE:0.0179
2021-06-10 01:43:23,579 - utils.logger - INFO - Cur epoch 41 loss MSE:0.0017
2021-06-10 01:43:23,905 - utils.logger - INFO - Cur epoch 41 loss MSE:0.1021
2021-06-10 01:43:23,906 - utils.logger - INFO - saving the model at the end of epoch 41, iters 246
2021-06-10 01:43:24,071 - utils.logger - INFO - End of training epoch 41 / 50 	 Time Taken: 1 sec, Data loading: 0 sec
2021-06-10 01:43:24,072 - utils.logger - INFO - learning rate = 0.0000029
2021-06-10 01:43:24,492 - utils.logger - INFO - Trn result of epoch 41 / 50 mse 0.0363 rmse 0.1904 pcc 0.8275 ccc 0.7881
2021-06-10 01:43:24,636 - utils.logger - INFO - Val result of epoch 41 / 50 mse 0.1479 rmse 0.3845 pcc 0.2361 ccc 0.2164
2021-06-10 01:43:25,008 - utils.logger - INFO - Cur epoch 42 loss MSE:5.2587
2021-06-10 01:43:25,402 - utils.logger - INFO - Cur epoch 42 loss MSE:0.0695
2021-06-10 01:43:26,258 - utils.logger - INFO - Cur epoch 42 loss MSE:0.7669
2021-06-10 01:43:26,259 - utils.logger - INFO - saving the model at the end of epoch 42, iters 252
2021-06-10 01:43:26,419 - utils.logger - INFO - End of training epoch 42 / 50 	 Time Taken: 1 sec, Data loading: 0 sec
2021-06-10 01:43:26,420 - utils.logger - INFO - learning rate = 0.0000026
2021-06-10 01:43:26,848 - utils.logger - INFO - Trn result of epoch 42 / 50 mse 0.0367 rmse 0.1917 pcc 0.8207 ccc 0.7747
2021-06-10 01:43:27,004 - utils.logger - INFO - Val result of epoch 42 / 50 mse 0.1449 rmse 0.3806 pcc 0.1962 ccc 0.1739
2021-06-10 01:43:27,418 - utils.logger - INFO - Cur epoch 43 loss MSE:0.0830
2021-06-10 01:43:27,830 - utils.logger - INFO - Cur epoch 43 loss MSE:0.0798
2021-06-10 01:43:28,158 - utils.logger - INFO - Cur epoch 43 loss MSE:0.9651
2021-06-10 01:43:28,158 - utils.logger - INFO - saving the model at the end of epoch 43, iters 258
2021-06-10 01:43:28,353 - utils.logger - INFO - End of training epoch 43 / 50 	 Time Taken: 1 sec, Data loading: 0 sec
2021-06-10 01:43:28,353 - utils.logger - INFO - learning rate = 0.0000023
2021-06-10 01:43:28,854 - utils.logger - INFO - Trn result of epoch 43 / 50 mse 0.0352 rmse 0.1875 pcc 0.8344 ccc 0.7901
2021-06-10 01:43:29,142 - utils.logger - INFO - Val result of epoch 43 / 50 mse 0.1403 rmse 0.3746 pcc 0.2514 ccc 0.2250
2021-06-10 01:43:29,798 - utils.logger - INFO - Cur epoch 44 loss MSE:0.0141
2021-06-10 01:43:30,538 - utils.logger - INFO - Cur epoch 44 loss MSE:0.0179
2021-06-10 01:43:31,100 - utils.logger - INFO - Cur epoch 44 loss MSE:0.0482
2021-06-10 01:43:31,100 - utils.logger - INFO - saving the model at the end of epoch 44, iters 264
2021-06-10 01:43:31,259 - utils.logger - INFO - End of training epoch 44 / 50 	 Time Taken: 2 sec, Data loading: 0 sec
2021-06-10 01:43:31,259 - utils.logger - INFO - learning rate = 0.0000019
2021-06-10 01:43:31,711 - utils.logger - INFO - Trn result of epoch 44 / 50 mse 0.0363 rmse 0.1905 pcc 0.8229 ccc 0.7767
2021-06-10 01:43:31,892 - utils.logger - INFO - Val result of epoch 44 / 50 mse 0.1456 rmse 0.3815 pcc 0.1972 ccc 0.1759
2021-06-10 01:43:32,485 - utils.logger - INFO - Cur epoch 45 loss MSE:11.6314
2021-06-10 01:43:33,192 - utils.logger - INFO - Cur epoch 45 loss MSE:0.1245
2021-06-10 01:43:33,687 - utils.logger - INFO - Cur epoch 45 loss MSE:0.5409
2021-06-10 01:43:33,687 - utils.logger - INFO - saving the model at the end of epoch 45, iters 270
2021-06-10 01:43:33,877 - utils.logger - INFO - End of training epoch 45 / 50 	 Time Taken: 1 sec, Data loading: 0 sec
2021-06-10 01:43:33,877 - utils.logger - INFO - learning rate = 0.0000016
2021-06-10 01:43:34,576 - utils.logger - INFO - Trn result of epoch 45 / 50 mse 0.0360 rmse 0.1896 pcc 0.8237 ccc 0.7841
2021-06-10 01:43:34,811 - utils.logger - INFO - Val result of epoch 45 / 50 mse 0.1452 rmse 0.3811 pcc 0.2136 ccc 0.1929
2021-06-10 01:43:35,419 - utils.logger - INFO - Cur epoch 46 loss MSE:0.1148
2021-06-10 01:43:35,858 - utils.logger - INFO - Cur epoch 46 loss MSE:0.0326
2021-06-10 01:43:36,502 - utils.logger - INFO - Cur epoch 46 loss MSE:1.3337
2021-06-10 01:43:36,503 - utils.logger - INFO - saving the model at the end of epoch 46, iters 276
2021-06-10 01:43:36,866 - utils.logger - INFO - End of training epoch 46 / 50 	 Time Taken: 2 sec, Data loading: 0 sec
2021-06-10 01:43:36,866 - utils.logger - INFO - learning rate = 0.0000013
2021-06-10 01:43:37,568 - utils.logger - INFO - Trn result of epoch 46 / 50 mse 0.0341 rmse 0.1847 pcc 0.8364 ccc 0.7966
2021-06-10 01:43:37,839 - utils.logger - INFO - Val result of epoch 46 / 50 mse 0.1449 rmse 0.3806 pcc 0.2185 ccc 0.1975
2021-06-10 01:43:38,482 - utils.logger - INFO - Cur epoch 47 loss MSE:0.1547
2021-06-10 01:43:39,115 - utils.logger - INFO - Cur epoch 47 loss MSE:0.0873
2021-06-10 01:43:39,454 - utils.logger - INFO - Cur epoch 47 loss MSE:20.4132
2021-06-10 01:43:39,454 - utils.logger - INFO - saving the model at the end of epoch 47, iters 282
2021-06-10 01:43:39,721 - utils.logger - INFO - End of training epoch 47 / 50 	 Time Taken: 1 sec, Data loading: 0 sec
2021-06-10 01:43:39,722 - utils.logger - INFO - learning rate = 0.0000010
2021-06-10 01:43:40,604 - utils.logger - INFO - Trn result of epoch 47 / 50 mse 0.0342 rmse 0.1850 pcc 0.8334 ccc 0.7950
2021-06-10 01:43:40,953 - utils.logger - INFO - Val result of epoch 47 / 50 mse 0.1463 rmse 0.3824 pcc 0.2070 ccc 0.1870
2021-06-10 01:43:41,611 - utils.logger - INFO - Cur epoch 48 loss MSE:0.0955
2021-06-10 01:43:42,363 - utils.logger - INFO - Cur epoch 48 loss MSE:0.1641
2021-06-10 01:43:42,863 - utils.logger - INFO - Cur epoch 48 loss MSE:9.8641
2021-06-10 01:43:42,863 - utils.logger - INFO - saving the model at the end of epoch 48, iters 288
2021-06-10 01:43:43,043 - utils.logger - INFO - End of training epoch 48 / 50 	 Time Taken: 2 sec, Data loading: 0 sec
2021-06-10 01:43:43,043 - utils.logger - INFO - learning rate = 0.0000006
2021-06-10 01:43:43,471 - utils.logger - INFO - Trn result of epoch 48 / 50 mse 0.0346 rmse 0.1859 pcc 0.8321 ccc 0.7914
2021-06-10 01:43:43,741 - utils.logger - INFO - Val result of epoch 48 / 50 mse 0.1461 rmse 0.3822 pcc 0.2069 ccc 0.1869
2021-06-10 01:43:44,417 - utils.logger - INFO - Cur epoch 49 loss MSE:0.0123
2021-06-10 01:43:45,030 - utils.logger - INFO - Cur epoch 49 loss MSE:0.0529
2021-06-10 01:43:45,429 - utils.logger - INFO - Cur epoch 49 loss MSE:21.1436
2021-06-10 01:43:45,429 - utils.logger - INFO - saving the model at the end of epoch 49, iters 294
2021-06-10 01:43:45,748 - utils.logger - INFO - End of training epoch 49 / 50 	 Time Taken: 2 sec, Data loading: 0 sec
2021-06-10 01:43:45,748 - utils.logger - INFO - learning rate = 0.0000003
2021-06-10 01:43:46,546 - utils.logger - INFO - Trn result of epoch 49 / 50 mse 0.0331 rmse 0.1819 pcc 0.8415 ccc 0.8023
2021-06-10 01:43:46,821 - utils.logger - INFO - Val result of epoch 49 / 50 mse 0.1465 rmse 0.3828 pcc 0.2074 ccc 0.1876
2021-06-10 01:43:47,499 - utils.logger - INFO - Cur epoch 50 loss MSE:0.0698
2021-06-10 01:43:47,913 - utils.logger - INFO - Cur epoch 50 loss MSE:0.2082
2021-06-10 01:43:48,322 - utils.logger - INFO - Cur epoch 50 loss MSE:1.1986
2021-06-10 01:43:48,322 - utils.logger - INFO - saving the model at the end of epoch 50, iters 300
2021-06-10 01:43:48,538 - utils.logger - INFO - End of training epoch 50 / 50 	 Time Taken: 1 sec, Data loading: 0 sec
2021-06-10 01:43:48,539 - utils.logger - INFO - learning rate = 0.0000000
2021-06-10 01:43:49,050 - utils.logger - INFO - Trn result of epoch 50 / 50 mse 0.0330 rmse 0.1816 pcc 0.8424 ccc 0.8028
2021-06-10 01:43:49,192 - utils.logger - INFO - Val result of epoch 50 / 50 mse 0.1463 rmse 0.3825 pcc 0.2095 ccc 0.1896
2021-06-10 01:43:49,192 - utils.logger - INFO - Best eval epoch 40 found with ccc 0.269937
2021-06-10 01:43:49,192 - utils.logger - INFO - baseline_earlyfusion_norm_wav2vec-egemaps_EDA_hidden1024_seq100_run1
