2021-06-19 22:21:11,974 - utils.logger - INFO - The number of training samples = 41
2021-06-19 22:21:14,564 - utils.logger - INFO - Cur epoch 1 loss ccc:0.1250
2021-06-19 22:21:15,003 - utils.logger - INFO - Cur epoch 1 loss ccc:0.1309
2021-06-19 22:21:15,344 - utils.logger - INFO - Cur epoch 1 loss ccc:1.0154
2021-06-19 22:21:15,344 - utils.logger - INFO - saving the model at the end of epoch 1, iters 6
2021-06-19 22:21:15,582 - utils.logger - INFO - End of training epoch 1 / 70 	 Time Taken: 1 sec, Data loading: 0 sec
2021-06-19 22:21:15,582 - utils.logger - INFO - learning rate = 0.0001000
2021-06-19 22:21:15,999 - utils.logger - INFO - Trn result of epoch 1 / 70 mse 0.0426 rmse 0.2065 pcc 0.3947 ccc 0.0374
2021-06-19 22:21:16,148 - utils.logger - INFO - Val result of epoch 1 / 70 mse 0.0361 rmse 0.1901 pcc 0.4391 ccc 0.0524
2021-06-19 22:21:16,569 - utils.logger - INFO - Cur epoch 2 loss ccc:0.1231
2021-06-19 22:21:17,205 - utils.logger - INFO - Cur epoch 2 loss ccc:0.1206
2021-06-19 22:21:17,575 - utils.logger - INFO - Cur epoch 2 loss ccc:1.0005
2021-06-19 22:21:17,575 - utils.logger - INFO - saving the model at the end of epoch 2, iters 12
2021-06-19 22:21:17,833 - utils.logger - INFO - End of training epoch 2 / 70 	 Time Taken: 1 sec, Data loading: 0 sec
2021-06-19 22:21:17,834 - utils.logger - INFO - learning rate = 0.0001000
2021-06-19 22:21:18,313 - utils.logger - INFO - Trn result of epoch 2 / 70 mse 0.0427 rmse 0.2067 pcc 0.4089 ccc 0.0479
2021-06-19 22:21:18,494 - utils.logger - INFO - Val result of epoch 2 / 70 mse 0.0356 rmse 0.1886 pcc 0.4464 ccc 0.0684
2021-06-19 22:21:18,911 - utils.logger - INFO - Cur epoch 3 loss ccc:0.1196
2021-06-19 22:21:19,350 - utils.logger - INFO - Cur epoch 3 loss ccc:0.1135
2021-06-19 22:21:19,707 - utils.logger - INFO - Cur epoch 3 loss ccc:1.0000
2021-06-19 22:21:19,710 - utils.logger - INFO - saving the model at the end of epoch 3, iters 18
2021-06-19 22:21:19,961 - utils.logger - INFO - End of training epoch 3 / 70 	 Time Taken: 1 sec, Data loading: 0 sec
2021-06-19 22:21:19,961 - utils.logger - INFO - learning rate = 0.0001000
2021-06-19 22:21:20,582 - utils.logger - INFO - Trn result of epoch 3 / 70 mse 0.0423 rmse 0.2057 pcc 0.4140 ccc 0.0567
2021-06-19 22:21:20,745 - utils.logger - INFO - Val result of epoch 3 / 70 mse 0.0352 rmse 0.1877 pcc 0.4255 ccc 0.0798
2021-06-19 22:21:21,149 - utils.logger - INFO - Cur epoch 4 loss ccc:0.1296
2021-06-19 22:21:21,569 - utils.logger - INFO - Cur epoch 4 loss ccc:0.1209
2021-06-19 22:21:21,915 - utils.logger - INFO - Cur epoch 4 loss ccc:0.9997
2021-06-19 22:21:21,915 - utils.logger - INFO - saving the model at the end of epoch 4, iters 24
2021-06-19 22:21:22,160 - utils.logger - INFO - End of training epoch 4 / 70 	 Time Taken: 1 sec, Data loading: 0 sec
2021-06-19 22:21:22,160 - utils.logger - INFO - learning rate = 0.0001000
2021-06-19 22:21:22,635 - utils.logger - INFO - Trn result of epoch 4 / 70 mse 0.0435 rmse 0.2086 pcc 0.4102 ccc 0.0561
2021-06-19 22:21:22,805 - utils.logger - INFO - Val result of epoch 4 / 70 mse 0.0357 rmse 0.1889 pcc 0.4178 ccc 0.0787
2021-06-19 22:21:23,204 - utils.logger - INFO - Cur epoch 5 loss ccc:0.1078
2021-06-19 22:21:23,625 - utils.logger - INFO - Cur epoch 5 loss ccc:0.1229
2021-06-19 22:21:23,966 - utils.logger - INFO - Cur epoch 5 loss ccc:1.0027
2021-06-19 22:21:23,967 - utils.logger - INFO - saving the model at the end of epoch 5, iters 30
2021-06-19 22:21:24,322 - utils.logger - INFO - End of training epoch 5 / 70 	 Time Taken: 1 sec, Data loading: 0 sec
2021-06-19 22:21:24,322 - utils.logger - INFO - learning rate = 0.0001000
2021-06-19 22:21:24,801 - utils.logger - INFO - Trn result of epoch 5 / 70 mse 0.0480 rmse 0.2190 pcc 0.4473 ccc 0.0237
2021-06-19 22:21:24,970 - utils.logger - INFO - Val result of epoch 5 / 70 mse 0.0389 rmse 0.1973 pcc 0.4579 ccc 0.0323
2021-06-19 22:21:25,370 - utils.logger - INFO - Cur epoch 6 loss ccc:0.1270
2021-06-19 22:21:25,773 - utils.logger - INFO - Cur epoch 6 loss ccc:0.1101
2021-06-19 22:21:26,099 - utils.logger - INFO - Cur epoch 6 loss ccc:1.0014
2021-06-19 22:21:26,099 - utils.logger - INFO - saving the model at the end of epoch 6, iters 36
2021-06-19 22:21:26,343 - utils.logger - INFO - End of training epoch 6 / 70 	 Time Taken: 1 sec, Data loading: 0 sec
2021-06-19 22:21:26,343 - utils.logger - INFO - learning rate = 0.0001000
2021-06-19 22:21:26,792 - utils.logger - INFO - Trn result of epoch 6 / 70 mse 0.0469 rmse 0.2166 pcc 0.4227 ccc 0.0326
2021-06-19 22:21:26,954 - utils.logger - INFO - Val result of epoch 6 / 70 mse 0.0381 rmse 0.1952 pcc 0.4237 ccc 0.0455
2021-06-19 22:21:27,368 - utils.logger - INFO - Cur epoch 7 loss ccc:0.1069
2021-06-19 22:21:27,773 - utils.logger - INFO - Cur epoch 7 loss ccc:0.1184
2021-06-19 22:21:28,102 - utils.logger - INFO - Cur epoch 7 loss ccc:1.0217
2021-06-19 22:21:28,102 - utils.logger - INFO - saving the model at the end of epoch 7, iters 42
2021-06-19 22:21:28,349 - utils.logger - INFO - End of training epoch 7 / 70 	 Time Taken: 1 sec, Data loading: 0 sec
2021-06-19 22:21:28,349 - utils.logger - INFO - learning rate = 0.0001000
2021-06-19 22:21:28,765 - utils.logger - INFO - Trn result of epoch 7 / 70 mse 0.0510 rmse 0.2258 pcc 0.3655 ccc 0.0309
2021-06-19 22:21:28,919 - utils.logger - INFO - Val result of epoch 7 / 70 mse 0.0406 rmse 0.2015 pcc 0.4416 ccc 0.0461
2021-06-19 22:21:29,329 - utils.logger - INFO - Cur epoch 8 loss ccc:0.1250
2021-06-19 22:21:29,740 - utils.logger - INFO - Cur epoch 8 loss ccc:0.1114
2021-06-19 22:21:30,063 - utils.logger - INFO - Cur epoch 8 loss ccc:0.9759
2021-06-19 22:21:30,063 - utils.logger - INFO - saving the model at the end of epoch 8, iters 48
2021-06-19 22:21:30,407 - utils.logger - INFO - End of training epoch 8 / 70 	 Time Taken: 1 sec, Data loading: 0 sec
2021-06-19 22:21:30,407 - utils.logger - INFO - learning rate = 0.0001000
2021-06-19 22:21:30,849 - utils.logger - INFO - Trn result of epoch 8 / 70 mse 0.0487 rmse 0.2207 pcc 0.4274 ccc 0.0240
2021-06-19 22:21:31,001 - utils.logger - INFO - Val result of epoch 8 / 70 mse 0.0393 rmse 0.1983 pcc 0.4805 ccc 0.0345
2021-06-19 22:21:31,406 - utils.logger - INFO - Cur epoch 9 loss ccc:0.1281
2021-06-19 22:21:31,800 - utils.logger - INFO - Cur epoch 9 loss ccc:0.1163
2021-06-19 22:21:32,148 - utils.logger - INFO - Cur epoch 9 loss ccc:1.0064
2021-06-19 22:21:32,148 - utils.logger - INFO - saving the model at the end of epoch 9, iters 54
2021-06-19 22:21:32,407 - utils.logger - INFO - End of training epoch 9 / 70 	 Time Taken: 1 sec, Data loading: 0 sec
2021-06-19 22:21:32,407 - utils.logger - INFO - learning rate = 0.0001000
2021-06-19 22:21:32,871 - utils.logger - INFO - Trn result of epoch 9 / 70 mse 0.0496 rmse 0.2228 pcc 0.4268 ccc 0.0386
2021-06-19 22:21:33,034 - utils.logger - INFO - Val result of epoch 9 / 70 mse 0.0397 rmse 0.1993 pcc 0.4510 ccc 0.0560
2021-06-19 22:21:33,460 - utils.logger - INFO - Cur epoch 10 loss ccc:0.1100
2021-06-19 22:21:33,868 - utils.logger - INFO - Cur epoch 10 loss ccc:0.1269
2021-06-19 22:21:34,209 - utils.logger - INFO - Cur epoch 10 loss ccc:0.9990
2021-06-19 22:21:34,209 - utils.logger - INFO - saving the model at the end of epoch 10, iters 60
2021-06-19 22:21:34,460 - utils.logger - INFO - End of training epoch 10 / 70 	 Time Taken: 1 sec, Data loading: 0 sec
2021-06-19 22:21:34,460 - utils.logger - INFO - learning rate = 0.0001000
2021-06-19 22:21:35,042 - utils.logger - INFO - Trn result of epoch 10 / 70 mse 0.0482 rmse 0.2195 pcc 0.4219 ccc 0.0490
2021-06-19 22:21:35,279 - utils.logger - INFO - Val result of epoch 10 / 70 mse 0.0386 rmse 0.1964 pcc 0.4341 ccc 0.0692
2021-06-19 22:21:35,702 - utils.logger - INFO - Cur epoch 11 loss ccc:0.1250
2021-06-19 22:21:36,135 - utils.logger - INFO - Cur epoch 11 loss ccc:0.1155
2021-06-19 22:21:36,484 - utils.logger - INFO - Cur epoch 11 loss ccc:1.0058
2021-06-19 22:21:36,484 - utils.logger - INFO - saving the model at the end of epoch 11, iters 66
2021-06-19 22:21:36,789 - utils.logger - INFO - End of training epoch 11 / 70 	 Time Taken: 1 sec, Data loading: 0 sec
2021-06-19 22:21:36,790 - utils.logger - INFO - learning rate = 0.0001000
2021-06-19 22:21:37,241 - utils.logger - INFO - Trn result of epoch 11 / 70 mse 0.0473 rmse 0.2175 pcc 0.4025 ccc 0.1089
2021-06-19 22:21:37,408 - utils.logger - INFO - Val result of epoch 11 / 70 mse 0.0376 rmse 0.1940 pcc 0.4099 ccc 0.1534
2021-06-19 22:21:37,815 - utils.logger - INFO - Cur epoch 12 loss ccc:0.1112
2021-06-19 22:21:38,239 - utils.logger - INFO - Cur epoch 12 loss ccc:0.1203
2021-06-19 22:21:38,561 - utils.logger - INFO - Cur epoch 12 loss ccc:1.0004
2021-06-19 22:21:38,562 - utils.logger - INFO - saving the model at the end of epoch 12, iters 72
2021-06-19 22:21:38,811 - utils.logger - INFO - End of training epoch 12 / 70 	 Time Taken: 1 sec, Data loading: 0 sec
2021-06-19 22:21:38,811 - utils.logger - INFO - learning rate = 0.0001000
2021-06-19 22:21:39,352 - utils.logger - INFO - Trn result of epoch 12 / 70 mse 0.0436 rmse 0.2087 pcc 0.4048 ccc 0.1319
2021-06-19 22:21:39,576 - utils.logger - INFO - Val result of epoch 12 / 70 mse 0.0349 rmse 0.1867 pcc 0.4105 ccc 0.1825
2021-06-19 22:21:40,030 - utils.logger - INFO - Cur epoch 13 loss ccc:0.1060
2021-06-19 22:21:40,448 - utils.logger - INFO - Cur epoch 13 loss ccc:0.1156
2021-06-19 22:21:40,790 - utils.logger - INFO - Cur epoch 13 loss ccc:1.0140
2021-06-19 22:21:40,790 - utils.logger - INFO - saving the model at the end of epoch 13, iters 78
2021-06-19 22:21:41,049 - utils.logger - INFO - End of training epoch 13 / 70 	 Time Taken: 1 sec, Data loading: 0 sec
2021-06-19 22:21:41,049 - utils.logger - INFO - learning rate = 0.0001000
2021-06-19 22:21:41,478 - utils.logger - INFO - Trn result of epoch 13 / 70 mse 0.0550 rmse 0.2345 pcc 0.3964 ccc 0.1507
2021-06-19 22:21:41,631 - utils.logger - INFO - Val result of epoch 13 / 70 mse 0.0446 rmse 0.2113 pcc 0.4054 ccc 0.2073
2021-06-19 22:21:42,032 - utils.logger - INFO - Cur epoch 14 loss ccc:0.1341
2021-06-19 22:21:42,444 - utils.logger - INFO - Cur epoch 14 loss ccc:0.1018
2021-06-19 22:21:42,782 - utils.logger - INFO - Cur epoch 14 loss ccc:1.0016
2021-06-19 22:21:42,782 - utils.logger - INFO - saving the model at the end of epoch 14, iters 84
2021-06-19 22:21:43,033 - utils.logger - INFO - End of training epoch 14 / 70 	 Time Taken: 1 sec, Data loading: 0 sec
2021-06-19 22:21:43,033 - utils.logger - INFO - learning rate = 0.0001000
2021-06-19 22:21:43,472 - utils.logger - INFO - Trn result of epoch 14 / 70 mse 0.0619 rmse 0.2489 pcc 0.3998 ccc 0.1430
2021-06-19 22:21:43,634 - utils.logger - INFO - Val result of epoch 14 / 70 mse 0.0508 rmse 0.2255 pcc 0.4097 ccc 0.1964
2021-06-19 22:21:44,060 - utils.logger - INFO - Cur epoch 15 loss ccc:0.1113
2021-06-19 22:21:44,465 - utils.logger - INFO - Cur epoch 15 loss ccc:0.1337
2021-06-19 22:21:44,813 - utils.logger - INFO - Cur epoch 15 loss ccc:1.0030
2021-06-19 22:21:44,813 - utils.logger - INFO - saving the model at the end of epoch 15, iters 90
2021-06-19 22:21:45,101 - utils.logger - INFO - End of training epoch 15 / 70 	 Time Taken: 1 sec, Data loading: 0 sec
2021-06-19 22:21:45,101 - utils.logger - INFO - learning rate = 0.0001000
2021-06-19 22:21:45,544 - utils.logger - INFO - Trn result of epoch 15 / 70 mse 0.0629 rmse 0.2509 pcc 0.4034 ccc 0.1643
2021-06-19 22:21:45,695 - utils.logger - INFO - Val result of epoch 15 / 70 mse 0.0526 rmse 0.2293 pcc 0.4125 ccc 0.2189
2021-06-19 22:21:46,127 - utils.logger - INFO - Cur epoch 16 loss ccc:0.1314
2021-06-19 22:21:46,556 - utils.logger - INFO - Cur epoch 16 loss ccc:0.1250
2021-06-19 22:21:46,916 - utils.logger - INFO - Cur epoch 16 loss ccc:0.9993
2021-06-19 22:21:46,916 - utils.logger - INFO - saving the model at the end of epoch 16, iters 96
2021-06-19 22:21:47,161 - utils.logger - INFO - End of training epoch 16 / 70 	 Time Taken: 1 sec, Data loading: 0 sec
2021-06-19 22:21:47,161 - utils.logger - INFO - learning rate = 0.0001000
2021-06-19 22:21:47,629 - utils.logger - INFO - Trn result of epoch 16 / 70 mse 0.0848 rmse 0.2911 pcc 0.4086 ccc 0.1442
2021-06-19 22:21:47,795 - utils.logger - INFO - Val result of epoch 16 / 70 mse 0.0720 rmse 0.2683 pcc 0.4295 ccc 0.1929
2021-06-19 22:21:48,189 - utils.logger - INFO - Cur epoch 17 loss ccc:0.1250
2021-06-19 22:21:48,588 - utils.logger - INFO - Cur epoch 17 loss ccc:0.1251
2021-06-19 22:21:48,929 - utils.logger - INFO - Cur epoch 17 loss ccc:1.0001
2021-06-19 22:21:48,930 - utils.logger - INFO - saving the model at the end of epoch 17, iters 102
2021-06-19 22:21:49,173 - utils.logger - INFO - End of training epoch 17 / 70 	 Time Taken: 1 sec, Data loading: 0 sec
2021-06-19 22:21:49,173 - utils.logger - INFO - learning rate = 0.0001000
2021-06-19 22:21:49,617 - utils.logger - INFO - Trn result of epoch 17 / 70 mse 0.0804 rmse 0.2836 pcc 0.4085 ccc 0.1508
2021-06-19 22:21:49,945 - utils.logger - INFO - Val result of epoch 17 / 70 mse 0.0687 rmse 0.2620 pcc 0.4246 ccc 0.1987
2021-06-19 22:21:50,374 - utils.logger - INFO - Cur epoch 18 loss ccc:0.1209
2021-06-19 22:21:50,805 - utils.logger - INFO - Cur epoch 18 loss ccc:0.1350
2021-06-19 22:21:51,172 - utils.logger - INFO - Cur epoch 18 loss ccc:0.9984
2021-06-19 22:21:51,172 - utils.logger - INFO - saving the model at the end of epoch 18, iters 108
2021-06-19 22:21:51,597 - utils.logger - INFO - End of training epoch 18 / 70 	 Time Taken: 1 sec, Data loading: 0 sec
2021-06-19 22:21:51,597 - utils.logger - INFO - learning rate = 0.0001000
2021-06-19 22:21:52,024 - utils.logger - INFO - Trn result of epoch 18 / 70 mse 0.0738 rmse 0.2716 pcc 0.4078 ccc 0.1615
2021-06-19 22:21:52,177 - utils.logger - INFO - Val result of epoch 18 / 70 mse 0.0622 rmse 0.2494 pcc 0.4232 ccc 0.2134
2021-06-19 22:21:52,601 - utils.logger - INFO - Cur epoch 19 loss ccc:0.1230
2021-06-19 22:21:53,030 - utils.logger - INFO - Cur epoch 19 loss ccc:0.1389
2021-06-19 22:21:53,386 - utils.logger - INFO - Cur epoch 19 loss ccc:1.0046
2021-06-19 22:21:53,386 - utils.logger - INFO - saving the model at the end of epoch 19, iters 114
2021-06-19 22:21:53,640 - utils.logger - INFO - End of training epoch 19 / 70 	 Time Taken: 1 sec, Data loading: 0 sec
2021-06-19 22:21:53,640 - utils.logger - INFO - learning rate = 0.0001000
2021-06-19 22:21:54,082 - utils.logger - INFO - Trn result of epoch 19 / 70 mse 0.0746 rmse 0.2731 pcc 0.4114 ccc 0.1653
2021-06-19 22:21:54,249 - utils.logger - INFO - Val result of epoch 19 / 70 mse 0.0634 rmse 0.2518 pcc 0.4230 ccc 0.2159
2021-06-19 22:21:54,689 - utils.logger - INFO - Cur epoch 20 loss ccc:0.1274
2021-06-19 22:21:55,138 - utils.logger - INFO - Cur epoch 20 loss ccc:0.1240
2021-06-19 22:21:55,516 - utils.logger - INFO - Cur epoch 20 loss ccc:0.9964
2021-06-19 22:21:55,516 - utils.logger - INFO - saving the model at the end of epoch 20, iters 120
2021-06-19 22:21:55,766 - utils.logger - INFO - End of training epoch 20 / 70 	 Time Taken: 1 sec, Data loading: 0 sec
2021-06-19 22:21:55,766 - utils.logger - INFO - learning rate = 0.0001000
2021-06-19 22:21:56,206 - utils.logger - INFO - Trn result of epoch 20 / 70 mse 0.0641 rmse 0.2532 pcc 0.4135 ccc 0.1844
2021-06-19 22:21:56,440 - utils.logger - INFO - Val result of epoch 20 / 70 mse 0.0530 rmse 0.2303 pcc 0.4288 ccc 0.2450
2021-06-19 22:21:56,851 - utils.logger - INFO - Cur epoch 21 loss ccc:0.1099
2021-06-19 22:21:57,284 - utils.logger - INFO - Cur epoch 21 loss ccc:0.1459
2021-06-19 22:21:57,634 - utils.logger - INFO - Cur epoch 21 loss ccc:0.9949
2021-06-19 22:21:57,634 - utils.logger - INFO - saving the model at the end of epoch 21, iters 126
2021-06-19 22:21:57,870 - utils.logger - INFO - End of training epoch 21 / 70 	 Time Taken: 1 sec, Data loading: 0 sec
2021-06-19 22:21:57,870 - utils.logger - INFO - learning rate = 0.0001000
2021-06-19 22:21:58,313 - utils.logger - INFO - Trn result of epoch 21 / 70 mse 0.0451 rmse 0.2125 pcc 0.4104 ccc 0.1186
2021-06-19 22:21:58,478 - utils.logger - INFO - Val result of epoch 21 / 70 mse 0.0351 rmse 0.1873 pcc 0.4590 ccc 0.1724
2021-06-19 22:21:58,883 - utils.logger - INFO - Cur epoch 22 loss ccc:0.1205
2021-06-19 22:21:59,296 - utils.logger - INFO - Cur epoch 22 loss ccc:0.1309
2021-06-19 22:21:59,629 - utils.logger - INFO - Cur epoch 22 loss ccc:1.0081
2021-06-19 22:21:59,629 - utils.logger - INFO - saving the model at the end of epoch 22, iters 132
2021-06-19 22:21:59,866 - utils.logger - INFO - End of training epoch 22 / 70 	 Time Taken: 1 sec, Data loading: 0 sec
2021-06-19 22:21:59,866 - utils.logger - INFO - learning rate = 0.0001000
2021-06-19 22:22:00,278 - utils.logger - INFO - Trn result of epoch 22 / 70 mse 0.0583 rmse 0.2414 pcc 0.4136 ccc 0.0690
2021-06-19 22:22:00,424 - utils.logger - INFO - Val result of epoch 22 / 70 mse 0.0456 rmse 0.2136 pcc 0.4595 ccc 0.1009
2021-06-19 22:22:00,827 - utils.logger - INFO - Cur epoch 23 loss ccc:0.1253
2021-06-19 22:22:01,238 - utils.logger - INFO - Cur epoch 23 loss ccc:0.1148
2021-06-19 22:22:01,571 - utils.logger - INFO - Cur epoch 23 loss ccc:1.0046
2021-06-19 22:22:01,571 - utils.logger - INFO - saving the model at the end of epoch 23, iters 138
2021-06-19 22:22:01,809 - utils.logger - INFO - End of training epoch 23 / 70 	 Time Taken: 1 sec, Data loading: 0 sec
2021-06-19 22:22:01,809 - utils.logger - INFO - learning rate = 0.0001000
2021-06-19 22:22:02,229 - utils.logger - INFO - Trn result of epoch 23 / 70 mse 0.0598 rmse 0.2445 pcc 0.4123 ccc 0.0827
2021-06-19 22:22:02,378 - utils.logger - INFO - Val result of epoch 23 / 70 mse 0.0466 rmse 0.2160 pcc 0.4527 ccc 0.1184
2021-06-19 22:22:02,797 - utils.logger - INFO - Cur epoch 24 loss ccc:0.1352
2021-06-19 22:22:03,230 - utils.logger - INFO - Cur epoch 24 loss ccc:0.1198
2021-06-19 22:22:03,603 - utils.logger - INFO - Cur epoch 24 loss ccc:0.8884
2021-06-19 22:22:03,603 - utils.logger - INFO - saving the model at the end of epoch 24, iters 144
2021-06-19 22:22:03,858 - utils.logger - INFO - End of training epoch 24 / 70 	 Time Taken: 1 sec, Data loading: 0 sec
2021-06-19 22:22:03,858 - utils.logger - INFO - learning rate = 0.0001000
2021-06-19 22:22:04,311 - utils.logger - INFO - Trn result of epoch 24 / 70 mse 0.0465 rmse 0.2156 pcc 0.4097 ccc 0.1579
2021-06-19 22:22:04,556 - utils.logger - INFO - Val result of epoch 24 / 70 mse 0.0362 rmse 0.1903 pcc 0.4363 ccc 0.2225
2021-06-19 22:22:05,000 - utils.logger - INFO - Cur epoch 25 loss ccc:0.1238
2021-06-19 22:22:05,423 - utils.logger - INFO - Cur epoch 25 loss ccc:0.1238
2021-06-19 22:22:05,765 - utils.logger - INFO - Cur epoch 25 loss ccc:1.0067
2021-06-19 22:22:05,765 - utils.logger - INFO - saving the model at the end of epoch 25, iters 150
2021-06-19 22:22:06,195 - utils.logger - INFO - End of training epoch 25 / 70 	 Time Taken: 1 sec, Data loading: 0 sec
2021-06-19 22:22:06,196 - utils.logger - INFO - learning rate = 0.0001000
2021-06-19 22:22:06,676 - utils.logger - INFO - Trn result of epoch 25 / 70 mse 0.0634 rmse 0.2519 pcc 0.4116 ccc 0.1653
2021-06-19 22:22:06,840 - utils.logger - INFO - Val result of epoch 25 / 70 mse 0.0501 rmse 0.2239 pcc 0.4435 ccc 0.2337
2021-06-19 22:22:07,249 - utils.logger - INFO - Cur epoch 26 loss ccc:0.1250
2021-06-19 22:22:07,638 - utils.logger - INFO - Cur epoch 26 loss ccc:0.1250
2021-06-19 22:22:07,981 - utils.logger - INFO - Cur epoch 26 loss ccc:0.9757
2021-06-19 22:22:07,981 - utils.logger - INFO - saving the model at the end of epoch 26, iters 156
2021-06-19 22:22:08,218 - utils.logger - INFO - End of training epoch 26 / 70 	 Time Taken: 1 sec, Data loading: 0 sec
2021-06-19 22:22:08,218 - utils.logger - INFO - learning rate = 0.0001000
2021-06-19 22:22:08,647 - utils.logger - INFO - Trn result of epoch 26 / 70 mse 0.0595 rmse 0.2439 pcc 0.4104 ccc 0.2269
2021-06-19 22:22:08,808 - utils.logger - INFO - Val result of epoch 26 / 70 mse 0.0500 rmse 0.2237 pcc 0.4319 ccc 0.2959
2021-06-19 22:22:09,227 - utils.logger - INFO - Cur epoch 27 loss ccc:0.1479
2021-06-19 22:22:09,663 - utils.logger - INFO - Cur epoch 27 loss ccc:0.1203
2021-06-19 22:22:10,006 - utils.logger - INFO - Cur epoch 27 loss ccc:0.9989
2021-06-19 22:22:10,006 - utils.logger - INFO - saving the model at the end of epoch 27, iters 162
2021-06-19 22:22:10,241 - utils.logger - INFO - End of training epoch 27 / 70 	 Time Taken: 1 sec, Data loading: 0 sec
2021-06-19 22:22:10,241 - utils.logger - INFO - learning rate = 0.0001000
2021-06-19 22:22:10,669 - utils.logger - INFO - Trn result of epoch 27 / 70 mse 0.0516 rmse 0.2272 pcc 0.4098 ccc 0.2502
2021-06-19 22:22:10,829 - utils.logger - INFO - Val result of epoch 27 / 70 mse 0.0423 rmse 0.2056 pcc 0.4383 ccc 0.3304
2021-06-19 22:22:11,239 - utils.logger - INFO - Cur epoch 28 loss ccc:0.1312
2021-06-19 22:22:11,662 - utils.logger - INFO - Cur epoch 28 loss ccc:0.1108
2021-06-19 22:22:12,017 - utils.logger - INFO - Cur epoch 28 loss ccc:1.0033
2021-06-19 22:22:12,017 - utils.logger - INFO - saving the model at the end of epoch 28, iters 168
2021-06-19 22:22:12,265 - utils.logger - INFO - End of training epoch 28 / 70 	 Time Taken: 1 sec, Data loading: 0 sec
2021-06-19 22:22:12,266 - utils.logger - INFO - learning rate = 0.0001000
2021-06-19 22:22:12,693 - utils.logger - INFO - Trn result of epoch 28 / 70 mse 0.0525 rmse 0.2292 pcc 0.4059 ccc 0.2349
2021-06-19 22:22:12,842 - utils.logger - INFO - Val result of epoch 28 / 70 mse 0.0429 rmse 0.2071 pcc 0.4314 ccc 0.3117
2021-06-19 22:22:13,261 - utils.logger - INFO - Cur epoch 29 loss ccc:0.1344
2021-06-19 22:22:13,664 - utils.logger - INFO - Cur epoch 29 loss ccc:0.1221
2021-06-19 22:22:13,992 - utils.logger - INFO - Cur epoch 29 loss ccc:0.9929
2021-06-19 22:22:13,993 - utils.logger - INFO - saving the model at the end of epoch 29, iters 174
2021-06-19 22:22:14,235 - utils.logger - INFO - End of training epoch 29 / 70 	 Time Taken: 1 sec, Data loading: 0 sec
2021-06-19 22:22:14,235 - utils.logger - INFO - learning rate = 0.0001000
2021-06-19 22:22:14,688 - utils.logger - INFO - Trn result of epoch 29 / 70 mse 0.0388 rmse 0.1971 pcc 0.4062 ccc 0.3041
2021-06-19 22:22:14,847 - utils.logger - INFO - Val result of epoch 29 / 70 mse 0.0336 rmse 0.1833 pcc 0.4205 ccc 0.3738
2021-06-19 22:22:15,222 - utils.logger - INFO - Cur epoch 30 loss ccc:0.1032
2021-06-19 22:22:15,614 - utils.logger - INFO - Cur epoch 30 loss ccc:0.1099
2021-06-19 22:22:15,973 - utils.logger - INFO - Cur epoch 30 loss ccc:0.9948
2021-06-19 22:22:15,974 - utils.logger - INFO - saving the model at the end of epoch 30, iters 180
2021-06-19 22:22:16,213 - utils.logger - INFO - End of training epoch 30 / 70 	 Time Taken: 1 sec, Data loading: 0 sec
2021-06-19 22:22:16,214 - utils.logger - INFO - learning rate = 0.0000976
2021-06-19 22:22:16,696 - utils.logger - INFO - Trn result of epoch 30 / 70 mse 0.0382 rmse 0.1955 pcc 0.3988 ccc 0.3067
2021-06-19 22:22:16,859 - utils.logger - INFO - Val result of epoch 30 / 70 mse 0.0360 rmse 0.1896 pcc 0.4021 ccc 0.3511
2021-06-19 22:22:17,279 - utils.logger - INFO - Cur epoch 31 loss ccc:0.1035
2021-06-19 22:22:17,719 - utils.logger - INFO - Cur epoch 31 loss ccc:0.1244
2021-06-19 22:22:18,075 - utils.logger - INFO - Cur epoch 31 loss ccc:0.8521
2021-06-19 22:22:18,075 - utils.logger - INFO - saving the model at the end of epoch 31, iters 186
2021-06-19 22:22:18,463 - utils.logger - INFO - End of training epoch 31 / 70 	 Time Taken: 1 sec, Data loading: 0 sec
2021-06-19 22:22:18,464 - utils.logger - INFO - learning rate = 0.0000951
2021-06-19 22:22:18,930 - utils.logger - INFO - Trn result of epoch 31 / 70 mse 0.0392 rmse 0.1979 pcc 0.4017 ccc 0.3451
2021-06-19 22:22:19,093 - utils.logger - INFO - Val result of epoch 31 / 70 mse 0.0385 rmse 0.1963 pcc 0.4088 ccc 0.3846
2021-06-19 22:22:19,492 - utils.logger - INFO - Cur epoch 32 loss ccc:0.1195
2021-06-19 22:22:19,927 - utils.logger - INFO - Cur epoch 32 loss ccc:0.1249
2021-06-19 22:22:20,270 - utils.logger - INFO - Cur epoch 32 loss ccc:1.0036
2021-06-19 22:22:20,270 - utils.logger - INFO - saving the model at the end of epoch 32, iters 192
2021-06-19 22:22:20,502 - utils.logger - INFO - End of training epoch 32 / 70 	 Time Taken: 1 sec, Data loading: 0 sec
2021-06-19 22:22:20,503 - utils.logger - INFO - learning rate = 0.0000927
2021-06-19 22:22:20,917 - utils.logger - INFO - Trn result of epoch 32 / 70 mse 0.0461 rmse 0.2146 pcc 0.4065 ccc 0.3021
2021-06-19 22:22:21,062 - utils.logger - INFO - Val result of epoch 32 / 70 mse 0.0388 rmse 0.1969 pcc 0.4373 ccc 0.3831
2021-06-19 22:22:21,502 - utils.logger - INFO - Cur epoch 33 loss ccc:0.1221
2021-06-19 22:22:21,906 - utils.logger - INFO - Cur epoch 33 loss ccc:0.1123
2021-06-19 22:22:22,252 - utils.logger - INFO - Cur epoch 33 loss ccc:1.0450
2021-06-19 22:22:22,252 - utils.logger - INFO - saving the model at the end of epoch 33, iters 198
2021-06-19 22:22:22,510 - utils.logger - INFO - End of training epoch 33 / 70 	 Time Taken: 1 sec, Data loading: 0 sec
2021-06-19 22:22:22,510 - utils.logger - INFO - learning rate = 0.0000902
2021-06-19 22:22:22,943 - utils.logger - INFO - Trn result of epoch 33 / 70 mse 0.0516 rmse 0.2272 pcc 0.4082 ccc 0.2591
2021-06-19 22:22:23,105 - utils.logger - INFO - Val result of epoch 33 / 70 mse 0.0417 rmse 0.2043 pcc 0.4434 ccc 0.3445
2021-06-19 22:22:23,540 - utils.logger - INFO - Cur epoch 34 loss ccc:0.1036
2021-06-19 22:22:23,976 - utils.logger - INFO - Cur epoch 34 loss ccc:0.1263
2021-06-19 22:22:24,335 - utils.logger - INFO - Cur epoch 34 loss ccc:0.9940
2021-06-19 22:22:24,335 - utils.logger - INFO - saving the model at the end of epoch 34, iters 204
2021-06-19 22:22:24,577 - utils.logger - INFO - End of training epoch 34 / 70 	 Time Taken: 1 sec, Data loading: 0 sec
2021-06-19 22:22:24,578 - utils.logger - INFO - learning rate = 0.0000878
2021-06-19 22:22:25,002 - utils.logger - INFO - Trn result of epoch 34 / 70 mse 0.0518 rmse 0.2276 pcc 0.4099 ccc 0.2583
2021-06-19 22:22:25,147 - utils.logger - INFO - Val result of epoch 34 / 70 mse 0.0418 rmse 0.2044 pcc 0.4447 ccc 0.3443
2021-06-19 22:22:25,552 - utils.logger - INFO - Cur epoch 35 loss ccc:0.1069
2021-06-19 22:22:25,945 - utils.logger - INFO - Cur epoch 35 loss ccc:0.1251
2021-06-19 22:22:26,290 - utils.logger - INFO - Cur epoch 35 loss ccc:1.0008
2021-06-19 22:22:26,290 - utils.logger - INFO - saving the model at the end of epoch 35, iters 210
2021-06-19 22:22:26,531 - utils.logger - INFO - End of training epoch 35 / 70 	 Time Taken: 1 sec, Data loading: 0 sec
2021-06-19 22:22:26,531 - utils.logger - INFO - learning rate = 0.0000854
2021-06-19 22:22:26,996 - utils.logger - INFO - Trn result of epoch 35 / 70 mse 0.0463 rmse 0.2152 pcc 0.4090 ccc 0.2818
2021-06-19 22:22:27,166 - utils.logger - INFO - Val result of epoch 35 / 70 mse 0.0377 rmse 0.1942 pcc 0.4427 ccc 0.3693
2021-06-19 22:22:27,561 - utils.logger - INFO - Cur epoch 36 loss ccc:0.1090
2021-06-19 22:22:27,970 - utils.logger - INFO - Cur epoch 36 loss ccc:0.1213
2021-06-19 22:22:28,292 - utils.logger - INFO - Cur epoch 36 loss ccc:0.9917
2021-06-19 22:22:28,292 - utils.logger - INFO - saving the model at the end of epoch 36, iters 216
2021-06-19 22:22:28,808 - utils.logger - INFO - End of training epoch 36 / 70 	 Time Taken: 1 sec, Data loading: 0 sec
2021-06-19 22:22:28,809 - utils.logger - INFO - learning rate = 0.0000829
2021-06-19 22:22:29,236 - utils.logger - INFO - Trn result of epoch 36 / 70 mse 0.0409 rmse 0.2024 pcc 0.4105 ccc 0.3262
2021-06-19 22:22:29,380 - utils.logger - INFO - Val result of epoch 36 / 70 mse 0.0341 rmse 0.1847 pcc 0.4478 ccc 0.4138
2021-06-19 22:22:29,810 - utils.logger - INFO - Cur epoch 37 loss ccc:0.1164
2021-06-19 22:22:30,219 - utils.logger - INFO - Cur epoch 37 loss ccc:0.1125
2021-06-19 22:22:30,571 - utils.logger - INFO - Cur epoch 37 loss ccc:0.9974
2021-06-19 22:22:30,571 - utils.logger - INFO - saving the model at the end of epoch 37, iters 222
2021-06-19 22:22:30,837 - utils.logger - INFO - End of training epoch 37 / 70 	 Time Taken: 1 sec, Data loading: 0 sec
2021-06-19 22:22:30,837 - utils.logger - INFO - learning rate = 0.0000805
2021-06-19 22:22:31,335 - utils.logger - INFO - Trn result of epoch 37 / 70 mse 0.0381 rmse 0.1952 pcc 0.4111 ccc 0.3320
2021-06-19 22:22:31,576 - utils.logger - INFO - Val result of epoch 37 / 70 mse 0.0320 rmse 0.1788 pcc 0.4528 ccc 0.4180
2021-06-19 22:22:32,018 - utils.logger - INFO - Cur epoch 38 loss ccc:0.1117
2021-06-19 22:22:32,440 - utils.logger - INFO - Cur epoch 38 loss ccc:0.0948
2021-06-19 22:22:32,774 - utils.logger - INFO - Cur epoch 38 loss ccc:0.9957
2021-06-19 22:22:32,774 - utils.logger - INFO - saving the model at the end of epoch 38, iters 228
2021-06-19 22:22:33,013 - utils.logger - INFO - End of training epoch 38 / 70 	 Time Taken: 1 sec, Data loading: 0 sec
2021-06-19 22:22:33,013 - utils.logger - INFO - learning rate = 0.0000780
2021-06-19 22:22:33,443 - utils.logger - INFO - Trn result of epoch 38 / 70 mse 0.0372 rmse 0.1928 pcc 0.4137 ccc 0.3484
2021-06-19 22:22:33,589 - utils.logger - INFO - Val result of epoch 38 / 70 mse 0.0332 rmse 0.1821 pcc 0.4503 ccc 0.4187
2021-06-19 22:22:33,998 - utils.logger - INFO - Cur epoch 39 loss ccc:0.1243
2021-06-19 22:22:34,404 - utils.logger - INFO - Cur epoch 39 loss ccc:0.1178
2021-06-19 22:22:34,733 - utils.logger - INFO - Cur epoch 39 loss ccc:0.9997
2021-06-19 22:22:34,733 - utils.logger - INFO - saving the model at the end of epoch 39, iters 234
2021-06-19 22:22:34,968 - utils.logger - INFO - End of training epoch 39 / 70 	 Time Taken: 1 sec, Data loading: 0 sec
2021-06-19 22:22:34,968 - utils.logger - INFO - learning rate = 0.0000756
2021-06-19 22:22:35,421 - utils.logger - INFO - Trn result of epoch 39 / 70 mse 0.0390 rmse 0.1975 pcc 0.4122 ccc 0.3259
2021-06-19 22:22:35,584 - utils.logger - INFO - Val result of epoch 39 / 70 mse 0.0366 rmse 0.1914 pcc 0.4528 ccc 0.3816
2021-06-19 22:22:36,000 - utils.logger - INFO - Cur epoch 40 loss ccc:0.1316
2021-06-19 22:22:36,419 - utils.logger - INFO - Cur epoch 40 loss ccc:0.1211
2021-06-19 22:22:36,766 - utils.logger - INFO - Cur epoch 40 loss ccc:1.0484
2021-06-19 22:22:36,766 - utils.logger - INFO - saving the model at the end of epoch 40, iters 240
2021-06-19 22:22:37,016 - utils.logger - INFO - End of training epoch 40 / 70 	 Time Taken: 1 sec, Data loading: 0 sec
2021-06-19 22:22:37,016 - utils.logger - INFO - learning rate = 0.0000732
2021-06-19 22:22:37,448 - utils.logger - INFO - Trn result of epoch 40 / 70 mse 0.0368 rmse 0.1918 pcc 0.4109 ccc 0.3255
2021-06-19 22:22:37,602 - utils.logger - INFO - Val result of epoch 40 / 70 mse 0.0318 rmse 0.1782 pcc 0.4555 ccc 0.4018
2021-06-19 22:22:38,018 - utils.logger - INFO - Cur epoch 41 loss ccc:0.1248
2021-06-19 22:22:38,448 - utils.logger - INFO - Cur epoch 41 loss ccc:0.1118
2021-06-19 22:22:38,799 - utils.logger - INFO - Cur epoch 41 loss ccc:1.0000
2021-06-19 22:22:38,799 - utils.logger - INFO - saving the model at the end of epoch 41, iters 246
2021-06-19 22:22:39,221 - utils.logger - INFO - End of training epoch 41 / 70 	 Time Taken: 1 sec, Data loading: 0 sec
2021-06-19 22:22:39,221 - utils.logger - INFO - learning rate = 0.0000707
2021-06-19 22:22:39,651 - utils.logger - INFO - Trn result of epoch 41 / 70 mse 0.0372 rmse 0.1928 pcc 0.4057 ccc 0.3276
2021-06-19 22:22:39,798 - utils.logger - INFO - Val result of epoch 41 / 70 mse 0.0322 rmse 0.1793 pcc 0.4579 ccc 0.4064
2021-06-19 22:22:40,195 - utils.logger - INFO - Cur epoch 42 loss ccc:0.1069
2021-06-19 22:22:40,590 - utils.logger - INFO - Cur epoch 42 loss ccc:0.1275
2021-06-19 22:22:40,900 - utils.logger - INFO - Cur epoch 42 loss ccc:0.9939
2021-06-19 22:22:40,900 - utils.logger - INFO - saving the model at the end of epoch 42, iters 252
2021-06-19 22:22:41,138 - utils.logger - INFO - End of training epoch 42 / 70 	 Time Taken: 1 sec, Data loading: 0 sec
2021-06-19 22:22:41,138 - utils.logger - INFO - learning rate = 0.0000683
2021-06-19 22:22:41,564 - utils.logger - INFO - Trn result of epoch 42 / 70 mse 0.0401 rmse 0.2002 pcc 0.4044 ccc 0.3512
2021-06-19 22:22:41,787 - utils.logger - INFO - Val result of epoch 42 / 70 mse 0.0381 rmse 0.1953 pcc 0.4529 ccc 0.4097
2021-06-19 22:22:42,201 - utils.logger - INFO - Cur epoch 43 loss ccc:0.1190
2021-06-19 22:22:42,597 - utils.logger - INFO - Cur epoch 43 loss ccc:0.1250
2021-06-19 22:22:42,927 - utils.logger - INFO - Cur epoch 43 loss ccc:0.9987
2021-06-19 22:22:42,927 - utils.logger - INFO - saving the model at the end of epoch 43, iters 258
2021-06-19 22:22:43,186 - utils.logger - INFO - End of training epoch 43 / 70 	 Time Taken: 1 sec, Data loading: 0 sec
2021-06-19 22:22:43,186 - utils.logger - INFO - learning rate = 0.0000659
2021-06-19 22:22:43,610 - utils.logger - INFO - Trn result of epoch 43 / 70 mse 0.0413 rmse 0.2031 pcc 0.4038 ccc 0.3544
2021-06-19 22:22:43,756 - utils.logger - INFO - Val result of epoch 43 / 70 mse 0.0400 rmse 0.2000 pcc 0.4526 ccc 0.4089
2021-06-19 22:22:44,158 - utils.logger - INFO - Cur epoch 44 loss ccc:0.1100
2021-06-19 22:22:44,547 - utils.logger - INFO - Cur epoch 44 loss ccc:0.1361
2021-06-19 22:22:44,853 - utils.logger - INFO - Cur epoch 44 loss ccc:0.9991
2021-06-19 22:22:44,854 - utils.logger - INFO - saving the model at the end of epoch 44, iters 264
2021-06-19 22:22:45,085 - utils.logger - INFO - End of training epoch 44 / 70 	 Time Taken: 1 sec, Data loading: 0 sec
2021-06-19 22:22:45,086 - utils.logger - INFO - learning rate = 0.0000634
2021-06-19 22:22:45,506 - utils.logger - INFO - Trn result of epoch 44 / 70 mse 0.0408 rmse 0.2021 pcc 0.3973 ccc 0.3527
2021-06-19 22:22:45,651 - utils.logger - INFO - Val result of epoch 44 / 70 mse 0.0382 rmse 0.1954 pcc 0.4597 ccc 0.4177
2021-06-19 22:22:46,054 - utils.logger - INFO - Cur epoch 45 loss ccc:0.1198
2021-06-19 22:22:46,440 - utils.logger - INFO - Cur epoch 45 loss ccc:0.0842
2021-06-19 22:22:46,764 - utils.logger - INFO - Cur epoch 45 loss ccc:0.9763
2021-06-19 22:22:46,764 - utils.logger - INFO - saving the model at the end of epoch 45, iters 270
2021-06-19 22:22:47,004 - utils.logger - INFO - End of training epoch 45 / 70 	 Time Taken: 1 sec, Data loading: 0 sec
2021-06-19 22:22:47,005 - utils.logger - INFO - learning rate = 0.0000610
2021-06-19 22:22:47,428 - utils.logger - INFO - Trn result of epoch 45 / 70 mse 0.0475 rmse 0.2180 pcc 0.3964 ccc 0.3237
2021-06-19 22:22:47,571 - utils.logger - INFO - Val result of epoch 45 / 70 mse 0.0369 rmse 0.1921 pcc 0.4639 ccc 0.4342
2021-06-19 22:22:47,972 - utils.logger - INFO - Cur epoch 46 loss ccc:0.1160
2021-06-19 22:22:48,378 - utils.logger - INFO - Cur epoch 46 loss ccc:0.0964
2021-06-19 22:22:48,704 - utils.logger - INFO - Cur epoch 46 loss ccc:1.0000
2021-06-19 22:22:48,704 - utils.logger - INFO - saving the model at the end of epoch 46, iters 276
2021-06-19 22:22:48,937 - utils.logger - INFO - End of training epoch 46 / 70 	 Time Taken: 1 sec, Data loading: 0 sec
2021-06-19 22:22:48,937 - utils.logger - INFO - learning rate = 0.0000585
2021-06-19 22:22:49,389 - utils.logger - INFO - Trn result of epoch 46 / 70 mse 0.0459 rmse 0.2143 pcc 0.3977 ccc 0.3282
2021-06-19 22:22:49,551 - utils.logger - INFO - Val result of epoch 46 / 70 mse 0.0359 rmse 0.1894 pcc 0.4648 ccc 0.4378
2021-06-19 22:22:49,952 - utils.logger - INFO - Cur epoch 47 loss ccc:0.1233
2021-06-19 22:22:50,353 - utils.logger - INFO - Cur epoch 47 loss ccc:0.1200
2021-06-19 22:22:50,672 - utils.logger - INFO - Cur epoch 47 loss ccc:1.0103
2021-06-19 22:22:50,672 - utils.logger - INFO - saving the model at the end of epoch 47, iters 282
2021-06-19 22:22:50,904 - utils.logger - INFO - End of training epoch 47 / 70 	 Time Taken: 1 sec, Data loading: 0 sec
2021-06-19 22:22:50,904 - utils.logger - INFO - learning rate = 0.0000561
2021-06-19 22:22:51,321 - utils.logger - INFO - Trn result of epoch 47 / 70 mse 0.0422 rmse 0.2054 pcc 0.3956 ccc 0.3468
2021-06-19 22:22:51,469 - utils.logger - INFO - Val result of epoch 47 / 70 mse 0.0339 rmse 0.1840 pcc 0.4652 ccc 0.4503
2021-06-19 22:22:51,869 - utils.logger - INFO - Cur epoch 48 loss ccc:0.1250
2021-06-19 22:22:52,272 - utils.logger - INFO - Cur epoch 48 loss ccc:0.0979
2021-06-19 22:22:52,597 - utils.logger - INFO - Cur epoch 48 loss ccc:1.0000
2021-06-19 22:22:52,597 - utils.logger - INFO - saving the model at the end of epoch 48, iters 288
2021-06-19 22:22:52,846 - utils.logger - INFO - End of training epoch 48 / 70 	 Time Taken: 1 sec, Data loading: 0 sec
2021-06-19 22:22:52,846 - utils.logger - INFO - learning rate = 0.0000537
2021-06-19 22:22:53,263 - utils.logger - INFO - Trn result of epoch 48 / 70 mse 0.0395 rmse 0.1986 pcc 0.4067 ccc 0.3667
2021-06-19 22:22:53,411 - utils.logger - INFO - Val result of epoch 48 / 70 mse 0.0364 rmse 0.1909 pcc 0.4631 ccc 0.4335
2021-06-19 22:22:53,808 - utils.logger - INFO - Cur epoch 49 loss ccc:0.1214
2021-06-19 22:22:54,211 - utils.logger - INFO - Cur epoch 49 loss ccc:0.1161
2021-06-19 22:22:54,524 - utils.logger - INFO - Cur epoch 49 loss ccc:1.0629
2021-06-19 22:22:54,524 - utils.logger - INFO - saving the model at the end of epoch 49, iters 294
2021-06-19 22:22:55,010 - utils.logger - INFO - End of training epoch 49 / 70 	 Time Taken: 1 sec, Data loading: 0 sec
2021-06-19 22:22:55,010 - utils.logger - INFO - learning rate = 0.0000512
2021-06-19 22:22:55,436 - utils.logger - INFO - Trn result of epoch 49 / 70 mse 0.0444 rmse 0.2107 pcc 0.4149 ccc 0.3529
2021-06-19 22:22:55,587 - utils.logger - INFO - Val result of epoch 49 / 70 mse 0.0451 rmse 0.2123 pcc 0.4567 ccc 0.3932
2021-06-19 22:22:55,996 - utils.logger - INFO - Cur epoch 50 loss ccc:0.1250
2021-06-19 22:22:56,407 - utils.logger - INFO - Cur epoch 50 loss ccc:0.1104
2021-06-19 22:22:56,779 - utils.logger - INFO - Cur epoch 50 loss ccc:0.9836
2021-06-19 22:22:56,779 - utils.logger - INFO - saving the model at the end of epoch 50, iters 300
2021-06-19 22:22:57,019 - utils.logger - INFO - End of training epoch 50 / 70 	 Time Taken: 1 sec, Data loading: 0 sec
2021-06-19 22:22:57,020 - utils.logger - INFO - learning rate = 0.0000488
2021-06-19 22:22:57,483 - utils.logger - INFO - Trn result of epoch 50 / 70 mse 0.0453 rmse 0.2127 pcc 0.4107 ccc 0.3611
2021-06-19 22:22:57,643 - utils.logger - INFO - Val result of epoch 50 / 70 mse 0.0464 rmse 0.2154 pcc 0.4554 ccc 0.3997
2021-06-19 22:22:58,067 - utils.logger - INFO - Cur epoch 51 loss ccc:0.1165
2021-06-19 22:22:58,461 - utils.logger - INFO - Cur epoch 51 loss ccc:0.1251
2021-06-19 22:22:58,790 - utils.logger - INFO - Cur epoch 51 loss ccc:1.0000
2021-06-19 22:22:58,790 - utils.logger - INFO - saving the model at the end of epoch 51, iters 306
2021-06-19 22:22:59,027 - utils.logger - INFO - End of training epoch 51 / 70 	 Time Taken: 1 sec, Data loading: 0 sec
2021-06-19 22:22:59,027 - utils.logger - INFO - learning rate = 0.0000463
2021-06-19 22:22:59,453 - utils.logger - INFO - Trn result of epoch 51 / 70 mse 0.0440 rmse 0.2098 pcc 0.4143 ccc 0.3759
2021-06-19 22:22:59,609 - utils.logger - INFO - Val result of epoch 51 / 70 mse 0.0453 rmse 0.2128 pcc 0.4576 ccc 0.4132
2021-06-19 22:23:00,026 - utils.logger - INFO - Cur epoch 52 loss ccc:0.1038
2021-06-19 22:23:00,441 - utils.logger - INFO - Cur epoch 52 loss ccc:0.1054
2021-06-19 22:23:00,777 - utils.logger - INFO - Cur epoch 52 loss ccc:1.0108
2021-06-19 22:23:00,777 - utils.logger - INFO - saving the model at the end of epoch 52, iters 312
2021-06-19 22:23:01,011 - utils.logger - INFO - End of training epoch 52 / 70 	 Time Taken: 1 sec, Data loading: 0 sec
2021-06-19 22:23:01,011 - utils.logger - INFO - learning rate = 0.0000439
2021-06-19 22:23:01,457 - utils.logger - INFO - Trn result of epoch 52 / 70 mse 0.0432 rmse 0.2079 pcc 0.4093 ccc 0.3726
2021-06-19 22:23:01,622 - utils.logger - INFO - Val result of epoch 52 / 70 mse 0.0434 rmse 0.2083 pcc 0.4575 ccc 0.4184
2021-06-19 22:23:02,060 - utils.logger - INFO - Cur epoch 53 loss ccc:0.1233
2021-06-19 22:23:02,465 - utils.logger - INFO - Cur epoch 53 loss ccc:0.1043
2021-06-19 22:23:02,812 - utils.logger - INFO - Cur epoch 53 loss ccc:1.0034
2021-06-19 22:23:02,813 - utils.logger - INFO - saving the model at the end of epoch 53, iters 318
2021-06-19 22:23:03,058 - utils.logger - INFO - End of training epoch 53 / 70 	 Time Taken: 1 sec, Data loading: 0 sec
2021-06-19 22:23:03,058 - utils.logger - INFO - learning rate = 0.0000415
2021-06-19 22:23:03,481 - utils.logger - INFO - Trn result of epoch 53 / 70 mse 0.0447 rmse 0.2113 pcc 0.4086 ccc 0.3681
2021-06-19 22:23:03,627 - utils.logger - INFO - Val result of epoch 53 / 70 mse 0.0454 rmse 0.2130 pcc 0.4598 ccc 0.4128
2021-06-19 22:23:04,048 - utils.logger - INFO - Cur epoch 54 loss ccc:0.1298
2021-06-19 22:23:04,458 - utils.logger - INFO - Cur epoch 54 loss ccc:0.1214
2021-06-19 22:23:04,810 - utils.logger - INFO - Cur epoch 54 loss ccc:0.9928
2021-06-19 22:23:04,811 - utils.logger - INFO - saving the model at the end of epoch 54, iters 324
2021-06-19 22:23:05,249 - utils.logger - INFO - End of training epoch 54 / 70 	 Time Taken: 1 sec, Data loading: 0 sec
2021-06-19 22:23:05,249 - utils.logger - INFO - learning rate = 0.0000390
2021-06-19 22:23:05,672 - utils.logger - INFO - Trn result of epoch 54 / 70 mse 0.0460 rmse 0.2144 pcc 0.4084 ccc 0.3656
2021-06-19 22:23:05,820 - utils.logger - INFO - Val result of epoch 54 / 70 mse 0.0477 rmse 0.2185 pcc 0.4611 ccc 0.4041
2021-06-19 22:23:06,240 - utils.logger - INFO - Cur epoch 55 loss ccc:0.1264
2021-06-19 22:23:06,647 - utils.logger - INFO - Cur epoch 55 loss ccc:0.1131
2021-06-19 22:23:06,987 - utils.logger - INFO - Cur epoch 55 loss ccc:0.9937
2021-06-19 22:23:06,988 - utils.logger - INFO - saving the model at the end of epoch 55, iters 330
2021-06-19 22:23:07,231 - utils.logger - INFO - End of training epoch 55 / 70 	 Time Taken: 1 sec, Data loading: 0 sec
2021-06-19 22:23:07,231 - utils.logger - INFO - learning rate = 0.0000366
2021-06-19 22:23:07,654 - utils.logger - INFO - Trn result of epoch 55 / 70 mse 0.0465 rmse 0.2155 pcc 0.4050 ccc 0.3581
2021-06-19 22:23:07,801 - utils.logger - INFO - Val result of epoch 55 / 70 mse 0.0482 rmse 0.2195 pcc 0.4612 ccc 0.3960
2021-06-19 22:23:08,216 - utils.logger - INFO - Cur epoch 56 loss ccc:0.1094
2021-06-19 22:23:08,606 - utils.logger - INFO - Cur epoch 56 loss ccc:0.1245
2021-06-19 22:23:08,946 - utils.logger - INFO - Cur epoch 56 loss ccc:1.0150
2021-06-19 22:23:08,947 - utils.logger - INFO - saving the model at the end of epoch 56, iters 336
2021-06-19 22:23:09,183 - utils.logger - INFO - End of training epoch 56 / 70 	 Time Taken: 1 sec, Data loading: 0 sec
2021-06-19 22:23:09,184 - utils.logger - INFO - learning rate = 0.0000341
2021-06-19 22:23:09,638 - utils.logger - INFO - Trn result of epoch 56 / 70 mse 0.0436 rmse 0.2089 pcc 0.3966 ccc 0.3783
2021-06-19 22:23:09,798 - utils.logger - INFO - Val result of epoch 56 / 70 mse 0.0421 rmse 0.2053 pcc 0.4647 ccc 0.4393
2021-06-19 22:23:10,224 - utils.logger - INFO - Cur epoch 57 loss ccc:0.0978
2021-06-19 22:23:10,645 - utils.logger - INFO - Cur epoch 57 loss ccc:0.1065
2021-06-19 22:23:11,006 - utils.logger - INFO - Cur epoch 57 loss ccc:0.8999
2021-06-19 22:23:11,006 - utils.logger - INFO - saving the model at the end of epoch 57, iters 342
2021-06-19 22:23:11,236 - utils.logger - INFO - End of training epoch 57 / 70 	 Time Taken: 1 sec, Data loading: 0 sec
2021-06-19 22:23:11,236 - utils.logger - INFO - learning rate = 0.0000317
2021-06-19 22:23:11,680 - utils.logger - INFO - Trn result of epoch 57 / 70 mse 0.0422 rmse 0.2053 pcc 0.4104 ccc 0.3721
2021-06-19 22:23:11,843 - utils.logger - INFO - Val result of epoch 57 / 70 mse 0.0418 rmse 0.2043 pcc 0.4682 ccc 0.4223
2021-06-19 22:23:12,252 - utils.logger - INFO - Cur epoch 58 loss ccc:0.1212
2021-06-19 22:23:12,667 - utils.logger - INFO - Cur epoch 58 loss ccc:0.1141
2021-06-19 22:23:13,039 - utils.logger - INFO - Cur epoch 58 loss ccc:0.7825
2021-06-19 22:23:13,040 - utils.logger - INFO - saving the model at the end of epoch 58, iters 348
2021-06-19 22:23:13,286 - utils.logger - INFO - End of training epoch 58 / 70 	 Time Taken: 1 sec, Data loading: 0 sec
2021-06-19 22:23:13,286 - utils.logger - INFO - learning rate = 0.0000293
2021-06-19 22:23:13,722 - utils.logger - INFO - Trn result of epoch 58 / 70 mse 0.0400 rmse 0.2000 pcc 0.4049 ccc 0.3677
2021-06-19 22:23:13,867 - utils.logger - INFO - Val result of epoch 58 / 70 mse 0.0335 rmse 0.1830 pcc 0.4756 ccc 0.4630
2021-06-19 22:23:14,274 - utils.logger - INFO - Cur epoch 59 loss ccc:0.1260
2021-06-19 22:23:14,689 - utils.logger - INFO - Cur epoch 59 loss ccc:0.1124
2021-06-19 22:23:15,024 - utils.logger - INFO - Cur epoch 59 loss ccc:0.9819
2021-06-19 22:23:15,024 - utils.logger - INFO - saving the model at the end of epoch 59, iters 354
2021-06-19 22:23:15,439 - utils.logger - INFO - End of training epoch 59 / 70 	 Time Taken: 1 sec, Data loading: 0 sec
2021-06-19 22:23:15,439 - utils.logger - INFO - learning rate = 0.0000268
2021-06-19 22:23:15,918 - utils.logger - INFO - Trn result of epoch 59 / 70 mse 0.0411 rmse 0.2027 pcc 0.4032 ccc 0.3808
2021-06-19 22:23:16,084 - utils.logger - INFO - Val result of epoch 59 / 70 mse 0.0380 rmse 0.1950 pcc 0.4724 ccc 0.4547
2021-06-19 22:23:16,495 - utils.logger - INFO - Cur epoch 60 loss ccc:0.1068
2021-06-19 22:23:16,914 - utils.logger - INFO - Cur epoch 60 loss ccc:0.1115
2021-06-19 22:23:17,230 - utils.logger - INFO - Cur epoch 60 loss ccc:0.9961
2021-06-19 22:23:17,230 - utils.logger - INFO - saving the model at the end of epoch 60, iters 360
2021-06-19 22:23:17,583 - utils.logger - INFO - End of training epoch 60 / 70 	 Time Taken: 1 sec, Data loading: 0 sec
2021-06-19 22:23:17,584 - utils.logger - INFO - learning rate = 0.0000244
2021-06-19 22:23:18,011 - utils.logger - INFO - Trn result of epoch 60 / 70 mse 0.0405 rmse 0.2012 pcc 0.4043 ccc 0.3781
2021-06-19 22:23:18,160 - utils.logger - INFO - Val result of epoch 60 / 70 mse 0.0356 rmse 0.1886 pcc 0.4741 ccc 0.4627
2021-06-19 22:23:18,570 - utils.logger - INFO - Cur epoch 61 loss ccc:0.1283
2021-06-19 22:23:18,963 - utils.logger - INFO - Cur epoch 61 loss ccc:0.1250
2021-06-19 22:23:19,303 - utils.logger - INFO - Cur epoch 61 loss ccc:1.0000
2021-06-19 22:23:19,303 - utils.logger - INFO - saving the model at the end of epoch 61, iters 366
2021-06-19 22:23:19,541 - utils.logger - INFO - End of training epoch 61 / 70 	 Time Taken: 1 sec, Data loading: 0 sec
2021-06-19 22:23:19,541 - utils.logger - INFO - learning rate = 0.0000220
2021-06-19 22:23:19,968 - utils.logger - INFO - Trn result of epoch 61 / 70 mse 0.0406 rmse 0.2015 pcc 0.4053 ccc 0.3799
2021-06-19 22:23:20,112 - utils.logger - INFO - Val result of epoch 61 / 70 mse 0.0356 rmse 0.1886 pcc 0.4754 ccc 0.4653
2021-06-19 22:23:20,537 - utils.logger - INFO - Cur epoch 62 loss ccc:0.1169
2021-06-19 22:23:20,948 - utils.logger - INFO - Cur epoch 62 loss ccc:0.1243
2021-06-19 22:23:21,299 - utils.logger - INFO - Cur epoch 62 loss ccc:0.9750
2021-06-19 22:23:21,299 - utils.logger - INFO - saving the model at the end of epoch 62, iters 372
2021-06-19 22:23:21,545 - utils.logger - INFO - End of training epoch 62 / 70 	 Time Taken: 1 sec, Data loading: 0 sec
2021-06-19 22:23:21,545 - utils.logger - INFO - learning rate = 0.0000195
2021-06-19 22:23:21,965 - utils.logger - INFO - Trn result of epoch 62 / 70 mse 0.0407 rmse 0.2018 pcc 0.3974 ccc 0.3672
2021-06-19 22:23:22,110 - utils.logger - INFO - Val result of epoch 62 / 70 mse 0.0344 rmse 0.1854 pcc 0.4772 ccc 0.4657
2021-06-19 22:23:22,535 - utils.logger - INFO - Cur epoch 63 loss ccc:0.1249
2021-06-19 22:23:22,964 - utils.logger - INFO - Cur epoch 63 loss ccc:0.1116
2021-06-19 22:23:23,308 - utils.logger - INFO - Cur epoch 63 loss ccc:0.9834
2021-06-19 22:23:23,308 - utils.logger - INFO - saving the model at the end of epoch 63, iters 378
2021-06-19 22:23:23,728 - utils.logger - INFO - End of training epoch 63 / 70 	 Time Taken: 1 sec, Data loading: 0 sec
2021-06-19 22:23:23,729 - utils.logger - INFO - learning rate = 0.0000171
2021-06-19 22:23:24,242 - utils.logger - INFO - Trn result of epoch 63 / 70 mse 0.0408 rmse 0.2020 pcc 0.3970 ccc 0.3702
2021-06-19 22:23:24,565 - utils.logger - INFO - Val result of epoch 63 / 70 mse 0.0352 rmse 0.1876 pcc 0.4765 ccc 0.4640
2021-06-19 22:23:25,000 - utils.logger - INFO - Cur epoch 64 loss ccc:0.1207
2021-06-19 22:23:25,414 - utils.logger - INFO - Cur epoch 64 loss ccc:0.1154
2021-06-19 22:23:25,750 - utils.logger - INFO - Cur epoch 64 loss ccc:1.0277
2021-06-19 22:23:25,751 - utils.logger - INFO - saving the model at the end of epoch 64, iters 384
2021-06-19 22:23:26,192 - utils.logger - INFO - End of training epoch 64 / 70 	 Time Taken: 1 sec, Data loading: 0 sec
2021-06-19 22:23:26,192 - utils.logger - INFO - learning rate = 0.0000146
2021-06-19 22:23:26,661 - utils.logger - INFO - Trn result of epoch 64 / 70 mse 0.0409 rmse 0.2022 pcc 0.3969 ccc 0.3710
2021-06-19 22:23:26,825 - utils.logger - INFO - Val result of epoch 64 / 70 mse 0.0355 rmse 0.1884 pcc 0.4759 ccc 0.4633
2021-06-19 22:23:27,240 - utils.logger - INFO - Cur epoch 65 loss ccc:0.1162
2021-06-19 22:23:27,656 - utils.logger - INFO - Cur epoch 65 loss ccc:0.1116
2021-06-19 22:23:27,999 - utils.logger - INFO - Cur epoch 65 loss ccc:1.0000
2021-06-19 22:23:27,999 - utils.logger - INFO - saving the model at the end of epoch 65, iters 390
2021-06-19 22:23:28,316 - utils.logger - INFO - End of training epoch 65 / 70 	 Time Taken: 1 sec, Data loading: 0 sec
2021-06-19 22:23:28,317 - utils.logger - INFO - learning rate = 0.0000122
2021-06-19 22:23:28,807 - utils.logger - INFO - Trn result of epoch 65 / 70 mse 0.0410 rmse 0.2026 pcc 0.3939 ccc 0.3660
2021-06-19 22:23:29,119 - utils.logger - INFO - Val result of epoch 65 / 70 mse 0.0348 rmse 0.1867 pcc 0.4774 ccc 0.4660
2021-06-19 22:23:29,523 - utils.logger - INFO - Cur epoch 66 loss ccc:0.1250
2021-06-19 22:23:29,939 - utils.logger - INFO - Cur epoch 66 loss ccc:0.1055
2021-06-19 22:23:30,280 - utils.logger - INFO - Cur epoch 66 loss ccc:0.9980
2021-06-19 22:23:30,281 - utils.logger - INFO - saving the model at the end of epoch 66, iters 396
2021-06-19 22:23:30,811 - utils.logger - INFO - End of training epoch 66 / 70 	 Time Taken: 1 sec, Data loading: 0 sec
2021-06-19 22:23:30,811 - utils.logger - INFO - learning rate = 0.0000098
2021-06-19 22:23:31,277 - utils.logger - INFO - Trn result of epoch 66 / 70 mse 0.0410 rmse 0.2025 pcc 0.3956 ccc 0.3676
2021-06-19 22:23:31,438 - utils.logger - INFO - Val result of epoch 66 / 70 mse 0.0347 rmse 0.1863 pcc 0.4793 ccc 0.4686
2021-06-19 22:23:31,830 - utils.logger - INFO - Cur epoch 67 loss ccc:0.1248
2021-06-19 22:23:32,256 - utils.logger - INFO - Cur epoch 67 loss ccc:0.1191
2021-06-19 22:23:32,577 - utils.logger - INFO - Cur epoch 67 loss ccc:1.0039
2021-06-19 22:23:32,577 - utils.logger - INFO - saving the model at the end of epoch 67, iters 402
2021-06-19 22:23:32,785 - utils.logger - INFO - End of training epoch 67 / 70 	 Time Taken: 1 sec, Data loading: 0 sec
2021-06-19 22:23:32,785 - utils.logger - INFO - learning rate = 0.0000073
2021-06-19 22:23:33,205 - utils.logger - INFO - Trn result of epoch 67 / 70 mse 0.0412 rmse 0.2030 pcc 0.3959 ccc 0.3649
2021-06-19 22:23:33,349 - utils.logger - INFO - Val result of epoch 67 / 70 mse 0.0341 rmse 0.1848 pcc 0.4798 ccc 0.4702
2021-06-19 22:23:33,738 - utils.logger - INFO - Cur epoch 68 loss ccc:0.1204
2021-06-19 22:23:34,142 - utils.logger - INFO - Cur epoch 68 loss ccc:0.1199
2021-06-19 22:23:34,459 - utils.logger - INFO - Cur epoch 68 loss ccc:1.0066
2021-06-19 22:23:34,460 - utils.logger - INFO - saving the model at the end of epoch 68, iters 408
2021-06-19 22:23:34,691 - utils.logger - INFO - End of training epoch 68 / 70 	 Time Taken: 1 sec, Data loading: 0 sec
2021-06-19 22:23:34,691 - utils.logger - INFO - learning rate = 0.0000049
2021-06-19 22:23:35,111 - utils.logger - INFO - Trn result of epoch 68 / 70 mse 0.0410 rmse 0.2025 pcc 0.4007 ccc 0.3678
2021-06-19 22:23:35,255 - utils.logger - INFO - Val result of epoch 68 / 70 mse 0.0339 rmse 0.1841 pcc 0.4809 ccc 0.4714
2021-06-19 22:23:35,659 - utils.logger - INFO - Cur epoch 69 loss ccc:0.1222
2021-06-19 22:23:36,050 - utils.logger - INFO - Cur epoch 69 loss ccc:0.1143
2021-06-19 22:23:36,359 - utils.logger - INFO - Cur epoch 69 loss ccc:1.0232
2021-06-19 22:23:36,359 - utils.logger - INFO - saving the model at the end of epoch 69, iters 414
2021-06-19 22:23:36,598 - utils.logger - INFO - End of training epoch 69 / 70 	 Time Taken: 1 sec, Data loading: 0 sec
2021-06-19 22:23:36,598 - utils.logger - INFO - learning rate = 0.0000024
2021-06-19 22:23:37,017 - utils.logger - INFO - Trn result of epoch 69 / 70 mse 0.0410 rmse 0.2026 pcc 0.3988 ccc 0.3667
2021-06-19 22:23:37,164 - utils.logger - INFO - Val result of epoch 69 / 70 mse 0.0340 rmse 0.1844 pcc 0.4810 ccc 0.4715
2021-06-19 22:23:37,562 - utils.logger - INFO - Cur epoch 70 loss ccc:0.1024
2021-06-19 22:23:37,991 - utils.logger - INFO - Cur epoch 70 loss ccc:0.1019
2021-06-19 22:23:38,352 - utils.logger - INFO - Cur epoch 70 loss ccc:0.9964
2021-06-19 22:23:38,352 - utils.logger - INFO - saving the model at the end of epoch 70, iters 420
2021-06-19 22:23:38,588 - utils.logger - INFO - End of training epoch 70 / 70 	 Time Taken: 1 sec, Data loading: 0 sec
2021-06-19 22:23:38,589 - utils.logger - INFO - learning rate = 0.0000000
2021-06-19 22:23:39,052 - utils.logger - INFO - Trn result of epoch 70 / 70 mse 0.0410 rmse 0.2025 pcc 0.3998 ccc 0.3683
2021-06-19 22:23:39,215 - utils.logger - INFO - Val result of epoch 70 / 70 mse 0.0341 rmse 0.1847 pcc 0.4807 ccc 0.4714
2021-06-19 22:23:39,215 - utils.logger - INFO - Best eval epoch 69 found with ccc 0.471482
2021-06-19 22:23:39,215 - utils.logger - INFO - baseline_fcfusion_wonorm_wav2vec-egemaps_valence_hidden1024_seq100_lr0.0001_cccloss_run1
