2021-06-07 03:16:16,761 - utils.logger - INFO - The number of training samples = 41
2021-06-07 03:16:19,419 - utils.logger - INFO - Cur epoch 1 loss MSE:0.0380
2021-06-07 03:16:19,747 - utils.logger - INFO - Cur epoch 1 loss MSE:0.0734
2021-06-07 03:16:20,026 - utils.logger - INFO - Cur epoch 1 loss MSE:10.8614
2021-06-07 03:16:20,026 - utils.logger - INFO - saving the model at the end of epoch 1, iters 6
2021-06-07 03:16:20,174 - utils.logger - INFO - End of training epoch 1 / 50 	 Time Taken: 1 sec, Data loading: 0 sec
2021-06-07 03:16:20,174 - utils.logger - INFO - learning rate = 0.0000100
2021-06-07 03:16:20,504 - utils.logger - INFO - Trn result of epoch 1 / 50 mse 0.0895 rmse 0.2992 pcc 0.0776 ccc 0.0005
2021-06-07 03:16:20,617 - utils.logger - INFO - Val result of epoch 1 / 50 mse 0.0936 rmse 0.3059 pcc 0.0472 ccc 0.0003
2021-06-07 03:16:20,933 - utils.logger - INFO - Cur epoch 2 loss MSE:0.2570
2021-06-07 03:16:21,248 - utils.logger - INFO - Cur epoch 2 loss MSE:0.0410
2021-06-07 03:16:21,508 - utils.logger - INFO - Cur epoch 2 loss MSE:7.1309
2021-06-07 03:16:21,508 - utils.logger - INFO - saving the model at the end of epoch 2, iters 12
2021-06-07 03:16:21,639 - utils.logger - INFO - End of training epoch 2 / 50 	 Time Taken: 1 sec, Data loading: 0 sec
2021-06-07 03:16:21,639 - utils.logger - INFO - learning rate = 0.0000100
2021-06-07 03:16:21,964 - utils.logger - INFO - Trn result of epoch 2 / 50 mse 0.0895 rmse 0.2992 pcc 0.1207 ccc 0.0009
2021-06-07 03:16:22,078 - utils.logger - INFO - Val result of epoch 2 / 50 mse 0.0935 rmse 0.3058 pcc 0.0490 ccc 0.0003
2021-06-07 03:16:22,399 - utils.logger - INFO - Cur epoch 3 loss MSE:0.2035
2021-06-07 03:16:22,714 - utils.logger - INFO - Cur epoch 3 loss MSE:0.0808
2021-06-07 03:16:22,973 - utils.logger - INFO - Cur epoch 3 loss MSE:9.2719
2021-06-07 03:16:22,973 - utils.logger - INFO - saving the model at the end of epoch 3, iters 18
2021-06-07 03:16:23,103 - utils.logger - INFO - End of training epoch 3 / 50 	 Time Taken: 1 sec, Data loading: 0 sec
2021-06-07 03:16:23,103 - utils.logger - INFO - learning rate = 0.0000100
2021-06-07 03:16:23,442 - utils.logger - INFO - Trn result of epoch 3 / 50 mse 0.0895 rmse 0.2991 pcc 0.1334 ccc 0.0012
2021-06-07 03:16:23,561 - utils.logger - INFO - Val result of epoch 3 / 50 mse 0.0935 rmse 0.3058 pcc 0.0575 ccc 0.0005
2021-06-07 03:16:23,875 - utils.logger - INFO - Cur epoch 4 loss MSE:0.0001
2021-06-07 03:16:24,186 - utils.logger - INFO - Cur epoch 4 loss MSE:0.2795
2021-06-07 03:16:24,449 - utils.logger - INFO - Cur epoch 4 loss MSE:7.0811
2021-06-07 03:16:24,449 - utils.logger - INFO - saving the model at the end of epoch 4, iters 24
2021-06-07 03:16:24,609 - utils.logger - INFO - End of training epoch 4 / 50 	 Time Taken: 1 sec, Data loading: 0 sec
2021-06-07 03:16:24,609 - utils.logger - INFO - learning rate = 0.0000100
2021-06-07 03:16:24,935 - utils.logger - INFO - Trn result of epoch 4 / 50 mse 0.0894 rmse 0.2990 pcc 0.1722 ccc 0.0017
2021-06-07 03:16:25,047 - utils.logger - INFO - Val result of epoch 4 / 50 mse 0.0935 rmse 0.3058 pcc 0.0514 ccc 0.0005
2021-06-07 03:16:25,365 - utils.logger - INFO - Cur epoch 5 loss MSE:1.9621
2021-06-07 03:16:25,686 - utils.logger - INFO - Cur epoch 5 loss MSE:0.1015
2021-06-07 03:16:25,942 - utils.logger - INFO - Cur epoch 5 loss MSE:17.3843
2021-06-07 03:16:25,942 - utils.logger - INFO - saving the model at the end of epoch 5, iters 30
2021-06-07 03:16:26,098 - utils.logger - INFO - End of training epoch 5 / 50 	 Time Taken: 1 sec, Data loading: 0 sec
2021-06-07 03:16:26,099 - utils.logger - INFO - learning rate = 0.0000100
2021-06-07 03:16:26,422 - utils.logger - INFO - Trn result of epoch 5 / 50 mse 0.0894 rmse 0.2990 pcc 0.1753 ccc 0.0022
2021-06-07 03:16:26,533 - utils.logger - INFO - Val result of epoch 5 / 50 mse 0.0935 rmse 0.3057 pcc 0.0500 ccc 0.0006
2021-06-07 03:16:26,849 - utils.logger - INFO - Cur epoch 6 loss MSE:1.4172
2021-06-07 03:16:27,171 - utils.logger - INFO - Cur epoch 6 loss MSE:0.6053
2021-06-07 03:16:27,427 - utils.logger - INFO - Cur epoch 6 loss MSE:4.7951
2021-06-07 03:16:27,428 - utils.logger - INFO - saving the model at the end of epoch 6, iters 36
2021-06-07 03:16:27,585 - utils.logger - INFO - End of training epoch 6 / 50 	 Time Taken: 1 sec, Data loading: 0 sec
2021-06-07 03:16:27,585 - utils.logger - INFO - learning rate = 0.0000100
2021-06-07 03:16:27,917 - utils.logger - INFO - Trn result of epoch 6 / 50 mse 0.0893 rmse 0.2989 pcc 0.1803 ccc 0.0026
2021-06-07 03:16:28,031 - utils.logger - INFO - Val result of epoch 6 / 50 mse 0.0935 rmse 0.3057 pcc 0.0500 ccc 0.0007
2021-06-07 03:16:28,346 - utils.logger - INFO - Cur epoch 7 loss MSE:0.4950
2021-06-07 03:16:28,662 - utils.logger - INFO - Cur epoch 7 loss MSE:0.2810
2021-06-07 03:16:28,924 - utils.logger - INFO - Cur epoch 7 loss MSE:3.7115
2021-06-07 03:16:28,924 - utils.logger - INFO - saving the model at the end of epoch 7, iters 42
2021-06-07 03:16:29,083 - utils.logger - INFO - End of training epoch 7 / 50 	 Time Taken: 1 sec, Data loading: 0 sec
2021-06-07 03:16:29,083 - utils.logger - INFO - learning rate = 0.0000100
2021-06-07 03:16:29,413 - utils.logger - INFO - Trn result of epoch 7 / 50 mse 0.0893 rmse 0.2989 pcc 0.1594 ccc 0.0030
2021-06-07 03:16:29,532 - utils.logger - INFO - Val result of epoch 7 / 50 mse 0.0935 rmse 0.3057 pcc 0.0517 ccc 0.0009
2021-06-07 03:16:29,861 - utils.logger - INFO - Cur epoch 8 loss MSE:0.1862
2021-06-07 03:16:30,182 - utils.logger - INFO - Cur epoch 8 loss MSE:0.0796
2021-06-07 03:16:30,457 - utils.logger - INFO - Cur epoch 8 loss MSE:7.3815
2021-06-07 03:16:30,457 - utils.logger - INFO - saving the model at the end of epoch 8, iters 48
2021-06-07 03:16:30,591 - utils.logger - INFO - End of training epoch 8 / 50 	 Time Taken: 1 sec, Data loading: 0 sec
2021-06-07 03:16:30,592 - utils.logger - INFO - learning rate = 0.0000100
2021-06-07 03:16:30,929 - utils.logger - INFO - Trn result of epoch 8 / 50 mse 0.0892 rmse 0.2987 pcc 0.1865 ccc 0.0039
2021-06-07 03:16:31,047 - utils.logger - INFO - Val result of epoch 8 / 50 mse 0.0934 rmse 0.3057 pcc 0.0513 ccc 0.0011
2021-06-07 03:16:31,358 - utils.logger - INFO - Cur epoch 9 loss MSE:0.1357
2021-06-07 03:16:31,684 - utils.logger - INFO - Cur epoch 9 loss MSE:0.3152
2021-06-07 03:16:31,949 - utils.logger - INFO - Cur epoch 9 loss MSE:17.8539
2021-06-07 03:16:31,950 - utils.logger - INFO - saving the model at the end of epoch 9, iters 54
2021-06-07 03:16:32,091 - utils.logger - INFO - End of training epoch 9 / 50 	 Time Taken: 1 sec, Data loading: 0 sec
2021-06-07 03:16:32,092 - utils.logger - INFO - learning rate = 0.0000100
2021-06-07 03:16:32,439 - utils.logger - INFO - Trn result of epoch 9 / 50 mse 0.0892 rmse 0.2986 pcc 0.1941 ccc 0.0050
2021-06-07 03:16:32,554 - utils.logger - INFO - Val result of epoch 9 / 50 mse 0.0933 rmse 0.3055 pcc 0.0463 ccc 0.0011
2021-06-07 03:16:32,883 - utils.logger - INFO - Cur epoch 10 loss MSE:0.0770
2021-06-07 03:16:33,220 - utils.logger - INFO - Cur epoch 10 loss MSE:1.5360
2021-06-07 03:16:33,508 - utils.logger - INFO - Cur epoch 10 loss MSE:8.3281
2021-06-07 03:16:33,509 - utils.logger - INFO - saving the model at the end of epoch 10, iters 60
2021-06-07 03:16:33,636 - utils.logger - INFO - End of training epoch 10 / 50 	 Time Taken: 1 sec, Data loading: 0 sec
2021-06-07 03:16:33,636 - utils.logger - INFO - learning rate = 0.0000100
2021-06-07 03:16:33,979 - utils.logger - INFO - Trn result of epoch 10 / 50 mse 0.0891 rmse 0.2985 pcc 0.2091 ccc 0.0057
2021-06-07 03:16:34,094 - utils.logger - INFO - Val result of epoch 10 / 50 mse 0.0933 rmse 0.3055 pcc 0.0344 ccc 0.0009
2021-06-07 03:16:34,413 - utils.logger - INFO - Cur epoch 11 loss MSE:0.0240
2021-06-07 03:16:34,731 - utils.logger - INFO - Cur epoch 11 loss MSE:0.0405
2021-06-07 03:16:34,987 - utils.logger - INFO - Cur epoch 11 loss MSE:17.2475
2021-06-07 03:16:34,987 - utils.logger - INFO - saving the model at the end of epoch 11, iters 66
2021-06-07 03:16:35,252 - utils.logger - INFO - End of training epoch 11 / 50 	 Time Taken: 1 sec, Data loading: 0 sec
2021-06-07 03:16:35,252 - utils.logger - INFO - learning rate = 0.0000100
2021-06-07 03:16:35,586 - utils.logger - INFO - Trn result of epoch 11 / 50 mse 0.0890 rmse 0.2984 pcc 0.1902 ccc 0.0066
2021-06-07 03:16:35,703 - utils.logger - INFO - Val result of epoch 11 / 50 mse 0.0933 rmse 0.3054 pcc 0.0432 ccc 0.0015
2021-06-07 03:16:36,005 - utils.logger - INFO - Cur epoch 12 loss MSE:1.5418
2021-06-07 03:16:36,309 - utils.logger - INFO - Cur epoch 12 loss MSE:0.1527
2021-06-07 03:16:36,585 - utils.logger - INFO - Cur epoch 12 loss MSE:0.2025
2021-06-07 03:16:36,585 - utils.logger - INFO - saving the model at the end of epoch 12, iters 72
2021-06-07 03:16:36,715 - utils.logger - INFO - End of training epoch 12 / 50 	 Time Taken: 1 sec, Data loading: 0 sec
2021-06-07 03:16:36,715 - utils.logger - INFO - learning rate = 0.0000100
2021-06-07 03:16:37,058 - utils.logger - INFO - Trn result of epoch 12 / 50 mse 0.0890 rmse 0.2983 pcc 0.1714 ccc 0.0078
2021-06-07 03:16:37,175 - utils.logger - INFO - Val result of epoch 12 / 50 mse 0.0932 rmse 0.3053 pcc 0.0409 ccc 0.0018
2021-06-07 03:16:37,480 - utils.logger - INFO - Cur epoch 13 loss MSE:0.3110
2021-06-07 03:16:37,789 - utils.logger - INFO - Cur epoch 13 loss MSE:1.7494
2021-06-07 03:16:38,036 - utils.logger - INFO - Cur epoch 13 loss MSE:3.9438
2021-06-07 03:16:38,036 - utils.logger - INFO - saving the model at the end of epoch 13, iters 78
2021-06-07 03:16:38,147 - utils.logger - INFO - End of training epoch 13 / 50 	 Time Taken: 0 sec, Data loading: 0 sec
2021-06-07 03:16:38,147 - utils.logger - INFO - learning rate = 0.0000100
2021-06-07 03:16:38,477 - utils.logger - INFO - Trn result of epoch 13 / 50 mse 0.0888 rmse 0.2981 pcc 0.1873 ccc 0.0094
2021-06-07 03:16:38,589 - utils.logger - INFO - Val result of epoch 13 / 50 mse 0.0932 rmse 0.3052 pcc 0.0415 ccc 0.0021
2021-06-07 03:16:38,888 - utils.logger - INFO - Cur epoch 14 loss MSE:0.1668
2021-06-07 03:16:39,201 - utils.logger - INFO - Cur epoch 14 loss MSE:1.3723
2021-06-07 03:16:39,466 - utils.logger - INFO - Cur epoch 14 loss MSE:5.9153
2021-06-07 03:16:39,466 - utils.logger - INFO - saving the model at the end of epoch 14, iters 84
2021-06-07 03:16:39,594 - utils.logger - INFO - End of training epoch 14 / 50 	 Time Taken: 1 sec, Data loading: 0 sec
2021-06-07 03:16:39,594 - utils.logger - INFO - learning rate = 0.0000100
2021-06-07 03:16:39,925 - utils.logger - INFO - Trn result of epoch 14 / 50 mse 0.0887 rmse 0.2978 pcc 0.1973 ccc 0.0114
2021-06-07 03:16:40,038 - utils.logger - INFO - Val result of epoch 14 / 50 mse 0.0931 rmse 0.3051 pcc 0.0383 ccc 0.0022
2021-06-07 03:16:40,357 - utils.logger - INFO - Cur epoch 15 loss MSE:0.1975
2021-06-07 03:16:40,659 - utils.logger - INFO - Cur epoch 15 loss MSE:0.0081
2021-06-07 03:16:40,922 - utils.logger - INFO - Cur epoch 15 loss MSE:0.5940
2021-06-07 03:16:40,922 - utils.logger - INFO - saving the model at the end of epoch 15, iters 90
2021-06-07 03:16:41,033 - utils.logger - INFO - End of training epoch 15 / 50 	 Time Taken: 0 sec, Data loading: 0 sec
2021-06-07 03:16:41,034 - utils.logger - INFO - learning rate = 0.0000100
2021-06-07 03:16:41,361 - utils.logger - INFO - Trn result of epoch 15 / 50 mse 0.0885 rmse 0.2975 pcc 0.2260 ccc 0.0141
2021-06-07 03:16:41,475 - utils.logger - INFO - Val result of epoch 15 / 50 mse 0.0931 rmse 0.3051 pcc 0.0260 ccc 0.0016
2021-06-07 03:16:41,797 - utils.logger - INFO - Cur epoch 16 loss MSE:0.0664
2021-06-07 03:16:42,113 - utils.logger - INFO - Cur epoch 16 loss MSE:1.5099
2021-06-07 03:16:42,385 - utils.logger - INFO - Cur epoch 16 loss MSE:0.5979
2021-06-07 03:16:42,385 - utils.logger - INFO - saving the model at the end of epoch 16, iters 96
2021-06-07 03:16:42,514 - utils.logger - INFO - End of training epoch 16 / 50 	 Time Taken: 1 sec, Data loading: 0 sec
2021-06-07 03:16:42,514 - utils.logger - INFO - learning rate = 0.0000100
2021-06-07 03:16:42,851 - utils.logger - INFO - Trn result of epoch 16 / 50 mse 0.0883 rmse 0.2971 pcc 0.2547 ccc 0.0160
2021-06-07 03:16:42,968 - utils.logger - INFO - Val result of epoch 16 / 50 mse 0.0932 rmse 0.3054 pcc 0.0115 ccc 0.0007
2021-06-07 03:16:43,291 - utils.logger - INFO - Cur epoch 17 loss MSE:0.0148
2021-06-07 03:16:43,598 - utils.logger - INFO - Cur epoch 17 loss MSE:0.1029
2021-06-07 03:16:43,868 - utils.logger - INFO - Cur epoch 17 loss MSE:0.0010
2021-06-07 03:16:43,868 - utils.logger - INFO - saving the model at the end of epoch 17, iters 102
2021-06-07 03:16:43,997 - utils.logger - INFO - End of training epoch 17 / 50 	 Time Taken: 1 sec, Data loading: 0 sec
2021-06-07 03:16:43,998 - utils.logger - INFO - learning rate = 0.0000100
2021-06-07 03:16:44,335 - utils.logger - INFO - Trn result of epoch 17 / 50 mse 0.0880 rmse 0.2967 pcc 0.2766 ccc 0.0194
2021-06-07 03:16:44,446 - utils.logger - INFO - Val result of epoch 17 / 50 mse 0.0932 rmse 0.3053 pcc 0.0189 ccc 0.0013
2021-06-07 03:16:44,763 - utils.logger - INFO - Cur epoch 18 loss MSE:0.0651
2021-06-07 03:16:45,084 - utils.logger - INFO - Cur epoch 18 loss MSE:0.0816
2021-06-07 03:16:45,363 - utils.logger - INFO - Cur epoch 18 loss MSE:0.1173
2021-06-07 03:16:45,364 - utils.logger - INFO - saving the model at the end of epoch 18, iters 108
2021-06-07 03:16:45,494 - utils.logger - INFO - End of training epoch 18 / 50 	 Time Taken: 1 sec, Data loading: 0 sec
2021-06-07 03:16:45,495 - utils.logger - INFO - learning rate = 0.0000100
2021-06-07 03:16:45,830 - utils.logger - INFO - Trn result of epoch 18 / 50 mse 0.0877 rmse 0.2961 pcc 0.2765 ccc 0.0235
2021-06-07 03:16:45,947 - utils.logger - INFO - Val result of epoch 18 / 50 mse 0.0933 rmse 0.3054 pcc 0.0207 ccc 0.0016
2021-06-07 03:16:46,262 - utils.logger - INFO - Cur epoch 19 loss MSE:1.4632
2021-06-07 03:16:46,586 - utils.logger - INFO - Cur epoch 19 loss MSE:0.2117
2021-06-07 03:16:46,844 - utils.logger - INFO - Cur epoch 19 loss MSE:6.3516
2021-06-07 03:16:46,844 - utils.logger - INFO - saving the model at the end of epoch 19, iters 114
2021-06-07 03:16:46,977 - utils.logger - INFO - End of training epoch 19 / 50 	 Time Taken: 1 sec, Data loading: 0 sec
2021-06-07 03:16:46,977 - utils.logger - INFO - learning rate = 0.0000100
2021-06-07 03:16:47,311 - utils.logger - INFO - Trn result of epoch 19 / 50 mse 0.0874 rmse 0.2957 pcc 0.2765 ccc 0.0256
2021-06-07 03:16:47,427 - utils.logger - INFO - Val result of epoch 19 / 50 mse 0.0938 rmse 0.3062 pcc -0.0126 ccc -0.0010
2021-06-07 03:16:47,741 - utils.logger - INFO - Cur epoch 20 loss MSE:0.0890
2021-06-07 03:16:48,066 - utils.logger - INFO - Cur epoch 20 loss MSE:0.0240
2021-06-07 03:16:48,325 - utils.logger - INFO - Cur epoch 20 loss MSE:4.3399
2021-06-07 03:16:48,326 - utils.logger - INFO - saving the model at the end of epoch 20, iters 120
2021-06-07 03:16:48,459 - utils.logger - INFO - End of training epoch 20 / 50 	 Time Taken: 1 sec, Data loading: 0 sec
2021-06-07 03:16:48,459 - utils.logger - INFO - learning rate = 0.0000097
2021-06-07 03:16:48,785 - utils.logger - INFO - Trn result of epoch 20 / 50 mse 0.0870 rmse 0.2950 pcc 0.2726 ccc 0.0315
2021-06-07 03:16:48,898 - utils.logger - INFO - Val result of epoch 20 / 50 mse 0.0938 rmse 0.3063 pcc -0.0047 ccc -0.0005
2021-06-07 03:16:49,212 - utils.logger - INFO - Cur epoch 21 loss MSE:0.0131
2021-06-07 03:16:49,539 - utils.logger - INFO - Cur epoch 21 loss MSE:1.7941
2021-06-07 03:16:49,799 - utils.logger - INFO - Cur epoch 21 loss MSE:4.9106
2021-06-07 03:16:49,799 - utils.logger - INFO - saving the model at the end of epoch 21, iters 126
2021-06-07 03:16:49,932 - utils.logger - INFO - End of training epoch 21 / 50 	 Time Taken: 1 sec, Data loading: 0 sec
2021-06-07 03:16:49,932 - utils.logger - INFO - learning rate = 0.0000094
2021-06-07 03:16:50,268 - utils.logger - INFO - Trn result of epoch 21 / 50 mse 0.0868 rmse 0.2946 pcc 0.2629 ccc 0.0350
2021-06-07 03:16:50,384 - utils.logger - INFO - Val result of epoch 21 / 50 mse 0.0939 rmse 0.3064 pcc 0.0059 ccc 0.0007
2021-06-07 03:16:50,704 - utils.logger - INFO - Cur epoch 22 loss MSE:0.1465
2021-06-07 03:16:51,026 - utils.logger - INFO - Cur epoch 22 loss MSE:0.0336
2021-06-07 03:16:51,284 - utils.logger - INFO - Cur epoch 22 loss MSE:19.8161
2021-06-07 03:16:51,284 - utils.logger - INFO - saving the model at the end of epoch 22, iters 132
2021-06-07 03:16:51,418 - utils.logger - INFO - End of training epoch 22 / 50 	 Time Taken: 1 sec, Data loading: 0 sec
2021-06-07 03:16:51,418 - utils.logger - INFO - learning rate = 0.0000090
2021-06-07 03:16:51,753 - utils.logger - INFO - Trn result of epoch 22 / 50 mse 0.0860 rmse 0.2932 pcc 0.2778 ccc 0.0464
2021-06-07 03:16:51,872 - utils.logger - INFO - Val result of epoch 22 / 50 mse 0.0946 rmse 0.3075 pcc -0.0067 ccc -0.0010
2021-06-07 03:16:52,194 - utils.logger - INFO - Cur epoch 23 loss MSE:0.6101
2021-06-07 03:16:52,518 - utils.logger - INFO - Cur epoch 23 loss MSE:0.2051
2021-06-07 03:16:52,776 - utils.logger - INFO - Cur epoch 23 loss MSE:8.0748
2021-06-07 03:16:52,777 - utils.logger - INFO - saving the model at the end of epoch 23, iters 138
2021-06-07 03:16:52,908 - utils.logger - INFO - End of training epoch 23 / 50 	 Time Taken: 1 sec, Data loading: 0 sec
2021-06-07 03:16:52,909 - utils.logger - INFO - learning rate = 0.0000087
2021-06-07 03:16:53,237 - utils.logger - INFO - Trn result of epoch 23 / 50 mse 0.0851 rmse 0.2918 pcc 0.2876 ccc 0.0592
2021-06-07 03:16:53,352 - utils.logger - INFO - Val result of epoch 23 / 50 mse 0.0945 rmse 0.3075 pcc -0.0023 ccc -0.0004
2021-06-07 03:16:53,674 - utils.logger - INFO - Cur epoch 24 loss MSE:0.0681
2021-06-07 03:16:53,986 - utils.logger - INFO - Cur epoch 24 loss MSE:0.1910
2021-06-07 03:16:54,245 - utils.logger - INFO - Cur epoch 24 loss MSE:6.4139
2021-06-07 03:16:54,245 - utils.logger - INFO - saving the model at the end of epoch 24, iters 144
2021-06-07 03:16:54,406 - utils.logger - INFO - End of training epoch 24 / 50 	 Time Taken: 1 sec, Data loading: 0 sec
2021-06-07 03:16:54,406 - utils.logger - INFO - learning rate = 0.0000084
2021-06-07 03:16:54,735 - utils.logger - INFO - Trn result of epoch 24 / 50 mse 0.0836 rmse 0.2891 pcc 0.3124 ccc 0.0829
2021-06-07 03:16:54,848 - utils.logger - INFO - Val result of epoch 24 / 50 mse 0.0950 rmse 0.3082 pcc -0.0085 ccc -0.0019
2021-06-07 03:16:55,162 - utils.logger - INFO - Cur epoch 25 loss MSE:0.1704
2021-06-07 03:16:55,482 - utils.logger - INFO - Cur epoch 25 loss MSE:1.4136
2021-06-07 03:16:55,752 - utils.logger - INFO - Cur epoch 25 loss MSE:0.0252
2021-06-07 03:16:55,752 - utils.logger - INFO - saving the model at the end of epoch 25, iters 150
2021-06-07 03:16:55,866 - utils.logger - INFO - End of training epoch 25 / 50 	 Time Taken: 1 sec, Data loading: 0 sec
2021-06-07 03:16:55,866 - utils.logger - INFO - learning rate = 0.0000081
2021-06-07 03:16:56,197 - utils.logger - INFO - Trn result of epoch 25 / 50 mse 0.0908 rmse 0.3014 pcc 0.2699 ccc 0.1862
2021-06-07 03:16:56,310 - utils.logger - INFO - Val result of epoch 25 / 50 mse 0.1105 rmse 0.3324 pcc 0.0769 ccc 0.0477
2021-06-07 03:16:56,632 - utils.logger - INFO - Cur epoch 26 loss MSE:0.0004
2021-06-07 03:16:56,958 - utils.logger - INFO - Cur epoch 26 loss MSE:0.9083
2021-06-07 03:16:57,232 - utils.logger - INFO - Cur epoch 26 loss MSE:0.3553
2021-06-07 03:16:57,232 - utils.logger - INFO - saving the model at the end of epoch 26, iters 156
2021-06-07 03:16:57,343 - utils.logger - INFO - End of training epoch 26 / 50 	 Time Taken: 1 sec, Data loading: 0 sec
2021-06-07 03:16:57,344 - utils.logger - INFO - learning rate = 0.0000077
2021-06-07 03:16:57,678 - utils.logger - INFO - Trn result of epoch 26 / 50 mse 0.0812 rmse 0.2850 pcc 0.3342 ccc 0.1277
2021-06-07 03:16:57,793 - utils.logger - INFO - Val result of epoch 26 / 50 mse 0.0961 rmse 0.3100 pcc -0.0001 ccc -0.0000
2021-06-07 03:16:58,111 - utils.logger - INFO - Cur epoch 27 loss MSE:1.2733
2021-06-07 03:16:58,426 - utils.logger - INFO - Cur epoch 27 loss MSE:0.3696
2021-06-07 03:16:58,716 - utils.logger - INFO - Cur epoch 27 loss MSE:0.3994
2021-06-07 03:16:58,716 - utils.logger - INFO - saving the model at the end of epoch 27, iters 162
2021-06-07 03:16:58,846 - utils.logger - INFO - End of training epoch 27 / 50 	 Time Taken: 1 sec, Data loading: 0 sec
2021-06-07 03:16:58,846 - utils.logger - INFO - learning rate = 0.0000074
2021-06-07 03:16:59,181 - utils.logger - INFO - Trn result of epoch 27 / 50 mse 0.0799 rmse 0.2826 pcc 0.3632 ccc 0.1457
2021-06-07 03:16:59,296 - utils.logger - INFO - Val result of epoch 27 / 50 mse 0.0951 rmse 0.3084 pcc 0.0142 ccc 0.0047
2021-06-07 03:16:59,635 - utils.logger - INFO - Cur epoch 28 loss MSE:0.0049
2021-06-07 03:16:59,974 - utils.logger - INFO - Cur epoch 28 loss MSE:0.5772
2021-06-07 03:17:00,268 - utils.logger - INFO - Cur epoch 28 loss MSE:0.0037
2021-06-07 03:17:00,268 - utils.logger - INFO - saving the model at the end of epoch 28, iters 168
2021-06-07 03:17:00,393 - utils.logger - INFO - End of training epoch 28 / 50 	 Time Taken: 1 sec, Data loading: 0 sec
2021-06-07 03:17:00,393 - utils.logger - INFO - learning rate = 0.0000071
2021-06-07 03:17:00,728 - utils.logger - INFO - Trn result of epoch 28 / 50 mse 0.0769 rmse 0.2773 pcc 0.3880 ccc 0.2308
2021-06-07 03:17:00,841 - utils.logger - INFO - Val result of epoch 28 / 50 mse 0.0975 rmse 0.3122 pcc 0.0360 ccc 0.0162
2021-06-07 03:17:01,156 - utils.logger - INFO - Cur epoch 29 loss MSE:0.4095
2021-06-07 03:17:01,480 - utils.logger - INFO - Cur epoch 29 loss MSE:0.0371
2021-06-07 03:17:01,738 - utils.logger - INFO - Cur epoch 29 loss MSE:5.5686
2021-06-07 03:17:01,738 - utils.logger - INFO - saving the model at the end of epoch 29, iters 174
2021-06-07 03:17:01,873 - utils.logger - INFO - End of training epoch 29 / 50 	 Time Taken: 1 sec, Data loading: 0 sec
2021-06-07 03:17:01,874 - utils.logger - INFO - learning rate = 0.0000068
2021-06-07 03:17:02,218 - utils.logger - INFO - Trn result of epoch 29 / 50 mse 0.0755 rmse 0.2748 pcc 0.4331 ccc 0.2085
2021-06-07 03:17:02,334 - utils.logger - INFO - Val result of epoch 29 / 50 mse 0.0950 rmse 0.3082 pcc 0.0169 ccc 0.0058
2021-06-07 03:17:02,643 - utils.logger - INFO - Cur epoch 30 loss MSE:0.1507
2021-06-07 03:17:02,962 - utils.logger - INFO - Cur epoch 30 loss MSE:0.3022
2021-06-07 03:17:03,241 - utils.logger - INFO - Cur epoch 30 loss MSE:0.3962
2021-06-07 03:17:03,241 - utils.logger - INFO - saving the model at the end of epoch 30, iters 180
2021-06-07 03:17:03,367 - utils.logger - INFO - End of training epoch 30 / 50 	 Time Taken: 1 sec, Data loading: 0 sec
2021-06-07 03:17:03,367 - utils.logger - INFO - learning rate = 0.0000065
2021-06-07 03:17:03,701 - utils.logger - INFO - Trn result of epoch 30 / 50 mse 0.0735 rmse 0.2710 pcc 0.4407 ccc 0.2635
2021-06-07 03:17:03,813 - utils.logger - INFO - Val result of epoch 30 / 50 mse 0.0984 rmse 0.3137 pcc -0.0167 ccc -0.0072
2021-06-07 03:17:04,132 - utils.logger - INFO - Cur epoch 31 loss MSE:0.0974
2021-06-07 03:17:04,458 - utils.logger - INFO - Cur epoch 31 loss MSE:1.2622
2021-06-07 03:17:04,718 - utils.logger - INFO - Cur epoch 31 loss MSE:16.6195
2021-06-07 03:17:04,718 - utils.logger - INFO - saving the model at the end of epoch 31, iters 186
2021-06-07 03:17:04,848 - utils.logger - INFO - End of training epoch 31 / 50 	 Time Taken: 1 sec, Data loading: 0 sec
2021-06-07 03:17:04,848 - utils.logger - INFO - learning rate = 0.0000061
2021-06-07 03:17:05,169 - utils.logger - INFO - Trn result of epoch 31 / 50 mse 0.0713 rmse 0.2671 pcc 0.4822 ccc 0.3362
2021-06-07 03:17:05,281 - utils.logger - INFO - Val result of epoch 31 / 50 mse 0.1087 rmse 0.3298 pcc -0.0487 ccc -0.0289
2021-06-07 03:17:05,605 - utils.logger - INFO - Cur epoch 32 loss MSE:0.1748
2021-06-07 03:17:05,925 - utils.logger - INFO - Cur epoch 32 loss MSE:0.5318
2021-06-07 03:17:06,188 - utils.logger - INFO - Cur epoch 32 loss MSE:3.4972
2021-06-07 03:17:06,188 - utils.logger - INFO - saving the model at the end of epoch 32, iters 192
2021-06-07 03:17:06,348 - utils.logger - INFO - End of training epoch 32 / 50 	 Time Taken: 1 sec, Data loading: 0 sec
2021-06-07 03:17:06,348 - utils.logger - INFO - learning rate = 0.0000058
2021-06-07 03:17:06,675 - utils.logger - INFO - Trn result of epoch 32 / 50 mse 0.0710 rmse 0.2665 pcc 0.4937 ccc 0.3632
2021-06-07 03:17:06,788 - utils.logger - INFO - Val result of epoch 32 / 50 mse 0.1182 rmse 0.3437 pcc -0.0988 ccc -0.0663
2021-06-07 03:17:07,103 - utils.logger - INFO - Cur epoch 33 loss MSE:0.1020
2021-06-07 03:17:07,418 - utils.logger - INFO - Cur epoch 33 loss MSE:0.0781
2021-06-07 03:17:07,698 - utils.logger - INFO - Cur epoch 33 loss MSE:9.3289
2021-06-07 03:17:07,698 - utils.logger - INFO - saving the model at the end of epoch 33, iters 198
2021-06-07 03:17:07,825 - utils.logger - INFO - End of training epoch 33 / 50 	 Time Taken: 1 sec, Data loading: 0 sec
2021-06-07 03:17:07,825 - utils.logger - INFO - learning rate = 0.0000055
2021-06-07 03:17:08,156 - utils.logger - INFO - Trn result of epoch 33 / 50 mse 0.0747 rmse 0.2734 pcc 0.4545 ccc 0.3315
2021-06-07 03:17:08,271 - utils.logger - INFO - Val result of epoch 33 / 50 mse 0.1174 rmse 0.3426 pcc -0.1029 ccc -0.0688
2021-06-07 03:17:08,591 - utils.logger - INFO - Cur epoch 34 loss MSE:1.6802
2021-06-07 03:17:08,917 - utils.logger - INFO - Cur epoch 34 loss MSE:0.1544
2021-06-07 03:17:09,181 - utils.logger - INFO - Cur epoch 34 loss MSE:6.3799
2021-06-07 03:17:09,182 - utils.logger - INFO - saving the model at the end of epoch 34, iters 204
2021-06-07 03:17:09,343 - utils.logger - INFO - End of training epoch 34 / 50 	 Time Taken: 1 sec, Data loading: 0 sec
2021-06-07 03:17:09,343 - utils.logger - INFO - learning rate = 0.0000052
2021-06-07 03:17:09,671 - utils.logger - INFO - Trn result of epoch 34 / 50 mse 0.0860 rmse 0.2933 pcc 0.4060 ccc 0.3128
2021-06-07 03:17:09,787 - utils.logger - INFO - Val result of epoch 34 / 50 mse 0.1258 rmse 0.3547 pcc -0.0830 ccc -0.0622
2021-06-07 03:17:10,114 - utils.logger - INFO - Cur epoch 35 loss MSE:1.2483
2021-06-07 03:17:10,434 - utils.logger - INFO - Cur epoch 35 loss MSE:0.1557
2021-06-07 03:17:10,696 - utils.logger - INFO - Cur epoch 35 loss MSE:16.1179
2021-06-07 03:17:10,696 - utils.logger - INFO - saving the model at the end of epoch 35, iters 210
2021-06-07 03:17:10,826 - utils.logger - INFO - End of training epoch 35 / 50 	 Time Taken: 1 sec, Data loading: 0 sec
2021-06-07 03:17:10,826 - utils.logger - INFO - learning rate = 0.0000048
2021-06-07 03:17:11,161 - utils.logger - INFO - Trn result of epoch 35 / 50 mse 0.0665 rmse 0.2579 pcc 0.5403 ccc 0.4140
2021-06-07 03:17:11,275 - utils.logger - INFO - Val result of epoch 35 / 50 mse 0.1207 rmse 0.3475 pcc -0.0828 ccc -0.0606
2021-06-07 03:17:11,592 - utils.logger - INFO - Cur epoch 36 loss MSE:0.0023
2021-06-07 03:17:11,918 - utils.logger - INFO - Cur epoch 36 loss MSE:0.0706
2021-06-07 03:17:12,184 - utils.logger - INFO - Cur epoch 36 loss MSE:12.3214
2021-06-07 03:17:12,185 - utils.logger - INFO - saving the model at the end of epoch 36, iters 216
2021-06-07 03:17:12,328 - utils.logger - INFO - End of training epoch 36 / 50 	 Time Taken: 1 sec, Data loading: 0 sec
2021-06-07 03:17:12,328 - utils.logger - INFO - learning rate = 0.0000045
2021-06-07 03:17:12,664 - utils.logger - INFO - Trn result of epoch 36 / 50 mse 0.0702 rmse 0.2650 pcc 0.4948 ccc 0.3734
2021-06-07 03:17:12,782 - utils.logger - INFO - Val result of epoch 36 / 50 mse 0.1177 rmse 0.3431 pcc -0.0853 ccc -0.0606
2021-06-07 03:17:13,094 - utils.logger - INFO - Cur epoch 37 loss MSE:0.0485
2021-06-07 03:17:13,413 - utils.logger - INFO - Cur epoch 37 loss MSE:1.0908
2021-06-07 03:17:13,672 - utils.logger - INFO - Cur epoch 37 loss MSE:19.6262
2021-06-07 03:17:13,672 - utils.logger - INFO - saving the model at the end of epoch 37, iters 222
2021-06-07 03:17:13,805 - utils.logger - INFO - End of training epoch 37 / 50 	 Time Taken: 1 sec, Data loading: 0 sec
2021-06-07 03:17:13,805 - utils.logger - INFO - learning rate = 0.0000042
2021-06-07 03:17:14,135 - utils.logger - INFO - Trn result of epoch 37 / 50 mse 0.0670 rmse 0.2589 pcc 0.5150 ccc 0.3593
2021-06-07 03:17:14,247 - utils.logger - INFO - Val result of epoch 37 / 50 mse 0.1123 rmse 0.3351 pcc -0.1339 ccc -0.0822
2021-06-07 03:17:14,557 - utils.logger - INFO - Cur epoch 38 loss MSE:1.1215
2021-06-07 03:17:14,865 - utils.logger - INFO - Cur epoch 38 loss MSE:0.0875
2021-06-07 03:17:15,114 - utils.logger - INFO - Cur epoch 38 loss MSE:2.9308
2021-06-07 03:17:15,114 - utils.logger - INFO - saving the model at the end of epoch 38, iters 228
2021-06-07 03:17:15,255 - utils.logger - INFO - End of training epoch 38 / 50 	 Time Taken: 1 sec, Data loading: 0 sec
2021-06-07 03:17:15,256 - utils.logger - INFO - learning rate = 0.0000039
2021-06-07 03:17:15,580 - utils.logger - INFO - Trn result of epoch 38 / 50 mse 0.0685 rmse 0.2617 pcc 0.5313 ccc 0.4109
2021-06-07 03:17:15,692 - utils.logger - INFO - Val result of epoch 38 / 50 mse 0.1195 rmse 0.3456 pcc -0.0854 ccc -0.0624
2021-06-07 03:17:15,995 - utils.logger - INFO - Cur epoch 39 loss MSE:0.7014
2021-06-07 03:17:16,307 - utils.logger - INFO - Cur epoch 39 loss MSE:0.0915
2021-06-07 03:17:16,553 - utils.logger - INFO - Cur epoch 39 loss MSE:6.7282
2021-06-07 03:17:16,553 - utils.logger - INFO - saving the model at the end of epoch 39, iters 234
2021-06-07 03:17:16,666 - utils.logger - INFO - End of training epoch 39 / 50 	 Time Taken: 0 sec, Data loading: 0 sec
2021-06-07 03:17:16,666 - utils.logger - INFO - learning rate = 0.0000035
2021-06-07 03:17:16,998 - utils.logger - INFO - Trn result of epoch 39 / 50 mse 0.0722 rmse 0.2687 pcc 0.5166 ccc 0.4011
2021-06-07 03:17:17,109 - utils.logger - INFO - Val result of epoch 39 / 50 mse 0.1231 rmse 0.3509 pcc -0.0952 ccc -0.0722
2021-06-07 03:17:17,410 - utils.logger - INFO - Cur epoch 40 loss MSE:0.0630
2021-06-07 03:17:17,729 - utils.logger - INFO - Cur epoch 40 loss MSE:0.1619
2021-06-07 03:17:18,002 - utils.logger - INFO - Cur epoch 40 loss MSE:0.7105
2021-06-07 03:17:18,002 - utils.logger - INFO - saving the model at the end of epoch 40, iters 240
2021-06-07 03:17:18,154 - utils.logger - INFO - End of training epoch 40 / 50 	 Time Taken: 1 sec, Data loading: 0 sec
2021-06-07 03:17:18,154 - utils.logger - INFO - learning rate = 0.0000032
2021-06-07 03:17:18,479 - utils.logger - INFO - Trn result of epoch 40 / 50 mse 0.0676 rmse 0.2600 pcc 0.5072 ccc 0.3880
2021-06-07 03:17:18,591 - utils.logger - INFO - Val result of epoch 40 / 50 mse 0.1165 rmse 0.3414 pcc -0.1135 ccc -0.0790
2021-06-07 03:17:18,922 - utils.logger - INFO - Cur epoch 41 loss MSE:0.1312
2021-06-07 03:17:19,237 - utils.logger - INFO - Cur epoch 41 loss MSE:0.0965
2021-06-07 03:17:19,506 - utils.logger - INFO - Cur epoch 41 loss MSE:2.3504
2021-06-07 03:17:19,506 - utils.logger - INFO - saving the model at the end of epoch 41, iters 246
2021-06-07 03:17:19,630 - utils.logger - INFO - End of training epoch 41 / 50 	 Time Taken: 1 sec, Data loading: 0 sec
2021-06-07 03:17:19,631 - utils.logger - INFO - learning rate = 0.0000029
2021-06-07 03:17:19,968 - utils.logger - INFO - Trn result of epoch 41 / 50 mse 0.0640 rmse 0.2529 pcc 0.5504 ccc 0.4151
2021-06-07 03:17:20,084 - utils.logger - INFO - Val result of epoch 41 / 50 mse 0.1146 rmse 0.3385 pcc -0.0893 ccc -0.0621
2021-06-07 03:17:20,417 - utils.logger - INFO - Cur epoch 42 loss MSE:0.2090
2021-06-07 03:17:20,752 - utils.logger - INFO - Cur epoch 42 loss MSE:1.0233
2021-06-07 03:17:21,046 - utils.logger - INFO - Cur epoch 42 loss MSE:0.1140
2021-06-07 03:17:21,046 - utils.logger - INFO - saving the model at the end of epoch 42, iters 252
2021-06-07 03:17:21,176 - utils.logger - INFO - End of training epoch 42 / 50 	 Time Taken: 1 sec, Data loading: 0 sec
2021-06-07 03:17:21,176 - utils.logger - INFO - learning rate = 0.0000026
2021-06-07 03:17:21,519 - utils.logger - INFO - Trn result of epoch 42 / 50 mse 0.0769 rmse 0.2774 pcc 0.4260 ccc 0.3228
2021-06-07 03:17:21,635 - utils.logger - INFO - Val result of epoch 42 / 50 mse 0.1189 rmse 0.3448 pcc -0.0960 ccc -0.0704
2021-06-07 03:17:21,962 - utils.logger - INFO - Cur epoch 43 loss MSE:0.1950
2021-06-07 03:17:22,280 - utils.logger - INFO - Cur epoch 43 loss MSE:0.1183
2021-06-07 03:17:22,556 - utils.logger - INFO - Cur epoch 43 loss MSE:20.3422
2021-06-07 03:17:22,556 - utils.logger - INFO - saving the model at the end of epoch 43, iters 258
2021-06-07 03:17:22,684 - utils.logger - INFO - End of training epoch 43 / 50 	 Time Taken: 1 sec, Data loading: 0 sec
2021-06-07 03:17:22,684 - utils.logger - INFO - learning rate = 0.0000023
2021-06-07 03:17:23,010 - utils.logger - INFO - Trn result of epoch 43 / 50 mse 0.0637 rmse 0.2523 pcc 0.5533 ccc 0.4014
2021-06-07 03:17:23,123 - utils.logger - INFO - Val result of epoch 43 / 50 mse 0.1133 rmse 0.3367 pcc -0.1174 ccc -0.0767
2021-06-07 03:17:23,444 - utils.logger - INFO - Cur epoch 44 loss MSE:0.2725
2021-06-07 03:17:23,765 - utils.logger - INFO - Cur epoch 44 loss MSE:0.0897
2021-06-07 03:17:24,037 - utils.logger - INFO - Cur epoch 44 loss MSE:7.8998
2021-06-07 03:17:24,037 - utils.logger - INFO - saving the model at the end of epoch 44, iters 264
2021-06-07 03:17:24,164 - utils.logger - INFO - End of training epoch 44 / 50 	 Time Taken: 1 sec, Data loading: 0 sec
2021-06-07 03:17:24,165 - utils.logger - INFO - learning rate = 0.0000019
2021-06-07 03:17:24,494 - utils.logger - INFO - Trn result of epoch 44 / 50 mse 0.0635 rmse 0.2521 pcc 0.5484 ccc 0.4184
2021-06-07 03:17:24,611 - utils.logger - INFO - Val result of epoch 44 / 50 mse 0.1164 rmse 0.3411 pcc -0.1080 ccc -0.0756
2021-06-07 03:17:24,934 - utils.logger - INFO - Cur epoch 45 loss MSE:0.1600
2021-06-07 03:17:25,264 - utils.logger - INFO - Cur epoch 45 loss MSE:0.0757
2021-06-07 03:17:25,540 - utils.logger - INFO - Cur epoch 45 loss MSE:0.2223
2021-06-07 03:17:25,540 - utils.logger - INFO - saving the model at the end of epoch 45, iters 270
2021-06-07 03:17:25,701 - utils.logger - INFO - End of training epoch 45 / 50 	 Time Taken: 1 sec, Data loading: 0 sec
2021-06-07 03:17:25,701 - utils.logger - INFO - learning rate = 0.0000016
2021-06-07 03:17:26,031 - utils.logger - INFO - Trn result of epoch 45 / 50 mse 0.0635 rmse 0.2521 pcc 0.5479 ccc 0.4170
2021-06-07 03:17:26,145 - utils.logger - INFO - Val result of epoch 45 / 50 mse 0.1155 rmse 0.3398 pcc -0.1072 ccc -0.0744
2021-06-07 03:17:26,464 - utils.logger - INFO - Cur epoch 46 loss MSE:0.2258
2021-06-07 03:17:26,784 - utils.logger - INFO - Cur epoch 46 loss MSE:0.1382
2021-06-07 03:17:27,047 - utils.logger - INFO - Cur epoch 46 loss MSE:6.3288
2021-06-07 03:17:27,048 - utils.logger - INFO - saving the model at the end of epoch 46, iters 276
2021-06-07 03:17:27,188 - utils.logger - INFO - End of training epoch 46 / 50 	 Time Taken: 1 sec, Data loading: 0 sec
2021-06-07 03:17:27,188 - utils.logger - INFO - learning rate = 0.0000013
2021-06-07 03:17:27,520 - utils.logger - INFO - Trn result of epoch 46 / 50 mse 0.0651 rmse 0.2551 pcc 0.5335 ccc 0.4124
2021-06-07 03:17:27,636 - utils.logger - INFO - Val result of epoch 46 / 50 mse 0.1173 rmse 0.3425 pcc -0.1038 ccc -0.0747
2021-06-07 03:17:27,965 - utils.logger - INFO - Cur epoch 47 loss MSE:0.0217
2021-06-07 03:17:28,286 - utils.logger - INFO - Cur epoch 47 loss MSE:0.1051
2021-06-07 03:17:28,548 - utils.logger - INFO - Cur epoch 47 loss MSE:5.5291
2021-06-07 03:17:28,548 - utils.logger - INFO - saving the model at the end of epoch 47, iters 282
2021-06-07 03:17:28,679 - utils.logger - INFO - End of training epoch 47 / 50 	 Time Taken: 1 sec, Data loading: 0 sec
2021-06-07 03:17:28,679 - utils.logger - INFO - learning rate = 0.0000010
2021-06-07 03:17:29,011 - utils.logger - INFO - Trn result of epoch 47 / 50 mse 0.0649 rmse 0.2547 pcc 0.5335 ccc 0.4168
2021-06-07 03:17:29,124 - utils.logger - INFO - Val result of epoch 47 / 50 mse 0.1174 rmse 0.3426 pcc -0.1067 ccc -0.0767
2021-06-07 03:17:29,449 - utils.logger - INFO - Cur epoch 48 loss MSE:0.9931
2021-06-07 03:17:29,765 - utils.logger - INFO - Cur epoch 48 loss MSE:0.1743
2021-06-07 03:17:30,036 - utils.logger - INFO - Cur epoch 48 loss MSE:0.0352
2021-06-07 03:17:30,036 - utils.logger - INFO - saving the model at the end of epoch 48, iters 288
2021-06-07 03:17:30,164 - utils.logger - INFO - End of training epoch 48 / 50 	 Time Taken: 1 sec, Data loading: 0 sec
2021-06-07 03:17:30,164 - utils.logger - INFO - learning rate = 0.0000006
2021-06-07 03:17:30,503 - utils.logger - INFO - Trn result of epoch 48 / 50 mse 0.0675 rmse 0.2598 pcc 0.5007 ccc 0.3963
2021-06-07 03:17:30,618 - utils.logger - INFO - Val result of epoch 48 / 50 mse 0.1179 rmse 0.3434 pcc -0.1146 ccc -0.0823
2021-06-07 03:17:30,944 - utils.logger - INFO - Cur epoch 49 loss MSE:0.0367
2021-06-07 03:17:31,272 - utils.logger - INFO - Cur epoch 49 loss MSE:0.2803
2021-06-07 03:17:31,534 - utils.logger - INFO - Cur epoch 49 loss MSE:0.8170
2021-06-07 03:17:31,534 - utils.logger - INFO - saving the model at the end of epoch 49, iters 294
2021-06-07 03:17:31,664 - utils.logger - INFO - End of training epoch 49 / 50 	 Time Taken: 1 sec, Data loading: 0 sec
2021-06-07 03:17:31,664 - utils.logger - INFO - learning rate = 0.0000003
2021-06-07 03:17:31,998 - utils.logger - INFO - Trn result of epoch 49 / 50 mse 0.0724 rmse 0.2690 pcc 0.4694 ccc 0.3717
2021-06-07 03:17:32,114 - utils.logger - INFO - Val result of epoch 49 / 50 mse 0.1189 rmse 0.3448 pcc -0.1015 ccc -0.0751
2021-06-07 03:17:32,435 - utils.logger - INFO - Cur epoch 50 loss MSE:0.0377
2021-06-07 03:17:32,757 - utils.logger - INFO - Cur epoch 50 loss MSE:0.0321
2021-06-07 03:17:33,029 - utils.logger - INFO - Cur epoch 50 loss MSE:1.1064
2021-06-07 03:17:33,029 - utils.logger - INFO - saving the model at the end of epoch 50, iters 300
2021-06-07 03:17:33,156 - utils.logger - INFO - End of training epoch 50 / 50 	 Time Taken: 1 sec, Data loading: 0 sec
2021-06-07 03:17:33,157 - utils.logger - INFO - learning rate = 0.0000000
2021-06-07 03:17:33,487 - utils.logger - INFO - Trn result of epoch 50 / 50 mse 0.0672 rmse 0.2593 pcc 0.5091 ccc 0.3990
2021-06-07 03:17:33,601 - utils.logger - INFO - Val result of epoch 50 / 50 mse 0.1190 rmse 0.3449 pcc -0.0978 ccc -0.0728
2021-06-07 03:17:33,601 - utils.logger - INFO - Best eval epoch 25 found with ccc 0.047706
2021-06-07 03:17:33,601 - utils.logger - INFO - baseline_earlyfusion_norm_vggish_arousal_hidden1024_seq100_run1
