2021-06-19 17:48:06,684 - utils.logger - INFO - The number of training samples = 41
2021-06-19 17:48:09,354 - utils.logger - INFO - Cur epoch 1 loss ccc:0.1439
2021-06-19 17:48:09,916 - utils.logger - INFO - Cur epoch 1 loss ccc:0.1256
2021-06-19 17:48:10,358 - utils.logger - INFO - Cur epoch 1 loss ccc:1.0260
2021-06-19 17:48:10,358 - utils.logger - INFO - saving the model at the end of epoch 1, iters 6
2021-06-19 17:48:10,621 - utils.logger - INFO - End of training epoch 1 / 70 	 Time Taken: 1 sec, Data loading: 0 sec
2021-06-19 17:48:10,621 - utils.logger - INFO - learning rate = 0.0005000
2021-06-19 17:48:11,441 - utils.logger - INFO - Trn result of epoch 1 / 70 mse 0.1096 rmse 0.3311 pcc -0.0514 ccc -0.0005
2021-06-19 17:48:11,838 - utils.logger - INFO - Val result of epoch 1 / 70 mse 0.1338 rmse 0.3658 pcc 0.0775 ccc 0.0007
2021-06-19 17:48:12,437 - utils.logger - INFO - Cur epoch 2 loss ccc:0.1077
2021-06-19 17:48:13,022 - utils.logger - INFO - Cur epoch 2 loss ccc:0.1123
2021-06-19 17:48:13,486 - utils.logger - INFO - Cur epoch 2 loss ccc:1.0012
2021-06-19 17:48:13,487 - utils.logger - INFO - saving the model at the end of epoch 2, iters 12
2021-06-19 17:48:13,764 - utils.logger - INFO - End of training epoch 2 / 70 	 Time Taken: 1 sec, Data loading: 0 sec
2021-06-19 17:48:13,764 - utils.logger - INFO - learning rate = 0.0005000
2021-06-19 17:48:14,684 - utils.logger - INFO - Trn result of epoch 2 / 70 mse 0.1211 rmse 0.3481 pcc -0.0400 ccc -0.0017
2021-06-19 17:48:14,951 - utils.logger - INFO - Val result of epoch 2 / 70 mse 0.1496 rmse 0.3868 pcc 0.1486 ccc 0.0066
2021-06-19 17:48:15,545 - utils.logger - INFO - Cur epoch 3 loss ccc:0.1180
2021-06-19 17:48:16,134 - utils.logger - INFO - Cur epoch 3 loss ccc:0.1305
2021-06-19 17:48:16,588 - utils.logger - INFO - Cur epoch 3 loss ccc:1.0568
2021-06-19 17:48:16,588 - utils.logger - INFO - saving the model at the end of epoch 3, iters 18
2021-06-19 17:48:16,835 - utils.logger - INFO - End of training epoch 3 / 70 	 Time Taken: 1 sec, Data loading: 0 sec
2021-06-19 17:48:16,836 - utils.logger - INFO - learning rate = 0.0005000
2021-06-19 17:48:17,608 - utils.logger - INFO - Trn result of epoch 3 / 70 mse 0.1087 rmse 0.3297 pcc -0.0482 ccc -0.0038
2021-06-19 17:48:17,871 - utils.logger - INFO - Val result of epoch 3 / 70 mse 0.1287 rmse 0.3588 pcc 0.1438 ccc 0.0120
2021-06-19 17:48:18,429 - utils.logger - INFO - Cur epoch 4 loss ccc:0.1059
2021-06-19 17:48:18,986 - utils.logger - INFO - Cur epoch 4 loss ccc:0.1240
2021-06-19 17:48:19,420 - utils.logger - INFO - Cur epoch 4 loss ccc:0.9949
2021-06-19 17:48:19,420 - utils.logger - INFO - saving the model at the end of epoch 4, iters 24
2021-06-19 17:48:19,717 - utils.logger - INFO - End of training epoch 4 / 70 	 Time Taken: 1 sec, Data loading: 0 sec
2021-06-19 17:48:19,717 - utils.logger - INFO - learning rate = 0.0005000
2021-06-19 17:48:20,532 - utils.logger - INFO - Trn result of epoch 4 / 70 mse 0.1189 rmse 0.3448 pcc 0.0632 ccc 0.0011
2021-06-19 17:48:20,819 - utils.logger - INFO - Val result of epoch 4 / 70 mse 0.1326 rmse 0.3642 pcc 0.1313 ccc 0.0021
2021-06-19 17:48:21,401 - utils.logger - INFO - Cur epoch 5 loss ccc:0.1299
2021-06-19 17:48:21,997 - utils.logger - INFO - Cur epoch 5 loss ccc:0.1288
2021-06-19 17:48:22,502 - utils.logger - INFO - Cur epoch 5 loss ccc:1.0106
2021-06-19 17:48:22,502 - utils.logger - INFO - saving the model at the end of epoch 5, iters 30
2021-06-19 17:48:22,779 - utils.logger - INFO - End of training epoch 5 / 70 	 Time Taken: 1 sec, Data loading: 0 sec
2021-06-19 17:48:22,779 - utils.logger - INFO - learning rate = 0.0005000
2021-06-19 17:48:23,630 - utils.logger - INFO - Trn result of epoch 5 / 70 mse 0.1425 rmse 0.3775 pcc 0.0713 ccc 0.0004
2021-06-19 17:48:23,911 - utils.logger - INFO - Val result of epoch 5 / 70 mse 0.1507 rmse 0.3882 pcc -0.1068 ccc -0.0006
2021-06-19 17:48:24,492 - utils.logger - INFO - Cur epoch 6 loss ccc:0.1257
2021-06-19 17:48:25,081 - utils.logger - INFO - Cur epoch 6 loss ccc:0.1442
2021-06-19 17:48:25,556 - utils.logger - INFO - Cur epoch 6 loss ccc:0.9943
2021-06-19 17:48:25,557 - utils.logger - INFO - saving the model at the end of epoch 6, iters 36
2021-06-19 17:48:25,864 - utils.logger - INFO - End of training epoch 6 / 70 	 Time Taken: 1 sec, Data loading: 0 sec
2021-06-19 17:48:25,864 - utils.logger - INFO - learning rate = 0.0005000
2021-06-19 17:48:26,658 - utils.logger - INFO - Trn result of epoch 6 / 70 mse 0.1296 rmse 0.3600 pcc 0.0944 ccc 0.0005
2021-06-19 17:48:26,937 - utils.logger - INFO - Val result of epoch 6 / 70 mse 0.1406 rmse 0.3749 pcc -0.1159 ccc -0.0008
2021-06-19 17:48:27,484 - utils.logger - INFO - Cur epoch 7 loss ccc:0.1249
2021-06-19 17:48:28,054 - utils.logger - INFO - Cur epoch 7 loss ccc:0.1253
2021-06-19 17:48:28,503 - utils.logger - INFO - Cur epoch 7 loss ccc:1.0304
2021-06-19 17:48:28,503 - utils.logger - INFO - saving the model at the end of epoch 7, iters 42
2021-06-19 17:48:28,795 - utils.logger - INFO - End of training epoch 7 / 70 	 Time Taken: 1 sec, Data loading: 0 sec
2021-06-19 17:48:28,795 - utils.logger - INFO - learning rate = 0.0005000
2021-06-19 17:48:29,652 - utils.logger - INFO - Trn result of epoch 7 / 70 mse 0.1531 rmse 0.3913 pcc 0.1295 ccc 0.0013
2021-06-19 17:48:30,015 - utils.logger - INFO - Val result of epoch 7 / 70 mse 0.1593 rmse 0.3992 pcc -0.0757 ccc -0.0009
2021-06-19 17:48:30,579 - utils.logger - INFO - Cur epoch 8 loss ccc:0.1144
2021-06-19 17:48:31,172 - utils.logger - INFO - Cur epoch 8 loss ccc:0.1213
2021-06-19 17:48:31,603 - utils.logger - INFO - Cur epoch 8 loss ccc:0.9963
2021-06-19 17:48:31,603 - utils.logger - INFO - saving the model at the end of epoch 8, iters 48
2021-06-19 17:48:31,821 - utils.logger - INFO - End of training epoch 8 / 70 	 Time Taken: 1 sec, Data loading: 0 sec
2021-06-19 17:48:31,821 - utils.logger - INFO - learning rate = 0.0005000
2021-06-19 17:48:32,592 - utils.logger - INFO - Trn result of epoch 8 / 70 mse 0.1448 rmse 0.3805 pcc -0.0407 ccc -0.0002
2021-06-19 17:48:32,863 - utils.logger - INFO - Val result of epoch 8 / 70 mse 0.1523 rmse 0.3902 pcc 0.0658 ccc 0.0003
2021-06-19 17:48:33,427 - utils.logger - INFO - Cur epoch 9 loss ccc:0.1257
2021-06-19 17:48:34,000 - utils.logger - INFO - Cur epoch 9 loss ccc:0.1089
2021-06-19 17:48:34,455 - utils.logger - INFO - Cur epoch 9 loss ccc:0.9844
2021-06-19 17:48:34,455 - utils.logger - INFO - saving the model at the end of epoch 9, iters 54
2021-06-19 17:48:34,728 - utils.logger - INFO - End of training epoch 9 / 70 	 Time Taken: 1 sec, Data loading: 0 sec
2021-06-19 17:48:34,728 - utils.logger - INFO - learning rate = 0.0005000
2021-06-19 17:48:35,530 - utils.logger - INFO - Trn result of epoch 9 / 70 mse 0.1086 rmse 0.3296 pcc -0.1531 ccc -0.0050
2021-06-19 17:48:35,791 - utils.logger - INFO - Val result of epoch 9 / 70 mse 0.1289 rmse 0.3590 pcc 0.1183 ccc 0.0040
2021-06-19 17:48:36,342 - utils.logger - INFO - Cur epoch 10 loss ccc:0.1222
2021-06-19 17:48:36,893 - utils.logger - INFO - Cur epoch 10 loss ccc:0.1161
2021-06-19 17:48:37,337 - utils.logger - INFO - Cur epoch 10 loss ccc:1.0277
2021-06-19 17:48:37,337 - utils.logger - INFO - saving the model at the end of epoch 10, iters 60
2021-06-19 17:48:37,663 - utils.logger - INFO - End of training epoch 10 / 70 	 Time Taken: 1 sec, Data loading: 0 sec
2021-06-19 17:48:37,663 - utils.logger - INFO - learning rate = 0.0005000
2021-06-19 17:48:38,484 - utils.logger - INFO - Trn result of epoch 10 / 70 mse 0.1831 rmse 0.4278 pcc -0.0946 ccc -0.0025
2021-06-19 17:48:38,781 - utils.logger - INFO - Val result of epoch 10 / 70 mse 0.2228 rmse 0.4720 pcc 0.1362 ccc 0.0035
2021-06-19 17:48:39,381 - utils.logger - INFO - Cur epoch 11 loss ccc:0.0989
2021-06-19 17:48:39,968 - utils.logger - INFO - Cur epoch 11 loss ccc:0.1252
2021-06-19 17:48:40,438 - utils.logger - INFO - Cur epoch 11 loss ccc:0.9617
2021-06-19 17:48:40,438 - utils.logger - INFO - saving the model at the end of epoch 11, iters 66
2021-06-19 17:48:40,740 - utils.logger - INFO - End of training epoch 11 / 70 	 Time Taken: 1 sec, Data loading: 0 sec
2021-06-19 17:48:40,740 - utils.logger - INFO - learning rate = 0.0005000
2021-06-19 17:48:41,531 - utils.logger - INFO - Trn result of epoch 11 / 70 mse 0.1691 rmse 0.4113 pcc -0.0499 ccc -0.0015
2021-06-19 17:48:41,834 - utils.logger - INFO - Val result of epoch 11 / 70 mse 0.2070 rmse 0.4549 pcc 0.1460 ccc 0.0048
2021-06-19 17:48:42,450 - utils.logger - INFO - Cur epoch 12 loss ccc:0.1104
2021-06-19 17:48:43,064 - utils.logger - INFO - Cur epoch 12 loss ccc:0.1250
2021-06-19 17:48:43,520 - utils.logger - INFO - Cur epoch 12 loss ccc:1.0318
2021-06-19 17:48:43,520 - utils.logger - INFO - saving the model at the end of epoch 12, iters 72
2021-06-19 17:48:43,875 - utils.logger - INFO - End of training epoch 12 / 70 	 Time Taken: 2 sec, Data loading: 0 sec
2021-06-19 17:48:43,875 - utils.logger - INFO - learning rate = 0.0005000
2021-06-19 17:48:44,719 - utils.logger - INFO - Trn result of epoch 12 / 70 mse 0.2334 rmse 0.4831 pcc -0.0618 ccc -0.0022
2021-06-19 17:48:45,084 - utils.logger - INFO - Val result of epoch 12 / 70 mse 0.2773 rmse 0.5266 pcc 0.1442 ccc 0.0058
2021-06-19 17:48:45,660 - utils.logger - INFO - Cur epoch 13 loss ccc:0.1162
2021-06-19 17:48:46,249 - utils.logger - INFO - Cur epoch 13 loss ccc:0.1275
2021-06-19 17:48:46,686 - utils.logger - INFO - Cur epoch 13 loss ccc:0.9730
2021-06-19 17:48:46,686 - utils.logger - INFO - saving the model at the end of epoch 13, iters 78
2021-06-19 17:48:46,942 - utils.logger - INFO - End of training epoch 13 / 70 	 Time Taken: 1 sec, Data loading: 0 sec
2021-06-19 17:48:46,942 - utils.logger - INFO - learning rate = 0.0005000
2021-06-19 17:48:47,733 - utils.logger - INFO - Trn result of epoch 13 / 70 mse 0.4371 rmse 0.6611 pcc -0.0736 ccc -0.0019
2021-06-19 17:48:48,007 - utils.logger - INFO - Val result of epoch 13 / 70 mse 0.4951 rmse 0.7037 pcc 0.1396 ccc 0.0043
2021-06-19 17:48:48,584 - utils.logger - INFO - Cur epoch 14 loss ccc:0.1144
2021-06-19 17:48:49,154 - utils.logger - INFO - Cur epoch 14 loss ccc:0.1152
2021-06-19 17:48:49,582 - utils.logger - INFO - Cur epoch 14 loss ccc:0.9989
2021-06-19 17:48:49,582 - utils.logger - INFO - saving the model at the end of epoch 14, iters 84
2021-06-19 17:48:49,856 - utils.logger - INFO - End of training epoch 14 / 70 	 Time Taken: 1 sec, Data loading: 0 sec
2021-06-19 17:48:49,856 - utils.logger - INFO - learning rate = 0.0005000
2021-06-19 17:48:50,640 - utils.logger - INFO - Trn result of epoch 14 / 70 mse 0.2764 rmse 0.5258 pcc -0.0812 ccc -0.0038
2021-06-19 17:48:50,905 - utils.logger - INFO - Val result of epoch 14 / 70 mse 0.3224 rmse 0.5678 pcc 0.1379 ccc 0.0074
2021-06-19 17:48:51,439 - utils.logger - INFO - Cur epoch 15 loss ccc:0.1045
2021-06-19 17:48:51,995 - utils.logger - INFO - Cur epoch 15 loss ccc:0.1090
2021-06-19 17:48:52,426 - utils.logger - INFO - Cur epoch 15 loss ccc:1.0455
2021-06-19 17:48:52,426 - utils.logger - INFO - saving the model at the end of epoch 15, iters 90
2021-06-19 17:48:52,793 - utils.logger - INFO - End of training epoch 15 / 70 	 Time Taken: 1 sec, Data loading: 0 sec
2021-06-19 17:48:52,794 - utils.logger - INFO - learning rate = 0.0005000
2021-06-19 17:48:53,632 - utils.logger - INFO - Trn result of epoch 15 / 70 mse 0.1086 rmse 0.3296 pcc -0.1054 ccc -0.0045
2021-06-19 17:48:53,954 - utils.logger - INFO - Val result of epoch 15 / 70 mse 0.1284 rmse 0.3584 pcc 0.1277 ccc 0.0063
2021-06-19 17:48:54,545 - utils.logger - INFO - Cur epoch 16 loss ccc:0.1227
2021-06-19 17:48:55,123 - utils.logger - INFO - Cur epoch 16 loss ccc:0.1097
2021-06-19 17:48:55,567 - utils.logger - INFO - Cur epoch 16 loss ccc:1.0250
2021-06-19 17:48:55,567 - utils.logger - INFO - saving the model at the end of epoch 16, iters 96
2021-06-19 17:48:55,830 - utils.logger - INFO - End of training epoch 16 / 70 	 Time Taken: 1 sec, Data loading: 0 sec
2021-06-19 17:48:55,830 - utils.logger - INFO - learning rate = 0.0005000
2021-06-19 17:48:56,616 - utils.logger - INFO - Trn result of epoch 16 / 70 mse 0.1689 rmse 0.4110 pcc -0.1016 ccc -0.0056
2021-06-19 17:48:56,892 - utils.logger - INFO - Val result of epoch 16 / 70 mse 0.2047 rmse 0.4524 pcc 0.1269 ccc 0.0078
2021-06-19 17:48:57,468 - utils.logger - INFO - Cur epoch 17 loss ccc:0.1126
2021-06-19 17:48:58,057 - utils.logger - INFO - Cur epoch 17 loss ccc:0.1313
2021-06-19 17:48:58,474 - utils.logger - INFO - Cur epoch 17 loss ccc:0.9648
2021-06-19 17:48:58,474 - utils.logger - INFO - saving the model at the end of epoch 17, iters 102
2021-06-19 17:48:58,733 - utils.logger - INFO - End of training epoch 17 / 70 	 Time Taken: 1 sec, Data loading: 0 sec
2021-06-19 17:48:58,734 - utils.logger - INFO - learning rate = 0.0005000
2021-06-19 17:48:59,536 - utils.logger - INFO - Trn result of epoch 17 / 70 mse 0.4210 rmse 0.6489 pcc -0.1149 ccc -0.0067
2021-06-19 17:48:59,818 - utils.logger - INFO - Val result of epoch 17 / 70 mse 0.4702 rmse 0.6857 pcc 0.1184 ccc 0.0084
2021-06-19 17:49:00,369 - utils.logger - INFO - Cur epoch 18 loss ccc:0.1107
2021-06-19 17:49:00,921 - utils.logger - INFO - Cur epoch 18 loss ccc:0.1223
2021-06-19 17:49:01,361 - utils.logger - INFO - Cur epoch 18 loss ccc:0.9442
2021-06-19 17:49:01,362 - utils.logger - INFO - saving the model at the end of epoch 18, iters 108
2021-06-19 17:49:01,641 - utils.logger - INFO - End of training epoch 18 / 70 	 Time Taken: 1 sec, Data loading: 0 sec
2021-06-19 17:49:01,641 - utils.logger - INFO - learning rate = 0.0005000
2021-06-19 17:49:02,436 - utils.logger - INFO - Trn result of epoch 18 / 70 mse 0.2004 rmse 0.4477 pcc -0.0780 ccc -0.0104
2021-06-19 17:49:02,736 - utils.logger - INFO - Val result of epoch 18 / 70 mse 0.2348 rmse 0.4846 pcc 0.1349 ccc 0.0200
2021-06-19 17:49:03,285 - utils.logger - INFO - Cur epoch 19 loss ccc:0.1334
2021-06-19 17:49:03,842 - utils.logger - INFO - Cur epoch 19 loss ccc:0.1124
2021-06-19 17:49:04,256 - utils.logger - INFO - Cur epoch 19 loss ccc:0.9930
2021-06-19 17:49:04,257 - utils.logger - INFO - saving the model at the end of epoch 19, iters 114
2021-06-19 17:49:04,515 - utils.logger - INFO - End of training epoch 19 / 70 	 Time Taken: 1 sec, Data loading: 0 sec
2021-06-19 17:49:04,515 - utils.logger - INFO - learning rate = 0.0005000
2021-06-19 17:49:05,274 - utils.logger - INFO - Trn result of epoch 19 / 70 mse 0.6937 rmse 0.8329 pcc -0.1221 ccc -0.0053
2021-06-19 17:49:05,543 - utils.logger - INFO - Val result of epoch 19 / 70 mse 0.7512 rmse 0.8667 pcc 0.1210 ccc 0.0064
2021-06-19 17:49:06,082 - utils.logger - INFO - Cur epoch 20 loss ccc:0.1102
2021-06-19 17:49:06,647 - utils.logger - INFO - Cur epoch 20 loss ccc:0.1105
2021-06-19 17:49:07,095 - utils.logger - INFO - Cur epoch 20 loss ccc:0.9875
2021-06-19 17:49:07,095 - utils.logger - INFO - saving the model at the end of epoch 20, iters 120
2021-06-19 17:49:07,399 - utils.logger - INFO - End of training epoch 20 / 70 	 Time Taken: 1 sec, Data loading: 0 sec
2021-06-19 17:49:07,399 - utils.logger - INFO - learning rate = 0.0005000
2021-06-19 17:49:08,197 - utils.logger - INFO - Trn result of epoch 20 / 70 mse 0.1914 rmse 0.4375 pcc -0.1058 ccc -0.0017
2021-06-19 17:49:08,463 - utils.logger - INFO - Val result of epoch 20 / 70 mse 0.2326 rmse 0.4823 pcc 0.1155 ccc 0.0021
2021-06-19 17:49:09,012 - utils.logger - INFO - Cur epoch 21 loss ccc:0.1208
2021-06-19 17:49:09,551 - utils.logger - INFO - Cur epoch 21 loss ccc:0.0965
2021-06-19 17:49:09,966 - utils.logger - INFO - Cur epoch 21 loss ccc:0.9644
2021-06-19 17:49:09,966 - utils.logger - INFO - saving the model at the end of epoch 21, iters 126
2021-06-19 17:49:10,220 - utils.logger - INFO - End of training epoch 21 / 70 	 Time Taken: 1 sec, Data loading: 0 sec
2021-06-19 17:49:10,221 - utils.logger - INFO - learning rate = 0.0005000
2021-06-19 17:49:10,984 - utils.logger - INFO - Trn result of epoch 21 / 70 mse 0.2023 rmse 0.4498 pcc -0.1080 ccc -0.0021
2021-06-19 17:49:11,240 - utils.logger - INFO - Val result of epoch 21 / 70 mse 0.2444 rmse 0.4944 pcc 0.1166 ccc 0.0025
2021-06-19 17:49:11,799 - utils.logger - INFO - Cur epoch 22 loss ccc:0.0974
2021-06-19 17:49:12,352 - utils.logger - INFO - Cur epoch 22 loss ccc:0.1278
2021-06-19 17:49:12,780 - utils.logger - INFO - Cur epoch 22 loss ccc:0.9787
2021-06-19 17:49:12,781 - utils.logger - INFO - saving the model at the end of epoch 22, iters 132
2021-06-19 17:49:13,333 - utils.logger - INFO - End of training epoch 22 / 70 	 Time Taken: 2 sec, Data loading: 0 sec
2021-06-19 17:49:13,333 - utils.logger - INFO - learning rate = 0.0005000
2021-06-19 17:49:14,113 - utils.logger - INFO - Trn result of epoch 22 / 70 mse 0.1845 rmse 0.4296 pcc -0.1086 ccc -0.0019
2021-06-19 17:49:14,393 - utils.logger - INFO - Val result of epoch 22 / 70 mse 0.2248 rmse 0.4741 pcc 0.1161 ccc 0.0022
2021-06-19 17:49:14,954 - utils.logger - INFO - Cur epoch 23 loss ccc:0.1250
2021-06-19 17:49:15,540 - utils.logger - INFO - Cur epoch 23 loss ccc:0.1224
2021-06-19 17:49:16,022 - utils.logger - INFO - Cur epoch 23 loss ccc:1.0013
2021-06-19 17:49:16,022 - utils.logger - INFO - saving the model at the end of epoch 23, iters 138
2021-06-19 17:49:16,274 - utils.logger - INFO - End of training epoch 23 / 70 	 Time Taken: 1 sec, Data loading: 0 sec
2021-06-19 17:49:16,275 - utils.logger - INFO - learning rate = 0.0005000
2021-06-19 17:49:17,058 - utils.logger - INFO - Trn result of epoch 23 / 70 mse 0.1936 rmse 0.4400 pcc -0.0741 ccc -0.0007
2021-06-19 17:49:17,327 - utils.logger - INFO - Val result of epoch 23 / 70 mse 0.2358 rmse 0.4856 pcc 0.1042 ccc 0.0010
2021-06-19 17:49:17,894 - utils.logger - INFO - Cur epoch 24 loss ccc:0.1450
2021-06-19 17:49:18,447 - utils.logger - INFO - Cur epoch 24 loss ccc:0.1155
2021-06-19 17:49:18,871 - utils.logger - INFO - Cur epoch 24 loss ccc:0.9579
2021-06-19 17:49:18,872 - utils.logger - INFO - saving the model at the end of epoch 24, iters 144
2021-06-19 17:49:19,150 - utils.logger - INFO - End of training epoch 24 / 70 	 Time Taken: 1 sec, Data loading: 0 sec
2021-06-19 17:49:19,151 - utils.logger - INFO - learning rate = 0.0005000
2021-06-19 17:49:19,972 - utils.logger - INFO - Trn result of epoch 24 / 70 mse 0.2402 rmse 0.4901 pcc 0.0854 ccc 0.0006
2021-06-19 17:49:20,252 - utils.logger - INFO - Val result of epoch 24 / 70 mse 0.2886 rmse 0.5372 pcc -0.0507 ccc -0.0003
2021-06-19 17:49:20,804 - utils.logger - INFO - Cur epoch 25 loss ccc:0.1251
2021-06-19 17:49:21,372 - utils.logger - INFO - Cur epoch 25 loss ccc:0.1303
2021-06-19 17:49:21,824 - utils.logger - INFO - Cur epoch 25 loss ccc:0.9977
2021-06-19 17:49:21,824 - utils.logger - INFO - saving the model at the end of epoch 25, iters 150
2021-06-19 17:49:22,097 - utils.logger - INFO - End of training epoch 25 / 70 	 Time Taken: 1 sec, Data loading: 0 sec
2021-06-19 17:49:22,098 - utils.logger - INFO - learning rate = 0.0005000
2021-06-19 17:49:22,864 - utils.logger - INFO - Trn result of epoch 25 / 70 mse 0.5362 rmse 0.7322 pcc 0.0041 ccc 0.0000
2021-06-19 17:49:23,127 - utils.logger - INFO - Val result of epoch 25 / 70 mse 0.6049 rmse 0.7778 pcc 0.0448 ccc 0.0002
2021-06-19 17:49:23,689 - utils.logger - INFO - Cur epoch 26 loss ccc:0.1250
2021-06-19 17:49:24,235 - utils.logger - INFO - Cur epoch 26 loss ccc:0.1176
2021-06-19 17:49:24,679 - utils.logger - INFO - Cur epoch 26 loss ccc:1.0283
2021-06-19 17:49:24,679 - utils.logger - INFO - saving the model at the end of epoch 26, iters 156
2021-06-19 17:49:24,959 - utils.logger - INFO - End of training epoch 26 / 70 	 Time Taken: 1 sec, Data loading: 0 sec
2021-06-19 17:49:24,959 - utils.logger - INFO - learning rate = 0.0005000
2021-06-19 17:49:25,769 - utils.logger - INFO - Trn result of epoch 26 / 70 mse 0.3602 rmse 0.6002 pcc -0.0012 ccc -0.0000
2021-06-19 17:49:26,041 - utils.logger - INFO - Val result of epoch 26 / 70 mse 0.4179 rmse 0.6465 pcc 0.0501 ccc 0.0003
2021-06-19 17:49:26,602 - utils.logger - INFO - Cur epoch 27 loss ccc:0.1238
2021-06-19 17:49:27,214 - utils.logger - INFO - Cur epoch 27 loss ccc:0.1204
2021-06-19 17:49:27,669 - utils.logger - INFO - Cur epoch 27 loss ccc:0.9757
2021-06-19 17:49:27,669 - utils.logger - INFO - saving the model at the end of epoch 27, iters 162
2021-06-19 17:49:27,948 - utils.logger - INFO - End of training epoch 27 / 70 	 Time Taken: 1 sec, Data loading: 0 sec
2021-06-19 17:49:27,948 - utils.logger - INFO - learning rate = 0.0005000
2021-06-19 17:49:28,735 - utils.logger - INFO - Trn result of epoch 27 / 70 mse 0.1299 rmse 0.3604 pcc -0.0338 ccc -0.0002
2021-06-19 17:49:29,008 - utils.logger - INFO - Val result of epoch 27 / 70 mse 0.1620 rmse 0.4024 pcc 0.0790 ccc 0.0005
2021-06-19 17:49:29,566 - utils.logger - INFO - Cur epoch 28 loss ccc:0.1251
2021-06-19 17:49:30,154 - utils.logger - INFO - Cur epoch 28 loss ccc:0.1009
2021-06-19 17:49:30,582 - utils.logger - INFO - Cur epoch 28 loss ccc:0.9960
2021-06-19 17:49:30,582 - utils.logger - INFO - saving the model at the end of epoch 28, iters 168
2021-06-19 17:49:30,841 - utils.logger - INFO - End of training epoch 28 / 70 	 Time Taken: 1 sec, Data loading: 0 sec
2021-06-19 17:49:30,841 - utils.logger - INFO - learning rate = 0.0005000
2021-06-19 17:49:31,629 - utils.logger - INFO - Trn result of epoch 28 / 70 mse 0.1534 rmse 0.3916 pcc -0.0198 ccc -0.0001
2021-06-19 17:49:31,898 - utils.logger - INFO - Val result of epoch 28 / 70 mse 0.1902 rmse 0.4361 pcc 0.0673 ccc 0.0004
2021-06-19 17:49:32,452 - utils.logger - INFO - Cur epoch 29 loss ccc:0.1284
2021-06-19 17:49:33,038 - utils.logger - INFO - Cur epoch 29 loss ccc:0.1518
2021-06-19 17:49:33,456 - utils.logger - INFO - Cur epoch 29 loss ccc:0.9699
2021-06-19 17:49:33,456 - utils.logger - INFO - saving the model at the end of epoch 29, iters 174
2021-06-19 17:49:33,942 - utils.logger - INFO - End of training epoch 29 / 70 	 Time Taken: 2 sec, Data loading: 0 sec
2021-06-19 17:49:33,942 - utils.logger - INFO - learning rate = 0.0005000
2021-06-19 17:49:34,693 - utils.logger - INFO - Trn result of epoch 29 / 70 mse 0.1332 rmse 0.3650 pcc -0.0205 ccc -0.0001
2021-06-19 17:49:34,959 - utils.logger - INFO - Val result of epoch 29 / 70 mse 0.1661 rmse 0.4076 pcc 0.0682 ccc 0.0004
2021-06-19 17:49:35,488 - utils.logger - INFO - Cur epoch 30 loss ccc:0.1250
2021-06-19 17:49:36,022 - utils.logger - INFO - Cur epoch 30 loss ccc:0.1217
2021-06-19 17:49:36,455 - utils.logger - INFO - Cur epoch 30 loss ccc:1.0014
2021-06-19 17:49:36,455 - utils.logger - INFO - saving the model at the end of epoch 30, iters 180
2021-06-19 17:49:36,699 - utils.logger - INFO - End of training epoch 30 / 70 	 Time Taken: 1 sec, Data loading: 0 sec
2021-06-19 17:49:36,699 - utils.logger - INFO - learning rate = 0.0004878
2021-06-19 17:49:37,484 - utils.logger - INFO - Trn result of epoch 30 / 70 mse 0.2389 rmse 0.4887 pcc -0.0081 ccc -0.0001
2021-06-19 17:49:37,757 - utils.logger - INFO - Val result of epoch 30 / 70 mse 0.2864 rmse 0.5352 pcc 0.0568 ccc 0.0004
2021-06-19 17:49:38,335 - utils.logger - INFO - Cur epoch 31 loss ccc:0.1106
2021-06-19 17:49:38,917 - utils.logger - INFO - Cur epoch 31 loss ccc:0.1248
2021-06-19 17:49:39,356 - utils.logger - INFO - Cur epoch 31 loss ccc:0.9785
2021-06-19 17:49:39,356 - utils.logger - INFO - saving the model at the end of epoch 31, iters 186
2021-06-19 17:49:39,731 - utils.logger - INFO - End of training epoch 31 / 70 	 Time Taken: 1 sec, Data loading: 0 sec
2021-06-19 17:49:39,731 - utils.logger - INFO - learning rate = 0.0004756
2021-06-19 17:49:40,490 - utils.logger - INFO - Trn result of epoch 31 / 70 mse 0.2527 rmse 0.5026 pcc -0.0061 ccc -0.0000
2021-06-19 17:49:40,757 - utils.logger - INFO - Val result of epoch 31 / 70 mse 0.3016 rmse 0.5492 pcc 0.0549 ccc 0.0003
2021-06-19 17:49:41,309 - utils.logger - INFO - Cur epoch 32 loss ccc:0.1211
2021-06-19 17:49:41,887 - utils.logger - INFO - Cur epoch 32 loss ccc:0.1173
2021-06-19 17:49:42,334 - utils.logger - INFO - Cur epoch 32 loss ccc:1.0168
2021-06-19 17:49:42,335 - utils.logger - INFO - saving the model at the end of epoch 32, iters 192
2021-06-19 17:49:42,609 - utils.logger - INFO - End of training epoch 32 / 70 	 Time Taken: 1 sec, Data loading: 0 sec
2021-06-19 17:49:42,609 - utils.logger - INFO - learning rate = 0.0004634
2021-06-19 17:49:43,337 - utils.logger - INFO - Trn result of epoch 32 / 70 mse 0.2065 rmse 0.4544 pcc -0.0135 ccc -0.0001
2021-06-19 17:49:43,598 - utils.logger - INFO - Val result of epoch 32 / 70 mse 0.2506 rmse 0.5006 pcc 0.0619 ccc 0.0004
2021-06-19 17:49:44,162 - utils.logger - INFO - Cur epoch 33 loss ccc:0.1167
2021-06-19 17:49:44,721 - utils.logger - INFO - Cur epoch 33 loss ccc:0.1325
2021-06-19 17:49:45,149 - utils.logger - INFO - Cur epoch 33 loss ccc:1.0085
2021-06-19 17:49:45,150 - utils.logger - INFO - saving the model at the end of epoch 33, iters 198
2021-06-19 17:49:45,419 - utils.logger - INFO - End of training epoch 33 / 70 	 Time Taken: 1 sec, Data loading: 0 sec
2021-06-19 17:49:45,420 - utils.logger - INFO - learning rate = 0.0004512
2021-06-19 17:49:46,179 - utils.logger - INFO - Trn result of epoch 33 / 70 mse 0.1894 rmse 0.4352 pcc -0.0205 ccc -0.0001
2021-06-19 17:49:46,440 - utils.logger - INFO - Val result of epoch 33 / 70 mse 0.2314 rmse 0.4810 pcc 0.0682 ccc 0.0004
2021-06-19 17:49:47,012 - utils.logger - INFO - Cur epoch 34 loss ccc:0.1187
2021-06-19 17:49:47,566 - utils.logger - INFO - Cur epoch 34 loss ccc:0.1055
2021-06-19 17:49:48,031 - utils.logger - INFO - Cur epoch 34 loss ccc:0.9917
2021-06-19 17:49:48,032 - utils.logger - INFO - saving the model at the end of epoch 34, iters 204
2021-06-19 17:49:48,318 - utils.logger - INFO - End of training epoch 34 / 70 	 Time Taken: 1 sec, Data loading: 0 sec
2021-06-19 17:49:48,318 - utils.logger - INFO - learning rate = 0.0004390
2021-06-19 17:49:49,109 - utils.logger - INFO - Trn result of epoch 34 / 70 mse 0.1625 rmse 0.4031 pcc -0.0317 ccc -0.0002
2021-06-19 17:49:49,393 - utils.logger - INFO - Val result of epoch 34 / 70 mse 0.2008 rmse 0.4481 pcc 0.0776 ccc 0.0005
2021-06-19 17:49:49,952 - utils.logger - INFO - Cur epoch 35 loss ccc:0.1242
2021-06-19 17:49:50,511 - utils.logger - INFO - Cur epoch 35 loss ccc:0.1289
2021-06-19 17:49:50,929 - utils.logger - INFO - Cur epoch 35 loss ccc:0.9986
2021-06-19 17:49:50,929 - utils.logger - INFO - saving the model at the end of epoch 35, iters 210
2021-06-19 17:49:51,204 - utils.logger - INFO - End of training epoch 35 / 70 	 Time Taken: 1 sec, Data loading: 0 sec
2021-06-19 17:49:51,204 - utils.logger - INFO - learning rate = 0.0004268
2021-06-19 17:49:51,985 - utils.logger - INFO - Trn result of epoch 35 / 70 mse 0.1133 rmse 0.3366 pcc -0.0461 ccc -0.0002
2021-06-19 17:49:52,241 - utils.logger - INFO - Val result of epoch 35 / 70 mse 0.1399 rmse 0.3741 pcc 0.0882 ccc 0.0004
2021-06-19 17:49:52,795 - utils.logger - INFO - Cur epoch 36 loss ccc:0.1176
2021-06-19 17:49:53,357 - utils.logger - INFO - Cur epoch 36 loss ccc:0.1241
2021-06-19 17:49:53,807 - utils.logger - INFO - Cur epoch 36 loss ccc:0.9819
2021-06-19 17:49:53,807 - utils.logger - INFO - saving the model at the end of epoch 36, iters 216
2021-06-19 17:49:54,127 - utils.logger - INFO - End of training epoch 36 / 70 	 Time Taken: 1 sec, Data loading: 0 sec
2021-06-19 17:49:54,127 - utils.logger - INFO - learning rate = 0.0004146
2021-06-19 17:49:54,893 - utils.logger - INFO - Trn result of epoch 36 / 70 mse 0.1618 rmse 0.4023 pcc -0.0201 ccc -0.0001
2021-06-19 17:49:55,150 - utils.logger - INFO - Val result of epoch 36 / 70 mse 0.2000 rmse 0.4472 pcc 0.0678 ccc 0.0005
2021-06-19 17:49:55,715 - utils.logger - INFO - Cur epoch 37 loss ccc:0.1268
2021-06-19 17:49:56,276 - utils.logger - INFO - Cur epoch 37 loss ccc:0.1088
2021-06-19 17:49:56,694 - utils.logger - INFO - Cur epoch 37 loss ccc:0.8643
2021-06-19 17:49:56,694 - utils.logger - INFO - saving the model at the end of epoch 37, iters 222
2021-06-19 17:49:56,979 - utils.logger - INFO - End of training epoch 37 / 70 	 Time Taken: 1 sec, Data loading: 0 sec
2021-06-19 17:49:56,979 - utils.logger - INFO - learning rate = 0.0004024
2021-06-19 17:49:57,770 - utils.logger - INFO - Trn result of epoch 37 / 70 mse 0.2133 rmse 0.4618 pcc -0.0119 ccc -0.0001
2021-06-19 17:49:58,050 - utils.logger - INFO - Val result of epoch 37 / 70 mse 0.2582 rmse 0.5081 pcc 0.0604 ccc 0.0004
2021-06-19 17:49:58,640 - utils.logger - INFO - Cur epoch 38 loss ccc:0.1133
2021-06-19 17:49:59,200 - utils.logger - INFO - Cur epoch 38 loss ccc:0.1194
2021-06-19 17:49:59,658 - utils.logger - INFO - Cur epoch 38 loss ccc:1.0316
2021-06-19 17:49:59,658 - utils.logger - INFO - saving the model at the end of epoch 38, iters 228
2021-06-19 17:49:59,901 - utils.logger - INFO - End of training epoch 38 / 70 	 Time Taken: 1 sec, Data loading: 0 sec
2021-06-19 17:49:59,901 - utils.logger - INFO - learning rate = 0.0003902
2021-06-19 17:50:00,681 - utils.logger - INFO - Trn result of epoch 38 / 70 mse 0.2090 rmse 0.4572 pcc -0.0134 ccc -0.0001
2021-06-19 17:50:00,950 - utils.logger - INFO - Val result of epoch 38 / 70 mse 0.2534 rmse 0.5034 pcc 0.0620 ccc 0.0004
2021-06-19 17:50:01,502 - utils.logger - INFO - Cur epoch 39 loss ccc:0.1234
2021-06-19 17:50:02,077 - utils.logger - INFO - Cur epoch 39 loss ccc:0.1097
2021-06-19 17:50:02,511 - utils.logger - INFO - Cur epoch 39 loss ccc:0.9980
2021-06-19 17:50:02,511 - utils.logger - INFO - saving the model at the end of epoch 39, iters 234
2021-06-19 17:50:02,821 - utils.logger - INFO - End of training epoch 39 / 70 	 Time Taken: 1 sec, Data loading: 0 sec
2021-06-19 17:50:02,821 - utils.logger - INFO - learning rate = 0.0003780
2021-06-19 17:50:03,596 - utils.logger - INFO - Trn result of epoch 39 / 70 mse 0.2104 rmse 0.4586 pcc -0.0151 ccc -0.0001
2021-06-19 17:50:03,854 - utils.logger - INFO - Val result of epoch 39 / 70 mse 0.2549 rmse 0.5049 pcc 0.0634 ccc 0.0004
2021-06-19 17:50:04,429 - utils.logger - INFO - Cur epoch 40 loss ccc:0.1111
2021-06-19 17:50:04,977 - utils.logger - INFO - Cur epoch 40 loss ccc:0.1221
2021-06-19 17:50:05,417 - utils.logger - INFO - Cur epoch 40 loss ccc:0.9886
2021-06-19 17:50:05,417 - utils.logger - INFO - saving the model at the end of epoch 40, iters 240
2021-06-19 17:50:05,674 - utils.logger - INFO - End of training epoch 40 / 70 	 Time Taken: 1 sec, Data loading: 0 sec
2021-06-19 17:50:05,674 - utils.logger - INFO - learning rate = 0.0003659
2021-06-19 17:50:06,452 - utils.logger - INFO - Trn result of epoch 40 / 70 mse 0.2176 rmse 0.4665 pcc -0.0189 ccc -0.0001
2021-06-19 17:50:06,721 - utils.logger - INFO - Val result of epoch 40 / 70 mse 0.2629 rmse 0.5128 pcc 0.0668 ccc 0.0005
2021-06-19 17:50:07,293 - utils.logger - INFO - Cur epoch 41 loss ccc:0.1249
2021-06-19 17:50:07,862 - utils.logger - INFO - Cur epoch 41 loss ccc:0.1127
2021-06-19 17:50:08,310 - utils.logger - INFO - Cur epoch 41 loss ccc:1.0430
2021-06-19 17:50:08,310 - utils.logger - INFO - saving the model at the end of epoch 41, iters 246
2021-06-19 17:50:08,613 - utils.logger - INFO - End of training epoch 41 / 70 	 Time Taken: 1 sec, Data loading: 0 sec
2021-06-19 17:50:08,613 - utils.logger - INFO - learning rate = 0.0003537
2021-06-19 17:50:09,407 - utils.logger - INFO - Trn result of epoch 41 / 70 mse 0.1495 rmse 0.3867 pcc -0.0318 ccc -0.0002
2021-06-19 17:50:09,688 - utils.logger - INFO - Val result of epoch 41 / 70 mse 0.1857 rmse 0.4309 pcc 0.0776 ccc 0.0005
2021-06-19 17:50:10,261 - utils.logger - INFO - Cur epoch 42 loss ccc:0.1048
2021-06-19 17:50:10,848 - utils.logger - INFO - Cur epoch 42 loss ccc:0.1217
2021-06-19 17:50:11,278 - utils.logger - INFO - Cur epoch 42 loss ccc:1.0960
2021-06-19 17:50:11,278 - utils.logger - INFO - saving the model at the end of epoch 42, iters 252
2021-06-19 17:50:11,571 - utils.logger - INFO - End of training epoch 42 / 70 	 Time Taken: 1 sec, Data loading: 0 sec
2021-06-19 17:50:11,572 - utils.logger - INFO - learning rate = 0.0003415
2021-06-19 17:50:12,482 - utils.logger - INFO - Trn result of epoch 42 / 70 mse 0.2077 rmse 0.4558 pcc -0.0180 ccc -0.0001
2021-06-19 17:50:12,841 - utils.logger - INFO - Val result of epoch 42 / 70 mse 0.2519 rmse 0.5019 pcc 0.0660 ccc 0.0005
2021-06-19 17:50:13,448 - utils.logger - INFO - Cur epoch 43 loss ccc:0.1258
2021-06-19 17:50:14,030 - utils.logger - INFO - Cur epoch 43 loss ccc:0.1075
2021-06-19 17:50:14,492 - utils.logger - INFO - Cur epoch 43 loss ccc:0.9885
2021-06-19 17:50:14,492 - utils.logger - INFO - saving the model at the end of epoch 43, iters 258
2021-06-19 17:50:14,767 - utils.logger - INFO - End of training epoch 43 / 70 	 Time Taken: 1 sec, Data loading: 0 sec
2021-06-19 17:50:14,767 - utils.logger - INFO - learning rate = 0.0003293
2021-06-19 17:50:15,531 - utils.logger - INFO - Trn result of epoch 43 / 70 mse 0.2907 rmse 0.5392 pcc 0.0293 ccc 0.0002
2021-06-19 17:50:15,801 - utils.logger - INFO - Val result of epoch 43 / 70 mse 0.3433 rmse 0.5859 pcc 0.0170 ccc 0.0001
2021-06-19 17:50:16,346 - utils.logger - INFO - Cur epoch 44 loss ccc:0.1249
2021-06-19 17:50:16,900 - utils.logger - INFO - Cur epoch 44 loss ccc:0.1033
2021-06-19 17:50:17,337 - utils.logger - INFO - Cur epoch 44 loss ccc:1.0217
2021-06-19 17:50:17,338 - utils.logger - INFO - saving the model at the end of epoch 44, iters 264
2021-06-19 17:50:17,585 - utils.logger - INFO - End of training epoch 44 / 70 	 Time Taken: 1 sec, Data loading: 0 sec
2021-06-19 17:50:17,585 - utils.logger - INFO - learning rate = 0.0003171
2021-06-19 17:50:18,351 - utils.logger - INFO - Trn result of epoch 44 / 70 mse 0.2857 rmse 0.5345 pcc 0.0293 ccc 0.0002
2021-06-19 17:50:18,608 - utils.logger - INFO - Val result of epoch 44 / 70 mse 0.3379 rmse 0.5813 pcc 0.0170 ccc 0.0001
2021-06-19 17:50:19,181 - utils.logger - INFO - Cur epoch 45 loss ccc:0.1208
2021-06-19 17:50:19,735 - utils.logger - INFO - Cur epoch 45 loss ccc:0.1050
2021-06-19 17:50:20,162 - utils.logger - INFO - Cur epoch 45 loss ccc:0.9472
2021-06-19 17:50:20,163 - utils.logger - INFO - saving the model at the end of epoch 45, iters 270
2021-06-19 17:50:20,507 - utils.logger - INFO - End of training epoch 45 / 70 	 Time Taken: 1 sec, Data loading: 0 sec
2021-06-19 17:50:20,507 - utils.logger - INFO - learning rate = 0.0003049
2021-06-19 17:50:21,302 - utils.logger - INFO - Trn result of epoch 45 / 70 mse 0.2132 rmse 0.4617 pcc 0.0293 ccc 0.0002
2021-06-19 17:50:21,586 - utils.logger - INFO - Val result of epoch 45 / 70 mse 0.2583 rmse 0.5082 pcc 0.0170 ccc 0.0001
2021-06-19 17:50:22,159 - utils.logger - INFO - Cur epoch 46 loss ccc:0.1082
2021-06-19 17:50:22,751 - utils.logger - INFO - Cur epoch 46 loss ccc:0.1148
2021-06-19 17:50:23,197 - utils.logger - INFO - Cur epoch 46 loss ccc:0.9224
2021-06-19 17:50:23,197 - utils.logger - INFO - saving the model at the end of epoch 46, iters 276
2021-06-19 17:50:23,477 - utils.logger - INFO - End of training epoch 46 / 70 	 Time Taken: 1 sec, Data loading: 0 sec
2021-06-19 17:50:23,477 - utils.logger - INFO - learning rate = 0.0002927
2021-06-19 17:50:24,379 - utils.logger - INFO - Trn result of epoch 46 / 70 mse 0.1960 rmse 0.4427 pcc 0.0293 ccc 0.0002
2021-06-19 17:50:24,738 - utils.logger - INFO - Val result of epoch 46 / 70 mse 0.2391 rmse 0.4889 pcc 0.0170 ccc 0.0001
2021-06-19 17:50:25,295 - utils.logger - INFO - Cur epoch 47 loss ccc:0.1201
2021-06-19 17:50:25,884 - utils.logger - INFO - Cur epoch 47 loss ccc:0.1239
2021-06-19 17:50:26,355 - utils.logger - INFO - Cur epoch 47 loss ccc:0.9968
2021-06-19 17:50:26,356 - utils.logger - INFO - saving the model at the end of epoch 47, iters 282
2021-06-19 17:50:26,638 - utils.logger - INFO - End of training epoch 47 / 70 	 Time Taken: 1 sec, Data loading: 0 sec
2021-06-19 17:50:26,638 - utils.logger - INFO - learning rate = 0.0002805
2021-06-19 17:50:27,419 - utils.logger - INFO - Trn result of epoch 47 / 70 mse 0.1743 rmse 0.4175 pcc 0.0293 ccc 0.0002
2021-06-19 17:50:27,705 - utils.logger - INFO - Val result of epoch 47 / 70 mse 0.2145 rmse 0.4632 pcc 0.0170 ccc 0.0001
2021-06-19 17:50:28,290 - utils.logger - INFO - Cur epoch 48 loss ccc:0.1146
2021-06-19 17:50:28,906 - utils.logger - INFO - Cur epoch 48 loss ccc:0.1210
2021-06-19 17:50:29,350 - utils.logger - INFO - Cur epoch 48 loss ccc:0.9859
2021-06-19 17:50:29,350 - utils.logger - INFO - saving the model at the end of epoch 48, iters 288
2021-06-19 17:50:29,621 - utils.logger - INFO - End of training epoch 48 / 70 	 Time Taken: 1 sec, Data loading: 0 sec
2021-06-19 17:50:29,621 - utils.logger - INFO - learning rate = 0.0002683
2021-06-19 17:50:30,405 - utils.logger - INFO - Trn result of epoch 48 / 70 mse 0.1695 rmse 0.4117 pcc 0.0294 ccc 0.0002
2021-06-19 17:50:30,676 - utils.logger - INFO - Val result of epoch 48 / 70 mse 0.2091 rmse 0.4572 pcc 0.0170 ccc 0.0001
2021-06-19 17:50:31,242 - utils.logger - INFO - Cur epoch 49 loss ccc:0.1191
2021-06-19 17:50:31,823 - utils.logger - INFO - Cur epoch 49 loss ccc:0.1248
2021-06-19 17:50:32,280 - utils.logger - INFO - Cur epoch 49 loss ccc:0.7049
2021-06-19 17:50:32,280 - utils.logger - INFO - saving the model at the end of epoch 49, iters 294
2021-06-19 17:50:32,509 - utils.logger - INFO - End of training epoch 49 / 70 	 Time Taken: 1 sec, Data loading: 0 sec
2021-06-19 17:50:32,509 - utils.logger - INFO - learning rate = 0.0002561
2021-06-19 17:50:33,286 - utils.logger - INFO - Trn result of epoch 49 / 70 mse 0.1799 rmse 0.4242 pcc 0.0293 ccc 0.0002
2021-06-19 17:50:33,543 - utils.logger - INFO - Val result of epoch 49 / 70 mse 0.2210 rmse 0.4701 pcc 0.0170 ccc 0.0001
2021-06-19 17:50:34,093 - utils.logger - INFO - Cur epoch 50 loss ccc:0.1197
2021-06-19 17:50:34,652 - utils.logger - INFO - Cur epoch 50 loss ccc:0.1111
2021-06-19 17:50:35,072 - utils.logger - INFO - Cur epoch 50 loss ccc:0.9980
2021-06-19 17:50:35,072 - utils.logger - INFO - saving the model at the end of epoch 50, iters 300
2021-06-19 17:50:35,610 - utils.logger - INFO - End of training epoch 50 / 70 	 Time Taken: 2 sec, Data loading: 0 sec
2021-06-19 17:50:35,610 - utils.logger - INFO - learning rate = 0.0002439
2021-06-19 17:50:36,381 - utils.logger - INFO - Trn result of epoch 50 / 70 mse 0.1705 rmse 0.4129 pcc 0.0293 ccc 0.0002
2021-06-19 17:50:36,651 - utils.logger - INFO - Val result of epoch 50 / 70 mse 0.2102 rmse 0.4584 pcc 0.0170 ccc 0.0001
2021-06-19 17:50:37,206 - utils.logger - INFO - Cur epoch 51 loss ccc:0.1101
2021-06-19 17:50:37,792 - utils.logger - INFO - Cur epoch 51 loss ccc:0.1259
2021-06-19 17:50:38,211 - utils.logger - INFO - Cur epoch 51 loss ccc:1.0473
2021-06-19 17:50:38,211 - utils.logger - INFO - saving the model at the end of epoch 51, iters 306
2021-06-19 17:50:38,479 - utils.logger - INFO - End of training epoch 51 / 70 	 Time Taken: 1 sec, Data loading: 0 sec
2021-06-19 17:50:38,479 - utils.logger - INFO - learning rate = 0.0002317
2021-06-19 17:50:39,254 - utils.logger - INFO - Trn result of epoch 51 / 70 mse 0.2291 rmse 0.4787 pcc 0.0293 ccc 0.0002
2021-06-19 17:50:39,517 - utils.logger - INFO - Val result of epoch 51 / 70 mse 0.2760 rmse 0.5253 pcc 0.0170 ccc 0.0001
2021-06-19 17:50:40,076 - utils.logger - INFO - Cur epoch 52 loss ccc:0.1148
2021-06-19 17:50:40,637 - utils.logger - INFO - Cur epoch 52 loss ccc:0.1097
2021-06-19 17:50:41,065 - utils.logger - INFO - Cur epoch 52 loss ccc:1.0885
2021-06-19 17:50:41,066 - utils.logger - INFO - saving the model at the end of epoch 52, iters 312
2021-06-19 17:50:41,313 - utils.logger - INFO - End of training epoch 52 / 70 	 Time Taken: 1 sec, Data loading: 0 sec
2021-06-19 17:50:41,313 - utils.logger - INFO - learning rate = 0.0002195
2021-06-19 17:50:42,198 - utils.logger - INFO - Trn result of epoch 52 / 70 mse 0.2345 rmse 0.4843 pcc 0.0293 ccc 0.0002
2021-06-19 17:50:42,468 - utils.logger - INFO - Val result of epoch 52 / 70 mse 0.2819 rmse 0.5309 pcc 0.0170 ccc 0.0001
2021-06-19 17:50:43,029 - utils.logger - INFO - Cur epoch 53 loss ccc:0.1297
2021-06-19 17:50:43,589 - utils.logger - INFO - Cur epoch 53 loss ccc:0.1017
2021-06-19 17:50:43,992 - utils.logger - INFO - Cur epoch 53 loss ccc:1.0224
2021-06-19 17:50:43,992 - utils.logger - INFO - saving the model at the end of epoch 53, iters 318
2021-06-19 17:50:44,266 - utils.logger - INFO - End of training epoch 53 / 70 	 Time Taken: 1 sec, Data loading: 0 sec
2021-06-19 17:50:44,266 - utils.logger - INFO - learning rate = 0.0002073
2021-06-19 17:50:45,045 - utils.logger - INFO - Trn result of epoch 53 / 70 mse 0.2096 rmse 0.4578 pcc 0.0293 ccc 0.0002
2021-06-19 17:50:45,309 - utils.logger - INFO - Val result of epoch 53 / 70 mse 0.2543 rmse 0.5042 pcc 0.0170 ccc 0.0001
2021-06-19 17:50:45,860 - utils.logger - INFO - Cur epoch 54 loss ccc:0.1106
2021-06-19 17:50:46,414 - utils.logger - INFO - Cur epoch 54 loss ccc:0.1250
2021-06-19 17:50:46,851 - utils.logger - INFO - Cur epoch 54 loss ccc:1.0548
2021-06-19 17:50:46,851 - utils.logger - INFO - saving the model at the end of epoch 54, iters 324
2021-06-19 17:50:47,146 - utils.logger - INFO - End of training epoch 54 / 70 	 Time Taken: 1 sec, Data loading: 0 sec
2021-06-19 17:50:47,146 - utils.logger - INFO - learning rate = 0.0001951
2021-06-19 17:50:47,972 - utils.logger - INFO - Trn result of epoch 54 / 70 mse 0.1976 rmse 0.4445 pcc 0.0293 ccc 0.0002
2021-06-19 17:50:48,258 - utils.logger - INFO - Val result of epoch 54 / 70 mse 0.2409 rmse 0.4908 pcc 0.0170 ccc 0.0001
2021-06-19 17:50:48,818 - utils.logger - INFO - Cur epoch 55 loss ccc:0.1210
2021-06-19 17:50:49,369 - utils.logger - INFO - Cur epoch 55 loss ccc:0.1237
2021-06-19 17:50:49,817 - utils.logger - INFO - Cur epoch 55 loss ccc:1.0547
2021-06-19 17:50:49,817 - utils.logger - INFO - saving the model at the end of epoch 55, iters 330
2021-06-19 17:50:50,066 - utils.logger - INFO - End of training epoch 55 / 70 	 Time Taken: 1 sec, Data loading: 0 sec
2021-06-19 17:50:50,066 - utils.logger - INFO - learning rate = 0.0001829
2021-06-19 17:50:50,849 - utils.logger - INFO - Trn result of epoch 55 / 70 mse 0.1843 rmse 0.4293 pcc 0.0293 ccc 0.0002
2021-06-19 17:50:51,117 - utils.logger - INFO - Val result of epoch 55 / 70 mse 0.2259 rmse 0.4753 pcc 0.0170 ccc 0.0001
2021-06-19 17:50:51,674 - utils.logger - INFO - Cur epoch 56 loss ccc:0.1298
2021-06-19 17:50:52,228 - utils.logger - INFO - Cur epoch 56 loss ccc:0.1250
2021-06-19 17:50:52,663 - utils.logger - INFO - Cur epoch 56 loss ccc:0.9588
2021-06-19 17:50:52,663 - utils.logger - INFO - saving the model at the end of epoch 56, iters 336
2021-06-19 17:50:52,956 - utils.logger - INFO - End of training epoch 56 / 70 	 Time Taken: 1 sec, Data loading: 0 sec
2021-06-19 17:50:52,956 - utils.logger - INFO - learning rate = 0.0001707
2021-06-19 17:50:53,737 - utils.logger - INFO - Trn result of epoch 56 / 70 mse 0.1798 rmse 0.4240 pcc 0.0293 ccc 0.0002
2021-06-19 17:50:53,989 - utils.logger - INFO - Val result of epoch 56 / 70 mse 0.2208 rmse 0.4699 pcc 0.0170 ccc 0.0001
2021-06-19 17:50:54,563 - utils.logger - INFO - Cur epoch 57 loss ccc:0.1138
2021-06-19 17:50:55,149 - utils.logger - INFO - Cur epoch 57 loss ccc:0.1120
2021-06-19 17:50:55,586 - utils.logger - INFO - Cur epoch 57 loss ccc:0.9344
2021-06-19 17:50:55,586 - utils.logger - INFO - saving the model at the end of epoch 57, iters 342
2021-06-19 17:50:55,822 - utils.logger - INFO - End of training epoch 57 / 70 	 Time Taken: 1 sec, Data loading: 0 sec
2021-06-19 17:50:55,822 - utils.logger - INFO - learning rate = 0.0001585
2021-06-19 17:50:56,593 - utils.logger - INFO - Trn result of epoch 57 / 70 mse 0.1747 rmse 0.4180 pcc 0.0293 ccc 0.0002
2021-06-19 17:50:56,858 - utils.logger - INFO - Val result of epoch 57 / 70 mse 0.2150 rmse 0.4637 pcc 0.0170 ccc 0.0001
2021-06-19 17:50:57,419 - utils.logger - INFO - Cur epoch 58 loss ccc:0.1285
2021-06-19 17:50:57,997 - utils.logger - INFO - Cur epoch 58 loss ccc:0.1008
2021-06-19 17:50:58,481 - utils.logger - INFO - Cur epoch 58 loss ccc:0.9986
2021-06-19 17:50:58,481 - utils.logger - INFO - saving the model at the end of epoch 58, iters 348
2021-06-19 17:50:58,740 - utils.logger - INFO - End of training epoch 58 / 70 	 Time Taken: 1 sec, Data loading: 0 sec
2021-06-19 17:50:58,740 - utils.logger - INFO - learning rate = 0.0001463
2021-06-19 17:50:59,519 - utils.logger - INFO - Trn result of epoch 58 / 70 mse 0.1697 rmse 0.4120 pcc 0.0293 ccc 0.0002
2021-06-19 17:50:59,767 - utils.logger - INFO - Val result of epoch 58 / 70 mse 0.2093 rmse 0.4575 pcc 0.0170 ccc 0.0001
2021-06-19 17:51:00,316 - utils.logger - INFO - Cur epoch 59 loss ccc:0.1312
2021-06-19 17:51:00,851 - utils.logger - INFO - Cur epoch 59 loss ccc:0.1189
2021-06-19 17:51:01,268 - utils.logger - INFO - Cur epoch 59 loss ccc:0.9422
2021-06-19 17:51:01,268 - utils.logger - INFO - saving the model at the end of epoch 59, iters 354
2021-06-19 17:51:01,533 - utils.logger - INFO - End of training epoch 59 / 70 	 Time Taken: 1 sec, Data loading: 0 sec
2021-06-19 17:51:01,533 - utils.logger - INFO - learning rate = 0.0001341
2021-06-19 17:51:02,369 - utils.logger - INFO - Trn result of epoch 59 / 70 mse 0.1721 rmse 0.4149 pcc 0.0293 ccc 0.0002
2021-06-19 17:51:02,628 - utils.logger - INFO - Val result of epoch 59 / 70 mse 0.2121 rmse 0.4605 pcc 0.0170 ccc 0.0001
2021-06-19 17:51:03,199 - utils.logger - INFO - Cur epoch 60 loss ccc:0.1333
2021-06-19 17:51:03,786 - utils.logger - INFO - Cur epoch 60 loss ccc:0.0966
2021-06-19 17:51:04,230 - utils.logger - INFO - Cur epoch 60 loss ccc:0.9975
2021-06-19 17:51:04,230 - utils.logger - INFO - saving the model at the end of epoch 60, iters 360
2021-06-19 17:51:04,507 - utils.logger - INFO - End of training epoch 60 / 70 	 Time Taken: 1 sec, Data loading: 0 sec
2021-06-19 17:51:04,507 - utils.logger - INFO - learning rate = 0.0001220
2021-06-19 17:51:05,315 - utils.logger - INFO - Trn result of epoch 60 / 70 mse 0.1711 rmse 0.4136 pcc 0.0293 ccc 0.0002
2021-06-19 17:51:05,580 - utils.logger - INFO - Val result of epoch 60 / 70 mse 0.2108 rmse 0.4592 pcc 0.0170 ccc 0.0001
2021-06-19 17:51:06,146 - utils.logger - INFO - Cur epoch 61 loss ccc:0.1243
2021-06-19 17:51:06,705 - utils.logger - INFO - Cur epoch 61 loss ccc:0.1264
2021-06-19 17:51:07,139 - utils.logger - INFO - Cur epoch 61 loss ccc:0.9793
2021-06-19 17:51:07,139 - utils.logger - INFO - saving the model at the end of epoch 61, iters 366
2021-06-19 17:51:07,385 - utils.logger - INFO - End of training epoch 61 / 70 	 Time Taken: 1 sec, Data loading: 0 sec
2021-06-19 17:51:07,385 - utils.logger - INFO - learning rate = 0.0001098
2021-06-19 17:51:08,155 - utils.logger - INFO - Trn result of epoch 61 / 70 mse 0.1743 rmse 0.4175 pcc 0.0294 ccc 0.0002
2021-06-19 17:51:08,420 - utils.logger - INFO - Val result of epoch 61 / 70 mse 0.2145 rmse 0.4632 pcc 0.0170 ccc 0.0001
2021-06-19 17:51:08,984 - utils.logger - INFO - Cur epoch 62 loss ccc:0.1097
2021-06-19 17:51:09,537 - utils.logger - INFO - Cur epoch 62 loss ccc:0.1264
2021-06-19 17:51:09,940 - utils.logger - INFO - Cur epoch 62 loss ccc:1.0029
2021-06-19 17:51:09,940 - utils.logger - INFO - saving the model at the end of epoch 62, iters 372
2021-06-19 17:51:10,198 - utils.logger - INFO - End of training epoch 62 / 70 	 Time Taken: 1 sec, Data loading: 0 sec
2021-06-19 17:51:10,198 - utils.logger - INFO - learning rate = 0.0000976
2021-06-19 17:51:10,963 - utils.logger - INFO - Trn result of epoch 62 / 70 mse 0.1714 rmse 0.4140 pcc 0.0294 ccc 0.0002
2021-06-19 17:51:11,241 - utils.logger - INFO - Val result of epoch 62 / 70 mse 0.2112 rmse 0.4595 pcc 0.0170 ccc 0.0001
2021-06-19 17:51:11,808 - utils.logger - INFO - Cur epoch 63 loss ccc:0.1114
2021-06-19 17:51:12,390 - utils.logger - INFO - Cur epoch 63 loss ccc:0.1099
2021-06-19 17:51:12,815 - utils.logger - INFO - Cur epoch 63 loss ccc:0.9936
2021-06-19 17:51:12,816 - utils.logger - INFO - saving the model at the end of epoch 63, iters 378
2021-06-19 17:51:13,131 - utils.logger - INFO - End of training epoch 63 / 70 	 Time Taken: 1 sec, Data loading: 0 sec
2021-06-19 17:51:13,132 - utils.logger - INFO - learning rate = 0.0000854
2021-06-19 17:51:13,888 - utils.logger - INFO - Trn result of epoch 63 / 70 mse 0.1583 rmse 0.3979 pcc 0.0294 ccc 0.0002
2021-06-19 17:51:14,161 - utils.logger - INFO - Val result of epoch 63 / 70 mse 0.1961 rmse 0.4429 pcc 0.0170 ccc 0.0001
2021-06-19 17:51:14,725 - utils.logger - INFO - Cur epoch 64 loss ccc:0.1250
2021-06-19 17:51:15,305 - utils.logger - INFO - Cur epoch 64 loss ccc:0.1225
2021-06-19 17:51:15,747 - utils.logger - INFO - Cur epoch 64 loss ccc:1.1194
2021-06-19 17:51:15,747 - utils.logger - INFO - saving the model at the end of epoch 64, iters 384
2021-06-19 17:51:16,040 - utils.logger - INFO - End of training epoch 64 / 70 	 Time Taken: 1 sec, Data loading: 0 sec
2021-06-19 17:51:16,040 - utils.logger - INFO - learning rate = 0.0000732
2021-06-19 17:51:16,838 - utils.logger - INFO - Trn result of epoch 64 / 70 mse 0.1484 rmse 0.3853 pcc 0.0293 ccc 0.0002
2021-06-19 17:51:17,103 - utils.logger - INFO - Val result of epoch 64 / 70 mse 0.1846 rmse 0.4296 pcc 0.0170 ccc 0.0001
2021-06-19 17:51:17,665 - utils.logger - INFO - Cur epoch 65 loss ccc:0.1187
2021-06-19 17:51:18,220 - utils.logger - INFO - Cur epoch 65 loss ccc:0.1025
2021-06-19 17:51:18,676 - utils.logger - INFO - Cur epoch 65 loss ccc:0.9960
2021-06-19 17:51:18,676 - utils.logger - INFO - saving the model at the end of epoch 65, iters 390
2021-06-19 17:51:18,946 - utils.logger - INFO - End of training epoch 65 / 70 	 Time Taken: 1 sec, Data loading: 0 sec
2021-06-19 17:51:18,946 - utils.logger - INFO - learning rate = 0.0000610
2021-06-19 17:51:19,712 - utils.logger - INFO - Trn result of epoch 65 / 70 mse 0.1497 rmse 0.3869 pcc 0.0280 ccc 0.0002
2021-06-19 17:51:19,977 - utils.logger - INFO - Val result of epoch 65 / 70 mse 0.1861 rmse 0.4313 pcc 0.0170 ccc 0.0001
2021-06-19 17:51:20,549 - utils.logger - INFO - Cur epoch 66 loss ccc:0.1169
2021-06-19 17:51:21,155 - utils.logger - INFO - Cur epoch 66 loss ccc:0.1250
2021-06-19 17:51:21,586 - utils.logger - INFO - Cur epoch 66 loss ccc:1.0049
2021-06-19 17:51:21,587 - utils.logger - INFO - saving the model at the end of epoch 66, iters 396
2021-06-19 17:51:21,795 - utils.logger - INFO - End of training epoch 66 / 70 	 Time Taken: 1 sec, Data loading: 0 sec
2021-06-19 17:51:21,796 - utils.logger - INFO - learning rate = 0.0000488
2021-06-19 17:51:22,563 - utils.logger - INFO - Trn result of epoch 66 / 70 mse 0.1499 rmse 0.3871 pcc 0.0293 ccc 0.0002
2021-06-19 17:51:22,821 - utils.logger - INFO - Val result of epoch 66 / 70 mse 0.1862 rmse 0.4316 pcc 0.0170 ccc 0.0001
2021-06-19 17:51:23,378 - utils.logger - INFO - Cur epoch 67 loss ccc:0.1095
2021-06-19 17:51:23,933 - utils.logger - INFO - Cur epoch 67 loss ccc:0.1101
2021-06-19 17:51:24,379 - utils.logger - INFO - Cur epoch 67 loss ccc:1.1844
2021-06-19 17:51:24,379 - utils.logger - INFO - saving the model at the end of epoch 67, iters 402
2021-06-19 17:51:24,670 - utils.logger - INFO - End of training epoch 67 / 70 	 Time Taken: 1 sec, Data loading: 0 sec
2021-06-19 17:51:24,670 - utils.logger - INFO - learning rate = 0.0000366
2021-06-19 17:51:25,507 - utils.logger - INFO - Trn result of epoch 67 / 70 mse 0.1426 rmse 0.3777 pcc 0.0293 ccc 0.0002
2021-06-19 17:51:25,794 - utils.logger - INFO - Val result of epoch 67 / 70 mse 0.1777 rmse 0.4215 pcc 0.0170 ccc 0.0001
2021-06-19 17:51:26,368 - utils.logger - INFO - Cur epoch 68 loss ccc:0.1070
2021-06-19 17:51:26,933 - utils.logger - INFO - Cur epoch 68 loss ccc:0.1263
2021-06-19 17:51:27,347 - utils.logger - INFO - Cur epoch 68 loss ccc:1.0086
2021-06-19 17:51:27,347 - utils.logger - INFO - saving the model at the end of epoch 68, iters 408
2021-06-19 17:51:27,613 - utils.logger - INFO - End of training epoch 68 / 70 	 Time Taken: 1 sec, Data loading: 0 sec
2021-06-19 17:51:27,613 - utils.logger - INFO - learning rate = 0.0000244
2021-06-19 17:51:28,391 - utils.logger - INFO - Trn result of epoch 68 / 70 mse 0.1414 rmse 0.3761 pcc 0.0293 ccc 0.0002
2021-06-19 17:51:28,667 - utils.logger - INFO - Val result of epoch 68 / 70 mse 0.1762 rmse 0.4198 pcc 0.0170 ccc 0.0001
2021-06-19 17:51:29,320 - utils.logger - INFO - Cur epoch 69 loss ccc:0.1171
2021-06-19 17:51:29,887 - utils.logger - INFO - Cur epoch 69 loss ccc:0.0962
2021-06-19 17:51:30,321 - utils.logger - INFO - Cur epoch 69 loss ccc:0.9959
2021-06-19 17:51:30,322 - utils.logger - INFO - saving the model at the end of epoch 69, iters 414
2021-06-19 17:51:30,609 - utils.logger - INFO - End of training epoch 69 / 70 	 Time Taken: 1 sec, Data loading: 0 sec
2021-06-19 17:51:30,610 - utils.logger - INFO - learning rate = 0.0000122
2021-06-19 17:51:31,379 - utils.logger - INFO - Trn result of epoch 69 / 70 mse 0.1421 rmse 0.3770 pcc 0.0293 ccc 0.0002
2021-06-19 17:51:31,680 - utils.logger - INFO - Val result of epoch 69 / 70 mse 0.1770 rmse 0.4208 pcc 0.0170 ccc 0.0001
2021-06-19 17:51:32,261 - utils.logger - INFO - Cur epoch 70 loss ccc:0.1186
2021-06-19 17:51:32,841 - utils.logger - INFO - Cur epoch 70 loss ccc:0.1106
2021-06-19 17:51:33,257 - utils.logger - INFO - Cur epoch 70 loss ccc:0.9620
2021-06-19 17:51:33,257 - utils.logger - INFO - saving the model at the end of epoch 70, iters 420
2021-06-19 17:51:33,467 - utils.logger - INFO - End of training epoch 70 / 70 	 Time Taken: 1 sec, Data loading: 0 sec
2021-06-19 17:51:33,467 - utils.logger - INFO - learning rate = 0.0000000
2021-06-19 17:51:34,239 - utils.logger - INFO - Trn result of epoch 70 / 70 mse 0.1422 rmse 0.3771 pcc 0.0293 ccc 0.0002
2021-06-19 17:51:34,509 - utils.logger - INFO - Val result of epoch 70 / 70 mse 0.1772 rmse 0.4209 pcc 0.0170 ccc 0.0001
2021-06-19 17:51:34,510 - utils.logger - INFO - Best eval epoch 18 found with ccc 0.020047
2021-06-19 17:51:34,510 - utils.logger - INFO - baseline_fcfusion_wonorm_deepspectrum-egemaps_EDA_hidden1024_seq100_lr0.0005_cccloss_run1
