2021-06-05 12:58:37,267 - utils.logger - INFO - The number of training samples = 41
2021-06-05 12:58:42,353 - utils.logger - INFO - Cur epoch 1 loss MSE:0.4310
2021-06-05 12:58:42,747 - utils.logger - INFO - Cur epoch 1 loss MSE:0.1850
2021-06-05 12:58:43,062 - utils.logger - INFO - Cur epoch 1 loss MSE:16.7241
2021-06-05 12:58:43,062 - utils.logger - INFO - saving the model at the end of epoch 1, iters 6
2021-06-05 12:58:43,391 - utils.logger - INFO - End of training epoch 1 / 50 	 Time Taken: 1 sec, Data loading: 0 sec
2021-06-05 12:58:43,392 - utils.logger - INFO - learning rate = 0.0000100
2021-06-05 12:58:43,761 - utils.logger - INFO - Trn result of epoch 1 / 50 mse 0.1163 rmse 0.3411 pcc -0.0138 ccc -0.0000
2021-06-05 12:58:43,887 - utils.logger - INFO - Val result of epoch 1 / 50 mse 0.1313 rmse 0.3623 pcc -0.1624 ccc -0.0004
2021-06-05 12:58:44,273 - utils.logger - INFO - Cur epoch 2 loss MSE:0.3784
2021-06-05 12:58:44,648 - utils.logger - INFO - Cur epoch 2 loss MSE:0.2109
2021-06-05 12:58:44,981 - utils.logger - INFO - Cur epoch 2 loss MSE:1.0205
2021-06-05 12:58:44,981 - utils.logger - INFO - saving the model at the end of epoch 2, iters 12
2021-06-05 12:58:45,337 - utils.logger - INFO - End of training epoch 2 / 50 	 Time Taken: 1 sec, Data loading: 0 sec
2021-06-05 12:58:45,337 - utils.logger - INFO - learning rate = 0.0000100
2021-06-05 12:58:45,715 - utils.logger - INFO - Trn result of epoch 2 / 50 mse 0.1157 rmse 0.3402 pcc -0.0232 ccc -0.0002
2021-06-05 12:58:45,871 - utils.logger - INFO - Val result of epoch 2 / 50 mse 0.1310 rmse 0.3620 pcc -0.1919 ccc -0.0013
2021-06-05 12:58:46,279 - utils.logger - INFO - Cur epoch 3 loss MSE:0.0637
2021-06-05 12:58:46,671 - utils.logger - INFO - Cur epoch 3 loss MSE:0.4260
2021-06-05 12:58:47,002 - utils.logger - INFO - Cur epoch 3 loss MSE:0.0024
2021-06-05 12:58:47,002 - utils.logger - INFO - saving the model at the end of epoch 3, iters 18
2021-06-05 12:58:47,315 - utils.logger - INFO - End of training epoch 3 / 50 	 Time Taken: 1 sec, Data loading: 0 sec
2021-06-05 12:58:47,315 - utils.logger - INFO - learning rate = 0.0000100
2021-06-05 12:58:47,682 - utils.logger - INFO - Trn result of epoch 3 / 50 mse 0.1146 rmse 0.3386 pcc -0.0081 ccc -0.0002
2021-06-05 12:58:47,809 - utils.logger - INFO - Val result of epoch 3 / 50 mse 0.1307 rmse 0.3615 pcc -0.1841 ccc -0.0035
2021-06-05 12:58:48,186 - utils.logger - INFO - Cur epoch 4 loss MSE:5.8137
2021-06-05 12:58:48,575 - utils.logger - INFO - Cur epoch 4 loss MSE:0.4014
2021-06-05 12:58:48,908 - utils.logger - INFO - Cur epoch 4 loss MSE:0.7360
2021-06-05 12:58:48,908 - utils.logger - INFO - saving the model at the end of epoch 4, iters 24
2021-06-05 12:58:49,233 - utils.logger - INFO - End of training epoch 4 / 50 	 Time Taken: 1 sec, Data loading: 0 sec
2021-06-05 12:58:49,233 - utils.logger - INFO - learning rate = 0.0000100
2021-06-05 12:58:49,595 - utils.logger - INFO - Trn result of epoch 4 / 50 mse 0.1120 rmse 0.3346 pcc -0.0017 ccc -0.0001
2021-06-05 12:58:49,718 - utils.logger - INFO - Val result of epoch 4 / 50 mse 0.1305 rmse 0.3612 pcc -0.1598 ccc -0.0115
2021-06-05 12:58:50,125 - utils.logger - INFO - Cur epoch 5 loss MSE:0.0174
2021-06-05 12:58:50,504 - utils.logger - INFO - Cur epoch 5 loss MSE:0.3183
2021-06-05 12:58:50,813 - utils.logger - INFO - Cur epoch 5 loss MSE:4.1637
2021-06-05 12:58:50,813 - utils.logger - INFO - saving the model at the end of epoch 5, iters 30
2021-06-05 12:58:51,151 - utils.logger - INFO - End of training epoch 5 / 50 	 Time Taken: 1 sec, Data loading: 0 sec
2021-06-05 12:58:51,151 - utils.logger - INFO - learning rate = 0.0000100
2021-06-05 12:58:51,512 - utils.logger - INFO - Trn result of epoch 5 / 50 mse 0.1093 rmse 0.3305 pcc 0.0006 ccc 0.0001
2021-06-05 12:58:51,636 - utils.logger - INFO - Val result of epoch 5 / 50 mse 0.1368 rmse 0.3699 pcc -0.2149 ccc -0.0435
2021-06-05 12:58:52,030 - utils.logger - INFO - Cur epoch 6 loss MSE:0.0799
2021-06-05 12:58:52,429 - utils.logger - INFO - Cur epoch 6 loss MSE:0.0524
2021-06-05 12:58:52,752 - utils.logger - INFO - Cur epoch 6 loss MSE:6.5754
2021-06-05 12:58:52,752 - utils.logger - INFO - saving the model at the end of epoch 6, iters 36
2021-06-05 12:58:53,044 - utils.logger - INFO - End of training epoch 6 / 50 	 Time Taken: 1 sec, Data loading: 0 sec
2021-06-05 12:58:53,044 - utils.logger - INFO - learning rate = 0.0000100
2021-06-05 12:58:53,404 - utils.logger - INFO - Trn result of epoch 6 / 50 mse 0.1095 rmse 0.3309 pcc 0.0387 ccc 0.0068
2021-06-05 12:58:53,531 - utils.logger - INFO - Val result of epoch 6 / 50 mse 0.1400 rmse 0.3741 pcc -0.1999 ccc -0.0336
2021-06-05 12:58:53,908 - utils.logger - INFO - Cur epoch 7 loss MSE:16.6164
2021-06-05 12:58:54,305 - utils.logger - INFO - Cur epoch 7 loss MSE:0.1431
2021-06-05 12:58:54,641 - utils.logger - INFO - Cur epoch 7 loss MSE:0.0446
2021-06-05 12:58:54,642 - utils.logger - INFO - saving the model at the end of epoch 7, iters 42
2021-06-05 12:58:54,967 - utils.logger - INFO - End of training epoch 7 / 50 	 Time Taken: 1 sec, Data loading: 0 sec
2021-06-05 12:58:54,967 - utils.logger - INFO - learning rate = 0.0000100
2021-06-05 12:58:55,326 - utils.logger - INFO - Trn result of epoch 7 / 50 mse 0.1093 rmse 0.3306 pcc 0.0241 ccc 0.0025
2021-06-05 12:58:55,457 - utils.logger - INFO - Val result of epoch 7 / 50 mse 0.1310 rmse 0.3620 pcc -0.1695 ccc -0.0184
2021-06-05 12:58:55,855 - utils.logger - INFO - Cur epoch 8 loss MSE:0.1419
2021-06-05 12:58:56,260 - utils.logger - INFO - Cur epoch 8 loss MSE:0.1177
2021-06-05 12:58:56,596 - utils.logger - INFO - Cur epoch 8 loss MSE:0.3627
2021-06-05 12:58:56,596 - utils.logger - INFO - saving the model at the end of epoch 8, iters 48
2021-06-05 12:58:56,894 - utils.logger - INFO - End of training epoch 8 / 50 	 Time Taken: 1 sec, Data loading: 0 sec
2021-06-05 12:58:56,895 - utils.logger - INFO - learning rate = 0.0000100
2021-06-05 12:58:57,256 - utils.logger - INFO - Trn result of epoch 8 / 50 mse 0.1080 rmse 0.3286 pcc 0.0515 ccc 0.0064
2021-06-05 12:58:57,380 - utils.logger - INFO - Val result of epoch 8 / 50 mse 0.1324 rmse 0.3639 pcc -0.1906 ccc -0.0238
2021-06-05 12:58:57,768 - utils.logger - INFO - Cur epoch 9 loss MSE:0.1805
2021-06-05 12:58:58,159 - utils.logger - INFO - Cur epoch 9 loss MSE:0.0435
2021-06-05 12:58:58,506 - utils.logger - INFO - Cur epoch 9 loss MSE:1.6300
2021-06-05 12:58:58,507 - utils.logger - INFO - saving the model at the end of epoch 9, iters 54
2021-06-05 12:58:58,809 - utils.logger - INFO - End of training epoch 9 / 50 	 Time Taken: 1 sec, Data loading: 0 sec
2021-06-05 12:58:58,809 - utils.logger - INFO - learning rate = 0.0000100
2021-06-05 12:58:59,177 - utils.logger - INFO - Trn result of epoch 9 / 50 mse 0.1071 rmse 0.3273 pcc 0.0992 ccc 0.0133
2021-06-05 12:58:59,304 - utils.logger - INFO - Val result of epoch 9 / 50 mse 0.1334 rmse 0.3652 pcc -0.1788 ccc -0.0237
2021-06-05 12:58:59,691 - utils.logger - INFO - Cur epoch 10 loss MSE:0.0770
2021-06-05 12:59:00,083 - utils.logger - INFO - Cur epoch 10 loss MSE:0.0653
2021-06-05 12:59:00,426 - utils.logger - INFO - Cur epoch 10 loss MSE:2.2220
2021-06-05 12:59:00,426 - utils.logger - INFO - saving the model at the end of epoch 10, iters 60
2021-06-05 12:59:00,730 - utils.logger - INFO - End of training epoch 10 / 50 	 Time Taken: 1 sec, Data loading: 0 sec
2021-06-05 12:59:00,731 - utils.logger - INFO - learning rate = 0.0000100
2021-06-05 12:59:01,107 - utils.logger - INFO - Trn result of epoch 10 / 50 mse 0.1073 rmse 0.3276 pcc 0.0878 ccc 0.0122
2021-06-05 12:59:01,239 - utils.logger - INFO - Val result of epoch 10 / 50 mse 0.1340 rmse 0.3661 pcc -0.1548 ccc -0.0215
2021-06-05 12:59:01,632 - utils.logger - INFO - Cur epoch 11 loss MSE:0.4616
2021-06-05 12:59:02,017 - utils.logger - INFO - Cur epoch 11 loss MSE:0.3008
2021-06-05 12:59:02,345 - utils.logger - INFO - Cur epoch 11 loss MSE:36.9908
2021-06-05 12:59:02,346 - utils.logger - INFO - saving the model at the end of epoch 11, iters 66
2021-06-05 12:59:02,675 - utils.logger - INFO - End of training epoch 11 / 50 	 Time Taken: 1 sec, Data loading: 0 sec
2021-06-05 12:59:02,675 - utils.logger - INFO - learning rate = 0.0000100
2021-06-05 12:59:03,037 - utils.logger - INFO - Trn result of epoch 11 / 50 mse 0.1076 rmse 0.3281 pcc 0.0885 ccc 0.0112
2021-06-05 12:59:03,163 - utils.logger - INFO - Val result of epoch 11 / 50 mse 0.1316 rmse 0.3628 pcc -0.1418 ccc -0.0185
2021-06-05 12:59:03,567 - utils.logger - INFO - Cur epoch 12 loss MSE:0.5666
2021-06-05 12:59:03,950 - utils.logger - INFO - Cur epoch 12 loss MSE:0.0404
2021-06-05 12:59:04,286 - utils.logger - INFO - Cur epoch 12 loss MSE:0.5036
2021-06-05 12:59:04,286 - utils.logger - INFO - saving the model at the end of epoch 12, iters 72
2021-06-05 12:59:04,611 - utils.logger - INFO - End of training epoch 12 / 50 	 Time Taken: 1 sec, Data loading: 0 sec
2021-06-05 12:59:04,611 - utils.logger - INFO - learning rate = 0.0000100
2021-06-05 12:59:05,029 - utils.logger - INFO - Trn result of epoch 12 / 50 mse 0.1066 rmse 0.3265 pcc 0.1387 ccc 0.0180
2021-06-05 12:59:05,209 - utils.logger - INFO - Val result of epoch 12 / 50 mse 0.1319 rmse 0.3632 pcc -0.1173 ccc -0.0157
2021-06-05 12:59:05,619 - utils.logger - INFO - Cur epoch 13 loss MSE:0.2426
2021-06-05 12:59:06,013 - utils.logger - INFO - Cur epoch 13 loss MSE:0.3952
2021-06-05 12:59:06,346 - utils.logger - INFO - Cur epoch 13 loss MSE:0.2250
2021-06-05 12:59:06,346 - utils.logger - INFO - saving the model at the end of epoch 13, iters 78
2021-06-05 12:59:06,649 - utils.logger - INFO - End of training epoch 13 / 50 	 Time Taken: 1 sec, Data loading: 0 sec
2021-06-05 12:59:06,650 - utils.logger - INFO - learning rate = 0.0000100
2021-06-05 12:59:07,022 - utils.logger - INFO - Trn result of epoch 13 / 50 mse 0.1070 rmse 0.3270 pcc 0.1742 ccc 0.0225
2021-06-05 12:59:07,146 - utils.logger - INFO - Val result of epoch 13 / 50 mse 0.1349 rmse 0.3673 pcc -0.0773 ccc -0.0098
2021-06-05 12:59:07,538 - utils.logger - INFO - Cur epoch 14 loss MSE:0.8034
2021-06-05 12:59:07,928 - utils.logger - INFO - Cur epoch 14 loss MSE:0.0426
2021-06-05 12:59:08,256 - utils.logger - INFO - Cur epoch 14 loss MSE:11.2093
2021-06-05 12:59:08,256 - utils.logger - INFO - saving the model at the end of epoch 14, iters 84
2021-06-05 12:59:08,603 - utils.logger - INFO - End of training epoch 14 / 50 	 Time Taken: 1 sec, Data loading: 0 sec
2021-06-05 12:59:08,604 - utils.logger - INFO - learning rate = 0.0000100
2021-06-05 12:59:08,962 - utils.logger - INFO - Trn result of epoch 14 / 50 mse 0.1074 rmse 0.3277 pcc 0.1544 ccc 0.0190
2021-06-05 12:59:09,085 - utils.logger - INFO - Val result of epoch 14 / 50 mse 0.1307 rmse 0.3615 pcc -0.1051 ccc -0.0139
2021-06-05 12:59:09,471 - utils.logger - INFO - Cur epoch 15 loss MSE:0.2219
2021-06-05 12:59:09,871 - utils.logger - INFO - Cur epoch 15 loss MSE:0.4950
2021-06-05 12:59:10,198 - utils.logger - INFO - Cur epoch 15 loss MSE:7.6243
2021-06-05 12:59:10,198 - utils.logger - INFO - saving the model at the end of epoch 15, iters 90
2021-06-05 12:59:10,506 - utils.logger - INFO - End of training epoch 15 / 50 	 Time Taken: 1 sec, Data loading: 0 sec
2021-06-05 12:59:10,506 - utils.logger - INFO - learning rate = 0.0000100
2021-06-05 12:59:10,869 - utils.logger - INFO - Trn result of epoch 15 / 50 mse 0.1051 rmse 0.3243 pcc 0.2265 ccc 0.0318
2021-06-05 12:59:10,993 - utils.logger - INFO - Val result of epoch 15 / 50 mse 0.1319 rmse 0.3632 pcc -0.0615 ccc -0.0088
2021-06-05 12:59:11,396 - utils.logger - INFO - Cur epoch 16 loss MSE:0.5120
2021-06-05 12:59:11,791 - utils.logger - INFO - Cur epoch 16 loss MSE:0.0234
2021-06-05 12:59:12,116 - utils.logger - INFO - Cur epoch 16 loss MSE:0.2506
2021-06-05 12:59:12,116 - utils.logger - INFO - saving the model at the end of epoch 16, iters 96
2021-06-05 12:59:12,550 - utils.logger - INFO - End of training epoch 16 / 50 	 Time Taken: 1 sec, Data loading: 0 sec
2021-06-05 12:59:12,551 - utils.logger - INFO - learning rate = 0.0000100
2021-06-05 12:59:12,961 - utils.logger - INFO - Trn result of epoch 16 / 50 mse 0.1060 rmse 0.3256 pcc 0.2135 ccc 0.0312
2021-06-05 12:59:13,129 - utils.logger - INFO - Val result of epoch 16 / 50 mse 0.1339 rmse 0.3660 pcc -0.0265 ccc -0.0038
2021-06-05 12:59:13,545 - utils.logger - INFO - Cur epoch 17 loss MSE:0.1309
2021-06-05 12:59:13,957 - utils.logger - INFO - Cur epoch 17 loss MSE:0.6060
2021-06-05 12:59:14,314 - utils.logger - INFO - Cur epoch 17 loss MSE:6.5061
2021-06-05 12:59:14,314 - utils.logger - INFO - saving the model at the end of epoch 17, iters 102
2021-06-05 12:59:14,646 - utils.logger - INFO - End of training epoch 17 / 50 	 Time Taken: 1 sec, Data loading: 0 sec
2021-06-05 12:59:14,647 - utils.logger - INFO - learning rate = 0.0000100
2021-06-05 12:59:15,024 - utils.logger - INFO - Trn result of epoch 17 / 50 mse 0.1104 rmse 0.3322 pcc 0.2162 ccc 0.0329
2021-06-05 12:59:15,152 - utils.logger - INFO - Val result of epoch 17 / 50 mse 0.1410 rmse 0.3756 pcc 0.0194 ccc 0.0028
2021-06-05 12:59:15,552 - utils.logger - INFO - Cur epoch 18 loss MSE:0.4763
2021-06-05 12:59:15,946 - utils.logger - INFO - Cur epoch 18 loss MSE:0.4568
2021-06-05 12:59:16,290 - utils.logger - INFO - Cur epoch 18 loss MSE:0.2544
2021-06-05 12:59:16,290 - utils.logger - INFO - saving the model at the end of epoch 18, iters 108
2021-06-05 12:59:16,601 - utils.logger - INFO - End of training epoch 18 / 50 	 Time Taken: 1 sec, Data loading: 0 sec
2021-06-05 12:59:16,601 - utils.logger - INFO - learning rate = 0.0000100
2021-06-05 12:59:16,978 - utils.logger - INFO - Trn result of epoch 18 / 50 mse 0.1050 rmse 0.3241 pcc 0.2192 ccc 0.0376
2021-06-05 12:59:17,103 - utils.logger - INFO - Val result of epoch 18 / 50 mse 0.1321 rmse 0.3635 pcc 0.0145 ccc 0.0025
2021-06-05 12:59:17,515 - utils.logger - INFO - Cur epoch 19 loss MSE:0.0383
2021-06-05 12:59:17,925 - utils.logger - INFO - Cur epoch 19 loss MSE:0.5867
2021-06-05 12:59:18,274 - utils.logger - INFO - Cur epoch 19 loss MSE:0.3600
2021-06-05 12:59:18,274 - utils.logger - INFO - saving the model at the end of epoch 19, iters 114
2021-06-05 12:59:18,581 - utils.logger - INFO - End of training epoch 19 / 50 	 Time Taken: 1 sec, Data loading: 0 sec
2021-06-05 12:59:18,581 - utils.logger - INFO - learning rate = 0.0000100
2021-06-05 12:59:18,950 - utils.logger - INFO - Trn result of epoch 19 / 50 mse 0.1046 rmse 0.3234 pcc 0.2429 ccc 0.0393
2021-06-05 12:59:19,078 - utils.logger - INFO - Val result of epoch 19 / 50 mse 0.1309 rmse 0.3618 pcc 0.0124 ccc 0.0021
2021-06-05 12:59:19,474 - utils.logger - INFO - Cur epoch 20 loss MSE:0.8137
2021-06-05 12:59:19,876 - utils.logger - INFO - Cur epoch 20 loss MSE:0.1441
2021-06-05 12:59:20,198 - utils.logger - INFO - Cur epoch 20 loss MSE:0.8408
2021-06-05 12:59:20,198 - utils.logger - INFO - saving the model at the end of epoch 20, iters 120
2021-06-05 12:59:20,529 - utils.logger - INFO - End of training epoch 20 / 50 	 Time Taken: 1 sec, Data loading: 0 sec
2021-06-05 12:59:20,529 - utils.logger - INFO - learning rate = 0.0000097
2021-06-05 12:59:20,900 - utils.logger - INFO - Trn result of epoch 20 / 50 mse 0.1044 rmse 0.3231 pcc 0.2360 ccc 0.0412
2021-06-05 12:59:21,026 - utils.logger - INFO - Val result of epoch 20 / 50 mse 0.1302 rmse 0.3609 pcc 0.0319 ccc 0.0057
2021-06-05 12:59:21,427 - utils.logger - INFO - Cur epoch 21 loss MSE:0.3398
2021-06-05 12:59:21,813 - utils.logger - INFO - Cur epoch 21 loss MSE:0.0633
2021-06-05 12:59:22,137 - utils.logger - INFO - Cur epoch 21 loss MSE:13.2356
2021-06-05 12:59:22,137 - utils.logger - INFO - saving the model at the end of epoch 21, iters 126
2021-06-05 12:59:22,429 - utils.logger - INFO - End of training epoch 21 / 50 	 Time Taken: 1 sec, Data loading: 0 sec
2021-06-05 12:59:22,430 - utils.logger - INFO - learning rate = 0.0000094
2021-06-05 12:59:22,798 - utils.logger - INFO - Trn result of epoch 21 / 50 mse 0.1041 rmse 0.3226 pcc 0.2686 ccc 0.0498
2021-06-05 12:59:22,924 - utils.logger - INFO - Val result of epoch 21 / 50 mse 0.1308 rmse 0.3617 pcc 0.0810 ccc 0.0151
2021-06-05 12:59:23,316 - utils.logger - INFO - Cur epoch 22 loss MSE:0.2110
2021-06-05 12:59:23,715 - utils.logger - INFO - Cur epoch 22 loss MSE:0.0676
2021-06-05 12:59:24,039 - utils.logger - INFO - Cur epoch 22 loss MSE:0.7890
2021-06-05 12:59:24,040 - utils.logger - INFO - saving the model at the end of epoch 22, iters 132
2021-06-05 12:59:24,329 - utils.logger - INFO - End of training epoch 22 / 50 	 Time Taken: 1 sec, Data loading: 0 sec
2021-06-05 12:59:24,329 - utils.logger - INFO - learning rate = 0.0000090
2021-06-05 12:59:24,691 - utils.logger - INFO - Trn result of epoch 22 / 50 mse 0.1057 rmse 0.3251 pcc 0.2916 ccc 0.0547
2021-06-05 12:59:24,819 - utils.logger - INFO - Val result of epoch 22 / 50 mse 0.1343 rmse 0.3664 pcc 0.1242 ccc 0.0222
2021-06-05 12:59:25,215 - utils.logger - INFO - Cur epoch 23 loss MSE:0.0144
2021-06-05 12:59:25,613 - utils.logger - INFO - Cur epoch 23 loss MSE:0.2956
2021-06-05 12:59:25,937 - utils.logger - INFO - Cur epoch 23 loss MSE:6.5712
2021-06-05 12:59:25,938 - utils.logger - INFO - saving the model at the end of epoch 23, iters 138
2021-06-05 12:59:26,234 - utils.logger - INFO - End of training epoch 23 / 50 	 Time Taken: 1 sec, Data loading: 0 sec
2021-06-05 12:59:26,234 - utils.logger - INFO - learning rate = 0.0000087
2021-06-05 12:59:26,594 - utils.logger - INFO - Trn result of epoch 23 / 50 mse 0.1060 rmse 0.3255 pcc 0.2181 ccc 0.0474
2021-06-05 12:59:26,721 - utils.logger - INFO - Val result of epoch 23 / 50 mse 0.1305 rmse 0.3612 pcc -0.0126 ccc -0.0030
2021-06-05 12:59:27,125 - utils.logger - INFO - Cur epoch 24 loss MSE:0.5249
2021-06-05 12:59:27,525 - utils.logger - INFO - Cur epoch 24 loss MSE:0.1711
2021-06-05 12:59:27,858 - utils.logger - INFO - Cur epoch 24 loss MSE:0.2336
2021-06-05 12:59:27,858 - utils.logger - INFO - saving the model at the end of epoch 24, iters 144
2021-06-05 12:59:28,156 - utils.logger - INFO - End of training epoch 24 / 50 	 Time Taken: 1 sec, Data loading: 0 sec
2021-06-05 12:59:28,156 - utils.logger - INFO - learning rate = 0.0000084
2021-06-05 12:59:28,521 - utils.logger - INFO - Trn result of epoch 24 / 50 mse 0.1014 rmse 0.3184 pcc 0.3022 ccc 0.0819
2021-06-05 12:59:28,649 - utils.logger - INFO - Val result of epoch 24 / 50 mse 0.1275 rmse 0.3570 pcc 0.1565 ccc 0.0430
2021-06-05 12:59:29,043 - utils.logger - INFO - Cur epoch 25 loss MSE:0.2463
2021-06-05 12:59:29,435 - utils.logger - INFO - Cur epoch 25 loss MSE:0.3719
2021-06-05 12:59:29,777 - utils.logger - INFO - Cur epoch 25 loss MSE:7.2617
2021-06-05 12:59:29,777 - utils.logger - INFO - saving the model at the end of epoch 25, iters 150
2021-06-05 12:59:30,084 - utils.logger - INFO - End of training epoch 25 / 50 	 Time Taken: 1 sec, Data loading: 0 sec
2021-06-05 12:59:30,084 - utils.logger - INFO - learning rate = 0.0000081
2021-06-05 12:59:30,442 - utils.logger - INFO - Trn result of epoch 25 / 50 mse 0.0997 rmse 0.3158 pcc 0.3331 ccc 0.1017
2021-06-05 12:59:30,565 - utils.logger - INFO - Val result of epoch 25 / 50 mse 0.1257 rmse 0.3545 pcc 0.2031 ccc 0.0621
2021-06-05 12:59:30,961 - utils.logger - INFO - Cur epoch 26 loss MSE:0.6359
2021-06-05 12:59:31,356 - utils.logger - INFO - Cur epoch 26 loss MSE:0.2113
2021-06-05 12:59:31,689 - utils.logger - INFO - Cur epoch 26 loss MSE:39.2023
2021-06-05 12:59:31,689 - utils.logger - INFO - saving the model at the end of epoch 26, iters 156
2021-06-05 12:59:31,998 - utils.logger - INFO - End of training epoch 26 / 50 	 Time Taken: 1 sec, Data loading: 0 sec
2021-06-05 12:59:31,998 - utils.logger - INFO - learning rate = 0.0000077
2021-06-05 12:59:32,374 - utils.logger - INFO - Trn result of epoch 26 / 50 mse 0.1036 rmse 0.3218 pcc 0.3238 ccc 0.0731
2021-06-05 12:59:32,499 - utils.logger - INFO - Val result of epoch 26 / 50 mse 0.1283 rmse 0.3582 pcc 0.0602 ccc 0.0144
2021-06-05 12:59:32,900 - utils.logger - INFO - Cur epoch 27 loss MSE:0.0892
2021-06-05 12:59:33,307 - utils.logger - INFO - Cur epoch 27 loss MSE:0.0123
2021-06-05 12:59:33,639 - utils.logger - INFO - Cur epoch 27 loss MSE:0.6023
2021-06-05 12:59:33,639 - utils.logger - INFO - saving the model at the end of epoch 27, iters 162
2021-06-05 12:59:33,939 - utils.logger - INFO - End of training epoch 27 / 50 	 Time Taken: 1 sec, Data loading: 0 sec
2021-06-05 12:59:33,939 - utils.logger - INFO - learning rate = 0.0000074
2021-06-05 12:59:34,302 - utils.logger - INFO - Trn result of epoch 27 / 50 mse 0.0989 rmse 0.3145 pcc 0.3896 ccc 0.1117
2021-06-05 12:59:34,428 - utils.logger - INFO - Val result of epoch 27 / 50 mse 0.1270 rmse 0.3563 pcc 0.1071 ccc 0.0301
2021-06-05 12:59:34,823 - utils.logger - INFO - Cur epoch 28 loss MSE:0.6771
2021-06-05 12:59:35,220 - utils.logger - INFO - Cur epoch 28 loss MSE:0.5112
2021-06-05 12:59:35,540 - utils.logger - INFO - Cur epoch 28 loss MSE:9.8660
2021-06-05 12:59:35,541 - utils.logger - INFO - saving the model at the end of epoch 28, iters 168
2021-06-05 12:59:35,842 - utils.logger - INFO - End of training epoch 28 / 50 	 Time Taken: 1 sec, Data loading: 0 sec
2021-06-05 12:59:35,842 - utils.logger - INFO - learning rate = 0.0000071
2021-06-05 12:59:36,221 - utils.logger - INFO - Trn result of epoch 28 / 50 mse 0.0951 rmse 0.3084 pcc 0.4256 ccc 0.1655
2021-06-05 12:59:36,427 - utils.logger - INFO - Val result of epoch 28 / 50 mse 0.1213 rmse 0.3483 pcc 0.3098 ccc 0.1156
2021-06-05 12:59:36,872 - utils.logger - INFO - Cur epoch 29 loss MSE:0.3177
2021-06-05 12:59:37,275 - utils.logger - INFO - Cur epoch 29 loss MSE:0.4401
2021-06-05 12:59:37,592 - utils.logger - INFO - Cur epoch 29 loss MSE:30.5414
2021-06-05 12:59:37,592 - utils.logger - INFO - saving the model at the end of epoch 29, iters 174
2021-06-05 12:59:37,899 - utils.logger - INFO - End of training epoch 29 / 50 	 Time Taken: 1 sec, Data loading: 0 sec
2021-06-05 12:59:37,899 - utils.logger - INFO - learning rate = 0.0000068
2021-06-05 12:59:38,266 - utils.logger - INFO - Trn result of epoch 29 / 50 mse 0.1075 rmse 0.3278 pcc 0.3308 ccc 0.0525
2021-06-05 12:59:38,389 - utils.logger - INFO - Val result of epoch 29 / 50 mse 0.1264 rmse 0.3555 pcc 0.1693 ccc 0.0288
2021-06-05 12:59:38,791 - utils.logger - INFO - Cur epoch 30 loss MSE:0.2358
2021-06-05 12:59:39,194 - utils.logger - INFO - Cur epoch 30 loss MSE:0.2065
2021-06-05 12:59:39,510 - utils.logger - INFO - Cur epoch 30 loss MSE:0.8867
2021-06-05 12:59:39,510 - utils.logger - INFO - saving the model at the end of epoch 30, iters 180
2021-06-05 12:59:39,825 - utils.logger - INFO - End of training epoch 30 / 50 	 Time Taken: 1 sec, Data loading: 0 sec
2021-06-05 12:59:39,825 - utils.logger - INFO - learning rate = 0.0000065
2021-06-05 12:59:40,191 - utils.logger - INFO - Trn result of epoch 30 / 50 mse 0.1017 rmse 0.3189 pcc 0.4001 ccc 0.0975
2021-06-05 12:59:40,318 - utils.logger - INFO - Val result of epoch 30 / 50 mse 0.1247 rmse 0.3532 pcc 0.2036 ccc 0.0417
2021-06-05 12:59:40,720 - utils.logger - INFO - Cur epoch 31 loss MSE:0.1346
2021-06-05 12:59:41,121 - utils.logger - INFO - Cur epoch 31 loss MSE:0.2971
2021-06-05 12:59:41,450 - utils.logger - INFO - Cur epoch 31 loss MSE:1.2053
2021-06-05 12:59:41,450 - utils.logger - INFO - saving the model at the end of epoch 31, iters 186
2021-06-05 12:59:41,739 - utils.logger - INFO - End of training epoch 31 / 50 	 Time Taken: 1 sec, Data loading: 0 sec
2021-06-05 12:59:41,740 - utils.logger - INFO - learning rate = 0.0000061
2021-06-05 12:59:42,099 - utils.logger - INFO - Trn result of epoch 31 / 50 mse 0.1100 rmse 0.3317 pcc 0.3533 ccc 0.1435
2021-06-05 12:59:42,223 - utils.logger - INFO - Val result of epoch 31 / 50 mse 0.1466 rmse 0.3828 pcc 0.2043 ccc 0.0729
2021-06-05 12:59:42,619 - utils.logger - INFO - Cur epoch 32 loss MSE:0.1663
2021-06-05 12:59:43,023 - utils.logger - INFO - Cur epoch 32 loss MSE:1.2804
2021-06-05 12:59:43,366 - utils.logger - INFO - Cur epoch 32 loss MSE:0.0449
2021-06-05 12:59:43,366 - utils.logger - INFO - saving the model at the end of epoch 32, iters 192
2021-06-05 12:59:43,678 - utils.logger - INFO - End of training epoch 32 / 50 	 Time Taken: 1 sec, Data loading: 0 sec
2021-06-05 12:59:43,679 - utils.logger - INFO - learning rate = 0.0000058
2021-06-05 12:59:44,046 - utils.logger - INFO - Trn result of epoch 32 / 50 mse 0.1002 rmse 0.3165 pcc 0.4155 ccc 0.1922
2021-06-05 12:59:44,171 - utils.logger - INFO - Val result of epoch 32 / 50 mse 0.1303 rmse 0.3609 pcc 0.2888 ccc 0.1289
2021-06-05 12:59:44,577 - utils.logger - INFO - Cur epoch 33 loss MSE:0.9755
2021-06-05 12:59:44,975 - utils.logger - INFO - Cur epoch 33 loss MSE:0.0314
2021-06-05 12:59:45,295 - utils.logger - INFO - Cur epoch 33 loss MSE:7.7584
2021-06-05 12:59:45,296 - utils.logger - INFO - saving the model at the end of epoch 33, iters 198
2021-06-05 12:59:45,596 - utils.logger - INFO - End of training epoch 33 / 50 	 Time Taken: 1 sec, Data loading: 0 sec
2021-06-05 12:59:45,596 - utils.logger - INFO - learning rate = 0.0000055
2021-06-05 12:59:45,958 - utils.logger - INFO - Trn result of epoch 33 / 50 mse 0.0956 rmse 0.3091 pcc 0.4441 ccc 0.2246
2021-06-05 12:59:46,082 - utils.logger - INFO - Val result of epoch 33 / 50 mse 0.1275 rmse 0.3571 pcc 0.2970 ccc 0.1395
2021-06-05 12:59:46,463 - utils.logger - INFO - Cur epoch 34 loss MSE:0.3420
2021-06-05 12:59:46,860 - utils.logger - INFO - Cur epoch 34 loss MSE:0.7167
2021-06-05 12:59:47,193 - utils.logger - INFO - Cur epoch 34 loss MSE:6.7936
2021-06-05 12:59:47,193 - utils.logger - INFO - saving the model at the end of epoch 34, iters 204
2021-06-05 12:59:47,492 - utils.logger - INFO - End of training epoch 34 / 50 	 Time Taken: 1 sec, Data loading: 0 sec
2021-06-05 12:59:47,492 - utils.logger - INFO - learning rate = 0.0000052
2021-06-05 12:59:47,855 - utils.logger - INFO - Trn result of epoch 34 / 50 mse 0.0929 rmse 0.3048 pcc 0.4572 ccc 0.1827
2021-06-05 12:59:47,978 - utils.logger - INFO - Val result of epoch 34 / 50 mse 0.1227 rmse 0.3503 pcc 0.2119 ccc 0.0711
2021-06-05 12:59:48,362 - utils.logger - INFO - Cur epoch 35 loss MSE:0.2371
2021-06-05 12:59:48,749 - utils.logger - INFO - Cur epoch 35 loss MSE:1.0003
2021-06-05 12:59:49,107 - utils.logger - INFO - Cur epoch 35 loss MSE:0.5829
2021-06-05 12:59:49,107 - utils.logger - INFO - saving the model at the end of epoch 35, iters 210
2021-06-05 12:59:49,453 - utils.logger - INFO - End of training epoch 35 / 50 	 Time Taken: 1 sec, Data loading: 0 sec
2021-06-05 12:59:49,454 - utils.logger - INFO - learning rate = 0.0000048
2021-06-05 12:59:49,820 - utils.logger - INFO - Trn result of epoch 35 / 50 mse 0.0980 rmse 0.3131 pcc 0.4373 ccc 0.2422
2021-06-05 12:59:49,962 - utils.logger - INFO - Val result of epoch 35 / 50 mse 0.1220 rmse 0.3492 pcc 0.3795 ccc 0.2041
2021-06-05 12:59:50,375 - utils.logger - INFO - Cur epoch 36 loss MSE:1.2109
2021-06-05 12:59:50,773 - utils.logger - INFO - Cur epoch 36 loss MSE:0.0380
2021-06-05 12:59:51,096 - utils.logger - INFO - Cur epoch 36 loss MSE:11.5648
2021-06-05 12:59:51,096 - utils.logger - INFO - saving the model at the end of epoch 36, iters 216
2021-06-05 12:59:51,413 - utils.logger - INFO - End of training epoch 36 / 50 	 Time Taken: 1 sec, Data loading: 0 sec
2021-06-05 12:59:51,413 - utils.logger - INFO - learning rate = 0.0000045
2021-06-05 12:59:51,773 - utils.logger - INFO - Trn result of epoch 36 / 50 mse 0.0869 rmse 0.2948 pcc 0.4710 ccc 0.2707
2021-06-05 12:59:51,899 - utils.logger - INFO - Val result of epoch 36 / 50 mse 0.1214 rmse 0.3485 pcc 0.2374 ccc 0.1107
2021-06-05 12:59:52,289 - utils.logger - INFO - Cur epoch 37 loss MSE:0.0916
2021-06-05 12:59:52,671 - utils.logger - INFO - Cur epoch 37 loss MSE:1.0876
2021-06-05 12:59:53,008 - utils.logger - INFO - Cur epoch 37 loss MSE:0.4550
2021-06-05 12:59:53,008 - utils.logger - INFO - saving the model at the end of epoch 37, iters 222
2021-06-05 12:59:53,303 - utils.logger - INFO - End of training epoch 37 / 50 	 Time Taken: 1 sec, Data loading: 0 sec
2021-06-05 12:59:53,303 - utils.logger - INFO - learning rate = 0.0000042
2021-06-05 12:59:53,668 - utils.logger - INFO - Trn result of epoch 37 / 50 mse 0.1010 rmse 0.3178 pcc 0.4108 ccc 0.2309
2021-06-05 12:59:53,792 - utils.logger - INFO - Val result of epoch 37 / 50 mse 0.1310 rmse 0.3619 pcc 0.2968 ccc 0.1603
2021-06-05 12:59:54,190 - utils.logger - INFO - Cur epoch 38 loss MSE:0.2914
2021-06-05 12:59:54,595 - utils.logger - INFO - Cur epoch 38 loss MSE:0.6216
2021-06-05 12:59:54,933 - utils.logger - INFO - Cur epoch 38 loss MSE:6.1003
2021-06-05 12:59:54,933 - utils.logger - INFO - saving the model at the end of epoch 38, iters 228
2021-06-05 12:59:55,222 - utils.logger - INFO - End of training epoch 38 / 50 	 Time Taken: 1 sec, Data loading: 0 sec
2021-06-05 12:59:55,223 - utils.logger - INFO - learning rate = 0.0000039
2021-06-05 12:59:55,606 - utils.logger - INFO - Trn result of epoch 38 / 50 mse 0.0865 rmse 0.2940 pcc 0.4858 ccc 0.2682
2021-06-05 12:59:55,733 - utils.logger - INFO - Val result of epoch 38 / 50 mse 0.1202 rmse 0.3467 pcc 0.2582 ccc 0.1164
2021-06-05 12:59:56,128 - utils.logger - INFO - Cur epoch 39 loss MSE:0.7044
2021-06-05 12:59:56,538 - utils.logger - INFO - Cur epoch 39 loss MSE:1.0107
2021-06-05 12:59:56,876 - utils.logger - INFO - Cur epoch 39 loss MSE:0.0362
2021-06-05 12:59:56,876 - utils.logger - INFO - saving the model at the end of epoch 39, iters 234
2021-06-05 12:59:57,194 - utils.logger - INFO - End of training epoch 39 / 50 	 Time Taken: 1 sec, Data loading: 0 sec
2021-06-05 12:59:57,194 - utils.logger - INFO - learning rate = 0.0000035
2021-06-05 12:59:57,556 - utils.logger - INFO - Trn result of epoch 39 / 50 mse 0.0930 rmse 0.3049 pcc 0.4403 ccc 0.1921
2021-06-05 12:59:57,681 - utils.logger - INFO - Val result of epoch 39 / 50 mse 0.1253 rmse 0.3540 pcc 0.1596 ccc 0.0489
2021-06-05 12:59:58,073 - utils.logger - INFO - Cur epoch 40 loss MSE:0.2948
2021-06-05 12:59:58,461 - utils.logger - INFO - Cur epoch 40 loss MSE:0.0046
2021-06-05 12:59:58,811 - utils.logger - INFO - Cur epoch 40 loss MSE:0.3401
2021-06-05 12:59:58,811 - utils.logger - INFO - saving the model at the end of epoch 40, iters 240
2021-06-05 12:59:59,118 - utils.logger - INFO - End of training epoch 40 / 50 	 Time Taken: 1 sec, Data loading: 0 sec
2021-06-05 12:59:59,118 - utils.logger - INFO - learning rate = 0.0000032
2021-06-05 12:59:59,480 - utils.logger - INFO - Trn result of epoch 40 / 50 mse 0.0866 rmse 0.2943 pcc 0.4722 ccc 0.2836
2021-06-05 12:59:59,613 - utils.logger - INFO - Val result of epoch 40 / 50 mse 0.1214 rmse 0.3484 pcc 0.2472 ccc 0.1235
2021-06-05 13:00:00,003 - utils.logger - INFO - Cur epoch 41 loss MSE:1.1197
2021-06-05 13:00:00,395 - utils.logger - INFO - Cur epoch 41 loss MSE:0.5889
2021-06-05 13:00:00,716 - utils.logger - INFO - Cur epoch 41 loss MSE:0.3521
2021-06-05 13:00:00,716 - utils.logger - INFO - saving the model at the end of epoch 41, iters 246
2021-06-05 13:00:00,995 - utils.logger - INFO - End of training epoch 41 / 50 	 Time Taken: 1 sec, Data loading: 0 sec
2021-06-05 13:00:00,995 - utils.logger - INFO - learning rate = 0.0000029
2021-06-05 13:00:01,350 - utils.logger - INFO - Trn result of epoch 41 / 50 mse 0.0854 rmse 0.2923 pcc 0.4858 ccc 0.2837
2021-06-05 13:00:01,474 - utils.logger - INFO - Val result of epoch 41 / 50 mse 0.1257 rmse 0.3545 pcc 0.1590 ccc 0.0699
2021-06-05 13:00:01,873 - utils.logger - INFO - Cur epoch 42 loss MSE:0.1136
2021-06-05 13:00:02,263 - utils.logger - INFO - Cur epoch 42 loss MSE:0.0740
2021-06-05 13:00:02,582 - utils.logger - INFO - Cur epoch 42 loss MSE:16.7367
2021-06-05 13:00:02,583 - utils.logger - INFO - saving the model at the end of epoch 42, iters 252
2021-06-05 13:00:02,892 - utils.logger - INFO - End of training epoch 42 / 50 	 Time Taken: 1 sec, Data loading: 0 sec
2021-06-05 13:00:02,892 - utils.logger - INFO - learning rate = 0.0000026
2021-06-05 13:00:03,255 - utils.logger - INFO - Trn result of epoch 42 / 50 mse 0.0869 rmse 0.2948 pcc 0.4961 ccc 0.2582
2021-06-05 13:00:03,381 - utils.logger - INFO - Val result of epoch 42 / 50 mse 0.1262 rmse 0.3553 pcc 0.1424 ccc 0.0558
2021-06-05 13:00:03,778 - utils.logger - INFO - Cur epoch 43 loss MSE:0.0565
2021-06-05 13:00:04,166 - utils.logger - INFO - Cur epoch 43 loss MSE:0.0045
2021-06-05 13:00:04,505 - utils.logger - INFO - Cur epoch 43 loss MSE:0.5972
2021-06-05 13:00:04,505 - utils.logger - INFO - saving the model at the end of epoch 43, iters 258
2021-06-05 13:00:04,824 - utils.logger - INFO - End of training epoch 43 / 50 	 Time Taken: 1 sec, Data loading: 0 sec
2021-06-05 13:00:04,824 - utils.logger - INFO - learning rate = 0.0000023
2021-06-05 13:00:05,188 - utils.logger - INFO - Trn result of epoch 43 / 50 mse 0.0859 rmse 0.2931 pcc 0.4984 ccc 0.3268
2021-06-05 13:00:05,313 - utils.logger - INFO - Val result of epoch 43 / 50 mse 0.1214 rmse 0.3484 pcc 0.3005 ccc 0.1801
2021-06-05 13:00:05,717 - utils.logger - INFO - Cur epoch 44 loss MSE:1.2410
2021-06-05 13:00:06,121 - utils.logger - INFO - Cur epoch 44 loss MSE:0.6938
2021-06-05 13:00:06,441 - utils.logger - INFO - Cur epoch 44 loss MSE:3.6131
2021-06-05 13:00:06,441 - utils.logger - INFO - saving the model at the end of epoch 44, iters 264
2021-06-05 13:00:06,773 - utils.logger - INFO - End of training epoch 44 / 50 	 Time Taken: 1 sec, Data loading: 0 sec
2021-06-05 13:00:06,773 - utils.logger - INFO - learning rate = 0.0000019
2021-06-05 13:00:07,132 - utils.logger - INFO - Trn result of epoch 44 / 50 mse 0.0855 rmse 0.2924 pcc 0.4839 ccc 0.3011
2021-06-05 13:00:07,258 - utils.logger - INFO - Val result of epoch 44 / 50 mse 0.1219 rmse 0.3492 pcc 0.2518 ccc 0.1355
2021-06-05 13:00:07,638 - utils.logger - INFO - Cur epoch 45 loss MSE:6.6572
2021-06-05 13:00:08,042 - utils.logger - INFO - Cur epoch 45 loss MSE:0.0916
2021-06-05 13:00:08,386 - utils.logger - INFO - Cur epoch 45 loss MSE:0.4582
2021-06-05 13:00:08,387 - utils.logger - INFO - saving the model at the end of epoch 45, iters 270
2021-06-05 13:00:08,702 - utils.logger - INFO - End of training epoch 45 / 50 	 Time Taken: 1 sec, Data loading: 0 sec
2021-06-05 13:00:08,703 - utils.logger - INFO - learning rate = 0.0000016
2021-06-05 13:00:09,058 - utils.logger - INFO - Trn result of epoch 45 / 50 mse 0.0842 rmse 0.2901 pcc 0.4950 ccc 0.3083
2021-06-05 13:00:09,183 - utils.logger - INFO - Val result of epoch 45 / 50 mse 0.1239 rmse 0.3520 pcc 0.2010 ccc 0.0998
2021-06-05 13:00:09,573 - utils.logger - INFO - Cur epoch 46 loss MSE:0.0356
2021-06-05 13:00:09,954 - utils.logger - INFO - Cur epoch 46 loss MSE:1.4052
2021-06-05 13:00:10,273 - utils.logger - INFO - Cur epoch 46 loss MSE:18.1674
2021-06-05 13:00:10,273 - utils.logger - INFO - saving the model at the end of epoch 46, iters 276
2021-06-05 13:00:10,591 - utils.logger - INFO - End of training epoch 46 / 50 	 Time Taken: 1 sec, Data loading: 0 sec
2021-06-05 13:00:10,591 - utils.logger - INFO - learning rate = 0.0000013
2021-06-05 13:00:10,957 - utils.logger - INFO - Trn result of epoch 46 / 50 mse 0.0858 rmse 0.2930 pcc 0.5035 ccc 0.3305
2021-06-05 13:00:11,082 - utils.logger - INFO - Val result of epoch 46 / 50 mse 0.1220 rmse 0.3492 pcc 0.2968 ccc 0.1795
2021-06-05 13:00:11,487 - utils.logger - INFO - Cur epoch 47 loss MSE:0.6300
2021-06-05 13:00:11,888 - utils.logger - INFO - Cur epoch 47 loss MSE:0.0634
2021-06-05 13:00:12,229 - utils.logger - INFO - Cur epoch 47 loss MSE:31.2360
2021-06-05 13:00:12,229 - utils.logger - INFO - saving the model at the end of epoch 47, iters 282
2021-06-05 13:00:12,531 - utils.logger - INFO - End of training epoch 47 / 50 	 Time Taken: 1 sec, Data loading: 0 sec
2021-06-05 13:00:12,531 - utils.logger - INFO - learning rate = 0.0000010
2021-06-05 13:00:12,892 - utils.logger - INFO - Trn result of epoch 47 / 50 mse 0.0836 rmse 0.2891 pcc 0.5061 ccc 0.3060
2021-06-05 13:00:13,015 - utils.logger - INFO - Val result of epoch 47 / 50 mse 0.1226 rmse 0.3501 pcc 0.2183 ccc 0.1065
2021-06-05 13:00:13,405 - utils.logger - INFO - Cur epoch 48 loss MSE:0.5323
2021-06-05 13:00:13,811 - utils.logger - INFO - Cur epoch 48 loss MSE:0.2865
2021-06-05 13:00:14,160 - utils.logger - INFO - Cur epoch 48 loss MSE:0.1245
2021-06-05 13:00:14,161 - utils.logger - INFO - saving the model at the end of epoch 48, iters 288
2021-06-05 13:00:14,470 - utils.logger - INFO - End of training epoch 48 / 50 	 Time Taken: 1 sec, Data loading: 0 sec
2021-06-05 13:00:14,470 - utils.logger - INFO - learning rate = 0.0000006
2021-06-05 13:00:14,834 - utils.logger - INFO - Trn result of epoch 48 / 50 mse 0.0841 rmse 0.2900 pcc 0.4975 ccc 0.3053
2021-06-05 13:00:14,958 - utils.logger - INFO - Val result of epoch 48 / 50 mse 0.1248 rmse 0.3533 pcc 0.1854 ccc 0.0911
2021-06-05 13:00:15,334 - utils.logger - INFO - Cur epoch 49 loss MSE:0.0665
2021-06-05 13:00:15,742 - utils.logger - INFO - Cur epoch 49 loss MSE:0.9307
2021-06-05 13:00:16,067 - utils.logger - INFO - Cur epoch 49 loss MSE:1.3821
2021-06-05 13:00:16,067 - utils.logger - INFO - saving the model at the end of epoch 49, iters 294
2021-06-05 13:00:16,373 - utils.logger - INFO - End of training epoch 49 / 50 	 Time Taken: 1 sec, Data loading: 0 sec
2021-06-05 13:00:16,373 - utils.logger - INFO - learning rate = 0.0000003
2021-06-05 13:00:16,739 - utils.logger - INFO - Trn result of epoch 49 / 50 mse 0.0844 rmse 0.2906 pcc 0.4910 ccc 0.3069
2021-06-05 13:00:16,866 - utils.logger - INFO - Val result of epoch 49 / 50 mse 0.1243 rmse 0.3525 pcc 0.1969 ccc 0.0989
2021-06-05 13:00:17,266 - utils.logger - INFO - Cur epoch 50 loss MSE:0.9068
2021-06-05 13:00:17,674 - utils.logger - INFO - Cur epoch 50 loss MSE:0.0829
2021-06-05 13:00:18,015 - utils.logger - INFO - Cur epoch 50 loss MSE:0.2081
2021-06-05 13:00:18,016 - utils.logger - INFO - saving the model at the end of epoch 50, iters 300
2021-06-05 13:00:18,335 - utils.logger - INFO - End of training epoch 50 / 50 	 Time Taken: 1 sec, Data loading: 0 sec
2021-06-05 13:00:18,335 - utils.logger - INFO - learning rate = 0.0000000
2021-06-05 13:00:18,698 - utils.logger - INFO - Trn result of epoch 50 / 50 mse 0.0833 rmse 0.2887 pcc 0.5035 ccc 0.3150
2021-06-05 13:00:18,822 - utils.logger - INFO - Val result of epoch 50 / 50 mse 0.1234 rmse 0.3513 pcc 0.2097 ccc 0.1062
2021-06-05 13:00:18,822 - utils.logger - INFO - Best eval epoch 35 found with ccc 0.204111
2021-06-05 13:00:18,822 - utils.logger - INFO - baseline_fcfusion_norm_egemaps_EDA_hidden1024_seq100_run1
