2021-06-17 02:55:49,117 - utils.logger - INFO - The number of training samples = 41
2021-06-17 02:55:52,248 - utils.logger - INFO - Cur epoch 1 loss ccc:0.1353
2021-06-17 02:55:52,783 - utils.logger - INFO - Cur epoch 1 loss ccc:0.1286
2021-06-17 02:55:53,192 - utils.logger - INFO - Cur epoch 1 loss ccc:1.0018
2021-06-17 02:55:53,192 - utils.logger - INFO - saving the model at the end of epoch 1, iters 6
2021-06-17 02:55:53,412 - utils.logger - INFO - End of training epoch 1 / 60 	 Time Taken: 1 sec, Data loading: 0 sec
2021-06-17 02:55:53,412 - utils.logger - INFO - learning rate = 0.0001000
2021-06-17 02:55:54,092 - utils.logger - INFO - Trn result of epoch 1 / 60 mse 0.0487 rmse 0.2207 pcc -0.3024 ccc -0.0058
2021-06-17 02:55:54,408 - utils.logger - INFO - Val result of epoch 1 / 60 mse 0.0400 rmse 0.2000 pcc -0.3385 ccc -0.0082
2021-06-17 02:55:55,016 - utils.logger - INFO - Cur epoch 2 loss ccc:0.1257
2021-06-17 02:55:55,552 - utils.logger - INFO - Cur epoch 2 loss ccc:0.1250
2021-06-17 02:55:55,982 - utils.logger - INFO - Cur epoch 2 loss ccc:0.9362
2021-06-17 02:55:55,982 - utils.logger - INFO - saving the model at the end of epoch 2, iters 12
2021-06-17 02:55:56,261 - utils.logger - INFO - End of training epoch 2 / 60 	 Time Taken: 1 sec, Data loading: 0 sec
2021-06-17 02:55:56,262 - utils.logger - INFO - learning rate = 0.0001000
2021-06-17 02:55:56,967 - utils.logger - INFO - Trn result of epoch 2 / 60 mse 0.0475 rmse 0.2180 pcc -0.3471 ccc -0.0197
2021-06-17 02:55:57,216 - utils.logger - INFO - Val result of epoch 2 / 60 mse 0.0397 rmse 0.1993 pcc -0.3932 ccc -0.0282
2021-06-17 02:55:57,753 - utils.logger - INFO - Cur epoch 3 loss ccc:0.1149
2021-06-17 02:55:58,270 - utils.logger - INFO - Cur epoch 3 loss ccc:0.1250
2021-06-17 02:55:58,671 - utils.logger - INFO - Cur epoch 3 loss ccc:1.0237
2021-06-17 02:55:58,672 - utils.logger - INFO - saving the model at the end of epoch 3, iters 18
2021-06-17 02:55:59,066 - utils.logger - INFO - End of training epoch 3 / 60 	 Time Taken: 1 sec, Data loading: 0 sec
2021-06-17 02:55:59,066 - utils.logger - INFO - learning rate = 0.0001000
2021-06-17 02:55:59,783 - utils.logger - INFO - Trn result of epoch 3 / 60 mse 0.0534 rmse 0.2311 pcc -0.3424 ccc -0.0230
2021-06-17 02:56:00,038 - utils.logger - INFO - Val result of epoch 3 / 60 mse 0.0435 rmse 0.2085 pcc -0.3720 ccc -0.0334
2021-06-17 02:56:00,581 - utils.logger - INFO - Cur epoch 4 loss ccc:0.1151
2021-06-17 02:56:01,114 - utils.logger - INFO - Cur epoch 4 loss ccc:0.1119
2021-06-17 02:56:01,509 - utils.logger - INFO - Cur epoch 4 loss ccc:1.0000
2021-06-17 02:56:01,510 - utils.logger - INFO - saving the model at the end of epoch 4, iters 24
2021-06-17 02:56:01,759 - utils.logger - INFO - End of training epoch 4 / 60 	 Time Taken: 1 sec, Data loading: 0 sec
2021-06-17 02:56:01,759 - utils.logger - INFO - learning rate = 0.0001000
2021-06-17 02:56:02,477 - utils.logger - INFO - Trn result of epoch 4 / 60 mse 0.0544 rmse 0.2331 pcc -0.3235 ccc -0.0171
2021-06-17 02:56:02,713 - utils.logger - INFO - Val result of epoch 4 / 60 mse 0.0440 rmse 0.2098 pcc -0.3379 ccc -0.0238
2021-06-17 02:56:03,232 - utils.logger - INFO - Cur epoch 5 loss ccc:0.1166
2021-06-17 02:56:03,740 - utils.logger - INFO - Cur epoch 5 loss ccc:0.1102
2021-06-17 02:56:04,134 - utils.logger - INFO - Cur epoch 5 loss ccc:1.0457
2021-06-17 02:56:04,134 - utils.logger - INFO - saving the model at the end of epoch 5, iters 30
2021-06-17 02:56:04,393 - utils.logger - INFO - End of training epoch 5 / 60 	 Time Taken: 1 sec, Data loading: 0 sec
2021-06-17 02:56:04,394 - utils.logger - INFO - learning rate = 0.0001000
2021-06-17 02:56:05,090 - utils.logger - INFO - Trn result of epoch 5 / 60 mse 0.0513 rmse 0.2264 pcc -0.0791 ccc -0.0016
2021-06-17 02:56:05,341 - utils.logger - INFO - Val result of epoch 5 / 60 mse 0.0416 rmse 0.2040 pcc -0.0789 ccc -0.0020
2021-06-17 02:56:05,900 - utils.logger - INFO - Cur epoch 6 loss ccc:0.1191
2021-06-17 02:56:06,410 - utils.logger - INFO - Cur epoch 6 loss ccc:0.1120
2021-06-17 02:56:06,830 - utils.logger - INFO - Cur epoch 6 loss ccc:1.0321
2021-06-17 02:56:06,831 - utils.logger - INFO - saving the model at the end of epoch 6, iters 36
2021-06-17 02:56:07,116 - utils.logger - INFO - End of training epoch 6 / 60 	 Time Taken: 1 sec, Data loading: 0 sec
2021-06-17 02:56:07,116 - utils.logger - INFO - learning rate = 0.0001000
2021-06-17 02:56:07,830 - utils.logger - INFO - Trn result of epoch 6 / 60 mse 0.0518 rmse 0.2275 pcc 0.3571 ccc 0.0119
2021-06-17 02:56:08,083 - utils.logger - INFO - Val result of epoch 6 / 60 mse 0.0418 rmse 0.2045 pcc 0.3983 ccc 0.0170
2021-06-17 02:56:08,605 - utils.logger - INFO - Cur epoch 7 loss ccc:0.1158
2021-06-17 02:56:09,144 - utils.logger - INFO - Cur epoch 7 loss ccc:0.1261
2021-06-17 02:56:09,554 - utils.logger - INFO - Cur epoch 7 loss ccc:1.0007
2021-06-17 02:56:09,554 - utils.logger - INFO - saving the model at the end of epoch 7, iters 42
2021-06-17 02:56:09,816 - utils.logger - INFO - End of training epoch 7 / 60 	 Time Taken: 1 sec, Data loading: 0 sec
2021-06-17 02:56:09,816 - utils.logger - INFO - learning rate = 0.0001000
2021-06-17 02:56:10,503 - utils.logger - INFO - Trn result of epoch 7 / 60 mse 0.0478 rmse 0.2187 pcc 0.3672 ccc 0.0155
2021-06-17 02:56:10,737 - utils.logger - INFO - Val result of epoch 7 / 60 mse 0.0391 rmse 0.1976 pcc 0.3967 ccc 0.0217
2021-06-17 02:56:11,245 - utils.logger - INFO - Cur epoch 8 loss ccc:0.1070
2021-06-17 02:56:11,779 - utils.logger - INFO - Cur epoch 8 loss ccc:0.1184
2021-06-17 02:56:12,252 - utils.logger - INFO - Cur epoch 8 loss ccc:1.2417
2021-06-17 02:56:12,252 - utils.logger - INFO - saving the model at the end of epoch 8, iters 48
2021-06-17 02:56:12,512 - utils.logger - INFO - End of training epoch 8 / 60 	 Time Taken: 1 sec, Data loading: 0 sec
2021-06-17 02:56:12,512 - utils.logger - INFO - learning rate = 0.0001000
2021-06-17 02:56:13,247 - utils.logger - INFO - Trn result of epoch 8 / 60 mse 0.0468 rmse 0.2164 pcc 0.3661 ccc 0.0148
2021-06-17 02:56:13,484 - utils.logger - INFO - Val result of epoch 8 / 60 mse 0.0384 rmse 0.1960 pcc 0.4083 ccc 0.0208
2021-06-17 02:56:14,034 - utils.logger - INFO - Cur epoch 9 loss ccc:0.1183
2021-06-17 02:56:14,579 - utils.logger - INFO - Cur epoch 9 loss ccc:0.1034
2021-06-17 02:56:15,021 - utils.logger - INFO - Cur epoch 9 loss ccc:0.9974
2021-06-17 02:56:15,021 - utils.logger - INFO - saving the model at the end of epoch 9, iters 54
2021-06-17 02:56:15,280 - utils.logger - INFO - End of training epoch 9 / 60 	 Time Taken: 1 sec, Data loading: 0 sec
2021-06-17 02:56:15,280 - utils.logger - INFO - learning rate = 0.0001000
2021-06-17 02:56:16,024 - utils.logger - INFO - Trn result of epoch 9 / 60 mse 0.0501 rmse 0.2237 pcc 0.3413 ccc 0.0114
2021-06-17 02:56:16,276 - utils.logger - INFO - Val result of epoch 9 / 60 mse 0.0406 rmse 0.2014 pcc 0.4060 ccc 0.0167
2021-06-17 02:56:16,834 - utils.logger - INFO - Cur epoch 10 loss ccc:0.1213
2021-06-17 02:56:17,363 - utils.logger - INFO - Cur epoch 10 loss ccc:0.1308
2021-06-17 02:56:17,756 - utils.logger - INFO - Cur epoch 10 loss ccc:0.9933
2021-06-17 02:56:17,756 - utils.logger - INFO - saving the model at the end of epoch 10, iters 60
2021-06-17 02:56:18,026 - utils.logger - INFO - End of training epoch 10 / 60 	 Time Taken: 1 sec, Data loading: 0 sec
2021-06-17 02:56:18,027 - utils.logger - INFO - learning rate = 0.0001000
2021-06-17 02:56:18,736 - utils.logger - INFO - Trn result of epoch 10 / 60 mse 0.0481 rmse 0.2194 pcc 0.3574 ccc 0.0104
2021-06-17 02:56:18,987 - utils.logger - INFO - Val result of epoch 10 / 60 mse 0.0393 rmse 0.1983 pcc 0.4094 ccc 0.0150
2021-06-17 02:56:19,500 - utils.logger - INFO - Cur epoch 11 loss ccc:0.1250
2021-06-17 02:56:20,060 - utils.logger - INFO - Cur epoch 11 loss ccc:0.1016
2021-06-17 02:56:20,475 - utils.logger - INFO - Cur epoch 11 loss ccc:0.9983
2021-06-17 02:56:20,476 - utils.logger - INFO - saving the model at the end of epoch 11, iters 66
2021-06-17 02:56:20,738 - utils.logger - INFO - End of training epoch 11 / 60 	 Time Taken: 1 sec, Data loading: 0 sec
2021-06-17 02:56:20,739 - utils.logger - INFO - learning rate = 0.0001000
2021-06-17 02:56:21,444 - utils.logger - INFO - Trn result of epoch 11 / 60 mse 0.0535 rmse 0.2314 pcc 0.3440 ccc 0.0158
2021-06-17 02:56:21,693 - utils.logger - INFO - Val result of epoch 11 / 60 mse 0.0430 rmse 0.2075 pcc 0.4048 ccc 0.0240
2021-06-17 02:56:22,228 - utils.logger - INFO - Cur epoch 12 loss ccc:0.1018
2021-06-17 02:56:22,745 - utils.logger - INFO - Cur epoch 12 loss ccc:0.1106
2021-06-17 02:56:23,162 - utils.logger - INFO - Cur epoch 12 loss ccc:0.9973
2021-06-17 02:56:23,162 - utils.logger - INFO - saving the model at the end of epoch 12, iters 72
2021-06-17 02:56:23,424 - utils.logger - INFO - End of training epoch 12 / 60 	 Time Taken: 1 sec, Data loading: 0 sec
2021-06-17 02:56:23,424 - utils.logger - INFO - learning rate = 0.0001000
2021-06-17 02:56:24,139 - utils.logger - INFO - Trn result of epoch 12 / 60 mse 0.0572 rmse 0.2391 pcc -0.0644 ccc -0.0009
2021-06-17 02:56:24,399 - utils.logger - INFO - Val result of epoch 12 / 60 mse 0.0460 rmse 0.2146 pcc -0.0638 ccc -0.0011
2021-06-17 02:56:24,930 - utils.logger - INFO - Cur epoch 13 loss ccc:0.1229
2021-06-17 02:56:25,433 - utils.logger - INFO - Cur epoch 13 loss ccc:0.1237
2021-06-17 02:56:25,836 - utils.logger - INFO - Cur epoch 13 loss ccc:1.0003
2021-06-17 02:56:25,836 - utils.logger - INFO - saving the model at the end of epoch 13, iters 78
2021-06-17 02:56:26,083 - utils.logger - INFO - End of training epoch 13 / 60 	 Time Taken: 1 sec, Data loading: 0 sec
2021-06-17 02:56:26,083 - utils.logger - INFO - learning rate = 0.0001000
2021-06-17 02:56:26,784 - utils.logger - INFO - Trn result of epoch 13 / 60 mse 0.0510 rmse 0.2257 pcc 0.0037 ccc 0.0000
2021-06-17 02:56:27,033 - utils.logger - INFO - Val result of epoch 13 / 60 mse 0.0414 rmse 0.2034 pcc 0.0522 ccc 0.0007
2021-06-17 02:56:27,575 - utils.logger - INFO - Cur epoch 14 loss ccc:0.1019
2021-06-17 02:56:28,121 - utils.logger - INFO - Cur epoch 14 loss ccc:0.1270
2021-06-17 02:56:28,534 - utils.logger - INFO - Cur epoch 14 loss ccc:1.0007
2021-06-17 02:56:28,535 - utils.logger - INFO - saving the model at the end of epoch 14, iters 84
2021-06-17 02:56:28,857 - utils.logger - INFO - End of training epoch 14 / 60 	 Time Taken: 1 sec, Data loading: 0 sec
2021-06-17 02:56:28,858 - utils.logger - INFO - learning rate = 0.0001000
2021-06-17 02:56:29,544 - utils.logger - INFO - Trn result of epoch 14 / 60 mse 0.0498 rmse 0.2233 pcc 0.2611 ccc 0.0049
2021-06-17 02:56:29,774 - utils.logger - INFO - Val result of epoch 14 / 60 mse 0.0405 rmse 0.2012 pcc 0.3468 ccc 0.0088
2021-06-17 02:56:30,287 - utils.logger - INFO - Cur epoch 15 loss ccc:0.1286
2021-06-17 02:56:30,819 - utils.logger - INFO - Cur epoch 15 loss ccc:0.1250
2021-06-17 02:56:31,243 - utils.logger - INFO - Cur epoch 15 loss ccc:0.9996
2021-06-17 02:56:31,244 - utils.logger - INFO - saving the model at the end of epoch 15, iters 90
2021-06-17 02:56:31,505 - utils.logger - INFO - End of training epoch 15 / 60 	 Time Taken: 1 sec, Data loading: 0 sec
2021-06-17 02:56:31,505 - utils.logger - INFO - learning rate = 0.0001000
2021-06-17 02:56:32,213 - utils.logger - INFO - Trn result of epoch 15 / 60 mse 0.0520 rmse 0.2279 pcc 0.2297 ccc 0.0047
2021-06-17 02:56:32,458 - utils.logger - INFO - Val result of epoch 15 / 60 mse 0.0419 rmse 0.2048 pcc 0.3129 ccc 0.0087
2021-06-17 02:56:32,988 - utils.logger - INFO - Cur epoch 16 loss ccc:0.1181
2021-06-17 02:56:33,517 - utils.logger - INFO - Cur epoch 16 loss ccc:0.1250
2021-06-17 02:56:33,941 - utils.logger - INFO - Cur epoch 16 loss ccc:0.9784
2021-06-17 02:56:33,941 - utils.logger - INFO - saving the model at the end of epoch 16, iters 96
2021-06-17 02:56:34,188 - utils.logger - INFO - End of training epoch 16 / 60 	 Time Taken: 1 sec, Data loading: 0 sec
2021-06-17 02:56:34,188 - utils.logger - INFO - learning rate = 0.0001000
2021-06-17 02:56:34,917 - utils.logger - INFO - Trn result of epoch 16 / 60 mse 0.0427 rmse 0.2066 pcc 0.3092 ccc 0.0651
2021-06-17 02:56:35,163 - utils.logger - INFO - Val result of epoch 16 / 60 mse 0.0348 rmse 0.1865 pcc 0.3773 ccc 0.1073
2021-06-17 02:56:35,694 - utils.logger - INFO - Cur epoch 17 loss ccc:0.1167
2021-06-17 02:56:36,244 - utils.logger - INFO - Cur epoch 17 loss ccc:0.1270
2021-06-17 02:56:36,644 - utils.logger - INFO - Cur epoch 17 loss ccc:1.0025
2021-06-17 02:56:37,203 - utils.logger - INFO - saving the model at the end of epoch 17, iters 102
2021-06-17 02:56:37,504 - utils.logger - INFO - End of training epoch 17 / 60 	 Time Taken: 2 sec, Data loading: 0 sec
2021-06-17 02:56:37,504 - utils.logger - INFO - learning rate = 0.0001000
2021-06-17 02:56:38,210 - utils.logger - INFO - Trn result of epoch 17 / 60 mse 0.0467 rmse 0.2162 pcc 0.3056 ccc 0.0407
2021-06-17 02:56:38,452 - utils.logger - INFO - Val result of epoch 17 / 60 mse 0.0376 rmse 0.1940 pcc 0.3761 ccc 0.0687
2021-06-17 02:56:38,971 - utils.logger - INFO - Cur epoch 18 loss ccc:0.1246
2021-06-17 02:56:39,506 - utils.logger - INFO - Cur epoch 18 loss ccc:0.1214
2021-06-17 02:56:39,947 - utils.logger - INFO - Cur epoch 18 loss ccc:1.0308
2021-06-17 02:56:39,947 - utils.logger - INFO - saving the model at the end of epoch 18, iters 108
2021-06-17 02:56:40,235 - utils.logger - INFO - End of training epoch 18 / 60 	 Time Taken: 1 sec, Data loading: 0 sec
2021-06-17 02:56:40,235 - utils.logger - INFO - learning rate = 0.0001000
2021-06-17 02:56:40,929 - utils.logger - INFO - Trn result of epoch 18 / 60 mse 0.0472 rmse 0.2173 pcc -0.3015 ccc -0.0062
2021-06-17 02:56:41,169 - utils.logger - INFO - Val result of epoch 18 / 60 mse 0.0391 rmse 0.1978 pcc -0.3429 ccc -0.0089
2021-06-17 02:56:41,677 - utils.logger - INFO - Cur epoch 19 loss ccc:0.1099
2021-06-17 02:56:42,206 - utils.logger - INFO - Cur epoch 19 loss ccc:0.1204
2021-06-17 02:56:42,614 - utils.logger - INFO - Cur epoch 19 loss ccc:1.0010
2021-06-17 02:56:42,614 - utils.logger - INFO - saving the model at the end of epoch 19, iters 114
2021-06-17 02:56:42,881 - utils.logger - INFO - End of training epoch 19 / 60 	 Time Taken: 1 sec, Data loading: 0 sec
2021-06-17 02:56:42,881 - utils.logger - INFO - learning rate = 0.0001000
2021-06-17 02:56:43,680 - utils.logger - INFO - Trn result of epoch 19 / 60 mse 0.0505 rmse 0.2248 pcc -0.1402 ccc -0.0015
2021-06-17 02:56:43,918 - utils.logger - INFO - Val result of epoch 19 / 60 mse 0.0411 rmse 0.2028 pcc -0.1281 ccc -0.0017
2021-06-17 02:56:44,435 - utils.logger - INFO - Cur epoch 20 loss ccc:0.1254
2021-06-17 02:56:44,980 - utils.logger - INFO - Cur epoch 20 loss ccc:0.1063
2021-06-17 02:56:45,402 - utils.logger - INFO - Cur epoch 20 loss ccc:0.9863
2021-06-17 02:56:45,402 - utils.logger - INFO - saving the model at the end of epoch 20, iters 120
2021-06-17 02:56:45,691 - utils.logger - INFO - End of training epoch 20 / 60 	 Time Taken: 1 sec, Data loading: 0 sec
2021-06-17 02:56:45,691 - utils.logger - INFO - learning rate = 0.0000976
2021-06-17 02:56:46,399 - utils.logger - INFO - Trn result of epoch 20 / 60 mse 0.0676 rmse 0.2599 pcc -0.0736 ccc -0.0008
2021-06-17 02:56:46,622 - utils.logger - INFO - Val result of epoch 20 / 60 mse 0.0545 rmse 0.2335 pcc -0.1548 ccc -0.0022
2021-06-17 02:56:47,128 - utils.logger - INFO - Cur epoch 21 loss ccc:0.1158
2021-06-17 02:56:47,645 - utils.logger - INFO - Cur epoch 21 loss ccc:0.1282
2021-06-17 02:56:48,059 - utils.logger - INFO - Cur epoch 21 loss ccc:1.0005
2021-06-17 02:56:48,060 - utils.logger - INFO - saving the model at the end of epoch 21, iters 126
2021-06-17 02:56:48,288 - utils.logger - INFO - End of training epoch 21 / 60 	 Time Taken: 1 sec, Data loading: 0 sec
2021-06-17 02:56:48,288 - utils.logger - INFO - learning rate = 0.0000951
2021-06-17 02:56:48,978 - utils.logger - INFO - Trn result of epoch 21 / 60 mse 0.0706 rmse 0.2657 pcc -0.0678 ccc -0.0010
2021-06-17 02:56:49,234 - utils.logger - INFO - Val result of epoch 21 / 60 mse 0.0570 rmse 0.2387 pcc -0.0485 ccc -0.0008
2021-06-17 02:56:49,740 - utils.logger - INFO - Cur epoch 22 loss ccc:0.1328
2021-06-17 02:56:50,279 - utils.logger - INFO - Cur epoch 22 loss ccc:0.1221
2021-06-17 02:56:50,690 - utils.logger - INFO - Cur epoch 22 loss ccc:0.9853
2021-06-17 02:56:50,690 - utils.logger - INFO - saving the model at the end of epoch 22, iters 132
2021-06-17 02:56:50,984 - utils.logger - INFO - End of training epoch 22 / 60 	 Time Taken: 1 sec, Data loading: 0 sec
2021-06-17 02:56:50,985 - utils.logger - INFO - learning rate = 0.0000927
2021-06-17 02:56:51,674 - utils.logger - INFO - Trn result of epoch 22 / 60 mse 0.0599 rmse 0.2447 pcc 0.2369 ccc 0.0073
2021-06-17 02:56:51,930 - utils.logger - INFO - Val result of epoch 22 / 60 mse 0.0480 rmse 0.2191 pcc 0.3213 ccc 0.0138
2021-06-17 02:56:52,487 - utils.logger - INFO - Cur epoch 23 loss ccc:0.1240
2021-06-17 02:56:53,032 - utils.logger - INFO - Cur epoch 23 loss ccc:0.1243
2021-06-17 02:56:53,430 - utils.logger - INFO - Cur epoch 23 loss ccc:1.0000
2021-06-17 02:56:53,430 - utils.logger - INFO - saving the model at the end of epoch 23, iters 138
2021-06-17 02:56:53,655 - utils.logger - INFO - End of training epoch 23 / 60 	 Time Taken: 1 sec, Data loading: 0 sec
2021-06-17 02:56:53,656 - utils.logger - INFO - learning rate = 0.0000902
2021-06-17 02:56:54,346 - utils.logger - INFO - Trn result of epoch 23 / 60 mse 0.0599 rmse 0.2446 pcc 0.2263 ccc 0.0095
2021-06-17 02:56:54,589 - utils.logger - INFO - Val result of epoch 23 / 60 mse 0.0479 rmse 0.2189 pcc 0.3149 ccc 0.0183
2021-06-17 02:56:55,128 - utils.logger - INFO - Cur epoch 24 loss ccc:0.1269
2021-06-17 02:56:55,696 - utils.logger - INFO - Cur epoch 24 loss ccc:0.1173
2021-06-17 02:56:56,114 - utils.logger - INFO - Cur epoch 24 loss ccc:1.0000
2021-06-17 02:56:56,114 - utils.logger - INFO - saving the model at the end of epoch 24, iters 144
2021-06-17 02:56:56,360 - utils.logger - INFO - End of training epoch 24 / 60 	 Time Taken: 1 sec, Data loading: 0 sec
2021-06-17 02:56:56,360 - utils.logger - INFO - learning rate = 0.0000878
2021-06-17 02:56:57,066 - utils.logger - INFO - Trn result of epoch 24 / 60 mse 0.0611 rmse 0.2472 pcc 0.2041 ccc 0.0108
2021-06-17 02:56:57,307 - utils.logger - INFO - Val result of epoch 24 / 60 mse 0.0488 rmse 0.2210 pcc 0.3007 ccc 0.0220
2021-06-17 02:56:57,845 - utils.logger - INFO - Cur epoch 25 loss ccc:0.1068
2021-06-17 02:56:58,354 - utils.logger - INFO - Cur epoch 25 loss ccc:0.1250
2021-06-17 02:56:58,756 - utils.logger - INFO - Cur epoch 25 loss ccc:0.9944
2021-06-17 02:56:58,756 - utils.logger - INFO - saving the model at the end of epoch 25, iters 150
2021-06-17 02:56:59,021 - utils.logger - INFO - End of training epoch 25 / 60 	 Time Taken: 1 sec, Data loading: 0 sec
2021-06-17 02:56:59,021 - utils.logger - INFO - learning rate = 0.0000854
2021-06-17 02:56:59,697 - utils.logger - INFO - Trn result of epoch 25 / 60 mse 0.0528 rmse 0.2298 pcc 0.2213 ccc 0.0213
2021-06-17 02:56:59,920 - utils.logger - INFO - Val result of epoch 25 / 60 mse 0.0421 rmse 0.2052 pcc 0.3109 ccc 0.0414
2021-06-17 02:57:00,447 - utils.logger - INFO - Cur epoch 26 loss ccc:0.1251
2021-06-17 02:57:00,964 - utils.logger - INFO - Cur epoch 26 loss ccc:0.1207
2021-06-17 02:57:01,405 - utils.logger - INFO - Cur epoch 26 loss ccc:1.0000
2021-06-17 02:57:01,406 - utils.logger - INFO - saving the model at the end of epoch 26, iters 156
2021-06-17 02:57:01,666 - utils.logger - INFO - End of training epoch 26 / 60 	 Time Taken: 1 sec, Data loading: 0 sec
2021-06-17 02:57:01,666 - utils.logger - INFO - learning rate = 0.0000829
2021-06-17 02:57:02,380 - utils.logger - INFO - Trn result of epoch 26 / 60 mse 0.0504 rmse 0.2245 pcc 0.1817 ccc 0.0211
2021-06-17 02:57:02,602 - utils.logger - INFO - Val result of epoch 26 / 60 mse 0.0402 rmse 0.2006 pcc 0.2766 ccc 0.0434
2021-06-17 02:57:03,115 - utils.logger - INFO - Cur epoch 27 loss ccc:0.1244
2021-06-17 02:57:03,658 - utils.logger - INFO - Cur epoch 27 loss ccc:0.1226
2021-06-17 02:57:04,062 - utils.logger - INFO - Cur epoch 27 loss ccc:0.9948
2021-06-17 02:57:04,062 - utils.logger - INFO - saving the model at the end of epoch 27, iters 162
2021-06-17 02:57:04,325 - utils.logger - INFO - End of training epoch 27 / 60 	 Time Taken: 1 sec, Data loading: 0 sec
2021-06-17 02:57:04,325 - utils.logger - INFO - learning rate = 0.0000805
2021-06-17 02:57:05,008 - utils.logger - INFO - Trn result of epoch 27 / 60 mse 0.0456 rmse 0.2136 pcc 0.1452 ccc 0.0237
2021-06-17 02:57:05,254 - utils.logger - INFO - Val result of epoch 27 / 60 mse 0.0370 rmse 0.1924 pcc 0.2445 ccc 0.0515
2021-06-17 02:57:05,746 - utils.logger - INFO - Cur epoch 28 loss ccc:0.1230
2021-06-17 02:57:06,265 - utils.logger - INFO - Cur epoch 28 loss ccc:0.1175
2021-06-17 02:57:06,669 - utils.logger - INFO - Cur epoch 28 loss ccc:1.0002
2021-06-17 02:57:06,669 - utils.logger - INFO - saving the model at the end of epoch 28, iters 168
2021-06-17 02:57:06,881 - utils.logger - INFO - End of training epoch 28 / 60 	 Time Taken: 1 sec, Data loading: 0 sec
2021-06-17 02:57:06,881 - utils.logger - INFO - learning rate = 0.0000780
2021-06-17 02:57:07,575 - utils.logger - INFO - Trn result of epoch 28 / 60 mse 0.0649 rmse 0.2547 pcc 0.0808 ccc 0.0035
2021-06-17 02:57:07,809 - utils.logger - INFO - Val result of epoch 28 / 60 mse 0.0517 rmse 0.2275 pcc 0.2121 ccc 0.0126
2021-06-17 02:57:08,318 - utils.logger - INFO - Cur epoch 29 loss ccc:0.1144
2021-06-17 02:57:08,857 - utils.logger - INFO - Cur epoch 29 loss ccc:0.1280
2021-06-17 02:57:09,266 - utils.logger - INFO - Cur epoch 29 loss ccc:1.0071
2021-06-17 02:57:09,266 - utils.logger - INFO - saving the model at the end of epoch 29, iters 174
2021-06-17 02:57:09,525 - utils.logger - INFO - End of training epoch 29 / 60 	 Time Taken: 1 sec, Data loading: 0 sec
2021-06-17 02:57:09,525 - utils.logger - INFO - learning rate = 0.0000756
2021-06-17 02:57:10,214 - utils.logger - INFO - Trn result of epoch 29 / 60 mse 0.0459 rmse 0.2142 pcc -0.1520 ccc -0.0027
2021-06-17 02:57:10,460 - utils.logger - INFO - Val result of epoch 29 / 60 mse 0.0427 rmse 0.2067 pcc -0.1571 ccc -0.0028
2021-06-17 02:57:10,977 - utils.logger - INFO - Cur epoch 30 loss ccc:0.1249
2021-06-17 02:57:11,506 - utils.logger - INFO - Cur epoch 30 loss ccc:0.1250
2021-06-17 02:57:11,910 - utils.logger - INFO - Cur epoch 30 loss ccc:1.0003
2021-06-17 02:57:11,910 - utils.logger - INFO - saving the model at the end of epoch 30, iters 180
2021-06-17 02:57:12,177 - utils.logger - INFO - End of training epoch 30 / 60 	 Time Taken: 1 sec, Data loading: 0 sec
2021-06-17 02:57:12,178 - utils.logger - INFO - learning rate = 0.0000732
2021-06-17 02:57:12,881 - utils.logger - INFO - Trn result of epoch 30 / 60 mse 0.0511 rmse 0.2260 pcc -0.1286 ccc -0.0049
2021-06-17 02:57:13,106 - utils.logger - INFO - Val result of epoch 30 / 60 mse 0.0500 rmse 0.2236 pcc -0.0925 ccc -0.0033
2021-06-17 02:57:13,632 - utils.logger - INFO - Cur epoch 31 loss ccc:0.1192
2021-06-17 02:57:14,142 - utils.logger - INFO - Cur epoch 31 loss ccc:0.1288
2021-06-17 02:57:14,547 - utils.logger - INFO - Cur epoch 31 loss ccc:1.0219
2021-06-17 02:57:14,547 - utils.logger - INFO - saving the model at the end of epoch 31, iters 186
2021-06-17 02:57:14,864 - utils.logger - INFO - End of training epoch 31 / 60 	 Time Taken: 1 sec, Data loading: 0 sec
2021-06-17 02:57:14,865 - utils.logger - INFO - learning rate = 0.0000707
2021-06-17 02:57:15,559 - utils.logger - INFO - Trn result of epoch 31 / 60 mse 0.0481 rmse 0.2193 pcc -0.0670 ccc -0.0027
2021-06-17 02:57:15,802 - utils.logger - INFO - Val result of epoch 31 / 60 mse 0.0458 rmse 0.2141 pcc 0.0247 ccc 0.0010
2021-06-17 02:57:16,310 - utils.logger - INFO - Cur epoch 32 loss ccc:0.1141
2021-06-17 02:57:16,852 - utils.logger - INFO - Cur epoch 32 loss ccc:0.1205
2021-06-17 02:57:17,265 - utils.logger - INFO - Cur epoch 32 loss ccc:0.9993
2021-06-17 02:57:17,265 - utils.logger - INFO - saving the model at the end of epoch 32, iters 192
2021-06-17 02:57:17,529 - utils.logger - INFO - End of training epoch 32 / 60 	 Time Taken: 1 sec, Data loading: 0 sec
2021-06-17 02:57:17,529 - utils.logger - INFO - learning rate = 0.0000683
2021-06-17 02:57:18,235 - utils.logger - INFO - Trn result of epoch 32 / 60 mse 0.0607 rmse 0.2465 pcc -0.0185 ccc -0.0005
2021-06-17 02:57:18,482 - utils.logger - INFO - Val result of epoch 32 / 60 mse 0.0619 rmse 0.2487 pcc 0.0496 ccc 0.0014
2021-06-17 02:57:19,013 - utils.logger - INFO - Cur epoch 33 loss ccc:0.1132
2021-06-17 02:57:19,517 - utils.logger - INFO - Cur epoch 33 loss ccc:0.1124
2021-06-17 02:57:19,937 - utils.logger - INFO - Cur epoch 33 loss ccc:0.9948
2021-06-17 02:57:19,938 - utils.logger - INFO - saving the model at the end of epoch 33, iters 198
2021-06-17 02:57:20,201 - utils.logger - INFO - End of training epoch 33 / 60 	 Time Taken: 1 sec, Data loading: 0 sec
2021-06-17 02:57:20,201 - utils.logger - INFO - learning rate = 0.0000659
2021-06-17 02:57:20,897 - utils.logger - INFO - Trn result of epoch 33 / 60 mse 0.0683 rmse 0.2613 pcc 0.0048 ccc 0.0002
2021-06-17 02:57:21,138 - utils.logger - INFO - Val result of epoch 33 / 60 mse 0.0707 rmse 0.2659 pcc 0.0682 ccc 0.0021
2021-06-17 02:57:21,677 - utils.logger - INFO - Cur epoch 34 loss ccc:0.1326
2021-06-17 02:57:22,245 - utils.logger - INFO - Cur epoch 34 loss ccc:0.0946
2021-06-17 02:57:22,665 - utils.logger - INFO - Cur epoch 34 loss ccc:0.9929
2021-06-17 02:57:22,665 - utils.logger - INFO - saving the model at the end of epoch 34, iters 204
2021-06-17 02:57:22,908 - utils.logger - INFO - End of training epoch 34 / 60 	 Time Taken: 1 sec, Data loading: 0 sec
2021-06-17 02:57:22,908 - utils.logger - INFO - learning rate = 0.0000634
2021-06-17 02:57:23,606 - utils.logger - INFO - Trn result of epoch 34 / 60 mse 0.0555 rmse 0.2357 pcc -0.0825 ccc -0.0078
2021-06-17 02:57:23,851 - utils.logger - INFO - Val result of epoch 34 / 60 mse 0.0555 rmse 0.2356 pcc -0.0171 ccc -0.0015
2021-06-17 02:57:24,362 - utils.logger - INFO - Cur epoch 35 loss ccc:0.1315
2021-06-17 02:57:24,871 - utils.logger - INFO - Cur epoch 35 loss ccc:0.1026
2021-06-17 02:57:25,288 - utils.logger - INFO - Cur epoch 35 loss ccc:0.9991
2021-06-17 02:57:25,289 - utils.logger - INFO - saving the model at the end of epoch 35, iters 210
2021-06-17 02:57:25,547 - utils.logger - INFO - End of training epoch 35 / 60 	 Time Taken: 1 sec, Data loading: 0 sec
2021-06-17 02:57:25,547 - utils.logger - INFO - learning rate = 0.0000610
2021-06-17 02:57:26,240 - utils.logger - INFO - Trn result of epoch 35 / 60 mse 0.0600 rmse 0.2450 pcc 0.0206 ccc 0.0024
2021-06-17 02:57:26,461 - utils.logger - INFO - Val result of epoch 35 / 60 mse 0.0608 rmse 0.2465 pcc 0.1029 ccc 0.0119
2021-06-17 02:57:26,986 - utils.logger - INFO - Cur epoch 36 loss ccc:0.1283
2021-06-17 02:57:27,517 - utils.logger - INFO - Cur epoch 36 loss ccc:0.1303
2021-06-17 02:57:27,937 - utils.logger - INFO - Cur epoch 36 loss ccc:0.9764
2021-06-17 02:57:27,938 - utils.logger - INFO - saving the model at the end of epoch 36, iters 216
2021-06-17 02:57:28,375 - utils.logger - INFO - End of training epoch 36 / 60 	 Time Taken: 1 sec, Data loading: 0 sec
2021-06-17 02:57:28,375 - utils.logger - INFO - learning rate = 0.0000585
2021-06-17 02:57:29,080 - utils.logger - INFO - Trn result of epoch 36 / 60 mse 0.0654 rmse 0.2557 pcc 0.0891 ccc 0.0067
2021-06-17 02:57:29,332 - utils.logger - INFO - Val result of epoch 36 / 60 mse 0.0672 rmse 0.2592 pcc 0.1660 ccc 0.0125
2021-06-17 02:57:29,854 - utils.logger - INFO - Cur epoch 37 loss ccc:0.0859
2021-06-17 02:57:30,377 - utils.logger - INFO - Cur epoch 37 loss ccc:0.1275
2021-06-17 02:57:30,799 - utils.logger - INFO - Cur epoch 37 loss ccc:0.9966
2021-06-17 02:57:30,799 - utils.logger - INFO - saving the model at the end of epoch 37, iters 222
2021-06-17 02:57:31,062 - utils.logger - INFO - End of training epoch 37 / 60 	 Time Taken: 1 sec, Data loading: 0 sec
2021-06-17 02:57:31,063 - utils.logger - INFO - learning rate = 0.0000561
2021-06-17 02:57:31,714 - utils.logger - INFO - Trn result of epoch 37 / 60 mse 0.0685 rmse 0.2618 pcc 0.1311 ccc 0.0139
2021-06-17 02:57:31,938 - utils.logger - INFO - Val result of epoch 37 / 60 mse 0.0707 rmse 0.2659 pcc 0.2059 ccc 0.0223
2021-06-17 02:57:32,469 - utils.logger - INFO - Cur epoch 38 loss ccc:0.1249
2021-06-17 02:57:33,023 - utils.logger - INFO - Cur epoch 38 loss ccc:0.0949
2021-06-17 02:57:33,436 - utils.logger - INFO - Cur epoch 38 loss ccc:0.9832
2021-06-17 02:57:33,436 - utils.logger - INFO - saving the model at the end of epoch 38, iters 228
2021-06-17 02:57:33,703 - utils.logger - INFO - End of training epoch 38 / 60 	 Time Taken: 1 sec, Data loading: 0 sec
2021-06-17 02:57:33,703 - utils.logger - INFO - learning rate = 0.0000537
2021-06-17 02:57:34,404 - utils.logger - INFO - Trn result of epoch 38 / 60 mse 0.0712 rmse 0.2668 pcc 0.1982 ccc 0.0214
2021-06-17 02:57:34,627 - utils.logger - INFO - Val result of epoch 38 / 60 mse 0.0734 rmse 0.2709 pcc 0.2564 ccc 0.0296
2021-06-17 02:57:35,133 - utils.logger - INFO - Cur epoch 39 loss ccc:0.1250
2021-06-17 02:57:35,645 - utils.logger - INFO - Cur epoch 39 loss ccc:0.1318
2021-06-17 02:57:36,043 - utils.logger - INFO - Cur epoch 39 loss ccc:0.9465
2021-06-17 02:57:36,043 - utils.logger - INFO - saving the model at the end of epoch 39, iters 234
2021-06-17 02:57:36,259 - utils.logger - INFO - End of training epoch 39 / 60 	 Time Taken: 1 sec, Data loading: 0 sec
2021-06-17 02:57:36,259 - utils.logger - INFO - learning rate = 0.0000512
2021-06-17 02:57:36,924 - utils.logger - INFO - Trn result of epoch 39 / 60 mse 0.0649 rmse 0.2547 pcc 0.2461 ccc 0.0488
2021-06-17 02:57:37,149 - utils.logger - INFO - Val result of epoch 39 / 60 mse 0.0651 rmse 0.2551 pcc 0.3148 ccc 0.0689
2021-06-17 02:57:37,671 - utils.logger - INFO - Cur epoch 40 loss ccc:0.1308
2021-06-17 02:57:38,164 - utils.logger - INFO - Cur epoch 40 loss ccc:0.1107
2021-06-17 02:57:38,576 - utils.logger - INFO - Cur epoch 40 loss ccc:0.9295
2021-06-17 02:57:38,577 - utils.logger - INFO - saving the model at the end of epoch 40, iters 240
2021-06-17 02:57:38,840 - utils.logger - INFO - End of training epoch 40 / 60 	 Time Taken: 1 sec, Data loading: 0 sec
2021-06-17 02:57:38,840 - utils.logger - INFO - learning rate = 0.0000488
2021-06-17 02:57:39,559 - utils.logger - INFO - Trn result of epoch 40 / 60 mse 0.0514 rmse 0.2266 pcc 0.3096 ccc 0.0967
2021-06-17 02:57:39,802 - utils.logger - INFO - Val result of epoch 40 / 60 mse 0.0487 rmse 0.2206 pcc 0.3606 ccc 0.1315
2021-06-17 02:57:40,328 - utils.logger - INFO - Cur epoch 41 loss ccc:0.1032
2021-06-17 02:57:40,863 - utils.logger - INFO - Cur epoch 41 loss ccc:0.1220
2021-06-17 02:57:41,259 - utils.logger - INFO - Cur epoch 41 loss ccc:0.9981
2021-06-17 02:57:41,259 - utils.logger - INFO - saving the model at the end of epoch 41, iters 246
2021-06-17 02:57:41,523 - utils.logger - INFO - End of training epoch 41 / 60 	 Time Taken: 1 sec, Data loading: 0 sec
2021-06-17 02:57:41,523 - utils.logger - INFO - learning rate = 0.0000463
2021-06-17 02:57:42,230 - utils.logger - INFO - Trn result of epoch 41 / 60 mse 0.0450 rmse 0.2122 pcc 0.3405 ccc 0.0692
2021-06-17 02:57:42,466 - utils.logger - INFO - Val result of epoch 41 / 60 mse 0.0361 rmse 0.1901 pcc 0.3977 ccc 0.1066
2021-06-17 02:57:42,977 - utils.logger - INFO - Cur epoch 42 loss ccc:0.1126
2021-06-17 02:57:43,543 - utils.logger - INFO - Cur epoch 42 loss ccc:0.1221
2021-06-17 02:57:43,955 - utils.logger - INFO - Cur epoch 42 loss ccc:0.9832
2021-06-17 02:57:43,955 - utils.logger - INFO - saving the model at the end of epoch 42, iters 252
2021-06-17 02:57:44,428 - utils.logger - INFO - End of training epoch 42 / 60 	 Time Taken: 1 sec, Data loading: 0 sec
2021-06-17 02:57:44,428 - utils.logger - INFO - learning rate = 0.0000439
2021-06-17 02:57:45,123 - utils.logger - INFO - Trn result of epoch 42 / 60 mse 0.0457 rmse 0.2137 pcc 0.3338 ccc 0.0847
2021-06-17 02:57:45,356 - utils.logger - INFO - Val result of epoch 42 / 60 mse 0.0366 rmse 0.1912 pcc 0.3854 ccc 0.1264
2021-06-17 02:57:45,852 - utils.logger - INFO - Cur epoch 43 loss ccc:0.1216
2021-06-17 02:57:46,345 - utils.logger - INFO - Cur epoch 43 loss ccc:0.1154
2021-06-17 02:57:46,751 - utils.logger - INFO - Cur epoch 43 loss ccc:1.0601
2021-06-17 02:57:46,752 - utils.logger - INFO - saving the model at the end of epoch 43, iters 258
2021-06-17 02:57:47,007 - utils.logger - INFO - End of training epoch 43 / 60 	 Time Taken: 1 sec, Data loading: 0 sec
2021-06-17 02:57:47,007 - utils.logger - INFO - learning rate = 0.0000415
2021-06-17 02:57:47,678 - utils.logger - INFO - Trn result of epoch 43 / 60 mse 0.0421 rmse 0.2053 pcc 0.2508 ccc 0.0509
2021-06-17 02:57:47,899 - utils.logger - INFO - Val result of epoch 43 / 60 mse 0.0358 rmse 0.1892 pcc 0.3157 ccc 0.0801
2021-06-17 02:57:48,405 - utils.logger - INFO - Cur epoch 44 loss ccc:0.1313
2021-06-17 02:57:48,941 - utils.logger - INFO - Cur epoch 44 loss ccc:0.1089
2021-06-17 02:57:49,368 - utils.logger - INFO - Cur epoch 44 loss ccc:0.9997
2021-06-17 02:57:49,368 - utils.logger - INFO - saving the model at the end of epoch 44, iters 264
2021-06-17 02:57:49,627 - utils.logger - INFO - End of training epoch 44 / 60 	 Time Taken: 1 sec, Data loading: 0 sec
2021-06-17 02:57:49,627 - utils.logger - INFO - learning rate = 0.0000390
2021-06-17 02:57:50,338 - utils.logger - INFO - Trn result of epoch 44 / 60 mse 0.0424 rmse 0.2059 pcc 0.2203 ccc 0.0471
2021-06-17 02:57:50,586 - utils.logger - INFO - Val result of epoch 44 / 60 mse 0.0359 rmse 0.1895 pcc 0.2918 ccc 0.0771
2021-06-17 02:57:51,085 - utils.logger - INFO - Cur epoch 45 loss ccc:0.1243
2021-06-17 02:57:51,602 - utils.logger - INFO - Cur epoch 45 loss ccc:0.1250
2021-06-17 02:57:52,009 - utils.logger - INFO - Cur epoch 45 loss ccc:1.0137
2021-06-17 02:57:52,010 - utils.logger - INFO - saving the model at the end of epoch 45, iters 270
2021-06-17 02:57:52,251 - utils.logger - INFO - End of training epoch 45 / 60 	 Time Taken: 1 sec, Data loading: 0 sec
2021-06-17 02:57:52,251 - utils.logger - INFO - learning rate = 0.0000366
2021-06-17 02:57:52,933 - utils.logger - INFO - Trn result of epoch 45 / 60 mse 0.0440 rmse 0.2098 pcc 0.2263 ccc 0.0766
2021-06-17 02:57:53,173 - utils.logger - INFO - Val result of epoch 45 / 60 mse 0.0401 rmse 0.2003 pcc 0.2812 ccc 0.1081
2021-06-17 02:57:53,682 - utils.logger - INFO - Cur epoch 46 loss ccc:0.1256
2021-06-17 02:57:54,171 - utils.logger - INFO - Cur epoch 46 loss ccc:0.1138
2021-06-17 02:57:54,591 - utils.logger - INFO - Cur epoch 46 loss ccc:1.0003
2021-06-17 02:57:54,591 - utils.logger - INFO - saving the model at the end of epoch 46, iters 276
2021-06-17 02:57:54,848 - utils.logger - INFO - End of training epoch 46 / 60 	 Time Taken: 1 sec, Data loading: 0 sec
2021-06-17 02:57:54,848 - utils.logger - INFO - learning rate = 0.0000341
2021-06-17 02:57:55,539 - utils.logger - INFO - Trn result of epoch 46 / 60 mse 0.0429 rmse 0.2071 pcc 0.1987 ccc 0.0772
2021-06-17 02:57:55,770 - utils.logger - INFO - Val result of epoch 46 / 60 mse 0.0377 rmse 0.1943 pcc 0.2754 ccc 0.1247
2021-06-17 02:57:56,273 - utils.logger - INFO - Cur epoch 47 loss ccc:0.1223
2021-06-17 02:57:56,800 - utils.logger - INFO - Cur epoch 47 loss ccc:0.1092
2021-06-17 02:57:57,227 - utils.logger - INFO - Cur epoch 47 loss ccc:0.9996
2021-06-17 02:57:57,227 - utils.logger - INFO - saving the model at the end of epoch 47, iters 282
2021-06-17 02:57:57,500 - utils.logger - INFO - End of training epoch 47 / 60 	 Time Taken: 1 sec, Data loading: 0 sec
2021-06-17 02:57:57,500 - utils.logger - INFO - learning rate = 0.0000317
2021-06-17 02:57:58,222 - utils.logger - INFO - Trn result of epoch 47 / 60 mse 0.0424 rmse 0.2059 pcc 0.2154 ccc 0.0933
2021-06-17 02:57:58,483 - utils.logger - INFO - Val result of epoch 47 / 60 mse 0.0370 rmse 0.1923 pcc 0.2910 ccc 0.1475
2021-06-17 02:57:59,018 - utils.logger - INFO - Cur epoch 48 loss ccc:0.1251
2021-06-17 02:57:59,562 - utils.logger - INFO - Cur epoch 48 loss ccc:0.1249
2021-06-17 02:58:00,009 - utils.logger - INFO - Cur epoch 48 loss ccc:1.0000
2021-06-17 02:58:00,009 - utils.logger - INFO - saving the model at the end of epoch 48, iters 288
2021-06-17 02:58:00,264 - utils.logger - INFO - End of training epoch 48 / 60 	 Time Taken: 1 sec, Data loading: 0 sec
2021-06-17 02:58:00,264 - utils.logger - INFO - learning rate = 0.0000293
2021-06-17 02:58:00,963 - utils.logger - INFO - Trn result of epoch 48 / 60 mse 0.0537 rmse 0.2318 pcc 0.1887 ccc 0.0416
2021-06-17 02:58:01,213 - utils.logger - INFO - Val result of epoch 48 / 60 mse 0.0421 rmse 0.2052 pcc 0.2647 ccc 0.0801
2021-06-17 02:58:01,736 - utils.logger - INFO - Cur epoch 49 loss ccc:0.1179
2021-06-17 02:58:02,287 - utils.logger - INFO - Cur epoch 49 loss ccc:0.1163
2021-06-17 02:58:02,713 - utils.logger - INFO - Cur epoch 49 loss ccc:1.0181
2021-06-17 02:58:02,713 - utils.logger - INFO - saving the model at the end of epoch 49, iters 294
2021-06-17 02:58:02,998 - utils.logger - INFO - End of training epoch 49 / 60 	 Time Taken: 1 sec, Data loading: 0 sec
2021-06-17 02:58:02,999 - utils.logger - INFO - learning rate = 0.0000268
2021-06-17 02:58:03,700 - utils.logger - INFO - Trn result of epoch 49 / 60 mse 0.0616 rmse 0.2482 pcc 0.1824 ccc 0.0344
2021-06-17 02:58:03,945 - utils.logger - INFO - Val result of epoch 49 / 60 mse 0.0483 rmse 0.2198 pcc 0.2610 ccc 0.0672
2021-06-17 02:58:04,507 - utils.logger - INFO - Cur epoch 50 loss ccc:0.1176
2021-06-17 02:58:05,027 - utils.logger - INFO - Cur epoch 50 loss ccc:0.1066
2021-06-17 02:58:05,431 - utils.logger - INFO - Cur epoch 50 loss ccc:1.0037
2021-06-17 02:58:05,432 - utils.logger - INFO - saving the model at the end of epoch 50, iters 300
2021-06-17 02:58:05,740 - utils.logger - INFO - End of training epoch 50 / 60 	 Time Taken: 1 sec, Data loading: 0 sec
2021-06-17 02:58:05,740 - utils.logger - INFO - learning rate = 0.0000244
2021-06-17 02:58:06,431 - utils.logger - INFO - Trn result of epoch 50 / 60 mse 0.0681 rmse 0.2610 pcc 0.1611 ccc 0.0271
2021-06-17 02:58:06,658 - utils.logger - INFO - Val result of epoch 50 / 60 mse 0.0536 rmse 0.2316 pcc 0.2454 ccc 0.0559
2021-06-17 02:58:07,167 - utils.logger - INFO - Cur epoch 51 loss ccc:0.1123
2021-06-17 02:58:07,716 - utils.logger - INFO - Cur epoch 51 loss ccc:0.1238
2021-06-17 02:58:08,114 - utils.logger - INFO - Cur epoch 51 loss ccc:0.9945
2021-06-17 02:58:08,114 - utils.logger - INFO - saving the model at the end of epoch 51, iters 306
2021-06-17 02:58:08,368 - utils.logger - INFO - End of training epoch 51 / 60 	 Time Taken: 1 sec, Data loading: 0 sec
2021-06-17 02:58:08,368 - utils.logger - INFO - learning rate = 0.0000220
2021-06-17 02:58:09,089 - utils.logger - INFO - Trn result of epoch 51 / 60 mse 0.0530 rmse 0.2302 pcc 0.1699 ccc 0.0444
2021-06-17 02:58:09,336 - utils.logger - INFO - Val result of epoch 51 / 60 mse 0.0413 rmse 0.2033 pcc 0.2519 ccc 0.0905
2021-06-17 02:58:09,855 - utils.logger - INFO - Cur epoch 52 loss ccc:0.1241
2021-06-17 02:58:10,373 - utils.logger - INFO - Cur epoch 52 loss ccc:0.1087
2021-06-17 02:58:10,779 - utils.logger - INFO - Cur epoch 52 loss ccc:0.9215
2021-06-17 02:58:10,779 - utils.logger - INFO - saving the model at the end of epoch 52, iters 312
2021-06-17 02:58:11,059 - utils.logger - INFO - End of training epoch 52 / 60 	 Time Taken: 1 sec, Data loading: 0 sec
2021-06-17 02:58:11,059 - utils.logger - INFO - learning rate = 0.0000195
2021-06-17 02:58:11,759 - utils.logger - INFO - Trn result of epoch 52 / 60 mse 0.0463 rmse 0.2152 pcc 0.1439 ccc 0.0411
2021-06-17 02:58:12,006 - utils.logger - INFO - Val result of epoch 52 / 60 mse 0.0370 rmse 0.1923 pcc 0.2250 ccc 0.0849
2021-06-17 02:58:12,540 - utils.logger - INFO - Cur epoch 53 loss ccc:0.1181
2021-06-17 02:58:13,083 - utils.logger - INFO - Cur epoch 53 loss ccc:0.1258
2021-06-17 02:58:13,476 - utils.logger - INFO - Cur epoch 53 loss ccc:0.9601
2021-06-17 02:58:13,476 - utils.logger - INFO - saving the model at the end of epoch 53, iters 318
2021-06-17 02:58:13,758 - utils.logger - INFO - End of training epoch 53 / 60 	 Time Taken: 1 sec, Data loading: 0 sec
2021-06-17 02:58:13,759 - utils.logger - INFO - learning rate = 0.0000171
2021-06-17 02:58:14,451 - utils.logger - INFO - Trn result of epoch 53 / 60 mse 0.0466 rmse 0.2158 pcc 0.1438 ccc 0.0378
2021-06-17 02:58:14,707 - utils.logger - INFO - Val result of epoch 53 / 60 mse 0.0372 rmse 0.1929 pcc 0.2227 ccc 0.0777
2021-06-17 02:58:15,249 - utils.logger - INFO - Cur epoch 54 loss ccc:0.1199
2021-06-17 02:58:15,756 - utils.logger - INFO - Cur epoch 54 loss ccc:0.1250
2021-06-17 02:58:16,177 - utils.logger - INFO - Cur epoch 54 loss ccc:0.9226
2021-06-17 02:58:16,177 - utils.logger - INFO - saving the model at the end of epoch 54, iters 324
2021-06-17 02:58:16,448 - utils.logger - INFO - End of training epoch 54 / 60 	 Time Taken: 1 sec, Data loading: 0 sec
2021-06-17 02:58:16,448 - utils.logger - INFO - learning rate = 0.0000146
2021-06-17 02:58:17,099 - utils.logger - INFO - Trn result of epoch 54 / 60 mse 0.0501 rmse 0.2238 pcc 0.1411 ccc 0.0274
2021-06-17 02:58:17,326 - utils.logger - INFO - Val result of epoch 54 / 60 mse 0.0397 rmse 0.1992 pcc 0.2164 ccc 0.0567
2021-06-17 02:58:17,845 - utils.logger - INFO - Cur epoch 55 loss ccc:0.1244
2021-06-17 02:58:18,390 - utils.logger - INFO - Cur epoch 55 loss ccc:0.1162
2021-06-17 02:58:18,806 - utils.logger - INFO - Cur epoch 55 loss ccc:0.9979
2021-06-17 02:58:18,807 - utils.logger - INFO - saving the model at the end of epoch 55, iters 330
2021-06-17 02:58:19,067 - utils.logger - INFO - End of training epoch 55 / 60 	 Time Taken: 1 sec, Data loading: 0 sec
2021-06-17 02:58:19,068 - utils.logger - INFO - learning rate = 0.0000122
2021-06-17 02:58:19,764 - utils.logger - INFO - Trn result of epoch 55 / 60 mse 0.0496 rmse 0.2227 pcc 0.1268 ccc 0.0256
2021-06-17 02:58:20,003 - utils.logger - INFO - Val result of epoch 55 / 60 mse 0.0394 rmse 0.1984 pcc 0.2023 ccc 0.0552
2021-06-17 02:58:20,552 - utils.logger - INFO - Cur epoch 56 loss ccc:0.1250
2021-06-17 02:58:21,070 - utils.logger - INFO - Cur epoch 56 loss ccc:0.1252
2021-06-17 02:58:21,492 - utils.logger - INFO - Cur epoch 56 loss ccc:1.0226
2021-06-17 02:58:21,492 - utils.logger - INFO - saving the model at the end of epoch 56, iters 336
2021-06-17 02:58:21,735 - utils.logger - INFO - End of training epoch 56 / 60 	 Time Taken: 1 sec, Data loading: 0 sec
2021-06-17 02:58:21,735 - utils.logger - INFO - learning rate = 0.0000098
2021-06-17 02:58:22,439 - utils.logger - INFO - Trn result of epoch 56 / 60 mse 0.0495 rmse 0.2226 pcc 0.1583 ccc 0.0303
2021-06-17 02:58:22,678 - utils.logger - INFO - Val result of epoch 56 / 60 mse 0.0393 rmse 0.1983 pcc 0.2330 ccc 0.0603
2021-06-17 02:58:23,185 - utils.logger - INFO - Cur epoch 57 loss ccc:0.1264
2021-06-17 02:58:23,720 - utils.logger - INFO - Cur epoch 57 loss ccc:0.1239
2021-06-17 02:58:24,132 - utils.logger - INFO - Cur epoch 57 loss ccc:1.0064
2021-06-17 02:58:24,133 - utils.logger - INFO - saving the model at the end of epoch 57, iters 342
2021-06-17 02:58:24,689 - utils.logger - INFO - End of training epoch 57 / 60 	 Time Taken: 2 sec, Data loading: 0 sec
2021-06-17 02:58:24,689 - utils.logger - INFO - learning rate = 0.0000073
2021-06-17 02:58:25,374 - utils.logger - INFO - Trn result of epoch 57 / 60 mse 0.0495 rmse 0.2224 pcc 0.1692 ccc 0.0340
2021-06-17 02:58:25,601 - utils.logger - INFO - Val result of epoch 57 / 60 mse 0.0392 rmse 0.1980 pcc 0.2433 ccc 0.0663
2021-06-17 02:58:26,102 - utils.logger - INFO - Cur epoch 58 loss ccc:0.1195
2021-06-17 02:58:26,583 - utils.logger - INFO - Cur epoch 58 loss ccc:0.1167
2021-06-17 02:58:26,967 - utils.logger - INFO - Cur epoch 58 loss ccc:1.0001
2021-06-17 02:58:26,967 - utils.logger - INFO - saving the model at the end of epoch 58, iters 348
2021-06-17 02:58:27,216 - utils.logger - INFO - End of training epoch 58 / 60 	 Time Taken: 1 sec, Data loading: 0 sec
2021-06-17 02:58:27,216 - utils.logger - INFO - learning rate = 0.0000049
2021-06-17 02:58:27,896 - utils.logger - INFO - Trn result of epoch 58 / 60 mse 0.0492 rmse 0.2218 pcc 0.1622 ccc 0.0351
2021-06-17 02:58:28,129 - utils.logger - INFO - Val result of epoch 58 / 60 mse 0.0389 rmse 0.1973 pcc 0.2377 ccc 0.0698
2021-06-17 02:58:28,647 - utils.logger - INFO - Cur epoch 59 loss ccc:0.1195
2021-06-17 02:58:29,192 - utils.logger - INFO - Cur epoch 59 loss ccc:0.1246
2021-06-17 02:58:29,626 - utils.logger - INFO - Cur epoch 59 loss ccc:1.0182
2021-06-17 02:58:29,627 - utils.logger - INFO - saving the model at the end of epoch 59, iters 354
2021-06-17 02:58:29,904 - utils.logger - INFO - End of training epoch 59 / 60 	 Time Taken: 1 sec, Data loading: 0 sec
2021-06-17 02:58:29,904 - utils.logger - INFO - learning rate = 0.0000024
2021-06-17 02:58:30,623 - utils.logger - INFO - Trn result of epoch 59 / 60 mse 0.0492 rmse 0.2219 pcc 0.1622 ccc 0.0355
2021-06-17 02:58:30,851 - utils.logger - INFO - Val result of epoch 59 / 60 mse 0.0390 rmse 0.1974 pcc 0.2378 ccc 0.0706
2021-06-17 02:58:31,366 - utils.logger - INFO - Cur epoch 60 loss ccc:0.1158
2021-06-17 02:58:31,927 - utils.logger - INFO - Cur epoch 60 loss ccc:0.1062
2021-06-17 02:58:32,322 - utils.logger - INFO - Cur epoch 60 loss ccc:1.0000
2021-06-17 02:58:32,322 - utils.logger - INFO - saving the model at the end of epoch 60, iters 360
2021-06-17 02:58:32,579 - utils.logger - INFO - End of training epoch 60 / 60 	 Time Taken: 1 sec, Data loading: 0 sec
2021-06-17 02:58:32,579 - utils.logger - INFO - learning rate = 0.0000000
2021-06-17 02:58:33,273 - utils.logger - INFO - Trn result of epoch 60 / 60 mse 0.0491 rmse 0.2217 pcc 0.1600 ccc 0.0357
2021-06-17 02:58:33,520 - utils.logger - INFO - Val result of epoch 60 / 60 mse 0.0389 rmse 0.1972 pcc 0.2359 ccc 0.0716
2021-06-17 02:58:33,520 - utils.logger - INFO - Best eval epoch 47 found with ccc 0.147462
2021-06-17 02:58:33,520 - utils.logger - INFO - baseline_fcfusion_wonorm_deepspectrum_valence_hidden1024_seq100_lr0.0001_cccloss_run2
