2021-06-19 18:56:26,010 - utils.logger - INFO - The number of training samples = 41
2021-06-19 18:56:28,612 - utils.logger - INFO - Cur epoch 1 loss ccc:0.1260
2021-06-19 18:56:29,004 - utils.logger - INFO - Cur epoch 1 loss ccc:0.1334
2021-06-19 18:56:29,341 - utils.logger - INFO - Cur epoch 1 loss ccc:0.9993
2021-06-19 18:56:29,341 - utils.logger - INFO - saving the model at the end of epoch 1, iters 6
2021-06-19 18:56:29,550 - utils.logger - INFO - End of training epoch 1 / 70 	 Time Taken: 1 sec, Data loading: 0 sec
2021-06-19 18:56:29,550 - utils.logger - INFO - learning rate = 0.0000500
2021-06-19 18:56:29,912 - utils.logger - INFO - Trn result of epoch 1 / 70 mse 0.0897 rmse 0.2994 pcc 0.0658 ccc 0.0010
2021-06-19 18:56:30,038 - utils.logger - INFO - Val result of epoch 1 / 70 mse 0.0933 rmse 0.3054 pcc -0.0998 ccc -0.0019
2021-06-19 18:56:30,430 - utils.logger - INFO - Cur epoch 2 loss ccc:0.1243
2021-06-19 18:56:30,830 - utils.logger - INFO - Cur epoch 2 loss ccc:0.1254
2021-06-19 18:56:31,145 - utils.logger - INFO - Cur epoch 2 loss ccc:1.0116
2021-06-19 18:56:31,145 - utils.logger - INFO - saving the model at the end of epoch 2, iters 12
2021-06-19 18:56:31,374 - utils.logger - INFO - End of training epoch 2 / 70 	 Time Taken: 1 sec, Data loading: 0 sec
2021-06-19 18:56:31,374 - utils.logger - INFO - learning rate = 0.0000500
2021-06-19 18:56:31,731 - utils.logger - INFO - Trn result of epoch 2 / 70 mse 0.0897 rmse 0.2995 pcc 0.0148 ccc 0.0003
2021-06-19 18:56:31,855 - utils.logger - INFO - Val result of epoch 2 / 70 mse 0.0932 rmse 0.3054 pcc -0.0561 ccc -0.0010
2021-06-19 18:56:32,243 - utils.logger - INFO - Cur epoch 3 loss ccc:0.1247
2021-06-19 18:56:32,637 - utils.logger - INFO - Cur epoch 3 loss ccc:0.1247
2021-06-19 18:56:32,953 - utils.logger - INFO - Cur epoch 3 loss ccc:1.0003
2021-06-19 18:56:32,954 - utils.logger - INFO - saving the model at the end of epoch 3, iters 18
2021-06-19 18:56:33,186 - utils.logger - INFO - End of training epoch 3 / 70 	 Time Taken: 1 sec, Data loading: 0 sec
2021-06-19 18:56:33,186 - utils.logger - INFO - learning rate = 0.0000500
2021-06-19 18:56:33,548 - utils.logger - INFO - Trn result of epoch 3 / 70 mse 0.0903 rmse 0.3004 pcc 0.0014 ccc 0.0000
2021-06-19 18:56:33,678 - utils.logger - INFO - Val result of epoch 3 / 70 mse 0.0929 rmse 0.3048 pcc -0.0910 ccc -0.0030
2021-06-19 18:56:34,072 - utils.logger - INFO - Cur epoch 4 loss ccc:0.1240
2021-06-19 18:56:34,462 - utils.logger - INFO - Cur epoch 4 loss ccc:0.1292
2021-06-19 18:56:34,783 - utils.logger - INFO - Cur epoch 4 loss ccc:1.0010
2021-06-19 18:56:34,783 - utils.logger - INFO - saving the model at the end of epoch 4, iters 24
2021-06-19 18:56:35,156 - utils.logger - INFO - End of training epoch 4 / 70 	 Time Taken: 1 sec, Data loading: 0 sec
2021-06-19 18:56:35,156 - utils.logger - INFO - learning rate = 0.0000500
2021-06-19 18:56:35,515 - utils.logger - INFO - Trn result of epoch 4 / 70 mse 0.0893 rmse 0.2988 pcc 0.1252 ccc 0.0032
2021-06-19 18:56:35,640 - utils.logger - INFO - Val result of epoch 4 / 70 mse 0.0937 rmse 0.3061 pcc -0.0538 ccc -0.0014
2021-06-19 18:56:36,028 - utils.logger - INFO - Cur epoch 5 loss ccc:0.1184
2021-06-19 18:56:36,420 - utils.logger - INFO - Cur epoch 5 loss ccc:0.1250
2021-06-19 18:56:36,771 - utils.logger - INFO - Cur epoch 5 loss ccc:1.0275
2021-06-19 18:56:36,771 - utils.logger - INFO - saving the model at the end of epoch 5, iters 30
2021-06-19 18:56:37,006 - utils.logger - INFO - End of training epoch 5 / 70 	 Time Taken: 1 sec, Data loading: 0 sec
2021-06-19 18:56:37,006 - utils.logger - INFO - learning rate = 0.0000500
2021-06-19 18:56:37,376 - utils.logger - INFO - Trn result of epoch 5 / 70 mse 0.0893 rmse 0.2989 pcc 0.1311 ccc 0.0028
2021-06-19 18:56:37,502 - utils.logger - INFO - Val result of epoch 5 / 70 mse 0.0936 rmse 0.3059 pcc -0.0464 ccc -0.0009
2021-06-19 18:56:37,906 - utils.logger - INFO - Cur epoch 6 loss ccc:0.1306
2021-06-19 18:56:38,293 - utils.logger - INFO - Cur epoch 6 loss ccc:0.1232
2021-06-19 18:56:38,609 - utils.logger - INFO - Cur epoch 6 loss ccc:1.0001
2021-06-19 18:56:38,610 - utils.logger - INFO - saving the model at the end of epoch 6, iters 36
2021-06-19 18:56:38,855 - utils.logger - INFO - End of training epoch 6 / 70 	 Time Taken: 1 sec, Data loading: 0 sec
2021-06-19 18:56:38,855 - utils.logger - INFO - learning rate = 0.0000500
2021-06-19 18:56:39,226 - utils.logger - INFO - Trn result of epoch 6 / 70 mse 0.0893 rmse 0.2989 pcc 0.1157 ccc 0.0032
2021-06-19 18:56:39,352 - utils.logger - INFO - Val result of epoch 6 / 70 mse 0.0935 rmse 0.3058 pcc -0.0216 ccc -0.0006
2021-06-19 18:56:39,742 - utils.logger - INFO - Cur epoch 7 loss ccc:0.1260
2021-06-19 18:56:40,140 - utils.logger - INFO - Cur epoch 7 loss ccc:0.1248
2021-06-19 18:56:40,469 - utils.logger - INFO - Cur epoch 7 loss ccc:1.0011
2021-06-19 18:56:40,469 - utils.logger - INFO - saving the model at the end of epoch 7, iters 42
2021-06-19 18:56:40,762 - utils.logger - INFO - End of training epoch 7 / 70 	 Time Taken: 1 sec, Data loading: 0 sec
2021-06-19 18:56:40,762 - utils.logger - INFO - learning rate = 0.0000500
2021-06-19 18:56:41,118 - utils.logger - INFO - Trn result of epoch 7 / 70 mse 0.0892 rmse 0.2987 pcc 0.1098 ccc 0.0038
2021-06-19 18:56:41,243 - utils.logger - INFO - Val result of epoch 7 / 70 mse 0.0938 rmse 0.3062 pcc -0.0274 ccc -0.0010
2021-06-19 18:56:41,620 - utils.logger - INFO - Cur epoch 8 loss ccc:0.1258
2021-06-19 18:56:41,992 - utils.logger - INFO - Cur epoch 8 loss ccc:0.1255
2021-06-19 18:56:42,297 - utils.logger - INFO - Cur epoch 8 loss ccc:0.9965
2021-06-19 18:56:42,297 - utils.logger - INFO - saving the model at the end of epoch 8, iters 48
2021-06-19 18:56:42,526 - utils.logger - INFO - End of training epoch 8 / 70 	 Time Taken: 1 sec, Data loading: 0 sec
2021-06-19 18:56:42,526 - utils.logger - INFO - learning rate = 0.0000500
2021-06-19 18:56:42,886 - utils.logger - INFO - Trn result of epoch 8 / 70 mse 0.0891 rmse 0.2984 pcc 0.1156 ccc 0.0057
2021-06-19 18:56:43,010 - utils.logger - INFO - Val result of epoch 8 / 70 mse 0.0941 rmse 0.3068 pcc -0.0606 ccc -0.0029
2021-06-19 18:56:43,380 - utils.logger - INFO - Cur epoch 9 loss ccc:0.1278
2021-06-19 18:56:43,759 - utils.logger - INFO - Cur epoch 9 loss ccc:0.1233
2021-06-19 18:56:44,059 - utils.logger - INFO - Cur epoch 9 loss ccc:0.9985
2021-06-19 18:56:44,059 - utils.logger - INFO - saving the model at the end of epoch 9, iters 54
2021-06-19 18:56:44,287 - utils.logger - INFO - End of training epoch 9 / 70 	 Time Taken: 1 sec, Data loading: 0 sec
2021-06-19 18:56:44,287 - utils.logger - INFO - learning rate = 0.0000500
2021-06-19 18:56:44,641 - utils.logger - INFO - Trn result of epoch 9 / 70 mse 0.0891 rmse 0.2985 pcc 0.1037 ccc 0.0052
2021-06-19 18:56:44,764 - utils.logger - INFO - Val result of epoch 9 / 70 mse 0.0944 rmse 0.3073 pcc -0.0802 ccc -0.0039
2021-06-19 18:56:45,150 - utils.logger - INFO - Cur epoch 10 loss ccc:0.1230
2021-06-19 18:56:45,536 - utils.logger - INFO - Cur epoch 10 loss ccc:0.1225
2021-06-19 18:56:45,867 - utils.logger - INFO - Cur epoch 10 loss ccc:1.0039
2021-06-19 18:56:45,867 - utils.logger - INFO - saving the model at the end of epoch 10, iters 60
2021-06-19 18:56:46,106 - utils.logger - INFO - End of training epoch 10 / 70 	 Time Taken: 1 sec, Data loading: 0 sec
2021-06-19 18:56:46,107 - utils.logger - INFO - learning rate = 0.0000500
2021-06-19 18:56:46,460 - utils.logger - INFO - Trn result of epoch 10 / 70 mse 0.0892 rmse 0.2987 pcc 0.0693 ccc 0.0045
2021-06-19 18:56:46,583 - utils.logger - INFO - Val result of epoch 10 / 70 mse 0.0948 rmse 0.3078 pcc -0.0698 ccc -0.0043
2021-06-19 18:56:46,969 - utils.logger - INFO - Cur epoch 11 loss ccc:0.1250
2021-06-19 18:56:47,364 - utils.logger - INFO - Cur epoch 11 loss ccc:0.1193
2021-06-19 18:56:47,698 - utils.logger - INFO - Cur epoch 11 loss ccc:1.0005
2021-06-19 18:56:47,698 - utils.logger - INFO - saving the model at the end of epoch 11, iters 66
2021-06-19 18:56:47,933 - utils.logger - INFO - End of training epoch 11 / 70 	 Time Taken: 1 sec, Data loading: 0 sec
2021-06-19 18:56:47,933 - utils.logger - INFO - learning rate = 0.0000500
2021-06-19 18:56:48,291 - utils.logger - INFO - Trn result of epoch 11 / 70 mse 0.0893 rmse 0.2988 pcc 0.0728 ccc 0.0052
2021-06-19 18:56:48,416 - utils.logger - INFO - Val result of epoch 11 / 70 mse 0.0955 rmse 0.3090 pcc -0.0743 ccc -0.0049
2021-06-19 18:56:48,793 - utils.logger - INFO - Cur epoch 12 loss ccc:0.1250
2021-06-19 18:56:49,192 - utils.logger - INFO - Cur epoch 12 loss ccc:0.1220
2021-06-19 18:56:49,510 - utils.logger - INFO - Cur epoch 12 loss ccc:1.0208
2021-06-19 18:56:49,510 - utils.logger - INFO - saving the model at the end of epoch 12, iters 72
2021-06-19 18:56:49,738 - utils.logger - INFO - End of training epoch 12 / 70 	 Time Taken: 1 sec, Data loading: 0 sec
2021-06-19 18:56:49,739 - utils.logger - INFO - learning rate = 0.0000500
2021-06-19 18:56:50,092 - utils.logger - INFO - Trn result of epoch 12 / 70 mse 0.0895 rmse 0.2992 pcc 0.0949 ccc 0.0084
2021-06-19 18:56:50,215 - utils.logger - INFO - Val result of epoch 12 / 70 mse 0.0968 rmse 0.3111 pcc -0.0411 ccc -0.0035
2021-06-19 18:56:50,576 - utils.logger - INFO - Cur epoch 13 loss ccc:0.1261
2021-06-19 18:56:50,951 - utils.logger - INFO - Cur epoch 13 loss ccc:0.1249
2021-06-19 18:56:51,255 - utils.logger - INFO - Cur epoch 13 loss ccc:1.0049
2021-06-19 18:56:51,255 - utils.logger - INFO - saving the model at the end of epoch 13, iters 78
2021-06-19 18:56:51,482 - utils.logger - INFO - End of training epoch 13 / 70 	 Time Taken: 1 sec, Data loading: 0 sec
2021-06-19 18:56:51,482 - utils.logger - INFO - learning rate = 0.0000500
2021-06-19 18:56:51,833 - utils.logger - INFO - Trn result of epoch 13 / 70 mse 0.0895 rmse 0.2992 pcc 0.0888 ccc 0.0086
2021-06-19 18:56:51,958 - utils.logger - INFO - Val result of epoch 13 / 70 mse 0.0970 rmse 0.3114 pcc -0.0537 ccc -0.0051
2021-06-19 18:56:52,334 - utils.logger - INFO - Cur epoch 14 loss ccc:0.1223
2021-06-19 18:56:52,738 - utils.logger - INFO - Cur epoch 14 loss ccc:0.1232
2021-06-19 18:56:53,078 - utils.logger - INFO - Cur epoch 14 loss ccc:0.9964
2021-06-19 18:56:53,078 - utils.logger - INFO - saving the model at the end of epoch 14, iters 84
2021-06-19 18:56:53,313 - utils.logger - INFO - End of training epoch 14 / 70 	 Time Taken: 1 sec, Data loading: 0 sec
2021-06-19 18:56:53,313 - utils.logger - INFO - learning rate = 0.0000500
2021-06-19 18:56:53,665 - utils.logger - INFO - Trn result of epoch 14 / 70 mse 0.0898 rmse 0.2996 pcc 0.0897 ccc 0.0090
2021-06-19 18:56:53,788 - utils.logger - INFO - Val result of epoch 14 / 70 mse 0.0974 rmse 0.3121 pcc -0.0243 ccc -0.0025
2021-06-19 18:56:54,161 - utils.logger - INFO - Cur epoch 15 loss ccc:0.1247
2021-06-19 18:56:54,541 - utils.logger - INFO - Cur epoch 15 loss ccc:0.1081
2021-06-19 18:56:54,840 - utils.logger - INFO - Cur epoch 15 loss ccc:0.9950
2021-06-19 18:56:54,840 - utils.logger - INFO - saving the model at the end of epoch 15, iters 90
2021-06-19 18:56:55,067 - utils.logger - INFO - End of training epoch 15 / 70 	 Time Taken: 1 sec, Data loading: 0 sec
2021-06-19 18:56:55,067 - utils.logger - INFO - learning rate = 0.0000500
2021-06-19 18:56:55,420 - utils.logger - INFO - Trn result of epoch 15 / 70 mse 0.0895 rmse 0.2992 pcc 0.0881 ccc 0.0072
2021-06-19 18:56:55,542 - utils.logger - INFO - Val result of epoch 15 / 70 mse 0.0973 rmse 0.3120 pcc -0.1094 ccc -0.0086
2021-06-19 18:56:55,920 - utils.logger - INFO - Cur epoch 16 loss ccc:0.1190
2021-06-19 18:56:56,295 - utils.logger - INFO - Cur epoch 16 loss ccc:0.1171
2021-06-19 18:56:56,607 - utils.logger - INFO - Cur epoch 16 loss ccc:0.9965
2021-06-19 18:56:56,607 - utils.logger - INFO - saving the model at the end of epoch 16, iters 96
2021-06-19 18:56:56,833 - utils.logger - INFO - End of training epoch 16 / 70 	 Time Taken: 1 sec, Data loading: 0 sec
2021-06-19 18:56:56,834 - utils.logger - INFO - learning rate = 0.0000500
2021-06-19 18:56:57,188 - utils.logger - INFO - Trn result of epoch 16 / 70 mse 0.0900 rmse 0.3001 pcc 0.0935 ccc 0.0068
2021-06-19 18:56:57,310 - utils.logger - INFO - Val result of epoch 16 / 70 mse 0.0983 rmse 0.3135 pcc -0.0874 ccc -0.0058
2021-06-19 18:56:57,704 - utils.logger - INFO - Cur epoch 17 loss ccc:0.1228
2021-06-19 18:56:58,092 - utils.logger - INFO - Cur epoch 17 loss ccc:0.1263
2021-06-19 18:56:58,397 - utils.logger - INFO - Cur epoch 17 loss ccc:0.9881
2021-06-19 18:56:58,397 - utils.logger - INFO - saving the model at the end of epoch 17, iters 102
2021-06-19 18:56:58,746 - utils.logger - INFO - End of training epoch 17 / 70 	 Time Taken: 1 sec, Data loading: 0 sec
2021-06-19 18:56:58,746 - utils.logger - INFO - learning rate = 0.0000500
2021-06-19 18:56:59,100 - utils.logger - INFO - Trn result of epoch 17 / 70 mse 0.0891 rmse 0.2985 pcc 0.0709 ccc 0.0086
2021-06-19 18:56:59,223 - utils.logger - INFO - Val result of epoch 17 / 70 mse 0.0955 rmse 0.3091 pcc -0.1001 ccc -0.0119
2021-06-19 18:56:59,592 - utils.logger - INFO - Cur epoch 18 loss ccc:0.1253
2021-06-19 18:56:59,968 - utils.logger - INFO - Cur epoch 18 loss ccc:0.1214
2021-06-19 18:57:00,269 - utils.logger - INFO - Cur epoch 18 loss ccc:1.0010
2021-06-19 18:57:00,269 - utils.logger - INFO - saving the model at the end of epoch 18, iters 108
2021-06-19 18:57:00,489 - utils.logger - INFO - End of training epoch 18 / 70 	 Time Taken: 1 sec, Data loading: 0 sec
2021-06-19 18:57:00,489 - utils.logger - INFO - learning rate = 0.0000500
2021-06-19 18:57:00,842 - utils.logger - INFO - Trn result of epoch 18 / 70 mse 0.0891 rmse 0.2985 pcc 0.0758 ccc 0.0070
2021-06-19 18:57:00,965 - utils.logger - INFO - Val result of epoch 18 / 70 mse 0.0955 rmse 0.3090 pcc -0.1028 ccc -0.0087
2021-06-19 18:57:01,330 - utils.logger - INFO - Cur epoch 19 loss ccc:0.1226
2021-06-19 18:57:01,702 - utils.logger - INFO - Cur epoch 19 loss ccc:0.1253
2021-06-19 18:57:02,013 - utils.logger - INFO - Cur epoch 19 loss ccc:0.9847
2021-06-19 18:57:02,013 - utils.logger - INFO - saving the model at the end of epoch 19, iters 114
2021-06-19 18:57:02,236 - utils.logger - INFO - End of training epoch 19 / 70 	 Time Taken: 1 sec, Data loading: 0 sec
2021-06-19 18:57:02,236 - utils.logger - INFO - learning rate = 0.0000500
2021-06-19 18:57:02,594 - utils.logger - INFO - Trn result of epoch 19 / 70 mse 0.0896 rmse 0.2994 pcc 0.0306 ccc 0.0045
2021-06-19 18:57:02,718 - utils.logger - INFO - Val result of epoch 19 / 70 mse 0.0958 rmse 0.3095 pcc -0.0866 ccc -0.0141
2021-06-19 18:57:03,092 - utils.logger - INFO - Cur epoch 20 loss ccc:0.1186
2021-06-19 18:57:03,463 - utils.logger - INFO - Cur epoch 20 loss ccc:0.1250
2021-06-19 18:57:03,777 - utils.logger - INFO - Cur epoch 20 loss ccc:1.0007
2021-06-19 18:57:03,777 - utils.logger - INFO - saving the model at the end of epoch 20, iters 120
2021-06-19 18:57:04,001 - utils.logger - INFO - End of training epoch 20 / 70 	 Time Taken: 1 sec, Data loading: 0 sec
2021-06-19 18:57:04,001 - utils.logger - INFO - learning rate = 0.0000500
2021-06-19 18:57:04,355 - utils.logger - INFO - Trn result of epoch 20 / 70 mse 0.0895 rmse 0.2991 pcc 0.0457 ccc 0.0065
2021-06-19 18:57:04,477 - utils.logger - INFO - Val result of epoch 20 / 70 mse 0.0966 rmse 0.3109 pcc -0.0895 ccc -0.0134
2021-06-19 18:57:04,856 - utils.logger - INFO - Cur epoch 21 loss ccc:0.1250
2021-06-19 18:57:05,226 - utils.logger - INFO - Cur epoch 21 loss ccc:0.1205
2021-06-19 18:57:05,538 - utils.logger - INFO - Cur epoch 21 loss ccc:1.0006
2021-06-19 18:57:05,538 - utils.logger - INFO - saving the model at the end of epoch 21, iters 126
2021-06-19 18:57:05,757 - utils.logger - INFO - End of training epoch 21 / 70 	 Time Taken: 1 sec, Data loading: 0 sec
2021-06-19 18:57:05,757 - utils.logger - INFO - learning rate = 0.0000500
2021-06-19 18:57:06,109 - utils.logger - INFO - Trn result of epoch 21 / 70 mse 0.0895 rmse 0.2991 pcc 0.0528 ccc 0.0078
2021-06-19 18:57:06,232 - utils.logger - INFO - Val result of epoch 21 / 70 mse 0.0972 rmse 0.3118 pcc -0.0871 ccc -0.0134
2021-06-19 18:57:06,605 - utils.logger - INFO - Cur epoch 22 loss ccc:0.1117
2021-06-19 18:57:06,978 - utils.logger - INFO - Cur epoch 22 loss ccc:0.1274
2021-06-19 18:57:07,279 - utils.logger - INFO - Cur epoch 22 loss ccc:1.0052
2021-06-19 18:57:07,280 - utils.logger - INFO - saving the model at the end of epoch 22, iters 132
2021-06-19 18:57:07,528 - utils.logger - INFO - End of training epoch 22 / 70 	 Time Taken: 1 sec, Data loading: 0 sec
2021-06-19 18:57:07,529 - utils.logger - INFO - learning rate = 0.0000500
2021-06-19 18:57:07,883 - utils.logger - INFO - Trn result of epoch 22 / 70 mse 0.0901 rmse 0.3002 pcc 0.0490 ccc 0.0075
2021-06-19 18:57:08,007 - utils.logger - INFO - Val result of epoch 22 / 70 mse 0.0989 rmse 0.3145 pcc -0.0892 ccc -0.0136
2021-06-19 18:57:08,380 - utils.logger - INFO - Cur epoch 23 loss ccc:0.1081
2021-06-19 18:57:08,751 - utils.logger - INFO - Cur epoch 23 loss ccc:0.1306
2021-06-19 18:57:09,070 - utils.logger - INFO - Cur epoch 23 loss ccc:1.1882
2021-06-19 18:57:09,070 - utils.logger - INFO - saving the model at the end of epoch 23, iters 138
2021-06-19 18:57:09,299 - utils.logger - INFO - End of training epoch 23 / 70 	 Time Taken: 1 sec, Data loading: 0 sec
2021-06-19 18:57:09,299 - utils.logger - INFO - learning rate = 0.0000500
2021-06-19 18:57:09,652 - utils.logger - INFO - Trn result of epoch 23 / 70 mse 0.0929 rmse 0.3048 pcc 0.0563 ccc 0.0061
2021-06-19 18:57:09,774 - utils.logger - INFO - Val result of epoch 23 / 70 mse 0.1039 rmse 0.3224 pcc -0.1006 ccc -0.0102
2021-06-19 18:57:10,154 - utils.logger - INFO - Cur epoch 24 loss ccc:0.1155
2021-06-19 18:57:10,522 - utils.logger - INFO - Cur epoch 24 loss ccc:0.1248
2021-06-19 18:57:10,836 - utils.logger - INFO - Cur epoch 24 loss ccc:1.0002
2021-06-19 18:57:10,836 - utils.logger - INFO - saving the model at the end of epoch 24, iters 144
2021-06-19 18:57:11,060 - utils.logger - INFO - End of training epoch 24 / 70 	 Time Taken: 1 sec, Data loading: 0 sec
2021-06-19 18:57:11,060 - utils.logger - INFO - learning rate = 0.0000500
2021-06-19 18:57:11,416 - utils.logger - INFO - Trn result of epoch 24 / 70 mse 0.0950 rmse 0.3082 pcc 0.0631 ccc 0.0074
2021-06-19 18:57:11,537 - utils.logger - INFO - Val result of epoch 24 / 70 mse 0.1075 rmse 0.3279 pcc -0.1049 ccc -0.0115
2021-06-19 18:57:11,910 - utils.logger - INFO - Cur epoch 25 loss ccc:0.1329
2021-06-19 18:57:12,282 - utils.logger - INFO - Cur epoch 25 loss ccc:0.1213
2021-06-19 18:57:12,610 - utils.logger - INFO - Cur epoch 25 loss ccc:0.9997
2021-06-19 18:57:12,610 - utils.logger - INFO - saving the model at the end of epoch 25, iters 150
2021-06-19 18:57:12,832 - utils.logger - INFO - End of training epoch 25 / 70 	 Time Taken: 1 sec, Data loading: 0 sec
2021-06-19 18:57:12,832 - utils.logger - INFO - learning rate = 0.0000500
2021-06-19 18:57:13,188 - utils.logger - INFO - Trn result of epoch 25 / 70 mse 0.0956 rmse 0.3092 pcc 0.0626 ccc 0.0091
2021-06-19 18:57:13,311 - utils.logger - INFO - Val result of epoch 25 / 70 mse 0.1088 rmse 0.3298 pcc -0.1001 ccc -0.0137
2021-06-19 18:57:13,679 - utils.logger - INFO - Cur epoch 26 loss ccc:0.1044
2021-06-19 18:57:14,058 - utils.logger - INFO - Cur epoch 26 loss ccc:0.1313
2021-06-19 18:57:14,383 - utils.logger - INFO - Cur epoch 26 loss ccc:0.9955
2021-06-19 18:57:14,383 - utils.logger - INFO - saving the model at the end of epoch 26, iters 156
2021-06-19 18:57:14,604 - utils.logger - INFO - End of training epoch 26 / 70 	 Time Taken: 1 sec, Data loading: 0 sec
2021-06-19 18:57:14,605 - utils.logger - INFO - learning rate = 0.0000500
2021-06-19 18:57:14,962 - utils.logger - INFO - Trn result of epoch 26 / 70 mse 0.0949 rmse 0.3080 pcc 0.0558 ccc 0.0106
2021-06-19 18:57:15,088 - utils.logger - INFO - Val result of epoch 26 / 70 mse 0.1083 rmse 0.3291 pcc -0.0984 ccc -0.0183
2021-06-19 18:57:15,472 - utils.logger - INFO - Cur epoch 27 loss ccc:0.1004
2021-06-19 18:57:15,863 - utils.logger - INFO - Cur epoch 27 loss ccc:0.1190
2021-06-19 18:57:16,200 - utils.logger - INFO - Cur epoch 27 loss ccc:0.9858
2021-06-19 18:57:16,200 - utils.logger - INFO - saving the model at the end of epoch 27, iters 162
2021-06-19 18:57:16,434 - utils.logger - INFO - End of training epoch 27 / 70 	 Time Taken: 1 sec, Data loading: 0 sec
2021-06-19 18:57:16,435 - utils.logger - INFO - learning rate = 0.0000500
2021-06-19 18:57:16,792 - utils.logger - INFO - Trn result of epoch 27 / 70 mse 0.1014 rmse 0.3184 pcc 0.0301 ccc 0.0082
2021-06-19 18:57:16,915 - utils.logger - INFO - Val result of epoch 27 / 70 mse 0.1180 rmse 0.3435 pcc -0.0879 ccc -0.0237
2021-06-19 18:57:17,283 - utils.logger - INFO - Cur epoch 28 loss ccc:0.0959
2021-06-19 18:57:17,664 - utils.logger - INFO - Cur epoch 28 loss ccc:0.1329
2021-06-19 18:57:17,968 - utils.logger - INFO - Cur epoch 28 loss ccc:0.9968
2021-06-19 18:57:17,968 - utils.logger - INFO - saving the model at the end of epoch 28, iters 168
2021-06-19 18:57:18,194 - utils.logger - INFO - End of training epoch 28 / 70 	 Time Taken: 1 sec, Data loading: 0 sec
2021-06-19 18:57:18,194 - utils.logger - INFO - learning rate = 0.0000500
2021-06-19 18:57:18,551 - utils.logger - INFO - Trn result of epoch 28 / 70 mse 0.1014 rmse 0.3185 pcc 0.0353 ccc 0.0102
2021-06-19 18:57:18,673 - utils.logger - INFO - Val result of epoch 28 / 70 mse 0.1181 rmse 0.3437 pcc -0.0940 ccc -0.0267
2021-06-19 18:57:19,051 - utils.logger - INFO - Cur epoch 29 loss ccc:0.1028
2021-06-19 18:57:19,420 - utils.logger - INFO - Cur epoch 29 loss ccc:0.1215
2021-06-19 18:57:19,739 - utils.logger - INFO - Cur epoch 29 loss ccc:1.2129
2021-06-19 18:57:19,739 - utils.logger - INFO - saving the model at the end of epoch 29, iters 174
2021-06-19 18:57:19,960 - utils.logger - INFO - End of training epoch 29 / 70 	 Time Taken: 1 sec, Data loading: 0 sec
2021-06-19 18:57:19,961 - utils.logger - INFO - learning rate = 0.0000500
2021-06-19 18:57:20,313 - utils.logger - INFO - Trn result of epoch 29 / 70 mse 0.1074 rmse 0.3277 pcc 0.0546 ccc 0.0148
2021-06-19 18:57:20,436 - utils.logger - INFO - Val result of epoch 29 / 70 mse 0.1263 rmse 0.3554 pcc -0.0899 ccc -0.0232
2021-06-19 18:57:20,836 - utils.logger - INFO - Cur epoch 30 loss ccc:0.1115
2021-06-19 18:57:21,242 - utils.logger - INFO - Cur epoch 30 loss ccc:0.1354
2021-06-19 18:57:21,598 - utils.logger - INFO - Cur epoch 30 loss ccc:0.9308
2021-06-19 18:57:21,598 - utils.logger - INFO - saving the model at the end of epoch 30, iters 180
2021-06-19 18:57:21,824 - utils.logger - INFO - End of training epoch 30 / 70 	 Time Taken: 1 sec, Data loading: 0 sec
2021-06-19 18:57:21,824 - utils.logger - INFO - learning rate = 0.0000488
2021-06-19 18:57:22,181 - utils.logger - INFO - Trn result of epoch 30 / 70 mse 0.1056 rmse 0.3249 pcc 0.0595 ccc 0.0148
2021-06-19 18:57:22,307 - utils.logger - INFO - Val result of epoch 30 / 70 mse 0.1232 rmse 0.3511 pcc -0.0897 ccc -0.0202
2021-06-19 18:57:22,689 - utils.logger - INFO - Cur epoch 31 loss ccc:0.1095
2021-06-19 18:57:23,101 - utils.logger - INFO - Cur epoch 31 loss ccc:0.1204
2021-06-19 18:57:23,440 - utils.logger - INFO - Cur epoch 31 loss ccc:0.9806
2021-06-19 18:57:23,441 - utils.logger - INFO - saving the model at the end of epoch 31, iters 186
2021-06-19 18:57:23,667 - utils.logger - INFO - End of training epoch 31 / 70 	 Time Taken: 1 sec, Data loading: 0 sec
2021-06-19 18:57:23,667 - utils.logger - INFO - learning rate = 0.0000476
2021-06-19 18:57:24,023 - utils.logger - INFO - Trn result of epoch 31 / 70 mse 0.1127 rmse 0.3356 pcc 0.0756 ccc 0.0185
2021-06-19 18:57:24,146 - utils.logger - INFO - Val result of epoch 31 / 70 mse 0.1325 rmse 0.3640 pcc -0.0893 ccc -0.0196
2021-06-19 18:57:24,523 - utils.logger - INFO - Cur epoch 32 loss ccc:0.1104
2021-06-19 18:57:24,911 - utils.logger - INFO - Cur epoch 32 loss ccc:0.1279
2021-06-19 18:57:25,228 - utils.logger - INFO - Cur epoch 32 loss ccc:0.9998
2021-06-19 18:57:25,228 - utils.logger - INFO - saving the model at the end of epoch 32, iters 192
2021-06-19 18:57:25,459 - utils.logger - INFO - End of training epoch 32 / 70 	 Time Taken: 1 sec, Data loading: 0 sec
2021-06-19 18:57:25,460 - utils.logger - INFO - learning rate = 0.0000463
2021-06-19 18:57:25,816 - utils.logger - INFO - Trn result of epoch 32 / 70 mse 0.1194 rmse 0.3456 pcc 0.0728 ccc 0.0184
2021-06-19 18:57:25,939 - utils.logger - INFO - Val result of epoch 32 / 70 mse 0.1412 rmse 0.3757 pcc -0.0942 ccc -0.0215
2021-06-19 18:57:26,308 - utils.logger - INFO - Cur epoch 33 loss ccc:0.1160
2021-06-19 18:57:26,698 - utils.logger - INFO - Cur epoch 33 loss ccc:0.1251
2021-06-19 18:57:27,049 - utils.logger - INFO - Cur epoch 33 loss ccc:0.9930
2021-06-19 18:57:27,049 - utils.logger - INFO - saving the model at the end of epoch 33, iters 198
2021-06-19 18:57:27,283 - utils.logger - INFO - End of training epoch 33 / 70 	 Time Taken: 1 sec, Data loading: 0 sec
2021-06-19 18:57:27,283 - utils.logger - INFO - learning rate = 0.0000451
2021-06-19 18:57:27,641 - utils.logger - INFO - Trn result of epoch 33 / 70 mse 0.1146 rmse 0.3385 pcc 0.0583 ccc 0.0160
2021-06-19 18:57:27,766 - utils.logger - INFO - Val result of epoch 33 / 70 mse 0.1357 rmse 0.3684 pcc -0.1030 ccc -0.0260
2021-06-19 18:57:28,160 - utils.logger - INFO - Cur epoch 34 loss ccc:0.1061
2021-06-19 18:57:28,546 - utils.logger - INFO - Cur epoch 34 loss ccc:0.1250
2021-06-19 18:57:28,863 - utils.logger - INFO - Cur epoch 34 loss ccc:1.1354
2021-06-19 18:57:28,863 - utils.logger - INFO - saving the model at the end of epoch 34, iters 204
2021-06-19 18:57:29,094 - utils.logger - INFO - End of training epoch 34 / 70 	 Time Taken: 1 sec, Data loading: 0 sec
2021-06-19 18:57:29,094 - utils.logger - INFO - learning rate = 0.0000439
2021-06-19 18:57:29,451 - utils.logger - INFO - Trn result of epoch 34 / 70 mse 0.1219 rmse 0.3492 pcc 0.0545 ccc 0.0157
2021-06-19 18:57:29,574 - utils.logger - INFO - Val result of epoch 34 / 70 mse 0.1461 rmse 0.3822 pcc -0.0926 ccc -0.0254
2021-06-19 18:57:29,969 - utils.logger - INFO - Cur epoch 35 loss ccc:0.1248
2021-06-19 18:57:30,365 - utils.logger - INFO - Cur epoch 35 loss ccc:0.1323
2021-06-19 18:57:30,687 - utils.logger - INFO - Cur epoch 35 loss ccc:1.0038
2021-06-19 18:57:30,687 - utils.logger - INFO - saving the model at the end of epoch 35, iters 210
2021-06-19 18:57:30,926 - utils.logger - INFO - End of training epoch 35 / 70 	 Time Taken: 1 sec, Data loading: 0 sec
2021-06-19 18:57:30,926 - utils.logger - INFO - learning rate = 0.0000427
2021-06-19 18:57:31,282 - utils.logger - INFO - Trn result of epoch 35 / 70 mse 0.1312 rmse 0.3622 pcc 0.0485 ccc 0.0150
2021-06-19 18:57:31,405 - utils.logger - INFO - Val result of epoch 35 / 70 mse 0.1581 rmse 0.3976 pcc -0.0905 ccc -0.0270
2021-06-19 18:57:31,805 - utils.logger - INFO - Cur epoch 36 loss ccc:0.1245
2021-06-19 18:57:32,188 - utils.logger - INFO - Cur epoch 36 loss ccc:0.1126
2021-06-19 18:57:32,499 - utils.logger - INFO - Cur epoch 36 loss ccc:1.0062
2021-06-19 18:57:32,500 - utils.logger - INFO - saving the model at the end of epoch 36, iters 216
2021-06-19 18:57:32,738 - utils.logger - INFO - End of training epoch 36 / 70 	 Time Taken: 1 sec, Data loading: 0 sec
2021-06-19 18:57:32,738 - utils.logger - INFO - learning rate = 0.0000415
2021-06-19 18:57:33,094 - utils.logger - INFO - Trn result of epoch 36 / 70 mse 0.1280 rmse 0.3578 pcc 0.0560 ccc 0.0182
2021-06-19 18:57:33,218 - utils.logger - INFO - Val result of epoch 36 / 70 mse 0.1543 rmse 0.3927 pcc -0.0949 ccc -0.0294
2021-06-19 18:57:33,621 - utils.logger - INFO - Cur epoch 37 loss ccc:0.1164
2021-06-19 18:57:33,991 - utils.logger - INFO - Cur epoch 37 loss ccc:0.1252
2021-06-19 18:57:34,287 - utils.logger - INFO - Cur epoch 37 loss ccc:0.9989
2021-06-19 18:57:34,287 - utils.logger - INFO - saving the model at the end of epoch 37, iters 222
2021-06-19 18:57:34,517 - utils.logger - INFO - End of training epoch 37 / 70 	 Time Taken: 1 sec, Data loading: 0 sec
2021-06-19 18:57:34,517 - utils.logger - INFO - learning rate = 0.0000402
2021-06-19 18:57:34,877 - utils.logger - INFO - Trn result of epoch 37 / 70 mse 0.1249 rmse 0.3534 pcc 0.0580 ccc 0.0199
2021-06-19 18:57:35,001 - utils.logger - INFO - Val result of epoch 37 / 70 mse 0.1504 rmse 0.3878 pcc -0.0932 ccc -0.0305
2021-06-19 18:57:35,370 - utils.logger - INFO - Cur epoch 38 loss ccc:0.1024
2021-06-19 18:57:35,746 - utils.logger - INFO - Cur epoch 38 loss ccc:0.1254
2021-06-19 18:57:36,061 - utils.logger - INFO - Cur epoch 38 loss ccc:1.0003
2021-06-19 18:57:36,062 - utils.logger - INFO - saving the model at the end of epoch 38, iters 228
2021-06-19 18:57:36,309 - utils.logger - INFO - End of training epoch 38 / 70 	 Time Taken: 1 sec, Data loading: 0 sec
2021-06-19 18:57:36,310 - utils.logger - INFO - learning rate = 0.0000390
2021-06-19 18:57:36,663 - utils.logger - INFO - Trn result of epoch 38 / 70 mse 0.1265 rmse 0.3557 pcc 0.0585 ccc 0.0220
2021-06-19 18:57:36,787 - utils.logger - INFO - Val result of epoch 38 / 70 mse 0.1528 rmse 0.3909 pcc -0.0902 ccc -0.0323
2021-06-19 18:57:37,162 - utils.logger - INFO - Cur epoch 39 loss ccc:0.1264
2021-06-19 18:57:37,560 - utils.logger - INFO - Cur epoch 39 loss ccc:0.1363
2021-06-19 18:57:37,888 - utils.logger - INFO - Cur epoch 39 loss ccc:0.8789
2021-06-19 18:57:37,888 - utils.logger - INFO - saving the model at the end of epoch 39, iters 234
2021-06-19 18:57:38,129 - utils.logger - INFO - End of training epoch 39 / 70 	 Time Taken: 1 sec, Data loading: 0 sec
2021-06-19 18:57:38,130 - utils.logger - INFO - learning rate = 0.0000378
2021-06-19 18:57:38,490 - utils.logger - INFO - Trn result of epoch 39 / 70 mse 0.1248 rmse 0.3532 pcc 0.0647 ccc 0.0235
2021-06-19 18:57:38,614 - utils.logger - INFO - Val result of epoch 39 / 70 mse 0.1495 rmse 0.3866 pcc -0.0920 ccc -0.0313
2021-06-19 18:57:38,986 - utils.logger - INFO - Cur epoch 40 loss ccc:0.1310
2021-06-19 18:57:39,365 - utils.logger - INFO - Cur epoch 40 loss ccc:0.1341
2021-06-19 18:57:39,676 - utils.logger - INFO - Cur epoch 40 loss ccc:1.0120
2021-06-19 18:57:39,676 - utils.logger - INFO - saving the model at the end of epoch 40, iters 240
2021-06-19 18:57:39,907 - utils.logger - INFO - End of training epoch 40 / 70 	 Time Taken: 1 sec, Data loading: 0 sec
2021-06-19 18:57:39,907 - utils.logger - INFO - learning rate = 0.0000366
2021-06-19 18:57:40,260 - utils.logger - INFO - Trn result of epoch 40 / 70 mse 0.1219 rmse 0.3492 pcc 0.0646 ccc 0.0246
2021-06-19 18:57:40,382 - utils.logger - INFO - Val result of epoch 40 / 70 mse 0.1458 rmse 0.3819 pcc -0.0869 ccc -0.0310
2021-06-19 18:57:40,746 - utils.logger - INFO - Cur epoch 41 loss ccc:0.1164
2021-06-19 18:57:41,123 - utils.logger - INFO - Cur epoch 41 loss ccc:0.1276
2021-06-19 18:57:41,430 - utils.logger - INFO - Cur epoch 41 loss ccc:0.9988
2021-06-19 18:57:41,430 - utils.logger - INFO - saving the model at the end of epoch 41, iters 246
2021-06-19 18:57:42,085 - utils.logger - INFO - End of training epoch 41 / 70 	 Time Taken: 1 sec, Data loading: 0 sec
2021-06-19 18:57:42,086 - utils.logger - INFO - learning rate = 0.0000354
2021-06-19 18:57:42,439 - utils.logger - INFO - Trn result of epoch 41 / 70 mse 0.1220 rmse 0.3493 pcc 0.0571 ccc 0.0214
2021-06-19 18:57:42,564 - utils.logger - INFO - Val result of epoch 41 / 70 mse 0.1448 rmse 0.3806 pcc -0.0830 ccc -0.0292
2021-06-19 18:57:42,950 - utils.logger - INFO - Cur epoch 42 loss ccc:0.1231
2021-06-19 18:57:43,324 - utils.logger - INFO - Cur epoch 42 loss ccc:0.1250
2021-06-19 18:57:43,626 - utils.logger - INFO - Cur epoch 42 loss ccc:1.0147
2021-06-19 18:57:43,627 - utils.logger - INFO - saving the model at the end of epoch 42, iters 252
2021-06-19 18:57:43,867 - utils.logger - INFO - End of training epoch 42 / 70 	 Time Taken: 1 sec, Data loading: 0 sec
2021-06-19 18:57:43,868 - utils.logger - INFO - learning rate = 0.0000341
2021-06-19 18:57:44,225 - utils.logger - INFO - Trn result of epoch 42 / 70 mse 0.1000 rmse 0.3163 pcc 0.0397 ccc 0.0159
2021-06-19 18:57:44,350 - utils.logger - INFO - Val result of epoch 42 / 70 mse 0.1185 rmse 0.3443 pcc -0.0854 ccc -0.0350
2021-06-19 18:57:44,731 - utils.logger - INFO - Cur epoch 43 loss ccc:0.0733
2021-06-19 18:57:45,138 - utils.logger - INFO - Cur epoch 43 loss ccc:0.1310
2021-06-19 18:57:45,451 - utils.logger - INFO - Cur epoch 43 loss ccc:0.9879
2021-06-19 18:57:45,451 - utils.logger - INFO - saving the model at the end of epoch 43, iters 258
2021-06-19 18:57:45,686 - utils.logger - INFO - End of training epoch 43 / 70 	 Time Taken: 1 sec, Data loading: 0 sec
2021-06-19 18:57:45,686 - utils.logger - INFO - learning rate = 0.0000329
2021-06-19 18:57:46,041 - utils.logger - INFO - Trn result of epoch 43 / 70 mse 0.1049 rmse 0.3239 pcc 0.0374 ccc 0.0153
2021-06-19 18:57:46,165 - utils.logger - INFO - Val result of epoch 43 / 70 mse 0.1245 rmse 0.3528 pcc -0.0823 ccc -0.0335
2021-06-19 18:57:46,540 - utils.logger - INFO - Cur epoch 44 loss ccc:0.1255
2021-06-19 18:57:46,913 - utils.logger - INFO - Cur epoch 44 loss ccc:0.1158
2021-06-19 18:57:47,217 - utils.logger - INFO - Cur epoch 44 loss ccc:0.9900
2021-06-19 18:57:47,217 - utils.logger - INFO - saving the model at the end of epoch 44, iters 264
2021-06-19 18:57:47,451 - utils.logger - INFO - End of training epoch 44 / 70 	 Time Taken: 1 sec, Data loading: 0 sec
2021-06-19 18:57:47,452 - utils.logger - INFO - learning rate = 0.0000317
2021-06-19 18:57:47,808 - utils.logger - INFO - Trn result of epoch 44 / 70 mse 0.1089 rmse 0.3300 pcc 0.0506 ccc 0.0186
2021-06-19 18:57:47,932 - utils.logger - INFO - Val result of epoch 44 / 70 mse 0.1300 rmse 0.3605 pcc -0.0918 ccc -0.0326
2021-06-19 18:57:48,299 - utils.logger - INFO - Cur epoch 45 loss ccc:0.1250
2021-06-19 18:57:48,680 - utils.logger - INFO - Cur epoch 45 loss ccc:0.0971
2021-06-19 18:57:48,980 - utils.logger - INFO - Cur epoch 45 loss ccc:0.9694
2021-06-19 18:57:48,980 - utils.logger - INFO - saving the model at the end of epoch 45, iters 270
2021-06-19 18:57:49,219 - utils.logger - INFO - End of training epoch 45 / 70 	 Time Taken: 1 sec, Data loading: 0 sec
2021-06-19 18:57:49,219 - utils.logger - INFO - learning rate = 0.0000305
2021-06-19 18:57:49,571 - utils.logger - INFO - Trn result of epoch 45 / 70 mse 0.1057 rmse 0.3252 pcc 0.0485 ccc 0.0192
2021-06-19 18:57:49,693 - utils.logger - INFO - Val result of epoch 45 / 70 mse 0.1263 rmse 0.3554 pcc -0.0839 ccc -0.0325
2021-06-19 18:57:50,084 - utils.logger - INFO - Cur epoch 46 loss ccc:0.1250
2021-06-19 18:57:50,475 - utils.logger - INFO - Cur epoch 46 loss ccc:0.1250
2021-06-19 18:57:50,803 - utils.logger - INFO - Cur epoch 46 loss ccc:0.9673
2021-06-19 18:57:50,803 - utils.logger - INFO - saving the model at the end of epoch 46, iters 276
2021-06-19 18:57:51,041 - utils.logger - INFO - End of training epoch 46 / 70 	 Time Taken: 1 sec, Data loading: 0 sec
2021-06-19 18:57:51,041 - utils.logger - INFO - learning rate = 0.0000293
2021-06-19 18:57:51,399 - utils.logger - INFO - Trn result of epoch 46 / 70 mse 0.1091 rmse 0.3303 pcc 0.0456 ccc 0.0164
2021-06-19 18:57:51,521 - utils.logger - INFO - Val result of epoch 46 / 70 mse 0.1309 rmse 0.3618 pcc -0.0872 ccc -0.0309
2021-06-19 18:57:51,904 - utils.logger - INFO - Cur epoch 47 loss ccc:0.1250
2021-06-19 18:57:52,303 - utils.logger - INFO - Cur epoch 47 loss ccc:0.1163
2021-06-19 18:57:52,619 - utils.logger - INFO - Cur epoch 47 loss ccc:1.0230
2021-06-19 18:57:52,619 - utils.logger - INFO - saving the model at the end of epoch 47, iters 282
2021-06-19 18:57:52,873 - utils.logger - INFO - End of training epoch 47 / 70 	 Time Taken: 1 sec, Data loading: 0 sec
2021-06-19 18:57:52,873 - utils.logger - INFO - learning rate = 0.0000280
2021-06-19 18:57:53,228 - utils.logger - INFO - Trn result of epoch 47 / 70 mse 0.1060 rmse 0.3256 pcc 0.0464 ccc 0.0185
2021-06-19 18:57:53,351 - utils.logger - INFO - Val result of epoch 47 / 70 mse 0.1272 rmse 0.3567 pcc -0.0874 ccc -0.0348
2021-06-19 18:57:53,732 - utils.logger - INFO - Cur epoch 48 loss ccc:0.1161
2021-06-19 18:57:54,114 - utils.logger - INFO - Cur epoch 48 loss ccc:0.1245
2021-06-19 18:57:54,430 - utils.logger - INFO - Cur epoch 48 loss ccc:0.9999
2021-06-19 18:57:54,431 - utils.logger - INFO - saving the model at the end of epoch 48, iters 288
2021-06-19 18:57:54,817 - utils.logger - INFO - End of training epoch 48 / 70 	 Time Taken: 1 sec, Data loading: 0 sec
2021-06-19 18:57:54,817 - utils.logger - INFO - learning rate = 0.0000268
2021-06-19 18:57:55,169 - utils.logger - INFO - Trn result of epoch 48 / 70 mse 0.1044 rmse 0.3232 pcc 0.0487 ccc 0.0207
2021-06-19 18:57:55,291 - utils.logger - INFO - Val result of epoch 48 / 70 mse 0.1251 rmse 0.3536 pcc -0.0894 ccc -0.0375
2021-06-19 18:57:55,671 - utils.logger - INFO - Cur epoch 49 loss ccc:0.1250
2021-06-19 18:57:56,036 - utils.logger - INFO - Cur epoch 49 loss ccc:0.1167
2021-06-19 18:57:56,351 - utils.logger - INFO - Cur epoch 49 loss ccc:1.0104
2021-06-19 18:57:56,351 - utils.logger - INFO - saving the model at the end of epoch 49, iters 294
2021-06-19 18:57:56,603 - utils.logger - INFO - End of training epoch 49 / 70 	 Time Taken: 1 sec, Data loading: 0 sec
2021-06-19 18:57:56,603 - utils.logger - INFO - learning rate = 0.0000256
2021-06-19 18:57:56,958 - utils.logger - INFO - Trn result of epoch 49 / 70 mse 0.1027 rmse 0.3204 pcc 0.0410 ccc 0.0177
2021-06-19 18:57:57,079 - utils.logger - INFO - Val result of epoch 49 / 70 mse 0.1222 rmse 0.3496 pcc -0.0942 ccc -0.0401
2021-06-19 18:57:57,467 - utils.logger - INFO - Cur epoch 50 loss ccc:0.1110
2021-06-19 18:57:57,863 - utils.logger - INFO - Cur epoch 50 loss ccc:0.1257
2021-06-19 18:57:58,169 - utils.logger - INFO - Cur epoch 50 loss ccc:1.1862
2021-06-19 18:57:58,169 - utils.logger - INFO - saving the model at the end of epoch 50, iters 300
2021-06-19 18:57:58,412 - utils.logger - INFO - End of training epoch 50 / 70 	 Time Taken: 1 sec, Data loading: 0 sec
2021-06-19 18:57:58,412 - utils.logger - INFO - learning rate = 0.0000244
2021-06-19 18:57:58,769 - utils.logger - INFO - Trn result of epoch 50 / 70 mse 0.1140 rmse 0.3377 pcc 0.0428 ccc 0.0170
2021-06-19 18:57:58,893 - utils.logger - INFO - Val result of epoch 50 / 70 mse 0.1349 rmse 0.3673 pcc -0.0900 ccc -0.0334
2021-06-19 18:57:59,286 - utils.logger - INFO - Cur epoch 51 loss ccc:0.1027
2021-06-19 18:57:59,676 - utils.logger - INFO - Cur epoch 51 loss ccc:0.1135
2021-06-19 18:58:00,023 - utils.logger - INFO - Cur epoch 51 loss ccc:0.9986
2021-06-19 18:58:00,023 - utils.logger - INFO - saving the model at the end of epoch 51, iters 306
2021-06-19 18:58:00,272 - utils.logger - INFO - End of training epoch 51 / 70 	 Time Taken: 1 sec, Data loading: 0 sec
2021-06-19 18:58:00,272 - utils.logger - INFO - learning rate = 0.0000232
2021-06-19 18:58:00,629 - utils.logger - INFO - Trn result of epoch 51 / 70 mse 0.1166 rmse 0.3414 pcc 0.0476 ccc 0.0178
2021-06-19 18:58:00,752 - utils.logger - INFO - Val result of epoch 51 / 70 mse 0.1376 rmse 0.3709 pcc -0.0927 ccc -0.0320
2021-06-19 18:58:01,148 - utils.logger - INFO - Cur epoch 52 loss ccc:0.1405
2021-06-19 18:58:01,548 - utils.logger - INFO - Cur epoch 52 loss ccc:0.1183
2021-06-19 18:58:01,881 - utils.logger - INFO - Cur epoch 52 loss ccc:0.9992
2021-06-19 18:58:01,881 - utils.logger - INFO - saving the model at the end of epoch 52, iters 312
2021-06-19 18:58:02,143 - utils.logger - INFO - End of training epoch 52 / 70 	 Time Taken: 1 sec, Data loading: 0 sec
2021-06-19 18:58:02,143 - utils.logger - INFO - learning rate = 0.0000220
2021-06-19 18:58:02,498 - utils.logger - INFO - Trn result of epoch 52 / 70 mse 0.1171 rmse 0.3423 pcc 0.0471 ccc 0.0172
2021-06-19 18:58:02,621 - utils.logger - INFO - Val result of epoch 52 / 70 mse 0.1384 rmse 0.3721 pcc -0.0953 ccc -0.0319
2021-06-19 18:58:02,993 - utils.logger - INFO - Cur epoch 53 loss ccc:0.1250
2021-06-19 18:58:03,374 - utils.logger - INFO - Cur epoch 53 loss ccc:0.1121
2021-06-19 18:58:03,692 - utils.logger - INFO - Cur epoch 53 loss ccc:0.9993
2021-06-19 18:58:03,692 - utils.logger - INFO - saving the model at the end of epoch 53, iters 318
2021-06-19 18:58:03,937 - utils.logger - INFO - End of training epoch 53 / 70 	 Time Taken: 1 sec, Data loading: 0 sec
2021-06-19 18:58:03,937 - utils.logger - INFO - learning rate = 0.0000207
2021-06-19 18:58:04,293 - utils.logger - INFO - Trn result of epoch 53 / 70 mse 0.1178 rmse 0.3432 pcc 0.0468 ccc 0.0169
2021-06-19 18:58:04,416 - utils.logger - INFO - Val result of epoch 53 / 70 mse 0.1388 rmse 0.3726 pcc -0.0860 ccc -0.0285
2021-06-19 18:58:04,814 - utils.logger - INFO - Cur epoch 54 loss ccc:0.1175
2021-06-19 18:58:05,231 - utils.logger - INFO - Cur epoch 54 loss ccc:0.1221
2021-06-19 18:58:05,551 - utils.logger - INFO - Cur epoch 54 loss ccc:1.0022
2021-06-19 18:58:05,551 - utils.logger - INFO - saving the model at the end of epoch 54, iters 324
2021-06-19 18:58:05,819 - utils.logger - INFO - End of training epoch 54 / 70 	 Time Taken: 1 sec, Data loading: 0 sec
2021-06-19 18:58:05,819 - utils.logger - INFO - learning rate = 0.0000195
2021-06-19 18:58:06,170 - utils.logger - INFO - Trn result of epoch 54 / 70 mse 0.1102 rmse 0.3320 pcc 0.0384 ccc 0.0165
2021-06-19 18:58:06,295 - utils.logger - INFO - Val result of epoch 54 / 70 mse 0.1301 rmse 0.3606 pcc -0.0847 ccc -0.0345
2021-06-19 18:58:06,667 - utils.logger - INFO - Cur epoch 55 loss ccc:0.1184
2021-06-19 18:58:07,036 - utils.logger - INFO - Cur epoch 55 loss ccc:0.1099
2021-06-19 18:58:07,357 - utils.logger - INFO - Cur epoch 55 loss ccc:1.0035
2021-06-19 18:58:07,357 - utils.logger - INFO - saving the model at the end of epoch 55, iters 330
2021-06-19 18:58:07,603 - utils.logger - INFO - End of training epoch 55 / 70 	 Time Taken: 1 sec, Data loading: 0 sec
2021-06-19 18:58:07,603 - utils.logger - INFO - learning rate = 0.0000183
2021-06-19 18:58:07,962 - utils.logger - INFO - Trn result of epoch 55 / 70 mse 0.1105 rmse 0.3324 pcc 0.0381 ccc 0.0161
2021-06-19 18:58:08,085 - utils.logger - INFO - Val result of epoch 55 / 70 mse 0.1306 rmse 0.3614 pcc -0.0884 ccc -0.0355
2021-06-19 18:58:08,459 - utils.logger - INFO - Cur epoch 56 loss ccc:0.1099
2021-06-19 18:58:08,828 - utils.logger - INFO - Cur epoch 56 loss ccc:0.1144
2021-06-19 18:58:09,134 - utils.logger - INFO - Cur epoch 56 loss ccc:0.9841
2021-06-19 18:58:09,134 - utils.logger - INFO - saving the model at the end of epoch 56, iters 336
2021-06-19 18:58:09,329 - utils.logger - INFO - End of training epoch 56 / 70 	 Time Taken: 1 sec, Data loading: 0 sec
2021-06-19 18:58:09,329 - utils.logger - INFO - learning rate = 0.0000171
2021-06-19 18:58:09,686 - utils.logger - INFO - Trn result of epoch 56 / 70 mse 0.1101 rmse 0.3318 pcc 0.0397 ccc 0.0161
2021-06-19 18:58:09,810 - utils.logger - INFO - Val result of epoch 56 / 70 mse 0.1304 rmse 0.3611 pcc -0.0863 ccc -0.0333
2021-06-19 18:58:10,184 - utils.logger - INFO - Cur epoch 57 loss ccc:0.1284
2021-06-19 18:58:10,563 - utils.logger - INFO - Cur epoch 57 loss ccc:0.1169
2021-06-19 18:58:10,879 - utils.logger - INFO - Cur epoch 57 loss ccc:0.8096
2021-06-19 18:58:10,879 - utils.logger - INFO - saving the model at the end of epoch 57, iters 342
2021-06-19 18:58:11,129 - utils.logger - INFO - End of training epoch 57 / 70 	 Time Taken: 1 sec, Data loading: 0 sec
2021-06-19 18:58:11,129 - utils.logger - INFO - learning rate = 0.0000159
2021-06-19 18:58:11,484 - utils.logger - INFO - Trn result of epoch 57 / 70 mse 0.1095 rmse 0.3309 pcc 0.0394 ccc 0.0164
2021-06-19 18:58:11,606 - utils.logger - INFO - Val result of epoch 57 / 70 mse 0.1296 rmse 0.3599 pcc -0.0863 ccc -0.0343
2021-06-19 18:58:11,974 - utils.logger - INFO - Cur epoch 58 loss ccc:0.1241
2021-06-19 18:58:12,348 - utils.logger - INFO - Cur epoch 58 loss ccc:0.1055
2021-06-19 18:58:12,659 - utils.logger - INFO - Cur epoch 58 loss ccc:1.0144
2021-06-19 18:58:12,659 - utils.logger - INFO - saving the model at the end of epoch 58, iters 348
2021-06-19 18:58:13,198 - utils.logger - INFO - End of training epoch 58 / 70 	 Time Taken: 1 sec, Data loading: 0 sec
2021-06-19 18:58:13,198 - utils.logger - INFO - learning rate = 0.0000146
2021-06-19 18:58:13,553 - utils.logger - INFO - Trn result of epoch 58 / 70 mse 0.1102 rmse 0.3320 pcc 0.0394 ccc 0.0166
2021-06-19 18:58:13,677 - utils.logger - INFO - Val result of epoch 58 / 70 mse 0.1306 rmse 0.3613 pcc -0.0884 ccc -0.0356
2021-06-19 18:58:14,048 - utils.logger - INFO - Cur epoch 59 loss ccc:0.1337
2021-06-19 18:58:14,423 - utils.logger - INFO - Cur epoch 59 loss ccc:0.1097
2021-06-19 18:58:14,745 - utils.logger - INFO - Cur epoch 59 loss ccc:1.0100
2021-06-19 18:58:14,745 - utils.logger - INFO - saving the model at the end of epoch 59, iters 354
2021-06-19 18:58:15,006 - utils.logger - INFO - End of training epoch 59 / 70 	 Time Taken: 1 sec, Data loading: 0 sec
2021-06-19 18:58:15,006 - utils.logger - INFO - learning rate = 0.0000134
2021-06-19 18:58:15,364 - utils.logger - INFO - Trn result of epoch 59 / 70 mse 0.1117 rmse 0.3343 pcc 0.0368 ccc 0.0156
2021-06-19 18:58:15,486 - utils.logger - INFO - Val result of epoch 59 / 70 mse 0.1324 rmse 0.3639 pcc -0.0907 ccc -0.0363
2021-06-19 18:58:15,856 - utils.logger - INFO - Cur epoch 60 loss ccc:0.1173
2021-06-19 18:58:16,239 - utils.logger - INFO - Cur epoch 60 loss ccc:0.0979
2021-06-19 18:58:16,542 - utils.logger - INFO - Cur epoch 60 loss ccc:1.0033
2021-06-19 18:58:16,542 - utils.logger - INFO - saving the model at the end of epoch 60, iters 360
2021-06-19 18:58:16,804 - utils.logger - INFO - End of training epoch 60 / 70 	 Time Taken: 1 sec, Data loading: 0 sec
2021-06-19 18:58:16,804 - utils.logger - INFO - learning rate = 0.0000122
2021-06-19 18:58:17,164 - utils.logger - INFO - Trn result of epoch 60 / 70 mse 0.1128 rmse 0.3359 pcc 0.0357 ccc 0.0149
2021-06-19 18:58:17,290 - utils.logger - INFO - Val result of epoch 60 / 70 mse 0.1338 rmse 0.3658 pcc -0.0930 ccc -0.0367
2021-06-19 18:58:17,661 - utils.logger - INFO - Cur epoch 61 loss ccc:0.1098
2021-06-19 18:58:18,062 - utils.logger - INFO - Cur epoch 61 loss ccc:0.1267
2021-06-19 18:58:18,360 - utils.logger - INFO - Cur epoch 61 loss ccc:1.0130
2021-06-19 18:58:18,360 - utils.logger - INFO - saving the model at the end of epoch 61, iters 366
2021-06-19 18:58:18,675 - utils.logger - INFO - End of training epoch 61 / 70 	 Time Taken: 1 sec, Data loading: 0 sec
2021-06-19 18:58:18,675 - utils.logger - INFO - learning rate = 0.0000110
2021-06-19 18:58:19,027 - utils.logger - INFO - Trn result of epoch 61 / 70 mse 0.1128 rmse 0.3359 pcc 0.0362 ccc 0.0153
2021-06-19 18:58:19,149 - utils.logger - INFO - Val result of epoch 61 / 70 mse 0.1339 rmse 0.3659 pcc -0.0933 ccc -0.0372
2021-06-19 18:58:19,519 - utils.logger - INFO - Cur epoch 62 loss ccc:0.0896
2021-06-19 18:58:19,909 - utils.logger - INFO - Cur epoch 62 loss ccc:0.1251
2021-06-19 18:58:20,230 - utils.logger - INFO - Cur epoch 62 loss ccc:0.9999
2021-06-19 18:58:20,230 - utils.logger - INFO - saving the model at the end of epoch 62, iters 372
2021-06-19 18:58:20,487 - utils.logger - INFO - End of training epoch 62 / 70 	 Time Taken: 1 sec, Data loading: 0 sec
2021-06-19 18:58:20,487 - utils.logger - INFO - learning rate = 0.0000098
2021-06-19 18:58:20,845 - utils.logger - INFO - Trn result of epoch 62 / 70 mse 0.1136 rmse 0.3370 pcc 0.0359 ccc 0.0150
2021-06-19 18:58:20,968 - utils.logger - INFO - Val result of epoch 62 / 70 mse 0.1346 rmse 0.3669 pcc -0.0933 ccc -0.0367
2021-06-19 18:58:21,337 - utils.logger - INFO - Cur epoch 63 loss ccc:0.1034
2021-06-19 18:58:21,710 - utils.logger - INFO - Cur epoch 63 loss ccc:0.1207
2021-06-19 18:58:22,032 - utils.logger - INFO - Cur epoch 63 loss ccc:1.0073
2021-06-19 18:58:22,032 - utils.logger - INFO - saving the model at the end of epoch 63, iters 378
2021-06-19 18:58:22,285 - utils.logger - INFO - End of training epoch 63 / 70 	 Time Taken: 1 sec, Data loading: 0 sec
2021-06-19 18:58:22,286 - utils.logger - INFO - learning rate = 0.0000085
2021-06-19 18:58:22,642 - utils.logger - INFO - Trn result of epoch 63 / 70 mse 0.1134 rmse 0.3367 pcc 0.0347 ccc 0.0145
2021-06-19 18:58:22,765 - utils.logger - INFO - Val result of epoch 63 / 70 mse 0.1343 rmse 0.3664 pcc -0.0926 ccc -0.0365
2021-06-19 18:58:23,134 - utils.logger - INFO - Cur epoch 64 loss ccc:0.1310
2021-06-19 18:58:23,508 - utils.logger - INFO - Cur epoch 64 loss ccc:0.1226
2021-06-19 18:58:23,829 - utils.logger - INFO - Cur epoch 64 loss ccc:0.9676
2021-06-19 18:58:23,829 - utils.logger - INFO - saving the model at the end of epoch 64, iters 384
2021-06-19 18:58:24,076 - utils.logger - INFO - End of training epoch 64 / 70 	 Time Taken: 1 sec, Data loading: 0 sec
2021-06-19 18:58:24,077 - utils.logger - INFO - learning rate = 0.0000073
2021-06-19 18:58:24,431 - utils.logger - INFO - Trn result of epoch 64 / 70 mse 0.1152 rmse 0.3394 pcc 0.0332 ccc 0.0136
2021-06-19 18:58:24,553 - utils.logger - INFO - Val result of epoch 64 / 70 mse 0.1364 rmse 0.3693 pcc -0.0912 ccc -0.0352
2021-06-19 18:58:24,930 - utils.logger - INFO - Cur epoch 65 loss ccc:0.1252
2021-06-19 18:58:25,300 - utils.logger - INFO - Cur epoch 65 loss ccc:0.1245
2021-06-19 18:58:25,632 - utils.logger - INFO - Cur epoch 65 loss ccc:0.9969
2021-06-19 18:58:25,632 - utils.logger - INFO - saving the model at the end of epoch 65, iters 390
2021-06-19 18:58:25,889 - utils.logger - INFO - End of training epoch 65 / 70 	 Time Taken: 1 sec, Data loading: 0 sec
2021-06-19 18:58:25,889 - utils.logger - INFO - learning rate = 0.0000061
2021-06-19 18:58:26,250 - utils.logger - INFO - Trn result of epoch 65 / 70 mse 0.1153 rmse 0.3396 pcc 0.0347 ccc 0.0142
2021-06-19 18:58:26,375 - utils.logger - INFO - Val result of epoch 65 / 70 mse 0.1366 rmse 0.3695 pcc -0.0903 ccc -0.0348
2021-06-19 18:58:26,766 - utils.logger - INFO - Cur epoch 66 loss ccc:0.1524
2021-06-19 18:58:27,137 - utils.logger - INFO - Cur epoch 66 loss ccc:0.1144
2021-06-19 18:58:27,441 - utils.logger - INFO - Cur epoch 66 loss ccc:1.0095
2021-06-19 18:58:27,441 - utils.logger - INFO - saving the model at the end of epoch 66, iters 396
2021-06-19 18:58:27,699 - utils.logger - INFO - End of training epoch 66 / 70 	 Time Taken: 1 sec, Data loading: 0 sec
2021-06-19 18:58:27,699 - utils.logger - INFO - learning rate = 0.0000049
2021-06-19 18:58:28,055 - utils.logger - INFO - Trn result of epoch 66 / 70 mse 0.1159 rmse 0.3405 pcc 0.0364 ccc 0.0151
2021-06-19 18:58:28,180 - utils.logger - INFO - Val result of epoch 66 / 70 mse 0.1374 rmse 0.3706 pcc -0.0906 ccc -0.0354
2021-06-19 18:58:28,561 - utils.logger - INFO - Cur epoch 67 loss ccc:0.1121
2021-06-19 18:58:28,922 - utils.logger - INFO - Cur epoch 67 loss ccc:0.1094
2021-06-19 18:58:29,225 - utils.logger - INFO - Cur epoch 67 loss ccc:1.0008
2021-06-19 18:58:29,225 - utils.logger - INFO - saving the model at the end of epoch 67, iters 402
2021-06-19 18:58:29,487 - utils.logger - INFO - End of training epoch 67 / 70 	 Time Taken: 1 sec, Data loading: 0 sec
2021-06-19 18:58:29,487 - utils.logger - INFO - learning rate = 0.0000037
2021-06-19 18:58:29,842 - utils.logger - INFO - Trn result of epoch 67 / 70 mse 0.1175 rmse 0.3427 pcc 0.0364 ccc 0.0153
2021-06-19 18:58:29,967 - utils.logger - INFO - Val result of epoch 67 / 70 mse 0.1393 rmse 0.3732 pcc -0.0929 ccc -0.0369
2021-06-19 18:58:30,340 - utils.logger - INFO - Cur epoch 68 loss ccc:0.0767
2021-06-19 18:58:30,723 - utils.logger - INFO - Cur epoch 68 loss ccc:0.1357
2021-06-19 18:58:31,025 - utils.logger - INFO - Cur epoch 68 loss ccc:1.0029
2021-06-19 18:58:31,025 - utils.logger - INFO - saving the model at the end of epoch 68, iters 408
2021-06-19 18:58:31,279 - utils.logger - INFO - End of training epoch 68 / 70 	 Time Taken: 1 sec, Data loading: 0 sec
2021-06-19 18:58:31,280 - utils.logger - INFO - learning rate = 0.0000024
2021-06-19 18:58:31,635 - utils.logger - INFO - Trn result of epoch 68 / 70 mse 0.1174 rmse 0.3427 pcc 0.0368 ccc 0.0156
2021-06-19 18:58:31,759 - utils.logger - INFO - Val result of epoch 68 / 70 mse 0.1392 rmse 0.3731 pcc -0.0922 ccc -0.0368
2021-06-19 18:58:32,134 - utils.logger - INFO - Cur epoch 69 loss ccc:0.1250
2021-06-19 18:58:32,526 - utils.logger - INFO - Cur epoch 69 loss ccc:0.0922
2021-06-19 18:58:32,843 - utils.logger - INFO - Cur epoch 69 loss ccc:0.9988
2021-06-19 18:58:32,844 - utils.logger - INFO - saving the model at the end of epoch 69, iters 414
2021-06-19 18:58:33,105 - utils.logger - INFO - End of training epoch 69 / 70 	 Time Taken: 1 sec, Data loading: 0 sec
2021-06-19 18:58:33,105 - utils.logger - INFO - learning rate = 0.0000012
2021-06-19 18:58:33,461 - utils.logger - INFO - Trn result of epoch 69 / 70 mse 0.1171 rmse 0.3422 pcc 0.0369 ccc 0.0158
2021-06-19 18:58:33,583 - utils.logger - INFO - Val result of epoch 69 / 70 mse 0.1388 rmse 0.3725 pcc -0.0909 ccc -0.0367
2021-06-19 18:58:33,961 - utils.logger - INFO - Cur epoch 70 loss ccc:0.1315
2021-06-19 18:58:34,336 - utils.logger - INFO - Cur epoch 70 loss ccc:0.1150
2021-06-19 18:58:34,639 - utils.logger - INFO - Cur epoch 70 loss ccc:1.0024
2021-06-19 18:58:34,639 - utils.logger - INFO - saving the model at the end of epoch 70, iters 420
2021-06-19 18:58:34,892 - utils.logger - INFO - End of training epoch 70 / 70 	 Time Taken: 1 sec, Data loading: 0 sec
2021-06-19 18:58:34,892 - utils.logger - INFO - learning rate = 0.0000000
2021-06-19 18:58:35,255 - utils.logger - INFO - Trn result of epoch 70 / 70 mse 0.1171 rmse 0.3422 pcc 0.0369 ccc 0.0158
2021-06-19 18:58:35,379 - utils.logger - INFO - Val result of epoch 70 / 70 mse 0.1388 rmse 0.3725 pcc -0.0909 ccc -0.0367
2021-06-19 18:58:35,379 - utils.logger - INFO - Best eval epoch -1 found with ccc 0.000000
2021-06-19 18:58:35,379 - utils.logger - INFO - baseline_fcfusion_wonorm_egemaps_arousal_hidden1024_seq100_lr5e-05_cccloss_run1
