2021-06-05 17:45:33,552 - utils.logger - INFO - The number of training samples = 41
2021-06-05 17:45:36,325 - utils.logger - INFO - Cur epoch 1 loss MSE:0.6548
2021-06-05 17:45:36,720 - utils.logger - INFO - Cur epoch 1 loss MSE:0.3290
2021-06-05 17:45:37,048 - utils.logger - INFO - Cur epoch 1 loss MSE:0.0330
2021-06-05 17:45:37,048 - utils.logger - INFO - saving the model at the end of epoch 1, iters 6
2021-06-05 17:45:37,298 - utils.logger - INFO - End of training epoch 1 / 50 	 Time Taken: 1 sec, Data loading: 0 sec
2021-06-05 17:45:37,298 - utils.logger - INFO - learning rate = 0.0000100
2021-06-05 17:45:37,673 - utils.logger - INFO - Trn result of epoch 1 / 50 mse 0.0448 rmse 0.2117 pcc 0.0919 ccc 0.0010
2021-06-05 17:45:37,803 - utils.logger - INFO - Val result of epoch 1 / 50 mse 0.0379 rmse 0.1947 pcc 0.1377 ccc 0.0017
2021-06-05 17:45:38,179 - utils.logger - INFO - Cur epoch 2 loss MSE:0.0300
2021-06-05 17:45:38,563 - utils.logger - INFO - Cur epoch 2 loss MSE:0.1369
2021-06-05 17:45:38,890 - utils.logger - INFO - Cur epoch 2 loss MSE:0.0775
2021-06-05 17:45:38,891 - utils.logger - INFO - saving the model at the end of epoch 2, iters 12
2021-06-05 17:45:39,146 - utils.logger - INFO - End of training epoch 2 / 50 	 Time Taken: 1 sec, Data loading: 0 sec
2021-06-05 17:45:39,146 - utils.logger - INFO - learning rate = 0.0000100
2021-06-05 17:45:39,511 - utils.logger - INFO - Trn result of epoch 2 / 50 mse 0.0439 rmse 0.2096 pcc 0.1255 ccc 0.0058
2021-06-05 17:45:39,636 - utils.logger - INFO - Val result of epoch 2 / 50 mse 0.0376 rmse 0.1940 pcc 0.1926 ccc 0.0104
2021-06-05 17:45:40,013 - utils.logger - INFO - Cur epoch 3 loss MSE:0.4922
2021-06-05 17:45:40,394 - utils.logger - INFO - Cur epoch 3 loss MSE:0.0045
2021-06-05 17:45:40,707 - utils.logger - INFO - Cur epoch 3 loss MSE:0.8119
2021-06-05 17:45:40,708 - utils.logger - INFO - saving the model at the end of epoch 3, iters 18
2021-06-05 17:45:40,972 - utils.logger - INFO - End of training epoch 3 / 50 	 Time Taken: 1 sec, Data loading: 0 sec
2021-06-05 17:45:40,972 - utils.logger - INFO - learning rate = 0.0000100
2021-06-05 17:45:41,350 - utils.logger - INFO - Trn result of epoch 3 / 50 mse 0.0433 rmse 0.2082 pcc 0.1641 ccc 0.0151
2021-06-05 17:45:41,479 - utils.logger - INFO - Val result of epoch 3 / 50 mse 0.0377 rmse 0.1942 pcc 0.2319 ccc 0.0253
2021-06-05 17:45:41,852 - utils.logger - INFO - Cur epoch 4 loss MSE:0.2759
2021-06-05 17:45:42,242 - utils.logger - INFO - Cur epoch 4 loss MSE:0.0073
2021-06-05 17:45:42,557 - utils.logger - INFO - Cur epoch 4 loss MSE:4.0100
2021-06-05 17:45:42,557 - utils.logger - INFO - saving the model at the end of epoch 4, iters 24
2021-06-05 17:45:42,816 - utils.logger - INFO - End of training epoch 4 / 50 	 Time Taken: 1 sec, Data loading: 0 sec
2021-06-05 17:45:42,816 - utils.logger - INFO - learning rate = 0.0000100
2021-06-05 17:45:43,188 - utils.logger - INFO - Trn result of epoch 4 / 50 mse 0.0433 rmse 0.2081 pcc 0.1951 ccc 0.0286
2021-06-05 17:45:43,318 - utils.logger - INFO - Val result of epoch 4 / 50 mse 0.0385 rmse 0.1961 pcc 0.2565 ccc 0.0449
2021-06-05 17:45:43,701 - utils.logger - INFO - Cur epoch 5 loss MSE:0.3821
2021-06-05 17:45:44,078 - utils.logger - INFO - Cur epoch 5 loss MSE:0.0081
2021-06-05 17:45:44,407 - utils.logger - INFO - Cur epoch 5 loss MSE:0.0467
2021-06-05 17:45:44,407 - utils.logger - INFO - saving the model at the end of epoch 5, iters 30
2021-06-05 17:45:44,664 - utils.logger - INFO - End of training epoch 5 / 50 	 Time Taken: 1 sec, Data loading: 0 sec
2021-06-05 17:45:44,664 - utils.logger - INFO - learning rate = 0.0000100
2021-06-05 17:45:45,038 - utils.logger - INFO - Trn result of epoch 5 / 50 mse 0.0427 rmse 0.2066 pcc 0.2524 ccc 0.0321
2021-06-05 17:45:45,167 - utils.logger - INFO - Val result of epoch 5 / 50 mse 0.0370 rmse 0.1925 pcc 0.2976 ccc 0.0478
2021-06-05 17:45:45,564 - utils.logger - INFO - Cur epoch 6 loss MSE:0.6662
2021-06-05 17:45:45,966 - utils.logger - INFO - Cur epoch 6 loss MSE:0.3059
2021-06-05 17:45:46,303 - utils.logger - INFO - Cur epoch 6 loss MSE:0.0703
2021-06-05 17:45:46,303 - utils.logger - INFO - saving the model at the end of epoch 6, iters 36
2021-06-05 17:45:46,560 - utils.logger - INFO - End of training epoch 6 / 50 	 Time Taken: 1 sec, Data loading: 0 sec
2021-06-05 17:45:46,560 - utils.logger - INFO - learning rate = 0.0000100
2021-06-05 17:45:46,940 - utils.logger - INFO - Trn result of epoch 6 / 50 mse 0.0426 rmse 0.2063 pcc 0.2635 ccc 0.0426
2021-06-05 17:45:47,069 - utils.logger - INFO - Val result of epoch 6 / 50 mse 0.0376 rmse 0.1940 pcc 0.2865 ccc 0.0571
2021-06-05 17:45:47,453 - utils.logger - INFO - Cur epoch 7 loss MSE:0.0327
2021-06-05 17:45:47,848 - utils.logger - INFO - Cur epoch 7 loss MSE:0.0372
2021-06-05 17:45:48,175 - utils.logger - INFO - Cur epoch 7 loss MSE:0.0026
2021-06-05 17:45:48,175 - utils.logger - INFO - saving the model at the end of epoch 7, iters 42
2021-06-05 17:45:48,429 - utils.logger - INFO - End of training epoch 7 / 50 	 Time Taken: 1 sec, Data loading: 0 sec
2021-06-05 17:45:48,429 - utils.logger - INFO - learning rate = 0.0000100
2021-06-05 17:45:48,802 - utils.logger - INFO - Trn result of epoch 7 / 50 mse 0.0429 rmse 0.2071 pcc 0.2433 ccc 0.0309
2021-06-05 17:45:48,929 - utils.logger - INFO - Val result of epoch 7 / 50 mse 0.0364 rmse 0.1907 pcc 0.3200 ccc 0.0495
2021-06-05 17:45:49,319 - utils.logger - INFO - Cur epoch 8 loss MSE:0.3379
2021-06-05 17:45:49,702 - utils.logger - INFO - Cur epoch 8 loss MSE:0.0191
2021-06-05 17:45:50,068 - utils.logger - INFO - Cur epoch 8 loss MSE:0.0210
2021-06-05 17:45:50,068 - utils.logger - INFO - saving the model at the end of epoch 8, iters 48
2021-06-05 17:45:50,320 - utils.logger - INFO - End of training epoch 8 / 50 	 Time Taken: 1 sec, Data loading: 0 sec
2021-06-05 17:45:50,321 - utils.logger - INFO - learning rate = 0.0000100
2021-06-05 17:45:50,699 - utils.logger - INFO - Trn result of epoch 8 / 50 mse 0.0421 rmse 0.2052 pcc 0.2855 ccc 0.0476
2021-06-05 17:45:50,829 - utils.logger - INFO - Val result of epoch 8 / 50 mse 0.0363 rmse 0.1906 pcc 0.3185 ccc 0.0660
2021-06-05 17:45:51,220 - utils.logger - INFO - Cur epoch 9 loss MSE:0.7276
2021-06-05 17:45:51,585 - utils.logger - INFO - Cur epoch 9 loss MSE:7.2909
2021-06-05 17:45:51,888 - utils.logger - INFO - Cur epoch 9 loss MSE:2.9250
2021-06-05 17:45:51,889 - utils.logger - INFO - saving the model at the end of epoch 9, iters 54
2021-06-05 17:45:52,139 - utils.logger - INFO - End of training epoch 9 / 50 	 Time Taken: 1 sec, Data loading: 0 sec
2021-06-05 17:45:52,140 - utils.logger - INFO - learning rate = 0.0000100
2021-06-05 17:45:52,504 - utils.logger - INFO - Trn result of epoch 9 / 50 mse 0.0424 rmse 0.2059 pcc 0.2653 ccc 0.0476
2021-06-05 17:45:52,629 - utils.logger - INFO - Val result of epoch 9 / 50 mse 0.0358 rmse 0.1893 pcc 0.3178 ccc 0.0681
2021-06-05 17:45:52,994 - utils.logger - INFO - Cur epoch 10 loss MSE:0.3552
2021-06-05 17:45:53,395 - utils.logger - INFO - Cur epoch 10 loss MSE:0.5086
2021-06-05 17:45:53,720 - utils.logger - INFO - Cur epoch 10 loss MSE:2.8937
2021-06-05 17:45:53,721 - utils.logger - INFO - saving the model at the end of epoch 10, iters 60
2021-06-05 17:45:53,978 - utils.logger - INFO - End of training epoch 10 / 50 	 Time Taken: 1 sec, Data loading: 0 sec
2021-06-05 17:45:53,978 - utils.logger - INFO - learning rate = 0.0000100
2021-06-05 17:45:54,357 - utils.logger - INFO - Trn result of epoch 10 / 50 mse 0.0421 rmse 0.2051 pcc 0.2918 ccc 0.0560
2021-06-05 17:45:54,486 - utils.logger - INFO - Val result of epoch 10 / 50 mse 0.0356 rmse 0.1887 pcc 0.3141 ccc 0.0765
2021-06-05 17:45:54,840 - utils.logger - INFO - Cur epoch 11 loss MSE:5.9302
2021-06-05 17:45:55,212 - utils.logger - INFO - Cur epoch 11 loss MSE:0.8490
2021-06-05 17:45:55,510 - utils.logger - INFO - Cur epoch 11 loss MSE:0.8138
2021-06-05 17:45:55,510 - utils.logger - INFO - saving the model at the end of epoch 11, iters 66
2021-06-05 17:45:55,759 - utils.logger - INFO - End of training epoch 11 / 50 	 Time Taken: 1 sec, Data loading: 0 sec
2021-06-05 17:45:55,759 - utils.logger - INFO - learning rate = 0.0000100
2021-06-05 17:45:56,122 - utils.logger - INFO - Trn result of epoch 11 / 50 mse 0.0409 rmse 0.2022 pcc 0.3257 ccc 0.0857
2021-06-05 17:45:56,249 - utils.logger - INFO - Val result of epoch 11 / 50 mse 0.0359 rmse 0.1894 pcc 0.2990 ccc 0.0989
2021-06-05 17:45:56,633 - utils.logger - INFO - Cur epoch 12 loss MSE:0.5901
2021-06-05 17:45:57,014 - utils.logger - INFO - Cur epoch 12 loss MSE:0.0771
2021-06-05 17:45:57,347 - utils.logger - INFO - Cur epoch 12 loss MSE:0.1671
2021-06-05 17:45:57,347 - utils.logger - INFO - saving the model at the end of epoch 12, iters 72
2021-06-05 17:45:57,602 - utils.logger - INFO - End of training epoch 12 / 50 	 Time Taken: 1 sec, Data loading: 0 sec
2021-06-05 17:45:57,602 - utils.logger - INFO - learning rate = 0.0000100
2021-06-05 17:45:57,972 - utils.logger - INFO - Trn result of epoch 12 / 50 mse 0.0406 rmse 0.2015 pcc 0.3188 ccc 0.0994
2021-06-05 17:45:58,099 - utils.logger - INFO - Val result of epoch 12 / 50 mse 0.0348 rmse 0.1865 pcc 0.3163 ccc 0.1238
2021-06-05 17:45:58,473 - utils.logger - INFO - Cur epoch 13 loss MSE:0.0295
2021-06-05 17:45:58,862 - utils.logger - INFO - Cur epoch 13 loss MSE:0.5684
2021-06-05 17:45:59,173 - utils.logger - INFO - Cur epoch 13 loss MSE:4.4962
2021-06-05 17:45:59,173 - utils.logger - INFO - saving the model at the end of epoch 13, iters 78
2021-06-05 17:45:59,436 - utils.logger - INFO - End of training epoch 13 / 50 	 Time Taken: 1 sec, Data loading: 0 sec
2021-06-05 17:45:59,436 - utils.logger - INFO - learning rate = 0.0000100
2021-06-05 17:45:59,805 - utils.logger - INFO - Trn result of epoch 13 / 50 mse 0.0398 rmse 0.1996 pcc 0.3526 ccc 0.1420
2021-06-05 17:45:59,931 - utils.logger - INFO - Val result of epoch 13 / 50 mse 0.0361 rmse 0.1900 pcc 0.3083 ccc 0.1543
2021-06-05 17:46:00,303 - utils.logger - INFO - Cur epoch 14 loss MSE:2.6988
2021-06-05 17:46:00,697 - utils.logger - INFO - Cur epoch 14 loss MSE:0.0781
2021-06-05 17:46:01,041 - utils.logger - INFO - Cur epoch 14 loss MSE:0.1058
2021-06-05 17:46:01,041 - utils.logger - INFO - saving the model at the end of epoch 14, iters 84
2021-06-05 17:46:01,285 - utils.logger - INFO - End of training epoch 14 / 50 	 Time Taken: 1 sec, Data loading: 0 sec
2021-06-05 17:46:01,285 - utils.logger - INFO - learning rate = 0.0000100
2021-06-05 17:46:01,651 - utils.logger - INFO - Trn result of epoch 14 / 50 mse 0.0385 rmse 0.1962 pcc 0.3738 ccc 0.1722
2021-06-05 17:46:01,776 - utils.logger - INFO - Val result of epoch 14 / 50 mse 0.0339 rmse 0.1841 pcc 0.3403 ccc 0.1976
2021-06-05 17:46:02,177 - utils.logger - INFO - Cur epoch 15 loss MSE:0.1242
2021-06-05 17:46:02,571 - utils.logger - INFO - Cur epoch 15 loss MSE:0.3532
2021-06-05 17:46:02,898 - utils.logger - INFO - Cur epoch 15 loss MSE:1.2660
2021-06-05 17:46:02,898 - utils.logger - INFO - saving the model at the end of epoch 15, iters 90
2021-06-05 17:46:03,144 - utils.logger - INFO - End of training epoch 15 / 50 	 Time Taken: 1 sec, Data loading: 0 sec
2021-06-05 17:46:03,144 - utils.logger - INFO - learning rate = 0.0000100
2021-06-05 17:46:03,509 - utils.logger - INFO - Trn result of epoch 15 / 50 mse 0.0472 rmse 0.2171 pcc 0.3015 ccc 0.2024
2021-06-05 17:46:03,635 - utils.logger - INFO - Val result of epoch 15 / 50 mse 0.0367 rmse 0.1917 pcc 0.3823 ccc 0.2931
2021-06-05 17:46:04,037 - utils.logger - INFO - Cur epoch 16 loss MSE:0.2508
2021-06-05 17:46:04,405 - utils.logger - INFO - Cur epoch 16 loss MSE:0.0173
2021-06-05 17:46:04,713 - utils.logger - INFO - Cur epoch 16 loss MSE:7.7097
2021-06-05 17:46:04,713 - utils.logger - INFO - saving the model at the end of epoch 16, iters 96
2021-06-05 17:46:04,961 - utils.logger - INFO - End of training epoch 16 / 50 	 Time Taken: 1 sec, Data loading: 0 sec
2021-06-05 17:46:04,961 - utils.logger - INFO - learning rate = 0.0000100
2021-06-05 17:46:05,337 - utils.logger - INFO - Trn result of epoch 16 / 50 mse 0.0369 rmse 0.1920 pcc 0.4387 ccc 0.2820
2021-06-05 17:46:05,466 - utils.logger - INFO - Val result of epoch 16 / 50 mse 0.0325 rmse 0.1804 pcc 0.4047 ccc 0.3138
2021-06-05 17:46:05,834 - utils.logger - INFO - Cur epoch 17 loss MSE:0.2898
2021-06-05 17:46:06,208 - utils.logger - INFO - Cur epoch 17 loss MSE:0.0088
2021-06-05 17:46:06,519 - utils.logger - INFO - Cur epoch 17 loss MSE:0.0581
2021-06-05 17:46:06,519 - utils.logger - INFO - saving the model at the end of epoch 17, iters 102
2021-06-05 17:46:06,765 - utils.logger - INFO - End of training epoch 17 / 50 	 Time Taken: 1 sec, Data loading: 0 sec
2021-06-05 17:46:06,765 - utils.logger - INFO - learning rate = 0.0000100
2021-06-05 17:46:07,129 - utils.logger - INFO - Trn result of epoch 17 / 50 mse 0.0356 rmse 0.1888 pcc 0.4534 ccc 0.2947
2021-06-05 17:46:07,255 - utils.logger - INFO - Val result of epoch 17 / 50 mse 0.0322 rmse 0.1796 pcc 0.4004 ccc 0.3131
2021-06-05 17:46:07,637 - utils.logger - INFO - Cur epoch 18 loss MSE:0.3367
2021-06-05 17:46:08,004 - utils.logger - INFO - Cur epoch 18 loss MSE:0.0589
2021-06-05 17:46:08,296 - utils.logger - INFO - Cur epoch 18 loss MSE:0.0633
2021-06-05 17:46:08,297 - utils.logger - INFO - saving the model at the end of epoch 18, iters 108
2021-06-05 17:46:08,543 - utils.logger - INFO - End of training epoch 18 / 50 	 Time Taken: 1 sec, Data loading: 0 sec
2021-06-05 17:46:08,543 - utils.logger - INFO - learning rate = 0.0000100
2021-06-05 17:46:08,909 - utils.logger - INFO - Trn result of epoch 18 / 50 mse 0.0395 rmse 0.1987 pcc 0.4624 ccc 0.2850
2021-06-05 17:46:09,035 - utils.logger - INFO - Val result of epoch 18 / 50 mse 0.0349 rmse 0.1868 pcc 0.4075 ccc 0.2959
2021-06-05 17:46:09,415 - utils.logger - INFO - Cur epoch 19 loss MSE:0.5090
2021-06-05 17:46:09,797 - utils.logger - INFO - Cur epoch 19 loss MSE:0.2206
2021-06-05 17:46:10,117 - utils.logger - INFO - Cur epoch 19 loss MSE:0.8765
2021-06-05 17:46:10,117 - utils.logger - INFO - saving the model at the end of epoch 19, iters 114
2021-06-05 17:46:10,380 - utils.logger - INFO - End of training epoch 19 / 50 	 Time Taken: 1 sec, Data loading: 0 sec
2021-06-05 17:46:10,380 - utils.logger - INFO - learning rate = 0.0000100
2021-06-05 17:46:10,754 - utils.logger - INFO - Trn result of epoch 19 / 50 mse 0.0340 rmse 0.1845 pcc 0.5017 ccc 0.3047
2021-06-05 17:46:10,882 - utils.logger - INFO - Val result of epoch 19 / 50 mse 0.0325 rmse 0.1803 pcc 0.3833 ccc 0.2852
2021-06-05 17:46:11,248 - utils.logger - INFO - Cur epoch 20 loss MSE:0.0486
2021-06-05 17:46:11,630 - utils.logger - INFO - Cur epoch 20 loss MSE:0.5512
2021-06-05 17:46:11,943 - utils.logger - INFO - Cur epoch 20 loss MSE:0.3505
2021-06-05 17:46:11,943 - utils.logger - INFO - saving the model at the end of epoch 20, iters 120
2021-06-05 17:46:12,313 - utils.logger - INFO - End of training epoch 20 / 50 	 Time Taken: 1 sec, Data loading: 0 sec
2021-06-05 17:46:12,313 - utils.logger - INFO - learning rate = 0.0000097
2021-06-05 17:46:12,678 - utils.logger - INFO - Trn result of epoch 20 / 50 mse 0.0341 rmse 0.1847 pcc 0.5207 ccc 0.3186
2021-06-05 17:46:12,808 - utils.logger - INFO - Val result of epoch 20 / 50 mse 0.0328 rmse 0.1810 pcc 0.3883 ccc 0.2880
2021-06-05 17:46:13,184 - utils.logger - INFO - Cur epoch 21 loss MSE:0.1330
2021-06-05 17:46:13,555 - utils.logger - INFO - Cur epoch 21 loss MSE:0.2052
2021-06-05 17:46:13,851 - utils.logger - INFO - Cur epoch 21 loss MSE:0.6380
2021-06-05 17:46:13,851 - utils.logger - INFO - saving the model at the end of epoch 21, iters 126
2021-06-05 17:46:14,097 - utils.logger - INFO - End of training epoch 21 / 50 	 Time Taken: 1 sec, Data loading: 0 sec
2021-06-05 17:46:14,097 - utils.logger - INFO - learning rate = 0.0000094
2021-06-05 17:46:14,469 - utils.logger - INFO - Trn result of epoch 21 / 50 mse 0.0319 rmse 0.1786 pcc 0.5273 ccc 0.4051
2021-06-05 17:46:14,595 - utils.logger - INFO - Val result of epoch 21 / 50 mse 0.0336 rmse 0.1833 pcc 0.3981 ccc 0.3522
2021-06-05 17:46:14,972 - utils.logger - INFO - Cur epoch 22 loss MSE:0.0567
2021-06-05 17:46:15,341 - utils.logger - INFO - Cur epoch 22 loss MSE:0.1141
2021-06-05 17:46:15,653 - utils.logger - INFO - Cur epoch 22 loss MSE:0.2875
2021-06-05 17:46:15,653 - utils.logger - INFO - saving the model at the end of epoch 22, iters 132
2021-06-05 17:46:15,907 - utils.logger - INFO - End of training epoch 22 / 50 	 Time Taken: 1 sec, Data loading: 0 sec
2021-06-05 17:46:15,907 - utils.logger - INFO - learning rate = 0.0000090
2021-06-05 17:46:16,269 - utils.logger - INFO - Trn result of epoch 22 / 50 mse 0.0372 rmse 0.1928 pcc 0.4713 ccc 0.2965
2021-06-05 17:46:16,393 - utils.logger - INFO - Val result of epoch 22 / 50 mse 0.0415 rmse 0.2037 pcc 0.2655 ccc 0.1830
2021-06-05 17:46:16,770 - utils.logger - INFO - Cur epoch 23 loss MSE:0.1279
2021-06-05 17:46:17,146 - utils.logger - INFO - Cur epoch 23 loss MSE:0.0036
2021-06-05 17:46:17,464 - utils.logger - INFO - Cur epoch 23 loss MSE:0.0563
2021-06-05 17:46:17,464 - utils.logger - INFO - saving the model at the end of epoch 23, iters 138
2021-06-05 17:46:17,709 - utils.logger - INFO - End of training epoch 23 / 50 	 Time Taken: 1 sec, Data loading: 0 sec
2021-06-05 17:46:17,709 - utils.logger - INFO - learning rate = 0.0000087
2021-06-05 17:46:18,082 - utils.logger - INFO - Trn result of epoch 23 / 50 mse 0.0350 rmse 0.1872 pcc 0.5346 ccc 0.3333
2021-06-05 17:46:18,210 - utils.logger - INFO - Val result of epoch 23 / 50 mse 0.0344 rmse 0.1855 pcc 0.3705 ccc 0.2746
2021-06-05 17:46:18,587 - utils.logger - INFO - Cur epoch 24 loss MSE:0.2766
2021-06-05 17:46:18,987 - utils.logger - INFO - Cur epoch 24 loss MSE:0.1104
2021-06-05 17:46:19,311 - utils.logger - INFO - Cur epoch 24 loss MSE:1.0083
2021-06-05 17:46:19,311 - utils.logger - INFO - saving the model at the end of epoch 24, iters 144
2021-06-05 17:46:19,567 - utils.logger - INFO - End of training epoch 24 / 50 	 Time Taken: 1 sec, Data loading: 0 sec
2021-06-05 17:46:19,567 - utils.logger - INFO - learning rate = 0.0000084
2021-06-05 17:46:19,941 - utils.logger - INFO - Trn result of epoch 24 / 50 mse 0.0343 rmse 0.1852 pcc 0.5723 ccc 0.3879
2021-06-05 17:46:20,070 - utils.logger - INFO - Val result of epoch 24 / 50 mse 0.0370 rmse 0.1923 pcc 0.3615 ccc 0.2825
2021-06-05 17:46:20,451 - utils.logger - INFO - Cur epoch 25 loss MSE:0.0688
2021-06-05 17:46:20,837 - utils.logger - INFO - Cur epoch 25 loss MSE:0.1393
2021-06-05 17:46:21,168 - utils.logger - INFO - Cur epoch 25 loss MSE:0.0167
2021-06-05 17:46:21,168 - utils.logger - INFO - saving the model at the end of epoch 25, iters 150
2021-06-05 17:46:21,528 - utils.logger - INFO - End of training epoch 25 / 50 	 Time Taken: 1 sec, Data loading: 0 sec
2021-06-05 17:46:21,528 - utils.logger - INFO - learning rate = 0.0000081
2021-06-05 17:46:21,900 - utils.logger - INFO - Trn result of epoch 25 / 50 mse 0.0396 rmse 0.1990 pcc 0.5409 ccc 0.3771
2021-06-05 17:46:22,030 - utils.logger - INFO - Val result of epoch 25 / 50 mse 0.0508 rmse 0.2255 pcc 0.1967 ccc 0.1392
2021-06-05 17:46:22,392 - utils.logger - INFO - Cur epoch 26 loss MSE:0.0874
2021-06-05 17:46:22,771 - utils.logger - INFO - Cur epoch 26 loss MSE:0.5345
2021-06-05 17:46:23,084 - utils.logger - INFO - Cur epoch 26 loss MSE:0.0534
2021-06-05 17:46:23,084 - utils.logger - INFO - saving the model at the end of epoch 26, iters 156
2021-06-05 17:46:23,338 - utils.logger - INFO - End of training epoch 26 / 50 	 Time Taken: 1 sec, Data loading: 0 sec
2021-06-05 17:46:23,338 - utils.logger - INFO - learning rate = 0.0000077
2021-06-05 17:46:23,717 - utils.logger - INFO - Trn result of epoch 26 / 50 mse 0.0346 rmse 0.1861 pcc 0.5846 ccc 0.3704
2021-06-05 17:46:23,845 - utils.logger - INFO - Val result of epoch 26 / 50 mse 0.0368 rmse 0.1918 pcc 0.3522 ccc 0.2715
2021-06-05 17:46:24,218 - utils.logger - INFO - Cur epoch 27 loss MSE:0.2759
2021-06-05 17:46:24,597 - utils.logger - INFO - Cur epoch 27 loss MSE:0.0471
2021-06-05 17:46:24,920 - utils.logger - INFO - Cur epoch 27 loss MSE:0.0897
2021-06-05 17:46:24,921 - utils.logger - INFO - saving the model at the end of epoch 27, iters 162
2021-06-05 17:46:25,170 - utils.logger - INFO - End of training epoch 27 / 50 	 Time Taken: 1 sec, Data loading: 0 sec
2021-06-05 17:46:25,170 - utils.logger - INFO - learning rate = 0.0000074
2021-06-05 17:46:25,540 - utils.logger - INFO - Trn result of epoch 27 / 50 mse 0.0333 rmse 0.1825 pcc 0.5963 ccc 0.4063
2021-06-05 17:46:25,670 - utils.logger - INFO - Val result of epoch 27 / 50 mse 0.0476 rmse 0.2181 pcc 0.1118 ccc 0.0763
2021-06-05 17:46:26,053 - utils.logger - INFO - Cur epoch 28 loss MSE:0.0973
2021-06-05 17:46:26,445 - utils.logger - INFO - Cur epoch 28 loss MSE:0.0748
2021-06-05 17:46:26,759 - utils.logger - INFO - Cur epoch 28 loss MSE:1.0308
2021-06-05 17:46:26,759 - utils.logger - INFO - saving the model at the end of epoch 28, iters 168
2021-06-05 17:46:27,000 - utils.logger - INFO - End of training epoch 28 / 50 	 Time Taken: 1 sec, Data loading: 0 sec
2021-06-05 17:46:27,000 - utils.logger - INFO - learning rate = 0.0000071
2021-06-05 17:46:27,370 - utils.logger - INFO - Trn result of epoch 28 / 50 mse 0.0347 rmse 0.1863 pcc 0.5944 ccc 0.3888
2021-06-05 17:46:27,499 - utils.logger - INFO - Val result of epoch 28 / 50 mse 0.0370 rmse 0.1925 pcc 0.3888 ccc 0.2923
2021-06-05 17:46:27,868 - utils.logger - INFO - Cur epoch 29 loss MSE:0.0201
2021-06-05 17:46:28,264 - utils.logger - INFO - Cur epoch 29 loss MSE:0.0956
2021-06-05 17:46:28,591 - utils.logger - INFO - Cur epoch 29 loss MSE:0.1476
2021-06-05 17:46:28,591 - utils.logger - INFO - saving the model at the end of epoch 29, iters 174
2021-06-05 17:46:28,781 - utils.logger - INFO - End of training epoch 29 / 50 	 Time Taken: 1 sec, Data loading: 0 sec
2021-06-05 17:46:28,781 - utils.logger - INFO - learning rate = 0.0000068
2021-06-05 17:46:29,152 - utils.logger - INFO - Trn result of epoch 29 / 50 mse 0.0263 rmse 0.1622 pcc 0.6404 ccc 0.5405
2021-06-05 17:46:29,278 - utils.logger - INFO - Val result of epoch 29 / 50 mse 0.0361 rmse 0.1901 pcc 0.3968 ccc 0.3767
2021-06-05 17:46:29,669 - utils.logger - INFO - Cur epoch 30 loss MSE:0.0233
2021-06-05 17:46:30,049 - utils.logger - INFO - Cur epoch 30 loss MSE:0.0729
2021-06-05 17:46:30,350 - utils.logger - INFO - Cur epoch 30 loss MSE:0.2464
2021-06-05 17:46:30,350 - utils.logger - INFO - saving the model at the end of epoch 30, iters 180
2021-06-05 17:46:30,589 - utils.logger - INFO - End of training epoch 30 / 50 	 Time Taken: 1 sec, Data loading: 0 sec
2021-06-05 17:46:30,590 - utils.logger - INFO - learning rate = 0.0000065
2021-06-05 17:46:30,959 - utils.logger - INFO - Trn result of epoch 30 / 50 mse 0.0259 rmse 0.1609 pcc 0.6588 ccc 0.5412
2021-06-05 17:46:31,084 - utils.logger - INFO - Val result of epoch 30 / 50 mse 0.0376 rmse 0.1938 pcc 0.3277 ccc 0.2823
2021-06-05 17:46:31,462 - utils.logger - INFO - Cur epoch 31 loss MSE:0.0191
2021-06-05 17:46:31,840 - utils.logger - INFO - Cur epoch 31 loss MSE:0.0555
2021-06-05 17:46:32,152 - utils.logger - INFO - Cur epoch 31 loss MSE:0.2583
2021-06-05 17:46:32,153 - utils.logger - INFO - saving the model at the end of epoch 31, iters 186
2021-06-05 17:46:32,395 - utils.logger - INFO - End of training epoch 31 / 50 	 Time Taken: 1 sec, Data loading: 0 sec
2021-06-05 17:46:32,395 - utils.logger - INFO - learning rate = 0.0000061
2021-06-05 17:46:32,766 - utils.logger - INFO - Trn result of epoch 31 / 50 mse 0.0280 rmse 0.1673 pcc 0.6337 ccc 0.4793
2021-06-05 17:46:32,895 - utils.logger - INFO - Val result of epoch 31 / 50 mse 0.0356 rmse 0.1887 pcc 0.3422 ccc 0.2788
2021-06-05 17:46:33,285 - utils.logger - INFO - Cur epoch 32 loss MSE:0.1978
2021-06-05 17:46:33,665 - utils.logger - INFO - Cur epoch 32 loss MSE:0.0480
2021-06-05 17:46:33,974 - utils.logger - INFO - Cur epoch 32 loss MSE:0.2084
2021-06-05 17:46:33,975 - utils.logger - INFO - saving the model at the end of epoch 32, iters 192
2021-06-05 17:46:34,232 - utils.logger - INFO - End of training epoch 32 / 50 	 Time Taken: 1 sec, Data loading: 0 sec
2021-06-05 17:46:34,232 - utils.logger - INFO - learning rate = 0.0000058
2021-06-05 17:46:34,609 - utils.logger - INFO - Trn result of epoch 32 / 50 mse 0.0259 rmse 0.1609 pcc 0.6462 ccc 0.5562
2021-06-05 17:46:34,740 - utils.logger - INFO - Val result of epoch 32 / 50 mse 0.0378 rmse 0.1945 pcc 0.3638 ccc 0.3438
2021-06-05 17:46:35,125 - utils.logger - INFO - Cur epoch 33 loss MSE:0.0766
2021-06-05 17:46:35,506 - utils.logger - INFO - Cur epoch 33 loss MSE:0.0133
2021-06-05 17:46:35,814 - utils.logger - INFO - Cur epoch 33 loss MSE:1.3637
2021-06-05 17:46:35,814 - utils.logger - INFO - saving the model at the end of epoch 33, iters 198
2021-06-05 17:46:36,067 - utils.logger - INFO - End of training epoch 33 / 50 	 Time Taken: 1 sec, Data loading: 0 sec
2021-06-05 17:46:36,067 - utils.logger - INFO - learning rate = 0.0000055
2021-06-05 17:46:36,437 - utils.logger - INFO - Trn result of epoch 33 / 50 mse 0.0300 rmse 0.1733 pcc 0.6938 ccc 0.5287
2021-06-05 17:46:36,565 - utils.logger - INFO - Val result of epoch 33 / 50 mse 0.0432 rmse 0.2079 pcc 0.3882 ccc 0.3289
2021-06-05 17:46:36,942 - utils.logger - INFO - Cur epoch 34 loss MSE:2.1899
2021-06-05 17:46:37,325 - utils.logger - INFO - Cur epoch 34 loss MSE:0.0985
2021-06-05 17:46:37,645 - utils.logger - INFO - Cur epoch 34 loss MSE:0.0133
2021-06-05 17:46:37,646 - utils.logger - INFO - saving the model at the end of epoch 34, iters 204
2021-06-05 17:46:37,895 - utils.logger - INFO - End of training epoch 34 / 50 	 Time Taken: 1 sec, Data loading: 0 sec
2021-06-05 17:46:37,896 - utils.logger - INFO - learning rate = 0.0000052
2021-06-05 17:46:38,265 - utils.logger - INFO - Trn result of epoch 34 / 50 mse 0.0350 rmse 0.1870 pcc 0.6420 ccc 0.4849
2021-06-05 17:46:38,394 - utils.logger - INFO - Val result of epoch 34 / 50 mse 0.0484 rmse 0.2199 pcc 0.3753 ccc 0.3038
2021-06-05 17:46:38,772 - utils.logger - INFO - Cur epoch 35 loss MSE:0.1577
2021-06-05 17:46:39,148 - utils.logger - INFO - Cur epoch 35 loss MSE:0.4002
2021-06-05 17:46:39,463 - utils.logger - INFO - Cur epoch 35 loss MSE:0.0521
2021-06-05 17:46:39,463 - utils.logger - INFO - saving the model at the end of epoch 35, iters 210
2021-06-05 17:46:39,706 - utils.logger - INFO - End of training epoch 35 / 50 	 Time Taken: 1 sec, Data loading: 0 sec
2021-06-05 17:46:39,706 - utils.logger - INFO - learning rate = 0.0000048
2021-06-05 17:46:40,076 - utils.logger - INFO - Trn result of epoch 35 / 50 mse 0.0322 rmse 0.1793 pcc 0.6247 ccc 0.5405
2021-06-05 17:46:40,203 - utils.logger - INFO - Val result of epoch 35 / 50 mse 0.0477 rmse 0.2185 pcc 0.3771 ccc 0.3383
2021-06-05 17:46:40,577 - utils.logger - INFO - Cur epoch 36 loss MSE:0.1393
2021-06-05 17:46:40,962 - utils.logger - INFO - Cur epoch 36 loss MSE:0.0328
2021-06-05 17:46:41,267 - utils.logger - INFO - Cur epoch 36 loss MSE:0.4300
2021-06-05 17:46:41,268 - utils.logger - INFO - saving the model at the end of epoch 36, iters 216
2021-06-05 17:46:41,510 - utils.logger - INFO - End of training epoch 36 / 50 	 Time Taken: 1 sec, Data loading: 0 sec
2021-06-05 17:46:41,510 - utils.logger - INFO - learning rate = 0.0000045
2021-06-05 17:46:41,878 - utils.logger - INFO - Trn result of epoch 36 / 50 mse 0.0232 rmse 0.1522 pcc 0.6889 ccc 0.6479
2021-06-05 17:46:42,005 - utils.logger - INFO - Val result of epoch 36 / 50 mse 0.0435 rmse 0.2085 pcc 0.4006 ccc 0.3946
2021-06-05 17:46:42,381 - utils.logger - INFO - Cur epoch 37 loss MSE:0.0538
2021-06-05 17:46:42,761 - utils.logger - INFO - Cur epoch 37 loss MSE:0.0321
2021-06-05 17:46:43,079 - utils.logger - INFO - Cur epoch 37 loss MSE:0.2852
2021-06-05 17:46:43,080 - utils.logger - INFO - saving the model at the end of epoch 37, iters 222
2021-06-05 17:46:43,330 - utils.logger - INFO - End of training epoch 37 / 50 	 Time Taken: 1 sec, Data loading: 0 sec
2021-06-05 17:46:43,330 - utils.logger - INFO - learning rate = 0.0000042
2021-06-05 17:46:43,707 - utils.logger - INFO - Trn result of epoch 37 / 50 mse 0.0254 rmse 0.1593 pcc 0.6648 ccc 0.6434
2021-06-05 17:46:43,833 - utils.logger - INFO - Val result of epoch 37 / 50 mse 0.0474 rmse 0.2178 pcc 0.3768 ccc 0.3736
2021-06-05 17:46:44,211 - utils.logger - INFO - Cur epoch 38 loss MSE:0.0717
2021-06-05 17:46:44,587 - utils.logger - INFO - Cur epoch 38 loss MSE:0.0990
2021-06-05 17:46:44,902 - utils.logger - INFO - Cur epoch 38 loss MSE:3.2858
2021-06-05 17:46:44,902 - utils.logger - INFO - saving the model at the end of epoch 38, iters 228
2021-06-05 17:46:45,144 - utils.logger - INFO - End of training epoch 38 / 50 	 Time Taken: 1 sec, Data loading: 0 sec
2021-06-05 17:46:45,144 - utils.logger - INFO - learning rate = 0.0000039
2021-06-05 17:46:45,517 - utils.logger - INFO - Trn result of epoch 38 / 50 mse 0.0228 rmse 0.1509 pcc 0.6973 ccc 0.6487
2021-06-05 17:46:45,646 - utils.logger - INFO - Val result of epoch 38 / 50 mse 0.0403 rmse 0.2008 pcc 0.4075 ccc 0.4045
2021-06-05 17:46:46,027 - utils.logger - INFO - Cur epoch 39 loss MSE:0.0601
2021-06-05 17:46:46,404 - utils.logger - INFO - Cur epoch 39 loss MSE:0.3511
2021-06-05 17:46:46,706 - utils.logger - INFO - Cur epoch 39 loss MSE:0.6674
2021-06-05 17:46:46,707 - utils.logger - INFO - saving the model at the end of epoch 39, iters 234
2021-06-05 17:46:46,949 - utils.logger - INFO - End of training epoch 39 / 50 	 Time Taken: 1 sec, Data loading: 0 sec
2021-06-05 17:46:46,949 - utils.logger - INFO - learning rate = 0.0000035
2021-06-05 17:46:47,318 - utils.logger - INFO - Trn result of epoch 39 / 50 mse 0.0216 rmse 0.1470 pcc 0.7262 ccc 0.6490
2021-06-05 17:46:47,445 - utils.logger - INFO - Val result of epoch 39 / 50 mse 0.0369 rmse 0.1921 pcc 0.4163 ccc 0.4016
2021-06-05 17:46:47,819 - utils.logger - INFO - Cur epoch 40 loss MSE:0.3943
2021-06-05 17:46:48,194 - utils.logger - INFO - Cur epoch 40 loss MSE:0.0376
2021-06-05 17:46:48,497 - utils.logger - INFO - Cur epoch 40 loss MSE:0.1880
2021-06-05 17:46:48,497 - utils.logger - INFO - saving the model at the end of epoch 40, iters 240
2021-06-05 17:46:48,735 - utils.logger - INFO - End of training epoch 40 / 50 	 Time Taken: 1 sec, Data loading: 0 sec
2021-06-05 17:46:48,735 - utils.logger - INFO - learning rate = 0.0000032
2021-06-05 17:46:49,103 - utils.logger - INFO - Trn result of epoch 40 / 50 mse 0.0221 rmse 0.1487 pcc 0.7089 ccc 0.6651
2021-06-05 17:46:49,230 - utils.logger - INFO - Val result of epoch 40 / 50 mse 0.0415 rmse 0.2038 pcc 0.4043 ccc 0.4026
2021-06-05 17:46:49,610 - utils.logger - INFO - Cur epoch 41 loss MSE:0.0469
2021-06-05 17:46:49,986 - utils.logger - INFO - Cur epoch 41 loss MSE:0.0552
2021-06-05 17:46:50,285 - utils.logger - INFO - Cur epoch 41 loss MSE:0.1757
2021-06-05 17:46:50,285 - utils.logger - INFO - saving the model at the end of epoch 41, iters 246
2021-06-05 17:46:50,530 - utils.logger - INFO - End of training epoch 41 / 50 	 Time Taken: 1 sec, Data loading: 0 sec
2021-06-05 17:46:50,530 - utils.logger - INFO - learning rate = 0.0000029
2021-06-05 17:46:50,903 - utils.logger - INFO - Trn result of epoch 41 / 50 mse 0.0228 rmse 0.1511 pcc 0.7034 ccc 0.6277
2021-06-05 17:46:51,032 - utils.logger - INFO - Val result of epoch 41 / 50 mse 0.0386 rmse 0.1964 pcc 0.3559 ccc 0.3333
2021-06-05 17:46:51,409 - utils.logger - INFO - Cur epoch 42 loss MSE:0.0189
2021-06-05 17:46:51,791 - utils.logger - INFO - Cur epoch 42 loss MSE:0.0928
2021-06-05 17:46:52,107 - utils.logger - INFO - Cur epoch 42 loss MSE:0.3985
2021-06-05 17:46:52,107 - utils.logger - INFO - saving the model at the end of epoch 42, iters 252
2021-06-05 17:46:52,346 - utils.logger - INFO - End of training epoch 42 / 50 	 Time Taken: 1 sec, Data loading: 0 sec
2021-06-05 17:46:52,346 - utils.logger - INFO - learning rate = 0.0000026
2021-06-05 17:46:52,712 - utils.logger - INFO - Trn result of epoch 42 / 50 mse 0.0260 rmse 0.1611 pcc 0.6636 ccc 0.5906
2021-06-05 17:46:52,837 - utils.logger - INFO - Val result of epoch 42 / 50 mse 0.0396 rmse 0.1989 pcc 0.4187 ccc 0.4111
2021-06-05 17:46:53,219 - utils.logger - INFO - Cur epoch 43 loss MSE:0.1015
2021-06-05 17:46:53,597 - utils.logger - INFO - Cur epoch 43 loss MSE:0.0693
2021-06-05 17:46:53,899 - utils.logger - INFO - Cur epoch 43 loss MSE:0.3265
2021-06-05 17:46:53,899 - utils.logger - INFO - saving the model at the end of epoch 43, iters 258
2021-06-05 17:46:54,139 - utils.logger - INFO - End of training epoch 43 / 50 	 Time Taken: 1 sec, Data loading: 0 sec
2021-06-05 17:46:54,139 - utils.logger - INFO - learning rate = 0.0000023
2021-06-05 17:46:54,514 - utils.logger - INFO - Trn result of epoch 43 / 50 mse 0.0203 rmse 0.1426 pcc 0.7422 ccc 0.6842
2021-06-05 17:46:54,644 - utils.logger - INFO - Val result of epoch 43 / 50 mse 0.0396 rmse 0.1989 pcc 0.4083 ccc 0.4023
2021-06-05 17:46:55,026 - utils.logger - INFO - Cur epoch 44 loss MSE:0.3437
2021-06-05 17:46:55,407 - utils.logger - INFO - Cur epoch 44 loss MSE:0.0350
2021-06-05 17:46:55,708 - utils.logger - INFO - Cur epoch 44 loss MSE:1.2550
2021-06-05 17:46:55,708 - utils.logger - INFO - saving the model at the end of epoch 44, iters 264
2021-06-05 17:46:55,953 - utils.logger - INFO - End of training epoch 44 / 50 	 Time Taken: 1 sec, Data loading: 0 sec
2021-06-05 17:46:55,953 - utils.logger - INFO - learning rate = 0.0000019
2021-06-05 17:46:56,322 - utils.logger - INFO - Trn result of epoch 44 / 50 mse 0.0275 rmse 0.1657 pcc 0.6919 ccc 0.6095
2021-06-05 17:46:56,449 - utils.logger - INFO - Val result of epoch 44 / 50 mse 0.0458 rmse 0.2140 pcc 0.3882 ccc 0.3658
2021-06-05 17:46:56,820 - utils.logger - INFO - Cur epoch 45 loss MSE:0.0538
2021-06-05 17:46:57,196 - utils.logger - INFO - Cur epoch 45 loss MSE:0.0920
2021-06-05 17:46:57,505 - utils.logger - INFO - Cur epoch 45 loss MSE:0.3546
2021-06-05 17:46:57,506 - utils.logger - INFO - saving the model at the end of epoch 45, iters 270
2021-06-05 17:46:57,746 - utils.logger - INFO - End of training epoch 45 / 50 	 Time Taken: 1 sec, Data loading: 0 sec
2021-06-05 17:46:57,746 - utils.logger - INFO - learning rate = 0.0000016
2021-06-05 17:46:58,122 - utils.logger - INFO - Trn result of epoch 45 / 50 mse 0.0201 rmse 0.1419 pcc 0.7399 ccc 0.6861
2021-06-05 17:46:58,251 - utils.logger - INFO - Val result of epoch 45 / 50 mse 0.0399 rmse 0.1998 pcc 0.4035 ccc 0.3986
2021-06-05 17:46:58,620 - utils.logger - INFO - Cur epoch 46 loss MSE:0.4571
2021-06-05 17:46:59,001 - utils.logger - INFO - Cur epoch 46 loss MSE:0.1553
2021-06-05 17:46:59,300 - utils.logger - INFO - Cur epoch 46 loss MSE:2.6211
2021-06-05 17:46:59,300 - utils.logger - INFO - saving the model at the end of epoch 46, iters 276
2021-06-05 17:46:59,538 - utils.logger - INFO - End of training epoch 46 / 50 	 Time Taken: 1 sec, Data loading: 0 sec
2021-06-05 17:46:59,539 - utils.logger - INFO - learning rate = 0.0000013
2021-06-05 17:46:59,908 - utils.logger - INFO - Trn result of epoch 46 / 50 mse 0.0228 rmse 0.1511 pcc 0.7114 ccc 0.6521
2021-06-05 17:47:00,035 - utils.logger - INFO - Val result of epoch 46 / 50 mse 0.0399 rmse 0.1999 pcc 0.4137 ccc 0.4030
2021-06-05 17:47:00,424 - utils.logger - INFO - Cur epoch 47 loss MSE:0.0426
2021-06-05 17:47:00,801 - utils.logger - INFO - Cur epoch 47 loss MSE:0.3442
2021-06-05 17:47:01,114 - utils.logger - INFO - Cur epoch 47 loss MSE:3.1874
2021-06-05 17:47:01,115 - utils.logger - INFO - saving the model at the end of epoch 47, iters 282
2021-06-05 17:47:01,351 - utils.logger - INFO - End of training epoch 47 / 50 	 Time Taken: 1 sec, Data loading: 0 sec
2021-06-05 17:47:01,352 - utils.logger - INFO - learning rate = 0.0000010
2021-06-05 17:47:01,723 - utils.logger - INFO - Trn result of epoch 47 / 50 mse 0.0236 rmse 0.1535 pcc 0.7166 ccc 0.6423
2021-06-05 17:47:01,850 - utils.logger - INFO - Val result of epoch 47 / 50 mse 0.0415 rmse 0.2038 pcc 0.4063 ccc 0.3912
2021-06-05 17:47:02,232 - utils.logger - INFO - Cur epoch 48 loss MSE:0.0286
2021-06-05 17:47:02,606 - utils.logger - INFO - Cur epoch 48 loss MSE:0.0191
2021-06-05 17:47:02,919 - utils.logger - INFO - Cur epoch 48 loss MSE:0.0704
2021-06-05 17:47:02,919 - utils.logger - INFO - saving the model at the end of epoch 48, iters 288
2021-06-05 17:47:03,156 - utils.logger - INFO - End of training epoch 48 / 50 	 Time Taken: 1 sec, Data loading: 0 sec
2021-06-05 17:47:03,157 - utils.logger - INFO - learning rate = 0.0000006
2021-06-05 17:47:03,525 - utils.logger - INFO - Trn result of epoch 48 / 50 mse 0.0222 rmse 0.1490 pcc 0.7314 ccc 0.6641
2021-06-05 17:47:03,652 - utils.logger - INFO - Val result of epoch 48 / 50 mse 0.0399 rmse 0.1998 pcc 0.4192 ccc 0.4028
2021-06-05 17:47:04,020 - utils.logger - INFO - Cur epoch 49 loss MSE:0.0688
2021-06-05 17:47:04,400 - utils.logger - INFO - Cur epoch 49 loss MSE:0.0903
2021-06-05 17:47:04,719 - utils.logger - INFO - Cur epoch 49 loss MSE:0.1343
2021-06-05 17:47:04,719 - utils.logger - INFO - saving the model at the end of epoch 49, iters 294
2021-06-05 17:47:04,957 - utils.logger - INFO - End of training epoch 49 / 50 	 Time Taken: 1 sec, Data loading: 0 sec
2021-06-05 17:47:04,957 - utils.logger - INFO - learning rate = 0.0000003
2021-06-05 17:47:05,321 - utils.logger - INFO - Trn result of epoch 49 / 50 mse 0.0213 rmse 0.1458 pcc 0.7183 ccc 0.6759
2021-06-05 17:47:05,448 - utils.logger - INFO - Val result of epoch 49 / 50 mse 0.0387 rmse 0.1968 pcc 0.4108 ccc 0.4037
2021-06-05 17:47:05,821 - utils.logger - INFO - Cur epoch 50 loss MSE:0.0675
2021-06-05 17:47:06,192 - utils.logger - INFO - Cur epoch 50 loss MSE:2.9752
2021-06-05 17:47:06,500 - utils.logger - INFO - Cur epoch 50 loss MSE:9.8016
2021-06-05 17:47:06,500 - utils.logger - INFO - saving the model at the end of epoch 50, iters 300
2021-06-05 17:47:06,737 - utils.logger - INFO - End of training epoch 50 / 50 	 Time Taken: 1 sec, Data loading: 0 sec
2021-06-05 17:47:06,737 - utils.logger - INFO - learning rate = 0.0000000
2021-06-05 17:47:07,107 - utils.logger - INFO - Trn result of epoch 50 / 50 mse 0.0195 rmse 0.1396 pcc 0.7508 ccc 0.6974
2021-06-05 17:47:07,236 - utils.logger - INFO - Val result of epoch 50 / 50 mse 0.0378 rmse 0.1945 pcc 0.4227 ccc 0.4154
2021-06-05 17:47:07,236 - utils.logger - INFO - Best eval epoch 50 found with ccc 0.415412
2021-06-05 17:47:07,236 - utils.logger - INFO - baseline_fcfusion_norm_vggish-egemaps_valence_hidden1024_seq100_run1
