2021-06-16 15:18:31,553 - utils.logger - INFO - The number of training samples = 41
2021-06-16 15:18:35,047 - utils.logger - INFO - Cur epoch 1 loss ccc:0.1251
2021-06-16 15:18:35,703 - utils.logger - INFO - Cur epoch 1 loss ccc:0.1253
2021-06-16 15:18:36,167 - utils.logger - INFO - Cur epoch 1 loss ccc:1.0000
2021-06-16 15:18:36,168 - utils.logger - INFO - saving the model at the end of epoch 1, iters 6
2021-06-16 15:18:36,409 - utils.logger - INFO - End of training epoch 1 / 60 	 Time Taken: 2 sec, Data loading: 0 sec
2021-06-16 15:18:36,409 - utils.logger - INFO - learning rate = 0.0000500
2021-06-16 15:18:36,866 - utils.logger - INFO - Trn result of epoch 1 / 60 mse 0.0452 rmse 0.2126 pcc 0.1835 ccc 0.0005
2021-06-16 15:18:37,176 - utils.logger - INFO - Val result of epoch 1 / 60 mse 0.0380 rmse 0.1950 pcc 0.2249 ccc 0.0006
2021-06-16 15:18:37,607 - utils.logger - INFO - Cur epoch 2 loss ccc:0.1274
2021-06-16 15:18:38,074 - utils.logger - INFO - Cur epoch 2 loss ccc:0.1250
2021-06-16 15:18:38,443 - utils.logger - INFO - Cur epoch 2 loss ccc:1.0000
2021-06-16 15:18:38,443 - utils.logger - INFO - saving the model at the end of epoch 2, iters 12
2021-06-16 15:18:38,709 - utils.logger - INFO - End of training epoch 2 / 60 	 Time Taken: 1 sec, Data loading: 0 sec
2021-06-16 15:18:38,709 - utils.logger - INFO - learning rate = 0.0000500
2021-06-16 15:18:39,143 - utils.logger - INFO - Trn result of epoch 2 / 60 mse 0.0453 rmse 0.2128 pcc 0.1128 ccc 0.0006
2021-06-16 15:18:39,300 - utils.logger - INFO - Val result of epoch 2 / 60 mse 0.0381 rmse 0.1951 pcc 0.1182 ccc 0.0007
2021-06-16 15:18:39,730 - utils.logger - INFO - Cur epoch 3 loss ccc:0.1224
2021-06-16 15:18:40,158 - utils.logger - INFO - Cur epoch 3 loss ccc:0.1278
2021-06-16 15:18:40,516 - utils.logger - INFO - Cur epoch 3 loss ccc:1.0000
2021-06-16 15:18:40,517 - utils.logger - INFO - saving the model at the end of epoch 3, iters 18
2021-06-16 15:18:40,792 - utils.logger - INFO - End of training epoch 3 / 60 	 Time Taken: 1 sec, Data loading: 0 sec
2021-06-16 15:18:40,792 - utils.logger - INFO - learning rate = 0.0000500
2021-06-16 15:18:41,218 - utils.logger - INFO - Trn result of epoch 3 / 60 mse 0.0464 rmse 0.2153 pcc -0.0989 ccc -0.0040
2021-06-16 15:18:41,382 - utils.logger - INFO - Val result of epoch 3 / 60 mse 0.0387 rmse 0.1967 pcc -0.1310 ccc -0.0062
2021-06-16 15:18:41,821 - utils.logger - INFO - Cur epoch 4 loss ccc:0.1050
2021-06-16 15:18:42,256 - utils.logger - INFO - Cur epoch 4 loss ccc:0.1409
2021-06-16 15:18:42,595 - utils.logger - INFO - Cur epoch 4 loss ccc:0.9652
2021-06-16 15:18:42,595 - utils.logger - INFO - saving the model at the end of epoch 4, iters 24
2021-06-16 15:18:42,875 - utils.logger - INFO - End of training epoch 4 / 60 	 Time Taken: 1 sec, Data loading: 0 sec
2021-06-16 15:18:42,875 - utils.logger - INFO - learning rate = 0.0000500
2021-06-16 15:18:43,277 - utils.logger - INFO - Trn result of epoch 4 / 60 mse 0.0463 rmse 0.2152 pcc -0.0082 ccc -0.0005
2021-06-16 15:18:43,423 - utils.logger - INFO - Val result of epoch 4 / 60 mse 0.0386 rmse 0.1965 pcc -0.0294 ccc -0.0022
2021-06-16 15:18:43,846 - utils.logger - INFO - Cur epoch 5 loss ccc:0.1095
2021-06-16 15:18:44,278 - utils.logger - INFO - Cur epoch 5 loss ccc:0.1266
2021-06-16 15:18:44,633 - utils.logger - INFO - Cur epoch 5 loss ccc:0.9787
2021-06-16 15:18:44,633 - utils.logger - INFO - saving the model at the end of epoch 5, iters 30
2021-06-16 15:18:44,884 - utils.logger - INFO - End of training epoch 5 / 60 	 Time Taken: 1 sec, Data loading: 0 sec
2021-06-16 15:18:44,884 - utils.logger - INFO - learning rate = 0.0000500
2021-06-16 15:18:45,301 - utils.logger - INFO - Trn result of epoch 5 / 60 mse 0.0513 rmse 0.2264 pcc -0.0908 ccc -0.0163
2021-06-16 15:18:45,454 - utils.logger - INFO - Val result of epoch 5 / 60 mse 0.0423 rmse 0.2057 pcc -0.1282 ccc -0.0279
2021-06-16 15:18:45,889 - utils.logger - INFO - Cur epoch 6 loss ccc:0.1257
2021-06-16 15:18:46,319 - utils.logger - INFO - Cur epoch 6 loss ccc:0.1153
2021-06-16 15:18:46,672 - utils.logger - INFO - Cur epoch 6 loss ccc:1.0014
2021-06-16 15:18:46,673 - utils.logger - INFO - saving the model at the end of epoch 6, iters 36
2021-06-16 15:18:46,930 - utils.logger - INFO - End of training epoch 6 / 60 	 Time Taken: 1 sec, Data loading: 0 sec
2021-06-16 15:18:46,930 - utils.logger - INFO - learning rate = 0.0000500
2021-06-16 15:18:47,355 - utils.logger - INFO - Trn result of epoch 6 / 60 mse 0.0488 rmse 0.2208 pcc -0.0615 ccc -0.0086
2021-06-16 15:18:47,515 - utils.logger - INFO - Val result of epoch 6 / 60 mse 0.0404 rmse 0.2010 pcc -0.0956 ccc -0.0159
2021-06-16 15:18:47,922 - utils.logger - INFO - Cur epoch 7 loss ccc:0.1265
2021-06-16 15:18:48,341 - utils.logger - INFO - Cur epoch 7 loss ccc:0.1253
2021-06-16 15:18:48,678 - utils.logger - INFO - Cur epoch 7 loss ccc:0.9999
2021-06-16 15:18:48,678 - utils.logger - INFO - saving the model at the end of epoch 7, iters 42
2021-06-16 15:18:49,079 - utils.logger - INFO - End of training epoch 7 / 60 	 Time Taken: 1 sec, Data loading: 0 sec
2021-06-16 15:18:49,079 - utils.logger - INFO - learning rate = 0.0000500
2021-06-16 15:18:49,484 - utils.logger - INFO - Trn result of epoch 7 / 60 mse 0.0519 rmse 0.2278 pcc -0.0536 ccc -0.0121
2021-06-16 15:18:49,624 - utils.logger - INFO - Val result of epoch 7 / 60 mse 0.0430 rmse 0.2073 pcc -0.0913 ccc -0.0249
2021-06-16 15:18:50,026 - utils.logger - INFO - Cur epoch 8 loss ccc:0.1179
2021-06-16 15:18:50,433 - utils.logger - INFO - Cur epoch 8 loss ccc:0.1141
2021-06-16 15:18:50,774 - utils.logger - INFO - Cur epoch 8 loss ccc:1.0000
2021-06-16 15:18:50,774 - utils.logger - INFO - saving the model at the end of epoch 8, iters 48
2021-06-16 15:18:51,032 - utils.logger - INFO - End of training epoch 8 / 60 	 Time Taken: 1 sec, Data loading: 0 sec
2021-06-16 15:18:51,033 - utils.logger - INFO - learning rate = 0.0000500
2021-06-16 15:18:51,444 - utils.logger - INFO - Trn result of epoch 8 / 60 mse 0.0454 rmse 0.2130 pcc 0.0821 ccc 0.0085
2021-06-16 15:18:51,587 - utils.logger - INFO - Val result of epoch 8 / 60 mse 0.0379 rmse 0.1948 pcc 0.0915 ccc 0.0111
2021-06-16 15:18:52,006 - utils.logger - INFO - Cur epoch 9 loss ccc:0.0936
2021-06-16 15:18:52,447 - utils.logger - INFO - Cur epoch 9 loss ccc:0.1250
2021-06-16 15:18:52,804 - utils.logger - INFO - Cur epoch 9 loss ccc:0.8571
2021-06-16 15:18:52,804 - utils.logger - INFO - saving the model at the end of epoch 9, iters 54
2021-06-16 15:18:53,062 - utils.logger - INFO - End of training epoch 9 / 60 	 Time Taken: 1 sec, Data loading: 0 sec
2021-06-16 15:18:53,063 - utils.logger - INFO - learning rate = 0.0000500
2021-06-16 15:18:53,469 - utils.logger - INFO - Trn result of epoch 9 / 60 mse 0.0454 rmse 0.2131 pcc 0.1163 ccc 0.0134
2021-06-16 15:18:53,611 - utils.logger - INFO - Val result of epoch 9 / 60 mse 0.0379 rmse 0.1947 pcc 0.1209 ccc 0.0161
2021-06-16 15:18:54,032 - utils.logger - INFO - Cur epoch 10 loss ccc:0.1080
2021-06-16 15:18:54,453 - utils.logger - INFO - Cur epoch 10 loss ccc:0.1238
2021-06-16 15:18:54,809 - utils.logger - INFO - Cur epoch 10 loss ccc:1.0000
2021-06-16 15:18:54,810 - utils.logger - INFO - saving the model at the end of epoch 10, iters 60
2021-06-16 15:18:55,282 - utils.logger - INFO - End of training epoch 10 / 60 	 Time Taken: 1 sec, Data loading: 0 sec
2021-06-16 15:18:55,282 - utils.logger - INFO - learning rate = 0.0000490
2021-06-16 15:18:55,727 - utils.logger - INFO - Trn result of epoch 10 / 60 mse 0.0446 rmse 0.2112 pcc 0.1554 ccc 0.0084
2021-06-16 15:18:55,886 - utils.logger - INFO - Val result of epoch 10 / 60 mse 0.0375 rmse 0.1937 pcc 0.1954 ccc 0.0129
2021-06-16 15:18:56,294 - utils.logger - INFO - Cur epoch 11 loss ccc:0.1295
2021-06-16 15:18:56,709 - utils.logger - INFO - Cur epoch 11 loss ccc:0.1264
2021-06-16 15:18:57,055 - utils.logger - INFO - Cur epoch 11 loss ccc:1.0000
2021-06-16 15:18:57,056 - utils.logger - INFO - saving the model at the end of epoch 11, iters 66
2021-06-16 15:18:57,318 - utils.logger - INFO - End of training epoch 11 / 60 	 Time Taken: 1 sec, Data loading: 0 sec
2021-06-16 15:18:57,318 - utils.logger - INFO - learning rate = 0.0000480
2021-06-16 15:18:57,738 - utils.logger - INFO - Trn result of epoch 11 / 60 mse 0.0447 rmse 0.2114 pcc 0.1449 ccc 0.0075
2021-06-16 15:18:57,885 - utils.logger - INFO - Val result of epoch 11 / 60 mse 0.0376 rmse 0.1939 pcc 0.1824 ccc 0.0117
2021-06-16 15:18:58,297 - utils.logger - INFO - Cur epoch 12 loss ccc:0.1260
2021-06-16 15:18:58,730 - utils.logger - INFO - Cur epoch 12 loss ccc:0.1295
2021-06-16 15:18:59,101 - utils.logger - INFO - Cur epoch 12 loss ccc:1.0393
2021-06-16 15:18:59,101 - utils.logger - INFO - saving the model at the end of epoch 12, iters 72
2021-06-16 15:18:59,371 - utils.logger - INFO - End of training epoch 12 / 60 	 Time Taken: 1 sec, Data loading: 0 sec
2021-06-16 15:18:59,371 - utils.logger - INFO - learning rate = 0.0000471
2021-06-16 15:18:59,798 - utils.logger - INFO - Trn result of epoch 12 / 60 mse 0.0454 rmse 0.2130 pcc 0.0563 ccc 0.0004
2021-06-16 15:18:59,946 - utils.logger - INFO - Val result of epoch 12 / 60 mse 0.0381 rmse 0.1951 pcc 0.1300 ccc 0.0011
2021-06-16 15:19:00,387 - utils.logger - INFO - Cur epoch 13 loss ccc:0.1197
2021-06-16 15:19:00,801 - utils.logger - INFO - Cur epoch 13 loss ccc:0.1252
2021-06-16 15:19:01,164 - utils.logger - INFO - Cur epoch 13 loss ccc:1.0002
2021-06-16 15:19:01,164 - utils.logger - INFO - saving the model at the end of epoch 13, iters 78
2021-06-16 15:19:01,482 - utils.logger - INFO - End of training epoch 13 / 60 	 Time Taken: 1 sec, Data loading: 0 sec
2021-06-16 15:19:01,483 - utils.logger - INFO - learning rate = 0.0000461
2021-06-16 15:19:01,939 - utils.logger - INFO - Trn result of epoch 13 / 60 mse 0.0456 rmse 0.2135 pcc -0.0709 ccc -0.0006
2021-06-16 15:19:02,095 - utils.logger - INFO - Val result of epoch 13 / 60 mse 0.0382 rmse 0.1954 pcc -0.0341 ccc -0.0003
2021-06-16 15:19:02,489 - utils.logger - INFO - Cur epoch 14 loss ccc:0.1245
2021-06-16 15:19:02,920 - utils.logger - INFO - Cur epoch 14 loss ccc:0.1217
2021-06-16 15:19:03,285 - utils.logger - INFO - Cur epoch 14 loss ccc:1.0000
2021-06-16 15:19:03,286 - utils.logger - INFO - saving the model at the end of epoch 14, iters 84
2021-06-16 15:19:03,569 - utils.logger - INFO - End of training epoch 14 / 60 	 Time Taken: 1 sec, Data loading: 0 sec
2021-06-16 15:19:03,569 - utils.logger - INFO - learning rate = 0.0000451
2021-06-16 15:19:04,026 - utils.logger - INFO - Trn result of epoch 14 / 60 mse 0.0457 rmse 0.2137 pcc -0.0657 ccc -0.0007
2021-06-16 15:19:04,185 - utils.logger - INFO - Val result of epoch 14 / 60 mse 0.0382 rmse 0.1955 pcc -0.0411 ccc -0.0005
2021-06-16 15:19:04,594 - utils.logger - INFO - Cur epoch 15 loss ccc:0.1249
2021-06-16 15:19:05,007 - utils.logger - INFO - Cur epoch 15 loss ccc:0.1207
2021-06-16 15:19:05,348 - utils.logger - INFO - Cur epoch 15 loss ccc:1.0078
2021-06-16 15:19:05,348 - utils.logger - INFO - saving the model at the end of epoch 15, iters 90
2021-06-16 15:19:05,623 - utils.logger - INFO - End of training epoch 15 / 60 	 Time Taken: 1 sec, Data loading: 0 sec
2021-06-16 15:19:05,623 - utils.logger - INFO - learning rate = 0.0000441
2021-06-16 15:19:06,040 - utils.logger - INFO - Trn result of epoch 15 / 60 mse 0.0456 rmse 0.2135 pcc 0.0508 ccc 0.0004
2021-06-16 15:19:06,180 - utils.logger - INFO - Val result of epoch 15 / 60 mse 0.0382 rmse 0.1953 pcc 0.1013 ccc 0.0010
2021-06-16 15:19:06,598 - utils.logger - INFO - Cur epoch 16 loss ccc:0.1257
2021-06-16 15:19:07,006 - utils.logger - INFO - Cur epoch 16 loss ccc:0.1219
2021-06-16 15:19:07,360 - utils.logger - INFO - Cur epoch 16 loss ccc:0.9793
2021-06-16 15:19:07,361 - utils.logger - INFO - saving the model at the end of epoch 16, iters 96
2021-06-16 15:19:07,664 - utils.logger - INFO - End of training epoch 16 / 60 	 Time Taken: 1 sec, Data loading: 0 sec
2021-06-16 15:19:07,664 - utils.logger - INFO - learning rate = 0.0000431
2021-06-16 15:19:08,083 - utils.logger - INFO - Trn result of epoch 16 / 60 mse 0.0456 rmse 0.2135 pcc 0.1035 ccc 0.0012
2021-06-16 15:19:08,227 - utils.logger - INFO - Val result of epoch 16 / 60 mse 0.0381 rmse 0.1952 pcc 0.1736 ccc 0.0024
2021-06-16 15:19:08,638 - utils.logger - INFO - Cur epoch 17 loss ccc:0.1250
2021-06-16 15:19:09,075 - utils.logger - INFO - Cur epoch 17 loss ccc:0.1196
2021-06-16 15:19:09,419 - utils.logger - INFO - Cur epoch 17 loss ccc:1.0012
2021-06-16 15:19:09,419 - utils.logger - INFO - saving the model at the end of epoch 17, iters 102
2021-06-16 15:19:09,686 - utils.logger - INFO - End of training epoch 17 / 60 	 Time Taken: 1 sec, Data loading: 0 sec
2021-06-16 15:19:09,686 - utils.logger - INFO - learning rate = 0.0000422
2021-06-16 15:19:10,093 - utils.logger - INFO - Trn result of epoch 17 / 60 mse 0.0455 rmse 0.2134 pcc 0.1541 ccc 0.0023
2021-06-16 15:19:10,237 - utils.logger - INFO - Val result of epoch 17 / 60 mse 0.0381 rmse 0.1951 pcc 0.2190 ccc 0.0038
2021-06-16 15:19:10,641 - utils.logger - INFO - Cur epoch 18 loss ccc:0.1268
2021-06-16 15:19:11,070 - utils.logger - INFO - Cur epoch 18 loss ccc:0.1225
2021-06-16 15:19:11,426 - utils.logger - INFO - Cur epoch 18 loss ccc:0.9998
2021-06-16 15:19:11,427 - utils.logger - INFO - saving the model at the end of epoch 18, iters 108
2021-06-16 15:19:11,695 - utils.logger - INFO - End of training epoch 18 / 60 	 Time Taken: 1 sec, Data loading: 0 sec
2021-06-16 15:19:11,696 - utils.logger - INFO - learning rate = 0.0000412
2021-06-16 15:19:12,153 - utils.logger - INFO - Trn result of epoch 18 / 60 mse 0.0455 rmse 0.2133 pcc 0.1719 ccc 0.0032
2021-06-16 15:19:12,399 - utils.logger - INFO - Val result of epoch 18 / 60 mse 0.0380 rmse 0.1950 pcc 0.2241 ccc 0.0050
2021-06-16 15:19:12,815 - utils.logger - INFO - Cur epoch 19 loss ccc:0.1238
2021-06-16 15:19:13,244 - utils.logger - INFO - Cur epoch 19 loss ccc:0.1173
2021-06-16 15:19:13,579 - utils.logger - INFO - Cur epoch 19 loss ccc:1.0169
2021-06-16 15:19:13,579 - utils.logger - INFO - saving the model at the end of epoch 19, iters 114
2021-06-16 15:19:13,797 - utils.logger - INFO - End of training epoch 19 / 60 	 Time Taken: 1 sec, Data loading: 0 sec
2021-06-16 15:19:13,798 - utils.logger - INFO - learning rate = 0.0000402
2021-06-16 15:19:14,254 - utils.logger - INFO - Trn result of epoch 19 / 60 mse 0.0450 rmse 0.2122 pcc 0.1811 ccc 0.0076
2021-06-16 15:19:14,408 - utils.logger - INFO - Val result of epoch 19 / 60 mse 0.0377 rmse 0.1942 pcc 0.2168 ccc 0.0115
2021-06-16 15:19:14,838 - utils.logger - INFO - Cur epoch 20 loss ccc:0.1249
2021-06-16 15:19:15,272 - utils.logger - INFO - Cur epoch 20 loss ccc:0.1266
2021-06-16 15:19:15,635 - utils.logger - INFO - Cur epoch 20 loss ccc:1.0051
2021-06-16 15:19:15,635 - utils.logger - INFO - saving the model at the end of epoch 20, iters 120
2021-06-16 15:19:15,892 - utils.logger - INFO - End of training epoch 20 / 60 	 Time Taken: 1 sec, Data loading: 0 sec
2021-06-16 15:19:15,892 - utils.logger - INFO - learning rate = 0.0000392
2021-06-16 15:19:16,299 - utils.logger - INFO - Trn result of epoch 20 / 60 mse 0.0451 rmse 0.2124 pcc 0.1960 ccc 0.0079
2021-06-16 15:19:16,445 - utils.logger - INFO - Val result of epoch 20 / 60 mse 0.0377 rmse 0.1942 pcc 0.2322 ccc 0.0118
2021-06-16 15:19:16,861 - utils.logger - INFO - Cur epoch 21 loss ccc:0.1247
2021-06-16 15:19:17,274 - utils.logger - INFO - Cur epoch 21 loss ccc:0.1250
2021-06-16 15:19:17,624 - utils.logger - INFO - Cur epoch 21 loss ccc:1.0000
2021-06-16 15:19:17,624 - utils.logger - INFO - saving the model at the end of epoch 21, iters 126
2021-06-16 15:19:17,888 - utils.logger - INFO - End of training epoch 21 / 60 	 Time Taken: 1 sec, Data loading: 0 sec
2021-06-16 15:19:17,888 - utils.logger - INFO - learning rate = 0.0000382
2021-06-16 15:19:18,301 - utils.logger - INFO - Trn result of epoch 21 / 60 mse 0.0452 rmse 0.2126 pcc 0.2073 ccc 0.0083
2021-06-16 15:19:18,447 - utils.logger - INFO - Val result of epoch 21 / 60 mse 0.0377 rmse 0.1943 pcc 0.2436 ccc 0.0123
2021-06-16 15:19:18,864 - utils.logger - INFO - Cur epoch 22 loss ccc:0.1277
2021-06-16 15:19:19,283 - utils.logger - INFO - Cur epoch 22 loss ccc:0.1216
2021-06-16 15:19:19,616 - utils.logger - INFO - Cur epoch 22 loss ccc:1.0006
2021-06-16 15:19:19,616 - utils.logger - INFO - saving the model at the end of epoch 22, iters 132
2021-06-16 15:19:19,836 - utils.logger - INFO - End of training epoch 22 / 60 	 Time Taken: 1 sec, Data loading: 0 sec
2021-06-16 15:19:19,836 - utils.logger - INFO - learning rate = 0.0000373
2021-06-16 15:19:20,281 - utils.logger - INFO - Trn result of epoch 22 / 60 mse 0.0451 rmse 0.2124 pcc 0.2176 ccc 0.0101
2021-06-16 15:19:20,546 - utils.logger - INFO - Val result of epoch 22 / 60 mse 0.0377 rmse 0.1941 pcc 0.2505 ccc 0.0146
2021-06-16 15:19:20,982 - utils.logger - INFO - Cur epoch 23 loss ccc:0.1225
2021-06-16 15:19:21,390 - utils.logger - INFO - Cur epoch 23 loss ccc:0.1264
2021-06-16 15:19:21,763 - utils.logger - INFO - Cur epoch 23 loss ccc:0.9989
2021-06-16 15:19:21,763 - utils.logger - INFO - saving the model at the end of epoch 23, iters 138
2021-06-16 15:19:22,015 - utils.logger - INFO - End of training epoch 23 / 60 	 Time Taken: 1 sec, Data loading: 0 sec
2021-06-16 15:19:22,015 - utils.logger - INFO - learning rate = 0.0000363
2021-06-16 15:19:22,420 - utils.logger - INFO - Trn result of epoch 23 / 60 mse 0.0451 rmse 0.2125 pcc 0.2332 ccc 0.0108
2021-06-16 15:19:22,559 - utils.logger - INFO - Val result of epoch 23 / 60 mse 0.0377 rmse 0.1941 pcc 0.2649 ccc 0.0154
2021-06-16 15:19:22,961 - utils.logger - INFO - Cur epoch 24 loss ccc:0.1250
2021-06-16 15:19:23,379 - utils.logger - INFO - Cur epoch 24 loss ccc:0.1183
2021-06-16 15:19:23,730 - utils.logger - INFO - Cur epoch 24 loss ccc:1.0002
2021-06-16 15:19:23,730 - utils.logger - INFO - saving the model at the end of epoch 24, iters 144
2021-06-16 15:19:23,996 - utils.logger - INFO - End of training epoch 24 / 60 	 Time Taken: 1 sec, Data loading: 0 sec
2021-06-16 15:19:23,996 - utils.logger - INFO - learning rate = 0.0000353
2021-06-16 15:19:24,407 - utils.logger - INFO - Trn result of epoch 24 / 60 mse 0.0451 rmse 0.2124 pcc 0.2446 ccc 0.0124
2021-06-16 15:19:24,549 - utils.logger - INFO - Val result of epoch 24 / 60 mse 0.0376 rmse 0.1939 pcc 0.2723 ccc 0.0173
2021-06-16 15:19:24,957 - utils.logger - INFO - Cur epoch 25 loss ccc:0.1250
2021-06-16 15:19:25,382 - utils.logger - INFO - Cur epoch 25 loss ccc:0.1262
2021-06-16 15:19:25,720 - utils.logger - INFO - Cur epoch 25 loss ccc:1.0032
2021-06-16 15:19:25,720 - utils.logger - INFO - saving the model at the end of epoch 25, iters 150
2021-06-16 15:19:26,135 - utils.logger - INFO - End of training epoch 25 / 60 	 Time Taken: 1 sec, Data loading: 0 sec
2021-06-16 15:19:26,136 - utils.logger - INFO - learning rate = 0.0000343
2021-06-16 15:19:26,560 - utils.logger - INFO - Trn result of epoch 25 / 60 mse 0.0446 rmse 0.2111 pcc 0.3027 ccc 0.0266
2021-06-16 15:19:26,719 - utils.logger - INFO - Val result of epoch 25 / 60 mse 0.0371 rmse 0.1925 pcc 0.3215 ccc 0.0341
2021-06-16 15:19:27,142 - utils.logger - INFO - Cur epoch 26 loss ccc:0.1248
2021-06-16 15:19:27,568 - utils.logger - INFO - Cur epoch 26 loss ccc:0.1237
2021-06-16 15:19:27,927 - utils.logger - INFO - Cur epoch 26 loss ccc:0.9928
2021-06-16 15:19:27,928 - utils.logger - INFO - saving the model at the end of epoch 26, iters 156
2021-06-16 15:19:28,189 - utils.logger - INFO - End of training epoch 26 / 60 	 Time Taken: 1 sec, Data loading: 0 sec
2021-06-16 15:19:28,189 - utils.logger - INFO - learning rate = 0.0000333
2021-06-16 15:19:28,606 - utils.logger - INFO - Trn result of epoch 26 / 60 mse 0.0423 rmse 0.2058 pcc 0.3814 ccc 0.1123
2021-06-16 15:19:28,758 - utils.logger - INFO - Val result of epoch 26 / 60 mse 0.0341 rmse 0.1846 pcc 0.4336 ccc 0.1502
2021-06-16 15:19:29,180 - utils.logger - INFO - Cur epoch 27 loss ccc:0.1328
2021-06-16 15:19:29,602 - utils.logger - INFO - Cur epoch 27 loss ccc:0.1357
2021-06-16 15:19:29,948 - utils.logger - INFO - Cur epoch 27 loss ccc:1.0010
2021-06-16 15:19:29,948 - utils.logger - INFO - saving the model at the end of epoch 27, iters 162
2021-06-16 15:19:30,209 - utils.logger - INFO - End of training epoch 27 / 60 	 Time Taken: 1 sec, Data loading: 0 sec
2021-06-16 15:19:30,210 - utils.logger - INFO - learning rate = 0.0000324
2021-06-16 15:19:30,623 - utils.logger - INFO - Trn result of epoch 27 / 60 mse 0.1285 rmse 0.3585 pcc 0.0633 ccc 0.0089
2021-06-16 15:19:30,766 - utils.logger - INFO - Val result of epoch 27 / 60 mse 0.1078 rmse 0.3284 pcc 0.1203 ccc 0.0187
2021-06-16 15:19:31,176 - utils.logger - INFO - Cur epoch 28 loss ccc:0.1272
2021-06-16 15:19:31,591 - utils.logger - INFO - Cur epoch 28 loss ccc:0.1246
2021-06-16 15:19:31,952 - utils.logger - INFO - Cur epoch 28 loss ccc:1.0004
2021-06-16 15:19:31,952 - utils.logger - INFO - saving the model at the end of epoch 28, iters 168
2021-06-16 15:19:32,206 - utils.logger - INFO - End of training epoch 28 / 60 	 Time Taken: 1 sec, Data loading: 0 sec
2021-06-16 15:19:32,206 - utils.logger - INFO - learning rate = 0.0000314
2021-06-16 15:19:32,616 - utils.logger - INFO - Trn result of epoch 28 / 60 mse 0.1231 rmse 0.3509 pcc 0.0920 ccc 0.0196
2021-06-16 15:19:32,755 - utils.logger - INFO - Val result of epoch 28 / 60 mse 0.1029 rmse 0.3208 pcc 0.1324 ccc 0.0313
2021-06-16 15:19:33,168 - utils.logger - INFO - Cur epoch 29 loss ccc:0.1279
2021-06-16 15:19:33,585 - utils.logger - INFO - Cur epoch 29 loss ccc:0.1227
2021-06-16 15:19:33,911 - utils.logger - INFO - Cur epoch 29 loss ccc:0.9900
2021-06-16 15:19:33,912 - utils.logger - INFO - saving the model at the end of epoch 29, iters 174
2021-06-16 15:19:34,152 - utils.logger - INFO - End of training epoch 29 / 60 	 Time Taken: 1 sec, Data loading: 0 sec
2021-06-16 15:19:34,152 - utils.logger - INFO - learning rate = 0.0000304
2021-06-16 15:19:34,560 - utils.logger - INFO - Trn result of epoch 29 / 60 mse 0.1443 rmse 0.3798 pcc 0.0419 ccc 0.0046
2021-06-16 15:19:34,701 - utils.logger - INFO - Val result of epoch 29 / 60 mse 0.1224 rmse 0.3499 pcc 0.0926 ccc 0.0110
2021-06-16 15:19:35,085 - utils.logger - INFO - Cur epoch 30 loss ccc:0.1239
2021-06-16 15:19:35,473 - utils.logger - INFO - Cur epoch 30 loss ccc:0.1215
2021-06-16 15:19:35,802 - utils.logger - INFO - Cur epoch 30 loss ccc:0.9995
2021-06-16 15:19:35,802 - utils.logger - INFO - saving the model at the end of epoch 30, iters 180
2021-06-16 15:19:36,188 - utils.logger - INFO - End of training epoch 30 / 60 	 Time Taken: 1 sec, Data loading: 0 sec
2021-06-16 15:19:36,189 - utils.logger - INFO - learning rate = 0.0000294
2021-06-16 15:19:36,609 - utils.logger - INFO - Trn result of epoch 30 / 60 mse 0.0795 rmse 0.2819 pcc 0.2914 ccc 0.2312
2021-06-16 15:19:36,748 - utils.logger - INFO - Val result of epoch 30 / 60 mse 0.0967 rmse 0.3110 pcc 0.3329 ccc 0.2393
2021-06-16 15:19:37,170 - utils.logger - INFO - Cur epoch 31 loss ccc:0.1250
2021-06-16 15:19:37,583 - utils.logger - INFO - Cur epoch 31 loss ccc:0.1230
2021-06-16 15:19:37,931 - utils.logger - INFO - Cur epoch 31 loss ccc:1.0002
2021-06-16 15:19:37,931 - utils.logger - INFO - saving the model at the end of epoch 31, iters 186
2021-06-16 15:19:38,187 - utils.logger - INFO - End of training epoch 31 / 60 	 Time Taken: 1 sec, Data loading: 0 sec
2021-06-16 15:19:38,188 - utils.logger - INFO - learning rate = 0.0000284
2021-06-16 15:19:38,639 - utils.logger - INFO - Trn result of epoch 31 / 60 mse 0.3565 rmse 0.5971 pcc 0.0487 ccc 0.0057
2021-06-16 15:19:38,805 - utils.logger - INFO - Val result of epoch 31 / 60 mse 0.3205 rmse 0.5661 pcc 0.1078 ccc 0.0133
2021-06-16 15:19:39,224 - utils.logger - INFO - Cur epoch 32 loss ccc:0.1178
2021-06-16 15:19:39,652 - utils.logger - INFO - Cur epoch 32 loss ccc:0.1255
2021-06-16 15:19:40,000 - utils.logger - INFO - Cur epoch 32 loss ccc:0.9991
2021-06-16 15:19:40,000 - utils.logger - INFO - saving the model at the end of epoch 32, iters 192
2021-06-16 15:19:40,242 - utils.logger - INFO - End of training epoch 32 / 60 	 Time Taken: 1 sec, Data loading: 0 sec
2021-06-16 15:19:40,242 - utils.logger - INFO - learning rate = 0.0000275
2021-06-16 15:19:40,650 - utils.logger - INFO - Trn result of epoch 32 / 60 mse 0.3080 rmse 0.5549 pcc 0.0959 ccc 0.0196
2021-06-16 15:19:40,788 - utils.logger - INFO - Val result of epoch 32 / 60 mse 0.2769 rmse 0.5262 pcc 0.0628 ccc 0.0140
2021-06-16 15:19:41,186 - utils.logger - INFO - Cur epoch 33 loss ccc:0.1250
2021-06-16 15:19:41,586 - utils.logger - INFO - Cur epoch 33 loss ccc:0.1267
2021-06-16 15:19:41,948 - utils.logger - INFO - Cur epoch 33 loss ccc:0.9992
2021-06-16 15:19:41,948 - utils.logger - INFO - saving the model at the end of epoch 33, iters 198
2021-06-16 15:19:42,239 - utils.logger - INFO - End of training epoch 33 / 60 	 Time Taken: 1 sec, Data loading: 0 sec
2021-06-16 15:19:42,240 - utils.logger - INFO - learning rate = 0.0000265
2021-06-16 15:19:42,649 - utils.logger - INFO - Trn result of epoch 33 / 60 mse 0.2897 rmse 0.5383 pcc 0.1047 ccc 0.0227
2021-06-16 15:19:42,790 - utils.logger - INFO - Val result of epoch 33 / 60 mse 0.2593 rmse 0.5092 pcc -0.0318 ccc -0.0084
2021-06-16 15:19:43,203 - utils.logger - INFO - Cur epoch 34 loss ccc:0.1250
2021-06-16 15:19:43,629 - utils.logger - INFO - Cur epoch 34 loss ccc:0.1324
2021-06-16 15:19:43,981 - utils.logger - INFO - Cur epoch 34 loss ccc:1.0011
2021-06-16 15:19:43,982 - utils.logger - INFO - saving the model at the end of epoch 34, iters 204
2021-06-16 15:19:44,240 - utils.logger - INFO - End of training epoch 34 / 60 	 Time Taken: 1 sec, Data loading: 0 sec
2021-06-16 15:19:44,240 - utils.logger - INFO - learning rate = 0.0000255
2021-06-16 15:19:44,692 - utils.logger - INFO - Trn result of epoch 34 / 60 mse 0.3171 rmse 0.5631 pcc 0.0533 ccc 0.0065
2021-06-16 15:19:44,851 - utils.logger - INFO - Val result of epoch 34 / 60 mse 0.2835 rmse 0.5324 pcc 0.1138 ccc 0.0146
2021-06-16 15:19:45,258 - utils.logger - INFO - Cur epoch 35 loss ccc:0.1092
2021-06-16 15:19:45,694 - utils.logger - INFO - Cur epoch 35 loss ccc:0.1231
2021-06-16 15:19:46,042 - utils.logger - INFO - Cur epoch 35 loss ccc:1.0025
2021-06-16 15:19:46,042 - utils.logger - INFO - saving the model at the end of epoch 35, iters 210
2021-06-16 15:19:46,300 - utils.logger - INFO - End of training epoch 35 / 60 	 Time Taken: 1 sec, Data loading: 0 sec
2021-06-16 15:19:46,300 - utils.logger - INFO - learning rate = 0.0000245
2021-06-16 15:19:46,711 - utils.logger - INFO - Trn result of epoch 35 / 60 mse 0.2543 rmse 0.5043 pcc 0.1681 ccc 0.0449
2021-06-16 15:19:46,859 - utils.logger - INFO - Val result of epoch 35 / 60 mse 0.2364 rmse 0.4862 pcc -0.0029 ccc -0.0009
2021-06-16 15:19:47,273 - utils.logger - INFO - Cur epoch 36 loss ccc:0.1236
2021-06-16 15:19:47,694 - utils.logger - INFO - Cur epoch 36 loss ccc:0.1326
2021-06-16 15:19:48,048 - utils.logger - INFO - Cur epoch 36 loss ccc:0.9998
2021-06-16 15:19:48,048 - utils.logger - INFO - saving the model at the end of epoch 36, iters 216
2021-06-16 15:19:48,299 - utils.logger - INFO - End of training epoch 36 / 60 	 Time Taken: 1 sec, Data loading: 0 sec
2021-06-16 15:19:48,299 - utils.logger - INFO - learning rate = 0.0000235
2021-06-16 15:19:48,702 - utils.logger - INFO - Trn result of epoch 36 / 60 mse 0.0411 rmse 0.2028 pcc 0.3620 ccc 0.1548
2021-06-16 15:19:48,843 - utils.logger - INFO - Val result of epoch 36 / 60 mse 0.0323 rmse 0.1796 pcc 0.4328 ccc 0.2376
2021-06-16 15:19:49,270 - utils.logger - INFO - Cur epoch 37 loss ccc:0.1005
2021-06-16 15:19:49,685 - utils.logger - INFO - Cur epoch 37 loss ccc:0.1273
2021-06-16 15:19:50,018 - utils.logger - INFO - Cur epoch 37 loss ccc:1.0000
2021-06-16 15:19:50,019 - utils.logger - INFO - saving the model at the end of epoch 37, iters 222
2021-06-16 15:19:50,282 - utils.logger - INFO - End of training epoch 37 / 60 	 Time Taken: 1 sec, Data loading: 0 sec
2021-06-16 15:19:50,282 - utils.logger - INFO - learning rate = 0.0000225
2021-06-16 15:19:50,693 - utils.logger - INFO - Trn result of epoch 37 / 60 mse 0.0429 rmse 0.2071 pcc 0.3213 ccc 0.0908
2021-06-16 15:19:50,838 - utils.logger - INFO - Val result of epoch 37 / 60 mse 0.0356 rmse 0.1887 pcc 0.3808 ccc 0.0864
2021-06-16 15:19:51,235 - utils.logger - INFO - Cur epoch 38 loss ccc:0.1173
2021-06-16 15:19:51,650 - utils.logger - INFO - Cur epoch 38 loss ccc:0.1236
2021-06-16 15:19:51,991 - utils.logger - INFO - Cur epoch 38 loss ccc:1.0047
2021-06-16 15:19:51,991 - utils.logger - INFO - saving the model at the end of epoch 38, iters 228
2021-06-16 15:19:52,246 - utils.logger - INFO - End of training epoch 38 / 60 	 Time Taken: 1 sec, Data loading: 0 sec
2021-06-16 15:19:52,246 - utils.logger - INFO - learning rate = 0.0000216
2021-06-16 15:19:52,681 - utils.logger - INFO - Trn result of epoch 38 / 60 mse 0.0398 rmse 0.1994 pcc 0.3550 ccc 0.1700
2021-06-16 15:19:52,839 - utils.logger - INFO - Val result of epoch 38 / 60 mse 0.0316 rmse 0.1777 pcc 0.4251 ccc 0.2523
2021-06-16 15:19:53,239 - utils.logger - INFO - Cur epoch 39 loss ccc:0.1242
2021-06-16 15:19:53,660 - utils.logger - INFO - Cur epoch 39 loss ccc:0.1399
2021-06-16 15:19:53,998 - utils.logger - INFO - Cur epoch 39 loss ccc:0.9281
2021-06-16 15:19:53,998 - utils.logger - INFO - saving the model at the end of epoch 39, iters 234
2021-06-16 15:19:54,267 - utils.logger - INFO - End of training epoch 39 / 60 	 Time Taken: 1 sec, Data loading: 0 sec
2021-06-16 15:19:54,268 - utils.logger - INFO - learning rate = 0.0000206
2021-06-16 15:19:54,682 - utils.logger - INFO - Trn result of epoch 39 / 60 mse 0.0398 rmse 0.1996 pcc 0.3579 ccc 0.1827
2021-06-16 15:19:54,840 - utils.logger - INFO - Val result of epoch 39 / 60 mse 0.0313 rmse 0.1770 pcc 0.4332 ccc 0.2741
2021-06-16 15:19:55,270 - utils.logger - INFO - Cur epoch 40 loss ccc:0.1161
2021-06-16 15:19:55,703 - utils.logger - INFO - Cur epoch 40 loss ccc:0.1316
2021-06-16 15:19:56,072 - utils.logger - INFO - Cur epoch 40 loss ccc:0.9681
2021-06-16 15:19:56,072 - utils.logger - INFO - saving the model at the end of epoch 40, iters 240
2021-06-16 15:19:56,335 - utils.logger - INFO - End of training epoch 40 / 60 	 Time Taken: 1 sec, Data loading: 0 sec
2021-06-16 15:19:56,335 - utils.logger - INFO - learning rate = 0.0000196
2021-06-16 15:19:56,744 - utils.logger - INFO - Trn result of epoch 40 / 60 mse 0.0395 rmse 0.1987 pcc 0.3625 ccc 0.1906
2021-06-16 15:19:56,884 - utils.logger - INFO - Val result of epoch 40 / 60 mse 0.0311 rmse 0.1763 pcc 0.4377 ccc 0.2823
2021-06-16 15:19:57,299 - utils.logger - INFO - Cur epoch 41 loss ccc:0.1224
2021-06-16 15:19:57,731 - utils.logger - INFO - Cur epoch 41 loss ccc:0.1113
2021-06-16 15:19:58,083 - utils.logger - INFO - Cur epoch 41 loss ccc:1.0007
2021-06-16 15:19:58,084 - utils.logger - INFO - saving the model at the end of epoch 41, iters 246
2021-06-16 15:19:58,333 - utils.logger - INFO - End of training epoch 41 / 60 	 Time Taken: 1 sec, Data loading: 0 sec
2021-06-16 15:19:58,334 - utils.logger - INFO - learning rate = 0.0000186
2021-06-16 15:19:58,784 - utils.logger - INFO - Trn result of epoch 41 / 60 mse 0.0396 rmse 0.1990 pcc 0.3650 ccc 0.1911
2021-06-16 15:19:58,944 - utils.logger - INFO - Val result of epoch 41 / 60 mse 0.0311 rmse 0.1762 pcc 0.4421 ccc 0.2838
2021-06-16 15:19:59,344 - utils.logger - INFO - Cur epoch 42 loss ccc:0.1131
2021-06-16 15:19:59,770 - utils.logger - INFO - Cur epoch 42 loss ccc:0.1050
2021-06-16 15:20:00,107 - utils.logger - INFO - Cur epoch 42 loss ccc:0.9820
2021-06-16 15:20:00,107 - utils.logger - INFO - saving the model at the end of epoch 42, iters 252
2021-06-16 15:20:00,383 - utils.logger - INFO - End of training epoch 42 / 60 	 Time Taken: 1 sec, Data loading: 0 sec
2021-06-16 15:20:00,383 - utils.logger - INFO - learning rate = 0.0000176
2021-06-16 15:20:00,800 - utils.logger - INFO - Trn result of epoch 42 / 60 mse 0.0406 rmse 0.2016 pcc 0.3671 ccc 0.1757
2021-06-16 15:20:00,942 - utils.logger - INFO - Val result of epoch 42 / 60 mse 0.0315 rmse 0.1776 pcc 0.4492 ccc 0.2711
2021-06-16 15:20:01,365 - utils.logger - INFO - Cur epoch 43 loss ccc:0.1058
2021-06-16 15:20:01,798 - utils.logger - INFO - Cur epoch 43 loss ccc:0.1192
2021-06-16 15:20:02,161 - utils.logger - INFO - Cur epoch 43 loss ccc:1.0008
2021-06-16 15:20:02,161 - utils.logger - INFO - saving the model at the end of epoch 43, iters 258
2021-06-16 15:20:02,421 - utils.logger - INFO - End of training epoch 43 / 60 	 Time Taken: 1 sec, Data loading: 0 sec
2021-06-16 15:20:02,422 - utils.logger - INFO - learning rate = 0.0000167
2021-06-16 15:20:02,862 - utils.logger - INFO - Trn result of epoch 43 / 60 mse 0.0411 rmse 0.2027 pcc 0.3675 ccc 0.1741
2021-06-16 15:20:03,021 - utils.logger - INFO - Val result of epoch 43 / 60 mse 0.0318 rmse 0.1782 pcc 0.4520 ccc 0.2706
2021-06-16 15:20:03,443 - utils.logger - INFO - Cur epoch 44 loss ccc:0.1151
2021-06-16 15:20:03,882 - utils.logger - INFO - Cur epoch 44 loss ccc:0.1237
2021-06-16 15:20:04,226 - utils.logger - INFO - Cur epoch 44 loss ccc:1.0695
2021-06-16 15:20:04,226 - utils.logger - INFO - saving the model at the end of epoch 44, iters 264
2021-06-16 15:20:04,489 - utils.logger - INFO - End of training epoch 44 / 60 	 Time Taken: 1 sec, Data loading: 0 sec
2021-06-16 15:20:04,489 - utils.logger - INFO - learning rate = 0.0000157
2021-06-16 15:20:04,916 - utils.logger - INFO - Trn result of epoch 44 / 60 mse 0.0440 rmse 0.2098 pcc 0.3499 ccc 0.1477
2021-06-16 15:20:05,058 - utils.logger - INFO - Val result of epoch 44 / 60 mse 0.0340 rmse 0.1843 pcc 0.4369 ccc 0.2333
2021-06-16 15:20:05,480 - utils.logger - INFO - Cur epoch 45 loss ccc:0.1178
2021-06-16 15:20:05,893 - utils.logger - INFO - Cur epoch 45 loss ccc:0.1020
2021-06-16 15:20:06,223 - utils.logger - INFO - Cur epoch 45 loss ccc:1.0021
2021-06-16 15:20:06,224 - utils.logger - INFO - saving the model at the end of epoch 45, iters 270
2021-06-16 15:20:06,641 - utils.logger - INFO - End of training epoch 45 / 60 	 Time Taken: 1 sec, Data loading: 0 sec
2021-06-16 15:20:06,641 - utils.logger - INFO - learning rate = 0.0000147
2021-06-16 15:20:07,050 - utils.logger - INFO - Trn result of epoch 45 / 60 mse 0.0427 rmse 0.2067 pcc 0.3589 ccc 0.1581
2021-06-16 15:20:07,207 - utils.logger - INFO - Val result of epoch 45 / 60 mse 0.0330 rmse 0.1816 pcc 0.4456 ccc 0.2470
2021-06-16 15:20:07,637 - utils.logger - INFO - Cur epoch 46 loss ccc:0.1253
2021-06-16 15:20:08,072 - utils.logger - INFO - Cur epoch 46 loss ccc:0.0972
2021-06-16 15:20:08,424 - utils.logger - INFO - Cur epoch 46 loss ccc:1.0000
2021-06-16 15:20:08,424 - utils.logger - INFO - saving the model at the end of epoch 46, iters 276
2021-06-16 15:20:08,838 - utils.logger - INFO - End of training epoch 46 / 60 	 Time Taken: 1 sec, Data loading: 0 sec
2021-06-16 15:20:08,839 - utils.logger - INFO - learning rate = 0.0000137
2021-06-16 15:20:09,269 - utils.logger - INFO - Trn result of epoch 46 / 60 mse 0.0420 rmse 0.2050 pcc 0.3639 ccc 0.1667
2021-06-16 15:20:09,409 - utils.logger - INFO - Val result of epoch 46 / 60 mse 0.0324 rmse 0.1800 pcc 0.4513 ccc 0.2583
2021-06-16 15:20:09,827 - utils.logger - INFO - Cur epoch 47 loss ccc:0.1104
2021-06-16 15:20:10,240 - utils.logger - INFO - Cur epoch 47 loss ccc:0.1057
2021-06-16 15:20:10,560 - utils.logger - INFO - Cur epoch 47 loss ccc:0.9999
2021-06-16 15:20:10,560 - utils.logger - INFO - saving the model at the end of epoch 47, iters 282
2021-06-16 15:20:10,841 - utils.logger - INFO - End of training epoch 47 / 60 	 Time Taken: 1 sec, Data loading: 0 sec
2021-06-16 15:20:10,841 - utils.logger - INFO - learning rate = 0.0000127
2021-06-16 15:20:11,249 - utils.logger - INFO - Trn result of epoch 47 / 60 mse 0.0419 rmse 0.2047 pcc 0.3655 ccc 0.1707
2021-06-16 15:20:11,393 - utils.logger - INFO - Val result of epoch 47 / 60 mse 0.0323 rmse 0.1797 pcc 0.4531 ccc 0.2634
2021-06-16 15:20:11,801 - utils.logger - INFO - Cur epoch 48 loss ccc:0.1094
2021-06-16 15:20:12,204 - utils.logger - INFO - Cur epoch 48 loss ccc:0.1250
2021-06-16 15:20:12,563 - utils.logger - INFO - Cur epoch 48 loss ccc:0.9956
2021-06-16 15:20:12,563 - utils.logger - INFO - saving the model at the end of epoch 48, iters 288
2021-06-16 15:20:12,984 - utils.logger - INFO - End of training epoch 48 / 60 	 Time Taken: 1 sec, Data loading: 0 sec
2021-06-16 15:20:12,985 - utils.logger - INFO - learning rate = 0.0000118
2021-06-16 15:20:13,398 - utils.logger - INFO - Trn result of epoch 48 / 60 mse 0.0388 rmse 0.1970 pcc 0.3840 ccc 0.2050
2021-06-16 15:20:13,538 - utils.logger - INFO - Val result of epoch 48 / 60 mse 0.0302 rmse 0.1738 pcc 0.4683 ccc 0.3056
2021-06-16 15:20:13,950 - utils.logger - INFO - Cur epoch 49 loss ccc:0.1215
2021-06-16 15:20:14,343 - utils.logger - INFO - Cur epoch 49 loss ccc:0.1156
2021-06-16 15:20:14,715 - utils.logger - INFO - Cur epoch 49 loss ccc:0.9991
2021-06-16 15:20:14,716 - utils.logger - INFO - saving the model at the end of epoch 49, iters 294
2021-06-16 15:20:14,925 - utils.logger - INFO - End of training epoch 49 / 60 	 Time Taken: 1 sec, Data loading: 0 sec
2021-06-16 15:20:14,926 - utils.logger - INFO - learning rate = 0.0000108
2021-06-16 15:20:15,383 - utils.logger - INFO - Trn result of epoch 49 / 60 mse 0.0386 rmse 0.1964 pcc 0.3850 ccc 0.2091
2021-06-16 15:20:15,546 - utils.logger - INFO - Val result of epoch 49 / 60 mse 0.0301 rmse 0.1735 pcc 0.4672 ccc 0.3095
2021-06-16 15:20:15,963 - utils.logger - INFO - Cur epoch 50 loss ccc:0.1255
2021-06-16 15:20:16,385 - utils.logger - INFO - Cur epoch 50 loss ccc:0.1213
2021-06-16 15:20:16,733 - utils.logger - INFO - Cur epoch 50 loss ccc:1.1016
2021-06-16 15:20:16,733 - utils.logger - INFO - saving the model at the end of epoch 50, iters 300
2021-06-16 15:20:17,370 - utils.logger - INFO - End of training epoch 50 / 60 	 Time Taken: 1 sec, Data loading: 0 sec
2021-06-16 15:20:17,370 - utils.logger - INFO - learning rate = 0.0000098
2021-06-16 15:20:17,836 - utils.logger - INFO - Trn result of epoch 50 / 60 mse 0.0394 rmse 0.1986 pcc 0.3816 ccc 0.1979
2021-06-16 15:20:17,995 - utils.logger - INFO - Val result of epoch 50 / 60 mse 0.0306 rmse 0.1748 pcc 0.4671 ccc 0.2965
2021-06-16 15:20:18,411 - utils.logger - INFO - Cur epoch 51 loss ccc:0.1220
2021-06-16 15:20:18,833 - utils.logger - INFO - Cur epoch 51 loss ccc:0.1224
2021-06-16 15:20:19,178 - utils.logger - INFO - Cur epoch 51 loss ccc:0.8259
2021-06-16 15:20:19,178 - utils.logger - INFO - saving the model at the end of epoch 51, iters 306
2021-06-16 15:20:19,438 - utils.logger - INFO - End of training epoch 51 / 60 	 Time Taken: 1 sec, Data loading: 0 sec
2021-06-16 15:20:19,439 - utils.logger - INFO - learning rate = 0.0000088
2021-06-16 15:20:19,850 - utils.logger - INFO - Trn result of epoch 51 / 60 mse 0.0421 rmse 0.2053 pcc 0.3658 ccc 0.1776
2021-06-16 15:20:19,990 - utils.logger - INFO - Val result of epoch 51 / 60 mse 0.0324 rmse 0.1800 pcc 0.4552 ccc 0.2724
2021-06-16 15:20:20,408 - utils.logger - INFO - Cur epoch 52 loss ccc:0.1208
2021-06-16 15:20:20,855 - utils.logger - INFO - Cur epoch 52 loss ccc:0.1100
2021-06-16 15:20:21,216 - utils.logger - INFO - Cur epoch 52 loss ccc:1.1797
2021-06-16 15:20:21,216 - utils.logger - INFO - saving the model at the end of epoch 52, iters 312
2021-06-16 15:20:21,482 - utils.logger - INFO - End of training epoch 52 / 60 	 Time Taken: 1 sec, Data loading: 0 sec
2021-06-16 15:20:21,483 - utils.logger - INFO - learning rate = 0.0000078
2021-06-16 15:20:21,923 - utils.logger - INFO - Trn result of epoch 52 / 60 mse 0.0389 rmse 0.1972 pcc 0.3841 ccc 0.2122
2021-06-16 15:20:22,082 - utils.logger - INFO - Val result of epoch 52 / 60 mse 0.0303 rmse 0.1741 pcc 0.4647 ccc 0.3105
2021-06-16 15:20:22,491 - utils.logger - INFO - Cur epoch 53 loss ccc:0.1240
2021-06-16 15:20:22,918 - utils.logger - INFO - Cur epoch 53 loss ccc:0.1250
2021-06-16 15:20:23,291 - utils.logger - INFO - Cur epoch 53 loss ccc:0.6049
2021-06-16 15:20:23,291 - utils.logger - INFO - saving the model at the end of epoch 53, iters 318
2021-06-16 15:20:23,556 - utils.logger - INFO - End of training epoch 53 / 60 	 Time Taken: 1 sec, Data loading: 0 sec
2021-06-16 15:20:23,556 - utils.logger - INFO - learning rate = 0.0000069
2021-06-16 15:20:23,960 - utils.logger - INFO - Trn result of epoch 53 / 60 mse 0.0421 rmse 0.2053 pcc 0.3658 ccc 0.1818
2021-06-16 15:20:24,104 - utils.logger - INFO - Val result of epoch 53 / 60 mse 0.0325 rmse 0.1803 pcc 0.4514 ccc 0.2742
2021-06-16 15:20:24,511 - utils.logger - INFO - Cur epoch 54 loss ccc:0.0807
2021-06-16 15:20:24,906 - utils.logger - INFO - Cur epoch 54 loss ccc:0.1008
2021-06-16 15:20:25,243 - utils.logger - INFO - Cur epoch 54 loss ccc:1.0618
2021-06-16 15:20:25,243 - utils.logger - INFO - saving the model at the end of epoch 54, iters 324
2021-06-16 15:20:25,499 - utils.logger - INFO - End of training epoch 54 / 60 	 Time Taken: 1 sec, Data loading: 0 sec
2021-06-16 15:20:25,499 - utils.logger - INFO - learning rate = 0.0000059
2021-06-16 15:20:25,918 - utils.logger - INFO - Trn result of epoch 54 / 60 mse 0.0419 rmse 0.2047 pcc 0.3676 ccc 0.1854
2021-06-16 15:20:26,062 - utils.logger - INFO - Val result of epoch 54 / 60 mse 0.0323 rmse 0.1796 pcc 0.4549 ccc 0.2797
2021-06-16 15:20:26,481 - utils.logger - INFO - Cur epoch 55 loss ccc:0.0986
2021-06-16 15:20:26,903 - utils.logger - INFO - Cur epoch 55 loss ccc:0.1245
2021-06-16 15:20:27,266 - utils.logger - INFO - Cur epoch 55 loss ccc:0.7728
2021-06-16 15:20:27,267 - utils.logger - INFO - saving the model at the end of epoch 55, iters 330
2021-06-16 15:20:27,535 - utils.logger - INFO - End of training epoch 55 / 60 	 Time Taken: 1 sec, Data loading: 0 sec
2021-06-16 15:20:27,536 - utils.logger - INFO - learning rate = 0.0000049
2021-06-16 15:20:27,969 - utils.logger - INFO - Trn result of epoch 55 / 60 mse 0.0404 rmse 0.2010 pcc 0.3751 ccc 0.1999
2021-06-16 15:20:28,124 - utils.logger - INFO - Val result of epoch 55 / 60 mse 0.0311 rmse 0.1764 pcc 0.4642 ccc 0.3007
2021-06-16 15:20:28,539 - utils.logger - INFO - Cur epoch 56 loss ccc:0.1221
2021-06-16 15:20:28,959 - utils.logger - INFO - Cur epoch 56 loss ccc:0.1179
2021-06-16 15:20:29,310 - utils.logger - INFO - Cur epoch 56 loss ccc:1.0000
2021-06-16 15:20:29,310 - utils.logger - INFO - saving the model at the end of epoch 56, iters 336
2021-06-16 15:20:29,578 - utils.logger - INFO - End of training epoch 56 / 60 	 Time Taken: 1 sec, Data loading: 0 sec
2021-06-16 15:20:29,579 - utils.logger - INFO - learning rate = 0.0000039
2021-06-16 15:20:29,974 - utils.logger - INFO - Trn result of epoch 56 / 60 mse 0.0404 rmse 0.2010 pcc 0.3755 ccc 0.2023
2021-06-16 15:20:30,114 - utils.logger - INFO - Val result of epoch 56 / 60 mse 0.0311 rmse 0.1762 pcc 0.4655 ccc 0.3048
2021-06-16 15:20:30,530 - utils.logger - INFO - Cur epoch 57 loss ccc:0.1001
2021-06-16 15:20:30,966 - utils.logger - INFO - Cur epoch 57 loss ccc:0.1219
2021-06-16 15:20:31,299 - utils.logger - INFO - Cur epoch 57 loss ccc:0.6192
2021-06-16 15:20:31,299 - utils.logger - INFO - saving the model at the end of epoch 57, iters 342
2021-06-16 15:20:31,587 - utils.logger - INFO - End of training epoch 57 / 60 	 Time Taken: 1 sec, Data loading: 0 sec
2021-06-16 15:20:31,587 - utils.logger - INFO - learning rate = 0.0000029
2021-06-16 15:20:32,000 - utils.logger - INFO - Trn result of epoch 57 / 60 mse 0.0419 rmse 0.2046 pcc 0.3685 ccc 0.1899
2021-06-16 15:20:32,143 - utils.logger - INFO - Val result of epoch 57 / 60 mse 0.0323 rmse 0.1796 pcc 0.4548 ccc 0.2861
2021-06-16 15:20:32,554 - utils.logger - INFO - Cur epoch 58 loss ccc:0.1254
2021-06-16 15:20:32,983 - utils.logger - INFO - Cur epoch 58 loss ccc:0.1092
2021-06-16 15:20:33,337 - utils.logger - INFO - Cur epoch 58 loss ccc:0.9752
2021-06-16 15:20:33,338 - utils.logger - INFO - saving the model at the end of epoch 58, iters 348
2021-06-16 15:20:33,700 - utils.logger - INFO - End of training epoch 58 / 60 	 Time Taken: 1 sec, Data loading: 0 sec
2021-06-16 15:20:33,701 - utils.logger - INFO - learning rate = 0.0000020
2021-06-16 15:20:34,156 - utils.logger - INFO - Trn result of epoch 58 / 60 mse 0.0417 rmse 0.2041 pcc 0.3697 ccc 0.1884
2021-06-16 15:20:34,315 - utils.logger - INFO - Val result of epoch 58 / 60 mse 0.0321 rmse 0.1792 pcc 0.4561 ccc 0.2838
2021-06-16 15:20:34,742 - utils.logger - INFO - Cur epoch 59 loss ccc:0.1163
2021-06-16 15:20:35,170 - utils.logger - INFO - Cur epoch 59 loss ccc:0.1008
2021-06-16 15:20:35,502 - utils.logger - INFO - Cur epoch 59 loss ccc:0.9676
2021-06-16 15:20:35,502 - utils.logger - INFO - saving the model at the end of epoch 59, iters 354
2021-06-16 15:20:35,775 - utils.logger - INFO - End of training epoch 59 / 60 	 Time Taken: 1 sec, Data loading: 0 sec
2021-06-16 15:20:35,775 - utils.logger - INFO - learning rate = 0.0000010
2021-06-16 15:20:36,184 - utils.logger - INFO - Trn result of epoch 59 / 60 mse 0.0417 rmse 0.2041 pcc 0.3698 ccc 0.1885
2021-06-16 15:20:36,326 - utils.logger - INFO - Val result of epoch 59 / 60 mse 0.0321 rmse 0.1792 pcc 0.4564 ccc 0.2841
2021-06-16 15:20:36,741 - utils.logger - INFO - Cur epoch 60 loss ccc:0.1134
2021-06-16 15:20:37,158 - utils.logger - INFO - Cur epoch 60 loss ccc:0.1249
2021-06-16 15:20:37,510 - utils.logger - INFO - Cur epoch 60 loss ccc:0.7519
2021-06-16 15:20:37,510 - utils.logger - INFO - saving the model at the end of epoch 60, iters 360
2021-06-16 15:20:37,776 - utils.logger - INFO - End of training epoch 60 / 60 	 Time Taken: 1 sec, Data loading: 0 sec
2021-06-16 15:20:37,776 - utils.logger - INFO - learning rate = 0.0000000
2021-06-16 15:20:38,186 - utils.logger - INFO - Trn result of epoch 60 / 60 mse 0.0414 rmse 0.2034 pcc 0.3712 ccc 0.1911
2021-06-16 15:20:38,326 - utils.logger - INFO - Val result of epoch 60 / 60 mse 0.0319 rmse 0.1785 pcc 0.4584 ccc 0.2879
2021-06-16 15:20:38,326 - utils.logger - INFO - Best eval epoch 52 found with ccc 0.310518
2021-06-16 15:20:38,326 - utils.logger - INFO - baseline_fcfusion_wonorm_wav2vec_valence_hidden1024_seq100_lr5e-05_cccloss_run2
