2021-06-10 01:43:22,909 - utils.logger - INFO - The number of training samples = 41
2021-06-10 01:43:29,718 - utils.logger - INFO - Cur epoch 1 loss MSE:0.0794
2021-06-10 01:43:30,502 - utils.logger - INFO - Cur epoch 1 loss MSE:0.1203
2021-06-10 01:43:31,185 - utils.logger - INFO - Cur epoch 1 loss MSE:0.9565
2021-06-10 01:43:31,185 - utils.logger - INFO - saving the model at the end of epoch 1, iters 6
2021-06-10 01:43:31,617 - utils.logger - INFO - End of training epoch 1 / 50 	 Time Taken: 2 sec, Data loading: 0 sec
2021-06-10 01:43:31,618 - utils.logger - INFO - learning rate = 0.0000100
2021-06-10 01:43:32,768 - utils.logger - INFO - Trn result of epoch 1 / 50 mse 0.0894 rmse 0.2991 pcc 0.2163 ccc 0.0010
2021-06-10 01:43:32,997 - utils.logger - INFO - Val result of epoch 1 / 50 mse 0.0939 rmse 0.3064 pcc 0.0779 ccc 0.0004
2021-06-10 01:43:33,766 - utils.logger - INFO - Cur epoch 2 loss MSE:0.0525
2021-06-10 01:43:34,535 - utils.logger - INFO - Cur epoch 2 loss MSE:0.4849
2021-06-10 01:43:35,270 - utils.logger - INFO - Cur epoch 2 loss MSE:0.9210
2021-06-10 01:43:35,270 - utils.logger - INFO - saving the model at the end of epoch 2, iters 12
2021-06-10 01:43:35,727 - utils.logger - INFO - End of training epoch 2 / 50 	 Time Taken: 2 sec, Data loading: 0 sec
2021-06-10 01:43:35,727 - utils.logger - INFO - learning rate = 0.0000100
2021-06-10 01:43:36,591 - utils.logger - INFO - Trn result of epoch 2 / 50 mse 0.0893 rmse 0.2988 pcc 0.2640 ccc 0.0028
2021-06-10 01:43:36,773 - utils.logger - INFO - Val result of epoch 2 / 50 mse 0.0941 rmse 0.3068 pcc 0.0960 ccc 0.0011
2021-06-10 01:43:37,553 - utils.logger - INFO - Cur epoch 3 loss MSE:0.0544
2021-06-10 01:43:38,440 - utils.logger - INFO - Cur epoch 3 loss MSE:0.5866
2021-06-10 01:43:39,185 - utils.logger - INFO - Cur epoch 3 loss MSE:10.9630
2021-06-10 01:43:39,185 - utils.logger - INFO - saving the model at the end of epoch 3, iters 18
2021-06-10 01:43:39,526 - utils.logger - INFO - End of training epoch 3 / 50 	 Time Taken: 2 sec, Data loading: 0 sec
2021-06-10 01:43:39,526 - utils.logger - INFO - learning rate = 0.0000100
2021-06-10 01:43:40,363 - utils.logger - INFO - Trn result of epoch 3 / 50 mse 0.0894 rmse 0.2990 pcc 0.2156 ccc 0.0019
2021-06-10 01:43:40,654 - utils.logger - INFO - Val result of epoch 3 / 50 mse 0.0936 rmse 0.3059 pcc 0.0336 ccc 0.0003
2021-06-10 01:43:41,464 - utils.logger - INFO - Cur epoch 4 loss MSE:0.1202
2021-06-10 01:43:42,313 - utils.logger - INFO - Cur epoch 4 loss MSE:0.1013
2021-06-10 01:43:42,969 - utils.logger - INFO - Cur epoch 4 loss MSE:6.5578
2021-06-10 01:43:42,969 - utils.logger - INFO - saving the model at the end of epoch 4, iters 24
2021-06-10 01:43:43,448 - utils.logger - INFO - End of training epoch 4 / 50 	 Time Taken: 2 sec, Data loading: 0 sec
2021-06-10 01:43:43,448 - utils.logger - INFO - learning rate = 0.0000100
2021-06-10 01:43:44,326 - utils.logger - INFO - Trn result of epoch 4 / 50 mse 0.0894 rmse 0.2991 pcc 0.1879 ccc 0.0017
2021-06-10 01:43:45,014 - utils.logger - INFO - Val result of epoch 4 / 50 mse 0.0935 rmse 0.3057 pcc 0.0102 ccc 0.0001
2021-06-10 01:43:46,002 - utils.logger - INFO - Cur epoch 5 loss MSE:0.2538
2021-06-10 01:43:46,829 - utils.logger - INFO - Cur epoch 5 loss MSE:0.0938
2021-06-10 01:43:47,572 - utils.logger - INFO - Cur epoch 5 loss MSE:0.6315
2021-06-10 01:43:47,573 - utils.logger - INFO - saving the model at the end of epoch 5, iters 30
2021-06-10 01:43:48,085 - utils.logger - INFO - End of training epoch 5 / 50 	 Time Taken: 3 sec, Data loading: 0 sec
2021-06-10 01:43:48,085 - utils.logger - INFO - learning rate = 0.0000100
2021-06-10 01:43:50,345 - utils.logger - INFO - Trn result of epoch 5 / 50 mse 0.0892 rmse 0.2987 pcc 0.2721 ccc 0.0039
2021-06-10 01:43:50,830 - utils.logger - INFO - Val result of epoch 5 / 50 mse 0.0935 rmse 0.3058 pcc 0.0462 ccc 0.0006
2021-06-10 01:43:51,246 - utils.logger - INFO - Cur epoch 6 loss MSE:0.1508
2021-06-10 01:43:51,693 - utils.logger - INFO - Cur epoch 6 loss MSE:0.1030
2021-06-10 01:43:52,081 - utils.logger - INFO - Cur epoch 6 loss MSE:0.1026
2021-06-10 01:43:52,081 - utils.logger - INFO - saving the model at the end of epoch 6, iters 36
2021-06-10 01:43:52,387 - utils.logger - INFO - End of training epoch 6 / 50 	 Time Taken: 1 sec, Data loading: 0 sec
2021-06-10 01:43:52,387 - utils.logger - INFO - learning rate = 0.0000100
2021-06-10 01:43:53,439 - utils.logger - INFO - Trn result of epoch 6 / 50 mse 0.0887 rmse 0.2979 pcc 0.3264 ccc 0.0095
2021-06-10 01:43:53,659 - utils.logger - INFO - Val result of epoch 6 / 50 mse 0.0943 rmse 0.3071 pcc 0.1026 ccc 0.0029
2021-06-10 01:43:54,216 - utils.logger - INFO - Cur epoch 7 loss MSE:1.7052
2021-06-10 01:43:54,648 - utils.logger - INFO - Cur epoch 7 loss MSE:0.0589
2021-06-10 01:43:55,006 - utils.logger - INFO - Cur epoch 7 loss MSE:0.8906
2021-06-10 01:43:55,006 - utils.logger - INFO - saving the model at the end of epoch 7, iters 42
2021-06-10 01:43:55,318 - utils.logger - INFO - End of training epoch 7 / 50 	 Time Taken: 1 sec, Data loading: 0 sec
2021-06-10 01:43:55,318 - utils.logger - INFO - learning rate = 0.0000100
2021-06-10 01:43:55,813 - utils.logger - INFO - Trn result of epoch 7 / 50 mse 0.0881 rmse 0.2969 pcc 0.3341 ccc 0.0167
2021-06-10 01:43:55,962 - utils.logger - INFO - Val result of epoch 7 / 50 mse 0.0943 rmse 0.3071 pcc 0.0929 ccc 0.0044
2021-06-10 01:43:56,410 - utils.logger - INFO - Cur epoch 8 loss MSE:0.1844
2021-06-10 01:43:56,839 - utils.logger - INFO - Cur epoch 8 loss MSE:1.7808
2021-06-10 01:43:57,190 - utils.logger - INFO - Cur epoch 8 loss MSE:6.9865
2021-06-10 01:43:57,191 - utils.logger - INFO - saving the model at the end of epoch 8, iters 48
2021-06-10 01:43:57,510 - utils.logger - INFO - End of training epoch 8 / 50 	 Time Taken: 1 sec, Data loading: 0 sec
2021-06-10 01:43:57,511 - utils.logger - INFO - learning rate = 0.0000100
2021-06-10 01:43:58,135 - utils.logger - INFO - Trn result of epoch 8 / 50 mse 0.0882 rmse 0.2970 pcc 0.3304 ccc 0.0276
2021-06-10 01:43:58,416 - utils.logger - INFO - Val result of epoch 8 / 50 mse 0.0970 rmse 0.3114 pcc 0.1163 ccc 0.0096
2021-06-10 01:43:59,262 - utils.logger - INFO - Cur epoch 9 loss MSE:0.1325
2021-06-10 01:44:04,381 - utils.logger - INFO - Cur epoch 9 loss MSE:0.0206
2021-06-10 01:44:05,038 - utils.logger - INFO - Cur epoch 9 loss MSE:3.8541
2021-06-10 01:44:05,039 - utils.logger - INFO - saving the model at the end of epoch 9, iters 54
2021-06-10 01:44:05,419 - utils.logger - INFO - End of training epoch 9 / 50 	 Time Taken: 7 sec, Data loading: 4 sec
2021-06-10 01:44:05,419 - utils.logger - INFO - learning rate = 0.0000100
2021-06-10 01:44:06,641 - utils.logger - INFO - Trn result of epoch 9 / 50 mse 0.0886 rmse 0.2977 pcc 0.2897 ccc 0.0136
2021-06-10 01:44:07,021 - utils.logger - INFO - Val result of epoch 9 / 50 mse 0.0929 rmse 0.3047 pcc 0.0358 ccc 0.0014
2021-06-10 01:44:07,760 - utils.logger - INFO - Cur epoch 10 loss MSE:0.0812
2021-06-10 01:44:08,460 - utils.logger - INFO - Cur epoch 10 loss MSE:0.0928
2021-06-10 01:44:09,006 - utils.logger - INFO - Cur epoch 10 loss MSE:0.9774
2021-06-10 01:44:09,006 - utils.logger - INFO - saving the model at the end of epoch 10, iters 60
2021-06-10 01:44:09,425 - utils.logger - INFO - End of training epoch 10 / 50 	 Time Taken: 2 sec, Data loading: 0 sec
2021-06-10 01:44:09,425 - utils.logger - INFO - learning rate = 0.0000100
2021-06-10 01:44:10,200 - utils.logger - INFO - Trn result of epoch 10 / 50 mse 0.0862 rmse 0.2937 pcc 0.3762 ccc 0.0435
2021-06-10 01:44:10,562 - utils.logger - INFO - Val result of epoch 10 / 50 mse 0.0925 rmse 0.3042 pcc 0.0571 ccc 0.0046
2021-06-10 01:44:11,400 - utils.logger - INFO - Cur epoch 11 loss MSE:0.0570
2021-06-10 01:44:12,115 - utils.logger - INFO - Cur epoch 11 loss MSE:0.2727
2021-06-10 01:44:12,880 - utils.logger - INFO - Cur epoch 11 loss MSE:0.2603
2021-06-10 01:44:12,880 - utils.logger - INFO - saving the model at the end of epoch 11, iters 66
2021-06-10 01:44:13,224 - utils.logger - INFO - End of training epoch 11 / 50 	 Time Taken: 2 sec, Data loading: 0 sec
2021-06-10 01:44:13,224 - utils.logger - INFO - learning rate = 0.0000100
2021-06-10 01:44:14,040 - utils.logger - INFO - Trn result of epoch 11 / 50 mse 0.0807 rmse 0.2841 pcc 0.4211 ccc 0.1308
2021-06-10 01:44:14,228 - utils.logger - INFO - Val result of epoch 11 / 50 mse 0.0966 rmse 0.3108 pcc 0.0949 ccc 0.0230
2021-06-10 01:44:14,770 - utils.logger - INFO - Cur epoch 12 loss MSE:0.4364
2021-06-10 01:44:15,475 - utils.logger - INFO - Cur epoch 12 loss MSE:1.2150
2021-06-10 01:44:16,193 - utils.logger - INFO - Cur epoch 12 loss MSE:7.6190
2021-06-10 01:44:16,193 - utils.logger - INFO - saving the model at the end of epoch 12, iters 72
2021-06-10 01:44:16,552 - utils.logger - INFO - End of training epoch 12 / 50 	 Time Taken: 2 sec, Data loading: 0 sec
2021-06-10 01:44:16,553 - utils.logger - INFO - learning rate = 0.0000100
2021-06-10 01:44:17,340 - utils.logger - INFO - Trn result of epoch 12 / 50 mse 0.1232 rmse 0.3510 pcc 0.4108 ccc 0.1707
2021-06-10 01:44:17,520 - utils.logger - INFO - Val result of epoch 12 / 50 mse 0.1608 rmse 0.4010 pcc 0.1676 ccc 0.0622
2021-06-10 01:44:18,283 - utils.logger - INFO - Cur epoch 13 loss MSE:0.6658
2021-06-10 01:44:19,154 - utils.logger - INFO - Cur epoch 13 loss MSE:0.0778
2021-06-10 01:44:19,823 - utils.logger - INFO - Cur epoch 13 loss MSE:0.4902
2021-06-10 01:44:19,823 - utils.logger - INFO - saving the model at the end of epoch 13, iters 78
2021-06-10 01:44:20,067 - utils.logger - INFO - End of training epoch 13 / 50 	 Time Taken: 2 sec, Data loading: 0 sec
2021-06-10 01:44:20,067 - utils.logger - INFO - learning rate = 0.0000100
2021-06-10 01:44:20,870 - utils.logger - INFO - Trn result of epoch 13 / 50 mse 0.0802 rmse 0.2833 pcc 0.4086 ccc 0.2107
2021-06-10 01:44:21,117 - utils.logger - INFO - Val result of epoch 13 / 50 mse 0.0956 rmse 0.3091 pcc 0.0428 ccc 0.0077
2021-06-10 01:44:21,934 - utils.logger - INFO - Cur epoch 14 loss MSE:0.8798
2021-06-10 01:44:23,014 - utils.logger - INFO - Cur epoch 14 loss MSE:0.4146
2021-06-10 01:44:23,650 - utils.logger - INFO - Cur epoch 14 loss MSE:14.9404
2021-06-10 01:44:23,650 - utils.logger - INFO - saving the model at the end of epoch 14, iters 84
2021-06-10 01:44:24,012 - utils.logger - INFO - End of training epoch 14 / 50 	 Time Taken: 2 sec, Data loading: 0 sec
2021-06-10 01:44:24,012 - utils.logger - INFO - learning rate = 0.0000100
2021-06-10 01:44:25,085 - utils.logger - INFO - Trn result of epoch 14 / 50 mse 0.0703 rmse 0.2652 pcc 0.4938 ccc 0.3110
2021-06-10 01:44:25,529 - utils.logger - INFO - Val result of epoch 14 / 50 mse 0.1003 rmse 0.3166 pcc 0.1288 ccc 0.0688
2021-06-10 01:44:26,574 - utils.logger - INFO - Cur epoch 15 loss MSE:0.2723
2021-06-10 01:44:27,363 - utils.logger - INFO - Cur epoch 15 loss MSE:0.0504
2021-06-10 01:44:28,048 - utils.logger - INFO - Cur epoch 15 loss MSE:16.7372
2021-06-10 01:44:28,049 - utils.logger - INFO - saving the model at the end of epoch 15, iters 90
2021-06-10 01:44:28,336 - utils.logger - INFO - End of training epoch 15 / 50 	 Time Taken: 2 sec, Data loading: 0 sec
2021-06-10 01:44:28,336 - utils.logger - INFO - learning rate = 0.0000100
2021-06-10 01:44:28,998 - utils.logger - INFO - Trn result of epoch 15 / 50 mse 0.0821 rmse 0.2866 pcc 0.4889 ccc 0.3385
2021-06-10 01:44:29,243 - utils.logger - INFO - Val result of epoch 15 / 50 mse 0.1293 rmse 0.3595 pcc 0.1527 ccc 0.0881
2021-06-10 01:44:30,048 - utils.logger - INFO - Cur epoch 16 loss MSE:0.1673
2021-06-10 01:44:30,801 - utils.logger - INFO - Cur epoch 16 loss MSE:0.0714
2021-06-10 01:44:31,415 - utils.logger - INFO - Cur epoch 16 loss MSE:0.8738
2021-06-10 01:44:31,415 - utils.logger - INFO - saving the model at the end of epoch 16, iters 96
2021-06-10 01:44:31,633 - utils.logger - INFO - End of training epoch 16 / 50 	 Time Taken: 2 sec, Data loading: 0 sec
2021-06-10 01:44:31,633 - utils.logger - INFO - learning rate = 0.0000100
2021-06-10 01:44:32,257 - utils.logger - INFO - Trn result of epoch 16 / 50 mse 0.0656 rmse 0.2562 pcc 0.5350 ccc 0.3688
2021-06-10 01:44:32,554 - utils.logger - INFO - Val result of epoch 16 / 50 mse 0.0949 rmse 0.3080 pcc 0.1198 ccc 0.0671
2021-06-10 01:44:34,081 - utils.logger - INFO - Cur epoch 17 loss MSE:0.1918
2021-06-10 01:44:34,667 - utils.logger - INFO - Cur epoch 17 loss MSE:0.1461
2021-06-10 01:44:35,456 - utils.logger - INFO - Cur epoch 17 loss MSE:3.0000
2021-06-10 01:44:35,456 - utils.logger - INFO - saving the model at the end of epoch 17, iters 102
2021-06-10 01:44:35,838 - utils.logger - INFO - End of training epoch 17 / 50 	 Time Taken: 3 sec, Data loading: 1 sec
2021-06-10 01:44:35,839 - utils.logger - INFO - learning rate = 0.0000100
2021-06-10 01:44:36,592 - utils.logger - INFO - Trn result of epoch 17 / 50 mse 0.0787 rmse 0.2806 pcc 0.4905 ccc 0.4678
2021-06-10 01:44:36,825 - utils.logger - INFO - Val result of epoch 17 / 50 mse 0.1350 rmse 0.3675 pcc 0.2247 ccc 0.1830
2021-06-10 01:44:37,508 - utils.logger - INFO - Cur epoch 18 loss MSE:0.1143
2021-06-10 01:44:38,180 - utils.logger - INFO - Cur epoch 18 loss MSE:0.6477
2021-06-10 01:44:38,986 - utils.logger - INFO - Cur epoch 18 loss MSE:5.0305
2021-06-10 01:44:38,986 - utils.logger - INFO - saving the model at the end of epoch 18, iters 108
2021-06-10 01:44:39,376 - utils.logger - INFO - End of training epoch 18 / 50 	 Time Taken: 2 sec, Data loading: 0 sec
2021-06-10 01:44:39,377 - utils.logger - INFO - learning rate = 0.0000100
2021-06-10 01:44:40,898 - utils.logger - INFO - Trn result of epoch 18 / 50 mse 0.1077 rmse 0.3282 pcc 0.4599 ccc 0.2020
2021-06-10 01:44:41,117 - utils.logger - INFO - Val result of epoch 18 / 50 mse 0.1438 rmse 0.3792 pcc 0.2039 ccc 0.0785
2021-06-10 01:44:41,794 - utils.logger - INFO - Cur epoch 19 loss MSE:0.0033
2021-06-10 01:44:42,607 - utils.logger - INFO - Cur epoch 19 loss MSE:0.1339
2021-06-10 01:44:43,282 - utils.logger - INFO - Cur epoch 19 loss MSE:3.4279
2021-06-10 01:44:43,282 - utils.logger - INFO - saving the model at the end of epoch 19, iters 114
2021-06-10 01:44:43,612 - utils.logger - INFO - End of training epoch 19 / 50 	 Time Taken: 2 sec, Data loading: 0 sec
2021-06-10 01:44:43,613 - utils.logger - INFO - learning rate = 0.0000100
2021-06-10 01:44:44,979 - utils.logger - INFO - Trn result of epoch 19 / 50 mse 0.1265 rmse 0.3557 pcc 0.3366 ccc 0.1896
2021-06-10 01:44:45,206 - utils.logger - INFO - Val result of epoch 19 / 50 mse 0.1394 rmse 0.3734 pcc -0.0106 ccc -0.0016
2021-06-10 01:44:46,075 - utils.logger - INFO - Cur epoch 20 loss MSE:0.8287
2021-06-10 01:44:46,737 - utils.logger - INFO - Cur epoch 20 loss MSE:9.7541
2021-06-10 01:44:47,433 - utils.logger - INFO - Cur epoch 20 loss MSE:4.3478
2021-06-10 01:44:47,434 - utils.logger - INFO - saving the model at the end of epoch 20, iters 120
2021-06-10 01:44:47,781 - utils.logger - INFO - End of training epoch 20 / 50 	 Time Taken: 2 sec, Data loading: 0 sec
2021-06-10 01:44:47,781 - utils.logger - INFO - learning rate = 0.0000097
2021-06-10 01:45:22,581 - utils.logger - INFO - Trn result of epoch 20 / 50 mse 0.1005 rmse 0.3170 pcc 0.4806 ccc 0.2586
2021-06-10 01:45:22,844 - utils.logger - INFO - Val result of epoch 20 / 50 mse 0.1420 rmse 0.3769 pcc 0.2066 ccc 0.0905
2021-06-10 01:45:23,502 - utils.logger - INFO - Cur epoch 21 loss MSE:0.3045
2021-06-10 01:45:24,332 - utils.logger - INFO - Cur epoch 21 loss MSE:0.7951
2021-06-10 01:45:25,118 - utils.logger - INFO - Cur epoch 21 loss MSE:1.1770
2021-06-10 01:45:25,118 - utils.logger - INFO - saving the model at the end of epoch 21, iters 126
2021-06-10 01:45:25,454 - utils.logger - INFO - End of training epoch 21 / 50 	 Time Taken: 2 sec, Data loading: 0 sec
2021-06-10 01:45:25,454 - utils.logger - INFO - learning rate = 0.0000094
2021-06-10 01:45:26,260 - utils.logger - INFO - Trn result of epoch 21 / 50 mse 0.0571 rmse 0.2390 pcc 0.6023 ccc 0.5376
2021-06-10 01:45:26,414 - utils.logger - INFO - Val result of epoch 21 / 50 mse 0.1008 rmse 0.3175 pcc 0.2213 ccc 0.1801
2021-06-10 01:45:27,280 - utils.logger - INFO - Cur epoch 22 loss MSE:1.3021
2021-06-10 01:45:28,128 - utils.logger - INFO - Cur epoch 22 loss MSE:0.2356
2021-06-10 01:45:28,833 - utils.logger - INFO - Cur epoch 22 loss MSE:0.0767
2021-06-10 01:45:28,833 - utils.logger - INFO - saving the model at the end of epoch 22, iters 132
2021-06-10 01:45:29,198 - utils.logger - INFO - End of training epoch 22 / 50 	 Time Taken: 2 sec, Data loading: 0 sec
2021-06-10 01:45:29,199 - utils.logger - INFO - learning rate = 0.0000090
2021-06-10 01:45:30,842 - utils.logger - INFO - Trn result of epoch 22 / 50 mse 0.1302 rmse 0.3609 pcc 0.4531 ccc 0.1492
2021-06-10 01:45:31,133 - utils.logger - INFO - Val result of epoch 22 / 50 mse 0.1635 rmse 0.4043 pcc 0.2336 ccc 0.0745
2021-06-10 01:45:31,987 - utils.logger - INFO - Cur epoch 23 loss MSE:0.0124
2021-06-10 01:45:32,670 - utils.logger - INFO - Cur epoch 23 loss MSE:0.7420
2021-06-10 01:45:33,369 - utils.logger - INFO - Cur epoch 23 loss MSE:2.1882
2021-06-10 01:45:33,370 - utils.logger - INFO - saving the model at the end of epoch 23, iters 138
2021-06-10 01:45:33,802 - utils.logger - INFO - End of training epoch 23 / 50 	 Time Taken: 2 sec, Data loading: 0 sec
2021-06-10 01:45:33,803 - utils.logger - INFO - learning rate = 0.0000087
2021-06-10 01:45:36,472 - utils.logger - INFO - Trn result of epoch 23 / 50 mse 0.1017 rmse 0.3189 pcc 0.4780 ccc 0.3277
2021-06-10 01:45:36,719 - utils.logger - INFO - Val result of epoch 23 / 50 mse 0.1341 rmse 0.3662 pcc 0.0323 ccc 0.0141
2021-06-10 01:45:38,113 - utils.logger - INFO - Cur epoch 24 loss MSE:0.5537
2021-06-10 01:45:39,003 - utils.logger - INFO - Cur epoch 24 loss MSE:0.0701
2021-06-10 01:45:39,727 - utils.logger - INFO - Cur epoch 24 loss MSE:0.8722
2021-06-10 01:45:39,727 - utils.logger - INFO - saving the model at the end of epoch 24, iters 144
2021-06-10 01:45:39,934 - utils.logger - INFO - End of training epoch 24 / 50 	 Time Taken: 3 sec, Data loading: 0 sec
2021-06-10 01:45:39,934 - utils.logger - INFO - learning rate = 0.0000084
2021-06-10 01:45:40,642 - utils.logger - INFO - Trn result of epoch 24 / 50 mse 0.0505 rmse 0.2247 pcc 0.6684 ccc 0.5788
2021-06-10 01:45:40,937 - utils.logger - INFO - Val result of epoch 24 / 50 mse 0.0986 rmse 0.3140 pcc 0.2645 ccc 0.1906
2021-06-10 01:45:41,783 - utils.logger - INFO - Cur epoch 25 loss MSE:0.3091
2021-06-10 01:45:42,545 - utils.logger - INFO - Cur epoch 25 loss MSE:1.1068
2021-06-10 01:45:43,058 - utils.logger - INFO - Cur epoch 25 loss MSE:0.1067
2021-06-10 01:45:43,058 - utils.logger - INFO - saving the model at the end of epoch 25, iters 150
2021-06-10 01:45:43,390 - utils.logger - INFO - End of training epoch 25 / 50 	 Time Taken: 2 sec, Data loading: 0 sec
2021-06-10 01:45:43,391 - utils.logger - INFO - learning rate = 0.0000081
2021-06-10 01:45:44,063 - utils.logger - INFO - Trn result of epoch 25 / 50 mse 0.0729 rmse 0.2699 pcc 0.6070 ccc 0.3789
2021-06-10 01:45:44,315 - utils.logger - INFO - Val result of epoch 25 / 50 mse 0.1193 rmse 0.3454 pcc 0.2336 ccc 0.1001
2021-06-10 01:45:45,131 - utils.logger - INFO - Cur epoch 26 loss MSE:1.0569
2021-06-10 01:45:45,947 - utils.logger - INFO - Cur epoch 26 loss MSE:0.0320
2021-06-10 01:45:46,371 - utils.logger - INFO - Cur epoch 26 loss MSE:0.0176
2021-06-10 01:45:46,378 - utils.logger - INFO - saving the model at the end of epoch 26, iters 156
2021-06-10 01:45:46,829 - utils.logger - INFO - End of training epoch 26 / 50 	 Time Taken: 2 sec, Data loading: 0 sec
2021-06-10 01:45:46,830 - utils.logger - INFO - learning rate = 0.0000077
2021-06-10 01:45:48,148 - utils.logger - INFO - Trn result of epoch 26 / 50 mse 0.1084 rmse 0.3292 pcc 0.5211 ccc 0.1848
2021-06-10 01:45:48,758 - utils.logger - INFO - Val result of epoch 26 / 50 mse 0.1460 rmse 0.3822 pcc 0.2152 ccc 0.0571
2021-06-10 01:45:49,402 - utils.logger - INFO - Cur epoch 27 loss MSE:0.6549
2021-06-10 01:45:50,187 - utils.logger - INFO - Cur epoch 27 loss MSE:0.1327
2021-06-10 01:45:50,908 - utils.logger - INFO - Cur epoch 27 loss MSE:2.1764
2021-06-10 01:45:50,908 - utils.logger - INFO - saving the model at the end of epoch 27, iters 162
2021-06-10 01:45:51,338 - utils.logger - INFO - End of training epoch 27 / 50 	 Time Taken: 2 sec, Data loading: 0 sec
2021-06-10 01:45:51,338 - utils.logger - INFO - learning rate = 0.0000074
2021-06-10 01:45:52,521 - utils.logger - INFO - Trn result of epoch 27 / 50 mse 0.0882 rmse 0.2970 pcc 0.5323 ccc 0.4049
2021-06-10 01:45:52,932 - utils.logger - INFO - Val result of epoch 27 / 50 mse 0.1282 rmse 0.3580 pcc 0.0549 ccc 0.0314
2021-06-10 01:45:53,894 - utils.logger - INFO - Cur epoch 28 loss MSE:0.0809
2021-06-10 01:45:54,724 - utils.logger - INFO - Cur epoch 28 loss MSE:0.6297
2021-06-10 01:45:55,227 - utils.logger - INFO - Cur epoch 28 loss MSE:1.5917
2021-06-10 01:45:55,227 - utils.logger - INFO - saving the model at the end of epoch 28, iters 168
2021-06-10 01:45:55,651 - utils.logger - INFO - End of training epoch 28 / 50 	 Time Taken: 2 sec, Data loading: 0 sec
2021-06-10 01:45:55,651 - utils.logger - INFO - learning rate = 0.0000071
2021-06-10 01:45:58,441 - utils.logger - INFO - Trn result of epoch 28 / 50 mse 0.0591 rmse 0.2432 pcc 0.6710 ccc 0.4699
2021-06-10 01:45:58,688 - utils.logger - INFO - Val result of epoch 28 / 50 mse 0.1075 rmse 0.3278 pcc 0.2414 ccc 0.1220
2021-06-10 01:45:59,466 - utils.logger - INFO - Cur epoch 29 loss MSE:0.0022
2021-06-10 01:46:00,012 - utils.logger - INFO - Cur epoch 29 loss MSE:0.3140
2021-06-10 01:46:00,668 - utils.logger - INFO - Cur epoch 29 loss MSE:0.7242
2021-06-10 01:46:00,668 - utils.logger - INFO - saving the model at the end of epoch 29, iters 174
2021-06-10 01:46:01,066 - utils.logger - INFO - End of training epoch 29 / 50 	 Time Taken: 2 sec, Data loading: 0 sec
2021-06-10 01:46:01,067 - utils.logger - INFO - learning rate = 0.0000068
2021-06-10 01:46:02,352 - utils.logger - INFO - Trn result of epoch 29 / 50 mse 0.0742 rmse 0.2724 pcc 0.5982 ccc 0.4427
2021-06-10 01:46:03,003 - utils.logger - INFO - Val result of epoch 29 / 50 mse 0.1113 rmse 0.3336 pcc 0.1086 ccc 0.0618
2021-06-10 01:46:04,083 - utils.logger - INFO - Cur epoch 30 loss MSE:0.0280
2021-06-10 01:46:04,911 - utils.logger - INFO - Cur epoch 30 loss MSE:0.5608
2021-06-10 01:46:05,421 - utils.logger - INFO - Cur epoch 30 loss MSE:0.1223
2021-06-10 01:46:05,421 - utils.logger - INFO - saving the model at the end of epoch 30, iters 180
2021-06-10 01:46:05,835 - utils.logger - INFO - End of training epoch 30 / 50 	 Time Taken: 2 sec, Data loading: 0 sec
2021-06-10 01:46:05,835 - utils.logger - INFO - learning rate = 0.0000065
2021-06-10 01:46:07,000 - utils.logger - INFO - Trn result of epoch 30 / 50 mse 0.0453 rmse 0.2129 pcc 0.7131 ccc 0.6359
2021-06-10 01:46:07,614 - utils.logger - INFO - Val result of epoch 30 / 50 mse 0.0906 rmse 0.3009 pcc 0.2956 ccc 0.2335
2021-06-10 01:46:08,281 - utils.logger - INFO - Cur epoch 31 loss MSE:0.1398
2021-06-10 01:46:09,004 - utils.logger - INFO - Cur epoch 31 loss MSE:0.7395
2021-06-10 01:46:09,346 - utils.logger - INFO - Cur epoch 31 loss MSE:14.2313
2021-06-10 01:46:09,347 - utils.logger - INFO - saving the model at the end of epoch 31, iters 186
2021-06-10 01:46:09,678 - utils.logger - INFO - End of training epoch 31 / 50 	 Time Taken: 2 sec, Data loading: 0 sec
2021-06-10 01:46:09,679 - utils.logger - INFO - learning rate = 0.0000061
2021-06-10 01:46:10,158 - utils.logger - INFO - Trn result of epoch 31 / 50 mse 0.0488 rmse 0.2210 pcc 0.7031 ccc 0.6407
2021-06-10 01:46:10,310 - utils.logger - INFO - Val result of epoch 31 / 50 mse 0.0965 rmse 0.3106 pcc 0.2584 ccc 0.2265
2021-06-10 01:46:10,739 - utils.logger - INFO - Cur epoch 32 loss MSE:0.3992
2021-06-10 01:46:11,160 - utils.logger - INFO - Cur epoch 32 loss MSE:0.0553
2021-06-10 01:46:11,526 - utils.logger - INFO - Cur epoch 32 loss MSE:0.5238
2021-06-10 01:46:11,526 - utils.logger - INFO - saving the model at the end of epoch 32, iters 192
2021-06-10 01:46:11,834 - utils.logger - INFO - End of training epoch 32 / 50 	 Time Taken: 1 sec, Data loading: 0 sec
2021-06-10 01:46:11,834 - utils.logger - INFO - learning rate = 0.0000058
2021-06-10 01:46:13,068 - utils.logger - INFO - Trn result of epoch 32 / 50 mse 0.0573 rmse 0.2395 pcc 0.7115 ccc 0.5532
2021-06-10 01:46:13,486 - utils.logger - INFO - Val result of epoch 32 / 50 mse 0.1263 rmse 0.3554 pcc 0.2331 ccc 0.1066
2021-06-10 01:46:13,911 - utils.logger - INFO - Cur epoch 33 loss MSE:0.0285
2021-06-10 01:46:14,335 - utils.logger - INFO - Cur epoch 33 loss MSE:0.1350
2021-06-10 01:46:14,710 - utils.logger - INFO - Cur epoch 33 loss MSE:2.9408
2021-06-10 01:46:14,710 - utils.logger - INFO - saving the model at the end of epoch 33, iters 198
2021-06-10 01:46:15,011 - utils.logger - INFO - End of training epoch 33 / 50 	 Time Taken: 1 sec, Data loading: 0 sec
2021-06-10 01:46:15,011 - utils.logger - INFO - learning rate = 0.0000055
2021-06-10 01:46:15,512 - utils.logger - INFO - Trn result of epoch 33 / 50 mse 0.0484 rmse 0.2201 pcc 0.7325 ccc 0.5888
2021-06-10 01:46:16,113 - utils.logger - INFO - Val result of epoch 33 / 50 mse 0.1072 rmse 0.3275 pcc 0.2491 ccc 0.1405
2021-06-10 01:46:16,539 - utils.logger - INFO - Cur epoch 34 loss MSE:0.2134
2021-06-10 01:46:16,956 - utils.logger - INFO - Cur epoch 34 loss MSE:0.0568
2021-06-10 01:46:17,337 - utils.logger - INFO - Cur epoch 34 loss MSE:0.1231
2021-06-10 01:46:17,337 - utils.logger - INFO - saving the model at the end of epoch 34, iters 204
2021-06-10 01:46:17,613 - utils.logger - INFO - End of training epoch 34 / 50 	 Time Taken: 1 sec, Data loading: 0 sec
2021-06-10 01:46:17,614 - utils.logger - INFO - learning rate = 0.0000052
2021-06-10 01:46:18,468 - utils.logger - INFO - Trn result of epoch 34 / 50 mse 0.0473 rmse 0.2175 pcc 0.7210 ccc 0.6394
2021-06-10 01:46:18,614 - utils.logger - INFO - Val result of epoch 34 / 50 mse 0.0901 rmse 0.3001 pcc 0.2859 ccc 0.2350
2021-06-10 01:46:19,051 - utils.logger - INFO - Cur epoch 35 loss MSE:0.5807
2021-06-10 01:46:19,870 - utils.logger - INFO - Cur epoch 35 loss MSE:0.0516
2021-06-10 01:46:20,207 - utils.logger - INFO - Cur epoch 35 loss MSE:19.5146
2021-06-10 01:46:20,208 - utils.logger - INFO - saving the model at the end of epoch 35, iters 210
2021-06-10 01:46:20,462 - utils.logger - INFO - End of training epoch 35 / 50 	 Time Taken: 1 sec, Data loading: 0 sec
2021-06-10 01:46:20,462 - utils.logger - INFO - learning rate = 0.0000048
2021-06-10 01:46:20,912 - utils.logger - INFO - Trn result of epoch 35 / 50 mse 0.0451 rmse 0.2124 pcc 0.7666 ccc 0.6366
2021-06-10 01:46:21,075 - utils.logger - INFO - Val result of epoch 35 / 50 mse 0.1159 rmse 0.3404 pcc 0.2479 ccc 0.1274
2021-06-10 01:46:21,526 - utils.logger - INFO - Cur epoch 36 loss MSE:0.2440
2021-06-10 01:46:21,953 - utils.logger - INFO - Cur epoch 36 loss MSE:0.0197
2021-06-10 01:46:22,311 - utils.logger - INFO - Cur epoch 36 loss MSE:0.0077
2021-06-10 01:46:22,311 - utils.logger - INFO - saving the model at the end of epoch 36, iters 216
2021-06-10 01:46:22,602 - utils.logger - INFO - End of training epoch 36 / 50 	 Time Taken: 1 sec, Data loading: 0 sec
2021-06-10 01:46:22,602 - utils.logger - INFO - learning rate = 0.0000045
2021-06-10 01:46:23,033 - utils.logger - INFO - Trn result of epoch 36 / 50 mse 0.0421 rmse 0.2051 pcc 0.7498 ccc 0.7068
2021-06-10 01:46:23,571 - utils.logger - INFO - Val result of epoch 36 / 50 mse 0.0963 rmse 0.3104 pcc 0.2925 ccc 0.2606
2021-06-10 01:46:24,009 - utils.logger - INFO - Cur epoch 37 loss MSE:1.0583
2021-06-10 01:46:24,451 - utils.logger - INFO - Cur epoch 37 loss MSE:0.0069
2021-06-10 01:46:24,826 - utils.logger - INFO - Cur epoch 37 loss MSE:0.0741
2021-06-10 01:46:24,826 - utils.logger - INFO - saving the model at the end of epoch 37, iters 222
2021-06-10 01:46:25,114 - utils.logger - INFO - End of training epoch 37 / 50 	 Time Taken: 1 sec, Data loading: 0 sec
2021-06-10 01:46:25,114 - utils.logger - INFO - learning rate = 0.0000042
2021-06-10 01:46:25,937 - utils.logger - INFO - Trn result of epoch 37 / 50 mse 0.0556 rmse 0.2357 pcc 0.7359 ccc 0.5378
2021-06-10 01:46:26,087 - utils.logger - INFO - Val result of epoch 37 / 50 mse 0.1179 rmse 0.3433 pcc 0.2494 ccc 0.1058
2021-06-10 01:46:26,564 - utils.logger - INFO - Cur epoch 38 loss MSE:0.1307
2021-06-10 01:46:27,015 - utils.logger - INFO - Cur epoch 38 loss MSE:0.0582
2021-06-10 01:46:27,402 - utils.logger - INFO - Cur epoch 38 loss MSE:0.0816
2021-06-10 01:46:27,402 - utils.logger - INFO - saving the model at the end of epoch 38, iters 228
2021-06-10 01:46:27,636 - utils.logger - INFO - End of training epoch 38 / 50 	 Time Taken: 1 sec, Data loading: 0 sec
2021-06-10 01:46:27,636 - utils.logger - INFO - learning rate = 0.0000039
2021-06-10 01:46:28,062 - utils.logger - INFO - Trn result of epoch 38 / 50 mse 0.0468 rmse 0.2163 pcc 0.7483 ccc 0.6833
2021-06-10 01:46:28,231 - utils.logger - INFO - Val result of epoch 38 / 50 mse 0.0932 rmse 0.3052 pcc 0.2992 ccc 0.2663
2021-06-10 01:46:28,660 - utils.logger - INFO - Cur epoch 39 loss MSE:0.7979
2021-06-10 01:46:29,504 - utils.logger - INFO - Cur epoch 39 loss MSE:0.1647
2021-06-10 01:46:29,848 - utils.logger - INFO - Cur epoch 39 loss MSE:0.6095
2021-06-10 01:46:29,848 - utils.logger - INFO - saving the model at the end of epoch 39, iters 234
2021-06-10 01:46:30,088 - utils.logger - INFO - End of training epoch 39 / 50 	 Time Taken: 1 sec, Data loading: 0 sec
2021-06-10 01:46:30,088 - utils.logger - INFO - learning rate = 0.0000035
2021-06-10 01:46:30,523 - utils.logger - INFO - Trn result of epoch 39 / 50 mse 0.0680 rmse 0.2608 pcc 0.7047 ccc 0.5594
2021-06-10 01:46:30,669 - utils.logger - INFO - Val result of epoch 39 / 50 mse 0.1164 rmse 0.3412 pcc 0.1767 ccc 0.1199
2021-06-10 01:46:31,107 - utils.logger - INFO - Cur epoch 40 loss MSE:0.0696
2021-06-10 01:46:31,547 - utils.logger - INFO - Cur epoch 40 loss MSE:0.2095
2021-06-10 01:46:31,924 - utils.logger - INFO - Cur epoch 40 loss MSE:11.0177
2021-06-10 01:46:31,925 - utils.logger - INFO - saving the model at the end of epoch 40, iters 240
2021-06-10 01:46:32,231 - utils.logger - INFO - End of training epoch 40 / 50 	 Time Taken: 1 sec, Data loading: 0 sec
2021-06-10 01:46:32,232 - utils.logger - INFO - learning rate = 0.0000032
2021-06-10 01:46:32,752 - utils.logger - INFO - Trn result of epoch 40 / 50 mse 0.0479 rmse 0.2189 pcc 0.7610 ccc 0.6509
2021-06-10 01:46:32,924 - utils.logger - INFO - Val result of epoch 40 / 50 mse 0.0907 rmse 0.3012 pcc 0.2894 ccc 0.2252
2021-06-10 01:46:33,362 - utils.logger - INFO - Cur epoch 41 loss MSE:0.0001
2021-06-10 01:46:33,783 - utils.logger - INFO - Cur epoch 41 loss MSE:0.3082
2021-06-10 01:46:34,130 - utils.logger - INFO - Cur epoch 41 loss MSE:1.7046
2021-06-10 01:46:34,130 - utils.logger - INFO - saving the model at the end of epoch 41, iters 246
2021-06-10 01:46:34,441 - utils.logger - INFO - End of training epoch 41 / 50 	 Time Taken: 1 sec, Data loading: 0 sec
2021-06-10 01:46:34,441 - utils.logger - INFO - learning rate = 0.0000029
2021-06-10 01:46:35,819 - utils.logger - INFO - Trn result of epoch 41 / 50 mse 0.0401 rmse 0.2003 pcc 0.7993 ccc 0.6747
2021-06-10 01:46:35,966 - utils.logger - INFO - Val result of epoch 41 / 50 mse 0.1104 rmse 0.3323 pcc 0.2604 ccc 0.1410
2021-06-10 01:46:36,639 - utils.logger - INFO - Cur epoch 42 loss MSE:0.1216
2021-06-10 01:46:37,083 - utils.logger - INFO - Cur epoch 42 loss MSE:0.0803
2021-06-10 01:46:37,462 - utils.logger - INFO - Cur epoch 42 loss MSE:0.0007
2021-06-10 01:46:37,462 - utils.logger - INFO - saving the model at the end of epoch 42, iters 252
2021-06-10 01:46:37,651 - utils.logger - INFO - End of training epoch 42 / 50 	 Time Taken: 1 sec, Data loading: 0 sec
2021-06-10 01:46:37,651 - utils.logger - INFO - learning rate = 0.0000026
2021-06-10 01:46:38,082 - utils.logger - INFO - Trn result of epoch 42 / 50 mse 0.0504 rmse 0.2246 pcc 0.7717 ccc 0.6620
2021-06-10 01:46:38,231 - utils.logger - INFO - Val result of epoch 42 / 50 mse 0.0972 rmse 0.3118 pcc 0.2814 ccc 0.2306
2021-06-10 01:46:38,661 - utils.logger - INFO - Cur epoch 43 loss MSE:0.1002
2021-06-10 01:46:39,110 - utils.logger - INFO - Cur epoch 43 loss MSE:0.8706
2021-06-10 01:46:39,453 - utils.logger - INFO - Cur epoch 43 loss MSE:2.5484
2021-06-10 01:46:39,453 - utils.logger - INFO - saving the model at the end of epoch 43, iters 258
2021-06-10 01:46:39,778 - utils.logger - INFO - End of training epoch 43 / 50 	 Time Taken: 1 sec, Data loading: 0 sec
2021-06-10 01:46:39,778 - utils.logger - INFO - learning rate = 0.0000023
2021-06-10 01:46:41,278 - utils.logger - INFO - Trn result of epoch 43 / 50 mse 0.0311 rmse 0.1764 pcc 0.8203 ccc 0.7814
2021-06-10 01:46:42,718 - utils.logger - INFO - Val result of epoch 43 / 50 mse 0.0968 rmse 0.3111 pcc 0.2825 ccc 0.2359
2021-06-10 01:46:43,563 - utils.logger - INFO - Cur epoch 44 loss MSE:0.0290
2021-06-10 01:46:44,014 - utils.logger - INFO - Cur epoch 44 loss MSE:0.1119
2021-06-10 01:46:44,355 - utils.logger - INFO - Cur epoch 44 loss MSE:0.4162
2021-06-10 01:46:44,355 - utils.logger - INFO - saving the model at the end of epoch 44, iters 264
2021-06-10 01:46:44,650 - utils.logger - INFO - End of training epoch 44 / 50 	 Time Taken: 1 sec, Data loading: 0 sec
2021-06-10 01:46:44,650 - utils.logger - INFO - learning rate = 0.0000019
2021-06-10 01:46:45,931 - utils.logger - INFO - Trn result of epoch 44 / 50 mse 0.0330 rmse 0.1817 pcc 0.8203 ccc 0.7717
2021-06-10 01:46:46,082 - utils.logger - INFO - Val result of epoch 44 / 50 mse 0.0923 rmse 0.3038 pcc 0.2946 ccc 0.2553
2021-06-10 01:46:47,185 - utils.logger - INFO - Cur epoch 45 loss MSE:0.0018
2021-06-10 01:46:47,617 - utils.logger - INFO - Cur epoch 45 loss MSE:0.2119
2021-06-10 01:46:47,967 - utils.logger - INFO - Cur epoch 45 loss MSE:1.8386
2021-06-10 01:46:47,967 - utils.logger - INFO - saving the model at the end of epoch 45, iters 270
2021-06-10 01:46:48,316 - utils.logger - INFO - End of training epoch 45 / 50 	 Time Taken: 2 sec, Data loading: 0 sec
2021-06-10 01:46:48,316 - utils.logger - INFO - learning rate = 0.0000016
2021-06-10 01:46:48,809 - utils.logger - INFO - Trn result of epoch 45 / 50 mse 0.0275 rmse 0.1658 pcc 0.8355 ccc 0.8127
2021-06-10 01:46:48,987 - utils.logger - INFO - Val result of epoch 45 / 50 mse 0.1009 rmse 0.3177 pcc 0.2735 ccc 0.2304
2021-06-10 01:46:49,624 - utils.logger - INFO - Cur epoch 46 loss MSE:0.1450
2021-06-10 01:46:50,055 - utils.logger - INFO - Cur epoch 46 loss MSE:0.0003
2021-06-10 01:46:50,420 - utils.logger - INFO - Cur epoch 46 loss MSE:0.2402
2021-06-10 01:46:50,420 - utils.logger - INFO - saving the model at the end of epoch 46, iters 276
2021-06-10 01:46:50,757 - utils.logger - INFO - End of training epoch 46 / 50 	 Time Taken: 1 sec, Data loading: 0 sec
2021-06-10 01:46:50,757 - utils.logger - INFO - learning rate = 0.0000013
2021-06-10 01:46:51,477 - utils.logger - INFO - Trn result of epoch 46 / 50 mse 0.0262 rmse 0.1617 pcc 0.8500 ccc 0.8092
2021-06-10 01:46:51,654 - utils.logger - INFO - Val result of epoch 46 / 50 mse 0.1005 rmse 0.3171 pcc 0.2687 ccc 0.1989
2021-06-10 01:46:52,074 - utils.logger - INFO - Cur epoch 47 loss MSE:6.5797
2021-06-10 01:46:52,522 - utils.logger - INFO - Cur epoch 47 loss MSE:0.1360
2021-06-10 01:46:53,097 - utils.logger - INFO - Cur epoch 47 loss MSE:1.4827
2021-06-10 01:46:53,097 - utils.logger - INFO - saving the model at the end of epoch 47, iters 282
2021-06-10 01:46:54,018 - utils.logger - INFO - End of training epoch 47 / 50 	 Time Taken: 2 sec, Data loading: 0 sec
2021-06-10 01:46:54,018 - utils.logger - INFO - learning rate = 0.0000010
2021-06-10 01:47:25,783 - utils.logger - INFO - Trn result of epoch 47 / 50 mse 0.0340 rmse 0.1843 pcc 0.8191 ccc 0.7699
2021-06-10 01:47:26,374 - utils.logger - INFO - Val result of epoch 47 / 50 mse 0.0932 rmse 0.3053 pcc 0.2929 ccc 0.2582
2021-06-10 01:47:26,801 - utils.logger - INFO - Cur epoch 48 loss MSE:0.7924
2021-06-10 01:47:27,206 - utils.logger - INFO - Cur epoch 48 loss MSE:0.0457
2021-06-10 01:47:27,560 - utils.logger - INFO - Cur epoch 48 loss MSE:1.9386
2021-06-10 01:47:27,560 - utils.logger - INFO - saving the model at the end of epoch 48, iters 288
2021-06-10 01:47:27,846 - utils.logger - INFO - End of training epoch 48 / 50 	 Time Taken: 1 sec, Data loading: 0 sec
2021-06-10 01:47:27,846 - utils.logger - INFO - learning rate = 0.0000006
2021-06-10 01:47:28,933 - utils.logger - INFO - Trn result of epoch 48 / 50 mse 0.0281 rmse 0.1677 pcc 0.8417 ccc 0.7975
2021-06-10 01:47:29,283 - utils.logger - INFO - Val result of epoch 48 / 50 mse 0.1105 rmse 0.3324 pcc 0.2654 ccc 0.1622
2021-06-10 01:47:29,896 - utils.logger - INFO - Cur epoch 49 loss MSE:0.0687
2021-06-10 01:47:30,294 - utils.logger - INFO - Cur epoch 49 loss MSE:0.0077
2021-06-10 01:47:30,652 - utils.logger - INFO - Cur epoch 49 loss MSE:1.7484
2021-06-10 01:47:30,652 - utils.logger - INFO - saving the model at the end of epoch 49, iters 294
2021-06-10 01:47:30,948 - utils.logger - INFO - End of training epoch 49 / 50 	 Time Taken: 1 sec, Data loading: 0 sec
2021-06-10 01:47:30,949 - utils.logger - INFO - learning rate = 0.0000003
2021-06-10 01:47:31,360 - utils.logger - INFO - Trn result of epoch 49 / 50 mse 0.0258 rmse 0.1605 pcc 0.8501 ccc 0.8210
2021-06-10 01:47:31,522 - utils.logger - INFO - Val result of epoch 49 / 50 mse 0.0993 rmse 0.3151 pcc 0.2691 ccc 0.2186
2021-06-10 01:47:32,386 - utils.logger - INFO - Cur epoch 50 loss MSE:0.7495
2021-06-10 01:47:32,819 - utils.logger - INFO - Cur epoch 50 loss MSE:0.3159
2021-06-10 01:47:33,161 - utils.logger - INFO - Cur epoch 50 loss MSE:1.9940
2021-06-10 01:47:33,162 - utils.logger - INFO - saving the model at the end of epoch 50, iters 300
2021-06-10 01:47:33,449 - utils.logger - INFO - End of training epoch 50 / 50 	 Time Taken: 1 sec, Data loading: 0 sec
2021-06-10 01:47:33,449 - utils.logger - INFO - learning rate = 0.0000000
2021-06-10 01:47:33,898 - utils.logger - INFO - Trn result of epoch 50 / 50 mse 0.0246 rmse 0.1570 pcc 0.8567 ccc 0.8260
2021-06-10 01:47:34,071 - utils.logger - INFO - Val result of epoch 50 / 50 mse 0.1048 rmse 0.3237 pcc 0.2633 ccc 0.1880
2021-06-10 01:47:34,072 - utils.logger - INFO - Best eval epoch 38 found with ccc 0.266318
2021-06-10 01:47:34,072 - utils.logger - INFO - baseline_fcfusion_norm_wav2vec-egemaps_arousal_hidden1024_seq100_run2
