2021-06-19 17:19:09,500 - utils.logger - INFO - The number of training samples = 41
2021-06-19 17:19:12,214 - utils.logger - INFO - Cur epoch 1 loss ccc:0.1248
2021-06-19 17:19:12,637 - utils.logger - INFO - Cur epoch 1 loss ccc:0.1242
2021-06-19 17:19:12,987 - utils.logger - INFO - Cur epoch 1 loss ccc:0.9997
2021-06-19 17:19:12,987 - utils.logger - INFO - saving the model at the end of epoch 1, iters 6
2021-06-19 17:19:13,209 - utils.logger - INFO - End of training epoch 1 / 70 	 Time Taken: 1 sec, Data loading: 0 sec
2021-06-19 17:19:13,210 - utils.logger - INFO - learning rate = 0.0000500
2021-06-19 17:19:13,583 - utils.logger - INFO - Trn result of epoch 1 / 70 mse 0.1153 rmse 0.3396 pcc -0.0867 ccc -0.0004
2021-06-19 17:19:13,712 - utils.logger - INFO - Val result of epoch 1 / 70 mse 0.1305 rmse 0.3613 pcc 0.0983 ccc 0.0005
2021-06-19 17:19:14,116 - utils.logger - INFO - Cur epoch 2 loss ccc:0.1249
2021-06-19 17:19:14,535 - utils.logger - INFO - Cur epoch 2 loss ccc:0.1229
2021-06-19 17:19:14,885 - utils.logger - INFO - Cur epoch 2 loss ccc:0.9997
2021-06-19 17:19:14,885 - utils.logger - INFO - saving the model at the end of epoch 2, iters 12
2021-06-19 17:19:15,129 - utils.logger - INFO - End of training epoch 2 / 70 	 Time Taken: 1 sec, Data loading: 0 sec
2021-06-19 17:19:15,129 - utils.logger - INFO - learning rate = 0.0000500
2021-06-19 17:19:15,496 - utils.logger - INFO - Trn result of epoch 2 / 70 mse 0.1142 rmse 0.3379 pcc -0.0643 ccc -0.0004
2021-06-19 17:19:15,621 - utils.logger - INFO - Val result of epoch 2 / 70 mse 0.1299 rmse 0.3604 pcc 0.0543 ccc 0.0004
2021-06-19 17:19:16,024 - utils.logger - INFO - Cur epoch 3 loss ccc:0.1238
2021-06-19 17:19:16,439 - utils.logger - INFO - Cur epoch 3 loss ccc:0.1205
2021-06-19 17:19:16,774 - utils.logger - INFO - Cur epoch 3 loss ccc:1.0037
2021-06-19 17:19:16,774 - utils.logger - INFO - saving the model at the end of epoch 3, iters 18
2021-06-19 17:19:17,049 - utils.logger - INFO - End of training epoch 3 / 70 	 Time Taken: 1 sec, Data loading: 0 sec
2021-06-19 17:19:17,049 - utils.logger - INFO - learning rate = 0.0000500
2021-06-19 17:19:17,409 - utils.logger - INFO - Trn result of epoch 3 / 70 mse 0.3138 rmse 0.5602 pcc 0.1124 ccc 0.0132
2021-06-19 17:19:17,533 - utils.logger - INFO - Val result of epoch 3 / 70 mse 0.3695 rmse 0.6079 pcc 0.0834 ccc 0.0090
2021-06-19 17:19:17,908 - utils.logger - INFO - Cur epoch 4 loss ccc:0.0954
2021-06-19 17:19:18,286 - utils.logger - INFO - Cur epoch 4 loss ccc:0.1014
2021-06-19 17:19:18,601 - utils.logger - INFO - Cur epoch 4 loss ccc:1.0043
2021-06-19 17:19:18,601 - utils.logger - INFO - saving the model at the end of epoch 4, iters 24
2021-06-19 17:19:18,836 - utils.logger - INFO - End of training epoch 4 / 70 	 Time Taken: 1 sec, Data loading: 0 sec
2021-06-19 17:19:18,836 - utils.logger - INFO - learning rate = 0.0000500
2021-06-19 17:19:19,198 - utils.logger - INFO - Trn result of epoch 4 / 70 mse 0.2617 rmse 0.5116 pcc 0.1185 ccc 0.0156
2021-06-19 17:19:19,321 - utils.logger - INFO - Val result of epoch 4 / 70 mse 0.3128 rmse 0.5593 pcc 0.0916 ccc 0.0109
2021-06-19 17:19:19,708 - utils.logger - INFO - Cur epoch 5 loss ccc:0.1134
2021-06-19 17:19:20,090 - utils.logger - INFO - Cur epoch 5 loss ccc:0.1250
2021-06-19 17:19:20,423 - utils.logger - INFO - Cur epoch 5 loss ccc:1.0003
2021-06-19 17:19:20,423 - utils.logger - INFO - saving the model at the end of epoch 5, iters 30
2021-06-19 17:19:20,779 - utils.logger - INFO - End of training epoch 5 / 70 	 Time Taken: 1 sec, Data loading: 0 sec
2021-06-19 17:19:20,779 - utils.logger - INFO - learning rate = 0.0000500
2021-06-19 17:19:21,163 - utils.logger - INFO - Trn result of epoch 5 / 70 mse 0.1158 rmse 0.3403 pcc -0.0554 ccc -0.0009
2021-06-19 17:19:21,316 - utils.logger - INFO - Val result of epoch 5 / 70 mse 0.1305 rmse 0.3613 pcc 0.1342 ccc 0.0024
2021-06-19 17:19:21,700 - utils.logger - INFO - Cur epoch 6 loss ccc:0.1215
2021-06-19 17:19:22,090 - utils.logger - INFO - Cur epoch 6 loss ccc:0.1258
2021-06-19 17:19:22,423 - utils.logger - INFO - Cur epoch 6 loss ccc:0.9991
2021-06-19 17:19:22,423 - utils.logger - INFO - saving the model at the end of epoch 6, iters 36
2021-06-19 17:19:22,683 - utils.logger - INFO - End of training epoch 6 / 70 	 Time Taken: 1 sec, Data loading: 0 sec
2021-06-19 17:19:22,683 - utils.logger - INFO - learning rate = 0.0000500
2021-06-19 17:19:23,039 - utils.logger - INFO - Trn result of epoch 6 / 70 mse 0.1152 rmse 0.3395 pcc -0.0666 ccc -0.0021
2021-06-19 17:19:23,166 - utils.logger - INFO - Val result of epoch 6 / 70 mse 0.1298 rmse 0.3603 pcc 0.1330 ccc 0.0047
2021-06-19 17:19:23,555 - utils.logger - INFO - Cur epoch 7 loss ccc:0.1250
2021-06-19 17:19:23,940 - utils.logger - INFO - Cur epoch 7 loss ccc:0.1121
2021-06-19 17:19:24,258 - utils.logger - INFO - Cur epoch 7 loss ccc:0.9997
2021-06-19 17:19:24,258 - utils.logger - INFO - saving the model at the end of epoch 7, iters 42
2021-06-19 17:19:24,488 - utils.logger - INFO - End of training epoch 7 / 70 	 Time Taken: 1 sec, Data loading: 0 sec
2021-06-19 17:19:24,488 - utils.logger - INFO - learning rate = 0.0000500
2021-06-19 17:19:24,846 - utils.logger - INFO - Trn result of epoch 7 / 70 mse 0.1147 rmse 0.3387 pcc -0.0718 ccc -0.0030
2021-06-19 17:19:24,969 - utils.logger - INFO - Val result of epoch 7 / 70 mse 0.1293 rmse 0.3595 pcc 0.1421 ccc 0.0065
2021-06-19 17:19:25,350 - utils.logger - INFO - Cur epoch 8 loss ccc:0.1278
2021-06-19 17:19:25,752 - utils.logger - INFO - Cur epoch 8 loss ccc:0.1234
2021-06-19 17:19:26,106 - utils.logger - INFO - Cur epoch 8 loss ccc:0.9933
2021-06-19 17:19:26,106 - utils.logger - INFO - saving the model at the end of epoch 8, iters 48
2021-06-19 17:19:26,489 - utils.logger - INFO - End of training epoch 8 / 70 	 Time Taken: 1 sec, Data loading: 0 sec
2021-06-19 17:19:26,489 - utils.logger - INFO - learning rate = 0.0000500
2021-06-19 17:19:26,865 - utils.logger - INFO - Trn result of epoch 8 / 70 mse 0.1144 rmse 0.3382 pcc -0.0748 ccc -0.0035
2021-06-19 17:19:27,013 - utils.logger - INFO - Val result of epoch 8 / 70 mse 0.1289 rmse 0.3591 pcc 0.1460 ccc 0.0076
2021-06-19 17:19:27,381 - utils.logger - INFO - Cur epoch 9 loss ccc:0.1135
2021-06-19 17:19:27,761 - utils.logger - INFO - Cur epoch 9 loss ccc:0.1250
2021-06-19 17:19:28,082 - utils.logger - INFO - Cur epoch 9 loss ccc:1.0056
2021-06-19 17:19:28,082 - utils.logger - INFO - saving the model at the end of epoch 9, iters 54
2021-06-19 17:19:28,314 - utils.logger - INFO - End of training epoch 9 / 70 	 Time Taken: 1 sec, Data loading: 0 sec
2021-06-19 17:19:28,314 - utils.logger - INFO - learning rate = 0.0000500
2021-06-19 17:19:28,664 - utils.logger - INFO - Trn result of epoch 9 / 70 mse 0.1139 rmse 0.3374 pcc -0.0759 ccc -0.0042
2021-06-19 17:19:28,787 - utils.logger - INFO - Val result of epoch 9 / 70 mse 0.1285 rmse 0.3584 pcc 0.1496 ccc 0.0090
2021-06-19 17:19:29,179 - utils.logger - INFO - Cur epoch 10 loss ccc:0.1242
2021-06-19 17:19:29,562 - utils.logger - INFO - Cur epoch 10 loss ccc:0.1284
2021-06-19 17:19:29,871 - utils.logger - INFO - Cur epoch 10 loss ccc:0.9854
2021-06-19 17:19:29,871 - utils.logger - INFO - saving the model at the end of epoch 10, iters 60
2021-06-19 17:19:30,106 - utils.logger - INFO - End of training epoch 10 / 70 	 Time Taken: 1 sec, Data loading: 0 sec
2021-06-19 17:19:30,106 - utils.logger - INFO - learning rate = 0.0000500
2021-06-19 17:19:30,466 - utils.logger - INFO - Trn result of epoch 10 / 70 mse 0.1122 rmse 0.3349 pcc -0.0742 ccc -0.0103
2021-06-19 17:19:30,591 - utils.logger - INFO - Val result of epoch 10 / 70 mse 0.1263 rmse 0.3554 pcc 0.1439 ccc 0.0215
2021-06-19 17:19:30,965 - utils.logger - INFO - Cur epoch 11 loss ccc:0.1352
2021-06-19 17:19:31,354 - utils.logger - INFO - Cur epoch 11 loss ccc:0.1256
2021-06-19 17:19:31,689 - utils.logger - INFO - Cur epoch 11 loss ccc:0.9968
2021-06-19 17:19:31,690 - utils.logger - INFO - saving the model at the end of epoch 11, iters 66
2021-06-19 17:19:31,924 - utils.logger - INFO - End of training epoch 11 / 70 	 Time Taken: 1 sec, Data loading: 0 sec
2021-06-19 17:19:31,924 - utils.logger - INFO - learning rate = 0.0000500
2021-06-19 17:19:32,282 - utils.logger - INFO - Trn result of epoch 11 / 70 mse 0.1113 rmse 0.3336 pcc -0.0756 ccc -0.0148
2021-06-19 17:19:32,405 - utils.logger - INFO - Val result of epoch 11 / 70 mse 0.1258 rmse 0.3547 pcc 0.1496 ccc 0.0312
2021-06-19 17:19:32,778 - utils.logger - INFO - Cur epoch 12 loss ccc:0.1241
2021-06-19 17:19:33,161 - utils.logger - INFO - Cur epoch 12 loss ccc:0.1156
2021-06-19 17:19:33,472 - utils.logger - INFO - Cur epoch 12 loss ccc:0.9792
2021-06-19 17:19:33,472 - utils.logger - INFO - saving the model at the end of epoch 12, iters 72
2021-06-19 17:19:33,721 - utils.logger - INFO - End of training epoch 12 / 70 	 Time Taken: 1 sec, Data loading: 0 sec
2021-06-19 17:19:33,721 - utils.logger - INFO - learning rate = 0.0000500
2021-06-19 17:19:34,092 - utils.logger - INFO - Trn result of epoch 12 / 70 mse 0.1114 rmse 0.3338 pcc -0.0808 ccc -0.0162
2021-06-19 17:19:34,218 - utils.logger - INFO - Val result of epoch 12 / 70 mse 0.1258 rmse 0.3548 pcc 0.1497 ccc 0.0316
2021-06-19 17:19:34,576 - utils.logger - INFO - Cur epoch 13 loss ccc:0.1223
2021-06-19 17:19:34,959 - utils.logger - INFO - Cur epoch 13 loss ccc:0.1198
2021-06-19 17:19:35,257 - utils.logger - INFO - Cur epoch 13 loss ccc:0.7839
2021-06-19 17:19:35,257 - utils.logger - INFO - saving the model at the end of epoch 13, iters 78
2021-06-19 17:19:35,505 - utils.logger - INFO - End of training epoch 13 / 70 	 Time Taken: 1 sec, Data loading: 0 sec
2021-06-19 17:19:35,505 - utils.logger - INFO - learning rate = 0.0000500
2021-06-19 17:19:35,861 - utils.logger - INFO - Trn result of epoch 13 / 70 mse 0.1118 rmse 0.3343 pcc -0.0799 ccc -0.0154
2021-06-19 17:19:35,983 - utils.logger - INFO - Val result of epoch 13 / 70 mse 0.1256 rmse 0.3544 pcc 0.1546 ccc 0.0315
2021-06-19 17:19:36,364 - utils.logger - INFO - Cur epoch 14 loss ccc:0.1187
2021-06-19 17:19:36,741 - utils.logger - INFO - Cur epoch 14 loss ccc:0.1237
2021-06-19 17:19:37,050 - utils.logger - INFO - Cur epoch 14 loss ccc:1.1473
2021-06-19 17:19:37,050 - utils.logger - INFO - saving the model at the end of epoch 14, iters 84
2021-06-19 17:19:37,300 - utils.logger - INFO - End of training epoch 14 / 70 	 Time Taken: 1 sec, Data loading: 0 sec
2021-06-19 17:19:37,300 - utils.logger - INFO - learning rate = 0.0000500
2021-06-19 17:19:37,660 - utils.logger - INFO - Trn result of epoch 14 / 70 mse 0.1129 rmse 0.3360 pcc -0.0857 ccc -0.0112
2021-06-19 17:19:37,785 - utils.logger - INFO - Val result of epoch 14 / 70 mse 0.1266 rmse 0.3557 pcc 0.1502 ccc 0.0205
2021-06-19 17:19:38,146 - utils.logger - INFO - Cur epoch 15 loss ccc:0.1317
2021-06-19 17:19:38,557 - utils.logger - INFO - Cur epoch 15 loss ccc:0.1130
2021-06-19 17:19:38,913 - utils.logger - INFO - Cur epoch 15 loss ccc:1.0003
2021-06-19 17:19:38,913 - utils.logger - INFO - saving the model at the end of epoch 15, iters 90
2021-06-19 17:19:39,151 - utils.logger - INFO - End of training epoch 15 / 70 	 Time Taken: 1 sec, Data loading: 0 sec
2021-06-19 17:19:39,151 - utils.logger - INFO - learning rate = 0.0000500
2021-06-19 17:19:39,508 - utils.logger - INFO - Trn result of epoch 15 / 70 mse 0.1154 rmse 0.3398 pcc -0.0928 ccc -0.0027
2021-06-19 17:19:39,630 - utils.logger - INFO - Val result of epoch 15 / 70 mse 0.1302 rmse 0.3608 pcc 0.0951 ccc 0.0028
2021-06-19 17:19:40,029 - utils.logger - INFO - Cur epoch 16 loss ccc:0.1240
2021-06-19 17:19:40,420 - utils.logger - INFO - Cur epoch 16 loss ccc:0.1286
2021-06-19 17:19:40,738 - utils.logger - INFO - Cur epoch 16 loss ccc:1.0000
2021-06-19 17:19:40,738 - utils.logger - INFO - saving the model at the end of epoch 16, iters 96
2021-06-19 17:19:40,971 - utils.logger - INFO - End of training epoch 16 / 70 	 Time Taken: 1 sec, Data loading: 0 sec
2021-06-19 17:19:40,971 - utils.logger - INFO - learning rate = 0.0000500
2021-06-19 17:19:41,327 - utils.logger - INFO - Trn result of epoch 16 / 70 mse 0.1147 rmse 0.3387 pcc -0.0977 ccc -0.0047
2021-06-19 17:19:41,450 - utils.logger - INFO - Val result of epoch 16 / 70 mse 0.1292 rmse 0.3594 pcc 0.1324 ccc 0.0067
2021-06-19 17:19:41,839 - utils.logger - INFO - Cur epoch 17 loss ccc:0.1216
2021-06-19 17:19:42,215 - utils.logger - INFO - Cur epoch 17 loss ccc:0.1248
2021-06-19 17:19:42,556 - utils.logger - INFO - Cur epoch 17 loss ccc:1.0166
2021-06-19 17:19:42,556 - utils.logger - INFO - saving the model at the end of epoch 17, iters 102
2021-06-19 17:19:42,792 - utils.logger - INFO - End of training epoch 17 / 70 	 Time Taken: 1 sec, Data loading: 0 sec
2021-06-19 17:19:42,792 - utils.logger - INFO - learning rate = 0.0000500
2021-06-19 17:19:43,153 - utils.logger - INFO - Trn result of epoch 17 / 70 mse 0.1150 rmse 0.3391 pcc -0.1001 ccc -0.0035
2021-06-19 17:19:43,278 - utils.logger - INFO - Val result of epoch 17 / 70 mse 0.1297 rmse 0.3601 pcc 0.1295 ccc 0.0045
2021-06-19 17:19:43,648 - utils.logger - INFO - Cur epoch 18 loss ccc:0.1291
2021-06-19 17:19:44,045 - utils.logger - INFO - Cur epoch 18 loss ccc:0.1145
2021-06-19 17:19:44,384 - utils.logger - INFO - Cur epoch 18 loss ccc:1.0211
2021-06-19 17:19:44,384 - utils.logger - INFO - saving the model at the end of epoch 18, iters 108
2021-06-19 17:19:44,614 - utils.logger - INFO - End of training epoch 18 / 70 	 Time Taken: 1 sec, Data loading: 0 sec
2021-06-19 17:19:44,614 - utils.logger - INFO - learning rate = 0.0000500
2021-06-19 17:19:44,968 - utils.logger - INFO - Trn result of epoch 18 / 70 mse 0.1150 rmse 0.3391 pcc -0.1013 ccc -0.0032
2021-06-19 17:19:45,092 - utils.logger - INFO - Val result of epoch 18 / 70 mse 0.1297 rmse 0.3602 pcc 0.1357 ccc 0.0043
2021-06-19 17:19:45,487 - utils.logger - INFO - Cur epoch 19 loss ccc:0.1301
2021-06-19 17:19:45,876 - utils.logger - INFO - Cur epoch 19 loss ccc:0.1139
2021-06-19 17:19:46,199 - utils.logger - INFO - Cur epoch 19 loss ccc:1.0019
2021-06-19 17:19:46,199 - utils.logger - INFO - saving the model at the end of epoch 19, iters 114
2021-06-19 17:19:46,541 - utils.logger - INFO - End of training epoch 19 / 70 	 Time Taken: 1 sec, Data loading: 0 sec
2021-06-19 17:19:46,542 - utils.logger - INFO - learning rate = 0.0000500
2021-06-19 17:19:46,897 - utils.logger - INFO - Trn result of epoch 19 / 70 mse 0.1148 rmse 0.3388 pcc -0.1012 ccc -0.0034
2021-06-19 17:19:47,020 - utils.logger - INFO - Val result of epoch 19 / 70 mse 0.1295 rmse 0.3599 pcc 0.1394 ccc 0.0048
2021-06-19 17:19:47,391 - utils.logger - INFO - Cur epoch 20 loss ccc:0.1244
2021-06-19 17:19:47,769 - utils.logger - INFO - Cur epoch 20 loss ccc:0.1287
2021-06-19 17:19:48,088 - utils.logger - INFO - Cur epoch 20 loss ccc:1.0065
2021-06-19 17:19:48,088 - utils.logger - INFO - saving the model at the end of epoch 20, iters 120
2021-06-19 17:19:48,321 - utils.logger - INFO - End of training epoch 20 / 70 	 Time Taken: 1 sec, Data loading: 0 sec
2021-06-19 17:19:48,322 - utils.logger - INFO - learning rate = 0.0000500
2021-06-19 17:19:48,676 - utils.logger - INFO - Trn result of epoch 20 / 70 mse 0.1150 rmse 0.3391 pcc -0.1031 ccc -0.0027
2021-06-19 17:19:48,798 - utils.logger - INFO - Val result of epoch 20 / 70 mse 0.1299 rmse 0.3604 pcc 0.1353 ccc 0.0034
2021-06-19 17:19:49,181 - utils.logger - INFO - Cur epoch 21 loss ccc:0.1251
2021-06-19 17:19:49,554 - utils.logger - INFO - Cur epoch 21 loss ccc:0.1250
2021-06-19 17:19:49,862 - utils.logger - INFO - Cur epoch 21 loss ccc:1.0000
2021-06-19 17:19:49,862 - utils.logger - INFO - saving the model at the end of epoch 21, iters 126
2021-06-19 17:19:50,097 - utils.logger - INFO - End of training epoch 21 / 70 	 Time Taken: 1 sec, Data loading: 0 sec
2021-06-19 17:19:50,097 - utils.logger - INFO - learning rate = 0.0000500
2021-06-19 17:19:50,452 - utils.logger - INFO - Trn result of epoch 21 / 70 mse 0.1147 rmse 0.3387 pcc -0.1026 ccc -0.0032
2021-06-19 17:19:50,574 - utils.logger - INFO - Val result of epoch 21 / 70 mse 0.1296 rmse 0.3600 pcc 0.1384 ccc 0.0040
2021-06-19 17:19:50,950 - utils.logger - INFO - Cur epoch 22 loss ccc:0.1291
2021-06-19 17:19:51,325 - utils.logger - INFO - Cur epoch 22 loss ccc:0.1254
2021-06-19 17:19:51,654 - utils.logger - INFO - Cur epoch 22 loss ccc:1.0080
2021-06-19 17:19:51,654 - utils.logger - INFO - saving the model at the end of epoch 22, iters 132
2021-06-19 17:19:51,900 - utils.logger - INFO - End of training epoch 22 / 70 	 Time Taken: 1 sec, Data loading: 0 sec
2021-06-19 17:19:51,900 - utils.logger - INFO - learning rate = 0.0000500
2021-06-19 17:19:52,262 - utils.logger - INFO - Trn result of epoch 22 / 70 mse 0.1147 rmse 0.3386 pcc -0.1034 ccc -0.0031
2021-06-19 17:19:52,388 - utils.logger - INFO - Val result of epoch 22 / 70 mse 0.1297 rmse 0.3601 pcc 0.1354 ccc 0.0038
2021-06-19 17:19:52,775 - utils.logger - INFO - Cur epoch 23 loss ccc:0.1321
2021-06-19 17:19:53,172 - utils.logger - INFO - Cur epoch 23 loss ccc:0.1246
2021-06-19 17:19:53,487 - utils.logger - INFO - Cur epoch 23 loss ccc:1.0014
2021-06-19 17:19:53,487 - utils.logger - INFO - saving the model at the end of epoch 23, iters 138
2021-06-19 17:19:53,721 - utils.logger - INFO - End of training epoch 23 / 70 	 Time Taken: 1 sec, Data loading: 0 sec
2021-06-19 17:19:53,722 - utils.logger - INFO - learning rate = 0.0000500
2021-06-19 17:19:54,080 - utils.logger - INFO - Trn result of epoch 23 / 70 mse 0.1143 rmse 0.3381 pcc -0.1026 ccc -0.0038
2021-06-19 17:19:54,203 - utils.logger - INFO - Val result of epoch 23 / 70 mse 0.1293 rmse 0.3596 pcc 0.1376 ccc 0.0048
2021-06-19 17:19:54,605 - utils.logger - INFO - Cur epoch 24 loss ccc:0.1253
2021-06-19 17:19:55,003 - utils.logger - INFO - Cur epoch 24 loss ccc:0.1077
2021-06-19 17:19:55,328 - utils.logger - INFO - Cur epoch 24 loss ccc:0.9979
2021-06-19 17:19:55,328 - utils.logger - INFO - saving the model at the end of epoch 24, iters 144
2021-06-19 17:19:55,564 - utils.logger - INFO - End of training epoch 24 / 70 	 Time Taken: 1 sec, Data loading: 0 sec
2021-06-19 17:19:55,564 - utils.logger - INFO - learning rate = 0.0000500
2021-06-19 17:19:55,919 - utils.logger - INFO - Trn result of epoch 24 / 70 mse 0.1132 rmse 0.3364 pcc -0.0977 ccc -0.0073
2021-06-19 17:19:56,041 - utils.logger - INFO - Val result of epoch 24 / 70 mse 0.1279 rmse 0.3577 pcc 0.1390 ccc 0.0103
2021-06-19 17:19:56,437 - utils.logger - INFO - Cur epoch 25 loss ccc:0.1080
2021-06-19 17:19:56,847 - utils.logger - INFO - Cur epoch 25 loss ccc:0.1219
2021-06-19 17:19:57,195 - utils.logger - INFO - Cur epoch 25 loss ccc:1.0031
2021-06-19 17:19:57,195 - utils.logger - INFO - saving the model at the end of epoch 25, iters 150
2021-06-19 17:19:57,428 - utils.logger - INFO - End of training epoch 25 / 70 	 Time Taken: 1 sec, Data loading: 0 sec
2021-06-19 17:19:57,429 - utils.logger - INFO - learning rate = 0.0000500
2021-06-19 17:19:57,786 - utils.logger - INFO - Trn result of epoch 25 / 70 mse 0.1122 rmse 0.3350 pcc -0.0930 ccc -0.0111
2021-06-19 17:19:57,906 - utils.logger - INFO - Val result of epoch 25 / 70 mse 0.1268 rmse 0.3561 pcc 0.1423 ccc 0.0168
2021-06-19 17:19:58,289 - utils.logger - INFO - Cur epoch 26 loss ccc:0.1250
2021-06-19 17:19:58,693 - utils.logger - INFO - Cur epoch 26 loss ccc:0.1221
2021-06-19 17:19:59,005 - utils.logger - INFO - Cur epoch 26 loss ccc:0.9229
2021-06-19 17:19:59,005 - utils.logger - INFO - saving the model at the end of epoch 26, iters 156
2021-06-19 17:19:59,235 - utils.logger - INFO - End of training epoch 26 / 70 	 Time Taken: 1 sec, Data loading: 0 sec
2021-06-19 17:19:59,235 - utils.logger - INFO - learning rate = 0.0000500
2021-06-19 17:19:59,590 - utils.logger - INFO - Trn result of epoch 26 / 70 mse 0.1130 rmse 0.3362 pcc -0.0798 ccc -0.0231
2021-06-19 17:19:59,713 - utils.logger - INFO - Val result of epoch 26 / 70 mse 0.1267 rmse 0.3560 pcc 0.1524 ccc 0.0428
2021-06-19 17:20:00,106 - utils.logger - INFO - Cur epoch 27 loss ccc:0.1227
2021-06-19 17:20:00,496 - utils.logger - INFO - Cur epoch 27 loss ccc:0.1168
2021-06-19 17:20:00,830 - utils.logger - INFO - Cur epoch 27 loss ccc:1.0122
2021-06-19 17:20:00,830 - utils.logger - INFO - saving the model at the end of epoch 27, iters 162
2021-06-19 17:20:01,078 - utils.logger - INFO - End of training epoch 27 / 70 	 Time Taken: 1 sec, Data loading: 0 sec
2021-06-19 17:20:01,078 - utils.logger - INFO - learning rate = 0.0000500
2021-06-19 17:20:01,442 - utils.logger - INFO - Trn result of epoch 27 / 70 mse 0.1291 rmse 0.3593 pcc -0.0714 ccc -0.0325
2021-06-19 17:20:01,566 - utils.logger - INFO - Val result of epoch 27 / 70 mse 0.1426 rmse 0.3777 pcc 0.1699 ccc 0.0745
2021-06-19 17:20:01,927 - utils.logger - INFO - Cur epoch 28 loss ccc:0.1057
2021-06-19 17:20:02,324 - utils.logger - INFO - Cur epoch 28 loss ccc:0.1201
2021-06-19 17:20:02,659 - utils.logger - INFO - Cur epoch 28 loss ccc:0.9677
2021-06-19 17:20:02,659 - utils.logger - INFO - saving the model at the end of epoch 28, iters 168
2021-06-19 17:20:02,901 - utils.logger - INFO - End of training epoch 28 / 70 	 Time Taken: 1 sec, Data loading: 0 sec
2021-06-19 17:20:02,901 - utils.logger - INFO - learning rate = 0.0000500
2021-06-19 17:20:03,257 - utils.logger - INFO - Trn result of epoch 28 / 70 mse 0.1719 rmse 0.4146 pcc -0.0575 ccc -0.0291
2021-06-19 17:20:03,380 - utils.logger - INFO - Val result of epoch 28 / 70 mse 0.1830 rmse 0.4278 pcc 0.2008 ccc 0.1020
2021-06-19 17:20:03,785 - utils.logger - INFO - Cur epoch 29 loss ccc:0.1083
2021-06-19 17:20:04,180 - utils.logger - INFO - Cur epoch 29 loss ccc:0.1310
2021-06-19 17:20:04,495 - utils.logger - INFO - Cur epoch 29 loss ccc:1.0063
2021-06-19 17:20:04,495 - utils.logger - INFO - saving the model at the end of epoch 29, iters 174
2021-06-19 17:20:04,736 - utils.logger - INFO - End of training epoch 29 / 70 	 Time Taken: 1 sec, Data loading: 0 sec
2021-06-19 17:20:04,736 - utils.logger - INFO - learning rate = 0.0000500
2021-06-19 17:20:05,098 - utils.logger - INFO - Trn result of epoch 29 / 70 mse 0.1142 rmse 0.3380 pcc -0.0591 ccc -0.0209
2021-06-19 17:20:05,222 - utils.logger - INFO - Val result of epoch 29 / 70 mse 0.1261 rmse 0.3551 pcc 0.1907 ccc 0.0656
2021-06-19 17:20:05,610 - utils.logger - INFO - Cur epoch 30 loss ccc:0.1109
2021-06-19 17:20:06,002 - utils.logger - INFO - Cur epoch 30 loss ccc:0.1000
2021-06-19 17:20:06,328 - utils.logger - INFO - Cur epoch 30 loss ccc:0.9986
2021-06-19 17:20:06,328 - utils.logger - INFO - saving the model at the end of epoch 30, iters 180
2021-06-19 17:20:06,566 - utils.logger - INFO - End of training epoch 30 / 70 	 Time Taken: 1 sec, Data loading: 0 sec
2021-06-19 17:20:06,566 - utils.logger - INFO - learning rate = 0.0000488
2021-06-19 17:20:06,920 - utils.logger - INFO - Trn result of epoch 30 / 70 mse 0.1121 rmse 0.3348 pcc -0.0606 ccc -0.0159
2021-06-19 17:20:07,042 - utils.logger - INFO - Val result of epoch 30 / 70 mse 0.1245 rmse 0.3528 pcc 0.1864 ccc 0.0476
2021-06-19 17:20:07,428 - utils.logger - INFO - Cur epoch 31 loss ccc:0.1303
2021-06-19 17:20:07,819 - utils.logger - INFO - Cur epoch 31 loss ccc:0.1246
2021-06-19 17:20:08,153 - utils.logger - INFO - Cur epoch 31 loss ccc:0.9918
2021-06-19 17:20:08,153 - utils.logger - INFO - saving the model at the end of epoch 31, iters 186
2021-06-19 17:20:08,391 - utils.logger - INFO - End of training epoch 31 / 70 	 Time Taken: 1 sec, Data loading: 0 sec
2021-06-19 17:20:08,391 - utils.logger - INFO - learning rate = 0.0000476
2021-06-19 17:20:08,745 - utils.logger - INFO - Trn result of epoch 31 / 70 mse 0.1142 rmse 0.3380 pcc -0.0534 ccc -0.0183
2021-06-19 17:20:08,867 - utils.logger - INFO - Val result of epoch 31 / 70 mse 0.1263 rmse 0.3553 pcc 0.2089 ccc 0.0712
2021-06-19 17:20:09,268 - utils.logger - INFO - Cur epoch 32 loss ccc:0.1250
2021-06-19 17:20:09,645 - utils.logger - INFO - Cur epoch 32 loss ccc:0.1218
2021-06-19 17:20:09,963 - utils.logger - INFO - Cur epoch 32 loss ccc:0.9874
2021-06-19 17:20:09,963 - utils.logger - INFO - saving the model at the end of epoch 32, iters 192
2021-06-19 17:20:10,228 - utils.logger - INFO - End of training epoch 32 / 70 	 Time Taken: 1 sec, Data loading: 0 sec
2021-06-19 17:20:10,228 - utils.logger - INFO - learning rate = 0.0000463
2021-06-19 17:20:10,580 - utils.logger - INFO - Trn result of epoch 32 / 70 mse 0.1258 rmse 0.3547 pcc -0.0394 ccc -0.0168
2021-06-19 17:20:10,702 - utils.logger - INFO - Val result of epoch 32 / 70 mse 0.1377 rmse 0.3710 pcc 0.2190 ccc 0.0945
2021-06-19 17:20:11,090 - utils.logger - INFO - Cur epoch 33 loss ccc:0.1215
2021-06-19 17:20:11,470 - utils.logger - INFO - Cur epoch 33 loss ccc:0.1038
2021-06-19 17:20:11,789 - utils.logger - INFO - Cur epoch 33 loss ccc:0.6872
2021-06-19 17:20:11,789 - utils.logger - INFO - saving the model at the end of epoch 33, iters 198
2021-06-19 17:20:12,022 - utils.logger - INFO - End of training epoch 33 / 70 	 Time Taken: 1 sec, Data loading: 0 sec
2021-06-19 17:20:12,022 - utils.logger - INFO - learning rate = 0.0000451
2021-06-19 17:20:12,378 - utils.logger - INFO - Trn result of epoch 33 / 70 mse 0.1146 rmse 0.3386 pcc -0.0719 ccc -0.0225
2021-06-19 17:20:12,500 - utils.logger - INFO - Val result of epoch 33 / 70 mse 0.1259 rmse 0.3548 pcc 0.1367 ccc 0.0366
2021-06-19 17:20:12,883 - utils.logger - INFO - Cur epoch 34 loss ccc:0.1191
2021-06-19 17:20:13,281 - utils.logger - INFO - Cur epoch 34 loss ccc:0.1333
2021-06-19 17:20:13,610 - utils.logger - INFO - Cur epoch 34 loss ccc:0.2281
2021-06-19 17:20:13,610 - utils.logger - INFO - saving the model at the end of epoch 34, iters 204
2021-06-19 17:20:13,840 - utils.logger - INFO - End of training epoch 34 / 70 	 Time Taken: 1 sec, Data loading: 0 sec
2021-06-19 17:20:13,840 - utils.logger - INFO - learning rate = 0.0000439
2021-06-19 17:20:14,200 - utils.logger - INFO - Trn result of epoch 34 / 70 mse 0.1822 rmse 0.4269 pcc -0.0120 ccc -0.0066
2021-06-19 17:20:14,325 - utils.logger - INFO - Val result of epoch 34 / 70 mse 0.1870 rmse 0.4324 pcc 0.2444 ccc 0.1371
2021-06-19 17:20:14,691 - utils.logger - INFO - Cur epoch 35 loss ccc:0.0857
2021-06-19 17:20:15,067 - utils.logger - INFO - Cur epoch 35 loss ccc:0.1085
2021-06-19 17:20:15,371 - utils.logger - INFO - Cur epoch 35 loss ccc:1.0116
2021-06-19 17:20:15,371 - utils.logger - INFO - saving the model at the end of epoch 35, iters 210
2021-06-19 17:20:15,604 - utils.logger - INFO - End of training epoch 35 / 70 	 Time Taken: 1 sec, Data loading: 0 sec
2021-06-19 17:20:15,604 - utils.logger - INFO - learning rate = 0.0000427
2021-06-19 17:20:15,967 - utils.logger - INFO - Trn result of epoch 35 / 70 mse 0.3255 rmse 0.5705 pcc 0.0779 ccc 0.0083
2021-06-19 17:20:16,093 - utils.logger - INFO - Val result of epoch 35 / 70 mse 0.3794 rmse 0.6159 pcc 0.0967 ccc 0.0094
2021-06-19 17:20:16,467 - utils.logger - INFO - Cur epoch 36 loss ccc:0.1232
2021-06-19 17:20:16,852 - utils.logger - INFO - Cur epoch 36 loss ccc:0.0955
2021-06-19 17:20:17,158 - utils.logger - INFO - Cur epoch 36 loss ccc:1.0017
2021-06-19 17:20:17,158 - utils.logger - INFO - saving the model at the end of epoch 36, iters 216
2021-06-19 17:20:17,387 - utils.logger - INFO - End of training epoch 36 / 70 	 Time Taken: 1 sec, Data loading: 0 sec
2021-06-19 17:20:17,387 - utils.logger - INFO - learning rate = 0.0000415
2021-06-19 17:20:17,746 - utils.logger - INFO - Trn result of epoch 36 / 70 mse 0.2847 rmse 0.5336 pcc 0.0750 ccc 0.0082
2021-06-19 17:20:17,870 - utils.logger - INFO - Val result of epoch 36 / 70 mse 0.3353 rmse 0.5791 pcc 0.0958 ccc 0.0095
2021-06-19 17:20:18,249 - utils.logger - INFO - Cur epoch 37 loss ccc:0.1313
2021-06-19 17:20:18,650 - utils.logger - INFO - Cur epoch 37 loss ccc:0.1106
2021-06-19 17:20:18,987 - utils.logger - INFO - Cur epoch 37 loss ccc:1.0839
2021-06-19 17:20:18,987 - utils.logger - INFO - saving the model at the end of epoch 37, iters 222
2021-06-19 17:20:19,223 - utils.logger - INFO - End of training epoch 37 / 70 	 Time Taken: 1 sec, Data loading: 0 sec
2021-06-19 17:20:19,223 - utils.logger - INFO - learning rate = 0.0000402
2021-06-19 17:20:19,578 - utils.logger - INFO - Trn result of epoch 37 / 70 mse 0.2234 rmse 0.4726 pcc 0.0818 ccc 0.0100
2021-06-19 17:20:19,701 - utils.logger - INFO - Val result of epoch 37 / 70 mse 0.2688 rmse 0.5184 pcc 0.0939 ccc 0.0101
2021-06-19 17:20:20,095 - utils.logger - INFO - Cur epoch 38 loss ccc:0.1110
2021-06-19 17:20:20,480 - utils.logger - INFO - Cur epoch 38 loss ccc:0.1162
2021-06-19 17:20:20,802 - utils.logger - INFO - Cur epoch 38 loss ccc:0.9943
2021-06-19 17:20:20,802 - utils.logger - INFO - saving the model at the end of epoch 38, iters 228
2021-06-19 17:20:21,050 - utils.logger - INFO - End of training epoch 38 / 70 	 Time Taken: 1 sec, Data loading: 0 sec
2021-06-19 17:20:21,050 - utils.logger - INFO - learning rate = 0.0000390
2021-06-19 17:20:21,407 - utils.logger - INFO - Trn result of epoch 38 / 70 mse 0.2239 rmse 0.4732 pcc 0.0845 ccc 0.0105
2021-06-19 17:20:21,530 - utils.logger - INFO - Val result of epoch 38 / 70 mse 0.2694 rmse 0.5191 pcc 0.0940 ccc 0.0103
2021-06-19 17:20:21,924 - utils.logger - INFO - Cur epoch 39 loss ccc:0.1310
2021-06-19 17:20:22,321 - utils.logger - INFO - Cur epoch 39 loss ccc:0.0949
2021-06-19 17:20:22,630 - utils.logger - INFO - Cur epoch 39 loss ccc:0.9643
2021-06-19 17:20:22,630 - utils.logger - INFO - saving the model at the end of epoch 39, iters 234
2021-06-19 17:20:23,038 - utils.logger - INFO - End of training epoch 39 / 70 	 Time Taken: 1 sec, Data loading: 0 sec
2021-06-19 17:20:23,038 - utils.logger - INFO - learning rate = 0.0000378
2021-06-19 17:20:23,394 - utils.logger - INFO - Trn result of epoch 39 / 70 mse 0.1471 rmse 0.3835 pcc 0.1041 ccc 0.0159
2021-06-19 17:20:23,516 - utils.logger - INFO - Val result of epoch 39 / 70 mse 0.1829 rmse 0.4277 pcc 0.1050 ccc 0.0132
2021-06-19 17:20:23,893 - utils.logger - INFO - Cur epoch 40 loss ccc:0.1283
2021-06-19 17:20:24,279 - utils.logger - INFO - Cur epoch 40 loss ccc:0.1230
2021-06-19 17:20:24,613 - utils.logger - INFO - Cur epoch 40 loss ccc:0.9963
2021-06-19 17:20:24,613 - utils.logger - INFO - saving the model at the end of epoch 40, iters 240
2021-06-19 17:20:24,843 - utils.logger - INFO - End of training epoch 40 / 70 	 Time Taken: 1 sec, Data loading: 0 sec
2021-06-19 17:20:24,843 - utils.logger - INFO - learning rate = 0.0000366
2021-06-19 17:20:25,202 - utils.logger - INFO - Trn result of epoch 40 / 70 mse 0.1279 rmse 0.3576 pcc 0.0742 ccc 0.0254
2021-06-19 17:20:25,326 - utils.logger - INFO - Val result of epoch 40 / 70 mse 0.1595 rmse 0.3993 pcc 0.1150 ccc 0.0249
2021-06-19 17:20:25,720 - utils.logger - INFO - Cur epoch 41 loss ccc:0.0903
2021-06-19 17:20:26,123 - utils.logger - INFO - Cur epoch 41 loss ccc:0.1275
2021-06-19 17:20:26,459 - utils.logger - INFO - Cur epoch 41 loss ccc:0.9049
2021-06-19 17:20:26,459 - utils.logger - INFO - saving the model at the end of epoch 41, iters 246
2021-06-19 17:20:26,743 - utils.logger - INFO - End of training epoch 41 / 70 	 Time Taken: 1 sec, Data loading: 0 sec
2021-06-19 17:20:26,743 - utils.logger - INFO - learning rate = 0.0000354
2021-06-19 17:20:27,104 - utils.logger - INFO - Trn result of epoch 41 / 70 mse 0.2000 rmse 0.4472 pcc 0.0772 ccc 0.0104
2021-06-19 17:20:27,228 - utils.logger - INFO - Val result of epoch 41 / 70 mse 0.2415 rmse 0.4914 pcc 0.1092 ccc 0.0129
2021-06-19 17:20:27,599 - utils.logger - INFO - Cur epoch 42 loss ccc:0.1113
2021-06-19 17:20:27,998 - utils.logger - INFO - Cur epoch 42 loss ccc:0.1136
2021-06-19 17:20:28,332 - utils.logger - INFO - Cur epoch 42 loss ccc:0.9608
2021-06-19 17:20:28,333 - utils.logger - INFO - saving the model at the end of epoch 42, iters 252
2021-06-19 17:20:28,569 - utils.logger - INFO - End of training epoch 42 / 70 	 Time Taken: 1 sec, Data loading: 0 sec
2021-06-19 17:20:28,569 - utils.logger - INFO - learning rate = 0.0000341
2021-06-19 17:20:28,933 - utils.logger - INFO - Trn result of epoch 42 / 70 mse 0.1438 rmse 0.3792 pcc 0.0798 ccc 0.0117
2021-06-19 17:20:29,063 - utils.logger - INFO - Val result of epoch 42 / 70 mse 0.1774 rmse 0.4211 pcc 0.1239 ccc 0.0156
2021-06-19 17:20:29,444 - utils.logger - INFO - Cur epoch 43 loss ccc:0.1053
2021-06-19 17:20:29,833 - utils.logger - INFO - Cur epoch 43 loss ccc:0.1069
2021-06-19 17:20:30,149 - utils.logger - INFO - Cur epoch 43 loss ccc:1.0039
2021-06-19 17:20:30,149 - utils.logger - INFO - saving the model at the end of epoch 43, iters 258
2021-06-19 17:20:30,383 - utils.logger - INFO - End of training epoch 43 / 70 	 Time Taken: 1 sec, Data loading: 0 sec
2021-06-19 17:20:30,383 - utils.logger - INFO - learning rate = 0.0000329
2021-06-19 17:20:30,741 - utils.logger - INFO - Trn result of epoch 43 / 70 mse 0.1497 rmse 0.3870 pcc 0.0922 ccc 0.0145
2021-06-19 17:20:30,863 - utils.logger - INFO - Val result of epoch 43 / 70 mse 0.1848 rmse 0.4299 pcc 0.1197 ccc 0.0157
2021-06-19 17:20:31,244 - utils.logger - INFO - Cur epoch 44 loss ccc:0.1162
2021-06-19 17:20:31,621 - utils.logger - INFO - Cur epoch 44 loss ccc:0.1156
2021-06-19 17:20:31,958 - utils.logger - INFO - Cur epoch 44 loss ccc:1.0618
2021-06-19 17:20:31,958 - utils.logger - INFO - saving the model at the end of epoch 44, iters 264
2021-06-19 17:20:32,185 - utils.logger - INFO - End of training epoch 44 / 70 	 Time Taken: 1 sec, Data loading: 0 sec
2021-06-19 17:20:32,185 - utils.logger - INFO - learning rate = 0.0000317
2021-06-19 17:20:32,547 - utils.logger - INFO - Trn result of epoch 44 / 70 mse 0.1213 rmse 0.3483 pcc 0.1203 ccc 0.0216
2021-06-19 17:20:32,673 - utils.logger - INFO - Val result of epoch 44 / 70 mse 0.1513 rmse 0.3889 pcc 0.1288 ccc 0.0177
2021-06-19 17:20:33,080 - utils.logger - INFO - Cur epoch 45 loss ccc:0.1182
2021-06-19 17:20:33,479 - utils.logger - INFO - Cur epoch 45 loss ccc:0.0982
2021-06-19 17:20:33,852 - utils.logger - INFO - Cur epoch 45 loss ccc:0.9370
2021-06-19 17:20:33,852 - utils.logger - INFO - saving the model at the end of epoch 45, iters 270
2021-06-19 17:20:34,092 - utils.logger - INFO - End of training epoch 45 / 70 	 Time Taken: 1 sec, Data loading: 0 sec
2021-06-19 17:20:34,093 - utils.logger - INFO - learning rate = 0.0000305
2021-06-19 17:20:34,455 - utils.logger - INFO - Trn result of epoch 45 / 70 mse 0.1222 rmse 0.3496 pcc 0.0390 ccc 0.0239
2021-06-19 17:20:34,579 - utils.logger - INFO - Val result of epoch 45 / 70 mse 0.1505 rmse 0.3880 pcc -0.0090 ccc -0.0051
2021-06-19 17:20:34,998 - utils.logger - INFO - Cur epoch 46 loss ccc:0.1346
2021-06-19 17:20:35,422 - utils.logger - INFO - Cur epoch 46 loss ccc:0.1254
2021-06-19 17:20:35,760 - utils.logger - INFO - Cur epoch 46 loss ccc:1.0044
2021-06-19 17:20:35,760 - utils.logger - INFO - saving the model at the end of epoch 46, iters 276
2021-06-19 17:20:35,998 - utils.logger - INFO - End of training epoch 46 / 70 	 Time Taken: 1 sec, Data loading: 0 sec
2021-06-19 17:20:35,998 - utils.logger - INFO - learning rate = 0.0000293
2021-06-19 17:20:36,356 - utils.logger - INFO - Trn result of epoch 46 / 70 mse 0.1341 rmse 0.3662 pcc -0.0000 ccc -0.0000
2021-06-19 17:20:36,479 - utils.logger - INFO - Val result of epoch 46 / 70 mse 0.1599 rmse 0.3998 pcc -0.0099 ccc -0.0057
2021-06-19 17:20:36,848 - utils.logger - INFO - Cur epoch 47 loss ccc:0.1130
2021-06-19 17:20:37,219 - utils.logger - INFO - Cur epoch 47 loss ccc:0.1337
2021-06-19 17:20:37,532 - utils.logger - INFO - Cur epoch 47 loss ccc:1.0136
2021-06-19 17:20:37,532 - utils.logger - INFO - saving the model at the end of epoch 47, iters 282
2021-06-19 17:20:37,765 - utils.logger - INFO - End of training epoch 47 / 70 	 Time Taken: 1 sec, Data loading: 0 sec
2021-06-19 17:20:37,766 - utils.logger - INFO - learning rate = 0.0000280
2021-06-19 17:20:38,123 - utils.logger - INFO - Trn result of epoch 47 / 70 mse 0.1469 rmse 0.3832 pcc 0.1134 ccc 0.0303
2021-06-19 17:20:38,246 - utils.logger - INFO - Val result of epoch 47 / 70 mse 0.1825 rmse 0.4272 pcc 0.1106 ccc 0.0235
2021-06-19 17:20:38,626 - utils.logger - INFO - Cur epoch 48 loss ccc:0.1213
2021-06-19 17:20:38,996 - utils.logger - INFO - Cur epoch 48 loss ccc:0.1199
2021-06-19 17:20:39,312 - utils.logger - INFO - Cur epoch 48 loss ccc:0.9910
2021-06-19 17:20:39,313 - utils.logger - INFO - saving the model at the end of epoch 48, iters 288
2021-06-19 17:20:39,544 - utils.logger - INFO - End of training epoch 48 / 70 	 Time Taken: 1 sec, Data loading: 0 sec
2021-06-19 17:20:39,544 - utils.logger - INFO - learning rate = 0.0000268
2021-06-19 17:20:39,906 - utils.logger - INFO - Trn result of epoch 48 / 70 mse 0.1401 rmse 0.3743 pcc 0.0102 ccc 0.0064
2021-06-19 17:20:40,029 - utils.logger - INFO - Val result of epoch 48 / 70 mse 0.1683 rmse 0.4103 pcc -0.0290 ccc -0.0183
2021-06-19 17:20:40,402 - utils.logger - INFO - Cur epoch 49 loss ccc:0.1107
2021-06-19 17:20:40,786 - utils.logger - INFO - Cur epoch 49 loss ccc:0.1344
2021-06-19 17:20:41,100 - utils.logger - INFO - Cur epoch 49 loss ccc:0.9937
2021-06-19 17:20:41,100 - utils.logger - INFO - saving the model at the end of epoch 49, iters 294
2021-06-19 17:20:41,325 - utils.logger - INFO - End of training epoch 49 / 70 	 Time Taken: 1 sec, Data loading: 0 sec
2021-06-19 17:20:41,325 - utils.logger - INFO - learning rate = 0.0000256
2021-06-19 17:20:41,686 - utils.logger - INFO - Trn result of epoch 49 / 70 mse 0.1293 rmse 0.3595 pcc 0.0775 ccc 0.0549
2021-06-19 17:20:41,811 - utils.logger - INFO - Val result of epoch 49 / 70 mse 0.1635 rmse 0.4044 pcc -0.0074 ccc -0.0048
2021-06-19 17:20:42,198 - utils.logger - INFO - Cur epoch 50 loss ccc:0.1332
2021-06-19 17:20:42,598 - utils.logger - INFO - Cur epoch 50 loss ccc:0.1251
2021-06-19 17:20:42,907 - utils.logger - INFO - Cur epoch 50 loss ccc:1.0329
2021-06-19 17:20:42,907 - utils.logger - INFO - saving the model at the end of epoch 50, iters 300
2021-06-19 17:20:43,141 - utils.logger - INFO - End of training epoch 50 / 70 	 Time Taken: 1 sec, Data loading: 0 sec
2021-06-19 17:20:43,141 - utils.logger - INFO - learning rate = 0.0000244
2021-06-19 17:20:43,499 - utils.logger - INFO - Trn result of epoch 50 / 70 mse 0.2002 rmse 0.4475 pcc 0.0752 ccc 0.0252
2021-06-19 17:20:43,622 - utils.logger - INFO - Val result of epoch 50 / 70 mse 0.2432 rmse 0.4931 pcc 0.1057 ccc 0.0243
2021-06-19 17:20:43,998 - utils.logger - INFO - Cur epoch 51 loss ccc:0.1250
2021-06-19 17:20:44,373 - utils.logger - INFO - Cur epoch 51 loss ccc:0.1194
2021-06-19 17:20:44,686 - utils.logger - INFO - Cur epoch 51 loss ccc:1.0562
2021-06-19 17:20:44,686 - utils.logger - INFO - saving the model at the end of epoch 51, iters 306
2021-06-19 17:20:44,912 - utils.logger - INFO - End of training epoch 51 / 70 	 Time Taken: 1 sec, Data loading: 0 sec
2021-06-19 17:20:44,912 - utils.logger - INFO - learning rate = 0.0000232
2021-06-19 17:20:45,267 - utils.logger - INFO - Trn result of epoch 51 / 70 mse 0.1811 rmse 0.4256 pcc 0.0471 ccc 0.0181
2021-06-19 17:20:45,390 - utils.logger - INFO - Val result of epoch 51 / 70 mse 0.2230 rmse 0.4722 pcc -0.0372 ccc -0.0132
2021-06-19 17:20:45,760 - utils.logger - INFO - Cur epoch 52 loss ccc:0.1204
2021-06-19 17:20:46,135 - utils.logger - INFO - Cur epoch 52 loss ccc:0.1096
2021-06-19 17:20:46,443 - utils.logger - INFO - Cur epoch 52 loss ccc:1.0005
2021-06-19 17:20:46,443 - utils.logger - INFO - saving the model at the end of epoch 52, iters 312
2021-06-19 17:20:46,677 - utils.logger - INFO - End of training epoch 52 / 70 	 Time Taken: 1 sec, Data loading: 0 sec
2021-06-19 17:20:46,677 - utils.logger - INFO - learning rate = 0.0000220
2021-06-19 17:20:47,036 - utils.logger - INFO - Trn result of epoch 52 / 70 mse 0.1809 rmse 0.4254 pcc 0.0465 ccc 0.0181
2021-06-19 17:20:47,159 - utils.logger - INFO - Val result of epoch 52 / 70 mse 0.2227 rmse 0.4719 pcc -0.0390 ccc -0.0141
2021-06-19 17:20:47,533 - utils.logger - INFO - Cur epoch 53 loss ccc:0.1101
2021-06-19 17:20:47,905 - utils.logger - INFO - Cur epoch 53 loss ccc:0.0935
2021-06-19 17:20:48,217 - utils.logger - INFO - Cur epoch 53 loss ccc:0.9596
2021-06-19 17:20:48,217 - utils.logger - INFO - saving the model at the end of epoch 53, iters 318
2021-06-19 17:20:48,450 - utils.logger - INFO - End of training epoch 53 / 70 	 Time Taken: 1 sec, Data loading: 0 sec
2021-06-19 17:20:48,451 - utils.logger - INFO - learning rate = 0.0000207
2021-06-19 17:20:48,804 - utils.logger - INFO - Trn result of epoch 53 / 70 mse 0.2159 rmse 0.4646 pcc 0.0585 ccc 0.0227
2021-06-19 17:20:48,926 - utils.logger - INFO - Val result of epoch 53 / 70 mse 0.2666 rmse 0.5163 pcc -0.0820 ccc -0.0317
2021-06-19 17:20:49,308 - utils.logger - INFO - Cur epoch 54 loss ccc:0.1133
2021-06-19 17:20:49,679 - utils.logger - INFO - Cur epoch 54 loss ccc:0.1148
2021-06-19 17:20:49,982 - utils.logger - INFO - Cur epoch 54 loss ccc:0.2018
2021-06-19 17:20:49,982 - utils.logger - INFO - saving the model at the end of epoch 54, iters 324
2021-06-19 17:20:50,216 - utils.logger - INFO - End of training epoch 54 / 70 	 Time Taken: 1 sec, Data loading: 0 sec
2021-06-19 17:20:50,217 - utils.logger - INFO - learning rate = 0.0000195
2021-06-19 17:20:50,571 - utils.logger - INFO - Trn result of epoch 54 / 70 mse 0.1921 rmse 0.4383 pcc 0.0860 ccc 0.0557
2021-06-19 17:20:50,694 - utils.logger - INFO - Val result of epoch 54 / 70 mse 0.2061 rmse 0.4540 pcc 0.1233 ccc 0.0832
2021-06-19 17:20:51,065 - utils.logger - INFO - Cur epoch 55 loss ccc:0.1212
2021-06-19 17:20:51,444 - utils.logger - INFO - Cur epoch 55 loss ccc:0.1277
2021-06-19 17:20:51,757 - utils.logger - INFO - Cur epoch 55 loss ccc:0.9253
2021-06-19 17:20:51,757 - utils.logger - INFO - saving the model at the end of epoch 55, iters 330
2021-06-19 17:20:51,987 - utils.logger - INFO - End of training epoch 55 / 70 	 Time Taken: 1 sec, Data loading: 0 sec
2021-06-19 17:20:51,987 - utils.logger - INFO - learning rate = 0.0000183
2021-06-19 17:20:52,347 - utils.logger - INFO - Trn result of epoch 55 / 70 mse 0.1876 rmse 0.4331 pcc 0.0783 ccc 0.0520
2021-06-19 17:20:52,472 - utils.logger - INFO - Val result of epoch 55 / 70 mse 0.1779 rmse 0.4218 pcc 0.2355 ccc 0.1704
2021-06-19 17:20:52,843 - utils.logger - INFO - Cur epoch 56 loss ccc:0.1178
2021-06-19 17:20:53,252 - utils.logger - INFO - Cur epoch 56 loss ccc:0.1250
2021-06-19 17:20:53,620 - utils.logger - INFO - Cur epoch 56 loss ccc:1.0000
2021-06-19 17:20:53,620 - utils.logger - INFO - saving the model at the end of epoch 56, iters 336
2021-06-19 17:20:53,858 - utils.logger - INFO - End of training epoch 56 / 70 	 Time Taken: 1 sec, Data loading: 0 sec
2021-06-19 17:20:53,859 - utils.logger - INFO - learning rate = 0.0000171
2021-06-19 17:20:54,224 - utils.logger - INFO - Trn result of epoch 56 / 70 mse 0.2158 rmse 0.4646 pcc 0.0456 ccc 0.0176
2021-06-19 17:20:54,351 - utils.logger - INFO - Val result of epoch 56 / 70 mse 0.2494 rmse 0.4994 pcc 0.1702 ccc 0.0460
2021-06-19 17:20:54,731 - utils.logger - INFO - Cur epoch 57 loss ccc:0.1160
2021-06-19 17:20:55,105 - utils.logger - INFO - Cur epoch 57 loss ccc:0.1134
2021-06-19 17:20:55,421 - utils.logger - INFO - Cur epoch 57 loss ccc:0.9998
2021-06-19 17:20:55,421 - utils.logger - INFO - saving the model at the end of epoch 57, iters 342
2021-06-19 17:20:55,646 - utils.logger - INFO - End of training epoch 57 / 70 	 Time Taken: 1 sec, Data loading: 0 sec
2021-06-19 17:20:55,647 - utils.logger - INFO - learning rate = 0.0000159
2021-06-19 17:20:56,003 - utils.logger - INFO - Trn result of epoch 57 / 70 mse 0.1662 rmse 0.4077 pcc 0.0517 ccc 0.0220
2021-06-19 17:20:56,126 - utils.logger - INFO - Val result of epoch 57 / 70 mse 0.2032 rmse 0.4507 pcc -0.0265 ccc -0.0109
2021-06-19 17:20:56,507 - utils.logger - INFO - Cur epoch 58 loss ccc:0.1214
2021-06-19 17:20:56,869 - utils.logger - INFO - Cur epoch 58 loss ccc:0.1098
2021-06-19 17:20:57,174 - utils.logger - INFO - Cur epoch 58 loss ccc:0.9063
2021-06-19 17:20:57,174 - utils.logger - INFO - saving the model at the end of epoch 58, iters 348
2021-06-19 17:20:57,408 - utils.logger - INFO - End of training epoch 58 / 70 	 Time Taken: 1 sec, Data loading: 0 sec
2021-06-19 17:20:57,409 - utils.logger - INFO - learning rate = 0.0000146
2021-06-19 17:20:57,763 - utils.logger - INFO - Trn result of epoch 58 / 70 mse 0.1881 rmse 0.4336 pcc 0.0897 ccc 0.0268
2021-06-19 17:20:57,887 - utils.logger - INFO - Val result of epoch 58 / 70 mse 0.2201 rmse 0.4691 pcc 0.1848 ccc 0.0460
2021-06-19 17:20:58,254 - utils.logger - INFO - Cur epoch 59 loss ccc:0.1365
2021-06-19 17:20:58,637 - utils.logger - INFO - Cur epoch 59 loss ccc:0.1251
2021-06-19 17:20:58,944 - utils.logger - INFO - Cur epoch 59 loss ccc:1.1637
2021-06-19 17:20:58,944 - utils.logger - INFO - saving the model at the end of epoch 59, iters 354
2021-06-19 17:20:59,187 - utils.logger - INFO - End of training epoch 59 / 70 	 Time Taken: 1 sec, Data loading: 0 sec
2021-06-19 17:20:59,188 - utils.logger - INFO - learning rate = 0.0000134
2021-06-19 17:20:59,546 - utils.logger - INFO - Trn result of epoch 59 / 70 mse 0.1828 rmse 0.4276 pcc 0.0815 ccc 0.0302
2021-06-19 17:20:59,670 - utils.logger - INFO - Val result of epoch 59 / 70 mse 0.2114 rmse 0.4598 pcc 0.1995 ccc 0.0583
2021-06-19 17:21:00,048 - utils.logger - INFO - Cur epoch 60 loss ccc:0.0992
2021-06-19 17:21:00,437 - utils.logger - INFO - Cur epoch 60 loss ccc:0.1199
2021-06-19 17:21:00,761 - utils.logger - INFO - Cur epoch 60 loss ccc:1.0041
2021-06-19 17:21:00,761 - utils.logger - INFO - saving the model at the end of epoch 60, iters 360
2021-06-19 17:21:01,029 - utils.logger - INFO - End of training epoch 60 / 70 	 Time Taken: 1 sec, Data loading: 0 sec
2021-06-19 17:21:01,029 - utils.logger - INFO - learning rate = 0.0000122
2021-06-19 17:21:01,391 - utils.logger - INFO - Trn result of epoch 60 / 70 mse 0.1915 rmse 0.4376 pcc 0.0693 ccc 0.0225
2021-06-19 17:21:01,518 - utils.logger - INFO - Val result of epoch 60 / 70 mse 0.2182 rmse 0.4671 pcc 0.2040 ccc 0.0586
2021-06-19 17:21:01,914 - utils.logger - INFO - Cur epoch 61 loss ccc:0.0955
2021-06-19 17:21:02,306 - utils.logger - INFO - Cur epoch 61 loss ccc:0.0942
2021-06-19 17:21:02,627 - utils.logger - INFO - Cur epoch 61 loss ccc:1.0017
2021-06-19 17:21:02,628 - utils.logger - INFO - saving the model at the end of epoch 61, iters 366
2021-06-19 17:21:02,863 - utils.logger - INFO - End of training epoch 61 / 70 	 Time Taken: 1 sec, Data loading: 0 sec
2021-06-19 17:21:02,863 - utils.logger - INFO - learning rate = 0.0000110
2021-06-19 17:21:03,225 - utils.logger - INFO - Trn result of epoch 61 / 70 mse 0.1852 rmse 0.4304 pcc 0.0437 ccc 0.0158
2021-06-19 17:21:03,362 - utils.logger - INFO - Val result of epoch 61 / 70 mse 0.2103 rmse 0.4586 pcc 0.1635 ccc 0.0549
2021-06-19 17:21:03,751 - utils.logger - INFO - Cur epoch 62 loss ccc:0.1077
2021-06-19 17:21:04,126 - utils.logger - INFO - Cur epoch 62 loss ccc:0.1304
2021-06-19 17:21:04,431 - utils.logger - INFO - Cur epoch 62 loss ccc:0.9746
2021-06-19 17:21:04,431 - utils.logger - INFO - saving the model at the end of epoch 62, iters 372
2021-06-19 17:21:04,700 - utils.logger - INFO - End of training epoch 62 / 70 	 Time Taken: 1 sec, Data loading: 0 sec
2021-06-19 17:21:04,701 - utils.logger - INFO - learning rate = 0.0000098
2021-06-19 17:21:05,061 - utils.logger - INFO - Trn result of epoch 62 / 70 mse 0.1413 rmse 0.3759 pcc 0.0089 ccc 0.0051
2021-06-19 17:21:05,185 - utils.logger - INFO - Val result of epoch 62 / 70 mse 0.1465 rmse 0.3827 pcc 0.2034 ccc 0.1170
2021-06-19 17:21:05,571 - utils.logger - INFO - Cur epoch 63 loss ccc:0.1268
2021-06-19 17:21:05,951 - utils.logger - INFO - Cur epoch 63 loss ccc:0.1366
2021-06-19 17:21:06,272 - utils.logger - INFO - Cur epoch 63 loss ccc:0.3843
2021-06-19 17:21:06,272 - utils.logger - INFO - saving the model at the end of epoch 63, iters 378
2021-06-19 17:21:06,508 - utils.logger - INFO - End of training epoch 63 / 70 	 Time Taken: 1 sec, Data loading: 0 sec
2021-06-19 17:21:06,509 - utils.logger - INFO - learning rate = 0.0000085
2021-06-19 17:21:06,864 - utils.logger - INFO - Trn result of epoch 63 / 70 mse 0.1626 rmse 0.4032 pcc 0.0372 ccc 0.0229
2021-06-19 17:21:06,989 - utils.logger - INFO - Val result of epoch 63 / 70 mse 0.1628 rmse 0.4035 pcc 0.2590 ccc 0.1577
2021-06-19 17:21:07,367 - utils.logger - INFO - Cur epoch 64 loss ccc:0.1163
2021-06-19 17:21:07,741 - utils.logger - INFO - Cur epoch 64 loss ccc:0.1250
2021-06-19 17:21:08,046 - utils.logger - INFO - Cur epoch 64 loss ccc:0.2541
2021-06-19 17:21:08,046 - utils.logger - INFO - saving the model at the end of epoch 64, iters 384
2021-06-19 17:21:08,281 - utils.logger - INFO - End of training epoch 64 / 70 	 Time Taken: 1 sec, Data loading: 0 sec
2021-06-19 17:21:08,281 - utils.logger - INFO - learning rate = 0.0000073
2021-06-19 17:21:08,637 - utils.logger - INFO - Trn result of epoch 64 / 70 mse 0.2024 rmse 0.4499 pcc 0.0234 ccc 0.0130
2021-06-19 17:21:08,759 - utils.logger - INFO - Val result of epoch 64 / 70 mse 0.1981 rmse 0.4450 pcc 0.2714 ccc 0.1559
2021-06-19 17:21:09,144 - utils.logger - INFO - Cur epoch 65 loss ccc:0.1249
2021-06-19 17:21:09,510 - utils.logger - INFO - Cur epoch 65 loss ccc:0.1280
2021-06-19 17:21:09,817 - utils.logger - INFO - Cur epoch 65 loss ccc:1.0448
2021-06-19 17:21:09,817 - utils.logger - INFO - saving the model at the end of epoch 65, iters 390
2021-06-19 17:21:10,049 - utils.logger - INFO - End of training epoch 65 / 70 	 Time Taken: 1 sec, Data loading: 0 sec
2021-06-19 17:21:10,049 - utils.logger - INFO - learning rate = 0.0000061
2021-06-19 17:21:10,410 - utils.logger - INFO - Trn result of epoch 65 / 70 mse 0.1896 rmse 0.4354 pcc 0.0494 ccc 0.0293
2021-06-19 17:21:10,536 - utils.logger - INFO - Val result of epoch 65 / 70 mse 0.1878 rmse 0.4334 pcc 0.2309 ccc 0.1471
2021-06-19 17:21:10,918 - utils.logger - INFO - Cur epoch 66 loss ccc:0.1261
2021-06-19 17:21:11,282 - utils.logger - INFO - Cur epoch 66 loss ccc:0.1351
2021-06-19 17:21:11,594 - utils.logger - INFO - Cur epoch 66 loss ccc:0.8978
2021-06-19 17:21:11,594 - utils.logger - INFO - saving the model at the end of epoch 66, iters 396
2021-06-19 17:21:11,827 - utils.logger - INFO - End of training epoch 66 / 70 	 Time Taken: 1 sec, Data loading: 0 sec
2021-06-19 17:21:11,827 - utils.logger - INFO - learning rate = 0.0000049
2021-06-19 17:21:12,192 - utils.logger - INFO - Trn result of epoch 66 / 70 mse 0.1467 rmse 0.3830 pcc 0.0574 ccc 0.0432
2021-06-19 17:21:12,332 - utils.logger - INFO - Val result of epoch 66 / 70 mse 0.1488 rmse 0.3857 pcc 0.2123 ccc 0.1474
2021-06-19 17:21:12,719 - utils.logger - INFO - Cur epoch 67 loss ccc:0.1136
2021-06-19 17:21:13,097 - utils.logger - INFO - Cur epoch 67 loss ccc:0.1251
2021-06-19 17:21:13,418 - utils.logger - INFO - Cur epoch 67 loss ccc:0.9633
2021-06-19 17:21:13,418 - utils.logger - INFO - saving the model at the end of epoch 67, iters 402
2021-06-19 17:21:13,643 - utils.logger - INFO - End of training epoch 67 / 70 	 Time Taken: 1 sec, Data loading: 0 sec
2021-06-19 17:21:13,643 - utils.logger - INFO - learning rate = 0.0000037
2021-06-19 17:21:14,000 - utils.logger - INFO - Trn result of epoch 67 / 70 mse 0.1536 rmse 0.3920 pcc 0.0742 ccc 0.0550
2021-06-19 17:21:14,122 - utils.logger - INFO - Val result of epoch 67 / 70 mse 0.1582 rmse 0.3978 pcc 0.2144 ccc 0.1506
2021-06-19 17:21:14,513 - utils.logger - INFO - Cur epoch 68 loss ccc:0.1255
2021-06-19 17:21:14,902 - utils.logger - INFO - Cur epoch 68 loss ccc:0.1250
2021-06-19 17:21:15,233 - utils.logger - INFO - Cur epoch 68 loss ccc:1.0469
2021-06-19 17:21:15,234 - utils.logger - INFO - saving the model at the end of epoch 68, iters 408
2021-06-19 17:21:15,467 - utils.logger - INFO - End of training epoch 68 / 70 	 Time Taken: 1 sec, Data loading: 0 sec
2021-06-19 17:21:15,468 - utils.logger - INFO - learning rate = 0.0000024
2021-06-19 17:21:15,823 - utils.logger - INFO - Trn result of epoch 68 / 70 mse 0.1634 rmse 0.4042 pcc 0.0627 ccc 0.0438
2021-06-19 17:21:15,946 - utils.logger - INFO - Val result of epoch 68 / 70 mse 0.1667 rmse 0.4083 pcc 0.2117 ccc 0.1463
2021-06-19 17:21:16,335 - utils.logger - INFO - Cur epoch 69 loss ccc:0.1332
2021-06-19 17:21:16,690 - utils.logger - INFO - Cur epoch 69 loss ccc:0.0846
2021-06-19 17:21:17,011 - utils.logger - INFO - Cur epoch 69 loss ccc:1.0041
2021-06-19 17:21:17,011 - utils.logger - INFO - saving the model at the end of epoch 69, iters 414
2021-06-19 17:21:17,242 - utils.logger - INFO - End of training epoch 69 / 70 	 Time Taken: 1 sec, Data loading: 0 sec
2021-06-19 17:21:17,242 - utils.logger - INFO - learning rate = 0.0000012
2021-06-19 17:21:17,593 - utils.logger - INFO - Trn result of epoch 69 / 70 mse 0.1908 rmse 0.4368 pcc 0.0396 ccc 0.0237
2021-06-19 17:21:17,717 - utils.logger - INFO - Val result of epoch 69 / 70 mse 0.1862 rmse 0.4315 pcc 0.2688 ccc 0.1643
2021-06-19 17:21:18,109 - utils.logger - INFO - Cur epoch 70 loss ccc:0.1193
2021-06-19 17:21:18,502 - utils.logger - INFO - Cur epoch 70 loss ccc:0.1216
2021-06-19 17:21:18,823 - utils.logger - INFO - Cur epoch 70 loss ccc:0.9997
2021-06-19 17:21:18,823 - utils.logger - INFO - saving the model at the end of epoch 70, iters 420
2021-06-19 17:21:19,055 - utils.logger - INFO - End of training epoch 70 / 70 	 Time Taken: 1 sec, Data loading: 0 sec
2021-06-19 17:21:19,055 - utils.logger - INFO - learning rate = 0.0000000
2021-06-19 17:21:19,423 - utils.logger - INFO - Trn result of epoch 70 / 70 mse 0.1965 rmse 0.4433 pcc 0.0407 ccc 0.0231
2021-06-19 17:21:19,549 - utils.logger - INFO - Val result of epoch 70 / 70 mse 0.1932 rmse 0.4396 pcc 0.2742 ccc 0.1604
2021-06-19 17:21:19,549 - utils.logger - INFO - Best eval epoch 55 found with ccc 0.170444
2021-06-19 17:21:19,549 - utils.logger - INFO - baseline_fcfusion_wonorm_vggish_EDA_hidden1024_seq100_lr5e-05_cccloss_run1
