2021-06-05 12:35:59,828 - utils.logger - INFO - The number of training samples = 41
2021-06-05 12:36:03,672 - utils.logger - INFO - Cur epoch 1 loss MSE:1.3661
2021-06-05 12:36:04,066 - utils.logger - INFO - Cur epoch 1 loss MSE:0.1410
2021-06-05 12:36:04,384 - utils.logger - INFO - Cur epoch 1 loss MSE:17.6455
2021-06-05 12:36:04,384 - utils.logger - INFO - saving the model at the end of epoch 1, iters 6
2021-06-05 12:36:04,707 - utils.logger - INFO - End of training epoch 1 / 50 	 Time Taken: 1 sec, Data loading: 0 sec
2021-06-05 12:36:04,708 - utils.logger - INFO - learning rate = 0.0000100
2021-06-05 12:36:05,071 - utils.logger - INFO - Trn result of epoch 1 / 50 mse 0.0896 rmse 0.2993 pcc -0.0043 ccc -0.0000
2021-06-05 12:36:05,217 - utils.logger - INFO - Val result of epoch 1 / 50 mse 0.0937 rmse 0.3061 pcc -0.0750 ccc -0.0001
2021-06-05 12:36:05,596 - utils.logger - INFO - Cur epoch 2 loss MSE:0.7813
2021-06-05 12:36:05,984 - utils.logger - INFO - Cur epoch 2 loss MSE:0.1475
2021-06-05 12:36:06,304 - utils.logger - INFO - Cur epoch 2 loss MSE:8.0213
2021-06-05 12:36:06,304 - utils.logger - INFO - saving the model at the end of epoch 2, iters 12
2021-06-05 12:36:06,619 - utils.logger - INFO - End of training epoch 2 / 50 	 Time Taken: 1 sec, Data loading: 0 sec
2021-06-05 12:36:06,619 - utils.logger - INFO - learning rate = 0.0000100
2021-06-05 12:36:06,980 - utils.logger - INFO - Trn result of epoch 2 / 50 mse 0.0895 rmse 0.2992 pcc 0.0874 ccc 0.0001
2021-06-05 12:36:07,104 - utils.logger - INFO - Val result of epoch 2 / 50 mse 0.0937 rmse 0.3061 pcc -0.0100 ccc -0.0000
2021-06-05 12:36:07,489 - utils.logger - INFO - Cur epoch 3 loss MSE:1.5292
2021-06-05 12:36:07,880 - utils.logger - INFO - Cur epoch 3 loss MSE:0.5308
2021-06-05 12:36:08,209 - utils.logger - INFO - Cur epoch 3 loss MSE:0.5180
2021-06-05 12:36:08,210 - utils.logger - INFO - saving the model at the end of epoch 3, iters 18
2021-06-05 12:36:08,515 - utils.logger - INFO - End of training epoch 3 / 50 	 Time Taken: 1 sec, Data loading: 0 sec
2021-06-05 12:36:08,516 - utils.logger - INFO - learning rate = 0.0000100
2021-06-05 12:36:08,936 - utils.logger - INFO - Trn result of epoch 3 / 50 mse 0.0895 rmse 0.2992 pcc 0.0910 ccc 0.0001
2021-06-05 12:36:09,061 - utils.logger - INFO - Val result of epoch 3 / 50 mse 0.0937 rmse 0.3062 pcc 0.0270 ccc 0.0000
2021-06-05 12:36:09,451 - utils.logger - INFO - Cur epoch 4 loss MSE:1.4897
2021-06-05 12:36:09,870 - utils.logger - INFO - Cur epoch 4 loss MSE:0.0079
2021-06-05 12:36:10,187 - utils.logger - INFO - Cur epoch 4 loss MSE:22.1848
2021-06-05 12:36:10,187 - utils.logger - INFO - saving the model at the end of epoch 4, iters 24
2021-06-05 12:36:10,492 - utils.logger - INFO - End of training epoch 4 / 50 	 Time Taken: 1 sec, Data loading: 0 sec
2021-06-05 12:36:10,492 - utils.logger - INFO - learning rate = 0.0000100
2021-06-05 12:36:10,862 - utils.logger - INFO - Trn result of epoch 4 / 50 mse 0.0895 rmse 0.2992 pcc 0.0606 ccc 0.0001
2021-06-05 12:36:10,990 - utils.logger - INFO - Val result of epoch 4 / 50 mse 0.0938 rmse 0.3063 pcc 0.1479 ccc 0.0004
2021-06-05 12:36:11,383 - utils.logger - INFO - Cur epoch 5 loss MSE:0.1010
2021-06-05 12:36:11,763 - utils.logger - INFO - Cur epoch 5 loss MSE:0.1501
2021-06-05 12:36:12,094 - utils.logger - INFO - Cur epoch 5 loss MSE:0.9234
2021-06-05 12:36:12,095 - utils.logger - INFO - saving the model at the end of epoch 5, iters 30
2021-06-05 12:36:12,382 - utils.logger - INFO - End of training epoch 5 / 50 	 Time Taken: 1 sec, Data loading: 0 sec
2021-06-05 12:36:12,382 - utils.logger - INFO - learning rate = 0.0000100
2021-06-05 12:36:12,739 - utils.logger - INFO - Trn result of epoch 5 / 50 mse 0.0895 rmse 0.2992 pcc -0.0042 ccc -0.0000
2021-06-05 12:36:12,868 - utils.logger - INFO - Val result of epoch 5 / 50 mse 0.0939 rmse 0.3064 pcc 0.1694 ccc 0.0008
2021-06-05 12:36:13,259 - utils.logger - INFO - Cur epoch 6 loss MSE:1.3991
2021-06-05 12:36:13,654 - utils.logger - INFO - Cur epoch 6 loss MSE:0.0139
2021-06-05 12:36:13,985 - utils.logger - INFO - Cur epoch 6 loss MSE:7.6084
2021-06-05 12:36:13,985 - utils.logger - INFO - saving the model at the end of epoch 6, iters 36
2021-06-05 12:36:14,286 - utils.logger - INFO - End of training epoch 6 / 50 	 Time Taken: 1 sec, Data loading: 0 sec
2021-06-05 12:36:14,286 - utils.logger - INFO - learning rate = 0.0000100
2021-06-05 12:36:14,646 - utils.logger - INFO - Trn result of epoch 6 / 50 mse 0.0895 rmse 0.2992 pcc 0.0573 ccc 0.0002
2021-06-05 12:36:14,771 - utils.logger - INFO - Val result of epoch 6 / 50 mse 0.0938 rmse 0.3063 pcc 0.1205 ccc 0.0005
2021-06-05 12:36:15,157 - utils.logger - INFO - Cur epoch 7 loss MSE:1.5477
2021-06-05 12:36:15,549 - utils.logger - INFO - Cur epoch 7 loss MSE:0.0346
2021-06-05 12:36:15,877 - utils.logger - INFO - Cur epoch 7 loss MSE:4.5586
2021-06-05 12:36:15,877 - utils.logger - INFO - saving the model at the end of epoch 7, iters 42
2021-06-05 12:36:16,200 - utils.logger - INFO - End of training epoch 7 / 50 	 Time Taken: 1 sec, Data loading: 0 sec
2021-06-05 12:36:16,200 - utils.logger - INFO - learning rate = 0.0000100
2021-06-05 12:36:16,573 - utils.logger - INFO - Trn result of epoch 7 / 50 mse 0.0895 rmse 0.2992 pcc 0.0513 ccc 0.0002
2021-06-05 12:36:16,698 - utils.logger - INFO - Val result of epoch 7 / 50 mse 0.0939 rmse 0.3064 pcc 0.1372 ccc 0.0007
2021-06-05 12:36:17,086 - utils.logger - INFO - Cur epoch 8 loss MSE:1.4796
2021-06-05 12:36:17,465 - utils.logger - INFO - Cur epoch 8 loss MSE:0.1746
2021-06-05 12:36:17,814 - utils.logger - INFO - Cur epoch 8 loss MSE:0.5333
2021-06-05 12:36:17,814 - utils.logger - INFO - saving the model at the end of epoch 8, iters 48
2021-06-05 12:36:18,113 - utils.logger - INFO - End of training epoch 8 / 50 	 Time Taken: 1 sec, Data loading: 0 sec
2021-06-05 12:36:18,113 - utils.logger - INFO - learning rate = 0.0000100
2021-06-05 12:36:18,482 - utils.logger - INFO - Trn result of epoch 8 / 50 mse 0.0895 rmse 0.2992 pcc 0.0938 ccc 0.0004
2021-06-05 12:36:18,606 - utils.logger - INFO - Val result of epoch 8 / 50 mse 0.0938 rmse 0.3063 pcc 0.0904 ccc 0.0005
2021-06-05 12:36:18,981 - utils.logger - INFO - Cur epoch 9 loss MSE:0.1368
2021-06-05 12:36:19,368 - utils.logger - INFO - Cur epoch 9 loss MSE:0.5414
2021-06-05 12:36:19,694 - utils.logger - INFO - Cur epoch 9 loss MSE:6.6604
2021-06-05 12:36:19,694 - utils.logger - INFO - saving the model at the end of epoch 9, iters 54
2021-06-05 12:36:19,995 - utils.logger - INFO - End of training epoch 9 / 50 	 Time Taken: 1 sec, Data loading: 0 sec
2021-06-05 12:36:19,995 - utils.logger - INFO - learning rate = 0.0000100
2021-06-05 12:36:20,357 - utils.logger - INFO - Trn result of epoch 9 / 50 mse 0.0895 rmse 0.2991 pcc 0.1378 ccc 0.0007
2021-06-05 12:36:20,483 - utils.logger - INFO - Val result of epoch 9 / 50 mse 0.0937 rmse 0.3061 pcc 0.0343 ccc 0.0002
2021-06-05 12:36:20,874 - utils.logger - INFO - Cur epoch 10 loss MSE:0.2374
2021-06-05 12:36:21,251 - utils.logger - INFO - Cur epoch 10 loss MSE:0.1920
2021-06-05 12:36:21,570 - utils.logger - INFO - Cur epoch 10 loss MSE:0.6477
2021-06-05 12:36:21,570 - utils.logger - INFO - saving the model at the end of epoch 10, iters 60
2021-06-05 12:36:21,870 - utils.logger - INFO - End of training epoch 10 / 50 	 Time Taken: 1 sec, Data loading: 0 sec
2021-06-05 12:36:21,870 - utils.logger - INFO - learning rate = 0.0000100
2021-06-05 12:36:22,231 - utils.logger - INFO - Trn result of epoch 10 / 50 mse 0.0894 rmse 0.2990 pcc 0.1611 ccc 0.0014
2021-06-05 12:36:22,357 - utils.logger - INFO - Val result of epoch 10 / 50 mse 0.0937 rmse 0.3061 pcc 0.0120 ccc 0.0001
2021-06-05 12:36:22,725 - utils.logger - INFO - Cur epoch 11 loss MSE:5.7557
2021-06-05 12:36:23,115 - utils.logger - INFO - Cur epoch 11 loss MSE:0.2896
2021-06-05 12:36:23,447 - utils.logger - INFO - Cur epoch 11 loss MSE:10.6937
2021-06-05 12:36:23,447 - utils.logger - INFO - saving the model at the end of epoch 11, iters 66
2021-06-05 12:36:23,733 - utils.logger - INFO - End of training epoch 11 / 50 	 Time Taken: 1 sec, Data loading: 0 sec
2021-06-05 12:36:23,733 - utils.logger - INFO - learning rate = 0.0000100
2021-06-05 12:36:24,096 - utils.logger - INFO - Trn result of epoch 11 / 50 mse 0.0895 rmse 0.2991 pcc 0.1309 ccc 0.0019
2021-06-05 12:36:24,222 - utils.logger - INFO - Val result of epoch 11 / 50 mse 0.0935 rmse 0.3057 pcc -0.0787 ccc -0.0012
2021-06-05 12:36:24,616 - utils.logger - INFO - Cur epoch 12 loss MSE:1.3685
2021-06-05 12:36:25,016 - utils.logger - INFO - Cur epoch 12 loss MSE:0.6064
2021-06-05 12:36:25,325 - utils.logger - INFO - Cur epoch 12 loss MSE:12.3433
2021-06-05 12:36:25,326 - utils.logger - INFO - saving the model at the end of epoch 12, iters 72
2021-06-05 12:36:25,614 - utils.logger - INFO - End of training epoch 12 / 50 	 Time Taken: 1 sec, Data loading: 0 sec
2021-06-05 12:36:25,614 - utils.logger - INFO - learning rate = 0.0000100
2021-06-05 12:36:25,970 - utils.logger - INFO - Trn result of epoch 12 / 50 mse 0.0894 rmse 0.2991 pcc 0.1123 ccc 0.0015
2021-06-05 12:36:26,096 - utils.logger - INFO - Val result of epoch 12 / 50 mse 0.0936 rmse 0.3060 pcc -0.0140 ccc -0.0002
2021-06-05 12:36:26,476 - utils.logger - INFO - Cur epoch 13 loss MSE:0.0453
2021-06-05 12:36:26,859 - utils.logger - INFO - Cur epoch 13 loss MSE:1.5634
2021-06-05 12:36:27,179 - utils.logger - INFO - Cur epoch 13 loss MSE:3.3682
2021-06-05 12:36:27,179 - utils.logger - INFO - saving the model at the end of epoch 13, iters 78
2021-06-05 12:36:27,484 - utils.logger - INFO - End of training epoch 13 / 50 	 Time Taken: 1 sec, Data loading: 0 sec
2021-06-05 12:36:27,484 - utils.logger - INFO - learning rate = 0.0000100
2021-06-05 12:36:27,845 - utils.logger - INFO - Trn result of epoch 13 / 50 mse 0.0894 rmse 0.2990 pcc 0.1437 ccc 0.0024
2021-06-05 12:36:27,973 - utils.logger - INFO - Val result of epoch 13 / 50 mse 0.0935 rmse 0.3058 pcc -0.0522 ccc -0.0009
2021-06-05 12:36:28,360 - utils.logger - INFO - Cur epoch 14 loss MSE:2.0243
2021-06-05 12:36:28,732 - utils.logger - INFO - Cur epoch 14 loss MSE:0.0156
2021-06-05 12:36:29,055 - utils.logger - INFO - Cur epoch 14 loss MSE:1.1463
2021-06-05 12:36:29,055 - utils.logger - INFO - saving the model at the end of epoch 14, iters 84
2021-06-05 12:36:29,348 - utils.logger - INFO - End of training epoch 14 / 50 	 Time Taken: 1 sec, Data loading: 0 sec
2021-06-05 12:36:29,349 - utils.logger - INFO - learning rate = 0.0000100
2021-06-05 12:36:29,712 - utils.logger - INFO - Trn result of epoch 14 / 50 mse 0.0895 rmse 0.2992 pcc 0.0579 ccc 0.0015
2021-06-05 12:36:29,838 - utils.logger - INFO - Val result of epoch 14 / 50 mse 0.0933 rmse 0.3055 pcc -0.0277 ccc -0.0007
2021-06-05 12:36:30,224 - utils.logger - INFO - Cur epoch 15 loss MSE:0.4617
2021-06-05 12:36:30,608 - utils.logger - INFO - Cur epoch 15 loss MSE:0.0271
2021-06-05 12:36:30,934 - utils.logger - INFO - Cur epoch 15 loss MSE:2.9378
2021-06-05 12:36:30,935 - utils.logger - INFO - saving the model at the end of epoch 15, iters 90
2021-06-05 12:36:31,217 - utils.logger - INFO - End of training epoch 15 / 50 	 Time Taken: 1 sec, Data loading: 0 sec
2021-06-05 12:36:31,218 - utils.logger - INFO - learning rate = 0.0000100
2021-06-05 12:36:31,584 - utils.logger - INFO - Trn result of epoch 15 / 50 mse 0.0893 rmse 0.2988 pcc 0.1346 ccc 0.0058
2021-06-05 12:36:31,709 - utils.logger - INFO - Val result of epoch 15 / 50 mse 0.0931 rmse 0.3051 pcc -0.0154 ccc -0.0007
2021-06-05 12:36:32,094 - utils.logger - INFO - Cur epoch 16 loss MSE:0.4179
2021-06-05 12:36:32,482 - utils.logger - INFO - Cur epoch 16 loss MSE:0.0171
2021-06-05 12:36:32,795 - utils.logger - INFO - Cur epoch 16 loss MSE:21.5609
2021-06-05 12:36:32,795 - utils.logger - INFO - saving the model at the end of epoch 16, iters 96
2021-06-05 12:36:33,103 - utils.logger - INFO - End of training epoch 16 / 50 	 Time Taken: 1 sec, Data loading: 0 sec
2021-06-05 12:36:33,103 - utils.logger - INFO - learning rate = 0.0000100
2021-06-05 12:36:33,466 - utils.logger - INFO - Trn result of epoch 16 / 50 mse 0.0892 rmse 0.2987 pcc 0.1114 ccc 0.0044
2021-06-05 12:36:33,598 - utils.logger - INFO - Val result of epoch 16 / 50 mse 0.0936 rmse 0.3060 pcc -0.0070 ccc -0.0003
2021-06-05 12:36:34,005 - utils.logger - INFO - Cur epoch 17 loss MSE:0.4465
2021-06-05 12:36:34,384 - utils.logger - INFO - Cur epoch 17 loss MSE:0.0576
2021-06-05 12:36:34,708 - utils.logger - INFO - Cur epoch 17 loss MSE:17.3939
2021-06-05 12:36:34,708 - utils.logger - INFO - saving the model at the end of epoch 17, iters 102
2021-06-05 12:36:35,012 - utils.logger - INFO - End of training epoch 17 / 50 	 Time Taken: 1 sec, Data loading: 0 sec
2021-06-05 12:36:35,012 - utils.logger - INFO - learning rate = 0.0000100
2021-06-05 12:36:35,378 - utils.logger - INFO - Trn result of epoch 17 / 50 mse 0.0891 rmse 0.2985 pcc 0.1379 ccc 0.0063
2021-06-05 12:36:35,503 - utils.logger - INFO - Val result of epoch 17 / 50 mse 0.0934 rmse 0.3057 pcc -0.0294 ccc -0.0015
2021-06-05 12:36:35,899 - utils.logger - INFO - Cur epoch 18 loss MSE:0.5425
2021-06-05 12:36:36,291 - utils.logger - INFO - Cur epoch 18 loss MSE:0.1452
2021-06-05 12:36:36,591 - utils.logger - INFO - Cur epoch 18 loss MSE:9.5837
2021-06-05 12:36:36,591 - utils.logger - INFO - saving the model at the end of epoch 18, iters 108
2021-06-05 12:36:36,911 - utils.logger - INFO - End of training epoch 18 / 50 	 Time Taken: 1 sec, Data loading: 0 sec
2021-06-05 12:36:36,911 - utils.logger - INFO - learning rate = 0.0000100
2021-06-05 12:36:37,272 - utils.logger - INFO - Trn result of epoch 18 / 50 mse 0.0891 rmse 0.2984 pcc 0.1351 ccc 0.0061
2021-06-05 12:36:37,396 - utils.logger - INFO - Val result of epoch 18 / 50 mse 0.0936 rmse 0.3059 pcc 0.0073 ccc 0.0004
2021-06-05 12:36:37,792 - utils.logger - INFO - Cur epoch 19 loss MSE:0.1189
2021-06-05 12:36:38,178 - utils.logger - INFO - Cur epoch 19 loss MSE:1.6483
2021-06-05 12:36:38,505 - utils.logger - INFO - Cur epoch 19 loss MSE:1.0753
2021-06-05 12:36:38,506 - utils.logger - INFO - saving the model at the end of epoch 19, iters 114
2021-06-05 12:36:38,813 - utils.logger - INFO - End of training epoch 19 / 50 	 Time Taken: 1 sec, Data loading: 0 sec
2021-06-05 12:36:38,814 - utils.logger - INFO - learning rate = 0.0000100
2021-06-05 12:36:39,187 - utils.logger - INFO - Trn result of epoch 19 / 50 mse 0.0890 rmse 0.2983 pcc 0.1628 ccc 0.0085
2021-06-05 12:36:39,315 - utils.logger - INFO - Val result of epoch 19 / 50 mse 0.0932 rmse 0.3054 pcc 0.0056 ccc 0.0003
2021-06-05 12:36:39,699 - utils.logger - INFO - Cur epoch 20 loss MSE:0.4405
2021-06-05 12:36:40,090 - utils.logger - INFO - Cur epoch 20 loss MSE:1.4854
2021-06-05 12:36:40,410 - utils.logger - INFO - Cur epoch 20 loss MSE:21.3907
2021-06-05 12:36:40,410 - utils.logger - INFO - saving the model at the end of epoch 20, iters 120
2021-06-05 12:36:40,688 - utils.logger - INFO - End of training epoch 20 / 50 	 Time Taken: 1 sec, Data loading: 0 sec
2021-06-05 12:36:40,689 - utils.logger - INFO - learning rate = 0.0000097
2021-06-05 12:36:41,054 - utils.logger - INFO - Trn result of epoch 20 / 50 mse 0.0891 rmse 0.2984 pcc 0.1163 ccc 0.0059
2021-06-05 12:36:41,186 - utils.logger - INFO - Val result of epoch 20 / 50 mse 0.0937 rmse 0.3062 pcc 0.0054 ccc 0.0003
2021-06-05 12:36:41,570 - utils.logger - INFO - Cur epoch 21 loss MSE:0.0664
2021-06-05 12:36:41,975 - utils.logger - INFO - Cur epoch 21 loss MSE:1.4142
2021-06-05 12:36:42,316 - utils.logger - INFO - Cur epoch 21 loss MSE:0.2245
2021-06-05 12:36:42,316 - utils.logger - INFO - saving the model at the end of epoch 21, iters 126
2021-06-05 12:36:42,702 - utils.logger - INFO - End of training epoch 21 / 50 	 Time Taken: 1 sec, Data loading: 0 sec
2021-06-05 12:36:42,703 - utils.logger - INFO - learning rate = 0.0000094
2021-06-05 12:36:43,076 - utils.logger - INFO - Trn result of epoch 21 / 50 mse 0.0887 rmse 0.2978 pcc 0.1846 ccc 0.0108
2021-06-05 12:36:43,205 - utils.logger - INFO - Val result of epoch 21 / 50 mse 0.0935 rmse 0.3058 pcc -0.0021 ccc -0.0001
2021-06-05 12:36:43,597 - utils.logger - INFO - Cur epoch 22 loss MSE:0.3647
2021-06-05 12:36:43,982 - utils.logger - INFO - Cur epoch 22 loss MSE:1.2889
2021-06-05 12:36:44,295 - utils.logger - INFO - Cur epoch 22 loss MSE:0.5663
2021-06-05 12:36:44,296 - utils.logger - INFO - saving the model at the end of epoch 22, iters 132
2021-06-05 12:36:44,762 - utils.logger - INFO - End of training epoch 22 / 50 	 Time Taken: 1 sec, Data loading: 0 sec
2021-06-05 12:36:44,763 - utils.logger - INFO - learning rate = 0.0000090
2021-06-05 12:36:45,132 - utils.logger - INFO - Trn result of epoch 22 / 50 mse 0.0884 rmse 0.2973 pcc 0.1936 ccc 0.0149
2021-06-05 12:36:45,259 - utils.logger - INFO - Val result of epoch 22 / 50 mse 0.0937 rmse 0.3061 pcc -0.0083 ccc -0.0007
2021-06-05 12:36:45,636 - utils.logger - INFO - Cur epoch 23 loss MSE:0.3591
2021-06-05 12:36:46,030 - utils.logger - INFO - Cur epoch 23 loss MSE:0.0003
2021-06-05 12:36:46,347 - utils.logger - INFO - Cur epoch 23 loss MSE:16.1462
2021-06-05 12:36:46,348 - utils.logger - INFO - saving the model at the end of epoch 23, iters 138
2021-06-05 12:36:46,648 - utils.logger - INFO - End of training epoch 23 / 50 	 Time Taken: 1 sec, Data loading: 0 sec
2021-06-05 12:36:46,648 - utils.logger - INFO - learning rate = 0.0000087
2021-06-05 12:36:47,007 - utils.logger - INFO - Trn result of epoch 23 / 50 mse 0.0884 rmse 0.2974 pcc 0.1385 ccc 0.0152
2021-06-05 12:36:47,131 - utils.logger - INFO - Val result of epoch 23 / 50 mse 0.0939 rmse 0.3065 pcc 0.0079 ccc 0.0010
2021-06-05 12:36:47,533 - utils.logger - INFO - Cur epoch 24 loss MSE:0.3804
2021-06-05 12:36:47,925 - utils.logger - INFO - Cur epoch 24 loss MSE:1.3869
2021-06-05 12:36:48,251 - utils.logger - INFO - Cur epoch 24 loss MSE:1.9717
2021-06-05 12:36:48,252 - utils.logger - INFO - saving the model at the end of epoch 24, iters 144
2021-06-05 12:36:48,544 - utils.logger - INFO - End of training epoch 24 / 50 	 Time Taken: 1 sec, Data loading: 0 sec
2021-06-05 12:36:48,544 - utils.logger - INFO - learning rate = 0.0000084
2021-06-05 12:36:48,904 - utils.logger - INFO - Trn result of epoch 24 / 50 mse 0.0892 rmse 0.2986 pcc 0.1064 ccc 0.0139
2021-06-05 12:36:49,033 - utils.logger - INFO - Val result of epoch 24 / 50 mse 0.0933 rmse 0.3055 pcc -0.0110 ccc -0.0016
2021-06-05 12:36:49,417 - utils.logger - INFO - Cur epoch 25 loss MSE:0.1343
2021-06-05 12:36:49,823 - utils.logger - INFO - Cur epoch 25 loss MSE:0.1648
2021-06-05 12:36:50,148 - utils.logger - INFO - Cur epoch 25 loss MSE:7.1559
2021-06-05 12:36:50,148 - utils.logger - INFO - saving the model at the end of epoch 25, iters 150
2021-06-05 12:36:50,566 - utils.logger - INFO - End of training epoch 25 / 50 	 Time Taken: 1 sec, Data loading: 0 sec
2021-06-05 12:36:50,567 - utils.logger - INFO - learning rate = 0.0000081
2021-06-05 12:36:50,938 - utils.logger - INFO - Trn result of epoch 25 / 50 mse 0.0887 rmse 0.2978 pcc 0.1371 ccc 0.0197
2021-06-05 12:36:51,066 - utils.logger - INFO - Val result of epoch 25 / 50 mse 0.0935 rmse 0.3057 pcc -0.0192 ccc -0.0029
2021-06-05 12:36:51,430 - utils.logger - INFO - Cur epoch 26 loss MSE:13.3874
2021-06-05 12:36:51,822 - utils.logger - INFO - Cur epoch 26 loss MSE:0.4173
2021-06-05 12:36:52,134 - utils.logger - INFO - Cur epoch 26 loss MSE:12.0922
2021-06-05 12:36:52,134 - utils.logger - INFO - saving the model at the end of epoch 26, iters 156
2021-06-05 12:36:52,411 - utils.logger - INFO - End of training epoch 26 / 50 	 Time Taken: 1 sec, Data loading: 0 sec
2021-06-05 12:36:52,411 - utils.logger - INFO - learning rate = 0.0000077
2021-06-05 12:36:52,771 - utils.logger - INFO - Trn result of epoch 26 / 50 mse 0.0883 rmse 0.2972 pcc 0.1382 ccc 0.0185
2021-06-05 12:36:52,898 - utils.logger - INFO - Val result of epoch 26 / 50 mse 0.0946 rmse 0.3075 pcc 0.0263 ccc 0.0041
2021-06-05 12:36:53,283 - utils.logger - INFO - Cur epoch 27 loss MSE:1.6547
2021-06-05 12:36:53,675 - utils.logger - INFO - Cur epoch 27 loss MSE:0.3542
2021-06-05 12:36:53,991 - utils.logger - INFO - Cur epoch 27 loss MSE:1.0857
2021-06-05 12:36:53,991 - utils.logger - INFO - saving the model at the end of epoch 27, iters 162
2021-06-05 12:36:54,285 - utils.logger - INFO - End of training epoch 27 / 50 	 Time Taken: 1 sec, Data loading: 0 sec
2021-06-05 12:36:54,286 - utils.logger - INFO - learning rate = 0.0000074
2021-06-05 12:36:54,648 - utils.logger - INFO - Trn result of epoch 27 / 50 mse 0.0874 rmse 0.2956 pcc 0.2233 ccc 0.0288
2021-06-05 12:36:54,773 - utils.logger - INFO - Val result of epoch 27 / 50 mse 0.0943 rmse 0.3070 pcc -0.0441 ccc -0.0062
2021-06-05 12:36:55,148 - utils.logger - INFO - Cur epoch 28 loss MSE:1.5701
2021-06-05 12:36:55,530 - utils.logger - INFO - Cur epoch 28 loss MSE:0.3595
2021-06-05 12:36:55,851 - utils.logger - INFO - Cur epoch 28 loss MSE:22.2976
2021-06-05 12:36:55,851 - utils.logger - INFO - saving the model at the end of epoch 28, iters 168
2021-06-05 12:36:56,140 - utils.logger - INFO - End of training epoch 28 / 50 	 Time Taken: 1 sec, Data loading: 0 sec
2021-06-05 12:36:56,140 - utils.logger - INFO - learning rate = 0.0000071
2021-06-05 12:36:56,505 - utils.logger - INFO - Trn result of epoch 28 / 50 mse 0.0875 rmse 0.2958 pcc 0.2250 ccc 0.0262
2021-06-05 12:36:56,630 - utils.logger - INFO - Val result of epoch 28 / 50 mse 0.0947 rmse 0.3077 pcc -0.0180 ccc -0.0024
2021-06-05 12:36:57,011 - utils.logger - INFO - Cur epoch 29 loss MSE:0.0070
2021-06-05 12:36:57,399 - utils.logger - INFO - Cur epoch 29 loss MSE:0.2090
2021-06-05 12:36:57,725 - utils.logger - INFO - Cur epoch 29 loss MSE:12.8313
2021-06-05 12:36:57,725 - utils.logger - INFO - saving the model at the end of epoch 29, iters 174
2021-06-05 12:36:58,029 - utils.logger - INFO - End of training epoch 29 / 50 	 Time Taken: 1 sec, Data loading: 0 sec
2021-06-05 12:36:58,030 - utils.logger - INFO - learning rate = 0.0000068
2021-06-05 12:36:58,393 - utils.logger - INFO - Trn result of epoch 29 / 50 mse 0.0883 rmse 0.2972 pcc 0.1670 ccc 0.0190
2021-06-05 12:36:58,521 - utils.logger - INFO - Val result of epoch 29 / 50 mse 0.0953 rmse 0.3088 pcc 0.0282 ccc 0.0037
2021-06-05 12:36:58,912 - utils.logger - INFO - Cur epoch 30 loss MSE:1.4633
2021-06-05 12:36:59,293 - utils.logger - INFO - Cur epoch 30 loss MSE:0.1988
2021-06-05 12:36:59,621 - utils.logger - INFO - Cur epoch 30 loss MSE:0.1182
2021-06-05 12:36:59,621 - utils.logger - INFO - saving the model at the end of epoch 30, iters 180
2021-06-05 12:36:59,912 - utils.logger - INFO - End of training epoch 30 / 50 	 Time Taken: 1 sec, Data loading: 0 sec
2021-06-05 12:36:59,912 - utils.logger - INFO - learning rate = 0.0000065
2021-06-05 12:37:00,272 - utils.logger - INFO - Trn result of epoch 30 / 50 mse 0.0878 rmse 0.2963 pcc 0.2189 ccc 0.0278
2021-06-05 12:37:00,397 - utils.logger - INFO - Val result of epoch 30 / 50 mse 0.0960 rmse 0.3098 pcc 0.0279 ccc 0.0040
2021-06-05 12:37:00,776 - utils.logger - INFO - Cur epoch 31 loss MSE:1.5540
2021-06-05 12:37:01,165 - utils.logger - INFO - Cur epoch 31 loss MSE:0.5688
2021-06-05 12:37:01,478 - utils.logger - INFO - Cur epoch 31 loss MSE:2.6060
2021-06-05 12:37:01,479 - utils.logger - INFO - saving the model at the end of epoch 31, iters 186
2021-06-05 12:37:01,787 - utils.logger - INFO - End of training epoch 31 / 50 	 Time Taken: 1 sec, Data loading: 0 sec
2021-06-05 12:37:01,787 - utils.logger - INFO - learning rate = 0.0000061
2021-06-05 12:37:02,147 - utils.logger - INFO - Trn result of epoch 31 / 50 mse 0.0867 rmse 0.2945 pcc 0.2574 ccc 0.0359
2021-06-05 12:37:02,271 - utils.logger - INFO - Val result of epoch 31 / 50 mse 0.0950 rmse 0.3082 pcc -0.0301 ccc -0.0044
2021-06-05 12:37:02,662 - utils.logger - INFO - Cur epoch 32 loss MSE:0.2713
2021-06-05 12:37:03,053 - utils.logger - INFO - Cur epoch 32 loss MSE:0.0485
2021-06-05 12:37:03,367 - utils.logger - INFO - Cur epoch 32 loss MSE:4.3583
2021-06-05 12:37:03,367 - utils.logger - INFO - saving the model at the end of epoch 32, iters 192
2021-06-05 12:37:03,670 - utils.logger - INFO - End of training epoch 32 / 50 	 Time Taken: 1 sec, Data loading: 0 sec
2021-06-05 12:37:03,670 - utils.logger - INFO - learning rate = 0.0000058
2021-06-05 12:37:04,029 - utils.logger - INFO - Trn result of epoch 32 / 50 mse 0.0859 rmse 0.2931 pcc 0.3135 ccc 0.0496
2021-06-05 12:37:04,153 - utils.logger - INFO - Val result of epoch 32 / 50 mse 0.0941 rmse 0.3067 pcc -0.0547 ccc -0.0084
2021-06-05 12:37:04,557 - utils.logger - INFO - Cur epoch 33 loss MSE:0.2851
2021-06-05 12:37:04,944 - utils.logger - INFO - Cur epoch 33 loss MSE:1.4272
2021-06-05 12:37:05,252 - utils.logger - INFO - Cur epoch 33 loss MSE:20.9607
2021-06-05 12:37:05,253 - utils.logger - INFO - saving the model at the end of epoch 33, iters 198
2021-06-05 12:37:05,543 - utils.logger - INFO - End of training epoch 33 / 50 	 Time Taken: 1 sec, Data loading: 0 sec
2021-06-05 12:37:05,544 - utils.logger - INFO - learning rate = 0.0000055
2021-06-05 12:37:05,913 - utils.logger - INFO - Trn result of epoch 33 / 50 mse 0.0862 rmse 0.2937 pcc 0.2365 ccc 0.0521
2021-06-05 12:37:06,041 - utils.logger - INFO - Val result of epoch 33 / 50 mse 0.0977 rmse 0.3125 pcc -0.0349 ccc -0.0083
2021-06-05 12:37:06,427 - utils.logger - INFO - Cur epoch 34 loss MSE:0.3437
2021-06-05 12:37:06,803 - utils.logger - INFO - Cur epoch 34 loss MSE:1.4709
2021-06-05 12:37:07,138 - utils.logger - INFO - Cur epoch 34 loss MSE:0.3339
2021-06-05 12:37:07,139 - utils.logger - INFO - saving the model at the end of epoch 34, iters 204
2021-06-05 12:37:07,468 - utils.logger - INFO - End of training epoch 34 / 50 	 Time Taken: 1 sec, Data loading: 0 sec
2021-06-05 12:37:07,468 - utils.logger - INFO - learning rate = 0.0000052
2021-06-05 12:37:07,832 - utils.logger - INFO - Trn result of epoch 34 / 50 mse 0.0855 rmse 0.2924 pcc 0.2612 ccc 0.0613
2021-06-05 12:37:07,958 - utils.logger - INFO - Val result of epoch 34 / 50 mse 0.0960 rmse 0.3098 pcc -0.0898 ccc -0.0210
2021-06-05 12:37:08,354 - utils.logger - INFO - Cur epoch 35 loss MSE:1.0245
2021-06-05 12:37:08,753 - utils.logger - INFO - Cur epoch 35 loss MSE:0.0665
2021-06-05 12:37:09,099 - utils.logger - INFO - Cur epoch 35 loss MSE:0.6139
2021-06-05 12:37:09,099 - utils.logger - INFO - saving the model at the end of epoch 35, iters 210
2021-06-05 12:37:09,420 - utils.logger - INFO - End of training epoch 35 / 50 	 Time Taken: 1 sec, Data loading: 0 sec
2021-06-05 12:37:09,420 - utils.logger - INFO - learning rate = 0.0000048
2021-06-05 12:37:09,792 - utils.logger - INFO - Trn result of epoch 35 / 50 mse 0.0840 rmse 0.2898 pcc 0.3313 ccc 0.1164
2021-06-05 12:37:09,920 - utils.logger - INFO - Val result of epoch 35 / 50 mse 0.1019 rmse 0.3192 pcc -0.0086 ccc -0.0031
2021-06-05 12:37:10,343 - utils.logger - INFO - Cur epoch 36 loss MSE:0.2163
2021-06-05 12:37:10,764 - utils.logger - INFO - Cur epoch 36 loss MSE:0.0546
2021-06-05 12:37:11,089 - utils.logger - INFO - Cur epoch 36 loss MSE:0.3477
2021-06-05 12:37:11,089 - utils.logger - INFO - saving the model at the end of epoch 36, iters 216
2021-06-05 12:37:11,380 - utils.logger - INFO - End of training epoch 36 / 50 	 Time Taken: 1 sec, Data loading: 0 sec
2021-06-05 12:37:11,380 - utils.logger - INFO - learning rate = 0.0000045
2021-06-05 12:37:11,743 - utils.logger - INFO - Trn result of epoch 36 / 50 mse 0.0812 rmse 0.2849 pcc 0.3365 ccc 0.1267
2021-06-05 12:37:11,867 - utils.logger - INFO - Val result of epoch 36 / 50 mse 0.1011 rmse 0.3179 pcc -0.1144 ccc -0.0433
2021-06-05 12:37:12,242 - utils.logger - INFO - Cur epoch 37 loss MSE:0.0543
2021-06-05 12:37:12,641 - utils.logger - INFO - Cur epoch 37 loss MSE:0.6305
2021-06-05 12:37:12,968 - utils.logger - INFO - Cur epoch 37 loss MSE:0.4225
2021-06-05 12:37:12,968 - utils.logger - INFO - saving the model at the end of epoch 37, iters 222
2021-06-05 12:37:13,258 - utils.logger - INFO - End of training epoch 37 / 50 	 Time Taken: 1 sec, Data loading: 0 sec
2021-06-05 12:37:13,259 - utils.logger - INFO - learning rate = 0.0000042
2021-06-05 12:37:13,618 - utils.logger - INFO - Trn result of epoch 37 / 50 mse 0.0808 rmse 0.2842 pcc 0.3580 ccc 0.2066
2021-06-05 12:37:13,743 - utils.logger - INFO - Val result of epoch 37 / 50 mse 0.1089 rmse 0.3301 pcc -0.0276 ccc -0.0145
2021-06-05 12:37:14,131 - utils.logger - INFO - Cur epoch 38 loss MSE:0.4003
2021-06-05 12:37:14,517 - utils.logger - INFO - Cur epoch 38 loss MSE:0.0644
2021-06-05 12:37:14,861 - utils.logger - INFO - Cur epoch 38 loss MSE:5.8261
2021-06-05 12:37:14,861 - utils.logger - INFO - saving the model at the end of epoch 38, iters 228
2021-06-05 12:37:15,171 - utils.logger - INFO - End of training epoch 38 / 50 	 Time Taken: 1 sec, Data loading: 0 sec
2021-06-05 12:37:15,171 - utils.logger - INFO - learning rate = 0.0000039
2021-06-05 12:37:15,542 - utils.logger - INFO - Trn result of epoch 38 / 50 mse 0.0778 rmse 0.2790 pcc 0.3677 ccc 0.2232
2021-06-05 12:37:15,669 - utils.logger - INFO - Val result of epoch 38 / 50 mse 0.1093 rmse 0.3306 pcc -0.2175 ccc -0.1056
2021-06-05 12:37:16,072 - utils.logger - INFO - Cur epoch 39 loss MSE:0.3598
2021-06-05 12:37:16,468 - utils.logger - INFO - Cur epoch 39 loss MSE:0.1669
2021-06-05 12:37:16,783 - utils.logger - INFO - Cur epoch 39 loss MSE:2.4275
2021-06-05 12:37:16,783 - utils.logger - INFO - saving the model at the end of epoch 39, iters 234
2021-06-05 12:37:17,084 - utils.logger - INFO - End of training epoch 39 / 50 	 Time Taken: 1 sec, Data loading: 0 sec
2021-06-05 12:37:17,085 - utils.logger - INFO - learning rate = 0.0000035
2021-06-05 12:37:17,453 - utils.logger - INFO - Trn result of epoch 39 / 50 mse 0.0751 rmse 0.2741 pcc 0.4482 ccc 0.3852
2021-06-05 12:37:17,581 - utils.logger - INFO - Val result of epoch 39 / 50 mse 0.1340 rmse 0.3661 pcc -0.1972 ccc -0.1459
2021-06-05 12:37:17,973 - utils.logger - INFO - Cur epoch 40 loss MSE:0.3652
2021-06-05 12:37:18,360 - utils.logger - INFO - Cur epoch 40 loss MSE:0.0403
2021-06-05 12:37:18,711 - utils.logger - INFO - Cur epoch 40 loss MSE:0.0555
2021-06-05 12:37:18,711 - utils.logger - INFO - saving the model at the end of epoch 40, iters 240
2021-06-05 12:37:19,004 - utils.logger - INFO - End of training epoch 40 / 50 	 Time Taken: 1 sec, Data loading: 0 sec
2021-06-05 12:37:19,004 - utils.logger - INFO - learning rate = 0.0000032
2021-06-05 12:37:19,366 - utils.logger - INFO - Trn result of epoch 40 / 50 mse 0.0941 rmse 0.3068 pcc 0.3232 ccc 0.2284
2021-06-05 12:37:19,498 - utils.logger - INFO - Val result of epoch 40 / 50 mse 0.1273 rmse 0.3568 pcc -0.2082 ccc -0.1028
2021-06-05 12:37:19,897 - utils.logger - INFO - Cur epoch 41 loss MSE:0.8065
2021-06-05 12:37:20,283 - utils.logger - INFO - Cur epoch 41 loss MSE:0.0191
2021-06-05 12:37:20,606 - utils.logger - INFO - Cur epoch 41 loss MSE:1.3866
2021-06-05 12:37:20,606 - utils.logger - INFO - saving the model at the end of epoch 41, iters 246
2021-06-05 12:37:20,897 - utils.logger - INFO - End of training epoch 41 / 50 	 Time Taken: 1 sec, Data loading: 0 sec
2021-06-05 12:37:20,898 - utils.logger - INFO - learning rate = 0.0000029
2021-06-05 12:37:21,258 - utils.logger - INFO - Trn result of epoch 41 / 50 mse 0.0817 rmse 0.2859 pcc 0.4206 ccc 0.3076
2021-06-05 12:37:21,382 - utils.logger - INFO - Val result of epoch 41 / 50 mse 0.1224 rmse 0.3499 pcc -0.0908 ccc -0.0638
2021-06-05 12:37:21,780 - utils.logger - INFO - Cur epoch 42 loss MSE:1.3929
2021-06-05 12:37:22,171 - utils.logger - INFO - Cur epoch 42 loss MSE:0.0567
2021-06-05 12:37:22,506 - utils.logger - INFO - Cur epoch 42 loss MSE:2.2557
2021-06-05 12:37:22,507 - utils.logger - INFO - saving the model at the end of epoch 42, iters 252
2021-06-05 12:37:22,796 - utils.logger - INFO - End of training epoch 42 / 50 	 Time Taken: 1 sec, Data loading: 0 sec
2021-06-05 12:37:22,796 - utils.logger - INFO - learning rate = 0.0000026
2021-06-05 12:37:23,155 - utils.logger - INFO - Trn result of epoch 42 / 50 mse 0.0658 rmse 0.2565 pcc 0.5157 ccc 0.4183
2021-06-05 12:37:23,282 - utils.logger - INFO - Val result of epoch 42 / 50 mse 0.1304 rmse 0.3611 pcc -0.2179 ccc -0.1614
2021-06-05 12:37:23,674 - utils.logger - INFO - Cur epoch 43 loss MSE:0.2275
2021-06-05 12:37:24,062 - utils.logger - INFO - Cur epoch 43 loss MSE:1.5244
2021-06-05 12:37:24,396 - utils.logger - INFO - Cur epoch 43 loss MSE:2.0390
2021-06-05 12:37:24,396 - utils.logger - INFO - saving the model at the end of epoch 43, iters 258
2021-06-05 12:37:24,695 - utils.logger - INFO - End of training epoch 43 / 50 	 Time Taken: 1 sec, Data loading: 0 sec
2021-06-05 12:37:24,696 - utils.logger - INFO - learning rate = 0.0000023
2021-06-05 12:37:25,061 - utils.logger - INFO - Trn result of epoch 43 / 50 mse 0.0697 rmse 0.2641 pcc 0.4718 ccc 0.3751
2021-06-05 12:37:25,190 - utils.logger - INFO - Val result of epoch 43 / 50 mse 0.1296 rmse 0.3599 pcc -0.2049 ccc -0.1559
2021-06-05 12:37:25,586 - utils.logger - INFO - Cur epoch 44 loss MSE:0.3202
2021-06-05 12:37:25,983 - utils.logger - INFO - Cur epoch 44 loss MSE:0.2150
2021-06-05 12:37:26,306 - utils.logger - INFO - Cur epoch 44 loss MSE:4.5892
2021-06-05 12:37:26,306 - utils.logger - INFO - saving the model at the end of epoch 44, iters 264
2021-06-05 12:37:26,622 - utils.logger - INFO - End of training epoch 44 / 50 	 Time Taken: 1 sec, Data loading: 0 sec
2021-06-05 12:37:26,622 - utils.logger - INFO - learning rate = 0.0000019
2021-06-05 12:37:26,989 - utils.logger - INFO - Trn result of epoch 44 / 50 mse 0.0761 rmse 0.2758 pcc 0.4200 ccc 0.3334
2021-06-05 12:37:27,113 - utils.logger - INFO - Val result of epoch 44 / 50 mse 0.1317 rmse 0.3629 pcc -0.2148 ccc -0.1502
2021-06-05 12:37:27,508 - utils.logger - INFO - Cur epoch 45 loss MSE:0.2262
2021-06-05 12:37:27,906 - utils.logger - INFO - Cur epoch 45 loss MSE:0.0707
2021-06-05 12:37:28,251 - utils.logger - INFO - Cur epoch 45 loss MSE:1.7144
2021-06-05 12:37:28,251 - utils.logger - INFO - saving the model at the end of epoch 45, iters 270
2021-06-05 12:37:28,550 - utils.logger - INFO - End of training epoch 45 / 50 	 Time Taken: 1 sec, Data loading: 0 sec
2021-06-05 12:37:28,550 - utils.logger - INFO - learning rate = 0.0000016
2021-06-05 12:37:28,910 - utils.logger - INFO - Trn result of epoch 45 / 50 mse 0.0669 rmse 0.2586 pcc 0.5517 ccc 0.4590
2021-06-05 12:37:29,035 - utils.logger - INFO - Val result of epoch 45 / 50 mse 0.1402 rmse 0.3744 pcc -0.1904 ccc -0.1483
2021-06-05 12:37:29,427 - utils.logger - INFO - Cur epoch 46 loss MSE:0.4141
2021-06-05 12:37:29,829 - utils.logger - INFO - Cur epoch 46 loss MSE:1.1920
2021-06-05 12:37:30,144 - utils.logger - INFO - Cur epoch 46 loss MSE:11.5275
2021-06-05 12:37:30,144 - utils.logger - INFO - saving the model at the end of epoch 46, iters 276
2021-06-05 12:37:30,446 - utils.logger - INFO - End of training epoch 46 / 50 	 Time Taken: 1 sec, Data loading: 0 sec
2021-06-05 12:37:30,446 - utils.logger - INFO - learning rate = 0.0000013
2021-06-05 12:37:30,812 - utils.logger - INFO - Trn result of epoch 46 / 50 mse 0.0683 rmse 0.2613 pcc 0.5185 ccc 0.4053
2021-06-05 12:37:30,941 - utils.logger - INFO - Val result of epoch 46 / 50 mse 0.1278 rmse 0.3574 pcc -0.1787 ccc -0.1359
2021-06-05 12:37:31,338 - utils.logger - INFO - Cur epoch 47 loss MSE:0.3534
2021-06-05 12:37:31,722 - utils.logger - INFO - Cur epoch 47 loss MSE:5.2689
2021-06-05 12:37:32,045 - utils.logger - INFO - Cur epoch 47 loss MSE:1.5141
2021-06-05 12:37:32,045 - utils.logger - INFO - saving the model at the end of epoch 47, iters 282
2021-06-05 12:37:32,384 - utils.logger - INFO - End of training epoch 47 / 50 	 Time Taken: 1 sec, Data loading: 0 sec
2021-06-05 12:37:32,384 - utils.logger - INFO - learning rate = 0.0000010
2021-06-05 12:37:32,752 - utils.logger - INFO - Trn result of epoch 47 / 50 mse 0.0714 rmse 0.2672 pcc 0.4518 ccc 0.3583
2021-06-05 12:37:32,880 - utils.logger - INFO - Val result of epoch 47 / 50 mse 0.1301 rmse 0.3607 pcc -0.2094 ccc -0.1583
2021-06-05 12:37:33,271 - utils.logger - INFO - Cur epoch 48 loss MSE:0.0467
2021-06-05 12:37:33,662 - utils.logger - INFO - Cur epoch 48 loss MSE:0.0248
2021-06-05 12:37:33,988 - utils.logger - INFO - Cur epoch 48 loss MSE:0.2540
2021-06-05 12:37:33,988 - utils.logger - INFO - saving the model at the end of epoch 48, iters 288
2021-06-05 12:37:34,309 - utils.logger - INFO - End of training epoch 48 / 50 	 Time Taken: 1 sec, Data loading: 0 sec
2021-06-05 12:37:34,309 - utils.logger - INFO - learning rate = 0.0000006
2021-06-05 12:37:34,666 - utils.logger - INFO - Trn result of epoch 48 / 50 mse 0.0632 rmse 0.2514 pcc 0.5523 ccc 0.4216
2021-06-05 12:37:34,791 - utils.logger - INFO - Val result of epoch 48 / 50 mse 0.1223 rmse 0.3497 pcc -0.1865 ccc -0.1312
2021-06-05 12:37:35,183 - utils.logger - INFO - Cur epoch 49 loss MSE:0.3558
2021-06-05 12:37:35,586 - utils.logger - INFO - Cur epoch 49 loss MSE:0.0808
2021-06-05 12:37:35,898 - utils.logger - INFO - Cur epoch 49 loss MSE:7.4343
2021-06-05 12:37:35,898 - utils.logger - INFO - saving the model at the end of epoch 49, iters 294
2021-06-05 12:37:36,193 - utils.logger - INFO - End of training epoch 49 / 50 	 Time Taken: 1 sec, Data loading: 0 sec
2021-06-05 12:37:36,193 - utils.logger - INFO - learning rate = 0.0000003
2021-06-05 12:37:36,559 - utils.logger - INFO - Trn result of epoch 49 / 50 mse 0.0657 rmse 0.2564 pcc 0.5165 ccc 0.4115
2021-06-05 12:37:36,686 - utils.logger - INFO - Val result of epoch 49 / 50 mse 0.1329 rmse 0.3645 pcc -0.2419 ccc -0.1837
2021-06-05 12:37:37,084 - utils.logger - INFO - Cur epoch 50 loss MSE:1.3262
2021-06-05 12:37:37,475 - utils.logger - INFO - Cur epoch 50 loss MSE:0.4021
2021-06-05 12:37:37,796 - utils.logger - INFO - Cur epoch 50 loss MSE:13.3381
2021-06-05 12:37:37,797 - utils.logger - INFO - saving the model at the end of epoch 50, iters 300
2021-06-05 12:37:38,112 - utils.logger - INFO - End of training epoch 50 / 50 	 Time Taken: 1 sec, Data loading: 0 sec
2021-06-05 12:37:38,112 - utils.logger - INFO - learning rate = 0.0000000
2021-06-05 12:37:38,473 - utils.logger - INFO - Trn result of epoch 50 / 50 mse 0.0673 rmse 0.2595 pcc 0.5019 ccc 0.3965
2021-06-05 12:37:38,597 - utils.logger - INFO - Val result of epoch 50 / 50 mse 0.1316 rmse 0.3628 pcc -0.2278 ccc -0.1735
2021-06-05 12:37:38,598 - utils.logger - INFO - Best eval epoch 26 found with ccc 0.004092
2021-06-05 12:37:38,598 - utils.logger - INFO - baseline_fcfusion_norm_egemaps_arousal_hidden1024_seq100_run2
