2021-06-10 01:22:30,704 - utils.logger - INFO - The number of training samples = 41
2021-06-10 01:22:39,873 - utils.logger - INFO - Cur epoch 1 loss MSE:0.0362
2021-06-10 01:22:40,486 - utils.logger - INFO - Cur epoch 1 loss MSE:0.1941
2021-06-10 01:22:41,152 - utils.logger - INFO - Cur epoch 1 loss MSE:7.0976
2021-06-10 01:22:41,152 - utils.logger - INFO - saving the model at the end of epoch 1, iters 6
2021-06-10 01:22:41,608 - utils.logger - INFO - End of training epoch 1 / 50 	 Time Taken: 5 sec, Data loading: 2 sec
2021-06-10 01:22:41,608 - utils.logger - INFO - learning rate = 0.0000100
2021-06-10 01:22:42,534 - utils.logger - INFO - Trn result of epoch 1 / 50 mse 0.1135 rmse 0.3369 pcc -0.0199 ccc -0.0003
2021-06-10 01:22:42,832 - utils.logger - INFO - Val result of epoch 1 / 50 mse 0.1297 rmse 0.3602 pcc -0.0508 ccc -0.0008
2021-06-10 01:22:47,487 - utils.logger - INFO - Cur epoch 2 loss MSE:0.3291
2021-06-10 01:22:48,311 - utils.logger - INFO - Cur epoch 2 loss MSE:0.2669
2021-06-10 01:22:48,971 - utils.logger - INFO - Cur epoch 2 loss MSE:3.1686
2021-06-10 01:22:48,971 - utils.logger - INFO - saving the model at the end of epoch 2, iters 12
2021-06-10 01:22:49,397 - utils.logger - INFO - End of training epoch 2 / 50 	 Time Taken: 6 sec, Data loading: 4 sec
2021-06-10 01:22:49,397 - utils.logger - INFO - learning rate = 0.0000100
2021-06-10 01:22:54,121 - utils.logger - INFO - Trn result of epoch 2 / 50 mse 0.1089 rmse 0.3300 pcc 0.0094 ccc 0.0007
2021-06-10 01:22:54,688 - utils.logger - INFO - Val result of epoch 2 / 50 mse 0.1288 rmse 0.3588 pcc -0.0360 ccc -0.0023
2021-06-10 01:22:55,453 - utils.logger - INFO - Cur epoch 3 loss MSE:0.2701
2021-06-10 01:22:56,150 - utils.logger - INFO - Cur epoch 3 loss MSE:0.5388
2021-06-10 01:22:56,738 - utils.logger - INFO - Cur epoch 3 loss MSE:2.6657
2021-06-10 01:22:56,738 - utils.logger - INFO - saving the model at the end of epoch 3, iters 18
2021-06-10 01:22:57,043 - utils.logger - INFO - End of training epoch 3 / 50 	 Time Taken: 2 sec, Data loading: 0 sec
2021-06-10 01:22:57,043 - utils.logger - INFO - learning rate = 0.0000100
2021-06-10 01:22:57,915 - utils.logger - INFO - Trn result of epoch 3 / 50 mse 0.1090 rmse 0.3301 pcc 0.0448 ccc 0.0057
2021-06-10 01:22:58,217 - utils.logger - INFO - Val result of epoch 3 / 50 mse 0.1338 rmse 0.3658 pcc -0.0255 ccc -0.0028
2021-06-10 01:22:58,977 - utils.logger - INFO - Cur epoch 4 loss MSE:0.0370
2021-06-10 01:22:59,628 - utils.logger - INFO - Cur epoch 4 loss MSE:0.3021
2021-06-10 01:23:00,304 - utils.logger - INFO - Cur epoch 4 loss MSE:0.0855
2021-06-10 01:23:00,304 - utils.logger - INFO - saving the model at the end of epoch 4, iters 24
2021-06-10 01:23:00,689 - utils.logger - INFO - End of training epoch 4 / 50 	 Time Taken: 2 sec, Data loading: 0 sec
2021-06-10 01:23:00,690 - utils.logger - INFO - learning rate = 0.0000100
2021-06-10 01:23:01,519 - utils.logger - INFO - Trn result of epoch 4 / 50 mse 0.1077 rmse 0.3282 pcc 0.0753 ccc 0.0088
2021-06-10 01:23:01,773 - utils.logger - INFO - Val result of epoch 4 / 50 mse 0.1315 rmse 0.3627 pcc -0.0231 ccc -0.0023
2021-06-10 01:23:03,166 - utils.logger - INFO - Cur epoch 5 loss MSE:0.0856
2021-06-10 01:23:04,044 - utils.logger - INFO - Cur epoch 5 loss MSE:0.0151
2021-06-10 01:23:04,670 - utils.logger - INFO - Cur epoch 5 loss MSE:0.0701
2021-06-10 01:23:04,670 - utils.logger - INFO - saving the model at the end of epoch 5, iters 30
2021-06-10 01:23:05,224 - utils.logger - INFO - End of training epoch 5 / 50 	 Time Taken: 3 sec, Data loading: 0 sec
2021-06-10 01:23:05,224 - utils.logger - INFO - learning rate = 0.0000100
2021-06-10 01:23:08,283 - utils.logger - INFO - Trn result of epoch 5 / 50 mse 0.1071 rmse 0.3273 pcc 0.1230 ccc 0.0118
2021-06-10 01:23:09,903 - utils.logger - INFO - Val result of epoch 5 / 50 mse 0.1296 rmse 0.3600 pcc -0.0259 ccc -0.0023
2021-06-10 01:23:11,623 - utils.logger - INFO - Cur epoch 6 loss MSE:0.0992
2021-06-10 01:23:12,077 - utils.logger - INFO - Cur epoch 6 loss MSE:0.2280
2021-06-10 01:23:12,449 - utils.logger - INFO - Cur epoch 6 loss MSE:1.0269
2021-06-10 01:23:12,449 - utils.logger - INFO - saving the model at the end of epoch 6, iters 36
2021-06-10 01:23:12,802 - utils.logger - INFO - End of training epoch 6 / 50 	 Time Taken: 2 sec, Data loading: 1 sec
2021-06-10 01:23:12,802 - utils.logger - INFO - learning rate = 0.0000100
2021-06-10 01:23:13,600 - utils.logger - INFO - Trn result of epoch 6 / 50 mse 0.1067 rmse 0.3267 pcc 0.1394 ccc 0.0153
2021-06-10 01:23:15,112 - utils.logger - INFO - Val result of epoch 6 / 50 mse 0.1305 rmse 0.3612 pcc -0.0249 ccc -0.0025
2021-06-10 01:23:15,586 - utils.logger - INFO - Cur epoch 7 loss MSE:0.3446
2021-06-10 01:23:16,046 - utils.logger - INFO - Cur epoch 7 loss MSE:0.5446
2021-06-10 01:23:16,407 - utils.logger - INFO - Cur epoch 7 loss MSE:5.5165
2021-06-10 01:23:16,407 - utils.logger - INFO - saving the model at the end of epoch 7, iters 42
2021-06-10 01:23:16,762 - utils.logger - INFO - End of training epoch 7 / 50 	 Time Taken: 1 sec, Data loading: 0 sec
2021-06-10 01:23:16,763 - utils.logger - INFO - learning rate = 0.0000100
2021-06-10 01:23:17,216 - utils.logger - INFO - Trn result of epoch 7 / 50 mse 0.1073 rmse 0.3276 pcc 0.1648 ccc 0.0226
2021-06-10 01:23:17,378 - utils.logger - INFO - Val result of epoch 7 / 50 mse 0.1339 rmse 0.3659 pcc -0.0078 ccc -0.0009
2021-06-10 01:23:18,198 - utils.logger - INFO - Cur epoch 8 loss MSE:0.2842
2021-06-10 01:23:18,637 - utils.logger - INFO - Cur epoch 8 loss MSE:0.2443
2021-06-10 01:23:18,976 - utils.logger - INFO - Cur epoch 8 loss MSE:0.5143
2021-06-10 01:23:18,976 - utils.logger - INFO - saving the model at the end of epoch 8, iters 48
2021-06-10 01:23:19,324 - utils.logger - INFO - End of training epoch 8 / 50 	 Time Taken: 1 sec, Data loading: 0 sec
2021-06-10 01:23:19,324 - utils.logger - INFO - learning rate = 0.0000100
2021-06-10 01:23:19,852 - utils.logger - INFO - Trn result of epoch 8 / 50 mse 0.1062 rmse 0.3258 pcc 0.1886 ccc 0.0248
2021-06-10 01:23:20,371 - utils.logger - INFO - Val result of epoch 8 / 50 mse 0.1319 rmse 0.3632 pcc -0.0145 ccc -0.0017
2021-06-10 01:23:20,808 - utils.logger - INFO - Cur epoch 9 loss MSE:0.0549
2021-06-10 01:23:21,622 - utils.logger - INFO - Cur epoch 9 loss MSE:0.2032
2021-06-10 01:23:22,370 - utils.logger - INFO - Cur epoch 9 loss MSE:0.2792
2021-06-10 01:23:22,370 - utils.logger - INFO - saving the model at the end of epoch 9, iters 54
2021-06-10 01:23:22,768 - utils.logger - INFO - End of training epoch 9 / 50 	 Time Taken: 2 sec, Data loading: 0 sec
2021-06-10 01:23:22,769 - utils.logger - INFO - learning rate = 0.0000100
2021-06-10 01:23:26,726 - utils.logger - INFO - Trn result of epoch 9 / 50 mse 0.1059 rmse 0.3254 pcc 0.2188 ccc 0.0323
2021-06-10 01:23:26,979 - utils.logger - INFO - Val result of epoch 9 / 50 mse 0.1332 rmse 0.3650 pcc -0.0084 ccc -0.0011
2021-06-10 01:23:28,200 - utils.logger - INFO - Cur epoch 10 loss MSE:4.9341
2021-06-10 01:23:28,921 - utils.logger - INFO - Cur epoch 10 loss MSE:0.5159
2021-06-10 01:23:29,504 - utils.logger - INFO - Cur epoch 10 loss MSE:8.6855
2021-06-10 01:23:29,504 - utils.logger - INFO - saving the model at the end of epoch 10, iters 60
2021-06-10 01:23:29,907 - utils.logger - INFO - End of training epoch 10 / 50 	 Time Taken: 2 sec, Data loading: 0 sec
2021-06-10 01:23:29,907 - utils.logger - INFO - learning rate = 0.0000100
2021-06-10 01:23:31,196 - utils.logger - INFO - Trn result of epoch 10 / 50 mse 0.1049 rmse 0.3239 pcc 0.2498 ccc 0.0332
2021-06-10 01:23:31,468 - utils.logger - INFO - Val result of epoch 10 / 50 mse 0.1305 rmse 0.3613 pcc -0.0213 ccc -0.0027
2021-06-10 01:23:32,181 - utils.logger - INFO - Cur epoch 11 loss MSE:0.4591
2021-06-10 01:23:32,899 - utils.logger - INFO - Cur epoch 11 loss MSE:0.0129
2021-06-10 01:23:33,288 - utils.logger - INFO - Cur epoch 11 loss MSE:36.5814
2021-06-10 01:23:33,290 - utils.logger - INFO - saving the model at the end of epoch 11, iters 66
2021-06-10 01:23:33,714 - utils.logger - INFO - End of training epoch 11 / 50 	 Time Taken: 2 sec, Data loading: 0 sec
2021-06-10 01:23:33,715 - utils.logger - INFO - learning rate = 0.0000100
2021-06-10 01:23:34,631 - utils.logger - INFO - Trn result of epoch 11 / 50 mse 0.1052 rmse 0.3243 pcc 0.2562 ccc 0.0325
2021-06-10 01:23:34,918 - utils.logger - INFO - Val result of epoch 11 / 50 mse 0.1297 rmse 0.3601 pcc -0.0274 ccc -0.0034
2021-06-10 01:23:35,583 - utils.logger - INFO - Cur epoch 12 loss MSE:0.1385
2021-06-10 01:23:36,308 - utils.logger - INFO - Cur epoch 12 loss MSE:0.0266
2021-06-10 01:23:36,739 - utils.logger - INFO - Cur epoch 12 loss MSE:2.9822
2021-06-10 01:23:36,739 - utils.logger - INFO - saving the model at the end of epoch 12, iters 72
2021-06-10 01:23:37,085 - utils.logger - INFO - End of training epoch 12 / 50 	 Time Taken: 2 sec, Data loading: 0 sec
2021-06-10 01:23:37,085 - utils.logger - INFO - learning rate = 0.0000100
2021-06-10 01:23:37,883 - utils.logger - INFO - Trn result of epoch 12 / 50 mse 0.1039 rmse 0.3223 pcc 0.2765 ccc 0.0454
2021-06-10 01:23:38,209 - utils.logger - INFO - Val result of epoch 12 / 50 mse 0.1311 rmse 0.3621 pcc -0.0183 ccc -0.0029
2021-06-10 01:23:39,401 - utils.logger - INFO - Cur epoch 13 loss MSE:0.0870
2021-06-10 01:23:40,892 - utils.logger - INFO - Cur epoch 13 loss MSE:0.5030
2021-06-10 01:23:41,554 - utils.logger - INFO - Cur epoch 13 loss MSE:0.0537
2021-06-10 01:23:41,554 - utils.logger - INFO - saving the model at the end of epoch 13, iters 78
2021-06-10 01:23:41,884 - utils.logger - INFO - End of training epoch 13 / 50 	 Time Taken: 3 sec, Data loading: 1 sec
2021-06-10 01:23:41,885 - utils.logger - INFO - learning rate = 0.0000100
2021-06-10 01:23:43,166 - utils.logger - INFO - Trn result of epoch 13 / 50 mse 0.1044 rmse 0.3231 pcc 0.3031 ccc 0.0450
2021-06-10 01:23:44,097 - utils.logger - INFO - Val result of epoch 13 / 50 mse 0.1298 rmse 0.3603 pcc -0.0372 ccc -0.0055
2021-06-10 01:23:44,691 - utils.logger - INFO - Cur epoch 14 loss MSE:0.3804
2021-06-10 01:23:45,449 - utils.logger - INFO - Cur epoch 14 loss MSE:0.4443
2021-06-10 01:23:46,526 - utils.logger - INFO - Cur epoch 14 loss MSE:11.6063
2021-06-10 01:23:46,526 - utils.logger - INFO - saving the model at the end of epoch 14, iters 84
2021-06-10 01:23:46,924 - utils.logger - INFO - End of training epoch 14 / 50 	 Time Taken: 2 sec, Data loading: 0 sec
2021-06-10 01:23:46,924 - utils.logger - INFO - learning rate = 0.0000100
2021-06-10 01:23:47,740 - utils.logger - INFO - Trn result of epoch 14 / 50 mse 0.1015 rmse 0.3186 pcc 0.3450 ccc 0.0704
2021-06-10 01:23:48,060 - utils.logger - INFO - Val result of epoch 14 / 50 mse 0.1313 rmse 0.3623 pcc -0.0142 ccc -0.0028
2021-06-10 01:23:48,968 - utils.logger - INFO - Cur epoch 15 loss MSE:0.0158
2021-06-10 01:23:49,724 - utils.logger - INFO - Cur epoch 15 loss MSE:0.3077
2021-06-10 01:23:50,240 - utils.logger - INFO - Cur epoch 15 loss MSE:44.5753
2021-06-10 01:23:50,241 - utils.logger - INFO - saving the model at the end of epoch 15, iters 90
2021-06-10 01:23:50,615 - utils.logger - INFO - End of training epoch 15 / 50 	 Time Taken: 2 sec, Data loading: 0 sec
2021-06-10 01:23:50,616 - utils.logger - INFO - learning rate = 0.0000100
2021-06-10 01:23:51,926 - utils.logger - INFO - Trn result of epoch 15 / 50 mse 0.1001 rmse 0.3164 pcc 0.3665 ccc 0.0906
2021-06-10 01:23:52,202 - utils.logger - INFO - Val result of epoch 15 / 50 mse 0.1325 rmse 0.3640 pcc 0.0095 ccc 0.0022
2021-06-10 01:23:53,003 - utils.logger - INFO - Cur epoch 16 loss MSE:0.1889
2021-06-10 01:23:53,696 - utils.logger - INFO - Cur epoch 16 loss MSE:0.1099
2021-06-10 01:23:54,416 - utils.logger - INFO - Cur epoch 16 loss MSE:2.9006
2021-06-10 01:23:54,416 - utils.logger - INFO - saving the model at the end of epoch 16, iters 96
2021-06-10 01:23:54,816 - utils.logger - INFO - End of training epoch 16 / 50 	 Time Taken: 2 sec, Data loading: 0 sec
2021-06-10 01:23:54,816 - utils.logger - INFO - learning rate = 0.0000100
2021-06-10 01:23:55,972 - utils.logger - INFO - Trn result of epoch 16 / 50 mse 0.1129 rmse 0.3360 pcc 0.4045 ccc 0.1321
2021-06-10 01:23:56,342 - utils.logger - INFO - Val result of epoch 16 / 50 mse 0.1536 rmse 0.3919 pcc 0.1395 ccc 0.0410
2021-06-10 01:23:57,137 - utils.logger - INFO - Cur epoch 17 loss MSE:0.1098
2021-06-10 01:23:57,896 - utils.logger - INFO - Cur epoch 17 loss MSE:0.4007
2021-06-10 01:23:58,534 - utils.logger - INFO - Cur epoch 17 loss MSE:1.0443
2021-06-10 01:23:58,535 - utils.logger - INFO - saving the model at the end of epoch 17, iters 102
2021-06-10 01:23:58,894 - utils.logger - INFO - End of training epoch 17 / 50 	 Time Taken: 2 sec, Data loading: 0 sec
2021-06-10 01:23:58,895 - utils.logger - INFO - learning rate = 0.0000100
2021-06-10 01:24:01,726 - utils.logger - INFO - Trn result of epoch 17 / 50 mse 0.1471 rmse 0.3836 pcc 0.3601 ccc 0.1223
2021-06-10 01:24:02,018 - utils.logger - INFO - Val result of epoch 17 / 50 mse 0.1924 rmse 0.4387 pcc 0.1903 ccc 0.0551
2021-06-10 01:24:03,166 - utils.logger - INFO - Cur epoch 18 loss MSE:0.2599
2021-06-10 01:24:03,982 - utils.logger - INFO - Cur epoch 18 loss MSE:0.4102
2021-06-10 01:24:04,779 - utils.logger - INFO - Cur epoch 18 loss MSE:0.3525
2021-06-10 01:24:04,779 - utils.logger - INFO - saving the model at the end of epoch 18, iters 108
2021-06-10 01:24:05,236 - utils.logger - INFO - End of training epoch 18 / 50 	 Time Taken: 3 sec, Data loading: 0 sec
2021-06-10 01:24:05,236 - utils.logger - INFO - learning rate = 0.0000100
2021-06-10 01:24:06,466 - utils.logger - INFO - Trn result of epoch 18 / 50 mse 0.0917 rmse 0.3028 pcc 0.4493 ccc 0.1975
2021-06-10 01:24:06,764 - utils.logger - INFO - Val result of epoch 18 / 50 mse 0.1356 rmse 0.3683 pcc -0.0510 ccc -0.0189
2021-06-10 01:24:07,542 - utils.logger - INFO - Cur epoch 19 loss MSE:0.7794
2021-06-10 01:24:08,286 - utils.logger - INFO - Cur epoch 19 loss MSE:0.0279
2021-06-10 01:24:08,837 - utils.logger - INFO - Cur epoch 19 loss MSE:3.9105
2021-06-10 01:24:08,837 - utils.logger - INFO - saving the model at the end of epoch 19, iters 114
2021-06-10 01:24:09,230 - utils.logger - INFO - End of training epoch 19 / 50 	 Time Taken: 2 sec, Data loading: 0 sec
2021-06-10 01:24:09,230 - utils.logger - INFO - learning rate = 0.0000100
2021-06-10 01:24:10,288 - utils.logger - INFO - Trn result of epoch 19 / 50 mse 0.0836 rmse 0.2892 pcc 0.5097 ccc 0.3092
2021-06-10 01:24:10,899 - utils.logger - INFO - Val result of epoch 19 / 50 mse 0.1304 rmse 0.3611 pcc 0.1392 ccc 0.0713
2021-06-10 01:24:11,567 - utils.logger - INFO - Cur epoch 20 loss MSE:9.1259
2021-06-10 01:24:12,484 - utils.logger - INFO - Cur epoch 20 loss MSE:0.3670
2021-06-10 01:24:13,192 - utils.logger - INFO - Cur epoch 20 loss MSE:0.8828
2021-06-10 01:24:13,192 - utils.logger - INFO - saving the model at the end of epoch 20, iters 120
2021-06-10 01:24:13,525 - utils.logger - INFO - End of training epoch 20 / 50 	 Time Taken: 2 sec, Data loading: 0 sec
2021-06-10 01:24:13,525 - utils.logger - INFO - learning rate = 0.0000097
2021-06-10 01:24:15,098 - utils.logger - INFO - Trn result of epoch 20 / 50 mse 0.0998 rmse 0.3159 pcc 0.5384 ccc 0.2836
2021-06-10 01:24:15,445 - utils.logger - INFO - Val result of epoch 20 / 50 mse 0.1512 rmse 0.3889 pcc 0.1890 ccc 0.0906
2021-06-10 01:24:16,276 - utils.logger - INFO - Cur epoch 21 loss MSE:0.3573
2021-06-10 01:24:17,056 - utils.logger - INFO - Cur epoch 21 loss MSE:0.6117
2021-06-10 01:24:17,487 - utils.logger - INFO - Cur epoch 21 loss MSE:1.4666
2021-06-10 01:24:17,487 - utils.logger - INFO - saving the model at the end of epoch 21, iters 126
2021-06-10 01:24:17,885 - utils.logger - INFO - End of training epoch 21 / 50 	 Time Taken: 2 sec, Data loading: 0 sec
2021-06-10 01:24:17,886 - utils.logger - INFO - learning rate = 0.0000094
2021-06-10 01:24:18,860 - utils.logger - INFO - Trn result of epoch 21 / 50 mse 0.0972 rmse 0.3117 pcc 0.4467 ccc 0.1628
2021-06-10 01:24:19,182 - utils.logger - INFO - Val result of epoch 21 / 50 mse 0.1377 rmse 0.3711 pcc -0.1199 ccc -0.0377
2021-06-10 01:24:20,023 - utils.logger - INFO - Cur epoch 22 loss MSE:0.3369
2021-06-10 01:24:20,895 - utils.logger - INFO - Cur epoch 22 loss MSE:1.0565
2021-06-10 01:24:21,630 - utils.logger - INFO - Cur epoch 22 loss MSE:6.2040
2021-06-10 01:24:21,630 - utils.logger - INFO - saving the model at the end of epoch 22, iters 132
2021-06-10 01:24:22,018 - utils.logger - INFO - End of training epoch 22 / 50 	 Time Taken: 2 sec, Data loading: 0 sec
2021-06-10 01:24:22,019 - utils.logger - INFO - learning rate = 0.0000090
2021-06-10 01:24:22,822 - utils.logger - INFO - Trn result of epoch 22 / 50 mse 0.0812 rmse 0.2850 pcc 0.5662 ccc 0.3141
2021-06-10 01:24:23,005 - utils.logger - INFO - Val result of epoch 22 / 50 mse 0.1298 rmse 0.3603 pcc 0.0999 ccc 0.0469
2021-06-10 01:24:23,581 - utils.logger - INFO - Cur epoch 23 loss MSE:0.2417
2021-06-10 01:24:24,448 - utils.logger - INFO - Cur epoch 23 loss MSE:0.3523
2021-06-10 01:24:25,125 - utils.logger - INFO - Cur epoch 23 loss MSE:1.5121
2021-06-10 01:24:25,125 - utils.logger - INFO - saving the model at the end of epoch 23, iters 138
2021-06-10 01:24:25,525 - utils.logger - INFO - End of training epoch 23 / 50 	 Time Taken: 2 sec, Data loading: 0 sec
2021-06-10 01:24:25,525 - utils.logger - INFO - learning rate = 0.0000087
2021-06-10 01:24:26,781 - utils.logger - INFO - Trn result of epoch 23 / 50 mse 0.0953 rmse 0.3087 pcc 0.5629 ccc 0.3176
2021-06-10 01:24:27,108 - utils.logger - INFO - Val result of epoch 23 / 50 mse 0.1493 rmse 0.3864 pcc 0.1963 ccc 0.1001
2021-06-10 01:24:27,894 - utils.logger - INFO - Cur epoch 24 loss MSE:0.8973
2021-06-10 01:24:28,681 - utils.logger - INFO - Cur epoch 24 loss MSE:0.9392
2021-06-10 01:24:29,296 - utils.logger - INFO - Cur epoch 24 loss MSE:0.1694
2021-06-10 01:24:29,297 - utils.logger - INFO - saving the model at the end of epoch 24, iters 144
2021-06-10 01:24:29,729 - utils.logger - INFO - End of training epoch 24 / 50 	 Time Taken: 2 sec, Data loading: 0 sec
2021-06-10 01:24:29,729 - utils.logger - INFO - learning rate = 0.0000084
2021-06-10 01:24:30,609 - utils.logger - INFO - Trn result of epoch 24 / 50 mse 0.0843 rmse 0.2903 pcc 0.6118 ccc 0.3943
2021-06-10 01:24:30,892 - utils.logger - INFO - Val result of epoch 24 / 50 mse 0.1403 rmse 0.3746 pcc 0.2371 ccc 0.1406
2021-06-10 01:24:31,607 - utils.logger - INFO - Cur epoch 25 loss MSE:1.2305
2021-06-10 01:24:32,238 - utils.logger - INFO - Cur epoch 25 loss MSE:0.4028
2021-06-10 01:24:32,978 - utils.logger - INFO - Cur epoch 25 loss MSE:3.1342
2021-06-10 01:24:32,978 - utils.logger - INFO - saving the model at the end of epoch 25, iters 150
2021-06-10 01:24:33,380 - utils.logger - INFO - End of training epoch 25 / 50 	 Time Taken: 2 sec, Data loading: 0 sec
2021-06-10 01:24:33,380 - utils.logger - INFO - learning rate = 0.0000081
2021-06-10 01:24:34,139 - utils.logger - INFO - Trn result of epoch 25 / 50 mse 0.0752 rmse 0.2743 pcc 0.6120 ccc 0.4838
2021-06-10 01:24:34,432 - utils.logger - INFO - Val result of epoch 25 / 50 mse 0.1366 rmse 0.3695 pcc 0.2557 ccc 0.1853
2021-06-10 01:24:35,391 - utils.logger - INFO - Cur epoch 26 loss MSE:1.0066
2021-06-10 01:24:36,227 - utils.logger - INFO - Cur epoch 26 loss MSE:0.5015
2021-06-10 01:24:37,048 - utils.logger - INFO - Cur epoch 26 loss MSE:1.6536
2021-06-10 01:24:37,267 - utils.logger - INFO - saving the model at the end of epoch 26, iters 156
2021-06-10 01:24:37,689 - utils.logger - INFO - End of training epoch 26 / 50 	 Time Taken: 3 sec, Data loading: 0 sec
2021-06-10 01:24:37,689 - utils.logger - INFO - learning rate = 0.0000077
2021-06-10 01:24:38,899 - utils.logger - INFO - Trn result of epoch 26 / 50 mse 0.0689 rmse 0.2625 pcc 0.6517 ccc 0.4737
2021-06-10 01:24:39,210 - utils.logger - INFO - Val result of epoch 26 / 50 mse 0.1276 rmse 0.3572 pcc 0.2405 ccc 0.1602
2021-06-10 01:24:40,392 - utils.logger - INFO - Cur epoch 27 loss MSE:0.8715
2021-06-10 01:24:41,232 - utils.logger - INFO - Cur epoch 27 loss MSE:0.0328
2021-06-10 01:24:41,973 - utils.logger - INFO - Cur epoch 27 loss MSE:21.1613
2021-06-10 01:24:41,974 - utils.logger - INFO - saving the model at the end of epoch 27, iters 162
2021-06-10 01:24:42,398 - utils.logger - INFO - End of training epoch 27 / 50 	 Time Taken: 3 sec, Data loading: 0 sec
2021-06-10 01:24:42,398 - utils.logger - INFO - learning rate = 0.0000074
2021-06-10 01:24:43,191 - utils.logger - INFO - Trn result of epoch 27 / 50 mse 0.0746 rmse 0.2732 pcc 0.6274 ccc 0.4613
2021-06-10 01:24:43,851 - utils.logger - INFO - Val result of epoch 27 / 50 mse 0.1427 rmse 0.3777 pcc 0.0860 ccc 0.0536
2021-06-10 01:24:45,179 - utils.logger - INFO - Cur epoch 28 loss MSE:0.7847
2021-06-10 01:24:45,988 - utils.logger - INFO - Cur epoch 28 loss MSE:0.0132
2021-06-10 01:24:46,808 - utils.logger - INFO - Cur epoch 28 loss MSE:3.7631
2021-06-10 01:24:46,809 - utils.logger - INFO - saving the model at the end of epoch 28, iters 168
2021-06-10 01:24:47,199 - utils.logger - INFO - End of training epoch 28 / 50 	 Time Taken: 3 sec, Data loading: 0 sec
2021-06-10 01:24:47,199 - utils.logger - INFO - learning rate = 0.0000071
2021-06-10 01:24:48,035 - utils.logger - INFO - Trn result of epoch 28 / 50 mse 0.0634 rmse 0.2517 pcc 0.6873 ccc 0.5313
2021-06-10 01:24:48,548 - utils.logger - INFO - Val result of epoch 28 / 50 mse 0.1284 rmse 0.3583 pcc 0.2480 ccc 0.1738
2021-06-10 01:24:49,332 - utils.logger - INFO - Cur epoch 29 loss MSE:0.1994
2021-06-10 01:24:50,186 - utils.logger - INFO - Cur epoch 29 loss MSE:0.2438
2021-06-10 01:24:51,059 - utils.logger - INFO - Cur epoch 29 loss MSE:3.9457
2021-06-10 01:24:51,059 - utils.logger - INFO - saving the model at the end of epoch 29, iters 174
2021-06-10 01:24:51,424 - utils.logger - INFO - End of training epoch 29 / 50 	 Time Taken: 2 sec, Data loading: 0 sec
2021-06-10 01:24:51,424 - utils.logger - INFO - learning rate = 0.0000068
2021-06-10 01:24:52,322 - utils.logger - INFO - Trn result of epoch 29 / 50 mse 0.0591 rmse 0.2431 pcc 0.7016 ccc 0.5747
2021-06-10 01:24:52,598 - utils.logger - INFO - Val result of epoch 29 / 50 mse 0.1263 rmse 0.3554 pcc 0.2650 ccc 0.1982
2021-06-10 01:24:53,411 - utils.logger - INFO - Cur epoch 30 loss MSE:0.5065
2021-06-10 01:24:54,105 - utils.logger - INFO - Cur epoch 30 loss MSE:0.4207
2021-06-10 01:24:54,783 - utils.logger - INFO - Cur epoch 30 loss MSE:3.4394
2021-06-10 01:24:54,784 - utils.logger - INFO - saving the model at the end of epoch 30, iters 180
2021-06-10 01:24:55,226 - utils.logger - INFO - End of training epoch 30 / 50 	 Time Taken: 2 sec, Data loading: 0 sec
2021-06-10 01:24:55,227 - utils.logger - INFO - learning rate = 0.0000065
2021-06-10 01:24:56,149 - utils.logger - INFO - Trn result of epoch 30 / 50 mse 0.0779 rmse 0.2792 pcc 0.6528 ccc 0.4816
2021-06-10 01:24:56,478 - utils.logger - INFO - Val result of epoch 30 / 50 mse 0.1571 rmse 0.3963 pcc 0.0267 ccc 0.0164
2021-06-10 01:24:57,720 - utils.logger - INFO - Cur epoch 31 loss MSE:0.7138
2021-06-10 01:24:58,629 - utils.logger - INFO - Cur epoch 31 loss MSE:0.1777
2021-06-10 01:24:59,281 - utils.logger - INFO - Cur epoch 31 loss MSE:2.8722
2021-06-10 01:24:59,281 - utils.logger - INFO - saving the model at the end of epoch 31, iters 186
2021-06-10 01:24:59,636 - utils.logger - INFO - End of training epoch 31 / 50 	 Time Taken: 3 sec, Data loading: 0 sec
2021-06-10 01:24:59,636 - utils.logger - INFO - learning rate = 0.0000061
2021-06-10 01:25:00,404 - utils.logger - INFO - Trn result of epoch 31 / 50 mse 0.0570 rmse 0.2388 pcc 0.7217 ccc 0.5936
2021-06-10 01:25:00,681 - utils.logger - INFO - Val result of epoch 31 / 50 mse 0.1330 rmse 0.3646 pcc 0.1856 ccc 0.1363
2021-06-10 01:25:01,436 - utils.logger - INFO - Cur epoch 32 loss MSE:0.5286
2021-06-10 01:25:02,319 - utils.logger - INFO - Cur epoch 32 loss MSE:0.1590
2021-06-10 01:25:03,011 - utils.logger - INFO - Cur epoch 32 loss MSE:1.3277
2021-06-10 01:25:03,011 - utils.logger - INFO - saving the model at the end of epoch 32, iters 192
2021-06-10 01:25:03,404 - utils.logger - INFO - End of training epoch 32 / 50 	 Time Taken: 2 sec, Data loading: 0 sec
2021-06-10 01:25:03,404 - utils.logger - INFO - learning rate = 0.0000058
2021-06-10 01:25:14,026 - utils.logger - INFO - Trn result of epoch 32 / 50 mse 0.0851 rmse 0.2916 pcc 0.6645 ccc 0.4856
2021-06-10 01:25:14,402 - utils.logger - INFO - Val result of epoch 32 / 50 mse 0.1579 rmse 0.3973 pcc 0.2594 ccc 0.1683
2021-06-10 01:25:15,028 - utils.logger - INFO - Cur epoch 33 loss MSE:0.1235
2021-06-10 01:25:15,868 - utils.logger - INFO - Cur epoch 33 loss MSE:0.4634
2021-06-10 01:25:16,567 - utils.logger - INFO - Cur epoch 33 loss MSE:2.2541
2021-06-10 01:25:16,567 - utils.logger - INFO - saving the model at the end of epoch 33, iters 198
2021-06-10 01:25:16,955 - utils.logger - INFO - End of training epoch 33 / 50 	 Time Taken: 2 sec, Data loading: 0 sec
2021-06-10 01:25:16,956 - utils.logger - INFO - learning rate = 0.0000055
2021-06-10 01:25:17,777 - utils.logger - INFO - Trn result of epoch 33 / 50 mse 0.0664 rmse 0.2577 pcc 0.7124 ccc 0.5559
2021-06-10 01:25:18,123 - utils.logger - INFO - Val result of epoch 33 / 50 mse 0.1427 rmse 0.3777 pcc 0.1579 ccc 0.1112
2021-06-10 01:25:18,967 - utils.logger - INFO - Cur epoch 34 loss MSE:0.8503
2021-06-10 01:25:19,803 - utils.logger - INFO - Cur epoch 34 loss MSE:0.2493
2021-06-10 01:25:20,428 - utils.logger - INFO - Cur epoch 34 loss MSE:0.0328
2021-06-10 01:25:20,429 - utils.logger - INFO - saving the model at the end of epoch 34, iters 204
2021-06-10 01:25:20,874 - utils.logger - INFO - End of training epoch 34 / 50 	 Time Taken: 2 sec, Data loading: 0 sec
2021-06-10 01:25:20,874 - utils.logger - INFO - learning rate = 0.0000052
2021-06-10 01:25:21,785 - utils.logger - INFO - Trn result of epoch 34 / 50 mse 0.0571 rmse 0.2389 pcc 0.7375 ccc 0.6314
2021-06-10 01:25:22,829 - utils.logger - INFO - Val result of epoch 34 / 50 mse 0.1427 rmse 0.3777 pcc 0.1714 ccc 0.1320
2021-06-10 01:25:23,468 - utils.logger - INFO - Cur epoch 35 loss MSE:0.1814
2021-06-10 01:25:24,291 - utils.logger - INFO - Cur epoch 35 loss MSE:0.4654
2021-06-10 01:25:25,015 - utils.logger - INFO - Cur epoch 35 loss MSE:7.3162
2021-06-10 01:25:25,016 - utils.logger - INFO - saving the model at the end of epoch 35, iters 210
2021-06-10 01:25:25,548 - utils.logger - INFO - End of training epoch 35 / 50 	 Time Taken: 2 sec, Data loading: 0 sec
2021-06-10 01:25:25,548 - utils.logger - INFO - learning rate = 0.0000048
2021-06-10 01:25:26,340 - utils.logger - INFO - Trn result of epoch 35 / 50 mse 0.0834 rmse 0.2888 pcc 0.6753 ccc 0.4742
2021-06-10 01:25:26,667 - utils.logger - INFO - Val result of epoch 35 / 50 mse 0.1634 rmse 0.4042 pcc 0.0331 ccc 0.0193
2021-06-10 01:25:27,619 - utils.logger - INFO - Cur epoch 36 loss MSE:0.0879
2021-06-10 01:25:28,482 - utils.logger - INFO - Cur epoch 36 loss MSE:0.0854
2021-06-10 01:25:29,008 - utils.logger - INFO - Cur epoch 36 loss MSE:0.9708
2021-06-10 01:25:29,008 - utils.logger - INFO - saving the model at the end of epoch 36, iters 216
2021-06-10 01:25:29,398 - utils.logger - INFO - End of training epoch 36 / 50 	 Time Taken: 2 sec, Data loading: 0 sec
2021-06-10 01:25:29,399 - utils.logger - INFO - learning rate = 0.0000045
2021-06-10 01:25:31,295 - utils.logger - INFO - Trn result of epoch 36 / 50 mse 0.0644 rmse 0.2537 pcc 0.7590 ccc 0.5893
2021-06-10 01:25:31,584 - utils.logger - INFO - Val result of epoch 36 / 50 mse 0.1435 rmse 0.3788 pcc 0.2774 ccc 0.1856
2021-06-10 01:25:32,313 - utils.logger - INFO - Cur epoch 37 loss MSE:0.4538
2021-06-10 01:25:33,128 - utils.logger - INFO - Cur epoch 37 loss MSE:0.0042
2021-06-10 01:25:33,783 - utils.logger - INFO - Cur epoch 37 loss MSE:0.4802
2021-06-10 01:25:33,785 - utils.logger - INFO - saving the model at the end of epoch 37, iters 222
2021-06-10 01:25:34,109 - utils.logger - INFO - End of training epoch 37 / 50 	 Time Taken: 2 sec, Data loading: 0 sec
2021-06-10 01:25:34,109 - utils.logger - INFO - learning rate = 0.0000042
2021-06-10 01:25:34,891 - utils.logger - INFO - Trn result of epoch 37 / 50 mse 0.0447 rmse 0.2114 pcc 0.7927 ccc 0.7197
2021-06-10 01:25:35,068 - utils.logger - INFO - Val result of epoch 37 / 50 mse 0.1313 rmse 0.3624 pcc 0.2993 ccc 0.2517
2021-06-10 01:25:35,510 - utils.logger - INFO - Cur epoch 38 loss MSE:0.1546
2021-06-10 01:25:35,944 - utils.logger - INFO - Cur epoch 38 loss MSE:0.0813
2021-06-10 01:25:36,292 - utils.logger - INFO - Cur epoch 38 loss MSE:0.9045
2021-06-10 01:25:36,292 - utils.logger - INFO - saving the model at the end of epoch 38, iters 228
2021-06-10 01:25:36,596 - utils.logger - INFO - End of training epoch 38 / 50 	 Time Taken: 1 sec, Data loading: 0 sec
2021-06-10 01:25:36,596 - utils.logger - INFO - learning rate = 0.0000039
2021-06-10 01:25:37,047 - utils.logger - INFO - Trn result of epoch 38 / 50 mse 0.0851 rmse 0.2917 pcc 0.7087 ccc 0.5499
2021-06-10 01:25:37,198 - utils.logger - INFO - Val result of epoch 38 / 50 mse 0.1710 rmse 0.4136 pcc 0.2919 ccc 0.1929
2021-06-10 01:25:37,629 - utils.logger - INFO - Cur epoch 39 loss MSE:0.2642
2021-06-10 01:25:38,061 - utils.logger - INFO - Cur epoch 39 loss MSE:0.0090
2021-06-10 01:25:38,411 - utils.logger - INFO - Cur epoch 39 loss MSE:1.6573
2021-06-10 01:25:38,411 - utils.logger - INFO - saving the model at the end of epoch 39, iters 234
2021-06-10 01:25:38,715 - utils.logger - INFO - End of training epoch 39 / 50 	 Time Taken: 1 sec, Data loading: 0 sec
2021-06-10 01:25:38,715 - utils.logger - INFO - learning rate = 0.0000035
2021-06-10 01:25:39,175 - utils.logger - INFO - Trn result of epoch 39 / 50 mse 0.0377 rmse 0.1942 pcc 0.8145 ccc 0.7715
2021-06-10 01:25:40,330 - utils.logger - INFO - Val result of epoch 39 / 50 mse 0.1322 rmse 0.3636 pcc 0.2840 ccc 0.2512
2021-06-10 01:25:41,341 - utils.logger - INFO - Cur epoch 40 loss MSE:0.7187
2021-06-10 01:25:41,793 - utils.logger - INFO - Cur epoch 40 loss MSE:0.1300
2021-06-10 01:25:42,165 - utils.logger - INFO - Cur epoch 40 loss MSE:0.0244
2021-06-10 01:25:42,166 - utils.logger - INFO - saving the model at the end of epoch 40, iters 240
2021-06-10 01:25:42,440 - utils.logger - INFO - End of training epoch 40 / 50 	 Time Taken: 2 sec, Data loading: 0 sec
2021-06-10 01:25:42,440 - utils.logger - INFO - learning rate = 0.0000032
2021-06-10 01:25:42,965 - utils.logger - INFO - Trn result of epoch 40 / 50 mse 0.0423 rmse 0.2055 pcc 0.8101 ccc 0.7133
2021-06-10 01:25:43,140 - utils.logger - INFO - Val result of epoch 40 / 50 mse 0.1248 rmse 0.3532 pcc 0.2705 ccc 0.2076
2021-06-10 01:25:43,943 - utils.logger - INFO - Cur epoch 41 loss MSE:0.2494
2021-06-10 01:25:44,880 - utils.logger - INFO - Cur epoch 41 loss MSE:0.3414
2021-06-10 01:25:45,534 - utils.logger - INFO - Cur epoch 41 loss MSE:0.6968
2021-06-10 01:25:45,535 - utils.logger - INFO - saving the model at the end of epoch 41, iters 246
2021-06-10 01:25:45,860 - utils.logger - INFO - End of training epoch 41 / 50 	 Time Taken: 2 sec, Data loading: 0 sec
2021-06-10 01:25:45,860 - utils.logger - INFO - learning rate = 0.0000029
2021-06-10 01:25:46,976 - utils.logger - INFO - Trn result of epoch 41 / 50 mse 0.0593 rmse 0.2436 pcc 0.7600 ccc 0.6653
2021-06-10 01:25:47,216 - utils.logger - INFO - Val result of epoch 41 / 50 mse 0.1610 rmse 0.4013 pcc 0.1396 ccc 0.1064
2021-06-10 01:25:48,014 - utils.logger - INFO - Cur epoch 42 loss MSE:0.0802
2021-06-10 01:25:48,650 - utils.logger - INFO - Cur epoch 42 loss MSE:0.1737
2021-06-10 01:25:49,444 - utils.logger - INFO - Cur epoch 42 loss MSE:0.9848
2021-06-10 01:25:49,445 - utils.logger - INFO - saving the model at the end of epoch 42, iters 252
2021-06-10 01:25:49,857 - utils.logger - INFO - End of training epoch 42 / 50 	 Time Taken: 2 sec, Data loading: 0 sec
2021-06-10 01:25:49,857 - utils.logger - INFO - learning rate = 0.0000026
2021-06-10 01:25:50,759 - utils.logger - INFO - Trn result of epoch 42 / 50 mse 0.0393 rmse 0.1983 pcc 0.8168 ccc 0.7662
2021-06-10 01:25:51,009 - utils.logger - INFO - Val result of epoch 42 / 50 mse 0.1450 rmse 0.3808 pcc 0.1978 ccc 0.1661
2021-06-10 01:25:51,686 - utils.logger - INFO - Cur epoch 43 loss MSE:0.3498
2021-06-10 01:26:37,199 - utils.logger - INFO - Cur epoch 43 loss MSE:0.2192
2021-06-10 01:26:37,958 - utils.logger - INFO - Cur epoch 43 loss MSE:0.7983
2021-06-10 01:26:37,958 - utils.logger - INFO - saving the model at the end of epoch 43, iters 258
2021-06-10 01:26:38,333 - utils.logger - INFO - End of training epoch 43 / 50 	 Time Taken: 47 sec, Data loading: 44 sec
2021-06-10 01:26:38,333 - utils.logger - INFO - learning rate = 0.0000023
2021-06-10 01:26:38,926 - utils.logger - INFO - Trn result of epoch 43 / 50 mse 0.0353 rmse 0.1878 pcc 0.8336 ccc 0.7916
2021-06-10 01:26:39,235 - utils.logger - INFO - Val result of epoch 43 / 50 mse 0.1302 rmse 0.3609 pcc 0.3091 ccc 0.2731
2021-06-10 01:26:40,112 - utils.logger - INFO - Cur epoch 44 loss MSE:0.4239
2021-06-10 01:26:40,900 - utils.logger - INFO - Cur epoch 44 loss MSE:0.0179
2021-06-10 01:26:41,568 - utils.logger - INFO - Cur epoch 44 loss MSE:0.0547
2021-06-10 01:26:41,568 - utils.logger - INFO - saving the model at the end of epoch 44, iters 264
2021-06-10 01:26:41,910 - utils.logger - INFO - End of training epoch 44 / 50 	 Time Taken: 2 sec, Data loading: 0 sec
2021-06-10 01:26:41,910 - utils.logger - INFO - learning rate = 0.0000019
2021-06-10 01:26:42,780 - utils.logger - INFO - Trn result of epoch 44 / 50 mse 0.1024 rmse 0.3200 pcc 0.6745 ccc 0.5000
2021-06-10 01:26:43,112 - utils.logger - INFO - Val result of epoch 44 / 50 mse 0.2076 rmse 0.4556 pcc -0.0125 ccc -0.0081
2021-06-10 01:26:44,218 - utils.logger - INFO - Cur epoch 45 loss MSE:0.2847
2021-06-10 01:26:45,767 - utils.logger - INFO - Cur epoch 45 loss MSE:0.3788
2021-06-10 01:26:46,514 - utils.logger - INFO - Cur epoch 45 loss MSE:3.5380
2021-06-10 01:26:46,514 - utils.logger - INFO - saving the model at the end of epoch 45, iters 270
2021-06-10 01:26:46,893 - utils.logger - INFO - End of training epoch 45 / 50 	 Time Taken: 3 sec, Data loading: 1 sec
2021-06-10 01:26:46,894 - utils.logger - INFO - learning rate = 0.0000016
2021-06-10 01:26:48,127 - utils.logger - INFO - Trn result of epoch 45 / 50 mse 0.0385 rmse 0.1963 pcc 0.8270 ccc 0.7661
2021-06-10 01:26:48,365 - utils.logger - INFO - Val result of epoch 45 / 50 mse 0.1267 rmse 0.3559 pcc 0.3168 ccc 0.2624
2021-06-10 01:26:49,743 - utils.logger - INFO - Cur epoch 46 loss MSE:0.1930
2021-06-10 01:26:50,501 - utils.logger - INFO - Cur epoch 46 loss MSE:0.1966
2021-06-10 01:26:51,170 - utils.logger - INFO - Cur epoch 46 loss MSE:5.8852
2021-06-10 01:26:51,170 - utils.logger - INFO - saving the model at the end of epoch 46, iters 276
2021-06-10 01:26:51,691 - utils.logger - INFO - End of training epoch 46 / 50 	 Time Taken: 3 sec, Data loading: 0 sec
2021-06-10 01:26:51,691 - utils.logger - INFO - learning rate = 0.0000013
2021-06-10 01:26:52,569 - utils.logger - INFO - Trn result of epoch 46 / 50 mse 0.0337 rmse 0.1837 pcc 0.8336 ccc 0.8139
2021-06-10 01:26:52,853 - utils.logger - INFO - Val result of epoch 46 / 50 mse 0.1381 rmse 0.3716 pcc 0.2977 ccc 0.2776
2021-06-10 01:26:53,416 - utils.logger - INFO - Cur epoch 47 loss MSE:0.0719
2021-06-10 01:26:54,253 - utils.logger - INFO - Cur epoch 47 loss MSE:0.1786
2021-06-10 01:26:54,996 - utils.logger - INFO - Cur epoch 47 loss MSE:0.4187
2021-06-10 01:26:54,996 - utils.logger - INFO - saving the model at the end of epoch 47, iters 282
2021-06-10 01:26:55,346 - utils.logger - INFO - End of training epoch 47 / 50 	 Time Taken: 2 sec, Data loading: 0 sec
2021-06-10 01:26:55,346 - utils.logger - INFO - learning rate = 0.0000010
2021-06-10 01:26:56,238 - utils.logger - INFO - Trn result of epoch 47 / 50 mse 0.0472 rmse 0.2172 pcc 0.8030 ccc 0.7328
2021-06-10 01:26:56,933 - utils.logger - INFO - Val result of epoch 47 / 50 mse 0.1573 rmse 0.3966 pcc 0.1719 ccc 0.1406
2021-06-10 01:26:58,453 - utils.logger - INFO - Cur epoch 48 loss MSE:0.1149
2021-06-10 01:26:59,100 - utils.logger - INFO - Cur epoch 48 loss MSE:0.2841
2021-06-10 01:26:59,842 - utils.logger - INFO - Cur epoch 48 loss MSE:8.5187
2021-06-10 01:26:59,843 - utils.logger - INFO - saving the model at the end of epoch 48, iters 288
2021-06-10 01:27:00,265 - utils.logger - INFO - End of training epoch 48 / 50 	 Time Taken: 3 sec, Data loading: 0 sec
2021-06-10 01:27:00,265 - utils.logger - INFO - learning rate = 0.0000006
2021-06-10 01:27:01,340 - utils.logger - INFO - Trn result of epoch 48 / 50 mse 0.0479 rmse 0.2189 pcc 0.7978 ccc 0.7445
2021-06-10 01:27:01,642 - utils.logger - INFO - Val result of epoch 48 / 50 mse 0.1656 rmse 0.4069 pcc 0.1625 ccc 0.1376
2021-06-10 01:27:02,627 - utils.logger - INFO - Cur epoch 49 loss MSE:0.1376
2021-06-10 01:27:03,520 - utils.logger - INFO - Cur epoch 49 loss MSE:0.0878
2021-06-10 01:27:04,136 - utils.logger - INFO - Cur epoch 49 loss MSE:0.5683
2021-06-10 01:27:04,137 - utils.logger - INFO - saving the model at the end of epoch 49, iters 294
2021-06-10 01:27:04,535 - utils.logger - INFO - End of training epoch 49 / 50 	 Time Taken: 2 sec, Data loading: 0 sec
2021-06-10 01:27:04,535 - utils.logger - INFO - learning rate = 0.0000003
2021-06-10 01:27:06,535 - utils.logger - INFO - Trn result of epoch 49 / 50 mse 0.0311 rmse 0.1764 pcc 0.8467 ccc 0.8218
2021-06-10 01:27:07,986 - utils.logger - INFO - Val result of epoch 49 / 50 mse 0.1316 rmse 0.3628 pcc 0.2931 ccc 0.2638
2021-06-10 01:27:12,628 - utils.logger - INFO - Cur epoch 50 loss MSE:0.2038
2021-06-10 01:27:13,534 - utils.logger - INFO - Cur epoch 50 loss MSE:0.2243
2021-06-10 01:27:14,184 - utils.logger - INFO - Cur epoch 50 loss MSE:0.3190
2021-06-10 01:27:14,184 - utils.logger - INFO - saving the model at the end of epoch 50, iters 300
2021-06-10 01:27:14,579 - utils.logger - INFO - End of training epoch 50 / 50 	 Time Taken: 6 sec, Data loading: 4 sec
2021-06-10 01:27:14,579 - utils.logger - INFO - learning rate = 0.0000000
2021-06-10 01:27:16,322 - utils.logger - INFO - Trn result of epoch 50 / 50 mse 0.0310 rmse 0.1759 pcc 0.8497 ccc 0.8220
2021-06-10 01:27:16,575 - utils.logger - INFO - Val result of epoch 50 / 50 mse 0.1370 rmse 0.3701 pcc 0.2550 ccc 0.2261
2021-06-10 01:27:16,581 - utils.logger - INFO - Best eval epoch 46 found with ccc 0.277622
2021-06-10 01:27:16,582 - utils.logger - INFO - baseline_fcfusion_norm_wav2vec-egemaps_EDA_hidden1024_seq100_run1
