2021-06-16 14:28:43,715 - utils.logger - INFO - The number of training samples = 41
2021-06-16 14:28:47,439 - utils.logger - INFO - Cur epoch 1 loss ccc:0.1274
2021-06-16 14:28:47,878 - utils.logger - INFO - Cur epoch 1 loss ccc:0.1104
2021-06-16 14:28:48,236 - utils.logger - INFO - Cur epoch 1 loss ccc:0.9987
2021-06-16 14:28:48,236 - utils.logger - INFO - saving the model at the end of epoch 1, iters 6
2021-06-16 14:28:48,536 - utils.logger - INFO - End of training epoch 1 / 60 	 Time Taken: 1 sec, Data loading: 0 sec
2021-06-16 14:28:48,536 - utils.logger - INFO - learning rate = 0.0001000
2021-06-16 14:28:48,976 - utils.logger - INFO - Trn result of epoch 1 / 60 mse 0.1126 rmse 0.3356 pcc -0.0146 ccc -0.0003
2021-06-16 14:28:49,134 - utils.logger - INFO - Val result of epoch 1 / 60 mse 0.1286 rmse 0.3587 pcc 0.1843 ccc 0.0048
2021-06-16 14:28:49,551 - utils.logger - INFO - Cur epoch 2 loss ccc:0.1178
2021-06-16 14:28:50,002 - utils.logger - INFO - Cur epoch 2 loss ccc:0.1200
2021-06-16 14:28:50,366 - utils.logger - INFO - Cur epoch 2 loss ccc:1.0011
2021-06-16 14:28:50,366 - utils.logger - INFO - saving the model at the end of epoch 2, iters 12
2021-06-16 14:28:50,583 - utils.logger - INFO - End of training epoch 2 / 60 	 Time Taken: 1 sec, Data loading: 0 sec
2021-06-16 14:28:50,583 - utils.logger - INFO - learning rate = 0.0001000
2021-06-16 14:28:51,053 - utils.logger - INFO - Trn result of epoch 2 / 60 mse 0.1124 rmse 0.3352 pcc 0.0180 ccc 0.0008
2021-06-16 14:28:51,215 - utils.logger - INFO - Val result of epoch 2 / 60 mse 0.1280 rmse 0.3578 pcc 0.2019 ccc 0.0094
2021-06-16 14:28:51,631 - utils.logger - INFO - Cur epoch 3 loss ccc:0.1344
2021-06-16 14:28:52,027 - utils.logger - INFO - Cur epoch 3 loss ccc:0.1215
2021-06-16 14:28:52,367 - utils.logger - INFO - Cur epoch 3 loss ccc:1.0018
2021-06-16 14:28:52,367 - utils.logger - INFO - saving the model at the end of epoch 3, iters 18
2021-06-16 14:28:52,625 - utils.logger - INFO - End of training epoch 3 / 60 	 Time Taken: 1 sec, Data loading: 0 sec
2021-06-16 14:28:52,625 - utils.logger - INFO - learning rate = 0.0001000
2021-06-16 14:28:53,059 - utils.logger - INFO - Trn result of epoch 3 / 60 mse 0.1102 rmse 0.3320 pcc 0.0117 ccc 0.0005
2021-06-16 14:28:53,209 - utils.logger - INFO - Val result of epoch 3 / 60 mse 0.1272 rmse 0.3566 pcc 0.2053 ccc 0.0097
2021-06-16 14:28:53,626 - utils.logger - INFO - Cur epoch 4 loss ccc:0.1002
2021-06-16 14:28:54,067 - utils.logger - INFO - Cur epoch 4 loss ccc:0.1357
2021-06-16 14:28:54,397 - utils.logger - INFO - Cur epoch 4 loss ccc:1.0066
2021-06-16 14:28:54,398 - utils.logger - INFO - saving the model at the end of epoch 4, iters 24
2021-06-16 14:28:54,681 - utils.logger - INFO - End of training epoch 4 / 60 	 Time Taken: 1 sec, Data loading: 0 sec
2021-06-16 14:28:54,682 - utils.logger - INFO - learning rate = 0.0001000
2021-06-16 14:28:55,135 - utils.logger - INFO - Trn result of epoch 4 / 60 mse 0.1073 rmse 0.3276 pcc 0.1430 ccc 0.0106
2021-06-16 14:28:55,300 - utils.logger - INFO - Val result of epoch 4 / 60 mse 0.1280 rmse 0.3578 pcc 0.1026 ccc 0.0065
2021-06-16 14:28:55,705 - utils.logger - INFO - Cur epoch 5 loss ccc:0.1166
2021-06-16 14:28:56,115 - utils.logger - INFO - Cur epoch 5 loss ccc:0.1132
2021-06-16 14:28:56,480 - utils.logger - INFO - Cur epoch 5 loss ccc:1.0008
2021-06-16 14:28:56,480 - utils.logger - INFO - saving the model at the end of epoch 5, iters 30
2021-06-16 14:28:56,876 - utils.logger - INFO - End of training epoch 5 / 60 	 Time Taken: 1 sec, Data loading: 0 sec
2021-06-16 14:28:56,876 - utils.logger - INFO - learning rate = 0.0001000
2021-06-16 14:28:57,347 - utils.logger - INFO - Trn result of epoch 5 / 60 mse 0.1080 rmse 0.3287 pcc 0.0373 ccc 0.0037
2021-06-16 14:28:57,512 - utils.logger - INFO - Val result of epoch 5 / 60 mse 0.1286 rmse 0.3586 pcc 0.1674 ccc 0.0158
2021-06-16 14:28:57,923 - utils.logger - INFO - Cur epoch 6 loss ccc:0.0989
2021-06-16 14:28:58,348 - utils.logger - INFO - Cur epoch 6 loss ccc:0.1372
2021-06-16 14:28:58,703 - utils.logger - INFO - Cur epoch 6 loss ccc:0.9781
2021-06-16 14:28:58,703 - utils.logger - INFO - saving the model at the end of epoch 6, iters 36
2021-06-16 14:28:58,987 - utils.logger - INFO - End of training epoch 6 / 60 	 Time Taken: 1 sec, Data loading: 0 sec
2021-06-16 14:28:58,987 - utils.logger - INFO - learning rate = 0.0001000
2021-06-16 14:28:59,449 - utils.logger - INFO - Trn result of epoch 6 / 60 mse 0.1077 rmse 0.3282 pcc 0.0601 ccc 0.0088
2021-06-16 14:28:59,608 - utils.logger - INFO - Val result of epoch 6 / 60 mse 0.1275 rmse 0.3570 pcc 0.1583 ccc 0.0215
2021-06-16 14:29:00,023 - utils.logger - INFO - Cur epoch 7 loss ccc:0.1199
2021-06-16 14:29:00,471 - utils.logger - INFO - Cur epoch 7 loss ccc:0.1222
2021-06-16 14:29:00,821 - utils.logger - INFO - Cur epoch 7 loss ccc:1.0025
2021-06-16 14:29:00,821 - utils.logger - INFO - saving the model at the end of epoch 7, iters 42
2021-06-16 14:29:01,080 - utils.logger - INFO - End of training epoch 7 / 60 	 Time Taken: 1 sec, Data loading: 0 sec
2021-06-16 14:29:01,081 - utils.logger - INFO - learning rate = 0.0001000
2021-06-16 14:29:01,526 - utils.logger - INFO - Trn result of epoch 7 / 60 mse 0.1087 rmse 0.3296 pcc 0.0391 ccc 0.0063
2021-06-16 14:29:01,688 - utils.logger - INFO - Val result of epoch 7 / 60 mse 0.1294 rmse 0.3597 pcc 0.1616 ccc 0.0251
2021-06-16 14:29:02,116 - utils.logger - INFO - Cur epoch 8 loss ccc:0.1016
2021-06-16 14:29:02,529 - utils.logger - INFO - Cur epoch 8 loss ccc:0.1233
2021-06-16 14:29:02,898 - utils.logger - INFO - Cur epoch 8 loss ccc:0.9247
2021-06-16 14:29:02,898 - utils.logger - INFO - saving the model at the end of epoch 8, iters 48
2021-06-16 14:29:03,257 - utils.logger - INFO - End of training epoch 8 / 60 	 Time Taken: 1 sec, Data loading: 0 sec
2021-06-16 14:29:03,258 - utils.logger - INFO - learning rate = 0.0001000
2021-06-16 14:29:03,710 - utils.logger - INFO - Trn result of epoch 8 / 60 mse 0.1085 rmse 0.3295 pcc 0.0049 ccc 0.0005
2021-06-16 14:29:03,878 - utils.logger - INFO - Val result of epoch 8 / 60 mse 0.1289 rmse 0.3590 pcc 0.1754 ccc 0.0176
2021-06-16 14:29:04,316 - utils.logger - INFO - Cur epoch 9 loss ccc:0.1137
2021-06-16 14:29:04,751 - utils.logger - INFO - Cur epoch 9 loss ccc:0.1280
2021-06-16 14:29:05,107 - utils.logger - INFO - Cur epoch 9 loss ccc:0.6627
2021-06-16 14:29:05,108 - utils.logger - INFO - saving the model at the end of epoch 9, iters 54
2021-06-16 14:29:05,373 - utils.logger - INFO - End of training epoch 9 / 60 	 Time Taken: 1 sec, Data loading: 0 sec
2021-06-16 14:29:05,374 - utils.logger - INFO - learning rate = 0.0001000
2021-06-16 14:29:05,822 - utils.logger - INFO - Trn result of epoch 9 / 60 mse 0.1229 rmse 0.3505 pcc -0.0802 ccc -0.0231
2021-06-16 14:29:05,994 - utils.logger - INFO - Val result of epoch 9 / 60 mse 0.1413 rmse 0.3760 pcc 0.1482 ccc 0.0471
2021-06-16 14:29:06,415 - utils.logger - INFO - Cur epoch 10 loss ccc:0.1148
2021-06-16 14:29:06,822 - utils.logger - INFO - Cur epoch 10 loss ccc:0.1030
2021-06-16 14:29:07,189 - utils.logger - INFO - Cur epoch 10 loss ccc:1.0024
2021-06-16 14:29:07,190 - utils.logger - INFO - saving the model at the end of epoch 10, iters 60
2021-06-16 14:29:07,450 - utils.logger - INFO - End of training epoch 10 / 60 	 Time Taken: 1 sec, Data loading: 0 sec
2021-06-16 14:29:07,451 - utils.logger - INFO - learning rate = 0.0000980
2021-06-16 14:29:07,897 - utils.logger - INFO - Trn result of epoch 10 / 60 mse 0.1426 rmse 0.3777 pcc -0.0722 ccc -0.0220
2021-06-16 14:29:08,060 - utils.logger - INFO - Val result of epoch 10 / 60 mse 0.1637 rmse 0.4046 pcc 0.1436 ccc 0.0478
2021-06-16 14:29:08,475 - utils.logger - INFO - Cur epoch 11 loss ccc:0.1250
2021-06-16 14:29:08,905 - utils.logger - INFO - Cur epoch 11 loss ccc:0.1054
2021-06-16 14:29:09,243 - utils.logger - INFO - Cur epoch 11 loss ccc:1.0499
2021-06-16 14:29:09,244 - utils.logger - INFO - saving the model at the end of epoch 11, iters 66
2021-06-16 14:29:09,455 - utils.logger - INFO - End of training epoch 11 / 60 	 Time Taken: 1 sec, Data loading: 0 sec
2021-06-16 14:29:09,456 - utils.logger - INFO - learning rate = 0.0000961
2021-06-16 14:29:09,882 - utils.logger - INFO - Trn result of epoch 11 / 60 mse 0.1133 rmse 0.3366 pcc -0.0067 ccc -0.0017
2021-06-16 14:29:10,047 - utils.logger - INFO - Val result of epoch 11 / 60 mse 0.1333 rmse 0.3652 pcc 0.1658 ccc 0.0408
2021-06-16 14:29:10,467 - utils.logger - INFO - Cur epoch 12 loss ccc:0.1167
2021-06-16 14:29:10,888 - utils.logger - INFO - Cur epoch 12 loss ccc:0.1252
2021-06-16 14:29:11,239 - utils.logger - INFO - Cur epoch 12 loss ccc:1.0032
2021-06-16 14:29:11,239 - utils.logger - INFO - saving the model at the end of epoch 12, iters 72
2021-06-16 14:29:11,642 - utils.logger - INFO - End of training epoch 12 / 60 	 Time Taken: 1 sec, Data loading: 0 sec
2021-06-16 14:29:11,642 - utils.logger - INFO - learning rate = 0.0000941
2021-06-16 14:29:12,076 - utils.logger - INFO - Trn result of epoch 12 / 60 mse 0.1205 rmse 0.3472 pcc -0.0167 ccc -0.0055
2021-06-16 14:29:12,220 - utils.logger - INFO - Val result of epoch 12 / 60 mse 0.1404 rmse 0.3747 pcc 0.1614 ccc 0.0534
2021-06-16 14:29:12,660 - utils.logger - INFO - Cur epoch 13 loss ccc:0.1210
2021-06-16 14:29:13,098 - utils.logger - INFO - Cur epoch 13 loss ccc:0.1158
2021-06-16 14:29:13,416 - utils.logger - INFO - Cur epoch 13 loss ccc:0.9973
2021-06-16 14:29:13,417 - utils.logger - INFO - saving the model at the end of epoch 13, iters 78
2021-06-16 14:29:13,687 - utils.logger - INFO - End of training epoch 13 / 60 	 Time Taken: 1 sec, Data loading: 0 sec
2021-06-16 14:29:13,687 - utils.logger - INFO - learning rate = 0.0000922
2021-06-16 14:29:14,122 - utils.logger - INFO - Trn result of epoch 13 / 60 mse 0.1141 rmse 0.3378 pcc -0.0061 ccc -0.0018
2021-06-16 14:29:14,282 - utils.logger - INFO - Val result of epoch 13 / 60 mse 0.1334 rmse 0.3652 pcc 0.1610 ccc 0.0472
2021-06-16 14:29:14,741 - utils.logger - INFO - Cur epoch 14 loss ccc:0.1216
2021-06-16 14:29:15,173 - utils.logger - INFO - Cur epoch 14 loss ccc:0.1270
2021-06-16 14:29:15,511 - utils.logger - INFO - Cur epoch 14 loss ccc:0.9905
2021-06-16 14:29:15,511 - utils.logger - INFO - saving the model at the end of epoch 14, iters 84
2021-06-16 14:29:15,788 - utils.logger - INFO - End of training epoch 14 / 60 	 Time Taken: 1 sec, Data loading: 0 sec
2021-06-16 14:29:15,789 - utils.logger - INFO - learning rate = 0.0000902
2021-06-16 14:29:16,213 - utils.logger - INFO - Trn result of epoch 14 / 60 mse 0.1254 rmse 0.3541 pcc -0.0137 ccc -0.0045
2021-06-16 14:29:16,360 - utils.logger - INFO - Val result of epoch 14 / 60 mse 0.1469 rmse 0.3833 pcc 0.1591 ccc 0.0522
2021-06-16 14:29:16,801 - utils.logger - INFO - Cur epoch 15 loss ccc:0.1032
2021-06-16 14:29:17,225 - utils.logger - INFO - Cur epoch 15 loss ccc:0.1163
2021-06-16 14:29:17,593 - utils.logger - INFO - Cur epoch 15 loss ccc:1.0023
2021-06-16 14:29:17,594 - utils.logger - INFO - saving the model at the end of epoch 15, iters 90
2021-06-16 14:29:17,896 - utils.logger - INFO - End of training epoch 15 / 60 	 Time Taken: 1 sec, Data loading: 0 sec
2021-06-16 14:29:17,897 - utils.logger - INFO - learning rate = 0.0000882
2021-06-16 14:29:18,336 - utils.logger - INFO - Trn result of epoch 15 / 60 mse 0.1412 rmse 0.3758 pcc -0.0210 ccc -0.0072
2021-06-16 14:29:18,486 - utils.logger - INFO - Val result of epoch 15 / 60 mse 0.1655 rmse 0.4068 pcc 0.1471 ccc 0.0505
2021-06-16 14:29:18,912 - utils.logger - INFO - Cur epoch 16 loss ccc:0.1061
2021-06-16 14:29:19,331 - utils.logger - INFO - Cur epoch 16 loss ccc:0.1238
2021-06-16 14:29:19,670 - utils.logger - INFO - Cur epoch 16 loss ccc:0.9959
2021-06-16 14:29:19,670 - utils.logger - INFO - saving the model at the end of epoch 16, iters 96
2021-06-16 14:29:19,956 - utils.logger - INFO - End of training epoch 16 / 60 	 Time Taken: 1 sec, Data loading: 0 sec
2021-06-16 14:29:19,957 - utils.logger - INFO - learning rate = 0.0000863
2021-06-16 14:29:20,408 - utils.logger - INFO - Trn result of epoch 16 / 60 mse 0.1228 rmse 0.3505 pcc 0.0205 ccc 0.0084
2021-06-16 14:29:20,581 - utils.logger - INFO - Val result of epoch 16 / 60 mse 0.1438 rmse 0.3792 pcc 0.1639 ccc 0.0644
2021-06-16 14:29:21,016 - utils.logger - INFO - Cur epoch 17 loss ccc:0.1275
2021-06-16 14:29:21,414 - utils.logger - INFO - Cur epoch 17 loss ccc:0.1186
2021-06-16 14:29:21,771 - utils.logger - INFO - Cur epoch 17 loss ccc:1.0809
2021-06-16 14:29:21,771 - utils.logger - INFO - saving the model at the end of epoch 17, iters 102
2021-06-16 14:29:22,043 - utils.logger - INFO - End of training epoch 17 / 60 	 Time Taken: 1 sec, Data loading: 0 sec
2021-06-16 14:29:22,043 - utils.logger - INFO - learning rate = 0.0000843
2021-06-16 14:29:22,458 - utils.logger - INFO - Trn result of epoch 17 / 60 mse 0.1479 rmse 0.3846 pcc -0.0305 ccc -0.0106
2021-06-16 14:29:22,608 - utils.logger - INFO - Val result of epoch 17 / 60 mse 0.1709 rmse 0.4134 pcc 0.1557 ccc 0.0564
2021-06-16 14:29:23,034 - utils.logger - INFO - Cur epoch 18 loss ccc:0.1305
2021-06-16 14:29:23,465 - utils.logger - INFO - Cur epoch 18 loss ccc:0.1247
2021-06-16 14:29:23,830 - utils.logger - INFO - Cur epoch 18 loss ccc:1.0228
2021-06-16 14:29:23,830 - utils.logger - INFO - saving the model at the end of epoch 18, iters 108
2021-06-16 14:29:24,096 - utils.logger - INFO - End of training epoch 18 / 60 	 Time Taken: 1 sec, Data loading: 0 sec
2021-06-16 14:29:24,097 - utils.logger - INFO - learning rate = 0.0000824
2021-06-16 14:29:24,536 - utils.logger - INFO - Trn result of epoch 18 / 60 mse 0.1522 rmse 0.3901 pcc -0.0318 ccc -0.0109
2021-06-16 14:29:24,695 - utils.logger - INFO - Val result of epoch 18 / 60 mse 0.1759 rmse 0.4194 pcc 0.1570 ccc 0.0556
2021-06-16 14:29:25,140 - utils.logger - INFO - Cur epoch 19 loss ccc:0.1193
2021-06-16 14:29:25,571 - utils.logger - INFO - Cur epoch 19 loss ccc:0.1002
2021-06-16 14:29:25,921 - utils.logger - INFO - Cur epoch 19 loss ccc:1.0283
2021-06-16 14:29:25,922 - utils.logger - INFO - saving the model at the end of epoch 19, iters 114
2021-06-16 14:29:26,206 - utils.logger - INFO - End of training epoch 19 / 60 	 Time Taken: 1 sec, Data loading: 0 sec
2021-06-16 14:29:26,206 - utils.logger - INFO - learning rate = 0.0000804
2021-06-16 14:29:26,623 - utils.logger - INFO - Trn result of epoch 19 / 60 mse 0.2144 rmse 0.4630 pcc -0.0579 ccc -0.0182
2021-06-16 14:29:26,765 - utils.logger - INFO - Val result of epoch 19 / 60 mse 0.2399 rmse 0.4898 pcc 0.1502 ccc 0.0518
2021-06-16 14:29:27,185 - utils.logger - INFO - Cur epoch 20 loss ccc:0.0883
2021-06-16 14:29:27,582 - utils.logger - INFO - Cur epoch 20 loss ccc:0.1142
2021-06-16 14:29:27,933 - utils.logger - INFO - Cur epoch 20 loss ccc:0.9990
2021-06-16 14:29:27,933 - utils.logger - INFO - saving the model at the end of epoch 20, iters 120
2021-06-16 14:29:28,211 - utils.logger - INFO - End of training epoch 20 / 60 	 Time Taken: 1 sec, Data loading: 0 sec
2021-06-16 14:29:28,212 - utils.logger - INFO - learning rate = 0.0000784
2021-06-16 14:29:28,634 - utils.logger - INFO - Trn result of epoch 20 / 60 mse 0.1986 rmse 0.4457 pcc -0.0432 ccc -0.0136
2021-06-16 14:29:28,785 - utils.logger - INFO - Val result of epoch 20 / 60 mse 0.2248 rmse 0.4741 pcc 0.1563 ccc 0.0528
2021-06-16 14:29:29,175 - utils.logger - INFO - Cur epoch 21 loss ccc:0.1250
2021-06-16 14:29:29,590 - utils.logger - INFO - Cur epoch 21 loss ccc:0.1071
2021-06-16 14:29:29,937 - utils.logger - INFO - Cur epoch 21 loss ccc:0.9399
2021-06-16 14:29:29,937 - utils.logger - INFO - saving the model at the end of epoch 21, iters 126
2021-06-16 14:29:30,345 - utils.logger - INFO - End of training epoch 21 / 60 	 Time Taken: 1 sec, Data loading: 0 sec
2021-06-16 14:29:30,346 - utils.logger - INFO - learning rate = 0.0000765
2021-06-16 14:29:30,846 - utils.logger - INFO - Trn result of epoch 21 / 60 mse 0.1740 rmse 0.4172 pcc -0.0306 ccc -0.0101
2021-06-16 14:29:30,996 - utils.logger - INFO - Val result of epoch 21 / 60 mse 0.1997 rmse 0.4469 pcc 0.1603 ccc 0.0548
2021-06-16 14:29:31,434 - utils.logger - INFO - Cur epoch 22 loss ccc:0.1250
2021-06-16 14:29:31,856 - utils.logger - INFO - Cur epoch 22 loss ccc:0.1313
2021-06-16 14:29:32,209 - utils.logger - INFO - Cur epoch 22 loss ccc:1.0641
2021-06-16 14:29:32,209 - utils.logger - INFO - saving the model at the end of epoch 22, iters 132
2021-06-16 14:29:32,535 - utils.logger - INFO - End of training epoch 22 / 60 	 Time Taken: 1 sec, Data loading: 0 sec
2021-06-16 14:29:32,535 - utils.logger - INFO - learning rate = 0.0000745
2021-06-16 14:29:32,957 - utils.logger - INFO - Trn result of epoch 22 / 60 mse 0.1549 rmse 0.3936 pcc -0.0136 ccc -0.0045
2021-06-16 14:29:33,101 - utils.logger - INFO - Val result of epoch 22 / 60 mse 0.1799 rmse 0.4242 pcc 0.1642 ccc 0.0547
2021-06-16 14:29:33,520 - utils.logger - INFO - Cur epoch 23 loss ccc:0.0831
2021-06-16 14:29:33,950 - utils.logger - INFO - Cur epoch 23 loss ccc:0.1367
2021-06-16 14:29:34,288 - utils.logger - INFO - Cur epoch 23 loss ccc:1.0224
2021-06-16 14:29:34,288 - utils.logger - INFO - saving the model at the end of epoch 23, iters 138
2021-06-16 14:29:34,554 - utils.logger - INFO - End of training epoch 23 / 60 	 Time Taken: 1 sec, Data loading: 0 sec
2021-06-16 14:29:34,554 - utils.logger - INFO - learning rate = 0.0000725
2021-06-16 14:29:34,967 - utils.logger - INFO - Trn result of epoch 23 / 60 mse 0.1538 rmse 0.3922 pcc -0.0080 ccc -0.0025
2021-06-16 14:29:35,118 - utils.logger - INFO - Val result of epoch 23 / 60 mse 0.1797 rmse 0.4239 pcc 0.1659 ccc 0.0514
2021-06-16 14:29:35,541 - utils.logger - INFO - Cur epoch 24 loss ccc:0.1084
2021-06-16 14:29:35,955 - utils.logger - INFO - Cur epoch 24 loss ccc:0.1322
2021-06-16 14:29:36,301 - utils.logger - INFO - Cur epoch 24 loss ccc:1.0064
2021-06-16 14:29:36,302 - utils.logger - INFO - saving the model at the end of epoch 24, iters 144
2021-06-16 14:29:36,566 - utils.logger - INFO - End of training epoch 24 / 60 	 Time Taken: 1 sec, Data loading: 0 sec
2021-06-16 14:29:36,566 - utils.logger - INFO - learning rate = 0.0000706
2021-06-16 14:29:36,991 - utils.logger - INFO - Trn result of epoch 24 / 60 mse 0.1492 rmse 0.3862 pcc 0.0019 ccc 0.0006
2021-06-16 14:29:37,141 - utils.logger - INFO - Val result of epoch 24 / 60 mse 0.1747 rmse 0.4179 pcc 0.1743 ccc 0.0537
2021-06-16 14:29:37,560 - utils.logger - INFO - Cur epoch 25 loss ccc:0.0986
2021-06-16 14:29:37,958 - utils.logger - INFO - Cur epoch 25 loss ccc:0.1078
2021-06-16 14:29:38,312 - utils.logger - INFO - Cur epoch 25 loss ccc:1.0013
2021-06-16 14:29:38,312 - utils.logger - INFO - saving the model at the end of epoch 25, iters 150
2021-06-16 14:29:38,579 - utils.logger - INFO - End of training epoch 25 / 60 	 Time Taken: 1 sec, Data loading: 0 sec
2021-06-16 14:29:38,579 - utils.logger - INFO - learning rate = 0.0000686
2021-06-16 14:29:38,999 - utils.logger - INFO - Trn result of epoch 25 / 60 mse 0.1495 rmse 0.3867 pcc 0.0100 ccc 0.0032
2021-06-16 14:29:39,144 - utils.logger - INFO - Val result of epoch 25 / 60 mse 0.1759 rmse 0.4194 pcc 0.1692 ccc 0.0520
2021-06-16 14:29:39,560 - utils.logger - INFO - Cur epoch 26 loss ccc:0.1062
2021-06-16 14:29:39,943 - utils.logger - INFO - Cur epoch 26 loss ccc:0.1214
2021-06-16 14:29:40,277 - utils.logger - INFO - Cur epoch 26 loss ccc:0.9909
2021-06-16 14:29:40,277 - utils.logger - INFO - saving the model at the end of epoch 26, iters 156
2021-06-16 14:29:40,537 - utils.logger - INFO - End of training epoch 26 / 60 	 Time Taken: 1 sec, Data loading: 0 sec
2021-06-16 14:29:40,537 - utils.logger - INFO - learning rate = 0.0000667
2021-06-16 14:29:40,969 - utils.logger - INFO - Trn result of epoch 26 / 60 mse 0.1190 rmse 0.3450 pcc 0.0401 ccc 0.0138
2021-06-16 14:29:41,128 - utils.logger - INFO - Val result of epoch 26 / 60 mse 0.1413 rmse 0.3759 pcc 0.1780 ccc 0.0549
2021-06-16 14:29:41,542 - utils.logger - INFO - Cur epoch 27 loss ccc:0.0999
2021-06-16 14:29:41,950 - utils.logger - INFO - Cur epoch 27 loss ccc:0.1203
2021-06-16 14:29:42,272 - utils.logger - INFO - Cur epoch 27 loss ccc:0.9996
2021-06-16 14:29:42,272 - utils.logger - INFO - saving the model at the end of epoch 27, iters 162
2021-06-16 14:29:42,644 - utils.logger - INFO - End of training epoch 27 / 60 	 Time Taken: 1 sec, Data loading: 0 sec
2021-06-16 14:29:42,644 - utils.logger - INFO - learning rate = 0.0000647
2021-06-16 14:29:43,078 - utils.logger - INFO - Trn result of epoch 27 / 60 mse 0.1192 rmse 0.3453 pcc 0.0524 ccc 0.0173
2021-06-16 14:29:43,227 - utils.logger - INFO - Val result of epoch 27 / 60 mse 0.1430 rmse 0.3782 pcc 0.1699 ccc 0.0500
2021-06-16 14:29:43,647 - utils.logger - INFO - Cur epoch 28 loss ccc:0.1112
2021-06-16 14:29:44,065 - utils.logger - INFO - Cur epoch 28 loss ccc:0.1068
2021-06-16 14:29:44,418 - utils.logger - INFO - Cur epoch 28 loss ccc:0.9996
2021-06-16 14:29:44,418 - utils.logger - INFO - saving the model at the end of epoch 28, iters 168
2021-06-16 14:29:44,676 - utils.logger - INFO - End of training epoch 28 / 60 	 Time Taken: 1 sec, Data loading: 0 sec
2021-06-16 14:29:44,676 - utils.logger - INFO - learning rate = 0.0000627
2021-06-16 14:29:45,106 - utils.logger - INFO - Trn result of epoch 28 / 60 mse 0.1228 rmse 0.3504 pcc 0.0306 ccc 0.0102
2021-06-16 14:29:45,254 - utils.logger - INFO - Val result of epoch 28 / 60 mse 0.1466 rmse 0.3829 pcc 0.1626 ccc 0.0496
2021-06-16 14:29:45,679 - utils.logger - INFO - Cur epoch 29 loss ccc:0.1103
2021-06-16 14:29:46,105 - utils.logger - INFO - Cur epoch 29 loss ccc:0.1028
2021-06-16 14:29:46,454 - utils.logger - INFO - Cur epoch 29 loss ccc:1.0113
2021-06-16 14:29:46,454 - utils.logger - INFO - saving the model at the end of epoch 29, iters 174
2021-06-16 14:29:46,739 - utils.logger - INFO - End of training epoch 29 / 60 	 Time Taken: 1 sec, Data loading: 0 sec
2021-06-16 14:29:46,739 - utils.logger - INFO - learning rate = 0.0000608
2021-06-16 14:29:47,169 - utils.logger - INFO - Trn result of epoch 29 / 60 mse 0.1351 rmse 0.3676 pcc 0.0222 ccc 0.0078
2021-06-16 14:29:47,318 - utils.logger - INFO - Val result of epoch 29 / 60 mse 0.1604 rmse 0.4005 pcc 0.1666 ccc 0.0543
2021-06-16 14:29:47,742 - utils.logger - INFO - Cur epoch 30 loss ccc:0.1302
2021-06-16 14:29:48,154 - utils.logger - INFO - Cur epoch 30 loss ccc:0.1249
2021-06-16 14:29:48,507 - utils.logger - INFO - Cur epoch 30 loss ccc:0.9992
2021-06-16 14:29:48,507 - utils.logger - INFO - saving the model at the end of epoch 30, iters 180
2021-06-16 14:29:48,773 - utils.logger - INFO - End of training epoch 30 / 60 	 Time Taken: 1 sec, Data loading: 0 sec
2021-06-16 14:29:48,773 - utils.logger - INFO - learning rate = 0.0000588
2021-06-16 14:29:49,190 - utils.logger - INFO - Trn result of epoch 30 / 60 mse 0.1324 rmse 0.3639 pcc 0.0263 ccc 0.0092
2021-06-16 14:29:49,340 - utils.logger - INFO - Val result of epoch 30 / 60 mse 0.1573 rmse 0.3967 pcc 0.1669 ccc 0.0535
2021-06-16 14:29:49,777 - utils.logger - INFO - Cur epoch 31 loss ccc:0.1193
2021-06-16 14:29:50,209 - utils.logger - INFO - Cur epoch 31 loss ccc:0.1326
2021-06-16 14:29:50,565 - utils.logger - INFO - Cur epoch 31 loss ccc:0.9993
2021-06-16 14:29:50,566 - utils.logger - INFO - saving the model at the end of epoch 31, iters 186
2021-06-16 14:29:50,812 - utils.logger - INFO - End of training epoch 31 / 60 	 Time Taken: 1 sec, Data loading: 0 sec
2021-06-16 14:29:50,812 - utils.logger - INFO - learning rate = 0.0000569
2021-06-16 14:29:51,232 - utils.logger - INFO - Trn result of epoch 31 / 60 mse 0.1315 rmse 0.3626 pcc 0.0410 ccc 0.0148
2021-06-16 14:29:51,390 - utils.logger - INFO - Val result of epoch 31 / 60 mse 0.1569 rmse 0.3962 pcc 0.1687 ccc 0.0549
2021-06-16 14:29:51,819 - utils.logger - INFO - Cur epoch 32 loss ccc:0.0950
2021-06-16 14:29:52,235 - utils.logger - INFO - Cur epoch 32 loss ccc:0.1311
2021-06-16 14:29:52,578 - utils.logger - INFO - Cur epoch 32 loss ccc:1.0717
2021-06-16 14:29:52,578 - utils.logger - INFO - saving the model at the end of epoch 32, iters 192
2021-06-16 14:29:52,916 - utils.logger - INFO - End of training epoch 32 / 60 	 Time Taken: 1 sec, Data loading: 0 sec
2021-06-16 14:29:52,916 - utils.logger - INFO - learning rate = 0.0000549
2021-06-16 14:29:53,364 - utils.logger - INFO - Trn result of epoch 32 / 60 mse 0.1701 rmse 0.4125 pcc 0.0079 ccc 0.0029
2021-06-16 14:29:53,516 - utils.logger - INFO - Val result of epoch 32 / 60 mse 0.1975 rmse 0.4445 pcc 0.1654 ccc 0.0592
2021-06-16 14:29:53,940 - utils.logger - INFO - Cur epoch 33 loss ccc:0.1068
2021-06-16 14:29:54,363 - utils.logger - INFO - Cur epoch 33 loss ccc:0.1348
2021-06-16 14:29:54,699 - utils.logger - INFO - Cur epoch 33 loss ccc:0.5056
2021-06-16 14:29:54,699 - utils.logger - INFO - saving the model at the end of epoch 33, iters 198
2021-06-16 14:29:54,953 - utils.logger - INFO - End of training epoch 33 / 60 	 Time Taken: 1 sec, Data loading: 0 sec
2021-06-16 14:29:54,953 - utils.logger - INFO - learning rate = 0.0000529
2021-06-16 14:29:55,373 - utils.logger - INFO - Trn result of epoch 33 / 60 mse 0.1596 rmse 0.3995 pcc -0.0092 ccc -0.0039
2021-06-16 14:29:55,517 - utils.logger - INFO - Val result of epoch 33 / 60 mse 0.1825 rmse 0.4272 pcc 0.1615 ccc 0.0681
2021-06-16 14:29:55,931 - utils.logger - INFO - Cur epoch 34 loss ccc:0.1096
2021-06-16 14:29:56,338 - utils.logger - INFO - Cur epoch 34 loss ccc:0.1249
2021-06-16 14:29:56,685 - utils.logger - INFO - Cur epoch 34 loss ccc:1.0261
2021-06-16 14:29:56,685 - utils.logger - INFO - saving the model at the end of epoch 34, iters 204
2021-06-16 14:29:56,947 - utils.logger - INFO - End of training epoch 34 / 60 	 Time Taken: 1 sec, Data loading: 0 sec
2021-06-16 14:29:56,948 - utils.logger - INFO - learning rate = 0.0000510
2021-06-16 14:29:57,375 - utils.logger - INFO - Trn result of epoch 34 / 60 mse 0.1927 rmse 0.4390 pcc -0.0230 ccc -0.0093
2021-06-16 14:29:57,522 - utils.logger - INFO - Val result of epoch 34 / 60 mse 0.2170 rmse 0.4658 pcc 0.1604 ccc 0.0671
2021-06-16 14:29:57,947 - utils.logger - INFO - Cur epoch 35 loss ccc:0.1200
2021-06-16 14:29:58,387 - utils.logger - INFO - Cur epoch 35 loss ccc:0.1341
2021-06-16 14:29:58,748 - utils.logger - INFO - Cur epoch 35 loss ccc:0.8842
2021-06-16 14:29:58,748 - utils.logger - INFO - saving the model at the end of epoch 35, iters 210
2021-06-16 14:29:59,013 - utils.logger - INFO - End of training epoch 35 / 60 	 Time Taken: 1 sec, Data loading: 0 sec
2021-06-16 14:29:59,014 - utils.logger - INFO - learning rate = 0.0000490
2021-06-16 14:29:59,456 - utils.logger - INFO - Trn result of epoch 35 / 60 mse 0.1743 rmse 0.4175 pcc -0.0168 ccc -0.0065
2021-06-16 14:29:59,618 - utils.logger - INFO - Val result of epoch 35 / 60 mse 0.1990 rmse 0.4461 pcc 0.1636 ccc 0.0641
2021-06-16 14:30:00,066 - utils.logger - INFO - Cur epoch 36 loss ccc:0.1311
2021-06-16 14:30:00,493 - utils.logger - INFO - Cur epoch 36 loss ccc:0.1120
2021-06-16 14:30:00,836 - utils.logger - INFO - Cur epoch 36 loss ccc:1.0107
2021-06-16 14:30:00,837 - utils.logger - INFO - saving the model at the end of epoch 36, iters 216
2021-06-16 14:30:01,096 - utils.logger - INFO - End of training epoch 36 / 60 	 Time Taken: 1 sec, Data loading: 0 sec
2021-06-16 14:30:01,096 - utils.logger - INFO - learning rate = 0.0000471
2021-06-16 14:30:01,510 - utils.logger - INFO - Trn result of epoch 36 / 60 mse 0.1690 rmse 0.4112 pcc -0.0029 ccc -0.0011
2021-06-16 14:30:01,657 - utils.logger - INFO - Val result of epoch 36 / 60 mse 0.1936 rmse 0.4400 pcc 0.1653 ccc 0.0644
2021-06-16 14:30:02,073 - utils.logger - INFO - Cur epoch 37 loss ccc:0.1213
2021-06-16 14:30:02,485 - utils.logger - INFO - Cur epoch 37 loss ccc:0.1176
2021-06-16 14:30:02,826 - utils.logger - INFO - Cur epoch 37 loss ccc:1.0124
2021-06-16 14:30:02,826 - utils.logger - INFO - saving the model at the end of epoch 37, iters 222
2021-06-16 14:30:03,075 - utils.logger - INFO - End of training epoch 37 / 60 	 Time Taken: 1 sec, Data loading: 0 sec
2021-06-16 14:30:03,075 - utils.logger - INFO - learning rate = 0.0000451
2021-06-16 14:30:03,489 - utils.logger - INFO - Trn result of epoch 37 / 60 mse 0.2141 rmse 0.4628 pcc -0.0269 ccc -0.0096
2021-06-16 14:30:03,633 - utils.logger - INFO - Val result of epoch 37 / 60 mse 0.2404 rmse 0.4903 pcc 0.1611 ccc 0.0601
2021-06-16 14:30:04,050 - utils.logger - INFO - Cur epoch 38 loss ccc:0.1265
2021-06-16 14:30:04,475 - utils.logger - INFO - Cur epoch 38 loss ccc:0.1178
2021-06-16 14:30:04,828 - utils.logger - INFO - Cur epoch 38 loss ccc:1.0222
2021-06-16 14:30:04,828 - utils.logger - INFO - saving the model at the end of epoch 38, iters 228
2021-06-16 14:30:05,165 - utils.logger - INFO - End of training epoch 38 / 60 	 Time Taken: 1 sec, Data loading: 0 sec
2021-06-16 14:30:05,165 - utils.logger - INFO - learning rate = 0.0000431
2021-06-16 14:30:05,600 - utils.logger - INFO - Trn result of epoch 38 / 60 mse 0.2201 rmse 0.4692 pcc -0.0263 ccc -0.0093
2021-06-16 14:30:05,756 - utils.logger - INFO - Val result of epoch 38 / 60 mse 0.2468 rmse 0.4968 pcc 0.1588 ccc 0.0588
2021-06-16 14:30:06,181 - utils.logger - INFO - Cur epoch 39 loss ccc:0.1304
2021-06-16 14:30:06,606 - utils.logger - INFO - Cur epoch 39 loss ccc:0.0972
2021-06-16 14:30:06,959 - utils.logger - INFO - Cur epoch 39 loss ccc:0.7959
2021-06-16 14:30:06,959 - utils.logger - INFO - saving the model at the end of epoch 39, iters 234
2021-06-16 14:30:07,217 - utils.logger - INFO - End of training epoch 39 / 60 	 Time Taken: 1 sec, Data loading: 0 sec
2021-06-16 14:30:07,217 - utils.logger - INFO - learning rate = 0.0000412
2021-06-16 14:30:07,650 - utils.logger - INFO - Trn result of epoch 39 / 60 mse 0.2341 rmse 0.4838 pcc -0.0298 ccc -0.0094
2021-06-16 14:30:07,806 - utils.logger - INFO - Val result of epoch 39 / 60 mse 0.2637 rmse 0.5136 pcc 0.1568 ccc 0.0514
2021-06-16 14:30:08,243 - utils.logger - INFO - Cur epoch 40 loss ccc:0.1024
2021-06-16 14:30:08,638 - utils.logger - INFO - Cur epoch 40 loss ccc:0.1250
2021-06-16 14:30:08,985 - utils.logger - INFO - Cur epoch 40 loss ccc:0.9760
2021-06-16 14:30:08,985 - utils.logger - INFO - saving the model at the end of epoch 40, iters 240
2021-06-16 14:30:09,259 - utils.logger - INFO - End of training epoch 40 / 60 	 Time Taken: 1 sec, Data loading: 0 sec
2021-06-16 14:30:09,259 - utils.logger - INFO - learning rate = 0.0000392
2021-06-16 14:30:09,674 - utils.logger - INFO - Trn result of epoch 40 / 60 mse 0.2289 rmse 0.4784 pcc -0.0213 ccc -0.0066
2021-06-16 14:30:09,818 - utils.logger - INFO - Val result of epoch 40 / 60 mse 0.2598 rmse 0.5097 pcc 0.1546 ccc 0.0489
2021-06-16 14:30:10,222 - utils.logger - INFO - Cur epoch 41 loss ccc:0.1013
2021-06-16 14:30:10,629 - utils.logger - INFO - Cur epoch 41 loss ccc:0.1094
2021-06-16 14:30:10,977 - utils.logger - INFO - Cur epoch 41 loss ccc:0.5098
2021-06-16 14:30:10,977 - utils.logger - INFO - saving the model at the end of epoch 41, iters 246
2021-06-16 14:30:11,263 - utils.logger - INFO - End of training epoch 41 / 60 	 Time Taken: 1 sec, Data loading: 0 sec
2021-06-16 14:30:11,263 - utils.logger - INFO - learning rate = 0.0000373
2021-06-16 14:30:11,680 - utils.logger - INFO - Trn result of epoch 41 / 60 mse 0.2120 rmse 0.4604 pcc -0.0201 ccc -0.0070
2021-06-16 14:30:11,823 - utils.logger - INFO - Val result of epoch 41 / 60 mse 0.2408 rmse 0.4907 pcc 0.1533 ccc 0.0548
2021-06-16 14:30:12,235 - utils.logger - INFO - Cur epoch 42 loss ccc:0.1049
2021-06-16 14:30:12,630 - utils.logger - INFO - Cur epoch 42 loss ccc:0.1239
2021-06-16 14:30:12,962 - utils.logger - INFO - Cur epoch 42 loss ccc:1.0737
2021-06-16 14:30:12,962 - utils.logger - INFO - saving the model at the end of epoch 42, iters 252
2021-06-16 14:30:13,231 - utils.logger - INFO - End of training epoch 42 / 60 	 Time Taken: 1 sec, Data loading: 0 sec
2021-06-16 14:30:13,231 - utils.logger - INFO - learning rate = 0.0000353
2021-06-16 14:30:13,692 - utils.logger - INFO - Trn result of epoch 42 / 60 mse 0.2020 rmse 0.4495 pcc -0.0100 ccc -0.0038
2021-06-16 14:30:13,854 - utils.logger - INFO - Val result of epoch 42 / 60 mse 0.2300 rmse 0.4796 pcc 0.1562 ccc 0.0605
2021-06-16 14:30:14,271 - utils.logger - INFO - Cur epoch 43 loss ccc:0.1113
2021-06-16 14:30:14,692 - utils.logger - INFO - Cur epoch 43 loss ccc:0.1162
2021-06-16 14:30:15,042 - utils.logger - INFO - Cur epoch 43 loss ccc:1.0046
2021-06-16 14:30:15,043 - utils.logger - INFO - saving the model at the end of epoch 43, iters 258
2021-06-16 14:30:15,311 - utils.logger - INFO - End of training epoch 43 / 60 	 Time Taken: 1 sec, Data loading: 0 sec
2021-06-16 14:30:15,311 - utils.logger - INFO - learning rate = 0.0000333
2021-06-16 14:30:15,724 - utils.logger - INFO - Trn result of epoch 43 / 60 mse 0.1971 rmse 0.4440 pcc -0.0003 ccc -0.0001
2021-06-16 14:30:15,869 - utils.logger - INFO - Val result of epoch 43 / 60 mse 0.2243 rmse 0.4736 pcc 0.1624 ccc 0.0645
2021-06-16 14:30:16,269 - utils.logger - INFO - Cur epoch 44 loss ccc:0.1131
2021-06-16 14:30:16,671 - utils.logger - INFO - Cur epoch 44 loss ccc:0.1252
2021-06-16 14:30:17,006 - utils.logger - INFO - Cur epoch 44 loss ccc:0.4801
2021-06-16 14:30:17,006 - utils.logger - INFO - saving the model at the end of epoch 44, iters 264
2021-06-16 14:30:17,302 - utils.logger - INFO - End of training epoch 44 / 60 	 Time Taken: 1 sec, Data loading: 0 sec
2021-06-16 14:30:17,302 - utils.logger - INFO - learning rate = 0.0000314
2021-06-16 14:30:17,724 - utils.logger - INFO - Trn result of epoch 44 / 60 mse 0.2163 rmse 0.4650 pcc -0.0087 ccc -0.0031
2021-06-16 14:30:17,888 - utils.logger - INFO - Val result of epoch 44 / 60 mse 0.2451 rmse 0.4951 pcc 0.1613 ccc 0.0570
2021-06-16 14:30:18,330 - utils.logger - INFO - Cur epoch 45 loss ccc:0.0895
2021-06-16 14:30:18,779 - utils.logger - INFO - Cur epoch 45 loss ccc:0.1330
2021-06-16 14:30:19,130 - utils.logger - INFO - Cur epoch 45 loss ccc:0.3453
2021-06-16 14:30:19,130 - utils.logger - INFO - saving the model at the end of epoch 45, iters 270
2021-06-16 14:30:19,390 - utils.logger - INFO - End of training epoch 45 / 60 	 Time Taken: 1 sec, Data loading: 0 sec
2021-06-16 14:30:19,390 - utils.logger - INFO - learning rate = 0.0000294
2021-06-16 14:30:19,811 - utils.logger - INFO - Trn result of epoch 45 / 60 mse 0.2028 rmse 0.4503 pcc -0.0092 ccc -0.0034
2021-06-16 14:30:19,961 - utils.logger - INFO - Val result of epoch 45 / 60 mse 0.2304 rmse 0.4799 pcc 0.1616 ccc 0.0598
2021-06-16 14:30:20,389 - utils.logger - INFO - Cur epoch 46 loss ccc:0.1082
2021-06-16 14:30:20,793 - utils.logger - INFO - Cur epoch 46 loss ccc:0.1034
2021-06-16 14:30:21,120 - utils.logger - INFO - Cur epoch 46 loss ccc:0.9835
2021-06-16 14:30:21,121 - utils.logger - INFO - saving the model at the end of epoch 46, iters 276
2021-06-16 14:30:21,385 - utils.logger - INFO - End of training epoch 46 / 60 	 Time Taken: 1 sec, Data loading: 0 sec
2021-06-16 14:30:21,385 - utils.logger - INFO - learning rate = 0.0000275
2021-06-16 14:30:21,799 - utils.logger - INFO - Trn result of epoch 46 / 60 mse 0.2065 rmse 0.4544 pcc -0.0147 ccc -0.0054
2021-06-16 14:30:21,945 - utils.logger - INFO - Val result of epoch 46 / 60 mse 0.2336 rmse 0.4833 pcc 0.1612 ccc 0.0605
2021-06-16 14:30:22,381 - utils.logger - INFO - Cur epoch 47 loss ccc:0.1290
2021-06-16 14:30:22,795 - utils.logger - INFO - Cur epoch 47 loss ccc:0.1115
2021-06-16 14:30:23,154 - utils.logger - INFO - Cur epoch 47 loss ccc:1.0552
2021-06-16 14:30:23,154 - utils.logger - INFO - saving the model at the end of epoch 47, iters 282
2021-06-16 14:30:23,409 - utils.logger - INFO - End of training epoch 47 / 60 	 Time Taken: 1 sec, Data loading: 0 sec
2021-06-16 14:30:23,410 - utils.logger - INFO - learning rate = 0.0000255
2021-06-16 14:30:23,830 - utils.logger - INFO - Trn result of epoch 47 / 60 mse 0.2345 rmse 0.4843 pcc -0.0183 ccc -0.0064
2021-06-16 14:30:23,977 - utils.logger - INFO - Val result of epoch 47 / 60 mse 0.2627 rmse 0.5125 pcc 0.1600 ccc 0.0579
2021-06-16 14:30:24,405 - utils.logger - INFO - Cur epoch 48 loss ccc:0.1255
2021-06-16 14:30:24,831 - utils.logger - INFO - Cur epoch 48 loss ccc:0.1116
2021-06-16 14:30:25,179 - utils.logger - INFO - Cur epoch 48 loss ccc:1.0054
2021-06-16 14:30:25,179 - utils.logger - INFO - saving the model at the end of epoch 48, iters 288
2021-06-16 14:30:25,573 - utils.logger - INFO - End of training epoch 48 / 60 	 Time Taken: 1 sec, Data loading: 0 sec
2021-06-16 14:30:25,574 - utils.logger - INFO - learning rate = 0.0000235
2021-06-16 14:30:26,010 - utils.logger - INFO - Trn result of epoch 48 / 60 mse 0.2264 rmse 0.4758 pcc -0.0119 ccc -0.0043
2021-06-16 14:30:26,172 - utils.logger - INFO - Val result of epoch 48 / 60 mse 0.2542 rmse 0.5042 pcc 0.1627 ccc 0.0609
2021-06-16 14:30:26,607 - utils.logger - INFO - Cur epoch 49 loss ccc:0.1287
2021-06-16 14:30:27,010 - utils.logger - INFO - Cur epoch 49 loss ccc:0.1282
2021-06-16 14:30:27,347 - utils.logger - INFO - Cur epoch 49 loss ccc:0.9980
2021-06-16 14:30:27,347 - utils.logger - INFO - saving the model at the end of epoch 49, iters 294
2021-06-16 14:30:27,620 - utils.logger - INFO - End of training epoch 49 / 60 	 Time Taken: 1 sec, Data loading: 0 sec
2021-06-16 14:30:27,620 - utils.logger - INFO - learning rate = 0.0000216
2021-06-16 14:30:28,036 - utils.logger - INFO - Trn result of epoch 49 / 60 mse 0.2167 rmse 0.4655 pcc -0.0061 ccc -0.0023
2021-06-16 14:30:28,183 - utils.logger - INFO - Val result of epoch 49 / 60 mse 0.2447 rmse 0.4946 pcc 0.1615 ccc 0.0617
2021-06-16 14:30:28,591 - utils.logger - INFO - Cur epoch 50 loss ccc:0.1214
2021-06-16 14:30:29,017 - utils.logger - INFO - Cur epoch 50 loss ccc:0.1049
2021-06-16 14:30:29,382 - utils.logger - INFO - Cur epoch 50 loss ccc:1.0002
2021-06-16 14:30:29,382 - utils.logger - INFO - saving the model at the end of epoch 50, iters 300
2021-06-16 14:30:29,666 - utils.logger - INFO - End of training epoch 50 / 60 	 Time Taken: 1 sec, Data loading: 0 sec
2021-06-16 14:30:29,666 - utils.logger - INFO - learning rate = 0.0000196
2021-06-16 14:30:30,097 - utils.logger - INFO - Trn result of epoch 50 / 60 mse 0.2152 rmse 0.4639 pcc -0.0050 ccc -0.0019
2021-06-16 14:30:30,246 - utils.logger - INFO - Val result of epoch 50 / 60 mse 0.2432 rmse 0.4931 pcc 0.1619 ccc 0.0621
2021-06-16 14:30:30,676 - utils.logger - INFO - Cur epoch 51 loss ccc:0.1129
2021-06-16 14:30:31,083 - utils.logger - INFO - Cur epoch 51 loss ccc:0.1109
2021-06-16 14:30:31,431 - utils.logger - INFO - Cur epoch 51 loss ccc:0.4922
2021-06-16 14:30:31,431 - utils.logger - INFO - saving the model at the end of epoch 51, iters 306
2021-06-16 14:30:31,719 - utils.logger - INFO - End of training epoch 51 / 60 	 Time Taken: 1 sec, Data loading: 0 sec
2021-06-16 14:30:31,719 - utils.logger - INFO - learning rate = 0.0000176
2021-06-16 14:30:32,150 - utils.logger - INFO - Trn result of epoch 51 / 60 mse 0.2153 rmse 0.4640 pcc -0.0028 ccc -0.0011
2021-06-16 14:30:32,302 - utils.logger - INFO - Val result of epoch 51 / 60 mse 0.2436 rmse 0.4936 pcc 0.1631 ccc 0.0616
2021-06-16 14:30:32,723 - utils.logger - INFO - Cur epoch 52 loss ccc:0.1370
2021-06-16 14:30:33,140 - utils.logger - INFO - Cur epoch 52 loss ccc:0.1287
2021-06-16 14:30:33,495 - utils.logger - INFO - Cur epoch 52 loss ccc:1.1091
2021-06-16 14:30:33,495 - utils.logger - INFO - saving the model at the end of epoch 52, iters 312
2021-06-16 14:30:33,763 - utils.logger - INFO - End of training epoch 52 / 60 	 Time Taken: 1 sec, Data loading: 0 sec
2021-06-16 14:30:33,763 - utils.logger - INFO - learning rate = 0.0000157
2021-06-16 14:30:34,188 - utils.logger - INFO - Trn result of epoch 52 / 60 mse 0.2144 rmse 0.4630 pcc -0.0034 ccc -0.0012
2021-06-16 14:30:34,347 - utils.logger - INFO - Val result of epoch 52 / 60 mse 0.2431 rmse 0.4930 pcc 0.1623 ccc 0.0599
2021-06-16 14:30:34,774 - utils.logger - INFO - Cur epoch 53 loss ccc:0.1074
2021-06-16 14:30:35,208 - utils.logger - INFO - Cur epoch 53 loss ccc:0.1267
2021-06-16 14:30:35,537 - utils.logger - INFO - Cur epoch 53 loss ccc:1.0282
2021-06-16 14:30:35,537 - utils.logger - INFO - saving the model at the end of epoch 53, iters 318
2021-06-16 14:30:35,804 - utils.logger - INFO - End of training epoch 53 / 60 	 Time Taken: 1 sec, Data loading: 0 sec
2021-06-16 14:30:35,804 - utils.logger - INFO - learning rate = 0.0000137
2021-06-16 14:30:36,236 - utils.logger - INFO - Trn result of epoch 53 / 60 mse 0.2139 rmse 0.4625 pcc 0.0008 ccc 0.0003
2021-06-16 14:30:36,404 - utils.logger - INFO - Val result of epoch 53 / 60 mse 0.2429 rmse 0.4928 pcc 0.1628 ccc 0.0607
2021-06-16 14:30:36,820 - utils.logger - INFO - Cur epoch 54 loss ccc:0.1148
2021-06-16 14:30:37,218 - utils.logger - INFO - Cur epoch 54 loss ccc:0.1129
2021-06-16 14:30:37,571 - utils.logger - INFO - Cur epoch 54 loss ccc:1.0010
2021-06-16 14:30:37,571 - utils.logger - INFO - saving the model at the end of epoch 54, iters 324
2021-06-16 14:30:37,817 - utils.logger - INFO - End of training epoch 54 / 60 	 Time Taken: 1 sec, Data loading: 0 sec
2021-06-16 14:30:37,817 - utils.logger - INFO - learning rate = 0.0000118
2021-06-16 14:30:38,235 - utils.logger - INFO - Trn result of epoch 54 / 60 mse 0.2140 rmse 0.4626 pcc 0.0014 ccc 0.0005
2021-06-16 14:30:38,382 - utils.logger - INFO - Val result of epoch 54 / 60 mse 0.2428 rmse 0.4927 pcc 0.1631 ccc 0.0608
2021-06-16 14:30:38,802 - utils.logger - INFO - Cur epoch 55 loss ccc:0.1122
2021-06-16 14:30:39,212 - utils.logger - INFO - Cur epoch 55 loss ccc:0.1086
2021-06-16 14:30:39,557 - utils.logger - INFO - Cur epoch 55 loss ccc:0.9991
2021-06-16 14:30:39,558 - utils.logger - INFO - saving the model at the end of epoch 55, iters 330
2021-06-16 14:30:39,817 - utils.logger - INFO - End of training epoch 55 / 60 	 Time Taken: 1 sec, Data loading: 0 sec
2021-06-16 14:30:39,817 - utils.logger - INFO - learning rate = 0.0000098
2021-06-16 14:30:40,237 - utils.logger - INFO - Trn result of epoch 55 / 60 mse 0.2024 rmse 0.4499 pcc 0.0058 ccc 0.0023
2021-06-16 14:30:40,383 - utils.logger - INFO - Val result of epoch 55 / 60 mse 0.2301 rmse 0.4796 pcc 0.1677 ccc 0.0653
2021-06-16 14:30:40,801 - utils.logger - INFO - Cur epoch 56 loss ccc:0.1225
2021-06-16 14:30:41,209 - utils.logger - INFO - Cur epoch 56 loss ccc:0.1109
2021-06-16 14:30:41,528 - utils.logger - INFO - Cur epoch 56 loss ccc:1.0144
2021-06-16 14:30:41,528 - utils.logger - INFO - saving the model at the end of epoch 56, iters 336
2021-06-16 14:30:41,817 - utils.logger - INFO - End of training epoch 56 / 60 	 Time Taken: 1 sec, Data loading: 0 sec
2021-06-16 14:30:41,817 - utils.logger - INFO - learning rate = 0.0000078
2021-06-16 14:30:42,244 - utils.logger - INFO - Trn result of epoch 56 / 60 mse 0.1969 rmse 0.4438 pcc 0.0149 ccc 0.0061
2021-06-16 14:30:42,389 - utils.logger - INFO - Val result of epoch 56 / 60 mse 0.2250 rmse 0.4744 pcc 0.1669 ccc 0.0667
2021-06-16 14:30:42,828 - utils.logger - INFO - Cur epoch 57 loss ccc:0.1102
2021-06-16 14:30:43,243 - utils.logger - INFO - Cur epoch 57 loss ccc:0.0930
2021-06-16 14:30:43,583 - utils.logger - INFO - Cur epoch 57 loss ccc:0.9959
2021-06-16 14:30:43,583 - utils.logger - INFO - saving the model at the end of epoch 57, iters 342
2021-06-16 14:30:43,842 - utils.logger - INFO - End of training epoch 57 / 60 	 Time Taken: 1 sec, Data loading: 0 sec
2021-06-16 14:30:43,843 - utils.logger - INFO - learning rate = 0.0000059
2021-06-16 14:30:44,263 - utils.logger - INFO - Trn result of epoch 57 / 60 mse 0.1957 rmse 0.4424 pcc 0.0206 ccc 0.0084
2021-06-16 14:30:44,416 - utils.logger - INFO - Val result of epoch 57 / 60 mse 0.2238 rmse 0.4731 pcc 0.1715 ccc 0.0688
2021-06-16 14:30:44,828 - utils.logger - INFO - Cur epoch 58 loss ccc:0.1151
2021-06-16 14:30:45,278 - utils.logger - INFO - Cur epoch 58 loss ccc:0.1182
2021-06-16 14:30:45,630 - utils.logger - INFO - Cur epoch 58 loss ccc:1.0231
2021-06-16 14:30:45,630 - utils.logger - INFO - saving the model at the end of epoch 58, iters 348
2021-06-16 14:30:46,039 - utils.logger - INFO - End of training epoch 58 / 60 	 Time Taken: 1 sec, Data loading: 0 sec
2021-06-16 14:30:46,039 - utils.logger - INFO - learning rate = 0.0000039
2021-06-16 14:30:46,513 - utils.logger - INFO - Trn result of epoch 58 / 60 mse 0.1908 rmse 0.4368 pcc 0.0236 ccc 0.0098
2021-06-16 14:30:46,677 - utils.logger - INFO - Val result of epoch 58 / 60 mse 0.2187 rmse 0.4676 pcc 0.1707 ccc 0.0696
2021-06-16 14:30:47,107 - utils.logger - INFO - Cur epoch 59 loss ccc:0.1215
2021-06-16 14:30:47,543 - utils.logger - INFO - Cur epoch 59 loss ccc:0.1166
2021-06-16 14:30:47,870 - utils.logger - INFO - Cur epoch 59 loss ccc:1.0039
2021-06-16 14:30:47,870 - utils.logger - INFO - saving the model at the end of epoch 59, iters 354
2021-06-16 14:30:48,138 - utils.logger - INFO - End of training epoch 59 / 60 	 Time Taken: 1 sec, Data loading: 0 sec
2021-06-16 14:30:48,139 - utils.logger - INFO - learning rate = 0.0000020
2021-06-16 14:30:48,552 - utils.logger - INFO - Trn result of epoch 59 / 60 mse 0.1892 rmse 0.4349 pcc 0.0224 ccc 0.0094
2021-06-16 14:30:48,695 - utils.logger - INFO - Val result of epoch 59 / 60 mse 0.2169 rmse 0.4657 pcc 0.1692 ccc 0.0693
2021-06-16 14:30:49,113 - utils.logger - INFO - Cur epoch 60 loss ccc:0.1188
2021-06-16 14:30:49,541 - utils.logger - INFO - Cur epoch 60 loss ccc:0.0905
2021-06-16 14:30:49,893 - utils.logger - INFO - Cur epoch 60 loss ccc:1.0082
2021-06-16 14:30:49,894 - utils.logger - INFO - saving the model at the end of epoch 60, iters 360
2021-06-16 14:30:50,155 - utils.logger - INFO - End of training epoch 60 / 60 	 Time Taken: 1 sec, Data loading: 0 sec
2021-06-16 14:30:50,155 - utils.logger - INFO - learning rate = 0.0000000
2021-06-16 14:30:50,613 - utils.logger - INFO - Trn result of epoch 60 / 60 mse 0.1889 rmse 0.4347 pcc 0.0222 ccc 0.0094
2021-06-16 14:30:50,776 - utils.logger - INFO - Val result of epoch 60 / 60 mse 0.2165 rmse 0.4653 pcc 0.1700 ccc 0.0698
2021-06-16 14:30:50,776 - utils.logger - INFO - Best eval epoch 60 found with ccc 0.069810
2021-06-16 14:30:50,776 - utils.logger - INFO - baseline_fcfusion_wonorm_wav2vec-egemaps_EDA_hidden1024_seq100_lr0.0001_cccloss_run1
