2021-06-07 03:41:26,312 - utils.logger - INFO - The number of training samples = 41
2021-06-07 03:41:32,391 - utils.logger - INFO - Cur epoch 1 loss MSE:0.0031
2021-06-07 03:41:33,005 - utils.logger - INFO - Cur epoch 1 loss MSE:0.2997
2021-06-07 03:41:33,476 - utils.logger - INFO - Cur epoch 1 loss MSE:15.7970
2021-06-07 03:41:33,476 - utils.logger - INFO - saving the model at the end of epoch 1, iters 6
2021-06-07 03:41:33,956 - utils.logger - INFO - End of training epoch 1 / 50 	 Time Taken: 5 sec, Data loading: 3 sec
2021-06-07 03:41:33,956 - utils.logger - INFO - learning rate = 0.0000100
2021-06-07 03:41:36,238 - utils.logger - INFO - Trn result of epoch 1 / 50 mse 0.1160 rmse 0.3405 pcc 0.1233 ccc 0.0020
2021-06-07 03:41:36,568 - utils.logger - INFO - Val result of epoch 1 / 50 mse 0.1311 rmse 0.3621 pcc 0.0406 ccc 0.0007
2021-06-07 03:41:37,139 - utils.logger - INFO - Cur epoch 2 loss MSE:0.0487
2021-06-07 03:41:37,727 - utils.logger - INFO - Cur epoch 2 loss MSE:0.5514
2021-06-07 03:41:38,199 - utils.logger - INFO - Cur epoch 2 loss MSE:1.6615
2021-06-07 03:41:38,199 - utils.logger - INFO - saving the model at the end of epoch 2, iters 12
2021-06-07 03:41:39,246 - utils.logger - INFO - End of training epoch 2 / 50 	 Time Taken: 2 sec, Data loading: 0 sec
2021-06-07 03:41:39,246 - utils.logger - INFO - learning rate = 0.0000100
2021-06-07 03:41:39,993 - utils.logger - INFO - Trn result of epoch 2 / 50 mse 0.1148 rmse 0.3389 pcc 0.1307 ccc 0.0039
2021-06-07 03:41:40,544 - utils.logger - INFO - Val result of epoch 2 / 50 mse 0.1306 rmse 0.3614 pcc 0.0174 ccc 0.0006
2021-06-07 03:41:41,120 - utils.logger - INFO - Cur epoch 3 loss MSE:0.5245
2021-06-07 03:41:41,693 - utils.logger - INFO - Cur epoch 3 loss MSE:0.2141
2021-06-07 03:41:42,142 - utils.logger - INFO - Cur epoch 3 loss MSE:35.0404
2021-06-07 03:41:42,142 - utils.logger - INFO - saving the model at the end of epoch 3, iters 18
2021-06-07 03:41:42,723 - utils.logger - INFO - End of training epoch 3 / 50 	 Time Taken: 2 sec, Data loading: 0 sec
2021-06-07 03:41:42,724 - utils.logger - INFO - learning rate = 0.0000100
2021-06-07 03:41:43,711 - utils.logger - INFO - Trn result of epoch 3 / 50 mse 0.1135 rmse 0.3369 pcc 0.1405 ccc 0.0077
2021-06-07 03:41:44,303 - utils.logger - INFO - Val result of epoch 3 / 50 mse 0.1302 rmse 0.3608 pcc 0.0046 ccc 0.0003
2021-06-07 03:41:44,938 - utils.logger - INFO - Cur epoch 4 loss MSE:0.2452
2021-06-07 03:41:45,638 - utils.logger - INFO - Cur epoch 4 loss MSE:0.2277
2021-06-07 03:41:46,098 - utils.logger - INFO - Cur epoch 4 loss MSE:11.0868
2021-06-07 03:41:46,098 - utils.logger - INFO - saving the model at the end of epoch 4, iters 24
2021-06-07 03:41:46,593 - utils.logger - INFO - End of training epoch 4 / 50 	 Time Taken: 2 sec, Data loading: 0 sec
2021-06-07 03:41:46,594 - utils.logger - INFO - learning rate = 0.0000100
2021-06-07 03:41:47,355 - utils.logger - INFO - Trn result of epoch 4 / 50 mse 0.1117 rmse 0.3342 pcc 0.1417 ccc 0.0127
2021-06-07 03:41:47,690 - utils.logger - INFO - Val result of epoch 4 / 50 mse 0.1296 rmse 0.3600 pcc 0.0048 ccc 0.0005
2021-06-07 03:41:48,292 - utils.logger - INFO - Cur epoch 5 loss MSE:0.1490
2021-06-07 03:41:49,047 - utils.logger - INFO - Cur epoch 5 loss MSE:0.2957
2021-06-07 03:41:49,494 - utils.logger - INFO - Cur epoch 5 loss MSE:3.8113
2021-06-07 03:41:49,494 - utils.logger - INFO - saving the model at the end of epoch 5, iters 30
2021-06-07 03:41:50,049 - utils.logger - INFO - End of training epoch 5 / 50 	 Time Taken: 2 sec, Data loading: 0 sec
2021-06-07 03:41:50,049 - utils.logger - INFO - learning rate = 0.0000100
2021-06-07 03:41:50,810 - utils.logger - INFO - Trn result of epoch 5 / 50 mse 0.1102 rmse 0.3320 pcc 0.1413 ccc 0.0175
2021-06-07 03:41:51,177 - utils.logger - INFO - Val result of epoch 5 / 50 mse 0.1290 rmse 0.3592 pcc 0.0207 ccc 0.0027
2021-06-07 03:41:51,764 - utils.logger - INFO - Cur epoch 6 loss MSE:0.4277
2021-06-07 03:41:52,447 - utils.logger - INFO - Cur epoch 6 loss MSE:0.1879
2021-06-07 03:41:52,891 - utils.logger - INFO - Cur epoch 6 loss MSE:7.1815
2021-06-07 03:41:52,892 - utils.logger - INFO - saving the model at the end of epoch 6, iters 36
2021-06-07 03:41:53,401 - utils.logger - INFO - End of training epoch 6 / 50 	 Time Taken: 2 sec, Data loading: 0 sec
2021-06-07 03:41:53,401 - utils.logger - INFO - learning rate = 0.0000100
2021-06-07 03:41:54,175 - utils.logger - INFO - Trn result of epoch 6 / 50 mse 0.1081 rmse 0.3288 pcc 0.1565 ccc 0.0265
2021-06-07 03:41:54,611 - utils.logger - INFO - Val result of epoch 6 / 50 mse 0.1287 rmse 0.3588 pcc 0.0284 ccc 0.0049
2021-06-07 03:41:56,693 - utils.logger - INFO - Cur epoch 7 loss MSE:0.1195
2021-06-07 03:41:57,302 - utils.logger - INFO - Cur epoch 7 loss MSE:0.2832
2021-06-07 03:41:57,753 - utils.logger - INFO - Cur epoch 7 loss MSE:0.0303
2021-06-07 03:41:57,754 - utils.logger - INFO - saving the model at the end of epoch 7, iters 42
2021-06-07 03:41:58,308 - utils.logger - INFO - End of training epoch 7 / 50 	 Time Taken: 3 sec, Data loading: 1 sec
2021-06-07 03:41:58,308 - utils.logger - INFO - learning rate = 0.0000100
2021-06-07 03:41:59,128 - utils.logger - INFO - Trn result of epoch 7 / 50 mse 0.1071 rmse 0.3273 pcc 0.1770 ccc 0.0346
2021-06-07 03:41:59,463 - utils.logger - INFO - Val result of epoch 7 / 50 mse 0.1288 rmse 0.3589 pcc 0.0308 ccc 0.0062
2021-06-07 03:42:00,071 - utils.logger - INFO - Cur epoch 8 loss MSE:0.2386
2021-06-07 03:42:00,669 - utils.logger - INFO - Cur epoch 8 loss MSE:0.1209
2021-06-07 03:42:01,131 - utils.logger - INFO - Cur epoch 8 loss MSE:0.9727
2021-06-07 03:42:01,131 - utils.logger - INFO - saving the model at the end of epoch 8, iters 48
2021-06-07 03:42:01,651 - utils.logger - INFO - End of training epoch 8 / 50 	 Time Taken: 2 sec, Data loading: 0 sec
2021-06-07 03:42:01,651 - utils.logger - INFO - learning rate = 0.0000100
2021-06-07 03:42:02,432 - utils.logger - INFO - Trn result of epoch 8 / 50 mse 0.1058 rmse 0.3252 pcc 0.1949 ccc 0.0432
2021-06-07 03:42:02,782 - utils.logger - INFO - Val result of epoch 8 / 50 mse 0.1289 rmse 0.3591 pcc 0.0326 ccc 0.0072
2021-06-07 03:42:03,375 - utils.logger - INFO - Cur epoch 9 loss MSE:0.0216
2021-06-07 03:42:03,971 - utils.logger - INFO - Cur epoch 9 loss MSE:0.2931
2021-06-07 03:42:04,440 - utils.logger - INFO - Cur epoch 9 loss MSE:35.5031
2021-06-07 03:42:04,440 - utils.logger - INFO - saving the model at the end of epoch 9, iters 54
2021-06-07 03:42:04,992 - utils.logger - INFO - End of training epoch 9 / 50 	 Time Taken: 2 sec, Data loading: 0 sec
2021-06-07 03:42:04,992 - utils.logger - INFO - learning rate = 0.0000100
2021-06-07 03:42:05,769 - utils.logger - INFO - Trn result of epoch 9 / 50 mse 0.1045 rmse 0.3233 pcc 0.2325 ccc 0.0546
2021-06-07 03:42:06,107 - utils.logger - INFO - Val result of epoch 9 / 50 mse 0.1291 rmse 0.3593 pcc 0.0328 ccc 0.0077
2021-06-07 03:42:06,702 - utils.logger - INFO - Cur epoch 10 loss MSE:0.2318
2021-06-07 03:42:07,295 - utils.logger - INFO - Cur epoch 10 loss MSE:0.2081
2021-06-07 03:42:07,761 - utils.logger - INFO - Cur epoch 10 loss MSE:0.0545
2021-06-07 03:42:07,761 - utils.logger - INFO - saving the model at the end of epoch 10, iters 60
2021-06-07 03:42:08,423 - utils.logger - INFO - End of training epoch 10 / 50 	 Time Taken: 2 sec, Data loading: 0 sec
2021-06-07 03:42:08,424 - utils.logger - INFO - learning rate = 0.0000100
2021-06-07 03:42:09,183 - utils.logger - INFO - Trn result of epoch 10 / 50 mse 0.1024 rmse 0.3200 pcc 0.2655 ccc 0.0733
2021-06-07 03:42:09,526 - utils.logger - INFO - Val result of epoch 10 / 50 mse 0.1293 rmse 0.3597 pcc 0.0472 ccc 0.0127
2021-06-07 03:42:10,107 - utils.logger - INFO - Cur epoch 11 loss MSE:0.0611
2021-06-07 03:42:10,705 - utils.logger - INFO - Cur epoch 11 loss MSE:0.2505
2021-06-07 03:42:11,150 - utils.logger - INFO - Cur epoch 11 loss MSE:3.1822
2021-06-07 03:42:11,150 - utils.logger - INFO - saving the model at the end of epoch 11, iters 66
2021-06-07 03:42:11,639 - utils.logger - INFO - End of training epoch 11 / 50 	 Time Taken: 2 sec, Data loading: 0 sec
2021-06-07 03:42:11,640 - utils.logger - INFO - learning rate = 0.0000100
2021-06-07 03:42:12,393 - utils.logger - INFO - Trn result of epoch 11 / 50 mse 0.0999 rmse 0.3161 pcc 0.3106 ccc 0.1007
2021-06-07 03:42:12,658 - utils.logger - INFO - Val result of epoch 11 / 50 mse 0.1303 rmse 0.3610 pcc 0.0552 ccc 0.0170
2021-06-07 03:42:13,259 - utils.logger - INFO - Cur epoch 12 loss MSE:0.1305
2021-06-07 03:42:13,857 - utils.logger - INFO - Cur epoch 12 loss MSE:0.3001
2021-06-07 03:42:14,309 - utils.logger - INFO - Cur epoch 12 loss MSE:24.2519
2021-06-07 03:42:14,309 - utils.logger - INFO - saving the model at the end of epoch 12, iters 72
2021-06-07 03:42:14,825 - utils.logger - INFO - End of training epoch 12 / 50 	 Time Taken: 2 sec, Data loading: 0 sec
2021-06-07 03:42:14,825 - utils.logger - INFO - learning rate = 0.0000100
2021-06-07 03:42:15,639 - utils.logger - INFO - Trn result of epoch 12 / 50 mse 0.0979 rmse 0.3128 pcc 0.3514 ccc 0.1231
2021-06-07 03:42:16,025 - utils.logger - INFO - Val result of epoch 12 / 50 mse 0.1293 rmse 0.3595 pcc 0.0877 ccc 0.0280
2021-06-07 03:42:16,621 - utils.logger - INFO - Cur epoch 13 loss MSE:0.0421
2021-06-07 03:42:17,218 - utils.logger - INFO - Cur epoch 13 loss MSE:0.1497
2021-06-07 03:42:17,660 - utils.logger - INFO - Cur epoch 13 loss MSE:7.4143
2021-06-07 03:42:17,660 - utils.logger - INFO - saving the model at the end of epoch 13, iters 78
2021-06-07 03:42:18,149 - utils.logger - INFO - End of training epoch 13 / 50 	 Time Taken: 2 sec, Data loading: 0 sec
2021-06-07 03:42:18,149 - utils.logger - INFO - learning rate = 0.0000100
2021-06-07 03:42:18,898 - utils.logger - INFO - Trn result of epoch 13 / 50 mse 0.0946 rmse 0.3076 pcc 0.3963 ccc 0.1786
2021-06-07 03:42:19,149 - utils.logger - INFO - Val result of epoch 13 / 50 mse 0.1303 rmse 0.3610 pcc 0.1286 ccc 0.0489
2021-06-07 03:42:19,722 - utils.logger - INFO - Cur epoch 14 loss MSE:0.1751
2021-06-07 03:42:20,302 - utils.logger - INFO - Cur epoch 14 loss MSE:0.0051
2021-06-07 03:42:20,799 - utils.logger - INFO - Cur epoch 14 loss MSE:0.3156
2021-06-07 03:42:20,799 - utils.logger - INFO - saving the model at the end of epoch 14, iters 84
2021-06-07 03:42:21,296 - utils.logger - INFO - End of training epoch 14 / 50 	 Time Taken: 2 sec, Data loading: 0 sec
2021-06-07 03:42:21,296 - utils.logger - INFO - learning rate = 0.0000100
2021-06-07 03:42:22,177 - utils.logger - INFO - Trn result of epoch 14 / 50 mse 0.0871 rmse 0.2951 pcc 0.5185 ccc 0.2567
2021-06-07 03:42:22,508 - utils.logger - INFO - Val result of epoch 14 / 50 mse 0.1283 rmse 0.3581 pcc 0.1737 ccc 0.0671
2021-06-07 03:42:23,090 - utils.logger - INFO - Cur epoch 15 loss MSE:0.1040
2021-06-07 03:42:23,691 - utils.logger - INFO - Cur epoch 15 loss MSE:0.1719
2021-06-07 03:42:24,137 - utils.logger - INFO - Cur epoch 15 loss MSE:0.0404
2021-06-07 03:42:24,137 - utils.logger - INFO - saving the model at the end of epoch 15, iters 90
2021-06-07 03:42:24,624 - utils.logger - INFO - End of training epoch 15 / 50 	 Time Taken: 2 sec, Data loading: 0 sec
2021-06-07 03:42:24,624 - utils.logger - INFO - learning rate = 0.0000100
2021-06-07 03:42:25,375 - utils.logger - INFO - Trn result of epoch 15 / 50 mse 0.0775 rmse 0.2783 pcc 0.5984 ccc 0.3598
2021-06-07 03:42:25,630 - utils.logger - INFO - Val result of epoch 15 / 50 mse 0.1278 rmse 0.3574 pcc 0.1642 ccc 0.0746
2021-06-07 03:42:26,223 - utils.logger - INFO - Cur epoch 16 loss MSE:0.0461
2021-06-07 03:42:26,827 - utils.logger - INFO - Cur epoch 16 loss MSE:0.1109
2021-06-07 03:42:27,282 - utils.logger - INFO - Cur epoch 16 loss MSE:0.1445
2021-06-07 03:42:27,282 - utils.logger - INFO - saving the model at the end of epoch 16, iters 96
2021-06-07 03:42:27,805 - utils.logger - INFO - End of training epoch 16 / 50 	 Time Taken: 2 sec, Data loading: 0 sec
2021-06-07 03:42:27,805 - utils.logger - INFO - learning rate = 0.0000100
2021-06-07 03:42:28,936 - utils.logger - INFO - Trn result of epoch 16 / 50 mse 0.0737 rmse 0.2716 pcc 0.6293 ccc 0.4005
2021-06-07 03:42:29,268 - utils.logger - INFO - Val result of epoch 16 / 50 mse 0.1245 rmse 0.3529 pcc 0.2216 ccc 0.1049
2021-06-07 03:42:29,857 - utils.logger - INFO - Cur epoch 17 loss MSE:0.0597
2021-06-07 03:42:30,443 - utils.logger - INFO - Cur epoch 17 loss MSE:0.0171
2021-06-07 03:42:30,891 - utils.logger - INFO - Cur epoch 17 loss MSE:10.2438
2021-06-07 03:42:30,892 - utils.logger - INFO - saving the model at the end of epoch 17, iters 102
2021-06-07 03:42:31,452 - utils.logger - INFO - End of training epoch 17 / 50 	 Time Taken: 2 sec, Data loading: 0 sec
2021-06-07 03:42:31,452 - utils.logger - INFO - learning rate = 0.0000100
2021-06-07 03:42:32,319 - utils.logger - INFO - Trn result of epoch 17 / 50 mse 0.0700 rmse 0.2646 pcc 0.6536 ccc 0.4355
2021-06-07 03:42:32,822 - utils.logger - INFO - Val result of epoch 17 / 50 mse 0.1261 rmse 0.3551 pcc 0.1751 ccc 0.0852
2021-06-07 03:42:33,420 - utils.logger - INFO - Cur epoch 18 loss MSE:0.1062
2021-06-07 03:42:34,037 - utils.logger - INFO - Cur epoch 18 loss MSE:0.2631
2021-06-07 03:42:34,492 - utils.logger - INFO - Cur epoch 18 loss MSE:8.0718
2021-06-07 03:42:34,493 - utils.logger - INFO - saving the model at the end of epoch 18, iters 108
2021-06-07 03:42:34,991 - utils.logger - INFO - End of training epoch 18 / 50 	 Time Taken: 2 sec, Data loading: 0 sec
2021-06-07 03:42:34,991 - utils.logger - INFO - learning rate = 0.0000100
2021-06-07 03:42:35,777 - utils.logger - INFO - Trn result of epoch 18 / 50 mse 0.0650 rmse 0.2550 pcc 0.7171 ccc 0.5753
2021-06-07 03:42:36,107 - utils.logger - INFO - Val result of epoch 18 / 50 mse 0.1294 rmse 0.3597 pcc 0.3272 ccc 0.2259
2021-06-07 03:42:36,673 - utils.logger - INFO - Cur epoch 19 loss MSE:0.0239
2021-06-07 03:42:37,277 - utils.logger - INFO - Cur epoch 19 loss MSE:0.2029
2021-06-07 03:42:37,725 - utils.logger - INFO - Cur epoch 19 loss MSE:0.9331
2021-06-07 03:42:37,725 - utils.logger - INFO - saving the model at the end of epoch 19, iters 114
2021-06-07 03:42:38,226 - utils.logger - INFO - End of training epoch 19 / 50 	 Time Taken: 2 sec, Data loading: 0 sec
2021-06-07 03:42:38,226 - utils.logger - INFO - learning rate = 0.0000100
2021-06-07 03:42:38,952 - utils.logger - INFO - Trn result of epoch 19 / 50 mse 0.0579 rmse 0.2406 pcc 0.7436 ccc 0.5780
2021-06-07 03:42:39,222 - utils.logger - INFO - Val result of epoch 19 / 50 mse 0.1262 rmse 0.3553 pcc 0.2541 ccc 0.1582
2021-06-07 03:42:39,798 - utils.logger - INFO - Cur epoch 20 loss MSE:0.0200
2021-06-07 03:42:40,390 - utils.logger - INFO - Cur epoch 20 loss MSE:0.0365
2021-06-07 03:42:40,831 - utils.logger - INFO - Cur epoch 20 loss MSE:9.5792
2021-06-07 03:42:40,831 - utils.logger - INFO - saving the model at the end of epoch 20, iters 120
2021-06-07 03:42:41,670 - utils.logger - INFO - End of training epoch 20 / 50 	 Time Taken: 2 sec, Data loading: 0 sec
2021-06-07 03:42:41,671 - utils.logger - INFO - learning rate = 0.0000097
2021-06-07 03:42:42,415 - utils.logger - INFO - Trn result of epoch 20 / 50 mse 0.0545 rmse 0.2334 pcc 0.7344 ccc 0.6151
2021-06-07 03:42:42,671 - utils.logger - INFO - Val result of epoch 20 / 50 mse 0.1250 rmse 0.3536 pcc 0.2372 ccc 0.1571
2021-06-07 03:42:43,253 - utils.logger - INFO - Cur epoch 21 loss MSE:0.1752
2021-06-07 03:42:43,849 - utils.logger - INFO - Cur epoch 21 loss MSE:0.0934
2021-06-07 03:42:44,321 - utils.logger - INFO - Cur epoch 21 loss MSE:3.2318
2021-06-07 03:42:44,322 - utils.logger - INFO - saving the model at the end of epoch 21, iters 126
2021-06-07 03:42:44,812 - utils.logger - INFO - End of training epoch 21 / 50 	 Time Taken: 2 sec, Data loading: 0 sec
2021-06-07 03:42:44,812 - utils.logger - INFO - learning rate = 0.0000094
2021-06-07 03:42:45,565 - utils.logger - INFO - Trn result of epoch 21 / 50 mse 0.0487 rmse 0.2206 pcc 0.7986 ccc 0.6578
2021-06-07 03:42:45,896 - utils.logger - INFO - Val result of epoch 21 / 50 mse 0.1289 rmse 0.3590 pcc 0.2397 ccc 0.1652
2021-06-07 03:42:46,475 - utils.logger - INFO - Cur epoch 22 loss MSE:0.0854
2021-06-07 03:42:47,067 - utils.logger - INFO - Cur epoch 22 loss MSE:0.0422
2021-06-07 03:42:47,511 - utils.logger - INFO - Cur epoch 22 loss MSE:0.6803
2021-06-07 03:42:47,511 - utils.logger - INFO - saving the model at the end of epoch 22, iters 132
2021-06-07 03:42:47,993 - utils.logger - INFO - End of training epoch 22 / 50 	 Time Taken: 2 sec, Data loading: 0 sec
2021-06-07 03:42:47,993 - utils.logger - INFO - learning rate = 0.0000090
2021-06-07 03:42:48,774 - utils.logger - INFO - Trn result of epoch 22 / 50 mse 0.0449 rmse 0.2119 pcc 0.8018 ccc 0.7071
2021-06-07 03:42:49,033 - utils.logger - INFO - Val result of epoch 22 / 50 mse 0.1325 rmse 0.3641 pcc 0.2227 ccc 0.1667
2021-06-07 03:42:50,761 - utils.logger - INFO - Cur epoch 23 loss MSE:0.0145
2021-06-07 03:42:51,367 - utils.logger - INFO - Cur epoch 23 loss MSE:0.0450
2021-06-07 03:42:51,883 - utils.logger - INFO - Cur epoch 23 loss MSE:0.1755
2021-06-07 03:42:51,883 - utils.logger - INFO - saving the model at the end of epoch 23, iters 138
2021-06-07 03:42:52,712 - utils.logger - INFO - End of training epoch 23 / 50 	 Time Taken: 3 sec, Data loading: 1 sec
2021-06-07 03:42:52,712 - utils.logger - INFO - learning rate = 0.0000087
2021-06-07 03:42:53,525 - utils.logger - INFO - Trn result of epoch 23 / 50 mse 0.0414 rmse 0.2035 pcc 0.8201 ccc 0.7205
2021-06-07 03:42:53,865 - utils.logger - INFO - Val result of epoch 23 / 50 mse 0.1280 rmse 0.3578 pcc 0.2305 ccc 0.1680
2021-06-07 03:42:54,474 - utils.logger - INFO - Cur epoch 24 loss MSE:0.1581
2021-06-07 03:42:55,073 - utils.logger - INFO - Cur epoch 24 loss MSE:0.0479
2021-06-07 03:42:55,517 - utils.logger - INFO - Cur epoch 24 loss MSE:0.8462
2021-06-07 03:42:55,517 - utils.logger - INFO - saving the model at the end of epoch 24, iters 144
2021-06-07 03:42:56,194 - utils.logger - INFO - End of training epoch 24 / 50 	 Time Taken: 2 sec, Data loading: 0 sec
2021-06-07 03:42:56,195 - utils.logger - INFO - learning rate = 0.0000084
2021-06-07 03:42:56,928 - utils.logger - INFO - Trn result of epoch 24 / 50 mse 0.0415 rmse 0.2038 pcc 0.8340 ccc 0.7575
2021-06-07 03:42:57,177 - utils.logger - INFO - Val result of epoch 24 / 50 mse 0.1380 rmse 0.3715 pcc 0.2913 ccc 0.2355
2021-06-07 03:42:57,747 - utils.logger - INFO - Cur epoch 25 loss MSE:0.0192
2021-06-07 03:42:58,342 - utils.logger - INFO - Cur epoch 25 loss MSE:0.0698
2021-06-07 03:42:58,778 - utils.logger - INFO - Cur epoch 25 loss MSE:1.5764
2021-06-07 03:42:58,778 - utils.logger - INFO - saving the model at the end of epoch 25, iters 150
2021-06-07 03:42:59,390 - utils.logger - INFO - End of training epoch 25 / 50 	 Time Taken: 2 sec, Data loading: 0 sec
2021-06-07 03:42:59,390 - utils.logger - INFO - learning rate = 0.0000081
2021-06-07 03:43:00,290 - utils.logger - INFO - Trn result of epoch 25 / 50 mse 0.0334 rmse 0.1827 pcc 0.8600 ccc 0.7979
2021-06-07 03:43:00,541 - utils.logger - INFO - Val result of epoch 25 / 50 mse 0.1301 rmse 0.3608 pcc 0.2810 ccc 0.2245
2021-06-07 03:43:01,134 - utils.logger - INFO - Cur epoch 26 loss MSE:0.0352
2021-06-07 03:43:01,850 - utils.logger - INFO - Cur epoch 26 loss MSE:0.1668
2021-06-07 03:43:02,291 - utils.logger - INFO - Cur epoch 26 loss MSE:22.8283
2021-06-07 03:43:02,292 - utils.logger - INFO - saving the model at the end of epoch 26, iters 156
2021-06-07 03:43:03,386 - utils.logger - INFO - End of training epoch 26 / 50 	 Time Taken: 2 sec, Data loading: 0 sec
2021-06-07 03:43:03,386 - utils.logger - INFO - learning rate = 0.0000077
2021-06-07 03:43:04,213 - utils.logger - INFO - Trn result of epoch 26 / 50 mse 0.0374 rmse 0.1935 pcc 0.8134 ccc 0.7750
2021-06-07 03:43:04,530 - utils.logger - INFO - Val result of epoch 26 / 50 mse 0.1454 rmse 0.3813 pcc 0.1316 ccc 0.1057
2021-06-07 03:43:05,098 - utils.logger - INFO - Cur epoch 27 loss MSE:0.1490
2021-06-07 03:43:05,695 - utils.logger - INFO - Cur epoch 27 loss MSE:0.0758
2021-06-07 03:43:06,149 - utils.logger - INFO - Cur epoch 27 loss MSE:1.4812
2021-06-07 03:43:06,149 - utils.logger - INFO - saving the model at the end of epoch 27, iters 162
2021-06-07 03:43:06,775 - utils.logger - INFO - End of training epoch 27 / 50 	 Time Taken: 2 sec, Data loading: 0 sec
2021-06-07 03:43:06,775 - utils.logger - INFO - learning rate = 0.0000074
2021-06-07 03:43:07,521 - utils.logger - INFO - Trn result of epoch 27 / 50 mse 0.0295 rmse 0.1719 pcc 0.8785 ccc 0.8313
2021-06-07 03:43:07,814 - utils.logger - INFO - Val result of epoch 27 / 50 mse 0.1332 rmse 0.3650 pcc 0.3000 ccc 0.2509
2021-06-07 03:43:08,385 - utils.logger - INFO - Cur epoch 28 loss MSE:0.0255
2021-06-07 03:43:08,995 - utils.logger - INFO - Cur epoch 28 loss MSE:0.1915
2021-06-07 03:43:09,460 - utils.logger - INFO - Cur epoch 28 loss MSE:0.0665
2021-06-07 03:43:09,461 - utils.logger - INFO - saving the model at the end of epoch 28, iters 168
2021-06-07 03:43:09,983 - utils.logger - INFO - End of training epoch 28 / 50 	 Time Taken: 2 sec, Data loading: 0 sec
2021-06-07 03:43:09,983 - utils.logger - INFO - learning rate = 0.0000071
2021-06-07 03:43:10,757 - utils.logger - INFO - Trn result of epoch 28 / 50 mse 0.0268 rmse 0.1636 pcc 0.8725 ccc 0.8482
2021-06-07 03:43:11,044 - utils.logger - INFO - Val result of epoch 28 / 50 mse 0.1404 rmse 0.3747 pcc 0.1954 ccc 0.1663
2021-06-07 03:43:11,632 - utils.logger - INFO - Cur epoch 29 loss MSE:0.0286
2021-06-07 03:43:12,234 - utils.logger - INFO - Cur epoch 29 loss MSE:0.0229
2021-06-07 03:43:12,678 - utils.logger - INFO - Cur epoch 29 loss MSE:3.3440
2021-06-07 03:43:12,678 - utils.logger - INFO - saving the model at the end of epoch 29, iters 174
2021-06-07 03:43:13,245 - utils.logger - INFO - End of training epoch 29 / 50 	 Time Taken: 2 sec, Data loading: 0 sec
2021-06-07 03:43:13,245 - utils.logger - INFO - learning rate = 0.0000068
2021-06-07 03:43:13,990 - utils.logger - INFO - Trn result of epoch 29 / 50 mse 0.0230 rmse 0.1518 pcc 0.8965 ccc 0.8716
2021-06-07 03:43:14,277 - utils.logger - INFO - Val result of epoch 29 / 50 mse 0.1425 rmse 0.3775 pcc 0.2227 ccc 0.1921
2021-06-07 03:43:14,871 - utils.logger - INFO - Cur epoch 30 loss MSE:0.0312
2021-06-07 03:43:15,469 - utils.logger - INFO - Cur epoch 30 loss MSE:0.0746
2021-06-07 03:43:15,907 - utils.logger - INFO - Cur epoch 30 loss MSE:1.6703
2021-06-07 03:43:15,907 - utils.logger - INFO - saving the model at the end of epoch 30, iters 180
2021-06-07 03:43:16,393 - utils.logger - INFO - End of training epoch 30 / 50 	 Time Taken: 2 sec, Data loading: 0 sec
2021-06-07 03:43:16,394 - utils.logger - INFO - learning rate = 0.0000065
2021-06-07 03:43:17,128 - utils.logger - INFO - Trn result of epoch 30 / 50 mse 0.0293 rmse 0.1712 pcc 0.9019 ccc 0.8489
2021-06-07 03:43:17,415 - utils.logger - INFO - Val result of epoch 30 / 50 mse 0.1565 rmse 0.3956 pcc 0.2658 ccc 0.2045
2021-06-07 03:43:17,997 - utils.logger - INFO - Cur epoch 31 loss MSE:0.0649
2021-06-07 03:43:18,593 - utils.logger - INFO - Cur epoch 31 loss MSE:0.0181
2021-06-07 03:43:19,049 - utils.logger - INFO - Cur epoch 31 loss MSE:1.5636
2021-06-07 03:43:19,049 - utils.logger - INFO - saving the model at the end of epoch 31, iters 186
2021-06-07 03:43:19,529 - utils.logger - INFO - End of training epoch 31 / 50 	 Time Taken: 2 sec, Data loading: 0 sec
2021-06-07 03:43:19,530 - utils.logger - INFO - learning rate = 0.0000061
2021-06-07 03:43:20,282 - utils.logger - INFO - Trn result of epoch 31 / 50 mse 0.0232 rmse 0.1523 pcc 0.9002 ccc 0.8648
2021-06-07 03:43:20,582 - utils.logger - INFO - Val result of epoch 31 / 50 mse 0.1441 rmse 0.3796 pcc 0.1313 ccc 0.1043
2021-06-07 03:43:21,175 - utils.logger - INFO - Cur epoch 32 loss MSE:0.0310
2021-06-07 03:43:21,792 - utils.logger - INFO - Cur epoch 32 loss MSE:0.0985
2021-06-07 03:43:22,238 - utils.logger - INFO - Cur epoch 32 loss MSE:6.7493
2021-06-07 03:43:22,239 - utils.logger - INFO - saving the model at the end of epoch 32, iters 192
2021-06-07 03:43:22,714 - utils.logger - INFO - End of training epoch 32 / 50 	 Time Taken: 2 sec, Data loading: 0 sec
2021-06-07 03:43:22,714 - utils.logger - INFO - learning rate = 0.0000058
2021-06-07 03:43:23,488 - utils.logger - INFO - Trn result of epoch 32 / 50 mse 0.0190 rmse 0.1380 pcc 0.9099 ccc 0.8975
2021-06-07 03:43:23,759 - utils.logger - INFO - Val result of epoch 32 / 50 mse 0.1485 rmse 0.3853 pcc 0.1768 ccc 0.1571
2021-06-07 03:43:24,358 - utils.logger - INFO - Cur epoch 33 loss MSE:0.0268
2021-06-07 03:43:24,948 - utils.logger - INFO - Cur epoch 33 loss MSE:0.0160
2021-06-07 03:43:25,415 - utils.logger - INFO - Cur epoch 33 loss MSE:0.4256
2021-06-07 03:43:25,415 - utils.logger - INFO - saving the model at the end of epoch 33, iters 198
2021-06-07 03:43:25,881 - utils.logger - INFO - End of training epoch 33 / 50 	 Time Taken: 2 sec, Data loading: 0 sec
2021-06-07 03:43:25,881 - utils.logger - INFO - learning rate = 0.0000055
2021-06-07 03:43:26,716 - utils.logger - INFO - Trn result of epoch 33 / 50 mse 0.0172 rmse 0.1311 pcc 0.9293 ccc 0.9026
2021-06-07 03:43:28,264 - utils.logger - INFO - Val result of epoch 33 / 50 mse 0.1410 rmse 0.3755 pcc 0.1913 ccc 0.1520
2021-06-07 03:43:29,106 - utils.logger - INFO - Cur epoch 34 loss MSE:0.0640
2021-06-07 03:43:29,709 - utils.logger - INFO - Cur epoch 34 loss MSE:0.0351
2021-06-07 03:43:30,166 - utils.logger - INFO - Cur epoch 34 loss MSE:0.3246
2021-06-07 03:43:30,166 - utils.logger - INFO - saving the model at the end of epoch 34, iters 204
2021-06-07 03:43:30,721 - utils.logger - INFO - End of training epoch 34 / 50 	 Time Taken: 2 sec, Data loading: 0 sec
2021-06-07 03:43:30,721 - utils.logger - INFO - learning rate = 0.0000052
2021-06-07 03:43:31,467 - utils.logger - INFO - Trn result of epoch 34 / 50 mse 0.0152 rmse 0.1234 pcc 0.9353 ccc 0.9200
2021-06-07 03:43:31,726 - utils.logger - INFO - Val result of epoch 34 / 50 mse 0.1449 rmse 0.3807 pcc 0.2292 ccc 0.1897
2021-06-07 03:43:32,325 - utils.logger - INFO - Cur epoch 35 loss MSE:0.0472
2021-06-07 03:43:32,922 - utils.logger - INFO - Cur epoch 35 loss MSE:0.0316
2021-06-07 03:43:33,409 - utils.logger - INFO - Cur epoch 35 loss MSE:0.7528
2021-06-07 03:43:33,409 - utils.logger - INFO - saving the model at the end of epoch 35, iters 210
2021-06-07 03:43:33,895 - utils.logger - INFO - End of training epoch 35 / 50 	 Time Taken: 2 sec, Data loading: 0 sec
2021-06-07 03:43:33,896 - utils.logger - INFO - learning rate = 0.0000048
2021-06-07 03:43:34,670 - utils.logger - INFO - Trn result of epoch 35 / 50 mse 0.0161 rmse 0.1271 pcc 0.9282 ccc 0.9214
2021-06-07 03:43:34,986 - utils.logger - INFO - Val result of epoch 35 / 50 mse 0.1484 rmse 0.3852 pcc 0.2587 ccc 0.2297
2021-06-07 03:43:35,545 - utils.logger - INFO - Cur epoch 36 loss MSE:0.8157
2021-06-07 03:43:36,146 - utils.logger - INFO - Cur epoch 36 loss MSE:0.0632
2021-06-07 03:43:36,608 - utils.logger - INFO - Cur epoch 36 loss MSE:4.6589
2021-06-07 03:43:36,608 - utils.logger - INFO - saving the model at the end of epoch 36, iters 216
2021-06-07 03:43:37,183 - utils.logger - INFO - End of training epoch 36 / 50 	 Time Taken: 2 sec, Data loading: 0 sec
2021-06-07 03:43:37,183 - utils.logger - INFO - learning rate = 0.0000045
2021-06-07 03:43:37,922 - utils.logger - INFO - Trn result of epoch 36 / 50 mse 0.0148 rmse 0.1216 pcc 0.9380 ccc 0.9200
2021-06-07 03:43:38,183 - utils.logger - INFO - Val result of epoch 36 / 50 mse 0.1441 rmse 0.3796 pcc 0.1342 ccc 0.1083
2021-06-07 03:43:38,830 - utils.logger - INFO - Cur epoch 37 loss MSE:0.0472
2021-06-07 03:43:39,418 - utils.logger - INFO - Cur epoch 37 loss MSE:0.0246
2021-06-07 03:43:39,930 - utils.logger - INFO - Cur epoch 37 loss MSE:0.0203
2021-06-07 03:43:39,931 - utils.logger - INFO - saving the model at the end of epoch 37, iters 222
2021-06-07 03:43:40,524 - utils.logger - INFO - End of training epoch 37 / 50 	 Time Taken: 2 sec, Data loading: 0 sec
2021-06-07 03:43:40,524 - utils.logger - INFO - learning rate = 0.0000042
2021-06-07 03:43:41,299 - utils.logger - INFO - Trn result of epoch 37 / 50 mse 0.0147 rmse 0.1211 pcc 0.9405 ccc 0.9221
2021-06-07 03:43:41,636 - utils.logger - INFO - Val result of epoch 37 / 50 mse 0.1382 rmse 0.3717 pcc 0.2457 ccc 0.1950
2021-06-07 03:43:42,212 - utils.logger - INFO - Cur epoch 38 loss MSE:0.0174
2021-06-07 03:43:42,820 - utils.logger - INFO - Cur epoch 38 loss MSE:0.0279
2021-06-07 03:43:43,271 - utils.logger - INFO - Cur epoch 38 loss MSE:0.6045
2021-06-07 03:43:43,271 - utils.logger - INFO - saving the model at the end of epoch 38, iters 228
2021-06-07 03:43:43,838 - utils.logger - INFO - End of training epoch 38 / 50 	 Time Taken: 2 sec, Data loading: 0 sec
2021-06-07 03:43:43,838 - utils.logger - INFO - learning rate = 0.0000039
2021-06-07 03:43:44,583 - utils.logger - INFO - Trn result of epoch 38 / 50 mse 0.0129 rmse 0.1135 pcc 0.9476 ccc 0.9304
2021-06-07 03:43:44,842 - utils.logger - INFO - Val result of epoch 38 / 50 mse 0.1367 rmse 0.3697 pcc 0.2435 ccc 0.1930
2021-06-07 03:43:45,473 - utils.logger - INFO - Cur epoch 39 loss MSE:0.0420
2021-06-07 03:43:46,103 - utils.logger - INFO - Cur epoch 39 loss MSE:0.0128
2021-06-07 03:43:46,547 - utils.logger - INFO - Cur epoch 39 loss MSE:0.9201
2021-06-07 03:43:46,547 - utils.logger - INFO - saving the model at the end of epoch 39, iters 234
2021-06-07 03:43:47,158 - utils.logger - INFO - End of training epoch 39 / 50 	 Time Taken: 2 sec, Data loading: 0 sec
2021-06-07 03:43:47,158 - utils.logger - INFO - learning rate = 0.0000035
2021-06-07 03:43:47,929 - utils.logger - INFO - Trn result of epoch 39 / 50 mse 0.0116 rmse 0.1077 pcc 0.9501 ccc 0.9427
2021-06-07 03:43:48,265 - utils.logger - INFO - Val result of epoch 39 / 50 mse 0.1396 rmse 0.3737 pcc 0.2654 ccc 0.2202
2021-06-07 03:43:48,869 - utils.logger - INFO - Cur epoch 40 loss MSE:0.0438
2021-06-07 03:43:49,471 - utils.logger - INFO - Cur epoch 40 loss MSE:0.0298
2021-06-07 03:43:49,921 - utils.logger - INFO - Cur epoch 40 loss MSE:0.0079
2021-06-07 03:43:49,922 - utils.logger - INFO - saving the model at the end of epoch 40, iters 240
2021-06-07 03:43:50,394 - utils.logger - INFO - End of training epoch 40 / 50 	 Time Taken: 2 sec, Data loading: 0 sec
2021-06-07 03:43:50,394 - utils.logger - INFO - learning rate = 0.0000032
2021-06-07 03:43:51,123 - utils.logger - INFO - Trn result of epoch 40 / 50 mse 0.0098 rmse 0.0989 pcc 0.9548 ccc 0.9511
2021-06-07 03:43:51,373 - utils.logger - INFO - Val result of epoch 40 / 50 mse 0.1346 rmse 0.3669 pcc 0.2634 ccc 0.2206
2021-06-07 03:43:51,947 - utils.logger - INFO - Cur epoch 41 loss MSE:0.0268
2021-06-07 03:43:52,540 - utils.logger - INFO - Cur epoch 41 loss MSE:0.0460
2021-06-07 03:43:52,998 - utils.logger - INFO - Cur epoch 41 loss MSE:1.1460
2021-06-07 03:43:52,998 - utils.logger - INFO - saving the model at the end of epoch 41, iters 246
2021-06-07 03:43:53,502 - utils.logger - INFO - End of training epoch 41 / 50 	 Time Taken: 2 sec, Data loading: 0 sec
2021-06-07 03:43:53,503 - utils.logger - INFO - learning rate = 0.0000029
2021-06-07 03:43:54,250 - utils.logger - INFO - Trn result of epoch 41 / 50 mse 0.0100 rmse 0.0998 pcc 0.9566 ccc 0.9476
2021-06-07 03:43:54,506 - utils.logger - INFO - Val result of epoch 41 / 50 mse 0.1399 rmse 0.3741 pcc 0.1792 ccc 0.1444
2021-06-07 03:43:55,066 - utils.logger - INFO - Cur epoch 42 loss MSE:0.6820
2021-06-07 03:43:55,660 - utils.logger - INFO - Cur epoch 42 loss MSE:0.0595
2021-06-07 03:43:56,128 - utils.logger - INFO - Cur epoch 42 loss MSE:0.0113
2021-06-07 03:43:56,128 - utils.logger - INFO - saving the model at the end of epoch 42, iters 252
2021-06-07 03:43:57,365 - utils.logger - INFO - End of training epoch 42 / 50 	 Time Taken: 2 sec, Data loading: 0 sec
2021-06-07 03:43:57,366 - utils.logger - INFO - learning rate = 0.0000026
2021-06-07 03:43:58,101 - utils.logger - INFO - Trn result of epoch 42 / 50 mse 0.0092 rmse 0.0960 pcc 0.9584 ccc 0.9539
2021-06-07 03:43:58,398 - utils.logger - INFO - Val result of epoch 42 / 50 mse 0.1403 rmse 0.3746 pcc 0.2271 ccc 0.1899
2021-06-07 03:43:58,985 - utils.logger - INFO - Cur epoch 43 loss MSE:0.0303
2021-06-07 03:43:59,581 - utils.logger - INFO - Cur epoch 43 loss MSE:0.0294
2021-06-07 03:44:00,044 - utils.logger - INFO - Cur epoch 43 loss MSE:0.0789
2021-06-07 03:44:00,044 - utils.logger - INFO - saving the model at the end of epoch 43, iters 258
2021-06-07 03:44:00,515 - utils.logger - INFO - End of training epoch 43 / 50 	 Time Taken: 2 sec, Data loading: 0 sec
2021-06-07 03:44:00,515 - utils.logger - INFO - learning rate = 0.0000023
2021-06-07 03:44:01,285 - utils.logger - INFO - Trn result of epoch 43 / 50 mse 0.0090 rmse 0.0950 pcc 0.9606 ccc 0.9532
2021-06-07 03:44:01,578 - utils.logger - INFO - Val result of epoch 43 / 50 mse 0.1372 rmse 0.3703 pcc 0.2204 ccc 0.1801
2021-06-07 03:44:02,173 - utils.logger - INFO - Cur epoch 44 loss MSE:0.0555
2021-06-07 03:44:02,759 - utils.logger - INFO - Cur epoch 44 loss MSE:0.0001
2021-06-07 03:44:03,204 - utils.logger - INFO - Cur epoch 44 loss MSE:0.6080
2021-06-07 03:44:03,204 - utils.logger - INFO - saving the model at the end of epoch 44, iters 264
2021-06-07 03:44:03,693 - utils.logger - INFO - End of training epoch 44 / 50 	 Time Taken: 2 sec, Data loading: 0 sec
2021-06-07 03:44:03,693 - utils.logger - INFO - learning rate = 0.0000019
2021-06-07 03:44:04,431 - utils.logger - INFO - Trn result of epoch 44 / 50 mse 0.0083 rmse 0.0912 pcc 0.9619 ccc 0.9584
2021-06-07 03:44:04,684 - utils.logger - INFO - Val result of epoch 44 / 50 mse 0.1390 rmse 0.3728 pcc 0.2061 ccc 0.1699
2021-06-07 03:44:05,262 - utils.logger - INFO - Cur epoch 45 loss MSE:0.0115
2021-06-07 03:44:05,888 - utils.logger - INFO - Cur epoch 45 loss MSE:0.0135
2021-06-07 03:44:06,339 - utils.logger - INFO - Cur epoch 45 loss MSE:0.4146
2021-06-07 03:44:06,340 - utils.logger - INFO - saving the model at the end of epoch 45, iters 270
2021-06-07 03:44:06,822 - utils.logger - INFO - End of training epoch 45 / 50 	 Time Taken: 2 sec, Data loading: 0 sec
2021-06-07 03:44:06,822 - utils.logger - INFO - learning rate = 0.0000016
2021-06-07 03:44:07,592 - utils.logger - INFO - Trn result of epoch 45 / 50 mse 0.0085 rmse 0.0922 pcc 0.9617 ccc 0.9573
2021-06-07 03:44:07,916 - utils.logger - INFO - Val result of epoch 45 / 50 mse 0.1364 rmse 0.3694 pcc 0.2284 ccc 0.1875
2021-06-07 03:44:08,497 - utils.logger - INFO - Cur epoch 46 loss MSE:0.0123
2021-06-07 03:44:09,101 - utils.logger - INFO - Cur epoch 46 loss MSE:0.0208
2021-06-07 03:44:09,548 - utils.logger - INFO - Cur epoch 46 loss MSE:0.8867
2021-06-07 03:44:09,548 - utils.logger - INFO - saving the model at the end of epoch 46, iters 276
2021-06-07 03:44:10,028 - utils.logger - INFO - End of training epoch 46 / 50 	 Time Taken: 2 sec, Data loading: 0 sec
2021-06-07 03:44:10,029 - utils.logger - INFO - learning rate = 0.0000013
2021-06-07 03:44:10,777 - utils.logger - INFO - Trn result of epoch 46 / 50 mse 0.0083 rmse 0.0909 pcc 0.9626 ccc 0.9581
2021-06-07 03:44:11,039 - utils.logger - INFO - Val result of epoch 46 / 50 mse 0.1392 rmse 0.3731 pcc 0.1967 ccc 0.1607
2021-06-07 03:44:11,653 - utils.logger - INFO - Cur epoch 47 loss MSE:0.0220
2021-06-07 03:44:12,260 - utils.logger - INFO - Cur epoch 47 loss MSE:0.0133
2021-06-07 03:44:12,737 - utils.logger - INFO - Cur epoch 47 loss MSE:0.0025
2021-06-07 03:44:12,737 - utils.logger - INFO - saving the model at the end of epoch 47, iters 282
2021-06-07 03:44:13,255 - utils.logger - INFO - End of training epoch 47 / 50 	 Time Taken: 2 sec, Data loading: 0 sec
2021-06-07 03:44:13,255 - utils.logger - INFO - learning rate = 0.0000010
2021-06-07 03:44:14,783 - utils.logger - INFO - Trn result of epoch 47 / 50 mse 0.0083 rmse 0.0910 pcc 0.9628 ccc 0.9577
2021-06-07 03:44:15,093 - utils.logger - INFO - Val result of epoch 47 / 50 mse 0.1378 rmse 0.3712 pcc 0.2073 ccc 0.1695
2021-06-07 03:44:15,680 - utils.logger - INFO - Cur epoch 48 loss MSE:0.0383
2021-06-07 03:44:16,279 - utils.logger - INFO - Cur epoch 48 loss MSE:0.0411
2021-06-07 03:44:16,717 - utils.logger - INFO - Cur epoch 48 loss MSE:0.5738
2021-06-07 03:44:16,717 - utils.logger - INFO - saving the model at the end of epoch 48, iters 288
2021-06-07 03:44:17,281 - utils.logger - INFO - End of training epoch 48 / 50 	 Time Taken: 2 sec, Data loading: 0 sec
2021-06-07 03:44:17,281 - utils.logger - INFO - learning rate = 0.0000006
2021-06-07 03:44:18,029 - utils.logger - INFO - Trn result of epoch 48 / 50 mse 0.0081 rmse 0.0898 pcc 0.9645 ccc 0.9591
2021-06-07 03:44:18,281 - utils.logger - INFO - Val result of epoch 48 / 50 mse 0.1366 rmse 0.3696 pcc 0.2251 ccc 0.1827
2021-06-07 03:44:18,853 - utils.logger - INFO - Cur epoch 49 loss MSE:0.0447
2021-06-07 03:44:19,477 - utils.logger - INFO - Cur epoch 49 loss MSE:0.0229
2021-06-07 03:44:19,919 - utils.logger - INFO - Cur epoch 49 loss MSE:0.5882
2021-06-07 03:44:19,919 - utils.logger - INFO - saving the model at the end of epoch 49, iters 294
2021-06-07 03:44:20,490 - utils.logger - INFO - End of training epoch 49 / 50 	 Time Taken: 2 sec, Data loading: 0 sec
2021-06-07 03:44:20,491 - utils.logger - INFO - learning rate = 0.0000003
2021-06-07 03:44:21,251 - utils.logger - INFO - Trn result of epoch 49 / 50 mse 0.0073 rmse 0.0852 pcc 0.9672 ccc 0.9636
2021-06-07 03:44:21,565 - utils.logger - INFO - Val result of epoch 49 / 50 mse 0.1380 rmse 0.3715 pcc 0.2044 ccc 0.1669
2021-06-07 03:44:22,154 - utils.logger - INFO - Cur epoch 50 loss MSE:0.0221
2021-06-07 03:44:22,733 - utils.logger - INFO - Cur epoch 50 loss MSE:0.0202
2021-06-07 03:44:23,175 - utils.logger - INFO - Cur epoch 50 loss MSE:0.4624
2021-06-07 03:44:23,176 - utils.logger - INFO - saving the model at the end of epoch 50, iters 300
2021-06-07 03:44:23,887 - utils.logger - INFO - End of training epoch 50 / 50 	 Time Taken: 2 sec, Data loading: 0 sec
2021-06-07 03:44:23,887 - utils.logger - INFO - learning rate = 0.0000000
2021-06-07 03:44:25,408 - utils.logger - INFO - Trn result of epoch 50 / 50 mse 0.0077 rmse 0.0875 pcc 0.9659 ccc 0.9611
2021-06-07 03:44:25,674 - utils.logger - INFO - Val result of epoch 50 / 50 mse 0.1379 rmse 0.3714 pcc 0.2050 ccc 0.1671
2021-06-07 03:44:25,674 - utils.logger - INFO - Best eval epoch 27 found with ccc 0.250881
2021-06-07 03:44:25,675 - utils.logger - INFO - baseline_earlyfusion_norm_deepspectrum_EDA_hidden1024_seq100_run1
