2021-06-16 14:22:15,358 - utils.logger - INFO - The number of training samples = 41
2021-06-16 14:22:19,204 - utils.logger - INFO - Cur epoch 1 loss ccc:0.1275
2021-06-16 14:22:19,626 - utils.logger - INFO - Cur epoch 1 loss ccc:0.1254
2021-06-16 14:22:19,972 - utils.logger - INFO - Cur epoch 1 loss ccc:1.0000
2021-06-16 14:22:19,972 - utils.logger - INFO - saving the model at the end of epoch 1, iters 6
2021-06-16 14:22:20,263 - utils.logger - INFO - End of training epoch 1 / 60 	 Time Taken: 1 sec, Data loading: 0 sec
2021-06-16 14:22:20,264 - utils.logger - INFO - learning rate = 0.0001000
2021-06-16 14:22:20,721 - utils.logger - INFO - Trn result of epoch 1 / 60 mse 0.1164 rmse 0.3411 pcc -0.0156 ccc -0.0000
2021-06-16 14:22:20,878 - utils.logger - INFO - Val result of epoch 1 / 60 mse 0.1313 rmse 0.3623 pcc -0.0503 ccc -0.0001
2021-06-16 14:22:21,318 - utils.logger - INFO - Cur epoch 2 loss ccc:0.1207
2021-06-16 14:22:21,761 - utils.logger - INFO - Cur epoch 2 loss ccc:0.1256
2021-06-16 14:22:22,109 - utils.logger - INFO - Cur epoch 2 loss ccc:0.9993
2021-06-16 14:22:22,109 - utils.logger - INFO - saving the model at the end of epoch 2, iters 12
2021-06-16 14:22:22,320 - utils.logger - INFO - End of training epoch 2 / 60 	 Time Taken: 1 sec, Data loading: 0 sec
2021-06-16 14:22:22,320 - utils.logger - INFO - learning rate = 0.0001000
2021-06-16 14:22:22,765 - utils.logger - INFO - Trn result of epoch 2 / 60 mse 0.1328 rmse 0.3644 pcc 0.1809 ccc 0.0413
2021-06-16 14:22:22,941 - utils.logger - INFO - Val result of epoch 2 / 60 mse 0.1676 rmse 0.4094 pcc 0.1236 ccc 0.0254
2021-06-16 14:22:23,391 - utils.logger - INFO - Cur epoch 3 loss ccc:0.1223
2021-06-16 14:22:23,810 - utils.logger - INFO - Cur epoch 3 loss ccc:0.1247
2021-06-16 14:22:24,161 - utils.logger - INFO - Cur epoch 3 loss ccc:0.9676
2021-06-16 14:22:24,162 - utils.logger - INFO - saving the model at the end of epoch 3, iters 18
2021-06-16 14:22:24,438 - utils.logger - INFO - End of training epoch 3 / 60 	 Time Taken: 1 sec, Data loading: 0 sec
2021-06-16 14:22:24,439 - utils.logger - INFO - learning rate = 0.0001000
2021-06-16 14:22:24,904 - utils.logger - INFO - Trn result of epoch 3 / 60 mse 0.1606 rmse 0.4008 pcc 0.1625 ccc 0.0373
2021-06-16 14:22:25,073 - utils.logger - INFO - Val result of epoch 3 / 60 mse 0.2005 rmse 0.4477 pcc 0.1108 ccc 0.0230
2021-06-16 14:22:25,524 - utils.logger - INFO - Cur epoch 4 loss ccc:0.1210
2021-06-16 14:22:25,972 - utils.logger - INFO - Cur epoch 4 loss ccc:0.0977
2021-06-16 14:22:26,317 - utils.logger - INFO - Cur epoch 4 loss ccc:0.9827
2021-06-16 14:22:26,317 - utils.logger - INFO - saving the model at the end of epoch 4, iters 24
2021-06-16 14:22:26,587 - utils.logger - INFO - End of training epoch 4 / 60 	 Time Taken: 1 sec, Data loading: 0 sec
2021-06-16 14:22:26,587 - utils.logger - INFO - learning rate = 0.0001000
2021-06-16 14:22:27,007 - utils.logger - INFO - Trn result of epoch 4 / 60 mse 0.1836 rmse 0.4285 pcc 0.1345 ccc 0.0238
2021-06-16 14:22:27,168 - utils.logger - INFO - Val result of epoch 4 / 60 mse 0.2260 rmse 0.4754 pcc 0.0907 ccc 0.0145
2021-06-16 14:22:27,615 - utils.logger - INFO - Cur epoch 5 loss ccc:0.1046
2021-06-16 14:22:28,048 - utils.logger - INFO - Cur epoch 5 loss ccc:0.1129
2021-06-16 14:22:28,419 - utils.logger - INFO - Cur epoch 5 loss ccc:1.0044
2021-06-16 14:22:28,419 - utils.logger - INFO - saving the model at the end of epoch 5, iters 30
2021-06-16 14:22:28,808 - utils.logger - INFO - End of training epoch 5 / 60 	 Time Taken: 1 sec, Data loading: 0 sec
2021-06-16 14:22:28,808 - utils.logger - INFO - learning rate = 0.0001000
2021-06-16 14:22:29,220 - utils.logger - INFO - Trn result of epoch 5 / 60 mse 0.1713 rmse 0.4139 pcc 0.1647 ccc 0.0475
2021-06-16 14:22:29,359 - utils.logger - INFO - Val result of epoch 5 / 60 mse 0.2131 rmse 0.4617 pcc 0.1073 ccc 0.0284
2021-06-16 14:22:29,788 - utils.logger - INFO - Cur epoch 6 loss ccc:0.1167
2021-06-16 14:22:30,206 - utils.logger - INFO - Cur epoch 6 loss ccc:0.1140
2021-06-16 14:22:30,575 - utils.logger - INFO - Cur epoch 6 loss ccc:1.0001
2021-06-16 14:22:30,576 - utils.logger - INFO - saving the model at the end of epoch 6, iters 36
2021-06-16 14:22:30,789 - utils.logger - INFO - End of training epoch 6 / 60 	 Time Taken: 1 sec, Data loading: 0 sec
2021-06-16 14:22:30,789 - utils.logger - INFO - learning rate = 0.0001000
2021-06-16 14:22:31,236 - utils.logger - INFO - Trn result of epoch 6 / 60 mse 0.2007 rmse 0.4481 pcc 0.0738 ccc 0.0077
2021-06-16 14:22:31,393 - utils.logger - INFO - Val result of epoch 6 / 60 mse 0.2446 rmse 0.4946 pcc 0.0515 ccc 0.0046
2021-06-16 14:22:31,808 - utils.logger - INFO - Cur epoch 7 loss ccc:0.1053
2021-06-16 14:22:32,229 - utils.logger - INFO - Cur epoch 7 loss ccc:0.1424
2021-06-16 14:22:32,569 - utils.logger - INFO - Cur epoch 7 loss ccc:0.9797
2021-06-16 14:22:32,570 - utils.logger - INFO - saving the model at the end of epoch 7, iters 42
2021-06-16 14:22:32,851 - utils.logger - INFO - End of training epoch 7 / 60 	 Time Taken: 1 sec, Data loading: 0 sec
2021-06-16 14:22:32,851 - utils.logger - INFO - learning rate = 0.0001000
2021-06-16 14:22:33,270 - utils.logger - INFO - Trn result of epoch 7 / 60 mse 0.1991 rmse 0.4463 pcc 0.0785 ccc 0.0087
2021-06-16 14:22:33,418 - utils.logger - INFO - Val result of epoch 7 / 60 mse 0.2429 rmse 0.4928 pcc 0.0538 ccc 0.0051
2021-06-16 14:22:33,825 - utils.logger - INFO - Cur epoch 8 loss ccc:0.1215
2021-06-16 14:22:34,263 - utils.logger - INFO - Cur epoch 8 loss ccc:0.0968
2021-06-16 14:22:34,618 - utils.logger - INFO - Cur epoch 8 loss ccc:0.9430
2021-06-16 14:22:34,618 - utils.logger - INFO - saving the model at the end of epoch 8, iters 48
2021-06-16 14:22:34,976 - utils.logger - INFO - End of training epoch 8 / 60 	 Time Taken: 1 sec, Data loading: 0 sec
2021-06-16 14:22:34,977 - utils.logger - INFO - learning rate = 0.0001000
2021-06-16 14:22:35,469 - utils.logger - INFO - Trn result of epoch 8 / 60 mse 0.1627 rmse 0.4033 pcc 0.0848 ccc 0.0102
2021-06-16 14:22:35,644 - utils.logger - INFO - Val result of epoch 8 / 60 mse 0.2016 rmse 0.4490 pcc 0.0570 ccc 0.0058
2021-06-16 14:22:36,105 - utils.logger - INFO - Cur epoch 9 loss ccc:0.1159
2021-06-16 14:22:36,534 - utils.logger - INFO - Cur epoch 9 loss ccc:0.0994
2021-06-16 14:22:36,862 - utils.logger - INFO - Cur epoch 9 loss ccc:1.0383
2021-06-16 14:22:36,862 - utils.logger - INFO - saving the model at the end of epoch 9, iters 54
2021-06-16 14:22:37,134 - utils.logger - INFO - End of training epoch 9 / 60 	 Time Taken: 1 sec, Data loading: 0 sec
2021-06-16 14:22:37,134 - utils.logger - INFO - learning rate = 0.0001000
2021-06-16 14:22:37,553 - utils.logger - INFO - Trn result of epoch 9 / 60 mse 0.1811 rmse 0.4255 pcc 0.0153 ccc 0.0042
2021-06-16 14:22:37,701 - utils.logger - INFO - Val result of epoch 9 / 60 mse 0.2199 rmse 0.4690 pcc 0.0615 ccc 0.0132
2021-06-16 14:22:38,115 - utils.logger - INFO - Cur epoch 10 loss ccc:0.1178
2021-06-16 14:22:38,536 - utils.logger - INFO - Cur epoch 10 loss ccc:0.0904
2021-06-16 14:22:38,858 - utils.logger - INFO - Cur epoch 10 loss ccc:0.9942
2021-06-16 14:22:38,858 - utils.logger - INFO - saving the model at the end of epoch 10, iters 60
2021-06-16 14:22:39,105 - utils.logger - INFO - End of training epoch 10 / 60 	 Time Taken: 1 sec, Data loading: 0 sec
2021-06-16 14:22:39,105 - utils.logger - INFO - learning rate = 0.0000980
2021-06-16 14:22:39,556 - utils.logger - INFO - Trn result of epoch 10 / 60 mse 0.1676 rmse 0.4094 pcc 0.0770 ccc 0.0093
2021-06-16 14:22:39,715 - utils.logger - INFO - Val result of epoch 10 / 60 mse 0.2065 rmse 0.4544 pcc 0.0679 ccc 0.0068
2021-06-16 14:22:40,147 - utils.logger - INFO - Cur epoch 11 loss ccc:0.1050
2021-06-16 14:22:40,552 - utils.logger - INFO - Cur epoch 11 loss ccc:0.1316
2021-06-16 14:22:40,898 - utils.logger - INFO - Cur epoch 11 loss ccc:0.9950
2021-06-16 14:22:40,898 - utils.logger - INFO - saving the model at the end of epoch 11, iters 66
2021-06-16 14:22:41,160 - utils.logger - INFO - End of training epoch 11 / 60 	 Time Taken: 1 sec, Data loading: 0 sec
2021-06-16 14:22:41,160 - utils.logger - INFO - learning rate = 0.0000961
2021-06-16 14:22:41,580 - utils.logger - INFO - Trn result of epoch 11 / 60 mse 0.1551 rmse 0.3938 pcc 0.0883 ccc 0.0131
2021-06-16 14:22:41,727 - utils.logger - INFO - Val result of epoch 11 / 60 mse 0.1920 rmse 0.4382 pcc 0.0810 ccc 0.0099
2021-06-16 14:22:42,140 - utils.logger - INFO - Cur epoch 12 loss ccc:0.0986
2021-06-16 14:22:42,567 - utils.logger - INFO - Cur epoch 12 loss ccc:0.1158
2021-06-16 14:22:42,927 - utils.logger - INFO - Cur epoch 12 loss ccc:0.9991
2021-06-16 14:22:42,928 - utils.logger - INFO - saving the model at the end of epoch 12, iters 72
2021-06-16 14:22:43,203 - utils.logger - INFO - End of training epoch 12 / 60 	 Time Taken: 1 sec, Data loading: 0 sec
2021-06-16 14:22:43,203 - utils.logger - INFO - learning rate = 0.0000941
2021-06-16 14:22:43,617 - utils.logger - INFO - Trn result of epoch 12 / 60 mse 0.1715 rmse 0.4141 pcc 0.0913 ccc 0.0161
2021-06-16 14:22:43,763 - utils.logger - INFO - Val result of epoch 12 / 60 mse 0.2105 rmse 0.4588 pcc 0.0786 ccc 0.0125
2021-06-16 14:22:44,193 - utils.logger - INFO - Cur epoch 13 loss ccc:0.1192
2021-06-16 14:22:44,595 - utils.logger - INFO - Cur epoch 13 loss ccc:0.1231
2021-06-16 14:22:44,934 - utils.logger - INFO - Cur epoch 13 loss ccc:1.0053
2021-06-16 14:22:44,934 - utils.logger - INFO - saving the model at the end of epoch 13, iters 78
2021-06-16 14:22:45,189 - utils.logger - INFO - End of training epoch 13 / 60 	 Time Taken: 1 sec, Data loading: 0 sec
2021-06-16 14:22:45,189 - utils.logger - INFO - learning rate = 0.0000922
2021-06-16 14:22:45,596 - utils.logger - INFO - Trn result of epoch 13 / 60 mse 0.1527 rmse 0.3907 pcc 0.0660 ccc 0.0346
2021-06-16 14:22:45,736 - utils.logger - INFO - Val result of epoch 13 / 60 mse 0.1977 rmse 0.4446 pcc -0.0545 ccc -0.0255
2021-06-16 14:22:46,157 - utils.logger - INFO - Cur epoch 14 loss ccc:0.1249
2021-06-16 14:22:46,623 - utils.logger - INFO - Cur epoch 14 loss ccc:0.1080
2021-06-16 14:22:46,982 - utils.logger - INFO - Cur epoch 14 loss ccc:0.9499
2021-06-16 14:22:46,983 - utils.logger - INFO - saving the model at the end of epoch 14, iters 84
2021-06-16 14:22:47,239 - utils.logger - INFO - End of training epoch 14 / 60 	 Time Taken: 1 sec, Data loading: 0 sec
2021-06-16 14:22:47,240 - utils.logger - INFO - learning rate = 0.0000902
2021-06-16 14:22:47,662 - utils.logger - INFO - Trn result of epoch 14 / 60 mse 0.2184 rmse 0.4673 pcc 0.0353 ccc 0.0041
2021-06-16 14:22:47,827 - utils.logger - INFO - Val result of epoch 14 / 60 mse 0.2599 rmse 0.5098 pcc 0.0815 ccc 0.0081
2021-06-16 14:22:48,248 - utils.logger - INFO - Cur epoch 15 loss ccc:0.1248
2021-06-16 14:22:48,679 - utils.logger - INFO - Cur epoch 15 loss ccc:0.1322
2021-06-16 14:22:49,033 - utils.logger - INFO - Cur epoch 15 loss ccc:1.0081
2021-06-16 14:22:49,033 - utils.logger - INFO - saving the model at the end of epoch 15, iters 90
2021-06-16 14:22:49,290 - utils.logger - INFO - End of training epoch 15 / 60 	 Time Taken: 1 sec, Data loading: 0 sec
2021-06-16 14:22:49,290 - utils.logger - INFO - learning rate = 0.0000882
2021-06-16 14:22:49,708 - utils.logger - INFO - Trn result of epoch 15 / 60 mse 0.2172 rmse 0.4660 pcc 0.0710 ccc 0.0103
2021-06-16 14:22:49,867 - utils.logger - INFO - Val result of epoch 15 / 60 mse 0.2603 rmse 0.5102 pcc 0.0859 ccc 0.0106
2021-06-16 14:22:50,301 - utils.logger - INFO - Cur epoch 16 loss ccc:0.1153
2021-06-16 14:22:50,739 - utils.logger - INFO - Cur epoch 16 loss ccc:0.1004
2021-06-16 14:22:51,089 - utils.logger - INFO - Cur epoch 16 loss ccc:1.0016
2021-06-16 14:22:51,089 - utils.logger - INFO - saving the model at the end of epoch 16, iters 96
2021-06-16 14:22:51,301 - utils.logger - INFO - End of training epoch 16 / 60 	 Time Taken: 1 sec, Data loading: 0 sec
2021-06-16 14:22:51,301 - utils.logger - INFO - learning rate = 0.0000863
2021-06-16 14:22:51,712 - utils.logger - INFO - Trn result of epoch 16 / 60 mse 0.2030 rmse 0.4506 pcc 0.0824 ccc 0.0136
2021-06-16 14:22:51,861 - utils.logger - INFO - Val result of epoch 16 / 60 mse 0.2443 rmse 0.4943 pcc 0.0814 ccc 0.0130
2021-06-16 14:22:52,282 - utils.logger - INFO - Cur epoch 17 loss ccc:0.1250
2021-06-16 14:22:52,725 - utils.logger - INFO - Cur epoch 17 loss ccc:0.1030
2021-06-16 14:22:53,048 - utils.logger - INFO - Cur epoch 17 loss ccc:0.9945
2021-06-16 14:22:53,048 - utils.logger - INFO - saving the model at the end of epoch 17, iters 102
2021-06-16 14:22:53,305 - utils.logger - INFO - End of training epoch 17 / 60 	 Time Taken: 1 sec, Data loading: 0 sec
2021-06-16 14:22:53,306 - utils.logger - INFO - learning rate = 0.0000843
2021-06-16 14:22:53,717 - utils.logger - INFO - Trn result of epoch 17 / 60 mse 0.2318 rmse 0.4815 pcc 0.0941 ccc 0.0193
2021-06-16 14:22:53,859 - utils.logger - INFO - Val result of epoch 17 / 60 mse 0.2766 rmse 0.5259 pcc 0.0761 ccc 0.0148
2021-06-16 14:22:54,292 - utils.logger - INFO - Cur epoch 18 loss ccc:0.1268
2021-06-16 14:22:54,712 - utils.logger - INFO - Cur epoch 18 loss ccc:0.1096
2021-06-16 14:22:55,070 - utils.logger - INFO - Cur epoch 18 loss ccc:0.9985
2021-06-16 14:22:55,070 - utils.logger - INFO - saving the model at the end of epoch 18, iters 108
2021-06-16 14:22:55,334 - utils.logger - INFO - End of training epoch 18 / 60 	 Time Taken: 1 sec, Data loading: 0 sec
2021-06-16 14:22:55,334 - utils.logger - INFO - learning rate = 0.0000824
2021-06-16 14:22:55,750 - utils.logger - INFO - Trn result of epoch 18 / 60 mse 0.2362 rmse 0.4860 pcc 0.0837 ccc 0.0165
2021-06-16 14:22:55,897 - utils.logger - INFO - Val result of epoch 18 / 60 mse 0.2801 rmse 0.5293 pcc 0.0826 ccc 0.0153
2021-06-16 14:22:56,330 - utils.logger - INFO - Cur epoch 19 loss ccc:0.1051
2021-06-16 14:22:56,764 - utils.logger - INFO - Cur epoch 19 loss ccc:0.1213
2021-06-16 14:22:57,126 - utils.logger - INFO - Cur epoch 19 loss ccc:0.9828
2021-06-16 14:22:57,126 - utils.logger - INFO - saving the model at the end of epoch 19, iters 114
2021-06-16 14:22:57,345 - utils.logger - INFO - End of training epoch 19 / 60 	 Time Taken: 1 sec, Data loading: 0 sec
2021-06-16 14:22:57,345 - utils.logger - INFO - learning rate = 0.0000804
2021-06-16 14:22:57,769 - utils.logger - INFO - Trn result of epoch 19 / 60 mse 0.2628 rmse 0.5126 pcc 0.0707 ccc 0.0130
2021-06-16 14:22:57,930 - utils.logger - INFO - Val result of epoch 19 / 60 mse 0.3047 rmse 0.5520 pcc 0.0973 ccc 0.0177
2021-06-16 14:22:58,347 - utils.logger - INFO - Cur epoch 20 loss ccc:0.1095
2021-06-16 14:22:58,768 - utils.logger - INFO - Cur epoch 20 loss ccc:0.1389
2021-06-16 14:22:59,124 - utils.logger - INFO - Cur epoch 20 loss ccc:0.3489
2021-06-16 14:22:59,124 - utils.logger - INFO - saving the model at the end of epoch 20, iters 120
2021-06-16 14:22:59,386 - utils.logger - INFO - End of training epoch 20 / 60 	 Time Taken: 1 sec, Data loading: 0 sec
2021-06-16 14:22:59,386 - utils.logger - INFO - learning rate = 0.0000784
2021-06-16 14:22:59,800 - utils.logger - INFO - Trn result of epoch 20 / 60 mse 0.1725 rmse 0.4153 pcc 0.0948 ccc 0.0261
2021-06-16 14:22:59,943 - utils.logger - INFO - Val result of epoch 20 / 60 mse 0.2074 rmse 0.4554 pcc 0.1027 ccc 0.0279
2021-06-16 14:23:00,333 - utils.logger - INFO - Cur epoch 21 loss ccc:0.1096
2021-06-16 14:23:00,746 - utils.logger - INFO - Cur epoch 21 loss ccc:0.1136
2021-06-16 14:23:01,083 - utils.logger - INFO - Cur epoch 21 loss ccc:1.0250
2021-06-16 14:23:01,083 - utils.logger - INFO - saving the model at the end of epoch 21, iters 126
2021-06-16 14:23:01,367 - utils.logger - INFO - End of training epoch 21 / 60 	 Time Taken: 1 sec, Data loading: 0 sec
2021-06-16 14:23:01,367 - utils.logger - INFO - learning rate = 0.0000765
2021-06-16 14:23:01,775 - utils.logger - INFO - Trn result of epoch 21 / 60 mse 0.1785 rmse 0.4225 pcc 0.0304 ccc 0.0146
2021-06-16 14:23:01,921 - utils.logger - INFO - Val result of epoch 21 / 60 mse 0.2198 rmse 0.4688 pcc -0.0466 ccc -0.0229
2021-06-16 14:23:02,339 - utils.logger - INFO - Cur epoch 22 loss ccc:0.1249
2021-06-16 14:23:02,751 - utils.logger - INFO - Cur epoch 22 loss ccc:0.1110
2021-06-16 14:23:03,095 - utils.logger - INFO - Cur epoch 22 loss ccc:0.9806
2021-06-16 14:23:03,096 - utils.logger - INFO - saving the model at the end of epoch 22, iters 132
2021-06-16 14:23:03,360 - utils.logger - INFO - End of training epoch 22 / 60 	 Time Taken: 1 sec, Data loading: 0 sec
2021-06-16 14:23:03,360 - utils.logger - INFO - learning rate = 0.0000745
2021-06-16 14:23:03,799 - utils.logger - INFO - Trn result of epoch 22 / 60 mse 0.1221 rmse 0.3495 pcc 0.0299 ccc 0.0035
2021-06-16 14:23:03,956 - utils.logger - INFO - Val result of epoch 22 / 60 mse 0.1506 rmse 0.3881 pcc 0.0932 ccc 0.0090
2021-06-16 14:23:04,383 - utils.logger - INFO - Cur epoch 23 loss ccc:0.1130
2021-06-16 14:23:04,805 - utils.logger - INFO - Cur epoch 23 loss ccc:0.1398
2021-06-16 14:23:05,155 - utils.logger - INFO - Cur epoch 23 loss ccc:0.8382
2021-06-16 14:23:05,155 - utils.logger - INFO - saving the model at the end of epoch 23, iters 138
2021-06-16 14:23:05,423 - utils.logger - INFO - End of training epoch 23 / 60 	 Time Taken: 1 sec, Data loading: 0 sec
2021-06-16 14:23:05,424 - utils.logger - INFO - learning rate = 0.0000725
2021-06-16 14:23:05,832 - utils.logger - INFO - Trn result of epoch 23 / 60 mse 0.1429 rmse 0.3781 pcc 0.0060 ccc 0.0015
2021-06-16 14:23:05,976 - utils.logger - INFO - Val result of epoch 23 / 60 mse 0.1712 rmse 0.4137 pcc 0.0952 ccc 0.0202
2021-06-16 14:23:06,410 - utils.logger - INFO - Cur epoch 24 loss ccc:0.1010
2021-06-16 14:23:06,822 - utils.logger - INFO - Cur epoch 24 loss ccc:0.1198
2021-06-16 14:23:07,151 - utils.logger - INFO - Cur epoch 24 loss ccc:0.7335
2021-06-16 14:23:07,151 - utils.logger - INFO - saving the model at the end of epoch 24, iters 144
2021-06-16 14:23:07,364 - utils.logger - INFO - End of training epoch 24 / 60 	 Time Taken: 1 sec, Data loading: 0 sec
2021-06-16 14:23:07,364 - utils.logger - INFO - learning rate = 0.0000706
2021-06-16 14:23:07,775 - utils.logger - INFO - Trn result of epoch 24 / 60 mse 0.1223 rmse 0.3497 pcc 0.0204 ccc 0.0076
2021-06-16 14:23:07,922 - utils.logger - INFO - Val result of epoch 24 / 60 mse 0.1436 rmse 0.3790 pcc 0.1152 ccc 0.0371
2021-06-16 14:23:08,351 - utils.logger - INFO - Cur epoch 25 loss ccc:0.1114
2021-06-16 14:23:08,772 - utils.logger - INFO - Cur epoch 25 loss ccc:0.1079
2021-06-16 14:23:09,114 - utils.logger - INFO - Cur epoch 25 loss ccc:0.9233
2021-06-16 14:23:09,115 - utils.logger - INFO - saving the model at the end of epoch 25, iters 150
2021-06-16 14:23:09,385 - utils.logger - INFO - End of training epoch 25 / 60 	 Time Taken: 1 sec, Data loading: 0 sec
2021-06-16 14:23:09,385 - utils.logger - INFO - learning rate = 0.0000686
2021-06-16 14:23:09,799 - utils.logger - INFO - Trn result of epoch 25 / 60 mse 0.1433 rmse 0.3786 pcc 0.0297 ccc 0.0132
2021-06-16 14:23:09,944 - utils.logger - INFO - Val result of epoch 25 / 60 mse 0.1632 rmse 0.4040 pcc 0.1406 ccc 0.0594
2021-06-16 14:23:10,375 - utils.logger - INFO - Cur epoch 26 loss ccc:0.1243
2021-06-16 14:23:10,793 - utils.logger - INFO - Cur epoch 26 loss ccc:0.1118
2021-06-16 14:23:11,155 - utils.logger - INFO - Cur epoch 26 loss ccc:0.6962
2021-06-16 14:23:11,155 - utils.logger - INFO - saving the model at the end of epoch 26, iters 156
2021-06-16 14:23:11,441 - utils.logger - INFO - End of training epoch 26 / 60 	 Time Taken: 1 sec, Data loading: 0 sec
2021-06-16 14:23:11,441 - utils.logger - INFO - learning rate = 0.0000667
2021-06-16 14:23:11,934 - utils.logger - INFO - Trn result of epoch 26 / 60 mse 0.1268 rmse 0.3561 pcc 0.0494 ccc 0.0345
2021-06-16 14:23:12,093 - utils.logger - INFO - Val result of epoch 26 / 60 mse 0.1408 rmse 0.3753 pcc 0.1403 ccc 0.0913
2021-06-16 14:23:12,527 - utils.logger - INFO - Cur epoch 27 loss ccc:0.1333
2021-06-16 14:23:12,918 - utils.logger - INFO - Cur epoch 27 loss ccc:0.1177
2021-06-16 14:23:13,233 - utils.logger - INFO - Cur epoch 27 loss ccc:0.9606
2021-06-16 14:23:13,233 - utils.logger - INFO - saving the model at the end of epoch 27, iters 162
2021-06-16 14:23:13,457 - utils.logger - INFO - End of training epoch 27 / 60 	 Time Taken: 1 sec, Data loading: 0 sec
2021-06-16 14:23:13,457 - utils.logger - INFO - learning rate = 0.0000647
2021-06-16 14:23:13,864 - utils.logger - INFO - Trn result of epoch 27 / 60 mse 0.2230 rmse 0.4722 pcc 0.0399 ccc 0.0233
2021-06-16 14:23:14,004 - utils.logger - INFO - Val result of epoch 27 / 60 mse 0.2476 rmse 0.4975 pcc 0.0803 ccc 0.0495
2021-06-16 14:23:14,423 - utils.logger - INFO - Cur epoch 28 loss ccc:0.1116
2021-06-16 14:23:14,837 - utils.logger - INFO - Cur epoch 28 loss ccc:0.1232
2021-06-16 14:23:15,195 - utils.logger - INFO - Cur epoch 28 loss ccc:0.9956
2021-06-16 14:23:15,195 - utils.logger - INFO - saving the model at the end of epoch 28, iters 168
2021-06-16 14:23:15,450 - utils.logger - INFO - End of training epoch 28 / 60 	 Time Taken: 1 sec, Data loading: 0 sec
2021-06-16 14:23:15,450 - utils.logger - INFO - learning rate = 0.0000627
2021-06-16 14:23:15,861 - utils.logger - INFO - Trn result of epoch 28 / 60 mse 0.2231 rmse 0.4723 pcc 0.0454 ccc 0.0258
2021-06-16 14:23:16,006 - utils.logger - INFO - Val result of epoch 28 / 60 mse 0.2465 rmse 0.4965 pcc 0.0911 ccc 0.0550
2021-06-16 14:23:16,423 - utils.logger - INFO - Cur epoch 29 loss ccc:0.1083
2021-06-16 14:23:16,843 - utils.logger - INFO - Cur epoch 29 loss ccc:0.1157
2021-06-16 14:23:17,190 - utils.logger - INFO - Cur epoch 29 loss ccc:0.7805
2021-06-16 14:23:17,190 - utils.logger - INFO - saving the model at the end of epoch 29, iters 174
2021-06-16 14:23:17,455 - utils.logger - INFO - End of training epoch 29 / 60 	 Time Taken: 1 sec, Data loading: 0 sec
2021-06-16 14:23:17,455 - utils.logger - INFO - learning rate = 0.0000608
2021-06-16 14:23:17,870 - utils.logger - INFO - Trn result of epoch 29 / 60 mse 0.1957 rmse 0.4423 pcc 0.0359 ccc 0.0356
2021-06-16 14:23:18,020 - utils.logger - INFO - Val result of epoch 29 / 60 mse 0.2047 rmse 0.4525 pcc 0.0896 ccc 0.0879
2021-06-16 14:23:18,477 - utils.logger - INFO - Cur epoch 30 loss ccc:0.1157
2021-06-16 14:23:18,934 - utils.logger - INFO - Cur epoch 30 loss ccc:0.1164
2021-06-16 14:23:19,299 - utils.logger - INFO - Cur epoch 30 loss ccc:0.9894
2021-06-16 14:23:19,300 - utils.logger - INFO - saving the model at the end of epoch 30, iters 180
2021-06-16 14:23:19,572 - utils.logger - INFO - End of training epoch 30 / 60 	 Time Taken: 1 sec, Data loading: 0 sec
2021-06-16 14:23:19,573 - utils.logger - INFO - learning rate = 0.0000588
2021-06-16 14:23:20,027 - utils.logger - INFO - Trn result of epoch 30 / 60 mse 0.1479 rmse 0.3846 pcc 0.0386 ccc 0.0338
2021-06-16 14:23:20,188 - utils.logger - INFO - Val result of epoch 30 / 60 mse 0.1690 rmse 0.4111 pcc 0.0646 ccc 0.0553
2021-06-16 14:23:20,611 - utils.logger - INFO - Cur epoch 31 loss ccc:0.1147
2021-06-16 14:23:21,029 - utils.logger - INFO - Cur epoch 31 loss ccc:0.1240
2021-06-16 14:23:21,392 - utils.logger - INFO - Cur epoch 31 loss ccc:0.9873
2021-06-16 14:23:21,393 - utils.logger - INFO - saving the model at the end of epoch 31, iters 186
2021-06-16 14:23:21,666 - utils.logger - INFO - End of training epoch 31 / 60 	 Time Taken: 1 sec, Data loading: 0 sec
2021-06-16 14:23:21,666 - utils.logger - INFO - learning rate = 0.0000569
2021-06-16 14:23:22,100 - utils.logger - INFO - Trn result of epoch 31 / 60 mse 0.1856 rmse 0.4308 pcc 0.0557 ccc 0.0547
2021-06-16 14:23:22,244 - utils.logger - INFO - Val result of epoch 31 / 60 mse 0.1999 rmse 0.4471 pcc 0.0808 ccc 0.0782
2021-06-16 14:23:22,657 - utils.logger - INFO - Cur epoch 32 loss ccc:0.1328
2021-06-16 14:23:23,045 - utils.logger - INFO - Cur epoch 32 loss ccc:0.1243
2021-06-16 14:23:23,393 - utils.logger - INFO - Cur epoch 32 loss ccc:0.9972
2021-06-16 14:23:23,394 - utils.logger - INFO - saving the model at the end of epoch 32, iters 192
2021-06-16 14:23:23,697 - utils.logger - INFO - End of training epoch 32 / 60 	 Time Taken: 1 sec, Data loading: 0 sec
2021-06-16 14:23:23,697 - utils.logger - INFO - learning rate = 0.0000549
2021-06-16 14:23:24,110 - utils.logger - INFO - Trn result of epoch 32 / 60 mse 0.1602 rmse 0.4003 pcc 0.0490 ccc 0.0424
2021-06-16 14:23:24,251 - utils.logger - INFO - Val result of epoch 32 / 60 mse 0.1662 rmse 0.4076 pcc 0.0977 ccc 0.0812
2021-06-16 14:23:24,659 - utils.logger - INFO - Cur epoch 33 loss ccc:0.1028
2021-06-16 14:23:25,059 - utils.logger - INFO - Cur epoch 33 loss ccc:0.1190
2021-06-16 14:23:25,381 - utils.logger - INFO - Cur epoch 33 loss ccc:0.9867
2021-06-16 14:23:25,381 - utils.logger - INFO - saving the model at the end of epoch 33, iters 198
2021-06-16 14:23:25,651 - utils.logger - INFO - End of training epoch 33 / 60 	 Time Taken: 1 sec, Data loading: 0 sec
2021-06-16 14:23:25,651 - utils.logger - INFO - learning rate = 0.0000529
2021-06-16 14:23:26,062 - utils.logger - INFO - Trn result of epoch 33 / 60 mse 0.1779 rmse 0.4218 pcc 0.0565 ccc 0.0514
2021-06-16 14:23:26,204 - utils.logger - INFO - Val result of epoch 33 / 60 mse 0.1810 rmse 0.4254 pcc 0.1144 ccc 0.1027
2021-06-16 14:23:26,622 - utils.logger - INFO - Cur epoch 34 loss ccc:0.1205
2021-06-16 14:23:27,017 - utils.logger - INFO - Cur epoch 34 loss ccc:0.1085
2021-06-16 14:23:27,378 - utils.logger - INFO - Cur epoch 34 loss ccc:0.9924
2021-06-16 14:23:27,378 - utils.logger - INFO - saving the model at the end of epoch 34, iters 204
2021-06-16 14:23:27,649 - utils.logger - INFO - End of training epoch 34 / 60 	 Time Taken: 1 sec, Data loading: 0 sec
2021-06-16 14:23:27,649 - utils.logger - INFO - learning rate = 0.0000510
2021-06-16 14:23:28,098 - utils.logger - INFO - Trn result of epoch 34 / 60 mse 0.1685 rmse 0.4104 pcc 0.0693 ccc 0.0613
2021-06-16 14:23:28,256 - utils.logger - INFO - Val result of epoch 34 / 60 mse 0.1727 rmse 0.4156 pcc 0.1215 ccc 0.1055
2021-06-16 14:23:28,671 - utils.logger - INFO - Cur epoch 35 loss ccc:0.1135
2021-06-16 14:23:29,100 - utils.logger - INFO - Cur epoch 35 loss ccc:0.1213
2021-06-16 14:23:29,455 - utils.logger - INFO - Cur epoch 35 loss ccc:1.0292
2021-06-16 14:23:29,455 - utils.logger - INFO - saving the model at the end of epoch 35, iters 210
2021-06-16 14:23:29,671 - utils.logger - INFO - End of training epoch 35 / 60 	 Time Taken: 1 sec, Data loading: 0 sec
2021-06-16 14:23:29,672 - utils.logger - INFO - learning rate = 0.0000490
2021-06-16 14:23:30,088 - utils.logger - INFO - Trn result of epoch 35 / 60 mse 0.1449 rmse 0.3806 pcc 0.0494 ccc 0.0444
2021-06-16 14:23:30,232 - utils.logger - INFO - Val result of epoch 35 / 60 mse 0.1594 rmse 0.3993 pcc 0.0969 ccc 0.0839
2021-06-16 14:23:30,648 - utils.logger - INFO - Cur epoch 36 loss ccc:0.1246
2021-06-16 14:23:31,071 - utils.logger - INFO - Cur epoch 36 loss ccc:0.1056
2021-06-16 14:23:31,425 - utils.logger - INFO - Cur epoch 36 loss ccc:0.9957
2021-06-16 14:23:31,425 - utils.logger - INFO - saving the model at the end of epoch 36, iters 216
2021-06-16 14:23:31,683 - utils.logger - INFO - End of training epoch 36 / 60 	 Time Taken: 1 sec, Data loading: 0 sec
2021-06-16 14:23:31,683 - utils.logger - INFO - learning rate = 0.0000471
2021-06-16 14:23:32,107 - utils.logger - INFO - Trn result of epoch 36 / 60 mse 0.1431 rmse 0.3782 pcc 0.0502 ccc 0.0445
2021-06-16 14:23:32,256 - utils.logger - INFO - Val result of epoch 36 / 60 mse 0.1586 rmse 0.3982 pcc 0.0953 ccc 0.0813
2021-06-16 14:23:32,665 - utils.logger - INFO - Cur epoch 37 loss ccc:0.1184
2021-06-16 14:23:33,077 - utils.logger - INFO - Cur epoch 37 loss ccc:0.1046
2021-06-16 14:23:33,405 - utils.logger - INFO - Cur epoch 37 loss ccc:0.9916
2021-06-16 14:23:33,405 - utils.logger - INFO - saving the model at the end of epoch 37, iters 222
2021-06-16 14:23:33,668 - utils.logger - INFO - End of training epoch 37 / 60 	 Time Taken: 1 sec, Data loading: 0 sec
2021-06-16 14:23:33,668 - utils.logger - INFO - learning rate = 0.0000451
2021-06-16 14:23:34,137 - utils.logger - INFO - Trn result of epoch 37 / 60 mse 0.1354 rmse 0.3680 pcc 0.0380 ccc 0.0315
2021-06-16 14:23:34,299 - utils.logger - INFO - Val result of epoch 37 / 60 mse 0.1466 rmse 0.3829 pcc 0.1192 ccc 0.0941
2021-06-16 14:23:34,718 - utils.logger - INFO - Cur epoch 38 loss ccc:0.0781
2021-06-16 14:23:35,130 - utils.logger - INFO - Cur epoch 38 loss ccc:0.1248
2021-06-16 14:23:35,474 - utils.logger - INFO - Cur epoch 38 loss ccc:0.9694
2021-06-16 14:23:35,475 - utils.logger - INFO - saving the model at the end of epoch 38, iters 228
2021-06-16 14:23:35,731 - utils.logger - INFO - End of training epoch 38 / 60 	 Time Taken: 1 sec, Data loading: 0 sec
2021-06-16 14:23:35,732 - utils.logger - INFO - learning rate = 0.0000431
2021-06-16 14:23:36,146 - utils.logger - INFO - Trn result of epoch 38 / 60 mse 0.1484 rmse 0.3853 pcc 0.0402 ccc 0.0368
2021-06-16 14:23:36,294 - utils.logger - INFO - Val result of epoch 38 / 60 mse 0.1569 rmse 0.3961 pcc 0.1161 ccc 0.1026
2021-06-16 14:23:36,698 - utils.logger - INFO - Cur epoch 39 loss ccc:0.1100
2021-06-16 14:23:37,111 - utils.logger - INFO - Cur epoch 39 loss ccc:0.1239
2021-06-16 14:23:37,459 - utils.logger - INFO - Cur epoch 39 loss ccc:0.8455
2021-06-16 14:23:37,459 - utils.logger - INFO - saving the model at the end of epoch 39, iters 234
2021-06-16 14:23:37,716 - utils.logger - INFO - End of training epoch 39 / 60 	 Time Taken: 1 sec, Data loading: 0 sec
2021-06-16 14:23:37,716 - utils.logger - INFO - learning rate = 0.0000412
2021-06-16 14:23:38,126 - utils.logger - INFO - Trn result of epoch 39 / 60 mse 0.1452 rmse 0.3811 pcc 0.0399 ccc 0.0353
2021-06-16 14:23:38,275 - utils.logger - INFO - Val result of epoch 39 / 60 mse 0.1520 rmse 0.3899 pcc 0.1220 ccc 0.1043
2021-06-16 14:23:38,695 - utils.logger - INFO - Cur epoch 40 loss ccc:0.1050
2021-06-16 14:23:39,112 - utils.logger - INFO - Cur epoch 40 loss ccc:0.1199
2021-06-16 14:23:39,483 - utils.logger - INFO - Cur epoch 40 loss ccc:1.0236
2021-06-16 14:23:39,483 - utils.logger - INFO - saving the model at the end of epoch 40, iters 240
2021-06-16 14:23:40,281 - utils.logger - INFO - End of training epoch 40 / 60 	 Time Taken: 2 sec, Data loading: 0 sec
2021-06-16 14:23:40,282 - utils.logger - INFO - learning rate = 0.0000392
2021-06-16 14:23:40,698 - utils.logger - INFO - Trn result of epoch 40 / 60 mse 0.1400 rmse 0.3742 pcc 0.0418 ccc 0.0351
2021-06-16 14:23:40,843 - utils.logger - INFO - Val result of epoch 40 / 60 mse 0.1492 rmse 0.3862 pcc 0.1162 ccc 0.0948
2021-06-16 14:23:41,268 - utils.logger - INFO - Cur epoch 41 loss ccc:0.1361
2021-06-16 14:23:41,690 - utils.logger - INFO - Cur epoch 41 loss ccc:0.1066
2021-06-16 14:23:42,029 - utils.logger - INFO - Cur epoch 41 loss ccc:1.0024
2021-06-16 14:23:42,030 - utils.logger - INFO - saving the model at the end of epoch 41, iters 246
2021-06-16 14:23:42,549 - utils.logger - INFO - End of training epoch 41 / 60 	 Time Taken: 1 sec, Data loading: 0 sec
2021-06-16 14:23:42,549 - utils.logger - INFO - learning rate = 0.0000373
2021-06-16 14:23:43,014 - utils.logger - INFO - Trn result of epoch 41 / 60 mse 0.1324 rmse 0.3639 pcc 0.0396 ccc 0.0300
2021-06-16 14:23:43,182 - utils.logger - INFO - Val result of epoch 41 / 60 mse 0.1483 rmse 0.3851 pcc 0.1061 ccc 0.0766
2021-06-16 14:23:43,620 - utils.logger - INFO - Cur epoch 42 loss ccc:0.1085
2021-06-16 14:23:44,054 - utils.logger - INFO - Cur epoch 42 loss ccc:0.1295
2021-06-16 14:23:44,407 - utils.logger - INFO - Cur epoch 42 loss ccc:1.0386
2021-06-16 14:23:44,407 - utils.logger - INFO - saving the model at the end of epoch 42, iters 252
2021-06-16 14:23:44,663 - utils.logger - INFO - End of training epoch 42 / 60 	 Time Taken: 1 sec, Data loading: 0 sec
2021-06-16 14:23:44,663 - utils.logger - INFO - learning rate = 0.0000353
2021-06-16 14:23:45,075 - utils.logger - INFO - Trn result of epoch 42 / 60 mse 0.1305 rmse 0.3613 pcc 0.0398 ccc 0.0317
2021-06-16 14:23:45,223 - utils.logger - INFO - Val result of epoch 42 / 60 mse 0.1415 rmse 0.3762 pcc 0.1198 ccc 0.0908
2021-06-16 14:23:45,639 - utils.logger - INFO - Cur epoch 43 loss ccc:0.1329
2021-06-16 14:23:46,058 - utils.logger - INFO - Cur epoch 43 loss ccc:0.1113
2021-06-16 14:23:46,410 - utils.logger - INFO - Cur epoch 43 loss ccc:0.8837
2021-06-16 14:23:46,410 - utils.logger - INFO - saving the model at the end of epoch 43, iters 258
2021-06-16 14:23:46,669 - utils.logger - INFO - End of training epoch 43 / 60 	 Time Taken: 1 sec, Data loading: 0 sec
2021-06-16 14:23:46,669 - utils.logger - INFO - learning rate = 0.0000333
2021-06-16 14:23:47,088 - utils.logger - INFO - Trn result of epoch 43 / 60 mse 0.1283 rmse 0.3582 pcc 0.0467 ccc 0.0361
2021-06-16 14:23:47,238 - utils.logger - INFO - Val result of epoch 43 / 60 mse 0.1411 rmse 0.3756 pcc 0.1207 ccc 0.0881
2021-06-16 14:23:47,664 - utils.logger - INFO - Cur epoch 44 loss ccc:0.1346
2021-06-16 14:23:48,085 - utils.logger - INFO - Cur epoch 44 loss ccc:0.0936
2021-06-16 14:23:48,415 - utils.logger - INFO - Cur epoch 44 loss ccc:0.9014
2021-06-16 14:23:48,415 - utils.logger - INFO - saving the model at the end of epoch 44, iters 264
2021-06-16 14:23:48,669 - utils.logger - INFO - End of training epoch 44 / 60 	 Time Taken: 1 sec, Data loading: 0 sec
2021-06-16 14:23:48,669 - utils.logger - INFO - learning rate = 0.0000314
2021-06-16 14:23:49,116 - utils.logger - INFO - Trn result of epoch 44 / 60 mse 0.1327 rmse 0.3643 pcc 0.0459 ccc 0.0376
2021-06-16 14:23:49,283 - utils.logger - INFO - Val result of epoch 44 / 60 mse 0.1453 rmse 0.3811 pcc 0.1187 ccc 0.0934
2021-06-16 14:23:49,725 - utils.logger - INFO - Cur epoch 45 loss ccc:0.1011
2021-06-16 14:23:50,148 - utils.logger - INFO - Cur epoch 45 loss ccc:0.1242
2021-06-16 14:23:50,490 - utils.logger - INFO - Cur epoch 45 loss ccc:0.9977
2021-06-16 14:23:50,490 - utils.logger - INFO - saving the model at the end of epoch 45, iters 270
2021-06-16 14:23:50,757 - utils.logger - INFO - End of training epoch 45 / 60 	 Time Taken: 1 sec, Data loading: 0 sec
2021-06-16 14:23:50,757 - utils.logger - INFO - learning rate = 0.0000294
2021-06-16 14:23:51,174 - utils.logger - INFO - Trn result of epoch 45 / 60 mse 0.1350 rmse 0.3674 pcc 0.0422 ccc 0.0320
2021-06-16 14:23:51,322 - utils.logger - INFO - Val result of epoch 45 / 60 mse 0.1511 rmse 0.3887 pcc 0.1115 ccc 0.0811
2021-06-16 14:23:51,765 - utils.logger - INFO - Cur epoch 46 loss ccc:0.1245
2021-06-16 14:23:52,172 - utils.logger - INFO - Cur epoch 46 loss ccc:0.1317
2021-06-16 14:23:52,506 - utils.logger - INFO - Cur epoch 46 loss ccc:0.6268
2021-06-16 14:23:52,507 - utils.logger - INFO - saving the model at the end of epoch 46, iters 276
2021-06-16 14:23:52,782 - utils.logger - INFO - End of training epoch 46 / 60 	 Time Taken: 1 sec, Data loading: 0 sec
2021-06-16 14:23:52,782 - utils.logger - INFO - learning rate = 0.0000275
2021-06-16 14:23:53,194 - utils.logger - INFO - Trn result of epoch 46 / 60 mse 0.1266 rmse 0.3558 pcc 0.0440 ccc 0.0334
2021-06-16 14:23:53,343 - utils.logger - INFO - Val result of epoch 46 / 60 mse 0.1396 rmse 0.3737 pcc 0.1217 ccc 0.0885
2021-06-16 14:23:53,762 - utils.logger - INFO - Cur epoch 47 loss ccc:0.1348
2021-06-16 14:23:54,179 - utils.logger - INFO - Cur epoch 47 loss ccc:0.1079
2021-06-16 14:23:54,516 - utils.logger - INFO - Cur epoch 47 loss ccc:0.9461
2021-06-16 14:23:54,516 - utils.logger - INFO - saving the model at the end of epoch 47, iters 282
2021-06-16 14:23:54,782 - utils.logger - INFO - End of training epoch 47 / 60 	 Time Taken: 1 sec, Data loading: 0 sec
2021-06-16 14:23:54,783 - utils.logger - INFO - learning rate = 0.0000255
2021-06-16 14:23:55,199 - utils.logger - INFO - Trn result of epoch 47 / 60 mse 0.1260 rmse 0.3550 pcc 0.0453 ccc 0.0341
2021-06-16 14:23:55,343 - utils.logger - INFO - Val result of epoch 47 / 60 mse 0.1376 rmse 0.3710 pcc 0.1294 ccc 0.0936
2021-06-16 14:23:55,781 - utils.logger - INFO - Cur epoch 48 loss ccc:0.1299
2021-06-16 14:23:56,198 - utils.logger - INFO - Cur epoch 48 loss ccc:0.1101
2021-06-16 14:23:56,539 - utils.logger - INFO - Cur epoch 48 loss ccc:0.9934
2021-06-16 14:23:56,539 - utils.logger - INFO - saving the model at the end of epoch 48, iters 288
2021-06-16 14:23:56,801 - utils.logger - INFO - End of training epoch 48 / 60 	 Time Taken: 1 sec, Data loading: 0 sec
2021-06-16 14:23:56,802 - utils.logger - INFO - learning rate = 0.0000235
2021-06-16 14:23:57,210 - utils.logger - INFO - Trn result of epoch 48 / 60 mse 0.1273 rmse 0.3568 pcc 0.0458 ccc 0.0344
2021-06-16 14:23:57,354 - utils.logger - INFO - Val result of epoch 48 / 60 mse 0.1376 rmse 0.3710 pcc 0.1321 ccc 0.0957
2021-06-16 14:23:57,770 - utils.logger - INFO - Cur epoch 49 loss ccc:0.1300
2021-06-16 14:23:58,189 - utils.logger - INFO - Cur epoch 49 loss ccc:0.1114
2021-06-16 14:23:58,535 - utils.logger - INFO - Cur epoch 49 loss ccc:0.2653
2021-06-16 14:23:58,535 - utils.logger - INFO - saving the model at the end of epoch 49, iters 294
2021-06-16 14:23:58,795 - utils.logger - INFO - End of training epoch 49 / 60 	 Time Taken: 1 sec, Data loading: 0 sec
2021-06-16 14:23:58,795 - utils.logger - INFO - learning rate = 0.0000216
2021-06-16 14:23:59,207 - utils.logger - INFO - Trn result of epoch 49 / 60 mse 0.1305 rmse 0.3613 pcc 0.0512 ccc 0.0415
2021-06-16 14:23:59,348 - utils.logger - INFO - Val result of epoch 49 / 60 mse 0.1429 rmse 0.3781 pcc 0.1247 ccc 0.0974
2021-06-16 14:23:59,751 - utils.logger - INFO - Cur epoch 50 loss ccc:0.1285
2021-06-16 14:24:00,172 - utils.logger - INFO - Cur epoch 50 loss ccc:0.1372
2021-06-16 14:24:00,519 - utils.logger - INFO - Cur epoch 50 loss ccc:0.8665
2021-06-16 14:24:00,520 - utils.logger - INFO - saving the model at the end of epoch 50, iters 300
2021-06-16 14:24:00,765 - utils.logger - INFO - End of training epoch 50 / 60 	 Time Taken: 1 sec, Data loading: 0 sec
2021-06-16 14:24:00,766 - utils.logger - INFO - learning rate = 0.0000196
2021-06-16 14:24:01,224 - utils.logger - INFO - Trn result of epoch 50 / 60 mse 0.1317 rmse 0.3630 pcc 0.0552 ccc 0.0444
2021-06-16 14:24:01,378 - utils.logger - INFO - Val result of epoch 50 / 60 mse 0.1471 rmse 0.3836 pcc 0.1143 ccc 0.0887
2021-06-16 14:24:01,797 - utils.logger - INFO - Cur epoch 51 loss ccc:0.1297
2021-06-16 14:24:02,206 - utils.logger - INFO - Cur epoch 51 loss ccc:0.1092
2021-06-16 14:24:02,536 - utils.logger - INFO - Cur epoch 51 loss ccc:0.9935
2021-06-16 14:24:02,536 - utils.logger - INFO - saving the model at the end of epoch 51, iters 306
2021-06-16 14:24:02,760 - utils.logger - INFO - End of training epoch 51 / 60 	 Time Taken: 1 sec, Data loading: 0 sec
2021-06-16 14:24:02,760 - utils.logger - INFO - learning rate = 0.0000176
2021-06-16 14:24:03,173 - utils.logger - INFO - Trn result of epoch 51 / 60 mse 0.1328 rmse 0.3644 pcc 0.0555 ccc 0.0452
2021-06-16 14:24:03,317 - utils.logger - INFO - Val result of epoch 51 / 60 mse 0.1479 rmse 0.3845 pcc 0.1146 ccc 0.0899
2021-06-16 14:24:03,732 - utils.logger - INFO - Cur epoch 52 loss ccc:0.1249
2021-06-16 14:24:04,172 - utils.logger - INFO - Cur epoch 52 loss ccc:0.1469
2021-06-16 14:24:04,533 - utils.logger - INFO - Cur epoch 52 loss ccc:0.9928
2021-06-16 14:24:04,533 - utils.logger - INFO - saving the model at the end of epoch 52, iters 312
2021-06-16 14:24:04,808 - utils.logger - INFO - End of training epoch 52 / 60 	 Time Taken: 1 sec, Data loading: 0 sec
2021-06-16 14:24:04,808 - utils.logger - INFO - learning rate = 0.0000157
2021-06-16 14:24:05,226 - utils.logger - INFO - Trn result of epoch 52 / 60 mse 0.1336 rmse 0.3655 pcc 0.0565 ccc 0.0465
2021-06-16 14:24:05,370 - utils.logger - INFO - Val result of epoch 52 / 60 mse 0.1485 rmse 0.3853 pcc 0.1157 ccc 0.0917
2021-06-16 14:24:05,792 - utils.logger - INFO - Cur epoch 53 loss ccc:0.1223
2021-06-16 14:24:06,215 - utils.logger - INFO - Cur epoch 53 loss ccc:0.1195
2021-06-16 14:24:06,566 - utils.logger - INFO - Cur epoch 53 loss ccc:0.9709
2021-06-16 14:24:06,567 - utils.logger - INFO - saving the model at the end of epoch 53, iters 318
2021-06-16 14:24:06,825 - utils.logger - INFO - End of training epoch 53 / 60 	 Time Taken: 1 sec, Data loading: 0 sec
2021-06-16 14:24:06,825 - utils.logger - INFO - learning rate = 0.0000137
2021-06-16 14:24:07,260 - utils.logger - INFO - Trn result of epoch 53 / 60 mse 0.1405 rmse 0.3749 pcc 0.0559 ccc 0.0495
2021-06-16 14:24:07,413 - utils.logger - INFO - Val result of epoch 53 / 60 mse 0.1518 rmse 0.3896 pcc 0.1243 ccc 0.1060
2021-06-16 14:24:07,818 - utils.logger - INFO - Cur epoch 54 loss ccc:0.1307
2021-06-16 14:24:08,234 - utils.logger - INFO - Cur epoch 54 loss ccc:0.1071
2021-06-16 14:24:08,577 - utils.logger - INFO - Cur epoch 54 loss ccc:0.7979
2021-06-16 14:24:08,577 - utils.logger - INFO - saving the model at the end of epoch 54, iters 324
2021-06-16 14:24:08,821 - utils.logger - INFO - End of training epoch 54 / 60 	 Time Taken: 1 sec, Data loading: 0 sec
2021-06-16 14:24:08,822 - utils.logger - INFO - learning rate = 0.0000118
2021-06-16 14:24:09,241 - utils.logger - INFO - Trn result of epoch 54 / 60 mse 0.1409 rmse 0.3753 pcc 0.0623 ccc 0.0531
2021-06-16 14:24:09,389 - utils.logger - INFO - Val result of epoch 54 / 60 mse 0.1562 rmse 0.3952 pcc 0.1154 ccc 0.0953
2021-06-16 14:24:09,803 - utils.logger - INFO - Cur epoch 55 loss ccc:0.1398
2021-06-16 14:24:10,237 - utils.logger - INFO - Cur epoch 55 loss ccc:0.1177
2021-06-16 14:24:10,583 - utils.logger - INFO - Cur epoch 55 loss ccc:0.9759
2021-06-16 14:24:10,583 - utils.logger - INFO - saving the model at the end of epoch 55, iters 330
2021-06-16 14:24:10,846 - utils.logger - INFO - End of training epoch 55 / 60 	 Time Taken: 1 sec, Data loading: 0 sec
2021-06-16 14:24:10,846 - utils.logger - INFO - learning rate = 0.0000098
2021-06-16 14:24:11,263 - utils.logger - INFO - Trn result of epoch 55 / 60 mse 0.1415 rmse 0.3761 pcc 0.0624 ccc 0.0529
2021-06-16 14:24:11,407 - utils.logger - INFO - Val result of epoch 55 / 60 mse 0.1570 rmse 0.3962 pcc 0.1157 ccc 0.0952
2021-06-16 14:24:11,839 - utils.logger - INFO - Cur epoch 56 loss ccc:0.1206
2021-06-16 14:24:12,279 - utils.logger - INFO - Cur epoch 56 loss ccc:0.0812
2021-06-16 14:24:12,640 - utils.logger - INFO - Cur epoch 56 loss ccc:1.0480
2021-06-16 14:24:12,640 - utils.logger - INFO - saving the model at the end of epoch 56, iters 336
2021-06-16 14:24:12,902 - utils.logger - INFO - End of training epoch 56 / 60 	 Time Taken: 1 sec, Data loading: 0 sec
2021-06-16 14:24:12,903 - utils.logger - INFO - learning rate = 0.0000078
2021-06-16 14:24:13,343 - utils.logger - INFO - Trn result of epoch 56 / 60 mse 0.1429 rmse 0.3781 pcc 0.0639 ccc 0.0548
2021-06-16 14:24:13,511 - utils.logger - INFO - Val result of epoch 56 / 60 mse 0.1576 rmse 0.3970 pcc 0.1203 ccc 0.1002
2021-06-16 14:24:13,936 - utils.logger - INFO - Cur epoch 57 loss ccc:0.0977
2021-06-16 14:24:14,364 - utils.logger - INFO - Cur epoch 57 loss ccc:0.1313
2021-06-16 14:24:14,715 - utils.logger - INFO - Cur epoch 57 loss ccc:0.8536
2021-06-16 14:24:14,715 - utils.logger - INFO - saving the model at the end of epoch 57, iters 342
2021-06-16 14:24:14,991 - utils.logger - INFO - End of training epoch 57 / 60 	 Time Taken: 1 sec, Data loading: 0 sec
2021-06-16 14:24:14,991 - utils.logger - INFO - learning rate = 0.0000059
2021-06-16 14:24:15,412 - utils.logger - INFO - Trn result of epoch 57 / 60 mse 0.1454 rmse 0.3813 pcc 0.0667 ccc 0.0594
2021-06-16 14:24:15,554 - utils.logger - INFO - Val result of epoch 57 / 60 mse 0.1600 rmse 0.4000 pcc 0.1183 ccc 0.1026
2021-06-16 14:24:15,985 - utils.logger - INFO - Cur epoch 58 loss ccc:0.1389
2021-06-16 14:24:16,400 - utils.logger - INFO - Cur epoch 58 loss ccc:0.0940
2021-06-16 14:24:16,758 - utils.logger - INFO - Cur epoch 58 loss ccc:0.9752
2021-06-16 14:24:16,758 - utils.logger - INFO - saving the model at the end of epoch 58, iters 348
2021-06-16 14:24:17,022 - utils.logger - INFO - End of training epoch 58 / 60 	 Time Taken: 1 sec, Data loading: 0 sec
2021-06-16 14:24:17,022 - utils.logger - INFO - learning rate = 0.0000039
2021-06-16 14:24:17,442 - utils.logger - INFO - Trn result of epoch 58 / 60 mse 0.1452 rmse 0.3810 pcc 0.0667 ccc 0.0600
2021-06-16 14:24:17,590 - utils.logger - INFO - Val result of epoch 58 / 60 mse 0.1594 rmse 0.3993 pcc 0.1191 ccc 0.1041
2021-06-16 14:24:18,037 - utils.logger - INFO - Cur epoch 59 loss ccc:0.1151
2021-06-16 14:24:18,471 - utils.logger - INFO - Cur epoch 59 loss ccc:0.1269
2021-06-16 14:24:18,842 - utils.logger - INFO - Cur epoch 59 loss ccc:1.5535
2021-06-16 14:24:18,842 - utils.logger - INFO - saving the model at the end of epoch 59, iters 354
2021-06-16 14:24:19,099 - utils.logger - INFO - End of training epoch 59 / 60 	 Time Taken: 1 sec, Data loading: 0 sec
2021-06-16 14:24:19,099 - utils.logger - INFO - learning rate = 0.0000020
2021-06-16 14:24:19,519 - utils.logger - INFO - Trn result of epoch 59 / 60 mse 0.1443 rmse 0.3799 pcc 0.0669 ccc 0.0597
2021-06-16 14:24:19,664 - utils.logger - INFO - Val result of epoch 59 / 60 mse 0.1587 rmse 0.3983 pcc 0.1195 ccc 0.1037
2021-06-16 14:24:20,081 - utils.logger - INFO - Cur epoch 60 loss ccc:0.1145
2021-06-16 14:24:20,490 - utils.logger - INFO - Cur epoch 60 loss ccc:0.1234
2021-06-16 14:24:20,806 - utils.logger - INFO - Cur epoch 60 loss ccc:0.8493
2021-06-16 14:24:20,806 - utils.logger - INFO - saving the model at the end of epoch 60, iters 360
2021-06-16 14:24:21,052 - utils.logger - INFO - End of training epoch 60 / 60 	 Time Taken: 1 sec, Data loading: 0 sec
2021-06-16 14:24:21,052 - utils.logger - INFO - learning rate = 0.0000000
2021-06-16 14:24:21,465 - utils.logger - INFO - Trn result of epoch 60 / 60 mse 0.1447 rmse 0.3804 pcc 0.0666 ccc 0.0596
2021-06-16 14:24:21,607 - utils.logger - INFO - Val result of epoch 60 / 60 mse 0.1586 rmse 0.3983 pcc 0.1211 ccc 0.1052
2021-06-16 14:24:21,607 - utils.logger - INFO - Best eval epoch 53 found with ccc 0.105967
2021-06-16 14:24:21,607 - utils.logger - INFO - baseline_fcfusion_wonorm_wav2vec_EDA_hidden1024_seq100_lr0.0001_cccloss_run2
