2021-06-19 20:56:23,926 - utils.logger - INFO - The number of training samples = 41
2021-06-19 20:56:26,524 - utils.logger - INFO - Cur epoch 1 loss ccc:0.1175
2021-06-19 20:56:26,916 - utils.logger - INFO - Cur epoch 1 loss ccc:0.1250
2021-06-19 20:56:27,251 - utils.logger - INFO - Cur epoch 1 loss ccc:1.0003
2021-06-19 20:56:27,251 - utils.logger - INFO - saving the model at the end of epoch 1, iters 6
2021-06-19 20:56:27,465 - utils.logger - INFO - End of training epoch 1 / 70 	 Time Taken: 1 sec, Data loading: 0 sec
2021-06-19 20:56:27,465 - utils.logger - INFO - learning rate = 0.0005000
2021-06-19 20:56:27,833 - utils.logger - INFO - Trn result of epoch 1 / 70 mse 0.7264 rmse 0.8523 pcc 0.1876 ccc 0.0040
2021-06-19 20:56:27,958 - utils.logger - INFO - Val result of epoch 1 / 70 mse 0.7645 rmse 0.8744 pcc 0.2258 ccc 0.0046
2021-06-19 20:56:28,355 - utils.logger - INFO - Cur epoch 2 loss ccc:0.1285
2021-06-19 20:56:28,760 - utils.logger - INFO - Cur epoch 2 loss ccc:0.1073
2021-06-19 20:56:29,067 - utils.logger - INFO - Cur epoch 2 loss ccc:0.9965
2021-06-19 20:56:29,067 - utils.logger - INFO - saving the model at the end of epoch 2, iters 12
2021-06-19 20:56:29,303 - utils.logger - INFO - End of training epoch 2 / 70 	 Time Taken: 1 sec, Data loading: 0 sec
2021-06-19 20:56:29,303 - utils.logger - INFO - learning rate = 0.0005000
2021-06-19 20:56:29,666 - utils.logger - INFO - Trn result of epoch 2 / 70 mse 0.2859 rmse 0.5347 pcc 0.0542 ccc 0.0016
2021-06-19 20:56:29,806 - utils.logger - INFO - Val result of epoch 2 / 70 mse 0.3054 rmse 0.5526 pcc 0.0571 ccc 0.0015
2021-06-19 20:56:30,178 - utils.logger - INFO - Cur epoch 3 loss ccc:0.1288
2021-06-19 20:56:30,560 - utils.logger - INFO - Cur epoch 3 loss ccc:0.1272
2021-06-19 20:56:30,879 - utils.logger - INFO - Cur epoch 3 loss ccc:0.9983
2021-06-19 20:56:30,879 - utils.logger - INFO - saving the model at the end of epoch 3, iters 18
2021-06-19 20:56:31,127 - utils.logger - INFO - End of training epoch 3 / 70 	 Time Taken: 1 sec, Data loading: 0 sec
2021-06-19 20:56:31,127 - utils.logger - INFO - learning rate = 0.0005000
2021-06-19 20:56:31,496 - utils.logger - INFO - Trn result of epoch 3 / 70 mse 0.5323 rmse 0.7296 pcc 0.0970 ccc 0.0012
2021-06-19 20:56:31,623 - utils.logger - INFO - Val result of epoch 3 / 70 mse 0.5621 rmse 0.7498 pcc 0.1145 ccc 0.0012
2021-06-19 20:56:32,018 - utils.logger - INFO - Cur epoch 4 loss ccc:0.1193
2021-06-19 20:56:32,417 - utils.logger - INFO - Cur epoch 4 loss ccc:0.1250
2021-06-19 20:56:32,747 - utils.logger - INFO - Cur epoch 4 loss ccc:0.9996
2021-06-19 20:56:32,748 - utils.logger - INFO - saving the model at the end of epoch 4, iters 24
2021-06-19 20:56:33,099 - utils.logger - INFO - End of training epoch 4 / 70 	 Time Taken: 1 sec, Data loading: 0 sec
2021-06-19 20:56:33,099 - utils.logger - INFO - learning rate = 0.0005000
2021-06-19 20:56:33,469 - utils.logger - INFO - Trn result of epoch 4 / 70 mse 0.2779 rmse 0.5271 pcc 0.0881 ccc 0.0015
2021-06-19 20:56:33,596 - utils.logger - INFO - Val result of epoch 4 / 70 mse 0.2968 rmse 0.5448 pcc 0.0979 ccc 0.0014
2021-06-19 20:56:33,988 - utils.logger - INFO - Cur epoch 5 loss ccc:0.1025
2021-06-19 20:56:34,391 - utils.logger - INFO - Cur epoch 5 loss ccc:0.1262
2021-06-19 20:56:34,711 - utils.logger - INFO - Cur epoch 5 loss ccc:1.0023
2021-06-19 20:56:34,711 - utils.logger - INFO - saving the model at the end of epoch 5, iters 30
2021-06-19 20:56:34,943 - utils.logger - INFO - End of training epoch 5 / 70 	 Time Taken: 1 sec, Data loading: 0 sec
2021-06-19 20:56:34,943 - utils.logger - INFO - learning rate = 0.0005000
2021-06-19 20:56:35,311 - utils.logger - INFO - Trn result of epoch 5 / 70 mse 0.0522 rmse 0.2285 pcc 0.1074 ccc 0.0004
2021-06-19 20:56:35,447 - utils.logger - INFO - Val result of epoch 5 / 70 mse 0.0423 rmse 0.2056 pcc 0.2276 ccc 0.0009
2021-06-19 20:56:35,820 - utils.logger - INFO - Cur epoch 6 loss ccc:0.1253
2021-06-19 20:56:36,233 - utils.logger - INFO - Cur epoch 6 loss ccc:0.1353
2021-06-19 20:56:36,566 - utils.logger - INFO - Cur epoch 6 loss ccc:1.0078
2021-06-19 20:56:36,566 - utils.logger - INFO - saving the model at the end of epoch 6, iters 36
2021-06-19 20:56:36,800 - utils.logger - INFO - End of training epoch 6 / 70 	 Time Taken: 1 sec, Data loading: 0 sec
2021-06-19 20:56:36,800 - utils.logger - INFO - learning rate = 0.0005000
2021-06-19 20:56:37,160 - utils.logger - INFO - Trn result of epoch 6 / 70 mse 0.1669 rmse 0.4085 pcc -0.1904 ccc -0.0046
2021-06-19 20:56:37,283 - utils.logger - INFO - Val result of epoch 6 / 70 mse 0.1435 rmse 0.3789 pcc -0.1637 ccc -0.0043
2021-06-19 20:56:37,664 - utils.logger - INFO - Cur epoch 7 loss ccc:0.1352
2021-06-19 20:56:38,072 - utils.logger - INFO - Cur epoch 7 loss ccc:0.1215
2021-06-19 20:56:38,398 - utils.logger - INFO - Cur epoch 7 loss ccc:0.9979
2021-06-19 20:56:38,398 - utils.logger - INFO - saving the model at the end of epoch 7, iters 42
2021-06-19 20:56:38,735 - utils.logger - INFO - End of training epoch 7 / 70 	 Time Taken: 1 sec, Data loading: 0 sec
2021-06-19 20:56:38,736 - utils.logger - INFO - learning rate = 0.0005000
2021-06-19 20:56:39,102 - utils.logger - INFO - Trn result of epoch 7 / 70 mse 0.4947 rmse 0.7034 pcc 0.0386 ccc 0.0004
2021-06-19 20:56:39,228 - utils.logger - INFO - Val result of epoch 7 / 70 mse 0.4555 rmse 0.6749 pcc 0.0810 ccc 0.0009
2021-06-19 20:56:39,622 - utils.logger - INFO - Cur epoch 8 loss ccc:0.1236
2021-06-19 20:56:40,006 - utils.logger - INFO - Cur epoch 8 loss ccc:0.1316
2021-06-19 20:56:40,336 - utils.logger - INFO - Cur epoch 8 loss ccc:1.0010
2021-06-19 20:56:40,336 - utils.logger - INFO - saving the model at the end of epoch 8, iters 48
2021-06-19 20:56:40,567 - utils.logger - INFO - End of training epoch 8 / 70 	 Time Taken: 1 sec, Data loading: 0 sec
2021-06-19 20:56:40,567 - utils.logger - INFO - learning rate = 0.0005000
2021-06-19 20:56:40,932 - utils.logger - INFO - Trn result of epoch 8 / 70 mse 1.1335 rmse 1.0647 pcc 0.1289 ccc 0.0014
2021-06-19 20:56:41,059 - utils.logger - INFO - Val result of epoch 8 / 70 mse 1.0751 rmse 1.0368 pcc 0.2081 ccc 0.0022
2021-06-19 20:56:41,453 - utils.logger - INFO - Cur epoch 9 loss ccc:0.1255
2021-06-19 20:56:41,840 - utils.logger - INFO - Cur epoch 9 loss ccc:0.1189
2021-06-19 20:56:42,191 - utils.logger - INFO - Cur epoch 9 loss ccc:0.9997
2021-06-19 20:56:42,191 - utils.logger - INFO - saving the model at the end of epoch 9, iters 54
2021-06-19 20:56:42,423 - utils.logger - INFO - End of training epoch 9 / 70 	 Time Taken: 1 sec, Data loading: 0 sec
2021-06-19 20:56:42,423 - utils.logger - INFO - learning rate = 0.0005000
2021-06-19 20:56:42,779 - utils.logger - INFO - Trn result of epoch 9 / 70 mse 1.0399 rmse 1.0198 pcc 0.1182 ccc 0.0011
2021-06-19 20:56:42,902 - utils.logger - INFO - Val result of epoch 9 / 70 mse 0.9839 rmse 0.9919 pcc 0.1971 ccc 0.0018
2021-06-19 20:56:43,286 - utils.logger - INFO - Cur epoch 10 loss ccc:0.1246
2021-06-19 20:56:43,658 - utils.logger - INFO - Cur epoch 10 loss ccc:0.1242
2021-06-19 20:56:43,980 - utils.logger - INFO - Cur epoch 10 loss ccc:1.0014
2021-06-19 20:56:43,980 - utils.logger - INFO - saving the model at the end of epoch 10, iters 60
2021-06-19 20:56:44,223 - utils.logger - INFO - End of training epoch 10 / 70 	 Time Taken: 1 sec, Data loading: 0 sec
2021-06-19 20:56:44,223 - utils.logger - INFO - learning rate = 0.0005000
2021-06-19 20:56:44,592 - utils.logger - INFO - Trn result of epoch 10 / 70 mse 1.4931 rmse 1.2219 pcc -0.0361 ccc -0.0002
2021-06-19 20:56:44,718 - utils.logger - INFO - Val result of epoch 10 / 70 mse 1.4272 rmse 1.1947 pcc -0.0376 ccc -0.0002
2021-06-19 20:56:45,097 - utils.logger - INFO - Cur epoch 11 loss ccc:0.1170
2021-06-19 20:56:45,485 - utils.logger - INFO - Cur epoch 11 loss ccc:0.1287
2021-06-19 20:56:45,793 - utils.logger - INFO - Cur epoch 11 loss ccc:0.9990
2021-06-19 20:56:45,793 - utils.logger - INFO - saving the model at the end of epoch 11, iters 66
2021-06-19 20:56:46,033 - utils.logger - INFO - End of training epoch 11 / 70 	 Time Taken: 1 sec, Data loading: 0 sec
2021-06-19 20:56:46,033 - utils.logger - INFO - learning rate = 0.0005000
2021-06-19 20:56:46,390 - utils.logger - INFO - Trn result of epoch 11 / 70 mse 1.4878 rmse 1.2197 pcc -0.0584 ccc -0.0004
2021-06-19 20:56:46,513 - utils.logger - INFO - Val result of epoch 11 / 70 mse 1.4222 rmse 1.1925 pcc -0.0730 ccc -0.0005
2021-06-19 20:56:46,899 - utils.logger - INFO - Cur epoch 12 loss ccc:0.1204
2021-06-19 20:56:47,294 - utils.logger - INFO - Cur epoch 12 loss ccc:0.1333
2021-06-19 20:56:47,630 - utils.logger - INFO - Cur epoch 12 loss ccc:1.0253
2021-06-19 20:56:47,631 - utils.logger - INFO - saving the model at the end of epoch 12, iters 72
2021-06-19 20:56:47,871 - utils.logger - INFO - End of training epoch 12 / 70 	 Time Taken: 1 sec, Data loading: 0 sec
2021-06-19 20:56:47,871 - utils.logger - INFO - learning rate = 0.0005000
2021-06-19 20:56:48,227 - utils.logger - INFO - Trn result of epoch 12 / 70 mse 1.8053 rmse 1.3436 pcc -0.0308 ccc -0.0002
2021-06-19 20:56:48,350 - utils.logger - INFO - Val result of epoch 12 / 70 mse 1.7333 rmse 1.3165 pcc -0.0284 ccc -0.0002
2021-06-19 20:56:48,743 - utils.logger - INFO - Cur epoch 13 loss ccc:0.1248
2021-06-19 20:56:49,142 - utils.logger - INFO - Cur epoch 13 loss ccc:0.1161
2021-06-19 20:56:49,463 - utils.logger - INFO - Cur epoch 13 loss ccc:1.0000
2021-06-19 20:56:49,463 - utils.logger - INFO - saving the model at the end of epoch 13, iters 78
2021-06-19 20:56:49,802 - utils.logger - INFO - End of training epoch 13 / 70 	 Time Taken: 1 sec, Data loading: 0 sec
2021-06-19 20:56:49,803 - utils.logger - INFO - learning rate = 0.0005000
2021-06-19 20:56:50,159 - utils.logger - INFO - Trn result of epoch 13 / 70 mse 2.4776 rmse 1.5740 pcc -0.0070 ccc -0.0000
2021-06-19 20:56:50,283 - utils.logger - INFO - Val result of epoch 13 / 70 mse 2.3936 rmse 1.5471 pcc 0.0090 ccc 0.0000
2021-06-19 20:56:50,678 - utils.logger - INFO - Cur epoch 14 loss ccc:0.1249
2021-06-19 20:56:51,042 - utils.logger - INFO - Cur epoch 14 loss ccc:0.1272
2021-06-19 20:56:51,368 - utils.logger - INFO - Cur epoch 14 loss ccc:1.0011
2021-06-19 20:56:51,368 - utils.logger - INFO - saving the model at the end of epoch 14, iters 84
2021-06-19 20:56:51,675 - utils.logger - INFO - End of training epoch 14 / 70 	 Time Taken: 1 sec, Data loading: 0 sec
2021-06-19 20:56:51,675 - utils.logger - INFO - learning rate = 0.0005000
2021-06-19 20:56:52,031 - utils.logger - INFO - Trn result of epoch 14 / 70 mse 2.5587 rmse 1.5996 pcc -0.0168 ccc -0.0001
2021-06-19 20:56:52,157 - utils.logger - INFO - Val result of epoch 14 / 70 mse 2.4734 rmse 1.5727 pcc -0.0057 ccc -0.0000
2021-06-19 20:56:52,542 - utils.logger - INFO - Cur epoch 15 loss ccc:0.1247
2021-06-19 20:56:52,944 - utils.logger - INFO - Cur epoch 15 loss ccc:0.1250
2021-06-19 20:56:53,272 - utils.logger - INFO - Cur epoch 15 loss ccc:1.0000
2021-06-19 20:56:53,272 - utils.logger - INFO - saving the model at the end of epoch 15, iters 90
2021-06-19 20:56:53,506 - utils.logger - INFO - End of training epoch 15 / 70 	 Time Taken: 1 sec, Data loading: 0 sec
2021-06-19 20:56:53,506 - utils.logger - INFO - learning rate = 0.0005000
2021-06-19 20:56:53,864 - utils.logger - INFO - Trn result of epoch 15 / 70 mse 2.4116 rmse 1.5529 pcc -0.0281 ccc -0.0001
2021-06-19 20:56:53,988 - utils.logger - INFO - Val result of epoch 15 / 70 mse 2.3289 rmse 1.5261 pcc -0.0237 ccc -0.0001
2021-06-19 20:56:54,365 - utils.logger - INFO - Cur epoch 16 loss ccc:0.1276
2021-06-19 20:56:54,751 - utils.logger - INFO - Cur epoch 16 loss ccc:0.1161
2021-06-19 20:56:55,089 - utils.logger - INFO - Cur epoch 16 loss ccc:0.9989
2021-06-19 20:56:55,089 - utils.logger - INFO - saving the model at the end of epoch 16, iters 96
2021-06-19 20:56:55,339 - utils.logger - INFO - End of training epoch 16 / 70 	 Time Taken: 1 sec, Data loading: 0 sec
2021-06-19 20:56:55,340 - utils.logger - INFO - learning rate = 0.0005000
2021-06-19 20:56:55,699 - utils.logger - INFO - Trn result of epoch 16 / 70 mse 2.1382 rmse 1.4623 pcc -0.0295 ccc -0.0001
2021-06-19 20:56:55,822 - utils.logger - INFO - Val result of epoch 16 / 70 mse 2.0600 rmse 1.4353 pcc -0.0256 ccc -0.0001
2021-06-19 20:56:56,216 - utils.logger - INFO - Cur epoch 17 loss ccc:0.1242
2021-06-19 20:56:56,603 - utils.logger - INFO - Cur epoch 17 loss ccc:0.1210
2021-06-19 20:56:56,923 - utils.logger - INFO - Cur epoch 17 loss ccc:1.0009
2021-06-19 20:56:56,923 - utils.logger - INFO - saving the model at the end of epoch 17, iters 102
2021-06-19 20:56:57,160 - utils.logger - INFO - End of training epoch 17 / 70 	 Time Taken: 1 sec, Data loading: 0 sec
2021-06-19 20:56:57,160 - utils.logger - INFO - learning rate = 0.0005000
2021-06-19 20:56:57,522 - utils.logger - INFO - Trn result of epoch 17 / 70 mse 2.0007 rmse 1.4145 pcc -0.0347 ccc -0.0002
2021-06-19 20:56:57,649 - utils.logger - INFO - Val result of epoch 17 / 70 mse 1.9250 rmse 1.3874 pcc -0.0334 ccc -0.0002
2021-06-19 20:56:58,037 - utils.logger - INFO - Cur epoch 18 loss ccc:0.1267
2021-06-19 20:56:58,431 - utils.logger - INFO - Cur epoch 18 loss ccc:0.1244
2021-06-19 20:56:58,745 - utils.logger - INFO - Cur epoch 18 loss ccc:1.0002
2021-06-19 20:56:58,745 - utils.logger - INFO - saving the model at the end of epoch 18, iters 108
2021-06-19 20:56:58,980 - utils.logger - INFO - End of training epoch 18 / 70 	 Time Taken: 1 sec, Data loading: 0 sec
2021-06-19 20:56:58,980 - utils.logger - INFO - learning rate = 0.0005000
2021-06-19 20:56:59,337 - utils.logger - INFO - Trn result of epoch 18 / 70 mse 1.8628 rmse 1.3648 pcc -0.0392 ccc -0.0002
2021-06-19 20:56:59,462 - utils.logger - INFO - Val result of epoch 18 / 70 mse 1.7896 rmse 1.3378 pcc -0.0405 ccc -0.0002
2021-06-19 20:56:59,851 - utils.logger - INFO - Cur epoch 19 loss ccc:0.1241
2021-06-19 20:57:00,252 - utils.logger - INFO - Cur epoch 19 loss ccc:0.1289
2021-06-19 20:57:00,581 - utils.logger - INFO - Cur epoch 19 loss ccc:1.0001
2021-06-19 20:57:00,581 - utils.logger - INFO - saving the model at the end of epoch 19, iters 114
2021-06-19 20:57:00,820 - utils.logger - INFO - End of training epoch 19 / 70 	 Time Taken: 1 sec, Data loading: 0 sec
2021-06-19 20:57:00,821 - utils.logger - INFO - learning rate = 0.0005000
2021-06-19 20:57:01,180 - utils.logger - INFO - Trn result of epoch 19 / 70 mse 1.7066 rmse 1.3064 pcc -0.0076 ccc -0.0000
2021-06-19 20:57:01,305 - utils.logger - INFO - Val result of epoch 19 / 70 mse 1.6364 rmse 1.2792 pcc 0.0095 ccc 0.0000
2021-06-19 20:57:01,699 - utils.logger - INFO - Cur epoch 20 loss ccc:0.1189
2021-06-19 20:57:02,077 - utils.logger - INFO - Cur epoch 20 loss ccc:0.1250
2021-06-19 20:57:02,395 - utils.logger - INFO - Cur epoch 20 loss ccc:1.0006
2021-06-19 20:57:02,395 - utils.logger - INFO - saving the model at the end of epoch 20, iters 120
2021-06-19 20:57:02,621 - utils.logger - INFO - End of training epoch 20 / 70 	 Time Taken: 1 sec, Data loading: 0 sec
2021-06-19 20:57:02,622 - utils.logger - INFO - learning rate = 0.0005000
2021-06-19 20:57:02,976 - utils.logger - INFO - Trn result of epoch 20 / 70 mse 1.5779 rmse 1.2561 pcc 0.0059 ccc 0.0000
2021-06-19 20:57:03,100 - utils.logger - INFO - Val result of epoch 20 / 70 mse 1.5100 rmse 1.2288 pcc 0.0304 ccc 0.0002
2021-06-19 20:57:03,481 - utils.logger - INFO - Cur epoch 21 loss ccc:0.1161
2021-06-19 20:57:03,865 - utils.logger - INFO - Cur epoch 21 loss ccc:0.1250
2021-06-19 20:57:04,186 - utils.logger - INFO - Cur epoch 21 loss ccc:0.9967
2021-06-19 20:57:04,186 - utils.logger - INFO - saving the model at the end of epoch 21, iters 126
2021-06-19 20:57:04,417 - utils.logger - INFO - End of training epoch 21 / 70 	 Time Taken: 1 sec, Data loading: 0 sec
2021-06-19 20:57:04,417 - utils.logger - INFO - learning rate = 0.0005000
2021-06-19 20:57:04,777 - utils.logger - INFO - Trn result of epoch 21 / 70 mse 1.3823 rmse 1.1757 pcc -0.0042 ccc -0.0000
2021-06-19 20:57:04,900 - utils.logger - INFO - Val result of epoch 21 / 70 mse 1.3186 rmse 1.1483 pcc 0.0147 ccc 0.0001
2021-06-19 20:57:05,281 - utils.logger - INFO - Cur epoch 22 loss ccc:0.1241
2021-06-19 20:57:05,674 - utils.logger - INFO - Cur epoch 22 loss ccc:0.1226
2021-06-19 20:57:05,989 - utils.logger - INFO - Cur epoch 22 loss ccc:1.0004
2021-06-19 20:57:05,989 - utils.logger - INFO - saving the model at the end of epoch 22, iters 132
2021-06-19 20:57:06,214 - utils.logger - INFO - End of training epoch 22 / 70 	 Time Taken: 1 sec, Data loading: 0 sec
2021-06-19 20:57:06,215 - utils.logger - INFO - learning rate = 0.0005000
2021-06-19 20:57:06,576 - utils.logger - INFO - Trn result of epoch 22 / 70 mse 1.1144 rmse 1.0557 pcc -0.0096 ccc -0.0001
2021-06-19 20:57:06,705 - utils.logger - INFO - Val result of epoch 22 / 70 mse 1.0568 rmse 1.0280 pcc 0.0081 ccc 0.0000
2021-06-19 20:57:07,091 - utils.logger - INFO - Cur epoch 23 loss ccc:0.1197
2021-06-19 20:57:07,476 - utils.logger - INFO - Cur epoch 23 loss ccc:0.1250
2021-06-19 20:57:07,817 - utils.logger - INFO - Cur epoch 23 loss ccc:0.9995
2021-06-19 20:57:07,817 - utils.logger - INFO - saving the model at the end of epoch 23, iters 138
2021-06-19 20:57:08,047 - utils.logger - INFO - End of training epoch 23 / 70 	 Time Taken: 1 sec, Data loading: 0 sec
2021-06-19 20:57:08,047 - utils.logger - INFO - learning rate = 0.0005000
2021-06-19 20:57:08,407 - utils.logger - INFO - Trn result of epoch 23 / 70 mse 0.9875 rmse 0.9937 pcc -0.0186 ccc -0.0001
2021-06-19 20:57:08,531 - utils.logger - INFO - Val result of epoch 23 / 70 mse 0.9330 rmse 0.9659 pcc -0.0024 ccc -0.0000
2021-06-19 20:57:08,925 - utils.logger - INFO - Cur epoch 24 loss ccc:0.1250
2021-06-19 20:57:09,338 - utils.logger - INFO - Cur epoch 24 loss ccc:0.1116
2021-06-19 20:57:09,664 - utils.logger - INFO - Cur epoch 24 loss ccc:1.0026
2021-06-19 20:57:09,664 - utils.logger - INFO - saving the model at the end of epoch 24, iters 144
2021-06-19 20:57:09,946 - utils.logger - INFO - End of training epoch 24 / 70 	 Time Taken: 1 sec, Data loading: 0 sec
2021-06-19 20:57:09,946 - utils.logger - INFO - learning rate = 0.0005000
2021-06-19 20:57:10,310 - utils.logger - INFO - Trn result of epoch 24 / 70 mse 0.9165 rmse 0.9574 pcc 0.0733 ccc 0.0004
2021-06-19 20:57:10,437 - utils.logger - INFO - Val result of epoch 24 / 70 mse 0.8636 rmse 0.9293 pcc 0.1528 ccc 0.0008
2021-06-19 20:57:10,840 - utils.logger - INFO - Cur epoch 25 loss ccc:0.1250
2021-06-19 20:57:11,234 - utils.logger - INFO - Cur epoch 25 loss ccc:0.1335
2021-06-19 20:57:11,555 - utils.logger - INFO - Cur epoch 25 loss ccc:0.9994
2021-06-19 20:57:11,555 - utils.logger - INFO - saving the model at the end of epoch 25, iters 150
2021-06-19 20:57:12,046 - utils.logger - INFO - End of training epoch 25 / 70 	 Time Taken: 1 sec, Data loading: 0 sec
2021-06-19 20:57:12,046 - utils.logger - INFO - learning rate = 0.0005000
2021-06-19 20:57:12,408 - utils.logger - INFO - Trn result of epoch 25 / 70 mse 1.0292 rmse 1.0145 pcc -0.0091 ccc -0.0000
2021-06-19 20:57:12,535 - utils.logger - INFO - Val result of epoch 25 / 70 mse 0.9734 rmse 0.9866 pcc 0.0279 ccc 0.0001
2021-06-19 20:57:12,950 - utils.logger - INFO - Cur epoch 26 loss ccc:0.1175
2021-06-19 20:57:13,359 - utils.logger - INFO - Cur epoch 26 loss ccc:0.1238
2021-06-19 20:57:13,692 - utils.logger - INFO - Cur epoch 26 loss ccc:0.9965
2021-06-19 20:57:13,693 - utils.logger - INFO - saving the model at the end of epoch 26, iters 156
2021-06-19 20:57:13,928 - utils.logger - INFO - End of training epoch 26 / 70 	 Time Taken: 1 sec, Data loading: 0 sec
2021-06-19 20:57:13,928 - utils.logger - INFO - learning rate = 0.0005000
2021-06-19 20:57:14,291 - utils.logger - INFO - Trn result of epoch 26 / 70 mse 0.6800 rmse 0.8246 pcc 0.0052 ccc 0.0000
2021-06-19 20:57:14,416 - utils.logger - INFO - Val result of epoch 26 / 70 mse 0.6342 rmse 0.7963 pcc 0.0526 ccc 0.0002
2021-06-19 20:57:14,800 - utils.logger - INFO - Cur epoch 27 loss ccc:0.1300
2021-06-19 20:57:15,176 - utils.logger - INFO - Cur epoch 27 loss ccc:0.1152
2021-06-19 20:57:15,482 - utils.logger - INFO - Cur epoch 27 loss ccc:1.0001
2021-06-19 20:57:15,482 - utils.logger - INFO - saving the model at the end of epoch 27, iters 162
2021-06-19 20:57:15,725 - utils.logger - INFO - End of training epoch 27 / 70 	 Time Taken: 1 sec, Data loading: 0 sec
2021-06-19 20:57:15,726 - utils.logger - INFO - learning rate = 0.0005000
2021-06-19 20:57:16,083 - utils.logger - INFO - Trn result of epoch 27 / 70 mse 0.2313 rmse 0.4809 pcc 0.0954 ccc 0.0010
2021-06-19 20:57:16,206 - utils.logger - INFO - Val result of epoch 27 / 70 mse 0.2039 rmse 0.4516 pcc 0.1656 ccc 0.0018
2021-06-19 20:57:16,572 - utils.logger - INFO - Cur epoch 28 loss ccc:0.1247
2021-06-19 20:57:16,965 - utils.logger - INFO - Cur epoch 28 loss ccc:0.1480
2021-06-19 20:57:17,304 - utils.logger - INFO - Cur epoch 28 loss ccc:1.0032
2021-06-19 20:57:17,304 - utils.logger - INFO - saving the model at the end of epoch 28, iters 168
2021-06-19 20:57:17,538 - utils.logger - INFO - End of training epoch 28 / 70 	 Time Taken: 1 sec, Data loading: 0 sec
2021-06-19 20:57:17,538 - utils.logger - INFO - learning rate = 0.0005000
2021-06-19 20:57:17,910 - utils.logger - INFO - Trn result of epoch 28 / 70 mse 0.1170 rmse 0.3421 pcc 0.0377 ccc 0.0003
2021-06-19 20:57:18,037 - utils.logger - INFO - Val result of epoch 28 / 70 mse 0.0981 rmse 0.3132 pcc 0.0752 ccc 0.0006
2021-06-19 20:57:18,416 - utils.logger - INFO - Cur epoch 29 loss ccc:0.1254
2021-06-19 20:57:18,845 - utils.logger - INFO - Cur epoch 29 loss ccc:0.1258
2021-06-19 20:57:19,185 - utils.logger - INFO - Cur epoch 29 loss ccc:0.9934
2021-06-19 20:57:19,186 - utils.logger - INFO - saving the model at the end of epoch 29, iters 174
2021-06-19 20:57:19,417 - utils.logger - INFO - End of training epoch 29 / 70 	 Time Taken: 1 sec, Data loading: 0 sec
2021-06-19 20:57:19,417 - utils.logger - INFO - learning rate = 0.0005000
2021-06-19 20:57:19,783 - utils.logger - INFO - Trn result of epoch 29 / 70 mse 0.0502 rmse 0.2240 pcc -0.0589 ccc -0.0004
2021-06-19 20:57:19,909 - utils.logger - INFO - Val result of epoch 29 / 70 mse 0.0409 rmse 0.2022 pcc -0.1010 ccc -0.0007
2021-06-19 20:57:20,282 - utils.logger - INFO - Cur epoch 30 loss ccc:0.1207
2021-06-19 20:57:20,640 - utils.logger - INFO - Cur epoch 30 loss ccc:0.1341
2021-06-19 20:57:20,933 - utils.logger - INFO - Cur epoch 30 loss ccc:0.9996
2021-06-19 20:57:20,933 - utils.logger - INFO - saving the model at the end of epoch 30, iters 180
2021-06-19 20:57:21,164 - utils.logger - INFO - End of training epoch 30 / 70 	 Time Taken: 1 sec, Data loading: 0 sec
2021-06-19 20:57:21,164 - utils.logger - INFO - learning rate = 0.0004878
2021-06-19 20:57:21,521 - utils.logger - INFO - Trn result of epoch 30 / 70 mse 0.4862 rmse 0.6973 pcc 0.0252 ccc 0.0002
2021-06-19 20:57:21,645 - utils.logger - INFO - Val result of epoch 30 / 70 mse 0.4469 rmse 0.6685 pcc 0.0663 ccc 0.0005
2021-06-19 20:57:22,006 - utils.logger - INFO - Cur epoch 31 loss ccc:0.1250
2021-06-19 20:57:22,368 - utils.logger - INFO - Cur epoch 31 loss ccc:0.1188
2021-06-19 20:57:22,677 - utils.logger - INFO - Cur epoch 31 loss ccc:0.9990
2021-06-19 20:57:22,677 - utils.logger - INFO - saving the model at the end of epoch 31, iters 186
2021-06-19 20:57:23,018 - utils.logger - INFO - End of training epoch 31 / 70 	 Time Taken: 1 sec, Data loading: 0 sec
2021-06-19 20:57:23,018 - utils.logger - INFO - learning rate = 0.0004756
2021-06-19 20:57:23,373 - utils.logger - INFO - Trn result of epoch 31 / 70 mse 0.5069 rmse 0.7120 pcc 0.0067 ccc 0.0001
2021-06-19 20:57:23,496 - utils.logger - INFO - Val result of epoch 31 / 70 mse 0.4667 rmse 0.6832 pcc 0.0426 ccc 0.0003
2021-06-19 20:57:23,862 - utils.logger - INFO - Cur epoch 32 loss ccc:0.1241
2021-06-19 20:57:24,223 - utils.logger - INFO - Cur epoch 32 loss ccc:0.1237
2021-06-19 20:57:24,532 - utils.logger - INFO - Cur epoch 32 loss ccc:1.0018
2021-06-19 20:57:24,532 - utils.logger - INFO - saving the model at the end of epoch 32, iters 192
2021-06-19 20:57:24,767 - utils.logger - INFO - End of training epoch 32 / 70 	 Time Taken: 1 sec, Data loading: 0 sec
2021-06-19 20:57:24,767 - utils.logger - INFO - learning rate = 0.0004634
2021-06-19 20:57:25,128 - utils.logger - INFO - Trn result of epoch 32 / 70 mse 0.3601 rmse 0.6001 pcc -0.0992 ccc -0.0010
2021-06-19 20:57:25,254 - utils.logger - INFO - Val result of epoch 32 / 70 mse 0.3256 rmse 0.5706 pcc -0.0976 ccc -0.0009
2021-06-19 20:57:25,643 - utils.logger - INFO - Cur epoch 33 loss ccc:0.1308
2021-06-19 20:57:26,045 - utils.logger - INFO - Cur epoch 33 loss ccc:0.1263
2021-06-19 20:57:26,367 - utils.logger - INFO - Cur epoch 33 loss ccc:0.9940
2021-06-19 20:57:26,367 - utils.logger - INFO - saving the model at the end of epoch 33, iters 198
2021-06-19 20:57:26,693 - utils.logger - INFO - End of training epoch 33 / 70 	 Time Taken: 1 sec, Data loading: 0 sec
2021-06-19 20:57:26,694 - utils.logger - INFO - learning rate = 0.0004512
2021-06-19 20:57:27,046 - utils.logger - INFO - Trn result of epoch 33 / 70 mse 0.3849 rmse 0.6204 pcc 0.0249 ccc 0.0002
2021-06-19 20:57:27,172 - utils.logger - INFO - Val result of epoch 33 / 70 mse 0.3498 rmse 0.5915 pcc 0.0622 ccc 0.0006
2021-06-19 20:57:27,546 - utils.logger - INFO - Cur epoch 34 loss ccc:0.1169
2021-06-19 20:57:27,941 - utils.logger - INFO - Cur epoch 34 loss ccc:0.1250
2021-06-19 20:57:28,262 - utils.logger - INFO - Cur epoch 34 loss ccc:0.9998
2021-06-19 20:57:28,262 - utils.logger - INFO - saving the model at the end of epoch 34, iters 204
2021-06-19 20:57:28,492 - utils.logger - INFO - End of training epoch 34 / 70 	 Time Taken: 1 sec, Data loading: 0 sec
2021-06-19 20:57:28,492 - utils.logger - INFO - learning rate = 0.0004390
2021-06-19 20:57:28,854 - utils.logger - INFO - Trn result of epoch 34 / 70 mse 0.3811 rmse 0.6173 pcc 0.0305 ccc 0.0002
2021-06-19 20:57:28,982 - utils.logger - INFO - Val result of epoch 34 / 70 mse 0.3460 rmse 0.5883 pcc 0.0667 ccc 0.0004
2021-06-19 20:57:29,364 - utils.logger - INFO - Cur epoch 35 loss ccc:0.1302
2021-06-19 20:57:29,751 - utils.logger - INFO - Cur epoch 35 loss ccc:0.1281
2021-06-19 20:57:30,065 - utils.logger - INFO - Cur epoch 35 loss ccc:1.0000
2021-06-19 20:57:30,065 - utils.logger - INFO - saving the model at the end of epoch 35, iters 210
2021-06-19 20:57:30,293 - utils.logger - INFO - End of training epoch 35 / 70 	 Time Taken: 1 sec, Data loading: 0 sec
2021-06-19 20:57:30,293 - utils.logger - INFO - learning rate = 0.0004268
2021-06-19 20:57:30,657 - utils.logger - INFO - Trn result of epoch 35 / 70 mse 0.3494 rmse 0.5911 pcc -0.1011 ccc -0.0007
2021-06-19 20:57:30,783 - utils.logger - INFO - Val result of epoch 35 / 70 mse 0.3161 rmse 0.5622 pcc -0.1510 ccc -0.0010
2021-06-19 20:57:31,173 - utils.logger - INFO - Cur epoch 36 loss ccc:0.1103
2021-06-19 20:57:31,575 - utils.logger - INFO - Cur epoch 36 loss ccc:0.1246
2021-06-19 20:57:31,909 - utils.logger - INFO - Cur epoch 36 loss ccc:0.9863
2021-06-19 20:57:31,910 - utils.logger - INFO - saving the model at the end of epoch 36, iters 216
2021-06-19 20:57:32,285 - utils.logger - INFO - End of training epoch 36 / 70 	 Time Taken: 1 sec, Data loading: 0 sec
2021-06-19 20:57:32,285 - utils.logger - INFO - learning rate = 0.0004146
2021-06-19 20:57:32,648 - utils.logger - INFO - Trn result of epoch 36 / 70 mse 0.2640 rmse 0.5138 pcc 0.0074 ccc 0.0001
2021-06-19 20:57:32,774 - utils.logger - INFO - Val result of epoch 36 / 70 mse 0.2347 rmse 0.4845 pcc 0.0387 ccc 0.0003
2021-06-19 20:57:33,161 - utils.logger - INFO - Cur epoch 37 loss ccc:0.1304
2021-06-19 20:57:33,567 - utils.logger - INFO - Cur epoch 37 loss ccc:0.1104
2021-06-19 20:57:33,925 - utils.logger - INFO - Cur epoch 37 loss ccc:1.0003
2021-06-19 20:57:33,925 - utils.logger - INFO - saving the model at the end of epoch 37, iters 222
2021-06-19 20:57:34,155 - utils.logger - INFO - End of training epoch 37 / 70 	 Time Taken: 1 sec, Data loading: 0 sec
2021-06-19 20:57:34,155 - utils.logger - INFO - learning rate = 0.0004024
2021-06-19 20:57:34,516 - utils.logger - INFO - Trn result of epoch 37 / 70 mse 0.2386 rmse 0.4885 pcc -0.0708 ccc -0.0004
2021-06-19 20:57:34,642 - utils.logger - INFO - Val result of epoch 37 / 70 mse 0.2105 rmse 0.4588 pcc -0.0434 ccc -0.0003
2021-06-19 20:57:35,028 - utils.logger - INFO - Cur epoch 38 loss ccc:0.1289
2021-06-19 20:57:35,419 - utils.logger - INFO - Cur epoch 38 loss ccc:0.1327
2021-06-19 20:57:35,737 - utils.logger - INFO - Cur epoch 38 loss ccc:0.9670
2021-06-19 20:57:35,737 - utils.logger - INFO - saving the model at the end of epoch 38, iters 228
2021-06-19 20:57:35,960 - utils.logger - INFO - End of training epoch 38 / 70 	 Time Taken: 1 sec, Data loading: 0 sec
2021-06-19 20:57:35,960 - utils.logger - INFO - learning rate = 0.0003902
2021-06-19 20:57:36,316 - utils.logger - INFO - Trn result of epoch 38 / 70 mse 0.4356 rmse 0.6600 pcc -0.0191 ccc -0.0001
2021-06-19 20:57:36,440 - utils.logger - INFO - Val result of epoch 38 / 70 mse 0.3986 rmse 0.6314 pcc 0.0055 ccc 0.0000
2021-06-19 20:57:36,835 - utils.logger - INFO - Cur epoch 39 loss ccc:0.1333
2021-06-19 20:57:37,214 - utils.logger - INFO - Cur epoch 39 loss ccc:0.1349
2021-06-19 20:57:37,512 - utils.logger - INFO - Cur epoch 39 loss ccc:1.0013
2021-06-19 20:57:37,512 - utils.logger - INFO - saving the model at the end of epoch 39, iters 234
2021-06-19 20:57:37,732 - utils.logger - INFO - End of training epoch 39 / 70 	 Time Taken: 1 sec, Data loading: 0 sec
2021-06-19 20:57:37,732 - utils.logger - INFO - learning rate = 0.0003780
2021-06-19 20:57:38,091 - utils.logger - INFO - Trn result of epoch 39 / 70 mse 0.3196 rmse 0.5654 pcc -0.0119 ccc -0.0001
2021-06-19 20:57:38,213 - utils.logger - INFO - Val result of epoch 39 / 70 mse 0.2877 rmse 0.5364 pcc 0.0201 ccc 0.0001
2021-06-19 20:57:38,589 - utils.logger - INFO - Cur epoch 40 loss ccc:0.1250
2021-06-19 20:57:38,956 - utils.logger - INFO - Cur epoch 40 loss ccc:0.1352
2021-06-19 20:57:39,279 - utils.logger - INFO - Cur epoch 40 loss ccc:0.9834
2021-06-19 20:57:39,279 - utils.logger - INFO - saving the model at the end of epoch 40, iters 240
2021-06-19 20:57:39,743 - utils.logger - INFO - End of training epoch 40 / 70 	 Time Taken: 1 sec, Data loading: 0 sec
2021-06-19 20:57:39,743 - utils.logger - INFO - learning rate = 0.0003659
2021-06-19 20:57:40,109 - utils.logger - INFO - Trn result of epoch 40 / 70 mse 0.2302 rmse 0.4798 pcc -0.0198 ccc -0.0001
2021-06-19 20:57:40,236 - utils.logger - INFO - Val result of epoch 40 / 70 mse 0.2030 rmse 0.4506 pcc 0.0077 ccc 0.0000
2021-06-19 20:57:40,623 - utils.logger - INFO - Cur epoch 41 loss ccc:0.1252
2021-06-19 20:57:41,021 - utils.logger - INFO - Cur epoch 41 loss ccc:0.1246
2021-06-19 20:57:41,340 - utils.logger - INFO - Cur epoch 41 loss ccc:1.0038
2021-06-19 20:57:41,340 - utils.logger - INFO - saving the model at the end of epoch 41, iters 246
2021-06-19 20:57:41,657 - utils.logger - INFO - End of training epoch 41 / 70 	 Time Taken: 1 sec, Data loading: 0 sec
2021-06-19 20:57:41,658 - utils.logger - INFO - learning rate = 0.0003537
2021-06-19 20:57:42,018 - utils.logger - INFO - Trn result of epoch 41 / 70 mse 0.1089 rmse 0.3300 pcc -0.0443 ccc -0.0003
2021-06-19 20:57:42,142 - utils.logger - INFO - Val result of epoch 41 / 70 mse 0.0907 rmse 0.3012 pcc -0.0143 ccc -0.0001
2021-06-19 20:57:42,540 - utils.logger - INFO - Cur epoch 42 loss ccc:0.1014
2021-06-19 20:57:42,926 - utils.logger - INFO - Cur epoch 42 loss ccc:0.1350
2021-06-19 20:57:43,244 - utils.logger - INFO - Cur epoch 42 loss ccc:0.9853
2021-06-19 20:57:43,244 - utils.logger - INFO - saving the model at the end of epoch 42, iters 252
2021-06-19 20:57:43,560 - utils.logger - INFO - End of training epoch 42 / 70 	 Time Taken: 1 sec, Data loading: 0 sec
2021-06-19 20:57:43,560 - utils.logger - INFO - learning rate = 0.0003415
2021-06-19 20:57:43,922 - utils.logger - INFO - Trn result of epoch 42 / 70 mse 0.0633 rmse 0.2517 pcc -0.1597 ccc -0.0004
2021-06-19 20:57:44,046 - utils.logger - INFO - Val result of epoch 42 / 70 mse 0.0510 rmse 0.2258 pcc -0.1405 ccc -0.0003
2021-06-19 20:57:44,416 - utils.logger - INFO - Cur epoch 43 loss ccc:0.1224
2021-06-19 20:57:44,782 - utils.logger - INFO - Cur epoch 43 loss ccc:0.1223
2021-06-19 20:57:45,108 - utils.logger - INFO - Cur epoch 43 loss ccc:0.9897
2021-06-19 20:57:45,108 - utils.logger - INFO - saving the model at the end of epoch 43, iters 258
2021-06-19 20:57:45,337 - utils.logger - INFO - End of training epoch 43 / 70 	 Time Taken: 1 sec, Data loading: 0 sec
2021-06-19 20:57:45,338 - utils.logger - INFO - learning rate = 0.0003293
2021-06-19 20:57:45,702 - utils.logger - INFO - Trn result of epoch 43 / 70 mse 0.0826 rmse 0.2874 pcc -0.0706 ccc -0.0004
2021-06-19 20:57:45,828 - utils.logger - INFO - Val result of epoch 43 / 70 mse 0.0673 rmse 0.2594 pcc 0.0108 ccc 0.0001
2021-06-19 20:57:46,232 - utils.logger - INFO - Cur epoch 44 loss ccc:0.1193
2021-06-19 20:57:46,623 - utils.logger - INFO - Cur epoch 44 loss ccc:0.1295
2021-06-19 20:57:46,954 - utils.logger - INFO - Cur epoch 44 loss ccc:0.9994
2021-06-19 20:57:46,954 - utils.logger - INFO - saving the model at the end of epoch 44, iters 264
2021-06-19 20:57:47,191 - utils.logger - INFO - End of training epoch 44 / 70 	 Time Taken: 1 sec, Data loading: 0 sec
2021-06-19 20:57:47,192 - utils.logger - INFO - learning rate = 0.0003171
2021-06-19 20:57:47,552 - utils.logger - INFO - Trn result of epoch 44 / 70 mse 0.0521 rmse 0.2283 pcc -0.1630 ccc -0.0019
2021-06-19 20:57:47,678 - utils.logger - INFO - Val result of epoch 44 / 70 mse 0.0422 rmse 0.2053 pcc -0.1500 ccc -0.0014
2021-06-19 20:57:48,057 - utils.logger - INFO - Cur epoch 45 loss ccc:0.1251
2021-06-19 20:57:48,436 - utils.logger - INFO - Cur epoch 45 loss ccc:0.1163
2021-06-19 20:57:48,733 - utils.logger - INFO - Cur epoch 45 loss ccc:1.0001
2021-06-19 20:57:48,733 - utils.logger - INFO - saving the model at the end of epoch 45, iters 270
2021-06-19 20:57:48,960 - utils.logger - INFO - End of training epoch 45 / 70 	 Time Taken: 1 sec, Data loading: 0 sec
2021-06-19 20:57:48,960 - utils.logger - INFO - learning rate = 0.0003049
2021-06-19 20:57:49,317 - utils.logger - INFO - Trn result of epoch 45 / 70 mse 0.0464 rmse 0.2155 pcc -0.0108 ccc -0.0001
2021-06-19 20:57:49,440 - utils.logger - INFO - Val result of epoch 45 / 70 mse 0.0436 rmse 0.2089 pcc -0.0069 ccc -0.0001
2021-06-19 20:57:49,820 - utils.logger - INFO - Cur epoch 46 loss ccc:0.1260
2021-06-19 20:57:50,200 - utils.logger - INFO - Cur epoch 46 loss ccc:0.1259
2021-06-19 20:57:50,527 - utils.logger - INFO - Cur epoch 46 loss ccc:0.9840
2021-06-19 20:57:50,527 - utils.logger - INFO - saving the model at the end of epoch 46, iters 276
2021-06-19 20:57:50,765 - utils.logger - INFO - End of training epoch 46 / 70 	 Time Taken: 1 sec, Data loading: 0 sec
2021-06-19 20:57:50,766 - utils.logger - INFO - learning rate = 0.0002927
2021-06-19 20:57:51,119 - utils.logger - INFO - Trn result of epoch 46 / 70 mse 0.1043 rmse 0.3229 pcc 0.1079 ccc 0.0033
2021-06-19 20:57:51,242 - utils.logger - INFO - Val result of epoch 46 / 70 mse 0.1108 rmse 0.3329 pcc 0.0758 ccc 0.0018
2021-06-19 20:57:51,639 - utils.logger - INFO - Cur epoch 47 loss ccc:0.1183
2021-06-19 20:57:52,039 - utils.logger - INFO - Cur epoch 47 loss ccc:0.1258
2021-06-19 20:57:52,369 - utils.logger - INFO - Cur epoch 47 loss ccc:0.9798
2021-06-19 20:57:52,370 - utils.logger - INFO - saving the model at the end of epoch 47, iters 282
2021-06-19 20:57:52,705 - utils.logger - INFO - End of training epoch 47 / 70 	 Time Taken: 1 sec, Data loading: 0 sec
2021-06-19 20:57:52,705 - utils.logger - INFO - learning rate = 0.0002805
2021-06-19 20:57:53,064 - utils.logger - INFO - Trn result of epoch 47 / 70 mse 0.1288 rmse 0.3588 pcc 0.2393 ccc 0.0163
2021-06-19 20:57:53,187 - utils.logger - INFO - Val result of epoch 47 / 70 mse 0.1364 rmse 0.3693 pcc 0.2838 ccc 0.0173
2021-06-19 20:57:53,568 - utils.logger - INFO - Cur epoch 48 loss ccc:0.1108
2021-06-19 20:57:53,972 - utils.logger - INFO - Cur epoch 48 loss ccc:0.1324
2021-06-19 20:57:54,302 - utils.logger - INFO - Cur epoch 48 loss ccc:1.0017
2021-06-19 20:57:54,302 - utils.logger - INFO - saving the model at the end of epoch 48, iters 288
2021-06-19 20:57:54,533 - utils.logger - INFO - End of training epoch 48 / 70 	 Time Taken: 1 sec, Data loading: 0 sec
2021-06-19 20:57:54,533 - utils.logger - INFO - learning rate = 0.0002683
2021-06-19 20:57:54,891 - utils.logger - INFO - Trn result of epoch 48 / 70 mse 0.2286 rmse 0.4781 pcc 0.2161 ccc 0.0046
2021-06-19 20:57:55,013 - utils.logger - INFO - Val result of epoch 48 / 70 mse 0.2036 rmse 0.4512 pcc 0.2627 ccc 0.0050
2021-06-19 20:57:55,402 - utils.logger - INFO - Cur epoch 49 loss ccc:0.1351
2021-06-19 20:57:55,783 - utils.logger - INFO - Cur epoch 49 loss ccc:0.1250
2021-06-19 20:57:56,128 - utils.logger - INFO - Cur epoch 49 loss ccc:1.0001
2021-06-19 20:57:56,128 - utils.logger - INFO - saving the model at the end of epoch 49, iters 294
2021-06-19 20:57:56,354 - utils.logger - INFO - End of training epoch 49 / 70 	 Time Taken: 1 sec, Data loading: 0 sec
2021-06-19 20:57:56,354 - utils.logger - INFO - learning rate = 0.0002561
2021-06-19 20:57:56,709 - utils.logger - INFO - Trn result of epoch 49 / 70 mse 0.0557 rmse 0.2361 pcc 0.1785 ccc 0.0015
2021-06-19 20:57:56,836 - utils.logger - INFO - Val result of epoch 49 / 70 mse 0.0449 rmse 0.2119 pcc 0.2514 ccc 0.0025
2021-06-19 20:57:57,226 - utils.logger - INFO - Cur epoch 50 loss ccc:0.1248
2021-06-19 20:57:57,626 - utils.logger - INFO - Cur epoch 50 loss ccc:0.1199
2021-06-19 20:57:57,961 - utils.logger - INFO - Cur epoch 50 loss ccc:1.0003
2021-06-19 20:57:57,961 - utils.logger - INFO - saving the model at the end of epoch 50, iters 300
2021-06-19 20:57:58,269 - utils.logger - INFO - End of training epoch 50 / 70 	 Time Taken: 1 sec, Data loading: 0 sec
2021-06-19 20:57:58,269 - utils.logger - INFO - learning rate = 0.0002439
2021-06-19 20:57:58,628 - utils.logger - INFO - Trn result of epoch 50 / 70 mse 0.0660 rmse 0.2569 pcc 0.1565 ccc 0.0021
2021-06-19 20:57:58,756 - utils.logger - INFO - Val result of epoch 50 / 70 mse 0.0532 rmse 0.2306 pcc 0.2236 ccc 0.0034
2021-06-19 20:57:59,154 - utils.logger - INFO - Cur epoch 51 loss ccc:0.1202
2021-06-19 20:57:59,531 - utils.logger - INFO - Cur epoch 51 loss ccc:0.1189
2021-06-19 20:57:59,849 - utils.logger - INFO - Cur epoch 51 loss ccc:1.0008
2021-06-19 20:57:59,849 - utils.logger - INFO - saving the model at the end of epoch 51, iters 306
2021-06-19 20:58:00,074 - utils.logger - INFO - End of training epoch 51 / 70 	 Time Taken: 1 sec, Data loading: 0 sec
2021-06-19 20:58:00,074 - utils.logger - INFO - learning rate = 0.0002317
2021-06-19 20:58:00,430 - utils.logger - INFO - Trn result of epoch 51 / 70 mse 0.0473 rmse 0.2175 pcc -0.0371 ccc -0.0005
2021-06-19 20:58:00,553 - utils.logger - INFO - Val result of epoch 51 / 70 mse 0.0390 rmse 0.1975 pcc 0.0397 ccc 0.0006
2021-06-19 20:58:00,929 - utils.logger - INFO - Cur epoch 52 loss ccc:0.1234
2021-06-19 20:58:01,317 - utils.logger - INFO - Cur epoch 52 loss ccc:0.1334
2021-06-19 20:58:01,642 - utils.logger - INFO - Cur epoch 52 loss ccc:1.0019
2021-06-19 20:58:01,642 - utils.logger - INFO - saving the model at the end of epoch 52, iters 312
2021-06-19 20:58:01,860 - utils.logger - INFO - End of training epoch 52 / 70 	 Time Taken: 1 sec, Data loading: 0 sec
2021-06-19 20:58:01,860 - utils.logger - INFO - learning rate = 0.0002195
2021-06-19 20:58:02,220 - utils.logger - INFO - Trn result of epoch 52 / 70 mse 0.0823 rmse 0.2869 pcc -0.0445 ccc -0.0004
2021-06-19 20:58:02,343 - utils.logger - INFO - Val result of epoch 52 / 70 mse 0.0670 rmse 0.2588 pcc 0.0476 ccc 0.0005
2021-06-19 20:58:02,730 - utils.logger - INFO - Cur epoch 53 loss ccc:0.1387
2021-06-19 20:58:03,099 - utils.logger - INFO - Cur epoch 53 loss ccc:0.1253
2021-06-19 20:58:03,438 - utils.logger - INFO - Cur epoch 53 loss ccc:1.0140
2021-06-19 20:58:03,438 - utils.logger - INFO - saving the model at the end of epoch 53, iters 318
2021-06-19 20:58:03,743 - utils.logger - INFO - End of training epoch 53 / 70 	 Time Taken: 1 sec, Data loading: 0 sec
2021-06-19 20:58:03,744 - utils.logger - INFO - learning rate = 0.0002073
2021-06-19 20:58:04,115 - utils.logger - INFO - Trn result of epoch 53 / 70 mse 0.0760 rmse 0.2756 pcc 0.0245 ccc 0.0002
2021-06-19 20:58:04,243 - utils.logger - INFO - Val result of epoch 53 / 70 mse 0.0616 rmse 0.2481 pcc 0.0910 ccc 0.0007
2021-06-19 20:58:04,622 - utils.logger - INFO - Cur epoch 54 loss ccc:0.1269
2021-06-19 20:58:05,007 - utils.logger - INFO - Cur epoch 54 loss ccc:0.1274
2021-06-19 20:58:05,331 - utils.logger - INFO - Cur epoch 54 loss ccc:1.0000
2021-06-19 20:58:05,331 - utils.logger - INFO - saving the model at the end of epoch 54, iters 324
2021-06-19 20:58:05,562 - utils.logger - INFO - End of training epoch 54 / 70 	 Time Taken: 1 sec, Data loading: 0 sec
2021-06-19 20:58:05,562 - utils.logger - INFO - learning rate = 0.0001951
2021-06-19 20:58:05,921 - utils.logger - INFO - Trn result of epoch 54 / 70 mse 0.0845 rmse 0.2907 pcc -0.0508 ccc -0.0005
2021-06-19 20:58:06,044 - utils.logger - INFO - Val result of epoch 54 / 70 mse 0.0689 rmse 0.2624 pcc 0.0237 ccc 0.0003
2021-06-19 20:58:06,418 - utils.logger - INFO - Cur epoch 55 loss ccc:0.1155
2021-06-19 20:58:06,819 - utils.logger - INFO - Cur epoch 55 loss ccc:0.1251
2021-06-19 20:58:07,148 - utils.logger - INFO - Cur epoch 55 loss ccc:0.9988
2021-06-19 20:58:07,148 - utils.logger - INFO - saving the model at the end of epoch 55, iters 330
2021-06-19 20:58:07,371 - utils.logger - INFO - End of training epoch 55 / 70 	 Time Taken: 1 sec, Data loading: 0 sec
2021-06-19 20:58:07,371 - utils.logger - INFO - learning rate = 0.0001829
2021-06-19 20:58:07,731 - utils.logger - INFO - Trn result of epoch 55 / 70 mse 0.1015 rmse 0.3186 pcc -0.1353 ccc -0.0015
2021-06-19 20:58:07,854 - utils.logger - INFO - Val result of epoch 55 / 70 mse 0.0839 rmse 0.2896 pcc -0.1031 ccc -0.0012
2021-06-19 20:58:08,247 - utils.logger - INFO - Cur epoch 56 loss ccc:0.1178
2021-06-19 20:58:08,635 - utils.logger - INFO - Cur epoch 56 loss ccc:0.1176
2021-06-19 20:58:08,964 - utils.logger - INFO - Cur epoch 56 loss ccc:0.9886
2021-06-19 20:58:08,964 - utils.logger - INFO - saving the model at the end of epoch 56, iters 336
2021-06-19 20:58:09,195 - utils.logger - INFO - End of training epoch 56 / 70 	 Time Taken: 1 sec, Data loading: 0 sec
2021-06-19 20:58:09,195 - utils.logger - INFO - learning rate = 0.0001707
2021-06-19 20:58:09,557 - utils.logger - INFO - Trn result of epoch 56 / 70 mse 0.1018 rmse 0.3191 pcc -0.1521 ccc -0.0015
2021-06-19 20:58:09,682 - utils.logger - INFO - Val result of epoch 56 / 70 mse 0.0843 rmse 0.2903 pcc -0.1447 ccc -0.0016
2021-06-19 20:58:10,092 - utils.logger - INFO - Cur epoch 57 loss ccc:0.1250
2021-06-19 20:58:10,491 - utils.logger - INFO - Cur epoch 57 loss ccc:0.1170
2021-06-19 20:58:10,801 - utils.logger - INFO - Cur epoch 57 loss ccc:1.0042
2021-06-19 20:58:10,801 - utils.logger - INFO - saving the model at the end of epoch 57, iters 342
2021-06-19 20:58:11,028 - utils.logger - INFO - End of training epoch 57 / 70 	 Time Taken: 1 sec, Data loading: 0 sec
2021-06-19 20:58:11,028 - utils.logger - INFO - learning rate = 0.0001585
2021-06-19 20:58:11,389 - utils.logger - INFO - Trn result of epoch 57 / 70 mse 0.0954 rmse 0.3089 pcc -0.0840 ccc -0.0007
2021-06-19 20:58:11,514 - utils.logger - INFO - Val result of epoch 57 / 70 mse 0.0786 rmse 0.2803 pcc -0.0651 ccc -0.0006
2021-06-19 20:58:11,918 - utils.logger - INFO - Cur epoch 58 loss ccc:0.1154
2021-06-19 20:58:12,319 - utils.logger - INFO - Cur epoch 58 loss ccc:0.1251
2021-06-19 20:58:12,686 - utils.logger - INFO - Cur epoch 58 loss ccc:1.0000
2021-06-19 20:58:12,686 - utils.logger - INFO - saving the model at the end of epoch 58, iters 348
2021-06-19 20:58:12,915 - utils.logger - INFO - End of training epoch 58 / 70 	 Time Taken: 1 sec, Data loading: 0 sec
2021-06-19 20:58:12,915 - utils.logger - INFO - learning rate = 0.0001463
2021-06-19 20:58:13,278 - utils.logger - INFO - Trn result of epoch 58 / 70 mse 0.1043 rmse 0.3229 pcc -0.1392 ccc -0.0013
2021-06-19 20:58:13,440 - utils.logger - INFO - Val result of epoch 58 / 70 mse 0.0865 rmse 0.2940 pcc -0.1214 ccc -0.0012
2021-06-19 20:58:13,826 - utils.logger - INFO - Cur epoch 59 loss ccc:0.1374
2021-06-19 20:58:14,215 - utils.logger - INFO - Cur epoch 59 loss ccc:0.1151
2021-06-19 20:58:14,531 - utils.logger - INFO - Cur epoch 59 loss ccc:0.9902
2021-06-19 20:58:14,531 - utils.logger - INFO - saving the model at the end of epoch 59, iters 354
2021-06-19 20:58:14,759 - utils.logger - INFO - End of training epoch 59 / 70 	 Time Taken: 1 sec, Data loading: 0 sec
2021-06-19 20:58:14,759 - utils.logger - INFO - learning rate = 0.0001341
2021-06-19 20:58:15,116 - utils.logger - INFO - Trn result of epoch 59 / 70 mse 0.0941 rmse 0.3067 pcc -0.1383 ccc -0.0013
2021-06-19 20:58:15,240 - utils.logger - INFO - Val result of epoch 59 / 70 mse 0.0773 rmse 0.2781 pcc -0.1138 ccc -0.0012
2021-06-19 20:58:15,626 - utils.logger - INFO - Cur epoch 60 loss ccc:0.1168
2021-06-19 20:58:16,018 - utils.logger - INFO - Cur epoch 60 loss ccc:0.1264
2021-06-19 20:58:16,344 - utils.logger - INFO - Cur epoch 60 loss ccc:1.0000
2021-06-19 20:58:16,345 - utils.logger - INFO - saving the model at the end of epoch 60, iters 360
2021-06-19 20:58:16,569 - utils.logger - INFO - End of training epoch 60 / 70 	 Time Taken: 1 sec, Data loading: 0 sec
2021-06-19 20:58:16,569 - utils.logger - INFO - learning rate = 0.0001220
2021-06-19 20:58:16,931 - utils.logger - INFO - Trn result of epoch 60 / 70 mse 0.0968 rmse 0.3111 pcc -0.1584 ccc -0.0016
2021-06-19 20:58:17,055 - utils.logger - INFO - Val result of epoch 60 / 70 mse 0.0798 rmse 0.2824 pcc -0.1425 ccc -0.0015
2021-06-19 20:58:17,446 - utils.logger - INFO - Cur epoch 61 loss ccc:0.1417
2021-06-19 20:58:17,827 - utils.logger - INFO - Cur epoch 61 loss ccc:0.1318
2021-06-19 20:58:18,154 - utils.logger - INFO - Cur epoch 61 loss ccc:0.9999
2021-06-19 20:58:18,155 - utils.logger - INFO - saving the model at the end of epoch 61, iters 366
2021-06-19 20:58:18,539 - utils.logger - INFO - End of training epoch 61 / 70 	 Time Taken: 1 sec, Data loading: 0 sec
2021-06-19 20:58:18,539 - utils.logger - INFO - learning rate = 0.0001098
2021-06-19 20:58:18,900 - utils.logger - INFO - Trn result of epoch 61 / 70 mse 0.0744 rmse 0.2728 pcc -0.0560 ccc -0.0004
2021-06-19 20:58:19,023 - utils.logger - INFO - Val result of epoch 61 / 70 mse 0.0602 rmse 0.2454 pcc 0.0120 ccc 0.0001
2021-06-19 20:58:19,419 - utils.logger - INFO - Cur epoch 62 loss ccc:0.1357
2021-06-19 20:58:19,798 - utils.logger - INFO - Cur epoch 62 loss ccc:0.1141
2021-06-19 20:58:20,101 - utils.logger - INFO - Cur epoch 62 loss ccc:1.0005
2021-06-19 20:58:20,101 - utils.logger - INFO - saving the model at the end of epoch 62, iters 372
2021-06-19 20:58:20,326 - utils.logger - INFO - End of training epoch 62 / 70 	 Time Taken: 1 sec, Data loading: 0 sec
2021-06-19 20:58:20,326 - utils.logger - INFO - learning rate = 0.0000976
2021-06-19 20:58:20,686 - utils.logger - INFO - Trn result of epoch 62 / 70 mse 0.0716 rmse 0.2676 pcc -0.0504 ccc -0.0004
2021-06-19 20:58:20,809 - utils.logger - INFO - Val result of epoch 62 / 70 mse 0.0578 rmse 0.2405 pcc 0.0200 ccc 0.0002
2021-06-19 20:58:21,180 - utils.logger - INFO - Cur epoch 63 loss ccc:0.1386
2021-06-19 20:58:21,590 - utils.logger - INFO - Cur epoch 63 loss ccc:0.1346
2021-06-19 20:58:21,906 - utils.logger - INFO - Cur epoch 63 loss ccc:0.9912
2021-06-19 20:58:21,906 - utils.logger - INFO - saving the model at the end of epoch 63, iters 378
2021-06-19 20:58:22,139 - utils.logger - INFO - End of training epoch 63 / 70 	 Time Taken: 1 sec, Data loading: 0 sec
2021-06-19 20:58:22,139 - utils.logger - INFO - learning rate = 0.0000854
2021-06-19 20:58:22,501 - utils.logger - INFO - Trn result of epoch 63 / 70 mse 0.0667 rmse 0.2582 pcc 0.0626 ccc 0.0004
2021-06-19 20:58:22,625 - utils.logger - INFO - Val result of epoch 63 / 70 mse 0.0537 rmse 0.2318 pcc 0.1253 ccc 0.0009
2021-06-19 20:58:23,000 - utils.logger - INFO - Cur epoch 64 loss ccc:0.1250
2021-06-19 20:58:23,410 - utils.logger - INFO - Cur epoch 64 loss ccc:0.1185
2021-06-19 20:58:23,747 - utils.logger - INFO - Cur epoch 64 loss ccc:1.0000
2021-06-19 20:58:23,747 - utils.logger - INFO - saving the model at the end of epoch 64, iters 384
2021-06-19 20:58:24,032 - utils.logger - INFO - End of training epoch 64 / 70 	 Time Taken: 1 sec, Data loading: 0 sec
2021-06-19 20:58:24,032 - utils.logger - INFO - learning rate = 0.0000732
2021-06-19 20:58:24,398 - utils.logger - INFO - Trn result of epoch 64 / 70 mse 0.0669 rmse 0.2586 pcc 0.0060 ccc 0.0000
2021-06-19 20:58:24,525 - utils.logger - INFO - Val result of epoch 64 / 70 mse 0.0539 rmse 0.2321 pcc 0.0614 ccc 0.0004
2021-06-19 20:58:24,916 - utils.logger - INFO - Cur epoch 65 loss ccc:0.1104
2021-06-19 20:58:25,308 - utils.logger - INFO - Cur epoch 65 loss ccc:0.1359
2021-06-19 20:58:25,639 - utils.logger - INFO - Cur epoch 65 loss ccc:0.8661
2021-06-19 20:58:25,639 - utils.logger - INFO - saving the model at the end of epoch 65, iters 390
2021-06-19 20:58:25,918 - utils.logger - INFO - End of training epoch 65 / 70 	 Time Taken: 1 sec, Data loading: 0 sec
2021-06-19 20:58:25,918 - utils.logger - INFO - learning rate = 0.0000610
2021-06-19 20:58:26,278 - utils.logger - INFO - Trn result of epoch 65 / 70 mse 0.0734 rmse 0.2709 pcc -0.0525 ccc -0.0004
2021-06-19 20:58:26,401 - utils.logger - INFO - Val result of epoch 65 / 70 mse 0.0593 rmse 0.2436 pcc 0.0174 ccc 0.0002
2021-06-19 20:58:26,788 - utils.logger - INFO - Cur epoch 66 loss ccc:0.1250
2021-06-19 20:58:27,181 - utils.logger - INFO - Cur epoch 66 loss ccc:0.1221
2021-06-19 20:58:27,524 - utils.logger - INFO - Cur epoch 66 loss ccc:0.9918
2021-06-19 20:58:27,524 - utils.logger - INFO - saving the model at the end of epoch 66, iters 396
2021-06-19 20:58:27,955 - utils.logger - INFO - End of training epoch 66 / 70 	 Time Taken: 1 sec, Data loading: 0 sec
2021-06-19 20:58:27,956 - utils.logger - INFO - learning rate = 0.0000488
2021-06-19 20:58:28,319 - utils.logger - INFO - Trn result of epoch 66 / 70 mse 0.0773 rmse 0.2780 pcc -0.0725 ccc -0.0006
2021-06-19 20:58:28,443 - utils.logger - INFO - Val result of epoch 66 / 70 mse 0.0627 rmse 0.2504 pcc -0.0105 ccc -0.0001
2021-06-19 20:58:28,820 - utils.logger - INFO - Cur epoch 67 loss ccc:0.1324
2021-06-19 20:58:29,204 - utils.logger - INFO - Cur epoch 67 loss ccc:0.1290
2021-06-19 20:58:29,540 - utils.logger - INFO - Cur epoch 67 loss ccc:1.0000
2021-06-19 20:58:29,540 - utils.logger - INFO - saving the model at the end of epoch 67, iters 402
2021-06-19 20:58:29,759 - utils.logger - INFO - End of training epoch 67 / 70 	 Time Taken: 1 sec, Data loading: 0 sec
2021-06-19 20:58:29,759 - utils.logger - INFO - learning rate = 0.0000366
2021-06-19 20:58:30,119 - utils.logger - INFO - Trn result of epoch 67 / 70 mse 0.0785 rmse 0.2801 pcc -0.0917 ccc -0.0008
2021-06-19 20:58:30,243 - utils.logger - INFO - Val result of epoch 67 / 70 mse 0.0637 rmse 0.2523 pcc -0.0359 ccc -0.0003
2021-06-19 20:58:30,625 - utils.logger - INFO - Cur epoch 68 loss ccc:0.1265
2021-06-19 20:58:31,027 - utils.logger - INFO - Cur epoch 68 loss ccc:0.1174
2021-06-19 20:58:31,339 - utils.logger - INFO - Cur epoch 68 loss ccc:0.9994
2021-06-19 20:58:31,340 - utils.logger - INFO - saving the model at the end of epoch 68, iters 408
2021-06-19 20:58:31,598 - utils.logger - INFO - End of training epoch 68 / 70 	 Time Taken: 1 sec, Data loading: 0 sec
2021-06-19 20:58:31,598 - utils.logger - INFO - learning rate = 0.0000244
2021-06-19 20:58:31,968 - utils.logger - INFO - Trn result of epoch 68 / 70 mse 0.0749 rmse 0.2738 pcc -0.0760 ccc -0.0006
2021-06-19 20:58:32,096 - utils.logger - INFO - Val result of epoch 68 / 70 mse 0.0607 rmse 0.2463 pcc -0.0161 ccc -0.0001
2021-06-19 20:58:32,477 - utils.logger - INFO - Cur epoch 69 loss ccc:0.1216
2021-06-19 20:58:32,852 - utils.logger - INFO - Cur epoch 69 loss ccc:0.1405
2021-06-19 20:58:33,156 - utils.logger - INFO - Cur epoch 69 loss ccc:1.0082
2021-06-19 20:58:33,156 - utils.logger - INFO - saving the model at the end of epoch 69, iters 414
2021-06-19 20:58:33,385 - utils.logger - INFO - End of training epoch 69 / 70 	 Time Taken: 1 sec, Data loading: 0 sec
2021-06-19 20:58:33,385 - utils.logger - INFO - learning rate = 0.0000122
2021-06-19 20:58:33,745 - utils.logger - INFO - Trn result of epoch 69 / 70 mse 0.0747 rmse 0.2733 pcc -0.0694 ccc -0.0006
2021-06-19 20:58:33,864 - utils.logger - INFO - Val result of epoch 69 / 70 mse 0.0605 rmse 0.2459 pcc -0.0081 ccc -0.0001
2021-06-19 20:58:34,255 - utils.logger - INFO - Cur epoch 70 loss ccc:0.1003
2021-06-19 20:58:34,636 - utils.logger - INFO - Cur epoch 70 loss ccc:0.1366
2021-06-19 20:58:34,967 - utils.logger - INFO - Cur epoch 70 loss ccc:0.9757
2021-06-19 20:58:34,967 - utils.logger - INFO - saving the model at the end of epoch 70, iters 420
2021-06-19 20:58:35,178 - utils.logger - INFO - End of training epoch 70 / 70 	 Time Taken: 1 sec, Data loading: 0 sec
2021-06-19 20:58:35,178 - utils.logger - INFO - learning rate = 0.0000000
2021-06-19 20:58:35,533 - utils.logger - INFO - Trn result of epoch 70 / 70 mse 0.0747 rmse 0.2733 pcc -0.0709 ccc -0.0006
2021-06-19 20:58:35,656 - utils.logger - INFO - Val result of epoch 70 / 70 mse 0.0605 rmse 0.2459 pcc -0.0089 ccc -0.0001
2021-06-19 20:58:35,657 - utils.logger - INFO - Best eval epoch 47 found with ccc 0.017315
2021-06-19 20:58:35,657 - utils.logger - INFO - baseline_fcfusion_wonorm_vggish_valence_hidden1024_seq100_lr0.0005_cccloss_run1
