2021-06-16 14:50:23,749 - utils.logger - INFO - The number of training samples = 41
2021-06-16 14:50:27,484 - utils.logger - INFO - Cur epoch 1 loss ccc:0.1099
2021-06-16 14:50:27,936 - utils.logger - INFO - Cur epoch 1 loss ccc:0.1278
2021-06-16 14:50:28,293 - utils.logger - INFO - Cur epoch 1 loss ccc:0.9660
2021-06-16 14:50:28,293 - utils.logger - INFO - saving the model at the end of epoch 1, iters 6
2021-06-16 14:50:28,529 - utils.logger - INFO - End of training epoch 1 / 60 	 Time Taken: 1 sec, Data loading: 0 sec
2021-06-16 14:50:28,530 - utils.logger - INFO - learning rate = 0.0005000
2021-06-16 14:50:28,972 - utils.logger - INFO - Trn result of epoch 1 / 60 mse 0.0953 rmse 0.3087 pcc -0.0318 ccc -0.0039
2021-06-16 14:50:29,126 - utils.logger - INFO - Val result of epoch 1 / 60 mse 0.0944 rmse 0.3072 pcc -0.0573 ccc -0.0089
2021-06-16 14:50:29,552 - utils.logger - INFO - Cur epoch 2 loss ccc:0.1168
2021-06-16 14:50:29,961 - utils.logger - INFO - Cur epoch 2 loss ccc:0.1277
2021-06-16 14:50:30,304 - utils.logger - INFO - Cur epoch 2 loss ccc:0.9983
2021-06-16 14:50:30,305 - utils.logger - INFO - saving the model at the end of epoch 2, iters 12
2021-06-16 14:50:30,557 - utils.logger - INFO - End of training epoch 2 / 60 	 Time Taken: 1 sec, Data loading: 0 sec
2021-06-16 14:50:30,557 - utils.logger - INFO - learning rate = 0.0005000
2021-06-16 14:50:31,006 - utils.logger - INFO - Trn result of epoch 2 / 60 mse 0.3126 rmse 0.5591 pcc -0.0855 ccc -0.0059
2021-06-16 14:50:31,159 - utils.logger - INFO - Val result of epoch 2 / 60 mse 0.3533 rmse 0.5944 pcc 0.0689 ccc 0.0043
2021-06-16 14:50:31,556 - utils.logger - INFO - Cur epoch 3 loss ccc:0.1247
2021-06-16 14:50:31,962 - utils.logger - INFO - Cur epoch 3 loss ccc:0.1172
2021-06-16 14:50:32,306 - utils.logger - INFO - Cur epoch 3 loss ccc:1.0352
2021-06-16 14:50:32,306 - utils.logger - INFO - saving the model at the end of epoch 3, iters 18
2021-06-16 14:50:32,555 - utils.logger - INFO - End of training epoch 3 / 60 	 Time Taken: 1 sec, Data loading: 0 sec
2021-06-16 14:50:32,555 - utils.logger - INFO - learning rate = 0.0005000
2021-06-16 14:50:32,966 - utils.logger - INFO - Trn result of epoch 3 / 60 mse 1.7495 rmse 1.3227 pcc 0.0067 ccc 0.0002
2021-06-16 14:50:33,111 - utils.logger - INFO - Val result of epoch 3 / 60 mse 1.6539 rmse 1.2860 pcc 0.0064 ccc 0.0002
2021-06-16 14:50:33,552 - utils.logger - INFO - Cur epoch 4 loss ccc:0.1287
2021-06-16 14:50:33,987 - utils.logger - INFO - Cur epoch 4 loss ccc:0.1202
2021-06-16 14:50:34,317 - utils.logger - INFO - Cur epoch 4 loss ccc:0.9998
2021-06-16 14:50:34,318 - utils.logger - INFO - saving the model at the end of epoch 4, iters 24
2021-06-16 14:50:34,595 - utils.logger - INFO - End of training epoch 4 / 60 	 Time Taken: 1 sec, Data loading: 0 sec
2021-06-16 14:50:34,595 - utils.logger - INFO - learning rate = 0.0005000
2021-06-16 14:50:35,008 - utils.logger - INFO - Trn result of epoch 4 / 60 mse 2.9735 rmse 1.7244 pcc 0.0016 ccc 0.0000
2021-06-16 14:50:35,162 - utils.logger - INFO - Val result of epoch 4 / 60 mse 2.8423 rmse 1.6859 pcc 0.0040 ccc 0.0001
2021-06-16 14:50:35,570 - utils.logger - INFO - Cur epoch 5 loss ccc:0.1261
2021-06-16 14:50:35,966 - utils.logger - INFO - Cur epoch 5 loss ccc:0.1165
2021-06-16 14:50:36,330 - utils.logger - INFO - Cur epoch 5 loss ccc:1.0001
2021-06-16 14:50:36,330 - utils.logger - INFO - saving the model at the end of epoch 5, iters 30
2021-06-16 14:50:36,708 - utils.logger - INFO - End of training epoch 5 / 60 	 Time Taken: 1 sec, Data loading: 0 sec
2021-06-16 14:50:36,708 - utils.logger - INFO - learning rate = 0.0005000
2021-06-16 14:50:37,122 - utils.logger - INFO - Trn result of epoch 5 / 60 mse 2.8500 rmse 1.6882 pcc 0.0011 ccc 0.0000
2021-06-16 14:50:37,270 - utils.logger - INFO - Val result of epoch 5 / 60 mse 2.7211 rmse 1.6496 pcc 0.0036 ccc 0.0001
2021-06-16 14:50:37,691 - utils.logger - INFO - Cur epoch 6 loss ccc:0.1279
2021-06-16 14:50:38,117 - utils.logger - INFO - Cur epoch 6 loss ccc:0.1174
2021-06-16 14:50:38,462 - utils.logger - INFO - Cur epoch 6 loss ccc:1.0008
2021-06-16 14:50:38,462 - utils.logger - INFO - saving the model at the end of epoch 6, iters 36
2021-06-16 14:50:38,748 - utils.logger - INFO - End of training epoch 6 / 60 	 Time Taken: 1 sec, Data loading: 0 sec
2021-06-16 14:50:38,748 - utils.logger - INFO - learning rate = 0.0005000
2021-06-16 14:50:39,195 - utils.logger - INFO - Trn result of epoch 6 / 60 mse 2.8137 rmse 1.6774 pcc -0.0003 ccc -0.0000
2021-06-16 14:50:39,355 - utils.logger - INFO - Val result of epoch 6 / 60 mse 2.6841 rmse 1.6383 pcc 0.0034 ccc 0.0001
2021-06-16 14:50:39,767 - utils.logger - INFO - Cur epoch 7 loss ccc:0.1285
2021-06-16 14:50:40,199 - utils.logger - INFO - Cur epoch 7 loss ccc:0.1260
2021-06-16 14:50:40,548 - utils.logger - INFO - Cur epoch 7 loss ccc:1.0008
2021-06-16 14:50:40,548 - utils.logger - INFO - saving the model at the end of epoch 7, iters 42
2021-06-16 14:50:40,811 - utils.logger - INFO - End of training epoch 7 / 60 	 Time Taken: 1 sec, Data loading: 0 sec
2021-06-16 14:50:40,811 - utils.logger - INFO - learning rate = 0.0005000
2021-06-16 14:50:41,215 - utils.logger - INFO - Trn result of epoch 7 / 60 mse 2.7569 rmse 1.6604 pcc -0.0009 ccc -0.0000
2021-06-16 14:50:41,359 - utils.logger - INFO - Val result of epoch 7 / 60 mse 2.6283 rmse 1.6212 pcc 0.0034 ccc 0.0001
2021-06-16 14:50:41,762 - utils.logger - INFO - Cur epoch 8 loss ccc:0.1223
2021-06-16 14:50:42,176 - utils.logger - INFO - Cur epoch 8 loss ccc:0.1205
2021-06-16 14:50:42,509 - utils.logger - INFO - Cur epoch 8 loss ccc:1.0006
2021-06-16 14:50:42,509 - utils.logger - INFO - saving the model at the end of epoch 8, iters 48
2021-06-16 14:50:42,809 - utils.logger - INFO - End of training epoch 8 / 60 	 Time Taken: 1 sec, Data loading: 0 sec
2021-06-16 14:50:42,810 - utils.logger - INFO - learning rate = 0.0005000
2021-06-16 14:50:43,220 - utils.logger - INFO - Trn result of epoch 8 / 60 mse 2.8321 rmse 1.6829 pcc -0.0028 ccc -0.0000
2021-06-16 14:50:43,361 - utils.logger - INFO - Val result of epoch 8 / 60 mse 2.7001 rmse 1.6432 pcc 0.0025 ccc 0.0000
2021-06-16 14:50:43,772 - utils.logger - INFO - Cur epoch 9 loss ccc:0.1283
2021-06-16 14:50:44,193 - utils.logger - INFO - Cur epoch 9 loss ccc:0.1249
2021-06-16 14:50:44,544 - utils.logger - INFO - Cur epoch 9 loss ccc:1.0013
2021-06-16 14:50:44,544 - utils.logger - INFO - saving the model at the end of epoch 9, iters 54
2021-06-16 14:50:44,804 - utils.logger - INFO - End of training epoch 9 / 60 	 Time Taken: 1 sec, Data loading: 0 sec
2021-06-16 14:50:44,804 - utils.logger - INFO - learning rate = 0.0005000
2021-06-16 14:50:45,228 - utils.logger - INFO - Trn result of epoch 9 / 60 mse 2.9831 rmse 1.7272 pcc -0.0051 ccc -0.0001
2021-06-16 14:50:45,392 - utils.logger - INFO - Val result of epoch 9 / 60 mse 2.8452 rmse 1.6868 pcc 0.0019 ccc 0.0000
2021-06-16 14:50:45,821 - utils.logger - INFO - Cur epoch 10 loss ccc:0.1148
2021-06-16 14:50:46,238 - utils.logger - INFO - Cur epoch 10 loss ccc:0.1289
2021-06-16 14:50:46,600 - utils.logger - INFO - Cur epoch 10 loss ccc:0.9987
2021-06-16 14:50:46,600 - utils.logger - INFO - saving the model at the end of epoch 10, iters 60
2021-06-16 14:50:46,915 - utils.logger - INFO - End of training epoch 10 / 60 	 Time Taken: 1 sec, Data loading: 0 sec
2021-06-16 14:50:46,916 - utils.logger - INFO - learning rate = 0.0004902
2021-06-16 14:50:47,320 - utils.logger - INFO - Trn result of epoch 10 / 60 mse 3.0778 rmse 1.7544 pcc -0.0088 ccc -0.0001
2021-06-16 14:50:47,467 - utils.logger - INFO - Val result of epoch 10 / 60 mse 2.9345 rmse 1.7130 pcc 0.0004 ccc 0.0000
2021-06-16 14:50:47,885 - utils.logger - INFO - Cur epoch 11 loss ccc:0.1120
2021-06-16 14:50:48,292 - utils.logger - INFO - Cur epoch 11 loss ccc:0.1259
2021-06-16 14:50:48,633 - utils.logger - INFO - Cur epoch 11 loss ccc:1.0003
2021-06-16 14:50:48,633 - utils.logger - INFO - saving the model at the end of epoch 11, iters 66
2021-06-16 14:50:48,885 - utils.logger - INFO - End of training epoch 11 / 60 	 Time Taken: 1 sec, Data loading: 0 sec
2021-06-16 14:50:48,885 - utils.logger - INFO - learning rate = 0.0004804
2021-06-16 14:50:49,288 - utils.logger - INFO - Trn result of epoch 11 / 60 mse 2.1348 rmse 1.4611 pcc -0.0050 ccc -0.0001
2021-06-16 14:50:49,434 - utils.logger - INFO - Val result of epoch 11 / 60 mse 2.0199 rmse 1.4212 pcc 0.0020 ccc 0.0000
2021-06-16 14:50:49,845 - utils.logger - INFO - Cur epoch 12 loss ccc:0.1318
2021-06-16 14:50:50,261 - utils.logger - INFO - Cur epoch 12 loss ccc:0.1251
2021-06-16 14:50:50,611 - utils.logger - INFO - Cur epoch 12 loss ccc:0.9999
2021-06-16 14:50:50,612 - utils.logger - INFO - saving the model at the end of epoch 12, iters 72
2021-06-16 14:50:50,914 - utils.logger - INFO - End of training epoch 12 / 60 	 Time Taken: 1 sec, Data loading: 0 sec
2021-06-16 14:50:50,914 - utils.logger - INFO - learning rate = 0.0004706
2021-06-16 14:50:51,325 - utils.logger - INFO - Trn result of epoch 12 / 60 mse 2.0932 rmse 1.4468 pcc -0.0066 ccc -0.0001
2021-06-16 14:50:51,472 - utils.logger - INFO - Val result of epoch 12 / 60 mse 1.9787 rmse 1.4067 pcc 0.0015 ccc 0.0000
2021-06-16 14:50:51,897 - utils.logger - INFO - Cur epoch 13 loss ccc:0.1184
2021-06-16 14:50:52,312 - utils.logger - INFO - Cur epoch 13 loss ccc:0.1313
2021-06-16 14:50:52,669 - utils.logger - INFO - Cur epoch 13 loss ccc:1.0004
2021-06-16 14:50:52,669 - utils.logger - INFO - saving the model at the end of epoch 13, iters 78
2021-06-16 14:50:52,928 - utils.logger - INFO - End of training epoch 13 / 60 	 Time Taken: 1 sec, Data loading: 0 sec
2021-06-16 14:50:52,929 - utils.logger - INFO - learning rate = 0.0004608
2021-06-16 14:50:53,376 - utils.logger - INFO - Trn result of epoch 13 / 60 mse 1.9454 rmse 1.3948 pcc -0.0104 ccc -0.0002
2021-06-16 14:50:53,530 - utils.logger - INFO - Val result of epoch 13 / 60 mse 1.8339 rmse 1.3542 pcc 0.0007 ccc 0.0000
2021-06-16 14:50:53,922 - utils.logger - INFO - Cur epoch 14 loss ccc:0.1250
2021-06-16 14:50:54,352 - utils.logger - INFO - Cur epoch 14 loss ccc:0.1142
2021-06-16 14:50:54,713 - utils.logger - INFO - Cur epoch 14 loss ccc:0.9963
2021-06-16 14:50:54,713 - utils.logger - INFO - saving the model at the end of epoch 14, iters 84
2021-06-16 14:50:54,995 - utils.logger - INFO - End of training epoch 14 / 60 	 Time Taken: 1 sec, Data loading: 0 sec
2021-06-16 14:50:54,995 - utils.logger - INFO - learning rate = 0.0004510
2021-06-16 14:50:55,441 - utils.logger - INFO - Trn result of epoch 14 / 60 mse 1.2102 rmse 1.1001 pcc -0.0052 ccc -0.0001
2021-06-16 14:50:55,601 - utils.logger - INFO - Val result of epoch 14 / 60 mse 1.1266 rmse 1.0614 pcc 0.0027 ccc 0.0001
2021-06-16 14:50:56,012 - utils.logger - INFO - Cur epoch 15 loss ccc:0.1148
2021-06-16 14:50:56,405 - utils.logger - INFO - Cur epoch 15 loss ccc:0.1206
2021-06-16 14:50:56,762 - utils.logger - INFO - Cur epoch 15 loss ccc:0.9846
2021-06-16 14:50:56,763 - utils.logger - INFO - saving the model at the end of epoch 15, iters 90
2021-06-16 14:50:57,045 - utils.logger - INFO - End of training epoch 15 / 60 	 Time Taken: 1 sec, Data loading: 0 sec
2021-06-16 14:50:57,046 - utils.logger - INFO - learning rate = 0.0004412
2021-06-16 14:50:57,456 - utils.logger - INFO - Trn result of epoch 15 / 60 mse 0.4310 rmse 0.6565 pcc -0.0062 ccc -0.0002
2021-06-16 14:50:57,605 - utils.logger - INFO - Val result of epoch 15 / 60 mse 0.3867 rmse 0.6219 pcc 0.0012 ccc 0.0000
2021-06-16 14:50:58,029 - utils.logger - INFO - Cur epoch 16 loss ccc:0.1364
2021-06-16 14:50:58,453 - utils.logger - INFO - Cur epoch 16 loss ccc:0.1221
2021-06-16 14:50:58,813 - utils.logger - INFO - Cur epoch 16 loss ccc:0.9981
2021-06-16 14:50:58,814 - utils.logger - INFO - saving the model at the end of epoch 16, iters 96
2021-06-16 14:50:59,071 - utils.logger - INFO - End of training epoch 16 / 60 	 Time Taken: 1 sec, Data loading: 0 sec
2021-06-16 14:50:59,071 - utils.logger - INFO - learning rate = 0.0004314
2021-06-16 14:50:59,515 - utils.logger - INFO - Trn result of epoch 16 / 60 mse 0.1306 rmse 0.3614 pcc 0.0033 ccc 0.0002
2021-06-16 14:50:59,680 - utils.logger - INFO - Val result of epoch 16 / 60 mse 0.1522 rmse 0.3901 pcc -0.0034 ccc -0.0001
2021-06-16 14:51:00,096 - utils.logger - INFO - Cur epoch 17 loss ccc:0.1356
2021-06-16 14:51:00,513 - utils.logger - INFO - Cur epoch 17 loss ccc:0.1256
2021-06-16 14:51:00,851 - utils.logger - INFO - Cur epoch 17 loss ccc:0.9935
2021-06-16 14:51:00,851 - utils.logger - INFO - saving the model at the end of epoch 17, iters 102
2021-06-16 14:51:01,108 - utils.logger - INFO - End of training epoch 17 / 60 	 Time Taken: 1 sec, Data loading: 0 sec
2021-06-16 14:51:01,109 - utils.logger - INFO - learning rate = 0.0004216
2021-06-16 14:51:01,519 - utils.logger - INFO - Trn result of epoch 17 / 60 mse 0.2157 rmse 0.4644 pcc 0.0021 ccc 0.0001
2021-06-16 14:51:01,661 - utils.logger - INFO - Val result of epoch 17 / 60 mse 0.2500 rmse 0.5000 pcc -0.0025 ccc -0.0001
2021-06-16 14:51:02,092 - utils.logger - INFO - Cur epoch 18 loss ccc:0.1259
2021-06-16 14:51:02,506 - utils.logger - INFO - Cur epoch 18 loss ccc:0.1139
2021-06-16 14:51:02,852 - utils.logger - INFO - Cur epoch 18 loss ccc:0.9077
2021-06-16 14:51:02,852 - utils.logger - INFO - saving the model at the end of epoch 18, iters 108
2021-06-16 14:51:03,109 - utils.logger - INFO - End of training epoch 18 / 60 	 Time Taken: 1 sec, Data loading: 0 sec
2021-06-16 14:51:03,109 - utils.logger - INFO - learning rate = 0.0004118
2021-06-16 14:51:03,531 - utils.logger - INFO - Trn result of epoch 18 / 60 mse 0.1278 rmse 0.3575 pcc 0.0077 ccc 0.0005
2021-06-16 14:51:03,673 - utils.logger - INFO - Val result of epoch 18 / 60 mse 0.1487 rmse 0.3857 pcc -0.0009 ccc -0.0000
2021-06-16 14:51:04,105 - utils.logger - INFO - Cur epoch 19 loss ccc:0.1252
2021-06-16 14:51:04,547 - utils.logger - INFO - Cur epoch 19 loss ccc:0.1232
2021-06-16 14:51:04,915 - utils.logger - INFO - Cur epoch 19 loss ccc:1.0010
2021-06-16 14:51:04,915 - utils.logger - INFO - saving the model at the end of epoch 19, iters 114
2021-06-16 14:51:05,171 - utils.logger - INFO - End of training epoch 19 / 60 	 Time Taken: 1 sec, Data loading: 0 sec
2021-06-16 14:51:05,171 - utils.logger - INFO - learning rate = 0.0004020
2021-06-16 14:51:05,622 - utils.logger - INFO - Trn result of epoch 19 / 60 mse 0.2557 rmse 0.5057 pcc 0.0042 ccc 0.0002
2021-06-16 14:51:05,778 - utils.logger - INFO - Val result of epoch 19 / 60 mse 0.2943 rmse 0.5425 pcc -0.0015 ccc -0.0001
2021-06-16 14:51:06,197 - utils.logger - INFO - Cur epoch 20 loss ccc:0.1341
2021-06-16 14:51:06,610 - utils.logger - INFO - Cur epoch 20 loss ccc:0.1164
2021-06-16 14:51:06,963 - utils.logger - INFO - Cur epoch 20 loss ccc:0.9990
2021-06-16 14:51:06,963 - utils.logger - INFO - saving the model at the end of epoch 20, iters 120
2021-06-16 14:51:07,220 - utils.logger - INFO - End of training epoch 20 / 60 	 Time Taken: 1 sec, Data loading: 0 sec
2021-06-16 14:51:07,220 - utils.logger - INFO - learning rate = 0.0003922
2021-06-16 14:51:07,631 - utils.logger - INFO - Trn result of epoch 20 / 60 mse 0.1940 rmse 0.4404 pcc 0.0045 ccc 0.0003
2021-06-16 14:51:07,776 - utils.logger - INFO - Val result of epoch 20 / 60 mse 0.2255 rmse 0.4749 pcc -0.0018 ccc -0.0001
2021-06-16 14:51:08,221 - utils.logger - INFO - Cur epoch 21 loss ccc:0.1338
2021-06-16 14:51:08,658 - utils.logger - INFO - Cur epoch 21 loss ccc:0.1160
2021-06-16 14:51:08,993 - utils.logger - INFO - Cur epoch 21 loss ccc:1.0027
2021-06-16 14:51:08,993 - utils.logger - INFO - saving the model at the end of epoch 21, iters 126
2021-06-16 14:51:09,200 - utils.logger - INFO - End of training epoch 21 / 60 	 Time Taken: 1 sec, Data loading: 0 sec
2021-06-16 14:51:09,200 - utils.logger - INFO - learning rate = 0.0003824
2021-06-16 14:51:09,604 - utils.logger - INFO - Trn result of epoch 21 / 60 mse 0.0929 rmse 0.3049 pcc -0.0475 ccc -0.0053
2021-06-16 14:51:09,743 - utils.logger - INFO - Val result of epoch 21 / 60 mse 0.1016 rmse 0.3187 pcc -0.0171 ccc -0.0015
2021-06-16 14:51:10,145 - utils.logger - INFO - Cur epoch 22 loss ccc:0.1052
2021-06-16 14:51:10,537 - utils.logger - INFO - Cur epoch 22 loss ccc:0.1255
2021-06-16 14:51:10,865 - utils.logger - INFO - Cur epoch 22 loss ccc:1.0125
2021-06-16 14:51:10,865 - utils.logger - INFO - saving the model at the end of epoch 22, iters 132
2021-06-16 14:51:11,126 - utils.logger - INFO - End of training epoch 22 / 60 	 Time Taken: 1 sec, Data loading: 0 sec
2021-06-16 14:51:11,126 - utils.logger - INFO - learning rate = 0.0003725
2021-06-16 14:51:11,536 - utils.logger - INFO - Trn result of epoch 22 / 60 mse 0.2557 rmse 0.5056 pcc -0.0016 ccc -0.0001
2021-06-16 14:51:11,676 - utils.logger - INFO - Val result of epoch 22 / 60 mse 0.2945 rmse 0.5427 pcc -0.0034 ccc -0.0002
2021-06-16 14:51:12,101 - utils.logger - INFO - Cur epoch 23 loss ccc:0.1112
2021-06-16 14:51:12,521 - utils.logger - INFO - Cur epoch 23 loss ccc:0.1401
2021-06-16 14:51:12,860 - utils.logger - INFO - Cur epoch 23 loss ccc:0.9938
2021-06-16 14:51:12,860 - utils.logger - INFO - saving the model at the end of epoch 23, iters 138
2021-06-16 14:51:13,067 - utils.logger - INFO - End of training epoch 23 / 60 	 Time Taken: 1 sec, Data loading: 0 sec
2021-06-16 14:51:13,067 - utils.logger - INFO - learning rate = 0.0003627
2021-06-16 14:51:13,510 - utils.logger - INFO - Trn result of epoch 23 / 60 mse 0.1215 rmse 0.3485 pcc -0.0125 ccc -0.0017
2021-06-16 14:51:13,672 - utils.logger - INFO - Val result of epoch 23 / 60 mse 0.1409 rmse 0.3754 pcc -0.0151 ccc -0.0018
2021-06-16 14:51:14,113 - utils.logger - INFO - Cur epoch 24 loss ccc:0.1366
2021-06-16 14:51:14,546 - utils.logger - INFO - Cur epoch 24 loss ccc:0.1043
2021-06-16 14:51:14,892 - utils.logger - INFO - Cur epoch 24 loss ccc:1.0018
2021-06-16 14:51:14,892 - utils.logger - INFO - saving the model at the end of epoch 24, iters 144
2021-06-16 14:51:15,151 - utils.logger - INFO - End of training epoch 24 / 60 	 Time Taken: 1 sec, Data loading: 0 sec
2021-06-16 14:51:15,152 - utils.logger - INFO - learning rate = 0.0003529
2021-06-16 14:51:15,554 - utils.logger - INFO - Trn result of epoch 24 / 60 mse 1.0049 rmse 1.0025 pcc -0.0012 ccc -0.0001
2021-06-16 14:51:15,699 - utils.logger - INFO - Val result of epoch 24 / 60 mse 1.0908 rmse 1.0444 pcc -0.0042 ccc -0.0002
2021-06-16 14:51:16,138 - utils.logger - INFO - Cur epoch 25 loss ccc:0.1250
2021-06-16 14:51:16,569 - utils.logger - INFO - Cur epoch 25 loss ccc:0.1218
2021-06-16 14:51:16,919 - utils.logger - INFO - Cur epoch 25 loss ccc:1.0009
2021-06-16 14:51:16,919 - utils.logger - INFO - saving the model at the end of epoch 25, iters 150
2021-06-16 14:51:17,176 - utils.logger - INFO - End of training epoch 25 / 60 	 Time Taken: 1 sec, Data loading: 0 sec
2021-06-16 14:51:17,177 - utils.logger - INFO - learning rate = 0.0003431
2021-06-16 14:51:17,589 - utils.logger - INFO - Trn result of epoch 25 / 60 mse 0.5839 rmse 0.7641 pcc -0.0061 ccc -0.0004
2021-06-16 14:51:17,737 - utils.logger - INFO - Val result of epoch 25 / 60 mse 0.6482 rmse 0.8051 pcc -0.0092 ccc -0.0005
2021-06-16 14:51:18,164 - utils.logger - INFO - Cur epoch 26 loss ccc:0.1204
2021-06-16 14:51:18,575 - utils.logger - INFO - Cur epoch 26 loss ccc:0.1203
2021-06-16 14:51:18,926 - utils.logger - INFO - Cur epoch 26 loss ccc:1.0025
2021-06-16 14:51:18,926 - utils.logger - INFO - saving the model at the end of epoch 26, iters 156
2021-06-16 14:51:19,179 - utils.logger - INFO - End of training epoch 26 / 60 	 Time Taken: 1 sec, Data loading: 0 sec
2021-06-16 14:51:19,179 - utils.logger - INFO - learning rate = 0.0003333
2021-06-16 14:51:19,592 - utils.logger - INFO - Trn result of epoch 26 / 60 mse 0.1670 rmse 0.4086 pcc -0.0006 ccc -0.0000
2021-06-16 14:51:19,736 - utils.logger - INFO - Val result of epoch 26 / 60 mse 0.1950 rmse 0.4416 pcc -0.0025 ccc -0.0002
2021-06-16 14:51:20,153 - utils.logger - INFO - Cur epoch 27 loss ccc:0.1250
2021-06-16 14:51:20,555 - utils.logger - INFO - Cur epoch 27 loss ccc:0.1249
2021-06-16 14:51:20,920 - utils.logger - INFO - Cur epoch 27 loss ccc:0.9999
2021-06-16 14:51:20,920 - utils.logger - INFO - saving the model at the end of epoch 27, iters 162
2021-06-16 14:51:21,307 - utils.logger - INFO - End of training epoch 27 / 60 	 Time Taken: 1 sec, Data loading: 0 sec
2021-06-16 14:51:21,308 - utils.logger - INFO - learning rate = 0.0003235
2021-06-16 14:51:21,718 - utils.logger - INFO - Trn result of epoch 27 / 60 mse 0.1728 rmse 0.4157 pcc -0.0048 ccc -0.0004
2021-06-16 14:51:21,865 - utils.logger - INFO - Val result of epoch 27 / 60 mse 0.2016 rmse 0.4491 pcc -0.0070 ccc -0.0005
2021-06-16 14:51:22,297 - utils.logger - INFO - Cur epoch 28 loss ccc:0.1243
2021-06-16 14:51:22,715 - utils.logger - INFO - Cur epoch 28 loss ccc:0.1430
2021-06-16 14:51:23,064 - utils.logger - INFO - Cur epoch 28 loss ccc:0.9992
2021-06-16 14:51:23,065 - utils.logger - INFO - saving the model at the end of epoch 28, iters 168
2021-06-16 14:51:23,325 - utils.logger - INFO - End of training epoch 28 / 60 	 Time Taken: 1 sec, Data loading: 0 sec
2021-06-16 14:51:23,325 - utils.logger - INFO - learning rate = 0.0003137
2021-06-16 14:51:23,735 - utils.logger - INFO - Trn result of epoch 28 / 60 mse 0.0927 rmse 0.3044 pcc 0.0059 ccc 0.0001
2021-06-16 14:51:23,887 - utils.logger - INFO - Val result of epoch 28 / 60 mse 0.0926 rmse 0.3043 pcc 0.0016 ccc 0.0000
2021-06-16 14:51:24,311 - utils.logger - INFO - Cur epoch 29 loss ccc:0.1105
2021-06-16 14:51:24,733 - utils.logger - INFO - Cur epoch 29 loss ccc:0.1216
2021-06-16 14:51:25,091 - utils.logger - INFO - Cur epoch 29 loss ccc:0.9983
2021-06-16 14:51:25,091 - utils.logger - INFO - saving the model at the end of epoch 29, iters 174
2021-06-16 14:51:25,350 - utils.logger - INFO - End of training epoch 29 / 60 	 Time Taken: 1 sec, Data loading: 0 sec
2021-06-16 14:51:25,350 - utils.logger - INFO - learning rate = 0.0003039
2021-06-16 14:51:25,787 - utils.logger - INFO - Trn result of epoch 29 / 60 mse 0.0912 rmse 0.3021 pcc 0.0918 ccc 0.0407
2021-06-16 14:51:25,946 - utils.logger - INFO - Val result of epoch 29 / 60 mse 0.0895 rmse 0.2991 pcc 0.1941 ccc 0.0954
2021-06-16 14:51:26,369 - utils.logger - INFO - Cur epoch 30 loss ccc:0.0953
2021-06-16 14:51:26,787 - utils.logger - INFO - Cur epoch 30 loss ccc:0.1551
2021-06-16 14:51:27,126 - utils.logger - INFO - Cur epoch 30 loss ccc:0.9994
2021-06-16 14:51:27,127 - utils.logger - INFO - saving the model at the end of epoch 30, iters 180
2021-06-16 14:51:27,384 - utils.logger - INFO - End of training epoch 30 / 60 	 Time Taken: 1 sec, Data loading: 0 sec
2021-06-16 14:51:27,384 - utils.logger - INFO - learning rate = 0.0002941
2021-06-16 14:51:27,789 - utils.logger - INFO - Trn result of epoch 30 / 60 mse 0.0954 rmse 0.3088 pcc -0.0178 ccc -0.0028
2021-06-16 14:51:27,935 - utils.logger - INFO - Val result of epoch 30 / 60 mse 0.1039 rmse 0.3223 pcc 0.0767 ccc 0.0128
2021-06-16 14:51:28,352 - utils.logger - INFO - Cur epoch 31 loss ccc:0.1250
2021-06-16 14:51:28,750 - utils.logger - INFO - Cur epoch 31 loss ccc:0.0997
2021-06-16 14:51:29,091 - utils.logger - INFO - Cur epoch 31 loss ccc:0.9998
2021-06-16 14:51:29,091 - utils.logger - INFO - saving the model at the end of epoch 31, iters 186
2021-06-16 14:51:29,361 - utils.logger - INFO - End of training epoch 31 / 60 	 Time Taken: 1 sec, Data loading: 0 sec
2021-06-16 14:51:29,361 - utils.logger - INFO - learning rate = 0.0002843
2021-06-16 14:51:29,769 - utils.logger - INFO - Trn result of epoch 31 / 60 mse 0.1690 rmse 0.4111 pcc -0.0161 ccc -0.0009
2021-06-16 14:51:29,911 - utils.logger - INFO - Val result of epoch 31 / 60 mse 0.1974 rmse 0.4443 pcc 0.0126 ccc 0.0005
2021-06-16 14:51:30,324 - utils.logger - INFO - Cur epoch 32 loss ccc:0.1499
2021-06-16 14:51:30,729 - utils.logger - INFO - Cur epoch 32 loss ccc:0.1017
2021-06-16 14:51:31,071 - utils.logger - INFO - Cur epoch 32 loss ccc:1.0038
2021-06-16 14:51:31,072 - utils.logger - INFO - saving the model at the end of epoch 32, iters 192
2021-06-16 14:51:31,319 - utils.logger - INFO - End of training epoch 32 / 60 	 Time Taken: 1 sec, Data loading: 0 sec
2021-06-16 14:51:31,319 - utils.logger - INFO - learning rate = 0.0002745
2021-06-16 14:51:31,725 - utils.logger - INFO - Trn result of epoch 32 / 60 mse 0.4508 rmse 0.6714 pcc -0.0134 ccc -0.0005
2021-06-16 14:51:31,868 - utils.logger - INFO - Val result of epoch 32 / 60 mse 0.5064 rmse 0.7116 pcc 0.0062 ccc 0.0002
2021-06-16 14:51:32,282 - utils.logger - INFO - Cur epoch 33 loss ccc:0.1382
2021-06-16 14:51:32,677 - utils.logger - INFO - Cur epoch 33 loss ccc:0.0996
2021-06-16 14:51:33,023 - utils.logger - INFO - Cur epoch 33 loss ccc:1.0003
2021-06-16 14:51:33,024 - utils.logger - INFO - saving the model at the end of epoch 33, iters 198
2021-06-16 14:51:33,280 - utils.logger - INFO - End of training epoch 33 / 60 	 Time Taken: 1 sec, Data loading: 0 sec
2021-06-16 14:51:33,280 - utils.logger - INFO - learning rate = 0.0002647
2021-06-16 14:51:33,687 - utils.logger - INFO - Trn result of epoch 33 / 60 mse 0.2364 rmse 0.4862 pcc 0.0108 ccc 0.0006
2021-06-16 14:51:33,831 - utils.logger - INFO - Val result of epoch 33 / 60 mse 0.2736 rmse 0.5231 pcc -0.0108 ccc -0.0005
2021-06-16 14:51:34,241 - utils.logger - INFO - Cur epoch 34 loss ccc:0.1105
2021-06-16 14:51:34,647 - utils.logger - INFO - Cur epoch 34 loss ccc:0.1196
2021-06-16 14:51:34,995 - utils.logger - INFO - Cur epoch 34 loss ccc:0.9982
2021-06-16 14:51:34,995 - utils.logger - INFO - saving the model at the end of epoch 34, iters 204
2021-06-16 14:51:35,277 - utils.logger - INFO - End of training epoch 34 / 60 	 Time Taken: 1 sec, Data loading: 0 sec
2021-06-16 14:51:35,278 - utils.logger - INFO - learning rate = 0.0002549
2021-06-16 14:51:35,695 - utils.logger - INFO - Trn result of epoch 34 / 60 mse 0.2513 rmse 0.5013 pcc 0.0082 ccc 0.0006
2021-06-16 14:51:35,843 - utils.logger - INFO - Val result of epoch 34 / 60 mse 0.2903 rmse 0.5388 pcc -0.0110 ccc -0.0007
2021-06-16 14:51:36,277 - utils.logger - INFO - Cur epoch 35 loss ccc:0.1282
2021-06-16 14:51:36,690 - utils.logger - INFO - Cur epoch 35 loss ccc:0.1312
2021-06-16 14:51:37,036 - utils.logger - INFO - Cur epoch 35 loss ccc:1.0015
2021-06-16 14:51:37,036 - utils.logger - INFO - saving the model at the end of epoch 35, iters 210
2021-06-16 14:51:37,294 - utils.logger - INFO - End of training epoch 35 / 60 	 Time Taken: 1 sec, Data loading: 0 sec
2021-06-16 14:51:37,295 - utils.logger - INFO - learning rate = 0.0002451
2021-06-16 14:51:37,706 - utils.logger - INFO - Trn result of epoch 35 / 60 mse 0.2346 rmse 0.4844 pcc 0.0796 ccc 0.0299
2021-06-16 14:51:37,851 - utils.logger - INFO - Val result of epoch 35 / 60 mse 0.2758 rmse 0.5252 pcc 0.0349 ccc 0.0113
2021-06-16 14:51:38,276 - utils.logger - INFO - Cur epoch 36 loss ccc:0.1275
2021-06-16 14:51:38,719 - utils.logger - INFO - Cur epoch 36 loss ccc:0.1248
2021-06-16 14:51:39,066 - utils.logger - INFO - Cur epoch 36 loss ccc:1.0066
2021-06-16 14:51:39,066 - utils.logger - INFO - saving the model at the end of epoch 36, iters 216
2021-06-16 14:51:39,325 - utils.logger - INFO - End of training epoch 36 / 60 	 Time Taken: 1 sec, Data loading: 0 sec
2021-06-16 14:51:39,326 - utils.logger - INFO - learning rate = 0.0002353
2021-06-16 14:51:39,755 - utils.logger - INFO - Trn result of epoch 36 / 60 mse 0.5681 rmse 0.7537 pcc 0.0022 ccc 0.0005
2021-06-16 14:51:39,922 - utils.logger - INFO - Val result of epoch 36 / 60 mse 0.6174 rmse 0.7858 pcc 0.0589 ccc 0.0132
2021-06-16 14:51:40,339 - utils.logger - INFO - Cur epoch 37 loss ccc:0.1231
2021-06-16 14:51:40,739 - utils.logger - INFO - Cur epoch 37 loss ccc:0.1231
2021-06-16 14:51:41,103 - utils.logger - INFO - Cur epoch 37 loss ccc:1.0103
2021-06-16 14:51:41,103 - utils.logger - INFO - saving the model at the end of epoch 37, iters 222
2021-06-16 14:51:41,360 - utils.logger - INFO - End of training epoch 37 / 60 	 Time Taken: 1 sec, Data loading: 0 sec
2021-06-16 14:51:41,360 - utils.logger - INFO - learning rate = 0.0002255
2021-06-16 14:51:41,772 - utils.logger - INFO - Trn result of epoch 37 / 60 mse 0.1667 rmse 0.4083 pcc 0.0902 ccc 0.0500
2021-06-16 14:51:41,921 - utils.logger - INFO - Val result of epoch 37 / 60 mse 0.1916 rmse 0.4378 pcc 0.1001 ccc 0.0488
2021-06-16 14:51:42,347 - utils.logger - INFO - Cur epoch 38 loss ccc:0.1250
2021-06-16 14:51:42,754 - utils.logger - INFO - Cur epoch 38 loss ccc:0.1116
2021-06-16 14:51:43,101 - utils.logger - INFO - Cur epoch 38 loss ccc:1.0018
2021-06-16 14:51:43,101 - utils.logger - INFO - saving the model at the end of epoch 38, iters 228
2021-06-16 14:51:43,373 - utils.logger - INFO - End of training epoch 38 / 60 	 Time Taken: 1 sec, Data loading: 0 sec
2021-06-16 14:51:43,373 - utils.logger - INFO - learning rate = 0.0002157
2021-06-16 14:51:43,786 - utils.logger - INFO - Trn result of epoch 38 / 60 mse 0.1517 rmse 0.3895 pcc 0.1566 ccc 0.0782
2021-06-16 14:51:43,930 - utils.logger - INFO - Val result of epoch 38 / 60 mse 0.1763 rmse 0.4199 pcc 0.1001 ccc 0.0476
2021-06-16 14:51:44,353 - utils.logger - INFO - Cur epoch 39 loss ccc:0.1143
2021-06-16 14:51:44,770 - utils.logger - INFO - Cur epoch 39 loss ccc:0.1290
2021-06-16 14:51:45,113 - utils.logger - INFO - Cur epoch 39 loss ccc:0.9964
2021-06-16 14:51:45,113 - utils.logger - INFO - saving the model at the end of epoch 39, iters 234
2021-06-16 14:51:45,398 - utils.logger - INFO - End of training epoch 39 / 60 	 Time Taken: 1 sec, Data loading: 0 sec
2021-06-16 14:51:45,398 - utils.logger - INFO - learning rate = 0.0002059
2021-06-16 14:51:45,825 - utils.logger - INFO - Trn result of epoch 39 / 60 mse 0.1560 rmse 0.3950 pcc -0.0240 ccc -0.0074
2021-06-16 14:51:45,967 - utils.logger - INFO - Val result of epoch 39 / 60 mse 0.1844 rmse 0.4294 pcc -0.0575 ccc -0.0131
2021-06-16 14:51:46,387 - utils.logger - INFO - Cur epoch 40 loss ccc:0.1040
2021-06-16 14:51:46,799 - utils.logger - INFO - Cur epoch 40 loss ccc:0.1197
2021-06-16 14:51:47,146 - utils.logger - INFO - Cur epoch 40 loss ccc:1.0119
2021-06-16 14:51:47,146 - utils.logger - INFO - saving the model at the end of epoch 40, iters 240
2021-06-16 14:51:47,399 - utils.logger - INFO - End of training epoch 40 / 60 	 Time Taken: 1 sec, Data loading: 0 sec
2021-06-16 14:51:47,400 - utils.logger - INFO - learning rate = 0.0001961
2021-06-16 14:51:47,815 - utils.logger - INFO - Trn result of epoch 40 / 60 mse 0.2512 rmse 0.5012 pcc 0.0006 ccc 0.0000
2021-06-16 14:51:47,961 - utils.logger - INFO - Val result of epoch 40 / 60 mse 0.2896 rmse 0.5382 pcc -0.0040 ccc -0.0003
2021-06-16 14:51:48,375 - utils.logger - INFO - Cur epoch 41 loss ccc:0.1012
2021-06-16 14:51:48,779 - utils.logger - INFO - Cur epoch 41 loss ccc:0.1154
2021-06-16 14:51:49,103 - utils.logger - INFO - Cur epoch 41 loss ccc:0.9801
2021-06-16 14:51:49,103 - utils.logger - INFO - saving the model at the end of epoch 41, iters 246
2021-06-16 14:51:49,627 - utils.logger - INFO - End of training epoch 41 / 60 	 Time Taken: 1 sec, Data loading: 0 sec
2021-06-16 14:51:49,627 - utils.logger - INFO - learning rate = 0.0001863
2021-06-16 14:51:50,052 - utils.logger - INFO - Trn result of epoch 41 / 60 mse 0.1432 rmse 0.3784 pcc -0.0014 ccc -0.0002
2021-06-16 14:51:50,197 - utils.logger - INFO - Val result of epoch 41 / 60 mse 0.1674 rmse 0.4092 pcc -0.0055 ccc -0.0005
2021-06-16 14:51:50,630 - utils.logger - INFO - Cur epoch 42 loss ccc:0.1382
2021-06-16 14:51:51,051 - utils.logger - INFO - Cur epoch 42 loss ccc:0.1106
2021-06-16 14:51:51,403 - utils.logger - INFO - Cur epoch 42 loss ccc:1.0035
2021-06-16 14:51:51,404 - utils.logger - INFO - saving the model at the end of epoch 42, iters 252
2021-06-16 14:51:51,666 - utils.logger - INFO - End of training epoch 42 / 60 	 Time Taken: 1 sec, Data loading: 0 sec
2021-06-16 14:51:51,666 - utils.logger - INFO - learning rate = 0.0001765
2021-06-16 14:51:52,081 - utils.logger - INFO - Trn result of epoch 42 / 60 mse 0.1124 rmse 0.3352 pcc -0.1299 ccc -0.0333
2021-06-16 14:51:52,222 - utils.logger - INFO - Val result of epoch 42 / 60 mse 0.1080 rmse 0.3286 pcc -0.1640 ccc -0.0525
2021-06-16 14:51:52,640 - utils.logger - INFO - Cur epoch 43 loss ccc:0.1180
2021-06-16 14:51:53,064 - utils.logger - INFO - Cur epoch 43 loss ccc:0.1282
2021-06-16 14:51:53,397 - utils.logger - INFO - Cur epoch 43 loss ccc:0.9998
2021-06-16 14:51:53,398 - utils.logger - INFO - saving the model at the end of epoch 43, iters 258
2021-06-16 14:51:53,657 - utils.logger - INFO - End of training epoch 43 / 60 	 Time Taken: 1 sec, Data loading: 0 sec
2021-06-16 14:51:53,657 - utils.logger - INFO - learning rate = 0.0001667
2021-06-16 14:51:54,093 - utils.logger - INFO - Trn result of epoch 43 / 60 mse 0.2229 rmse 0.4721 pcc 0.0143 ccc 0.0007
2021-06-16 14:51:54,257 - utils.logger - INFO - Val result of epoch 43 / 60 mse 0.1980 rmse 0.4450 pcc 0.0187 ccc 0.0011
2021-06-16 14:51:54,679 - utils.logger - INFO - Cur epoch 44 loss ccc:0.1010
2021-06-16 14:51:55,084 - utils.logger - INFO - Cur epoch 44 loss ccc:0.1250
2021-06-16 14:51:55,418 - utils.logger - INFO - Cur epoch 44 loss ccc:1.0043
2021-06-16 14:51:55,418 - utils.logger - INFO - saving the model at the end of epoch 44, iters 264
2021-06-16 14:51:55,670 - utils.logger - INFO - End of training epoch 44 / 60 	 Time Taken: 1 sec, Data loading: 0 sec
2021-06-16 14:51:55,671 - utils.logger - INFO - learning rate = 0.0001569
2021-06-16 14:51:56,081 - utils.logger - INFO - Trn result of epoch 44 / 60 mse 0.6600 rmse 0.8124 pcc 0.0187 ccc 0.0013
2021-06-16 14:51:56,225 - utils.logger - INFO - Val result of epoch 44 / 60 mse 0.6121 rmse 0.7824 pcc 0.0251 ccc 0.0019
2021-06-16 14:51:56,647 - utils.logger - INFO - Cur epoch 45 loss ccc:0.1177
2021-06-16 14:51:57,060 - utils.logger - INFO - Cur epoch 45 loss ccc:0.1368
2021-06-16 14:51:57,397 - utils.logger - INFO - Cur epoch 45 loss ccc:1.0238
2021-06-16 14:51:57,397 - utils.logger - INFO - saving the model at the end of epoch 45, iters 270
2021-06-16 14:51:57,653 - utils.logger - INFO - End of training epoch 45 / 60 	 Time Taken: 1 sec, Data loading: 0 sec
2021-06-16 14:51:57,654 - utils.logger - INFO - learning rate = 0.0001471
2021-06-16 14:51:58,066 - utils.logger - INFO - Trn result of epoch 45 / 60 mse 0.5824 rmse 0.7631 pcc 0.0177 ccc 0.0012
2021-06-16 14:51:58,210 - utils.logger - INFO - Val result of epoch 45 / 60 mse 0.5361 rmse 0.7322 pcc 0.0306 ccc 0.0023
2021-06-16 14:51:58,628 - utils.logger - INFO - Cur epoch 46 loss ccc:0.1251
2021-06-16 14:51:59,036 - utils.logger - INFO - Cur epoch 46 loss ccc:0.1079
2021-06-16 14:51:59,357 - utils.logger - INFO - Cur epoch 46 loss ccc:1.0519
2021-06-16 14:51:59,358 - utils.logger - INFO - saving the model at the end of epoch 46, iters 276
2021-06-16 14:51:59,604 - utils.logger - INFO - End of training epoch 46 / 60 	 Time Taken: 1 sec, Data loading: 0 sec
2021-06-16 14:51:59,604 - utils.logger - INFO - learning rate = 0.0001373
2021-06-16 14:52:00,014 - utils.logger - INFO - Trn result of epoch 46 / 60 mse 0.1261 rmse 0.3551 pcc 0.0185 ccc 0.0030
2021-06-16 14:52:00,158 - utils.logger - INFO - Val result of epoch 46 / 60 mse 0.1157 rmse 0.3402 pcc 0.0352 ccc 0.0065
2021-06-16 14:52:00,549 - utils.logger - INFO - Cur epoch 47 loss ccc:0.1248
2021-06-16 14:52:00,963 - utils.logger - INFO - Cur epoch 47 loss ccc:0.1136
2021-06-16 14:52:01,296 - utils.logger - INFO - Cur epoch 47 loss ccc:0.9996
2021-06-16 14:52:01,296 - utils.logger - INFO - saving the model at the end of epoch 47, iters 282
2021-06-16 14:52:01,547 - utils.logger - INFO - End of training epoch 47 / 60 	 Time Taken: 1 sec, Data loading: 0 sec
2021-06-16 14:52:01,548 - utils.logger - INFO - learning rate = 0.0001275
2021-06-16 14:52:01,955 - utils.logger - INFO - Trn result of epoch 47 / 60 mse 0.1255 rmse 0.3543 pcc 0.0161 ccc 0.0047
2021-06-16 14:52:02,098 - utils.logger - INFO - Val result of epoch 47 / 60 mse 0.1166 rmse 0.3414 pcc 0.0346 ccc 0.0116
2021-06-16 14:52:02,523 - utils.logger - INFO - Cur epoch 48 loss ccc:0.1375
2021-06-16 14:52:02,915 - utils.logger - INFO - Cur epoch 48 loss ccc:0.1037
2021-06-16 14:52:03,243 - utils.logger - INFO - Cur epoch 48 loss ccc:1.0045
2021-06-16 14:52:03,243 - utils.logger - INFO - saving the model at the end of epoch 48, iters 288
2021-06-16 14:52:03,551 - utils.logger - INFO - End of training epoch 48 / 60 	 Time Taken: 1 sec, Data loading: 0 sec
2021-06-16 14:52:03,552 - utils.logger - INFO - learning rate = 0.0001176
2021-06-16 14:52:03,965 - utils.logger - INFO - Trn result of epoch 48 / 60 mse 0.1619 rmse 0.4024 pcc 0.0164 ccc 0.0049
2021-06-16 14:52:04,108 - utils.logger - INFO - Val result of epoch 48 / 60 mse 0.1487 rmse 0.3856 pcc 0.0328 ccc 0.0114
2021-06-16 14:52:04,521 - utils.logger - INFO - Cur epoch 49 loss ccc:0.0975
2021-06-16 14:52:04,948 - utils.logger - INFO - Cur epoch 49 loss ccc:0.1382
2021-06-16 14:52:05,294 - utils.logger - INFO - Cur epoch 49 loss ccc:0.9798
2021-06-16 14:52:05,295 - utils.logger - INFO - saving the model at the end of epoch 49, iters 294
2021-06-16 14:52:05,563 - utils.logger - INFO - End of training epoch 49 / 60 	 Time Taken: 1 sec, Data loading: 0 sec
2021-06-16 14:52:05,563 - utils.logger - INFO - learning rate = 0.0001078
2021-06-16 14:52:05,971 - utils.logger - INFO - Trn result of epoch 49 / 60 mse 0.1361 rmse 0.3689 pcc 0.0130 ccc 0.0061
2021-06-16 14:52:06,115 - utils.logger - INFO - Val result of epoch 49 / 60 mse 0.1280 rmse 0.3577 pcc 0.0490 ccc 0.0265
2021-06-16 14:52:06,543 - utils.logger - INFO - Cur epoch 50 loss ccc:0.1433
2021-06-16 14:52:06,950 - utils.logger - INFO - Cur epoch 50 loss ccc:0.0968
2021-06-16 14:52:07,297 - utils.logger - INFO - Cur epoch 50 loss ccc:1.0004
2021-06-16 14:52:07,297 - utils.logger - INFO - saving the model at the end of epoch 50, iters 300
2021-06-16 14:52:07,546 - utils.logger - INFO - End of training epoch 50 / 60 	 Time Taken: 1 sec, Data loading: 0 sec
2021-06-16 14:52:07,546 - utils.logger - INFO - learning rate = 0.0000980
2021-06-16 14:52:07,951 - utils.logger - INFO - Trn result of epoch 50 / 60 mse 0.1697 rmse 0.4120 pcc 0.0190 ccc 0.0084
2021-06-16 14:52:08,093 - utils.logger - INFO - Val result of epoch 50 / 60 mse 0.1591 rmse 0.3989 pcc 0.0429 ccc 0.0218
2021-06-16 14:52:08,509 - utils.logger - INFO - Cur epoch 51 loss ccc:0.1261
2021-06-16 14:52:08,922 - utils.logger - INFO - Cur epoch 51 loss ccc:0.1382
2021-06-16 14:52:09,276 - utils.logger - INFO - Cur epoch 51 loss ccc:1.0994
2021-06-16 14:52:09,277 - utils.logger - INFO - saving the model at the end of epoch 51, iters 306
2021-06-16 14:52:09,642 - utils.logger - INFO - End of training epoch 51 / 60 	 Time Taken: 1 sec, Data loading: 0 sec
2021-06-16 14:52:09,643 - utils.logger - INFO - learning rate = 0.0000882
2021-06-16 14:52:10,077 - utils.logger - INFO - Trn result of epoch 51 / 60 mse 0.2513 rmse 0.5013 pcc 0.0146 ccc 0.0048
2021-06-16 14:52:10,240 - utils.logger - INFO - Val result of epoch 51 / 60 mse 0.2342 rmse 0.4840 pcc 0.0491 ccc 0.0185
2021-06-16 14:52:10,666 - utils.logger - INFO - Cur epoch 52 loss ccc:0.1336
2021-06-16 14:52:11,086 - utils.logger - INFO - Cur epoch 52 loss ccc:0.0977
2021-06-16 14:52:11,426 - utils.logger - INFO - Cur epoch 52 loss ccc:0.9934
2021-06-16 14:52:11,426 - utils.logger - INFO - saving the model at the end of epoch 52, iters 312
2021-06-16 14:52:11,679 - utils.logger - INFO - End of training epoch 52 / 60 	 Time Taken: 1 sec, Data loading: 0 sec
2021-06-16 14:52:11,679 - utils.logger - INFO - learning rate = 0.0000784
2021-06-16 14:52:12,104 - utils.logger - INFO - Trn result of epoch 52 / 60 mse 0.2786 rmse 0.5278 pcc 0.0156 ccc 0.0041
2021-06-16 14:52:12,247 - utils.logger - INFO - Val result of epoch 52 / 60 mse 0.2571 rmse 0.5071 pcc 0.0533 ccc 0.0163
2021-06-16 14:52:12,685 - utils.logger - INFO - Cur epoch 53 loss ccc:0.1101
2021-06-16 14:52:13,093 - utils.logger - INFO - Cur epoch 53 loss ccc:0.0988
2021-06-16 14:52:13,438 - utils.logger - INFO - Cur epoch 53 loss ccc:1.0001
2021-06-16 14:52:13,438 - utils.logger - INFO - saving the model at the end of epoch 53, iters 318
2021-06-16 14:52:13,692 - utils.logger - INFO - End of training epoch 53 / 60 	 Time Taken: 1 sec, Data loading: 0 sec
2021-06-16 14:52:13,692 - utils.logger - INFO - learning rate = 0.0000686
2021-06-16 14:52:14,125 - utils.logger - INFO - Trn result of epoch 53 / 60 mse 0.2615 rmse 0.5114 pcc 0.0145 ccc 0.0039
2021-06-16 14:52:14,267 - utils.logger - INFO - Val result of epoch 53 / 60 mse 0.2405 rmse 0.4905 pcc 0.0561 ccc 0.0177
2021-06-16 14:52:14,678 - utils.logger - INFO - Cur epoch 54 loss ccc:0.1289
2021-06-16 14:52:15,089 - utils.logger - INFO - Cur epoch 54 loss ccc:0.1241
2021-06-16 14:52:15,425 - utils.logger - INFO - Cur epoch 54 loss ccc:1.0050
2021-06-16 14:52:15,425 - utils.logger - INFO - saving the model at the end of epoch 54, iters 324
2021-06-16 14:52:15,679 - utils.logger - INFO - End of training epoch 54 / 60 	 Time Taken: 1 sec, Data loading: 0 sec
2021-06-16 14:52:15,679 - utils.logger - INFO - learning rate = 0.0000588
2021-06-16 14:52:16,087 - utils.logger - INFO - Trn result of epoch 54 / 60 mse 0.2529 rmse 0.5029 pcc 0.0125 ccc 0.0033
2021-06-16 14:52:16,228 - utils.logger - INFO - Val result of epoch 54 / 60 mse 0.2315 rmse 0.4811 pcc 0.0585 ccc 0.0180
2021-06-16 14:52:16,624 - utils.logger - INFO - Cur epoch 55 loss ccc:0.1195
2021-06-16 14:52:17,020 - utils.logger - INFO - Cur epoch 55 loss ccc:0.1244
2021-06-16 14:52:17,345 - utils.logger - INFO - Cur epoch 55 loss ccc:1.0121
2021-06-16 14:52:17,345 - utils.logger - INFO - saving the model at the end of epoch 55, iters 330
2021-06-16 14:52:17,615 - utils.logger - INFO - End of training epoch 55 / 60 	 Time Taken: 1 sec, Data loading: 0 sec
2021-06-16 14:52:17,615 - utils.logger - INFO - learning rate = 0.0000490
2021-06-16 14:52:18,024 - utils.logger - INFO - Trn result of epoch 55 / 60 mse 0.2413 rmse 0.4912 pcc 0.0114 ccc 0.0031
2021-06-16 14:52:18,166 - utils.logger - INFO - Val result of epoch 55 / 60 mse 0.2203 rmse 0.4693 pcc 0.0608 ccc 0.0193
2021-06-16 14:52:18,580 - utils.logger - INFO - Cur epoch 56 loss ccc:0.0979
2021-06-16 14:52:18,987 - utils.logger - INFO - Cur epoch 56 loss ccc:0.1190
2021-06-16 14:52:19,345 - utils.logger - INFO - Cur epoch 56 loss ccc:1.0039
2021-06-16 14:52:19,346 - utils.logger - INFO - saving the model at the end of epoch 56, iters 336
2021-06-16 14:52:19,633 - utils.logger - INFO - End of training epoch 56 / 60 	 Time Taken: 1 sec, Data loading: 0 sec
2021-06-16 14:52:19,633 - utils.logger - INFO - learning rate = 0.0000392
2021-06-16 14:52:20,044 - utils.logger - INFO - Trn result of epoch 56 / 60 mse 0.2394 rmse 0.4893 pcc 0.0118 ccc 0.0029
2021-06-16 14:52:20,185 - utils.logger - INFO - Val result of epoch 56 / 60 mse 0.2177 rmse 0.4666 pcc 0.0619 ccc 0.0182
2021-06-16 14:52:20,615 - utils.logger - INFO - Cur epoch 57 loss ccc:0.1179
2021-06-16 14:52:21,031 - utils.logger - INFO - Cur epoch 57 loss ccc:0.1395
2021-06-16 14:52:21,370 - utils.logger - INFO - Cur epoch 57 loss ccc:1.0002
2021-06-16 14:52:21,370 - utils.logger - INFO - saving the model at the end of epoch 57, iters 342
2021-06-16 14:52:22,259 - utils.logger - INFO - End of training epoch 57 / 60 	 Time Taken: 2 sec, Data loading: 0 sec
2021-06-16 14:52:22,259 - utils.logger - INFO - learning rate = 0.0000294
2021-06-16 14:52:22,684 - utils.logger - INFO - Trn result of epoch 57 / 60 mse 0.2357 rmse 0.4855 pcc 0.0116 ccc 0.0029
2021-06-16 14:52:22,836 - utils.logger - INFO - Val result of epoch 57 / 60 mse 0.2143 rmse 0.4629 pcc 0.0629 ccc 0.0189
2021-06-16 14:52:23,263 - utils.logger - INFO - Cur epoch 58 loss ccc:0.1182
2021-06-16 14:52:23,692 - utils.logger - INFO - Cur epoch 58 loss ccc:0.0962
2021-06-16 14:52:24,059 - utils.logger - INFO - Cur epoch 58 loss ccc:0.9997
2021-06-16 14:52:24,060 - utils.logger - INFO - saving the model at the end of epoch 58, iters 348
2021-06-16 14:52:24,315 - utils.logger - INFO - End of training epoch 58 / 60 	 Time Taken: 1 sec, Data loading: 0 sec
2021-06-16 14:52:24,315 - utils.logger - INFO - learning rate = 0.0000196
2021-06-16 14:52:24,748 - utils.logger - INFO - Trn result of epoch 58 / 60 mse 0.2342 rmse 0.4840 pcc 0.0115 ccc 0.0029
2021-06-16 14:52:24,909 - utils.logger - INFO - Val result of epoch 58 / 60 mse 0.2127 rmse 0.4612 pcc 0.0634 ccc 0.0190
2021-06-16 14:52:25,328 - utils.logger - INFO - Cur epoch 59 loss ccc:0.1342
2021-06-16 14:52:25,748 - utils.logger - INFO - Cur epoch 59 loss ccc:0.1121
2021-06-16 14:52:26,073 - utils.logger - INFO - Cur epoch 59 loss ccc:0.9907
2021-06-16 14:52:26,073 - utils.logger - INFO - saving the model at the end of epoch 59, iters 354
2021-06-16 14:52:26,348 - utils.logger - INFO - End of training epoch 59 / 60 	 Time Taken: 1 sec, Data loading: 0 sec
2021-06-16 14:52:26,348 - utils.logger - INFO - learning rate = 0.0000098
2021-06-16 14:52:26,756 - utils.logger - INFO - Trn result of epoch 59 / 60 mse 0.2341 rmse 0.4838 pcc 0.0132 ccc 0.0035
2021-06-16 14:52:26,906 - utils.logger - INFO - Val result of epoch 59 / 60 mse 0.2122 rmse 0.4606 pcc 0.0683 ccc 0.0214
2021-06-16 14:52:27,370 - utils.logger - INFO - Cur epoch 60 loss ccc:0.1322
2021-06-16 14:52:27,772 - utils.logger - INFO - Cur epoch 60 loss ccc:0.1263
2021-06-16 14:52:28,109 - utils.logger - INFO - Cur epoch 60 loss ccc:1.0119
2021-06-16 14:52:28,109 - utils.logger - INFO - saving the model at the end of epoch 60, iters 360
2021-06-16 14:52:28,366 - utils.logger - INFO - End of training epoch 60 / 60 	 Time Taken: 1 sec, Data loading: 0 sec
2021-06-16 14:52:28,366 - utils.logger - INFO - learning rate = 0.0000000
2021-06-16 14:52:28,773 - utils.logger - INFO - Trn result of epoch 60 / 60 mse 0.2331 rmse 0.4828 pcc 0.0135 ccc 0.0036
2021-06-16 14:52:28,916 - utils.logger - INFO - Val result of epoch 60 / 60 mse 0.2110 rmse 0.4594 pcc 0.0696 ccc 0.0217
2021-06-16 14:52:28,917 - utils.logger - INFO - Best eval epoch 29 found with ccc 0.095370
2021-06-16 14:52:28,917 - utils.logger - INFO - baseline_fcfusion_wonorm_wav2vec_arousal_hidden1024_seq100_lr0.0005_cccloss_run2
