2021-06-17 02:34:41,637 - utils.logger - INFO - The number of training samples = 41
2021-06-17 02:34:44,684 - utils.logger - INFO - Cur epoch 1 loss ccc:0.1171
2021-06-17 02:34:45,110 - utils.logger - INFO - Cur epoch 1 loss ccc:0.1226
2021-06-17 02:34:45,466 - utils.logger - INFO - Cur epoch 1 loss ccc:1.0538
2021-06-17 02:34:45,467 - utils.logger - INFO - saving the model at the end of epoch 1, iters 6
2021-06-17 02:34:45,690 - utils.logger - INFO - End of training epoch 1 / 60 	 Time Taken: 1 sec, Data loading: 0 sec
2021-06-17 02:34:45,690 - utils.logger - INFO - learning rate = 0.0001000
2021-06-17 02:34:46,077 - utils.logger - INFO - Trn result of epoch 1 / 60 mse 0.0904 rmse 0.3007 pcc 0.0861 ccc 0.0055
2021-06-17 02:34:46,209 - utils.logger - INFO - Val result of epoch 1 / 60 mse 0.0982 rmse 0.3133 pcc 0.0133 ccc 0.0010
2021-06-17 02:34:46,625 - utils.logger - INFO - Cur epoch 2 loss ccc:0.1204
2021-06-17 02:34:47,017 - utils.logger - INFO - Cur epoch 2 loss ccc:0.1286
2021-06-17 02:34:47,358 - utils.logger - INFO - Cur epoch 2 loss ccc:1.0000
2021-06-17 02:34:47,358 - utils.logger - INFO - saving the model at the end of epoch 2, iters 12
2021-06-17 02:34:47,598 - utils.logger - INFO - End of training epoch 2 / 60 	 Time Taken: 1 sec, Data loading: 0 sec
2021-06-17 02:34:47,599 - utils.logger - INFO - learning rate = 0.0001000
2021-06-17 02:34:47,984 - utils.logger - INFO - Trn result of epoch 2 / 60 mse 0.0940 rmse 0.3066 pcc 0.0701 ccc 0.0075
2021-06-17 02:34:48,118 - utils.logger - INFO - Val result of epoch 2 / 60 mse 0.1044 rmse 0.3230 pcc 0.0196 ccc 0.0024
2021-06-17 02:34:48,524 - utils.logger - INFO - Cur epoch 3 loss ccc:0.1135
2021-06-17 02:34:48,920 - utils.logger - INFO - Cur epoch 3 loss ccc:0.1109
2021-06-17 02:34:49,242 - utils.logger - INFO - Cur epoch 3 loss ccc:1.0068
2021-06-17 02:34:49,242 - utils.logger - INFO - saving the model at the end of epoch 3, iters 18
2021-06-17 02:34:49,444 - utils.logger - INFO - End of training epoch 3 / 60 	 Time Taken: 1 sec, Data loading: 0 sec
2021-06-17 02:34:49,444 - utils.logger - INFO - learning rate = 0.0001000
2021-06-17 02:34:49,828 - utils.logger - INFO - Trn result of epoch 3 / 60 mse 0.0928 rmse 0.3046 pcc 0.0769 ccc 0.0101
2021-06-17 02:34:49,959 - utils.logger - INFO - Val result of epoch 3 / 60 mse 0.1027 rmse 0.3205 pcc 0.0138 ccc 0.0021
2021-06-17 02:34:50,363 - utils.logger - INFO - Cur epoch 4 loss ccc:0.1043
2021-06-17 02:34:50,768 - utils.logger - INFO - Cur epoch 4 loss ccc:0.1251
2021-06-17 02:34:51,092 - utils.logger - INFO - Cur epoch 4 loss ccc:0.9785
2021-06-17 02:34:51,093 - utils.logger - INFO - saving the model at the end of epoch 4, iters 24
2021-06-17 02:34:51,482 - utils.logger - INFO - End of training epoch 4 / 60 	 Time Taken: 1 sec, Data loading: 0 sec
2021-06-17 02:34:51,482 - utils.logger - INFO - learning rate = 0.0001000
2021-06-17 02:34:51,853 - utils.logger - INFO - Trn result of epoch 4 / 60 mse 0.0926 rmse 0.3044 pcc 0.0872 ccc 0.0125
2021-06-17 02:34:51,981 - utils.logger - INFO - Val result of epoch 4 / 60 mse 0.1029 rmse 0.3207 pcc -0.0113 ccc -0.0017
2021-06-17 02:34:52,379 - utils.logger - INFO - Cur epoch 5 loss ccc:0.1168
2021-06-17 02:34:52,784 - utils.logger - INFO - Cur epoch 5 loss ccc:0.1252
2021-06-17 02:34:53,132 - utils.logger - INFO - Cur epoch 5 loss ccc:0.9999
2021-06-17 02:34:53,132 - utils.logger - INFO - saving the model at the end of epoch 5, iters 30
2021-06-17 02:34:53,381 - utils.logger - INFO - End of training epoch 5 / 60 	 Time Taken: 1 sec, Data loading: 0 sec
2021-06-17 02:34:53,381 - utils.logger - INFO - learning rate = 0.0001000
2021-06-17 02:34:53,756 - utils.logger - INFO - Trn result of epoch 5 / 60 mse 0.0935 rmse 0.3057 pcc 0.0889 ccc 0.0139
2021-06-17 02:34:53,884 - utils.logger - INFO - Val result of epoch 5 / 60 mse 0.1042 rmse 0.3229 pcc -0.0125 ccc -0.0021
2021-06-17 02:34:54,304 - utils.logger - INFO - Cur epoch 6 loss ccc:0.1301
2021-06-17 02:34:54,710 - utils.logger - INFO - Cur epoch 6 loss ccc:0.1251
2021-06-17 02:34:55,057 - utils.logger - INFO - Cur epoch 6 loss ccc:0.9965
2021-06-17 02:34:55,057 - utils.logger - INFO - saving the model at the end of epoch 6, iters 36
2021-06-17 02:34:55,300 - utils.logger - INFO - End of training epoch 6 / 60 	 Time Taken: 1 sec, Data loading: 0 sec
2021-06-17 02:34:55,300 - utils.logger - INFO - learning rate = 0.0001000
2021-06-17 02:34:55,685 - utils.logger - INFO - Trn result of epoch 6 / 60 mse 0.0957 rmse 0.3094 pcc 0.0791 ccc 0.0133
2021-06-17 02:34:55,817 - utils.logger - INFO - Val result of epoch 6 / 60 mse 0.1075 rmse 0.3278 pcc -0.0223 ccc -0.0039
2021-06-17 02:34:56,225 - utils.logger - INFO - Cur epoch 7 loss ccc:0.1250
2021-06-17 02:34:56,628 - utils.logger - INFO - Cur epoch 7 loss ccc:0.1010
2021-06-17 02:34:56,957 - utils.logger - INFO - Cur epoch 7 loss ccc:1.0022
2021-06-17 02:34:56,957 - utils.logger - INFO - saving the model at the end of epoch 7, iters 42
2021-06-17 02:34:57,332 - utils.logger - INFO - End of training epoch 7 / 60 	 Time Taken: 1 sec, Data loading: 0 sec
2021-06-17 02:34:57,332 - utils.logger - INFO - learning rate = 0.0001000
2021-06-17 02:34:57,704 - utils.logger - INFO - Trn result of epoch 7 / 60 mse 0.0937 rmse 0.3062 pcc 0.1047 ccc 0.0178
2021-06-17 02:34:57,833 - utils.logger - INFO - Val result of epoch 7 / 60 mse 0.1054 rmse 0.3246 pcc -0.0321 ccc -0.0056
2021-06-17 02:34:58,229 - utils.logger - INFO - Cur epoch 8 loss ccc:0.1047
2021-06-17 02:34:58,634 - utils.logger - INFO - Cur epoch 8 loss ccc:0.1249
2021-06-17 02:34:58,954 - utils.logger - INFO - Cur epoch 8 loss ccc:1.0036
2021-06-17 02:34:58,954 - utils.logger - INFO - saving the model at the end of epoch 8, iters 48
2021-06-17 02:34:59,203 - utils.logger - INFO - End of training epoch 8 / 60 	 Time Taken: 1 sec, Data loading: 0 sec
2021-06-17 02:34:59,203 - utils.logger - INFO - learning rate = 0.0001000
2021-06-17 02:34:59,576 - utils.logger - INFO - Trn result of epoch 8 / 60 mse 0.0903 rmse 0.3005 pcc 0.0957 ccc 0.0176
2021-06-17 02:34:59,705 - utils.logger - INFO - Val result of epoch 8 / 60 mse 0.0995 rmse 0.3155 pcc -0.0461 ccc -0.0080
2021-06-17 02:35:00,107 - utils.logger - INFO - Cur epoch 9 loss ccc:0.1094
2021-06-17 02:35:00,505 - utils.logger - INFO - Cur epoch 9 loss ccc:0.1181
2021-06-17 02:35:00,844 - utils.logger - INFO - Cur epoch 9 loss ccc:0.9987
2021-06-17 02:35:00,845 - utils.logger - INFO - saving the model at the end of epoch 9, iters 54
2021-06-17 02:35:01,086 - utils.logger - INFO - End of training epoch 9 / 60 	 Time Taken: 1 sec, Data loading: 0 sec
2021-06-17 02:35:01,086 - utils.logger - INFO - learning rate = 0.0001000
2021-06-17 02:35:01,470 - utils.logger - INFO - Trn result of epoch 9 / 60 mse 0.0925 rmse 0.3041 pcc 0.0984 ccc 0.0208
2021-06-17 02:35:01,601 - utils.logger - INFO - Val result of epoch 9 / 60 mse 0.1037 rmse 0.3220 pcc -0.0422 ccc -0.0087
2021-06-17 02:35:02,000 - utils.logger - INFO - Cur epoch 10 loss ccc:0.0972
2021-06-17 02:35:02,405 - utils.logger - INFO - Cur epoch 10 loss ccc:0.1196
2021-06-17 02:35:02,734 - utils.logger - INFO - Cur epoch 10 loss ccc:1.1056
2021-06-17 02:35:02,734 - utils.logger - INFO - saving the model at the end of epoch 10, iters 60
2021-06-17 02:35:02,984 - utils.logger - INFO - End of training epoch 10 / 60 	 Time Taken: 1 sec, Data loading: 0 sec
2021-06-17 02:35:02,985 - utils.logger - INFO - learning rate = 0.0001000
2021-06-17 02:35:03,376 - utils.logger - INFO - Trn result of epoch 10 / 60 mse 0.0885 rmse 0.2976 pcc 0.1060 ccc 0.0197
2021-06-17 02:35:03,508 - utils.logger - INFO - Val result of epoch 10 / 60 mse 0.0959 rmse 0.3097 pcc -0.0683 ccc -0.0122
2021-06-17 02:35:03,909 - utils.logger - INFO - Cur epoch 11 loss ccc:0.1201
2021-06-17 02:35:04,322 - utils.logger - INFO - Cur epoch 11 loss ccc:0.1250
2021-06-17 02:35:04,676 - utils.logger - INFO - Cur epoch 11 loss ccc:0.8767
2021-06-17 02:35:04,677 - utils.logger - INFO - saving the model at the end of epoch 11, iters 66
2021-06-17 02:35:04,929 - utils.logger - INFO - End of training epoch 11 / 60 	 Time Taken: 1 sec, Data loading: 0 sec
2021-06-17 02:35:04,929 - utils.logger - INFO - learning rate = 0.0001000
2021-06-17 02:35:05,310 - utils.logger - INFO - Trn result of epoch 11 / 60 mse 0.0914 rmse 0.3023 pcc 0.0954 ccc 0.0264
2021-06-17 02:35:05,446 - utils.logger - INFO - Val result of epoch 11 / 60 mse 0.1034 rmse 0.3215 pcc -0.0853 ccc -0.0211
2021-06-17 02:35:05,836 - utils.logger - INFO - Cur epoch 12 loss ccc:0.1112
2021-06-17 02:35:06,259 - utils.logger - INFO - Cur epoch 12 loss ccc:0.1304
2021-06-17 02:35:06,580 - utils.logger - INFO - Cur epoch 12 loss ccc:1.0043
2021-06-17 02:35:06,581 - utils.logger - INFO - saving the model at the end of epoch 12, iters 72
2021-06-17 02:35:06,840 - utils.logger - INFO - End of training epoch 12 / 60 	 Time Taken: 1 sec, Data loading: 0 sec
2021-06-17 02:35:06,840 - utils.logger - INFO - learning rate = 0.0001000
2021-06-17 02:35:07,227 - utils.logger - INFO - Trn result of epoch 12 / 60 mse 0.0937 rmse 0.3061 pcc 0.0853 ccc 0.0235
2021-06-17 02:35:07,358 - utils.logger - INFO - Val result of epoch 12 / 60 mse 0.1068 rmse 0.3268 pcc -0.0930 ccc -0.0228
2021-06-17 02:35:07,755 - utils.logger - INFO - Cur epoch 13 loss ccc:0.1238
2021-06-17 02:35:08,148 - utils.logger - INFO - Cur epoch 13 loss ccc:0.1321
2021-06-17 02:35:08,488 - utils.logger - INFO - Cur epoch 13 loss ccc:1.0001
2021-06-17 02:35:08,488 - utils.logger - INFO - saving the model at the end of epoch 13, iters 78
2021-06-17 02:35:08,738 - utils.logger - INFO - End of training epoch 13 / 60 	 Time Taken: 1 sec, Data loading: 0 sec
2021-06-17 02:35:08,738 - utils.logger - INFO - learning rate = 0.0001000
2021-06-17 02:35:09,117 - utils.logger - INFO - Trn result of epoch 13 / 60 mse 0.0950 rmse 0.3082 pcc 0.0989 ccc 0.0262
2021-06-17 02:35:09,249 - utils.logger - INFO - Val result of epoch 13 / 60 mse 0.1075 rmse 0.3278 pcc -0.0355 ccc -0.0091
2021-06-17 02:35:09,643 - utils.logger - INFO - Cur epoch 14 loss ccc:0.1197
2021-06-17 02:35:10,043 - utils.logger - INFO - Cur epoch 14 loss ccc:0.1084
2021-06-17 02:35:10,374 - utils.logger - INFO - Cur epoch 14 loss ccc:0.9997
2021-06-17 02:35:10,374 - utils.logger - INFO - saving the model at the end of epoch 14, iters 84
2021-06-17 02:35:10,646 - utils.logger - INFO - End of training epoch 14 / 60 	 Time Taken: 1 sec, Data loading: 0 sec
2021-06-17 02:35:10,647 - utils.logger - INFO - learning rate = 0.0001000
2021-06-17 02:35:11,024 - utils.logger - INFO - Trn result of epoch 14 / 60 mse 0.0918 rmse 0.3029 pcc 0.0969 ccc 0.0266
2021-06-17 02:35:11,152 - utils.logger - INFO - Val result of epoch 14 / 60 mse 0.1030 rmse 0.3209 pcc -0.0541 ccc -0.0137
2021-06-17 02:35:11,555 - utils.logger - INFO - Cur epoch 15 loss ccc:0.1170
2021-06-17 02:35:11,948 - utils.logger - INFO - Cur epoch 15 loss ccc:0.1137
2021-06-17 02:35:12,287 - utils.logger - INFO - Cur epoch 15 loss ccc:1.0002
2021-06-17 02:35:12,288 - utils.logger - INFO - saving the model at the end of epoch 15, iters 90
2021-06-17 02:35:12,550 - utils.logger - INFO - End of training epoch 15 / 60 	 Time Taken: 1 sec, Data loading: 0 sec
2021-06-17 02:35:12,550 - utils.logger - INFO - learning rate = 0.0001000
2021-06-17 02:35:12,927 - utils.logger - INFO - Trn result of epoch 15 / 60 mse 0.0951 rmse 0.3083 pcc 0.0946 ccc 0.0281
2021-06-17 02:35:13,056 - utils.logger - INFO - Val result of epoch 15 / 60 mse 0.1081 rmse 0.3287 pcc -0.0538 ccc -0.0148
2021-06-17 02:35:13,449 - utils.logger - INFO - Cur epoch 16 loss ccc:0.0885
2021-06-17 02:35:13,856 - utils.logger - INFO - Cur epoch 16 loss ccc:0.1281
2021-06-17 02:35:14,201 - utils.logger - INFO - Cur epoch 16 loss ccc:1.0104
2021-06-17 02:35:14,201 - utils.logger - INFO - saving the model at the end of epoch 16, iters 96
2021-06-17 02:35:14,445 - utils.logger - INFO - End of training epoch 16 / 60 	 Time Taken: 1 sec, Data loading: 0 sec
2021-06-17 02:35:14,446 - utils.logger - INFO - learning rate = 0.0001000
2021-06-17 02:35:14,820 - utils.logger - INFO - Trn result of epoch 16 / 60 mse 0.0969 rmse 0.3113 pcc 0.0953 ccc 0.0316
2021-06-17 02:35:14,950 - utils.logger - INFO - Val result of epoch 16 / 60 mse 0.1107 rmse 0.3328 pcc -0.0573 ccc -0.0175
2021-06-17 02:35:15,346 - utils.logger - INFO - Cur epoch 17 loss ccc:0.1012
2021-06-17 02:35:15,736 - utils.logger - INFO - Cur epoch 17 loss ccc:0.1145
2021-06-17 02:35:16,075 - utils.logger - INFO - Cur epoch 17 loss ccc:1.0125
2021-06-17 02:35:16,075 - utils.logger - INFO - saving the model at the end of epoch 17, iters 102
2021-06-17 02:35:16,505 - utils.logger - INFO - End of training epoch 17 / 60 	 Time Taken: 1 sec, Data loading: 0 sec
2021-06-17 02:35:16,506 - utils.logger - INFO - learning rate = 0.0001000
2021-06-17 02:35:16,891 - utils.logger - INFO - Trn result of epoch 17 / 60 mse 0.0973 rmse 0.3119 pcc 0.0925 ccc 0.0334
2021-06-17 02:35:17,022 - utils.logger - INFO - Val result of epoch 17 / 60 mse 0.1113 rmse 0.3336 pcc -0.0672 ccc -0.0216
2021-06-17 02:35:17,419 - utils.logger - INFO - Cur epoch 18 loss ccc:0.1131
2021-06-17 02:35:17,809 - utils.logger - INFO - Cur epoch 18 loss ccc:0.1166
2021-06-17 02:35:18,149 - utils.logger - INFO - Cur epoch 18 loss ccc:1.0005
2021-06-17 02:35:18,149 - utils.logger - INFO - saving the model at the end of epoch 18, iters 108
2021-06-17 02:35:18,410 - utils.logger - INFO - End of training epoch 18 / 60 	 Time Taken: 1 sec, Data loading: 0 sec
2021-06-17 02:35:18,411 - utils.logger - INFO - learning rate = 0.0001000
2021-06-17 02:35:18,788 - utils.logger - INFO - Trn result of epoch 18 / 60 mse 0.1007 rmse 0.3173 pcc 0.0865 ccc 0.0325
2021-06-17 02:35:18,916 - utils.logger - INFO - Val result of epoch 18 / 60 mse 0.1152 rmse 0.3394 pcc -0.0573 ccc -0.0192
2021-06-17 02:35:19,309 - utils.logger - INFO - Cur epoch 19 loss ccc:0.1135
2021-06-17 02:35:19,706 - utils.logger - INFO - Cur epoch 19 loss ccc:0.1189
2021-06-17 02:35:20,028 - utils.logger - INFO - Cur epoch 19 loss ccc:1.0599
2021-06-17 02:35:20,028 - utils.logger - INFO - saving the model at the end of epoch 19, iters 114
2021-06-17 02:35:20,292 - utils.logger - INFO - End of training epoch 19 / 60 	 Time Taken: 1 sec, Data loading: 0 sec
2021-06-17 02:35:20,292 - utils.logger - INFO - learning rate = 0.0001000
2021-06-17 02:35:20,664 - utils.logger - INFO - Trn result of epoch 19 / 60 mse 0.1274 rmse 0.3569 pcc 0.0895 ccc 0.0343
2021-06-17 02:35:20,792 - utils.logger - INFO - Val result of epoch 19 / 60 mse 0.1459 rmse 0.3819 pcc -0.0372 ccc -0.0132
2021-06-17 02:35:21,182 - utils.logger - INFO - Cur epoch 20 loss ccc:0.1253
2021-06-17 02:35:21,583 - utils.logger - INFO - Cur epoch 20 loss ccc:0.1280
2021-06-17 02:35:21,907 - utils.logger - INFO - Cur epoch 20 loss ccc:0.9925
2021-06-17 02:35:21,907 - utils.logger - INFO - saving the model at the end of epoch 20, iters 120
2021-06-17 02:35:22,173 - utils.logger - INFO - End of training epoch 20 / 60 	 Time Taken: 1 sec, Data loading: 0 sec
2021-06-17 02:35:22,173 - utils.logger - INFO - learning rate = 0.0000976
2021-06-17 02:35:22,548 - utils.logger - INFO - Trn result of epoch 20 / 60 mse 0.1567 rmse 0.3959 pcc 0.0961 ccc 0.0328
2021-06-17 02:35:22,679 - utils.logger - INFO - Val result of epoch 20 / 60 mse 0.1782 rmse 0.4222 pcc -0.0403 ccc -0.0129
2021-06-17 02:35:23,085 - utils.logger - INFO - Cur epoch 21 loss ccc:0.1143
2021-06-17 02:35:23,485 - utils.logger - INFO - Cur epoch 21 loss ccc:0.1061
2021-06-17 02:35:23,810 - utils.logger - INFO - Cur epoch 21 loss ccc:1.0876
2021-06-17 02:35:23,810 - utils.logger - INFO - saving the model at the end of epoch 21, iters 126
2021-06-17 02:35:24,072 - utils.logger - INFO - End of training epoch 21 / 60 	 Time Taken: 1 sec, Data loading: 0 sec
2021-06-17 02:35:24,072 - utils.logger - INFO - learning rate = 0.0000951
2021-06-17 02:35:24,447 - utils.logger - INFO - Trn result of epoch 21 / 60 mse 0.2103 rmse 0.4586 pcc 0.0915 ccc 0.0250
2021-06-17 02:35:24,574 - utils.logger - INFO - Val result of epoch 21 / 60 mse 0.2348 rmse 0.4845 pcc -0.0398 ccc -0.0108
2021-06-17 02:35:24,954 - utils.logger - INFO - Cur epoch 22 loss ccc:0.1386
2021-06-17 02:35:25,373 - utils.logger - INFO - Cur epoch 22 loss ccc:0.1009
2021-06-17 02:35:25,713 - utils.logger - INFO - Cur epoch 22 loss ccc:1.0003
2021-06-17 02:35:25,713 - utils.logger - INFO - saving the model at the end of epoch 22, iters 132
2021-06-17 02:35:25,968 - utils.logger - INFO - End of training epoch 22 / 60 	 Time Taken: 1 sec, Data loading: 0 sec
2021-06-17 02:35:25,968 - utils.logger - INFO - learning rate = 0.0000927
2021-06-17 02:35:26,340 - utils.logger - INFO - Trn result of epoch 22 / 60 mse 0.1920 rmse 0.4381 pcc 0.0918 ccc 0.0282
2021-06-17 02:35:26,467 - utils.logger - INFO - Val result of epoch 22 / 60 mse 0.2158 rmse 0.4645 pcc -0.0378 ccc -0.0114
2021-06-17 02:35:26,890 - utils.logger - INFO - Cur epoch 23 loss ccc:0.1097
2021-06-17 02:35:27,280 - utils.logger - INFO - Cur epoch 23 loss ccc:0.1251
2021-06-17 02:35:27,620 - utils.logger - INFO - Cur epoch 23 loss ccc:1.0115
2021-06-17 02:35:27,620 - utils.logger - INFO - saving the model at the end of epoch 23, iters 138
2021-06-17 02:35:27,883 - utils.logger - INFO - End of training epoch 23 / 60 	 Time Taken: 1 sec, Data loading: 0 sec
2021-06-17 02:35:27,883 - utils.logger - INFO - learning rate = 0.0000902
2021-06-17 02:35:28,262 - utils.logger - INFO - Trn result of epoch 23 / 60 mse 0.1695 rmse 0.4118 pcc 0.0978 ccc 0.0320
2021-06-17 02:35:28,392 - utils.logger - INFO - Val result of epoch 23 / 60 mse 0.1936 rmse 0.4399 pcc -0.0583 ccc -0.0177
2021-06-17 02:35:28,786 - utils.logger - INFO - Cur epoch 24 loss ccc:0.1092
2021-06-17 02:35:29,187 - utils.logger - INFO - Cur epoch 24 loss ccc:0.1286
2021-06-17 02:35:29,494 - utils.logger - INFO - Cur epoch 24 loss ccc:0.9983
2021-06-17 02:35:29,495 - utils.logger - INFO - saving the model at the end of epoch 24, iters 144
2021-06-17 02:35:29,860 - utils.logger - INFO - End of training epoch 24 / 60 	 Time Taken: 1 sec, Data loading: 0 sec
2021-06-17 02:35:29,860 - utils.logger - INFO - learning rate = 0.0000878
2021-06-17 02:35:30,234 - utils.logger - INFO - Trn result of epoch 24 / 60 mse 0.1647 rmse 0.4058 pcc 0.0869 ccc 0.0286
2021-06-17 02:35:30,361 - utils.logger - INFO - Val result of epoch 24 / 60 mse 0.1871 rmse 0.4326 pcc -0.0672 ccc -0.0200
2021-06-17 02:35:30,758 - utils.logger - INFO - Cur epoch 25 loss ccc:0.1132
2021-06-17 02:35:31,143 - utils.logger - INFO - Cur epoch 25 loss ccc:0.1250
2021-06-17 02:35:31,467 - utils.logger - INFO - Cur epoch 25 loss ccc:0.9345
2021-06-17 02:35:31,467 - utils.logger - INFO - saving the model at the end of epoch 25, iters 150
2021-06-17 02:35:31,748 - utils.logger - INFO - End of training epoch 25 / 60 	 Time Taken: 1 sec, Data loading: 0 sec
2021-06-17 02:35:31,749 - utils.logger - INFO - learning rate = 0.0000854
2021-06-17 02:35:32,121 - utils.logger - INFO - Trn result of epoch 25 / 60 mse 0.1563 rmse 0.3954 pcc 0.0902 ccc 0.0317
2021-06-17 02:35:32,250 - utils.logger - INFO - Val result of epoch 25 / 60 mse 0.1782 rmse 0.4221 pcc -0.0664 ccc -0.0211
2021-06-17 02:35:32,621 - utils.logger - INFO - Cur epoch 26 loss ccc:0.1048
2021-06-17 02:35:33,012 - utils.logger - INFO - Cur epoch 26 loss ccc:0.1198
2021-06-17 02:35:33,328 - utils.logger - INFO - Cur epoch 26 loss ccc:1.0015
2021-06-17 02:35:33,328 - utils.logger - INFO - saving the model at the end of epoch 26, iters 156
2021-06-17 02:35:33,595 - utils.logger - INFO - End of training epoch 26 / 60 	 Time Taken: 1 sec, Data loading: 0 sec
2021-06-17 02:35:33,595 - utils.logger - INFO - learning rate = 0.0000829
2021-06-17 02:35:33,966 - utils.logger - INFO - Trn result of epoch 26 / 60 mse 0.1465 rmse 0.3828 pcc 0.0894 ccc 0.0343
2021-06-17 02:35:34,095 - utils.logger - INFO - Val result of epoch 26 / 60 mse 0.1667 rmse 0.4083 pcc -0.0554 ccc -0.0196
2021-06-17 02:35:34,497 - utils.logger - INFO - Cur epoch 27 loss ccc:0.1072
2021-06-17 02:35:34,895 - utils.logger - INFO - Cur epoch 27 loss ccc:0.1251
2021-06-17 02:35:35,217 - utils.logger - INFO - Cur epoch 27 loss ccc:1.0603
2021-06-17 02:35:35,217 - utils.logger - INFO - saving the model at the end of epoch 27, iters 162
2021-06-17 02:35:35,484 - utils.logger - INFO - End of training epoch 27 / 60 	 Time Taken: 1 sec, Data loading: 0 sec
2021-06-17 02:35:35,484 - utils.logger - INFO - learning rate = 0.0000805
2021-06-17 02:35:35,856 - utils.logger - INFO - Trn result of epoch 27 / 60 mse 0.1664 rmse 0.4079 pcc 0.0848 ccc 0.0304
2021-06-17 02:35:35,984 - utils.logger - INFO - Val result of epoch 27 / 60 mse 0.1923 rmse 0.4385 pcc -0.0847 ccc -0.0267
2021-06-17 02:35:36,359 - utils.logger - INFO - Cur epoch 28 loss ccc:0.1243
2021-06-17 02:35:36,756 - utils.logger - INFO - Cur epoch 28 loss ccc:0.1351
2021-06-17 02:35:37,087 - utils.logger - INFO - Cur epoch 28 loss ccc:0.9991
2021-06-17 02:35:37,087 - utils.logger - INFO - saving the model at the end of epoch 28, iters 168
2021-06-17 02:35:37,355 - utils.logger - INFO - End of training epoch 28 / 60 	 Time Taken: 1 sec, Data loading: 0 sec
2021-06-17 02:35:37,356 - utils.logger - INFO - learning rate = 0.0000780
2021-06-17 02:35:37,729 - utils.logger - INFO - Trn result of epoch 28 / 60 mse 0.1801 rmse 0.4244 pcc 0.0824 ccc 0.0296
2021-06-17 02:35:37,857 - utils.logger - INFO - Val result of epoch 28 / 60 mse 0.2086 rmse 0.4567 pcc -0.0957 ccc -0.0306
2021-06-17 02:35:38,258 - utils.logger - INFO - Cur epoch 29 loss ccc:0.1477
2021-06-17 02:35:38,648 - utils.logger - INFO - Cur epoch 29 loss ccc:0.1149
2021-06-17 02:35:38,976 - utils.logger - INFO - Cur epoch 29 loss ccc:0.9911
2021-06-17 02:35:38,977 - utils.logger - INFO - saving the model at the end of epoch 29, iters 174
2021-06-17 02:35:39,250 - utils.logger - INFO - End of training epoch 29 / 60 	 Time Taken: 1 sec, Data loading: 0 sec
2021-06-17 02:35:39,250 - utils.logger - INFO - learning rate = 0.0000756
2021-06-17 02:35:39,624 - utils.logger - INFO - Trn result of epoch 29 / 60 mse 0.1525 rmse 0.3905 pcc 0.0794 ccc 0.0364
2021-06-17 02:35:39,753 - utils.logger - INFO - Val result of epoch 29 / 60 mse 0.1831 rmse 0.4279 pcc -0.0966 ccc -0.0407
2021-06-17 02:35:40,126 - utils.logger - INFO - Cur epoch 30 loss ccc:0.1340
2021-06-17 02:35:40,509 - utils.logger - INFO - Cur epoch 30 loss ccc:0.1168
2021-06-17 02:35:40,815 - utils.logger - INFO - Cur epoch 30 loss ccc:1.0011
2021-06-17 02:35:40,815 - utils.logger - INFO - saving the model at the end of epoch 30, iters 180
2021-06-17 02:35:41,077 - utils.logger - INFO - End of training epoch 30 / 60 	 Time Taken: 1 sec, Data loading: 0 sec
2021-06-17 02:35:41,077 - utils.logger - INFO - learning rate = 0.0000732
2021-06-17 02:35:41,450 - utils.logger - INFO - Trn result of epoch 30 / 60 mse 0.1278 rmse 0.3575 pcc 0.0770 ccc 0.0389
2021-06-17 02:35:41,577 - utils.logger - INFO - Val result of epoch 30 / 60 mse 0.1552 rmse 0.3939 pcc -0.0955 ccc -0.0447
2021-06-17 02:35:41,953 - utils.logger - INFO - Cur epoch 31 loss ccc:0.1250
2021-06-17 02:35:42,326 - utils.logger - INFO - Cur epoch 31 loss ccc:0.1093
2021-06-17 02:35:42,639 - utils.logger - INFO - Cur epoch 31 loss ccc:0.9994
2021-06-17 02:35:42,639 - utils.logger - INFO - saving the model at the end of epoch 31, iters 186
2021-06-17 02:35:42,976 - utils.logger - INFO - End of training epoch 31 / 60 	 Time Taken: 1 sec, Data loading: 0 sec
2021-06-17 02:35:42,976 - utils.logger - INFO - learning rate = 0.0000707
2021-06-17 02:35:43,350 - utils.logger - INFO - Trn result of epoch 31 / 60 mse 0.2245 rmse 0.4738 pcc 0.0817 ccc 0.0237
2021-06-17 02:35:43,477 - utils.logger - INFO - Val result of epoch 31 / 60 mse 0.2593 rmse 0.5092 pcc -0.0996 ccc -0.0259
2021-06-17 02:35:43,858 - utils.logger - INFO - Cur epoch 32 loss ccc:0.1249
2021-06-17 02:35:44,242 - utils.logger - INFO - Cur epoch 32 loss ccc:0.1293
2021-06-17 02:35:44,573 - utils.logger - INFO - Cur epoch 32 loss ccc:1.0003
2021-06-17 02:35:44,573 - utils.logger - INFO - saving the model at the end of epoch 32, iters 192
2021-06-17 02:35:44,844 - utils.logger - INFO - End of training epoch 32 / 60 	 Time Taken: 1 sec, Data loading: 0 sec
2021-06-17 02:35:44,845 - utils.logger - INFO - learning rate = 0.0000683
2021-06-17 02:35:45,218 - utils.logger - INFO - Trn result of epoch 32 / 60 mse 0.2160 rmse 0.4648 pcc 0.0834 ccc 0.0251
2021-06-17 02:35:45,348 - utils.logger - INFO - Val result of epoch 32 / 60 mse 0.2499 rmse 0.4999 pcc -0.0980 ccc -0.0264
2021-06-17 02:35:45,727 - utils.logger - INFO - Cur epoch 33 loss ccc:0.1181
2021-06-17 02:35:46,117 - utils.logger - INFO - Cur epoch 33 loss ccc:0.1180
2021-06-17 02:35:46,451 - utils.logger - INFO - Cur epoch 33 loss ccc:1.0038
2021-06-17 02:35:46,451 - utils.logger - INFO - saving the model at the end of epoch 33, iters 198
2021-06-17 02:35:46,734 - utils.logger - INFO - End of training epoch 33 / 60 	 Time Taken: 1 sec, Data loading: 0 sec
2021-06-17 02:35:46,734 - utils.logger - INFO - learning rate = 0.0000659
2021-06-17 02:35:47,108 - utils.logger - INFO - Trn result of epoch 33 / 60 mse 0.1791 rmse 0.4232 pcc 0.0829 ccc 0.0278
2021-06-17 02:35:47,235 - utils.logger - INFO - Val result of epoch 33 / 60 mse 0.2105 rmse 0.4588 pcc -0.0957 ccc -0.0287
2021-06-17 02:35:47,611 - utils.logger - INFO - Cur epoch 34 loss ccc:0.1096
2021-06-17 02:35:48,020 - utils.logger - INFO - Cur epoch 34 loss ccc:0.0987
2021-06-17 02:35:48,336 - utils.logger - INFO - Cur epoch 34 loss ccc:1.0012
2021-06-17 02:35:48,336 - utils.logger - INFO - saving the model at the end of epoch 34, iters 204
2021-06-17 02:35:48,617 - utils.logger - INFO - End of training epoch 34 / 60 	 Time Taken: 1 sec, Data loading: 0 sec
2021-06-17 02:35:48,617 - utils.logger - INFO - learning rate = 0.0000634
2021-06-17 02:35:48,990 - utils.logger - INFO - Trn result of epoch 34 / 60 mse 0.1421 rmse 0.3769 pcc 0.0800 ccc 0.0331
2021-06-17 02:35:49,119 - utils.logger - INFO - Val result of epoch 34 / 60 mse 0.1701 rmse 0.4124 pcc -0.1029 ccc -0.0383
2021-06-17 02:35:49,516 - utils.logger - INFO - Cur epoch 35 loss ccc:0.1169
2021-06-17 02:35:49,912 - utils.logger - INFO - Cur epoch 35 loss ccc:0.1254
2021-06-17 02:35:50,246 - utils.logger - INFO - Cur epoch 35 loss ccc:0.9952
2021-06-17 02:35:50,246 - utils.logger - INFO - saving the model at the end of epoch 35, iters 210
2021-06-17 02:35:50,617 - utils.logger - INFO - End of training epoch 35 / 60 	 Time Taken: 1 sec, Data loading: 0 sec
2021-06-17 02:35:50,617 - utils.logger - INFO - learning rate = 0.0000610
2021-06-17 02:35:50,988 - utils.logger - INFO - Trn result of epoch 35 / 60 mse 0.1305 rmse 0.3613 pcc 0.0752 ccc 0.0322
2021-06-17 02:35:51,116 - utils.logger - INFO - Val result of epoch 35 / 60 mse 0.1568 rmse 0.3960 pcc -0.0972 ccc -0.0378
2021-06-17 02:35:51,522 - utils.logger - INFO - Cur epoch 36 loss ccc:0.1080
2021-06-17 02:35:51,926 - utils.logger - INFO - Cur epoch 36 loss ccc:0.1344
2021-06-17 02:35:52,271 - utils.logger - INFO - Cur epoch 36 loss ccc:0.9575
2021-06-17 02:35:52,271 - utils.logger - INFO - saving the model at the end of epoch 36, iters 216
2021-06-17 02:35:52,534 - utils.logger - INFO - End of training epoch 36 / 60 	 Time Taken: 1 sec, Data loading: 0 sec
2021-06-17 02:35:52,534 - utils.logger - INFO - learning rate = 0.0000585
2021-06-17 02:35:52,912 - utils.logger - INFO - Trn result of epoch 36 / 60 mse 0.1239 rmse 0.3520 pcc 0.0785 ccc 0.0335
2021-06-17 02:35:53,041 - utils.logger - INFO - Val result of epoch 36 / 60 mse 0.1483 rmse 0.3851 pcc -0.0993 ccc -0.0381
2021-06-17 02:35:53,457 - utils.logger - INFO - Cur epoch 37 loss ccc:0.1109
2021-06-17 02:35:53,859 - utils.logger - INFO - Cur epoch 37 loss ccc:0.1339
2021-06-17 02:35:54,205 - utils.logger - INFO - Cur epoch 37 loss ccc:0.9985
2021-06-17 02:35:54,205 - utils.logger - INFO - saving the model at the end of epoch 37, iters 222
2021-06-17 02:35:54,479 - utils.logger - INFO - End of training epoch 37 / 60 	 Time Taken: 1 sec, Data loading: 0 sec
2021-06-17 02:35:54,479 - utils.logger - INFO - learning rate = 0.0000561
2021-06-17 02:35:54,860 - utils.logger - INFO - Trn result of epoch 37 / 60 mse 0.1285 rmse 0.3584 pcc 0.0761 ccc 0.0363
2021-06-17 02:35:54,990 - utils.logger - INFO - Val result of epoch 37 / 60 mse 0.1529 rmse 0.3910 pcc -0.0901 ccc -0.0384
2021-06-17 02:35:55,385 - utils.logger - INFO - Cur epoch 38 loss ccc:0.1018
2021-06-17 02:35:55,801 - utils.logger - INFO - Cur epoch 38 loss ccc:0.1224
2021-06-17 02:35:56,151 - utils.logger - INFO - Cur epoch 38 loss ccc:0.9999
2021-06-17 02:35:56,151 - utils.logger - INFO - saving the model at the end of epoch 38, iters 228
2021-06-17 02:35:56,440 - utils.logger - INFO - End of training epoch 38 / 60 	 Time Taken: 1 sec, Data loading: 0 sec
2021-06-17 02:35:56,440 - utils.logger - INFO - learning rate = 0.0000537
2021-06-17 02:35:56,815 - utils.logger - INFO - Trn result of epoch 38 / 60 mse 0.1131 rmse 0.3363 pcc 0.0889 ccc 0.0449
2021-06-17 02:35:56,943 - utils.logger - INFO - Val result of epoch 38 / 60 mse 0.1329 rmse 0.3645 pcc -0.0812 ccc -0.0363
2021-06-17 02:35:57,336 - utils.logger - INFO - Cur epoch 39 loss ccc:0.1260
2021-06-17 02:35:57,739 - utils.logger - INFO - Cur epoch 39 loss ccc:0.0987
2021-06-17 02:35:58,070 - utils.logger - INFO - Cur epoch 39 loss ccc:1.0006
2021-06-17 02:35:58,070 - utils.logger - INFO - saving the model at the end of epoch 39, iters 234
2021-06-17 02:35:58,439 - utils.logger - INFO - End of training epoch 39 / 60 	 Time Taken: 1 sec, Data loading: 0 sec
2021-06-17 02:35:58,440 - utils.logger - INFO - learning rate = 0.0000512
2021-06-17 02:35:58,810 - utils.logger - INFO - Trn result of epoch 39 / 60 mse 0.1141 rmse 0.3378 pcc 0.0933 ccc 0.0458
2021-06-17 02:35:58,937 - utils.logger - INFO - Val result of epoch 39 / 60 mse 0.1339 rmse 0.3659 pcc -0.0801 ccc -0.0349
2021-06-17 02:35:59,326 - utils.logger - INFO - Cur epoch 40 loss ccc:0.1025
2021-06-17 02:35:59,702 - utils.logger - INFO - Cur epoch 40 loss ccc:0.0983
2021-06-17 02:36:00,022 - utils.logger - INFO - Cur epoch 40 loss ccc:0.9955
2021-06-17 02:36:00,023 - utils.logger - INFO - saving the model at the end of epoch 40, iters 240
2021-06-17 02:36:00,312 - utils.logger - INFO - End of training epoch 40 / 60 	 Time Taken: 1 sec, Data loading: 0 sec
2021-06-17 02:36:00,312 - utils.logger - INFO - learning rate = 0.0000488
2021-06-17 02:36:00,688 - utils.logger - INFO - Trn result of epoch 40 / 60 mse 0.1131 rmse 0.3363 pcc 0.0920 ccc 0.0451
2021-06-17 02:36:00,817 - utils.logger - INFO - Val result of epoch 40 / 60 mse 0.1338 rmse 0.3658 pcc -0.0945 ccc -0.0410
2021-06-17 02:36:01,212 - utils.logger - INFO - Cur epoch 41 loss ccc:0.1250
2021-06-17 02:36:01,614 - utils.logger - INFO - Cur epoch 41 loss ccc:0.1112
2021-06-17 02:36:01,937 - utils.logger - INFO - Cur epoch 41 loss ccc:1.0052
2021-06-17 02:36:01,938 - utils.logger - INFO - saving the model at the end of epoch 41, iters 246
2021-06-17 02:36:02,232 - utils.logger - INFO - End of training epoch 41 / 60 	 Time Taken: 1 sec, Data loading: 0 sec
2021-06-17 02:36:02,232 - utils.logger - INFO - learning rate = 0.0000463
2021-06-17 02:36:02,607 - utils.logger - INFO - Trn result of epoch 41 / 60 mse 0.1171 rmse 0.3423 pcc 0.0863 ccc 0.0398
2021-06-17 02:36:02,736 - utils.logger - INFO - Val result of epoch 41 / 60 mse 0.1379 rmse 0.3714 pcc -0.0890 ccc -0.0360
2021-06-17 02:36:03,115 - utils.logger - INFO - Cur epoch 42 loss ccc:0.1284
2021-06-17 02:36:03,508 - utils.logger - INFO - Cur epoch 42 loss ccc:0.1122
2021-06-17 02:36:03,840 - utils.logger - INFO - Cur epoch 42 loss ccc:1.0570
2021-06-17 02:36:03,840 - utils.logger - INFO - saving the model at the end of epoch 42, iters 252
2021-06-17 02:36:04,136 - utils.logger - INFO - End of training epoch 42 / 60 	 Time Taken: 1 sec, Data loading: 0 sec
2021-06-17 02:36:04,136 - utils.logger - INFO - learning rate = 0.0000439
2021-06-17 02:36:04,509 - utils.logger - INFO - Trn result of epoch 42 / 60 mse 0.1134 rmse 0.3367 pcc 0.0876 ccc 0.0403
2021-06-17 02:36:04,637 - utils.logger - INFO - Val result of epoch 42 / 60 mse 0.1339 rmse 0.3660 pcc -0.0898 ccc -0.0364
2021-06-17 02:36:05,014 - utils.logger - INFO - Cur epoch 43 loss ccc:0.1336
2021-06-17 02:36:05,392 - utils.logger - INFO - Cur epoch 43 loss ccc:0.1193
2021-06-17 02:36:05,705 - utils.logger - INFO - Cur epoch 43 loss ccc:1.0765
2021-06-17 02:36:05,705 - utils.logger - INFO - saving the model at the end of epoch 43, iters 258
2021-06-17 02:36:06,014 - utils.logger - INFO - End of training epoch 43 / 60 	 Time Taken: 1 sec, Data loading: 0 sec
2021-06-17 02:36:06,014 - utils.logger - INFO - learning rate = 0.0000415
2021-06-17 02:36:06,391 - utils.logger - INFO - Trn result of epoch 43 / 60 mse 0.1162 rmse 0.3409 pcc 0.0862 ccc 0.0387
2021-06-17 02:36:06,518 - utils.logger - INFO - Val result of epoch 43 / 60 mse 0.1372 rmse 0.3704 pcc -0.0885 ccc -0.0349
2021-06-17 02:36:06,906 - utils.logger - INFO - Cur epoch 44 loss ccc:0.1242
2021-06-17 02:36:07,280 - utils.logger - INFO - Cur epoch 44 loss ccc:0.1096
2021-06-17 02:36:07,628 - utils.logger - INFO - Cur epoch 44 loss ccc:0.9806
2021-06-17 02:36:07,628 - utils.logger - INFO - saving the model at the end of epoch 44, iters 264
2021-06-17 02:36:07,926 - utils.logger - INFO - End of training epoch 44 / 60 	 Time Taken: 1 sec, Data loading: 0 sec
2021-06-17 02:36:07,926 - utils.logger - INFO - learning rate = 0.0000390
2021-06-17 02:36:08,315 - utils.logger - INFO - Trn result of epoch 44 / 60 mse 0.1132 rmse 0.3365 pcc 0.0895 ccc 0.0420
2021-06-17 02:36:08,447 - utils.logger - INFO - Val result of epoch 44 / 60 mse 0.1334 rmse 0.3652 pcc -0.0880 ccc -0.0363
2021-06-17 02:36:08,850 - utils.logger - INFO - Cur epoch 45 loss ccc:0.1138
2021-06-17 02:36:09,253 - utils.logger - INFO - Cur epoch 45 loss ccc:0.1204
2021-06-17 02:36:09,605 - utils.logger - INFO - Cur epoch 45 loss ccc:0.9953
2021-06-17 02:36:09,605 - utils.logger - INFO - saving the model at the end of epoch 45, iters 270
2021-06-17 02:36:09,920 - utils.logger - INFO - End of training epoch 45 / 60 	 Time Taken: 1 sec, Data loading: 0 sec
2021-06-17 02:36:09,920 - utils.logger - INFO - learning rate = 0.0000366
2021-06-17 02:36:10,291 - utils.logger - INFO - Trn result of epoch 45 / 60 mse 0.1133 rmse 0.3366 pcc 0.0885 ccc 0.0416
2021-06-17 02:36:10,418 - utils.logger - INFO - Val result of epoch 45 / 60 mse 0.1334 rmse 0.3652 pcc -0.0910 ccc -0.0376
2021-06-17 02:36:10,823 - utils.logger - INFO - Cur epoch 46 loss ccc:0.1254
2021-06-17 02:36:11,211 - utils.logger - INFO - Cur epoch 46 loss ccc:0.1108
2021-06-17 02:36:11,522 - utils.logger - INFO - Cur epoch 46 loss ccc:0.9946
2021-06-17 02:36:11,522 - utils.logger - INFO - saving the model at the end of epoch 46, iters 276
2021-06-17 02:36:11,860 - utils.logger - INFO - End of training epoch 46 / 60 	 Time Taken: 1 sec, Data loading: 0 sec
2021-06-17 02:36:11,860 - utils.logger - INFO - learning rate = 0.0000341
2021-06-17 02:36:12,240 - utils.logger - INFO - Trn result of epoch 46 / 60 mse 0.1141 rmse 0.3378 pcc 0.0868 ccc 0.0413
2021-06-17 02:36:12,372 - utils.logger - INFO - Val result of epoch 46 / 60 mse 0.1343 rmse 0.3665 pcc -0.0923 ccc -0.0386
2021-06-17 02:36:12,792 - utils.logger - INFO - Cur epoch 47 loss ccc:0.1106
2021-06-17 02:36:13,180 - utils.logger - INFO - Cur epoch 47 loss ccc:0.1118
2021-06-17 02:36:13,508 - utils.logger - INFO - Cur epoch 47 loss ccc:1.0026
2021-06-17 02:36:13,508 - utils.logger - INFO - saving the model at the end of epoch 47, iters 282
2021-06-17 02:36:13,810 - utils.logger - INFO - End of training epoch 47 / 60 	 Time Taken: 1 sec, Data loading: 0 sec
2021-06-17 02:36:13,810 - utils.logger - INFO - learning rate = 0.0000317
2021-06-17 02:36:14,177 - utils.logger - INFO - Trn result of epoch 47 / 60 mse 0.1113 rmse 0.3336 pcc 0.0826 ccc 0.0392
2021-06-17 02:36:14,304 - utils.logger - INFO - Val result of epoch 47 / 60 mse 0.1310 rmse 0.3620 pcc -0.0932 ccc -0.0391
2021-06-17 02:36:14,669 - utils.logger - INFO - Cur epoch 48 loss ccc:0.1318
2021-06-17 02:36:15,092 - utils.logger - INFO - Cur epoch 48 loss ccc:0.1149
2021-06-17 02:36:15,442 - utils.logger - INFO - Cur epoch 48 loss ccc:1.0033
2021-06-17 02:36:15,442 - utils.logger - INFO - saving the model at the end of epoch 48, iters 288
2021-06-17 02:36:15,743 - utils.logger - INFO - End of training epoch 48 / 60 	 Time Taken: 1 sec, Data loading: 0 sec
2021-06-17 02:36:15,744 - utils.logger - INFO - learning rate = 0.0000293
2021-06-17 02:36:16,122 - utils.logger - INFO - Trn result of epoch 48 / 60 mse 0.1192 rmse 0.3452 pcc 0.0815 ccc 0.0404
2021-06-17 02:36:16,252 - utils.logger - INFO - Val result of epoch 48 / 60 mse 0.1402 rmse 0.3745 pcc -0.0885 ccc -0.0389
2021-06-17 02:36:16,657 - utils.logger - INFO - Cur epoch 49 loss ccc:0.1111
2021-06-17 02:36:17,061 - utils.logger - INFO - Cur epoch 49 loss ccc:0.1169
2021-06-17 02:36:17,385 - utils.logger - INFO - Cur epoch 49 loss ccc:1.0002
2021-06-17 02:36:17,385 - utils.logger - INFO - saving the model at the end of epoch 49, iters 294
2021-06-17 02:36:17,666 - utils.logger - INFO - End of training epoch 49 / 60 	 Time Taken: 1 sec, Data loading: 0 sec
2021-06-17 02:36:17,666 - utils.logger - INFO - learning rate = 0.0000268
2021-06-17 02:36:18,041 - utils.logger - INFO - Trn result of epoch 49 / 60 mse 0.1209 rmse 0.3478 pcc 0.0805 ccc 0.0403
2021-06-17 02:36:18,169 - utils.logger - INFO - Val result of epoch 49 / 60 mse 0.1419 rmse 0.3767 pcc -0.0858 ccc -0.0381
2021-06-17 02:36:18,552 - utils.logger - INFO - Cur epoch 50 loss ccc:0.1250
2021-06-17 02:36:18,930 - utils.logger - INFO - Cur epoch 50 loss ccc:0.1109
2021-06-17 02:36:19,245 - utils.logger - INFO - Cur epoch 50 loss ccc:0.9951
2021-06-17 02:36:19,245 - utils.logger - INFO - saving the model at the end of epoch 50, iters 300
2021-06-17 02:36:19,487 - utils.logger - INFO - End of training epoch 50 / 60 	 Time Taken: 1 sec, Data loading: 0 sec
2021-06-17 02:36:19,487 - utils.logger - INFO - learning rate = 0.0000244
2021-06-17 02:36:19,860 - utils.logger - INFO - Trn result of epoch 50 / 60 mse 0.1169 rmse 0.3418 pcc 0.0743 ccc 0.0372
2021-06-17 02:36:19,989 - utils.logger - INFO - Val result of epoch 50 / 60 mse 0.1394 rmse 0.3733 pcc -0.0890 ccc -0.0406
2021-06-17 02:36:20,376 - utils.logger - INFO - Cur epoch 51 loss ccc:0.1384
2021-06-17 02:36:20,777 - utils.logger - INFO - Cur epoch 51 loss ccc:0.1144
2021-06-17 02:36:21,134 - utils.logger - INFO - Cur epoch 51 loss ccc:0.9963
2021-06-17 02:36:21,134 - utils.logger - INFO - saving the model at the end of epoch 51, iters 306
2021-06-17 02:36:21,421 - utils.logger - INFO - End of training epoch 51 / 60 	 Time Taken: 1 sec, Data loading: 0 sec
2021-06-17 02:36:21,421 - utils.logger - INFO - learning rate = 0.0000220
2021-06-17 02:36:21,802 - utils.logger - INFO - Trn result of epoch 51 / 60 mse 0.1168 rmse 0.3417 pcc 0.0746 ccc 0.0370
2021-06-17 02:36:21,931 - utils.logger - INFO - Val result of epoch 51 / 60 mse 0.1396 rmse 0.3736 pcc -0.0907 ccc -0.0411
2021-06-17 02:36:22,324 - utils.logger - INFO - Cur epoch 52 loss ccc:0.1220
2021-06-17 02:36:22,719 - utils.logger - INFO - Cur epoch 52 loss ccc:0.1093
2021-06-17 02:36:23,049 - utils.logger - INFO - Cur epoch 52 loss ccc:1.0012
2021-06-17 02:36:23,050 - utils.logger - INFO - saving the model at the end of epoch 52, iters 312
2021-06-17 02:36:23,365 - utils.logger - INFO - End of training epoch 52 / 60 	 Time Taken: 1 sec, Data loading: 0 sec
2021-06-17 02:36:23,365 - utils.logger - INFO - learning rate = 0.0000195
2021-06-17 02:36:23,739 - utils.logger - INFO - Trn result of epoch 52 / 60 mse 0.1095 rmse 0.3308 pcc 0.0645 ccc 0.0314
2021-06-17 02:36:23,867 - utils.logger - INFO - Val result of epoch 52 / 60 mse 0.1318 rmse 0.3631 pcc -0.0925 ccc -0.0425
2021-06-17 02:36:24,269 - utils.logger - INFO - Cur epoch 53 loss ccc:0.1236
2021-06-17 02:36:24,662 - utils.logger - INFO - Cur epoch 53 loss ccc:0.1273
2021-06-17 02:36:24,985 - utils.logger - INFO - Cur epoch 53 loss ccc:1.0022
2021-06-17 02:36:24,985 - utils.logger - INFO - saving the model at the end of epoch 53, iters 318
2021-06-17 02:36:25,267 - utils.logger - INFO - End of training epoch 53 / 60 	 Time Taken: 1 sec, Data loading: 0 sec
2021-06-17 02:36:25,268 - utils.logger - INFO - learning rate = 0.0000171
2021-06-17 02:36:25,641 - utils.logger - INFO - Trn result of epoch 53 / 60 mse 0.1096 rmse 0.3310 pcc 0.0676 ccc 0.0333
2021-06-17 02:36:25,769 - utils.logger - INFO - Val result of epoch 53 / 60 mse 0.1323 rmse 0.3637 pcc -0.0920 ccc -0.0425
2021-06-17 02:36:26,161 - utils.logger - INFO - Cur epoch 54 loss ccc:0.1160
2021-06-17 02:36:26,561 - utils.logger - INFO - Cur epoch 54 loss ccc:0.1123
2021-06-17 02:36:26,892 - utils.logger - INFO - Cur epoch 54 loss ccc:1.0039
2021-06-17 02:36:26,892 - utils.logger - INFO - saving the model at the end of epoch 54, iters 324
2021-06-17 02:36:27,180 - utils.logger - INFO - End of training epoch 54 / 60 	 Time Taken: 1 sec, Data loading: 0 sec
2021-06-17 02:36:27,180 - utils.logger - INFO - learning rate = 0.0000146
2021-06-17 02:36:27,550 - utils.logger - INFO - Trn result of epoch 54 / 60 mse 0.1099 rmse 0.3316 pcc 0.0714 ccc 0.0356
2021-06-17 02:36:27,680 - utils.logger - INFO - Val result of epoch 54 / 60 mse 0.1327 rmse 0.3643 pcc -0.0937 ccc -0.0435
2021-06-17 02:36:28,074 - utils.logger - INFO - Cur epoch 55 loss ccc:0.1260
2021-06-17 02:36:28,467 - utils.logger - INFO - Cur epoch 55 loss ccc:0.1054
2021-06-17 02:36:28,806 - utils.logger - INFO - Cur epoch 55 loss ccc:1.0251
2021-06-17 02:36:28,806 - utils.logger - INFO - saving the model at the end of epoch 55, iters 330
2021-06-17 02:36:29,141 - utils.logger - INFO - End of training epoch 55 / 60 	 Time Taken: 1 sec, Data loading: 0 sec
2021-06-17 02:36:29,142 - utils.logger - INFO - learning rate = 0.0000122
2021-06-17 02:36:29,512 - utils.logger - INFO - Trn result of epoch 55 / 60 mse 0.1103 rmse 0.3321 pcc 0.0699 ccc 0.0350
2021-06-17 02:36:29,641 - utils.logger - INFO - Val result of epoch 55 / 60 mse 0.1330 rmse 0.3647 pcc -0.0958 ccc -0.0447
2021-06-17 02:36:30,039 - utils.logger - INFO - Cur epoch 56 loss ccc:0.1021
2021-06-17 02:36:30,438 - utils.logger - INFO - Cur epoch 56 loss ccc:0.1294
2021-06-17 02:36:30,777 - utils.logger - INFO - Cur epoch 56 loss ccc:1.0049
2021-06-17 02:36:30,777 - utils.logger - INFO - saving the model at the end of epoch 56, iters 336
2021-06-17 02:36:31,061 - utils.logger - INFO - End of training epoch 56 / 60 	 Time Taken: 1 sec, Data loading: 0 sec
2021-06-17 02:36:31,062 - utils.logger - INFO - learning rate = 0.0000098
2021-06-17 02:36:31,438 - utils.logger - INFO - Trn result of epoch 56 / 60 mse 0.1105 rmse 0.3324 pcc 0.0696 ccc 0.0348
2021-06-17 02:36:31,565 - utils.logger - INFO - Val result of epoch 56 / 60 mse 0.1331 rmse 0.3648 pcc -0.0953 ccc -0.0444
2021-06-17 02:36:31,958 - utils.logger - INFO - Cur epoch 57 loss ccc:0.1195
2021-06-17 02:36:32,362 - utils.logger - INFO - Cur epoch 57 loss ccc:0.1246
2021-06-17 02:36:32,686 - utils.logger - INFO - Cur epoch 57 loss ccc:0.9998
2021-06-17 02:36:32,686 - utils.logger - INFO - saving the model at the end of epoch 57, iters 342
2021-06-17 02:36:32,975 - utils.logger - INFO - End of training epoch 57 / 60 	 Time Taken: 1 sec, Data loading: 0 sec
2021-06-17 02:36:32,976 - utils.logger - INFO - learning rate = 0.0000073
2021-06-17 02:36:33,349 - utils.logger - INFO - Trn result of epoch 57 / 60 mse 0.1097 rmse 0.3313 pcc 0.0667 ccc 0.0345
2021-06-17 02:36:33,477 - utils.logger - INFO - Val result of epoch 57 / 60 mse 0.1326 rmse 0.3642 pcc -0.0959 ccc -0.0466
2021-06-17 02:36:33,874 - utils.logger - INFO - Cur epoch 58 loss ccc:0.1249
2021-06-17 02:36:34,259 - utils.logger - INFO - Cur epoch 58 loss ccc:0.1098
2021-06-17 02:36:34,598 - utils.logger - INFO - Cur epoch 58 loss ccc:1.1060
2021-06-17 02:36:34,599 - utils.logger - INFO - saving the model at the end of epoch 58, iters 348
2021-06-17 02:36:34,885 - utils.logger - INFO - End of training epoch 58 / 60 	 Time Taken: 1 sec, Data loading: 0 sec
2021-06-17 02:36:34,885 - utils.logger - INFO - learning rate = 0.0000049
2021-06-17 02:36:35,257 - utils.logger - INFO - Trn result of epoch 58 / 60 mse 0.1108 rmse 0.3328 pcc 0.0665 ccc 0.0347
2021-06-17 02:36:35,388 - utils.logger - INFO - Val result of epoch 58 / 60 mse 0.1341 rmse 0.3662 pcc -0.0963 ccc -0.0473
2021-06-17 02:36:35,780 - utils.logger - INFO - Cur epoch 59 loss ccc:0.1302
2021-06-17 02:36:36,185 - utils.logger - INFO - Cur epoch 59 loss ccc:0.1368
2021-06-17 02:36:36,507 - utils.logger - INFO - Cur epoch 59 loss ccc:0.9953
2021-06-17 02:36:36,508 - utils.logger - INFO - saving the model at the end of epoch 59, iters 354
2021-06-17 02:36:36,791 - utils.logger - INFO - End of training epoch 59 / 60 	 Time Taken: 1 sec, Data loading: 0 sec
2021-06-17 02:36:36,792 - utils.logger - INFO - learning rate = 0.0000024
2021-06-17 02:36:37,167 - utils.logger - INFO - Trn result of epoch 59 / 60 mse 0.1113 rmse 0.3337 pcc 0.0669 ccc 0.0351
2021-06-17 02:36:37,296 - utils.logger - INFO - Val result of epoch 59 / 60 mse 0.1349 rmse 0.3673 pcc -0.0960 ccc -0.0474
2021-06-17 02:36:37,683 - utils.logger - INFO - Cur epoch 60 loss ccc:0.0961
2021-06-17 02:36:38,079 - utils.logger - INFO - Cur epoch 60 loss ccc:0.1250
2021-06-17 02:36:38,407 - utils.logger - INFO - Cur epoch 60 loss ccc:1.0013
2021-06-17 02:36:38,407 - utils.logger - INFO - saving the model at the end of epoch 60, iters 360
2021-06-17 02:36:38,693 - utils.logger - INFO - End of training epoch 60 / 60 	 Time Taken: 1 sec, Data loading: 0 sec
2021-06-17 02:36:38,693 - utils.logger - INFO - learning rate = 0.0000000
2021-06-17 02:36:39,069 - utils.logger - INFO - Trn result of epoch 60 / 60 mse 0.1113 rmse 0.3336 pcc 0.0674 ccc 0.0354
2021-06-17 02:36:39,197 - utils.logger - INFO - Val result of epoch 60 / 60 mse 0.1349 rmse 0.3673 pcc -0.0960 ccc -0.0474
2021-06-17 02:36:39,197 - utils.logger - INFO - Best eval epoch 2 found with ccc 0.002386
2021-06-17 02:36:39,197 - utils.logger - INFO - baseline_fcfusion_wonorm_vggish-egemaps_arousal_hidden1024_seq100_lr0.0001_cccloss_run2
