2021-06-17 01:43:04,098 - utils.logger - INFO - The number of training samples = 41
2021-06-17 01:43:07,022 - utils.logger - INFO - Cur epoch 1 loss ccc:0.1233
2021-06-17 01:43:07,431 - utils.logger - INFO - Cur epoch 1 loss ccc:0.1185
2021-06-17 01:43:07,771 - utils.logger - INFO - Cur epoch 1 loss ccc:0.9959
2021-06-17 01:43:07,771 - utils.logger - INFO - saving the model at the end of epoch 1, iters 6
2021-06-17 01:43:08,005 - utils.logger - INFO - End of training epoch 1 / 60 	 Time Taken: 1 sec, Data loading: 0 sec
2021-06-17 01:43:08,006 - utils.logger - INFO - learning rate = 0.0001000
2021-06-17 01:43:08,354 - utils.logger - INFO - Trn result of epoch 1 / 60 mse 0.1103 rmse 0.3321 pcc -0.0188 ccc -0.0008
2021-06-17 01:43:08,480 - utils.logger - INFO - Val result of epoch 1 / 60 mse 0.1271 rmse 0.3565 pcc 0.2149 ccc 0.0103
2021-06-17 01:43:08,882 - utils.logger - INFO - Cur epoch 2 loss ccc:0.1251
2021-06-17 01:43:09,291 - utils.logger - INFO - Cur epoch 2 loss ccc:0.1182
2021-06-17 01:43:09,620 - utils.logger - INFO - Cur epoch 2 loss ccc:0.9811
2021-06-17 01:43:09,620 - utils.logger - INFO - saving the model at the end of epoch 2, iters 12
2021-06-17 01:43:09,866 - utils.logger - INFO - End of training epoch 2 / 60 	 Time Taken: 1 sec, Data loading: 0 sec
2021-06-17 01:43:09,866 - utils.logger - INFO - learning rate = 0.0001000
2021-06-17 01:43:10,226 - utils.logger - INFO - Trn result of epoch 2 / 60 mse 0.1099 rmse 0.3315 pcc 0.1637 ccc 0.0069
2021-06-17 01:43:10,351 - utils.logger - INFO - Val result of epoch 2 / 60 mse 0.1285 rmse 0.3585 pcc -0.0064 ccc -0.0003
2021-06-17 01:43:10,754 - utils.logger - INFO - Cur epoch 3 loss ccc:0.1195
2021-06-17 01:43:11,160 - utils.logger - INFO - Cur epoch 3 loss ccc:0.1196
2021-06-17 01:43:11,496 - utils.logger - INFO - Cur epoch 3 loss ccc:0.9999
2021-06-17 01:43:11,496 - utils.logger - INFO - saving the model at the end of epoch 3, iters 18
2021-06-17 01:43:11,743 - utils.logger - INFO - End of training epoch 3 / 60 	 Time Taken: 1 sec, Data loading: 0 sec
2021-06-17 01:43:11,743 - utils.logger - INFO - learning rate = 0.0001000
2021-06-17 01:43:12,108 - utils.logger - INFO - Trn result of epoch 3 / 60 mse 0.1082 rmse 0.3289 pcc 0.1959 ccc 0.0123
2021-06-17 01:43:12,235 - utils.logger - INFO - Val result of epoch 3 / 60 mse 0.1286 rmse 0.3587 pcc -0.0283 ccc -0.0019
2021-06-17 01:43:12,643 - utils.logger - INFO - Cur epoch 4 loss ccc:0.1222
2021-06-17 01:43:13,035 - utils.logger - INFO - Cur epoch 4 loss ccc:0.1248
2021-06-17 01:43:13,366 - utils.logger - INFO - Cur epoch 4 loss ccc:0.9969
2021-06-17 01:43:13,366 - utils.logger - INFO - saving the model at the end of epoch 4, iters 24
2021-06-17 01:43:13,610 - utils.logger - INFO - End of training epoch 4 / 60 	 Time Taken: 1 sec, Data loading: 0 sec
2021-06-17 01:43:13,611 - utils.logger - INFO - learning rate = 0.0001000
2021-06-17 01:43:13,970 - utils.logger - INFO - Trn result of epoch 4 / 60 mse 0.1080 rmse 0.3287 pcc 0.0990 ccc 0.0061
2021-06-17 01:43:14,096 - utils.logger - INFO - Val result of epoch 4 / 60 mse 0.1271 rmse 0.3565 pcc 0.1994 ccc 0.0113
2021-06-17 01:43:14,504 - utils.logger - INFO - Cur epoch 5 loss ccc:0.1250
2021-06-17 01:43:14,904 - utils.logger - INFO - Cur epoch 5 loss ccc:0.1105
2021-06-17 01:43:15,236 - utils.logger - INFO - Cur epoch 5 loss ccc:1.0057
2021-06-17 01:43:15,237 - utils.logger - INFO - saving the model at the end of epoch 5, iters 30
2021-06-17 01:43:15,573 - utils.logger - INFO - End of training epoch 5 / 60 	 Time Taken: 1 sec, Data loading: 0 sec
2021-06-17 01:43:15,573 - utils.logger - INFO - learning rate = 0.0001000
2021-06-17 01:43:15,929 - utils.logger - INFO - Trn result of epoch 5 / 60 mse 0.1070 rmse 0.3271 pcc 0.1836 ccc 0.0110
2021-06-17 01:43:16,051 - utils.logger - INFO - Val result of epoch 5 / 60 mse 0.1293 rmse 0.3596 pcc 0.0756 ccc 0.0044
2021-06-17 01:43:16,437 - utils.logger - INFO - Cur epoch 6 loss ccc:0.1339
2021-06-17 01:43:16,825 - utils.logger - INFO - Cur epoch 6 loss ccc:0.1128
2021-06-17 01:43:17,175 - utils.logger - INFO - Cur epoch 6 loss ccc:0.9985
2021-06-17 01:43:17,175 - utils.logger - INFO - saving the model at the end of epoch 6, iters 36
2021-06-17 01:43:17,417 - utils.logger - INFO - End of training epoch 6 / 60 	 Time Taken: 1 sec, Data loading: 0 sec
2021-06-17 01:43:17,418 - utils.logger - INFO - learning rate = 0.0001000
2021-06-17 01:43:17,780 - utils.logger - INFO - Trn result of epoch 6 / 60 mse 0.1081 rmse 0.3288 pcc 0.0163 ccc 0.0008
2021-06-17 01:43:17,908 - utils.logger - INFO - Val result of epoch 6 / 60 mse 0.1291 rmse 0.3593 pcc 0.1717 ccc 0.0091
2021-06-17 01:43:18,299 - utils.logger - INFO - Cur epoch 7 loss ccc:0.1251
2021-06-17 01:43:18,692 - utils.logger - INFO - Cur epoch 7 loss ccc:0.1108
2021-06-17 01:43:19,012 - utils.logger - INFO - Cur epoch 7 loss ccc:0.9983
2021-06-17 01:43:19,012 - utils.logger - INFO - saving the model at the end of epoch 7, iters 42
2021-06-17 01:43:19,258 - utils.logger - INFO - End of training epoch 7 / 60 	 Time Taken: 1 sec, Data loading: 0 sec
2021-06-17 01:43:19,259 - utils.logger - INFO - learning rate = 0.0001000
2021-06-17 01:43:19,610 - utils.logger - INFO - Trn result of epoch 7 / 60 mse 0.1086 rmse 0.3296 pcc -0.0150 ccc -0.0016
2021-06-17 01:43:19,733 - utils.logger - INFO - Val result of epoch 7 / 60 mse 0.1278 rmse 0.3575 pcc 0.1790 ccc 0.0205
2021-06-17 01:43:20,136 - utils.logger - INFO - Cur epoch 8 loss ccc:0.1107
2021-06-17 01:43:20,549 - utils.logger - INFO - Cur epoch 8 loss ccc:0.1323
2021-06-17 01:43:20,878 - utils.logger - INFO - Cur epoch 8 loss ccc:0.9850
2021-06-17 01:43:20,878 - utils.logger - INFO - saving the model at the end of epoch 8, iters 48
2021-06-17 01:43:21,142 - utils.logger - INFO - End of training epoch 8 / 60 	 Time Taken: 1 sec, Data loading: 0 sec
2021-06-17 01:43:21,143 - utils.logger - INFO - learning rate = 0.0001000
2021-06-17 01:43:21,504 - utils.logger - INFO - Trn result of epoch 8 / 60 mse 0.1098 rmse 0.3313 pcc -0.0271 ccc -0.0034
2021-06-17 01:43:21,630 - utils.logger - INFO - Val result of epoch 8 / 60 mse 0.1299 rmse 0.3604 pcc 0.1720 ccc 0.0228
2021-06-17 01:43:22,034 - utils.logger - INFO - Cur epoch 9 loss ccc:0.1252
2021-06-17 01:43:22,443 - utils.logger - INFO - Cur epoch 9 loss ccc:0.0954
2021-06-17 01:43:22,773 - utils.logger - INFO - Cur epoch 9 loss ccc:0.9995
2021-06-17 01:43:22,773 - utils.logger - INFO - saving the model at the end of epoch 9, iters 54
2021-06-17 01:43:23,020 - utils.logger - INFO - End of training epoch 9 / 60 	 Time Taken: 1 sec, Data loading: 0 sec
2021-06-17 01:43:23,021 - utils.logger - INFO - learning rate = 0.0001000
2021-06-17 01:43:23,376 - utils.logger - INFO - Trn result of epoch 9 / 60 mse 0.1082 rmse 0.3290 pcc 0.0524 ccc 0.0117
2021-06-17 01:43:23,499 - utils.logger - INFO - Val result of epoch 9 / 60 mse 0.1274 rmse 0.3569 pcc 0.1566 ccc 0.0334
2021-06-17 01:43:23,899 - utils.logger - INFO - Cur epoch 10 loss ccc:0.1137
2021-06-17 01:43:24,310 - utils.logger - INFO - Cur epoch 10 loss ccc:0.1248
2021-06-17 01:43:24,654 - utils.logger - INFO - Cur epoch 10 loss ccc:0.9824
2021-06-17 01:43:24,654 - utils.logger - INFO - saving the model at the end of epoch 10, iters 60
2021-06-17 01:43:24,899 - utils.logger - INFO - End of training epoch 10 / 60 	 Time Taken: 1 sec, Data loading: 0 sec
2021-06-17 01:43:24,899 - utils.logger - INFO - learning rate = 0.0001000
2021-06-17 01:43:25,254 - utils.logger - INFO - Trn result of epoch 10 / 60 mse 0.1084 rmse 0.3293 pcc 0.0876 ccc 0.0153
2021-06-17 01:43:25,377 - utils.logger - INFO - Val result of epoch 10 / 60 mse 0.1262 rmse 0.3552 pcc 0.1433 ccc 0.0223
2021-06-17 01:43:25,782 - utils.logger - INFO - Cur epoch 11 loss ccc:0.1134
2021-06-17 01:43:26,179 - utils.logger - INFO - Cur epoch 11 loss ccc:0.1183
2021-06-17 01:43:26,499 - utils.logger - INFO - Cur epoch 11 loss ccc:0.9977
2021-06-17 01:43:26,499 - utils.logger - INFO - saving the model at the end of epoch 11, iters 66
2021-06-17 01:43:26,748 - utils.logger - INFO - End of training epoch 11 / 60 	 Time Taken: 1 sec, Data loading: 0 sec
2021-06-17 01:43:26,748 - utils.logger - INFO - learning rate = 0.0001000
2021-06-17 01:43:27,113 - utils.logger - INFO - Trn result of epoch 11 / 60 mse 0.1076 rmse 0.3281 pcc 0.0733 ccc 0.0138
2021-06-17 01:43:27,240 - utils.logger - INFO - Val result of epoch 11 / 60 mse 0.1264 rmse 0.3555 pcc 0.1603 ccc 0.0269
2021-06-17 01:43:27,622 - utils.logger - INFO - Cur epoch 12 loss ccc:0.1252
2021-06-17 01:43:28,012 - utils.logger - INFO - Cur epoch 12 loss ccc:0.1149
2021-06-17 01:43:28,351 - utils.logger - INFO - Cur epoch 12 loss ccc:0.9973
2021-06-17 01:43:28,351 - utils.logger - INFO - saving the model at the end of epoch 12, iters 72
2021-06-17 01:43:28,737 - utils.logger - INFO - End of training epoch 12 / 60 	 Time Taken: 1 sec, Data loading: 0 sec
2021-06-17 01:43:28,737 - utils.logger - INFO - learning rate = 0.0001000
2021-06-17 01:43:29,099 - utils.logger - INFO - Trn result of epoch 12 / 60 mse 0.1109 rmse 0.3330 pcc 0.0287 ccc 0.0069
2021-06-17 01:43:29,223 - utils.logger - INFO - Val result of epoch 12 / 60 mse 0.1314 rmse 0.3625 pcc 0.1658 ccc 0.0376
2021-06-17 01:43:29,611 - utils.logger - INFO - Cur epoch 13 loss ccc:0.1011
2021-06-17 01:43:29,995 - utils.logger - INFO - Cur epoch 13 loss ccc:0.1053
2021-06-17 01:43:30,316 - utils.logger - INFO - Cur epoch 13 loss ccc:0.9873
2021-06-17 01:43:30,316 - utils.logger - INFO - saving the model at the end of epoch 13, iters 78
2021-06-17 01:43:30,561 - utils.logger - INFO - End of training epoch 13 / 60 	 Time Taken: 1 sec, Data loading: 0 sec
2021-06-17 01:43:30,562 - utils.logger - INFO - learning rate = 0.0001000
2021-06-17 01:43:30,921 - utils.logger - INFO - Trn result of epoch 13 / 60 mse 0.1104 rmse 0.3323 pcc 0.0447 ccc 0.0095
2021-06-17 01:43:31,047 - utils.logger - INFO - Val result of epoch 13 / 60 mse 0.1318 rmse 0.3630 pcc 0.1750 ccc 0.0347
2021-06-17 01:43:31,441 - utils.logger - INFO - Cur epoch 14 loss ccc:0.1119
2021-06-17 01:43:31,810 - utils.logger - INFO - Cur epoch 14 loss ccc:0.1230
2021-06-17 01:43:32,109 - utils.logger - INFO - Cur epoch 14 loss ccc:0.9997
2021-06-17 01:43:32,109 - utils.logger - INFO - saving the model at the end of epoch 14, iters 84
2021-06-17 01:43:32,482 - utils.logger - INFO - End of training epoch 14 / 60 	 Time Taken: 1 sec, Data loading: 0 sec
2021-06-17 01:43:32,482 - utils.logger - INFO - learning rate = 0.0001000
2021-06-17 01:43:32,843 - utils.logger - INFO - Trn result of epoch 14 / 60 mse 0.1130 rmse 0.3362 pcc 0.0266 ccc 0.0058
2021-06-17 01:43:32,969 - utils.logger - INFO - Val result of epoch 14 / 60 mse 0.1354 rmse 0.3679 pcc 0.1662 ccc 0.0338
2021-06-17 01:43:33,362 - utils.logger - INFO - Cur epoch 15 loss ccc:0.1068
2021-06-17 01:43:33,753 - utils.logger - INFO - Cur epoch 15 loss ccc:0.1062
2021-06-17 01:43:34,071 - utils.logger - INFO - Cur epoch 15 loss ccc:0.9889
2021-06-17 01:43:34,072 - utils.logger - INFO - saving the model at the end of epoch 15, iters 90
2021-06-17 01:43:34,322 - utils.logger - INFO - End of training epoch 15 / 60 	 Time Taken: 1 sec, Data loading: 0 sec
2021-06-17 01:43:34,323 - utils.logger - INFO - learning rate = 0.0001000
2021-06-17 01:43:34,682 - utils.logger - INFO - Trn result of epoch 15 / 60 mse 0.1404 rmse 0.3747 pcc -0.0290 ccc -0.0070
2021-06-17 01:43:34,808 - utils.logger - INFO - Val result of epoch 15 / 60 mse 0.1659 rmse 0.4073 pcc 0.1575 ccc 0.0384
2021-06-17 01:43:35,205 - utils.logger - INFO - Cur epoch 16 loss ccc:0.1202
2021-06-17 01:43:35,590 - utils.logger - INFO - Cur epoch 16 loss ccc:0.1101
2021-06-17 01:43:35,909 - utils.logger - INFO - Cur epoch 16 loss ccc:1.0180
2021-06-17 01:43:35,910 - utils.logger - INFO - saving the model at the end of epoch 16, iters 96
2021-06-17 01:43:36,158 - utils.logger - INFO - End of training epoch 16 / 60 	 Time Taken: 1 sec, Data loading: 0 sec
2021-06-17 01:43:36,158 - utils.logger - INFO - learning rate = 0.0001000
2021-06-17 01:43:36,512 - utils.logger - INFO - Trn result of epoch 16 / 60 mse 0.1452 rmse 0.3811 pcc -0.0100 ccc -0.0026
2021-06-17 01:43:36,636 - utils.logger - INFO - Val result of epoch 16 / 60 mse 0.1716 rmse 0.4143 pcc 0.1667 ccc 0.0428
2021-06-17 01:43:37,028 - utils.logger - INFO - Cur epoch 17 loss ccc:0.1249
2021-06-17 01:43:37,421 - utils.logger - INFO - Cur epoch 17 loss ccc:0.1128
2021-06-17 01:43:37,760 - utils.logger - INFO - Cur epoch 17 loss ccc:1.0005
2021-06-17 01:43:37,761 - utils.logger - INFO - saving the model at the end of epoch 17, iters 102
2021-06-17 01:43:38,002 - utils.logger - INFO - End of training epoch 17 / 60 	 Time Taken: 1 sec, Data loading: 0 sec
2021-06-17 01:43:38,002 - utils.logger - INFO - learning rate = 0.0001000
2021-06-17 01:43:38,357 - utils.logger - INFO - Trn result of epoch 17 / 60 mse 0.1513 rmse 0.3890 pcc -0.0130 ccc -0.0033
2021-06-17 01:43:38,480 - utils.logger - INFO - Val result of epoch 17 / 60 mse 0.1787 rmse 0.4228 pcc 0.1626 ccc 0.0410
2021-06-17 01:43:38,867 - utils.logger - INFO - Cur epoch 18 loss ccc:0.1081
2021-06-17 01:43:39,262 - utils.logger - INFO - Cur epoch 18 loss ccc:0.1256
2021-06-17 01:43:39,607 - utils.logger - INFO - Cur epoch 18 loss ccc:1.0278
2021-06-17 01:43:39,607 - utils.logger - INFO - saving the model at the end of epoch 18, iters 108
2021-06-17 01:43:39,849 - utils.logger - INFO - End of training epoch 18 / 60 	 Time Taken: 1 sec, Data loading: 0 sec
2021-06-17 01:43:39,849 - utils.logger - INFO - learning rate = 0.0001000
2021-06-17 01:43:40,208 - utils.logger - INFO - Trn result of epoch 18 / 60 mse 0.1380 rmse 0.3714 pcc 0.0083 ccc 0.0024
2021-06-17 01:43:40,333 - utils.logger - INFO - Val result of epoch 18 / 60 mse 0.1647 rmse 0.4058 pcc 0.1583 ccc 0.0424
2021-06-17 01:43:40,731 - utils.logger - INFO - Cur epoch 19 loss ccc:0.1037
2021-06-17 01:43:41,124 - utils.logger - INFO - Cur epoch 19 loss ccc:0.1237
2021-06-17 01:43:41,453 - utils.logger - INFO - Cur epoch 19 loss ccc:0.7791
2021-06-17 01:43:41,453 - utils.logger - INFO - saving the model at the end of epoch 19, iters 114
2021-06-17 01:43:41,799 - utils.logger - INFO - End of training epoch 19 / 60 	 Time Taken: 1 sec, Data loading: 0 sec
2021-06-17 01:43:41,799 - utils.logger - INFO - learning rate = 0.0001000
2021-06-17 01:43:42,159 - utils.logger - INFO - Trn result of epoch 19 / 60 mse 0.1231 rmse 0.3508 pcc -0.0105 ccc -0.0042
2021-06-17 01:43:42,284 - utils.logger - INFO - Val result of epoch 19 / 60 mse 0.1418 rmse 0.3765 pcc 0.1619 ccc 0.0650
2021-06-17 01:43:42,657 - utils.logger - INFO - Cur epoch 20 loss ccc:0.1392
2021-06-17 01:43:43,039 - utils.logger - INFO - Cur epoch 20 loss ccc:0.1244
2021-06-17 01:43:43,352 - utils.logger - INFO - Cur epoch 20 loss ccc:0.9580
2021-06-17 01:43:43,352 - utils.logger - INFO - saving the model at the end of epoch 20, iters 120
2021-06-17 01:43:43,622 - utils.logger - INFO - End of training epoch 20 / 60 	 Time Taken: 1 sec, Data loading: 0 sec
2021-06-17 01:43:43,622 - utils.logger - INFO - learning rate = 0.0000976
2021-06-17 01:43:43,980 - utils.logger - INFO - Trn result of epoch 20 / 60 mse 0.1746 rmse 0.4179 pcc -0.0394 ccc -0.0157
2021-06-17 01:43:44,105 - utils.logger - INFO - Val result of epoch 20 / 60 mse 0.1970 rmse 0.4439 pcc 0.1503 ccc 0.0627
2021-06-17 01:43:44,510 - utils.logger - INFO - Cur epoch 21 loss ccc:0.1113
2021-06-17 01:43:44,899 - utils.logger - INFO - Cur epoch 21 loss ccc:0.1207
2021-06-17 01:43:45,234 - utils.logger - INFO - Cur epoch 21 loss ccc:0.5908
2021-06-17 01:43:45,234 - utils.logger - INFO - saving the model at the end of epoch 21, iters 126
2021-06-17 01:43:45,476 - utils.logger - INFO - End of training epoch 21 / 60 	 Time Taken: 1 sec, Data loading: 0 sec
2021-06-17 01:43:45,476 - utils.logger - INFO - learning rate = 0.0000951
2021-06-17 01:43:45,828 - utils.logger - INFO - Trn result of epoch 21 / 60 mse 0.2219 rmse 0.4711 pcc -0.0492 ccc -0.0130
2021-06-17 01:43:45,951 - utils.logger - INFO - Val result of epoch 21 / 60 mse 0.2505 rmse 0.5005 pcc 0.1510 ccc 0.0425
2021-06-17 01:43:46,317 - utils.logger - INFO - Cur epoch 22 loss ccc:0.1009
2021-06-17 01:43:46,695 - utils.logger - INFO - Cur epoch 22 loss ccc:0.1345
2021-06-17 01:43:47,000 - utils.logger - INFO - Cur epoch 22 loss ccc:1.0005
2021-06-17 01:43:47,000 - utils.logger - INFO - saving the model at the end of epoch 22, iters 132
2021-06-17 01:43:47,241 - utils.logger - INFO - End of training epoch 22 / 60 	 Time Taken: 1 sec, Data loading: 0 sec
2021-06-17 01:43:47,242 - utils.logger - INFO - learning rate = 0.0000927
2021-06-17 01:43:47,599 - utils.logger - INFO - Trn result of epoch 22 / 60 mse 0.2067 rmse 0.4546 pcc -0.0336 ccc -0.0082
2021-06-17 01:43:47,723 - utils.logger - INFO - Val result of epoch 22 / 60 mse 0.2375 rmse 0.4873 pcc 0.1555 ccc 0.0388
2021-06-17 01:43:48,108 - utils.logger - INFO - Cur epoch 23 loss ccc:0.1123
2021-06-17 01:43:48,509 - utils.logger - INFO - Cur epoch 23 loss ccc:0.1184
2021-06-17 01:43:48,831 - utils.logger - INFO - Cur epoch 23 loss ccc:1.0431
2021-06-17 01:43:48,831 - utils.logger - INFO - saving the model at the end of epoch 23, iters 138
2021-06-17 01:43:49,073 - utils.logger - INFO - End of training epoch 23 / 60 	 Time Taken: 1 sec, Data loading: 0 sec
2021-06-17 01:43:49,074 - utils.logger - INFO - learning rate = 0.0000902
2021-06-17 01:43:49,434 - utils.logger - INFO - Trn result of epoch 23 / 60 mse 0.1962 rmse 0.4430 pcc -0.0319 ccc -0.0077
2021-06-17 01:43:49,560 - utils.logger - INFO - Val result of epoch 23 / 60 mse 0.2274 rmse 0.4769 pcc 0.1522 ccc 0.0370
2021-06-17 01:43:49,964 - utils.logger - INFO - Cur epoch 24 loss ccc:0.1135
2021-06-17 01:43:50,352 - utils.logger - INFO - Cur epoch 24 loss ccc:0.1252
2021-06-17 01:43:50,674 - utils.logger - INFO - Cur epoch 24 loss ccc:1.0008
2021-06-17 01:43:50,674 - utils.logger - INFO - saving the model at the end of epoch 24, iters 144
2021-06-17 01:43:50,912 - utils.logger - INFO - End of training epoch 24 / 60 	 Time Taken: 1 sec, Data loading: 0 sec
2021-06-17 01:43:50,912 - utils.logger - INFO - learning rate = 0.0000878
2021-06-17 01:43:51,268 - utils.logger - INFO - Trn result of epoch 24 / 60 mse 0.1823 rmse 0.4270 pcc -0.0340 ccc -0.0085
2021-06-17 01:43:51,392 - utils.logger - INFO - Val result of epoch 24 / 60 mse 0.2125 rmse 0.4610 pcc 0.1505 ccc 0.0377
2021-06-17 01:43:51,763 - utils.logger - INFO - Cur epoch 25 loss ccc:0.1190
2021-06-17 01:43:52,143 - utils.logger - INFO - Cur epoch 25 loss ccc:0.1221
2021-06-17 01:43:52,444 - utils.logger - INFO - Cur epoch 25 loss ccc:1.0072
2021-06-17 01:43:52,444 - utils.logger - INFO - saving the model at the end of epoch 25, iters 150
2021-06-17 01:43:52,684 - utils.logger - INFO - End of training epoch 25 / 60 	 Time Taken: 1 sec, Data loading: 0 sec
2021-06-17 01:43:52,684 - utils.logger - INFO - learning rate = 0.0000854
2021-06-17 01:43:53,040 - utils.logger - INFO - Trn result of epoch 25 / 60 mse 0.1741 rmse 0.4172 pcc -0.0115 ccc -0.0030
2021-06-17 01:43:53,165 - utils.logger - INFO - Val result of epoch 25 / 60 mse 0.2041 rmse 0.4517 pcc 0.1570 ccc 0.0406
2021-06-17 01:43:53,564 - utils.logger - INFO - Cur epoch 26 loss ccc:0.1189
2021-06-17 01:43:53,951 - utils.logger - INFO - Cur epoch 26 loss ccc:0.1095
2021-06-17 01:43:54,267 - utils.logger - INFO - Cur epoch 26 loss ccc:1.0046
2021-06-17 01:43:54,268 - utils.logger - INFO - saving the model at the end of epoch 26, iters 156
2021-06-17 01:43:54,517 - utils.logger - INFO - End of training epoch 26 / 60 	 Time Taken: 1 sec, Data loading: 0 sec
2021-06-17 01:43:54,518 - utils.logger - INFO - learning rate = 0.0000829
2021-06-17 01:43:54,875 - utils.logger - INFO - Trn result of epoch 26 / 60 mse 0.1448 rmse 0.3805 pcc 0.0068 ccc 0.0024
2021-06-17 01:43:54,998 - utils.logger - INFO - Val result of epoch 26 / 60 mse 0.1699 rmse 0.4122 pcc 0.1615 ccc 0.0531
2021-06-17 01:43:55,391 - utils.logger - INFO - Cur epoch 27 loss ccc:0.1221
2021-06-17 01:43:55,766 - utils.logger - INFO - Cur epoch 27 loss ccc:0.0970
2021-06-17 01:43:56,088 - utils.logger - INFO - Cur epoch 27 loss ccc:0.7630
2021-06-17 01:43:56,089 - utils.logger - INFO - saving the model at the end of epoch 27, iters 162
2021-06-17 01:43:56,529 - utils.logger - INFO - End of training epoch 27 / 60 	 Time Taken: 1 sec, Data loading: 0 sec
2021-06-17 01:43:56,529 - utils.logger - INFO - learning rate = 0.0000805
2021-06-17 01:43:56,884 - utils.logger - INFO - Trn result of epoch 27 / 60 mse 0.1256 rmse 0.3544 pcc 0.0124 ccc 0.0053
2021-06-17 01:43:57,008 - utils.logger - INFO - Val result of epoch 27 / 60 mse 0.1458 rmse 0.3818 pcc 0.1605 ccc 0.0649
2021-06-17 01:43:57,399 - utils.logger - INFO - Cur epoch 28 loss ccc:0.1103
2021-06-17 01:43:57,794 - utils.logger - INFO - Cur epoch 28 loss ccc:0.1286
2021-06-17 01:43:58,129 - utils.logger - INFO - Cur epoch 28 loss ccc:0.6598
2021-06-17 01:43:58,129 - utils.logger - INFO - saving the model at the end of epoch 28, iters 168
2021-06-17 01:43:58,371 - utils.logger - INFO - End of training epoch 28 / 60 	 Time Taken: 1 sec, Data loading: 0 sec
2021-06-17 01:43:58,371 - utils.logger - INFO - learning rate = 0.0000780
2021-06-17 01:43:58,728 - utils.logger - INFO - Trn result of epoch 28 / 60 mse 0.1766 rmse 0.4202 pcc -0.0482 ccc -0.0158
2021-06-17 01:43:58,852 - utils.logger - INFO - Val result of epoch 28 / 60 mse 0.1995 rmse 0.4467 pcc 0.1515 ccc 0.0534
2021-06-17 01:43:59,248 - utils.logger - INFO - Cur epoch 29 loss ccc:0.1215
2021-06-17 01:43:59,642 - utils.logger - INFO - Cur epoch 29 loss ccc:0.1083
2021-06-17 01:43:59,983 - utils.logger - INFO - Cur epoch 29 loss ccc:0.8756
2021-06-17 01:43:59,983 - utils.logger - INFO - saving the model at the end of epoch 29, iters 174
2021-06-17 01:44:00,225 - utils.logger - INFO - End of training epoch 29 / 60 	 Time Taken: 1 sec, Data loading: 0 sec
2021-06-17 01:44:00,225 - utils.logger - INFO - learning rate = 0.0000756
2021-06-17 01:44:00,576 - utils.logger - INFO - Trn result of epoch 29 / 60 mse 0.1369 rmse 0.3700 pcc -0.0197 ccc -0.0065
2021-06-17 01:44:00,700 - utils.logger - INFO - Val result of epoch 29 / 60 mse 0.1598 rmse 0.3998 pcc 0.1555 ccc 0.0512
2021-06-17 01:44:01,095 - utils.logger - INFO - Cur epoch 30 loss ccc:0.1168
2021-06-17 01:44:01,472 - utils.logger - INFO - Cur epoch 30 loss ccc:0.1124
2021-06-17 01:44:01,812 - utils.logger - INFO - Cur epoch 30 loss ccc:0.9517
2021-06-17 01:44:01,812 - utils.logger - INFO - saving the model at the end of epoch 30, iters 180
2021-06-17 01:44:02,054 - utils.logger - INFO - End of training epoch 30 / 60 	 Time Taken: 1 sec, Data loading: 0 sec
2021-06-17 01:44:02,054 - utils.logger - INFO - learning rate = 0.0000732
2021-06-17 01:44:02,409 - utils.logger - INFO - Trn result of epoch 30 / 60 mse 0.1327 rmse 0.3643 pcc -0.0054 ccc -0.0018
2021-06-17 01:44:02,533 - utils.logger - INFO - Val result of epoch 30 / 60 mse 0.1560 rmse 0.3950 pcc 0.1574 ccc 0.0512
2021-06-17 01:44:02,925 - utils.logger - INFO - Cur epoch 31 loss ccc:0.1314
2021-06-17 01:44:03,325 - utils.logger - INFO - Cur epoch 31 loss ccc:0.0959
2021-06-17 01:44:03,666 - utils.logger - INFO - Cur epoch 31 loss ccc:1.0006
2021-06-17 01:44:03,666 - utils.logger - INFO - saving the model at the end of epoch 31, iters 186
2021-06-17 01:44:03,908 - utils.logger - INFO - End of training epoch 31 / 60 	 Time Taken: 1 sec, Data loading: 0 sec
2021-06-17 01:44:03,909 - utils.logger - INFO - learning rate = 0.0000707
2021-06-17 01:44:04,270 - utils.logger - INFO - Trn result of epoch 31 / 60 mse 0.1292 rmse 0.3594 pcc 0.0045 ccc 0.0015
2021-06-17 01:44:04,396 - utils.logger - INFO - Val result of epoch 31 / 60 mse 0.1525 rmse 0.3905 pcc 0.1628 ccc 0.0503
2021-06-17 01:44:04,789 - utils.logger - INFO - Cur epoch 32 loss ccc:0.1191
2021-06-17 01:44:05,185 - utils.logger - INFO - Cur epoch 32 loss ccc:0.1161
2021-06-17 01:44:05,494 - utils.logger - INFO - Cur epoch 32 loss ccc:0.9949
2021-06-17 01:44:05,494 - utils.logger - INFO - saving the model at the end of epoch 32, iters 192
2021-06-17 01:44:05,739 - utils.logger - INFO - End of training epoch 32 / 60 	 Time Taken: 1 sec, Data loading: 0 sec
2021-06-17 01:44:05,739 - utils.logger - INFO - learning rate = 0.0000683
2021-06-17 01:44:06,094 - utils.logger - INFO - Trn result of epoch 32 / 60 mse 0.1329 rmse 0.3646 pcc 0.0060 ccc 0.0020
2021-06-17 01:44:06,217 - utils.logger - INFO - Val result of epoch 32 / 60 mse 0.1572 rmse 0.3964 pcc 0.1607 ccc 0.0499
2021-06-17 01:44:06,618 - utils.logger - INFO - Cur epoch 33 loss ccc:0.1139
2021-06-17 01:44:07,005 - utils.logger - INFO - Cur epoch 33 loss ccc:0.1171
2021-06-17 01:44:07,329 - utils.logger - INFO - Cur epoch 33 loss ccc:1.0052
2021-06-17 01:44:07,329 - utils.logger - INFO - saving the model at the end of epoch 33, iters 198
2021-06-17 01:44:07,573 - utils.logger - INFO - End of training epoch 33 / 60 	 Time Taken: 1 sec, Data loading: 0 sec
2021-06-17 01:44:07,573 - utils.logger - INFO - learning rate = 0.0000659
2021-06-17 01:44:07,930 - utils.logger - INFO - Trn result of epoch 33 / 60 mse 0.1366 rmse 0.3696 pcc 0.0108 ccc 0.0035
2021-06-17 01:44:08,053 - utils.logger - INFO - Val result of epoch 33 / 60 mse 0.1618 rmse 0.4023 pcc 0.1599 ccc 0.0493
2021-06-17 01:44:08,437 - utils.logger - INFO - Cur epoch 34 loss ccc:0.1037
2021-06-17 01:44:08,831 - utils.logger - INFO - Cur epoch 34 loss ccc:0.1207
2021-06-17 01:44:09,151 - utils.logger - INFO - Cur epoch 34 loss ccc:1.0410
2021-06-17 01:44:09,151 - utils.logger - INFO - saving the model at the end of epoch 34, iters 204
2021-06-17 01:44:09,406 - utils.logger - INFO - End of training epoch 34 / 60 	 Time Taken: 1 sec, Data loading: 0 sec
2021-06-17 01:44:09,406 - utils.logger - INFO - learning rate = 0.0000634
2021-06-17 01:44:09,763 - utils.logger - INFO - Trn result of epoch 34 / 60 mse 0.1306 rmse 0.3614 pcc 0.0555 ccc 0.0171
2021-06-17 01:44:09,886 - utils.logger - INFO - Val result of epoch 34 / 60 mse 0.1589 rmse 0.3986 pcc 0.1560 ccc 0.0414
2021-06-17 01:44:10,271 - utils.logger - INFO - Cur epoch 35 loss ccc:0.0970
2021-06-17 01:44:10,668 - utils.logger - INFO - Cur epoch 35 loss ccc:0.1240
2021-06-17 01:44:11,015 - utils.logger - INFO - Cur epoch 35 loss ccc:1.0002
2021-06-17 01:44:11,016 - utils.logger - INFO - saving the model at the end of epoch 35, iters 210
2021-06-17 01:44:11,283 - utils.logger - INFO - End of training epoch 35 / 60 	 Time Taken: 1 sec, Data loading: 0 sec
2021-06-17 01:44:11,283 - utils.logger - INFO - learning rate = 0.0000610
2021-06-17 01:44:11,649 - utils.logger - INFO - Trn result of epoch 35 / 60 mse 0.1221 rmse 0.3494 pcc 0.0514 ccc 0.0144
2021-06-17 01:44:11,773 - utils.logger - INFO - Val result of epoch 35 / 60 mse 0.1482 rmse 0.3850 pcc 0.1616 ccc 0.0387
2021-06-17 01:44:12,151 - utils.logger - INFO - Cur epoch 36 loss ccc:0.1192
2021-06-17 01:44:12,536 - utils.logger - INFO - Cur epoch 36 loss ccc:0.1113
2021-06-17 01:44:12,865 - utils.logger - INFO - Cur epoch 36 loss ccc:1.0072
2021-06-17 01:44:12,866 - utils.logger - INFO - saving the model at the end of epoch 36, iters 216
2021-06-17 01:44:13,120 - utils.logger - INFO - End of training epoch 36 / 60 	 Time Taken: 1 sec, Data loading: 0 sec
2021-06-17 01:44:13,120 - utils.logger - INFO - learning rate = 0.0000585
2021-06-17 01:44:13,479 - utils.logger - INFO - Trn result of epoch 36 / 60 mse 0.1253 rmse 0.3540 pcc 0.0382 ccc 0.0110
2021-06-17 01:44:13,604 - utils.logger - INFO - Val result of epoch 36 / 60 mse 0.1515 rmse 0.3892 pcc 0.1599 ccc 0.0398
2021-06-17 01:44:13,998 - utils.logger - INFO - Cur epoch 37 loss ccc:0.1381
2021-06-17 01:44:14,401 - utils.logger - INFO - Cur epoch 37 loss ccc:0.1296
2021-06-17 01:44:14,732 - utils.logger - INFO - Cur epoch 37 loss ccc:0.9952
2021-06-17 01:44:14,732 - utils.logger - INFO - saving the model at the end of epoch 37, iters 222
2021-06-17 01:44:15,171 - utils.logger - INFO - End of training epoch 37 / 60 	 Time Taken: 1 sec, Data loading: 0 sec
2021-06-17 01:44:15,171 - utils.logger - INFO - learning rate = 0.0000561
2021-06-17 01:44:15,535 - utils.logger - INFO - Trn result of epoch 37 / 60 mse 0.1300 rmse 0.3605 pcc 0.0379 ccc 0.0106
2021-06-17 01:44:15,659 - utils.logger - INFO - Val result of epoch 37 / 60 mse 0.1574 rmse 0.3968 pcc 0.1613 ccc 0.0386
2021-06-17 01:44:16,047 - utils.logger - INFO - Cur epoch 38 loss ccc:0.1226
2021-06-17 01:44:16,465 - utils.logger - INFO - Cur epoch 38 loss ccc:0.1005
2021-06-17 01:44:16,819 - utils.logger - INFO - Cur epoch 38 loss ccc:1.0032
2021-06-17 01:44:16,819 - utils.logger - INFO - saving the model at the end of epoch 38, iters 228
2021-06-17 01:44:17,066 - utils.logger - INFO - End of training epoch 38 / 60 	 Time Taken: 1 sec, Data loading: 0 sec
2021-06-17 01:44:17,066 - utils.logger - INFO - learning rate = 0.0000537
2021-06-17 01:44:17,418 - utils.logger - INFO - Trn result of epoch 38 / 60 mse 0.1332 rmse 0.3650 pcc 0.0376 ccc 0.0109
2021-06-17 01:44:17,542 - utils.logger - INFO - Val result of epoch 38 / 60 mse 0.1612 rmse 0.4015 pcc 0.1593 ccc 0.0398
2021-06-17 01:44:17,936 - utils.logger - INFO - Cur epoch 39 loss ccc:0.1318
2021-06-17 01:44:18,326 - utils.logger - INFO - Cur epoch 39 loss ccc:0.1337
2021-06-17 01:44:18,657 - utils.logger - INFO - Cur epoch 39 loss ccc:1.0334
2021-06-17 01:44:18,658 - utils.logger - INFO - saving the model at the end of epoch 39, iters 234
2021-06-17 01:44:18,905 - utils.logger - INFO - End of training epoch 39 / 60 	 Time Taken: 1 sec, Data loading: 0 sec
2021-06-17 01:44:18,906 - utils.logger - INFO - learning rate = 0.0000512
2021-06-17 01:44:19,263 - utils.logger - INFO - Trn result of epoch 39 / 60 mse 0.1759 rmse 0.4193 pcc 0.0184 ccc 0.0046
2021-06-17 01:44:19,386 - utils.logger - INFO - Val result of epoch 39 / 60 mse 0.2087 rmse 0.4568 pcc 0.1643 ccc 0.0371
2021-06-17 01:44:19,774 - utils.logger - INFO - Cur epoch 40 loss ccc:0.1197
2021-06-17 01:44:20,165 - utils.logger - INFO - Cur epoch 40 loss ccc:0.1179
2021-06-17 01:44:20,485 - utils.logger - INFO - Cur epoch 40 loss ccc:1.0015
2021-06-17 01:44:20,485 - utils.logger - INFO - saving the model at the end of epoch 40, iters 240
2021-06-17 01:44:20,734 - utils.logger - INFO - End of training epoch 40 / 60 	 Time Taken: 1 sec, Data loading: 0 sec
2021-06-17 01:44:20,734 - utils.logger - INFO - learning rate = 0.0000488
2021-06-17 01:44:21,091 - utils.logger - INFO - Trn result of epoch 40 / 60 mse 0.1867 rmse 0.4321 pcc 0.0148 ccc 0.0036
2021-06-17 01:44:21,217 - utils.logger - INFO - Val result of epoch 40 / 60 mse 0.2200 rmse 0.4690 pcc 0.1680 ccc 0.0379
2021-06-17 01:44:21,609 - utils.logger - INFO - Cur epoch 41 loss ccc:0.1015
2021-06-17 01:44:21,992 - utils.logger - INFO - Cur epoch 41 loss ccc:0.1168
2021-06-17 01:44:22,324 - utils.logger - INFO - Cur epoch 41 loss ccc:0.7870
2021-06-17 01:44:22,324 - utils.logger - INFO - saving the model at the end of epoch 41, iters 246
2021-06-17 01:44:22,574 - utils.logger - INFO - End of training epoch 41 / 60 	 Time Taken: 1 sec, Data loading: 0 sec
2021-06-17 01:44:22,575 - utils.logger - INFO - learning rate = 0.0000463
2021-06-17 01:44:22,940 - utils.logger - INFO - Trn result of epoch 41 / 60 mse 0.1612 rmse 0.4015 pcc -0.0003 ccc -0.0001
2021-06-17 01:44:23,066 - utils.logger - INFO - Val result of epoch 41 / 60 mse 0.1892 rmse 0.4349 pcc 0.1673 ccc 0.0457
2021-06-17 01:44:23,460 - utils.logger - INFO - Cur epoch 42 loss ccc:0.0917
2021-06-17 01:44:23,855 - utils.logger - INFO - Cur epoch 42 loss ccc:0.1096
2021-06-17 01:44:24,202 - utils.logger - INFO - Cur epoch 42 loss ccc:0.9792
2021-06-17 01:44:24,202 - utils.logger - INFO - saving the model at the end of epoch 42, iters 252
2021-06-17 01:44:24,442 - utils.logger - INFO - End of training epoch 42 / 60 	 Time Taken: 1 sec, Data loading: 0 sec
2021-06-17 01:44:24,443 - utils.logger - INFO - learning rate = 0.0000439
2021-06-17 01:44:24,798 - utils.logger - INFO - Trn result of epoch 42 / 60 mse 0.1481 rmse 0.3848 pcc -0.0156 ccc -0.0046
2021-06-17 01:44:24,921 - utils.logger - INFO - Val result of epoch 42 / 60 mse 0.1734 rmse 0.4164 pcc 0.1625 ccc 0.0468
2021-06-17 01:44:25,301 - utils.logger - INFO - Cur epoch 43 loss ccc:0.1156
2021-06-17 01:44:25,701 - utils.logger - INFO - Cur epoch 43 loss ccc:0.1301
2021-06-17 01:44:26,027 - utils.logger - INFO - Cur epoch 43 loss ccc:0.9930
2021-06-17 01:44:26,027 - utils.logger - INFO - saving the model at the end of epoch 43, iters 258
2021-06-17 01:44:26,273 - utils.logger - INFO - End of training epoch 43 / 60 	 Time Taken: 1 sec, Data loading: 0 sec
2021-06-17 01:44:26,273 - utils.logger - INFO - learning rate = 0.0000415
2021-06-17 01:44:26,624 - utils.logger - INFO - Trn result of epoch 43 / 60 mse 0.1868 rmse 0.4322 pcc -0.0441 ccc -0.0135
2021-06-17 01:44:26,748 - utils.logger - INFO - Val result of epoch 43 / 60 mse 0.2116 rmse 0.4600 pcc 0.1569 ccc 0.0506
2021-06-17 01:44:27,149 - utils.logger - INFO - Cur epoch 44 loss ccc:0.1245
2021-06-17 01:44:27,546 - utils.logger - INFO - Cur epoch 44 loss ccc:0.1150
2021-06-17 01:44:27,870 - utils.logger - INFO - Cur epoch 44 loss ccc:0.9981
2021-06-17 01:44:27,870 - utils.logger - INFO - saving the model at the end of epoch 44, iters 264
2021-06-17 01:44:28,119 - utils.logger - INFO - End of training epoch 44 / 60 	 Time Taken: 1 sec, Data loading: 0 sec
2021-06-17 01:44:28,119 - utils.logger - INFO - learning rate = 0.0000390
2021-06-17 01:44:28,475 - utils.logger - INFO - Trn result of epoch 44 / 60 mse 0.1535 rmse 0.3918 pcc -0.0246 ccc -0.0083
2021-06-17 01:44:28,599 - utils.logger - INFO - Val result of epoch 44 / 60 mse 0.1770 rmse 0.4207 pcc 0.1636 ccc 0.0555
2021-06-17 01:44:29,010 - utils.logger - INFO - Cur epoch 45 loss ccc:0.0869
2021-06-17 01:44:29,409 - utils.logger - INFO - Cur epoch 45 loss ccc:0.1264
2021-06-17 01:44:29,733 - utils.logger - INFO - Cur epoch 45 loss ccc:1.0165
2021-06-17 01:44:29,733 - utils.logger - INFO - saving the model at the end of epoch 45, iters 270
2021-06-17 01:44:30,024 - utils.logger - INFO - End of training epoch 45 / 60 	 Time Taken: 1 sec, Data loading: 0 sec
2021-06-17 01:44:30,024 - utils.logger - INFO - learning rate = 0.0000366
2021-06-17 01:44:30,379 - utils.logger - INFO - Trn result of epoch 45 / 60 mse 0.1465 rmse 0.3828 pcc -0.0108 ccc -0.0037
2021-06-17 01:44:30,502 - utils.logger - INFO - Val result of epoch 45 / 60 mse 0.1696 rmse 0.4118 pcc 0.1718 ccc 0.0586
2021-06-17 01:44:30,891 - utils.logger - INFO - Cur epoch 46 loss ccc:0.1290
2021-06-17 01:44:31,276 - utils.logger - INFO - Cur epoch 46 loss ccc:0.1250
2021-06-17 01:44:31,615 - utils.logger - INFO - Cur epoch 46 loss ccc:1.4744
2021-06-17 01:44:31,615 - utils.logger - INFO - saving the model at the end of epoch 46, iters 276
2021-06-17 01:44:31,862 - utils.logger - INFO - End of training epoch 46 / 60 	 Time Taken: 1 sec, Data loading: 0 sec
2021-06-17 01:44:31,862 - utils.logger - INFO - learning rate = 0.0000341
2021-06-17 01:44:32,219 - utils.logger - INFO - Trn result of epoch 46 / 60 mse 0.1586 rmse 0.3982 pcc -0.0173 ccc -0.0059
2021-06-17 01:44:32,343 - utils.logger - INFO - Val result of epoch 46 / 60 mse 0.1826 rmse 0.4273 pcc 0.1661 ccc 0.0569
2021-06-17 01:44:32,756 - utils.logger - INFO - Cur epoch 47 loss ccc:0.1115
2021-06-17 01:44:33,166 - utils.logger - INFO - Cur epoch 47 loss ccc:0.1093
2021-06-17 01:44:33,520 - utils.logger - INFO - Cur epoch 47 loss ccc:0.9962
2021-06-17 01:44:33,521 - utils.logger - INFO - saving the model at the end of epoch 47, iters 282
2021-06-17 01:44:33,790 - utils.logger - INFO - End of training epoch 47 / 60 	 Time Taken: 1 sec, Data loading: 0 sec
2021-06-17 01:44:33,790 - utils.logger - INFO - learning rate = 0.0000317
2021-06-17 01:44:34,150 - utils.logger - INFO - Trn result of epoch 47 / 60 mse 0.1718 rmse 0.4144 pcc -0.0204 ccc -0.0070
2021-06-17 01:44:34,276 - utils.logger - INFO - Val result of epoch 47 / 60 mse 0.1961 rmse 0.4428 pcc 0.1671 ccc 0.0578
2021-06-17 01:44:34,670 - utils.logger - INFO - Cur epoch 48 loss ccc:0.1162
2021-06-17 01:44:35,056 - utils.logger - INFO - Cur epoch 48 loss ccc:0.1222
2021-06-17 01:44:35,388 - utils.logger - INFO - Cur epoch 48 loss ccc:1.0064
2021-06-17 01:44:35,388 - utils.logger - INFO - saving the model at the end of epoch 48, iters 288
2021-06-17 01:44:35,627 - utils.logger - INFO - End of training epoch 48 / 60 	 Time Taken: 1 sec, Data loading: 0 sec
2021-06-17 01:44:35,627 - utils.logger - INFO - learning rate = 0.0000293
2021-06-17 01:44:35,981 - utils.logger - INFO - Trn result of epoch 48 / 60 mse 0.1684 rmse 0.4103 pcc -0.0171 ccc -0.0060
2021-06-17 01:44:36,104 - utils.logger - INFO - Val result of epoch 48 / 60 mse 0.1926 rmse 0.4388 pcc 0.1670 ccc 0.0585
2021-06-17 01:44:36,491 - utils.logger - INFO - Cur epoch 49 loss ccc:0.1097
2021-06-17 01:44:36,888 - utils.logger - INFO - Cur epoch 49 loss ccc:0.1286
2021-06-17 01:44:37,204 - utils.logger - INFO - Cur epoch 49 loss ccc:0.9932
2021-06-17 01:44:37,204 - utils.logger - INFO - saving the model at the end of epoch 49, iters 294
2021-06-17 01:44:37,455 - utils.logger - INFO - End of training epoch 49 / 60 	 Time Taken: 1 sec, Data loading: 0 sec
2021-06-17 01:44:37,455 - utils.logger - INFO - learning rate = 0.0000268
2021-06-17 01:44:37,809 - utils.logger - INFO - Trn result of epoch 49 / 60 mse 0.1671 rmse 0.4088 pcc -0.0155 ccc -0.0054
2021-06-17 01:44:37,932 - utils.logger - INFO - Val result of epoch 49 / 60 mse 0.1919 rmse 0.4380 pcc 0.1635 ccc 0.0570
2021-06-17 01:44:38,324 - utils.logger - INFO - Cur epoch 50 loss ccc:0.1246
2021-06-17 01:44:38,708 - utils.logger - INFO - Cur epoch 50 loss ccc:0.1192
2021-06-17 01:44:39,035 - utils.logger - INFO - Cur epoch 50 loss ccc:0.9992
2021-06-17 01:44:39,035 - utils.logger - INFO - saving the model at the end of epoch 50, iters 300
2021-06-17 01:44:39,318 - utils.logger - INFO - End of training epoch 50 / 60 	 Time Taken: 1 sec, Data loading: 0 sec
2021-06-17 01:44:39,318 - utils.logger - INFO - learning rate = 0.0000244
2021-06-17 01:44:39,674 - utils.logger - INFO - Trn result of epoch 50 / 60 mse 0.1673 rmse 0.4091 pcc -0.0166 ccc -0.0058
2021-06-17 01:44:39,798 - utils.logger - INFO - Val result of epoch 50 / 60 mse 0.1921 rmse 0.4383 pcc 0.1642 ccc 0.0570
2021-06-17 01:44:40,192 - utils.logger - INFO - Cur epoch 51 loss ccc:0.1236
2021-06-17 01:44:40,580 - utils.logger - INFO - Cur epoch 51 loss ccc:0.1201
2021-06-17 01:44:40,899 - utils.logger - INFO - Cur epoch 51 loss ccc:0.9924
2021-06-17 01:44:40,899 - utils.logger - INFO - saving the model at the end of epoch 51, iters 306
2021-06-17 01:44:41,185 - utils.logger - INFO - End of training epoch 51 / 60 	 Time Taken: 1 sec, Data loading: 0 sec
2021-06-17 01:44:41,185 - utils.logger - INFO - learning rate = 0.0000220
2021-06-17 01:44:41,545 - utils.logger - INFO - Trn result of epoch 51 / 60 mse 0.1754 rmse 0.4188 pcc -0.0132 ccc -0.0046
2021-06-17 01:44:41,670 - utils.logger - INFO - Val result of epoch 51 / 60 mse 0.2001 rmse 0.4473 pcc 0.1681 ccc 0.0592
2021-06-17 01:44:42,066 - utils.logger - INFO - Cur epoch 52 loss ccc:0.1014
2021-06-17 01:44:42,462 - utils.logger - INFO - Cur epoch 52 loss ccc:0.1348
2021-06-17 01:44:42,788 - utils.logger - INFO - Cur epoch 52 loss ccc:1.0058
2021-06-17 01:44:42,788 - utils.logger - INFO - saving the model at the end of epoch 52, iters 312
2021-06-17 01:44:43,037 - utils.logger - INFO - End of training epoch 52 / 60 	 Time Taken: 1 sec, Data loading: 0 sec
2021-06-17 01:44:43,037 - utils.logger - INFO - learning rate = 0.0000195
2021-06-17 01:44:43,392 - utils.logger - INFO - Trn result of epoch 52 / 60 mse 0.1699 rmse 0.4122 pcc -0.0089 ccc -0.0032
2021-06-17 01:44:43,516 - utils.logger - INFO - Val result of epoch 52 / 60 mse 0.1943 rmse 0.4408 pcc 0.1716 ccc 0.0616
2021-06-17 01:44:43,919 - utils.logger - INFO - Cur epoch 53 loss ccc:0.1229
2021-06-17 01:44:44,314 - utils.logger - INFO - Cur epoch 53 loss ccc:0.0918
2021-06-17 01:44:44,637 - utils.logger - INFO - Cur epoch 53 loss ccc:1.0026
2021-06-17 01:44:44,637 - utils.logger - INFO - saving the model at the end of epoch 53, iters 318
2021-06-17 01:44:44,885 - utils.logger - INFO - End of training epoch 53 / 60 	 Time Taken: 1 sec, Data loading: 0 sec
2021-06-17 01:44:44,885 - utils.logger - INFO - learning rate = 0.0000171
2021-06-17 01:44:45,239 - utils.logger - INFO - Trn result of epoch 53 / 60 mse 0.1680 rmse 0.4099 pcc 0.0006 ccc 0.0002
2021-06-17 01:44:45,363 - utils.logger - INFO - Val result of epoch 53 / 60 mse 0.1923 rmse 0.4386 pcc 0.1742 ccc 0.0647
2021-06-17 01:44:45,789 - utils.logger - INFO - Cur epoch 54 loss ccc:0.1229
2021-06-17 01:44:46,223 - utils.logger - INFO - Cur epoch 54 loss ccc:0.1152
2021-06-17 01:44:46,596 - utils.logger - INFO - Cur epoch 54 loss ccc:0.9993
2021-06-17 01:44:46,596 - utils.logger - INFO - saving the model at the end of epoch 54, iters 324
2021-06-17 01:44:46,965 - utils.logger - INFO - End of training epoch 54 / 60 	 Time Taken: 1 sec, Data loading: 0 sec
2021-06-17 01:44:46,966 - utils.logger - INFO - learning rate = 0.0000146
2021-06-17 01:44:47,322 - utils.logger - INFO - Trn result of epoch 54 / 60 mse 0.1680 rmse 0.4099 pcc 0.0030 ccc 0.0011
2021-06-17 01:44:47,446 - utils.logger - INFO - Val result of epoch 54 / 60 mse 0.1924 rmse 0.4386 pcc 0.1741 ccc 0.0645
2021-06-17 01:44:47,842 - utils.logger - INFO - Cur epoch 55 loss ccc:0.1052
2021-06-17 01:44:48,257 - utils.logger - INFO - Cur epoch 55 loss ccc:0.1240
2021-06-17 01:44:48,580 - utils.logger - INFO - Cur epoch 55 loss ccc:0.7806
2021-06-17 01:44:48,580 - utils.logger - INFO - saving the model at the end of epoch 55, iters 330
2021-06-17 01:44:48,832 - utils.logger - INFO - End of training epoch 55 / 60 	 Time Taken: 1 sec, Data loading: 0 sec
2021-06-17 01:44:48,832 - utils.logger - INFO - learning rate = 0.0000122
2021-06-17 01:44:49,197 - utils.logger - INFO - Trn result of epoch 55 / 60 mse 0.1746 rmse 0.4179 pcc -0.0012 ccc -0.0004
2021-06-17 01:44:49,324 - utils.logger - INFO - Val result of epoch 55 / 60 mse 0.1991 rmse 0.4462 pcc 0.1767 ccc 0.0646
2021-06-17 01:44:49,748 - utils.logger - INFO - Cur epoch 56 loss ccc:0.1078
2021-06-17 01:44:50,171 - utils.logger - INFO - Cur epoch 56 loss ccc:0.1310
2021-06-17 01:44:50,517 - utils.logger - INFO - Cur epoch 56 loss ccc:0.4948
2021-06-17 01:44:50,518 - utils.logger - INFO - saving the model at the end of epoch 56, iters 336
2021-06-17 01:44:50,849 - utils.logger - INFO - End of training epoch 56 / 60 	 Time Taken: 1 sec, Data loading: 0 sec
2021-06-17 01:44:50,850 - utils.logger - INFO - learning rate = 0.0000098
2021-06-17 01:44:51,209 - utils.logger - INFO - Trn result of epoch 56 / 60 mse 0.1800 rmse 0.4243 pcc -0.0013 ccc -0.0005
2021-06-17 01:44:51,333 - utils.logger - INFO - Val result of epoch 56 / 60 mse 0.2049 rmse 0.4527 pcc 0.1782 ccc 0.0645
2021-06-17 01:44:51,723 - utils.logger - INFO - Cur epoch 57 loss ccc:0.1078
2021-06-17 01:44:52,115 - utils.logger - INFO - Cur epoch 57 loss ccc:0.1249
2021-06-17 01:44:52,432 - utils.logger - INFO - Cur epoch 57 loss ccc:0.3411
2021-06-17 01:44:52,432 - utils.logger - INFO - saving the model at the end of epoch 57, iters 342
2021-06-17 01:44:52,683 - utils.logger - INFO - End of training epoch 57 / 60 	 Time Taken: 1 sec, Data loading: 0 sec
2021-06-17 01:44:52,683 - utils.logger - INFO - learning rate = 0.0000073
2021-06-17 01:44:53,039 - utils.logger - INFO - Trn result of epoch 57 / 60 mse 0.1748 rmse 0.4181 pcc 0.0002 ccc 0.0001
2021-06-17 01:44:53,162 - utils.logger - INFO - Val result of epoch 57 / 60 mse 0.2000 rmse 0.4472 pcc 0.1749 ccc 0.0637
2021-06-17 01:44:53,547 - utils.logger - INFO - Cur epoch 58 loss ccc:0.1250
2021-06-17 01:44:53,928 - utils.logger - INFO - Cur epoch 58 loss ccc:0.0855
2021-06-17 01:44:54,234 - utils.logger - INFO - Cur epoch 58 loss ccc:1.0004
2021-06-17 01:44:54,234 - utils.logger - INFO - saving the model at the end of epoch 58, iters 348
2021-06-17 01:44:54,496 - utils.logger - INFO - End of training epoch 58 / 60 	 Time Taken: 1 sec, Data loading: 0 sec
2021-06-17 01:44:54,496 - utils.logger - INFO - learning rate = 0.0000049
2021-06-17 01:44:54,852 - utils.logger - INFO - Trn result of epoch 58 / 60 mse 0.1809 rmse 0.4253 pcc -0.0021 ccc -0.0008
2021-06-17 01:44:54,976 - utils.logger - INFO - Val result of epoch 58 / 60 mse 0.2062 rmse 0.4541 pcc 0.1751 ccc 0.0637
2021-06-17 01:44:55,381 - utils.logger - INFO - Cur epoch 59 loss ccc:0.1071
2021-06-17 01:44:55,783 - utils.logger - INFO - Cur epoch 59 loss ccc:0.1199
2021-06-17 01:44:56,130 - utils.logger - INFO - Cur epoch 59 loss ccc:0.9975
2021-06-17 01:44:56,130 - utils.logger - INFO - saving the model at the end of epoch 59, iters 354
2021-06-17 01:44:56,376 - utils.logger - INFO - End of training epoch 59 / 60 	 Time Taken: 1 sec, Data loading: 0 sec
2021-06-17 01:44:56,376 - utils.logger - INFO - learning rate = 0.0000024
2021-06-17 01:44:56,737 - utils.logger - INFO - Trn result of epoch 59 / 60 mse 0.1773 rmse 0.4211 pcc -0.0022 ccc -0.0008
2021-06-17 01:44:56,862 - utils.logger - INFO - Val result of epoch 59 / 60 mse 0.2023 rmse 0.4497 pcc 0.1756 ccc 0.0642
2021-06-17 01:44:57,263 - utils.logger - INFO - Cur epoch 60 loss ccc:0.1254
2021-06-17 01:44:57,669 - utils.logger - INFO - Cur epoch 60 loss ccc:0.0989
2021-06-17 01:44:58,021 - utils.logger - INFO - Cur epoch 60 loss ccc:1.0000
2021-06-17 01:44:58,021 - utils.logger - INFO - saving the model at the end of epoch 60, iters 360
2021-06-17 01:44:58,267 - utils.logger - INFO - End of training epoch 60 / 60 	 Time Taken: 1 sec, Data loading: 0 sec
2021-06-17 01:44:58,267 - utils.logger - INFO - learning rate = 0.0000000
2021-06-17 01:44:58,624 - utils.logger - INFO - Trn result of epoch 60 / 60 mse 0.1772 rmse 0.4209 pcc -0.0021 ccc -0.0008
2021-06-17 01:44:58,748 - utils.logger - INFO - Val result of epoch 60 / 60 mse 0.2021 rmse 0.4496 pcc 0.1758 ccc 0.0642
2021-06-17 01:44:58,748 - utils.logger - INFO - Best eval epoch 19 found with ccc 0.064992
2021-06-17 01:44:58,748 - utils.logger - INFO - baseline_fcfusion_wonorm_egemaps_EDA_hidden1024_seq100_lr0.0001_cccloss_run2
