2021-06-17 02:26:50,186 - utils.logger - INFO - The number of training samples = 41
2021-06-17 02:26:53,456 - utils.logger - INFO - Cur epoch 1 loss ccc:0.1236
2021-06-17 02:26:54,004 - utils.logger - INFO - Cur epoch 1 loss ccc:0.1249
2021-06-17 02:26:54,413 - utils.logger - INFO - Cur epoch 1 loss ccc:0.9986
2021-06-17 02:26:54,414 - utils.logger - INFO - saving the model at the end of epoch 1, iters 6
2021-06-17 02:26:54,622 - utils.logger - INFO - End of training epoch 1 / 60 	 Time Taken: 1 sec, Data loading: 0 sec
2021-06-17 02:26:54,622 - utils.logger - INFO - learning rate = 0.0001000
2021-06-17 02:26:55,367 - utils.logger - INFO - Trn result of epoch 1 / 60 mse 0.0937 rmse 0.3061 pcc 0.0863 ccc 0.0074
2021-06-17 02:26:55,642 - utils.logger - INFO - Val result of epoch 1 / 60 mse 0.1043 rmse 0.3229 pcc 0.0015 ccc 0.0001
2021-06-17 02:26:56,211 - utils.logger - INFO - Cur epoch 2 loss ccc:0.1260
2021-06-17 02:26:56,769 - utils.logger - INFO - Cur epoch 2 loss ccc:0.1322
2021-06-17 02:26:57,181 - utils.logger - INFO - Cur epoch 2 loss ccc:0.9870
2021-06-17 02:26:57,181 - utils.logger - INFO - saving the model at the end of epoch 2, iters 12
2021-06-17 02:26:57,496 - utils.logger - INFO - End of training epoch 2 / 60 	 Time Taken: 1 sec, Data loading: 0 sec
2021-06-17 02:26:57,497 - utils.logger - INFO - learning rate = 0.0001000
2021-06-17 02:26:58,231 - utils.logger - INFO - Trn result of epoch 2 / 60 mse 0.1208 rmse 0.3475 pcc 0.1095 ccc 0.0139
2021-06-17 02:26:58,497 - utils.logger - INFO - Val result of epoch 2 / 60 mse 0.1408 rmse 0.3752 pcc -0.0552 ccc -0.0062
2021-06-17 02:26:59,027 - utils.logger - INFO - Cur epoch 3 loss ccc:0.1099
2021-06-17 02:26:59,572 - utils.logger - INFO - Cur epoch 3 loss ccc:0.1250
2021-06-17 02:27:00,013 - utils.logger - INFO - Cur epoch 3 loss ccc:1.0071
2021-06-17 02:27:00,013 - utils.logger - INFO - saving the model at the end of epoch 3, iters 18
2021-06-17 02:27:00,461 - utils.logger - INFO - End of training epoch 3 / 60 	 Time Taken: 1 sec, Data loading: 0 sec
2021-06-17 02:27:00,462 - utils.logger - INFO - learning rate = 0.0001000
2021-06-17 02:27:01,196 - utils.logger - INFO - Trn result of epoch 3 / 60 mse 0.1164 rmse 0.3412 pcc 0.0908 ccc 0.0134
2021-06-17 02:27:01,446 - utils.logger - INFO - Val result of epoch 3 / 60 mse 0.1372 rmse 0.3704 pcc -0.1103 ccc -0.0144
2021-06-17 02:27:01,993 - utils.logger - INFO - Cur epoch 4 loss ccc:0.1153
2021-06-17 02:27:02,545 - utils.logger - INFO - Cur epoch 4 loss ccc:0.1233
2021-06-17 02:27:03,001 - utils.logger - INFO - Cur epoch 4 loss ccc:1.0004
2021-06-17 02:27:03,001 - utils.logger - INFO - saving the model at the end of epoch 4, iters 24
2021-06-17 02:27:03,433 - utils.logger - INFO - End of training epoch 4 / 60 	 Time Taken: 1 sec, Data loading: 0 sec
2021-06-17 02:27:03,433 - utils.logger - INFO - learning rate = 0.0001000
2021-06-17 02:27:04,209 - utils.logger - INFO - Trn result of epoch 4 / 60 mse 0.0922 rmse 0.3036 pcc 0.0880 ccc 0.0135
2021-06-17 02:27:04,483 - utils.logger - INFO - Val result of epoch 4 / 60 mse 0.1025 rmse 0.3202 pcc -0.0240 ccc -0.0038
2021-06-17 02:27:05,050 - utils.logger - INFO - Cur epoch 5 loss ccc:0.1253
2021-06-17 02:27:05,640 - utils.logger - INFO - Cur epoch 5 loss ccc:0.1175
2021-06-17 02:27:06,056 - utils.logger - INFO - Cur epoch 5 loss ccc:1.0037
2021-06-17 02:27:06,056 - utils.logger - INFO - saving the model at the end of epoch 5, iters 30
2021-06-17 02:27:06,332 - utils.logger - INFO - End of training epoch 5 / 60 	 Time Taken: 1 sec, Data loading: 0 sec
2021-06-17 02:27:06,333 - utils.logger - INFO - learning rate = 0.0001000
2021-06-17 02:27:07,121 - utils.logger - INFO - Trn result of epoch 5 / 60 mse 0.0923 rmse 0.3039 pcc 0.0905 ccc 0.0152
2021-06-17 02:27:07,391 - utils.logger - INFO - Val result of epoch 5 / 60 mse 0.1026 rmse 0.3202 pcc -0.0148 ccc -0.0025
2021-06-17 02:27:07,976 - utils.logger - INFO - Cur epoch 6 loss ccc:0.1121
2021-06-17 02:27:08,558 - utils.logger - INFO - Cur epoch 6 loss ccc:0.1251
2021-06-17 02:27:09,001 - utils.logger - INFO - Cur epoch 6 loss ccc:1.0018
2021-06-17 02:27:09,001 - utils.logger - INFO - saving the model at the end of epoch 6, iters 36
2021-06-17 02:27:09,281 - utils.logger - INFO - End of training epoch 6 / 60 	 Time Taken: 1 sec, Data loading: 0 sec
2021-06-17 02:27:09,281 - utils.logger - INFO - learning rate = 0.0001000
2021-06-17 02:27:10,053 - utils.logger - INFO - Trn result of epoch 6 / 60 mse 0.0995 rmse 0.3154 pcc 0.0987 ccc 0.0190
2021-06-17 02:27:10,338 - utils.logger - INFO - Val result of epoch 6 / 60 mse 0.1134 rmse 0.3367 pcc -0.0117 ccc -0.0023
2021-06-17 02:27:10,910 - utils.logger - INFO - Cur epoch 7 loss ccc:0.1103
2021-06-17 02:27:11,474 - utils.logger - INFO - Cur epoch 7 loss ccc:0.1251
2021-06-17 02:27:11,958 - utils.logger - INFO - Cur epoch 7 loss ccc:1.0082
2021-06-17 02:27:11,959 - utils.logger - INFO - saving the model at the end of epoch 7, iters 42
2021-06-17 02:27:12,275 - utils.logger - INFO - End of training epoch 7 / 60 	 Time Taken: 1 sec, Data loading: 0 sec
2021-06-17 02:27:12,275 - utils.logger - INFO - learning rate = 0.0001000
2021-06-17 02:27:13,050 - utils.logger - INFO - Trn result of epoch 7 / 60 mse 0.0980 rmse 0.3130 pcc 0.1044 ccc 0.0204
2021-06-17 02:27:13,308 - utils.logger - INFO - Val result of epoch 7 / 60 mse 0.1120 rmse 0.3347 pcc -0.0428 ccc -0.0079
2021-06-17 02:27:13,867 - utils.logger - INFO - Cur epoch 8 loss ccc:0.1145
2021-06-17 02:27:14,429 - utils.logger - INFO - Cur epoch 8 loss ccc:0.1249
2021-06-17 02:27:14,851 - utils.logger - INFO - Cur epoch 8 loss ccc:0.9393
2021-06-17 02:27:14,851 - utils.logger - INFO - saving the model at the end of epoch 8, iters 48
2021-06-17 02:27:15,232 - utils.logger - INFO - End of training epoch 8 / 60 	 Time Taken: 1 sec, Data loading: 0 sec
2021-06-17 02:27:15,232 - utils.logger - INFO - learning rate = 0.0001000
2021-06-17 02:27:15,970 - utils.logger - INFO - Trn result of epoch 8 / 60 mse 0.0936 rmse 0.3059 pcc 0.0971 ccc 0.0166
2021-06-17 02:27:16,240 - utils.logger - INFO - Val result of epoch 8 / 60 mse 0.1056 rmse 0.3250 pcc -0.0651 ccc -0.0101
2021-06-17 02:27:16,783 - utils.logger - INFO - Cur epoch 9 loss ccc:0.1233
2021-06-17 02:27:17,311 - utils.logger - INFO - Cur epoch 9 loss ccc:0.1210
2021-06-17 02:27:17,733 - utils.logger - INFO - Cur epoch 9 loss ccc:0.9433
2021-06-17 02:27:17,734 - utils.logger - INFO - saving the model at the end of epoch 9, iters 54
2021-06-17 02:27:18,021 - utils.logger - INFO - End of training epoch 9 / 60 	 Time Taken: 1 sec, Data loading: 0 sec
2021-06-17 02:27:18,021 - utils.logger - INFO - learning rate = 0.0001000
2021-06-17 02:27:18,773 - utils.logger - INFO - Trn result of epoch 9 / 60 mse 0.0923 rmse 0.3039 pcc 0.1152 ccc 0.0215
2021-06-17 02:27:19,040 - utils.logger - INFO - Val result of epoch 9 / 60 mse 0.1045 rmse 0.3233 pcc -0.0754 ccc -0.0125
2021-06-17 02:27:19,606 - utils.logger - INFO - Cur epoch 10 loss ccc:0.1203
2021-06-17 02:27:20,165 - utils.logger - INFO - Cur epoch 10 loss ccc:0.1298
2021-06-17 02:27:20,586 - utils.logger - INFO - Cur epoch 10 loss ccc:1.0166
2021-06-17 02:27:20,586 - utils.logger - INFO - saving the model at the end of epoch 10, iters 60
2021-06-17 02:27:20,859 - utils.logger - INFO - End of training epoch 10 / 60 	 Time Taken: 1 sec, Data loading: 0 sec
2021-06-17 02:27:20,860 - utils.logger - INFO - learning rate = 0.0001000
2021-06-17 02:27:21,612 - utils.logger - INFO - Trn result of epoch 10 / 60 mse 0.1158 rmse 0.3403 pcc 0.0496 ccc 0.0130
2021-06-17 02:27:21,869 - utils.logger - INFO - Val result of epoch 10 / 60 mse 0.1383 rmse 0.3718 pcc -0.0996 ccc -0.0251
2021-06-17 02:27:22,401 - utils.logger - INFO - Cur epoch 11 loss ccc:0.1214
2021-06-17 02:27:22,933 - utils.logger - INFO - Cur epoch 11 loss ccc:0.1142
2021-06-17 02:27:23,359 - utils.logger - INFO - Cur epoch 11 loss ccc:0.9939
2021-06-17 02:27:23,359 - utils.logger - INFO - saving the model at the end of epoch 11, iters 66
2021-06-17 02:27:23,650 - utils.logger - INFO - End of training epoch 11 / 60 	 Time Taken: 1 sec, Data loading: 0 sec
2021-06-17 02:27:23,651 - utils.logger - INFO - learning rate = 0.0001000
2021-06-17 02:27:24,399 - utils.logger - INFO - Trn result of epoch 11 / 60 mse 0.1062 rmse 0.3258 pcc 0.0502 ccc 0.0138
2021-06-17 02:27:24,659 - utils.logger - INFO - Val result of epoch 11 / 60 mse 0.1259 rmse 0.3548 pcc -0.0955 ccc -0.0255
2021-06-17 02:27:25,199 - utils.logger - INFO - Cur epoch 12 loss ccc:0.1269
2021-06-17 02:27:25,741 - utils.logger - INFO - Cur epoch 12 loss ccc:0.1142
2021-06-17 02:27:26,180 - utils.logger - INFO - Cur epoch 12 loss ccc:0.9989
2021-06-17 02:27:26,180 - utils.logger - INFO - saving the model at the end of epoch 12, iters 72
2021-06-17 02:27:26,459 - utils.logger - INFO - End of training epoch 12 / 60 	 Time Taken: 1 sec, Data loading: 0 sec
2021-06-17 02:27:26,459 - utils.logger - INFO - learning rate = 0.0001000
2021-06-17 02:27:27,211 - utils.logger - INFO - Trn result of epoch 12 / 60 mse 0.1063 rmse 0.3260 pcc 0.0571 ccc 0.0170
2021-06-17 02:27:27,457 - utils.logger - INFO - Val result of epoch 12 / 60 mse 0.1267 rmse 0.3560 pcc -0.0984 ccc -0.0281
2021-06-17 02:27:27,994 - utils.logger - INFO - Cur epoch 13 loss ccc:0.1133
2021-06-17 02:27:28,528 - utils.logger - INFO - Cur epoch 13 loss ccc:0.1301
2021-06-17 02:27:28,939 - utils.logger - INFO - Cur epoch 13 loss ccc:0.9911
2021-06-17 02:27:28,939 - utils.logger - INFO - saving the model at the end of epoch 13, iters 78
2021-06-17 02:27:29,177 - utils.logger - INFO - End of training epoch 13 / 60 	 Time Taken: 1 sec, Data loading: 0 sec
2021-06-17 02:27:29,178 - utils.logger - INFO - learning rate = 0.0001000
2021-06-17 02:27:29,903 - utils.logger - INFO - Trn result of epoch 13 / 60 mse 0.1079 rmse 0.3285 pcc 0.0645 ccc 0.0206
2021-06-17 02:27:30,146 - utils.logger - INFO - Val result of epoch 13 / 60 mse 0.1290 rmse 0.3592 pcc -0.1039 ccc -0.0309
2021-06-17 02:27:30,683 - utils.logger - INFO - Cur epoch 14 loss ccc:0.1423
2021-06-17 02:27:31,211 - utils.logger - INFO - Cur epoch 14 loss ccc:0.1142
2021-06-17 02:27:31,648 - utils.logger - INFO - Cur epoch 14 loss ccc:1.0012
2021-06-17 02:27:31,648 - utils.logger - INFO - saving the model at the end of epoch 14, iters 84
2021-06-17 02:27:31,931 - utils.logger - INFO - End of training epoch 14 / 60 	 Time Taken: 1 sec, Data loading: 0 sec
2021-06-17 02:27:31,931 - utils.logger - INFO - learning rate = 0.0001000
2021-06-17 02:27:32,632 - utils.logger - INFO - Trn result of epoch 14 / 60 mse 0.1113 rmse 0.3336 pcc 0.0631 ccc 0.0201
2021-06-17 02:27:32,875 - utils.logger - INFO - Val result of epoch 14 / 60 mse 0.1329 rmse 0.3645 pcc -0.0958 ccc -0.0282
2021-06-17 02:27:33,405 - utils.logger - INFO - Cur epoch 15 loss ccc:0.1268
2021-06-17 02:27:33,973 - utils.logger - INFO - Cur epoch 15 loss ccc:0.1261
2021-06-17 02:27:34,396 - utils.logger - INFO - Cur epoch 15 loss ccc:0.9945
2021-06-17 02:27:34,396 - utils.logger - INFO - saving the model at the end of epoch 15, iters 90
2021-06-17 02:27:34,699 - utils.logger - INFO - End of training epoch 15 / 60 	 Time Taken: 1 sec, Data loading: 0 sec
2021-06-17 02:27:34,699 - utils.logger - INFO - learning rate = 0.0001000
2021-06-17 02:27:35,485 - utils.logger - INFO - Trn result of epoch 15 / 60 mse 0.1106 rmse 0.3326 pcc 0.0600 ccc 0.0206
2021-06-17 02:27:35,764 - utils.logger - INFO - Val result of epoch 15 / 60 mse 0.1320 rmse 0.3633 pcc -0.0960 ccc -0.0304
2021-06-17 02:27:36,336 - utils.logger - INFO - Cur epoch 16 loss ccc:0.1289
2021-06-17 02:27:36,885 - utils.logger - INFO - Cur epoch 16 loss ccc:0.0984
2021-06-17 02:27:37,296 - utils.logger - INFO - Cur epoch 16 loss ccc:0.9835
2021-06-17 02:27:37,297 - utils.logger - INFO - saving the model at the end of epoch 16, iters 96
2021-06-17 02:27:37,578 - utils.logger - INFO - End of training epoch 16 / 60 	 Time Taken: 1 sec, Data loading: 0 sec
2021-06-17 02:27:37,578 - utils.logger - INFO - learning rate = 0.0001000
2021-06-17 02:27:38,355 - utils.logger - INFO - Trn result of epoch 16 / 60 mse 0.1142 rmse 0.3379 pcc 0.0589 ccc 0.0192
2021-06-17 02:27:38,619 - utils.logger - INFO - Val result of epoch 16 / 60 mse 0.1357 rmse 0.3684 pcc -0.0857 ccc -0.0257
2021-06-17 02:27:39,156 - utils.logger - INFO - Cur epoch 17 loss ccc:0.1251
2021-06-17 02:27:39,701 - utils.logger - INFO - Cur epoch 17 loss ccc:0.1137
2021-06-17 02:27:40,124 - utils.logger - INFO - Cur epoch 17 loss ccc:0.9714
2021-06-17 02:27:40,124 - utils.logger - INFO - saving the model at the end of epoch 17, iters 102
2021-06-17 02:27:40,436 - utils.logger - INFO - End of training epoch 17 / 60 	 Time Taken: 1 sec, Data loading: 0 sec
2021-06-17 02:27:40,437 - utils.logger - INFO - learning rate = 0.0001000
2021-06-17 02:27:41,175 - utils.logger - INFO - Trn result of epoch 17 / 60 mse 0.0932 rmse 0.3052 pcc 0.0141 ccc 0.0051
2021-06-17 02:27:41,425 - utils.logger - INFO - Val result of epoch 17 / 60 mse 0.1058 rmse 0.3253 pcc -0.0749 ccc -0.0301
2021-06-17 02:27:41,958 - utils.logger - INFO - Cur epoch 18 loss ccc:0.1170
2021-06-17 02:27:42,502 - utils.logger - INFO - Cur epoch 18 loss ccc:0.1171
2021-06-17 02:27:42,927 - utils.logger - INFO - Cur epoch 18 loss ccc:1.0284
2021-06-17 02:27:42,927 - utils.logger - INFO - saving the model at the end of epoch 18, iters 108
2021-06-17 02:27:43,935 - utils.logger - INFO - End of training epoch 18 / 60 	 Time Taken: 2 sec, Data loading: 0 sec
2021-06-17 02:27:43,935 - utils.logger - INFO - learning rate = 0.0001000
2021-06-17 02:27:44,648 - utils.logger - INFO - Trn result of epoch 18 / 60 mse 0.0954 rmse 0.3089 pcc 0.0278 ccc 0.0102
2021-06-17 02:27:44,894 - utils.logger - INFO - Val result of epoch 18 / 60 mse 0.1105 rmse 0.3324 pcc -0.0823 ccc -0.0317
2021-06-17 02:27:45,416 - utils.logger - INFO - Cur epoch 19 loss ccc:0.1100
2021-06-17 02:27:45,933 - utils.logger - INFO - Cur epoch 19 loss ccc:0.1123
2021-06-17 02:27:46,362 - utils.logger - INFO - Cur epoch 19 loss ccc:1.0817
2021-06-17 02:27:46,362 - utils.logger - INFO - saving the model at the end of epoch 19, iters 114
2021-06-17 02:27:46,658 - utils.logger - INFO - End of training epoch 19 / 60 	 Time Taken: 1 sec, Data loading: 0 sec
2021-06-17 02:27:46,659 - utils.logger - INFO - learning rate = 0.0001000
2021-06-17 02:27:47,415 - utils.logger - INFO - Trn result of epoch 19 / 60 mse 0.1078 rmse 0.3284 pcc 0.0416 ccc 0.0129
2021-06-17 02:27:47,696 - utils.logger - INFO - Val result of epoch 19 / 60 mse 0.1280 rmse 0.3578 pcc -0.0852 ccc -0.0259
2021-06-17 02:27:48,264 - utils.logger - INFO - Cur epoch 20 loss ccc:0.1127
2021-06-17 02:27:48,845 - utils.logger - INFO - Cur epoch 20 loss ccc:0.1003
2021-06-17 02:27:49,306 - utils.logger - INFO - Cur epoch 20 loss ccc:1.0237
2021-06-17 02:27:49,307 - utils.logger - INFO - saving the model at the end of epoch 20, iters 120
2021-06-17 02:27:49,634 - utils.logger - INFO - End of training epoch 20 / 60 	 Time Taken: 1 sec, Data loading: 0 sec
2021-06-17 02:27:49,634 - utils.logger - INFO - learning rate = 0.0000976
2021-06-17 02:27:50,444 - utils.logger - INFO - Trn result of epoch 20 / 60 mse 0.1131 rmse 0.3363 pcc 0.0457 ccc 0.0227
2021-06-17 02:27:50,728 - utils.logger - INFO - Val result of epoch 20 / 60 mse 0.1370 rmse 0.3702 pcc -0.0850 ccc -0.0408
2021-06-17 02:27:51,296 - utils.logger - INFO - Cur epoch 21 loss ccc:0.1141
2021-06-17 02:27:51,857 - utils.logger - INFO - Cur epoch 21 loss ccc:0.1242
2021-06-17 02:27:52,288 - utils.logger - INFO - Cur epoch 21 loss ccc:1.0067
2021-06-17 02:27:52,288 - utils.logger - INFO - saving the model at the end of epoch 21, iters 126
2021-06-17 02:27:52,687 - utils.logger - INFO - End of training epoch 21 / 60 	 Time Taken: 1 sec, Data loading: 0 sec
2021-06-17 02:27:52,687 - utils.logger - INFO - learning rate = 0.0000951
2021-06-17 02:27:53,415 - utils.logger - INFO - Trn result of epoch 21 / 60 mse 0.1279 rmse 0.3577 pcc 0.0491 ccc 0.0220
2021-06-17 02:27:53,677 - utils.logger - INFO - Val result of epoch 21 / 60 mse 0.1540 rmse 0.3924 pcc -0.0780 ccc -0.0327
2021-06-17 02:27:54,224 - utils.logger - INFO - Cur epoch 22 loss ccc:0.1043
2021-06-17 02:27:54,774 - utils.logger - INFO - Cur epoch 22 loss ccc:0.1253
2021-06-17 02:27:55,194 - utils.logger - INFO - Cur epoch 22 loss ccc:0.9919
2021-06-17 02:27:55,194 - utils.logger - INFO - saving the model at the end of epoch 22, iters 132
2021-06-17 02:27:55,487 - utils.logger - INFO - End of training epoch 22 / 60 	 Time Taken: 1 sec, Data loading: 0 sec
2021-06-17 02:27:55,487 - utils.logger - INFO - learning rate = 0.0000927
2021-06-17 02:27:56,213 - utils.logger - INFO - Trn result of epoch 22 / 60 mse 0.1246 rmse 0.3530 pcc 0.0462 ccc 0.0201
2021-06-17 02:27:56,463 - utils.logger - INFO - Val result of epoch 22 / 60 mse 0.1489 rmse 0.3858 pcc -0.0773 ccc -0.0314
2021-06-17 02:27:56,996 - utils.logger - INFO - Cur epoch 23 loss ccc:0.1166
2021-06-17 02:27:57,555 - utils.logger - INFO - Cur epoch 23 loss ccc:0.1276
2021-06-17 02:27:57,977 - utils.logger - INFO - Cur epoch 23 loss ccc:0.8959
2021-06-17 02:27:57,977 - utils.logger - INFO - saving the model at the end of epoch 23, iters 138
2021-06-17 02:27:58,269 - utils.logger - INFO - End of training epoch 23 / 60 	 Time Taken: 1 sec, Data loading: 0 sec
2021-06-17 02:27:58,270 - utils.logger - INFO - learning rate = 0.0000902
2021-06-17 02:27:59,057 - utils.logger - INFO - Trn result of epoch 23 / 60 mse 0.1161 rmse 0.3408 pcc 0.0620 ccc 0.0275
2021-06-17 02:27:59,331 - utils.logger - INFO - Val result of epoch 23 / 60 mse 0.1387 rmse 0.3725 pcc -0.0896 ccc -0.0364
2021-06-17 02:27:59,913 - utils.logger - INFO - Cur epoch 24 loss ccc:0.1255
2021-06-17 02:28:00,477 - utils.logger - INFO - Cur epoch 24 loss ccc:0.1125
2021-06-17 02:28:00,927 - utils.logger - INFO - Cur epoch 24 loss ccc:1.0450
2021-06-17 02:28:00,927 - utils.logger - INFO - saving the model at the end of epoch 24, iters 144
2021-06-17 02:28:01,417 - utils.logger - INFO - End of training epoch 24 / 60 	 Time Taken: 2 sec, Data loading: 0 sec
2021-06-17 02:28:01,417 - utils.logger - INFO - learning rate = 0.0000878
2021-06-17 02:28:02,183 - utils.logger - INFO - Trn result of epoch 24 / 60 mse 0.1140 rmse 0.3376 pcc 0.0647 ccc 0.0282
2021-06-17 02:28:02,451 - utils.logger - INFO - Val result of epoch 24 / 60 mse 0.1356 rmse 0.3683 pcc -0.0857 ccc -0.0340
2021-06-17 02:28:03,023 - utils.logger - INFO - Cur epoch 25 loss ccc:0.1198
2021-06-17 02:28:03,610 - utils.logger - INFO - Cur epoch 25 loss ccc:0.1250
2021-06-17 02:28:04,061 - utils.logger - INFO - Cur epoch 25 loss ccc:0.9621
2021-06-17 02:28:04,061 - utils.logger - INFO - saving the model at the end of epoch 25, iters 150
2021-06-17 02:28:04,469 - utils.logger - INFO - End of training epoch 25 / 60 	 Time Taken: 2 sec, Data loading: 0 sec
2021-06-17 02:28:04,469 - utils.logger - INFO - learning rate = 0.0000854
2021-06-17 02:28:05,320 - utils.logger - INFO - Trn result of epoch 25 / 60 mse 0.1178 rmse 0.3433 pcc 0.0662 ccc 0.0284
2021-06-17 02:28:05,690 - utils.logger - INFO - Val result of epoch 25 / 60 mse 0.1396 rmse 0.3737 pcc -0.0780 ccc -0.0301
2021-06-17 02:28:06,285 - utils.logger - INFO - Cur epoch 26 loss ccc:0.1270
2021-06-17 02:28:06,871 - utils.logger - INFO - Cur epoch 26 loss ccc:0.1308
2021-06-17 02:28:07,314 - utils.logger - INFO - Cur epoch 26 loss ccc:0.9994
2021-06-17 02:28:07,314 - utils.logger - INFO - saving the model at the end of epoch 26, iters 156
2021-06-17 02:28:07,807 - utils.logger - INFO - End of training epoch 26 / 60 	 Time Taken: 2 sec, Data loading: 0 sec
2021-06-17 02:28:07,807 - utils.logger - INFO - learning rate = 0.0000829
2021-06-17 02:28:08,576 - utils.logger - INFO - Trn result of epoch 26 / 60 mse 0.1208 rmse 0.3476 pcc 0.0648 ccc 0.0268
2021-06-17 02:28:08,861 - utils.logger - INFO - Val result of epoch 26 / 60 mse 0.1425 rmse 0.3775 pcc -0.0766 ccc -0.0282
2021-06-17 02:28:09,444 - utils.logger - INFO - Cur epoch 27 loss ccc:0.1156
2021-06-17 02:28:10,020 - utils.logger - INFO - Cur epoch 27 loss ccc:0.1103
2021-06-17 02:28:10,467 - utils.logger - INFO - Cur epoch 27 loss ccc:1.0006
2021-06-17 02:28:10,467 - utils.logger - INFO - saving the model at the end of epoch 27, iters 162
2021-06-17 02:28:10,951 - utils.logger - INFO - End of training epoch 27 / 60 	 Time Taken: 2 sec, Data loading: 0 sec
2021-06-17 02:28:10,951 - utils.logger - INFO - learning rate = 0.0000805
2021-06-17 02:28:11,719 - utils.logger - INFO - Trn result of epoch 27 / 60 mse 0.1165 rmse 0.3413 pcc 0.0603 ccc 0.0270
2021-06-17 02:28:11,984 - utils.logger - INFO - Val result of epoch 27 / 60 mse 0.1370 rmse 0.3702 pcc -0.0799 ccc -0.0324
2021-06-17 02:28:12,565 - utils.logger - INFO - Cur epoch 28 loss ccc:0.1105
2021-06-17 02:28:13,131 - utils.logger - INFO - Cur epoch 28 loss ccc:0.1250
2021-06-17 02:28:13,575 - utils.logger - INFO - Cur epoch 28 loss ccc:1.0005
2021-06-17 02:28:13,575 - utils.logger - INFO - saving the model at the end of epoch 28, iters 168
2021-06-17 02:28:13,986 - utils.logger - INFO - End of training epoch 28 / 60 	 Time Taken: 2 sec, Data loading: 0 sec
2021-06-17 02:28:13,987 - utils.logger - INFO - learning rate = 0.0000780
2021-06-17 02:28:14,729 - utils.logger - INFO - Trn result of epoch 28 / 60 mse 0.1085 rmse 0.3295 pcc 0.0535 ccc 0.0265
2021-06-17 02:28:15,019 - utils.logger - INFO - Val result of epoch 28 / 60 mse 0.1274 rmse 0.3569 pcc -0.0840 ccc -0.0382
2021-06-17 02:28:15,570 - utils.logger - INFO - Cur epoch 29 loss ccc:0.1021
2021-06-17 02:28:16,130 - utils.logger - INFO - Cur epoch 29 loss ccc:0.1164
2021-06-17 02:28:16,556 - utils.logger - INFO - Cur epoch 29 loss ccc:1.0006
2021-06-17 02:28:16,556 - utils.logger - INFO - saving the model at the end of epoch 29, iters 174
2021-06-17 02:28:16,938 - utils.logger - INFO - End of training epoch 29 / 60 	 Time Taken: 1 sec, Data loading: 0 sec
2021-06-17 02:28:16,938 - utils.logger - INFO - learning rate = 0.0000756
2021-06-17 02:28:17,674 - utils.logger - INFO - Trn result of epoch 29 / 60 mse 0.1110 rmse 0.3332 pcc 0.0634 ccc 0.0276
2021-06-17 02:28:17,929 - utils.logger - INFO - Val result of epoch 29 / 60 mse 0.1295 rmse 0.3598 pcc -0.0889 ccc -0.0343
2021-06-17 02:28:18,475 - utils.logger - INFO - Cur epoch 30 loss ccc:0.1166
2021-06-17 02:28:19,026 - utils.logger - INFO - Cur epoch 30 loss ccc:0.1181
2021-06-17 02:28:19,434 - utils.logger - INFO - Cur epoch 30 loss ccc:0.9978
2021-06-17 02:28:19,434 - utils.logger - INFO - saving the model at the end of epoch 30, iters 180
2021-06-17 02:28:19,923 - utils.logger - INFO - End of training epoch 30 / 60 	 Time Taken: 1 sec, Data loading: 0 sec
2021-06-17 02:28:19,923 - utils.logger - INFO - learning rate = 0.0000732
2021-06-17 02:28:20,643 - utils.logger - INFO - Trn result of epoch 30 / 60 mse 0.1194 rmse 0.3456 pcc 0.0723 ccc 0.0299
2021-06-17 02:28:20,890 - utils.logger - INFO - Val result of epoch 30 / 60 mse 0.1397 rmse 0.3738 pcc -0.0909 ccc -0.0328
2021-06-17 02:28:21,423 - utils.logger - INFO - Cur epoch 31 loss ccc:0.1308
2021-06-17 02:28:21,996 - utils.logger - INFO - Cur epoch 31 loss ccc:0.1290
2021-06-17 02:28:22,425 - utils.logger - INFO - Cur epoch 31 loss ccc:1.0008
2021-06-17 02:28:22,425 - utils.logger - INFO - saving the model at the end of epoch 31, iters 186
2021-06-17 02:28:22,722 - utils.logger - INFO - End of training epoch 31 / 60 	 Time Taken: 1 sec, Data loading: 0 sec
2021-06-17 02:28:22,722 - utils.logger - INFO - learning rate = 0.0000707
2021-06-17 02:28:23,490 - utils.logger - INFO - Trn result of epoch 31 / 60 mse 0.1229 rmse 0.3506 pcc 0.0819 ccc 0.0314
2021-06-17 02:28:23,752 - utils.logger - INFO - Val result of epoch 31 / 60 mse 0.1438 rmse 0.3791 pcc -0.0830 ccc -0.0274
2021-06-17 02:28:24,303 - utils.logger - INFO - Cur epoch 32 loss ccc:0.1068
2021-06-17 02:28:24,871 - utils.logger - INFO - Cur epoch 32 loss ccc:0.1320
2021-06-17 02:28:25,306 - utils.logger - INFO - Cur epoch 32 loss ccc:0.8035
2021-06-17 02:28:25,306 - utils.logger - INFO - saving the model at the end of epoch 32, iters 192
2021-06-17 02:28:25,760 - utils.logger - INFO - End of training epoch 32 / 60 	 Time Taken: 2 sec, Data loading: 0 sec
2021-06-17 02:28:25,760 - utils.logger - INFO - learning rate = 0.0000683
2021-06-17 02:28:26,495 - utils.logger - INFO - Trn result of epoch 32 / 60 mse 0.1145 rmse 0.3384 pcc 0.0849 ccc 0.0369
2021-06-17 02:28:26,737 - utils.logger - INFO - Val result of epoch 32 / 60 mse 0.1322 rmse 0.3636 pcc -0.0656 ccc -0.0253
2021-06-17 02:28:27,290 - utils.logger - INFO - Cur epoch 33 loss ccc:0.1104
2021-06-17 02:28:27,835 - utils.logger - INFO - Cur epoch 33 loss ccc:0.1252
2021-06-17 02:28:28,274 - utils.logger - INFO - Cur epoch 33 loss ccc:1.0149
2021-06-17 02:28:28,274 - utils.logger - INFO - saving the model at the end of epoch 33, iters 198
2021-06-17 02:28:28,643 - utils.logger - INFO - End of training epoch 33 / 60 	 Time Taken: 1 sec, Data loading: 0 sec
2021-06-17 02:28:28,644 - utils.logger - INFO - learning rate = 0.0000659
2021-06-17 02:28:29,370 - utils.logger - INFO - Trn result of epoch 33 / 60 mse 0.1217 rmse 0.3489 pcc 0.0788 ccc 0.0323
2021-06-17 02:28:29,619 - utils.logger - INFO - Val result of epoch 33 / 60 mse 0.1395 rmse 0.3735 pcc -0.0597 ccc -0.0215
2021-06-17 02:28:30,164 - utils.logger - INFO - Cur epoch 34 loss ccc:0.1252
2021-06-17 02:28:30,730 - utils.logger - INFO - Cur epoch 34 loss ccc:0.1044
2021-06-17 02:28:31,154 - utils.logger - INFO - Cur epoch 34 loss ccc:0.7377
2021-06-17 02:28:31,154 - utils.logger - INFO - saving the model at the end of epoch 34, iters 204
2021-06-17 02:28:31,506 - utils.logger - INFO - End of training epoch 34 / 60 	 Time Taken: 1 sec, Data loading: 0 sec
2021-06-17 02:28:31,507 - utils.logger - INFO - learning rate = 0.0000634
2021-06-17 02:28:32,261 - utils.logger - INFO - Trn result of epoch 34 / 60 mse 0.1153 rmse 0.3396 pcc 0.0740 ccc 0.0277
2021-06-17 02:28:32,510 - utils.logger - INFO - Val result of epoch 34 / 60 mse 0.1319 rmse 0.3632 pcc -0.0476 ccc -0.0160
2021-06-17 02:28:33,058 - utils.logger - INFO - Cur epoch 35 loss ccc:0.1107
2021-06-17 02:28:33,601 - utils.logger - INFO - Cur epoch 35 loss ccc:0.1250
2021-06-17 02:28:34,038 - utils.logger - INFO - Cur epoch 35 loss ccc:1.0030
2021-06-17 02:28:34,038 - utils.logger - INFO - saving the model at the end of epoch 35, iters 210
2021-06-17 02:28:34,309 - utils.logger - INFO - End of training epoch 35 / 60 	 Time Taken: 1 sec, Data loading: 0 sec
2021-06-17 02:28:34,309 - utils.logger - INFO - learning rate = 0.0000610
2021-06-17 02:28:35,202 - utils.logger - INFO - Trn result of epoch 35 / 60 mse 0.1210 rmse 0.3478 pcc 0.0724 ccc 0.0283
2021-06-17 02:28:35,563 - utils.logger - INFO - Val result of epoch 35 / 60 mse 0.1388 rmse 0.3726 pcc -0.0593 ccc -0.0205
2021-06-17 02:28:36,122 - utils.logger - INFO - Cur epoch 36 loss ccc:0.1145
2021-06-17 02:28:36,662 - utils.logger - INFO - Cur epoch 36 loss ccc:0.1328
2021-06-17 02:28:37,083 - utils.logger - INFO - Cur epoch 36 loss ccc:1.0071
2021-06-17 02:28:37,083 - utils.logger - INFO - saving the model at the end of epoch 36, iters 216
2021-06-17 02:28:37,358 - utils.logger - INFO - End of training epoch 36 / 60 	 Time Taken: 1 sec, Data loading: 0 sec
2021-06-17 02:28:37,358 - utils.logger - INFO - learning rate = 0.0000585
2021-06-17 02:28:38,061 - utils.logger - INFO - Trn result of epoch 36 / 60 mse 0.1187 rmse 0.3445 pcc 0.0665 ccc 0.0264
2021-06-17 02:28:38,303 - utils.logger - INFO - Val result of epoch 36 / 60 mse 0.1365 rmse 0.3694 pcc -0.0659 ccc -0.0231
2021-06-17 02:28:38,823 - utils.logger - INFO - Cur epoch 37 loss ccc:0.1251
2021-06-17 02:28:39,348 - utils.logger - INFO - Cur epoch 37 loss ccc:0.1252
2021-06-17 02:28:39,771 - utils.logger - INFO - Cur epoch 37 loss ccc:1.0013
2021-06-17 02:28:39,771 - utils.logger - INFO - saving the model at the end of epoch 37, iters 222
2021-06-17 02:28:40,042 - utils.logger - INFO - End of training epoch 37 / 60 	 Time Taken: 1 sec, Data loading: 0 sec
2021-06-17 02:28:40,042 - utils.logger - INFO - learning rate = 0.0000561
2021-06-17 02:28:40,780 - utils.logger - INFO - Trn result of epoch 37 / 60 mse 0.1231 rmse 0.3509 pcc 0.0767 ccc 0.0289
2021-06-17 02:28:41,027 - utils.logger - INFO - Val result of epoch 37 / 60 mse 0.1429 rmse 0.3780 pcc -0.0691 ccc -0.0227
2021-06-17 02:28:41,564 - utils.logger - INFO - Cur epoch 38 loss ccc:0.1184
2021-06-17 02:28:42,113 - utils.logger - INFO - Cur epoch 38 loss ccc:0.1270
2021-06-17 02:28:42,519 - utils.logger - INFO - Cur epoch 38 loss ccc:0.9974
2021-06-17 02:28:42,519 - utils.logger - INFO - saving the model at the end of epoch 38, iters 228
2021-06-17 02:28:42,786 - utils.logger - INFO - End of training epoch 38 / 60 	 Time Taken: 1 sec, Data loading: 0 sec
2021-06-17 02:28:42,786 - utils.logger - INFO - learning rate = 0.0000537
2021-06-17 02:28:43,532 - utils.logger - INFO - Trn result of epoch 38 / 60 mse 0.1163 rmse 0.3410 pcc 0.0747 ccc 0.0313
2021-06-17 02:28:43,777 - utils.logger - INFO - Val result of epoch 38 / 60 mse 0.1354 rmse 0.3679 pcc -0.0761 ccc -0.0281
2021-06-17 02:28:44,338 - utils.logger - INFO - Cur epoch 39 loss ccc:0.1404
2021-06-17 02:28:44,888 - utils.logger - INFO - Cur epoch 39 loss ccc:0.1331
2021-06-17 02:28:45,325 - utils.logger - INFO - Cur epoch 39 loss ccc:0.9991
2021-06-17 02:28:45,326 - utils.logger - INFO - saving the model at the end of epoch 39, iters 234
2021-06-17 02:28:45,699 - utils.logger - INFO - End of training epoch 39 / 60 	 Time Taken: 1 sec, Data loading: 0 sec
2021-06-17 02:28:45,700 - utils.logger - INFO - learning rate = 0.0000512
2021-06-17 02:28:46,445 - utils.logger - INFO - Trn result of epoch 39 / 60 mse 0.1206 rmse 0.3473 pcc 0.0715 ccc 0.0297
2021-06-17 02:28:46,712 - utils.logger - INFO - Val result of epoch 39 / 60 mse 0.1403 rmse 0.3746 pcc -0.0747 ccc -0.0273
2021-06-17 02:28:47,288 - utils.logger - INFO - Cur epoch 40 loss ccc:0.1149
2021-06-17 02:28:47,855 - utils.logger - INFO - Cur epoch 40 loss ccc:0.1188
2021-06-17 02:28:48,270 - utils.logger - INFO - Cur epoch 40 loss ccc:0.9933
2021-06-17 02:28:48,271 - utils.logger - INFO - saving the model at the end of epoch 40, iters 240
2021-06-17 02:28:48,581 - utils.logger - INFO - End of training epoch 40 / 60 	 Time Taken: 1 sec, Data loading: 0 sec
2021-06-17 02:28:48,581 - utils.logger - INFO - learning rate = 0.0000488
2021-06-17 02:28:49,321 - utils.logger - INFO - Trn result of epoch 40 / 60 mse 0.1223 rmse 0.3497 pcc 0.0796 ccc 0.0335
2021-06-17 02:28:49,573 - utils.logger - INFO - Val result of epoch 40 / 60 mse 0.1428 rmse 0.3779 pcc -0.0702 ccc -0.0259
2021-06-17 02:28:50,115 - utils.logger - INFO - Cur epoch 41 loss ccc:0.1223
2021-06-17 02:28:50,645 - utils.logger - INFO - Cur epoch 41 loss ccc:0.1250
2021-06-17 02:28:51,052 - utils.logger - INFO - Cur epoch 41 loss ccc:1.0027
2021-06-17 02:28:51,052 - utils.logger - INFO - saving the model at the end of epoch 41, iters 246
2021-06-17 02:28:51,311 - utils.logger - INFO - End of training epoch 41 / 60 	 Time Taken: 1 sec, Data loading: 0 sec
2021-06-17 02:28:51,311 - utils.logger - INFO - learning rate = 0.0000463
2021-06-17 02:28:52,078 - utils.logger - INFO - Trn result of epoch 41 / 60 mse 0.1264 rmse 0.3556 pcc 0.0589 ccc 0.0266
2021-06-17 02:28:52,351 - utils.logger - INFO - Val result of epoch 41 / 60 mse 0.1523 rmse 0.3902 pcc -0.0773 ccc -0.0326
2021-06-17 02:28:52,921 - utils.logger - INFO - Cur epoch 42 loss ccc:0.1252
2021-06-17 02:28:53,485 - utils.logger - INFO - Cur epoch 42 loss ccc:0.1162
2021-06-17 02:28:53,922 - utils.logger - INFO - Cur epoch 42 loss ccc:0.9832
2021-06-17 02:28:53,922 - utils.logger - INFO - saving the model at the end of epoch 42, iters 252
2021-06-17 02:28:54,213 - utils.logger - INFO - End of training epoch 42 / 60 	 Time Taken: 1 sec, Data loading: 0 sec
2021-06-17 02:28:54,213 - utils.logger - INFO - learning rate = 0.0000439
2021-06-17 02:28:54,981 - utils.logger - INFO - Trn result of epoch 42 / 60 mse 0.1240 rmse 0.3521 pcc 0.0569 ccc 0.0268
2021-06-17 02:28:55,256 - utils.logger - INFO - Val result of epoch 42 / 60 mse 0.1498 rmse 0.3870 pcc -0.0753 ccc -0.0334
2021-06-17 02:28:55,786 - utils.logger - INFO - Cur epoch 43 loss ccc:0.1250
2021-06-17 02:28:56,319 - utils.logger - INFO - Cur epoch 43 loss ccc:0.1220
2021-06-17 02:28:56,736 - utils.logger - INFO - Cur epoch 43 loss ccc:1.0039
2021-06-17 02:28:56,736 - utils.logger - INFO - saving the model at the end of epoch 43, iters 258
2021-06-17 02:28:57,130 - utils.logger - INFO - End of training epoch 43 / 60 	 Time Taken: 1 sec, Data loading: 0 sec
2021-06-17 02:28:57,131 - utils.logger - INFO - learning rate = 0.0000415
2021-06-17 02:28:57,856 - utils.logger - INFO - Trn result of epoch 43 / 60 mse 0.1186 rmse 0.3443 pcc 0.0465 ccc 0.0209
2021-06-17 02:28:58,113 - utils.logger - INFO - Val result of epoch 43 / 60 mse 0.1423 rmse 0.3772 pcc -0.0766 ccc -0.0329
2021-06-17 02:28:58,663 - utils.logger - INFO - Cur epoch 44 loss ccc:0.1171
2021-06-17 02:28:59,207 - utils.logger - INFO - Cur epoch 44 loss ccc:0.1142
2021-06-17 02:28:59,614 - utils.logger - INFO - Cur epoch 44 loss ccc:0.9991
2021-06-17 02:28:59,615 - utils.logger - INFO - saving the model at the end of epoch 44, iters 264
2021-06-17 02:28:59,829 - utils.logger - INFO - End of training epoch 44 / 60 	 Time Taken: 1 sec, Data loading: 0 sec
2021-06-17 02:28:59,829 - utils.logger - INFO - learning rate = 0.0000390
2021-06-17 02:29:00,533 - utils.logger - INFO - Trn result of epoch 44 / 60 mse 0.1255 rmse 0.3542 pcc 0.0525 ccc 0.0226
2021-06-17 02:29:00,775 - utils.logger - INFO - Val result of epoch 44 / 60 mse 0.1503 rmse 0.3877 pcc -0.0798 ccc -0.0324
2021-06-17 02:29:01,296 - utils.logger - INFO - Cur epoch 45 loss ccc:0.1311
2021-06-17 02:29:01,852 - utils.logger - INFO - Cur epoch 45 loss ccc:0.0909
2021-06-17 02:29:02,299 - utils.logger - INFO - Cur epoch 45 loss ccc:0.9978
2021-06-17 02:29:02,300 - utils.logger - INFO - saving the model at the end of epoch 45, iters 270
2021-06-17 02:29:02,830 - utils.logger - INFO - End of training epoch 45 / 60 	 Time Taken: 2 sec, Data loading: 0 sec
2021-06-17 02:29:02,830 - utils.logger - INFO - learning rate = 0.0000366
2021-06-17 02:29:03,582 - utils.logger - INFO - Trn result of epoch 45 / 60 mse 0.1228 rmse 0.3504 pcc 0.0529 ccc 0.0238
2021-06-17 02:29:03,838 - utils.logger - INFO - Val result of epoch 45 / 60 mse 0.1474 rmse 0.3839 pcc -0.0813 ccc -0.0345
2021-06-17 02:29:04,366 - utils.logger - INFO - Cur epoch 46 loss ccc:0.1021
2021-06-17 02:29:04,904 - utils.logger - INFO - Cur epoch 46 loss ccc:0.1169
2021-06-17 02:29:05,310 - utils.logger - INFO - Cur epoch 46 loss ccc:1.0162
2021-06-17 02:29:05,310 - utils.logger - INFO - saving the model at the end of epoch 46, iters 276
2021-06-17 02:29:05,588 - utils.logger - INFO - End of training epoch 46 / 60 	 Time Taken: 1 sec, Data loading: 0 sec
2021-06-17 02:29:05,588 - utils.logger - INFO - learning rate = 0.0000341
2021-06-17 02:29:06,306 - utils.logger - INFO - Trn result of epoch 46 / 60 mse 0.1231 rmse 0.3509 pcc 0.0535 ccc 0.0244
2021-06-17 02:29:06,549 - utils.logger - INFO - Val result of epoch 46 / 60 mse 0.1474 rmse 0.3839 pcc -0.0818 ccc -0.0351
2021-06-17 02:29:07,083 - utils.logger - INFO - Cur epoch 47 loss ccc:0.1338
2021-06-17 02:29:07,632 - utils.logger - INFO - Cur epoch 47 loss ccc:0.1280
2021-06-17 02:29:08,082 - utils.logger - INFO - Cur epoch 47 loss ccc:1.0006
2021-06-17 02:29:08,083 - utils.logger - INFO - saving the model at the end of epoch 47, iters 282
2021-06-17 02:29:08,366 - utils.logger - INFO - End of training epoch 47 / 60 	 Time Taken: 1 sec, Data loading: 0 sec
2021-06-17 02:29:08,366 - utils.logger - INFO - learning rate = 0.0000317
2021-06-17 02:29:09,113 - utils.logger - INFO - Trn result of epoch 47 / 60 mse 0.1215 rmse 0.3485 pcc 0.0547 ccc 0.0255
2021-06-17 02:29:09,391 - utils.logger - INFO - Val result of epoch 47 / 60 mse 0.1453 rmse 0.3811 pcc -0.0801 ccc -0.0350
2021-06-17 02:29:09,951 - utils.logger - INFO - Cur epoch 48 loss ccc:0.1107
2021-06-17 02:29:10,540 - utils.logger - INFO - Cur epoch 48 loss ccc:0.1278
2021-06-17 02:29:10,973 - utils.logger - INFO - Cur epoch 48 loss ccc:1.0031
2021-06-17 02:29:10,973 - utils.logger - INFO - saving the model at the end of epoch 48, iters 288
2021-06-17 02:29:11,239 - utils.logger - INFO - End of training epoch 48 / 60 	 Time Taken: 1 sec, Data loading: 0 sec
2021-06-17 02:29:11,239 - utils.logger - INFO - learning rate = 0.0000293
2021-06-17 02:29:12,000 - utils.logger - INFO - Trn result of epoch 48 / 60 mse 0.1158 rmse 0.3403 pcc 0.0581 ccc 0.0275
2021-06-17 02:29:12,262 - utils.logger - INFO - Val result of epoch 48 / 60 mse 0.1389 rmse 0.3727 pcc -0.0802 ccc -0.0360
2021-06-17 02:29:12,824 - utils.logger - INFO - Cur epoch 49 loss ccc:0.1190
2021-06-17 02:29:13,382 - utils.logger - INFO - Cur epoch 49 loss ccc:0.1095
2021-06-17 02:29:13,786 - utils.logger - INFO - Cur epoch 49 loss ccc:1.0017
2021-06-17 02:29:13,787 - utils.logger - INFO - saving the model at the end of epoch 49, iters 294
2021-06-17 02:29:14,039 - utils.logger - INFO - End of training epoch 49 / 60 	 Time Taken: 1 sec, Data loading: 0 sec
2021-06-17 02:29:14,040 - utils.logger - INFO - learning rate = 0.0000268
2021-06-17 02:29:14,779 - utils.logger - INFO - Trn result of epoch 49 / 60 mse 0.1124 rmse 0.3353 pcc 0.0602 ccc 0.0292
2021-06-17 02:29:15,032 - utils.logger - INFO - Val result of epoch 49 / 60 mse 0.1343 rmse 0.3665 pcc -0.0833 ccc -0.0379
2021-06-17 02:29:15,582 - utils.logger - INFO - Cur epoch 50 loss ccc:0.1201
2021-06-17 02:29:16,154 - utils.logger - INFO - Cur epoch 50 loss ccc:0.1132
2021-06-17 02:29:16,600 - utils.logger - INFO - Cur epoch 50 loss ccc:0.9827
2021-06-17 02:29:16,600 - utils.logger - INFO - saving the model at the end of epoch 50, iters 300
2021-06-17 02:29:16,896 - utils.logger - INFO - End of training epoch 50 / 60 	 Time Taken: 1 sec, Data loading: 0 sec
2021-06-17 02:29:16,896 - utils.logger - INFO - learning rate = 0.0000244
2021-06-17 02:29:17,624 - utils.logger - INFO - Trn result of epoch 50 / 60 mse 0.1046 rmse 0.3235 pcc 0.0639 ccc 0.0335
2021-06-17 02:29:17,889 - utils.logger - INFO - Val result of epoch 50 / 60 mse 0.1247 rmse 0.3531 pcc -0.0829 ccc -0.0411
2021-06-17 02:29:18,425 - utils.logger - INFO - Cur epoch 51 loss ccc:0.1303
2021-06-17 02:29:18,955 - utils.logger - INFO - Cur epoch 51 loss ccc:0.1088
2021-06-17 02:29:19,387 - utils.logger - INFO - Cur epoch 51 loss ccc:0.9617
2021-06-17 02:29:19,388 - utils.logger - INFO - saving the model at the end of epoch 51, iters 306
2021-06-17 02:29:19,644 - utils.logger - INFO - End of training epoch 51 / 60 	 Time Taken: 1 sec, Data loading: 0 sec
2021-06-17 02:29:19,644 - utils.logger - INFO - learning rate = 0.0000220
2021-06-17 02:29:20,380 - utils.logger - INFO - Trn result of epoch 51 / 60 mse 0.1047 rmse 0.3235 pcc 0.0645 ccc 0.0335
2021-06-17 02:29:20,648 - utils.logger - INFO - Val result of epoch 51 / 60 mse 0.1242 rmse 0.3525 pcc -0.0831 ccc -0.0403
2021-06-17 02:29:21,202 - utils.logger - INFO - Cur epoch 52 loss ccc:0.1138
2021-06-17 02:29:21,734 - utils.logger - INFO - Cur epoch 52 loss ccc:0.1122
2021-06-17 02:29:22,161 - utils.logger - INFO - Cur epoch 52 loss ccc:0.8150
2021-06-17 02:29:22,162 - utils.logger - INFO - saving the model at the end of epoch 52, iters 312
2021-06-17 02:29:22,429 - utils.logger - INFO - End of training epoch 52 / 60 	 Time Taken: 1 sec, Data loading: 0 sec
2021-06-17 02:29:22,429 - utils.logger - INFO - learning rate = 0.0000195
2021-06-17 02:29:23,176 - utils.logger - INFO - Trn result of epoch 52 / 60 mse 0.1036 rmse 0.3219 pcc 0.0650 ccc 0.0330
2021-06-17 02:29:23,428 - utils.logger - INFO - Val result of epoch 52 / 60 mse 0.1221 rmse 0.3494 pcc -0.0815 ccc -0.0385
2021-06-17 02:29:23,979 - utils.logger - INFO - Cur epoch 53 loss ccc:0.1254
2021-06-17 02:29:24,530 - utils.logger - INFO - Cur epoch 53 loss ccc:0.1094
2021-06-17 02:29:24,945 - utils.logger - INFO - Cur epoch 53 loss ccc:1.0316
2021-06-17 02:29:24,946 - utils.logger - INFO - saving the model at the end of epoch 53, iters 318
2021-06-17 02:29:25,265 - utils.logger - INFO - End of training epoch 53 / 60 	 Time Taken: 1 sec, Data loading: 0 sec
2021-06-17 02:29:25,266 - utils.logger - INFO - learning rate = 0.0000171
2021-06-17 02:29:25,990 - utils.logger - INFO - Trn result of epoch 53 / 60 mse 0.1028 rmse 0.3206 pcc 0.0668 ccc 0.0340
2021-06-17 02:29:26,236 - utils.logger - INFO - Val result of epoch 53 / 60 mse 0.1206 rmse 0.3473 pcc -0.0800 ccc -0.0375
2021-06-17 02:29:26,767 - utils.logger - INFO - Cur epoch 54 loss ccc:0.1266
2021-06-17 02:29:27,290 - utils.logger - INFO - Cur epoch 54 loss ccc:0.1097
2021-06-17 02:29:27,718 - utils.logger - INFO - Cur epoch 54 loss ccc:1.0001
2021-06-17 02:29:27,718 - utils.logger - INFO - saving the model at the end of epoch 54, iters 324
2021-06-17 02:29:27,993 - utils.logger - INFO - End of training epoch 54 / 60 	 Time Taken: 1 sec, Data loading: 0 sec
2021-06-17 02:29:27,994 - utils.logger - INFO - learning rate = 0.0000146
2021-06-17 02:29:28,727 - utils.logger - INFO - Trn result of epoch 54 / 60 mse 0.1027 rmse 0.3205 pcc 0.0687 ccc 0.0341
2021-06-17 02:29:28,982 - utils.logger - INFO - Val result of epoch 54 / 60 mse 0.1199 rmse 0.3462 pcc -0.0756 ccc -0.0342
2021-06-17 02:29:29,526 - utils.logger - INFO - Cur epoch 55 loss ccc:0.1251
2021-06-17 02:29:30,066 - utils.logger - INFO - Cur epoch 55 loss ccc:0.1300
2021-06-17 02:29:30,490 - utils.logger - INFO - Cur epoch 55 loss ccc:1.0289
2021-06-17 02:29:30,490 - utils.logger - INFO - saving the model at the end of epoch 55, iters 330
2021-06-17 02:29:30,774 - utils.logger - INFO - End of training epoch 55 / 60 	 Time Taken: 1 sec, Data loading: 0 sec
2021-06-17 02:29:30,774 - utils.logger - INFO - learning rate = 0.0000122
2021-06-17 02:29:31,496 - utils.logger - INFO - Trn result of epoch 55 / 60 mse 0.1031 rmse 0.3211 pcc 0.0660 ccc 0.0325
2021-06-17 02:29:31,755 - utils.logger - INFO - Val result of epoch 55 / 60 mse 0.1210 rmse 0.3478 pcc -0.0775 ccc -0.0352
2021-06-17 02:29:32,317 - utils.logger - INFO - Cur epoch 56 loss ccc:0.1298
2021-06-17 02:29:32,862 - utils.logger - INFO - Cur epoch 56 loss ccc:0.1151
2021-06-17 02:29:33,268 - utils.logger - INFO - Cur epoch 56 loss ccc:1.0019
2021-06-17 02:29:33,268 - utils.logger - INFO - saving the model at the end of epoch 56, iters 336
2021-06-17 02:29:33,566 - utils.logger - INFO - End of training epoch 56 / 60 	 Time Taken: 1 sec, Data loading: 0 sec
2021-06-17 02:29:33,566 - utils.logger - INFO - learning rate = 0.0000098
2021-06-17 02:29:34,327 - utils.logger - INFO - Trn result of epoch 56 / 60 mse 0.1024 rmse 0.3199 pcc 0.0649 ccc 0.0326
2021-06-17 02:29:34,586 - utils.logger - INFO - Val result of epoch 56 / 60 mse 0.1202 rmse 0.3468 pcc -0.0775 ccc -0.0364
2021-06-17 02:29:35,130 - utils.logger - INFO - Cur epoch 57 loss ccc:0.1089
2021-06-17 02:29:35,664 - utils.logger - INFO - Cur epoch 57 loss ccc:0.1341
2021-06-17 02:29:36,079 - utils.logger - INFO - Cur epoch 57 loss ccc:1.1513
2021-06-17 02:29:36,079 - utils.logger - INFO - saving the model at the end of epoch 57, iters 342
2021-06-17 02:29:36,367 - utils.logger - INFO - End of training epoch 57 / 60 	 Time Taken: 1 sec, Data loading: 0 sec
2021-06-17 02:29:36,368 - utils.logger - INFO - learning rate = 0.0000073
2021-06-17 02:29:37,161 - utils.logger - INFO - Trn result of epoch 57 / 60 mse 0.1043 rmse 0.3229 pcc 0.0636 ccc 0.0317
2021-06-17 02:29:37,441 - utils.logger - INFO - Val result of epoch 57 / 60 mse 0.1220 rmse 0.3493 pcc -0.0750 ccc -0.0345
2021-06-17 02:29:37,985 - utils.logger - INFO - Cur epoch 58 loss ccc:0.1198
2021-06-17 02:29:38,520 - utils.logger - INFO - Cur epoch 58 loss ccc:0.1253
2021-06-17 02:29:38,951 - utils.logger - INFO - Cur epoch 58 loss ccc:0.9960
2021-06-17 02:29:38,951 - utils.logger - INFO - saving the model at the end of epoch 58, iters 348
2021-06-17 02:29:39,236 - utils.logger - INFO - End of training epoch 58 / 60 	 Time Taken: 1 sec, Data loading: 0 sec
2021-06-17 02:29:39,236 - utils.logger - INFO - learning rate = 0.0000049
2021-06-17 02:29:39,971 - utils.logger - INFO - Trn result of epoch 58 / 60 mse 0.1043 rmse 0.3230 pcc 0.0645 ccc 0.0322
2021-06-17 02:29:40,229 - utils.logger - INFO - Val result of epoch 58 / 60 mse 0.1218 rmse 0.3489 pcc -0.0720 ccc -0.0330
2021-06-17 02:29:40,775 - utils.logger - INFO - Cur epoch 59 loss ccc:0.1188
2021-06-17 02:29:41,327 - utils.logger - INFO - Cur epoch 59 loss ccc:0.1257
2021-06-17 02:29:41,741 - utils.logger - INFO - Cur epoch 59 loss ccc:0.9961
2021-06-17 02:29:41,741 - utils.logger - INFO - saving the model at the end of epoch 59, iters 354
2021-06-17 02:29:42,031 - utils.logger - INFO - End of training epoch 59 / 60 	 Time Taken: 1 sec, Data loading: 0 sec
2021-06-17 02:29:42,032 - utils.logger - INFO - learning rate = 0.0000024
2021-06-17 02:29:42,756 - utils.logger - INFO - Trn result of epoch 59 / 60 mse 0.1047 rmse 0.3235 pcc 0.0639 ccc 0.0319
2021-06-17 02:29:43,019 - utils.logger - INFO - Val result of epoch 59 / 60 mse 0.1221 rmse 0.3494 pcc -0.0717 ccc -0.0328
2021-06-17 02:29:43,570 - utils.logger - INFO - Cur epoch 60 loss ccc:0.1246
2021-06-17 02:29:44,125 - utils.logger - INFO - Cur epoch 60 loss ccc:0.1127
2021-06-17 02:29:44,546 - utils.logger - INFO - Cur epoch 60 loss ccc:1.0019
2021-06-17 02:29:44,546 - utils.logger - INFO - saving the model at the end of epoch 60, iters 360
2021-06-17 02:29:44,828 - utils.logger - INFO - End of training epoch 60 / 60 	 Time Taken: 1 sec, Data loading: 0 sec
2021-06-17 02:29:44,828 - utils.logger - INFO - learning rate = 0.0000000
2021-06-17 02:29:45,611 - utils.logger - INFO - Trn result of epoch 60 / 60 mse 0.1044 rmse 0.3232 pcc 0.0642 ccc 0.0321
2021-06-17 02:29:45,883 - utils.logger - INFO - Val result of epoch 60 / 60 mse 0.1218 rmse 0.3491 pcc -0.0721 ccc -0.0331
2021-06-17 02:29:45,883 - utils.logger - INFO - Best eval epoch 1 found with ccc 0.000136
2021-06-17 02:29:45,883 - utils.logger - INFO - baseline_fcfusion_wonorm_deepspectrum-egemaps_arousal_hidden1024_seq100_lr0.0001_cccloss_run1
