2021-06-19 16:54:46,464 - utils.logger - INFO - The number of training samples = 41
2021-06-19 16:54:49,195 - utils.logger - INFO - Cur epoch 1 loss ccc:0.1249
2021-06-19 16:54:49,618 - utils.logger - INFO - Cur epoch 1 loss ccc:0.1248
2021-06-19 16:54:49,965 - utils.logger - INFO - Cur epoch 1 loss ccc:0.9993
2021-06-19 16:54:49,965 - utils.logger - INFO - saving the model at the end of epoch 1, iters 6
2021-06-19 16:54:50,206 - utils.logger - INFO - End of training epoch 1 / 50 	 Time Taken: 1 sec, Data loading: 0 sec
2021-06-19 16:54:50,206 - utils.logger - INFO - learning rate = 0.0000100
2021-06-19 16:54:50,616 - utils.logger - INFO - Trn result of epoch 1 / 50 mse 0.0453 rmse 0.2128 pcc 0.0071 ccc 0.0000
2021-06-19 16:54:50,762 - utils.logger - INFO - Val result of epoch 1 / 50 mse 0.0381 rmse 0.1951 pcc 0.0097 ccc 0.0000
2021-06-19 16:54:51,245 - utils.logger - INFO - Cur epoch 2 loss ccc:0.1258
2021-06-19 16:54:51,692 - utils.logger - INFO - Cur epoch 2 loss ccc:0.1250
2021-06-19 16:54:52,053 - utils.logger - INFO - Cur epoch 2 loss ccc:1.0077
2021-06-19 16:54:52,053 - utils.logger - INFO - saving the model at the end of epoch 2, iters 12
2021-06-19 16:54:52,296 - utils.logger - INFO - End of training epoch 2 / 50 	 Time Taken: 1 sec, Data loading: 0 sec
2021-06-19 16:54:52,296 - utils.logger - INFO - learning rate = 0.0000100
2021-06-19 16:54:52,723 - utils.logger - INFO - Trn result of epoch 2 / 50 mse 0.0452 rmse 0.2126 pcc 0.1737 ccc 0.0004
2021-06-19 16:54:52,883 - utils.logger - INFO - Val result of epoch 2 / 50 mse 0.0380 rmse 0.1950 pcc 0.1917 ccc 0.0006
2021-06-19 16:54:53,308 - utils.logger - INFO - Cur epoch 3 loss ccc:0.1249
2021-06-19 16:54:53,728 - utils.logger - INFO - Cur epoch 3 loss ccc:0.1248
2021-06-19 16:54:54,087 - utils.logger - INFO - Cur epoch 3 loss ccc:1.0000
2021-06-19 16:54:54,088 - utils.logger - INFO - saving the model at the end of epoch 3, iters 18
2021-06-19 16:54:54,332 - utils.logger - INFO - End of training epoch 3 / 50 	 Time Taken: 1 sec, Data loading: 0 sec
2021-06-19 16:54:54,332 - utils.logger - INFO - learning rate = 0.0000100
2021-06-19 16:54:54,799 - utils.logger - INFO - Trn result of epoch 3 / 50 mse 0.0452 rmse 0.2126 pcc 0.1698 ccc 0.0004
2021-06-19 16:54:54,957 - utils.logger - INFO - Val result of epoch 3 / 50 mse 0.0380 rmse 0.1950 pcc 0.1776 ccc 0.0005
2021-06-19 16:54:55,395 - utils.logger - INFO - Cur epoch 4 loss ccc:0.1250
2021-06-19 16:54:55,866 - utils.logger - INFO - Cur epoch 4 loss ccc:0.1250
2021-06-19 16:54:56,243 - utils.logger - INFO - Cur epoch 4 loss ccc:1.0000
2021-06-19 16:54:56,243 - utils.logger - INFO - saving the model at the end of epoch 4, iters 24
2021-06-19 16:54:56,492 - utils.logger - INFO - End of training epoch 4 / 50 	 Time Taken: 1 sec, Data loading: 0 sec
2021-06-19 16:54:56,492 - utils.logger - INFO - learning rate = 0.0000100
2021-06-19 16:54:56,941 - utils.logger - INFO - Trn result of epoch 4 / 50 mse 0.0452 rmse 0.2126 pcc 0.1656 ccc 0.0004
2021-06-19 16:54:57,111 - utils.logger - INFO - Val result of epoch 4 / 50 mse 0.0380 rmse 0.1950 pcc 0.1705 ccc 0.0005
2021-06-19 16:54:57,551 - utils.logger - INFO - Cur epoch 5 loss ccc:0.1246
2021-06-19 16:54:57,992 - utils.logger - INFO - Cur epoch 5 loss ccc:0.1250
2021-06-19 16:54:58,342 - utils.logger - INFO - Cur epoch 5 loss ccc:0.9999
2021-06-19 16:54:58,343 - utils.logger - INFO - saving the model at the end of epoch 5, iters 30
2021-06-19 16:54:58,748 - utils.logger - INFO - End of training epoch 5 / 50 	 Time Taken: 1 sec, Data loading: 0 sec
2021-06-19 16:54:58,749 - utils.logger - INFO - learning rate = 0.0000100
2021-06-19 16:54:59,176 - utils.logger - INFO - Trn result of epoch 5 / 50 mse 0.0452 rmse 0.2126 pcc 0.1702 ccc 0.0005
2021-06-19 16:54:59,329 - utils.logger - INFO - Val result of epoch 5 / 50 mse 0.0380 rmse 0.1950 pcc 0.1774 ccc 0.0005
2021-06-19 16:54:59,758 - utils.logger - INFO - Cur epoch 6 loss ccc:0.1252
2021-06-19 16:55:00,170 - utils.logger - INFO - Cur epoch 6 loss ccc:0.1249
2021-06-19 16:55:00,512 - utils.logger - INFO - Cur epoch 6 loss ccc:1.0002
2021-06-19 16:55:00,512 - utils.logger - INFO - saving the model at the end of epoch 6, iters 36
2021-06-19 16:55:00,751 - utils.logger - INFO - End of training epoch 6 / 50 	 Time Taken: 1 sec, Data loading: 0 sec
2021-06-19 16:55:00,751 - utils.logger - INFO - learning rate = 0.0000100
2021-06-19 16:55:01,196 - utils.logger - INFO - Trn result of epoch 6 / 50 mse 0.0452 rmse 0.2126 pcc 0.1701 ccc 0.0005
2021-06-19 16:55:01,356 - utils.logger - INFO - Val result of epoch 6 / 50 mse 0.0380 rmse 0.1950 pcc 0.1774 ccc 0.0005
2021-06-19 16:55:01,776 - utils.logger - INFO - Cur epoch 7 loss ccc:0.1240
2021-06-19 16:55:02,200 - utils.logger - INFO - Cur epoch 7 loss ccc:0.1251
2021-06-19 16:55:02,563 - utils.logger - INFO - Cur epoch 7 loss ccc:0.9996
2021-06-19 16:55:02,563 - utils.logger - INFO - saving the model at the end of epoch 7, iters 42
2021-06-19 16:55:02,806 - utils.logger - INFO - End of training epoch 7 / 50 	 Time Taken: 1 sec, Data loading: 0 sec
2021-06-19 16:55:02,806 - utils.logger - INFO - learning rate = 0.0000100
2021-06-19 16:55:03,224 - utils.logger - INFO - Trn result of epoch 7 / 50 mse 0.0452 rmse 0.2126 pcc 0.1712 ccc 0.0005
2021-06-19 16:55:03,368 - utils.logger - INFO - Val result of epoch 7 / 50 mse 0.0380 rmse 0.1950 pcc 0.1757 ccc 0.0006
2021-06-19 16:55:03,799 - utils.logger - INFO - Cur epoch 8 loss ccc:0.1248
2021-06-19 16:55:04,221 - utils.logger - INFO - Cur epoch 8 loss ccc:0.1251
2021-06-19 16:55:04,564 - utils.logger - INFO - Cur epoch 8 loss ccc:1.0000
2021-06-19 16:55:04,564 - utils.logger - INFO - saving the model at the end of epoch 8, iters 48
2021-06-19 16:55:04,806 - utils.logger - INFO - End of training epoch 8 / 50 	 Time Taken: 1 sec, Data loading: 0 sec
2021-06-19 16:55:04,806 - utils.logger - INFO - learning rate = 0.0000100
2021-06-19 16:55:05,270 - utils.logger - INFO - Trn result of epoch 8 / 50 mse 0.0452 rmse 0.2126 pcc 0.1746 ccc 0.0005
2021-06-19 16:55:05,429 - utils.logger - INFO - Val result of epoch 8 / 50 mse 0.0380 rmse 0.1950 pcc 0.1854 ccc 0.0007
2021-06-19 16:55:05,821 - utils.logger - INFO - Cur epoch 9 loss ccc:0.1252
2021-06-19 16:55:06,217 - utils.logger - INFO - Cur epoch 9 loss ccc:0.1248
2021-06-19 16:55:06,555 - utils.logger - INFO - Cur epoch 9 loss ccc:0.9993
2021-06-19 16:55:06,555 - utils.logger - INFO - saving the model at the end of epoch 9, iters 54
2021-06-19 16:55:06,800 - utils.logger - INFO - End of training epoch 9 / 50 	 Time Taken: 1 sec, Data loading: 0 sec
2021-06-19 16:55:06,801 - utils.logger - INFO - learning rate = 0.0000100
2021-06-19 16:55:07,212 - utils.logger - INFO - Trn result of epoch 9 / 50 mse 0.0452 rmse 0.2126 pcc 0.1741 ccc 0.0006
2021-06-19 16:55:07,353 - utils.logger - INFO - Val result of epoch 9 / 50 mse 0.0380 rmse 0.1950 pcc 0.1844 ccc 0.0007
2021-06-19 16:55:07,765 - utils.logger - INFO - Cur epoch 10 loss ccc:0.1248
2021-06-19 16:55:08,181 - utils.logger - INFO - Cur epoch 10 loss ccc:0.1251
2021-06-19 16:55:08,536 - utils.logger - INFO - Cur epoch 10 loss ccc:1.0002
2021-06-19 16:55:08,536 - utils.logger - INFO - saving the model at the end of epoch 10, iters 60
2021-06-19 16:55:08,779 - utils.logger - INFO - End of training epoch 10 / 50 	 Time Taken: 1 sec, Data loading: 0 sec
2021-06-19 16:55:08,779 - utils.logger - INFO - learning rate = 0.0000100
2021-06-19 16:55:09,193 - utils.logger - INFO - Trn result of epoch 10 / 50 mse 0.0452 rmse 0.2126 pcc 0.1771 ccc 0.0007
2021-06-19 16:55:09,336 - utils.logger - INFO - Val result of epoch 10 / 50 mse 0.0380 rmse 0.1950 pcc 0.1963 ccc 0.0009
2021-06-19 16:55:09,750 - utils.logger - INFO - Cur epoch 11 loss ccc:0.1253
2021-06-19 16:55:10,170 - utils.logger - INFO - Cur epoch 11 loss ccc:0.1250
2021-06-19 16:55:10,492 - utils.logger - INFO - Cur epoch 11 loss ccc:0.9982
2021-06-19 16:55:10,493 - utils.logger - INFO - saving the model at the end of epoch 11, iters 66
2021-06-19 16:55:10,735 - utils.logger - INFO - End of training epoch 11 / 50 	 Time Taken: 1 sec, Data loading: 0 sec
2021-06-19 16:55:10,735 - utils.logger - INFO - learning rate = 0.0000100
2021-06-19 16:55:11,159 - utils.logger - INFO - Trn result of epoch 11 / 50 mse 0.0452 rmse 0.2126 pcc 0.1780 ccc 0.0007
2021-06-19 16:55:11,299 - utils.logger - INFO - Val result of epoch 11 / 50 mse 0.0380 rmse 0.1950 pcc 0.1959 ccc 0.0009
2021-06-19 16:55:11,728 - utils.logger - INFO - Cur epoch 12 loss ccc:0.1250
2021-06-19 16:55:12,137 - utils.logger - INFO - Cur epoch 12 loss ccc:0.1251
2021-06-19 16:55:12,479 - utils.logger - INFO - Cur epoch 12 loss ccc:1.0000
2021-06-19 16:55:12,479 - utils.logger - INFO - saving the model at the end of epoch 12, iters 72
2021-06-19 16:55:12,726 - utils.logger - INFO - End of training epoch 12 / 50 	 Time Taken: 1 sec, Data loading: 0 sec
2021-06-19 16:55:12,726 - utils.logger - INFO - learning rate = 0.0000100
2021-06-19 16:55:13,134 - utils.logger - INFO - Trn result of epoch 12 / 50 mse 0.0452 rmse 0.2126 pcc 0.1790 ccc 0.0007
2021-06-19 16:55:13,283 - utils.logger - INFO - Val result of epoch 12 / 50 mse 0.0380 rmse 0.1950 pcc 0.1979 ccc 0.0010
2021-06-19 16:55:13,704 - utils.logger - INFO - Cur epoch 13 loss ccc:0.1250
2021-06-19 16:55:14,128 - utils.logger - INFO - Cur epoch 13 loss ccc:0.1248
2021-06-19 16:55:14,477 - utils.logger - INFO - Cur epoch 13 loss ccc:1.0010
2021-06-19 16:55:14,477 - utils.logger - INFO - saving the model at the end of epoch 13, iters 78
2021-06-19 16:55:14,717 - utils.logger - INFO - End of training epoch 13 / 50 	 Time Taken: 1 sec, Data loading: 0 sec
2021-06-19 16:55:14,717 - utils.logger - INFO - learning rate = 0.0000100
2021-06-19 16:55:15,130 - utils.logger - INFO - Trn result of epoch 13 / 50 mse 0.0452 rmse 0.2126 pcc 0.1785 ccc 0.0007
2021-06-19 16:55:15,280 - utils.logger - INFO - Val result of epoch 13 / 50 mse 0.0380 rmse 0.1950 pcc 0.1944 ccc 0.0009
2021-06-19 16:55:15,707 - utils.logger - INFO - Cur epoch 14 loss ccc:0.1252
2021-06-19 16:55:16,131 - utils.logger - INFO - Cur epoch 14 loss ccc:0.1253
2021-06-19 16:55:16,477 - utils.logger - INFO - Cur epoch 14 loss ccc:1.0053
2021-06-19 16:55:16,477 - utils.logger - INFO - saving the model at the end of epoch 14, iters 84
2021-06-19 16:55:16,722 - utils.logger - INFO - End of training epoch 14 / 50 	 Time Taken: 1 sec, Data loading: 0 sec
2021-06-19 16:55:16,722 - utils.logger - INFO - learning rate = 0.0000100
2021-06-19 16:55:17,135 - utils.logger - INFO - Trn result of epoch 14 / 50 mse 0.0451 rmse 0.2125 pcc 0.1698 ccc 0.0013
2021-06-19 16:55:17,276 - utils.logger - INFO - Val result of epoch 14 / 50 mse 0.0380 rmse 0.1949 pcc 0.1749 ccc 0.0016
2021-06-19 16:55:17,710 - utils.logger - INFO - Cur epoch 15 loss ccc:0.1249
2021-06-19 16:55:18,143 - utils.logger - INFO - Cur epoch 15 loss ccc:0.1211
2021-06-19 16:55:18,499 - utils.logger - INFO - Cur epoch 15 loss ccc:1.0004
2021-06-19 16:55:18,499 - utils.logger - INFO - saving the model at the end of epoch 15, iters 90
2021-06-19 16:55:18,743 - utils.logger - INFO - End of training epoch 15 / 50 	 Time Taken: 1 sec, Data loading: 0 sec
2021-06-19 16:55:18,744 - utils.logger - INFO - learning rate = 0.0000100
2021-06-19 16:55:19,163 - utils.logger - INFO - Trn result of epoch 15 / 50 mse 0.0452 rmse 0.2125 pcc 0.1631 ccc 0.0013
2021-06-19 16:55:19,306 - utils.logger - INFO - Val result of epoch 15 / 50 mse 0.0380 rmse 0.1949 pcc 0.1514 ccc 0.0014
2021-06-19 16:55:19,736 - utils.logger - INFO - Cur epoch 16 loss ccc:0.1249
2021-06-19 16:55:20,154 - utils.logger - INFO - Cur epoch 16 loss ccc:0.1244
2021-06-19 16:55:20,483 - utils.logger - INFO - Cur epoch 16 loss ccc:1.0008
2021-06-19 16:55:20,483 - utils.logger - INFO - saving the model at the end of epoch 16, iters 96
2021-06-19 16:55:20,906 - utils.logger - INFO - End of training epoch 16 / 50 	 Time Taken: 1 sec, Data loading: 0 sec
2021-06-19 16:55:20,907 - utils.logger - INFO - learning rate = 0.0000100
2021-06-19 16:55:21,363 - utils.logger - INFO - Trn result of epoch 16 / 50 mse 0.0452 rmse 0.2126 pcc 0.1554 ccc 0.0012
2021-06-19 16:55:21,524 - utils.logger - INFO - Val result of epoch 16 / 50 mse 0.0380 rmse 0.1950 pcc 0.1379 ccc 0.0012
2021-06-19 16:55:21,930 - utils.logger - INFO - Cur epoch 17 loss ccc:0.1242
2021-06-19 16:55:22,310 - utils.logger - INFO - Cur epoch 17 loss ccc:0.1249
2021-06-19 16:55:22,640 - utils.logger - INFO - Cur epoch 17 loss ccc:1.0114
2021-06-19 16:55:22,640 - utils.logger - INFO - saving the model at the end of epoch 17, iters 102
2021-06-19 16:55:22,875 - utils.logger - INFO - End of training epoch 17 / 50 	 Time Taken: 1 sec, Data loading: 0 sec
2021-06-19 16:55:22,875 - utils.logger - INFO - learning rate = 0.0000100
2021-06-19 16:55:23,334 - utils.logger - INFO - Trn result of epoch 17 / 50 mse 0.0453 rmse 0.2128 pcc 0.1094 ccc 0.0007
2021-06-19 16:55:23,496 - utils.logger - INFO - Val result of epoch 17 / 50 mse 0.0381 rmse 0.1951 pcc 0.0673 ccc 0.0005
2021-06-19 16:55:23,914 - utils.logger - INFO - Cur epoch 18 loss ccc:0.1250
2021-06-19 16:55:24,355 - utils.logger - INFO - Cur epoch 18 loss ccc:0.1244
2021-06-19 16:55:24,721 - utils.logger - INFO - Cur epoch 18 loss ccc:0.9671
2021-06-19 16:55:24,721 - utils.logger - INFO - saving the model at the end of epoch 18, iters 108
2021-06-19 16:55:24,966 - utils.logger - INFO - End of training epoch 18 / 50 	 Time Taken: 1 sec, Data loading: 0 sec
2021-06-19 16:55:24,966 - utils.logger - INFO - learning rate = 0.0000100
2021-06-19 16:55:25,457 - utils.logger - INFO - Trn result of epoch 18 / 50 mse 0.0452 rmse 0.2126 pcc 0.1437 ccc 0.0017
2021-06-19 16:55:25,770 - utils.logger - INFO - Val result of epoch 18 / 50 mse 0.0380 rmse 0.1950 pcc 0.1099 ccc 0.0015
2021-06-19 16:55:26,200 - utils.logger - INFO - Cur epoch 19 loss ccc:0.1257
2021-06-19 16:55:26,622 - utils.logger - INFO - Cur epoch 19 loss ccc:0.1229
2021-06-19 16:55:26,978 - utils.logger - INFO - Cur epoch 19 loss ccc:1.0027
2021-06-19 16:55:26,979 - utils.logger - INFO - saving the model at the end of epoch 19, iters 114
2021-06-19 16:55:27,240 - utils.logger - INFO - End of training epoch 19 / 50 	 Time Taken: 1 sec, Data loading: 0 sec
2021-06-19 16:55:27,240 - utils.logger - INFO - learning rate = 0.0000100
2021-06-19 16:55:27,659 - utils.logger - INFO - Trn result of epoch 19 / 50 mse 0.0453 rmse 0.2128 pcc 0.1122 ccc 0.0014
2021-06-19 16:55:27,805 - utils.logger - INFO - Val result of epoch 19 / 50 mse 0.0381 rmse 0.1951 pcc 0.0618 ccc 0.0008
2021-06-19 16:55:28,225 - utils.logger - INFO - Cur epoch 20 loss ccc:0.1253
2021-06-19 16:55:28,650 - utils.logger - INFO - Cur epoch 20 loss ccc:0.1250
2021-06-19 16:55:29,023 - utils.logger - INFO - Cur epoch 20 loss ccc:0.9999
2021-06-19 16:55:29,023 - utils.logger - INFO - saving the model at the end of epoch 20, iters 120
2021-06-19 16:55:29,290 - utils.logger - INFO - End of training epoch 20 / 50 	 Time Taken: 1 sec, Data loading: 0 sec
2021-06-19 16:55:29,290 - utils.logger - INFO - learning rate = 0.0000100
2021-06-19 16:55:29,716 - utils.logger - INFO - Trn result of epoch 20 / 50 mse 0.0453 rmse 0.2128 pcc 0.1125 ccc 0.0014
2021-06-19 16:55:29,864 - utils.logger - INFO - Val result of epoch 20 / 50 mse 0.0381 rmse 0.1951 pcc 0.0648 ccc 0.0009
2021-06-19 16:55:30,279 - utils.logger - INFO - Cur epoch 21 loss ccc:0.1252
2021-06-19 16:55:30,671 - utils.logger - INFO - Cur epoch 21 loss ccc:0.1273
2021-06-19 16:55:30,991 - utils.logger - INFO - Cur epoch 21 loss ccc:0.9998
2021-06-19 16:55:30,991 - utils.logger - INFO - saving the model at the end of epoch 21, iters 126
2021-06-19 16:55:31,278 - utils.logger - INFO - End of training epoch 21 / 50 	 Time Taken: 1 sec, Data loading: 0 sec
2021-06-19 16:55:31,278 - utils.logger - INFO - learning rate = 0.0000100
2021-06-19 16:55:31,738 - utils.logger - INFO - Trn result of epoch 21 / 50 mse 0.0453 rmse 0.2128 pcc 0.1083 ccc 0.0014
2021-06-19 16:55:31,899 - utils.logger - INFO - Val result of epoch 21 / 50 mse 0.0381 rmse 0.1951 pcc 0.0594 ccc 0.0008
2021-06-19 16:55:32,305 - utils.logger - INFO - Cur epoch 22 loss ccc:0.1251
2021-06-19 16:55:32,688 - utils.logger - INFO - Cur epoch 22 loss ccc:0.1250
2021-06-19 16:55:33,016 - utils.logger - INFO - Cur epoch 22 loss ccc:0.9967
2021-06-19 16:55:33,016 - utils.logger - INFO - saving the model at the end of epoch 22, iters 132
2021-06-19 16:55:33,274 - utils.logger - INFO - End of training epoch 22 / 50 	 Time Taken: 1 sec, Data loading: 0 sec
2021-06-19 16:55:33,274 - utils.logger - INFO - learning rate = 0.0000100
2021-06-19 16:55:33,746 - utils.logger - INFO - Trn result of epoch 22 / 50 mse 0.0453 rmse 0.2128 pcc 0.1056 ccc 0.0014
2021-06-19 16:55:34,043 - utils.logger - INFO - Val result of epoch 22 / 50 mse 0.0381 rmse 0.1951 pcc 0.0572 ccc 0.0008
2021-06-19 16:55:34,439 - utils.logger - INFO - Cur epoch 23 loss ccc:0.1250
2021-06-19 16:55:34,849 - utils.logger - INFO - Cur epoch 23 loss ccc:0.1234
2021-06-19 16:55:35,181 - utils.logger - INFO - Cur epoch 23 loss ccc:1.0001
2021-06-19 16:55:35,181 - utils.logger - INFO - saving the model at the end of epoch 23, iters 138
2021-06-19 16:55:35,440 - utils.logger - INFO - End of training epoch 23 / 50 	 Time Taken: 1 sec, Data loading: 0 sec
2021-06-19 16:55:35,440 - utils.logger - INFO - learning rate = 0.0000100
2021-06-19 16:55:35,850 - utils.logger - INFO - Trn result of epoch 23 / 50 mse 0.0453 rmse 0.2128 pcc 0.1139 ccc 0.0016
2021-06-19 16:55:35,996 - utils.logger - INFO - Val result of epoch 23 / 50 mse 0.0381 rmse 0.1951 pcc 0.0686 ccc 0.0011
2021-06-19 16:55:36,398 - utils.logger - INFO - Cur epoch 24 loss ccc:0.1269
2021-06-19 16:55:36,789 - utils.logger - INFO - Cur epoch 24 loss ccc:0.1232
2021-06-19 16:55:37,130 - utils.logger - INFO - Cur epoch 24 loss ccc:1.0071
2021-06-19 16:55:37,130 - utils.logger - INFO - saving the model at the end of epoch 24, iters 144
2021-06-19 16:55:37,377 - utils.logger - INFO - End of training epoch 24 / 50 	 Time Taken: 1 sec, Data loading: 0 sec
2021-06-19 16:55:37,377 - utils.logger - INFO - learning rate = 0.0000100
2021-06-19 16:55:37,794 - utils.logger - INFO - Trn result of epoch 24 / 50 mse 0.0451 rmse 0.2124 pcc 0.1607 ccc 0.0027
2021-06-19 16:55:37,945 - utils.logger - INFO - Val result of epoch 24 / 50 mse 0.0380 rmse 0.1948 pcc 0.1409 ccc 0.0027
2021-06-19 16:55:38,388 - utils.logger - INFO - Cur epoch 25 loss ccc:0.1234
2021-06-19 16:55:38,821 - utils.logger - INFO - Cur epoch 25 loss ccc:0.1355
2021-06-19 16:55:39,188 - utils.logger - INFO - Cur epoch 25 loss ccc:1.0000
2021-06-19 16:55:39,188 - utils.logger - INFO - saving the model at the end of epoch 25, iters 150
2021-06-19 16:55:39,433 - utils.logger - INFO - End of training epoch 25 / 50 	 Time Taken: 1 sec, Data loading: 0 sec
2021-06-19 16:55:39,433 - utils.logger - INFO - learning rate = 0.0000100
2021-06-19 16:55:39,861 - utils.logger - INFO - Trn result of epoch 25 / 50 mse 0.0451 rmse 0.2124 pcc 0.1658 ccc 0.0030
2021-06-19 16:55:40,013 - utils.logger - INFO - Val result of epoch 25 / 50 mse 0.0379 rmse 0.1948 pcc 0.1476 ccc 0.0031
2021-06-19 16:55:40,433 - utils.logger - INFO - Cur epoch 26 loss ccc:0.1239
2021-06-19 16:55:40,864 - utils.logger - INFO - Cur epoch 26 loss ccc:0.1316
2021-06-19 16:55:41,234 - utils.logger - INFO - Cur epoch 26 loss ccc:0.9411
2021-06-19 16:55:41,234 - utils.logger - INFO - saving the model at the end of epoch 26, iters 156
2021-06-19 16:55:41,505 - utils.logger - INFO - End of training epoch 26 / 50 	 Time Taken: 1 sec, Data loading: 0 sec
2021-06-19 16:55:41,505 - utils.logger - INFO - learning rate = 0.0000100
2021-06-19 16:55:41,950 - utils.logger - INFO - Trn result of epoch 26 / 50 mse 0.0451 rmse 0.2123 pcc 0.1674 ccc 0.0035
2021-06-19 16:55:42,108 - utils.logger - INFO - Val result of epoch 26 / 50 mse 0.0379 rmse 0.1947 pcc 0.1513 ccc 0.0036
2021-06-19 16:55:42,533 - utils.logger - INFO - Cur epoch 27 loss ccc:0.1273
2021-06-19 16:55:42,938 - utils.logger - INFO - Cur epoch 27 loss ccc:0.1248
2021-06-19 16:55:43,275 - utils.logger - INFO - Cur epoch 27 loss ccc:1.0028
2021-06-19 16:55:43,275 - utils.logger - INFO - saving the model at the end of epoch 27, iters 162
2021-06-19 16:55:43,518 - utils.logger - INFO - End of training epoch 27 / 50 	 Time Taken: 1 sec, Data loading: 0 sec
2021-06-19 16:55:43,518 - utils.logger - INFO - learning rate = 0.0000100
2021-06-19 16:55:43,936 - utils.logger - INFO - Trn result of epoch 27 / 50 mse 0.0451 rmse 0.2123 pcc 0.1638 ccc 0.0035
2021-06-19 16:55:44,078 - utils.logger - INFO - Val result of epoch 27 / 50 mse 0.0379 rmse 0.1948 pcc 0.1427 ccc 0.0035
2021-06-19 16:55:44,498 - utils.logger - INFO - Cur epoch 28 loss ccc:0.1256
2021-06-19 16:55:44,933 - utils.logger - INFO - Cur epoch 28 loss ccc:0.1227
2021-06-19 16:55:45,284 - utils.logger - INFO - Cur epoch 28 loss ccc:1.0007
2021-06-19 16:55:45,285 - utils.logger - INFO - saving the model at the end of epoch 28, iters 168
2021-06-19 16:55:45,533 - utils.logger - INFO - End of training epoch 28 / 50 	 Time Taken: 1 sec, Data loading: 0 sec
2021-06-19 16:55:45,533 - utils.logger - INFO - learning rate = 0.0000100
2021-06-19 16:55:45,985 - utils.logger - INFO - Trn result of epoch 28 / 50 mse 0.0451 rmse 0.2124 pcc 0.1630 ccc 0.0034
2021-06-19 16:55:46,143 - utils.logger - INFO - Val result of epoch 28 / 50 mse 0.0379 rmse 0.1948 pcc 0.1374 ccc 0.0033
2021-06-19 16:55:46,557 - utils.logger - INFO - Cur epoch 29 loss ccc:0.1233
2021-06-19 16:55:46,962 - utils.logger - INFO - Cur epoch 29 loss ccc:0.1248
2021-06-19 16:55:47,320 - utils.logger - INFO - Cur epoch 29 loss ccc:1.0045
2021-06-19 16:55:47,320 - utils.logger - INFO - saving the model at the end of epoch 29, iters 174
2021-06-19 16:55:47,576 - utils.logger - INFO - End of training epoch 29 / 50 	 Time Taken: 1 sec, Data loading: 0 sec
2021-06-19 16:55:47,576 - utils.logger - INFO - learning rate = 0.0000100
2021-06-19 16:55:47,993 - utils.logger - INFO - Trn result of epoch 29 / 50 mse 0.0452 rmse 0.2125 pcc 0.1626 ccc 0.0034
2021-06-19 16:55:48,137 - utils.logger - INFO - Val result of epoch 29 / 50 mse 0.0380 rmse 0.1949 pcc 0.1284 ccc 0.0030
2021-06-19 16:55:48,564 - utils.logger - INFO - Cur epoch 30 loss ccc:0.1218
2021-06-19 16:55:48,984 - utils.logger - INFO - Cur epoch 30 loss ccc:0.1250
2021-06-19 16:55:49,314 - utils.logger - INFO - Cur epoch 30 loss ccc:0.9997
2021-06-19 16:55:49,314 - utils.logger - INFO - saving the model at the end of epoch 30, iters 180
2021-06-19 16:55:49,557 - utils.logger - INFO - End of training epoch 30 / 50 	 Time Taken: 1 sec, Data loading: 0 sec
2021-06-19 16:55:49,557 - utils.logger - INFO - learning rate = 0.0000095
2021-06-19 16:55:49,993 - utils.logger - INFO - Trn result of epoch 30 / 50 mse 0.0452 rmse 0.2126 pcc 0.1582 ccc 0.0032
2021-06-19 16:55:50,156 - utils.logger - INFO - Val result of epoch 30 / 50 mse 0.0380 rmse 0.1949 pcc 0.1182 ccc 0.0028
2021-06-19 16:55:50,589 - utils.logger - INFO - Cur epoch 31 loss ccc:0.1234
