2021-06-19 18:08:42,088 - utils.logger - INFO - The number of training samples = 41
2021-06-19 18:08:44,688 - utils.logger - INFO - Cur epoch 1 loss ccc:0.1134
2021-06-19 18:08:45,091 - utils.logger - INFO - Cur epoch 1 loss ccc:0.1268
2021-06-19 18:08:45,441 - utils.logger - INFO - Cur epoch 1 loss ccc:0.9911
2021-06-19 18:08:45,441 - utils.logger - INFO - saving the model at the end of epoch 1, iters 6
2021-06-19 18:08:45,652 - utils.logger - INFO - End of training epoch 1 / 70 	 Time Taken: 1 sec, Data loading: 0 sec
2021-06-19 18:08:45,652 - utils.logger - INFO - learning rate = 0.0005000
2021-06-19 18:08:46,032 - utils.logger - INFO - Trn result of epoch 1 / 70 mse 0.1094 rmse 0.3307 pcc -0.0232 ccc -0.0028
2021-06-19 18:08:46,161 - utils.logger - INFO - Val result of epoch 1 / 70 mse 0.1299 rmse 0.3604 pcc 0.1500 ccc 0.0190
2021-06-19 18:08:46,584 - utils.logger - INFO - Cur epoch 2 loss ccc:0.1219
2021-06-19 18:08:46,971 - utils.logger - INFO - Cur epoch 2 loss ccc:0.1143
2021-06-19 18:08:47,297 - utils.logger - INFO - Cur epoch 2 loss ccc:1.0002
2021-06-19 18:08:47,297 - utils.logger - INFO - saving the model at the end of epoch 2, iters 12
2021-06-19 18:08:47,521 - utils.logger - INFO - End of training epoch 2 / 70 	 Time Taken: 1 sec, Data loading: 0 sec
2021-06-19 18:08:47,521 - utils.logger - INFO - learning rate = 0.0005000
2021-06-19 18:08:47,894 - utils.logger - INFO - Trn result of epoch 2 / 70 mse 0.1179 rmse 0.3433 pcc 0.1020 ccc 0.0008
2021-06-19 18:08:48,022 - utils.logger - INFO - Val result of epoch 2 / 70 mse 0.1321 rmse 0.3634 pcc 0.1804 ccc 0.0012
2021-06-19 18:08:48,397 - utils.logger - INFO - Cur epoch 3 loss ccc:0.1272
2021-06-19 18:08:48,810 - utils.logger - INFO - Cur epoch 3 loss ccc:0.1326
2021-06-19 18:08:49,142 - utils.logger - INFO - Cur epoch 3 loss ccc:0.9926
2021-06-19 18:08:49,142 - utils.logger - INFO - saving the model at the end of epoch 3, iters 18
2021-06-19 18:08:49,375 - utils.logger - INFO - End of training epoch 3 / 70 	 Time Taken: 1 sec, Data loading: 0 sec
2021-06-19 18:08:49,375 - utils.logger - INFO - learning rate = 0.0005000
2021-06-19 18:08:49,743 - utils.logger - INFO - Trn result of epoch 3 / 70 mse 0.2887 rmse 0.5373 pcc -0.0990 ccc -0.0342
2021-06-19 18:08:49,868 - utils.logger - INFO - Val result of epoch 3 / 70 mse 0.2835 rmse 0.5325 pcc 0.1284 ccc 0.0568
2021-06-19 18:08:50,270 - utils.logger - INFO - Cur epoch 4 loss ccc:0.1250
2021-06-19 18:08:50,687 - utils.logger - INFO - Cur epoch 4 loss ccc:0.1371
2021-06-19 18:08:51,040 - utils.logger - INFO - Cur epoch 4 loss ccc:0.9911
2021-06-19 18:08:51,040 - utils.logger - INFO - saving the model at the end of epoch 4, iters 24
2021-06-19 18:08:51,330 - utils.logger - INFO - End of training epoch 4 / 70 	 Time Taken: 1 sec, Data loading: 0 sec
2021-06-19 18:08:51,330 - utils.logger - INFO - learning rate = 0.0005000
2021-06-19 18:08:51,710 - utils.logger - INFO - Trn result of epoch 4 / 70 mse 0.6046 rmse 0.7776 pcc -0.0408 ccc -0.0052
2021-06-19 18:08:51,846 - utils.logger - INFO - Val result of epoch 4 / 70 mse 0.5719 rmse 0.7563 pcc 0.1445 ccc 0.0244
2021-06-19 18:08:52,253 - utils.logger - INFO - Cur epoch 5 loss ccc:0.1332
2021-06-19 18:08:52,665 - utils.logger - INFO - Cur epoch 5 loss ccc:0.1270
2021-06-19 18:08:52,995 - utils.logger - INFO - Cur epoch 5 loss ccc:1.0109
2021-06-19 18:08:52,995 - utils.logger - INFO - saving the model at the end of epoch 5, iters 30
2021-06-19 18:08:53,232 - utils.logger - INFO - End of training epoch 5 / 70 	 Time Taken: 1 sec, Data loading: 0 sec
2021-06-19 18:08:53,233 - utils.logger - INFO - learning rate = 0.0005000
2021-06-19 18:08:53,612 - utils.logger - INFO - Trn result of epoch 5 / 70 mse 0.6368 rmse 0.7980 pcc 0.0387 ccc 0.0034
2021-06-19 18:08:53,742 - utils.logger - INFO - Val result of epoch 5 / 70 mse 0.5928 rmse 0.7699 pcc 0.1401 ccc 0.0143
2021-06-19 18:08:54,119 - utils.logger - INFO - Cur epoch 6 loss ccc:0.1287
2021-06-19 18:08:54,498 - utils.logger - INFO - Cur epoch 6 loss ccc:0.1302
2021-06-19 18:08:54,815 - utils.logger - INFO - Cur epoch 6 loss ccc:1.0000
2021-06-19 18:08:54,815 - utils.logger - INFO - saving the model at the end of epoch 6, iters 36
2021-06-19 18:08:55,059 - utils.logger - INFO - End of training epoch 6 / 70 	 Time Taken: 1 sec, Data loading: 0 sec
2021-06-19 18:08:55,060 - utils.logger - INFO - learning rate = 0.0005000
2021-06-19 18:08:55,433 - utils.logger - INFO - Trn result of epoch 6 / 70 mse 0.1859 rmse 0.4312 pcc 0.0153 ccc 0.0048
2021-06-19 18:08:55,560 - utils.logger - INFO - Val result of epoch 6 / 70 mse 0.1784 rmse 0.4224 pcc 0.1532 ccc 0.0539
2021-06-19 18:08:55,977 - utils.logger - INFO - Cur epoch 7 loss ccc:0.1429
2021-06-19 18:08:56,405 - utils.logger - INFO - Cur epoch 7 loss ccc:0.1153
2021-06-19 18:08:56,759 - utils.logger - INFO - Cur epoch 7 loss ccc:0.9999
2021-06-19 18:08:56,759 - utils.logger - INFO - saving the model at the end of epoch 7, iters 42
2021-06-19 18:08:57,006 - utils.logger - INFO - End of training epoch 7 / 70 	 Time Taken: 1 sec, Data loading: 0 sec
2021-06-19 18:08:57,006 - utils.logger - INFO - learning rate = 0.0005000
2021-06-19 18:08:57,384 - utils.logger - INFO - Trn result of epoch 7 / 70 mse 0.2888 rmse 0.5374 pcc 0.0780 ccc 0.0126
2021-06-19 18:08:57,556 - utils.logger - INFO - Val result of epoch 7 / 70 mse 0.2711 rmse 0.5207 pcc 0.1314 ccc 0.0230
2021-06-19 18:08:57,953 - utils.logger - INFO - Cur epoch 8 loss ccc:0.1272
2021-06-19 18:08:58,375 - utils.logger - INFO - Cur epoch 8 loss ccc:0.1385
2021-06-19 18:08:58,706 - utils.logger - INFO - Cur epoch 8 loss ccc:0.9987
2021-06-19 18:08:58,706 - utils.logger - INFO - saving the model at the end of epoch 8, iters 48
2021-06-19 18:08:58,999 - utils.logger - INFO - End of training epoch 8 / 70 	 Time Taken: 1 sec, Data loading: 0 sec
2021-06-19 18:08:59,000 - utils.logger - INFO - learning rate = 0.0005000
2021-06-19 18:08:59,371 - utils.logger - INFO - Trn result of epoch 8 / 70 mse 0.1209 rmse 0.3477 pcc 0.0620 ccc 0.0260
2021-06-19 18:08:59,501 - utils.logger - INFO - Val result of epoch 8 / 70 mse 0.1296 rmse 0.3599 pcc 0.1416 ccc 0.0567
2021-06-19 18:08:59,908 - utils.logger - INFO - Cur epoch 9 loss ccc:0.1262
2021-06-19 18:09:00,310 - utils.logger - INFO - Cur epoch 9 loss ccc:0.1297
2021-06-19 18:09:00,640 - utils.logger - INFO - Cur epoch 9 loss ccc:1.0026
2021-06-19 18:09:00,640 - utils.logger - INFO - saving the model at the end of epoch 9, iters 54
2021-06-19 18:09:00,885 - utils.logger - INFO - End of training epoch 9 / 70 	 Time Taken: 1 sec, Data loading: 0 sec
2021-06-19 18:09:00,886 - utils.logger - INFO - learning rate = 0.0005000
2021-06-19 18:09:01,258 - utils.logger - INFO - Trn result of epoch 9 / 70 mse 0.1570 rmse 0.3963 pcc 0.0361 ccc 0.0296
2021-06-19 18:09:01,387 - utils.logger - INFO - Val result of epoch 9 / 70 mse 0.1532 rmse 0.3915 pcc 0.1517 ccc 0.1275
2021-06-19 18:09:01,798 - utils.logger - INFO - Cur epoch 10 loss ccc:0.1250
2021-06-19 18:09:02,206 - utils.logger - INFO - Cur epoch 10 loss ccc:0.1324
2021-06-19 18:09:02,552 - utils.logger - INFO - Cur epoch 10 loss ccc:0.9800
2021-06-19 18:09:02,553 - utils.logger - INFO - saving the model at the end of epoch 10, iters 60
2021-06-19 18:09:02,781 - utils.logger - INFO - End of training epoch 10 / 70 	 Time Taken: 1 sec, Data loading: 0 sec
2021-06-19 18:09:02,781 - utils.logger - INFO - learning rate = 0.0005000
2021-06-19 18:09:03,147 - utils.logger - INFO - Trn result of epoch 10 / 70 mse 0.3146 rmse 0.5609 pcc 0.0440 ccc 0.0170
2021-06-19 18:09:03,274 - utils.logger - INFO - Val result of epoch 10 / 70 mse 0.2806 rmse 0.5297 pcc 0.1468 ccc 0.0658
2021-06-19 18:09:03,674 - utils.logger - INFO - Cur epoch 11 loss ccc:0.1376
2021-06-19 18:09:04,078 - utils.logger - INFO - Cur epoch 11 loss ccc:0.1196
2021-06-19 18:09:04,420 - utils.logger - INFO - Cur epoch 11 loss ccc:1.0016
2021-06-19 18:09:04,420 - utils.logger - INFO - saving the model at the end of epoch 11, iters 66
2021-06-19 18:09:04,650 - utils.logger - INFO - End of training epoch 11 / 70 	 Time Taken: 1 sec, Data loading: 0 sec
2021-06-19 18:09:04,650 - utils.logger - INFO - learning rate = 0.0005000
2021-06-19 18:09:05,021 - utils.logger - INFO - Trn result of epoch 11 / 70 mse 0.3799 rmse 0.6164 pcc 0.0616 ccc 0.0159
2021-06-19 18:09:05,152 - utils.logger - INFO - Val result of epoch 11 / 70 mse 0.3451 rmse 0.5875 pcc 0.1434 ccc 0.0423
2021-06-19 18:09:05,569 - utils.logger - INFO - Cur epoch 12 loss ccc:0.1349
2021-06-19 18:09:05,974 - utils.logger - INFO - Cur epoch 12 loss ccc:0.1260
2021-06-19 18:09:06,300 - utils.logger - INFO - Cur epoch 12 loss ccc:0.9830
2021-06-19 18:09:06,300 - utils.logger - INFO - saving the model at the end of epoch 12, iters 72
2021-06-19 18:09:06,550 - utils.logger - INFO - End of training epoch 12 / 70 	 Time Taken: 1 sec, Data loading: 0 sec
2021-06-19 18:09:06,551 - utils.logger - INFO - learning rate = 0.0005000
2021-06-19 18:09:06,928 - utils.logger - INFO - Trn result of epoch 12 / 70 mse 0.1354 rmse 0.3680 pcc -0.0001 ccc -0.0001
2021-06-19 18:09:07,093 - utils.logger - INFO - Val result of epoch 12 / 70 mse 0.1419 rmse 0.3767 pcc 0.1541 ccc 0.1228
2021-06-19 18:09:07,498 - utils.logger - INFO - Cur epoch 13 loss ccc:0.1081
2021-06-19 18:09:07,926 - utils.logger - INFO - Cur epoch 13 loss ccc:0.1479
2021-06-19 18:09:08,279 - utils.logger - INFO - Cur epoch 13 loss ccc:0.9861
2021-06-19 18:09:08,279 - utils.logger - INFO - saving the model at the end of epoch 13, iters 78
2021-06-19 18:09:08,509 - utils.logger - INFO - End of training epoch 13 / 70 	 Time Taken: 1 sec, Data loading: 0 sec
2021-06-19 18:09:08,509 - utils.logger - INFO - learning rate = 0.0005000
2021-06-19 18:09:08,877 - utils.logger - INFO - Trn result of epoch 13 / 70 mse 0.1702 rmse 0.4125 pcc -0.0541 ccc -0.0194
2021-06-19 18:09:09,004 - utils.logger - INFO - Val result of epoch 13 / 70 mse 0.1934 rmse 0.4398 pcc 0.1495 ccc 0.0542
2021-06-19 18:09:09,407 - utils.logger - INFO - Cur epoch 14 loss ccc:0.1313
2021-06-19 18:09:09,809 - utils.logger - INFO - Cur epoch 14 loss ccc:0.1250
2021-06-19 18:09:10,144 - utils.logger - INFO - Cur epoch 14 loss ccc:0.9888
2021-06-19 18:09:10,145 - utils.logger - INFO - saving the model at the end of epoch 14, iters 84
2021-06-19 18:09:10,371 - utils.logger - INFO - End of training epoch 14 / 70 	 Time Taken: 1 sec, Data loading: 0 sec
2021-06-19 18:09:10,371 - utils.logger - INFO - learning rate = 0.0005000
2021-06-19 18:09:10,738 - utils.logger - INFO - Trn result of epoch 14 / 70 mse 0.2781 rmse 0.5274 pcc 0.0245 ccc 0.0084
2021-06-19 18:09:10,865 - utils.logger - INFO - Val result of epoch 14 / 70 mse 0.2564 rmse 0.5064 pcc 0.1524 ccc 0.0608
2021-06-19 18:09:11,275 - utils.logger - INFO - Cur epoch 15 loss ccc:0.1218
2021-06-19 18:09:11,687 - utils.logger - INFO - Cur epoch 15 loss ccc:0.1326
2021-06-19 18:09:12,018 - utils.logger - INFO - Cur epoch 15 loss ccc:0.9992
2021-06-19 18:09:12,018 - utils.logger - INFO - saving the model at the end of epoch 15, iters 90
2021-06-19 18:09:12,295 - utils.logger - INFO - End of training epoch 15 / 70 	 Time Taken: 1 sec, Data loading: 0 sec
2021-06-19 18:09:12,295 - utils.logger - INFO - learning rate = 0.0005000
2021-06-19 18:09:12,670 - utils.logger - INFO - Trn result of epoch 15 / 70 mse 0.3641 rmse 0.6034 pcc 0.0047 ccc 0.0012
2021-06-19 18:09:12,796 - utils.logger - INFO - Val result of epoch 15 / 70 mse 0.3382 rmse 0.5816 pcc 0.1537 ccc 0.0479
2021-06-19 18:09:13,213 - utils.logger - INFO - Cur epoch 16 loss ccc:0.1208
2021-06-19 18:09:13,639 - utils.logger - INFO - Cur epoch 16 loss ccc:0.1291
2021-06-19 18:09:14,002 - utils.logger - INFO - Cur epoch 16 loss ccc:1.0102
2021-06-19 18:09:14,002 - utils.logger - INFO - saving the model at the end of epoch 16, iters 96
2021-06-19 18:09:14,233 - utils.logger - INFO - End of training epoch 16 / 70 	 Time Taken: 1 sec, Data loading: 0 sec
2021-06-19 18:09:14,233 - utils.logger - INFO - learning rate = 0.0005000
2021-06-19 18:09:14,612 - utils.logger - INFO - Trn result of epoch 16 / 70 mse 0.1282 rmse 0.3581 pcc -0.0797 ccc -0.0470
2021-06-19 18:09:14,760 - utils.logger - INFO - Val result of epoch 16 / 70 mse 0.1384 rmse 0.3720 pcc 0.1382 ccc 0.0878
2021-06-19 18:09:15,155 - utils.logger - INFO - Cur epoch 17 loss ccc:0.1315
2021-06-19 18:09:15,554 - utils.logger - INFO - Cur epoch 17 loss ccc:0.1374
2021-06-19 18:09:15,881 - utils.logger - INFO - Cur epoch 17 loss ccc:0.9951
2021-06-19 18:09:15,881 - utils.logger - INFO - saving the model at the end of epoch 17, iters 102
2021-06-19 18:09:16,113 - utils.logger - INFO - End of training epoch 17 / 70 	 Time Taken: 1 sec, Data loading: 0 sec
2021-06-19 18:09:16,113 - utils.logger - INFO - learning rate = 0.0005000
2021-06-19 18:09:16,483 - utils.logger - INFO - Trn result of epoch 17 / 70 mse 0.1308 rmse 0.3617 pcc -0.0876 ccc -0.0316
2021-06-19 18:09:16,610 - utils.logger - INFO - Val result of epoch 17 / 70 mse 0.1486 rmse 0.3854 pcc 0.1383 ccc 0.0533
2021-06-19 18:09:17,013 - utils.logger - INFO - Cur epoch 18 loss ccc:0.1216
2021-06-19 18:09:17,410 - utils.logger - INFO - Cur epoch 18 loss ccc:0.1195
2021-06-19 18:09:17,735 - utils.logger - INFO - Cur epoch 18 loss ccc:1.0005
2021-06-19 18:09:17,735 - utils.logger - INFO - saving the model at the end of epoch 18, iters 108
2021-06-19 18:09:17,968 - utils.logger - INFO - End of training epoch 18 / 70 	 Time Taken: 1 sec, Data loading: 0 sec
2021-06-19 18:09:17,968 - utils.logger - INFO - learning rate = 0.0005000
2021-06-19 18:09:18,333 - utils.logger - INFO - Trn result of epoch 18 / 70 mse 0.1526 rmse 0.3906 pcc -0.0273 ccc -0.0106
2021-06-19 18:09:18,460 - utils.logger - INFO - Val result of epoch 18 / 70 mse 0.1517 rmse 0.3895 pcc 0.1511 ccc 0.0678
2021-06-19 18:09:18,869 - utils.logger - INFO - Cur epoch 19 loss ccc:0.1283
2021-06-19 18:09:19,273 - utils.logger - INFO - Cur epoch 19 loss ccc:0.1226
2021-06-19 18:09:19,606 - utils.logger - INFO - Cur epoch 19 loss ccc:0.9916
2021-06-19 18:09:19,606 - utils.logger - INFO - saving the model at the end of epoch 19, iters 114
2021-06-19 18:09:19,836 - utils.logger - INFO - End of training epoch 19 / 70 	 Time Taken: 1 sec, Data loading: 0 sec
2021-06-19 18:09:19,836 - utils.logger - INFO - learning rate = 0.0005000
2021-06-19 18:09:20,201 - utils.logger - INFO - Trn result of epoch 19 / 70 mse 0.1986 rmse 0.4456 pcc -0.0082 ccc -0.0031
2021-06-19 18:09:20,327 - utils.logger - INFO - Val result of epoch 19 / 70 mse 0.1898 rmse 0.4356 pcc 0.1533 ccc 0.0682
2021-06-19 18:09:20,731 - utils.logger - INFO - Cur epoch 20 loss ccc:0.1366
2021-06-19 18:09:21,160 - utils.logger - INFO - Cur epoch 20 loss ccc:0.1391
2021-06-19 18:09:21,505 - utils.logger - INFO - Cur epoch 20 loss ccc:1.0080
2021-06-19 18:09:21,505 - utils.logger - INFO - saving the model at the end of epoch 20, iters 120
2021-06-19 18:09:21,735 - utils.logger - INFO - End of training epoch 20 / 70 	 Time Taken: 1 sec, Data loading: 0 sec
2021-06-19 18:09:21,736 - utils.logger - INFO - learning rate = 0.0005000
2021-06-19 18:09:22,106 - utils.logger - INFO - Trn result of epoch 20 / 70 mse 0.2021 rmse 0.4496 pcc -0.0046 ccc -0.0017
2021-06-19 18:09:22,232 - utils.logger - INFO - Val result of epoch 20 / 70 mse 0.1927 rmse 0.4389 pcc 0.1537 ccc 0.0689
2021-06-19 18:09:22,624 - utils.logger - INFO - Cur epoch 21 loss ccc:0.1046
2021-06-19 18:09:23,010 - utils.logger - INFO - Cur epoch 21 loss ccc:0.1182
2021-06-19 18:09:23,319 - utils.logger - INFO - Cur epoch 21 loss ccc:0.9993
2021-06-19 18:09:23,320 - utils.logger - INFO - saving the model at the end of epoch 21, iters 126
2021-06-19 18:09:23,556 - utils.logger - INFO - End of training epoch 21 / 70 	 Time Taken: 1 sec, Data loading: 0 sec
2021-06-19 18:09:23,557 - utils.logger - INFO - learning rate = 0.0005000
2021-06-19 18:09:23,924 - utils.logger - INFO - Trn result of epoch 21 / 70 mse 0.5663 rmse 0.7525 pcc 0.0183 ccc 0.0033
2021-06-19 18:09:24,050 - utils.logger - INFO - Val result of epoch 21 / 70 mse 0.5237 rmse 0.7237 pcc 0.1528 ccc 0.0336
2021-06-19 18:09:24,446 - utils.logger - INFO - Cur epoch 22 loss ccc:0.1403
2021-06-19 18:09:24,855 - utils.logger - INFO - Cur epoch 22 loss ccc:0.1378
2021-06-19 18:09:25,194 - utils.logger - INFO - Cur epoch 22 loss ccc:1.0011
2021-06-19 18:09:25,194 - utils.logger - INFO - saving the model at the end of epoch 22, iters 132
2021-06-19 18:09:25,433 - utils.logger - INFO - End of training epoch 22 / 70 	 Time Taken: 1 sec, Data loading: 0 sec
2021-06-19 18:09:25,433 - utils.logger - INFO - learning rate = 0.0005000
2021-06-19 18:09:25,813 - utils.logger - INFO - Trn result of epoch 22 / 70 mse 1.2281 rmse 1.1082 pcc 0.0290 ccc 0.0026
2021-06-19 18:09:25,942 - utils.logger - INFO - Val result of epoch 22 / 70 mse 1.1518 rmse 1.0732 pcc 0.1519 ccc 0.0161
2021-06-19 18:09:26,345 - utils.logger - INFO - Cur epoch 23 loss ccc:0.1292
2021-06-19 18:09:26,757 - utils.logger - INFO - Cur epoch 23 loss ccc:0.1301
2021-06-19 18:09:27,093 - utils.logger - INFO - Cur epoch 23 loss ccc:0.9973
2021-06-19 18:09:27,094 - utils.logger - INFO - saving the model at the end of epoch 23, iters 138
2021-06-19 18:09:27,323 - utils.logger - INFO - End of training epoch 23 / 70 	 Time Taken: 1 sec, Data loading: 0 sec
2021-06-19 18:09:27,323 - utils.logger - INFO - learning rate = 0.0005000
2021-06-19 18:09:27,690 - utils.logger - INFO - Trn result of epoch 23 / 70 mse 1.0985 rmse 1.0481 pcc 0.0235 ccc 0.0024
2021-06-19 18:09:27,815 - utils.logger - INFO - Val result of epoch 23 / 70 mse 1.0290 rmse 1.0144 pcc 0.1526 ccc 0.0188
2021-06-19 18:09:28,234 - utils.logger - INFO - Cur epoch 24 loss ccc:0.1253
2021-06-19 18:09:28,637 - utils.logger - INFO - Cur epoch 24 loss ccc:0.1227
2021-06-19 18:09:28,969 - utils.logger - INFO - Cur epoch 24 loss ccc:0.9995
2021-06-19 18:09:28,969 - utils.logger - INFO - saving the model at the end of epoch 24, iters 144
2021-06-19 18:09:29,199 - utils.logger - INFO - End of training epoch 24 / 70 	 Time Taken: 1 sec, Data loading: 0 sec
2021-06-19 18:09:29,200 - utils.logger - INFO - learning rate = 0.0005000
2021-06-19 18:09:29,566 - utils.logger - INFO - Trn result of epoch 24 / 70 mse 1.6824 rmse 1.2971 pcc 0.0206 ccc 0.0014
2021-06-19 18:09:29,694 - utils.logger - INFO - Val result of epoch 24 / 70 mse 1.5961 rmse 1.2634 pcc 0.1532 ccc 0.0123
2021-06-19 18:09:30,097 - utils.logger - INFO - Cur epoch 25 loss ccc:0.1370
2021-06-19 18:09:30,490 - utils.logger - INFO - Cur epoch 25 loss ccc:0.1323
2021-06-19 18:09:30,825 - utils.logger - INFO - Cur epoch 25 loss ccc:0.9988
2021-06-19 18:09:30,825 - utils.logger - INFO - saving the model at the end of epoch 25, iters 150
2021-06-19 18:09:31,090 - utils.logger - INFO - End of training epoch 25 / 70 	 Time Taken: 1 sec, Data loading: 0 sec
2021-06-19 18:09:31,090 - utils.logger - INFO - learning rate = 0.0005000
2021-06-19 18:09:31,467 - utils.logger - INFO - Trn result of epoch 25 / 70 mse 1.5592 rmse 1.2487 pcc 0.0253 ccc 0.0020
2021-06-19 18:09:31,597 - utils.logger - INFO - Val result of epoch 25 / 70 mse 1.4705 rmse 1.2126 pcc 0.1525 ccc 0.0148
2021-06-19 18:09:31,990 - utils.logger - INFO - Cur epoch 26 loss ccc:0.1221
2021-06-19 18:09:32,388 - utils.logger - INFO - Cur epoch 26 loss ccc:0.1195
2021-06-19 18:09:32,738 - utils.logger - INFO - Cur epoch 26 loss ccc:0.9955
2021-06-19 18:09:32,738 - utils.logger - INFO - saving the model at the end of epoch 26, iters 156
2021-06-19 18:09:33,008 - utils.logger - INFO - End of training epoch 26 / 70 	 Time Taken: 1 sec, Data loading: 0 sec
2021-06-19 18:09:33,009 - utils.logger - INFO - learning rate = 0.0005000
2021-06-19 18:09:33,381 - utils.logger - INFO - Trn result of epoch 26 / 70 mse 1.4570 rmse 1.2071 pcc 0.0325 ccc 0.0029
2021-06-19 18:09:33,511 - utils.logger - INFO - Val result of epoch 26 / 70 mse 1.3668 rmse 1.1691 pcc 0.1514 ccc 0.0162
2021-06-19 18:09:33,925 - utils.logger - INFO - Cur epoch 27 loss ccc:0.1274
2021-06-19 18:09:34,338 - utils.logger - INFO - Cur epoch 27 loss ccc:0.1420
2021-06-19 18:09:34,677 - utils.logger - INFO - Cur epoch 27 loss ccc:1.0032
2021-06-19 18:09:34,677 - utils.logger - INFO - saving the model at the end of epoch 27, iters 162
2021-06-19 18:09:34,897 - utils.logger - INFO - End of training epoch 27 / 70 	 Time Taken: 1 sec, Data loading: 0 sec
2021-06-19 18:09:34,897 - utils.logger - INFO - learning rate = 0.0005000
2021-06-19 18:09:35,262 - utils.logger - INFO - Trn result of epoch 27 / 70 mse 1.5031 rmse 1.2260 pcc 0.0272 ccc 0.0025
2021-06-19 18:09:35,388 - utils.logger - INFO - Val result of epoch 27 / 70 mse 1.4105 rmse 1.1876 pcc 0.1520 ccc 0.0168
2021-06-19 18:09:35,790 - utils.logger - INFO - Cur epoch 28 loss ccc:0.1286
2021-06-19 18:09:36,182 - utils.logger - INFO - Cur epoch 28 loss ccc:0.1226
2021-06-19 18:09:36,528 - utils.logger - INFO - Cur epoch 28 loss ccc:0.9995
2021-06-19 18:09:36,529 - utils.logger - INFO - saving the model at the end of epoch 28, iters 168
2021-06-19 18:09:36,817 - utils.logger - INFO - End of training epoch 28 / 70 	 Time Taken: 1 sec, Data loading: 0 sec
2021-06-19 18:09:36,817 - utils.logger - INFO - learning rate = 0.0005000
2021-06-19 18:09:37,188 - utils.logger - INFO - Trn result of epoch 28 / 70 mse 1.2592 rmse 1.1221 pcc 0.0205 ccc 0.0021
2021-06-19 18:09:37,315 - utils.logger - INFO - Val result of epoch 28 / 70 mse 1.1788 rmse 1.0857 pcc 0.1501 ccc 0.0190
2021-06-19 18:09:37,720 - utils.logger - INFO - Cur epoch 29 loss ccc:0.1210
2021-06-19 18:09:38,130 - utils.logger - INFO - Cur epoch 29 loss ccc:0.1362
2021-06-19 18:09:38,455 - utils.logger - INFO - Cur epoch 29 loss ccc:1.0025
2021-06-19 18:09:38,455 - utils.logger - INFO - saving the model at the end of epoch 29, iters 174
2021-06-19 18:09:38,734 - utils.logger - INFO - End of training epoch 29 / 70 	 Time Taken: 1 sec, Data loading: 0 sec
2021-06-19 18:09:38,735 - utils.logger - INFO - learning rate = 0.0005000
2021-06-19 18:09:39,114 - utils.logger - INFO - Trn result of epoch 29 / 70 mse 1.5260 rmse 1.2353 pcc 0.0244 ccc 0.0022
2021-06-19 18:09:39,243 - utils.logger - INFO - Val result of epoch 29 / 70 mse 1.4350 rmse 1.1979 pcc 0.1525 ccc 0.0167
2021-06-19 18:09:39,643 - utils.logger - INFO - Cur epoch 30 loss ccc:0.1349
2021-06-19 18:09:40,061 - utils.logger - INFO - Cur epoch 30 loss ccc:0.1222
2021-06-19 18:09:40,407 - utils.logger - INFO - Cur epoch 30 loss ccc:0.9980
2021-06-19 18:09:40,407 - utils.logger - INFO - saving the model at the end of epoch 30, iters 180
2021-06-19 18:09:40,637 - utils.logger - INFO - End of training epoch 30 / 70 	 Time Taken: 1 sec, Data loading: 0 sec
2021-06-19 18:09:40,637 - utils.logger - INFO - learning rate = 0.0004878
2021-06-19 18:09:41,005 - utils.logger - INFO - Trn result of epoch 30 / 70 mse 0.7993 rmse 0.8941 pcc 0.0206 ccc 0.0038
2021-06-19 18:09:41,130 - utils.logger - INFO - Val result of epoch 30 / 70 mse 0.7391 rmse 0.8597 pcc 0.1532 ccc 0.0341
2021-06-19 18:09:41,517 - utils.logger - INFO - Cur epoch 31 loss ccc:0.1386
2021-06-19 18:09:41,926 - utils.logger - INFO - Cur epoch 31 loss ccc:0.1251
2021-06-19 18:09:42,275 - utils.logger - INFO - Cur epoch 31 loss ccc:1.0071
2021-06-19 18:09:42,275 - utils.logger - INFO - saving the model at the end of epoch 31, iters 186
2021-06-19 18:09:42,563 - utils.logger - INFO - End of training epoch 31 / 70 	 Time Taken: 1 sec, Data loading: 0 sec
2021-06-19 18:09:42,563 - utils.logger - INFO - learning rate = 0.0004756
2021-06-19 18:09:42,934 - utils.logger - INFO - Trn result of epoch 31 / 70 mse 0.2500 rmse 0.5000 pcc -0.0150 ccc -0.0065
2021-06-19 18:09:43,061 - utils.logger - INFO - Val result of epoch 31 / 70 mse 0.2345 rmse 0.4843 pcc 0.1533 ccc 0.0793
2021-06-19 18:09:43,481 - utils.logger - INFO - Cur epoch 32 loss ccc:0.1301
2021-06-19 18:09:43,888 - utils.logger - INFO - Cur epoch 32 loss ccc:0.1338
2021-06-19 18:09:44,200 - utils.logger - INFO - Cur epoch 32 loss ccc:1.0536
2021-06-19 18:09:44,200 - utils.logger - INFO - saving the model at the end of epoch 32, iters 192
2021-06-19 18:09:44,442 - utils.logger - INFO - End of training epoch 32 / 70 	 Time Taken: 1 sec, Data loading: 0 sec
2021-06-19 18:09:44,442 - utils.logger - INFO - learning rate = 0.0004634
2021-06-19 18:09:44,812 - utils.logger - INFO - Trn result of epoch 32 / 70 mse 0.1194 rmse 0.3456 pcc -0.0621 ccc -0.0300
2021-06-19 18:09:44,940 - utils.logger - INFO - Val result of epoch 32 / 70 mse 0.1279 rmse 0.3576 pcc 0.1456 ccc 0.0757
2021-06-19 18:09:45,321 - utils.logger - INFO - Cur epoch 33 loss ccc:0.1250
2021-06-19 18:09:45,737 - utils.logger - INFO - Cur epoch 33 loss ccc:0.1246
2021-06-19 18:09:46,087 - utils.logger - INFO - Cur epoch 33 loss ccc:1.0569
2021-06-19 18:09:46,088 - utils.logger - INFO - saving the model at the end of epoch 33, iters 198
2021-06-19 18:09:46,837 - utils.logger - INFO - End of training epoch 33 / 70 	 Time Taken: 1 sec, Data loading: 0 sec
2021-06-19 18:09:46,838 - utils.logger - INFO - learning rate = 0.0004512
2021-06-19 18:09:47,204 - utils.logger - INFO - Trn result of epoch 33 / 70 mse 0.1461 rmse 0.3823 pcc -0.0757 ccc -0.0351
2021-06-19 18:09:47,331 - utils.logger - INFO - Val result of epoch 33 / 70 mse 0.1624 rmse 0.4030 pcc 0.1413 ccc 0.0689
2021-06-19 18:09:47,731 - utils.logger - INFO - Cur epoch 34 loss ccc:0.1242
2021-06-19 18:09:48,138 - utils.logger - INFO - Cur epoch 34 loss ccc:0.1249
2021-06-19 18:09:48,461 - utils.logger - INFO - Cur epoch 34 loss ccc:1.0001
2021-06-19 18:09:48,461 - utils.logger - INFO - saving the model at the end of epoch 34, iters 204
2021-06-19 18:09:48,799 - utils.logger - INFO - End of training epoch 34 / 70 	 Time Taken: 1 sec, Data loading: 0 sec
2021-06-19 18:09:48,799 - utils.logger - INFO - learning rate = 0.0004390
2021-06-19 18:09:49,169 - utils.logger - INFO - Trn result of epoch 34 / 70 mse 0.1540 rmse 0.3924 pcc -0.0583 ccc -0.0324
2021-06-19 18:09:49,295 - utils.logger - INFO - Val result of epoch 34 / 70 mse 0.1690 rmse 0.4111 pcc 0.1457 ccc 0.0840
2021-06-19 18:09:49,694 - utils.logger - INFO - Cur epoch 35 loss ccc:0.1214
2021-06-19 18:09:50,093 - utils.logger - INFO - Cur epoch 35 loss ccc:0.1233
2021-06-19 18:09:50,439 - utils.logger - INFO - Cur epoch 35 loss ccc:0.9565
2021-06-19 18:09:50,440 - utils.logger - INFO - saving the model at the end of epoch 35, iters 210
2021-06-19 18:09:50,662 - utils.logger - INFO - End of training epoch 35 / 70 	 Time Taken: 1 sec, Data loading: 0 sec
2021-06-19 18:09:50,662 - utils.logger - INFO - learning rate = 0.0004268
2021-06-19 18:09:51,033 - utils.logger - INFO - Trn result of epoch 35 / 70 mse 0.1896 rmse 0.4355 pcc -0.1055 ccc -0.0185
2021-06-19 18:09:51,159 - utils.logger - INFO - Val result of epoch 35 / 70 mse 0.2192 rmse 0.4682 pcc 0.1297 ccc 0.0250
2021-06-19 18:09:51,565 - utils.logger - INFO - Cur epoch 36 loss ccc:0.1320
2021-06-19 18:09:51,963 - utils.logger - INFO - Cur epoch 36 loss ccc:0.1215
2021-06-19 18:09:52,281 - utils.logger - INFO - Cur epoch 36 loss ccc:1.0111
2021-06-19 18:09:52,281 - utils.logger - INFO - saving the model at the end of epoch 36, iters 216
2021-06-19 18:09:52,501 - utils.logger - INFO - End of training epoch 36 / 70 	 Time Taken: 1 sec, Data loading: 0 sec
2021-06-19 18:09:52,501 - utils.logger - INFO - learning rate = 0.0004146
2021-06-19 18:09:52,875 - utils.logger - INFO - Trn result of epoch 36 / 70 mse 0.1455 rmse 0.3814 pcc -0.1057 ccc -0.0154
2021-06-19 18:09:53,026 - utils.logger - INFO - Val result of epoch 36 / 70 mse 0.1735 rmse 0.4165 pcc 0.1336 ccc 0.0203
2021-06-19 18:09:53,432 - utils.logger - INFO - Cur epoch 37 loss ccc:0.1184
2021-06-19 18:09:53,824 - utils.logger - INFO - Cur epoch 37 loss ccc:0.1330
2021-06-19 18:09:54,168 - utils.logger - INFO - Cur epoch 37 loss ccc:1.0716
2021-06-19 18:09:54,168 - utils.logger - INFO - saving the model at the end of epoch 37, iters 222
2021-06-19 18:09:54,574 - utils.logger - INFO - End of training epoch 37 / 70 	 Time Taken: 1 sec, Data loading: 0 sec
2021-06-19 18:09:54,575 - utils.logger - INFO - learning rate = 0.0004024
2021-06-19 18:09:54,949 - utils.logger - INFO - Trn result of epoch 37 / 70 mse 0.1599 rmse 0.3999 pcc -0.1168 ccc -0.0201
2021-06-19 18:09:55,078 - utils.logger - INFO - Val result of epoch 37 / 70 mse 0.1880 rmse 0.4336 pcc 0.1324 ccc 0.0224
2021-06-19 18:09:55,471 - utils.logger - INFO - Cur epoch 38 loss ccc:0.1299
2021-06-19 18:09:55,878 - utils.logger - INFO - Cur epoch 38 loss ccc:0.1263
2021-06-19 18:09:56,213 - utils.logger - INFO - Cur epoch 38 loss ccc:0.9985
2021-06-19 18:09:56,214 - utils.logger - INFO - saving the model at the end of epoch 38, iters 228
2021-06-19 18:09:56,465 - utils.logger - INFO - End of training epoch 38 / 70 	 Time Taken: 1 sec, Data loading: 0 sec
2021-06-19 18:09:56,465 - utils.logger - INFO - learning rate = 0.0003902
2021-06-19 18:09:56,843 - utils.logger - INFO - Trn result of epoch 38 / 70 mse 0.1760 rmse 0.4196 pcc -0.1104 ccc -0.0079
2021-06-19 18:09:56,972 - utils.logger - INFO - Val result of epoch 38 / 70 mse 0.2119 rmse 0.4603 pcc 0.1364 ccc 0.0096
2021-06-19 18:09:57,376 - utils.logger - INFO - Cur epoch 39 loss ccc:0.1240
2021-06-19 18:09:57,791 - utils.logger - INFO - Cur epoch 39 loss ccc:0.1166
2021-06-19 18:09:58,169 - utils.logger - INFO - Cur epoch 39 loss ccc:0.9987
2021-06-19 18:09:58,230 - utils.logger - INFO - saving the model at the end of epoch 39, iters 234
2021-06-19 18:09:58,542 - utils.logger - INFO - End of training epoch 39 / 70 	 Time Taken: 1 sec, Data loading: 0 sec
2021-06-19 18:09:58,542 - utils.logger - INFO - learning rate = 0.0003780
2021-06-19 18:09:58,908 - utils.logger - INFO - Trn result of epoch 39 / 70 mse 0.1263 rmse 0.3553 pcc -0.0756 ccc -0.0062
2021-06-19 18:09:59,035 - utils.logger - INFO - Val result of epoch 39 / 70 mse 0.1544 rmse 0.3929 pcc 0.1463 ccc 0.0117
2021-06-19 18:09:59,431 - utils.logger - INFO - Cur epoch 40 loss ccc:0.1243
2021-06-19 18:09:59,845 - utils.logger - INFO - Cur epoch 40 loss ccc:0.1208
2021-06-19 18:10:00,187 - utils.logger - INFO - Cur epoch 40 loss ccc:0.9704
2021-06-19 18:10:00,188 - utils.logger - INFO - saving the model at the end of epoch 40, iters 240
2021-06-19 18:10:00,441 - utils.logger - INFO - End of training epoch 40 / 70 	 Time Taken: 1 sec, Data loading: 0 sec
2021-06-19 18:10:00,441 - utils.logger - INFO - learning rate = 0.0003659
2021-06-19 18:10:00,810 - utils.logger - INFO - Trn result of epoch 40 / 70 mse 0.2124 rmse 0.4608 pcc -0.0717 ccc -0.0040
2021-06-19 18:10:00,937 - utils.logger - INFO - Val result of epoch 40 / 70 mse 0.2532 rmse 0.5032 pcc 0.1437 ccc 0.0086
2021-06-19 18:10:01,344 - utils.logger - INFO - Cur epoch 41 loss ccc:0.1249
2021-06-19 18:10:01,749 - utils.logger - INFO - Cur epoch 41 loss ccc:0.1212
2021-06-19 18:10:02,082 - utils.logger - INFO - Cur epoch 41 loss ccc:0.9815
2021-06-19 18:10:02,082 - utils.logger - INFO - saving the model at the end of epoch 41, iters 246
2021-06-19 18:10:02,355 - utils.logger - INFO - End of training epoch 41 / 70 	 Time Taken: 1 sec, Data loading: 0 sec
2021-06-19 18:10:02,355 - utils.logger - INFO - learning rate = 0.0003537
2021-06-19 18:10:02,727 - utils.logger - INFO - Trn result of epoch 41 / 70 mse 0.1813 rmse 0.4258 pcc -0.0511 ccc -0.0046
2021-06-19 18:10:02,855 - utils.logger - INFO - Val result of epoch 41 / 70 mse 0.2176 rmse 0.4665 pcc 0.1492 ccc 0.0140
2021-06-19 18:10:03,274 - utils.logger - INFO - Cur epoch 42 loss ccc:0.1362
2021-06-19 18:10:03,689 - utils.logger - INFO - Cur epoch 42 loss ccc:0.1112
2021-06-19 18:10:04,028 - utils.logger - INFO - Cur epoch 42 loss ccc:0.8180
2021-06-19 18:10:04,028 - utils.logger - INFO - saving the model at the end of epoch 42, iters 252
2021-06-19 18:10:04,251 - utils.logger - INFO - End of training epoch 42 / 70 	 Time Taken: 1 sec, Data loading: 0 sec
2021-06-19 18:10:04,251 - utils.logger - INFO - learning rate = 0.0003415
2021-06-19 18:10:04,628 - utils.logger - INFO - Trn result of epoch 42 / 70 mse 0.2054 rmse 0.4532 pcc -0.0335 ccc -0.0084
2021-06-19 18:10:04,756 - utils.logger - INFO - Val result of epoch 42 / 70 mse 0.2376 rmse 0.4874 pcc 0.1515 ccc 0.0376
2021-06-19 18:10:05,163 - utils.logger - INFO - Cur epoch 43 loss ccc:0.1331
2021-06-19 18:10:05,578 - utils.logger - INFO - Cur epoch 43 loss ccc:0.1244
2021-06-19 18:10:05,910 - utils.logger - INFO - Cur epoch 43 loss ccc:1.0978
2021-06-19 18:10:05,910 - utils.logger - INFO - saving the model at the end of epoch 43, iters 258
2021-06-19 18:10:06,136 - utils.logger - INFO - End of training epoch 43 / 70 	 Time Taken: 1 sec, Data loading: 0 sec
2021-06-19 18:10:06,136 - utils.logger - INFO - learning rate = 0.0003293
2021-06-19 18:10:06,503 - utils.logger - INFO - Trn result of epoch 43 / 70 mse 0.1528 rmse 0.3908 pcc -0.0497 ccc -0.0109
2021-06-19 18:10:06,630 - utils.logger - INFO - Val result of epoch 43 / 70 mse 0.1806 rmse 0.4249 pcc 0.1481 ccc 0.0330
2021-06-19 18:10:07,042 - utils.logger - INFO - Cur epoch 44 loss ccc:0.1268
2021-06-19 18:10:07,442 - utils.logger - INFO - Cur epoch 44 loss ccc:0.1248
2021-06-19 18:10:07,787 - utils.logger - INFO - Cur epoch 44 loss ccc:0.9540
2021-06-19 18:10:07,787 - utils.logger - INFO - saving the model at the end of epoch 44, iters 264
2021-06-19 18:10:08,164 - utils.logger - INFO - End of training epoch 44 / 70 	 Time Taken: 1 sec, Data loading: 0 sec
2021-06-19 18:10:08,165 - utils.logger - INFO - learning rate = 0.0003171
2021-06-19 18:10:08,532 - utils.logger - INFO - Trn result of epoch 44 / 70 mse 0.1486 rmse 0.3855 pcc -0.0314 ccc -0.0074
2021-06-19 18:10:08,658 - utils.logger - INFO - Val result of epoch 44 / 70 mse 0.1762 rmse 0.4198 pcc 0.1507 ccc 0.0358
2021-06-19 18:10:09,075 - utils.logger - INFO - Cur epoch 45 loss ccc:0.1187
2021-06-19 18:10:09,483 - utils.logger - INFO - Cur epoch 45 loss ccc:0.1170
2021-06-19 18:10:09,819 - utils.logger - INFO - Cur epoch 45 loss ccc:0.9906
2021-06-19 18:10:09,819 - utils.logger - INFO - saving the model at the end of epoch 45, iters 270
2021-06-19 18:10:10,047 - utils.logger - INFO - End of training epoch 45 / 70 	 Time Taken: 1 sec, Data loading: 0 sec
2021-06-19 18:10:10,047 - utils.logger - INFO - learning rate = 0.0003049
2021-06-19 18:10:10,416 - utils.logger - INFO - Trn result of epoch 45 / 70 mse 0.2830 rmse 0.5320 pcc -0.0326 ccc -0.0064
2021-06-19 18:10:10,545 - utils.logger - INFO - Val result of epoch 45 / 70 mse 0.3207 rmse 0.5663 pcc 0.1520 ccc 0.0313
2021-06-19 18:10:10,951 - utils.logger - INFO - Cur epoch 46 loss ccc:0.1152
2021-06-19 18:10:11,361 - utils.logger - INFO - Cur epoch 46 loss ccc:0.1132
2021-06-19 18:10:11,719 - utils.logger - INFO - Cur epoch 46 loss ccc:1.0031
2021-06-19 18:10:11,719 - utils.logger - INFO - saving the model at the end of epoch 46, iters 276
2021-06-19 18:10:11,941 - utils.logger - INFO - End of training epoch 46 / 70 	 Time Taken: 1 sec, Data loading: 0 sec
2021-06-19 18:10:11,942 - utils.logger - INFO - learning rate = 0.0002927
2021-06-19 18:10:12,308 - utils.logger - INFO - Trn result of epoch 46 / 70 mse 0.3235 rmse 0.5687 pcc -0.0408 ccc -0.0073
2021-06-19 18:10:12,434 - utils.logger - INFO - Val result of epoch 46 / 70 mse 0.3625 rmse 0.6021 pcc 0.1507 ccc 0.0292
2021-06-19 18:10:12,848 - utils.logger - INFO - Cur epoch 47 loss ccc:0.1197
2021-06-19 18:10:13,257 - utils.logger - INFO - Cur epoch 47 loss ccc:0.0999
2021-06-19 18:10:13,590 - utils.logger - INFO - Cur epoch 47 loss ccc:1.0008
2021-06-19 18:10:13,590 - utils.logger - INFO - saving the model at the end of epoch 47, iters 282
2021-06-19 18:10:13,818 - utils.logger - INFO - End of training epoch 47 / 70 	 Time Taken: 1 sec, Data loading: 0 sec
2021-06-19 18:10:13,818 - utils.logger - INFO - learning rate = 0.0002805
2021-06-19 18:10:14,190 - utils.logger - INFO - Trn result of epoch 47 / 70 mse 0.2724 rmse 0.5220 pcc -0.0275 ccc -0.0054
2021-06-19 18:10:14,317 - utils.logger - INFO - Val result of epoch 47 / 70 mse 0.3102 rmse 0.5570 pcc 0.1527 ccc 0.0313
2021-06-19 18:10:14,730 - utils.logger - INFO - Cur epoch 48 loss ccc:0.1275
2021-06-19 18:10:15,138 - utils.logger - INFO - Cur epoch 48 loss ccc:0.1227
2021-06-19 18:10:15,481 - utils.logger - INFO - Cur epoch 48 loss ccc:1.0230
2021-06-19 18:10:15,481 - utils.logger - INFO - saving the model at the end of epoch 48, iters 288
2021-06-19 18:10:15,707 - utils.logger - INFO - End of training epoch 48 / 70 	 Time Taken: 1 sec, Data loading: 0 sec
2021-06-19 18:10:15,707 - utils.logger - INFO - learning rate = 0.0002683
2021-06-19 18:10:16,072 - utils.logger - INFO - Trn result of epoch 48 / 70 mse 0.2679 rmse 0.5176 pcc -0.0232 ccc -0.0045
2021-06-19 18:10:16,198 - utils.logger - INFO - Val result of epoch 48 / 70 mse 0.3060 rmse 0.5532 pcc 0.1531 ccc 0.0311
2021-06-19 18:10:16,598 - utils.logger - INFO - Cur epoch 49 loss ccc:0.1164
2021-06-19 18:10:16,990 - utils.logger - INFO - Cur epoch 49 loss ccc:0.1143
2021-06-19 18:10:17,346 - utils.logger - INFO - Cur epoch 49 loss ccc:0.9117
2021-06-19 18:10:17,346 - utils.logger - INFO - saving the model at the end of epoch 49, iters 294
2021-06-19 18:10:17,577 - utils.logger - INFO - End of training epoch 49 / 70 	 Time Taken: 1 sec, Data loading: 0 sec
2021-06-19 18:10:17,577 - utils.logger - INFO - learning rate = 0.0002561
2021-06-19 18:10:17,952 - utils.logger - INFO - Trn result of epoch 49 / 70 mse 0.2802 rmse 0.5294 pcc -0.0282 ccc -0.0050
2021-06-19 18:10:18,081 - utils.logger - INFO - Val result of epoch 49 / 70 mse 0.3193 rmse 0.5650 pcc 0.1526 ccc 0.0288
2021-06-19 18:10:18,472 - utils.logger - INFO - Cur epoch 50 loss ccc:0.1249
2021-06-19 18:10:18,901 - utils.logger - INFO - Cur epoch 50 loss ccc:0.1290
2021-06-19 18:10:19,272 - utils.logger - INFO - Cur epoch 50 loss ccc:0.9515
2021-06-19 18:10:19,272 - utils.logger - INFO - saving the model at the end of epoch 50, iters 300
2021-06-19 18:10:19,819 - utils.logger - INFO - End of training epoch 50 / 70 	 Time Taken: 1 sec, Data loading: 0 sec
2021-06-19 18:10:19,819 - utils.logger - INFO - learning rate = 0.0002439
2021-06-19 18:10:20,189 - utils.logger - INFO - Trn result of epoch 50 / 70 mse 0.1987 rmse 0.4458 pcc -0.0333 ccc -0.0082
2021-06-19 18:10:20,317 - utils.logger - INFO - Val result of epoch 50 / 70 mse 0.2298 rmse 0.4794 pcc 0.1515 ccc 0.0385
2021-06-19 18:10:20,718 - utils.logger - INFO - Cur epoch 51 loss ccc:0.1278
2021-06-19 18:10:21,133 - utils.logger - INFO - Cur epoch 51 loss ccc:0.1147
2021-06-19 18:10:21,464 - utils.logger - INFO - Cur epoch 51 loss ccc:0.9303
2021-06-19 18:10:21,464 - utils.logger - INFO - saving the model at the end of epoch 51, iters 306
2021-06-19 18:10:21,688 - utils.logger - INFO - End of training epoch 51 / 70 	 Time Taken: 1 sec, Data loading: 0 sec
2021-06-19 18:10:21,689 - utils.logger - INFO - learning rate = 0.0002317
2021-06-19 18:10:22,055 - utils.logger - INFO - Trn result of epoch 51 / 70 mse 0.1294 rmse 0.3597 pcc -0.0164 ccc -0.0048
2021-06-19 18:10:22,182 - utils.logger - INFO - Val result of epoch 51 / 70 mse 0.1531 rmse 0.3913 pcc 0.1537 ccc 0.0442
2021-06-19 18:10:22,579 - utils.logger - INFO - Cur epoch 52 loss ccc:0.1363
2021-06-19 18:10:22,985 - utils.logger - INFO - Cur epoch 52 loss ccc:0.1248
2021-06-19 18:10:23,315 - utils.logger - INFO - Cur epoch 52 loss ccc:1.0138
2021-06-19 18:10:23,315 - utils.logger - INFO - saving the model at the end of epoch 52, iters 312
2021-06-19 18:10:23,590 - utils.logger - INFO - End of training epoch 52 / 70 	 Time Taken: 1 sec, Data loading: 0 sec
2021-06-19 18:10:23,590 - utils.logger - INFO - learning rate = 0.0002195
2021-06-19 18:10:23,955 - utils.logger - INFO - Trn result of epoch 52 / 70 mse 0.1189 rmse 0.3449 pcc -0.0052 ccc -0.0014
2021-06-19 18:10:24,082 - utils.logger - INFO - Val result of epoch 52 / 70 mse 0.1413 rmse 0.3759 pcc 0.1545 ccc 0.0402
2021-06-19 18:10:24,475 - utils.logger - INFO - Cur epoch 53 loss ccc:0.1248
2021-06-19 18:10:24,875 - utils.logger - INFO - Cur epoch 53 loss ccc:0.1210
2021-06-19 18:10:25,252 - utils.logger - INFO - Cur epoch 53 loss ccc:0.9925
2021-06-19 18:10:25,252 - utils.logger - INFO - saving the model at the end of epoch 53, iters 318
2021-06-19 18:10:25,480 - utils.logger - INFO - End of training epoch 53 / 70 	 Time Taken: 1 sec, Data loading: 0 sec
2021-06-19 18:10:25,481 - utils.logger - INFO - learning rate = 0.0002073
2021-06-19 18:10:25,862 - utils.logger - INFO - Trn result of epoch 53 / 70 mse 0.1575 rmse 0.3969 pcc -0.0074 ccc -0.0026
2021-06-19 18:10:25,995 - utils.logger - INFO - Val result of epoch 53 / 70 mse 0.1838 rmse 0.4288 pcc 0.1543 ccc 0.0537
2021-06-19 18:10:26,408 - utils.logger - INFO - Cur epoch 54 loss ccc:0.1078
2021-06-19 18:10:26,823 - utils.logger - INFO - Cur epoch 54 loss ccc:0.1342
2021-06-19 18:10:27,175 - utils.logger - INFO - Cur epoch 54 loss ccc:1.0028
2021-06-19 18:10:27,175 - utils.logger - INFO - saving the model at the end of epoch 54, iters 324
2021-06-19 18:10:27,403 - utils.logger - INFO - End of training epoch 54 / 70 	 Time Taken: 1 sec, Data loading: 0 sec
2021-06-19 18:10:27,403 - utils.logger - INFO - learning rate = 0.0001951
2021-06-19 18:10:27,774 - utils.logger - INFO - Trn result of epoch 54 / 70 mse 0.1708 rmse 0.4132 pcc -0.0096 ccc -0.0033
2021-06-19 18:10:27,901 - utils.logger - INFO - Val result of epoch 54 / 70 mse 0.1984 rmse 0.4454 pcc 0.1541 ccc 0.0528
2021-06-19 18:10:28,312 - utils.logger - INFO - Cur epoch 55 loss ccc:0.1180
2021-06-19 18:10:28,695 - utils.logger - INFO - Cur epoch 55 loss ccc:0.1160
2021-06-19 18:10:29,033 - utils.logger - INFO - Cur epoch 55 loss ccc:0.5663
2021-06-19 18:10:29,033 - utils.logger - INFO - saving the model at the end of epoch 55, iters 330
2021-06-19 18:10:29,268 - utils.logger - INFO - End of training epoch 55 / 70 	 Time Taken: 1 sec, Data loading: 0 sec
2021-06-19 18:10:29,268 - utils.logger - INFO - learning rate = 0.0001829
2021-06-19 18:10:29,637 - utils.logger - INFO - Trn result of epoch 55 / 70 mse 0.1180 rmse 0.3436 pcc -0.0028 ccc -0.0009
2021-06-19 18:10:29,770 - utils.logger - INFO - Val result of epoch 55 / 70 mse 0.1392 rmse 0.3731 pcc 0.1544 ccc 0.0461
2021-06-19 18:10:30,178 - utils.logger - INFO - Cur epoch 56 loss ccc:0.1317
2021-06-19 18:10:30,582 - utils.logger - INFO - Cur epoch 56 loss ccc:0.1191
2021-06-19 18:10:30,910 - utils.logger - INFO - Cur epoch 56 loss ccc:0.9777
2021-06-19 18:10:30,910 - utils.logger - INFO - saving the model at the end of epoch 56, iters 336
2021-06-19 18:10:31,137 - utils.logger - INFO - End of training epoch 56 / 70 	 Time Taken: 1 sec, Data loading: 0 sec
2021-06-19 18:10:31,137 - utils.logger - INFO - learning rate = 0.0001707
2021-06-19 18:10:31,507 - utils.logger - INFO - Trn result of epoch 56 / 70 mse 0.1110 rmse 0.3332 pcc 0.0026 ccc 0.0006
2021-06-19 18:10:31,645 - utils.logger - INFO - Val result of epoch 56 / 70 mse 0.1303 rmse 0.3610 pcc 0.1547 ccc 0.0379
2021-06-19 18:10:32,029 - utils.logger - INFO - Cur epoch 57 loss ccc:0.1136
2021-06-19 18:10:32,437 - utils.logger - INFO - Cur epoch 57 loss ccc:0.1198
2021-06-19 18:10:32,790 - utils.logger - INFO - Cur epoch 57 loss ccc:0.9805
2021-06-19 18:10:32,790 - utils.logger - INFO - saving the model at the end of epoch 57, iters 342
2021-06-19 18:10:33,014 - utils.logger - INFO - End of training epoch 57 / 70 	 Time Taken: 1 sec, Data loading: 0 sec
2021-06-19 18:10:33,015 - utils.logger - INFO - learning rate = 0.0001585
2021-06-19 18:10:33,385 - utils.logger - INFO - Trn result of epoch 57 / 70 mse 0.1146 rmse 0.3386 pcc -0.0036 ccc -0.0010
2021-06-19 18:10:33,530 - utils.logger - INFO - Val result of epoch 57 / 70 mse 0.1350 rmse 0.3674 pcc 0.1544 ccc 0.0426
2021-06-19 18:10:33,923 - utils.logger - INFO - Cur epoch 58 loss ccc:0.1196
2021-06-19 18:10:34,329 - utils.logger - INFO - Cur epoch 58 loss ccc:0.1252
2021-06-19 18:10:34,660 - utils.logger - INFO - Cur epoch 58 loss ccc:1.0061
2021-06-19 18:10:34,660 - utils.logger - INFO - saving the model at the end of epoch 58, iters 348
2021-06-19 18:10:34,900 - utils.logger - INFO - End of training epoch 58 / 70 	 Time Taken: 1 sec, Data loading: 0 sec
2021-06-19 18:10:34,900 - utils.logger - INFO - learning rate = 0.0001463
2021-06-19 18:10:35,264 - utils.logger - INFO - Trn result of epoch 58 / 70 mse 0.1188 rmse 0.3446 pcc -0.0048 ccc -0.0014
2021-06-19 18:10:35,390 - utils.logger - INFO - Val result of epoch 58 / 70 mse 0.1402 rmse 0.3745 pcc 0.1544 ccc 0.0452
2021-06-19 18:10:35,786 - utils.logger - INFO - Cur epoch 59 loss ccc:0.1217
2021-06-19 18:10:36,200 - utils.logger - INFO - Cur epoch 59 loss ccc:0.1250
2021-06-19 18:10:36,553 - utils.logger - INFO - Cur epoch 59 loss ccc:0.9202
2021-06-19 18:10:36,553 - utils.logger - INFO - saving the model at the end of epoch 59, iters 354
2021-06-19 18:10:36,777 - utils.logger - INFO - End of training epoch 59 / 70 	 Time Taken: 1 sec, Data loading: 0 sec
2021-06-19 18:10:36,777 - utils.logger - INFO - learning rate = 0.0001341
2021-06-19 18:10:37,154 - utils.logger - INFO - Trn result of epoch 59 / 70 mse 0.1233 rmse 0.3511 pcc -0.0093 ccc -0.0029
2021-06-19 18:10:37,283 - utils.logger - INFO - Val result of epoch 59 / 70 mse 0.1456 rmse 0.3815 pcc 0.1543 ccc 0.0463
2021-06-19 18:10:37,683 - utils.logger - INFO - Cur epoch 60 loss ccc:0.1271
2021-06-19 18:10:38,084 - utils.logger - INFO - Cur epoch 60 loss ccc:0.1087
2021-06-19 18:10:38,408 - utils.logger - INFO - Cur epoch 60 loss ccc:0.8093
2021-06-19 18:10:38,408 - utils.logger - INFO - saving the model at the end of epoch 60, iters 360
2021-06-19 18:10:38,635 - utils.logger - INFO - End of training epoch 60 / 70 	 Time Taken: 1 sec, Data loading: 0 sec
2021-06-19 18:10:38,635 - utils.logger - INFO - learning rate = 0.0001220
2021-06-19 18:10:39,002 - utils.logger - INFO - Trn result of epoch 60 / 70 mse 0.1171 rmse 0.3421 pcc 0.0040 ccc 0.0012
2021-06-19 18:10:39,128 - utils.logger - INFO - Val result of epoch 60 / 70 mse 0.1388 rmse 0.3725 pcc 0.1548 ccc 0.0429
2021-06-19 18:10:39,535 - utils.logger - INFO - Cur epoch 61 loss ccc:0.1200
2021-06-19 18:10:39,945 - utils.logger - INFO - Cur epoch 61 loss ccc:0.0985
2021-06-19 18:10:40,264 - utils.logger - INFO - Cur epoch 61 loss ccc:1.0243
2021-06-19 18:10:40,265 - utils.logger - INFO - saving the model at the end of epoch 61, iters 366
2021-06-19 18:10:40,488 - utils.logger - INFO - End of training epoch 61 / 70 	 Time Taken: 1 sec, Data loading: 0 sec
2021-06-19 18:10:40,489 - utils.logger - INFO - learning rate = 0.0001098
2021-06-19 18:10:40,855 - utils.logger - INFO - Trn result of epoch 61 / 70 mse 0.1241 rmse 0.3523 pcc 0.0059 ccc 0.0018
2021-06-19 18:10:40,982 - utils.logger - INFO - Val result of epoch 61 / 70 mse 0.1477 rmse 0.3843 pcc 0.1548 ccc 0.0447
2021-06-19 18:10:41,371 - utils.logger - INFO - Cur epoch 62 loss ccc:0.1331
2021-06-19 18:10:41,771 - utils.logger - INFO - Cur epoch 62 loss ccc:0.1189
2021-06-19 18:10:42,094 - utils.logger - INFO - Cur epoch 62 loss ccc:1.1018
2021-06-19 18:10:42,094 - utils.logger - INFO - saving the model at the end of epoch 62, iters 372
2021-06-19 18:10:42,431 - utils.logger - INFO - End of training epoch 62 / 70 	 Time Taken: 1 sec, Data loading: 0 sec
2021-06-19 18:10:42,431 - utils.logger - INFO - learning rate = 0.0000976
2021-06-19 18:10:42,798 - utils.logger - INFO - Trn result of epoch 62 / 70 mse 0.1250 rmse 0.3536 pcc 0.0122 ccc 0.0036
2021-06-19 18:10:42,924 - utils.logger - INFO - Val result of epoch 62 / 70 mse 0.1495 rmse 0.3867 pcc 0.1547 ccc 0.0428
2021-06-19 18:10:43,315 - utils.logger - INFO - Cur epoch 63 loss ccc:0.1343
2021-06-19 18:10:43,731 - utils.logger - INFO - Cur epoch 63 loss ccc:0.1202
2021-06-19 18:10:44,075 - utils.logger - INFO - Cur epoch 63 loss ccc:1.0322
2021-06-19 18:10:44,075 - utils.logger - INFO - saving the model at the end of epoch 63, iters 378
2021-06-19 18:10:44,294 - utils.logger - INFO - End of training epoch 63 / 70 	 Time Taken: 1 sec, Data loading: 0 sec
2021-06-19 18:10:44,294 - utils.logger - INFO - learning rate = 0.0000854
2021-06-19 18:10:44,658 - utils.logger - INFO - Trn result of epoch 63 / 70 mse 0.1253 rmse 0.3539 pcc 0.0147 ccc 0.0043
2021-06-19 18:10:44,784 - utils.logger - INFO - Val result of epoch 63 / 70 mse 0.1500 rmse 0.3873 pcc 0.1546 ccc 0.0426
2021-06-19 18:10:45,186 - utils.logger - INFO - Cur epoch 64 loss ccc:0.1252
2021-06-19 18:10:45,574 - utils.logger - INFO - Cur epoch 64 loss ccc:0.1279
2021-06-19 18:10:45,894 - utils.logger - INFO - Cur epoch 64 loss ccc:0.9997
2021-06-19 18:10:45,894 - utils.logger - INFO - saving the model at the end of epoch 64, iters 384
2021-06-19 18:10:46,110 - utils.logger - INFO - End of training epoch 64 / 70 	 Time Taken: 1 sec, Data loading: 0 sec
2021-06-19 18:10:46,111 - utils.logger - INFO - learning rate = 0.0000732
2021-06-19 18:10:46,479 - utils.logger - INFO - Trn result of epoch 64 / 70 mse 0.1161 rmse 0.3407 pcc 0.0267 ccc 0.0077
2021-06-19 18:10:46,605 - utils.logger - INFO - Val result of epoch 64 / 70 mse 0.1389 rmse 0.3727 pcc 0.1537 ccc 0.0406
2021-06-19 18:10:46,990 - utils.logger - INFO - Cur epoch 65 loss ccc:0.1254
2021-06-19 18:10:47,383 - utils.logger - INFO - Cur epoch 65 loss ccc:0.1294
2021-06-19 18:10:47,700 - utils.logger - INFO - Cur epoch 65 loss ccc:1.0026
2021-06-19 18:10:47,700 - utils.logger - INFO - saving the model at the end of epoch 65, iters 390
2021-06-19 18:10:47,934 - utils.logger - INFO - End of training epoch 65 / 70 	 Time Taken: 1 sec, Data loading: 0 sec
2021-06-19 18:10:47,935 - utils.logger - INFO - learning rate = 0.0000610
2021-06-19 18:10:48,303 - utils.logger - INFO - Trn result of epoch 65 / 70 mse 0.1170 rmse 0.3421 pcc 0.0269 ccc 0.0078
2021-06-19 18:10:48,444 - utils.logger - INFO - Val result of epoch 65 / 70 mse 0.1401 rmse 0.3743 pcc 0.1537 ccc 0.0412
2021-06-19 18:10:48,850 - utils.logger - INFO - Cur epoch 66 loss ccc:0.1250
2021-06-19 18:10:49,260 - utils.logger - INFO - Cur epoch 66 loss ccc:0.1006
2021-06-19 18:10:49,583 - utils.logger - INFO - Cur epoch 66 loss ccc:1.0351
2021-06-19 18:10:49,584 - utils.logger - INFO - saving the model at the end of epoch 66, iters 396
2021-06-19 18:10:49,808 - utils.logger - INFO - End of training epoch 66 / 70 	 Time Taken: 1 sec, Data loading: 0 sec
2021-06-19 18:10:49,809 - utils.logger - INFO - learning rate = 0.0000488
2021-06-19 18:10:50,176 - utils.logger - INFO - Trn result of epoch 66 / 70 mse 0.1245 rmse 0.3529 pcc 0.0266 ccc 0.0086
2021-06-19 18:10:50,314 - utils.logger - INFO - Val result of epoch 66 / 70 mse 0.1493 rmse 0.3864 pcc 0.1536 ccc 0.0452
2021-06-19 18:10:50,701 - utils.logger - INFO - Cur epoch 67 loss ccc:0.1331
2021-06-19 18:10:51,094 - utils.logger - INFO - Cur epoch 67 loss ccc:0.1029
2021-06-19 18:10:51,431 - utils.logger - INFO - Cur epoch 67 loss ccc:0.9951
2021-06-19 18:10:51,431 - utils.logger - INFO - saving the model at the end of epoch 67, iters 402
2021-06-19 18:10:51,701 - utils.logger - INFO - End of training epoch 67 / 70 	 Time Taken: 1 sec, Data loading: 0 sec
2021-06-19 18:10:51,702 - utils.logger - INFO - learning rate = 0.0000366
2021-06-19 18:10:52,071 - utils.logger - INFO - Trn result of epoch 67 / 70 mse 0.1311 rmse 0.3621 pcc 0.0244 ccc 0.0080
2021-06-19 18:10:52,197 - utils.logger - INFO - Val result of epoch 67 / 70 mse 0.1571 rmse 0.3964 pcc 0.1538 ccc 0.0463
2021-06-19 18:10:52,590 - utils.logger - INFO - Cur epoch 68 loss ccc:0.1091
2021-06-19 18:10:52,988 - utils.logger - INFO - Cur epoch 68 loss ccc:0.1225
2021-06-19 18:10:53,341 - utils.logger - INFO - Cur epoch 68 loss ccc:0.9729
2021-06-19 18:10:53,342 - utils.logger - INFO - saving the model at the end of epoch 68, iters 408
2021-06-19 18:10:53,639 - utils.logger - INFO - End of training epoch 68 / 70 	 Time Taken: 1 sec, Data loading: 0 sec
2021-06-19 18:10:53,639 - utils.logger - INFO - learning rate = 0.0000244
2021-06-19 18:10:54,027 - utils.logger - INFO - Trn result of epoch 68 / 70 mse 0.1310 rmse 0.3619 pcc 0.0201 ccc 0.0065
2021-06-19 18:10:54,155 - utils.logger - INFO - Val result of epoch 68 / 70 mse 0.1568 rmse 0.3959 pcc 0.1542 ccc 0.0459
2021-06-19 18:10:54,558 - utils.logger - INFO - Cur epoch 69 loss ccc:0.1069
2021-06-19 18:10:54,958 - utils.logger - INFO - Cur epoch 69 loss ccc:0.1373
2021-06-19 18:10:55,292 - utils.logger - INFO - Cur epoch 69 loss ccc:1.0223
2021-06-19 18:10:55,292 - utils.logger - INFO - saving the model at the end of epoch 69, iters 414
2021-06-19 18:10:55,518 - utils.logger - INFO - End of training epoch 69 / 70 	 Time Taken: 1 sec, Data loading: 0 sec
2021-06-19 18:10:55,518 - utils.logger - INFO - learning rate = 0.0000122
2021-06-19 18:10:55,890 - utils.logger - INFO - Trn result of epoch 69 / 70 mse 0.1299 rmse 0.3603 pcc 0.0188 ccc 0.0060
2021-06-19 18:10:56,017 - utils.logger - INFO - Val result of epoch 69 / 70 mse 0.1554 rmse 0.3942 pcc 0.1543 ccc 0.0458
2021-06-19 18:10:56,398 - utils.logger - INFO - Cur epoch 70 loss ccc:0.1250
2021-06-19 18:10:56,770 - utils.logger - INFO - Cur epoch 70 loss ccc:0.1177
2021-06-19 18:10:57,087 - utils.logger - INFO - Cur epoch 70 loss ccc:0.9803
2021-06-19 18:10:57,087 - utils.logger - INFO - saving the model at the end of epoch 70, iters 420
2021-06-19 18:10:57,445 - utils.logger - INFO - End of training epoch 70 / 70 	 Time Taken: 1 sec, Data loading: 0 sec
2021-06-19 18:10:57,445 - utils.logger - INFO - learning rate = 0.0000000
2021-06-19 18:10:57,811 - utils.logger - INFO - Trn result of epoch 70 / 70 mse 0.1300 rmse 0.3605 pcc 0.0189 ccc 0.0061
2021-06-19 18:10:57,939 - utils.logger - INFO - Val result of epoch 70 / 70 mse 0.1555 rmse 0.3943 pcc 0.1543 ccc 0.0461
2021-06-19 18:10:57,939 - utils.logger - INFO - Best eval epoch 9 found with ccc 0.127477
2021-06-19 18:10:57,939 - utils.logger - INFO - baseline_fcfusion_wonorm_vggish-egemaps_EDA_hidden1024_seq100_lr0.0005_cccloss_run1
