2021-06-05 09:18:00,105 - utils.logger - INFO - The number of training samples = 41
2021-06-05 09:18:48,439 - utils.logger - INFO - Cur epoch 1 loss MSE:0.1391
2021-06-05 09:18:54,747 - utils.logger - INFO - Cur epoch 1 loss MSE:0.3689
2021-06-05 09:19:03,737 - utils.logger - INFO - Cur epoch 1 loss MSE:1.9566
2021-06-05 09:19:03,737 - utils.logger - INFO - saving the model at the end of epoch 1, iters 6
2021-06-05 09:19:04,108 - utils.logger - INFO - End of training epoch 1 / 50 	 Time Taken: 47 sec, Data loading: 45 sec
2021-06-05 09:19:04,108 - utils.logger - INFO - learning rate = 0.0000100
2021-06-05 09:19:38,250 - utils.logger - INFO - Trn result of epoch 1 / 50 mse 0.0444 rmse 0.2107 pcc 0.1329 ccc 0.0038
2021-06-05 09:20:03,709 - utils.logger - INFO - Val result of epoch 1 / 50 mse 0.0376 rmse 0.1940 pcc 0.2283 ccc 0.0080
2021-06-05 09:20:17,860 - utils.logger - INFO - Cur epoch 2 loss MSE:0.3774
2021-06-05 09:20:30,250 - utils.logger - INFO - Cur epoch 2 loss MSE:0.0131
2021-06-05 09:20:39,474 - utils.logger - INFO - Cur epoch 2 loss MSE:0.2379
2021-06-05 09:20:39,474 - utils.logger - INFO - saving the model at the end of epoch 2, iters 12
2021-06-05 09:20:39,937 - utils.logger - INFO - End of training epoch 2 / 50 	 Time Taken: 36 sec, Data loading: 33 sec
2021-06-05 09:20:39,945 - utils.logger - INFO - learning rate = 0.0000100
2021-06-05 09:21:02,375 - utils.logger - INFO - Trn result of epoch 2 / 50 mse 0.0442 rmse 0.2102 pcc 0.2004 ccc 0.0100
2021-06-05 09:21:11,659 - utils.logger - INFO - Val result of epoch 2 / 50 mse 0.0373 rmse 0.1931 pcc 0.2830 ccc 0.0178
2021-06-05 09:21:19,994 - utils.logger - INFO - Cur epoch 3 loss MSE:0.9586
2021-06-05 09:21:21,268 - utils.logger - INFO - Cur epoch 3 loss MSE:0.0116
2021-06-05 09:21:22,146 - utils.logger - INFO - Cur epoch 3 loss MSE:0.0166
2021-06-05 09:21:22,147 - utils.logger - INFO - saving the model at the end of epoch 3, iters 18
2021-06-05 09:21:22,586 - utils.logger - INFO - End of training epoch 3 / 50 	 Time Taken: 10 sec, Data loading: 8 sec
2021-06-05 09:21:22,586 - utils.logger - INFO - learning rate = 0.0000100
2021-06-05 09:21:30,471 - utils.logger - INFO - Trn result of epoch 3 / 50 mse 0.0438 rmse 0.2094 pcc 0.1993 ccc 0.0190
2021-06-05 09:21:35,521 - utils.logger - INFO - Val result of epoch 3 / 50 mse 0.0368 rmse 0.1918 pcc 0.2887 ccc 0.0339
2021-06-05 09:21:38,905 - utils.logger - INFO - Cur epoch 4 loss MSE:0.0416
2021-06-05 09:21:57,040 - utils.logger - INFO - Cur epoch 4 loss MSE:0.9126
2021-06-05 09:22:04,552 - utils.logger - INFO - Cur epoch 4 loss MSE:2.0774
2021-06-05 09:22:04,552 - utils.logger - INFO - saving the model at the end of epoch 4, iters 24
2021-06-05 09:22:05,130 - utils.logger - INFO - End of training epoch 4 / 50 	 Time Taken: 29 sec, Data loading: 27 sec
2021-06-05 09:22:05,131 - utils.logger - INFO - learning rate = 0.0000100
2021-06-05 09:23:15,531 - utils.logger - INFO - Trn result of epoch 4 / 50 mse 0.0434 rmse 0.2084 pcc 0.2189 ccc 0.0328
2021-06-05 09:24:03,775 - utils.logger - INFO - Val result of epoch 4 / 50 mse 0.0362 rmse 0.1902 pcc 0.2944 ccc 0.0541
2021-06-05 09:24:31,157 - utils.logger - INFO - Cur epoch 5 loss MSE:0.2488
2021-06-05 09:25:05,117 - utils.logger - INFO - Cur epoch 5 loss MSE:0.3695
2021-06-05 09:25:38,685 - utils.logger - INFO - Cur epoch 5 loss MSE:0.0999
2021-06-05 09:25:38,685 - utils.logger - INFO - saving the model at the end of epoch 5, iters 30
2021-06-05 09:25:39,507 - utils.logger - INFO - End of training epoch 5 / 50 	 Time Taken: 95 sec, Data loading: 91 sec
2021-06-05 09:25:39,509 - utils.logger - INFO - learning rate = 0.0000100
2021-06-05 09:28:40,574 - utils.logger - INFO - Trn result of epoch 5 / 50 mse 0.0418 rmse 0.2045 pcc 0.2691 ccc 0.0606
2021-06-05 09:29:14,053 - utils.logger - INFO - Val result of epoch 5 / 50 mse 0.0358 rmse 0.1892 pcc 0.2905 ccc 0.0831
2021-06-05 09:29:24,212 - utils.logger - INFO - Cur epoch 6 loss MSE:0.1422
2021-06-05 09:29:49,406 - utils.logger - INFO - Cur epoch 6 loss MSE:0.2741
2021-06-05 09:30:01,235 - utils.logger - INFO - Cur epoch 6 loss MSE:0.1392
2021-06-05 09:30:01,236 - utils.logger - INFO - saving the model at the end of epoch 6, iters 36
2021-06-05 09:30:01,701 - utils.logger - INFO - End of training epoch 6 / 50 	 Time Taken: 47 sec, Data loading: 45 sec
2021-06-05 09:30:01,701 - utils.logger - INFO - learning rate = 0.0000100
2021-06-05 09:30:58,377 - utils.logger - INFO - Trn result of epoch 6 / 50 mse 0.0409 rmse 0.2023 pcc 0.3070 ccc 0.0932
2021-06-05 09:30:59,087 - utils.logger - INFO - Val result of epoch 6 / 50 mse 0.0361 rmse 0.1899 pcc 0.3017 ccc 0.1144
2021-06-05 09:31:29,477 - utils.logger - INFO - Cur epoch 7 loss MSE:0.3444
2021-06-05 09:31:54,093 - utils.logger - INFO - Cur epoch 7 loss MSE:0.0019
2021-06-05 09:32:05,297 - utils.logger - INFO - Cur epoch 7 loss MSE:1.1795
2021-06-05 09:32:05,298 - utils.logger - INFO - saving the model at the end of epoch 7, iters 42
2021-06-05 09:32:06,031 - utils.logger - INFO - End of training epoch 7 / 50 	 Time Taken: 66 sec, Data loading: 64 sec
2021-06-05 09:32:06,032 - utils.logger - INFO - learning rate = 0.0000100
2021-06-05 09:32:22,250 - utils.logger - INFO - Trn result of epoch 7 / 50 mse 0.0552 rmse 0.2350 pcc 0.2965 ccc 0.0877
2021-06-05 09:32:34,207 - utils.logger - INFO - Val result of epoch 7 / 50 mse 0.0549 rmse 0.2343 pcc 0.2842 ccc 0.1001
2021-06-05 09:32:51,943 - utils.logger - INFO - Cur epoch 8 loss MSE:0.0572
2021-06-05 09:33:03,216 - utils.logger - INFO - Cur epoch 8 loss MSE:0.6257
2021-06-05 09:33:05,076 - utils.logger - INFO - Cur epoch 8 loss MSE:1.2110
2021-06-05 09:33:05,076 - utils.logger - INFO - saving the model at the end of epoch 8, iters 48
2021-06-05 09:33:05,419 - utils.logger - INFO - End of training epoch 8 / 50 	 Time Taken: 31 sec, Data loading: 29 sec
2021-06-05 09:33:05,419 - utils.logger - INFO - learning rate = 0.0000100
2021-06-05 09:33:42,063 - utils.logger - INFO - Trn result of epoch 8 / 50 mse 0.0388 rmse 0.1969 pcc 0.3831 ccc 0.1580
2021-06-05 09:33:47,311 - utils.logger - INFO - Val result of epoch 8 / 50 mse 0.0340 rmse 0.1844 pcc 0.3279 ccc 0.1690
2021-06-05 09:34:04,192 - utils.logger - INFO - Cur epoch 9 loss MSE:0.6701
2021-06-05 09:34:38,782 - utils.logger - INFO - Cur epoch 9 loss MSE:0.0156
2021-06-05 09:34:54,260 - utils.logger - INFO - Cur epoch 9 loss MSE:5.4743
2021-06-05 09:34:54,260 - utils.logger - INFO - saving the model at the end of epoch 9, iters 54
2021-06-05 09:34:54,822 - utils.logger - INFO - End of training epoch 9 / 50 	 Time Taken: 67 sec, Data loading: 65 sec
2021-06-05 09:34:54,822 - utils.logger - INFO - learning rate = 0.0000100
2021-06-05 09:35:37,114 - utils.logger - INFO - Trn result of epoch 9 / 50 mse 0.0397 rmse 0.1991 pcc 0.3537 ccc 0.1939
2021-06-05 09:35:58,196 - utils.logger - INFO - Val result of epoch 9 / 50 mse 0.0337 rmse 0.1837 pcc 0.3460 ccc 0.2266
2021-06-05 09:36:10,683 - utils.logger - INFO - Cur epoch 10 loss MSE:0.0530
2021-06-05 09:36:31,207 - utils.logger - INFO - Cur epoch 10 loss MSE:0.7957
2021-06-05 09:36:38,301 - utils.logger - INFO - Cur epoch 10 loss MSE:2.7970
2021-06-05 09:36:38,302 - utils.logger - INFO - saving the model at the end of epoch 10, iters 60
2021-06-05 09:36:38,829 - utils.logger - INFO - End of training epoch 10 / 50 	 Time Taken: 40 sec, Data loading: 38 sec
2021-06-05 09:36:38,830 - utils.logger - INFO - learning rate = 0.0000100
2021-06-05 09:37:16,550 - utils.logger - INFO - Trn result of epoch 10 / 50 mse 0.0363 rmse 0.1904 pcc 0.4509 ccc 0.2429
2021-06-05 09:37:30,991 - utils.logger - INFO - Val result of epoch 10 / 50 mse 0.0335 rmse 0.1831 pcc 0.3705 ccc 0.2431
2021-06-05 09:37:49,109 - utils.logger - INFO - Cur epoch 11 loss MSE:0.4329
2021-06-05 09:37:56,741 - utils.logger - INFO - Cur epoch 11 loss MSE:0.0077
2021-06-05 09:38:29,490 - utils.logger - INFO - Cur epoch 11 loss MSE:0.3002
2021-06-05 09:38:29,490 - utils.logger - INFO - saving the model at the end of epoch 11, iters 66
2021-06-05 09:38:29,959 - utils.logger - INFO - End of training epoch 11 / 50 	 Time Taken: 58 sec, Data loading: 56 sec
2021-06-05 09:38:29,959 - utils.logger - INFO - learning rate = 0.0000100
2021-06-05 09:39:11,365 - utils.logger - INFO - Trn result of epoch 11 / 50 mse 0.0462 rmse 0.2150 pcc 0.4850 ccc 0.2314
2021-06-05 09:39:16,024 - utils.logger - INFO - Val result of epoch 11 / 50 mse 0.0505 rmse 0.2247 pcc 0.2952 ccc 0.1512
2021-06-05 09:39:23,441 - utils.logger - INFO - Cur epoch 12 loss MSE:0.1925
2021-06-05 09:39:27,919 - utils.logger - INFO - Cur epoch 12 loss MSE:0.3500
2021-06-05 09:39:34,721 - utils.logger - INFO - Cur epoch 12 loss MSE:0.6556
2021-06-05 09:39:34,721 - utils.logger - INFO - saving the model at the end of epoch 12, iters 72
2021-06-05 09:39:35,265 - utils.logger - INFO - End of training epoch 12 / 50 	 Time Taken: 19 sec, Data loading: 17 sec
2021-06-05 09:39:35,266 - utils.logger - INFO - learning rate = 0.0000100
2021-06-05 09:40:23,433 - utils.logger - INFO - Trn result of epoch 12 / 50 mse 0.0477 rmse 0.2184 pcc 0.4360 ccc 0.1966
2021-06-05 09:40:34,488 - utils.logger - INFO - Val result of epoch 12 / 50 mse 0.0559 rmse 0.2364 pcc 0.0908 ccc 0.0305
2021-06-05 09:40:50,495 - utils.logger - INFO - Cur epoch 13 loss MSE:0.0624
2021-06-05 09:41:00,567 - utils.logger - INFO - Cur epoch 13 loss MSE:0.4097
2021-06-05 09:41:19,978 - utils.logger - INFO - Cur epoch 13 loss MSE:1.1559
2021-06-05 09:41:19,979 - utils.logger - INFO - saving the model at the end of epoch 13, iters 78
2021-06-05 09:41:20,451 - utils.logger - INFO - End of training epoch 13 / 50 	 Time Taken: 45 sec, Data loading: 44 sec
2021-06-05 09:41:20,451 - utils.logger - INFO - learning rate = 0.0000100
2021-06-05 09:42:15,193 - utils.logger - INFO - Trn result of epoch 13 / 50 mse 0.0444 rmse 0.2108 pcc 0.5014 ccc 0.2625
2021-06-05 09:42:23,843 - utils.logger - INFO - Val result of epoch 13 / 50 mse 0.0541 rmse 0.2325 pcc 0.1534 ccc 0.0653
2021-06-05 09:42:45,393 - utils.logger - INFO - Cur epoch 14 loss MSE:0.0710
2021-06-05 09:43:05,411 - utils.logger - INFO - Cur epoch 14 loss MSE:0.5048
2021-06-05 09:43:15,861 - utils.logger - INFO - Cur epoch 14 loss MSE:0.9493
2021-06-05 09:43:15,862 - utils.logger - INFO - saving the model at the end of epoch 14, iters 84
2021-06-05 09:43:16,287 - utils.logger - INFO - End of training epoch 14 / 50 	 Time Taken: 52 sec, Data loading: 50 sec
2021-06-05 09:43:16,287 - utils.logger - INFO - learning rate = 0.0000100
2021-06-05 09:44:14,316 - utils.logger - INFO - Trn result of epoch 14 / 50 mse 0.0333 rmse 0.1825 pcc 0.5737 ccc 0.3948
2021-06-05 09:44:33,128 - utils.logger - INFO - Val result of epoch 14 / 50 mse 0.0407 rmse 0.2018 pcc 0.2795 ccc 0.1888
2021-06-05 09:44:47,179 - utils.logger - INFO - Cur epoch 15 loss MSE:0.2350
2021-06-05 09:45:05,955 - utils.logger - INFO - Cur epoch 15 loss MSE:0.2015
2021-06-05 09:45:11,680 - utils.logger - INFO - Cur epoch 15 loss MSE:0.3036
2021-06-05 09:45:11,680 - utils.logger - INFO - saving the model at the end of epoch 15, iters 90
2021-06-05 09:45:12,000 - utils.logger - INFO - End of training epoch 15 / 50 	 Time Taken: 38 sec, Data loading: 37 sec
2021-06-05 09:45:12,001 - utils.logger - INFO - learning rate = 0.0000100
2021-06-05 09:45:36,671 - utils.logger - INFO - Trn result of epoch 15 / 50 mse 0.0268 rmse 0.1637 pcc 0.6280 ccc 0.5416
2021-06-05 09:45:51,822 - utils.logger - INFO - Val result of epoch 15 / 50 mse 0.0356 rmse 0.1888 pcc 0.4074 ccc 0.3874
2021-06-05 09:46:16,929 - utils.logger - INFO - Cur epoch 16 loss MSE:0.2493
2021-06-05 09:46:32,438 - utils.logger - INFO - Cur epoch 16 loss MSE:0.0764
2021-06-05 09:46:54,117 - utils.logger - INFO - Cur epoch 16 loss MSE:0.0834
2021-06-05 09:46:54,118 - utils.logger - INFO - saving the model at the end of epoch 16, iters 96
2021-06-05 09:46:54,571 - utils.logger - INFO - End of training epoch 16 / 50 	 Time Taken: 62 sec, Data loading: 60 sec
2021-06-05 09:46:54,571 - utils.logger - INFO - learning rate = 0.0000100
2021-06-05 09:47:38,313 - utils.logger - INFO - Trn result of epoch 16 / 50 mse 0.0593 rmse 0.2436 pcc 0.5327 ccc 0.2513
2021-06-05 09:47:57,809 - utils.logger - INFO - Val result of epoch 16 / 50 mse 0.0609 rmse 0.2468 pcc 0.2754 ccc 0.1488
2021-06-05 09:48:16,045 - utils.logger - INFO - Cur epoch 17 loss MSE:0.1852
2021-06-05 09:48:23,532 - utils.logger - INFO - Cur epoch 17 loss MSE:0.2792
2021-06-05 09:48:24,019 - utils.logger - INFO - Cur epoch 17 loss MSE:0.6452
2021-06-05 09:48:24,019 - utils.logger - INFO - saving the model at the end of epoch 17, iters 102
2021-06-05 09:48:24,478 - utils.logger - INFO - End of training epoch 17 / 50 	 Time Taken: 26 sec, Data loading: 24 sec
2021-06-05 09:48:24,479 - utils.logger - INFO - learning rate = 0.0000100
2021-06-05 09:49:13,697 - utils.logger - INFO - Trn result of epoch 17 / 50 mse 0.0259 rmse 0.1610 pcc 0.6616 ccc 0.5893
2021-06-05 09:49:35,060 - utils.logger - INFO - Val result of epoch 17 / 50 mse 0.0392 rmse 0.1981 pcc 0.4191 ccc 0.4106
2021-06-05 09:50:02,495 - utils.logger - INFO - Cur epoch 18 loss MSE:0.1359
2021-06-05 09:50:33,490 - utils.logger - INFO - Cur epoch 18 loss MSE:0.1722
2021-06-05 09:50:42,197 - utils.logger - INFO - Cur epoch 18 loss MSE:0.1453
2021-06-05 09:50:42,198 - utils.logger - INFO - saving the model at the end of epoch 18, iters 108
2021-06-05 09:50:42,767 - utils.logger - INFO - End of training epoch 18 / 50 	 Time Taken: 67 sec, Data loading: 65 sec
2021-06-05 09:50:42,767 - utils.logger - INFO - learning rate = 0.0000100
2021-06-05 09:51:27,863 - utils.logger - INFO - Trn result of epoch 18 / 50 mse 0.0271 rmse 0.1647 pcc 0.6611 ccc 0.5350
2021-06-05 09:51:39,164 - utils.logger - INFO - Val result of epoch 18 / 50 mse 0.0370 rmse 0.1924 pcc 0.3764 ccc 0.3144
2021-06-05 09:51:58,773 - utils.logger - INFO - Cur epoch 19 loss MSE:0.2436
2021-06-05 09:52:11,434 - utils.logger - INFO - Cur epoch 19 loss MSE:0.2760
2021-06-05 09:52:23,574 - utils.logger - INFO - Cur epoch 19 loss MSE:0.0843
2021-06-05 09:52:23,574 - utils.logger - INFO - saving the model at the end of epoch 19, iters 114
2021-06-05 09:52:24,058 - utils.logger - INFO - End of training epoch 19 / 50 	 Time Taken: 44 sec, Data loading: 43 sec
2021-06-05 09:52:24,059 - utils.logger - INFO - learning rate = 0.0000100
2021-06-05 09:52:58,439 - utils.logger - INFO - Trn result of epoch 19 / 50 mse 0.0346 rmse 0.1860 pcc 0.6598 ccc 0.4098
2021-06-05 09:53:16,246 - utils.logger - INFO - Val result of epoch 19 / 50 mse 0.0393 rmse 0.1982 pcc 0.2824 ccc 0.1913
2021-06-05 09:53:31,374 - utils.logger - INFO - Cur epoch 20 loss MSE:0.2518
2021-06-05 09:53:42,422 - utils.logger - INFO - Cur epoch 20 loss MSE:0.0424
2021-06-05 09:53:51,388 - utils.logger - INFO - Cur epoch 20 loss MSE:0.0443
2021-06-05 09:53:51,388 - utils.logger - INFO - saving the model at the end of epoch 20, iters 120
2021-06-05 09:53:51,953 - utils.logger - INFO - End of training epoch 20 / 50 	 Time Taken: 35 sec, Data loading: 33 sec
2021-06-05 09:53:51,953 - utils.logger - INFO - learning rate = 0.0000097
2021-06-05 09:54:31,905 - utils.logger - INFO - Trn result of epoch 20 / 50 mse 0.0219 rmse 0.1480 pcc 0.7297 ccc 0.6230
2021-06-05 09:54:47,754 - utils.logger - INFO - Val result of epoch 20 / 50 mse 0.0372 rmse 0.1928 pcc 0.3335 ccc 0.2902
2021-06-05 09:54:59,343 - utils.logger - INFO - Cur epoch 21 loss MSE:0.0715
2021-06-05 09:55:12,268 - utils.logger - INFO - Cur epoch 21 loss MSE:0.0385
2021-06-05 09:55:28,936 - utils.logger - INFO - Cur epoch 21 loss MSE:0.0115
2021-06-05 09:55:28,937 - utils.logger - INFO - saving the model at the end of epoch 21, iters 126
2021-06-05 09:55:29,378 - utils.logger - INFO - End of training epoch 21 / 50 	 Time Taken: 41 sec, Data loading: 39 sec
2021-06-05 09:55:29,379 - utils.logger - INFO - learning rate = 0.0000094
2021-06-05 09:55:48,626 - utils.logger - INFO - Trn result of epoch 21 / 50 mse 0.0324 rmse 0.1799 pcc 0.6716 ccc 0.5012
2021-06-05 09:56:12,991 - utils.logger - INFO - Val result of epoch 21 / 50 mse 0.0482 rmse 0.2195 pcc 0.2512 ccc 0.1490
2021-06-05 09:56:20,630 - utils.logger - INFO - Cur epoch 22 loss MSE:0.0576
2021-06-05 09:57:33,301 - utils.logger - INFO - Cur epoch 22 loss MSE:0.1003
2021-06-05 09:57:56,917 - utils.logger - INFO - Cur epoch 22 loss MSE:0.3882
2021-06-05 09:57:56,917 - utils.logger - INFO - saving the model at the end of epoch 22, iters 132
2021-06-05 09:57:57,380 - utils.logger - INFO - End of training epoch 22 / 50 	 Time Taken: 104 sec, Data loading: 102 sec
2021-06-05 09:57:57,380 - utils.logger - INFO - learning rate = 0.0000090
2021-06-05 09:59:02,612 - utils.logger - INFO - Trn result of epoch 22 / 50 mse 0.0208 rmse 0.1443 pcc 0.7546 ccc 0.7204
2021-06-05 09:59:25,991 - utils.logger - INFO - Val result of epoch 22 / 50 mse 0.0408 rmse 0.2020 pcc 0.4467 ccc 0.4361
2021-06-05 09:59:43,873 - utils.logger - INFO - Cur epoch 23 loss MSE:0.0866
2021-06-05 10:00:05,967 - utils.logger - INFO - Cur epoch 23 loss MSE:0.0977
2021-06-05 10:00:09,584 - utils.logger - INFO - Cur epoch 23 loss MSE:0.4703
2021-06-05 10:00:09,585 - utils.logger - INFO - saving the model at the end of epoch 23, iters 138
2021-06-05 10:00:09,973 - utils.logger - INFO - End of training epoch 23 / 50 	 Time Taken: 43 sec, Data loading: 42 sec
2021-06-05 10:00:09,973 - utils.logger - INFO - learning rate = 0.0000087
2021-06-05 10:00:49,270 - utils.logger - INFO - Trn result of epoch 23 / 50 mse 0.0589 rmse 0.2427 pcc 0.6481 ccc 0.2948
2021-06-05 10:00:49,629 - utils.logger - INFO - Val result of epoch 23 / 50 mse 0.0620 rmse 0.2489 pcc 0.4000 ccc 0.2040
2021-06-05 10:00:50,263 - utils.logger - INFO - Cur epoch 24 loss MSE:0.0298
2021-06-05 10:00:50,939 - utils.logger - INFO - Cur epoch 24 loss MSE:0.0886
2021-06-05 10:00:51,409 - utils.logger - INFO - Cur epoch 24 loss MSE:0.7568
2021-06-05 10:00:51,409 - utils.logger - INFO - saving the model at the end of epoch 24, iters 144
2021-06-05 10:00:51,681 - utils.logger - INFO - End of training epoch 24 / 50 	 Time Taken: 2 sec, Data loading: 0 sec
2021-06-05 10:00:51,681 - utils.logger - INFO - learning rate = 0.0000084
2021-06-05 10:00:52,564 - utils.logger - INFO - Trn result of epoch 24 / 50 mse 0.0139 rmse 0.1181 pcc 0.8369 ccc 0.8074
2021-06-05 10:00:52,915 - utils.logger - INFO - Val result of epoch 24 / 50 mse 0.0456 rmse 0.2136 pcc 0.3711 ccc 0.3667
2021-06-05 10:01:04,528 - utils.logger - INFO - Cur epoch 25 loss MSE:0.1511
2021-06-05 10:01:34,490 - utils.logger - INFO - Cur epoch 25 loss MSE:0.2150
2021-06-05 10:01:34,972 - utils.logger - INFO - Cur epoch 25 loss MSE:0.0223
2021-06-05 10:01:34,972 - utils.logger - INFO - saving the model at the end of epoch 25, iters 150
2021-06-05 10:01:35,334 - utils.logger - INFO - End of training epoch 25 / 50 	 Time Taken: 42 sec, Data loading: 40 sec
2021-06-05 10:01:35,335 - utils.logger - INFO - learning rate = 0.0000081
2021-06-05 10:02:02,314 - utils.logger - INFO - Trn result of epoch 25 / 50 mse 0.0178 rmse 0.1335 pcc 0.8035 ccc 0.7823
2021-06-05 10:02:09,932 - utils.logger - INFO - Val result of epoch 25 / 50 mse 0.0551 rmse 0.2347 pcc 0.3301 ccc 0.3076
2021-06-05 10:02:24,714 - utils.logger - INFO - Cur epoch 26 loss MSE:0.0591
2021-06-05 10:02:32,792 - utils.logger - INFO - Cur epoch 26 loss MSE:0.1352
2021-06-05 10:02:34,747 - utils.logger - INFO - Cur epoch 26 loss MSE:0.3243
2021-06-05 10:02:34,747 - utils.logger - INFO - saving the model at the end of epoch 26, iters 156
2021-06-05 10:02:35,179 - utils.logger - INFO - End of training epoch 26 / 50 	 Time Taken: 25 sec, Data loading: 23 sec
2021-06-05 10:02:35,179 - utils.logger - INFO - learning rate = 0.0000077
2021-06-05 10:03:04,300 - utils.logger - INFO - Trn result of epoch 26 / 50 mse 0.0138 rmse 0.1176 pcc 0.8360 ccc 0.7960
2021-06-05 10:03:15,235 - utils.logger - INFO - Val result of epoch 26 / 50 mse 0.0419 rmse 0.2047 pcc 0.3030 ccc 0.2903
2021-06-05 10:03:25,595 - utils.logger - INFO - Cur epoch 27 loss MSE:0.0262
2021-06-05 10:03:32,141 - utils.logger - INFO - Cur epoch 27 loss MSE:0.0901
2021-06-05 10:03:42,360 - utils.logger - INFO - Cur epoch 27 loss MSE:0.0524
2021-06-05 10:03:42,361 - utils.logger - INFO - saving the model at the end of epoch 27, iters 162
2021-06-05 10:03:42,691 - utils.logger - INFO - End of training epoch 27 / 50 	 Time Taken: 27 sec, Data loading: 25 sec
2021-06-05 10:03:42,691 - utils.logger - INFO - learning rate = 0.0000074
2021-06-05 10:03:43,646 - utils.logger - INFO - Trn result of epoch 27 / 50 mse 0.0147 rmse 0.1213 pcc 0.8440 ccc 0.7720
2021-06-05 10:03:43,988 - utils.logger - INFO - Val result of epoch 27 / 50 mse 0.0421 rmse 0.2051 pcc 0.2387 ccc 0.1991
2021-06-05 10:03:44,613 - utils.logger - INFO - Cur epoch 28 loss MSE:0.0461
2021-06-05 10:04:15,160 - utils.logger - INFO - Cur epoch 28 loss MSE:0.1283
2021-06-05 10:04:15,640 - utils.logger - INFO - Cur epoch 28 loss MSE:0.3751
2021-06-05 10:04:15,641 - utils.logger - INFO - saving the model at the end of epoch 28, iters 168
2021-06-05 10:04:16,078 - utils.logger - INFO - End of training epoch 28 / 50 	 Time Taken: 32 sec, Data loading: 30 sec
2021-06-05 10:04:16,078 - utils.logger - INFO - learning rate = 0.0000071
2021-06-05 10:04:36,459 - utils.logger - INFO - Trn result of epoch 28 / 50 mse 0.0187 rmse 0.1367 pcc 0.8401 ccc 0.7282
2021-06-05 10:04:43,035 - utils.logger - INFO - Val result of epoch 28 / 50 mse 0.0417 rmse 0.2043 pcc 0.3392 ccc 0.2881
2021-06-05 10:04:56,463 - utils.logger - INFO - Cur epoch 29 loss MSE:0.0812
2021-06-05 10:05:09,028 - utils.logger - INFO - Cur epoch 29 loss MSE:0.1935
2021-06-05 10:05:12,636 - utils.logger - INFO - Cur epoch 29 loss MSE:0.4727
2021-06-05 10:05:12,637 - utils.logger - INFO - saving the model at the end of epoch 29, iters 174
2021-06-05 10:05:13,038 - utils.logger - INFO - End of training epoch 29 / 50 	 Time Taken: 30 sec, Data loading: 28 sec
2021-06-05 10:05:13,039 - utils.logger - INFO - learning rate = 0.0000068
2021-06-05 10:06:02,528 - utils.logger - INFO - Trn result of epoch 29 / 50 mse 0.0311 rmse 0.1765 pcc 0.7951 ccc 0.5924
2021-06-05 10:06:07,759 - utils.logger - INFO - Val result of epoch 29 / 50 mse 0.0498 rmse 0.2232 pcc 0.3334 ccc 0.2476
2021-06-05 10:06:21,018 - utils.logger - INFO - Cur epoch 30 loss MSE:0.0432
2021-06-05 10:06:35,214 - utils.logger - INFO - Cur epoch 30 loss MSE:0.0591
2021-06-05 10:06:44,689 - utils.logger - INFO - Cur epoch 30 loss MSE:2.2329
2021-06-05 10:06:44,689 - utils.logger - INFO - saving the model at the end of epoch 30, iters 180
2021-06-05 10:06:45,140 - utils.logger - INFO - End of training epoch 30 / 50 	 Time Taken: 37 sec, Data loading: 35 sec
2021-06-05 10:06:45,140 - utils.logger - INFO - learning rate = 0.0000065
2021-06-05 10:07:22,081 - utils.logger - INFO - Trn result of epoch 30 / 50 mse 0.1686 rmse 0.4106 pcc 0.3909 ccc 0.1050
2021-06-05 10:07:29,517 - utils.logger - INFO - Val result of epoch 30 / 50 mse 0.1668 rmse 0.4085 pcc 0.2035 ccc 0.0503
2021-06-05 10:07:34,929 - utils.logger - INFO - Cur epoch 31 loss MSE:0.0069
2021-06-05 10:07:43,251 - utils.logger - INFO - Cur epoch 31 loss MSE:0.0291
2021-06-05 10:07:53,413 - utils.logger - INFO - Cur epoch 31 loss MSE:0.2040
2021-06-05 10:07:53,414 - utils.logger - INFO - saving the model at the end of epoch 31, iters 186
2021-06-05 10:07:53,855 - utils.logger - INFO - End of training epoch 31 / 50 	 Time Taken: 24 sec, Data loading: 22 sec
2021-06-05 10:07:53,855 - utils.logger - INFO - learning rate = 0.0000061
2021-06-05 10:08:28,036 - utils.logger - INFO - Trn result of epoch 31 / 50 mse 0.0156 rmse 0.1251 pcc 0.8629 ccc 0.7581
2021-06-05 10:08:28,393 - utils.logger - INFO - Val result of epoch 31 / 50 mse 0.0382 rmse 0.1954 pcc 0.3135 ccc 0.2533
2021-06-05 10:08:35,446 - utils.logger - INFO - Cur epoch 32 loss MSE:0.0459
2021-06-05 10:08:41,776 - utils.logger - INFO - Cur epoch 32 loss MSE:0.0527
2021-06-05 10:08:45,531 - utils.logger - INFO - Cur epoch 32 loss MSE:0.3660
2021-06-05 10:08:45,531 - utils.logger - INFO - saving the model at the end of epoch 32, iters 192
2021-06-05 10:08:45,883 - utils.logger - INFO - End of training epoch 32 / 50 	 Time Taken: 17 sec, Data loading: 15 sec
2021-06-05 10:08:45,883 - utils.logger - INFO - learning rate = 0.0000058
2021-06-05 10:09:02,468 - utils.logger - INFO - Trn result of epoch 32 / 50 mse 0.0134 rmse 0.1157 pcc 0.8651 ccc 0.8325
2021-06-05 10:09:02,807 - utils.logger - INFO - Val result of epoch 32 / 50 mse 0.0422 rmse 0.2054 pcc 0.4749 ccc 0.4449
2021-06-05 10:09:09,195 - utils.logger - INFO - Cur epoch 33 loss MSE:0.0914
2021-06-05 10:09:10,958 - utils.logger - INFO - Cur epoch 33 loss MSE:0.0197
2021-06-05 10:09:14,977 - utils.logger - INFO - Cur epoch 33 loss MSE:0.1779
2021-06-05 10:09:14,978 - utils.logger - INFO - saving the model at the end of epoch 33, iters 198
2021-06-05 10:09:15,634 - utils.logger - INFO - End of training epoch 33 / 50 	 Time Taken: 12 sec, Data loading: 10 sec
2021-06-05 10:09:15,634 - utils.logger - INFO - learning rate = 0.0000055
2021-06-05 10:09:24,123 - utils.logger - INFO - Trn result of epoch 33 / 50 mse 0.0110 rmse 0.1047 pcc 0.8886 ccc 0.8584
2021-06-05 10:09:24,464 - utils.logger - INFO - Val result of epoch 33 / 50 mse 0.0428 rmse 0.2068 pcc 0.3930 ccc 0.3703
2021-06-05 10:09:34,175 - utils.logger - INFO - Cur epoch 34 loss MSE:0.0390
2021-06-05 10:09:41,547 - utils.logger - INFO - Cur epoch 34 loss MSE:0.0076
2021-06-05 10:09:45,555 - utils.logger - INFO - Cur epoch 34 loss MSE:0.2967
2021-06-05 10:09:45,555 - utils.logger - INFO - saving the model at the end of epoch 34, iters 204
2021-06-05 10:09:45,987 - utils.logger - INFO - End of training epoch 34 / 50 	 Time Taken: 21 sec, Data loading: 19 sec
2021-06-05 10:09:45,987 - utils.logger - INFO - learning rate = 0.0000052
2021-06-05 10:10:19,939 - utils.logger - INFO - Trn result of epoch 34 / 50 mse 0.0130 rmse 0.1138 pcc 0.8915 ccc 0.8177
2021-06-05 10:10:23,081 - utils.logger - INFO - Val result of epoch 34 / 50 mse 0.0349 rmse 0.1869 pcc 0.4521 ccc 0.4199
2021-06-05 10:10:35,473 - utils.logger - INFO - Cur epoch 35 loss MSE:0.0201
2021-06-05 10:10:36,135 - utils.logger - INFO - Cur epoch 35 loss MSE:0.0171
2021-06-05 10:10:41,508 - utils.logger - INFO - Cur epoch 35 loss MSE:0.3500
2021-06-05 10:10:41,509 - utils.logger - INFO - saving the model at the end of epoch 35, iters 210
2021-06-05 10:10:41,934 - utils.logger - INFO - End of training epoch 35 / 50 	 Time Taken: 18 sec, Data loading: 17 sec
2021-06-05 10:10:41,934 - utils.logger - INFO - learning rate = 0.0000048
2021-06-05 10:11:22,644 - utils.logger - INFO - Trn result of epoch 35 / 50 mse 0.0107 rmse 0.1033 pcc 0.8941 ccc 0.8452
2021-06-05 10:11:37,448 - utils.logger - INFO - Val result of epoch 35 / 50 mse 0.0371 rmse 0.1927 pcc 0.4030 ccc 0.3759
2021-06-05 10:12:05,150 - utils.logger - INFO - Cur epoch 36 loss MSE:0.0317
2021-06-05 10:12:12,664 - utils.logger - INFO - Cur epoch 36 loss MSE:0.0365
2021-06-05 10:12:25,631 - utils.logger - INFO - Cur epoch 36 loss MSE:0.0079
2021-06-05 10:12:25,632 - utils.logger - INFO - saving the model at the end of epoch 36, iters 216
2021-06-05 10:12:26,088 - utils.logger - INFO - End of training epoch 36 / 50 	 Time Taken: 48 sec, Data loading: 46 sec
2021-06-05 10:12:26,088 - utils.logger - INFO - learning rate = 0.0000045
2021-06-05 10:13:02,541 - utils.logger - INFO - Trn result of epoch 36 / 50 mse 0.0083 rmse 0.0910 pcc 0.9046 ccc 0.8891
2021-06-05 10:13:09,764 - utils.logger - INFO - Val result of epoch 36 / 50 mse 0.0404 rmse 0.2009 pcc 0.4074 ccc 0.4006
2021-06-05 10:13:13,401 - utils.logger - INFO - Cur epoch 37 loss MSE:0.0286
2021-06-05 10:13:22,747 - utils.logger - INFO - Cur epoch 37 loss MSE:0.1443
2021-06-05 10:13:27,473 - utils.logger - INFO - Cur epoch 37 loss MSE:0.2966
2021-06-05 10:13:27,473 - utils.logger - INFO - saving the model at the end of epoch 37, iters 222
2021-06-05 10:13:27,930 - utils.logger - INFO - End of training epoch 37 / 50 	 Time Taken: 18 sec, Data loading: 16 sec
2021-06-05 10:13:27,930 - utils.logger - INFO - learning rate = 0.0000042
2021-06-05 10:13:56,873 - utils.logger - INFO - Trn result of epoch 37 / 50 mse 0.0094 rmse 0.0967 pcc 0.9153 ccc 0.8711
2021-06-05 10:14:01,860 - utils.logger - INFO - Val result of epoch 37 / 50 mse 0.0390 rmse 0.1974 pcc 0.3849 ccc 0.3634
2021-06-05 10:14:20,419 - utils.logger - INFO - Cur epoch 38 loss MSE:0.0296
2021-06-05 10:14:32,757 - utils.logger - INFO - Cur epoch 38 loss MSE:0.0585
2021-06-05 10:14:34,916 - utils.logger - INFO - Cur epoch 38 loss MSE:0.0290
2021-06-05 10:14:34,917 - utils.logger - INFO - saving the model at the end of epoch 38, iters 228
2021-06-05 10:14:35,356 - utils.logger - INFO - End of training epoch 38 / 50 	 Time Taken: 33 sec, Data loading: 31 sec
2021-06-05 10:14:35,356 - utils.logger - INFO - learning rate = 0.0000039
2021-06-05 10:15:14,469 - utils.logger - INFO - Trn result of epoch 38 / 50 mse 0.0195 rmse 0.1397 pcc 0.8705 ccc 0.7600
2021-06-05 10:15:17,398 - utils.logger - INFO - Val result of epoch 38 / 50 mse 0.0476 rmse 0.2181 pcc 0.3806 ccc 0.3140
2021-06-05 10:15:30,566 - utils.logger - INFO - Cur epoch 39 loss MSE:0.1453
2021-06-05 10:15:47,433 - utils.logger - INFO - Cur epoch 39 loss MSE:0.0462
2021-06-05 10:15:57,880 - utils.logger - INFO - Cur epoch 39 loss MSE:0.2215
2021-06-05 10:15:57,880 - utils.logger - INFO - saving the model at the end of epoch 39, iters 234
2021-06-05 10:15:58,318 - utils.logger - INFO - End of training epoch 39 / 50 	 Time Taken: 40 sec, Data loading: 39 sec
2021-06-05 10:15:58,318 - utils.logger - INFO - learning rate = 0.0000035
2021-06-05 10:16:37,441 - utils.logger - INFO - Trn result of epoch 39 / 50 mse 0.0151 rmse 0.1227 pcc 0.8981 ccc 0.7900
2021-06-05 10:16:40,607 - utils.logger - INFO - Val result of epoch 39 / 50 mse 0.0407 rmse 0.2018 pcc 0.3909 ccc 0.3321
2021-06-05 10:17:06,273 - utils.logger - INFO - Cur epoch 40 loss MSE:0.0366
2021-06-05 10:17:33,336 - utils.logger - INFO - Cur epoch 40 loss MSE:0.0444
2021-06-05 10:17:33,814 - utils.logger - INFO - Cur epoch 40 loss MSE:1.8090
2021-06-05 10:17:33,814 - utils.logger - INFO - saving the model at the end of epoch 40, iters 240
2021-06-05 10:17:34,261 - utils.logger - INFO - End of training epoch 40 / 50 	 Time Taken: 53 sec, Data loading: 51 sec
2021-06-05 10:17:34,261 - utils.logger - INFO - learning rate = 0.0000032
2021-06-05 10:18:03,672 - utils.logger - INFO - Trn result of epoch 40 / 50 mse 0.0121 rmse 0.1101 pcc 0.8996 ccc 0.8658
2021-06-05 10:18:18,816 - utils.logger - INFO - Val result of epoch 40 / 50 mse 0.0500 rmse 0.2236 pcc 0.3528 ccc 0.3352
2021-06-05 10:18:31,762 - utils.logger - INFO - Cur epoch 41 loss MSE:0.0344
2021-06-05 10:18:58,913 - utils.logger - INFO - Cur epoch 41 loss MSE:0.0152
2021-06-05 10:19:06,802 - utils.logger - INFO - Cur epoch 41 loss MSE:0.0469
2021-06-05 10:19:06,804 - utils.logger - INFO - saving the model at the end of epoch 41, iters 246
2021-06-05 10:19:07,243 - utils.logger - INFO - End of training epoch 41 / 50 	 Time Taken: 48 sec, Data loading: 46 sec
2021-06-05 10:19:07,243 - utils.logger - INFO - learning rate = 0.0000029
2021-06-05 10:19:27,000 - utils.logger - INFO - Trn result of epoch 41 / 50 mse 0.0075 rmse 0.0864 pcc 0.9197 ccc 0.9059
2021-06-05 10:19:43,130 - utils.logger - INFO - Val result of epoch 41 / 50 mse 0.0425 rmse 0.2061 pcc 0.4113 ccc 0.3997
2021-06-05 10:19:45,318 - utils.logger - INFO - Cur epoch 42 loss MSE:0.0048
2021-06-05 10:19:45,956 - utils.logger - INFO - Cur epoch 42 loss MSE:0.0211
2021-06-05 10:19:46,425 - utils.logger - INFO - Cur epoch 42 loss MSE:0.4392
2021-06-05 10:19:46,426 - utils.logger - INFO - saving the model at the end of epoch 42, iters 252
2021-06-05 10:19:46,692 - utils.logger - INFO - End of training epoch 42 / 50 	 Time Taken: 3 sec, Data loading: 2 sec
2021-06-05 10:19:46,693 - utils.logger - INFO - learning rate = 0.0000026
2021-06-05 10:19:56,674 - utils.logger - INFO - Trn result of epoch 42 / 50 mse 0.0181 rmse 0.1347 pcc 0.8874 ccc 0.8014
2021-06-05 10:20:01,520 - utils.logger - INFO - Val result of epoch 42 / 50 mse 0.0523 rmse 0.2286 pcc 0.3557 ccc 0.3103
2021-06-05 10:20:16,147 - utils.logger - INFO - Cur epoch 43 loss MSE:0.0155
2021-06-05 10:20:30,777 - utils.logger - INFO - Cur epoch 43 loss MSE:0.0055
2021-06-05 10:20:41,623 - utils.logger - INFO - Cur epoch 43 loss MSE:0.3839
2021-06-05 10:20:41,624 - utils.logger - INFO - saving the model at the end of epoch 43, iters 258
2021-06-05 10:20:42,064 - utils.logger - INFO - End of training epoch 43 / 50 	 Time Taken: 40 sec, Data loading: 38 sec
2021-06-05 10:20:42,065 - utils.logger - INFO - learning rate = 0.0000023
2021-06-05 10:21:27,177 - utils.logger - INFO - Trn result of epoch 43 / 50 mse 0.0324 rmse 0.1800 pcc 0.8330 ccc 0.6952
2021-06-05 10:21:44,940 - utils.logger - INFO - Val result of epoch 43 / 50 mse 0.0655 rmse 0.2559 pcc 0.3394 ccc 0.2672
2021-06-05 10:21:52,720 - utils.logger - INFO - Cur epoch 44 loss MSE:0.0070
2021-06-05 10:22:08,684 - utils.logger - INFO - Cur epoch 44 loss MSE:0.0204
2021-06-05 10:22:20,979 - utils.logger - INFO - Cur epoch 44 loss MSE:0.3444
2021-06-05 10:22:20,980 - utils.logger - INFO - saving the model at the end of epoch 44, iters 264
2021-06-05 10:22:21,415 - utils.logger - INFO - End of training epoch 44 / 50 	 Time Taken: 36 sec, Data loading: 34 sec
2021-06-05 10:22:21,416 - utils.logger - INFO - learning rate = 0.0000019
2021-06-05 10:22:40,099 - utils.logger - INFO - Trn result of epoch 44 / 50 mse 0.0076 rmse 0.0871 pcc 0.9231 ccc 0.8947
2021-06-05 10:22:55,219 - utils.logger - INFO - Val result of epoch 44 / 50 mse 0.0374 rmse 0.1934 pcc 0.4010 ccc 0.3855
2021-06-05 10:23:07,731 - utils.logger - INFO - Cur epoch 45 loss MSE:0.0058
2021-06-05 10:23:19,579 - utils.logger - INFO - Cur epoch 45 loss MSE:0.0256
2021-06-05 10:23:26,414 - utils.logger - INFO - Cur epoch 45 loss MSE:0.7131
2021-06-05 10:23:26,414 - utils.logger - INFO - saving the model at the end of epoch 45, iters 270
2021-06-05 10:23:26,854 - utils.logger - INFO - End of training epoch 45 / 50 	 Time Taken: 31 sec, Data loading: 29 sec
2021-06-05 10:23:26,854 - utils.logger - INFO - learning rate = 0.0000016
2021-06-05 10:23:53,071 - utils.logger - INFO - Trn result of epoch 45 / 50 mse 0.0069 rmse 0.0828 pcc 0.9224 ccc 0.9162
2021-06-05 10:23:54,167 - utils.logger - INFO - Val result of epoch 45 / 50 mse 0.0429 rmse 0.2072 pcc 0.4384 ccc 0.4237
2021-06-05 10:24:04,868 - utils.logger - INFO - Cur epoch 46 loss MSE:0.0579
2021-06-05 10:24:10,058 - utils.logger - INFO - Cur epoch 46 loss MSE:0.0333
2021-06-05 10:24:30,523 - utils.logger - INFO - Cur epoch 46 loss MSE:0.2966
2021-06-05 10:24:30,524 - utils.logger - INFO - saving the model at the end of epoch 46, iters 276
2021-06-05 10:24:30,899 - utils.logger - INFO - End of training epoch 46 / 50 	 Time Taken: 36 sec, Data loading: 35 sec
2021-06-05 10:24:30,899 - utils.logger - INFO - learning rate = 0.0000013
2021-06-05 10:24:47,464 - utils.logger - INFO - Trn result of epoch 46 / 50 mse 0.0100 rmse 0.0999 pcc 0.9183 ccc 0.8746
2021-06-05 10:25:02,800 - utils.logger - INFO - Val result of epoch 46 / 50 mse 0.0455 rmse 0.2132 pcc 0.3682 ccc 0.3342
2021-06-05 10:25:17,368 - utils.logger - INFO - Cur epoch 47 loss MSE:0.0300
2021-06-05 10:25:25,142 - utils.logger - INFO - Cur epoch 47 loss MSE:0.0310
2021-06-05 10:25:29,050 - utils.logger - INFO - Cur epoch 47 loss MSE:0.5994
2021-06-05 10:25:29,051 - utils.logger - INFO - saving the model at the end of epoch 47, iters 282
2021-06-05 10:25:29,526 - utils.logger - INFO - End of training epoch 47 / 50 	 Time Taken: 26 sec, Data loading: 25 sec
2021-06-05 10:25:29,526 - utils.logger - INFO - learning rate = 0.0000010
2021-06-05 10:26:05,230 - utils.logger - INFO - Trn result of epoch 47 / 50 mse 0.0087 rmse 0.0930 pcc 0.9164 ccc 0.8914
2021-06-05 10:26:10,401 - utils.logger - INFO - Val result of epoch 47 / 50 mse 0.0438 rmse 0.2092 pcc 0.4096 ccc 0.3925
2021-06-05 10:26:18,807 - utils.logger - INFO - Cur epoch 48 loss MSE:0.0367
2021-06-05 10:26:22,037 - utils.logger - INFO - Cur epoch 48 loss MSE:0.0244
2021-06-05 10:26:28,137 - utils.logger - INFO - Cur epoch 48 loss MSE:0.0078
2021-06-05 10:26:28,137 - utils.logger - INFO - saving the model at the end of epoch 48, iters 288
2021-06-05 10:26:28,592 - utils.logger - INFO - End of training epoch 48 / 50 	 Time Taken: 18 sec, Data loading: 16 sec
2021-06-05 10:26:28,593 - utils.logger - INFO - learning rate = 0.0000006
2021-06-05 10:27:24,730 - utils.logger - INFO - Trn result of epoch 48 / 50 mse 0.0055 rmse 0.0741 pcc 0.9365 ccc 0.9312
2021-06-05 10:27:33,631 - utils.logger - INFO - Val result of epoch 48 / 50 mse 0.0425 rmse 0.2062 pcc 0.3561 ccc 0.3515
2021-06-05 10:27:44,299 - utils.logger - INFO - Cur epoch 49 loss MSE:0.0496
2021-06-05 10:27:47,563 - utils.logger - INFO - Cur epoch 49 loss MSE:0.0380
2021-06-05 10:27:50,062 - utils.logger - INFO - Cur epoch 49 loss MSE:0.1081
2021-06-05 10:27:50,062 - utils.logger - INFO - saving the model at the end of epoch 49, iters 294
2021-06-05 10:27:50,469 - utils.logger - INFO - End of training epoch 49 / 50 	 Time Taken: 16 sec, Data loading: 15 sec
2021-06-05 10:27:50,469 - utils.logger - INFO - learning rate = 0.0000003
2021-06-05 10:28:14,143 - utils.logger - INFO - Trn result of epoch 49 / 50 mse 0.0057 rmse 0.0758 pcc 0.9333 ccc 0.9291
2021-06-05 10:28:16,609 - utils.logger - INFO - Val result of epoch 49 / 50 mse 0.0426 rmse 0.2065 pcc 0.3697 ccc 0.3658
2021-06-05 10:28:28,415 - utils.logger - INFO - Cur epoch 50 loss MSE:0.0135
2021-06-05 10:28:34,667 - utils.logger - INFO - Cur epoch 50 loss MSE:0.0638
2021-06-05 10:28:51,022 - utils.logger - INFO - Cur epoch 50 loss MSE:0.2869
2021-06-05 10:28:51,023 - utils.logger - INFO - saving the model at the end of epoch 50, iters 300
2021-06-05 10:28:51,437 - utils.logger - INFO - End of training epoch 50 / 50 	 Time Taken: 34 sec, Data loading: 33 sec
2021-06-05 10:28:51,437 - utils.logger - INFO - learning rate = 0.0000000
2021-06-05 10:29:08,742 - utils.logger - INFO - Trn result of epoch 50 / 50 mse 0.0060 rmse 0.0775 pcc 0.9299 ccc 0.9244
2021-06-05 10:29:16,486 - utils.logger - INFO - Val result of epoch 50 / 50 mse 0.0421 rmse 0.2051 pcc 0.3748 ccc 0.3710
2021-06-05 10:29:16,486 - utils.logger - INFO - Best eval epoch 32 found with ccc 0.444877
2021-06-05 10:29:16,486 - utils.logger - INFO - baseline_fcfusion_norm_deepspectrum_valence_hidden1024_seq100_run2
