2021-06-05 17:18:33,503 - utils.logger - INFO - The number of training samples = 41
2021-06-05 17:19:06,493 - utils.logger - INFO - Cur epoch 1 loss MSE:0.0053
2021-06-05 17:19:20,132 - utils.logger - INFO - Cur epoch 1 loss MSE:0.8137
2021-06-05 17:19:31,755 - utils.logger - INFO - Cur epoch 1 loss MSE:4.8643
2021-06-05 17:19:31,755 - utils.logger - INFO - saving the model at the end of epoch 1, iters 6
2021-06-05 17:19:31,990 - utils.logger - INFO - End of training epoch 1 / 50 	 Time Taken: 55 sec, Data loading: 54 sec
2021-06-05 17:19:31,990 - utils.logger - INFO - learning rate = 0.0000100
2021-06-05 17:19:34,581 - utils.logger - INFO - Trn result of epoch 1 / 50 mse 0.0445 rmse 0.2108 pcc 0.0123 ccc 0.0004
2021-06-05 17:19:45,696 - utils.logger - INFO - Val result of epoch 1 / 50 mse 0.0379 rmse 0.1947 pcc 0.0142 ccc 0.0004
2021-06-05 17:19:49,902 - utils.logger - INFO - Cur epoch 2 loss MSE:0.5205
2021-06-05 17:19:59,811 - utils.logger - INFO - Cur epoch 2 loss MSE:3.6614
2021-06-05 17:20:00,209 - utils.logger - INFO - Cur epoch 2 loss MSE:4.1287
2021-06-05 17:20:00,209 - utils.logger - INFO - saving the model at the end of epoch 2, iters 12
2021-06-05 17:20:00,494 - utils.logger - INFO - End of training epoch 2 / 50 	 Time Taken: 14 sec, Data loading: 13 sec
2021-06-05 17:20:00,495 - utils.logger - INFO - learning rate = 0.0000100
2021-06-05 17:20:01,514 - utils.logger - INFO - Trn result of epoch 2 / 50 mse 0.0438 rmse 0.2093 pcc 0.0512 ccc 0.0037
2021-06-05 17:20:15,398 - utils.logger - INFO - Val result of epoch 2 / 50 mse 0.0383 rmse 0.1958 pcc 0.0858 ccc 0.0064
2021-06-05 17:20:29,335 - utils.logger - INFO - Cur epoch 3 loss MSE:0.0239
2021-06-05 17:20:42,003 - utils.logger - INFO - Cur epoch 3 loss MSE:0.0208
2021-06-05 17:20:54,903 - utils.logger - INFO - Cur epoch 3 loss MSE:0.5009
2021-06-05 17:20:54,903 - utils.logger - INFO - saving the model at the end of epoch 3, iters 18
2021-06-05 17:20:55,363 - utils.logger - INFO - End of training epoch 3 / 50 	 Time Taken: 39 sec, Data loading: 38 sec
2021-06-05 17:20:55,364 - utils.logger - INFO - learning rate = 0.0000100
2021-06-05 17:20:58,035 - utils.logger - INFO - Trn result of epoch 3 / 50 mse 0.0433 rmse 0.2082 pcc 0.1980 ccc 0.0154
2021-06-05 17:20:58,353 - utils.logger - INFO - Val result of epoch 3 / 50 mse 0.0373 rmse 0.1932 pcc 0.2700 ccc 0.0265
2021-06-05 17:20:58,862 - utils.logger - INFO - Cur epoch 4 loss MSE:0.0071
2021-06-05 17:20:59,384 - utils.logger - INFO - Cur epoch 4 loss MSE:0.5431
2021-06-05 17:20:59,762 - utils.logger - INFO - Cur epoch 4 loss MSE:0.3792
2021-06-05 17:20:59,762 - utils.logger - INFO - saving the model at the end of epoch 4, iters 24
2021-06-05 17:20:59,997 - utils.logger - INFO - End of training epoch 4 / 50 	 Time Taken: 1 sec, Data loading: 0 sec
2021-06-05 17:20:59,998 - utils.logger - INFO - learning rate = 0.0000100
2021-06-05 17:21:00,715 - utils.logger - INFO - Trn result of epoch 4 / 50 mse 0.0428 rmse 0.2068 pcc 0.2328 ccc 0.0300
2021-06-05 17:21:00,954 - utils.logger - INFO - Val result of epoch 4 / 50 mse 0.0371 rmse 0.1926 pcc 0.2855 ccc 0.0469
2021-06-05 17:21:12,851 - utils.logger - INFO - Cur epoch 5 loss MSE:0.6533
2021-06-05 17:21:15,816 - utils.logger - INFO - Cur epoch 5 loss MSE:0.3928
2021-06-05 17:21:26,109 - utils.logger - INFO - Cur epoch 5 loss MSE:29.9303
2021-06-05 17:21:26,114 - utils.logger - INFO - saving the model at the end of epoch 5, iters 30
2021-06-05 17:21:26,461 - utils.logger - INFO - End of training epoch 5 / 50 	 Time Taken: 25 sec, Data loading: 24 sec
2021-06-05 17:21:26,461 - utils.logger - INFO - learning rate = 0.0000100
2021-06-05 17:21:55,173 - utils.logger - INFO - Trn result of epoch 5 / 50 mse 0.0427 rmse 0.2066 pcc 0.2292 ccc 0.0534
2021-06-05 17:22:06,662 - utils.logger - INFO - Val result of epoch 5 / 50 mse 0.0354 rmse 0.1881 pcc 0.3016 ccc 0.0874
2021-06-05 17:22:19,008 - utils.logger - INFO - Cur epoch 6 loss MSE:0.0064
2021-06-05 17:22:32,414 - utils.logger - INFO - Cur epoch 6 loss MSE:0.0490
2021-06-05 17:22:35,642 - utils.logger - INFO - Cur epoch 6 loss MSE:1.4785
2021-06-05 17:22:35,642 - utils.logger - INFO - saving the model at the end of epoch 6, iters 36
2021-06-05 17:22:35,928 - utils.logger - INFO - End of training epoch 6 / 50 	 Time Taken: 29 sec, Data loading: 27 sec
2021-06-05 17:22:35,929 - utils.logger - INFO - learning rate = 0.0000100
2021-06-05 17:22:49,830 - utils.logger - INFO - Trn result of epoch 6 / 50 mse 0.0412 rmse 0.2029 pcc 0.2977 ccc 0.0968
2021-06-05 17:23:00,659 - utils.logger - INFO - Val result of epoch 6 / 50 mse 0.0365 rmse 0.1911 pcc 0.2995 ccc 0.1225
2021-06-05 17:23:02,965 - utils.logger - INFO - Cur epoch 7 loss MSE:0.0091
2021-06-05 17:23:14,533 - utils.logger - INFO - Cur epoch 7 loss MSE:0.5285
2021-06-05 17:23:14,994 - utils.logger - INFO - Cur epoch 7 loss MSE:0.3216
2021-06-05 17:23:14,995 - utils.logger - INFO - saving the model at the end of epoch 7, iters 42
2021-06-05 17:23:15,307 - utils.logger - INFO - End of training epoch 7 / 50 	 Time Taken: 14 sec, Data loading: 13 sec
2021-06-05 17:23:15,307 - utils.logger - INFO - learning rate = 0.0000100
2021-06-05 17:23:41,185 - utils.logger - INFO - Trn result of epoch 7 / 50 mse 0.0397 rmse 0.1992 pcc 0.3377 ccc 0.1390
2021-06-05 17:23:43,937 - utils.logger - INFO - Val result of epoch 7 / 50 mse 0.0350 rmse 0.1870 pcc 0.3216 ccc 0.1650
2021-06-05 17:23:54,038 - utils.logger - INFO - Cur epoch 8 loss MSE:0.0010
2021-06-05 17:23:55,136 - utils.logger - INFO - Cur epoch 8 loss MSE:0.0445
2021-06-05 17:23:57,896 - utils.logger - INFO - Cur epoch 8 loss MSE:2.6282
2021-06-05 17:23:57,896 - utils.logger - INFO - saving the model at the end of epoch 8, iters 48
2021-06-05 17:23:58,200 - utils.logger - INFO - End of training epoch 8 / 50 	 Time Taken: 14 sec, Data loading: 12 sec
2021-06-05 17:23:58,201 - utils.logger - INFO - learning rate = 0.0000100
2021-06-05 17:24:22,030 - utils.logger - INFO - Trn result of epoch 8 / 50 mse 0.0438 rmse 0.2092 pcc 0.2464 ccc 0.1137
2021-06-05 17:24:22,377 - utils.logger - INFO - Val result of epoch 8 / 50 mse 0.0345 rmse 0.1858 pcc 0.3371 ccc 0.1877
2021-06-05 17:24:34,907 - utils.logger - INFO - Cur epoch 9 loss MSE:0.3527
2021-06-05 17:24:44,958 - utils.logger - INFO - Cur epoch 9 loss MSE:0.0524
2021-06-05 17:24:45,378 - utils.logger - INFO - Cur epoch 9 loss MSE:0.1949
2021-06-05 17:24:45,378 - utils.logger - INFO - saving the model at the end of epoch 9, iters 54
2021-06-05 17:24:45,676 - utils.logger - INFO - End of training epoch 9 / 50 	 Time Taken: 23 sec, Data loading: 21 sec
2021-06-05 17:24:45,676 - utils.logger - INFO - learning rate = 0.0000100
2021-06-05 17:25:11,961 - utils.logger - INFO - Trn result of epoch 9 / 50 mse 0.0398 rmse 0.1995 pcc 0.3448 ccc 0.1610
2021-06-05 17:25:25,035 - utils.logger - INFO - Val result of epoch 9 / 50 mse 0.0334 rmse 0.1828 pcc 0.3492 ccc 0.1986
2021-06-05 17:25:38,795 - utils.logger - INFO - Cur epoch 10 loss MSE:0.3514
2021-06-05 17:25:39,762 - utils.logger - INFO - Cur epoch 10 loss MSE:0.4639
2021-06-05 17:25:52,238 - utils.logger - INFO - Cur epoch 10 loss MSE:0.3341
2021-06-05 17:25:52,238 - utils.logger - INFO - saving the model at the end of epoch 10, iters 60
2021-06-05 17:25:52,546 - utils.logger - INFO - End of training epoch 10 / 50 	 Time Taken: 27 sec, Data loading: 25 sec
2021-06-05 17:25:52,546 - utils.logger - INFO - learning rate = 0.0000100
2021-06-05 17:26:09,053 - utils.logger - INFO - Trn result of epoch 10 / 50 mse 0.0369 rmse 0.1920 pcc 0.4355 ccc 0.2150
2021-06-05 17:26:23,001 - utils.logger - INFO - Val result of epoch 10 / 50 mse 0.0330 rmse 0.1815 pcc 0.3686 ccc 0.2278
2021-06-05 17:26:26,243 - utils.logger - INFO - Cur epoch 11 loss MSE:0.5711
2021-06-05 17:26:36,549 - utils.logger - INFO - Cur epoch 11 loss MSE:0.2552
2021-06-05 17:26:38,534 - utils.logger - INFO - Cur epoch 11 loss MSE:1.2242
2021-06-05 17:26:38,534 - utils.logger - INFO - saving the model at the end of epoch 11, iters 66
2021-06-05 17:26:38,823 - utils.logger - INFO - End of training epoch 11 / 50 	 Time Taken: 15 sec, Data loading: 14 sec
2021-06-05 17:26:38,823 - utils.logger - INFO - learning rate = 0.0000100
2021-06-05 17:27:02,045 - utils.logger - INFO - Trn result of epoch 11 / 50 mse 0.0469 rmse 0.2165 pcc 0.2973 ccc 0.2049
2021-06-05 17:27:14,490 - utils.logger - INFO - Val result of epoch 11 / 50 mse 0.0382 rmse 0.1955 pcc 0.3569 ccc 0.2794
2021-06-05 17:27:15,123 - utils.logger - INFO - Cur epoch 12 loss MSE:0.4159
2021-06-05 17:27:16,509 - utils.logger - INFO - Cur epoch 12 loss MSE:0.0158
2021-06-05 17:27:16,964 - utils.logger - INFO - Cur epoch 12 loss MSE:0.9410
2021-06-05 17:27:16,964 - utils.logger - INFO - saving the model at the end of epoch 12, iters 72
2021-06-05 17:27:17,233 - utils.logger - INFO - End of training epoch 12 / 50 	 Time Taken: 2 sec, Data loading: 1 sec
2021-06-05 17:27:17,233 - utils.logger - INFO - learning rate = 0.0000100
2021-06-05 17:27:30,905 - utils.logger - INFO - Trn result of epoch 12 / 50 mse 0.0339 rmse 0.1841 pcc 0.5144 ccc 0.3102
2021-06-05 17:27:31,258 - utils.logger - INFO - Val result of epoch 12 / 50 mse 0.0335 rmse 0.1831 pcc 0.3756 ccc 0.2665
2021-06-05 17:27:32,306 - utils.logger - INFO - Cur epoch 13 loss MSE:0.0794
2021-06-05 17:27:57,787 - utils.logger - INFO - Cur epoch 13 loss MSE:0.3724
2021-06-05 17:28:11,203 - utils.logger - INFO - Cur epoch 13 loss MSE:0.6687
2021-06-05 17:28:11,204 - utils.logger - INFO - saving the model at the end of epoch 13, iters 78
2021-06-05 17:28:11,551 - utils.logger - INFO - End of training epoch 13 / 50 	 Time Taken: 40 sec, Data loading: 38 sec
2021-06-05 17:28:11,551 - utils.logger - INFO - learning rate = 0.0000100
2021-06-05 17:28:40,614 - utils.logger - INFO - Trn result of epoch 13 / 50 mse 0.0343 rmse 0.1852 pcc 0.5618 ccc 0.3936
2021-06-05 17:28:52,731 - utils.logger - INFO - Val result of epoch 13 / 50 mse 0.0394 rmse 0.1985 pcc 0.3730 ccc 0.2485
2021-06-05 17:29:16,350 - utils.logger - INFO - Cur epoch 14 loss MSE:0.2709
2021-06-05 17:29:29,348 - utils.logger - INFO - Cur epoch 14 loss MSE:0.1844
2021-06-05 17:29:33,095 - utils.logger - INFO - Cur epoch 14 loss MSE:0.4640
2021-06-05 17:29:33,095 - utils.logger - INFO - saving the model at the end of epoch 14, iters 84
2021-06-05 17:29:33,450 - utils.logger - INFO - End of training epoch 14 / 50 	 Time Taken: 40 sec, Data loading: 39 sec
2021-06-05 17:29:33,450 - utils.logger - INFO - learning rate = 0.0000100
2021-06-05 17:29:59,528 - utils.logger - INFO - Trn result of epoch 14 / 50 mse 0.0326 rmse 0.1805 pcc 0.5822 ccc 0.3467
2021-06-05 17:30:10,385 - utils.logger - INFO - Val result of epoch 14 / 50 mse 0.0403 rmse 0.2007 pcc 0.1641 ccc 0.0733
2021-06-05 17:30:11,628 - utils.logger - INFO - Cur epoch 15 loss MSE:0.3119
2021-06-05 17:30:12,239 - utils.logger - INFO - Cur epoch 15 loss MSE:0.2518
2021-06-05 17:30:12,686 - utils.logger - INFO - Cur epoch 15 loss MSE:0.8309
2021-06-05 17:30:12,686 - utils.logger - INFO - saving the model at the end of epoch 15, iters 90
2021-06-05 17:30:12,914 - utils.logger - INFO - End of training epoch 15 / 50 	 Time Taken: 2 sec, Data loading: 1 sec
2021-06-05 17:30:12,914 - utils.logger - INFO - learning rate = 0.0000100
2021-06-05 17:30:25,782 - utils.logger - INFO - Trn result of epoch 15 / 50 mse 0.0542 rmse 0.2327 pcc 0.4970 ccc 0.2709
2021-06-05 17:30:39,330 - utils.logger - INFO - Val result of epoch 15 / 50 mse 0.0503 rmse 0.2244 pcc 0.4066 ccc 0.2433
2021-06-05 17:30:40,998 - utils.logger - INFO - Cur epoch 16 loss MSE:0.2418
2021-06-05 17:30:56,277 - utils.logger - INFO - Cur epoch 16 loss MSE:0.3289
2021-06-05 17:31:08,077 - utils.logger - INFO - Cur epoch 16 loss MSE:0.6935
2021-06-05 17:31:08,077 - utils.logger - INFO - saving the model at the end of epoch 16, iters 96
2021-06-05 17:31:08,425 - utils.logger - INFO - End of training epoch 16 / 50 	 Time Taken: 29 sec, Data loading: 27 sec
2021-06-05 17:31:08,425 - utils.logger - INFO - learning rate = 0.0000100
2021-06-05 17:31:35,013 - utils.logger - INFO - Trn result of epoch 16 / 50 mse 0.0260 rmse 0.1612 pcc 0.6564 ccc 0.5383
2021-06-05 17:31:48,222 - utils.logger - INFO - Val result of epoch 16 / 50 mse 0.0338 rmse 0.1838 pcc 0.4259 ccc 0.3935
2021-06-05 17:31:52,033 - utils.logger - INFO - Cur epoch 17 loss MSE:0.0297
2021-06-05 17:31:52,677 - utils.logger - INFO - Cur epoch 17 loss MSE:0.2289
2021-06-05 17:32:05,413 - utils.logger - INFO - Cur epoch 17 loss MSE:1.3333
2021-06-05 17:32:05,413 - utils.logger - INFO - saving the model at the end of epoch 17, iters 102
2021-06-05 17:32:05,826 - utils.logger - INFO - End of training epoch 17 / 50 	 Time Taken: 17 sec, Data loading: 15 sec
2021-06-05 17:32:05,826 - utils.logger - INFO - learning rate = 0.0000100
2021-06-05 17:32:57,872 - utils.logger - INFO - Trn result of epoch 17 / 50 mse 0.0232 rmse 0.1524 pcc 0.7074 ccc 0.5904
2021-06-05 17:32:58,492 - utils.logger - INFO - Val result of epoch 17 / 50 mse 0.0338 rmse 0.1839 pcc 0.4232 ccc 0.3953
2021-06-05 17:32:59,059 - utils.logger - INFO - Cur epoch 18 loss MSE:0.0599
2021-06-05 17:33:12,096 - utils.logger - INFO - Cur epoch 18 loss MSE:0.1108
2021-06-05 17:33:12,523 - utils.logger - INFO - Cur epoch 18 loss MSE:1.3197
2021-06-05 17:33:12,524 - utils.logger - INFO - saving the model at the end of epoch 18, iters 108
2021-06-05 17:33:12,840 - utils.logger - INFO - End of training epoch 18 / 50 	 Time Taken: 14 sec, Data loading: 12 sec
2021-06-05 17:33:12,840 - utils.logger - INFO - learning rate = 0.0000100
2021-06-05 17:33:39,421 - utils.logger - INFO - Trn result of epoch 18 / 50 mse 0.0499 rmse 0.2235 pcc 0.6682 ccc 0.3033
2021-06-05 17:33:52,973 - utils.logger - INFO - Val result of epoch 18 / 50 mse 0.0508 rmse 0.2255 pcc 0.3758 ccc 0.1791
2021-06-05 17:34:04,178 - utils.logger - INFO - Cur epoch 19 loss MSE:0.1928
2021-06-05 17:34:05,197 - utils.logger - INFO - Cur epoch 19 loss MSE:0.0075
2021-06-05 17:34:08,333 - utils.logger - INFO - Cur epoch 19 loss MSE:0.5910
2021-06-05 17:34:08,334 - utils.logger - INFO - saving the model at the end of epoch 19, iters 114
2021-06-05 17:34:08,660 - utils.logger - INFO - End of training epoch 19 / 50 	 Time Taken: 15 sec, Data loading: 14 sec
2021-06-05 17:34:08,660 - utils.logger - INFO - learning rate = 0.0000100
2021-06-05 17:34:47,231 - utils.logger - INFO - Trn result of epoch 19 / 50 mse 0.0264 rmse 0.1626 pcc 0.7380 ccc 0.5666
2021-06-05 17:34:49,900 - utils.logger - INFO - Val result of epoch 19 / 50 mse 0.0362 rmse 0.1902 pcc 0.4378 ccc 0.3726
2021-06-05 17:35:02,098 - utils.logger - INFO - Cur epoch 20 loss MSE:0.0157
2021-06-05 17:35:18,121 - utils.logger - INFO - Cur epoch 20 loss MSE:0.1041
2021-06-05 17:35:18,990 - utils.logger - INFO - Cur epoch 20 loss MSE:0.0920
2021-06-05 17:35:18,990 - utils.logger - INFO - saving the model at the end of epoch 20, iters 120
2021-06-05 17:35:19,302 - utils.logger - INFO - End of training epoch 20 / 50 	 Time Taken: 29 sec, Data loading: 27 sec
2021-06-05 17:35:19,302 - utils.logger - INFO - learning rate = 0.0000097
2021-06-05 17:35:47,372 - utils.logger - INFO - Trn result of epoch 20 / 50 mse 0.0283 rmse 0.1683 pcc 0.7233 ccc 0.5305
2021-06-05 17:35:49,598 - utils.logger - INFO - Val result of epoch 20 / 50 mse 0.0389 rmse 0.1971 pcc 0.3934 ccc 0.3139
2021-06-05 17:35:50,321 - utils.logger - INFO - Cur epoch 21 loss MSE:0.0902
2021-06-05 17:36:05,858 - utils.logger - INFO - Cur epoch 21 loss MSE:0.3641
2021-06-05 17:36:17,967 - utils.logger - INFO - Cur epoch 21 loss MSE:0.4630
2021-06-05 17:36:17,968 - utils.logger - INFO - saving the model at the end of epoch 21, iters 126
2021-06-05 17:36:18,307 - utils.logger - INFO - End of training epoch 21 / 50 	 Time Taken: 28 sec, Data loading: 27 sec
2021-06-05 17:36:18,307 - utils.logger - INFO - learning rate = 0.0000094
2021-06-05 17:36:47,873 - utils.logger - INFO - Trn result of epoch 21 / 50 mse 0.0337 rmse 0.1834 pcc 0.7452 ccc 0.5679
2021-06-05 17:36:48,873 - utils.logger - INFO - Val result of epoch 21 / 50 mse 0.0513 rmse 0.2265 pcc 0.4039 ccc 0.3091
2021-06-05 17:37:04,420 - utils.logger - INFO - Cur epoch 22 loss MSE:0.0253
2021-06-05 17:37:05,572 - utils.logger - INFO - Cur epoch 22 loss MSE:0.0996
2021-06-05 17:37:06,049 - utils.logger - INFO - Cur epoch 22 loss MSE:0.3291
2021-06-05 17:37:06,049 - utils.logger - INFO - saving the model at the end of epoch 22, iters 132
2021-06-05 17:37:06,337 - utils.logger - INFO - End of training epoch 22 / 50 	 Time Taken: 17 sec, Data loading: 15 sec
2021-06-05 17:37:06,337 - utils.logger - INFO - learning rate = 0.0000090
2021-06-05 17:37:32,132 - utils.logger - INFO - Trn result of epoch 22 / 50 mse 0.0308 rmse 0.1756 pcc 0.7145 ccc 0.5722
2021-06-05 17:37:46,752 - utils.logger - INFO - Val result of epoch 22 / 50 mse 0.0514 rmse 0.2268 pcc 0.3020 ccc 0.1883
2021-06-05 17:38:12,980 - utils.logger - INFO - Cur epoch 23 loss MSE:0.0333
2021-06-05 17:38:16,579 - utils.logger - INFO - Cur epoch 23 loss MSE:0.1090
2021-06-05 17:38:27,464 - utils.logger - INFO - Cur epoch 23 loss MSE:0.7361
2021-06-05 17:38:27,464 - utils.logger - INFO - saving the model at the end of epoch 23, iters 138
2021-06-05 17:38:27,756 - utils.logger - INFO - End of training epoch 23 / 50 	 Time Taken: 41 sec, Data loading: 39 sec
2021-06-05 17:38:27,757 - utils.logger - INFO - learning rate = 0.0000087
2021-06-05 17:39:01,125 - utils.logger - INFO - Trn result of epoch 23 / 50 mse 0.0307 rmse 0.1753 pcc 0.7961 ccc 0.5749
2021-06-05 17:39:01,442 - utils.logger - INFO - Val result of epoch 23 / 50 mse 0.0403 rmse 0.2008 pcc 0.4655 ccc 0.3620
2021-06-05 17:39:01,967 - utils.logger - INFO - Cur epoch 24 loss MSE:0.0592
2021-06-05 17:39:02,474 - utils.logger - INFO - Cur epoch 24 loss MSE:0.1194
2021-06-05 17:39:02,875 - utils.logger - INFO - Cur epoch 24 loss MSE:0.0486
2021-06-05 17:39:02,876 - utils.logger - INFO - saving the model at the end of epoch 24, iters 144
2021-06-05 17:39:03,102 - utils.logger - INFO - End of training epoch 24 / 50 	 Time Taken: 1 sec, Data loading: 0 sec
2021-06-05 17:39:03,102 - utils.logger - INFO - learning rate = 0.0000084
2021-06-05 17:39:03,998 - utils.logger - INFO - Trn result of epoch 24 / 50 mse 0.0499 rmse 0.2233 pcc 0.7595 ccc 0.4531
2021-06-05 17:39:04,310 - utils.logger - INFO - Val result of epoch 24 / 50 mse 0.0607 rmse 0.2463 pcc 0.4335 ccc 0.2674
2021-06-05 17:39:04,826 - utils.logger - INFO - Cur epoch 25 loss MSE:0.1058
2021-06-05 17:39:05,336 - utils.logger - INFO - Cur epoch 25 loss MSE:0.0204
2021-06-05 17:39:05,744 - utils.logger - INFO - Cur epoch 25 loss MSE:0.7037
2021-06-05 17:39:05,744 - utils.logger - INFO - saving the model at the end of epoch 25, iters 150
2021-06-05 17:39:06,095 - utils.logger - INFO - End of training epoch 25 / 50 	 Time Taken: 1 sec, Data loading: 0 sec
2021-06-05 17:39:06,096 - utils.logger - INFO - learning rate = 0.0000081
2021-06-05 17:39:06,986 - utils.logger - INFO - Trn result of epoch 25 / 50 mse 0.0144 rmse 0.1200 pcc 0.8570 ccc 0.7875
2021-06-05 17:39:07,354 - utils.logger - INFO - Val result of epoch 25 / 50 mse 0.0377 rmse 0.1940 pcc 0.4231 ccc 0.4080
2021-06-05 17:39:07,866 - utils.logger - INFO - Cur epoch 26 loss MSE:0.2148
2021-06-05 17:39:08,392 - utils.logger - INFO - Cur epoch 26 loss MSE:0.0759
2021-06-05 17:39:08,776 - utils.logger - INFO - Cur epoch 26 loss MSE:0.2661
2021-06-05 17:39:08,776 - utils.logger - INFO - saving the model at the end of epoch 26, iters 156
2021-06-05 17:39:09,109 - utils.logger - INFO - End of training epoch 26 / 50 	 Time Taken: 1 sec, Data loading: 0 sec
2021-06-05 17:39:09,109 - utils.logger - INFO - learning rate = 0.0000077
2021-06-05 17:39:09,909 - utils.logger - INFO - Trn result of epoch 26 / 50 mse 0.0145 rmse 0.1203 pcc 0.8507 ccc 0.7966
2021-06-05 17:39:10,173 - utils.logger - INFO - Val result of epoch 26 / 50 mse 0.0437 rmse 0.2091 pcc 0.3504 ccc 0.3185
2021-06-05 17:39:10,795 - utils.logger - INFO - Cur epoch 27 loss MSE:0.0234
2021-06-05 17:39:11,398 - utils.logger - INFO - Cur epoch 27 loss MSE:0.0437
2021-06-05 17:39:11,831 - utils.logger - INFO - Cur epoch 27 loss MSE:0.8486
2021-06-05 17:39:11,832 - utils.logger - INFO - saving the model at the end of epoch 27, iters 162
2021-06-05 17:39:12,092 - utils.logger - INFO - End of training epoch 27 / 50 	 Time Taken: 1 sec, Data loading: 0 sec
2021-06-05 17:39:12,092 - utils.logger - INFO - learning rate = 0.0000074
2021-06-05 17:39:12,837 - utils.logger - INFO - Trn result of epoch 27 / 50 mse 0.0214 rmse 0.1463 pcc 0.8330 ccc 0.6674
2021-06-05 17:39:13,122 - utils.logger - INFO - Val result of epoch 27 / 50 mse 0.0349 rmse 0.1869 pcc 0.4361 ccc 0.3558
2021-06-05 17:39:13,649 - utils.logger - INFO - Cur epoch 28 loss MSE:0.0403
2021-06-05 17:39:14,166 - utils.logger - INFO - Cur epoch 28 loss MSE:0.0321
2021-06-05 17:39:14,581 - utils.logger - INFO - Cur epoch 28 loss MSE:0.0525
2021-06-05 17:39:14,581 - utils.logger - INFO - saving the model at the end of epoch 28, iters 168
2021-06-05 17:39:14,858 - utils.logger - INFO - End of training epoch 28 / 50 	 Time Taken: 1 sec, Data loading: 0 sec
2021-06-05 17:39:14,859 - utils.logger - INFO - learning rate = 0.0000071
2021-06-05 17:39:15,603 - utils.logger - INFO - Trn result of epoch 28 / 50 mse 0.0127 rmse 0.1127 pcc 0.8591 ccc 0.8127
2021-06-05 17:39:15,861 - utils.logger - INFO - Val result of epoch 28 / 50 mse 0.0439 rmse 0.2096 pcc 0.2844 ccc 0.2601
2021-06-05 17:39:16,407 - utils.logger - INFO - Cur epoch 29 loss MSE:0.0325
2021-06-05 17:39:17,027 - utils.logger - INFO - Cur epoch 29 loss MSE:0.0171
2021-06-05 17:39:17,491 - utils.logger - INFO - Cur epoch 29 loss MSE:0.1062
2021-06-05 17:39:17,492 - utils.logger - INFO - saving the model at the end of epoch 29, iters 174
2021-06-05 17:39:17,858 - utils.logger - INFO - End of training epoch 29 / 50 	 Time Taken: 1 sec, Data loading: 0 sec
2021-06-05 17:39:17,859 - utils.logger - INFO - learning rate = 0.0000068
2021-06-05 17:39:18,821 - utils.logger - INFO - Trn result of epoch 29 / 50 mse 0.0117 rmse 0.1084 pcc 0.8678 ccc 0.8533
2021-06-05 17:39:19,108 - utils.logger - INFO - Val result of epoch 29 / 50 mse 0.0438 rmse 0.2092 pcc 0.4117 ccc 0.4018
2021-06-05 17:39:19,648 - utils.logger - INFO - Cur epoch 30 loss MSE:0.0353
2021-06-05 17:39:20,189 - utils.logger - INFO - Cur epoch 30 loss MSE:0.1055
2021-06-05 17:39:20,578 - utils.logger - INFO - Cur epoch 30 loss MSE:0.1928
2021-06-05 17:39:20,579 - utils.logger - INFO - saving the model at the end of epoch 30, iters 180
2021-06-05 17:39:20,902 - utils.logger - INFO - End of training epoch 30 / 50 	 Time Taken: 1 sec, Data loading: 0 sec
2021-06-05 17:39:20,902 - utils.logger - INFO - learning rate = 0.0000065
2021-06-05 17:39:21,691 - utils.logger - INFO - Trn result of epoch 30 / 50 mse 0.0086 rmse 0.0929 pcc 0.9011 ccc 0.8821
2021-06-05 17:39:22,004 - utils.logger - INFO - Val result of epoch 30 / 50 mse 0.0411 rmse 0.2028 pcc 0.4031 ccc 0.4002
2021-06-05 17:39:22,533 - utils.logger - INFO - Cur epoch 31 loss MSE:0.0235
2021-06-05 17:39:23,039 - utils.logger - INFO - Cur epoch 31 loss MSE:0.0592
2021-06-05 17:39:23,435 - utils.logger - INFO - Cur epoch 31 loss MSE:0.2217
2021-06-05 17:39:23,435 - utils.logger - INFO - saving the model at the end of epoch 31, iters 186
2021-06-05 17:39:23,771 - utils.logger - INFO - End of training epoch 31 / 50 	 Time Taken: 1 sec, Data loading: 0 sec
2021-06-05 17:39:23,772 - utils.logger - INFO - learning rate = 0.0000061
2021-06-05 17:39:24,771 - utils.logger - INFO - Trn result of epoch 31 / 50 mse 0.0205 rmse 0.1431 pcc 0.8643 ccc 0.7230
2021-06-05 17:39:25,043 - utils.logger - INFO - Val result of epoch 31 / 50 mse 0.0434 rmse 0.2084 pcc 0.3870 ccc 0.3202
2021-06-05 17:39:25,551 - utils.logger - INFO - Cur epoch 32 loss MSE:0.0051
2021-06-05 17:39:26,063 - utils.logger - INFO - Cur epoch 32 loss MSE:0.0252
2021-06-05 17:39:26,454 - utils.logger - INFO - Cur epoch 32 loss MSE:0.0176
2021-06-05 17:39:26,454 - utils.logger - INFO - saving the model at the end of epoch 32, iters 192
2021-06-05 17:39:26,752 - utils.logger - INFO - End of training epoch 32 / 50 	 Time Taken: 1 sec, Data loading: 0 sec
2021-06-05 17:39:26,753 - utils.logger - INFO - learning rate = 0.0000058
2021-06-05 17:39:27,475 - utils.logger - INFO - Trn result of epoch 32 / 50 mse 0.0347 rmse 0.1862 pcc 0.8010 ccc 0.5604
2021-06-05 17:39:27,766 - utils.logger - INFO - Val result of epoch 32 / 50 mse 0.0479 rmse 0.2190 pcc 0.4628 ccc 0.3203
2021-06-05 17:39:28,343 - utils.logger - INFO - Cur epoch 33 loss MSE:0.0449
2021-06-05 17:39:28,998 - utils.logger - INFO - Cur epoch 33 loss MSE:0.0269
2021-06-05 17:39:29,473 - utils.logger - INFO - Cur epoch 33 loss MSE:0.0943
2021-06-05 17:39:29,473 - utils.logger - INFO - saving the model at the end of epoch 33, iters 198
2021-06-05 17:39:29,753 - utils.logger - INFO - End of training epoch 33 / 50 	 Time Taken: 1 sec, Data loading: 0 sec
2021-06-05 17:39:29,753 - utils.logger - INFO - learning rate = 0.0000055
2021-06-05 17:39:30,514 - utils.logger - INFO - Trn result of epoch 33 / 50 mse 0.0128 rmse 0.1131 pcc 0.8806 ccc 0.7980
2021-06-05 17:39:30,800 - utils.logger - INFO - Val result of epoch 33 / 50 mse 0.0351 rmse 0.1874 pcc 0.3313 ccc 0.2696
2021-06-05 17:39:31,287 - utils.logger - INFO - Cur epoch 34 loss MSE:0.0041
2021-06-05 17:39:31,797 - utils.logger - INFO - Cur epoch 34 loss MSE:0.1576
2021-06-05 17:39:32,181 - utils.logger - INFO - Cur epoch 34 loss MSE:0.8580
2021-06-05 17:39:32,181 - utils.logger - INFO - saving the model at the end of epoch 34, iters 204
2021-06-05 17:39:32,559 - utils.logger - INFO - End of training epoch 34 / 50 	 Time Taken: 1 sec, Data loading: 0 sec
2021-06-05 17:39:32,559 - utils.logger - INFO - learning rate = 0.0000052
2021-06-05 17:39:33,290 - utils.logger - INFO - Trn result of epoch 34 / 50 mse 0.0683 rmse 0.2613 pcc 0.7179 ccc 0.4602
2021-06-05 17:39:33,587 - utils.logger - INFO - Val result of epoch 34 / 50 mse 0.0995 rmse 0.3155 pcc 0.3043 ccc 0.1664
2021-06-05 17:39:34,081 - utils.logger - INFO - Cur epoch 35 loss MSE:0.1185
2021-06-05 17:39:34,601 - utils.logger - INFO - Cur epoch 35 loss MSE:0.0473
2021-06-05 17:39:34,975 - utils.logger - INFO - Cur epoch 35 loss MSE:0.0646
2021-06-05 17:39:34,975 - utils.logger - INFO - saving the model at the end of epoch 35, iters 210
2021-06-05 17:39:35,415 - utils.logger - INFO - End of training epoch 35 / 50 	 Time Taken: 1 sec, Data loading: 0 sec
2021-06-05 17:39:35,415 - utils.logger - INFO - learning rate = 0.0000048
2021-06-05 17:39:36,119 - utils.logger - INFO - Trn result of epoch 35 / 50 mse 0.0389 rmse 0.1973 pcc 0.8205 ccc 0.5244
2021-06-05 17:39:36,349 - utils.logger - INFO - Val result of epoch 35 / 50 mse 0.0524 rmse 0.2288 pcc 0.4423 ccc 0.2795
2021-06-05 17:39:36,835 - utils.logger - INFO - Cur epoch 36 loss MSE:0.0886
2021-06-05 17:39:37,444 - utils.logger - INFO - Cur epoch 36 loss MSE:0.2329
2021-06-05 17:39:37,891 - utils.logger - INFO - Cur epoch 36 loss MSE:0.6515
2021-06-05 17:39:37,892 - utils.logger - INFO - saving the model at the end of epoch 36, iters 216
2021-06-05 17:39:38,159 - utils.logger - INFO - End of training epoch 36 / 50 	 Time Taken: 1 sec, Data loading: 0 sec
2021-06-05 17:39:38,159 - utils.logger - INFO - learning rate = 0.0000045
2021-06-05 17:39:38,972 - utils.logger - INFO - Trn result of epoch 36 / 50 mse 0.0104 rmse 0.1020 pcc 0.8995 ccc 0.8687
2021-06-05 17:39:39,242 - utils.logger - INFO - Val result of epoch 36 / 50 mse 0.0425 rmse 0.2062 pcc 0.4325 ccc 0.4051
2021-06-05 17:39:39,738 - utils.logger - INFO - Cur epoch 37 loss MSE:0.0223
2021-06-05 17:39:40,258 - utils.logger - INFO - Cur epoch 37 loss MSE:0.0355
2021-06-05 17:39:40,633 - utils.logger - INFO - Cur epoch 37 loss MSE:0.3107
2021-06-05 17:39:40,633 - utils.logger - INFO - saving the model at the end of epoch 37, iters 222
2021-06-05 17:39:40,909 - utils.logger - INFO - End of training epoch 37 / 50 	 Time Taken: 1 sec, Data loading: 0 sec
2021-06-05 17:39:40,909 - utils.logger - INFO - learning rate = 0.0000042
2021-06-05 17:39:41,646 - utils.logger - INFO - Trn result of epoch 37 / 50 mse 0.0136 rmse 0.1168 pcc 0.8984 ccc 0.8171
2021-06-05 17:39:41,896 - utils.logger - INFO - Val result of epoch 37 / 50 mse 0.0390 rmse 0.1974 pcc 0.4306 ccc 0.3803
2021-06-05 17:39:42,411 - utils.logger - INFO - Cur epoch 38 loss MSE:0.0214
2021-06-05 17:39:42,973 - utils.logger - INFO - Cur epoch 38 loss MSE:0.0964
2021-06-05 17:39:43,388 - utils.logger - INFO - Cur epoch 38 loss MSE:0.3295
2021-06-05 17:39:43,388 - utils.logger - INFO - saving the model at the end of epoch 38, iters 228
2021-06-05 17:39:43,701 - utils.logger - INFO - End of training epoch 38 / 50 	 Time Taken: 1 sec, Data loading: 0 sec
2021-06-05 17:39:43,702 - utils.logger - INFO - learning rate = 0.0000039
2021-06-05 17:39:44,442 - utils.logger - INFO - Trn result of epoch 38 / 50 mse 0.0100 rmse 0.0998 pcc 0.9047 ccc 0.8807
2021-06-05 17:39:44,771 - utils.logger - INFO - Val result of epoch 38 / 50 mse 0.0394 rmse 0.1985 pcc 0.4201 ccc 0.4138
2021-06-05 17:39:45,299 - utils.logger - INFO - Cur epoch 39 loss MSE:0.0072
2021-06-05 17:39:45,839 - utils.logger - INFO - Cur epoch 39 loss MSE:0.0877
2021-06-05 17:39:46,249 - utils.logger - INFO - Cur epoch 39 loss MSE:0.3383
2021-06-05 17:39:46,249 - utils.logger - INFO - saving the model at the end of epoch 39, iters 234
2021-06-05 17:39:46,588 - utils.logger - INFO - End of training epoch 39 / 50 	 Time Taken: 1 sec, Data loading: 0 sec
2021-06-05 17:39:46,589 - utils.logger - INFO - learning rate = 0.0000035
2021-06-05 17:39:47,528 - utils.logger - INFO - Trn result of epoch 39 / 50 mse 0.0096 rmse 0.0977 pcc 0.9114 ccc 0.8667
2021-06-05 17:39:47,792 - utils.logger - INFO - Val result of epoch 39 / 50 mse 0.0360 rmse 0.1898 pcc 0.4140 ccc 0.3884
2021-06-05 17:39:48,334 - utils.logger - INFO - Cur epoch 40 loss MSE:0.0791
2021-06-05 17:39:48,863 - utils.logger - INFO - Cur epoch 40 loss MSE:0.0161
2021-06-05 17:39:49,247 - utils.logger - INFO - Cur epoch 40 loss MSE:0.2306
2021-06-05 17:39:49,248 - utils.logger - INFO - saving the model at the end of epoch 40, iters 240
2021-06-05 17:39:49,484 - utils.logger - INFO - End of training epoch 40 / 50 	 Time Taken: 1 sec, Data loading: 0 sec
2021-06-05 17:39:49,484 - utils.logger - INFO - learning rate = 0.0000032
2021-06-05 17:39:50,164 - utils.logger - INFO - Trn result of epoch 40 / 50 mse 0.0066 rmse 0.0813 pcc 0.9220 ccc 0.9183
2021-06-05 17:39:50,407 - utils.logger - INFO - Val result of epoch 40 / 50 mse 0.0398 rmse 0.1994 pcc 0.4256 ccc 0.4229
2021-06-05 17:39:50,883 - utils.logger - INFO - Cur epoch 41 loss MSE:0.6474
2021-06-05 17:39:51,433 - utils.logger - INFO - Cur epoch 41 loss MSE:0.0379
2021-06-05 17:39:51,847 - utils.logger - INFO - Cur epoch 41 loss MSE:2.3253
2021-06-05 17:39:51,847 - utils.logger - INFO - saving the model at the end of epoch 41, iters 246
2021-06-05 17:39:52,140 - utils.logger - INFO - End of training epoch 41 / 50 	 Time Taken: 1 sec, Data loading: 0 sec
2021-06-05 17:39:52,141 - utils.logger - INFO - learning rate = 0.0000029
2021-06-05 17:39:53,153 - utils.logger - INFO - Trn result of epoch 41 / 50 mse 0.0129 rmse 0.1135 pcc 0.8874 ccc 0.8533
2021-06-05 17:39:53,495 - utils.logger - INFO - Val result of epoch 41 / 50 mse 0.0488 rmse 0.2209 pcc 0.3551 ccc 0.3368
2021-06-05 17:39:54,012 - utils.logger - INFO - Cur epoch 42 loss MSE:0.1133
2021-06-05 17:39:54,525 - utils.logger - INFO - Cur epoch 42 loss MSE:0.0246
2021-06-05 17:39:54,919 - utils.logger - INFO - Cur epoch 42 loss MSE:0.3041
2021-06-05 17:39:54,919 - utils.logger - INFO - saving the model at the end of epoch 42, iters 252
2021-06-05 17:39:55,263 - utils.logger - INFO - End of training epoch 42 / 50 	 Time Taken: 1 sec, Data loading: 0 sec
2021-06-05 17:39:55,263 - utils.logger - INFO - learning rate = 0.0000026
2021-06-05 17:39:56,184 - utils.logger - INFO - Trn result of epoch 42 / 50 mse 0.0122 rmse 0.1104 pcc 0.9117 ccc 0.8556
2021-06-05 17:39:56,431 - utils.logger - INFO - Val result of epoch 42 / 50 mse 0.0439 rmse 0.2095 pcc 0.4086 ccc 0.3745
2021-06-05 17:39:56,917 - utils.logger - INFO - Cur epoch 43 loss MSE:0.0098
2021-06-05 17:39:57,408 - utils.logger - INFO - Cur epoch 43 loss MSE:0.0134
2021-06-05 17:39:57,810 - utils.logger - INFO - Cur epoch 43 loss MSE:0.5210
2021-06-05 17:39:57,810 - utils.logger - INFO - saving the model at the end of epoch 43, iters 258
2021-06-05 17:39:58,182 - utils.logger - INFO - End of training epoch 43 / 50 	 Time Taken: 1 sec, Data loading: 0 sec
2021-06-05 17:39:58,183 - utils.logger - INFO - learning rate = 0.0000023
2021-06-05 17:39:58,883 - utils.logger - INFO - Trn result of epoch 43 / 50 mse 0.0065 rmse 0.0805 pcc 0.9262 ccc 0.9188
2021-06-05 17:39:59,169 - utils.logger - INFO - Val result of epoch 43 / 50 mse 0.0408 rmse 0.2021 pcc 0.4241 ccc 0.4168
2021-06-05 17:39:59,655 - utils.logger - INFO - Cur epoch 44 loss MSE:0.0701
2021-06-05 17:40:00,155 - utils.logger - INFO - Cur epoch 44 loss MSE:0.0346
2021-06-05 17:40:00,543 - utils.logger - INFO - Cur epoch 44 loss MSE:0.0143
2021-06-05 17:40:00,543 - utils.logger - INFO - saving the model at the end of epoch 44, iters 264
2021-06-05 17:40:00,830 - utils.logger - INFO - End of training epoch 44 / 50 	 Time Taken: 1 sec, Data loading: 0 sec
2021-06-05 17:40:00,831 - utils.logger - INFO - learning rate = 0.0000019
2021-06-05 17:40:01,548 - utils.logger - INFO - Trn result of epoch 44 / 50 mse 0.0059 rmse 0.0771 pcc 0.9329 ccc 0.9221
2021-06-05 17:40:01,778 - utils.logger - INFO - Val result of epoch 44 / 50 mse 0.0383 rmse 0.1957 pcc 0.3828 ccc 0.3680
2021-06-05 17:40:02,292 - utils.logger - INFO - Cur epoch 45 loss MSE:0.0231
2021-06-05 17:40:02,849 - utils.logger - INFO - Cur epoch 45 loss MSE:0.0410
2021-06-05 17:40:03,285 - utils.logger - INFO - Cur epoch 45 loss MSE:0.4681
2021-06-05 17:40:03,285 - utils.logger - INFO - saving the model at the end of epoch 45, iters 270
2021-06-05 17:40:03,548 - utils.logger - INFO - End of training epoch 45 / 50 	 Time Taken: 1 sec, Data loading: 0 sec
2021-06-05 17:40:03,549 - utils.logger - INFO - learning rate = 0.0000016
2021-06-05 17:40:04,366 - utils.logger - INFO - Trn result of epoch 45 / 50 mse 0.0122 rmse 0.1106 pcc 0.9103 ccc 0.8417
2021-06-05 17:40:04,649 - utils.logger - INFO - Val result of epoch 45 / 50 mse 0.0407 rmse 0.2016 pcc 0.3981 ccc 0.3474
2021-06-05 17:40:05,152 - utils.logger - INFO - Cur epoch 46 loss MSE:0.0098
2021-06-05 17:40:05,687 - utils.logger - INFO - Cur epoch 46 loss MSE:0.0081
2021-06-05 17:40:06,076 - utils.logger - INFO - Cur epoch 46 loss MSE:1.7836
2021-06-05 17:40:06,076 - utils.logger - INFO - saving the model at the end of epoch 46, iters 276
2021-06-05 17:40:06,356 - utils.logger - INFO - End of training epoch 46 / 50 	 Time Taken: 1 sec, Data loading: 0 sec
2021-06-05 17:40:06,356 - utils.logger - INFO - learning rate = 0.0000013
2021-06-05 17:40:07,108 - utils.logger - INFO - Trn result of epoch 46 / 50 mse 0.0061 rmse 0.0782 pcc 0.9293 ccc 0.9291
2021-06-05 17:40:07,374 - utils.logger - INFO - Val result of epoch 46 / 50 mse 0.0455 rmse 0.2134 pcc 0.3920 ccc 0.3919
2021-06-05 17:40:07,910 - utils.logger - INFO - Cur epoch 47 loss MSE:0.0188
2021-06-05 17:40:08,491 - utils.logger - INFO - Cur epoch 47 loss MSE:0.0486
2021-06-05 17:40:08,962 - utils.logger - INFO - Cur epoch 47 loss MSE:0.5228
2021-06-05 17:40:08,963 - utils.logger - INFO - saving the model at the end of epoch 47, iters 282
2021-06-05 17:40:09,460 - utils.logger - INFO - End of training epoch 47 / 50 	 Time Taken: 2 sec, Data loading: 0 sec
2021-06-05 17:40:09,461 - utils.logger - INFO - learning rate = 0.0000010
2021-06-05 17:40:10,315 - utils.logger - INFO - Trn result of epoch 47 / 50 mse 0.0102 rmse 0.1008 pcc 0.9200 ccc 0.8719
2021-06-05 17:40:10,641 - utils.logger - INFO - Val result of epoch 47 / 50 mse 0.0426 rmse 0.2065 pcc 0.3815 ccc 0.3480
2021-06-05 17:40:11,146 - utils.logger - INFO - Cur epoch 48 loss MSE:0.0478
2021-06-05 17:40:11,638 - utils.logger - INFO - Cur epoch 48 loss MSE:0.0770
2021-06-05 17:40:12,030 - utils.logger - INFO - Cur epoch 48 loss MSE:0.1408
2021-06-05 17:40:12,030 - utils.logger - INFO - saving the model at the end of epoch 48, iters 288
2021-06-05 17:40:12,325 - utils.logger - INFO - End of training epoch 48 / 50 	 Time Taken: 1 sec, Data loading: 0 sec
2021-06-05 17:40:12,326 - utils.logger - INFO - learning rate = 0.0000006
2021-06-05 17:40:13,147 - utils.logger - INFO - Trn result of epoch 48 / 50 mse 0.0053 rmse 0.0727 pcc 0.9380 ccc 0.9360
2021-06-05 17:40:13,433 - utils.logger - INFO - Val result of epoch 48 / 50 mse 0.0415 rmse 0.2037 pcc 0.3823 ccc 0.3779
2021-06-05 17:40:13,983 - utils.logger - INFO - Cur epoch 49 loss MSE:0.0510
2021-06-05 17:40:14,484 - utils.logger - INFO - Cur epoch 49 loss MSE:0.0826
2021-06-05 17:40:14,920 - utils.logger - INFO - Cur epoch 49 loss MSE:0.0932
2021-06-05 17:40:14,920 - utils.logger - INFO - saving the model at the end of epoch 49, iters 294
2021-06-05 17:40:15,190 - utils.logger - INFO - End of training epoch 49 / 50 	 Time Taken: 1 sec, Data loading: 0 sec
2021-06-05 17:40:15,190 - utils.logger - INFO - learning rate = 0.0000003
2021-06-05 17:40:15,930 - utils.logger - INFO - Trn result of epoch 49 / 50 mse 0.0055 rmse 0.0744 pcc 0.9389 ccc 0.9321
2021-06-05 17:40:16,180 - utils.logger - INFO - Val result of epoch 49 / 50 mse 0.0425 rmse 0.2061 pcc 0.3710 ccc 0.3659
2021-06-05 17:40:16,668 - utils.logger - INFO - Cur epoch 50 loss MSE:0.0094
2021-06-05 17:40:17,165 - utils.logger - INFO - Cur epoch 50 loss MSE:0.0368
2021-06-05 17:40:17,530 - utils.logger - INFO - Cur epoch 50 loss MSE:0.5912
2021-06-05 17:40:17,530 - utils.logger - INFO - saving the model at the end of epoch 50, iters 300
2021-06-05 17:40:17,854 - utils.logger - INFO - End of training epoch 50 / 50 	 Time Taken: 1 sec, Data loading: 0 sec
2021-06-05 17:40:17,854 - utils.logger - INFO - learning rate = 0.0000000
2021-06-05 17:40:18,512 - utils.logger - INFO - Trn result of epoch 50 / 50 mse 0.0053 rmse 0.0731 pcc 0.9395 ccc 0.9352
2021-06-05 17:40:18,744 - utils.logger - INFO - Val result of epoch 50 / 50 mse 0.0416 rmse 0.2041 pcc 0.3830 ccc 0.3797
2021-06-05 17:40:18,745 - utils.logger - INFO - Best eval epoch 40 found with ccc 0.422880
2021-06-05 17:40:18,745 - utils.logger - INFO - baseline_fcfusion_norm_deepspectrum_valence_hidden1024_seq100_run2
