2021-06-19 17:23:37,789 - utils.logger - INFO - The number of training samples = 41
2021-06-19 17:23:40,442 - utils.logger - INFO - Cur epoch 1 loss ccc:0.1247
2021-06-19 17:23:40,873 - utils.logger - INFO - Cur epoch 1 loss ccc:0.1269
2021-06-19 17:23:41,223 - utils.logger - INFO - Cur epoch 1 loss ccc:1.0003
2021-06-19 17:23:41,223 - utils.logger - INFO - saving the model at the end of epoch 1, iters 6
2021-06-19 17:23:41,419 - utils.logger - INFO - End of training epoch 1 / 70 	 Time Taken: 1 sec, Data loading: 0 sec
2021-06-19 17:23:41,419 - utils.logger - INFO - learning rate = 0.0001000
2021-06-19 17:23:41,783 - utils.logger - INFO - Trn result of epoch 1 / 70 mse 0.1138 rmse 0.3373 pcc -0.0479 ccc -0.0004
2021-06-19 17:23:41,907 - utils.logger - INFO - Val result of epoch 1 / 70 mse 0.1296 rmse 0.3600 pcc 0.1174 ccc 0.0011
2021-06-19 17:23:42,300 - utils.logger - INFO - Cur epoch 2 loss ccc:0.1283
2021-06-19 17:23:42,709 - utils.logger - INFO - Cur epoch 2 loss ccc:0.1095
2021-06-19 17:23:43,071 - utils.logger - INFO - Cur epoch 2 loss ccc:1.0000
2021-06-19 17:23:43,071 - utils.logger - INFO - saving the model at the end of epoch 2, iters 12
2021-06-19 17:23:43,312 - utils.logger - INFO - End of training epoch 2 / 70 	 Time Taken: 1 sec, Data loading: 0 sec
2021-06-19 17:23:43,312 - utils.logger - INFO - learning rate = 0.0001000
2021-06-19 17:23:43,681 - utils.logger - INFO - Trn result of epoch 2 / 70 mse 0.1158 rmse 0.3403 pcc -0.0492 ccc -0.0002
2021-06-19 17:23:43,832 - utils.logger - INFO - Val result of epoch 2 / 70 mse 0.1309 rmse 0.3618 pcc 0.1785 ccc 0.0005
2021-06-19 17:23:44,240 - utils.logger - INFO - Cur epoch 3 loss ccc:0.1277
2021-06-19 17:23:44,637 - utils.logger - INFO - Cur epoch 3 loss ccc:0.1257
2021-06-19 17:23:44,944 - utils.logger - INFO - Cur epoch 3 loss ccc:1.0004
2021-06-19 17:23:44,944 - utils.logger - INFO - saving the model at the end of epoch 3, iters 18
2021-06-19 17:23:45,185 - utils.logger - INFO - End of training epoch 3 / 70 	 Time Taken: 1 sec, Data loading: 0 sec
2021-06-19 17:23:45,185 - utils.logger - INFO - learning rate = 0.0001000
2021-06-19 17:23:45,550 - utils.logger - INFO - Trn result of epoch 3 / 70 mse 0.1146 rmse 0.3386 pcc -0.0318 ccc -0.0002
2021-06-19 17:23:45,677 - utils.logger - INFO - Val result of epoch 3 / 70 mse 0.1301 rmse 0.3608 pcc 0.1644 ccc 0.0008
2021-06-19 17:23:46,076 - utils.logger - INFO - Cur epoch 4 loss ccc:0.1250
2021-06-19 17:23:46,469 - utils.logger - INFO - Cur epoch 4 loss ccc:0.1250
2021-06-19 17:23:46,808 - utils.logger - INFO - Cur epoch 4 loss ccc:0.9991
2021-06-19 17:23:46,808 - utils.logger - INFO - saving the model at the end of epoch 4, iters 24
2021-06-19 17:23:47,058 - utils.logger - INFO - End of training epoch 4 / 70 	 Time Taken: 1 sec, Data loading: 0 sec
2021-06-19 17:23:47,058 - utils.logger - INFO - learning rate = 0.0001000
2021-06-19 17:23:47,421 - utils.logger - INFO - Trn result of epoch 4 / 70 mse 0.1150 rmse 0.3391 pcc -0.0681 ccc -0.0008
2021-06-19 17:23:47,544 - utils.logger - INFO - Val result of epoch 4 / 70 mse 0.1302 rmse 0.3608 pcc 0.1761 ccc 0.0020
2021-06-19 17:23:47,922 - utils.logger - INFO - Cur epoch 5 loss ccc:0.1246
2021-06-19 17:23:48,300 - utils.logger - INFO - Cur epoch 5 loss ccc:0.1249
2021-06-19 17:23:48,616 - utils.logger - INFO - Cur epoch 5 loss ccc:1.0013
2021-06-19 17:23:48,616 - utils.logger - INFO - saving the model at the end of epoch 5, iters 30
2021-06-19 17:23:48,909 - utils.logger - INFO - End of training epoch 5 / 70 	 Time Taken: 1 sec, Data loading: 0 sec
2021-06-19 17:23:48,909 - utils.logger - INFO - learning rate = 0.0001000
2021-06-19 17:23:49,262 - utils.logger - INFO - Trn result of epoch 5 / 70 mse 0.1144 rmse 0.3382 pcc -0.0677 ccc -0.0010
2021-06-19 17:23:49,389 - utils.logger - INFO - Val result of epoch 5 / 70 mse 0.1297 rmse 0.3602 pcc 0.1848 ccc 0.0026
2021-06-19 17:23:49,763 - utils.logger - INFO - Cur epoch 6 loss ccc:0.1254
2021-06-19 17:23:50,165 - utils.logger - INFO - Cur epoch 6 loss ccc:0.1107
2021-06-19 17:23:50,497 - utils.logger - INFO - Cur epoch 6 loss ccc:0.9998
2021-06-19 17:23:50,497 - utils.logger - INFO - saving the model at the end of epoch 6, iters 36
2021-06-19 17:23:50,909 - utils.logger - INFO - End of training epoch 6 / 70 	 Time Taken: 1 sec, Data loading: 0 sec
2021-06-19 17:23:50,909 - utils.logger - INFO - learning rate = 0.0001000
2021-06-19 17:23:51,280 - utils.logger - INFO - Trn result of epoch 6 / 70 mse 0.1134 rmse 0.3367 pcc -0.0692 ccc -0.0014
2021-06-19 17:23:51,403 - utils.logger - INFO - Val result of epoch 6 / 70 mse 0.1291 rmse 0.3593 pcc 0.1794 ccc 0.0036
2021-06-19 17:23:51,789 - utils.logger - INFO - Cur epoch 7 loss ccc:0.1199
2021-06-19 17:23:52,189 - utils.logger - INFO - Cur epoch 7 loss ccc:0.1319
2021-06-19 17:23:52,519 - utils.logger - INFO - Cur epoch 7 loss ccc:0.9979
2021-06-19 17:23:52,519 - utils.logger - INFO - saving the model at the end of epoch 7, iters 42
2021-06-19 17:23:52,777 - utils.logger - INFO - End of training epoch 7 / 70 	 Time Taken: 1 sec, Data loading: 0 sec
2021-06-19 17:23:52,777 - utils.logger - INFO - learning rate = 0.0001000
2021-06-19 17:23:53,131 - utils.logger - INFO - Trn result of epoch 7 / 70 mse 2.0342 rmse 1.4263 pcc 0.0591 ccc 0.0019
2021-06-19 17:23:53,255 - utils.logger - INFO - Val result of epoch 7 / 70 mse 2.1491 rmse 1.4660 pcc 0.0584 ccc 0.0019
2021-06-19 17:23:53,668 - utils.logger - INFO - Cur epoch 8 loss ccc:0.1250
2021-06-19 17:23:54,077 - utils.logger - INFO - Cur epoch 8 loss ccc:0.1279
2021-06-19 17:23:54,412 - utils.logger - INFO - Cur epoch 8 loss ccc:0.9987
2021-06-19 17:23:54,412 - utils.logger - INFO - saving the model at the end of epoch 8, iters 48
2021-06-19 17:23:54,749 - utils.logger - INFO - End of training epoch 8 / 70 	 Time Taken: 1 sec, Data loading: 0 sec
2021-06-19 17:23:54,750 - utils.logger - INFO - learning rate = 0.0001000
2021-06-19 17:23:55,108 - utils.logger - INFO - Trn result of epoch 8 / 70 mse 2.2224 rmse 1.4908 pcc 0.0554 ccc 0.0016
2021-06-19 17:23:55,233 - utils.logger - INFO - Val result of epoch 8 / 70 mse 2.3431 rmse 1.5307 pcc 0.0525 ccc 0.0015
2021-06-19 17:23:55,613 - utils.logger - INFO - Cur epoch 9 loss ccc:0.1284
2021-06-19 17:23:55,969 - utils.logger - INFO - Cur epoch 9 loss ccc:0.1174
2021-06-19 17:23:56,273 - utils.logger - INFO - Cur epoch 9 loss ccc:1.0012
2021-06-19 17:23:56,273 - utils.logger - INFO - saving the model at the end of epoch 9, iters 54
2021-06-19 17:23:56,529 - utils.logger - INFO - End of training epoch 9 / 70 	 Time Taken: 1 sec, Data loading: 0 sec
2021-06-19 17:23:56,529 - utils.logger - INFO - learning rate = 0.0001000
2021-06-19 17:23:56,885 - utils.logger - INFO - Trn result of epoch 9 / 70 mse 1.9261 rmse 1.3878 pcc 0.0532 ccc 0.0016
2021-06-19 17:23:57,007 - utils.logger - INFO - Val result of epoch 9 / 70 mse 2.0392 rmse 1.4280 pcc 0.0538 ccc 0.0017
2021-06-19 17:23:57,378 - utils.logger - INFO - Cur epoch 10 loss ccc:0.1270
2021-06-19 17:23:57,755 - utils.logger - INFO - Cur epoch 10 loss ccc:0.1249
2021-06-19 17:23:58,053 - utils.logger - INFO - Cur epoch 10 loss ccc:0.9982
2021-06-19 17:23:58,053 - utils.logger - INFO - saving the model at the end of epoch 10, iters 60
2021-06-19 17:23:58,311 - utils.logger - INFO - End of training epoch 10 / 70 	 Time Taken: 1 sec, Data loading: 0 sec
2021-06-19 17:23:58,311 - utils.logger - INFO - learning rate = 0.0001000
2021-06-19 17:23:58,667 - utils.logger - INFO - Trn result of epoch 10 / 70 mse 1.5868 rmse 1.2597 pcc 0.0510 ccc 0.0017
2021-06-19 17:23:58,790 - utils.logger - INFO - Val result of epoch 10 / 70 mse 1.6902 rmse 1.3001 pcc 0.0569 ccc 0.0019
2021-06-19 17:23:59,162 - utils.logger - INFO - Cur epoch 11 loss ccc:0.1157
2021-06-19 17:23:59,545 - utils.logger - INFO - Cur epoch 11 loss ccc:0.1163
2021-06-19 17:23:59,860 - utils.logger - INFO - Cur epoch 11 loss ccc:1.0030
2021-06-19 17:23:59,860 - utils.logger - INFO - saving the model at the end of epoch 11, iters 66
2021-06-19 17:24:00,189 - utils.logger - INFO - End of training epoch 11 / 70 	 Time Taken: 1 sec, Data loading: 0 sec
2021-06-19 17:24:00,189 - utils.logger - INFO - learning rate = 0.0001000
2021-06-19 17:24:00,544 - utils.logger - INFO - Trn result of epoch 11 / 70 mse 1.4155 rmse 1.1898 pcc 0.0514 ccc 0.0018
2021-06-19 17:24:00,667 - utils.logger - INFO - Val result of epoch 11 / 70 mse 1.5137 rmse 1.2303 pcc 0.0583 ccc 0.0021
2021-06-19 17:24:01,052 - utils.logger - INFO - Cur epoch 12 loss ccc:0.1143
2021-06-19 17:24:01,444 - utils.logger - INFO - Cur epoch 12 loss ccc:0.1273
2021-06-19 17:24:01,773 - utils.logger - INFO - Cur epoch 12 loss ccc:0.9976
2021-06-19 17:24:01,773 - utils.logger - INFO - saving the model at the end of epoch 12, iters 72
2021-06-19 17:24:02,015 - utils.logger - INFO - End of training epoch 12 / 70 	 Time Taken: 1 sec, Data loading: 0 sec
2021-06-19 17:24:02,015 - utils.logger - INFO - learning rate = 0.0001000
2021-06-19 17:24:02,371 - utils.logger - INFO - Trn result of epoch 12 / 70 mse 1.1517 rmse 1.0732 pcc 0.0513 ccc 0.0020
2021-06-19 17:24:02,493 - utils.logger - INFO - Val result of epoch 12 / 70 mse 1.2416 rmse 1.1143 pcc 0.0600 ccc 0.0024
2021-06-19 17:24:02,883 - utils.logger - INFO - Cur epoch 13 loss ccc:0.1167
2021-06-19 17:24:03,261 - utils.logger - INFO - Cur epoch 13 loss ccc:0.1159
2021-06-19 17:24:03,568 - utils.logger - INFO - Cur epoch 13 loss ccc:1.0015
2021-06-19 17:24:03,569 - utils.logger - INFO - saving the model at the end of epoch 13, iters 78
2021-06-19 17:24:03,820 - utils.logger - INFO - End of training epoch 13 / 70 	 Time Taken: 1 sec, Data loading: 0 sec
2021-06-19 17:24:03,821 - utils.logger - INFO - learning rate = 0.0001000
2021-06-19 17:24:04,181 - utils.logger - INFO - Trn result of epoch 13 / 70 mse 0.8014 rmse 0.8952 pcc 0.0465 ccc 0.0022
2021-06-19 17:24:04,305 - utils.logger - INFO - Val result of epoch 13 / 70 mse 0.8783 rmse 0.9372 pcc 0.0639 ccc 0.0029
2021-06-19 17:24:04,686 - utils.logger - INFO - Cur epoch 14 loss ccc:0.1250
2021-06-19 17:24:05,065 - utils.logger - INFO - Cur epoch 14 loss ccc:0.1046
2021-06-19 17:24:05,367 - utils.logger - INFO - Cur epoch 14 loss ccc:0.8379
2021-06-19 17:24:05,367 - utils.logger - INFO - saving the model at the end of epoch 14, iters 84
2021-06-19 17:24:05,685 - utils.logger - INFO - End of training epoch 14 / 70 	 Time Taken: 1 sec, Data loading: 0 sec
2021-06-19 17:24:05,685 - utils.logger - INFO - learning rate = 0.0001000
2021-06-19 17:24:06,040 - utils.logger - INFO - Trn result of epoch 14 / 70 mse 0.2180 rmse 0.4669 pcc 0.0617 ccc 0.0050
2021-06-19 17:24:06,162 - utils.logger - INFO - Val result of epoch 14 / 70 mse 0.2634 rmse 0.5132 pcc 0.0528 ccc 0.0039
2021-06-19 17:24:06,539 - utils.logger - INFO - Cur epoch 15 loss ccc:0.1250
2021-06-19 17:24:06,920 - utils.logger - INFO - Cur epoch 15 loss ccc:0.1200
2021-06-19 17:24:07,236 - utils.logger - INFO - Cur epoch 15 loss ccc:0.9998
2021-06-19 17:24:07,236 - utils.logger - INFO - saving the model at the end of epoch 15, iters 90
2021-06-19 17:24:07,482 - utils.logger - INFO - End of training epoch 15 / 70 	 Time Taken: 1 sec, Data loading: 0 sec
2021-06-19 17:24:07,482 - utils.logger - INFO - learning rate = 0.0001000
2021-06-19 17:24:07,838 - utils.logger - INFO - Trn result of epoch 15 / 70 mse 0.2523 rmse 0.5023 pcc 0.0647 ccc 0.0050
2021-06-19 17:24:07,961 - utils.logger - INFO - Val result of epoch 15 / 70 mse 0.3016 rmse 0.5492 pcc 0.0447 ccc 0.0032
2021-06-19 17:24:08,332 - utils.logger - INFO - Cur epoch 16 loss ccc:0.1017
2021-06-19 17:24:08,709 - utils.logger - INFO - Cur epoch 16 loss ccc:0.1250
2021-06-19 17:24:09,017 - utils.logger - INFO - Cur epoch 16 loss ccc:1.0040
2021-06-19 17:24:09,017 - utils.logger - INFO - saving the model at the end of epoch 16, iters 96
2021-06-19 17:24:09,263 - utils.logger - INFO - End of training epoch 16 / 70 	 Time Taken: 1 sec, Data loading: 0 sec
2021-06-19 17:24:09,263 - utils.logger - INFO - learning rate = 0.0001000
2021-06-19 17:24:09,621 - utils.logger - INFO - Trn result of epoch 16 / 70 mse 0.3035 rmse 0.5509 pcc 0.1092 ccc 0.0128
2021-06-19 17:24:09,743 - utils.logger - INFO - Val result of epoch 16 / 70 mse 0.3589 rmse 0.5991 pcc 0.0632 ccc 0.0069
2021-06-19 17:24:10,127 - utils.logger - INFO - Cur epoch 17 loss ccc:0.1027
2021-06-19 17:24:10,498 - utils.logger - INFO - Cur epoch 17 loss ccc:0.1249
2021-06-19 17:24:10,804 - utils.logger - INFO - Cur epoch 17 loss ccc:1.0054
2021-06-19 17:24:10,804 - utils.logger - INFO - saving the model at the end of epoch 17, iters 102
2021-06-19 17:24:11,071 - utils.logger - INFO - End of training epoch 17 / 70 	 Time Taken: 1 sec, Data loading: 0 sec
2021-06-19 17:24:11,072 - utils.logger - INFO - learning rate = 0.0001000
2021-06-19 17:24:11,429 - utils.logger - INFO - Trn result of epoch 17 / 70 mse 0.1137 rmse 0.3372 pcc 0.0426 ccc 0.0002
2021-06-19 17:24:11,551 - utils.logger - INFO - Val result of epoch 17 / 70 mse 0.1297 rmse 0.3602 pcc 0.0770 ccc 0.0004
2021-06-19 17:24:11,924 - utils.logger - INFO - Cur epoch 18 loss ccc:0.1221
2021-06-19 17:24:12,290 - utils.logger - INFO - Cur epoch 18 loss ccc:0.1210
2021-06-19 17:24:12,612 - utils.logger - INFO - Cur epoch 18 loss ccc:1.1153
2021-06-19 17:24:12,612 - utils.logger - INFO - saving the model at the end of epoch 18, iters 108
2021-06-19 17:24:12,859 - utils.logger - INFO - End of training epoch 18 / 70 	 Time Taken: 1 sec, Data loading: 0 sec
2021-06-19 17:24:12,860 - utils.logger - INFO - learning rate = 0.0001000
2021-06-19 17:24:13,212 - utils.logger - INFO - Trn result of epoch 18 / 70 mse 0.1246 rmse 0.3530 pcc 0.0949 ccc 0.0096
2021-06-19 17:24:13,335 - utils.logger - INFO - Val result of epoch 18 / 70 mse 0.1559 rmse 0.3949 pcc 0.0764 ccc 0.0066
2021-06-19 17:24:13,712 - utils.logger - INFO - Cur epoch 19 loss ccc:0.1337
2021-06-19 17:24:14,081 - utils.logger - INFO - Cur epoch 19 loss ccc:0.1355
2021-06-19 17:24:14,400 - utils.logger - INFO - Cur epoch 19 loss ccc:0.9793
2021-06-19 17:24:14,400 - utils.logger - INFO - saving the model at the end of epoch 19, iters 114
2021-06-19 17:24:14,647 - utils.logger - INFO - End of training epoch 19 / 70 	 Time Taken: 1 sec, Data loading: 0 sec
2021-06-19 17:24:14,648 - utils.logger - INFO - learning rate = 0.0001000
2021-06-19 17:24:15,003 - utils.logger - INFO - Trn result of epoch 19 / 70 mse 0.2859 rmse 0.5347 pcc 0.0976 ccc 0.0100
2021-06-19 17:24:15,124 - utils.logger - INFO - Val result of epoch 19 / 70 mse 0.3387 rmse 0.5820 pcc 0.0650 ccc 0.0062
2021-06-19 17:24:15,495 - utils.logger - INFO - Cur epoch 20 loss ccc:0.1249
2021-06-19 17:24:15,873 - utils.logger - INFO - Cur epoch 20 loss ccc:0.1073
2021-06-19 17:24:16,198 - utils.logger - INFO - Cur epoch 20 loss ccc:1.0464
2021-06-19 17:24:16,198 - utils.logger - INFO - saving the model at the end of epoch 20, iters 120
2021-06-19 17:24:16,455 - utils.logger - INFO - End of training epoch 20 / 70 	 Time Taken: 1 sec, Data loading: 0 sec
2021-06-19 17:24:16,455 - utils.logger - INFO - learning rate = 0.0001000
2021-06-19 17:24:16,812 - utils.logger - INFO - Trn result of epoch 20 / 70 mse 0.2096 rmse 0.4578 pcc 0.1175 ccc 0.0160
2021-06-19 17:24:16,935 - utils.logger - INFO - Val result of epoch 20 / 70 mse 0.2551 rmse 0.5051 pcc 0.0795 ccc 0.0099
2021-06-19 17:24:17,313 - utils.logger - INFO - Cur epoch 21 loss ccc:0.1123
2021-06-19 17:24:17,689 - utils.logger - INFO - Cur epoch 21 loss ccc:0.0846
2021-06-19 17:24:18,030 - utils.logger - INFO - Cur epoch 21 loss ccc:0.9985
2021-06-19 17:24:18,031 - utils.logger - INFO - saving the model at the end of epoch 21, iters 126
2021-06-19 17:24:18,277 - utils.logger - INFO - End of training epoch 21 / 70 	 Time Taken: 1 sec, Data loading: 0 sec
2021-06-19 17:24:18,277 - utils.logger - INFO - learning rate = 0.0001000
2021-06-19 17:24:18,641 - utils.logger - INFO - Trn result of epoch 21 / 70 mse 0.2862 rmse 0.5350 pcc 0.0670 ccc 0.0054
2021-06-19 17:24:18,768 - utils.logger - INFO - Val result of epoch 21 / 70 mse 0.3386 rmse 0.5819 pcc 0.0502 ccc 0.0037
2021-06-19 17:24:19,167 - utils.logger - INFO - Cur epoch 22 loss ccc:0.1170
2021-06-19 17:24:19,544 - utils.logger - INFO - Cur epoch 22 loss ccc:0.1115
2021-06-19 17:24:19,871 - utils.logger - INFO - Cur epoch 22 loss ccc:1.0895
2021-06-19 17:24:19,872 - utils.logger - INFO - saving the model at the end of epoch 22, iters 132
2021-06-19 17:24:20,125 - utils.logger - INFO - End of training epoch 22 / 70 	 Time Taken: 1 sec, Data loading: 0 sec
2021-06-19 17:24:20,125 - utils.logger - INFO - learning rate = 0.0001000
2021-06-19 17:24:20,484 - utils.logger - INFO - Trn result of epoch 22 / 70 mse 0.1567 rmse 0.3958 pcc 0.0711 ccc 0.0073
2021-06-19 17:24:20,607 - utils.logger - INFO - Val result of epoch 22 / 70 mse 0.1939 rmse 0.4403 pcc 0.0738 ccc 0.0066
2021-06-19 17:24:20,979 - utils.logger - INFO - Cur epoch 23 loss ccc:0.1071
2021-06-19 17:24:21,361 - utils.logger - INFO - Cur epoch 23 loss ccc:0.1075
2021-06-19 17:24:21,671 - utils.logger - INFO - Cur epoch 23 loss ccc:0.9962
2021-06-19 17:24:21,671 - utils.logger - INFO - saving the model at the end of epoch 23, iters 138
2021-06-19 17:24:22,001 - utils.logger - INFO - End of training epoch 23 / 70 	 Time Taken: 1 sec, Data loading: 0 sec
2021-06-19 17:24:22,002 - utils.logger - INFO - learning rate = 0.0001000
2021-06-19 17:24:22,374 - utils.logger - INFO - Trn result of epoch 23 / 70 mse 0.1177 rmse 0.3430 pcc 0.0399 ccc 0.0046
2021-06-19 17:24:22,499 - utils.logger - INFO - Val result of epoch 23 / 70 mse 0.1440 rmse 0.3795 pcc 0.1523 ccc 0.0159
2021-06-19 17:24:22,876 - utils.logger - INFO - Cur epoch 24 loss ccc:0.1088
2021-06-19 17:24:23,250 - utils.logger - INFO - Cur epoch 24 loss ccc:0.1422
2021-06-19 17:24:23,571 - utils.logger - INFO - Cur epoch 24 loss ccc:1.0072
2021-06-19 17:24:23,571 - utils.logger - INFO - saving the model at the end of epoch 24, iters 144
2021-06-19 17:24:23,811 - utils.logger - INFO - End of training epoch 24 / 70 	 Time Taken: 1 sec, Data loading: 0 sec
2021-06-19 17:24:23,812 - utils.logger - INFO - learning rate = 0.0001000
2021-06-19 17:24:24,168 - utils.logger - INFO - Trn result of epoch 24 / 70 mse 0.1560 rmse 0.3950 pcc 0.1476 ccc 0.0341
2021-06-19 17:24:24,290 - utils.logger - INFO - Val result of epoch 24 / 70 mse 0.1946 rmse 0.4412 pcc 0.1698 ccc 0.0283
2021-06-19 17:24:24,668 - utils.logger - INFO - Cur epoch 25 loss ccc:0.1251
2021-06-19 17:24:25,044 - utils.logger - INFO - Cur epoch 25 loss ccc:0.1329
2021-06-19 17:24:25,352 - utils.logger - INFO - Cur epoch 25 loss ccc:0.9616
2021-06-19 17:24:25,352 - utils.logger - INFO - saving the model at the end of epoch 25, iters 150
2021-06-19 17:24:25,707 - utils.logger - INFO - End of training epoch 25 / 70 	 Time Taken: 1 sec, Data loading: 0 sec
2021-06-19 17:24:25,707 - utils.logger - INFO - learning rate = 0.0001000
2021-06-19 17:24:26,062 - utils.logger - INFO - Trn result of epoch 25 / 70 mse 0.1142 rmse 0.3379 pcc 0.3531 ccc 0.2333
2021-06-19 17:24:26,184 - utils.logger - INFO - Val result of epoch 25 / 70 mse 0.1697 rmse 0.4120 pcc 0.0984 ccc 0.0594
2021-06-19 17:24:26,566 - utils.logger - INFO - Cur epoch 26 loss ccc:0.1110
2021-06-19 17:24:26,937 - utils.logger - INFO - Cur epoch 26 loss ccc:0.1164
2021-06-19 17:24:27,258 - utils.logger - INFO - Cur epoch 26 loss ccc:0.9947
2021-06-19 17:24:27,258 - utils.logger - INFO - saving the model at the end of epoch 26, iters 156
2021-06-19 17:24:27,744 - utils.logger - INFO - End of training epoch 26 / 70 	 Time Taken: 1 sec, Data loading: 0 sec
2021-06-19 17:24:27,744 - utils.logger - INFO - learning rate = 0.0001000
2021-06-19 17:24:28,100 - utils.logger - INFO - Trn result of epoch 26 / 70 mse 0.1056 rmse 0.3250 pcc 0.1529 ccc 0.0448
2021-06-19 17:24:28,220 - utils.logger - INFO - Val result of epoch 26 / 70 mse 0.1262 rmse 0.3553 pcc 0.2134 ccc 0.0206
2021-06-19 17:24:28,604 - utils.logger - INFO - Cur epoch 27 loss ccc:0.1051
2021-06-19 17:24:28,972 - utils.logger - INFO - Cur epoch 27 loss ccc:0.1343
2021-06-19 17:24:29,283 - utils.logger - INFO - Cur epoch 27 loss ccc:1.0346
2021-06-19 17:24:29,283 - utils.logger - INFO - saving the model at the end of epoch 27, iters 162
2021-06-19 17:24:29,522 - utils.logger - INFO - End of training epoch 27 / 70 	 Time Taken: 1 sec, Data loading: 0 sec
2021-06-19 17:24:29,522 - utils.logger - INFO - learning rate = 0.0001000
2021-06-19 17:24:29,877 - utils.logger - INFO - Trn result of epoch 27 / 70 mse 0.1629 rmse 0.4036 pcc 0.0584 ccc 0.0189
2021-06-19 17:24:30,000 - utils.logger - INFO - Val result of epoch 27 / 70 mse 0.2091 rmse 0.4572 pcc 0.0925 ccc 0.0120
2021-06-19 17:24:30,370 - utils.logger - INFO - Cur epoch 28 loss ccc:0.1036
2021-06-19 17:24:30,733 - utils.logger - INFO - Cur epoch 28 loss ccc:0.0951
2021-06-19 17:24:31,057 - utils.logger - INFO - Cur epoch 28 loss ccc:1.0059
2021-06-19 17:24:31,057 - utils.logger - INFO - saving the model at the end of epoch 28, iters 168
2021-06-19 17:24:31,295 - utils.logger - INFO - End of training epoch 28 / 70 	 Time Taken: 1 sec, Data loading: 0 sec
2021-06-19 17:24:31,295 - utils.logger - INFO - learning rate = 0.0001000
2021-06-19 17:24:31,654 - utils.logger - INFO - Trn result of epoch 28 / 70 mse 0.1233 rmse 0.3511 pcc 0.1312 ccc 0.0418
2021-06-19 17:24:31,777 - utils.logger - INFO - Val result of epoch 28 / 70 mse 0.1618 rmse 0.4022 pcc 0.1357 ccc 0.0203
2021-06-19 17:24:32,153 - utils.logger - INFO - Cur epoch 29 loss ccc:0.1242
2021-06-19 17:24:32,523 - utils.logger - INFO - Cur epoch 29 loss ccc:0.1325
2021-06-19 17:24:32,836 - utils.logger - INFO - Cur epoch 29 loss ccc:0.9965
2021-06-19 17:24:32,836 - utils.logger - INFO - saving the model at the end of epoch 29, iters 174
2021-06-19 17:24:33,160 - utils.logger - INFO - End of training epoch 29 / 70 	 Time Taken: 1 sec, Data loading: 0 sec
2021-06-19 17:24:33,160 - utils.logger - INFO - learning rate = 0.0001000
2021-06-19 17:24:33,519 - utils.logger - INFO - Trn result of epoch 29 / 70 mse 0.1405 rmse 0.3748 pcc 0.0824 ccc 0.0262
2021-06-19 17:24:33,642 - utils.logger - INFO - Val result of epoch 29 / 70 mse 0.1813 rmse 0.4258 pcc 0.1203 ccc 0.0196
2021-06-19 17:24:34,018 - utils.logger - INFO - Cur epoch 30 loss ccc:0.1146
2021-06-19 17:24:34,396 - utils.logger - INFO - Cur epoch 30 loss ccc:0.1160
2021-06-19 17:24:34,704 - utils.logger - INFO - Cur epoch 30 loss ccc:1.0048
2021-06-19 17:24:34,704 - utils.logger - INFO - saving the model at the end of epoch 30, iters 180
2021-06-19 17:24:34,948 - utils.logger - INFO - End of training epoch 30 / 70 	 Time Taken: 1 sec, Data loading: 0 sec
2021-06-19 17:24:34,948 - utils.logger - INFO - learning rate = 0.0000976
2021-06-19 17:24:35,304 - utils.logger - INFO - Trn result of epoch 30 / 70 mse 0.1117 rmse 0.3342 pcc 0.3323 ccc 0.1351
2021-06-19 17:24:35,431 - utils.logger - INFO - Val result of epoch 30 / 70 mse 0.1563 rmse 0.3954 pcc 0.0279 ccc 0.0103
2021-06-19 17:24:35,805 - utils.logger - INFO - Cur epoch 31 loss ccc:0.1336
2021-06-19 17:24:36,187 - utils.logger - INFO - Cur epoch 31 loss ccc:0.1157
2021-06-19 17:24:36,491 - utils.logger - INFO - Cur epoch 31 loss ccc:0.9894
2021-06-19 17:24:36,491 - utils.logger - INFO - saving the model at the end of epoch 31, iters 186
2021-06-19 17:24:36,749 - utils.logger - INFO - End of training epoch 31 / 70 	 Time Taken: 1 sec, Data loading: 0 sec
2021-06-19 17:24:36,749 - utils.logger - INFO - learning rate = 0.0000951
2021-06-19 17:24:37,107 - utils.logger - INFO - Trn result of epoch 31 / 70 mse 0.1476 rmse 0.3842 pcc 0.1769 ccc 0.0360
2021-06-19 17:24:37,230 - utils.logger - INFO - Val result of epoch 31 / 70 mse 0.1835 rmse 0.4284 pcc 0.1598 ccc 0.0281
2021-06-19 17:24:37,603 - utils.logger - INFO - Cur epoch 32 loss ccc:0.1250
2021-06-19 17:24:37,985 - utils.logger - INFO - Cur epoch 32 loss ccc:0.1216
2021-06-19 17:24:38,305 - utils.logger - INFO - Cur epoch 32 loss ccc:1.0004
2021-06-19 17:24:38,305 - utils.logger - INFO - saving the model at the end of epoch 32, iters 192
2021-06-19 17:24:38,633 - utils.logger - INFO - End of training epoch 32 / 70 	 Time Taken: 1 sec, Data loading: 0 sec
2021-06-19 17:24:38,633 - utils.logger - INFO - learning rate = 0.0000927
2021-06-19 17:24:38,989 - utils.logger - INFO - Trn result of epoch 32 / 70 mse 0.1352 rmse 0.3677 pcc 0.1101 ccc 0.0165
2021-06-19 17:24:39,112 - utils.logger - INFO - Val result of epoch 32 / 70 mse 0.1673 rmse 0.4090 pcc 0.1427 ccc 0.0183
2021-06-19 17:24:39,482 - utils.logger - INFO - Cur epoch 33 loss ccc:0.1250
2021-06-19 17:24:39,860 - utils.logger - INFO - Cur epoch 33 loss ccc:0.1016
2021-06-19 17:24:40,174 - utils.logger - INFO - Cur epoch 33 loss ccc:1.0000
2021-06-19 17:24:40,175 - utils.logger - INFO - saving the model at the end of epoch 33, iters 198
2021-06-19 17:24:40,413 - utils.logger - INFO - End of training epoch 33 / 70 	 Time Taken: 1 sec, Data loading: 0 sec
2021-06-19 17:24:40,413 - utils.logger - INFO - learning rate = 0.0000902
2021-06-19 17:24:40,765 - utils.logger - INFO - Trn result of epoch 33 / 70 mse 0.1382 rmse 0.3718 pcc 0.1012 ccc 0.0152
2021-06-19 17:24:40,888 - utils.logger - INFO - Val result of epoch 33 / 70 mse 0.1701 rmse 0.4125 pcc 0.1520 ccc 0.0201
2021-06-19 17:24:41,261 - utils.logger - INFO - Cur epoch 34 loss ccc:0.1115
2021-06-19 17:24:41,641 - utils.logger - INFO - Cur epoch 34 loss ccc:0.1334
2021-06-19 17:24:41,950 - utils.logger - INFO - Cur epoch 34 loss ccc:0.8608
2021-06-19 17:24:41,951 - utils.logger - INFO - saving the model at the end of epoch 34, iters 204
2021-06-19 17:24:42,189 - utils.logger - INFO - End of training epoch 34 / 70 	 Time Taken: 1 sec, Data loading: 0 sec
2021-06-19 17:24:42,189 - utils.logger - INFO - learning rate = 0.0000878
2021-06-19 17:24:42,543 - utils.logger - INFO - Trn result of epoch 34 / 70 mse 0.2129 rmse 0.4615 pcc 0.0324 ccc 0.0154
2021-06-19 17:24:42,666 - utils.logger - INFO - Val result of epoch 34 / 70 mse 0.2420 rmse 0.4919 pcc 0.1488 ccc 0.0643
2021-06-19 17:24:43,048 - utils.logger - INFO - Cur epoch 35 loss ccc:0.1013
2021-06-19 17:24:43,417 - utils.logger - INFO - Cur epoch 35 loss ccc:0.1195
2021-06-19 17:24:43,728 - utils.logger - INFO - Cur epoch 35 loss ccc:0.9912
2021-06-19 17:24:43,728 - utils.logger - INFO - saving the model at the end of epoch 35, iters 210
2021-06-19 17:24:44,311 - utils.logger - INFO - End of training epoch 35 / 70 	 Time Taken: 1 sec, Data loading: 0 sec
2021-06-19 17:24:44,311 - utils.logger - INFO - learning rate = 0.0000854
2021-06-19 17:24:44,667 - utils.logger - INFO - Trn result of epoch 35 / 70 mse 0.3401 rmse 0.5832 pcc 0.1111 ccc 0.0138
2021-06-19 17:24:44,789 - utils.logger - INFO - Val result of epoch 35 / 70 mse 0.3970 rmse 0.6300 pcc 0.0792 ccc 0.0092
2021-06-19 17:24:45,166 - utils.logger - INFO - Cur epoch 36 loss ccc:0.0976
2021-06-19 17:24:45,547 - utils.logger - INFO - Cur epoch 36 loss ccc:0.1296
2021-06-19 17:24:45,854 - utils.logger - INFO - Cur epoch 36 loss ccc:0.9986
2021-06-19 17:24:45,855 - utils.logger - INFO - saving the model at the end of epoch 36, iters 216
2021-06-19 17:24:46,093 - utils.logger - INFO - End of training epoch 36 / 70 	 Time Taken: 1 sec, Data loading: 0 sec
2021-06-19 17:24:46,093 - utils.logger - INFO - learning rate = 0.0000829
2021-06-19 17:24:46,452 - utils.logger - INFO - Trn result of epoch 36 / 70 mse 0.2972 rmse 0.5451 pcc 0.1188 ccc 0.0164
2021-06-19 17:24:46,576 - utils.logger - INFO - Val result of epoch 36 / 70 mse 0.3508 rmse 0.5923 pcc 0.0847 ccc 0.0108
2021-06-19 17:24:46,963 - utils.logger - INFO - Cur epoch 37 loss ccc:0.1226
2021-06-19 17:24:47,360 - utils.logger - INFO - Cur epoch 37 loss ccc:0.1115
2021-06-19 17:24:47,686 - utils.logger - INFO - Cur epoch 37 loss ccc:0.9723
2021-06-19 17:24:47,686 - utils.logger - INFO - saving the model at the end of epoch 37, iters 222
2021-06-19 17:24:47,925 - utils.logger - INFO - End of training epoch 37 / 70 	 Time Taken: 1 sec, Data loading: 0 sec
2021-06-19 17:24:47,926 - utils.logger - INFO - learning rate = 0.0000805
2021-06-19 17:24:48,284 - utils.logger - INFO - Trn result of epoch 37 / 70 mse 0.2600 rmse 0.5099 pcc 0.1389 ccc 0.0230
2021-06-19 17:24:48,408 - utils.logger - INFO - Val result of epoch 37 / 70 mse 0.3110 rmse 0.5577 pcc 0.0964 ccc 0.0146
2021-06-19 17:24:48,815 - utils.logger - INFO - Cur epoch 38 loss ccc:0.1283
2021-06-19 17:24:49,226 - utils.logger - INFO - Cur epoch 38 loss ccc:0.1139
2021-06-19 17:24:49,561 - utils.logger - INFO - Cur epoch 38 loss ccc:0.9759
2021-06-19 17:24:49,561 - utils.logger - INFO - saving the model at the end of epoch 38, iters 228
2021-06-19 17:24:49,809 - utils.logger - INFO - End of training epoch 38 / 70 	 Time Taken: 1 sec, Data loading: 0 sec
2021-06-19 17:24:49,809 - utils.logger - INFO - learning rate = 0.0000780
2021-06-19 17:24:50,169 - utils.logger - INFO - Trn result of epoch 38 / 70 mse 0.1656 rmse 0.4070 pcc -0.0247 ccc -0.0102
2021-06-19 17:24:50,294 - utils.logger - INFO - Val result of epoch 38 / 70 mse 0.1778 rmse 0.4216 pcc 0.1096 ccc 0.0377
2021-06-19 17:24:50,687 - utils.logger - INFO - Cur epoch 39 loss ccc:0.1108
2021-06-19 17:24:51,071 - utils.logger - INFO - Cur epoch 39 loss ccc:0.1250
2021-06-19 17:24:51,394 - utils.logger - INFO - Cur epoch 39 loss ccc:0.1810
2021-06-19 17:24:51,394 - utils.logger - INFO - saving the model at the end of epoch 39, iters 234
2021-06-19 17:24:51,651 - utils.logger - INFO - End of training epoch 39 / 70 	 Time Taken: 1 sec, Data loading: 0 sec
2021-06-19 17:24:51,651 - utils.logger - INFO - learning rate = 0.0000756
2021-06-19 17:24:52,008 - utils.logger - INFO - Trn result of epoch 39 / 70 mse 0.2033 rmse 0.4509 pcc 0.0939 ccc 0.0129
2021-06-19 17:24:52,132 - utils.logger - INFO - Val result of epoch 39 / 70 mse 0.2466 rmse 0.4966 pcc 0.0875 ccc 0.0106
2021-06-19 17:24:52,523 - utils.logger - INFO - Cur epoch 40 loss ccc:0.1250
2021-06-19 17:24:52,915 - utils.logger - INFO - Cur epoch 40 loss ccc:0.1029
2021-06-19 17:24:53,233 - utils.logger - INFO - Cur epoch 40 loss ccc:1.0032
2021-06-19 17:24:53,234 - utils.logger - INFO - saving the model at the end of epoch 40, iters 240
2021-06-19 17:24:53,478 - utils.logger - INFO - End of training epoch 40 / 70 	 Time Taken: 1 sec, Data loading: 0 sec
2021-06-19 17:24:53,478 - utils.logger - INFO - learning rate = 0.0000732
2021-06-19 17:24:53,838 - utils.logger - INFO - Trn result of epoch 40 / 70 mse 0.2386 rmse 0.4885 pcc 0.0919 ccc 0.0117
2021-06-19 17:24:53,963 - utils.logger - INFO - Val result of epoch 40 / 70 mse 0.2854 rmse 0.5342 pcc 0.0874 ccc 0.0099
2021-06-19 17:24:54,354 - utils.logger - INFO - Cur epoch 41 loss ccc:0.1187
2021-06-19 17:24:54,756 - utils.logger - INFO - Cur epoch 41 loss ccc:0.0978
2021-06-19 17:24:55,087 - utils.logger - INFO - Cur epoch 41 loss ccc:0.9565
2021-06-19 17:24:55,087 - utils.logger - INFO - saving the model at the end of epoch 41, iters 246
2021-06-19 17:24:55,332 - utils.logger - INFO - End of training epoch 41 / 70 	 Time Taken: 1 sec, Data loading: 0 sec
2021-06-19 17:24:55,332 - utils.logger - INFO - learning rate = 0.0000707
2021-06-19 17:24:55,692 - utils.logger - INFO - Trn result of epoch 41 / 70 mse 0.1405 rmse 0.3749 pcc 0.0864 ccc 0.0121
2021-06-19 17:24:55,815 - utils.logger - INFO - Val result of epoch 41 / 70 mse 0.1738 rmse 0.4169 pcc 0.1154 ccc 0.0140
2021-06-19 17:24:56,199 - utils.logger - INFO - Cur epoch 42 loss ccc:0.1232
2021-06-19 17:24:56,595 - utils.logger - INFO - Cur epoch 42 loss ccc:0.1366
2021-06-19 17:24:56,912 - utils.logger - INFO - Cur epoch 42 loss ccc:1.0021
2021-06-19 17:24:56,912 - utils.logger - INFO - saving the model at the end of epoch 42, iters 252
2021-06-19 17:24:57,184 - utils.logger - INFO - End of training epoch 42 / 70 	 Time Taken: 1 sec, Data loading: 0 sec
2021-06-19 17:24:57,184 - utils.logger - INFO - learning rate = 0.0000683
2021-06-19 17:24:57,547 - utils.logger - INFO - Trn result of epoch 42 / 70 mse 0.1628 rmse 0.4035 pcc 0.0866 ccc 0.0135
2021-06-19 17:24:57,671 - utils.logger - INFO - Val result of epoch 42 / 70 mse 0.1984 rmse 0.4454 pcc 0.1352 ccc 0.0187
2021-06-19 17:24:58,063 - utils.logger - INFO - Cur epoch 43 loss ccc:0.1247
2021-06-19 17:24:58,449 - utils.logger - INFO - Cur epoch 43 loss ccc:0.1148
2021-06-19 17:24:58,779 - utils.logger - INFO - Cur epoch 43 loss ccc:1.0069
2021-06-19 17:24:58,779 - utils.logger - INFO - saving the model at the end of epoch 43, iters 258
2021-06-19 17:24:59,022 - utils.logger - INFO - End of training epoch 43 / 70 	 Time Taken: 1 sec, Data loading: 0 sec
2021-06-19 17:24:59,023 - utils.logger - INFO - learning rate = 0.0000659
2021-06-19 17:24:59,383 - utils.logger - INFO - Trn result of epoch 43 / 70 mse 0.1740 rmse 0.4171 pcc 0.0941 ccc 0.0157
2021-06-19 17:24:59,510 - utils.logger - INFO - Val result of epoch 43 / 70 mse 0.2106 rmse 0.4589 pcc 0.1440 ccc 0.0213
2021-06-19 17:24:59,921 - utils.logger - INFO - Cur epoch 44 loss ccc:0.1094
2021-06-19 17:25:00,323 - utils.logger - INFO - Cur epoch 44 loss ccc:0.1215
2021-06-19 17:25:00,671 - utils.logger - INFO - Cur epoch 44 loss ccc:1.0004
2021-06-19 17:25:00,671 - utils.logger - INFO - saving the model at the end of epoch 44, iters 264
2021-06-19 17:25:00,930 - utils.logger - INFO - End of training epoch 44 / 70 	 Time Taken: 1 sec, Data loading: 0 sec
2021-06-19 17:25:00,930 - utils.logger - INFO - learning rate = 0.0000634
2021-06-19 17:25:01,288 - utils.logger - INFO - Trn result of epoch 44 / 70 mse 0.1761 rmse 0.4197 pcc 0.0930 ccc 0.0156
2021-06-19 17:25:01,412 - utils.logger - INFO - Val result of epoch 44 / 70 mse 0.2127 rmse 0.4612 pcc 0.1473 ccc 0.0220
2021-06-19 17:25:01,813 - utils.logger - INFO - Cur epoch 45 loss ccc:0.1230
2021-06-19 17:25:02,217 - utils.logger - INFO - Cur epoch 45 loss ccc:0.1253
2021-06-19 17:25:02,552 - utils.logger - INFO - Cur epoch 45 loss ccc:0.9612
2021-06-19 17:25:02,552 - utils.logger - INFO - saving the model at the end of epoch 45, iters 270
2021-06-19 17:25:02,794 - utils.logger - INFO - End of training epoch 45 / 70 	 Time Taken: 1 sec, Data loading: 0 sec
2021-06-19 17:25:02,795 - utils.logger - INFO - learning rate = 0.0000610
2021-06-19 17:25:03,152 - utils.logger - INFO - Trn result of epoch 45 / 70 mse 0.1838 rmse 0.4288 pcc 0.1078 ccc 0.0231
2021-06-19 17:25:03,276 - utils.logger - INFO - Val result of epoch 45 / 70 mse 0.2180 rmse 0.4669 pcc 0.1869 ccc 0.0362
2021-06-19 17:25:03,669 - utils.logger - INFO - Cur epoch 46 loss ccc:0.1081
2021-06-19 17:25:04,042 - utils.logger - INFO - Cur epoch 46 loss ccc:0.1067
2021-06-19 17:25:04,381 - utils.logger - INFO - Cur epoch 46 loss ccc:0.9993
2021-06-19 17:25:04,381 - utils.logger - INFO - saving the model at the end of epoch 46, iters 276
2021-06-19 17:25:04,623 - utils.logger - INFO - End of training epoch 46 / 70 	 Time Taken: 1 sec, Data loading: 0 sec
2021-06-19 17:25:04,624 - utils.logger - INFO - learning rate = 0.0000585
2021-06-19 17:25:04,983 - utils.logger - INFO - Trn result of epoch 46 / 70 mse 0.1177 rmse 0.3431 pcc -0.0794 ccc -0.0006
2021-06-19 17:25:05,106 - utils.logger - INFO - Val result of epoch 46 / 70 mse 0.1319 rmse 0.3632 pcc 0.1597 ccc 0.0012
2021-06-19 17:25:05,486 - utils.logger - INFO - Cur epoch 47 loss ccc:0.1257
2021-06-19 17:25:05,883 - utils.logger - INFO - Cur epoch 47 loss ccc:0.1280
2021-06-19 17:25:06,204 - utils.logger - INFO - Cur epoch 47 loss ccc:0.9968
2021-06-19 17:25:06,204 - utils.logger - INFO - saving the model at the end of epoch 47, iters 282
2021-06-19 17:25:06,564 - utils.logger - INFO - End of training epoch 47 / 70 	 Time Taken: 1 sec, Data loading: 0 sec
2021-06-19 17:25:06,564 - utils.logger - INFO - learning rate = 0.0000561
2021-06-19 17:25:06,922 - utils.logger - INFO - Trn result of epoch 47 / 70 mse 0.1177 rmse 0.3430 pcc -0.0784 ccc -0.0007
2021-06-19 17:25:07,046 - utils.logger - INFO - Val result of epoch 47 / 70 mse 0.1318 rmse 0.3631 pcc 0.1592 ccc 0.0015
2021-06-19 17:25:07,415 - utils.logger - INFO - Cur epoch 48 loss ccc:0.1250
2021-06-19 17:25:07,786 - utils.logger - INFO - Cur epoch 48 loss ccc:0.1273
2021-06-19 17:25:08,104 - utils.logger - INFO - Cur epoch 48 loss ccc:0.9858
2021-06-19 17:25:08,104 - utils.logger - INFO - saving the model at the end of epoch 48, iters 288
2021-06-19 17:25:08,338 - utils.logger - INFO - End of training epoch 48 / 70 	 Time Taken: 1 sec, Data loading: 0 sec
2021-06-19 17:25:08,339 - utils.logger - INFO - learning rate = 0.0000537
2021-06-19 17:25:08,699 - utils.logger - INFO - Trn result of epoch 48 / 70 mse 0.1177 rmse 0.3431 pcc -0.0774 ccc -0.0010
2021-06-19 17:25:08,821 - utils.logger - INFO - Val result of epoch 48 / 70 mse 0.1318 rmse 0.3631 pcc 0.1586 ccc 0.0020
2021-06-19 17:25:09,189 - utils.logger - INFO - Cur epoch 49 loss ccc:0.1242
2021-06-19 17:25:09,574 - utils.logger - INFO - Cur epoch 49 loss ccc:0.1263
2021-06-19 17:25:09,881 - utils.logger - INFO - Cur epoch 49 loss ccc:0.9997
2021-06-19 17:25:09,881 - utils.logger - INFO - saving the model at the end of epoch 49, iters 294
2021-06-19 17:25:10,112 - utils.logger - INFO - End of training epoch 49 / 70 	 Time Taken: 1 sec, Data loading: 0 sec
2021-06-19 17:25:10,112 - utils.logger - INFO - learning rate = 0.0000512
2021-06-19 17:25:10,472 - utils.logger - INFO - Trn result of epoch 49 / 70 mse 0.1177 rmse 0.3430 pcc -0.0773 ccc -0.0012
2021-06-19 17:25:10,595 - utils.logger - INFO - Val result of epoch 49 / 70 mse 0.1317 rmse 0.3630 pcc 0.1581 ccc 0.0024
2021-06-19 17:25:10,970 - utils.logger - INFO - Cur epoch 50 loss ccc:0.1267
2021-06-19 17:25:11,355 - utils.logger - INFO - Cur epoch 50 loss ccc:0.1246
2021-06-19 17:25:11,665 - utils.logger - INFO - Cur epoch 50 loss ccc:0.9776
2021-06-19 17:25:11,666 - utils.logger - INFO - saving the model at the end of epoch 50, iters 300
2021-06-19 17:25:11,901 - utils.logger - INFO - End of training epoch 50 / 70 	 Time Taken: 1 sec, Data loading: 0 sec
2021-06-19 17:25:11,901 - utils.logger - INFO - learning rate = 0.0000488
2021-06-19 17:25:12,261 - utils.logger - INFO - Trn result of epoch 50 / 70 mse 0.1180 rmse 0.3435 pcc -0.0792 ccc -0.0020
2021-06-19 17:25:12,385 - utils.logger - INFO - Val result of epoch 50 / 70 mse 0.1317 rmse 0.3629 pcc 0.1580 ccc 0.0041
2021-06-19 17:25:12,771 - utils.logger - INFO - Cur epoch 51 loss ccc:0.1274
2021-06-19 17:25:13,144 - utils.logger - INFO - Cur epoch 51 loss ccc:0.1250
2021-06-19 17:25:13,450 - utils.logger - INFO - Cur epoch 51 loss ccc:0.9719
2021-06-19 17:25:13,450 - utils.logger - INFO - saving the model at the end of epoch 51, iters 306
2021-06-19 17:25:13,686 - utils.logger - INFO - End of training epoch 51 / 70 	 Time Taken: 1 sec, Data loading: 0 sec
2021-06-19 17:25:13,686 - utils.logger - INFO - learning rate = 0.0000463
2021-06-19 17:25:14,043 - utils.logger - INFO - Trn result of epoch 51 / 70 mse 0.1181 rmse 0.3436 pcc -0.0798 ccc -0.0028
2021-06-19 17:25:14,166 - utils.logger - INFO - Val result of epoch 51 / 70 mse 0.1316 rmse 0.3627 pcc 0.1567 ccc 0.0056
2021-06-19 17:25:14,549 - utils.logger - INFO - Cur epoch 52 loss ccc:0.1261
2021-06-19 17:25:14,912 - utils.logger - INFO - Cur epoch 52 loss ccc:0.1281
2021-06-19 17:25:15,233 - utils.logger - INFO - Cur epoch 52 loss ccc:0.9907
2021-06-19 17:25:15,233 - utils.logger - INFO - saving the model at the end of epoch 52, iters 312
2021-06-19 17:25:15,465 - utils.logger - INFO - End of training epoch 52 / 70 	 Time Taken: 1 sec, Data loading: 0 sec
2021-06-19 17:25:15,465 - utils.logger - INFO - learning rate = 0.0000439
2021-06-19 17:25:15,823 - utils.logger - INFO - Trn result of epoch 52 / 70 mse 0.1178 rmse 0.3433 pcc -0.0787 ccc -0.0021
2021-06-19 17:25:15,948 - utils.logger - INFO - Val result of epoch 52 / 70 mse 0.1316 rmse 0.3627 pcc 0.1565 ccc 0.0043
2021-06-19 17:25:16,328 - utils.logger - INFO - Cur epoch 53 loss ccc:0.1292
2021-06-19 17:25:16,705 - utils.logger - INFO - Cur epoch 53 loss ccc:0.1255
2021-06-19 17:25:17,009 - utils.logger - INFO - Cur epoch 53 loss ccc:0.9999
2021-06-19 17:25:17,010 - utils.logger - INFO - saving the model at the end of epoch 53, iters 318
2021-06-19 17:25:17,248 - utils.logger - INFO - End of training epoch 53 / 70 	 Time Taken: 1 sec, Data loading: 0 sec
2021-06-19 17:25:17,248 - utils.logger - INFO - learning rate = 0.0000415
2021-06-19 17:25:17,607 - utils.logger - INFO - Trn result of epoch 53 / 70 mse 0.1177 rmse 0.3431 pcc -0.0785 ccc -0.0021
2021-06-19 17:25:17,730 - utils.logger - INFO - Val result of epoch 53 / 70 mse 0.1315 rmse 0.3627 pcc 0.1564 ccc 0.0042
2021-06-19 17:25:18,111 - utils.logger - INFO - Cur epoch 54 loss ccc:0.1250
2021-06-19 17:25:18,483 - utils.logger - INFO - Cur epoch 54 loss ccc:0.1255
2021-06-19 17:25:18,794 - utils.logger - INFO - Cur epoch 54 loss ccc:0.9944
2021-06-19 17:25:18,794 - utils.logger - INFO - saving the model at the end of epoch 54, iters 324
2021-06-19 17:25:19,029 - utils.logger - INFO - End of training epoch 54 / 70 	 Time Taken: 1 sec, Data loading: 0 sec
2021-06-19 17:25:19,029 - utils.logger - INFO - learning rate = 0.0000390
2021-06-19 17:25:19,387 - utils.logger - INFO - Trn result of epoch 54 / 70 mse 0.1177 rmse 0.3430 pcc -0.0786 ccc -0.0022
2021-06-19 17:25:19,510 - utils.logger - INFO - Val result of epoch 54 / 70 mse 0.1315 rmse 0.3626 pcc 0.1558 ccc 0.0044
2021-06-19 17:25:19,889 - utils.logger - INFO - Cur epoch 55 loss ccc:0.1251
2021-06-19 17:25:20,263 - utils.logger - INFO - Cur epoch 55 loss ccc:0.1261
2021-06-19 17:25:20,588 - utils.logger - INFO - Cur epoch 55 loss ccc:0.9778
2021-06-19 17:25:20,588 - utils.logger - INFO - saving the model at the end of epoch 55, iters 330
2021-06-19 17:25:20,821 - utils.logger - INFO - End of training epoch 55 / 70 	 Time Taken: 1 sec, Data loading: 0 sec
2021-06-19 17:25:20,821 - utils.logger - INFO - learning rate = 0.0000366
2021-06-19 17:25:21,180 - utils.logger - INFO - Trn result of epoch 55 / 70 mse 0.1178 rmse 0.3432 pcc -0.0782 ccc -0.0029
2021-06-19 17:25:21,303 - utils.logger - INFO - Val result of epoch 55 / 70 mse 0.1313 rmse 0.3624 pcc 0.1578 ccc 0.0061
2021-06-19 17:25:21,690 - utils.logger - INFO - Cur epoch 56 loss ccc:0.1260
2021-06-19 17:25:22,063 - utils.logger - INFO - Cur epoch 56 loss ccc:0.1264
2021-06-19 17:25:22,383 - utils.logger - INFO - Cur epoch 56 loss ccc:1.0013
2021-06-19 17:25:22,383 - utils.logger - INFO - saving the model at the end of epoch 56, iters 336
2021-06-19 17:25:22,626 - utils.logger - INFO - End of training epoch 56 / 70 	 Time Taken: 1 sec, Data loading: 0 sec
2021-06-19 17:25:22,626 - utils.logger - INFO - learning rate = 0.0000341
2021-06-19 17:25:22,985 - utils.logger - INFO - Trn result of epoch 56 / 70 mse 0.1178 rmse 0.3432 pcc -0.0783 ccc -0.0034
2021-06-19 17:25:23,108 - utils.logger - INFO - Val result of epoch 56 / 70 mse 0.1312 rmse 0.3622 pcc 0.1578 ccc 0.0070
2021-06-19 17:25:23,483 - utils.logger - INFO - Cur epoch 57 loss ccc:0.1244
2021-06-19 17:25:23,865 - utils.logger - INFO - Cur epoch 57 loss ccc:0.1257
2021-06-19 17:25:24,179 - utils.logger - INFO - Cur epoch 57 loss ccc:1.0007
2021-06-19 17:25:24,179 - utils.logger - INFO - saving the model at the end of epoch 57, iters 342
2021-06-19 17:25:24,421 - utils.logger - INFO - End of training epoch 57 / 70 	 Time Taken: 1 sec, Data loading: 0 sec
2021-06-19 17:25:24,421 - utils.logger - INFO - learning rate = 0.0000317
2021-06-19 17:25:24,780 - utils.logger - INFO - Trn result of epoch 57 / 70 mse 0.1175 rmse 0.3428 pcc -0.0782 ccc -0.0032
2021-06-19 17:25:24,905 - utils.logger - INFO - Val result of epoch 57 / 70 mse 0.1310 rmse 0.3620 pcc 0.1565 ccc 0.0066
2021-06-19 17:25:25,285 - utils.logger - INFO - Cur epoch 58 loss ccc:0.1251
2021-06-19 17:25:25,662 - utils.logger - INFO - Cur epoch 58 loss ccc:0.1239
2021-06-19 17:25:25,970 - utils.logger - INFO - Cur epoch 58 loss ccc:0.9865
2021-06-19 17:25:25,970 - utils.logger - INFO - saving the model at the end of epoch 58, iters 348
2021-06-19 17:25:26,213 - utils.logger - INFO - End of training epoch 58 / 70 	 Time Taken: 1 sec, Data loading: 0 sec
2021-06-19 17:25:26,214 - utils.logger - INFO - learning rate = 0.0000293
2021-06-19 17:25:26,576 - utils.logger - INFO - Trn result of epoch 58 / 70 mse 0.1174 rmse 0.3427 pcc -0.0763 ccc -0.0037
2021-06-19 17:25:26,702 - utils.logger - INFO - Val result of epoch 58 / 70 mse 0.1308 rmse 0.3617 pcc 0.1563 ccc 0.0078
2021-06-19 17:25:27,071 - utils.logger - INFO - Cur epoch 59 loss ccc:0.1250
2021-06-19 17:25:27,455 - utils.logger - INFO - Cur epoch 59 loss ccc:0.1266
2021-06-19 17:25:27,768 - utils.logger - INFO - Cur epoch 59 loss ccc:0.9936
2021-06-19 17:25:27,768 - utils.logger - INFO - saving the model at the end of epoch 59, iters 354
2021-06-19 17:25:28,009 - utils.logger - INFO - End of training epoch 59 / 70 	 Time Taken: 1 sec, Data loading: 0 sec
2021-06-19 17:25:28,009 - utils.logger - INFO - learning rate = 0.0000268
2021-06-19 17:25:28,364 - utils.logger - INFO - Trn result of epoch 59 / 70 mse 0.1175 rmse 0.3427 pcc -0.0755 ccc -0.0043
2021-06-19 17:25:28,487 - utils.logger - INFO - Val result of epoch 59 / 70 mse 0.1307 rmse 0.3615 pcc 0.1556 ccc 0.0092
2021-06-19 17:25:28,865 - utils.logger - INFO - Cur epoch 60 loss ccc:0.1249
2021-06-19 17:25:29,240 - utils.logger - INFO - Cur epoch 60 loss ccc:0.1180
2021-06-19 17:25:29,555 - utils.logger - INFO - Cur epoch 60 loss ccc:1.0043
2021-06-19 17:25:29,555 - utils.logger - INFO - saving the model at the end of epoch 60, iters 360
2021-06-19 17:25:29,802 - utils.logger - INFO - End of training epoch 60 / 70 	 Time Taken: 1 sec, Data loading: 0 sec
2021-06-19 17:25:29,802 - utils.logger - INFO - learning rate = 0.0000244
2021-06-19 17:25:30,161 - utils.logger - INFO - Trn result of epoch 60 / 70 mse 0.1176 rmse 0.3429 pcc -0.0747 ccc -0.0056
2021-06-19 17:25:30,283 - utils.logger - INFO - Val result of epoch 60 / 70 mse 0.1304 rmse 0.3611 pcc 0.1568 ccc 0.0120
2021-06-19 17:25:30,666 - utils.logger - INFO - Cur epoch 61 loss ccc:0.1269
2021-06-19 17:25:31,038 - utils.logger - INFO - Cur epoch 61 loss ccc:0.1181
2021-06-19 17:25:31,347 - utils.logger - INFO - Cur epoch 61 loss ccc:1.0378
2021-06-19 17:25:31,347 - utils.logger - INFO - saving the model at the end of epoch 61, iters 366
2021-06-19 17:25:31,587 - utils.logger - INFO - End of training epoch 61 / 70 	 Time Taken: 1 sec, Data loading: 0 sec
2021-06-19 17:25:31,587 - utils.logger - INFO - learning rate = 0.0000220
2021-06-19 17:25:31,940 - utils.logger - INFO - Trn result of epoch 61 / 70 mse 0.1175 rmse 0.3427 pcc -0.0741 ccc -0.0057
2021-06-19 17:25:32,063 - utils.logger - INFO - Val result of epoch 61 / 70 mse 0.1303 rmse 0.3610 pcc 0.1550 ccc 0.0120
2021-06-19 17:25:32,443 - utils.logger - INFO - Cur epoch 62 loss ccc:0.1164
2021-06-19 17:25:32,845 - utils.logger - INFO - Cur epoch 62 loss ccc:0.1256
2021-06-19 17:25:33,180 - utils.logger - INFO - Cur epoch 62 loss ccc:1.0030
2021-06-19 17:25:33,180 - utils.logger - INFO - saving the model at the end of epoch 62, iters 372
2021-06-19 17:25:33,427 - utils.logger - INFO - End of training epoch 62 / 70 	 Time Taken: 1 sec, Data loading: 0 sec
2021-06-19 17:25:33,427 - utils.logger - INFO - learning rate = 0.0000195
2021-06-19 17:25:33,784 - utils.logger - INFO - Trn result of epoch 62 / 70 mse 0.1173 rmse 0.3425 pcc -0.0734 ccc -0.0056
2021-06-19 17:25:33,907 - utils.logger - INFO - Val result of epoch 62 / 70 mse 0.1302 rmse 0.3609 pcc 0.1534 ccc 0.0118
2021-06-19 17:25:34,300 - utils.logger - INFO - Cur epoch 63 loss ccc:0.1253
2021-06-19 17:25:34,687 - utils.logger - INFO - Cur epoch 63 loss ccc:0.1235
2021-06-19 17:25:35,030 - utils.logger - INFO - Cur epoch 63 loss ccc:1.0013
2021-06-19 17:25:35,030 - utils.logger - INFO - saving the model at the end of epoch 63, iters 378
2021-06-19 17:25:35,271 - utils.logger - INFO - End of training epoch 63 / 70 	 Time Taken: 1 sec, Data loading: 0 sec
2021-06-19 17:25:35,271 - utils.logger - INFO - learning rate = 0.0000171
2021-06-19 17:25:35,635 - utils.logger - INFO - Trn result of epoch 63 / 70 mse 0.1172 rmse 0.3423 pcc -0.0733 ccc -0.0060
2021-06-19 17:25:35,762 - utils.logger - INFO - Val result of epoch 63 / 70 mse 0.1301 rmse 0.3606 pcc 0.1535 ccc 0.0126
2021-06-19 17:25:36,131 - utils.logger - INFO - Cur epoch 64 loss ccc:0.1220
2021-06-19 17:25:36,504 - utils.logger - INFO - Cur epoch 64 loss ccc:0.1214
2021-06-19 17:25:36,827 - utils.logger - INFO - Cur epoch 64 loss ccc:0.9923
2021-06-19 17:25:36,827 - utils.logger - INFO - saving the model at the end of epoch 64, iters 384
2021-06-19 17:25:37,062 - utils.logger - INFO - End of training epoch 64 / 70 	 Time Taken: 1 sec, Data loading: 0 sec
2021-06-19 17:25:37,062 - utils.logger - INFO - learning rate = 0.0000146
2021-06-19 17:25:37,421 - utils.logger - INFO - Trn result of epoch 64 / 70 mse 0.1169 rmse 0.3419 pcc -0.0732 ccc -0.0070
2021-06-19 17:25:37,543 - utils.logger - INFO - Val result of epoch 64 / 70 mse 0.1296 rmse 0.3600 pcc 0.1543 ccc 0.0149
2021-06-19 17:25:37,917 - utils.logger - INFO - Cur epoch 65 loss ccc:0.1254
2021-06-19 17:25:38,295 - utils.logger - INFO - Cur epoch 65 loss ccc:0.1293
2021-06-19 17:25:38,622 - utils.logger - INFO - Cur epoch 65 loss ccc:0.9994
2021-06-19 17:25:38,623 - utils.logger - INFO - saving the model at the end of epoch 65, iters 390
2021-06-19 17:25:38,892 - utils.logger - INFO - End of training epoch 65 / 70 	 Time Taken: 1 sec, Data loading: 0 sec
2021-06-19 17:25:38,892 - utils.logger - INFO - learning rate = 0.0000122
2021-06-19 17:25:39,253 - utils.logger - INFO - Trn result of epoch 65 / 70 mse 0.1168 rmse 0.3418 pcc -0.0732 ccc -0.0075
2021-06-19 17:25:39,375 - utils.logger - INFO - Val result of epoch 65 / 70 mse 0.1294 rmse 0.3597 pcc 0.1543 ccc 0.0160
2021-06-19 17:25:39,759 - utils.logger - INFO - Cur epoch 66 loss ccc:0.1245
2021-06-19 17:25:40,146 - utils.logger - INFO - Cur epoch 66 loss ccc:0.1302
2021-06-19 17:25:40,452 - utils.logger - INFO - Cur epoch 66 loss ccc:1.0005
2021-06-19 17:25:40,452 - utils.logger - INFO - saving the model at the end of epoch 66, iters 396
2021-06-19 17:25:40,694 - utils.logger - INFO - End of training epoch 66 / 70 	 Time Taken: 1 sec, Data loading: 0 sec
2021-06-19 17:25:40,694 - utils.logger - INFO - learning rate = 0.0000098
2021-06-19 17:25:41,053 - utils.logger - INFO - Trn result of epoch 66 / 70 mse 0.1166 rmse 0.3415 pcc -0.0721 ccc -0.0079
2021-06-19 17:25:41,178 - utils.logger - INFO - Val result of epoch 66 / 70 mse 0.1292 rmse 0.3594 pcc 0.1524 ccc 0.0168
2021-06-19 17:25:41,553 - utils.logger - INFO - Cur epoch 67 loss ccc:0.1250
2021-06-19 17:25:41,927 - utils.logger - INFO - Cur epoch 67 loss ccc:0.1244
2021-06-19 17:25:42,254 - utils.logger - INFO - Cur epoch 67 loss ccc:0.9982
2021-06-19 17:25:42,255 - utils.logger - INFO - saving the model at the end of epoch 67, iters 402
2021-06-19 17:25:42,495 - utils.logger - INFO - End of training epoch 67 / 70 	 Time Taken: 1 sec, Data loading: 0 sec
2021-06-19 17:25:42,496 - utils.logger - INFO - learning rate = 0.0000073
2021-06-19 17:25:42,856 - utils.logger - INFO - Trn result of epoch 67 / 70 mse 0.1165 rmse 0.3413 pcc -0.0721 ccc -0.0081
2021-06-19 17:25:42,979 - utils.logger - INFO - Val result of epoch 67 / 70 mse 0.1291 rmse 0.3593 pcc 0.1525 ccc 0.0171
2021-06-19 17:25:43,354 - utils.logger - INFO - Cur epoch 68 loss ccc:0.1222
2021-06-19 17:25:43,729 - utils.logger - INFO - Cur epoch 68 loss ccc:0.1136
2021-06-19 17:25:44,056 - utils.logger - INFO - Cur epoch 68 loss ccc:1.0045
2021-06-19 17:25:44,057 - utils.logger - INFO - saving the model at the end of epoch 68, iters 408
2021-06-19 17:25:44,299 - utils.logger - INFO - End of training epoch 68 / 70 	 Time Taken: 1 sec, Data loading: 0 sec
2021-06-19 17:25:44,299 - utils.logger - INFO - learning rate = 0.0000049
2021-06-19 17:25:44,656 - utils.logger - INFO - Trn result of epoch 68 / 70 mse 0.1164 rmse 0.3412 pcc -0.0721 ccc -0.0082
2021-06-19 17:25:44,779 - utils.logger - INFO - Val result of epoch 68 / 70 mse 0.1290 rmse 0.3592 pcc 0.1523 ccc 0.0173
2021-06-19 17:25:45,186 - utils.logger - INFO - Cur epoch 69 loss ccc:0.1237
2021-06-19 17:25:45,596 - utils.logger - INFO - Cur epoch 69 loss ccc:0.1309
2021-06-19 17:25:45,927 - utils.logger - INFO - Cur epoch 69 loss ccc:0.9873
2021-06-19 17:25:45,927 - utils.logger - INFO - saving the model at the end of epoch 69, iters 414
2021-06-19 17:25:46,526 - utils.logger - INFO - End of training epoch 69 / 70 	 Time Taken: 1 sec, Data loading: 0 sec
2021-06-19 17:25:46,526 - utils.logger - INFO - learning rate = 0.0000024
2021-06-19 17:25:46,883 - utils.logger - INFO - Trn result of epoch 69 / 70 mse 0.1164 rmse 0.3411 pcc -0.0722 ccc -0.0085
2021-06-19 17:25:47,006 - utils.logger - INFO - Val result of epoch 69 / 70 mse 0.1289 rmse 0.3591 pcc 0.1525 ccc 0.0178
2021-06-19 17:25:47,412 - utils.logger - INFO - Cur epoch 70 loss ccc:0.1202
2021-06-19 17:25:47,825 - utils.logger - INFO - Cur epoch 70 loss ccc:0.1139
2021-06-19 17:25:48,160 - utils.logger - INFO - Cur epoch 70 loss ccc:1.0044
2021-06-19 17:25:48,160 - utils.logger - INFO - saving the model at the end of epoch 70, iters 420
2021-06-19 17:25:48,412 - utils.logger - INFO - End of training epoch 70 / 70 	 Time Taken: 1 sec, Data loading: 0 sec
2021-06-19 17:25:48,412 - utils.logger - INFO - learning rate = 0.0000000
2021-06-19 17:25:48,766 - utils.logger - INFO - Trn result of epoch 70 / 70 mse 0.1163 rmse 0.3411 pcc -0.0722 ccc -0.0085
2021-06-19 17:25:48,890 - utils.logger - INFO - Val result of epoch 70 / 70 mse 0.1289 rmse 0.3590 pcc 0.1525 ccc 0.0179
2021-06-19 17:25:48,890 - utils.logger - INFO - Best eval epoch 34 found with ccc 0.064297
2021-06-19 17:25:48,890 - utils.logger - INFO - baseline_fcfusion_wonorm_vggish_EDA_hidden1024_seq100_lr0.0001_cccloss_run2
