2021-06-17 01:49:07,968 - utils.logger - INFO - The number of training samples = 41
2021-06-17 01:49:11,725 - utils.logger - INFO - Cur epoch 1 loss ccc:0.1264
2021-06-17 01:49:12,352 - utils.logger - INFO - Cur epoch 1 loss ccc:0.1376
2021-06-17 01:49:12,878 - utils.logger - INFO - Cur epoch 1 loss ccc:1.0007
2021-06-17 01:49:12,878 - utils.logger - INFO - saving the model at the end of epoch 1, iters 6
2021-06-17 01:49:13,106 - utils.logger - INFO - End of training epoch 1 / 60 	 Time Taken: 2 sec, Data loading: 0 sec
2021-06-17 01:49:13,107 - utils.logger - INFO - learning rate = 0.0001000
2021-06-17 01:49:13,919 - utils.logger - INFO - Trn result of epoch 1 / 60 mse 0.1445 rmse 0.3801 pcc 0.0240 ccc 0.0012
2021-06-17 01:49:14,183 - utils.logger - INFO - Val result of epoch 1 / 60 mse 0.1783 rmse 0.4222 pcc 0.1374 ccc 0.0067
2021-06-17 01:49:14,738 - utils.logger - INFO - Cur epoch 2 loss ccc:0.1139
2021-06-17 01:49:15,309 - utils.logger - INFO - Cur epoch 2 loss ccc:0.1226
2021-06-17 01:49:15,735 - utils.logger - INFO - Cur epoch 2 loss ccc:0.9328
2021-06-17 01:49:15,735 - utils.logger - INFO - saving the model at the end of epoch 2, iters 12
2021-06-17 01:49:15,974 - utils.logger - INFO - End of training epoch 2 / 60 	 Time Taken: 1 sec, Data loading: 0 sec
2021-06-17 01:49:15,975 - utils.logger - INFO - learning rate = 0.0001000
2021-06-17 01:49:16,803 - utils.logger - INFO - Trn result of epoch 2 / 60 mse 0.3794 rmse 0.6160 pcc -0.0442 ccc -0.0017
2021-06-17 01:49:17,076 - utils.logger - INFO - Val result of epoch 2 / 60 mse 0.4321 rmse 0.6573 pcc 0.1231 ccc 0.0051
2021-06-17 01:49:17,616 - utils.logger - INFO - Cur epoch 3 loss ccc:0.1094
2021-06-17 01:49:18,265 - utils.logger - INFO - Cur epoch 3 loss ccc:0.1308
2021-06-17 01:49:18,761 - utils.logger - INFO - Cur epoch 3 loss ccc:1.0129
2021-06-17 01:49:18,761 - utils.logger - INFO - saving the model at the end of epoch 3, iters 18
2021-06-17 01:49:19,162 - utils.logger - INFO - End of training epoch 3 / 60 	 Time Taken: 2 sec, Data loading: 0 sec
2021-06-17 01:49:19,163 - utils.logger - INFO - learning rate = 0.0001000
2021-06-17 01:49:19,869 - utils.logger - INFO - Trn result of epoch 3 / 60 mse 0.1965 rmse 0.4433 pcc -0.0775 ccc -0.0067
2021-06-17 01:49:20,116 - utils.logger - INFO - Val result of epoch 3 / 60 mse 0.2317 rmse 0.4813 pcc 0.1482 ccc 0.0133
2021-06-17 01:49:20,703 - utils.logger - INFO - Cur epoch 4 loss ccc:0.1511
2021-06-17 01:49:21,289 - utils.logger - INFO - Cur epoch 4 loss ccc:0.1118
2021-06-17 01:49:21,821 - utils.logger - INFO - Cur epoch 4 loss ccc:1.0419
2021-06-17 01:49:21,821 - utils.logger - INFO - saving the model at the end of epoch 4, iters 24
2021-06-17 01:49:22,110 - utils.logger - INFO - End of training epoch 4 / 60 	 Time Taken: 1 sec, Data loading: 0 sec
2021-06-17 01:49:22,110 - utils.logger - INFO - learning rate = 0.0001000
2021-06-17 01:49:22,895 - utils.logger - INFO - Trn result of epoch 4 / 60 mse 0.2660 rmse 0.5158 pcc 0.0356 ccc 0.0009
2021-06-17 01:49:23,218 - utils.logger - INFO - Val result of epoch 4 / 60 mse 0.3149 rmse 0.5612 pcc 0.1342 ccc 0.0031
2021-06-17 01:49:23,917 - utils.logger - INFO - Cur epoch 5 loss ccc:0.1233
2021-06-17 01:49:24,527 - utils.logger - INFO - Cur epoch 5 loss ccc:0.1250
2021-06-17 01:49:25,009 - utils.logger - INFO - Cur epoch 5 loss ccc:1.5858
2021-06-17 01:49:25,009 - utils.logger - INFO - saving the model at the end of epoch 5, iters 30
2021-06-17 01:49:25,269 - utils.logger - INFO - End of training epoch 5 / 60 	 Time Taken: 2 sec, Data loading: 0 sec
2021-06-17 01:49:25,270 - utils.logger - INFO - learning rate = 0.0001000
2021-06-17 01:49:26,035 - utils.logger - INFO - Trn result of epoch 5 / 60 mse 0.1296 rmse 0.3600 pcc 0.1994 ccc 0.0094
2021-06-17 01:49:26,292 - utils.logger - INFO - Val result of epoch 5 / 60 mse 0.1618 rmse 0.4022 pcc 0.2042 ccc 0.0083
2021-06-17 01:49:26,849 - utils.logger - INFO - Cur epoch 6 loss ccc:0.1137
2021-06-17 01:49:27,516 - utils.logger - INFO - Cur epoch 6 loss ccc:0.1481
2021-06-17 01:49:27,992 - utils.logger - INFO - Cur epoch 6 loss ccc:0.9137
2021-06-17 01:49:27,992 - utils.logger - INFO - saving the model at the end of epoch 6, iters 36
2021-06-17 01:49:28,368 - utils.logger - INFO - End of training epoch 6 / 60 	 Time Taken: 2 sec, Data loading: 0 sec
2021-06-17 01:49:28,368 - utils.logger - INFO - learning rate = 0.0001000
2021-06-17 01:49:29,101 - utils.logger - INFO - Trn result of epoch 6 / 60 mse 0.1627 rmse 0.4034 pcc 0.1633 ccc 0.0114
2021-06-17 01:49:29,349 - utils.logger - INFO - Val result of epoch 6 / 60 mse 0.1989 rmse 0.4460 pcc 0.2578 ccc 0.0163
2021-06-17 01:49:29,853 - utils.logger - INFO - Cur epoch 7 loss ccc:0.0845
2021-06-17 01:49:30,411 - utils.logger - INFO - Cur epoch 7 loss ccc:0.1115
2021-06-17 01:49:30,803 - utils.logger - INFO - Cur epoch 7 loss ccc:0.9951
2021-06-17 01:49:30,803 - utils.logger - INFO - saving the model at the end of epoch 7, iters 42
2021-06-17 01:49:31,024 - utils.logger - INFO - End of training epoch 7 / 60 	 Time Taken: 1 sec, Data loading: 0 sec
2021-06-17 01:49:31,024 - utils.logger - INFO - learning rate = 0.0001000
2021-06-17 01:49:31,724 - utils.logger - INFO - Trn result of epoch 7 / 60 mse 0.1078 rmse 0.3283 pcc 0.0816 ccc 0.0029
2021-06-17 01:49:31,963 - utils.logger - INFO - Val result of epoch 7 / 60 mse 0.1288 rmse 0.3589 pcc 0.1793 ccc 0.0059
2021-06-17 01:49:32,485 - utils.logger - INFO - Cur epoch 8 loss ccc:0.1071
2021-06-17 01:49:33,002 - utils.logger - INFO - Cur epoch 8 loss ccc:0.1345
2021-06-17 01:49:33,417 - utils.logger - INFO - Cur epoch 8 loss ccc:1.0039
2021-06-17 01:49:33,417 - utils.logger - INFO - saving the model at the end of epoch 8, iters 48
2021-06-17 01:49:33,674 - utils.logger - INFO - End of training epoch 8 / 60 	 Time Taken: 1 sec, Data loading: 0 sec
2021-06-17 01:49:33,675 - utils.logger - INFO - learning rate = 0.0001000
2021-06-17 01:49:34,329 - utils.logger - INFO - Trn result of epoch 8 / 60 mse 0.1099 rmse 0.3315 pcc 0.1202 ccc 0.0061
2021-06-17 01:49:34,561 - utils.logger - INFO - Val result of epoch 8 / 60 mse 0.1268 rmse 0.3561 pcc 0.2822 ccc 0.0135
2021-06-17 01:49:35,065 - utils.logger - INFO - Cur epoch 9 loss ccc:0.1374
2021-06-17 01:49:35,573 - utils.logger - INFO - Cur epoch 9 loss ccc:0.1246
2021-06-17 01:49:35,994 - utils.logger - INFO - Cur epoch 9 loss ccc:0.9674
2021-06-17 01:49:35,994 - utils.logger - INFO - saving the model at the end of epoch 9, iters 54
2021-06-17 01:49:36,207 - utils.logger - INFO - End of training epoch 9 / 60 	 Time Taken: 1 sec, Data loading: 0 sec
2021-06-17 01:49:36,207 - utils.logger - INFO - learning rate = 0.0001000
2021-06-17 01:49:36,890 - utils.logger - INFO - Trn result of epoch 9 / 60 mse 0.1139 rmse 0.3375 pcc 0.1424 ccc 0.0199
2021-06-17 01:49:37,143 - utils.logger - INFO - Val result of epoch 9 / 60 mse 0.1381 rmse 0.3716 pcc 0.2746 ccc 0.0357
2021-06-17 01:49:37,657 - utils.logger - INFO - Cur epoch 10 loss ccc:0.1213
2021-06-17 01:49:38,186 - utils.logger - INFO - Cur epoch 10 loss ccc:0.1293
2021-06-17 01:49:38,628 - utils.logger - INFO - Cur epoch 10 loss ccc:1.0118
2021-06-17 01:49:38,629 - utils.logger - INFO - saving the model at the end of epoch 10, iters 60
2021-06-17 01:49:38,890 - utils.logger - INFO - End of training epoch 10 / 60 	 Time Taken: 1 sec, Data loading: 0 sec
2021-06-17 01:49:38,890 - utils.logger - INFO - learning rate = 0.0001000
2021-06-17 01:49:39,545 - utils.logger - INFO - Trn result of epoch 10 / 60 mse 0.1150 rmse 0.3391 pcc 0.0491 ccc 0.0002
2021-06-17 01:49:39,783 - utils.logger - INFO - Val result of epoch 10 / 60 mse 0.1303 rmse 0.3610 pcc 0.2321 ccc 0.0011
2021-06-17 01:49:40,312 - utils.logger - INFO - Cur epoch 11 loss ccc:0.1251
2021-06-17 01:49:40,841 - utils.logger - INFO - Cur epoch 11 loss ccc:0.1139
2021-06-17 01:49:41,250 - utils.logger - INFO - Cur epoch 11 loss ccc:1.0155
2021-06-17 01:49:41,250 - utils.logger - INFO - saving the model at the end of epoch 11, iters 66
2021-06-17 01:49:41,508 - utils.logger - INFO - End of training epoch 11 / 60 	 Time Taken: 1 sec, Data loading: 0 sec
2021-06-17 01:49:41,508 - utils.logger - INFO - learning rate = 0.0001000
2021-06-17 01:49:42,193 - utils.logger - INFO - Trn result of epoch 11 / 60 mse 0.1131 rmse 0.3363 pcc 0.1506 ccc 0.0027
2021-06-17 01:49:42,426 - utils.logger - INFO - Val result of epoch 11 / 60 mse 0.1290 rmse 0.3592 pcc 0.2813 ccc 0.0046
2021-06-17 01:49:42,929 - utils.logger - INFO - Cur epoch 12 loss ccc:0.1295
2021-06-17 01:49:43,448 - utils.logger - INFO - Cur epoch 12 loss ccc:0.1252
2021-06-17 01:49:43,855 - utils.logger - INFO - Cur epoch 12 loss ccc:1.0049
2021-06-17 01:49:43,855 - utils.logger - INFO - saving the model at the end of epoch 12, iters 72
2021-06-17 01:49:44,100 - utils.logger - INFO - End of training epoch 12 / 60 	 Time Taken: 1 sec, Data loading: 0 sec
2021-06-17 01:49:44,100 - utils.logger - INFO - learning rate = 0.0001000
2021-06-17 01:49:44,798 - utils.logger - INFO - Trn result of epoch 12 / 60 mse 0.1079 rmse 0.3285 pcc 0.2062 ccc 0.0078
2021-06-17 01:49:45,061 - utils.logger - INFO - Val result of epoch 12 / 60 mse 0.1272 rmse 0.3567 pcc 0.2669 ccc 0.0091
2021-06-17 01:49:45,556 - utils.logger - INFO - Cur epoch 13 loss ccc:0.1250
2021-06-17 01:49:46,089 - utils.logger - INFO - Cur epoch 13 loss ccc:0.1204
2021-06-17 01:49:46,508 - utils.logger - INFO - Cur epoch 13 loss ccc:1.0022
2021-06-17 01:49:46,508 - utils.logger - INFO - saving the model at the end of epoch 13, iters 78
2021-06-17 01:49:46,732 - utils.logger - INFO - End of training epoch 13 / 60 	 Time Taken: 1 sec, Data loading: 0 sec
2021-06-17 01:49:46,732 - utils.logger - INFO - learning rate = 0.0001000
2021-06-17 01:49:47,455 - utils.logger - INFO - Trn result of epoch 13 / 60 mse 0.1081 rmse 0.3287 pcc 0.1715 ccc 0.0074
2021-06-17 01:49:47,708 - utils.logger - INFO - Val result of epoch 13 / 60 mse 0.1310 rmse 0.3620 pcc 0.2635 ccc 0.0100
2021-06-17 01:49:48,230 - utils.logger - INFO - Cur epoch 14 loss ccc:0.1253
2021-06-17 01:49:48,774 - utils.logger - INFO - Cur epoch 14 loss ccc:0.1072
2021-06-17 01:49:49,221 - utils.logger - INFO - Cur epoch 14 loss ccc:0.9738
2021-06-17 01:49:49,222 - utils.logger - INFO - saving the model at the end of epoch 14, iters 84
2021-06-17 01:49:49,520 - utils.logger - INFO - End of training epoch 14 / 60 	 Time Taken: 1 sec, Data loading: 0 sec
2021-06-17 01:49:49,521 - utils.logger - INFO - learning rate = 0.0001000
2021-06-17 01:49:50,247 - utils.logger - INFO - Trn result of epoch 14 / 60 mse 0.1809 rmse 0.4253 pcc 0.1118 ccc 0.0048
2021-06-17 01:49:50,505 - utils.logger - INFO - Val result of epoch 14 / 60 mse 0.2205 rmse 0.4696 pcc 0.2226 ccc 0.0090
2021-06-17 01:49:51,039 - utils.logger - INFO - Cur epoch 15 loss ccc:0.1007
2021-06-17 01:49:51,560 - utils.logger - INFO - Cur epoch 15 loss ccc:0.1208
2021-06-17 01:49:51,975 - utils.logger - INFO - Cur epoch 15 loss ccc:1.0017
2021-06-17 01:49:51,976 - utils.logger - INFO - saving the model at the end of epoch 15, iters 90
2021-06-17 01:49:52,196 - utils.logger - INFO - End of training epoch 15 / 60 	 Time Taken: 1 sec, Data loading: 0 sec
2021-06-17 01:49:52,196 - utils.logger - INFO - learning rate = 0.0001000
2021-06-17 01:49:52,905 - utils.logger - INFO - Trn result of epoch 15 / 60 mse 0.1762 rmse 0.4198 pcc 0.1690 ccc 0.0100
2021-06-17 01:49:53,151 - utils.logger - INFO - Val result of epoch 15 / 60 mse 0.2155 rmse 0.4643 pcc 0.2422 ccc 0.0125
2021-06-17 01:49:53,684 - utils.logger - INFO - Cur epoch 16 loss ccc:0.1171
2021-06-17 01:49:54,204 - utils.logger - INFO - Cur epoch 16 loss ccc:0.0979
2021-06-17 01:49:54,645 - utils.logger - INFO - Cur epoch 16 loss ccc:0.9995
2021-06-17 01:49:54,645 - utils.logger - INFO - saving the model at the end of epoch 16, iters 96
2021-06-17 01:49:54,859 - utils.logger - INFO - End of training epoch 16 / 60 	 Time Taken: 1 sec, Data loading: 0 sec
2021-06-17 01:49:54,859 - utils.logger - INFO - learning rate = 0.0001000
2021-06-17 01:49:55,519 - utils.logger - INFO - Trn result of epoch 16 / 60 mse 0.1725 rmse 0.4153 pcc 0.1752 ccc 0.0115
2021-06-17 01:49:55,741 - utils.logger - INFO - Val result of epoch 16 / 60 mse 0.2107 rmse 0.4590 pcc 0.2616 ccc 0.0154
2021-06-17 01:49:56,254 - utils.logger - INFO - Cur epoch 17 loss ccc:0.1292
2021-06-17 01:49:56,808 - utils.logger - INFO - Cur epoch 17 loss ccc:0.0991
2021-06-17 01:49:57,242 - utils.logger - INFO - Cur epoch 17 loss ccc:0.9988
2021-06-17 01:49:57,242 - utils.logger - INFO - saving the model at the end of epoch 17, iters 102
2021-06-17 01:49:57,478 - utils.logger - INFO - End of training epoch 17 / 60 	 Time Taken: 1 sec, Data loading: 0 sec
2021-06-17 01:49:57,478 - utils.logger - INFO - learning rate = 0.0001000
2021-06-17 01:49:58,158 - utils.logger - INFO - Trn result of epoch 17 / 60 mse 0.1612 rmse 0.4015 pcc 0.1741 ccc 0.0177
2021-06-17 01:49:58,387 - utils.logger - INFO - Val result of epoch 17 / 60 mse 0.1954 rmse 0.4420 pcc 0.3031 ccc 0.0273
2021-06-17 01:49:58,913 - utils.logger - INFO - Cur epoch 18 loss ccc:0.1187
2021-06-17 01:49:59,430 - utils.logger - INFO - Cur epoch 18 loss ccc:0.1147
2021-06-17 01:49:59,823 - utils.logger - INFO - Cur epoch 18 loss ccc:0.9792
2021-06-17 01:49:59,823 - utils.logger - INFO - saving the model at the end of epoch 18, iters 108
2021-06-17 01:50:00,153 - utils.logger - INFO - End of training epoch 18 / 60 	 Time Taken: 1 sec, Data loading: 0 sec
2021-06-17 01:50:00,153 - utils.logger - INFO - learning rate = 0.0001000
2021-06-17 01:50:00,803 - utils.logger - INFO - Trn result of epoch 18 / 60 mse 0.1477 rmse 0.3844 pcc -0.0018 ccc -0.0001
2021-06-17 01:50:01,038 - utils.logger - INFO - Val result of epoch 18 / 60 mse 0.1798 rmse 0.4240 pcc 0.2171 ccc 0.0136
2021-06-17 01:50:01,550 - utils.logger - INFO - Cur epoch 19 loss ccc:0.0947
2021-06-17 01:50:02,079 - utils.logger - INFO - Cur epoch 19 loss ccc:0.1332
2021-06-17 01:50:02,481 - utils.logger - INFO - Cur epoch 19 loss ccc:0.9246
2021-06-17 01:50:02,481 - utils.logger - INFO - saving the model at the end of epoch 19, iters 114
2021-06-17 01:50:02,732 - utils.logger - INFO - End of training epoch 19 / 60 	 Time Taken: 1 sec, Data loading: 0 sec
2021-06-17 01:50:02,732 - utils.logger - INFO - learning rate = 0.0001000
2021-06-17 01:50:03,425 - utils.logger - INFO - Trn result of epoch 19 / 60 mse 0.2040 rmse 0.4517 pcc 0.1487 ccc 0.0121
2021-06-17 01:50:03,655 - utils.logger - INFO - Val result of epoch 19 / 60 mse 0.2458 rmse 0.4958 pcc 0.2299 ccc 0.0167
2021-06-17 01:50:04,165 - utils.logger - INFO - Cur epoch 20 loss ccc:0.1218
2021-06-17 01:50:04,700 - utils.logger - INFO - Cur epoch 20 loss ccc:0.1392
2021-06-17 01:50:05,121 - utils.logger - INFO - Cur epoch 20 loss ccc:0.9990
2021-06-17 01:50:05,121 - utils.logger - INFO - saving the model at the end of epoch 20, iters 120
2021-06-17 01:50:05,388 - utils.logger - INFO - End of training epoch 20 / 60 	 Time Taken: 1 sec, Data loading: 0 sec
2021-06-17 01:50:05,388 - utils.logger - INFO - learning rate = 0.0000976
2021-06-17 01:50:06,042 - utils.logger - INFO - Trn result of epoch 20 / 60 mse 0.2002 rmse 0.4474 pcc 0.1485 ccc 0.0077
2021-06-17 01:50:06,266 - utils.logger - INFO - Val result of epoch 20 / 60 mse 0.2434 rmse 0.4934 pcc 0.1799 ccc 0.0087
2021-06-17 01:50:06,775 - utils.logger - INFO - Cur epoch 21 loss ccc:0.1195
2021-06-17 01:50:07,305 - utils.logger - INFO - Cur epoch 21 loss ccc:0.1182
2021-06-17 01:50:07,729 - utils.logger - INFO - Cur epoch 21 loss ccc:0.9647
2021-06-17 01:50:07,729 - utils.logger - INFO - saving the model at the end of epoch 21, iters 126
2021-06-17 01:50:07,946 - utils.logger - INFO - End of training epoch 21 / 60 	 Time Taken: 1 sec, Data loading: 0 sec
2021-06-17 01:50:07,947 - utils.logger - INFO - learning rate = 0.0000951
2021-06-17 01:50:08,638 - utils.logger - INFO - Trn result of epoch 21 / 60 mse 0.1451 rmse 0.3809 pcc 0.0531 ccc 0.0072
2021-06-17 01:50:08,870 - utils.logger - INFO - Val result of epoch 21 / 60 mse 0.1735 rmse 0.4165 pcc 0.2574 ccc 0.0348
2021-06-17 01:50:09,424 - utils.logger - INFO - Cur epoch 22 loss ccc:0.1080
2021-06-17 01:50:09,934 - utils.logger - INFO - Cur epoch 22 loss ccc:0.1164
2021-06-17 01:50:10,333 - utils.logger - INFO - Cur epoch 22 loss ccc:1.0046
2021-06-17 01:50:10,333 - utils.logger - INFO - saving the model at the end of epoch 22, iters 132
2021-06-17 01:50:10,545 - utils.logger - INFO - End of training epoch 22 / 60 	 Time Taken: 1 sec, Data loading: 0 sec
2021-06-17 01:50:10,546 - utils.logger - INFO - learning rate = 0.0000927
2021-06-17 01:50:11,190 - utils.logger - INFO - Trn result of epoch 22 / 60 mse 0.1587 rmse 0.3984 pcc 0.0252 ccc 0.0054
2021-06-17 01:50:11,409 - utils.logger - INFO - Val result of epoch 22 / 60 mse 0.1820 rmse 0.4266 pcc 0.2406 ccc 0.0539
2021-06-17 01:50:11,921 - utils.logger - INFO - Cur epoch 23 loss ccc:0.1103
2021-06-17 01:50:12,431 - utils.logger - INFO - Cur epoch 23 loss ccc:0.1296
2021-06-17 01:50:12,826 - utils.logger - INFO - Cur epoch 23 loss ccc:1.0669
2021-06-17 01:50:12,826 - utils.logger - INFO - saving the model at the end of epoch 23, iters 138
2021-06-17 01:50:13,045 - utils.logger - INFO - End of training epoch 23 / 60 	 Time Taken: 1 sec, Data loading: 0 sec
2021-06-17 01:50:13,045 - utils.logger - INFO - learning rate = 0.0000902
2021-06-17 01:50:13,703 - utils.logger - INFO - Trn result of epoch 23 / 60 mse 0.1668 rmse 0.4084 pcc 0.0748 ccc 0.0163
2021-06-17 01:50:13,933 - utils.logger - INFO - Val result of epoch 23 / 60 mse 0.1909 rmse 0.4369 pcc 0.2712 ccc 0.0603
2021-06-17 01:50:14,446 - utils.logger - INFO - Cur epoch 24 loss ccc:0.1092
2021-06-17 01:50:14,967 - utils.logger - INFO - Cur epoch 24 loss ccc:0.1057
2021-06-17 01:50:15,381 - utils.logger - INFO - Cur epoch 24 loss ccc:0.9221
2021-06-17 01:50:15,381 - utils.logger - INFO - saving the model at the end of epoch 24, iters 144
2021-06-17 01:50:15,635 - utils.logger - INFO - End of training epoch 24 / 60 	 Time Taken: 1 sec, Data loading: 0 sec
2021-06-17 01:50:15,636 - utils.logger - INFO - learning rate = 0.0000878
2021-06-17 01:50:16,290 - utils.logger - INFO - Trn result of epoch 24 / 60 mse 0.1477 rmse 0.3843 pcc 0.0926 ccc 0.0186
2021-06-17 01:50:16,515 - utils.logger - INFO - Val result of epoch 24 / 60 mse 0.1731 rmse 0.4161 pcc 0.2820 ccc 0.0566
2021-06-17 01:50:17,037 - utils.logger - INFO - Cur epoch 25 loss ccc:0.1109
2021-06-17 01:50:17,555 - utils.logger - INFO - Cur epoch 25 loss ccc:0.1034
2021-06-17 01:50:17,950 - utils.logger - INFO - Cur epoch 25 loss ccc:0.9332
2021-06-17 01:50:17,950 - utils.logger - INFO - saving the model at the end of epoch 25, iters 150
2021-06-17 01:50:18,174 - utils.logger - INFO - End of training epoch 25 / 60 	 Time Taken: 1 sec, Data loading: 0 sec
2021-06-17 01:50:18,174 - utils.logger - INFO - learning rate = 0.0000854
2021-06-17 01:50:18,819 - utils.logger - INFO - Trn result of epoch 25 / 60 mse 0.1120 rmse 0.3347 pcc -0.0045 ccc -0.0016
2021-06-17 01:50:19,042 - utils.logger - INFO - Val result of epoch 25 / 60 mse 0.1240 rmse 0.3521 pcc 0.2040 ccc 0.0647
2021-06-17 01:50:19,548 - utils.logger - INFO - Cur epoch 26 loss ccc:0.1179
2021-06-17 01:50:20,068 - utils.logger - INFO - Cur epoch 26 loss ccc:0.1135
2021-06-17 01:50:20,458 - utils.logger - INFO - Cur epoch 26 loss ccc:1.1470
2021-06-17 01:50:20,458 - utils.logger - INFO - saving the model at the end of epoch 26, iters 156
2021-06-17 01:50:20,672 - utils.logger - INFO - End of training epoch 26 / 60 	 Time Taken: 1 sec, Data loading: 0 sec
2021-06-17 01:50:20,673 - utils.logger - INFO - learning rate = 0.0000829
2021-06-17 01:50:21,342 - utils.logger - INFO - Trn result of epoch 26 / 60 mse 0.1182 rmse 0.3437 pcc 0.0168 ccc 0.0001
2021-06-17 01:50:21,573 - utils.logger - INFO - Val result of epoch 26 / 60 mse 0.1324 rmse 0.3639 pcc -0.0634 ccc -0.0002
2021-06-17 01:50:22,079 - utils.logger - INFO - Cur epoch 27 loss ccc:0.1239
2021-06-17 01:50:22,583 - utils.logger - INFO - Cur epoch 27 loss ccc:0.1161
2021-06-17 01:50:22,985 - utils.logger - INFO - Cur epoch 27 loss ccc:0.9984
2021-06-17 01:50:22,985 - utils.logger - INFO - saving the model at the end of epoch 27, iters 162
2021-06-17 01:50:23,208 - utils.logger - INFO - End of training epoch 27 / 60 	 Time Taken: 1 sec, Data loading: 0 sec
2021-06-17 01:50:23,208 - utils.logger - INFO - learning rate = 0.0000805
2021-06-17 01:50:23,858 - utils.logger - INFO - Trn result of epoch 27 / 60 mse 0.1109 rmse 0.3330 pcc 0.0450 ccc 0.0010
2021-06-17 01:50:24,082 - utils.logger - INFO - Val result of epoch 27 / 60 mse 0.1280 rmse 0.3577 pcc 0.2507 ccc 0.0052
2021-06-17 01:50:24,574 - utils.logger - INFO - Cur epoch 28 loss ccc:0.1402
2021-06-17 01:50:25,096 - utils.logger - INFO - Cur epoch 28 loss ccc:0.1217
2021-06-17 01:50:25,514 - utils.logger - INFO - Cur epoch 28 loss ccc:0.8895
2021-06-17 01:50:25,514 - utils.logger - INFO - saving the model at the end of epoch 28, iters 168
2021-06-17 01:50:25,734 - utils.logger - INFO - End of training epoch 28 / 60 	 Time Taken: 1 sec, Data loading: 0 sec
2021-06-17 01:50:25,735 - utils.logger - INFO - learning rate = 0.0000780
2021-06-17 01:50:26,434 - utils.logger - INFO - Trn result of epoch 28 / 60 mse 0.1088 rmse 0.3299 pcc -0.0355 ccc -0.0040
2021-06-17 01:50:26,673 - utils.logger - INFO - Val result of epoch 28 / 60 mse 0.1271 rmse 0.3565 pcc 0.2061 ccc 0.0223
2021-06-17 01:50:27,185 - utils.logger - INFO - Cur epoch 29 loss ccc:0.1045
2021-06-17 01:50:27,704 - utils.logger - INFO - Cur epoch 29 loss ccc:0.1207
2021-06-17 01:50:28,101 - utils.logger - INFO - Cur epoch 29 loss ccc:0.8804
2021-06-17 01:50:28,101 - utils.logger - INFO - saving the model at the end of epoch 29, iters 174
2021-06-17 01:50:28,320 - utils.logger - INFO - End of training epoch 29 / 60 	 Time Taken: 1 sec, Data loading: 0 sec
2021-06-17 01:50:28,321 - utils.logger - INFO - learning rate = 0.0000756
2021-06-17 01:50:28,969 - utils.logger - INFO - Trn result of epoch 29 / 60 mse 0.1137 rmse 0.3372 pcc -0.0362 ccc -0.0115
2021-06-17 01:50:29,190 - utils.logger - INFO - Val result of epoch 29 / 60 mse 0.1271 rmse 0.3565 pcc 0.2007 ccc 0.0572
2021-06-17 01:50:29,681 - utils.logger - INFO - Cur epoch 30 loss ccc:0.1041
2021-06-17 01:50:30,201 - utils.logger - INFO - Cur epoch 30 loss ccc:0.1242
2021-06-17 01:50:30,615 - utils.logger - INFO - Cur epoch 30 loss ccc:0.9649
2021-06-17 01:50:30,616 - utils.logger - INFO - saving the model at the end of epoch 30, iters 180
2021-06-17 01:50:30,924 - utils.logger - INFO - End of training epoch 30 / 60 	 Time Taken: 1 sec, Data loading: 0 sec
2021-06-17 01:50:30,925 - utils.logger - INFO - learning rate = 0.0000732
2021-06-17 01:50:31,568 - utils.logger - INFO - Trn result of epoch 30 / 60 mse 0.1122 rmse 0.3350 pcc 0.0083 ccc 0.0013
2021-06-17 01:50:31,785 - utils.logger - INFO - Val result of epoch 30 / 60 mse 0.1259 rmse 0.3548 pcc 0.2284 ccc 0.0296
2021-06-17 01:50:32,311 - utils.logger - INFO - Cur epoch 31 loss ccc:0.1242
2021-06-17 01:50:32,818 - utils.logger - INFO - Cur epoch 31 loss ccc:0.1021
2021-06-17 01:50:33,228 - utils.logger - INFO - Cur epoch 31 loss ccc:1.0025
2021-06-17 01:50:33,228 - utils.logger - INFO - saving the model at the end of epoch 31, iters 186
2021-06-17 01:50:33,456 - utils.logger - INFO - End of training epoch 31 / 60 	 Time Taken: 1 sec, Data loading: 0 sec
2021-06-17 01:50:33,457 - utils.logger - INFO - learning rate = 0.0000707
2021-06-17 01:50:34,097 - utils.logger - INFO - Trn result of epoch 31 / 60 mse 0.1089 rmse 0.3299 pcc 0.0191 ccc 0.0036
2021-06-17 01:50:34,320 - utils.logger - INFO - Val result of epoch 31 / 60 mse 0.1245 rmse 0.3529 pcc 0.2277 ccc 0.0372
2021-06-17 01:50:34,829 - utils.logger - INFO - Cur epoch 32 loss ccc:0.1024
2021-06-17 01:50:35,359 - utils.logger - INFO - Cur epoch 32 loss ccc:0.1182
2021-06-17 01:50:35,783 - utils.logger - INFO - Cur epoch 32 loss ccc:1.0221
2021-06-17 01:50:35,783 - utils.logger - INFO - saving the model at the end of epoch 32, iters 192
2021-06-17 01:50:36,206 - utils.logger - INFO - End of training epoch 32 / 60 	 Time Taken: 1 sec, Data loading: 0 sec
2021-06-17 01:50:36,206 - utils.logger - INFO - learning rate = 0.0000683
2021-06-17 01:50:37,003 - utils.logger - INFO - Trn result of epoch 32 / 60 mse 0.1334 rmse 0.3653 pcc -0.0214 ccc -0.0074
2021-06-17 01:50:37,252 - utils.logger - INFO - Val result of epoch 32 / 60 mse 0.1502 rmse 0.3876 pcc 0.2019 ccc 0.0682
2021-06-17 01:50:37,762 - utils.logger - INFO - Cur epoch 33 loss ccc:0.1378
2021-06-17 01:50:38,306 - utils.logger - INFO - Cur epoch 33 loss ccc:0.1067
2021-06-17 01:50:38,715 - utils.logger - INFO - Cur epoch 33 loss ccc:1.0077
2021-06-17 01:50:38,715 - utils.logger - INFO - saving the model at the end of epoch 33, iters 198
2021-06-17 01:50:38,929 - utils.logger - INFO - End of training epoch 33 / 60 	 Time Taken: 1 sec, Data loading: 0 sec
2021-06-17 01:50:38,929 - utils.logger - INFO - learning rate = 0.0000659
2021-06-17 01:50:39,568 - utils.logger - INFO - Trn result of epoch 33 / 60 mse 0.1231 rmse 0.3508 pcc 0.0236 ccc 0.0103
2021-06-17 01:50:39,789 - utils.logger - INFO - Val result of epoch 33 / 60 mse 0.1328 rmse 0.3644 pcc 0.2565 ccc 0.1039
2021-06-17 01:50:40,294 - utils.logger - INFO - Cur epoch 34 loss ccc:0.1251
2021-06-17 01:50:40,819 - utils.logger - INFO - Cur epoch 34 loss ccc:0.1176
2021-06-17 01:50:41,225 - utils.logger - INFO - Cur epoch 34 loss ccc:1.0155
2021-06-17 01:50:41,226 - utils.logger - INFO - saving the model at the end of epoch 34, iters 204
2021-06-17 01:50:41,446 - utils.logger - INFO - End of training epoch 34 / 60 	 Time Taken: 1 sec, Data loading: 0 sec
2021-06-17 01:50:41,446 - utils.logger - INFO - learning rate = 0.0000634
2021-06-17 01:50:42,100 - utils.logger - INFO - Trn result of epoch 34 / 60 mse 0.1306 rmse 0.3613 pcc 0.0397 ccc 0.0175
2021-06-17 01:50:42,319 - utils.logger - INFO - Val result of epoch 34 / 60 mse 0.1410 rmse 0.3755 pcc 0.2539 ccc 0.1036
2021-06-17 01:50:42,841 - utils.logger - INFO - Cur epoch 35 loss ccc:0.1098
2021-06-17 01:50:43,397 - utils.logger - INFO - Cur epoch 35 loss ccc:0.1135
2021-06-17 01:50:43,805 - utils.logger - INFO - Cur epoch 35 loss ccc:1.0088
2021-06-17 01:50:43,805 - utils.logger - INFO - saving the model at the end of epoch 35, iters 210
2021-06-17 01:50:44,023 - utils.logger - INFO - End of training epoch 35 / 60 	 Time Taken: 1 sec, Data loading: 0 sec
2021-06-17 01:50:44,023 - utils.logger - INFO - learning rate = 0.0000610
2021-06-17 01:50:44,661 - utils.logger - INFO - Trn result of epoch 35 / 60 mse 0.1123 rmse 0.3352 pcc -0.0015 ccc -0.0006
2021-06-17 01:50:44,880 - utils.logger - INFO - Val result of epoch 35 / 60 mse 0.1197 rmse 0.3460 pcc 0.2944 ccc 0.0881
2021-06-17 01:50:45,404 - utils.logger - INFO - Cur epoch 36 loss ccc:0.1004
2021-06-17 01:50:45,928 - utils.logger - INFO - Cur epoch 36 loss ccc:0.1348
2021-06-17 01:50:46,328 - utils.logger - INFO - Cur epoch 36 loss ccc:1.0263
2021-06-17 01:50:46,328 - utils.logger - INFO - saving the model at the end of epoch 36, iters 216
2021-06-17 01:50:46,564 - utils.logger - INFO - End of training epoch 36 / 60 	 Time Taken: 1 sec, Data loading: 0 sec
2021-06-17 01:50:46,564 - utils.logger - INFO - learning rate = 0.0000585
2021-06-17 01:50:47,205 - utils.logger - INFO - Trn result of epoch 36 / 60 mse 0.1189 rmse 0.3448 pcc 0.0574 ccc 0.0302
2021-06-17 01:50:47,426 - utils.logger - INFO - Val result of epoch 36 / 60 mse 0.1237 rmse 0.3517 pcc 0.2940 ccc 0.1391
2021-06-17 01:50:47,940 - utils.logger - INFO - Cur epoch 37 loss ccc:0.1244
2021-06-17 01:50:48,455 - utils.logger - INFO - Cur epoch 37 loss ccc:0.1249
2021-06-17 01:50:48,882 - utils.logger - INFO - Cur epoch 37 loss ccc:0.9588
2021-06-17 01:50:48,882 - utils.logger - INFO - saving the model at the end of epoch 37, iters 222
2021-06-17 01:50:49,093 - utils.logger - INFO - End of training epoch 37 / 60 	 Time Taken: 1 sec, Data loading: 0 sec
2021-06-17 01:50:49,094 - utils.logger - INFO - learning rate = 0.0000561
2021-06-17 01:50:49,736 - utils.logger - INFO - Trn result of epoch 37 / 60 mse 0.1151 rmse 0.3392 pcc -0.0241 ccc -0.0089
2021-06-17 01:50:49,957 - utils.logger - INFO - Val result of epoch 37 / 60 mse 0.1234 rmse 0.3513 pcc 0.2144 ccc 0.0616
2021-06-17 01:50:50,482 - utils.logger - INFO - Cur epoch 38 loss ccc:0.1241
2021-06-17 01:50:51,012 - utils.logger - INFO - Cur epoch 38 loss ccc:0.1174
2021-06-17 01:50:51,415 - utils.logger - INFO - Cur epoch 38 loss ccc:0.9657
2021-06-17 01:50:51,415 - utils.logger - INFO - saving the model at the end of epoch 38, iters 228
2021-06-17 01:50:51,696 - utils.logger - INFO - End of training epoch 38 / 60 	 Time Taken: 1 sec, Data loading: 0 sec
2021-06-17 01:50:51,696 - utils.logger - INFO - learning rate = 0.0000537
2021-06-17 01:50:52,402 - utils.logger - INFO - Trn result of epoch 38 / 60 mse 0.1863 rmse 0.4316 pcc -0.0541 ccc -0.0231
2021-06-17 01:50:52,637 - utils.logger - INFO - Val result of epoch 38 / 60 mse 0.1947 rmse 0.4413 pcc 0.1755 ccc 0.0745
2021-06-17 01:50:53,155 - utils.logger - INFO - Cur epoch 39 loss ccc:0.0977
2021-06-17 01:50:53,683 - utils.logger - INFO - Cur epoch 39 loss ccc:0.1464
2021-06-17 01:50:54,085 - utils.logger - INFO - Cur epoch 39 loss ccc:0.9836
2021-06-17 01:50:54,085 - utils.logger - INFO - saving the model at the end of epoch 39, iters 234
2021-06-17 01:50:54,315 - utils.logger - INFO - End of training epoch 39 / 60 	 Time Taken: 1 sec, Data loading: 0 sec
2021-06-17 01:50:54,315 - utils.logger - INFO - learning rate = 0.0000512
2021-06-17 01:50:54,955 - utils.logger - INFO - Trn result of epoch 39 / 60 mse 0.2532 rmse 0.5032 pcc 0.0464 ccc 0.0082
2021-06-17 01:50:55,175 - utils.logger - INFO - Val result of epoch 39 / 60 mse 0.2876 rmse 0.5362 pcc 0.2117 ccc 0.0392
2021-06-17 01:50:55,691 - utils.logger - INFO - Cur epoch 40 loss ccc:0.0973
2021-06-17 01:50:56,221 - utils.logger - INFO - Cur epoch 40 loss ccc:0.1287
2021-06-17 01:50:56,630 - utils.logger - INFO - Cur epoch 40 loss ccc:0.9945
2021-06-17 01:50:56,630 - utils.logger - INFO - saving the model at the end of epoch 40, iters 240
2021-06-17 01:50:56,858 - utils.logger - INFO - End of training epoch 40 / 60 	 Time Taken: 1 sec, Data loading: 0 sec
2021-06-17 01:50:56,858 - utils.logger - INFO - learning rate = 0.0000488
2021-06-17 01:50:57,532 - utils.logger - INFO - Trn result of epoch 40 / 60 mse 0.2225 rmse 0.4717 pcc 0.0880 ccc 0.0178
2021-06-17 01:50:57,762 - utils.logger - INFO - Val result of epoch 40 / 60 mse 0.2534 rmse 0.5034 pcc 0.2531 ccc 0.0519
2021-06-17 01:50:58,269 - utils.logger - INFO - Cur epoch 41 loss ccc:0.1211
2021-06-17 01:50:58,796 - utils.logger - INFO - Cur epoch 41 loss ccc:0.0923
2021-06-17 01:50:59,205 - utils.logger - INFO - Cur epoch 41 loss ccc:1.0009
2021-06-17 01:50:59,205 - utils.logger - INFO - saving the model at the end of epoch 41, iters 246
2021-06-17 01:50:59,436 - utils.logger - INFO - End of training epoch 41 / 60 	 Time Taken: 1 sec, Data loading: 0 sec
2021-06-17 01:50:59,436 - utils.logger - INFO - learning rate = 0.0000463
2021-06-17 01:51:00,075 - utils.logger - INFO - Trn result of epoch 41 / 60 mse 0.1998 rmse 0.4469 pcc 0.0997 ccc 0.0254
2021-06-17 01:51:00,295 - utils.logger - INFO - Val result of epoch 41 / 60 mse 0.2258 rmse 0.4752 pcc 0.2515 ccc 0.0637
2021-06-17 01:51:00,798 - utils.logger - INFO - Cur epoch 42 loss ccc:0.0856
2021-06-17 01:51:01,314 - utils.logger - INFO - Cur epoch 42 loss ccc:0.1047
2021-06-17 01:51:01,719 - utils.logger - INFO - Cur epoch 42 loss ccc:0.9817
2021-06-17 01:51:01,719 - utils.logger - INFO - saving the model at the end of epoch 42, iters 252
2021-06-17 01:51:01,938 - utils.logger - INFO - End of training epoch 42 / 60 	 Time Taken: 1 sec, Data loading: 0 sec
2021-06-17 01:51:01,938 - utils.logger - INFO - learning rate = 0.0000439
2021-06-17 01:51:02,583 - utils.logger - INFO - Trn result of epoch 42 / 60 mse 0.1239 rmse 0.3519 pcc 0.0298 ccc 0.0178
2021-06-17 01:51:02,805 - utils.logger - INFO - Val result of epoch 42 / 60 mse 0.1228 rmse 0.3505 pcc 0.2974 ccc 0.1607
2021-06-17 01:51:03,303 - utils.logger - INFO - Cur epoch 43 loss ccc:0.1147
2021-06-17 01:51:03,820 - utils.logger - INFO - Cur epoch 43 loss ccc:0.1285
2021-06-17 01:51:04,210 - utils.logger - INFO - Cur epoch 43 loss ccc:0.8899
2021-06-17 01:51:04,210 - utils.logger - INFO - saving the model at the end of epoch 43, iters 258
2021-06-17 01:51:04,574 - utils.logger - INFO - End of training epoch 43 / 60 	 Time Taken: 1 sec, Data loading: 0 sec
2021-06-17 01:51:04,574 - utils.logger - INFO - learning rate = 0.0000415
2021-06-17 01:51:05,221 - utils.logger - INFO - Trn result of epoch 43 / 60 mse 0.1307 rmse 0.3616 pcc 0.0425 ccc 0.0257
2021-06-17 01:51:05,441 - utils.logger - INFO - Val result of epoch 43 / 60 mse 0.1340 rmse 0.3660 pcc 0.2477 ccc 0.1414
2021-06-17 01:51:05,949 - utils.logger - INFO - Cur epoch 44 loss ccc:0.1249
2021-06-17 01:51:06,479 - utils.logger - INFO - Cur epoch 44 loss ccc:0.1216
2021-06-17 01:51:06,897 - utils.logger - INFO - Cur epoch 44 loss ccc:0.9600
2021-06-17 01:51:06,897 - utils.logger - INFO - saving the model at the end of epoch 44, iters 264
2021-06-17 01:51:07,111 - utils.logger - INFO - End of training epoch 44 / 60 	 Time Taken: 1 sec, Data loading: 0 sec
2021-06-17 01:51:07,111 - utils.logger - INFO - learning rate = 0.0000390
2021-06-17 01:51:07,751 - utils.logger - INFO - Trn result of epoch 44 / 60 mse 0.1822 rmse 0.4269 pcc 0.0165 ccc 0.0067
2021-06-17 01:51:07,975 - utils.logger - INFO - Val result of epoch 44 / 60 mse 0.1941 rmse 0.4406 pcc 0.2143 ccc 0.0877
2021-06-17 01:51:08,498 - utils.logger - INFO - Cur epoch 45 loss ccc:0.1253
2021-06-17 01:51:09,033 - utils.logger - INFO - Cur epoch 45 loss ccc:0.0913
2021-06-17 01:51:09,427 - utils.logger - INFO - Cur epoch 45 loss ccc:0.8816
2021-06-17 01:51:09,427 - utils.logger - INFO - saving the model at the end of epoch 45, iters 270
2021-06-17 01:51:09,663 - utils.logger - INFO - End of training epoch 45 / 60 	 Time Taken: 1 sec, Data loading: 0 sec
2021-06-17 01:51:09,663 - utils.logger - INFO - learning rate = 0.0000366
2021-06-17 01:51:10,371 - utils.logger - INFO - Trn result of epoch 45 / 60 mse 0.1227 rmse 0.3502 pcc 0.0234 ccc 0.0127
2021-06-17 01:51:10,617 - utils.logger - INFO - Val result of epoch 45 / 60 mse 0.1251 rmse 0.3537 pcc 0.2964 ccc 0.1489
2021-06-17 01:51:11,138 - utils.logger - INFO - Cur epoch 46 loss ccc:0.1220
2021-06-17 01:51:11,665 - utils.logger - INFO - Cur epoch 46 loss ccc:0.1300
2021-06-17 01:51:12,063 - utils.logger - INFO - Cur epoch 46 loss ccc:1.0145
2021-06-17 01:51:12,063 - utils.logger - INFO - saving the model at the end of epoch 46, iters 276
2021-06-17 01:51:12,292 - utils.logger - INFO - End of training epoch 46 / 60 	 Time Taken: 1 sec, Data loading: 0 sec
2021-06-17 01:51:12,292 - utils.logger - INFO - learning rate = 0.0000341
2021-06-17 01:51:12,940 - utils.logger - INFO - Trn result of epoch 46 / 60 mse 0.1405 rmse 0.3748 pcc 0.0521 ccc 0.0302
2021-06-17 01:51:13,159 - utils.logger - INFO - Val result of epoch 46 / 60 mse 0.1415 rmse 0.3762 pcc 0.2898 ccc 0.1616
2021-06-17 01:51:13,664 - utils.logger - INFO - Cur epoch 47 loss ccc:0.0950
2021-06-17 01:51:14,160 - utils.logger - INFO - Cur epoch 47 loss ccc:0.1250
2021-06-17 01:51:14,559 - utils.logger - INFO - Cur epoch 47 loss ccc:1.0199
2021-06-17 01:51:14,560 - utils.logger - INFO - saving the model at the end of epoch 47, iters 282
2021-06-17 01:51:14,963 - utils.logger - INFO - End of training epoch 47 / 60 	 Time Taken: 1 sec, Data loading: 0 sec
2021-06-17 01:51:14,963 - utils.logger - INFO - learning rate = 0.0000317
2021-06-17 01:51:15,605 - utils.logger - INFO - Trn result of epoch 47 / 60 mse 0.1500 rmse 0.3873 pcc 0.0813 ccc 0.0459
2021-06-17 01:51:15,830 - utils.logger - INFO - Val result of epoch 47 / 60 mse 0.1527 rmse 0.3907 pcc 0.2877 ccc 0.1582
2021-06-17 01:51:16,333 - utils.logger - INFO - Cur epoch 48 loss ccc:0.1038
2021-06-17 01:51:16,841 - utils.logger - INFO - Cur epoch 48 loss ccc:0.1353
2021-06-17 01:51:17,244 - utils.logger - INFO - Cur epoch 48 loss ccc:1.0422
2021-06-17 01:51:17,244 - utils.logger - INFO - saving the model at the end of epoch 48, iters 288
2021-06-17 01:51:17,454 - utils.logger - INFO - End of training epoch 48 / 60 	 Time Taken: 1 sec, Data loading: 0 sec
2021-06-17 01:51:17,454 - utils.logger - INFO - learning rate = 0.0000293
2021-06-17 01:51:18,099 - utils.logger - INFO - Trn result of epoch 48 / 60 mse 0.1230 rmse 0.3508 pcc -0.0584 ccc -0.0042
2021-06-17 01:51:18,331 - utils.logger - INFO - Val result of epoch 48 / 60 mse 0.1343 rmse 0.3664 pcc 0.2780 ccc 0.0101
2021-06-17 01:51:18,850 - utils.logger - INFO - Cur epoch 49 loss ccc:0.1297
2021-06-17 01:51:19,372 - utils.logger - INFO - Cur epoch 49 loss ccc:0.1226
2021-06-17 01:51:19,793 - utils.logger - INFO - Cur epoch 49 loss ccc:1.0116
2021-06-17 01:51:19,793 - utils.logger - INFO - saving the model at the end of epoch 49, iters 294
2021-06-17 01:51:20,076 - utils.logger - INFO - End of training epoch 49 / 60 	 Time Taken: 1 sec, Data loading: 0 sec
2021-06-17 01:51:20,077 - utils.logger - INFO - learning rate = 0.0000268
2021-06-17 01:51:20,726 - utils.logger - INFO - Trn result of epoch 49 / 60 mse 0.1211 rmse 0.3479 pcc -0.0331 ccc -0.0036
2021-06-17 01:51:20,952 - utils.logger - INFO - Val result of epoch 49 / 60 mse 0.1315 rmse 0.3627 pcc 0.3291 ccc 0.0217
2021-06-17 01:51:21,435 - utils.logger - INFO - Cur epoch 50 loss ccc:0.1325
2021-06-17 01:51:21,948 - utils.logger - INFO - Cur epoch 50 loss ccc:0.1196
2021-06-17 01:51:22,365 - utils.logger - INFO - Cur epoch 50 loss ccc:0.9943
2021-06-17 01:51:22,365 - utils.logger - INFO - saving the model at the end of epoch 50, iters 300
2021-06-17 01:51:22,727 - utils.logger - INFO - End of training epoch 50 / 60 	 Time Taken: 1 sec, Data loading: 0 sec
2021-06-17 01:51:22,727 - utils.logger - INFO - learning rate = 0.0000244
2021-06-17 01:51:23,400 - utils.logger - INFO - Trn result of epoch 50 / 60 mse 0.1138 rmse 0.3373 pcc 0.0219 ccc 0.0062
2021-06-17 01:51:23,618 - utils.logger - INFO - Val result of epoch 50 / 60 mse 0.1216 rmse 0.3488 pcc 0.3395 ccc 0.0724
2021-06-17 01:51:24,150 - utils.logger - INFO - Cur epoch 51 loss ccc:0.1233
2021-06-17 01:51:24,706 - utils.logger - INFO - Cur epoch 51 loss ccc:0.1166
2021-06-17 01:51:25,136 - utils.logger - INFO - Cur epoch 51 loss ccc:0.9686
2021-06-17 01:51:25,136 - utils.logger - INFO - saving the model at the end of epoch 51, iters 306
2021-06-17 01:51:25,543 - utils.logger - INFO - End of training epoch 51 / 60 	 Time Taken: 1 sec, Data loading: 0 sec
2021-06-17 01:51:25,544 - utils.logger - INFO - learning rate = 0.0000220
2021-06-17 01:51:26,186 - utils.logger - INFO - Trn result of epoch 51 / 60 mse 0.1317 rmse 0.3629 pcc 0.0850 ccc 0.0488
2021-06-17 01:51:26,409 - utils.logger - INFO - Val result of epoch 51 / 60 mse 0.1355 rmse 0.3681 pcc 0.2972 ccc 0.1571
2021-06-17 01:51:26,953 - utils.logger - INFO - Cur epoch 52 loss ccc:0.1101
2021-06-17 01:51:27,472 - utils.logger - INFO - Cur epoch 52 loss ccc:0.1083
2021-06-17 01:51:27,884 - utils.logger - INFO - Cur epoch 52 loss ccc:0.9755
2021-06-17 01:51:27,884 - utils.logger - INFO - saving the model at the end of epoch 52, iters 312
2021-06-17 01:51:28,177 - utils.logger - INFO - End of training epoch 52 / 60 	 Time Taken: 1 sec, Data loading: 0 sec
2021-06-17 01:51:28,177 - utils.logger - INFO - learning rate = 0.0000195
2021-06-17 01:51:28,832 - utils.logger - INFO - Trn result of epoch 52 / 60 mse 0.1785 rmse 0.4225 pcc 0.0703 ccc 0.0278
2021-06-17 01:51:29,051 - utils.logger - INFO - Val result of epoch 52 / 60 mse 0.1899 rmse 0.4357 pcc 0.2620 ccc 0.0997
2021-06-17 01:51:29,568 - utils.logger - INFO - Cur epoch 53 loss ccc:0.1351
2021-06-17 01:51:30,088 - utils.logger - INFO - Cur epoch 53 loss ccc:0.1171
2021-06-17 01:51:30,499 - utils.logger - INFO - Cur epoch 53 loss ccc:0.9899
2021-06-17 01:51:30,499 - utils.logger - INFO - saving the model at the end of epoch 53, iters 318
2021-06-17 01:51:30,842 - utils.logger - INFO - End of training epoch 53 / 60 	 Time Taken: 1 sec, Data loading: 0 sec
2021-06-17 01:51:30,842 - utils.logger - INFO - learning rate = 0.0000171
2021-06-17 01:51:31,515 - utils.logger - INFO - Trn result of epoch 53 / 60 mse 0.1596 rmse 0.3995 pcc 0.0900 ccc 0.0386
2021-06-17 01:51:31,741 - utils.logger - INFO - Val result of epoch 53 / 60 mse 0.1707 rmse 0.4131 pcc 0.2766 ccc 0.1107
2021-06-17 01:51:32,258 - utils.logger - INFO - Cur epoch 54 loss ccc:0.1274
2021-06-17 01:51:32,801 - utils.logger - INFO - Cur epoch 54 loss ccc:0.0926
2021-06-17 01:51:33,206 - utils.logger - INFO - Cur epoch 54 loss ccc:1.1606
2021-06-17 01:51:33,207 - utils.logger - INFO - saving the model at the end of epoch 54, iters 324
2021-06-17 01:51:33,440 - utils.logger - INFO - End of training epoch 54 / 60 	 Time Taken: 1 sec, Data loading: 0 sec
2021-06-17 01:51:33,441 - utils.logger - INFO - learning rate = 0.0000146
2021-06-17 01:51:34,120 - utils.logger - INFO - Trn result of epoch 54 / 60 mse 0.1572 rmse 0.3964 pcc 0.1070 ccc 0.0472
2021-06-17 01:51:34,341 - utils.logger - INFO - Val result of epoch 54 / 60 mse 0.1690 rmse 0.4111 pcc 0.2788 ccc 0.1146
2021-06-17 01:51:34,843 - utils.logger - INFO - Cur epoch 55 loss ccc:0.1250
2021-06-17 01:51:35,389 - utils.logger - INFO - Cur epoch 55 loss ccc:0.0826
2021-06-17 01:51:35,789 - utils.logger - INFO - Cur epoch 55 loss ccc:1.0068
2021-06-17 01:51:35,789 - utils.logger - INFO - saving the model at the end of epoch 55, iters 330
2021-06-17 01:51:36,078 - utils.logger - INFO - End of training epoch 55 / 60 	 Time Taken: 1 sec, Data loading: 0 sec
2021-06-17 01:51:36,078 - utils.logger - INFO - learning rate = 0.0000122
2021-06-17 01:51:36,718 - utils.logger - INFO - Trn result of epoch 55 / 60 mse 0.1507 rmse 0.3882 pcc 0.1226 ccc 0.0555
2021-06-17 01:51:36,940 - utils.logger - INFO - Val result of epoch 55 / 60 mse 0.1633 rmse 0.4040 pcc 0.2849 ccc 0.1187
2021-06-17 01:51:37,470 - utils.logger - INFO - Cur epoch 56 loss ccc:0.1343
2021-06-17 01:51:38,000 - utils.logger - INFO - Cur epoch 56 loss ccc:0.1363
2021-06-17 01:51:38,419 - utils.logger - INFO - Cur epoch 56 loss ccc:0.8343
2021-06-17 01:51:38,419 - utils.logger - INFO - saving the model at the end of epoch 56, iters 336
2021-06-17 01:51:38,632 - utils.logger - INFO - End of training epoch 56 / 60 	 Time Taken: 1 sec, Data loading: 0 sec
2021-06-17 01:51:38,632 - utils.logger - INFO - learning rate = 0.0000098
2021-06-17 01:51:39,295 - utils.logger - INFO - Trn result of epoch 56 / 60 mse 0.1814 rmse 0.4259 pcc 0.1043 ccc 0.0450
2021-06-17 01:51:39,517 - utils.logger - INFO - Val result of epoch 56 / 60 mse 0.1924 rmse 0.4387 pcc 0.2694 ccc 0.1127
2021-06-17 01:51:40,027 - utils.logger - INFO - Cur epoch 57 loss ccc:0.1106
2021-06-17 01:51:40,552 - utils.logger - INFO - Cur epoch 57 loss ccc:0.1130
2021-06-17 01:51:40,972 - utils.logger - INFO - Cur epoch 57 loss ccc:0.9704
2021-06-17 01:51:40,972 - utils.logger - INFO - saving the model at the end of epoch 57, iters 342
2021-06-17 01:51:41,216 - utils.logger - INFO - End of training epoch 57 / 60 	 Time Taken: 1 sec, Data loading: 0 sec
2021-06-17 01:51:41,216 - utils.logger - INFO - learning rate = 0.0000073
2021-06-17 01:51:41,930 - utils.logger - INFO - Trn result of epoch 57 / 60 mse 0.1682 rmse 0.4101 pcc 0.1009 ccc 0.0473
2021-06-17 01:51:42,175 - utils.logger - INFO - Val result of epoch 57 / 60 mse 0.1774 rmse 0.4212 pcc 0.2693 ccc 0.1205
2021-06-17 01:51:42,751 - utils.logger - INFO - Cur epoch 58 loss ccc:0.1204
2021-06-17 01:51:43,283 - utils.logger - INFO - Cur epoch 58 loss ccc:0.0948
2021-06-17 01:51:43,706 - utils.logger - INFO - Cur epoch 58 loss ccc:1.0018
2021-06-17 01:51:43,707 - utils.logger - INFO - saving the model at the end of epoch 58, iters 348
2021-06-17 01:51:43,970 - utils.logger - INFO - End of training epoch 58 / 60 	 Time Taken: 1 sec, Data loading: 0 sec
2021-06-17 01:51:43,970 - utils.logger - INFO - learning rate = 0.0000049
2021-06-17 01:51:44,657 - utils.logger - INFO - Trn result of epoch 58 / 60 mse 0.1595 rmse 0.3994 pcc 0.1079 ccc 0.0534
2021-06-17 01:51:44,902 - utils.logger - INFO - Val result of epoch 58 / 60 mse 0.1677 rmse 0.4095 pcc 0.2778 ccc 0.1296
2021-06-17 01:51:45,435 - utils.logger - INFO - Cur epoch 59 loss ccc:0.1299
2021-06-17 01:51:45,945 - utils.logger - INFO - Cur epoch 59 loss ccc:0.1200
2021-06-17 01:51:46,376 - utils.logger - INFO - Cur epoch 59 loss ccc:0.6269
2021-06-17 01:51:46,377 - utils.logger - INFO - saving the model at the end of epoch 59, iters 354
2021-06-17 01:51:46,594 - utils.logger - INFO - End of training epoch 59 / 60 	 Time Taken: 1 sec, Data loading: 0 sec
2021-06-17 01:51:46,594 - utils.logger - INFO - learning rate = 0.0000024
2021-06-17 01:51:47,285 - utils.logger - INFO - Trn result of epoch 59 / 60 mse 0.1546 rmse 0.3932 pcc 0.1172 ccc 0.0610
2021-06-17 01:51:47,513 - utils.logger - INFO - Val result of epoch 59 / 60 mse 0.1621 rmse 0.4026 pcc 0.2851 ccc 0.1398
2021-06-17 01:51:48,042 - utils.logger - INFO - Cur epoch 60 loss ccc:0.1094
2021-06-17 01:51:48,565 - utils.logger - INFO - Cur epoch 60 loss ccc:0.1221
2021-06-17 01:51:48,957 - utils.logger - INFO - Cur epoch 60 loss ccc:0.9998
2021-06-17 01:51:48,957 - utils.logger - INFO - saving the model at the end of epoch 60, iters 360
2021-06-17 01:51:49,185 - utils.logger - INFO - End of training epoch 60 / 60 	 Time Taken: 1 sec, Data loading: 0 sec
2021-06-17 01:51:49,185 - utils.logger - INFO - learning rate = 0.0000000
2021-06-17 01:51:49,863 - utils.logger - INFO - Trn result of epoch 60 / 60 mse 0.1483 rmse 0.3851 pcc 0.1133 ccc 0.0614
2021-06-17 01:51:50,091 - utils.logger - INFO - Val result of epoch 60 / 60 mse 0.1549 rmse 0.3935 pcc 0.2858 ccc 0.1447
2021-06-17 01:51:50,092 - utils.logger - INFO - Best eval epoch 46 found with ccc 0.161551
2021-06-17 01:51:50,092 - utils.logger - INFO - baseline_fcfusion_wonorm_deepspectrum_EDA_hidden1024_seq100_lr0.0001_cccloss_run1
