2021-06-17 02:36:42,882 - utils.logger - INFO - The number of training samples = 41
2021-06-17 02:36:45,805 - utils.logger - INFO - Cur epoch 1 loss ccc:0.1261
2021-06-17 02:36:46,264 - utils.logger - INFO - Cur epoch 1 loss ccc:0.1249
2021-06-17 02:36:46,658 - utils.logger - INFO - Cur epoch 1 loss ccc:1.0001
2021-06-17 02:36:46,658 - utils.logger - INFO - saving the model at the end of epoch 1, iters 6
2021-06-17 02:36:46,898 - utils.logger - INFO - End of training epoch 1 / 60 	 Time Taken: 1 sec, Data loading: 0 sec
2021-06-17 02:36:46,898 - utils.logger - INFO - learning rate = 0.0001000
2021-06-17 02:36:47,309 - utils.logger - INFO - Trn result of epoch 1 / 60 mse 0.0895 rmse 0.2992 pcc 0.0042 ccc 0.0000
2021-06-17 02:36:47,464 - utils.logger - INFO - Val result of epoch 1 / 60 mse 0.0938 rmse 0.3062 pcc 0.0372 ccc 0.0001
2021-06-17 02:36:47,931 - utils.logger - INFO - Cur epoch 2 loss ccc:0.1248
2021-06-17 02:36:48,377 - utils.logger - INFO - Cur epoch 2 loss ccc:0.1260
2021-06-17 02:36:48,748 - utils.logger - INFO - Cur epoch 2 loss ccc:0.9973
2021-06-17 02:36:48,748 - utils.logger - INFO - saving the model at the end of epoch 2, iters 12
2021-06-17 02:36:49,005 - utils.logger - INFO - End of training epoch 2 / 60 	 Time Taken: 1 sec, Data loading: 0 sec
2021-06-17 02:36:49,005 - utils.logger - INFO - learning rate = 0.0001000
2021-06-17 02:36:49,412 - utils.logger - INFO - Trn result of epoch 2 / 60 mse 0.0897 rmse 0.2994 pcc -0.1255 ccc -0.0012
2021-06-17 02:36:49,561 - utils.logger - INFO - Val result of epoch 2 / 60 mse 0.0937 rmse 0.3061 pcc -0.0269 ccc -0.0002
2021-06-17 02:36:49,992 - utils.logger - INFO - Cur epoch 3 loss ccc:0.1241
2021-06-17 02:36:50,431 - utils.logger - INFO - Cur epoch 3 loss ccc:0.1250
2021-06-17 02:36:50,821 - utils.logger - INFO - Cur epoch 3 loss ccc:0.9999
2021-06-17 02:36:50,822 - utils.logger - INFO - saving the model at the end of epoch 3, iters 18
2021-06-17 02:36:51,059 - utils.logger - INFO - End of training epoch 3 / 60 	 Time Taken: 1 sec, Data loading: 0 sec
2021-06-17 02:36:51,059 - utils.logger - INFO - learning rate = 0.0001000
2021-06-17 02:36:51,522 - utils.logger - INFO - Trn result of epoch 3 / 60 mse 0.0898 rmse 0.2997 pcc -0.1267 ccc -0.0032
2021-06-17 02:36:51,684 - utils.logger - INFO - Val result of epoch 3 / 60 mse 0.0937 rmse 0.3062 pcc 0.0414 ccc 0.0010
2021-06-17 02:36:52,102 - utils.logger - INFO - Cur epoch 4 loss ccc:0.1256
2021-06-17 02:36:52,541 - utils.logger - INFO - Cur epoch 4 loss ccc:0.1255
2021-06-17 02:36:52,898 - utils.logger - INFO - Cur epoch 4 loss ccc:0.9999
2021-06-17 02:36:52,898 - utils.logger - INFO - saving the model at the end of epoch 4, iters 24
2021-06-17 02:36:53,230 - utils.logger - INFO - End of training epoch 4 / 60 	 Time Taken: 1 sec, Data loading: 0 sec
2021-06-17 02:36:53,230 - utils.logger - INFO - learning rate = 0.0001000
2021-06-17 02:36:53,694 - utils.logger - INFO - Trn result of epoch 4 / 60 mse 0.0902 rmse 0.3003 pcc -0.0513 ccc -0.0030
2021-06-17 02:36:53,850 - utils.logger - INFO - Val result of epoch 4 / 60 mse 0.0932 rmse 0.3053 pcc -0.0083 ccc -0.0005
2021-06-17 02:36:54,286 - utils.logger - INFO - Cur epoch 5 loss ccc:0.1218
2021-06-17 02:36:54,693 - utils.logger - INFO - Cur epoch 5 loss ccc:0.1176
2021-06-17 02:36:55,048 - utils.logger - INFO - Cur epoch 5 loss ccc:1.0261
2021-06-17 02:36:55,049 - utils.logger - INFO - saving the model at the end of epoch 5, iters 30
2021-06-17 02:36:55,302 - utils.logger - INFO - End of training epoch 5 / 60 	 Time Taken: 1 sec, Data loading: 0 sec
2021-06-17 02:36:55,302 - utils.logger - INFO - learning rate = 0.0001000
2021-06-17 02:36:55,752 - utils.logger - INFO - Trn result of epoch 5 / 60 mse 0.1069 rmse 0.3270 pcc -0.0235 ccc -0.0013
2021-06-17 02:36:55,914 - utils.logger - INFO - Val result of epoch 5 / 60 mse 0.1005 rmse 0.3171 pcc -0.0430 ccc -0.0026
2021-06-17 02:36:56,372 - utils.logger - INFO - Cur epoch 6 loss ccc:0.1606
2021-06-17 02:36:56,820 - utils.logger - INFO - Cur epoch 6 loss ccc:0.1180
2021-06-17 02:36:57,188 - utils.logger - INFO - Cur epoch 6 loss ccc:1.0152
2021-06-17 02:36:57,188 - utils.logger - INFO - saving the model at the end of epoch 6, iters 36
2021-06-17 02:36:57,442 - utils.logger - INFO - End of training epoch 6 / 60 	 Time Taken: 1 sec, Data loading: 0 sec
2021-06-17 02:36:57,443 - utils.logger - INFO - learning rate = 0.0001000
2021-06-17 02:36:57,885 - utils.logger - INFO - Trn result of epoch 6 / 60 mse 0.1247 rmse 0.3531 pcc -0.0180 ccc -0.0012
2021-06-17 02:36:58,062 - utils.logger - INFO - Val result of epoch 6 / 60 mse 0.1135 rmse 0.3369 pcc -0.0261 ccc -0.0019
2021-06-17 02:36:58,485 - utils.logger - INFO - Cur epoch 7 loss ccc:0.1272
2021-06-17 02:36:58,947 - utils.logger - INFO - Cur epoch 7 loss ccc:0.1240
2021-06-17 02:36:59,309 - utils.logger - INFO - Cur epoch 7 loss ccc:1.0140
2021-06-17 02:36:59,309 - utils.logger - INFO - saving the model at the end of epoch 7, iters 42
2021-06-17 02:36:59,559 - utils.logger - INFO - End of training epoch 7 / 60 	 Time Taken: 1 sec, Data loading: 0 sec
2021-06-17 02:36:59,559 - utils.logger - INFO - learning rate = 0.0001000
2021-06-17 02:37:00,027 - utils.logger - INFO - Trn result of epoch 7 / 60 mse 0.2188 rmse 0.4678 pcc 0.0040 ccc 0.0004
2021-06-17 02:37:00,192 - utils.logger - INFO - Val result of epoch 7 / 60 mse 0.1931 rmse 0.4395 pcc 0.0099 ccc 0.0011
2021-06-17 02:37:00,633 - utils.logger - INFO - Cur epoch 8 loss ccc:0.1549
2021-06-17 02:37:01,053 - utils.logger - INFO - Cur epoch 8 loss ccc:0.0964
2021-06-17 02:37:01,415 - utils.logger - INFO - Cur epoch 8 loss ccc:1.0071
2021-06-17 02:37:01,416 - utils.logger - INFO - saving the model at the end of epoch 8, iters 48
2021-06-17 02:37:01,669 - utils.logger - INFO - End of training epoch 8 / 60 	 Time Taken: 1 sec, Data loading: 0 sec
2021-06-17 02:37:01,669 - utils.logger - INFO - learning rate = 0.0001000
2021-06-17 02:37:02,080 - utils.logger - INFO - Trn result of epoch 8 / 60 mse 0.0962 rmse 0.3102 pcc 0.0966 ccc 0.0598
2021-06-17 02:37:02,225 - utils.logger - INFO - Val result of epoch 8 / 60 mse 0.0900 rmse 0.3000 pcc 0.1848 ccc 0.0818
2021-06-17 02:37:02,645 - utils.logger - INFO - Cur epoch 9 loss ccc:0.1250
2021-06-17 02:37:03,088 - utils.logger - INFO - Cur epoch 9 loss ccc:0.1194
2021-06-17 02:37:03,452 - utils.logger - INFO - Cur epoch 9 loss ccc:1.0089
2021-06-17 02:37:03,452 - utils.logger - INFO - saving the model at the end of epoch 9, iters 54
2021-06-17 02:37:03,703 - utils.logger - INFO - End of training epoch 9 / 60 	 Time Taken: 1 sec, Data loading: 0 sec
2021-06-17 02:37:03,703 - utils.logger - INFO - learning rate = 0.0001000
2021-06-17 02:37:04,136 - utils.logger - INFO - Trn result of epoch 9 / 60 mse 0.5845 rmse 0.7645 pcc -0.0041 ccc -0.0003
2021-06-17 02:37:04,308 - utils.logger - INFO - Val result of epoch 9 / 60 mse 0.6394 rmse 0.7996 pcc 0.0372 ccc 0.0027
2021-06-17 02:37:04,733 - utils.logger - INFO - Cur epoch 10 loss ccc:0.1141
2021-06-17 02:37:05,161 - utils.logger - INFO - Cur epoch 10 loss ccc:0.1169
2021-06-17 02:37:05,503 - utils.logger - INFO - Cur epoch 10 loss ccc:0.9988
2021-06-17 02:37:05,503 - utils.logger - INFO - saving the model at the end of epoch 10, iters 60
2021-06-17 02:37:05,754 - utils.logger - INFO - End of training epoch 10 / 60 	 Time Taken: 1 sec, Data loading: 0 sec
2021-06-17 02:37:05,755 - utils.logger - INFO - learning rate = 0.0001000
2021-06-17 02:37:06,170 - utils.logger - INFO - Trn result of epoch 10 / 60 mse 0.2205 rmse 0.4696 pcc -0.0092 ccc -0.0009
2021-06-17 02:37:06,318 - utils.logger - INFO - Val result of epoch 10 / 60 mse 0.2530 rmse 0.5030 pcc 0.0339 ccc 0.0029
2021-06-17 02:37:06,751 - utils.logger - INFO - Cur epoch 11 loss ccc:0.1475
2021-06-17 02:37:07,195 - utils.logger - INFO - Cur epoch 11 loss ccc:0.1068
2021-06-17 02:37:07,585 - utils.logger - INFO - Cur epoch 11 loss ccc:0.9974
2021-06-17 02:37:07,586 - utils.logger - INFO - saving the model at the end of epoch 11, iters 66
2021-06-17 02:37:07,826 - utils.logger - INFO - End of training epoch 11 / 60 	 Time Taken: 1 sec, Data loading: 0 sec
2021-06-17 02:37:07,826 - utils.logger - INFO - learning rate = 0.0001000
2021-06-17 02:37:08,273 - utils.logger - INFO - Trn result of epoch 11 / 60 mse 0.1926 rmse 0.4388 pcc -0.0406 ccc -0.0254
2021-06-17 02:37:08,433 - utils.logger - INFO - Val result of epoch 11 / 60 mse 0.1983 rmse 0.4453 pcc 0.1318 ccc 0.0695
2021-06-17 02:37:08,881 - utils.logger - INFO - Cur epoch 12 loss ccc:0.1299
2021-06-17 02:37:09,305 - utils.logger - INFO - Cur epoch 12 loss ccc:0.1161
2021-06-17 02:37:09,658 - utils.logger - INFO - Cur epoch 12 loss ccc:1.0798
2021-06-17 02:37:09,658 - utils.logger - INFO - saving the model at the end of epoch 12, iters 72
2021-06-17 02:37:09,983 - utils.logger - INFO - End of training epoch 12 / 60 	 Time Taken: 1 sec, Data loading: 0 sec
2021-06-17 02:37:09,983 - utils.logger - INFO - learning rate = 0.0001000
2021-06-17 02:37:10,400 - utils.logger - INFO - Trn result of epoch 12 / 60 mse 0.1575 rmse 0.3969 pcc -0.0255 ccc -0.0047
2021-06-17 02:37:10,555 - utils.logger - INFO - Val result of epoch 12 / 60 mse 0.1803 rmse 0.4246 pcc 0.0356 ccc 0.0062
2021-06-17 02:37:11,004 - utils.logger - INFO - Cur epoch 13 loss ccc:0.1275
2021-06-17 02:37:11,439 - utils.logger - INFO - Cur epoch 13 loss ccc:0.1251
2021-06-17 02:37:11,808 - utils.logger - INFO - Cur epoch 13 loss ccc:1.0034
2021-06-17 02:37:11,808 - utils.logger - INFO - saving the model at the end of epoch 13, iters 78
2021-06-17 02:37:12,054 - utils.logger - INFO - End of training epoch 13 / 60 	 Time Taken: 1 sec, Data loading: 0 sec
2021-06-17 02:37:12,054 - utils.logger - INFO - learning rate = 0.0001000
2021-06-17 02:37:12,471 - utils.logger - INFO - Trn result of epoch 13 / 60 mse 0.1446 rmse 0.3803 pcc -0.0550 ccc -0.0117
2021-06-17 02:37:12,624 - utils.logger - INFO - Val result of epoch 13 / 60 mse 0.1653 rmse 0.4066 pcc 0.0306 ccc 0.0059
2021-06-17 02:37:13,071 - utils.logger - INFO - Cur epoch 14 loss ccc:0.1112
2021-06-17 02:37:13,520 - utils.logger - INFO - Cur epoch 14 loss ccc:0.1109
2021-06-17 02:37:13,874 - utils.logger - INFO - Cur epoch 14 loss ccc:1.0292
2021-06-17 02:37:13,875 - utils.logger - INFO - saving the model at the end of epoch 14, iters 84
2021-06-17 02:37:14,144 - utils.logger - INFO - End of training epoch 14 / 60 	 Time Taken: 1 sec, Data loading: 0 sec
2021-06-17 02:37:14,144 - utils.logger - INFO - learning rate = 0.0001000
2021-06-17 02:37:14,554 - utils.logger - INFO - Trn result of epoch 14 / 60 mse 0.1655 rmse 0.4068 pcc -0.0367 ccc -0.0045
2021-06-17 02:37:14,726 - utils.logger - INFO - Val result of epoch 14 / 60 mse 0.1924 rmse 0.4387 pcc -0.0187 ccc -0.0020
2021-06-17 02:37:15,148 - utils.logger - INFO - Cur epoch 15 loss ccc:0.1372
2021-06-17 02:37:15,613 - utils.logger - INFO - Cur epoch 15 loss ccc:0.1121
2021-06-17 02:37:15,984 - utils.logger - INFO - Cur epoch 15 loss ccc:0.7869
2021-06-17 02:37:15,985 - utils.logger - INFO - saving the model at the end of epoch 15, iters 90
2021-06-17 02:37:16,248 - utils.logger - INFO - End of training epoch 15 / 60 	 Time Taken: 1 sec, Data loading: 0 sec
2021-06-17 02:37:16,248 - utils.logger - INFO - learning rate = 0.0001000
2021-06-17 02:37:16,684 - utils.logger - INFO - Trn result of epoch 15 / 60 mse 0.2277 rmse 0.4771 pcc -0.0112 ccc -0.0009
2021-06-17 02:37:16,828 - utils.logger - INFO - Val result of epoch 15 / 60 mse 0.2627 rmse 0.5126 pcc 0.0021 ccc 0.0002
2021-06-17 02:37:17,264 - utils.logger - INFO - Cur epoch 16 loss ccc:0.1406
2021-06-17 02:37:17,699 - utils.logger - INFO - Cur epoch 16 loss ccc:0.1247
2021-06-17 02:37:18,046 - utils.logger - INFO - Cur epoch 16 loss ccc:1.0027
2021-06-17 02:37:18,047 - utils.logger - INFO - saving the model at the end of epoch 16, iters 96
2021-06-17 02:37:18,237 - utils.logger - INFO - End of training epoch 16 / 60 	 Time Taken: 1 sec, Data loading: 0 sec
2021-06-17 02:37:18,237 - utils.logger - INFO - learning rate = 0.0001000
2021-06-17 02:37:18,649 - utils.logger - INFO - Trn result of epoch 16 / 60 mse 0.1950 rmse 0.4416 pcc -0.0157 ccc -0.0017
2021-06-17 02:37:18,793 - utils.logger - INFO - Val result of epoch 16 / 60 mse 0.2265 rmse 0.4759 pcc -0.0039 ccc -0.0003
2021-06-17 02:37:19,219 - utils.logger - INFO - Cur epoch 17 loss ccc:0.1250
2021-06-17 02:37:19,652 - utils.logger - INFO - Cur epoch 17 loss ccc:0.1235
2021-06-17 02:37:20,031 - utils.logger - INFO - Cur epoch 17 loss ccc:0.9996
2021-06-17 02:37:20,031 - utils.logger - INFO - saving the model at the end of epoch 17, iters 102
2021-06-17 02:37:20,284 - utils.logger - INFO - End of training epoch 17 / 60 	 Time Taken: 1 sec, Data loading: 0 sec
2021-06-17 02:37:20,284 - utils.logger - INFO - learning rate = 0.0001000
2021-06-17 02:37:20,698 - utils.logger - INFO - Trn result of epoch 17 / 60 mse 0.2291 rmse 0.4787 pcc -0.0081 ccc -0.0008
2021-06-17 02:37:20,840 - utils.logger - INFO - Val result of epoch 17 / 60 mse 0.2638 rmse 0.5136 pcc 0.0072 ccc 0.0006
2021-06-17 02:37:21,281 - utils.logger - INFO - Cur epoch 18 loss ccc:0.1320
2021-06-17 02:37:21,714 - utils.logger - INFO - Cur epoch 18 loss ccc:0.1197
2021-06-17 02:37:22,077 - utils.logger - INFO - Cur epoch 18 loss ccc:1.0283
2021-06-17 02:37:22,077 - utils.logger - INFO - saving the model at the end of epoch 18, iters 108
2021-06-17 02:37:22,588 - utils.logger - INFO - End of training epoch 18 / 60 	 Time Taken: 1 sec, Data loading: 0 sec
2021-06-17 02:37:22,588 - utils.logger - INFO - learning rate = 0.0001000
2021-06-17 02:37:22,998 - utils.logger - INFO - Trn result of epoch 18 / 60 mse 0.2092 rmse 0.4573 pcc -0.0036 ccc -0.0004
2021-06-17 02:37:23,146 - utils.logger - INFO - Val result of epoch 18 / 60 mse 0.2416 rmse 0.4916 pcc 0.0055 ccc 0.0005
2021-06-17 02:37:23,589 - utils.logger - INFO - Cur epoch 19 loss ccc:0.1250
2021-06-17 02:37:24,036 - utils.logger - INFO - Cur epoch 19 loss ccc:0.1359
2021-06-17 02:37:24,433 - utils.logger - INFO - Cur epoch 19 loss ccc:1.0348
2021-06-17 02:37:24,433 - utils.logger - INFO - saving the model at the end of epoch 19, iters 114
2021-06-17 02:37:24,699 - utils.logger - INFO - End of training epoch 19 / 60 	 Time Taken: 1 sec, Data loading: 0 sec
2021-06-17 02:37:24,700 - utils.logger - INFO - learning rate = 0.0001000
2021-06-17 02:37:25,119 - utils.logger - INFO - Trn result of epoch 19 / 60 mse 0.1901 rmse 0.4360 pcc -0.0049 ccc -0.0005
2021-06-17 02:37:25,268 - utils.logger - INFO - Val result of epoch 19 / 60 mse 0.2205 rmse 0.4696 pcc 0.0025 ccc 0.0002
2021-06-17 02:37:25,727 - utils.logger - INFO - Cur epoch 20 loss ccc:0.1252
2021-06-17 02:37:26,172 - utils.logger - INFO - Cur epoch 20 loss ccc:0.1131
2021-06-17 02:37:26,564 - utils.logger - INFO - Cur epoch 20 loss ccc:1.0009
2021-06-17 02:37:26,565 - utils.logger - INFO - saving the model at the end of epoch 20, iters 120
2021-06-17 02:37:26,813 - utils.logger - INFO - End of training epoch 20 / 60 	 Time Taken: 1 sec, Data loading: 0 sec
2021-06-17 02:37:26,813 - utils.logger - INFO - learning rate = 0.0000976
2021-06-17 02:37:27,277 - utils.logger - INFO - Trn result of epoch 20 / 60 mse 0.1848 rmse 0.4299 pcc -0.0069 ccc -0.0007
2021-06-17 02:37:27,445 - utils.logger - INFO - Val result of epoch 20 / 60 mse 0.2146 rmse 0.4633 pcc 0.0022 ccc 0.0002
2021-06-17 02:37:27,890 - utils.logger - INFO - Cur epoch 21 loss ccc:0.1091
2021-06-17 02:37:28,333 - utils.logger - INFO - Cur epoch 21 loss ccc:0.1202
2021-06-17 02:37:28,687 - utils.logger - INFO - Cur epoch 21 loss ccc:0.9815
2021-06-17 02:37:28,687 - utils.logger - INFO - saving the model at the end of epoch 21, iters 126
2021-06-17 02:37:28,929 - utils.logger - INFO - End of training epoch 21 / 60 	 Time Taken: 1 sec, Data loading: 0 sec
2021-06-17 02:37:28,929 - utils.logger - INFO - learning rate = 0.0000951
2021-06-17 02:37:29,344 - utils.logger - INFO - Trn result of epoch 21 / 60 mse 0.1235 rmse 0.3515 pcc -0.0121 ccc -0.0018
2021-06-17 02:37:29,491 - utils.logger - INFO - Val result of epoch 21 / 60 mse 0.1434 rmse 0.3787 pcc -0.0137 ccc -0.0017
2021-06-17 02:37:29,925 - utils.logger - INFO - Cur epoch 22 loss ccc:0.1207
2021-06-17 02:37:30,338 - utils.logger - INFO - Cur epoch 22 loss ccc:0.1104
2021-06-17 02:37:30,683 - utils.logger - INFO - Cur epoch 22 loss ccc:1.0034
2021-06-17 02:37:30,684 - utils.logger - INFO - saving the model at the end of epoch 22, iters 132
2021-06-17 02:37:30,930 - utils.logger - INFO - End of training epoch 22 / 60 	 Time Taken: 1 sec, Data loading: 0 sec
2021-06-17 02:37:30,930 - utils.logger - INFO - learning rate = 0.0000927
2021-06-17 02:37:31,340 - utils.logger - INFO - Trn result of epoch 22 / 60 mse 0.1423 rmse 0.3773 pcc -0.0068 ccc -0.0009
2021-06-17 02:37:31,481 - utils.logger - INFO - Val result of epoch 22 / 60 mse 0.1661 rmse 0.4076 pcc -0.0107 ccc -0.0011
2021-06-17 02:37:31,910 - utils.logger - INFO - Cur epoch 23 loss ccc:0.1215
2021-06-17 02:37:32,311 - utils.logger - INFO - Cur epoch 23 loss ccc:0.1280
2021-06-17 02:37:32,664 - utils.logger - INFO - Cur epoch 23 loss ccc:0.9997
2021-06-17 02:37:32,664 - utils.logger - INFO - saving the model at the end of epoch 23, iters 138
2021-06-17 02:37:32,922 - utils.logger - INFO - End of training epoch 23 / 60 	 Time Taken: 1 sec, Data loading: 0 sec
2021-06-17 02:37:32,922 - utils.logger - INFO - learning rate = 0.0000902
2021-06-17 02:37:33,341 - utils.logger - INFO - Trn result of epoch 23 / 60 mse 0.0974 rmse 0.3122 pcc -0.1002 ccc -0.0151
2021-06-17 02:37:33,488 - utils.logger - INFO - Val result of epoch 23 / 60 mse 0.0945 rmse 0.3074 pcc 0.0222 ccc 0.0051
2021-06-17 02:37:33,909 - utils.logger - INFO - Cur epoch 24 loss ccc:0.1246
2021-06-17 02:37:34,344 - utils.logger - INFO - Cur epoch 24 loss ccc:0.1224
2021-06-17 02:37:34,683 - utils.logger - INFO - Cur epoch 24 loss ccc:1.0381
2021-06-17 02:37:34,683 - utils.logger - INFO - saving the model at the end of epoch 24, iters 144
2021-06-17 02:37:34,927 - utils.logger - INFO - End of training epoch 24 / 60 	 Time Taken: 1 sec, Data loading: 0 sec
2021-06-17 02:37:34,927 - utils.logger - INFO - learning rate = 0.0000878
2021-06-17 02:37:35,337 - utils.logger - INFO - Trn result of epoch 24 / 60 mse 0.0896 rmse 0.2994 pcc 0.0043 ccc 0.0002
2021-06-17 02:37:35,484 - utils.logger - INFO - Val result of epoch 24 / 60 mse 0.0947 rmse 0.3078 pcc 0.0647 ccc 0.0029
2021-06-17 02:37:35,911 - utils.logger - INFO - Cur epoch 25 loss ccc:0.1185
2021-06-17 02:37:36,322 - utils.logger - INFO - Cur epoch 25 loss ccc:0.1256
2021-06-17 02:37:36,668 - utils.logger - INFO - Cur epoch 25 loss ccc:1.0021
2021-06-17 02:37:36,668 - utils.logger - INFO - saving the model at the end of epoch 25, iters 150
2021-06-17 02:37:36,916 - utils.logger - INFO - End of training epoch 25 / 60 	 Time Taken: 1 sec, Data loading: 0 sec
2021-06-17 02:37:36,916 - utils.logger - INFO - learning rate = 0.0000854
2021-06-17 02:37:37,333 - utils.logger - INFO - Trn result of epoch 25 / 60 mse 0.0899 rmse 0.2998 pcc -0.0178 ccc -0.0010
2021-06-17 02:37:37,483 - utils.logger - INFO - Val result of epoch 25 / 60 mse 0.0953 rmse 0.3088 pcc 0.0609 ccc 0.0036
2021-06-17 02:37:37,899 - utils.logger - INFO - Cur epoch 26 loss ccc:0.1237
2021-06-17 02:37:38,324 - utils.logger - INFO - Cur epoch 26 loss ccc:0.1137
2021-06-17 02:37:38,666 - utils.logger - INFO - Cur epoch 26 loss ccc:1.0031
2021-06-17 02:37:38,667 - utils.logger - INFO - saving the model at the end of epoch 26, iters 156
2021-06-17 02:37:38,963 - utils.logger - INFO - End of training epoch 26 / 60 	 Time Taken: 1 sec, Data loading: 0 sec
2021-06-17 02:37:38,963 - utils.logger - INFO - learning rate = 0.0000829
2021-06-17 02:37:39,428 - utils.logger - INFO - Trn result of epoch 26 / 60 mse 0.0923 rmse 0.3039 pcc -0.0319 ccc -0.0040
2021-06-17 02:37:39,592 - utils.logger - INFO - Val result of epoch 26 / 60 mse 0.0995 rmse 0.3155 pcc 0.0616 ccc 0.0082
2021-06-17 02:37:40,031 - utils.logger - INFO - Cur epoch 27 loss ccc:0.1208
2021-06-17 02:37:40,464 - utils.logger - INFO - Cur epoch 27 loss ccc:0.1027
2021-06-17 02:37:40,833 - utils.logger - INFO - Cur epoch 27 loss ccc:0.9957
2021-06-17 02:37:40,833 - utils.logger - INFO - saving the model at the end of epoch 27, iters 162
2021-06-17 02:37:41,269 - utils.logger - INFO - End of training epoch 27 / 60 	 Time Taken: 1 sec, Data loading: 0 sec
2021-06-17 02:37:41,270 - utils.logger - INFO - learning rate = 0.0000805
2021-06-17 02:37:41,687 - utils.logger - INFO - Trn result of epoch 27 / 60 mse 0.0976 rmse 0.3123 pcc -0.0299 ccc -0.0071
2021-06-17 02:37:41,832 - utils.logger - INFO - Val result of epoch 27 / 60 mse 0.1065 rmse 0.3264 pcc 0.0575 ccc 0.0138
2021-06-17 02:37:42,256 - utils.logger - INFO - Cur epoch 28 loss ccc:0.1241
2021-06-17 02:37:42,685 - utils.logger - INFO - Cur epoch 28 loss ccc:0.1142
2021-06-17 02:37:43,029 - utils.logger - INFO - Cur epoch 28 loss ccc:1.0000
2021-06-17 02:37:43,029 - utils.logger - INFO - saving the model at the end of epoch 28, iters 168
2021-06-17 02:37:43,276 - utils.logger - INFO - End of training epoch 28 / 60 	 Time Taken: 1 sec, Data loading: 0 sec
2021-06-17 02:37:43,276 - utils.logger - INFO - learning rate = 0.0000780
2021-06-17 02:37:43,691 - utils.logger - INFO - Trn result of epoch 28 / 60 mse 0.0912 rmse 0.3020 pcc -0.1022 ccc -0.0130
2021-06-17 02:37:43,838 - utils.logger - INFO - Val result of epoch 28 / 60 mse 0.0955 rmse 0.3090 pcc 0.0405 ccc 0.0054
2021-06-17 02:37:44,256 - utils.logger - INFO - Cur epoch 29 loss ccc:0.1296
2021-06-17 02:37:44,668 - utils.logger - INFO - Cur epoch 29 loss ccc:0.1250
2021-06-17 02:37:45,023 - utils.logger - INFO - Cur epoch 29 loss ccc:0.7223
2021-06-17 02:37:45,023 - utils.logger - INFO - saving the model at the end of epoch 29, iters 174
2021-06-17 02:37:45,256 - utils.logger - INFO - End of training epoch 29 / 60 	 Time Taken: 1 sec, Data loading: 0 sec
2021-06-17 02:37:45,257 - utils.logger - INFO - learning rate = 0.0000756
2021-06-17 02:37:45,664 - utils.logger - INFO - Trn result of epoch 29 / 60 mse 0.0897 rmse 0.2995 pcc -0.0153 ccc -0.0007
2021-06-17 02:37:45,828 - utils.logger - INFO - Val result of epoch 29 / 60 mse 0.0934 rmse 0.3056 pcc 0.0439 ccc 0.0017
2021-06-17 02:37:46,267 - utils.logger - INFO - Cur epoch 30 loss ccc:0.1252
2021-06-17 02:37:46,694 - utils.logger - INFO - Cur epoch 30 loss ccc:0.1250
2021-06-17 02:37:47,053 - utils.logger - INFO - Cur epoch 30 loss ccc:0.9993
2021-06-17 02:37:47,054 - utils.logger - INFO - saving the model at the end of epoch 30, iters 180
2021-06-17 02:37:47,239 - utils.logger - INFO - End of training epoch 30 / 60 	 Time Taken: 1 sec, Data loading: 0 sec
2021-06-17 02:37:47,239 - utils.logger - INFO - learning rate = 0.0000732
2021-06-17 02:37:47,647 - utils.logger - INFO - Trn result of epoch 30 / 60 mse 0.0902 rmse 0.3003 pcc -0.0877 ccc -0.0061
2021-06-17 02:37:47,795 - utils.logger - INFO - Val result of epoch 30 / 60 mse 0.0944 rmse 0.3073 pcc -0.0589 ccc -0.0039
2021-06-17 02:37:48,231 - utils.logger - INFO - Cur epoch 31 loss ccc:0.1266
2021-06-17 02:37:48,668 - utils.logger - INFO - Cur epoch 31 loss ccc:0.1218
2021-06-17 02:37:49,019 - utils.logger - INFO - Cur epoch 31 loss ccc:1.0023
2021-06-17 02:37:49,020 - utils.logger - INFO - saving the model at the end of epoch 31, iters 186
2021-06-17 02:37:49,287 - utils.logger - INFO - End of training epoch 31 / 60 	 Time Taken: 1 sec, Data loading: 0 sec
2021-06-17 02:37:49,287 - utils.logger - INFO - learning rate = 0.0000707
2021-06-17 02:37:49,703 - utils.logger - INFO - Trn result of epoch 31 / 60 mse 0.0901 rmse 0.3002 pcc -0.0991 ccc -0.0042
2021-06-17 02:37:49,846 - utils.logger - INFO - Val result of epoch 31 / 60 mse 0.0934 rmse 0.3057 pcc -0.0516 ccc -0.0020
2021-06-17 02:37:50,293 - utils.logger - INFO - Cur epoch 32 loss ccc:0.1243
2021-06-17 02:37:50,717 - utils.logger - INFO - Cur epoch 32 loss ccc:0.1250
2021-06-17 02:37:51,081 - utils.logger - INFO - Cur epoch 32 loss ccc:1.0000
2021-06-17 02:37:51,081 - utils.logger - INFO - saving the model at the end of epoch 32, iters 192
2021-06-17 02:37:51,334 - utils.logger - INFO - End of training epoch 32 / 60 	 Time Taken: 1 sec, Data loading: 0 sec
2021-06-17 02:37:51,334 - utils.logger - INFO - learning rate = 0.0000683
2021-06-17 02:37:51,748 - utils.logger - INFO - Trn result of epoch 32 / 60 mse 0.0907 rmse 0.3011 pcc -0.1414 ccc -0.0104
2021-06-17 02:37:51,893 - utils.logger - INFO - Val result of epoch 32 / 60 mse 0.0939 rmse 0.3065 pcc -0.0369 ccc -0.0028
2021-06-17 02:37:52,329 - utils.logger - INFO - Cur epoch 33 loss ccc:0.1251
2021-06-17 02:37:52,769 - utils.logger - INFO - Cur epoch 33 loss ccc:0.1178
2021-06-17 02:37:53,118 - utils.logger - INFO - Cur epoch 33 loss ccc:0.9967
2021-06-17 02:37:53,118 - utils.logger - INFO - saving the model at the end of epoch 33, iters 198
2021-06-17 02:37:53,340 - utils.logger - INFO - End of training epoch 33 / 60 	 Time Taken: 1 sec, Data loading: 0 sec
2021-06-17 02:37:53,340 - utils.logger - INFO - learning rate = 0.0000659
2021-06-17 02:37:53,790 - utils.logger - INFO - Trn result of epoch 33 / 60 mse 0.0907 rmse 0.3012 pcc -0.1274 ccc -0.0090
2021-06-17 02:37:53,941 - utils.logger - INFO - Val result of epoch 33 / 60 mse 0.0935 rmse 0.3058 pcc -0.0385 ccc -0.0028
2021-06-17 02:37:54,364 - utils.logger - INFO - Cur epoch 34 loss ccc:0.1243
2021-06-17 02:37:54,782 - utils.logger - INFO - Cur epoch 34 loss ccc:0.1193
2021-06-17 02:37:55,127 - utils.logger - INFO - Cur epoch 34 loss ccc:0.6794
2021-06-17 02:37:55,127 - utils.logger - INFO - saving the model at the end of epoch 34, iters 204
2021-06-17 02:37:55,373 - utils.logger - INFO - End of training epoch 34 / 60 	 Time Taken: 1 sec, Data loading: 0 sec
2021-06-17 02:37:55,373 - utils.logger - INFO - learning rate = 0.0000634
2021-06-17 02:37:55,788 - utils.logger - INFO - Trn result of epoch 34 / 60 mse 0.0958 rmse 0.3095 pcc -0.1518 ccc -0.0416
2021-06-17 02:37:55,939 - utils.logger - INFO - Val result of epoch 34 / 60 mse 0.0997 rmse 0.3158 pcc -0.0059 ccc -0.0016
2021-06-17 02:37:56,361 - utils.logger - INFO - Cur epoch 35 loss ccc:0.1191
2021-06-17 02:37:56,779 - utils.logger - INFO - Cur epoch 35 loss ccc:0.1133
2021-06-17 02:37:57,106 - utils.logger - INFO - Cur epoch 35 loss ccc:1.0001
2021-06-17 02:37:57,106 - utils.logger - INFO - saving the model at the end of epoch 35, iters 210
2021-06-17 02:37:57,345 - utils.logger - INFO - End of training epoch 35 / 60 	 Time Taken: 1 sec, Data loading: 0 sec
2021-06-17 02:37:57,345 - utils.logger - INFO - learning rate = 0.0000610
2021-06-17 02:37:57,765 - utils.logger - INFO - Trn result of epoch 35 / 60 mse 0.0951 rmse 0.3084 pcc -0.1434 ccc -0.0398
2021-06-17 02:37:57,926 - utils.logger - INFO - Val result of epoch 35 / 60 mse 0.0983 rmse 0.3135 pcc -0.0058 ccc -0.0017
2021-06-17 02:37:58,344 - utils.logger - INFO - Cur epoch 36 loss ccc:0.1257
2021-06-17 02:37:58,761 - utils.logger - INFO - Cur epoch 36 loss ccc:0.1249
2021-06-17 02:37:59,106 - utils.logger - INFO - Cur epoch 36 loss ccc:1.0054
2021-06-17 02:37:59,106 - utils.logger - INFO - saving the model at the end of epoch 36, iters 216
2021-06-17 02:37:59,346 - utils.logger - INFO - End of training epoch 36 / 60 	 Time Taken: 1 sec, Data loading: 0 sec
2021-06-17 02:37:59,347 - utils.logger - INFO - learning rate = 0.0000585
2021-06-17 02:37:59,757 - utils.logger - INFO - Trn result of epoch 36 / 60 mse 0.0966 rmse 0.3108 pcc -0.1208 ccc -0.0391
2021-06-17 02:37:59,903 - utils.logger - INFO - Val result of epoch 36 / 60 mse 0.1013 rmse 0.3183 pcc 0.0068 ccc 0.0023
2021-06-17 02:38:00,317 - utils.logger - INFO - Cur epoch 37 loss ccc:0.1240
2021-06-17 02:38:00,738 - utils.logger - INFO - Cur epoch 37 loss ccc:0.1289
2021-06-17 02:38:01,081 - utils.logger - INFO - Cur epoch 37 loss ccc:1.0435
2021-06-17 02:38:01,081 - utils.logger - INFO - saving the model at the end of epoch 37, iters 222
2021-06-17 02:38:01,328 - utils.logger - INFO - End of training epoch 37 / 60 	 Time Taken: 1 sec, Data loading: 0 sec
2021-06-17 02:38:01,328 - utils.logger - INFO - learning rate = 0.0000561
2021-06-17 02:38:01,759 - utils.logger - INFO - Trn result of epoch 37 / 60 mse 0.1323 rmse 0.3637 pcc -0.0309 ccc -0.0126
2021-06-17 02:38:01,925 - utils.logger - INFO - Val result of epoch 37 / 60 mse 0.1479 rmse 0.3846 pcc 0.0650 ccc 0.0256
2021-06-17 02:38:02,347 - utils.logger - INFO - Cur epoch 38 loss ccc:0.1431
2021-06-17 02:38:02,762 - utils.logger - INFO - Cur epoch 38 loss ccc:0.1140
2021-06-17 02:38:03,110 - utils.logger - INFO - Cur epoch 38 loss ccc:1.0037
2021-06-17 02:38:03,110 - utils.logger - INFO - saving the model at the end of epoch 38, iters 228
2021-06-17 02:38:03,357 - utils.logger - INFO - End of training epoch 38 / 60 	 Time Taken: 1 sec, Data loading: 0 sec
2021-06-17 02:38:03,358 - utils.logger - INFO - learning rate = 0.0000537
2021-06-17 02:38:03,768 - utils.logger - INFO - Trn result of epoch 38 / 60 mse 0.2514 rmse 0.5014 pcc -0.0189 ccc -0.0024
2021-06-17 02:38:03,913 - utils.logger - INFO - Val result of epoch 38 / 60 mse 0.2868 rmse 0.5355 pcc 0.0419 ccc 0.0052
2021-06-17 02:38:04,337 - utils.logger - INFO - Cur epoch 39 loss ccc:0.1336
2021-06-17 02:38:04,760 - utils.logger - INFO - Cur epoch 39 loss ccc:0.1155
2021-06-17 02:38:05,102 - utils.logger - INFO - Cur epoch 39 loss ccc:0.9909
2021-06-17 02:38:05,102 - utils.logger - INFO - saving the model at the end of epoch 39, iters 234
2021-06-17 02:38:05,368 - utils.logger - INFO - End of training epoch 39 / 60 	 Time Taken: 1 sec, Data loading: 0 sec
2021-06-17 02:38:05,369 - utils.logger - INFO - learning rate = 0.0000512
2021-06-17 02:38:05,784 - utils.logger - INFO - Trn result of epoch 39 / 60 mse 0.2337 rmse 0.4835 pcc -0.0217 ccc -0.0028
2021-06-17 02:38:05,952 - utils.logger - INFO - Val result of epoch 39 / 60 mse 0.2678 rmse 0.5175 pcc 0.0370 ccc 0.0047
2021-06-17 02:38:06,376 - utils.logger - INFO - Cur epoch 40 loss ccc:0.1067
2021-06-17 02:38:06,784 - utils.logger - INFO - Cur epoch 40 loss ccc:0.1252
2021-06-17 02:38:07,120 - utils.logger - INFO - Cur epoch 40 loss ccc:0.9551
2021-06-17 02:38:07,120 - utils.logger - INFO - saving the model at the end of epoch 40, iters 240
2021-06-17 02:38:07,361 - utils.logger - INFO - End of training epoch 40 / 60 	 Time Taken: 1 sec, Data loading: 0 sec
2021-06-17 02:38:07,361 - utils.logger - INFO - learning rate = 0.0000488
2021-06-17 02:38:07,803 - utils.logger - INFO - Trn result of epoch 40 / 60 mse 0.1724 rmse 0.4152 pcc -0.0575 ccc -0.0111
2021-06-17 02:38:07,944 - utils.logger - INFO - Val result of epoch 40 / 60 mse 0.1989 rmse 0.4459 pcc 0.0210 ccc 0.0038
2021-06-17 02:38:08,376 - utils.logger - INFO - Cur epoch 41 loss ccc:0.1250
2021-06-17 02:38:08,792 - utils.logger - INFO - Cur epoch 41 loss ccc:0.1123
2021-06-17 02:38:09,143 - utils.logger - INFO - Cur epoch 41 loss ccc:0.9988
2021-06-17 02:38:09,143 - utils.logger - INFO - saving the model at the end of epoch 41, iters 246
2021-06-17 02:38:09,362 - utils.logger - INFO - End of training epoch 41 / 60 	 Time Taken: 1 sec, Data loading: 0 sec
2021-06-17 02:38:09,362 - utils.logger - INFO - learning rate = 0.0000463
2021-06-17 02:38:09,768 - utils.logger - INFO - Trn result of epoch 41 / 60 mse 0.1023 rmse 0.3199 pcc -0.0710 ccc -0.0269
2021-06-17 02:38:09,912 - utils.logger - INFO - Val result of epoch 41 / 60 mse 0.1094 rmse 0.3308 pcc 0.0835 ccc 0.0307
2021-06-17 02:38:10,331 - utils.logger - INFO - Cur epoch 42 loss ccc:0.1315
2021-06-17 02:38:10,740 - utils.logger - INFO - Cur epoch 42 loss ccc:0.1265
2021-06-17 02:38:11,075 - utils.logger - INFO - Cur epoch 42 loss ccc:0.9975
2021-06-17 02:38:11,076 - utils.logger - INFO - saving the model at the end of epoch 42, iters 252
2021-06-17 02:38:11,426 - utils.logger - INFO - End of training epoch 42 / 60 	 Time Taken: 1 sec, Data loading: 0 sec
2021-06-17 02:38:11,426 - utils.logger - INFO - learning rate = 0.0000439
2021-06-17 02:38:11,841 - utils.logger - INFO - Trn result of epoch 42 / 60 mse 0.1001 rmse 0.3165 pcc -0.0731 ccc -0.0289
2021-06-17 02:38:11,991 - utils.logger - INFO - Val result of epoch 42 / 60 mse 0.1058 rmse 0.3252 pcc 0.0932 ccc 0.0360
2021-06-17 02:38:12,398 - utils.logger - INFO - Cur epoch 43 loss ccc:0.1182
2021-06-17 02:38:12,833 - utils.logger - INFO - Cur epoch 43 loss ccc:0.1257
2021-06-17 02:38:13,183 - utils.logger - INFO - Cur epoch 43 loss ccc:0.9949
2021-06-17 02:38:13,183 - utils.logger - INFO - saving the model at the end of epoch 43, iters 258
2021-06-17 02:38:13,954 - utils.logger - INFO - End of training epoch 43 / 60 	 Time Taken: 1 sec, Data loading: 0 sec
2021-06-17 02:38:13,954 - utils.logger - INFO - learning rate = 0.0000415
2021-06-17 02:38:14,394 - utils.logger - INFO - Trn result of epoch 43 / 60 mse 0.2947 rmse 0.5428 pcc -0.0068 ccc -0.0008
2021-06-17 02:38:14,554 - utils.logger - INFO - Val result of epoch 43 / 60 mse 0.3356 rmse 0.5793 pcc 0.0117 ccc 0.0016
2021-06-17 02:38:14,980 - utils.logger - INFO - Cur epoch 44 loss ccc:0.1063
2021-06-17 02:38:15,400 - utils.logger - INFO - Cur epoch 44 loss ccc:0.1279
2021-06-17 02:38:15,766 - utils.logger - INFO - Cur epoch 44 loss ccc:1.0268
2021-06-17 02:38:15,766 - utils.logger - INFO - saving the model at the end of epoch 44, iters 264
2021-06-17 02:38:16,022 - utils.logger - INFO - End of training epoch 44 / 60 	 Time Taken: 1 sec, Data loading: 0 sec
2021-06-17 02:38:16,023 - utils.logger - INFO - learning rate = 0.0000390
2021-06-17 02:38:16,436 - utils.logger - INFO - Trn result of epoch 44 / 60 mse 0.2726 rmse 0.5221 pcc -0.0081 ccc -0.0010
2021-06-17 02:38:16,587 - utils.logger - INFO - Val result of epoch 44 / 60 mse 0.3120 rmse 0.5586 pcc 0.0050 ccc 0.0007
2021-06-17 02:38:17,020 - utils.logger - INFO - Cur epoch 45 loss ccc:0.1248
2021-06-17 02:38:17,442 - utils.logger - INFO - Cur epoch 45 loss ccc:0.1163
2021-06-17 02:38:17,791 - utils.logger - INFO - Cur epoch 45 loss ccc:0.9993
2021-06-17 02:38:17,791 - utils.logger - INFO - saving the model at the end of epoch 45, iters 270
2021-06-17 02:38:18,033 - utils.logger - INFO - End of training epoch 45 / 60 	 Time Taken: 1 sec, Data loading: 0 sec
2021-06-17 02:38:18,033 - utils.logger - INFO - learning rate = 0.0000366
2021-06-17 02:38:18,447 - utils.logger - INFO - Trn result of epoch 45 / 60 mse 0.2088 rmse 0.4570 pcc -0.0184 ccc -0.0038
2021-06-17 02:38:18,597 - utils.logger - INFO - Val result of epoch 45 / 60 mse 0.2413 rmse 0.4912 pcc -0.0118 ccc -0.0024
2021-06-17 02:38:19,033 - utils.logger - INFO - Cur epoch 46 loss ccc:0.1066
2021-06-17 02:38:19,462 - utils.logger - INFO - Cur epoch 46 loss ccc:0.1178
2021-06-17 02:38:19,806 - utils.logger - INFO - Cur epoch 46 loss ccc:0.9997
2021-06-17 02:38:19,806 - utils.logger - INFO - saving the model at the end of epoch 46, iters 276
2021-06-17 02:38:20,054 - utils.logger - INFO - End of training epoch 46 / 60 	 Time Taken: 1 sec, Data loading: 0 sec
2021-06-17 02:38:20,054 - utils.logger - INFO - learning rate = 0.0000341
2021-06-17 02:38:20,466 - utils.logger - INFO - Trn result of epoch 46 / 60 mse 0.1915 rmse 0.4376 pcc -0.0197 ccc -0.0043
2021-06-17 02:38:20,611 - utils.logger - INFO - Val result of epoch 46 / 60 mse 0.2213 rmse 0.4705 pcc 0.0008 ccc 0.0002
2021-06-17 02:38:21,036 - utils.logger - INFO - Cur epoch 47 loss ccc:0.1000
2021-06-17 02:38:21,466 - utils.logger - INFO - Cur epoch 47 loss ccc:0.1116
2021-06-17 02:38:21,815 - utils.logger - INFO - Cur epoch 47 loss ccc:0.9929
2021-06-17 02:38:21,816 - utils.logger - INFO - saving the model at the end of epoch 47, iters 282
2021-06-17 02:38:22,067 - utils.logger - INFO - End of training epoch 47 / 60 	 Time Taken: 1 sec, Data loading: 0 sec
2021-06-17 02:38:22,068 - utils.logger - INFO - learning rate = 0.0000317
2021-06-17 02:38:22,481 - utils.logger - INFO - Trn result of epoch 47 / 60 mse 0.1833 rmse 0.4281 pcc -0.0219 ccc -0.0050
2021-06-17 02:38:22,630 - utils.logger - INFO - Val result of epoch 47 / 60 mse 0.2119 rmse 0.4604 pcc 0.0082 ccc 0.0018
2021-06-17 02:38:23,051 - utils.logger - INFO - Cur epoch 48 loss ccc:0.1171
2021-06-17 02:38:23,471 - utils.logger - INFO - Cur epoch 48 loss ccc:0.1044
2021-06-17 02:38:23,810 - utils.logger - INFO - Cur epoch 48 loss ccc:0.5222
2021-06-17 02:38:23,810 - utils.logger - INFO - saving the model at the end of epoch 48, iters 288
2021-06-17 02:38:24,057 - utils.logger - INFO - End of training epoch 48 / 60 	 Time Taken: 1 sec, Data loading: 0 sec
2021-06-17 02:38:24,058 - utils.logger - INFO - learning rate = 0.0000293
2021-06-17 02:38:24,473 - utils.logger - INFO - Trn result of epoch 48 / 60 mse 0.1291 rmse 0.3593 pcc -0.0016 ccc -0.0006
2021-06-17 02:38:24,620 - utils.logger - INFO - Val result of epoch 48 / 60 mse 0.1462 rmse 0.3824 pcc 0.0769 ccc 0.0261
2021-06-17 02:38:25,045 - utils.logger - INFO - Cur epoch 49 loss ccc:0.1139
2021-06-17 02:38:25,491 - utils.logger - INFO - Cur epoch 49 loss ccc:0.1253
2021-06-17 02:38:25,873 - utils.logger - INFO - Cur epoch 49 loss ccc:1.0033
2021-06-17 02:38:25,873 - utils.logger - INFO - saving the model at the end of epoch 49, iters 294
2021-06-17 02:38:26,116 - utils.logger - INFO - End of training epoch 49 / 60 	 Time Taken: 1 sec, Data loading: 0 sec
2021-06-17 02:38:26,116 - utils.logger - INFO - learning rate = 0.0000268
2021-06-17 02:38:26,526 - utils.logger - INFO - Trn result of epoch 49 / 60 mse 0.1167 rmse 0.3416 pcc 0.0022 ccc 0.0008
2021-06-17 02:38:26,690 - utils.logger - INFO - Val result of epoch 49 / 60 mse 0.1314 rmse 0.3625 pcc 0.0758 ccc 0.0273
2021-06-17 02:38:27,124 - utils.logger - INFO - Cur epoch 50 loss ccc:0.1122
2021-06-17 02:38:27,566 - utils.logger - INFO - Cur epoch 50 loss ccc:0.1206
2021-06-17 02:38:27,925 - utils.logger - INFO - Cur epoch 50 loss ccc:1.0000
2021-06-17 02:38:27,926 - utils.logger - INFO - saving the model at the end of epoch 50, iters 300
2021-06-17 02:38:28,161 - utils.logger - INFO - End of training epoch 50 / 60 	 Time Taken: 1 sec, Data loading: 0 sec
2021-06-17 02:38:28,161 - utils.logger - INFO - learning rate = 0.0000244
2021-06-17 02:38:28,574 - utils.logger - INFO - Trn result of epoch 50 / 60 mse 0.1189 rmse 0.3448 pcc 0.0017 ccc 0.0006
2021-06-17 02:38:28,721 - utils.logger - INFO - Val result of epoch 50 / 60 mse 0.1340 rmse 0.3660 pcc 0.0792 ccc 0.0285
2021-06-17 02:38:29,134 - utils.logger - INFO - Cur epoch 51 loss ccc:0.0998
2021-06-17 02:38:29,556 - utils.logger - INFO - Cur epoch 51 loss ccc:0.1213
2021-06-17 02:38:29,909 - utils.logger - INFO - Cur epoch 51 loss ccc:0.9986
2021-06-17 02:38:29,910 - utils.logger - INFO - saving the model at the end of epoch 51, iters 306
2021-06-17 02:38:30,289 - utils.logger - INFO - End of training epoch 51 / 60 	 Time Taken: 1 sec, Data loading: 0 sec
2021-06-17 02:38:30,289 - utils.logger - INFO - learning rate = 0.0000220
2021-06-17 02:38:30,709 - utils.logger - INFO - Trn result of epoch 51 / 60 mse 0.1205 rmse 0.3472 pcc 0.0014 ccc 0.0005
2021-06-17 02:38:30,854 - utils.logger - INFO - Val result of epoch 51 / 60 mse 0.1359 rmse 0.3686 pcc 0.0845 ccc 0.0303
2021-06-17 02:38:31,280 - utils.logger - INFO - Cur epoch 52 loss ccc:0.1366
2021-06-17 02:38:31,691 - utils.logger - INFO - Cur epoch 52 loss ccc:0.1124
2021-06-17 02:38:32,038 - utils.logger - INFO - Cur epoch 52 loss ccc:1.0446
2021-06-17 02:38:32,038 - utils.logger - INFO - saving the model at the end of epoch 52, iters 312
2021-06-17 02:38:32,280 - utils.logger - INFO - End of training epoch 52 / 60 	 Time Taken: 1 sec, Data loading: 0 sec
2021-06-17 02:38:32,280 - utils.logger - INFO - learning rate = 0.0000195
2021-06-17 02:38:32,690 - utils.logger - INFO - Trn result of epoch 52 / 60 mse 0.1126 rmse 0.3355 pcc -0.0048 ccc -0.0019
2021-06-17 02:38:32,835 - utils.logger - INFO - Val result of epoch 52 / 60 mse 0.1256 rmse 0.3544 pcc 0.0900 ccc 0.0331
2021-06-17 02:38:33,260 - utils.logger - INFO - Cur epoch 53 loss ccc:0.1105
2021-06-17 02:38:33,674 - utils.logger - INFO - Cur epoch 53 loss ccc:0.1119
2021-06-17 02:38:34,014 - utils.logger - INFO - Cur epoch 53 loss ccc:1.0010
2021-06-17 02:38:34,014 - utils.logger - INFO - saving the model at the end of epoch 53, iters 318
2021-06-17 02:38:34,250 - utils.logger - INFO - End of training epoch 53 / 60 	 Time Taken: 1 sec, Data loading: 0 sec
2021-06-17 02:38:34,250 - utils.logger - INFO - learning rate = 0.0000171
2021-06-17 02:38:34,709 - utils.logger - INFO - Trn result of epoch 53 / 60 mse 0.1130 rmse 0.3361 pcc -0.0054 ccc -0.0022
2021-06-17 02:38:34,868 - utils.logger - INFO - Val result of epoch 53 / 60 mse 0.1260 rmse 0.3550 pcc 0.0933 ccc 0.0346
2021-06-17 02:38:35,281 - utils.logger - INFO - Cur epoch 54 loss ccc:0.1220
2021-06-17 02:38:35,692 - utils.logger - INFO - Cur epoch 54 loss ccc:0.1173
2021-06-17 02:38:36,042 - utils.logger - INFO - Cur epoch 54 loss ccc:1.0387
2021-06-17 02:38:36,042 - utils.logger - INFO - saving the model at the end of epoch 54, iters 324
2021-06-17 02:38:36,289 - utils.logger - INFO - End of training epoch 54 / 60 	 Time Taken: 1 sec, Data loading: 0 sec
2021-06-17 02:38:36,289 - utils.logger - INFO - learning rate = 0.0000146
2021-06-17 02:38:36,700 - utils.logger - INFO - Trn result of epoch 54 / 60 mse 0.1109 rmse 0.3329 pcc -0.0074 ccc -0.0030
2021-06-17 02:38:36,844 - utils.logger - INFO - Val result of epoch 54 / 60 mse 0.1231 rmse 0.3508 pcc 0.1023 ccc 0.0386
2021-06-17 02:38:37,259 - utils.logger - INFO - Cur epoch 55 loss ccc:0.1250
2021-06-17 02:38:37,682 - utils.logger - INFO - Cur epoch 55 loss ccc:0.0891
2021-06-17 02:38:38,024 - utils.logger - INFO - Cur epoch 55 loss ccc:0.9998
2021-06-17 02:38:38,025 - utils.logger - INFO - saving the model at the end of epoch 55, iters 330
2021-06-17 02:38:38,268 - utils.logger - INFO - End of training epoch 55 / 60 	 Time Taken: 1 sec, Data loading: 0 sec
2021-06-17 02:38:38,268 - utils.logger - INFO - learning rate = 0.0000122
2021-06-17 02:38:38,682 - utils.logger - INFO - Trn result of epoch 55 / 60 mse 0.1118 rmse 0.3344 pcc -0.0087 ccc -0.0037
2021-06-17 02:38:38,829 - utils.logger - INFO - Val result of epoch 55 / 60 mse 0.1239 rmse 0.3520 pcc 0.1110 ccc 0.0436
2021-06-17 02:38:39,252 - utils.logger - INFO - Cur epoch 56 loss ccc:0.1131
2021-06-17 02:38:39,658 - utils.logger - INFO - Cur epoch 56 loss ccc:0.1079
2021-06-17 02:38:40,010 - utils.logger - INFO - Cur epoch 56 loss ccc:1.0084
2021-06-17 02:38:40,011 - utils.logger - INFO - saving the model at the end of epoch 56, iters 336
2021-06-17 02:38:40,251 - utils.logger - INFO - End of training epoch 56 / 60 	 Time Taken: 1 sec, Data loading: 0 sec
2021-06-17 02:38:40,251 - utils.logger - INFO - learning rate = 0.0000098
2021-06-17 02:38:40,666 - utils.logger - INFO - Trn result of epoch 56 / 60 mse 0.1074 rmse 0.3278 pcc -0.0079 ccc -0.0038
2021-06-17 02:38:40,808 - utils.logger - INFO - Val result of epoch 56 / 60 mse 0.1180 rmse 0.3435 pcc 0.1194 ccc 0.0547
2021-06-17 02:38:41,312 - utils.logger - INFO - Cur epoch 57 loss ccc:0.1030
2021-06-17 02:38:41,781 - utils.logger - INFO - Cur epoch 57 loss ccc:0.1305
2021-06-17 02:38:42,126 - utils.logger - INFO - Cur epoch 57 loss ccc:1.0002
2021-06-17 02:38:42,126 - utils.logger - INFO - saving the model at the end of epoch 57, iters 342
2021-06-17 02:38:42,353 - utils.logger - INFO - End of training epoch 57 / 60 	 Time Taken: 1 sec, Data loading: 0 sec
2021-06-17 02:38:42,353 - utils.logger - INFO - learning rate = 0.0000073
2021-06-17 02:38:42,773 - utils.logger - INFO - Trn result of epoch 57 / 60 mse 0.1201 rmse 0.3466 pcc -0.0104 ccc -0.0052
2021-06-17 02:38:42,929 - utils.logger - INFO - Val result of epoch 57 / 60 mse 0.1342 rmse 0.3663 pcc 0.1145 ccc 0.0518
2021-06-17 02:38:43,318 - utils.logger - INFO - Cur epoch 58 loss ccc:0.0955
2021-06-17 02:38:43,713 - utils.logger - INFO - Cur epoch 58 loss ccc:0.1243
2021-06-17 02:38:44,041 - utils.logger - INFO - Cur epoch 58 loss ccc:0.9814
2021-06-17 02:38:44,041 - utils.logger - INFO - saving the model at the end of epoch 58, iters 348
2021-06-17 02:38:44,272 - utils.logger - INFO - End of training epoch 58 / 60 	 Time Taken: 1 sec, Data loading: 0 sec
2021-06-17 02:38:44,273 - utils.logger - INFO - learning rate = 0.0000049
2021-06-17 02:38:44,680 - utils.logger - INFO - Trn result of epoch 58 / 60 mse 0.1405 rmse 0.3748 pcc -0.0168 ccc -0.0075
2021-06-17 02:38:44,823 - utils.logger - INFO - Val result of epoch 58 / 60 mse 0.1614 rmse 0.4018 pcc 0.0802 ccc 0.0306
2021-06-17 02:38:45,201 - utils.logger - INFO - Cur epoch 59 loss ccc:0.1276
2021-06-17 02:38:45,584 - utils.logger - INFO - Cur epoch 59 loss ccc:0.1200
2021-06-17 02:38:45,908 - utils.logger - INFO - Cur epoch 59 loss ccc:1.1318
2021-06-17 02:38:45,910 - utils.logger - INFO - saving the model at the end of epoch 59, iters 354
2021-06-17 02:38:46,154 - utils.logger - INFO - End of training epoch 59 / 60 	 Time Taken: 1 sec, Data loading: 0 sec
2021-06-17 02:38:46,154 - utils.logger - INFO - learning rate = 0.0000024
2021-06-17 02:38:46,572 - utils.logger - INFO - Trn result of epoch 59 / 60 mse 0.1410 rmse 0.3755 pcc -0.0169 ccc -0.0079
2021-06-17 02:38:46,717 - utils.logger - INFO - Val result of epoch 59 / 60 mse 0.1612 rmse 0.4015 pcc 0.0878 ccc 0.0353
2021-06-17 02:38:47,137 - utils.logger - INFO - Cur epoch 60 loss ccc:0.1099
2021-06-17 02:38:47,576 - utils.logger - INFO - Cur epoch 60 loss ccc:0.1165
2021-06-17 02:38:47,926 - utils.logger - INFO - Cur epoch 60 loss ccc:1.0001
2021-06-17 02:38:47,926 - utils.logger - INFO - saving the model at the end of epoch 60, iters 360
2021-06-17 02:38:48,170 - utils.logger - INFO - End of training epoch 60 / 60 	 Time Taken: 1 sec, Data loading: 0 sec
2021-06-17 02:38:48,170 - utils.logger - INFO - learning rate = 0.0000000
2021-06-17 02:38:48,584 - utils.logger - INFO - Trn result of epoch 60 / 60 mse 0.1384 rmse 0.3721 pcc -0.0146 ccc -0.0070
2021-06-17 02:38:48,736 - utils.logger - INFO - Val result of epoch 60 / 60 mse 0.1577 rmse 0.3971 pcc 0.0944 ccc 0.0393
2021-06-17 02:38:48,736 - utils.logger - INFO - Best eval epoch 8 found with ccc 0.081755
2021-06-17 02:38:48,736 - utils.logger - INFO - baseline_fcfusion_wonorm_wav2vec_arousal_hidden1024_seq100_lr0.0001_cccloss_run1
