2021-06-16 14:52:31,586 - utils.logger - INFO - The number of training samples = 41
2021-06-16 14:52:35,039 - utils.logger - INFO - Cur epoch 1 loss ccc:0.1250
2021-06-16 14:52:35,481 - utils.logger - INFO - Cur epoch 1 loss ccc:0.1250
2021-06-16 14:52:35,834 - utils.logger - INFO - Cur epoch 1 loss ccc:1.0000
2021-06-16 14:52:35,834 - utils.logger - INFO - saving the model at the end of epoch 1, iters 6
2021-06-16 14:52:36,072 - utils.logger - INFO - End of training epoch 1 / 60 	 Time Taken: 1 sec, Data loading: 0 sec
2021-06-16 14:52:36,072 - utils.logger - INFO - learning rate = 0.0000500
2021-06-16 14:52:36,535 - utils.logger - INFO - Trn result of epoch 1 / 60 mse 0.0896 rmse 0.2993 pcc -0.0612 ccc -0.0001
2021-06-16 14:52:36,688 - utils.logger - INFO - Val result of epoch 1 / 60 mse 0.0936 rmse 0.3060 pcc -0.0411 ccc -0.0001
2021-06-16 14:52:37,109 - utils.logger - INFO - Cur epoch 2 loss ccc:0.1250
2021-06-16 14:52:37,547 - utils.logger - INFO - Cur epoch 2 loss ccc:0.1251
2021-06-16 14:52:37,869 - utils.logger - INFO - Cur epoch 2 loss ccc:1.0000
2021-06-16 14:52:37,869 - utils.logger - INFO - saving the model at the end of epoch 2, iters 12
2021-06-16 14:52:38,091 - utils.logger - INFO - End of training epoch 2 / 60 	 Time Taken: 1 sec, Data loading: 0 sec
2021-06-16 14:52:38,091 - utils.logger - INFO - learning rate = 0.0000500
2021-06-16 14:52:38,530 - utils.logger - INFO - Trn result of epoch 2 / 60 mse 0.0896 rmse 0.2993 pcc -0.0679 ccc -0.0002
2021-06-16 14:52:38,686 - utils.logger - INFO - Val result of epoch 2 / 60 mse 0.0936 rmse 0.3059 pcc -0.0559 ccc -0.0002
2021-06-16 14:52:39,095 - utils.logger - INFO - Cur epoch 3 loss ccc:0.1249
2021-06-16 14:52:39,528 - utils.logger - INFO - Cur epoch 3 loss ccc:0.1220
2021-06-16 14:52:39,895 - utils.logger - INFO - Cur epoch 3 loss ccc:0.9582
2021-06-16 14:52:39,895 - utils.logger - INFO - saving the model at the end of epoch 3, iters 18
2021-06-16 14:52:40,146 - utils.logger - INFO - End of training epoch 3 / 60 	 Time Taken: 1 sec, Data loading: 0 sec
2021-06-16 14:52:40,147 - utils.logger - INFO - learning rate = 0.0000500
2021-06-16 14:52:40,584 - utils.logger - INFO - Trn result of epoch 3 / 60 mse 0.0897 rmse 0.2994 pcc -0.0425 ccc -0.0013
2021-06-16 14:52:40,739 - utils.logger - INFO - Val result of epoch 3 / 60 mse 0.0942 rmse 0.3069 pcc 0.0101 ccc 0.0003
2021-06-16 14:52:41,154 - utils.logger - INFO - Cur epoch 4 loss ccc:0.1258
2021-06-16 14:52:41,591 - utils.logger - INFO - Cur epoch 4 loss ccc:0.1268
2021-06-16 14:52:41,964 - utils.logger - INFO - Cur epoch 4 loss ccc:1.0016
2021-06-16 14:52:41,965 - utils.logger - INFO - saving the model at the end of epoch 4, iters 24
2021-06-16 14:52:42,235 - utils.logger - INFO - End of training epoch 4 / 60 	 Time Taken: 1 sec, Data loading: 0 sec
2021-06-16 14:52:42,235 - utils.logger - INFO - learning rate = 0.0000500
2021-06-16 14:52:42,680 - utils.logger - INFO - Trn result of epoch 4 / 60 mse 0.0903 rmse 0.3005 pcc -0.0457 ccc -0.0039
2021-06-16 14:52:42,842 - utils.logger - INFO - Val result of epoch 4 / 60 mse 0.0958 rmse 0.3095 pcc 0.0185 ccc 0.0016
2021-06-16 14:52:43,277 - utils.logger - INFO - Cur epoch 5 loss ccc:0.1243
2021-06-16 14:52:43,718 - utils.logger - INFO - Cur epoch 5 loss ccc:0.1250
2021-06-16 14:52:44,096 - utils.logger - INFO - Cur epoch 5 loss ccc:1.0302
2021-06-16 14:52:44,097 - utils.logger - INFO - saving the model at the end of epoch 5, iters 30
2021-06-16 14:52:44,361 - utils.logger - INFO - End of training epoch 5 / 60 	 Time Taken: 1 sec, Data loading: 0 sec
2021-06-16 14:52:44,361 - utils.logger - INFO - learning rate = 0.0000500
2021-06-16 14:52:44,822 - utils.logger - INFO - Trn result of epoch 5 / 60 mse 0.1514 rmse 0.3891 pcc -0.0299 ccc -0.0108
2021-06-16 14:52:44,983 - utils.logger - INFO - Val result of epoch 5 / 60 mse 0.1693 rmse 0.4115 pcc 0.0325 ccc 0.0116
2021-06-16 14:52:45,424 - utils.logger - INFO - Cur epoch 6 loss ccc:0.1251
2021-06-16 14:52:45,850 - utils.logger - INFO - Cur epoch 6 loss ccc:0.1313
2021-06-16 14:52:46,174 - utils.logger - INFO - Cur epoch 6 loss ccc:0.9589
2021-06-16 14:52:46,174 - utils.logger - INFO - saving the model at the end of epoch 6, iters 36
2021-06-16 14:52:46,428 - utils.logger - INFO - End of training epoch 6 / 60 	 Time Taken: 1 sec, Data loading: 0 sec
2021-06-16 14:52:46,428 - utils.logger - INFO - learning rate = 0.0000500
2021-06-16 14:52:46,852 - utils.logger - INFO - Trn result of epoch 6 / 60 mse 0.0909 rmse 0.3015 pcc -0.1091 ccc -0.0080
2021-06-16 14:52:47,004 - utils.logger - INFO - Val result of epoch 6 / 60 mse 0.0935 rmse 0.3058 pcc -0.0893 ccc -0.0065
2021-06-16 14:52:47,412 - utils.logger - INFO - Cur epoch 7 loss ccc:0.1227
2021-06-16 14:52:47,835 - utils.logger - INFO - Cur epoch 7 loss ccc:0.1241
2021-06-16 14:52:48,191 - utils.logger - INFO - Cur epoch 7 loss ccc:1.0000
2021-06-16 14:52:48,191 - utils.logger - INFO - saving the model at the end of epoch 7, iters 42
2021-06-16 14:52:48,475 - utils.logger - INFO - End of training epoch 7 / 60 	 Time Taken: 1 sec, Data loading: 0 sec
2021-06-16 14:52:48,475 - utils.logger - INFO - learning rate = 0.0000500
2021-06-16 14:52:48,885 - utils.logger - INFO - Trn result of epoch 7 / 60 mse 0.1147 rmse 0.3387 pcc -0.0772 ccc -0.0362
2021-06-16 14:52:49,027 - utils.logger - INFO - Val result of epoch 7 / 60 mse 0.1261 rmse 0.3552 pcc 0.0141 ccc 0.0062
2021-06-16 14:52:49,421 - utils.logger - INFO - Cur epoch 8 loss ccc:0.1246
2021-06-16 14:52:49,815 - utils.logger - INFO - Cur epoch 8 loss ccc:0.1360
2021-06-16 14:52:50,159 - utils.logger - INFO - Cur epoch 8 loss ccc:0.5569
2021-06-16 14:52:50,159 - utils.logger - INFO - saving the model at the end of epoch 8, iters 48
2021-06-16 14:52:50,426 - utils.logger - INFO - End of training epoch 8 / 60 	 Time Taken: 1 sec, Data loading: 0 sec
2021-06-16 14:52:50,426 - utils.logger - INFO - learning rate = 0.0000500
2021-06-16 14:52:50,844 - utils.logger - INFO - Trn result of epoch 8 / 60 mse 0.1549 rmse 0.3935 pcc -0.0787 ccc -0.0415
2021-06-16 14:52:50,983 - utils.logger - INFO - Val result of epoch 8 / 60 mse 0.1713 rmse 0.4139 pcc 0.0206 ccc 0.0100
2021-06-16 14:52:51,380 - utils.logger - INFO - Cur epoch 9 loss ccc:0.1249
2021-06-16 14:52:51,783 - utils.logger - INFO - Cur epoch 9 loss ccc:0.1248
2021-06-16 14:52:52,127 - utils.logger - INFO - Cur epoch 9 loss ccc:1.0059
2021-06-16 14:52:52,128 - utils.logger - INFO - saving the model at the end of epoch 9, iters 54
2021-06-16 14:52:52,399 - utils.logger - INFO - End of training epoch 9 / 60 	 Time Taken: 1 sec, Data loading: 0 sec
2021-06-16 14:52:52,399 - utils.logger - INFO - learning rate = 0.0000500
2021-06-16 14:52:52,861 - utils.logger - INFO - Trn result of epoch 9 / 60 mse 0.1306 rmse 0.3614 pcc -0.0736 ccc -0.0355
2021-06-16 14:52:53,022 - utils.logger - INFO - Val result of epoch 9 / 60 mse 0.1446 rmse 0.3802 pcc 0.0182 ccc 0.0082
2021-06-16 14:52:53,450 - utils.logger - INFO - Cur epoch 10 loss ccc:0.1250
2021-06-16 14:52:53,882 - utils.logger - INFO - Cur epoch 10 loss ccc:0.1052
2021-06-16 14:52:54,228 - utils.logger - INFO - Cur epoch 10 loss ccc:1.0050
2021-06-16 14:52:54,229 - utils.logger - INFO - saving the model at the end of epoch 10, iters 60
2021-06-16 14:52:54,474 - utils.logger - INFO - End of training epoch 10 / 60 	 Time Taken: 1 sec, Data loading: 0 sec
2021-06-16 14:52:54,474 - utils.logger - INFO - learning rate = 0.0000490
2021-06-16 14:52:54,891 - utils.logger - INFO - Trn result of epoch 10 / 60 mse 0.1300 rmse 0.3605 pcc -0.0713 ccc -0.0314
2021-06-16 14:52:55,035 - utils.logger - INFO - Val result of epoch 10 / 60 mse 0.1433 rmse 0.3786 pcc 0.0382 ccc 0.0158
2021-06-16 14:52:55,460 - utils.logger - INFO - Cur epoch 11 loss ccc:0.1298
2021-06-16 14:52:55,869 - utils.logger - INFO - Cur epoch 11 loss ccc:0.1135
2021-06-16 14:52:56,202 - utils.logger - INFO - Cur epoch 11 loss ccc:0.9124
2021-06-16 14:52:56,203 - utils.logger - INFO - saving the model at the end of epoch 11, iters 66
2021-06-16 14:52:56,560 - utils.logger - INFO - End of training epoch 11 / 60 	 Time Taken: 1 sec, Data loading: 0 sec
2021-06-16 14:52:56,560 - utils.logger - INFO - learning rate = 0.0000480
2021-06-16 14:52:56,966 - utils.logger - INFO - Trn result of epoch 11 / 60 mse 0.1879 rmse 0.4335 pcc -0.0159 ccc -0.0013
2021-06-16 14:52:57,105 - utils.logger - INFO - Val result of epoch 11 / 60 mse 0.2174 rmse 0.4663 pcc 0.0193 ccc 0.0014
2021-06-16 14:52:57,533 - utils.logger - INFO - Cur epoch 12 loss ccc:0.1168
2021-06-16 14:52:57,952 - utils.logger - INFO - Cur epoch 12 loss ccc:0.1100
2021-06-16 14:52:58,280 - utils.logger - INFO - Cur epoch 12 loss ccc:0.9963
2021-06-16 14:52:58,280 - utils.logger - INFO - saving the model at the end of epoch 12, iters 72
2021-06-16 14:52:58,537 - utils.logger - INFO - End of training epoch 12 / 60 	 Time Taken: 1 sec, Data loading: 0 sec
2021-06-16 14:52:58,538 - utils.logger - INFO - learning rate = 0.0000471
2021-06-16 14:52:58,995 - utils.logger - INFO - Trn result of epoch 12 / 60 mse 0.1707 rmse 0.4131 pcc -0.0178 ccc -0.0016
2021-06-16 14:52:59,157 - utils.logger - INFO - Val result of epoch 12 / 60 mse 0.1977 rmse 0.4446 pcc 0.0202 ccc 0.0016
2021-06-16 14:52:59,610 - utils.logger - INFO - Cur epoch 13 loss ccc:0.1183
2021-06-16 14:53:00,065 - utils.logger - INFO - Cur epoch 13 loss ccc:0.1275
2021-06-16 14:53:00,422 - utils.logger - INFO - Cur epoch 13 loss ccc:1.0002
2021-06-16 14:53:00,422 - utils.logger - INFO - saving the model at the end of epoch 13, iters 78
2021-06-16 14:53:00,690 - utils.logger - INFO - End of training epoch 13 / 60 	 Time Taken: 1 sec, Data loading: 0 sec
2021-06-16 14:53:00,690 - utils.logger - INFO - learning rate = 0.0000461
2021-06-16 14:53:01,100 - utils.logger - INFO - Trn result of epoch 13 / 60 mse 0.1684 rmse 0.4103 pcc -0.0186 ccc -0.0017
2021-06-16 14:53:01,247 - utils.logger - INFO - Val result of epoch 13 / 60 mse 0.1951 rmse 0.4417 pcc 0.0199 ccc 0.0016
2021-06-16 14:53:01,665 - utils.logger - INFO - Cur epoch 14 loss ccc:0.1248
2021-06-16 14:53:02,103 - utils.logger - INFO - Cur epoch 14 loss ccc:0.1275
2021-06-16 14:53:02,460 - utils.logger - INFO - Cur epoch 14 loss ccc:0.9988
2021-06-16 14:53:02,460 - utils.logger - INFO - saving the model at the end of epoch 14, iters 84
2021-06-16 14:53:02,739 - utils.logger - INFO - End of training epoch 14 / 60 	 Time Taken: 1 sec, Data loading: 0 sec
2021-06-16 14:53:02,739 - utils.logger - INFO - learning rate = 0.0000451
2021-06-16 14:53:03,147 - utils.logger - INFO - Trn result of epoch 14 / 60 mse 0.1261 rmse 0.3550 pcc -0.0231 ccc -0.0024
2021-06-16 14:53:03,288 - utils.logger - INFO - Val result of epoch 14 / 60 mse 0.1453 rmse 0.3812 pcc 0.0255 ccc 0.0025
2021-06-16 14:53:03,711 - utils.logger - INFO - Cur epoch 15 loss ccc:0.1311
2021-06-16 14:53:04,106 - utils.logger - INFO - Cur epoch 15 loss ccc:0.1079
2021-06-16 14:53:04,440 - utils.logger - INFO - Cur epoch 15 loss ccc:0.9216
2021-06-16 14:53:04,440 - utils.logger - INFO - saving the model at the end of epoch 15, iters 90
2021-06-16 14:53:04,699 - utils.logger - INFO - End of training epoch 15 / 60 	 Time Taken: 1 sec, Data loading: 0 sec
2021-06-16 14:53:04,699 - utils.logger - INFO - learning rate = 0.0000441
2021-06-16 14:53:05,160 - utils.logger - INFO - Trn result of epoch 15 / 60 mse 0.1149 rmse 0.3390 pcc -0.0318 ccc -0.0030
2021-06-16 14:53:05,322 - utils.logger - INFO - Val result of epoch 15 / 60 mse 0.1322 rmse 0.3636 pcc 0.0082 ccc 0.0007
2021-06-16 14:53:05,742 - utils.logger - INFO - Cur epoch 16 loss ccc:0.1258
2021-06-16 14:53:06,157 - utils.logger - INFO - Cur epoch 16 loss ccc:0.1115
2021-06-16 14:53:06,495 - utils.logger - INFO - Cur epoch 16 loss ccc:0.8643
2021-06-16 14:53:06,495 - utils.logger - INFO - saving the model at the end of epoch 16, iters 96
2021-06-16 14:53:06,746 - utils.logger - INFO - End of training epoch 16 / 60 	 Time Taken: 1 sec, Data loading: 0 sec
2021-06-16 14:53:06,747 - utils.logger - INFO - learning rate = 0.0000431
2021-06-16 14:53:07,152 - utils.logger - INFO - Trn result of epoch 16 / 60 mse 0.0928 rmse 0.3047 pcc -0.0555 ccc -0.0069
2021-06-16 14:53:07,293 - utils.logger - INFO - Val result of epoch 16 / 60 mse 0.1003 rmse 0.3167 pcc 0.0417 ccc 0.0054
2021-06-16 14:53:07,688 - utils.logger - INFO - Cur epoch 17 loss ccc:0.1165
2021-06-16 14:53:08,104 - utils.logger - INFO - Cur epoch 17 loss ccc:0.1220
2021-06-16 14:53:08,425 - utils.logger - INFO - Cur epoch 17 loss ccc:0.9998
2021-06-16 14:53:08,425 - utils.logger - INFO - saving the model at the end of epoch 17, iters 102
2021-06-16 14:53:08,699 - utils.logger - INFO - End of training epoch 17 / 60 	 Time Taken: 1 sec, Data loading: 0 sec
2021-06-16 14:53:08,700 - utils.logger - INFO - learning rate = 0.0000422
2021-06-16 14:53:09,114 - utils.logger - INFO - Trn result of epoch 17 / 60 mse 0.0942 rmse 0.3070 pcc -0.0584 ccc -0.0083
2021-06-16 14:53:09,257 - utils.logger - INFO - Val result of epoch 17 / 60 mse 0.1023 rmse 0.3198 pcc 0.0437 ccc 0.0065
2021-06-16 14:53:09,685 - utils.logger - INFO - Cur epoch 18 loss ccc:0.1004
2021-06-16 14:53:10,085 - utils.logger - INFO - Cur epoch 18 loss ccc:0.1127
2021-06-16 14:53:10,420 - utils.logger - INFO - Cur epoch 18 loss ccc:0.9184
2021-06-16 14:53:10,421 - utils.logger - INFO - saving the model at the end of epoch 18, iters 108
2021-06-16 14:53:10,677 - utils.logger - INFO - End of training epoch 18 / 60 	 Time Taken: 1 sec, Data loading: 0 sec
2021-06-16 14:53:10,678 - utils.logger - INFO - learning rate = 0.0000412
2021-06-16 14:53:11,126 - utils.logger - INFO - Trn result of epoch 18 / 60 mse 0.0967 rmse 0.3110 pcc -0.0662 ccc -0.0109
2021-06-16 14:53:11,285 - utils.logger - INFO - Val result of epoch 18 / 60 mse 0.1057 rmse 0.3251 pcc 0.0447 ccc 0.0075
2021-06-16 14:53:11,701 - utils.logger - INFO - Cur epoch 19 loss ccc:0.1131
2021-06-16 14:53:12,122 - utils.logger - INFO - Cur epoch 19 loss ccc:0.1296
2021-06-16 14:53:12,492 - utils.logger - INFO - Cur epoch 19 loss ccc:1.0767
2021-06-16 14:53:12,493 - utils.logger - INFO - saving the model at the end of epoch 19, iters 114
2021-06-16 14:53:12,729 - utils.logger - INFO - End of training epoch 19 / 60 	 Time Taken: 1 sec, Data loading: 0 sec
2021-06-16 14:53:12,729 - utils.logger - INFO - learning rate = 0.0000402
2021-06-16 14:53:13,138 - utils.logger - INFO - Trn result of epoch 19 / 60 mse 0.0932 rmse 0.3054 pcc -0.0708 ccc -0.0094
2021-06-16 14:53:13,280 - utils.logger - INFO - Val result of epoch 19 / 60 mse 0.1006 rmse 0.3172 pcc 0.0368 ccc 0.0050
2021-06-16 14:53:13,696 - utils.logger - INFO - Cur epoch 20 loss ccc:0.1277
2021-06-16 14:53:14,121 - utils.logger - INFO - Cur epoch 20 loss ccc:0.1292
2021-06-16 14:53:14,460 - utils.logger - INFO - Cur epoch 20 loss ccc:0.9038
2021-06-16 14:53:14,461 - utils.logger - INFO - saving the model at the end of epoch 20, iters 120
2021-06-16 14:53:14,749 - utils.logger - INFO - End of training epoch 20 / 60 	 Time Taken: 1 sec, Data loading: 0 sec
2021-06-16 14:53:14,749 - utils.logger - INFO - learning rate = 0.0000392
2021-06-16 14:53:15,159 - utils.logger - INFO - Trn result of epoch 20 / 60 mse 0.0978 rmse 0.3128 pcc -0.0691 ccc -0.0063
2021-06-16 14:53:15,351 - utils.logger - INFO - Val result of epoch 20 / 60 mse 0.1088 rmse 0.3298 pcc 0.0265 ccc 0.0023
2021-06-16 14:53:15,779 - utils.logger - INFO - Cur epoch 21 loss ccc:0.1176
2021-06-16 14:53:16,308 - utils.logger - INFO - Cur epoch 21 loss ccc:0.1155
2021-06-16 14:53:16,650 - utils.logger - INFO - Cur epoch 21 loss ccc:1.0246
2021-06-16 14:53:16,650 - utils.logger - INFO - saving the model at the end of epoch 21, iters 126
2021-06-16 14:53:16,909 - utils.logger - INFO - End of training epoch 21 / 60 	 Time Taken: 1 sec, Data loading: 0 sec
2021-06-16 14:53:16,910 - utils.logger - INFO - learning rate = 0.0000382
2021-06-16 14:53:17,347 - utils.logger - INFO - Trn result of epoch 21 / 60 mse 0.1011 rmse 0.3180 pcc -0.0694 ccc -0.0072
2021-06-16 14:53:17,506 - utils.logger - INFO - Val result of epoch 21 / 60 mse 0.1133 rmse 0.3365 pcc 0.0293 ccc 0.0029
2021-06-16 14:53:17,926 - utils.logger - INFO - Cur epoch 22 loss ccc:0.1238
2021-06-16 14:53:18,338 - utils.logger - INFO - Cur epoch 22 loss ccc:0.1251
2021-06-16 14:53:18,696 - utils.logger - INFO - Cur epoch 22 loss ccc:0.9998
2021-06-16 14:53:18,696 - utils.logger - INFO - saving the model at the end of epoch 22, iters 132
2021-06-16 14:53:18,948 - utils.logger - INFO - End of training epoch 22 / 60 	 Time Taken: 1 sec, Data loading: 0 sec
2021-06-16 14:53:18,949 - utils.logger - INFO - learning rate = 0.0000373
2021-06-16 14:53:19,364 - utils.logger - INFO - Trn result of epoch 22 / 60 mse 0.1027 rmse 0.3205 pcc -0.0701 ccc -0.0067
2021-06-16 14:53:19,505 - utils.logger - INFO - Val result of epoch 22 / 60 mse 0.1157 rmse 0.3401 pcc 0.0264 ccc 0.0024
2021-06-16 14:53:19,921 - utils.logger - INFO - Cur epoch 23 loss ccc:0.1156
2021-06-16 14:53:20,348 - utils.logger - INFO - Cur epoch 23 loss ccc:0.1161
2021-06-16 14:53:20,691 - utils.logger - INFO - Cur epoch 23 loss ccc:0.9982
2021-06-16 14:53:20,691 - utils.logger - INFO - saving the model at the end of epoch 23, iters 138
2021-06-16 14:53:20,941 - utils.logger - INFO - End of training epoch 23 / 60 	 Time Taken: 1 sec, Data loading: 0 sec
2021-06-16 14:53:20,941 - utils.logger - INFO - learning rate = 0.0000363
2021-06-16 14:53:21,345 - utils.logger - INFO - Trn result of epoch 23 / 60 mse 0.1033 rmse 0.3215 pcc -0.0728 ccc -0.0071
2021-06-16 14:53:21,486 - utils.logger - INFO - Val result of epoch 23 / 60 mse 0.1165 rmse 0.3413 pcc 0.0236 ccc 0.0021
2021-06-16 14:53:21,924 - utils.logger - INFO - Cur epoch 24 loss ccc:0.1396
2021-06-16 14:53:22,357 - utils.logger - INFO - Cur epoch 24 loss ccc:0.1121
2021-06-16 14:53:22,702 - utils.logger - INFO - Cur epoch 24 loss ccc:1.0053
2021-06-16 14:53:22,703 - utils.logger - INFO - saving the model at the end of epoch 24, iters 144
2021-06-16 14:53:23,005 - utils.logger - INFO - End of training epoch 24 / 60 	 Time Taken: 1 sec, Data loading: 0 sec
2021-06-16 14:53:23,005 - utils.logger - INFO - learning rate = 0.0000353
2021-06-16 14:53:23,417 - utils.logger - INFO - Trn result of epoch 24 / 60 mse 0.1071 rmse 0.3272 pcc -0.0746 ccc -0.0077
2021-06-16 14:53:23,563 - utils.logger - INFO - Val result of epoch 24 / 60 mse 0.1214 rmse 0.3484 pcc 0.0215 ccc 0.0020
2021-06-16 14:53:24,009 - utils.logger - INFO - Cur epoch 25 loss ccc:0.1145
2021-06-16 14:53:24,447 - utils.logger - INFO - Cur epoch 25 loss ccc:0.1106
2021-06-16 14:53:24,823 - utils.logger - INFO - Cur epoch 25 loss ccc:1.0039
2021-06-16 14:53:24,824 - utils.logger - INFO - saving the model at the end of epoch 25, iters 150
2021-06-16 14:53:25,091 - utils.logger - INFO - End of training epoch 25 / 60 	 Time Taken: 1 sec, Data loading: 0 sec
2021-06-16 14:53:25,092 - utils.logger - INFO - learning rate = 0.0000343
2021-06-16 14:53:25,529 - utils.logger - INFO - Trn result of epoch 25 / 60 mse 0.1129 rmse 0.3360 pcc -0.0975 ccc -0.0158
2021-06-16 14:53:25,687 - utils.logger - INFO - Val result of epoch 25 / 60 mse 0.1281 rmse 0.3580 pcc -0.0043 ccc -0.0007
2021-06-16 14:53:26,124 - utils.logger - INFO - Cur epoch 26 loss ccc:0.1302
2021-06-16 14:53:26,554 - utils.logger - INFO - Cur epoch 26 loss ccc:0.1107
2021-06-16 14:53:26,905 - utils.logger - INFO - Cur epoch 26 loss ccc:1.0017
2021-06-16 14:53:26,905 - utils.logger - INFO - saving the model at the end of epoch 26, iters 156
2021-06-16 14:53:27,157 - utils.logger - INFO - End of training epoch 26 / 60 	 Time Taken: 1 sec, Data loading: 0 sec
2021-06-16 14:53:27,158 - utils.logger - INFO - learning rate = 0.0000333
2021-06-16 14:53:27,570 - utils.logger - INFO - Trn result of epoch 26 / 60 mse 0.1367 rmse 0.3697 pcc -0.0718 ccc -0.0081
2021-06-16 14:53:27,711 - utils.logger - INFO - Val result of epoch 26 / 60 mse 0.1585 rmse 0.3982 pcc -0.0003 ccc -0.0000
2021-06-16 14:53:28,161 - utils.logger - INFO - Cur epoch 27 loss ccc:0.1299
2021-06-16 14:53:28,595 - utils.logger - INFO - Cur epoch 27 loss ccc:0.1250
2021-06-16 14:53:28,960 - utils.logger - INFO - Cur epoch 27 loss ccc:0.9837
2021-06-16 14:53:28,960 - utils.logger - INFO - saving the model at the end of epoch 27, iters 162
2021-06-16 14:53:29,223 - utils.logger - INFO - End of training epoch 27 / 60 	 Time Taken: 1 sec, Data loading: 0 sec
2021-06-16 14:53:29,224 - utils.logger - INFO - learning rate = 0.0000324
2021-06-16 14:53:29,636 - utils.logger - INFO - Trn result of epoch 27 / 60 mse 0.1602 rmse 0.4003 pcc -0.0738 ccc -0.0101
2021-06-16 14:53:29,782 - utils.logger - INFO - Val result of epoch 27 / 60 mse 0.1863 rmse 0.4316 pcc -0.0104 ccc -0.0012
2021-06-16 14:53:30,265 - utils.logger - INFO - Cur epoch 28 loss ccc:0.1350
2021-06-16 14:53:30,706 - utils.logger - INFO - Cur epoch 28 loss ccc:0.0998
2021-06-16 14:53:31,050 - utils.logger - INFO - Cur epoch 28 loss ccc:1.0544
2021-06-16 14:53:31,050 - utils.logger - INFO - saving the model at the end of epoch 28, iters 168
2021-06-16 14:53:31,303 - utils.logger - INFO - End of training epoch 28 / 60 	 Time Taken: 1 sec, Data loading: 0 sec
2021-06-16 14:53:31,304 - utils.logger - INFO - learning rate = 0.0000314
2021-06-16 14:53:31,760 - utils.logger - INFO - Trn result of epoch 28 / 60 mse 0.1637 rmse 0.4046 pcc -0.0452 ccc -0.0130
2021-06-16 14:53:31,919 - utils.logger - INFO - Val result of epoch 28 / 60 mse 0.1879 rmse 0.4335 pcc 0.0586 ccc 0.0131
2021-06-16 14:53:32,367 - utils.logger - INFO - Cur epoch 29 loss ccc:0.1215
2021-06-16 14:53:32,759 - utils.logger - INFO - Cur epoch 29 loss ccc:0.1147
2021-06-16 14:53:33,093 - utils.logger - INFO - Cur epoch 29 loss ccc:1.0088
2021-06-16 14:53:33,093 - utils.logger - INFO - saving the model at the end of epoch 29, iters 174
2021-06-16 14:53:33,360 - utils.logger - INFO - End of training epoch 29 / 60 	 Time Taken: 1 sec, Data loading: 0 sec
2021-06-16 14:53:33,360 - utils.logger - INFO - learning rate = 0.0000304
2021-06-16 14:53:33,777 - utils.logger - INFO - Trn result of epoch 29 / 60 mse 0.1101 rmse 0.3317 pcc -0.1073 ccc -0.0497
2021-06-16 14:53:33,919 - utils.logger - INFO - Val result of epoch 29 / 60 mse 0.1207 rmse 0.3474 pcc 0.0124 ccc 0.0047
2021-06-16 14:53:34,386 - utils.logger - INFO - Cur epoch 30 loss ccc:0.1245
2021-06-16 14:53:34,832 - utils.logger - INFO - Cur epoch 30 loss ccc:0.1003
2021-06-16 14:53:35,179 - utils.logger - INFO - Cur epoch 30 loss ccc:0.9966
2021-06-16 14:53:35,180 - utils.logger - INFO - saving the model at the end of epoch 30, iters 180
2021-06-16 14:53:35,422 - utils.logger - INFO - End of training epoch 30 / 60 	 Time Taken: 1 sec, Data loading: 0 sec
2021-06-16 14:53:35,422 - utils.logger - INFO - learning rate = 0.0000294
2021-06-16 14:53:35,839 - utils.logger - INFO - Trn result of epoch 30 / 60 mse 0.2497 rmse 0.4997 pcc -0.0418 ccc -0.0042
2021-06-16 14:53:35,988 - utils.logger - INFO - Val result of epoch 30 / 60 mse 0.2870 rmse 0.5358 pcc 0.0028 ccc 0.0002
2021-06-16 14:53:36,419 - utils.logger - INFO - Cur epoch 31 loss ccc:0.1250
2021-06-16 14:53:36,871 - utils.logger - INFO - Cur epoch 31 loss ccc:0.1205
2021-06-16 14:53:37,224 - utils.logger - INFO - Cur epoch 31 loss ccc:0.9910
2021-06-16 14:53:37,225 - utils.logger - INFO - saving the model at the end of epoch 31, iters 186
2021-06-16 14:53:37,485 - utils.logger - INFO - End of training epoch 31 / 60 	 Time Taken: 1 sec, Data loading: 0 sec
2021-06-16 14:53:37,485 - utils.logger - INFO - learning rate = 0.0000284
2021-06-16 14:53:37,900 - utils.logger - INFO - Trn result of epoch 31 / 60 mse 0.2521 rmse 0.5021 pcc -0.0362 ccc -0.0036
2021-06-16 14:53:38,053 - utils.logger - INFO - Val result of epoch 31 / 60 mse 0.2900 rmse 0.5385 pcc -0.0001 ccc -0.0000
2021-06-16 14:53:38,477 - utils.logger - INFO - Cur epoch 32 loss ccc:0.1032
2021-06-16 14:53:38,890 - utils.logger - INFO - Cur epoch 32 loss ccc:0.1336
2021-06-16 14:53:39,249 - utils.logger - INFO - Cur epoch 32 loss ccc:1.0195
2021-06-16 14:53:39,249 - utils.logger - INFO - saving the model at the end of epoch 32, iters 192
2021-06-16 14:53:39,634 - utils.logger - INFO - End of training epoch 32 / 60 	 Time Taken: 1 sec, Data loading: 0 sec
2021-06-16 14:53:39,634 - utils.logger - INFO - learning rate = 0.0000275
2021-06-16 14:53:40,061 - utils.logger - INFO - Trn result of epoch 32 / 60 mse 0.2446 rmse 0.4946 pcc -0.0325 ccc -0.0033
2021-06-16 14:53:40,211 - utils.logger - INFO - Val result of epoch 32 / 60 mse 0.2819 rmse 0.5310 pcc -0.0023 ccc -0.0002
2021-06-16 14:53:40,666 - utils.logger - INFO - Cur epoch 33 loss ccc:0.1185
2021-06-16 14:53:41,097 - utils.logger - INFO - Cur epoch 33 loss ccc:0.1218
2021-06-16 14:53:41,455 - utils.logger - INFO - Cur epoch 33 loss ccc:1.0069
2021-06-16 14:53:41,455 - utils.logger - INFO - saving the model at the end of epoch 33, iters 198
2021-06-16 14:53:41,720 - utils.logger - INFO - End of training epoch 33 / 60 	 Time Taken: 1 sec, Data loading: 0 sec
2021-06-16 14:53:41,720 - utils.logger - INFO - learning rate = 0.0000265
2021-06-16 14:53:42,189 - utils.logger - INFO - Trn result of epoch 33 / 60 mse 0.2535 rmse 0.5035 pcc -0.0281 ccc -0.0028
2021-06-16 14:53:42,349 - utils.logger - INFO - Val result of epoch 33 / 60 mse 0.2920 rmse 0.5403 pcc -0.0045 ccc -0.0004
2021-06-16 14:53:42,766 - utils.logger - INFO - Cur epoch 34 loss ccc:0.1180
2021-06-16 14:53:43,165 - utils.logger - INFO - Cur epoch 34 loss ccc:0.1254
2021-06-16 14:53:43,507 - utils.logger - INFO - Cur epoch 34 loss ccc:0.9958
2021-06-16 14:53:43,507 - utils.logger - INFO - saving the model at the end of epoch 34, iters 204
2021-06-16 14:53:43,774 - utils.logger - INFO - End of training epoch 34 / 60 	 Time Taken: 1 sec, Data loading: 0 sec
2021-06-16 14:53:43,774 - utils.logger - INFO - learning rate = 0.0000255
2021-06-16 14:53:44,194 - utils.logger - INFO - Trn result of epoch 34 / 60 mse 0.2305 rmse 0.4801 pcc -0.0314 ccc -0.0035
2021-06-16 14:53:44,342 - utils.logger - INFO - Val result of epoch 34 / 60 mse 0.2665 rmse 0.5162 pcc -0.0069 ccc -0.0006
2021-06-16 14:53:44,769 - utils.logger - INFO - Cur epoch 35 loss ccc:0.1173
2021-06-16 14:53:45,189 - utils.logger - INFO - Cur epoch 35 loss ccc:0.1330
2021-06-16 14:53:45,530 - utils.logger - INFO - Cur epoch 35 loss ccc:1.0003
2021-06-16 14:53:45,530 - utils.logger - INFO - saving the model at the end of epoch 35, iters 210
2021-06-16 14:53:45,795 - utils.logger - INFO - End of training epoch 35 / 60 	 Time Taken: 1 sec, Data loading: 0 sec
2021-06-16 14:53:45,795 - utils.logger - INFO - learning rate = 0.0000245
2021-06-16 14:53:46,214 - utils.logger - INFO - Trn result of epoch 35 / 60 mse 0.2227 rmse 0.4719 pcc -0.0330 ccc -0.0038
2021-06-16 14:53:46,358 - utils.logger - INFO - Val result of epoch 35 / 60 mse 0.2578 rmse 0.5078 pcc -0.0074 ccc -0.0007
2021-06-16 14:53:46,793 - utils.logger - INFO - Cur epoch 36 loss ccc:0.1250
2021-06-16 14:53:47,203 - utils.logger - INFO - Cur epoch 36 loss ccc:0.1120
2021-06-16 14:53:47,568 - utils.logger - INFO - Cur epoch 36 loss ccc:1.0328
2021-06-16 14:53:47,568 - utils.logger - INFO - saving the model at the end of epoch 36, iters 216
2021-06-16 14:53:47,835 - utils.logger - INFO - End of training epoch 36 / 60 	 Time Taken: 1 sec, Data loading: 0 sec
2021-06-16 14:53:47,835 - utils.logger - INFO - learning rate = 0.0000235
2021-06-16 14:53:48,257 - utils.logger - INFO - Trn result of epoch 36 / 60 mse 0.1878 rmse 0.4334 pcc -0.0428 ccc -0.0061
2021-06-16 14:53:48,406 - utils.logger - INFO - Val result of epoch 36 / 60 mse 0.2185 rmse 0.4674 pcc -0.0120 ccc -0.0014
2021-06-16 14:53:48,837 - utils.logger - INFO - Cur epoch 37 loss ccc:0.1051
2021-06-16 14:53:49,277 - utils.logger - INFO - Cur epoch 37 loss ccc:0.1129
2021-06-16 14:53:49,653 - utils.logger - INFO - Cur epoch 37 loss ccc:0.9668
2021-06-16 14:53:49,653 - utils.logger - INFO - saving the model at the end of epoch 37, iters 222
2021-06-16 14:53:50,238 - utils.logger - INFO - End of training epoch 37 / 60 	 Time Taken: 1 sec, Data loading: 0 sec
2021-06-16 14:53:50,238 - utils.logger - INFO - learning rate = 0.0000225
2021-06-16 14:53:50,660 - utils.logger - INFO - Trn result of epoch 37 / 60 mse 0.1804 rmse 0.4248 pcc -0.0296 ccc -0.0087
2021-06-16 14:53:50,804 - utils.logger - INFO - Val result of epoch 37 / 60 mse 0.2074 rmse 0.4555 pcc 0.0589 ccc 0.0135
2021-06-16 14:53:51,227 - utils.logger - INFO - Cur epoch 38 loss ccc:0.1298
2021-06-16 14:53:51,627 - utils.logger - INFO - Cur epoch 38 loss ccc:0.1327
2021-06-16 14:53:51,964 - utils.logger - INFO - Cur epoch 38 loss ccc:0.9844
2021-06-16 14:53:51,964 - utils.logger - INFO - saving the model at the end of epoch 38, iters 228
2021-06-16 14:53:52,299 - utils.logger - INFO - End of training epoch 38 / 60 	 Time Taken: 1 sec, Data loading: 0 sec
2021-06-16 14:53:52,300 - utils.logger - INFO - learning rate = 0.0000216
2021-06-16 14:53:52,714 - utils.logger - INFO - Trn result of epoch 38 / 60 mse 0.1696 rmse 0.4118 pcc -0.0487 ccc -0.0065
2021-06-16 14:53:52,862 - utils.logger - INFO - Val result of epoch 38 / 60 mse 0.1975 rmse 0.4444 pcc -0.0120 ccc -0.0014
2021-06-16 14:53:53,288 - utils.logger - INFO - Cur epoch 39 loss ccc:0.1236
2021-06-16 14:53:53,710 - utils.logger - INFO - Cur epoch 39 loss ccc:0.1132
2021-06-16 14:53:54,053 - utils.logger - INFO - Cur epoch 39 loss ccc:1.0030
2021-06-16 14:53:54,054 - utils.logger - INFO - saving the model at the end of epoch 39, iters 234
2021-06-16 14:53:54,266 - utils.logger - INFO - End of training epoch 39 / 60 	 Time Taken: 1 sec, Data loading: 0 sec
2021-06-16 14:53:54,266 - utils.logger - INFO - learning rate = 0.0000206
2021-06-16 14:53:54,676 - utils.logger - INFO - Trn result of epoch 39 / 60 mse 0.1663 rmse 0.4078 pcc -0.0518 ccc -0.0072
2021-06-16 14:53:54,818 - utils.logger - INFO - Val result of epoch 39 / 60 mse 0.1938 rmse 0.4402 pcc -0.0192 ccc -0.0023
2021-06-16 14:53:55,243 - utils.logger - INFO - Cur epoch 40 loss ccc:0.1250
2021-06-16 14:53:55,675 - utils.logger - INFO - Cur epoch 40 loss ccc:0.1259
2021-06-16 14:53:56,050 - utils.logger - INFO - Cur epoch 40 loss ccc:1.0217
2021-06-16 14:53:56,051 - utils.logger - INFO - saving the model at the end of epoch 40, iters 240
2021-06-16 14:53:56,317 - utils.logger - INFO - End of training epoch 40 / 60 	 Time Taken: 1 sec, Data loading: 0 sec
2021-06-16 14:53:56,317 - utils.logger - INFO - learning rate = 0.0000196
2021-06-16 14:53:56,764 - utils.logger - INFO - Trn result of epoch 40 / 60 mse 0.1644 rmse 0.4055 pcc -0.0530 ccc -0.0074
2021-06-16 14:53:56,927 - utils.logger - INFO - Val result of epoch 40 / 60 mse 0.1915 rmse 0.4376 pcc -0.0141 ccc -0.0017
2021-06-16 14:53:57,367 - utils.logger - INFO - Cur epoch 41 loss ccc:0.0978
2021-06-16 14:53:57,780 - utils.logger - INFO - Cur epoch 41 loss ccc:0.1337
2021-06-16 14:53:58,109 - utils.logger - INFO - Cur epoch 41 loss ccc:1.0025
2021-06-16 14:53:58,110 - utils.logger - INFO - saving the model at the end of epoch 41, iters 246
2021-06-16 14:53:58,320 - utils.logger - INFO - End of training epoch 41 / 60 	 Time Taken: 1 sec, Data loading: 0 sec
2021-06-16 14:53:58,321 - utils.logger - INFO - learning rate = 0.0000186
2021-06-16 14:53:58,730 - utils.logger - INFO - Trn result of epoch 41 / 60 mse 0.1579 rmse 0.3973 pcc -0.0587 ccc -0.0091
2021-06-16 14:53:58,876 - utils.logger - INFO - Val result of epoch 41 / 60 mse 0.1844 rmse 0.4295 pcc -0.0455 ccc -0.0064
2021-06-16 14:53:59,297 - utils.logger - INFO - Cur epoch 42 loss ccc:0.1187
2021-06-16 14:53:59,720 - utils.logger - INFO - Cur epoch 42 loss ccc:0.1189
2021-06-16 14:54:00,054 - utils.logger - INFO - Cur epoch 42 loss ccc:1.0006
2021-06-16 14:54:00,055 - utils.logger - INFO - saving the model at the end of epoch 42, iters 252
2021-06-16 14:54:00,309 - utils.logger - INFO - End of training epoch 42 / 60 	 Time Taken: 1 sec, Data loading: 0 sec
2021-06-16 14:54:00,310 - utils.logger - INFO - learning rate = 0.0000176
2021-06-16 14:54:00,726 - utils.logger - INFO - Trn result of epoch 42 / 60 mse 0.1552 rmse 0.3940 pcc -0.0604 ccc -0.0096
2021-06-16 14:54:00,875 - utils.logger - INFO - Val result of epoch 42 / 60 mse 0.1814 rmse 0.4259 pcc -0.0500 ccc -0.0073
2021-06-16 14:54:01,294 - utils.logger - INFO - Cur epoch 43 loss ccc:0.1100
2021-06-16 14:54:01,716 - utils.logger - INFO - Cur epoch 43 loss ccc:0.1153
2021-06-16 14:54:02,036 - utils.logger - INFO - Cur epoch 43 loss ccc:0.9958
2021-06-16 14:54:02,036 - utils.logger - INFO - saving the model at the end of epoch 43, iters 258
2021-06-16 14:54:02,311 - utils.logger - INFO - End of training epoch 43 / 60 	 Time Taken: 1 sec, Data loading: 0 sec
2021-06-16 14:54:02,311 - utils.logger - INFO - learning rate = 0.0000167
2021-06-16 14:54:02,718 - utils.logger - INFO - Trn result of epoch 43 / 60 mse 0.1520 rmse 0.3899 pcc -0.0631 ccc -0.0103
2021-06-16 14:54:02,862 - utils.logger - INFO - Val result of epoch 43 / 60 mse 0.1778 rmse 0.4216 pcc -0.0542 ccc -0.0082
2021-06-16 14:54:03,276 - utils.logger - INFO - Cur epoch 44 loss ccc:0.1258
2021-06-16 14:54:03,689 - utils.logger - INFO - Cur epoch 44 loss ccc:0.1282
2021-06-16 14:54:04,051 - utils.logger - INFO - Cur epoch 44 loss ccc:1.0065
2021-06-16 14:54:04,051 - utils.logger - INFO - saving the model at the end of epoch 44, iters 264
2021-06-16 14:54:04,312 - utils.logger - INFO - End of training epoch 44 / 60 	 Time Taken: 1 sec, Data loading: 0 sec
2021-06-16 14:54:04,312 - utils.logger - INFO - learning rate = 0.0000157
2021-06-16 14:54:04,731 - utils.logger - INFO - Trn result of epoch 44 / 60 mse 0.1422 rmse 0.3771 pcc -0.0661 ccc -0.0123
2021-06-16 14:54:04,872 - utils.logger - INFO - Val result of epoch 44 / 60 mse 0.1666 rmse 0.4081 pcc -0.0623 ccc -0.0104
2021-06-16 14:54:05,293 - utils.logger - INFO - Cur epoch 45 loss ccc:0.1172
2021-06-16 14:54:05,712 - utils.logger - INFO - Cur epoch 45 loss ccc:0.1260
2021-06-16 14:54:06,053 - utils.logger - INFO - Cur epoch 45 loss ccc:0.7388
2021-06-16 14:54:06,053 - utils.logger - INFO - saving the model at the end of epoch 45, iters 270
2021-06-16 14:54:06,319 - utils.logger - INFO - End of training epoch 45 / 60 	 Time Taken: 1 sec, Data loading: 0 sec
2021-06-16 14:54:06,319 - utils.logger - INFO - learning rate = 0.0000147
2021-06-16 14:54:06,734 - utils.logger - INFO - Trn result of epoch 45 / 60 mse 0.1316 rmse 0.3628 pcc -0.0777 ccc -0.0187
2021-06-16 14:54:06,874 - utils.logger - INFO - Val result of epoch 45 / 60 mse 0.1535 rmse 0.3918 pcc -0.0581 ccc -0.0124
2021-06-16 14:54:07,292 - utils.logger - INFO - Cur epoch 46 loss ccc:0.1282
2021-06-16 14:54:07,720 - utils.logger - INFO - Cur epoch 46 loss ccc:0.1204
2021-06-16 14:54:08,062 - utils.logger - INFO - Cur epoch 46 loss ccc:0.9886
2021-06-16 14:54:08,063 - utils.logger - INFO - saving the model at the end of epoch 46, iters 276
2021-06-16 14:54:08,326 - utils.logger - INFO - End of training epoch 46 / 60 	 Time Taken: 1 sec, Data loading: 0 sec
2021-06-16 14:54:08,327 - utils.logger - INFO - learning rate = 0.0000137
2021-06-16 14:54:08,744 - utils.logger - INFO - Trn result of epoch 46 / 60 mse 0.1554 rmse 0.3942 pcc -0.0666 ccc -0.0134
2021-06-16 14:54:08,905 - utils.logger - INFO - Val result of epoch 46 / 60 mse 0.1809 rmse 0.4253 pcc -0.0399 ccc -0.0074
2021-06-16 14:54:09,340 - utils.logger - INFO - Cur epoch 47 loss ccc:0.1062
2021-06-16 14:54:09,773 - utils.logger - INFO - Cur epoch 47 loss ccc:0.1147
2021-06-16 14:54:10,115 - utils.logger - INFO - Cur epoch 47 loss ccc:1.0002
2021-06-16 14:54:10,115 - utils.logger - INFO - saving the model at the end of epoch 47, iters 282
2021-06-16 14:54:10,398 - utils.logger - INFO - End of training epoch 47 / 60 	 Time Taken: 1 sec, Data loading: 0 sec
2021-06-16 14:54:10,398 - utils.logger - INFO - learning rate = 0.0000127
2021-06-16 14:54:10,813 - utils.logger - INFO - Trn result of epoch 47 / 60 mse 0.1516 rmse 0.3894 pcc -0.0695 ccc -0.0143
2021-06-16 14:54:10,955 - utils.logger - INFO - Val result of epoch 47 / 60 mse 0.1766 rmse 0.4202 pcc -0.0384 ccc -0.0072
2021-06-16 14:54:11,385 - utils.logger - INFO - Cur epoch 48 loss ccc:0.0986
2021-06-16 14:54:11,800 - utils.logger - INFO - Cur epoch 48 loss ccc:0.1127
2021-06-16 14:54:12,135 - utils.logger - INFO - Cur epoch 48 loss ccc:1.0744
2021-06-16 14:54:12,135 - utils.logger - INFO - saving the model at the end of epoch 48, iters 288
2021-06-16 14:54:12,400 - utils.logger - INFO - End of training epoch 48 / 60 	 Time Taken: 1 sec, Data loading: 0 sec
2021-06-16 14:54:12,400 - utils.logger - INFO - learning rate = 0.0000118
2021-06-16 14:54:12,814 - utils.logger - INFO - Trn result of epoch 48 / 60 mse 0.1630 rmse 0.4038 pcc -0.0642 ccc -0.0124
2021-06-16 14:54:12,958 - utils.logger - INFO - Val result of epoch 48 / 60 mse 0.1901 rmse 0.4359 pcc -0.0431 ccc -0.0076
2021-06-16 14:54:13,366 - utils.logger - INFO - Cur epoch 49 loss ccc:0.1101
2021-06-16 14:54:13,779 - utils.logger - INFO - Cur epoch 49 loss ccc:0.1251
2021-06-16 14:54:14,128 - utils.logger - INFO - Cur epoch 49 loss ccc:0.9934
2021-06-16 14:54:14,129 - utils.logger - INFO - saving the model at the end of epoch 49, iters 294
2021-06-16 14:54:14,385 - utils.logger - INFO - End of training epoch 49 / 60 	 Time Taken: 1 sec, Data loading: 0 sec
2021-06-16 14:54:14,385 - utils.logger - INFO - learning rate = 0.0000108
2021-06-16 14:54:14,799 - utils.logger - INFO - Trn result of epoch 49 / 60 mse 0.1569 rmse 0.3961 pcc -0.0668 ccc -0.0133
2021-06-16 14:54:14,949 - utils.logger - INFO - Val result of epoch 49 / 60 mse 0.1828 rmse 0.4276 pcc -0.0409 ccc -0.0074
2021-06-16 14:54:15,371 - utils.logger - INFO - Cur epoch 50 loss ccc:0.1235
2021-06-16 14:54:15,792 - utils.logger - INFO - Cur epoch 50 loss ccc:0.1126
2021-06-16 14:54:16,142 - utils.logger - INFO - Cur epoch 50 loss ccc:1.0784
2021-06-16 14:54:16,142 - utils.logger - INFO - saving the model at the end of epoch 50, iters 300
2021-06-16 14:54:16,394 - utils.logger - INFO - End of training epoch 50 / 60 	 Time Taken: 1 sec, Data loading: 0 sec
2021-06-16 14:54:16,395 - utils.logger - INFO - learning rate = 0.0000098
2021-06-16 14:54:16,809 - utils.logger - INFO - Trn result of epoch 50 / 60 mse 0.1495 rmse 0.3866 pcc -0.0720 ccc -0.0149
2021-06-16 14:54:16,953 - utils.logger - INFO - Val result of epoch 50 / 60 mse 0.1743 rmse 0.4175 pcc -0.0439 ccc -0.0082
2021-06-16 14:54:17,389 - utils.logger - INFO - Cur epoch 51 loss ccc:0.1200
2021-06-16 14:54:17,822 - utils.logger - INFO - Cur epoch 51 loss ccc:0.0998
2021-06-16 14:54:18,167 - utils.logger - INFO - Cur epoch 51 loss ccc:0.9395
2021-06-16 14:54:18,167 - utils.logger - INFO - saving the model at the end of epoch 51, iters 306
2021-06-16 14:54:18,426 - utils.logger - INFO - End of training epoch 51 / 60 	 Time Taken: 1 sec, Data loading: 0 sec
2021-06-16 14:54:18,426 - utils.logger - INFO - learning rate = 0.0000088
2021-06-16 14:54:18,838 - utils.logger - INFO - Trn result of epoch 51 / 60 mse 0.1428 rmse 0.3779 pcc -0.0731 ccc -0.0156
2021-06-16 14:54:18,987 - utils.logger - INFO - Val result of epoch 51 / 60 mse 0.1668 rmse 0.4084 pcc -0.0487 ccc -0.0093
2021-06-16 14:54:19,402 - utils.logger - INFO - Cur epoch 52 loss ccc:0.1097
2021-06-16 14:54:19,816 - utils.logger - INFO - Cur epoch 52 loss ccc:0.1390
2021-06-16 14:54:20,175 - utils.logger - INFO - Cur epoch 52 loss ccc:1.0026
2021-06-16 14:54:20,175 - utils.logger - INFO - saving the model at the end of epoch 52, iters 312
2021-06-16 14:54:20,439 - utils.logger - INFO - End of training epoch 52 / 60 	 Time Taken: 1 sec, Data loading: 0 sec
2021-06-16 14:54:20,439 - utils.logger - INFO - learning rate = 0.0000078
2021-06-16 14:54:20,859 - utils.logger - INFO - Trn result of epoch 52 / 60 mse 0.1292 rmse 0.3595 pcc -0.0852 ccc -0.0199
2021-06-16 14:54:21,010 - utils.logger - INFO - Val result of epoch 52 / 60 mse 0.1499 rmse 0.3872 pcc -0.0442 ccc -0.0093
2021-06-16 14:54:21,439 - utils.logger - INFO - Cur epoch 53 loss ccc:0.1112
2021-06-16 14:54:21,847 - utils.logger - INFO - Cur epoch 53 loss ccc:0.1250
2021-06-16 14:54:22,194 - utils.logger - INFO - Cur epoch 53 loss ccc:1.0037
2021-06-16 14:54:22,195 - utils.logger - INFO - saving the model at the end of epoch 53, iters 318
2021-06-16 14:54:22,470 - utils.logger - INFO - End of training epoch 53 / 60 	 Time Taken: 1 sec, Data loading: 0 sec
2021-06-16 14:54:22,471 - utils.logger - INFO - learning rate = 0.0000069
2021-06-16 14:54:22,903 - utils.logger - INFO - Trn result of epoch 53 / 60 mse 0.1233 rmse 0.3511 pcc -0.0820 ccc -0.0184
2021-06-16 14:54:23,064 - utils.logger - INFO - Val result of epoch 53 / 60 mse 0.1430 rmse 0.3781 pcc -0.0516 ccc -0.0104
2021-06-16 14:54:23,499 - utils.logger - INFO - Cur epoch 54 loss ccc:0.1106
2021-06-16 14:54:23,928 - utils.logger - INFO - Cur epoch 54 loss ccc:0.1286
2021-06-16 14:54:24,275 - utils.logger - INFO - Cur epoch 54 loss ccc:1.0317
2021-06-16 14:54:24,275 - utils.logger - INFO - saving the model at the end of epoch 54, iters 324
2021-06-16 14:54:24,548 - utils.logger - INFO - End of training epoch 54 / 60 	 Time Taken: 1 sec, Data loading: 0 sec
2021-06-16 14:54:24,549 - utils.logger - INFO - learning rate = 0.0000059
2021-06-16 14:54:24,974 - utils.logger - INFO - Trn result of epoch 54 / 60 mse 0.1288 rmse 0.3588 pcc -0.0756 ccc -0.0171
2021-06-16 14:54:25,121 - utils.logger - INFO - Val result of epoch 54 / 60 mse 0.1499 rmse 0.3871 pcc -0.0486 ccc -0.0098
2021-06-16 14:54:25,556 - utils.logger - INFO - Cur epoch 55 loss ccc:0.1136
2021-06-16 14:54:25,978 - utils.logger - INFO - Cur epoch 55 loss ccc:0.1022
2021-06-16 14:54:26,325 - utils.logger - INFO - Cur epoch 55 loss ccc:0.9993
2021-06-16 14:54:26,326 - utils.logger - INFO - saving the model at the end of epoch 55, iters 330
2021-06-16 14:54:26,586 - utils.logger - INFO - End of training epoch 55 / 60 	 Time Taken: 1 sec, Data loading: 0 sec
2021-06-16 14:54:26,586 - utils.logger - INFO - learning rate = 0.0000049
2021-06-16 14:54:27,006 - utils.logger - INFO - Trn result of epoch 55 / 60 mse 0.1298 rmse 0.3603 pcc -0.0749 ccc -0.0170
2021-06-16 14:54:27,151 - utils.logger - INFO - Val result of epoch 55 / 60 mse 0.1511 rmse 0.3888 pcc -0.0465 ccc -0.0094
2021-06-16 14:54:27,571 - utils.logger - INFO - Cur epoch 56 loss ccc:0.1342
2021-06-16 14:54:27,987 - utils.logger - INFO - Cur epoch 56 loss ccc:0.0980
2021-06-16 14:54:28,344 - utils.logger - INFO - Cur epoch 56 loss ccc:0.9607
2021-06-16 14:54:28,344 - utils.logger - INFO - saving the model at the end of epoch 56, iters 336
2021-06-16 14:54:28,602 - utils.logger - INFO - End of training epoch 56 / 60 	 Time Taken: 1 sec, Data loading: 0 sec
2021-06-16 14:54:28,602 - utils.logger - INFO - learning rate = 0.0000039
2021-06-16 14:54:29,013 - utils.logger - INFO - Trn result of epoch 56 / 60 mse 0.1240 rmse 0.3522 pcc -0.0744 ccc -0.0168
2021-06-16 14:54:29,162 - utils.logger - INFO - Val result of epoch 56 / 60 mse 0.1442 rmse 0.3797 pcc -0.0496 ccc -0.0100
2021-06-16 14:54:29,591 - utils.logger - INFO - Cur epoch 57 loss ccc:0.1282
2021-06-16 14:54:30,010 - utils.logger - INFO - Cur epoch 57 loss ccc:0.1270
2021-06-16 14:54:30,359 - utils.logger - INFO - Cur epoch 57 loss ccc:1.1581
2021-06-16 14:54:30,360 - utils.logger - INFO - saving the model at the end of epoch 57, iters 342
2021-06-16 14:54:30,620 - utils.logger - INFO - End of training epoch 57 / 60 	 Time Taken: 1 sec, Data loading: 0 sec
2021-06-16 14:54:30,620 - utils.logger - INFO - learning rate = 0.0000029
2021-06-16 14:54:31,082 - utils.logger - INFO - Trn result of epoch 57 / 60 mse 0.1239 rmse 0.3520 pcc -0.0734 ccc -0.0166
2021-06-16 14:54:31,249 - utils.logger - INFO - Val result of epoch 57 / 60 mse 0.1440 rmse 0.3795 pcc -0.0467 ccc -0.0095
2021-06-16 14:54:31,679 - utils.logger - INFO - Cur epoch 58 loss ccc:0.1473
2021-06-16 14:54:32,088 - utils.logger - INFO - Cur epoch 58 loss ccc:0.1252
2021-06-16 14:54:32,419 - utils.logger - INFO - Cur epoch 58 loss ccc:1.0495
2021-06-16 14:54:32,419 - utils.logger - INFO - saving the model at the end of epoch 58, iters 348
2021-06-16 14:54:32,680 - utils.logger - INFO - End of training epoch 58 / 60 	 Time Taken: 1 sec, Data loading: 0 sec
2021-06-16 14:54:32,680 - utils.logger - INFO - learning rate = 0.0000020
2021-06-16 14:54:33,093 - utils.logger - INFO - Trn result of epoch 58 / 60 mse 0.1274 rmse 0.3570 pcc -0.0705 ccc -0.0156
2021-06-16 14:54:33,238 - utils.logger - INFO - Val result of epoch 58 / 60 mse 0.1484 rmse 0.3852 pcc -0.0462 ccc -0.0091
2021-06-16 14:54:33,661 - utils.logger - INFO - Cur epoch 59 loss ccc:0.1116
2021-06-16 14:54:34,082 - utils.logger - INFO - Cur epoch 59 loss ccc:0.1139
2021-06-16 14:54:34,413 - utils.logger - INFO - Cur epoch 59 loss ccc:1.0067
2021-06-16 14:54:34,413 - utils.logger - INFO - saving the model at the end of epoch 59, iters 354
2021-06-16 14:54:34,671 - utils.logger - INFO - End of training epoch 59 / 60 	 Time Taken: 1 sec, Data loading: 0 sec
2021-06-16 14:54:34,671 - utils.logger - INFO - learning rate = 0.0000010
2021-06-16 14:54:35,089 - utils.logger - INFO - Trn result of epoch 59 / 60 mse 0.1297 rmse 0.3602 pcc -0.0694 ccc -0.0152
2021-06-16 14:54:35,233 - utils.logger - INFO - Val result of epoch 59 / 60 mse 0.1513 rmse 0.3890 pcc -0.0467 ccc -0.0092
2021-06-16 14:54:35,654 - utils.logger - INFO - Cur epoch 60 loss ccc:0.1097
2021-06-16 14:54:36,078 - utils.logger - INFO - Cur epoch 60 loss ccc:0.1251
2021-06-16 14:54:36,419 - utils.logger - INFO - Cur epoch 60 loss ccc:1.0039
2021-06-16 14:54:36,419 - utils.logger - INFO - saving the model at the end of epoch 60, iters 360
2021-06-16 14:54:36,686 - utils.logger - INFO - End of training epoch 60 / 60 	 Time Taken: 1 sec, Data loading: 0 sec
2021-06-16 14:54:36,686 - utils.logger - INFO - learning rate = 0.0000000
2021-06-16 14:54:37,108 - utils.logger - INFO - Trn result of epoch 60 / 60 mse 0.1304 rmse 0.3611 pcc -0.0691 ccc -0.0151
2021-06-16 14:54:37,256 - utils.logger - INFO - Val result of epoch 60 / 60 mse 0.1521 rmse 0.3900 pcc -0.0466 ccc -0.0091
2021-06-16 14:54:37,256 - utils.logger - INFO - Best eval epoch 10 found with ccc 0.015775
2021-06-16 14:54:37,256 - utils.logger - INFO - baseline_fcfusion_wonorm_wav2vec_arousal_hidden1024_seq100_lr5e-05_cccloss_run2
