2021-06-16 14:20:04,531 - utils.logger - INFO - The number of training samples = 41
2021-06-16 14:20:09,029 - utils.logger - INFO - Cur epoch 1 loss ccc:0.1251
2021-06-16 14:20:09,456 - utils.logger - INFO - Cur epoch 1 loss ccc:0.1252
2021-06-16 14:20:09,820 - utils.logger - INFO - Cur epoch 1 loss ccc:0.9996
2021-06-16 14:20:09,821 - utils.logger - INFO - saving the model at the end of epoch 1, iters 6
2021-06-16 14:20:10,075 - utils.logger - INFO - End of training epoch 1 / 60 	 Time Taken: 1 sec, Data loading: 0 sec
2021-06-16 14:20:10,075 - utils.logger - INFO - learning rate = 0.0000500
2021-06-16 14:20:10,542 - utils.logger - INFO - Trn result of epoch 1 / 60 mse 0.1160 rmse 0.3405 pcc -0.0328 ccc -0.0003
2021-06-16 14:20:10,708 - utils.logger - INFO - Val result of epoch 1 / 60 mse 0.1310 rmse 0.3619 pcc 0.0556 ccc 0.0005
2021-06-16 14:20:11,154 - utils.logger - INFO - Cur epoch 2 loss ccc:0.1243
2021-06-16 14:20:11,591 - utils.logger - INFO - Cur epoch 2 loss ccc:0.1250
2021-06-16 14:20:11,949 - utils.logger - INFO - Cur epoch 2 loss ccc:0.9791
2021-06-16 14:20:11,950 - utils.logger - INFO - saving the model at the end of epoch 2, iters 12
2021-06-16 14:20:12,222 - utils.logger - INFO - End of training epoch 2 / 60 	 Time Taken: 1 sec, Data loading: 0 sec
2021-06-16 14:20:12,222 - utils.logger - INFO - learning rate = 0.0000500
2021-06-16 14:20:12,697 - utils.logger - INFO - Trn result of epoch 2 / 60 mse 0.1121 rmse 0.3348 pcc -0.0345 ccc -0.0030
2021-06-16 14:20:12,856 - utils.logger - INFO - Val result of epoch 2 / 60 mse 0.1283 rmse 0.3582 pcc 0.0712 ccc 0.0061
2021-06-16 14:20:13,277 - utils.logger - INFO - Cur epoch 3 loss ccc:0.1383
2021-06-16 14:20:13,688 - utils.logger - INFO - Cur epoch 3 loss ccc:0.1250
2021-06-16 14:20:14,054 - utils.logger - INFO - Cur epoch 3 loss ccc:1.0014
2021-06-16 14:20:14,055 - utils.logger - INFO - saving the model at the end of epoch 3, iters 18
2021-06-16 14:20:14,328 - utils.logger - INFO - End of training epoch 3 / 60 	 Time Taken: 1 sec, Data loading: 0 sec
2021-06-16 14:20:14,328 - utils.logger - INFO - learning rate = 0.0000500
2021-06-16 14:20:14,783 - utils.logger - INFO - Trn result of epoch 3 / 60 mse 0.1161 rmse 0.3407 pcc 0.0733 ccc 0.0405
2021-06-16 14:20:14,941 - utils.logger - INFO - Val result of epoch 3 / 60 mse 0.1298 rmse 0.3603 pcc 0.0785 ccc 0.0054
2021-06-16 14:20:15,363 - utils.logger - INFO - Cur epoch 4 loss ccc:0.1249
2021-06-16 14:20:15,797 - utils.logger - INFO - Cur epoch 4 loss ccc:0.1197
2021-06-16 14:20:16,160 - utils.logger - INFO - Cur epoch 4 loss ccc:1.0008
2021-06-16 14:20:16,160 - utils.logger - INFO - saving the model at the end of epoch 4, iters 24
2021-06-16 14:20:16,576 - utils.logger - INFO - End of training epoch 4 / 60 	 Time Taken: 1 sec, Data loading: 0 sec
2021-06-16 14:20:16,576 - utils.logger - INFO - learning rate = 0.0000500
2021-06-16 14:20:17,022 - utils.logger - INFO - Trn result of epoch 4 / 60 mse 0.1258 rmse 0.3547 pcc 0.1616 ccc 0.1327
2021-06-16 14:20:17,186 - utils.logger - INFO - Val result of epoch 4 / 60 mse 0.1382 rmse 0.3718 pcc 0.1536 ccc 0.1113
2021-06-16 14:20:17,611 - utils.logger - INFO - Cur epoch 5 loss ccc:0.0983
2021-06-16 14:20:18,027 - utils.logger - INFO - Cur epoch 5 loss ccc:0.1214
2021-06-16 14:20:18,396 - utils.logger - INFO - Cur epoch 5 loss ccc:1.0135
2021-06-16 14:20:18,397 - utils.logger - INFO - saving the model at the end of epoch 5, iters 30
2021-06-16 14:20:18,663 - utils.logger - INFO - End of training epoch 5 / 60 	 Time Taken: 1 sec, Data loading: 0 sec
2021-06-16 14:20:18,663 - utils.logger - INFO - learning rate = 0.0000500
2021-06-16 14:20:19,095 - utils.logger - INFO - Trn result of epoch 5 / 60 mse 0.2016 rmse 0.4490 pcc 0.1434 ccc 0.0265
2021-06-16 14:20:19,256 - utils.logger - INFO - Val result of epoch 5 / 60 mse 0.2458 rmse 0.4958 pcc 0.1050 ccc 0.0179
2021-06-16 14:20:19,694 - utils.logger - INFO - Cur epoch 6 loss ccc:0.1107
2021-06-16 14:20:20,118 - utils.logger - INFO - Cur epoch 6 loss ccc:0.1138
2021-06-16 14:20:20,473 - utils.logger - INFO - Cur epoch 6 loss ccc:0.9535
2021-06-16 14:20:20,473 - utils.logger - INFO - saving the model at the end of epoch 6, iters 36
2021-06-16 14:20:20,727 - utils.logger - INFO - End of training epoch 6 / 60 	 Time Taken: 1 sec, Data loading: 0 sec
2021-06-16 14:20:20,728 - utils.logger - INFO - learning rate = 0.0000500
2021-06-16 14:20:21,200 - utils.logger - INFO - Trn result of epoch 6 / 60 mse 0.1884 rmse 0.4340 pcc 0.0484 ccc 0.0214
2021-06-16 14:20:21,364 - utils.logger - INFO - Val result of epoch 6 / 60 mse 0.1968 rmse 0.4436 pcc 0.2416 ccc 0.1204
2021-06-16 14:20:21,777 - utils.logger - INFO - Cur epoch 7 loss ccc:0.1110
2021-06-16 14:20:22,196 - utils.logger - INFO - Cur epoch 7 loss ccc:0.1214
2021-06-16 14:20:22,569 - utils.logger - INFO - Cur epoch 7 loss ccc:1.0243
2021-06-16 14:20:22,569 - utils.logger - INFO - saving the model at the end of epoch 7, iters 42
2021-06-16 14:20:22,836 - utils.logger - INFO - End of training epoch 7 / 60 	 Time Taken: 1 sec, Data loading: 0 sec
2021-06-16 14:20:22,836 - utils.logger - INFO - learning rate = 0.0000500
2021-06-16 14:20:23,252 - utils.logger - INFO - Trn result of epoch 7 / 60 mse 0.1910 rmse 0.4370 pcc 0.1333 ccc 0.0221
2021-06-16 14:20:23,398 - utils.logger - INFO - Val result of epoch 7 / 60 mse 0.2340 rmse 0.4837 pcc 0.0961 ccc 0.0144
2021-06-16 14:20:23,823 - utils.logger - INFO - Cur epoch 8 loss ccc:0.1162
2021-06-16 14:20:24,239 - utils.logger - INFO - Cur epoch 8 loss ccc:0.1246
2021-06-16 14:20:24,605 - utils.logger - INFO - Cur epoch 8 loss ccc:1.0572
2021-06-16 14:20:24,606 - utils.logger - INFO - saving the model at the end of epoch 8, iters 48
2021-06-16 14:20:24,874 - utils.logger - INFO - End of training epoch 8 / 60 	 Time Taken: 1 sec, Data loading: 0 sec
2021-06-16 14:20:24,874 - utils.logger - INFO - learning rate = 0.0000500
2021-06-16 14:20:25,317 - utils.logger - INFO - Trn result of epoch 8 / 60 mse 0.1147 rmse 0.3387 pcc 0.1452 ccc 0.0959
2021-06-16 14:20:25,476 - utils.logger - INFO - Val result of epoch 8 / 60 mse 0.1192 rmse 0.3452 pcc 0.3185 ccc 0.1931
2021-06-16 14:20:25,922 - utils.logger - INFO - Cur epoch 9 loss ccc:0.1302
2021-06-16 14:20:26,336 - utils.logger - INFO - Cur epoch 9 loss ccc:0.1245
2021-06-16 14:20:26,691 - utils.logger - INFO - Cur epoch 9 loss ccc:1.0494
2021-06-16 14:20:26,691 - utils.logger - INFO - saving the model at the end of epoch 9, iters 54
2021-06-16 14:20:26,948 - utils.logger - INFO - End of training epoch 9 / 60 	 Time Taken: 1 sec, Data loading: 0 sec
2021-06-16 14:20:26,949 - utils.logger - INFO - learning rate = 0.0000500
2021-06-16 14:20:27,377 - utils.logger - INFO - Trn result of epoch 9 / 60 mse 0.1162 rmse 0.3409 pcc 0.0181 ccc 0.0005
2021-06-16 14:20:27,520 - utils.logger - INFO - Val result of epoch 9 / 60 mse 0.1311 rmse 0.3621 pcc 0.0825 ccc 0.0015
2021-06-16 14:20:27,931 - utils.logger - INFO - Cur epoch 10 loss ccc:0.1250
2021-06-16 14:20:28,349 - utils.logger - INFO - Cur epoch 10 loss ccc:0.1206
2021-06-16 14:20:28,687 - utils.logger - INFO - Cur epoch 10 loss ccc:1.0041
2021-06-16 14:20:28,687 - utils.logger - INFO - saving the model at the end of epoch 10, iters 60
2021-06-16 14:20:28,975 - utils.logger - INFO - End of training epoch 10 / 60 	 Time Taken: 1 sec, Data loading: 0 sec
2021-06-16 14:20:28,975 - utils.logger - INFO - learning rate = 0.0000490
2021-06-16 14:20:29,387 - utils.logger - INFO - Trn result of epoch 10 / 60 mse 0.1185 rmse 0.3442 pcc 0.1528 ccc 0.1172
2021-06-16 14:20:29,532 - utils.logger - INFO - Val result of epoch 10 / 60 mse 0.1284 rmse 0.3583 pcc 0.2165 ccc 0.1482
2021-06-16 14:20:29,959 - utils.logger - INFO - Cur epoch 11 loss ccc:0.1194
2021-06-16 14:20:30,369 - utils.logger - INFO - Cur epoch 11 loss ccc:0.1219
2021-06-16 14:20:30,706 - utils.logger - INFO - Cur epoch 11 loss ccc:0.9294
2021-06-16 14:20:30,706 - utils.logger - INFO - saving the model at the end of epoch 11, iters 66
2021-06-16 14:20:30,973 - utils.logger - INFO - End of training epoch 11 / 60 	 Time Taken: 1 sec, Data loading: 0 sec
2021-06-16 14:20:30,974 - utils.logger - INFO - learning rate = 0.0000480
2021-06-16 14:20:31,385 - utils.logger - INFO - Trn result of epoch 11 / 60 mse 0.2053 rmse 0.4531 pcc 0.0938 ccc 0.0120
2021-06-16 14:20:31,526 - utils.logger - INFO - Val result of epoch 11 / 60 mse 0.2493 rmse 0.4993 pcc 0.0698 ccc 0.0079
2021-06-16 14:20:31,948 - utils.logger - INFO - Cur epoch 12 loss ccc:0.1246
2021-06-16 14:20:32,371 - utils.logger - INFO - Cur epoch 12 loss ccc:0.1390
2021-06-16 14:20:32,735 - utils.logger - INFO - Cur epoch 12 loss ccc:1.0068
2021-06-16 14:20:32,735 - utils.logger - INFO - saving the model at the end of epoch 12, iters 72
2021-06-16 14:20:33,148 - utils.logger - INFO - End of training epoch 12 / 60 	 Time Taken: 1 sec, Data loading: 0 sec
2021-06-16 14:20:33,149 - utils.logger - INFO - learning rate = 0.0000471
2021-06-16 14:20:33,611 - utils.logger - INFO - Trn result of epoch 12 / 60 mse 0.2127 rmse 0.4612 pcc 0.0896 ccc 0.0111
2021-06-16 14:20:33,774 - utils.logger - INFO - Val result of epoch 12 / 60 mse 0.2573 rmse 0.5072 pcc 0.0695 ccc 0.0076
2021-06-16 14:20:34,210 - utils.logger - INFO - Cur epoch 13 loss ccc:0.1232
2021-06-16 14:20:34,626 - utils.logger - INFO - Cur epoch 13 loss ccc:0.0886
2021-06-16 14:20:34,975 - utils.logger - INFO - Cur epoch 13 loss ccc:1.0121
2021-06-16 14:20:34,975 - utils.logger - INFO - saving the model at the end of epoch 13, iters 78
2021-06-16 14:20:35,247 - utils.logger - INFO - End of training epoch 13 / 60 	 Time Taken: 1 sec, Data loading: 0 sec
2021-06-16 14:20:35,247 - utils.logger - INFO - learning rate = 0.0000461
2021-06-16 14:20:35,661 - utils.logger - INFO - Trn result of epoch 13 / 60 mse 0.1279 rmse 0.3576 pcc 0.1060 ccc 0.0145
2021-06-16 14:20:35,810 - utils.logger - INFO - Val result of epoch 13 / 60 mse 0.1598 rmse 0.3998 pcc 0.0824 ccc 0.0098
2021-06-16 14:20:36,229 - utils.logger - INFO - Cur epoch 14 loss ccc:0.1250
2021-06-16 14:20:36,655 - utils.logger - INFO - Cur epoch 14 loss ccc:0.1182
2021-06-16 14:20:36,989 - utils.logger - INFO - Cur epoch 14 loss ccc:1.0012
2021-06-16 14:20:36,989 - utils.logger - INFO - saving the model at the end of epoch 14, iters 84
2021-06-16 14:20:37,288 - utils.logger - INFO - End of training epoch 14 / 60 	 Time Taken: 1 sec, Data loading: 0 sec
2021-06-16 14:20:37,289 - utils.logger - INFO - learning rate = 0.0000451
2021-06-16 14:20:37,752 - utils.logger - INFO - Trn result of epoch 14 / 60 mse 0.1378 rmse 0.3712 pcc 0.1087 ccc 0.0160
2021-06-16 14:20:37,912 - utils.logger - INFO - Val result of epoch 14 / 60 mse 0.1720 rmse 0.4147 pcc 0.0838 ccc 0.0108
2021-06-16 14:20:38,333 - utils.logger - INFO - Cur epoch 15 loss ccc:0.1000
2021-06-16 14:20:38,746 - utils.logger - INFO - Cur epoch 15 loss ccc:0.1472
2021-06-16 14:20:39,099 - utils.logger - INFO - Cur epoch 15 loss ccc:0.9558
2021-06-16 14:20:39,100 - utils.logger - INFO - saving the model at the end of epoch 15, iters 90
2021-06-16 14:20:39,541 - utils.logger - INFO - End of training epoch 15 / 60 	 Time Taken: 1 sec, Data loading: 0 sec
2021-06-16 14:20:39,542 - utils.logger - INFO - learning rate = 0.0000441
2021-06-16 14:20:39,960 - utils.logger - INFO - Trn result of epoch 15 / 60 mse 0.1876 rmse 0.4332 pcc 0.1093 ccc 0.0175
2021-06-16 14:20:40,098 - utils.logger - INFO - Val result of epoch 15 / 60 mse 0.2289 rmse 0.4785 pcc 0.0879 ccc 0.0126
2021-06-16 14:20:40,508 - utils.logger - INFO - Cur epoch 16 loss ccc:0.0960
2021-06-16 14:20:40,928 - utils.logger - INFO - Cur epoch 16 loss ccc:0.0966
2021-06-16 14:20:41,288 - utils.logger - INFO - Cur epoch 16 loss ccc:0.9993
2021-06-16 14:20:41,288 - utils.logger - INFO - saving the model at the end of epoch 16, iters 96
2021-06-16 14:20:41,546 - utils.logger - INFO - End of training epoch 16 / 60 	 Time Taken: 1 sec, Data loading: 0 sec
2021-06-16 14:20:41,547 - utils.logger - INFO - learning rate = 0.0000431
2021-06-16 14:20:41,964 - utils.logger - INFO - Trn result of epoch 16 / 60 mse 0.1646 rmse 0.4057 pcc 0.1212 ccc 0.0274
2021-06-16 14:20:42,104 - utils.logger - INFO - Val result of epoch 16 / 60 mse 0.2033 rmse 0.4509 pcc 0.0841 ccc 0.0173
2021-06-16 14:20:42,491 - utils.logger - INFO - Cur epoch 17 loss ccc:0.0944
2021-06-16 14:20:42,892 - utils.logger - INFO - Cur epoch 17 loss ccc:0.1219
2021-06-16 14:20:43,217 - utils.logger - INFO - Cur epoch 17 loss ccc:0.8645
2021-06-16 14:20:43,218 - utils.logger - INFO - saving the model at the end of epoch 17, iters 102
2021-06-16 14:20:43,482 - utils.logger - INFO - End of training epoch 17 / 60 	 Time Taken: 1 sec, Data loading: 0 sec
2021-06-16 14:20:43,482 - utils.logger - INFO - learning rate = 0.0000422
2021-06-16 14:20:43,895 - utils.logger - INFO - Trn result of epoch 17 / 60 mse 0.1472 rmse 0.3837 pcc 0.1132 ccc 0.0231
2021-06-16 14:20:44,053 - utils.logger - INFO - Val result of epoch 17 / 60 mse 0.1826 rmse 0.4273 pcc 0.0890 ccc 0.0165
2021-06-16 14:20:44,488 - utils.logger - INFO - Cur epoch 18 loss ccc:0.1281
2021-06-16 14:20:44,932 - utils.logger - INFO - Cur epoch 18 loss ccc:0.0936
2021-06-16 14:20:45,278 - utils.logger - INFO - Cur epoch 18 loss ccc:0.9800
2021-06-16 14:20:45,278 - utils.logger - INFO - saving the model at the end of epoch 18, iters 108
2021-06-16 14:20:45,544 - utils.logger - INFO - End of training epoch 18 / 60 	 Time Taken: 1 sec, Data loading: 0 sec
2021-06-16 14:20:45,544 - utils.logger - INFO - learning rate = 0.0000412
2021-06-16 14:20:45,961 - utils.logger - INFO - Trn result of epoch 18 / 60 mse 0.1480 rmse 0.3847 pcc 0.0473 ccc 0.0205
2021-06-16 14:20:46,105 - utils.logger - INFO - Val result of epoch 18 / 60 mse 0.1898 rmse 0.4357 pcc -0.0763 ccc -0.0306
2021-06-16 14:20:46,522 - utils.logger - INFO - Cur epoch 19 loss ccc:0.1333
2021-06-16 14:20:46,939 - utils.logger - INFO - Cur epoch 19 loss ccc:0.1250
2021-06-16 14:20:47,298 - utils.logger - INFO - Cur epoch 19 loss ccc:1.0066
2021-06-16 14:20:47,298 - utils.logger - INFO - saving the model at the end of epoch 19, iters 114
2021-06-16 14:20:47,558 - utils.logger - INFO - End of training epoch 19 / 60 	 Time Taken: 1 sec, Data loading: 0 sec
2021-06-16 14:20:47,558 - utils.logger - INFO - learning rate = 0.0000402
2021-06-16 14:20:47,983 - utils.logger - INFO - Trn result of epoch 19 / 60 mse 0.1569 rmse 0.3961 pcc 0.1412 ccc 0.0396
2021-06-16 14:20:48,153 - utils.logger - INFO - Val result of epoch 19 / 60 mse 0.2037 rmse 0.4514 pcc -0.1059 ccc -0.0398
2021-06-16 14:20:48,570 - utils.logger - INFO - Cur epoch 20 loss ccc:0.1250
2021-06-16 14:20:48,998 - utils.logger - INFO - Cur epoch 20 loss ccc:0.1089
2021-06-16 14:20:49,334 - utils.logger - INFO - Cur epoch 20 loss ccc:1.0497
2021-06-16 14:20:49,334 - utils.logger - INFO - saving the model at the end of epoch 20, iters 120
2021-06-16 14:20:49,552 - utils.logger - INFO - End of training epoch 20 / 60 	 Time Taken: 1 sec, Data loading: 0 sec
2021-06-16 14:20:49,552 - utils.logger - INFO - learning rate = 0.0000392
2021-06-16 14:20:50,014 - utils.logger - INFO - Trn result of epoch 20 / 60 mse 0.1897 rmse 0.4356 pcc 0.1175 ccc 0.0243
2021-06-16 14:20:50,181 - utils.logger - INFO - Val result of epoch 20 / 60 mse 0.2306 rmse 0.4803 pcc 0.0926 ccc 0.0177
2021-06-16 14:20:50,613 - utils.logger - INFO - Cur epoch 21 loss ccc:0.1136
2021-06-16 14:20:51,035 - utils.logger - INFO - Cur epoch 21 loss ccc:0.1290
2021-06-16 14:20:51,375 - utils.logger - INFO - Cur epoch 21 loss ccc:0.9964
2021-06-16 14:20:51,376 - utils.logger - INFO - saving the model at the end of epoch 21, iters 126
2021-06-16 14:20:51,628 - utils.logger - INFO - End of training epoch 21 / 60 	 Time Taken: 1 sec, Data loading: 0 sec
2021-06-16 14:20:51,628 - utils.logger - INFO - learning rate = 0.0000382
2021-06-16 14:20:52,047 - utils.logger - INFO - Trn result of epoch 21 / 60 mse 0.1860 rmse 0.4313 pcc 0.0919 ccc 0.0351
2021-06-16 14:20:52,190 - utils.logger - INFO - Val result of epoch 21 / 60 mse 0.2365 rmse 0.4863 pcc -0.0803 ccc -0.0323
2021-06-16 14:20:52,619 - utils.logger - INFO - Cur epoch 22 loss ccc:0.1202
2021-06-16 14:20:53,039 - utils.logger - INFO - Cur epoch 22 loss ccc:0.1249
2021-06-16 14:20:53,386 - utils.logger - INFO - Cur epoch 22 loss ccc:0.9405
2021-06-16 14:20:53,386 - utils.logger - INFO - saving the model at the end of epoch 22, iters 132
2021-06-16 14:20:53,812 - utils.logger - INFO - End of training epoch 22 / 60 	 Time Taken: 1 sec, Data loading: 0 sec
2021-06-16 14:20:53,813 - utils.logger - INFO - learning rate = 0.0000373
2021-06-16 14:20:54,228 - utils.logger - INFO - Trn result of epoch 22 / 60 mse 0.1665 rmse 0.4081 pcc 0.0557 ccc 0.0244
2021-06-16 14:20:54,371 - utils.logger - INFO - Val result of epoch 22 / 60 mse 0.2121 rmse 0.4605 pcc -0.0713 ccc -0.0294
2021-06-16 14:20:54,805 - utils.logger - INFO - Cur epoch 23 loss ccc:0.0917
2021-06-16 14:20:55,215 - utils.logger - INFO - Cur epoch 23 loss ccc:0.1248
2021-06-16 14:20:55,564 - utils.logger - INFO - Cur epoch 23 loss ccc:1.4308
2021-06-16 14:20:55,564 - utils.logger - INFO - saving the model at the end of epoch 23, iters 138
2021-06-16 14:20:55,830 - utils.logger - INFO - End of training epoch 23 / 60 	 Time Taken: 1 sec, Data loading: 0 sec
2021-06-16 14:20:55,830 - utils.logger - INFO - learning rate = 0.0000363
2021-06-16 14:20:56,257 - utils.logger - INFO - Trn result of epoch 23 / 60 mse 0.2109 rmse 0.4592 pcc 0.0873 ccc 0.0113
2021-06-16 14:20:56,421 - utils.logger - INFO - Val result of epoch 23 / 60 mse 0.2546 rmse 0.5046 pcc 0.0737 ccc 0.0085
2021-06-16 14:20:56,863 - utils.logger - INFO - Cur epoch 24 loss ccc:0.1239
2021-06-16 14:20:57,286 - utils.logger - INFO - Cur epoch 24 loss ccc:0.1158
2021-06-16 14:20:57,662 - utils.logger - INFO - Cur epoch 24 loss ccc:0.9968
2021-06-16 14:20:57,662 - utils.logger - INFO - saving the model at the end of epoch 24, iters 144
2021-06-16 14:20:57,942 - utils.logger - INFO - End of training epoch 24 / 60 	 Time Taken: 1 sec, Data loading: 0 sec
2021-06-16 14:20:57,942 - utils.logger - INFO - learning rate = 0.0000353
2021-06-16 14:20:58,364 - utils.logger - INFO - Trn result of epoch 24 / 60 mse 0.2055 rmse 0.4533 pcc 0.0903 ccc 0.0120
2021-06-16 14:20:58,510 - utils.logger - INFO - Val result of epoch 24 / 60 mse 0.2488 rmse 0.4988 pcc 0.0736 ccc 0.0086
2021-06-16 14:20:58,925 - utils.logger - INFO - Cur epoch 25 loss ccc:0.1258
2021-06-16 14:20:59,340 - utils.logger - INFO - Cur epoch 25 loss ccc:0.1186
2021-06-16 14:20:59,681 - utils.logger - INFO - Cur epoch 25 loss ccc:1.0011
2021-06-16 14:20:59,682 - utils.logger - INFO - saving the model at the end of epoch 25, iters 150
2021-06-16 14:20:59,930 - utils.logger - INFO - End of training epoch 25 / 60 	 Time Taken: 1 sec, Data loading: 0 sec
2021-06-16 14:20:59,930 - utils.logger - INFO - learning rate = 0.0000343
2021-06-16 14:21:00,356 - utils.logger - INFO - Trn result of epoch 25 / 60 mse 0.1979 rmse 0.4449 pcc 0.0913 ccc 0.0123
2021-06-16 14:21:00,501 - utils.logger - INFO - Val result of epoch 25 / 60 mse 0.2404 rmse 0.4903 pcc 0.0746 ccc 0.0089
2021-06-16 14:21:00,912 - utils.logger - INFO - Cur epoch 26 loss ccc:0.1137
2021-06-16 14:21:01,334 - utils.logger - INFO - Cur epoch 26 loss ccc:0.1249
2021-06-16 14:21:01,698 - utils.logger - INFO - Cur epoch 26 loss ccc:0.9982
2021-06-16 14:21:01,698 - utils.logger - INFO - saving the model at the end of epoch 26, iters 156
2021-06-16 14:21:01,976 - utils.logger - INFO - End of training epoch 26 / 60 	 Time Taken: 1 sec, Data loading: 0 sec
2021-06-16 14:21:01,976 - utils.logger - INFO - learning rate = 0.0000333
2021-06-16 14:21:02,380 - utils.logger - INFO - Trn result of epoch 26 / 60 mse 0.1916 rmse 0.4377 pcc 0.0921 ccc 0.0127
2021-06-16 14:21:02,520 - utils.logger - INFO - Val result of epoch 26 / 60 mse 0.2333 rmse 0.4830 pcc 0.0756 ccc 0.0091
2021-06-16 14:21:02,935 - utils.logger - INFO - Cur epoch 27 loss ccc:0.1104
2021-06-16 14:21:03,357 - utils.logger - INFO - Cur epoch 27 loss ccc:0.0939
2021-06-16 14:21:03,703 - utils.logger - INFO - Cur epoch 27 loss ccc:0.9983
2021-06-16 14:21:03,703 - utils.logger - INFO - saving the model at the end of epoch 27, iters 162
2021-06-16 14:21:03,923 - utils.logger - INFO - End of training epoch 27 / 60 	 Time Taken: 1 sec, Data loading: 0 sec
2021-06-16 14:21:03,923 - utils.logger - INFO - learning rate = 0.0000324
2021-06-16 14:21:04,343 - utils.logger - INFO - Trn result of epoch 27 / 60 mse 0.1859 rmse 0.4312 pcc 0.0934 ccc 0.0131
2021-06-16 14:21:04,482 - utils.logger - INFO - Val result of epoch 27 / 60 mse 0.2269 rmse 0.4764 pcc 0.0768 ccc 0.0095
2021-06-16 14:21:04,899 - utils.logger - INFO - Cur epoch 28 loss ccc:0.1114
2021-06-16 14:21:05,311 - utils.logger - INFO - Cur epoch 28 loss ccc:0.1236
2021-06-16 14:21:05,682 - utils.logger - INFO - Cur epoch 28 loss ccc:0.9291
2021-06-16 14:21:05,682 - utils.logger - INFO - saving the model at the end of epoch 28, iters 168
2021-06-16 14:21:05,959 - utils.logger - INFO - End of training epoch 28 / 60 	 Time Taken: 1 sec, Data loading: 0 sec
2021-06-16 14:21:05,959 - utils.logger - INFO - learning rate = 0.0000314
2021-06-16 14:21:06,422 - utils.logger - INFO - Trn result of epoch 28 / 60 mse 0.1853 rmse 0.4305 pcc 0.0974 ccc 0.0143
2021-06-16 14:21:06,592 - utils.logger - INFO - Val result of epoch 28 / 60 mse 0.2262 rmse 0.4756 pcc 0.0800 ccc 0.0104
2021-06-16 14:21:07,023 - utils.logger - INFO - Cur epoch 29 loss ccc:0.0891
2021-06-16 14:21:07,420 - utils.logger - INFO - Cur epoch 29 loss ccc:0.1075
2021-06-16 14:21:07,788 - utils.logger - INFO - Cur epoch 29 loss ccc:0.9970
2021-06-16 14:21:07,788 - utils.logger - INFO - saving the model at the end of epoch 29, iters 174
2021-06-16 14:21:08,053 - utils.logger - INFO - End of training epoch 29 / 60 	 Time Taken: 1 sec, Data loading: 0 sec
2021-06-16 14:21:08,053 - utils.logger - INFO - learning rate = 0.0000304
2021-06-16 14:21:08,468 - utils.logger - INFO - Trn result of epoch 29 / 60 mse 0.1747 rmse 0.4180 pcc 0.0986 ccc 0.0150
2021-06-16 14:21:08,611 - utils.logger - INFO - Val result of epoch 29 / 60 mse 0.2142 rmse 0.4628 pcc 0.0822 ccc 0.0110
2021-06-16 14:21:09,058 - utils.logger - INFO - Cur epoch 30 loss ccc:0.0976
2021-06-16 14:21:09,482 - utils.logger - INFO - Cur epoch 30 loss ccc:0.1228
2021-06-16 14:21:09,806 - utils.logger - INFO - Cur epoch 30 loss ccc:0.9981
2021-06-16 14:21:09,806 - utils.logger - INFO - saving the model at the end of epoch 30, iters 180
2021-06-16 14:21:10,087 - utils.logger - INFO - End of training epoch 30 / 60 	 Time Taken: 1 sec, Data loading: 0 sec
2021-06-16 14:21:10,088 - utils.logger - INFO - learning rate = 0.0000294
2021-06-16 14:21:10,502 - utils.logger - INFO - Trn result of epoch 30 / 60 mse 0.1762 rmse 0.4198 pcc 0.1014 ccc 0.0160
2021-06-16 14:21:10,645 - utils.logger - INFO - Val result of epoch 30 / 60 mse 0.2159 rmse 0.4647 pcc 0.0846 ccc 0.0117
2021-06-16 14:21:11,071 - utils.logger - INFO - Cur epoch 31 loss ccc:0.1124
2021-06-16 14:21:11,486 - utils.logger - INFO - Cur epoch 31 loss ccc:0.1239
2021-06-16 14:21:11,811 - utils.logger - INFO - Cur epoch 31 loss ccc:0.9668
2021-06-16 14:21:11,812 - utils.logger - INFO - saving the model at the end of epoch 31, iters 186
2021-06-16 14:21:12,082 - utils.logger - INFO - End of training epoch 31 / 60 	 Time Taken: 1 sec, Data loading: 0 sec
2021-06-16 14:21:12,082 - utils.logger - INFO - learning rate = 0.0000284
2021-06-16 14:21:12,516 - utils.logger - INFO - Trn result of epoch 31 / 60 mse 0.1921 rmse 0.4383 pcc 0.1047 ccc 0.0170
2021-06-16 14:21:12,683 - utils.logger - INFO - Val result of epoch 31 / 60 mse 0.2339 rmse 0.4836 pcc 0.0853 ccc 0.0123
2021-06-16 14:21:13,123 - utils.logger - INFO - Cur epoch 32 loss ccc:0.1249
2021-06-16 14:21:13,554 - utils.logger - INFO - Cur epoch 32 loss ccc:0.0770
2021-06-16 14:21:13,907 - utils.logger - INFO - Cur epoch 32 loss ccc:0.9986
2021-06-16 14:21:13,907 - utils.logger - INFO - saving the model at the end of epoch 32, iters 192
2021-06-16 14:21:14,174 - utils.logger - INFO - End of training epoch 32 / 60 	 Time Taken: 1 sec, Data loading: 0 sec
2021-06-16 14:21:14,174 - utils.logger - INFO - learning rate = 0.0000275
2021-06-16 14:21:14,585 - utils.logger - INFO - Trn result of epoch 32 / 60 mse 0.1866 rmse 0.4320 pcc 0.1055 ccc 0.0179
2021-06-16 14:21:14,725 - utils.logger - INFO - Val result of epoch 32 / 60 mse 0.2277 rmse 0.4772 pcc 0.0868 ccc 0.0130
2021-06-16 14:21:15,140 - utils.logger - INFO - Cur epoch 33 loss ccc:0.1000
2021-06-16 14:21:15,556 - utils.logger - INFO - Cur epoch 33 loss ccc:0.1096
2021-06-16 14:21:15,896 - utils.logger - INFO - Cur epoch 33 loss ccc:0.9870
2021-06-16 14:21:15,896 - utils.logger - INFO - saving the model at the end of epoch 33, iters 198
2021-06-16 14:21:16,157 - utils.logger - INFO - End of training epoch 33 / 60 	 Time Taken: 1 sec, Data loading: 0 sec
2021-06-16 14:21:16,157 - utils.logger - INFO - learning rate = 0.0000265
2021-06-16 14:21:16,575 - utils.logger - INFO - Trn result of epoch 33 / 60 mse 0.1896 rmse 0.4354 pcc 0.1072 ccc 0.0176
2021-06-16 14:21:16,720 - utils.logger - INFO - Val result of epoch 33 / 60 mse 0.2311 rmse 0.4807 pcc 0.0859 ccc 0.0125
2021-06-16 14:21:17,146 - utils.logger - INFO - Cur epoch 34 loss ccc:0.1240
2021-06-16 14:21:17,567 - utils.logger - INFO - Cur epoch 34 loss ccc:0.1297
2021-06-16 14:21:17,932 - utils.logger - INFO - Cur epoch 34 loss ccc:0.9103
2021-06-16 14:21:17,932 - utils.logger - INFO - saving the model at the end of epoch 34, iters 204
2021-06-16 14:21:18,200 - utils.logger - INFO - End of training epoch 34 / 60 	 Time Taken: 1 sec, Data loading: 0 sec
2021-06-16 14:21:18,200 - utils.logger - INFO - learning rate = 0.0000255
2021-06-16 14:21:18,620 - utils.logger - INFO - Trn result of epoch 34 / 60 mse 0.1799 rmse 0.4242 pcc 0.1114 ccc 0.0232
2021-06-16 14:21:18,786 - utils.logger - INFO - Val result of epoch 34 / 60 mse 0.2206 rmse 0.4697 pcc 0.0784 ccc 0.0150
2021-06-16 14:21:19,227 - utils.logger - INFO - Cur epoch 35 loss ccc:0.1209
2021-06-16 14:21:19,647 - utils.logger - INFO - Cur epoch 35 loss ccc:0.1095
2021-06-16 14:21:20,022 - utils.logger - INFO - Cur epoch 35 loss ccc:1.2706
2021-06-16 14:21:20,022 - utils.logger - INFO - saving the model at the end of epoch 35, iters 210
2021-06-16 14:21:20,305 - utils.logger - INFO - End of training epoch 35 / 60 	 Time Taken: 1 sec, Data loading: 0 sec
2021-06-16 14:21:20,305 - utils.logger - INFO - learning rate = 0.0000245
2021-06-16 14:21:20,730 - utils.logger - INFO - Trn result of epoch 35 / 60 mse 0.1746 rmse 0.4179 pcc 0.0328 ccc 0.0142
2021-06-16 14:21:20,876 - utils.logger - INFO - Val result of epoch 35 / 60 mse 0.2229 rmse 0.4721 pcc -0.1070 ccc -0.0440
2021-06-16 14:21:21,285 - utils.logger - INFO - Cur epoch 36 loss ccc:0.0949
2021-06-16 14:21:21,722 - utils.logger - INFO - Cur epoch 36 loss ccc:0.1346
2021-06-16 14:21:22,066 - utils.logger - INFO - Cur epoch 36 loss ccc:0.9677
2021-06-16 14:21:22,067 - utils.logger - INFO - saving the model at the end of epoch 36, iters 216
2021-06-16 14:21:22,335 - utils.logger - INFO - End of training epoch 36 / 60 	 Time Taken: 1 sec, Data loading: 0 sec
2021-06-16 14:21:22,335 - utils.logger - INFO - learning rate = 0.0000235
2021-06-16 14:21:22,749 - utils.logger - INFO - Trn result of epoch 36 / 60 mse 0.1641 rmse 0.4051 pcc 0.0455 ccc 0.0232
2021-06-16 14:21:22,894 - utils.logger - INFO - Val result of epoch 36 / 60 mse 0.2069 rmse 0.4548 pcc -0.0412 ccc -0.0193
2021-06-16 14:21:23,312 - utils.logger - INFO - Cur epoch 37 loss ccc:0.1251
2021-06-16 14:21:23,729 - utils.logger - INFO - Cur epoch 37 loss ccc:0.1236
2021-06-16 14:21:24,090 - utils.logger - INFO - Cur epoch 37 loss ccc:0.9996
2021-06-16 14:21:24,090 - utils.logger - INFO - saving the model at the end of epoch 37, iters 222
2021-06-16 14:21:24,482 - utils.logger - INFO - End of training epoch 37 / 60 	 Time Taken: 1 sec, Data loading: 0 sec
2021-06-16 14:21:24,483 - utils.logger - INFO - learning rate = 0.0000225
2021-06-16 14:21:24,901 - utils.logger - INFO - Trn result of epoch 37 / 60 mse 0.1812 rmse 0.4256 pcc 0.1127 ccc 0.0256
2021-06-16 14:21:25,049 - utils.logger - INFO - Val result of epoch 37 / 60 mse 0.2222 rmse 0.4714 pcc 0.0743 ccc 0.0154
2021-06-16 14:21:25,482 - utils.logger - INFO - Cur epoch 38 loss ccc:0.1111
2021-06-16 14:21:25,897 - utils.logger - INFO - Cur epoch 38 loss ccc:0.1233
2021-06-16 14:21:26,263 - utils.logger - INFO - Cur epoch 38 loss ccc:1.0004
2021-06-16 14:21:26,263 - utils.logger - INFO - saving the model at the end of epoch 38, iters 228
2021-06-16 14:21:26,518 - utils.logger - INFO - End of training epoch 38 / 60 	 Time Taken: 1 sec, Data loading: 0 sec
2021-06-16 14:21:26,518 - utils.logger - INFO - learning rate = 0.0000216
2021-06-16 14:21:26,997 - utils.logger - INFO - Trn result of epoch 38 / 60 mse 0.1771 rmse 0.4209 pcc 0.1342 ccc 0.0369
2021-06-16 14:21:27,159 - utils.logger - INFO - Val result of epoch 38 / 60 mse 0.2174 rmse 0.4663 pcc 0.0850 ccc 0.0228
2021-06-16 14:21:27,581 - utils.logger - INFO - Cur epoch 39 loss ccc:0.1325
2021-06-16 14:21:28,000 - utils.logger - INFO - Cur epoch 39 loss ccc:0.0974
2021-06-16 14:21:28,379 - utils.logger - INFO - Cur epoch 39 loss ccc:0.9976
2021-06-16 14:21:28,379 - utils.logger - INFO - saving the model at the end of epoch 39, iters 234
2021-06-16 14:21:28,645 - utils.logger - INFO - End of training epoch 39 / 60 	 Time Taken: 1 sec, Data loading: 0 sec
2021-06-16 14:21:28,645 - utils.logger - INFO - learning rate = 0.0000206
2021-06-16 14:21:29,070 - utils.logger - INFO - Trn result of epoch 39 / 60 mse 0.2216 rmse 0.4707 pcc 0.1144 ccc 0.0254
2021-06-16 14:21:29,214 - utils.logger - INFO - Val result of epoch 39 / 60 mse 0.2674 rmse 0.5171 pcc 0.0727 ccc 0.0149
2021-06-16 14:21:29,637 - utils.logger - INFO - Cur epoch 40 loss ccc:0.1170
2021-06-16 14:21:30,063 - utils.logger - INFO - Cur epoch 40 loss ccc:0.1131
2021-06-16 14:21:30,403 - utils.logger - INFO - Cur epoch 40 loss ccc:1.0018
2021-06-16 14:21:30,403 - utils.logger - INFO - saving the model at the end of epoch 40, iters 240
2021-06-16 14:21:30,709 - utils.logger - INFO - End of training epoch 40 / 60 	 Time Taken: 1 sec, Data loading: 0 sec
2021-06-16 14:21:30,709 - utils.logger - INFO - learning rate = 0.0000196
2021-06-16 14:21:31,131 - utils.logger - INFO - Trn result of epoch 40 / 60 mse 0.2173 rmse 0.4661 pcc 0.1173 ccc 0.0269
2021-06-16 14:21:31,272 - utils.logger - INFO - Val result of epoch 40 / 60 mse 0.2628 rmse 0.5126 pcc 0.0723 ccc 0.0154
2021-06-16 14:21:31,700 - utils.logger - INFO - Cur epoch 41 loss ccc:0.0988
2021-06-16 14:21:32,158 - utils.logger - INFO - Cur epoch 41 loss ccc:0.1210
2021-06-16 14:21:32,498 - utils.logger - INFO - Cur epoch 41 loss ccc:1.0500
2021-06-16 14:21:32,498 - utils.logger - INFO - saving the model at the end of epoch 41, iters 246
2021-06-16 14:21:32,759 - utils.logger - INFO - End of training epoch 41 / 60 	 Time Taken: 1 sec, Data loading: 0 sec
2021-06-16 14:21:32,759 - utils.logger - INFO - learning rate = 0.0000186
2021-06-16 14:21:33,229 - utils.logger - INFO - Trn result of epoch 41 / 60 mse 0.1906 rmse 0.4366 pcc 0.1350 ccc 0.0357
2021-06-16 14:21:33,392 - utils.logger - INFO - Val result of epoch 41 / 60 mse 0.2324 rmse 0.4821 pcc 0.0905 ccc 0.0233
2021-06-16 14:21:33,830 - utils.logger - INFO - Cur epoch 42 loss ccc:0.0901
2021-06-16 14:21:34,245 - utils.logger - INFO - Cur epoch 42 loss ccc:0.1294
2021-06-16 14:21:34,589 - utils.logger - INFO - Cur epoch 42 loss ccc:1.0565
2021-06-16 14:21:34,589 - utils.logger - INFO - saving the model at the end of epoch 42, iters 252
2021-06-16 14:21:34,846 - utils.logger - INFO - End of training epoch 42 / 60 	 Time Taken: 1 sec, Data loading: 0 sec
2021-06-16 14:21:34,846 - utils.logger - INFO - learning rate = 0.0000176
2021-06-16 14:21:35,267 - utils.logger - INFO - Trn result of epoch 42 / 60 mse 0.1653 rmse 0.4065 pcc 0.0436 ccc 0.0197
2021-06-16 14:21:35,411 - utils.logger - INFO - Val result of epoch 42 / 60 mse 0.2075 rmse 0.4556 pcc -0.0552 ccc -0.0247
2021-06-16 14:21:35,824 - utils.logger - INFO - Cur epoch 43 loss ccc:0.1300
2021-06-16 14:21:36,229 - utils.logger - INFO - Cur epoch 43 loss ccc:0.1108
2021-06-16 14:21:36,577 - utils.logger - INFO - Cur epoch 43 loss ccc:0.2190
2021-06-16 14:21:36,577 - utils.logger - INFO - saving the model at the end of epoch 43, iters 258
2021-06-16 14:21:36,835 - utils.logger - INFO - End of training epoch 43 / 60 	 Time Taken: 1 sec, Data loading: 0 sec
2021-06-16 14:21:36,836 - utils.logger - INFO - learning rate = 0.0000167
2021-06-16 14:21:37,258 - utils.logger - INFO - Trn result of epoch 43 / 60 mse 0.1749 rmse 0.4183 pcc 0.0483 ccc 0.0224
2021-06-16 14:21:37,402 - utils.logger - INFO - Val result of epoch 43 / 60 mse 0.2188 rmse 0.4677 pcc -0.0541 ccc -0.0251
2021-06-16 14:21:37,832 - utils.logger - INFO - Cur epoch 44 loss ccc:0.1251
2021-06-16 14:21:38,250 - utils.logger - INFO - Cur epoch 44 loss ccc:0.1251
2021-06-16 14:21:38,586 - utils.logger - INFO - Cur epoch 44 loss ccc:1.0266
2021-06-16 14:21:38,586 - utils.logger - INFO - saving the model at the end of epoch 44, iters 264
2021-06-16 14:21:38,961 - utils.logger - INFO - End of training epoch 44 / 60 	 Time Taken: 1 sec, Data loading: 0 sec
2021-06-16 14:21:38,962 - utils.logger - INFO - learning rate = 0.0000157
2021-06-16 14:21:39,383 - utils.logger - INFO - Trn result of epoch 44 / 60 mse 0.1822 rmse 0.4269 pcc 0.1366 ccc 0.0379
2021-06-16 14:21:39,535 - utils.logger - INFO - Val result of epoch 44 / 60 mse 0.2229 rmse 0.4722 pcc 0.0878 ccc 0.0237
2021-06-16 14:21:39,976 - utils.logger - INFO - Cur epoch 45 loss ccc:0.1069
2021-06-16 14:21:40,407 - utils.logger - INFO - Cur epoch 45 loss ccc:0.1168
2021-06-16 14:21:40,763 - utils.logger - INFO - Cur epoch 45 loss ccc:0.9664
2021-06-16 14:21:40,763 - utils.logger - INFO - saving the model at the end of epoch 45, iters 270
2021-06-16 14:21:40,976 - utils.logger - INFO - End of training epoch 45 / 60 	 Time Taken: 1 sec, Data loading: 0 sec
2021-06-16 14:21:40,976 - utils.logger - INFO - learning rate = 0.0000147
2021-06-16 14:21:41,391 - utils.logger - INFO - Trn result of epoch 45 / 60 mse 0.1839 rmse 0.4288 pcc 0.0484 ccc 0.0226
2021-06-16 14:21:41,547 - utils.logger - INFO - Val result of epoch 45 / 60 mse 0.2287 rmse 0.4782 pcc -0.0530 ccc -0.0250
2021-06-16 14:21:41,978 - utils.logger - INFO - Cur epoch 46 loss ccc:0.1045
2021-06-16 14:21:42,393 - utils.logger - INFO - Cur epoch 46 loss ccc:0.1250
2021-06-16 14:21:42,751 - utils.logger - INFO - Cur epoch 46 loss ccc:0.9907
2021-06-16 14:21:42,751 - utils.logger - INFO - saving the model at the end of epoch 46, iters 276
2021-06-16 14:21:43,013 - utils.logger - INFO - End of training epoch 46 / 60 	 Time Taken: 1 sec, Data loading: 0 sec
2021-06-16 14:21:43,013 - utils.logger - INFO - learning rate = 0.0000137
2021-06-16 14:21:43,430 - utils.logger - INFO - Trn result of epoch 46 / 60 mse 0.1868 rmse 0.4323 pcc 0.0487 ccc 0.0226
2021-06-16 14:21:43,578 - utils.logger - INFO - Val result of epoch 46 / 60 mse 0.2319 rmse 0.4816 pcc -0.0527 ccc -0.0248
2021-06-16 14:21:43,979 - utils.logger - INFO - Cur epoch 47 loss ccc:0.1129
2021-06-16 14:21:44,406 - utils.logger - INFO - Cur epoch 47 loss ccc:0.1422
2021-06-16 14:21:44,769 - utils.logger - INFO - Cur epoch 47 loss ccc:1.0175
2021-06-16 14:21:44,769 - utils.logger - INFO - saving the model at the end of epoch 47, iters 282
2021-06-16 14:21:45,181 - utils.logger - INFO - End of training epoch 47 / 60 	 Time Taken: 1 sec, Data loading: 0 sec
2021-06-16 14:21:45,182 - utils.logger - INFO - learning rate = 0.0000127
2021-06-16 14:21:45,638 - utils.logger - INFO - Trn result of epoch 47 / 60 mse 0.1804 rmse 0.4247 pcc 0.0501 ccc 0.0237
2021-06-16 14:21:45,802 - utils.logger - INFO - Val result of epoch 47 / 60 mse 0.2244 rmse 0.4737 pcc -0.0487 ccc -0.0232
2021-06-16 14:21:46,227 - utils.logger - INFO - Cur epoch 48 loss ccc:0.1250
2021-06-16 14:21:46,660 - utils.logger - INFO - Cur epoch 48 loss ccc:0.0951
2021-06-16 14:21:47,010 - utils.logger - INFO - Cur epoch 48 loss ccc:1.0565
2021-06-16 14:21:47,011 - utils.logger - INFO - saving the model at the end of epoch 48, iters 288
2021-06-16 14:21:47,316 - utils.logger - INFO - End of training epoch 48 / 60 	 Time Taken: 1 sec, Data loading: 0 sec
2021-06-16 14:21:47,316 - utils.logger - INFO - learning rate = 0.0000118
2021-06-16 14:21:47,778 - utils.logger - INFO - Trn result of epoch 48 / 60 mse 0.1796 rmse 0.4238 pcc 0.0492 ccc 0.0229
2021-06-16 14:21:47,937 - utils.logger - INFO - Val result of epoch 48 / 60 mse 0.2237 rmse 0.4729 pcc -0.0521 ccc -0.0245
2021-06-16 14:21:48,356 - utils.logger - INFO - Cur epoch 49 loss ccc:0.1051
2021-06-16 14:21:48,778 - utils.logger - INFO - Cur epoch 49 loss ccc:0.1036
2021-06-16 14:21:49,118 - utils.logger - INFO - Cur epoch 49 loss ccc:1.0029
2021-06-16 14:21:49,118 - utils.logger - INFO - saving the model at the end of epoch 49, iters 294
2021-06-16 14:21:49,382 - utils.logger - INFO - End of training epoch 49 / 60 	 Time Taken: 1 sec, Data loading: 0 sec
2021-06-16 14:21:49,382 - utils.logger - INFO - learning rate = 0.0000108
2021-06-16 14:21:49,797 - utils.logger - INFO - Trn result of epoch 49 / 60 mse 0.1672 rmse 0.4089 pcc 0.0499 ccc 0.0244
2021-06-16 14:21:49,940 - utils.logger - INFO - Val result of epoch 49 / 60 mse 0.2084 rmse 0.4566 pcc -0.0403 ccc -0.0197
2021-06-16 14:21:50,346 - utils.logger - INFO - Cur epoch 50 loss ccc:0.1142
2021-06-16 14:21:50,781 - utils.logger - INFO - Cur epoch 50 loss ccc:0.1353
2021-06-16 14:21:51,121 - utils.logger - INFO - Cur epoch 50 loss ccc:1.1237
2021-06-16 14:21:51,121 - utils.logger - INFO - saving the model at the end of epoch 50, iters 300
2021-06-16 14:21:51,330 - utils.logger - INFO - End of training epoch 50 / 60 	 Time Taken: 1 sec, Data loading: 0 sec
2021-06-16 14:21:51,330 - utils.logger - INFO - learning rate = 0.0000098
2021-06-16 14:21:51,792 - utils.logger - INFO - Trn result of epoch 50 / 60 mse 0.1757 rmse 0.4192 pcc 0.0511 ccc 0.0246
2021-06-16 14:21:51,955 - utils.logger - INFO - Val result of epoch 50 / 60 mse 0.2185 rmse 0.4674 pcc -0.0430 ccc -0.0208
2021-06-16 14:21:52,395 - utils.logger - INFO - Cur epoch 51 loss ccc:0.1103
2021-06-16 14:21:52,813 - utils.logger - INFO - Cur epoch 51 loss ccc:0.1197
2021-06-16 14:21:53,165 - utils.logger - INFO - Cur epoch 51 loss ccc:1.0010
2021-06-16 14:21:53,165 - utils.logger - INFO - saving the model at the end of epoch 51, iters 306
2021-06-16 14:21:53,427 - utils.logger - INFO - End of training epoch 51 / 60 	 Time Taken: 1 sec, Data loading: 0 sec
2021-06-16 14:21:53,427 - utils.logger - INFO - learning rate = 0.0000088
2021-06-16 14:21:53,884 - utils.logger - INFO - Trn result of epoch 51 / 60 mse 0.1700 rmse 0.4123 pcc 0.0475 ccc 0.0277
2021-06-16 14:21:54,046 - utils.logger - INFO - Val result of epoch 51 / 60 mse 0.1974 rmse 0.4442 pcc 0.0764 ccc 0.0436
2021-06-16 14:21:54,472 - utils.logger - INFO - Cur epoch 52 loss ccc:0.1341
2021-06-16 14:21:54,891 - utils.logger - INFO - Cur epoch 52 loss ccc:0.1039
2021-06-16 14:21:55,224 - utils.logger - INFO - Cur epoch 52 loss ccc:1.4999
2021-06-16 14:21:55,225 - utils.logger - INFO - saving the model at the end of epoch 52, iters 312
2021-06-16 14:21:55,490 - utils.logger - INFO - End of training epoch 52 / 60 	 Time Taken: 1 sec, Data loading: 0 sec
2021-06-16 14:21:55,490 - utils.logger - INFO - learning rate = 0.0000078
2021-06-16 14:21:55,908 - utils.logger - INFO - Trn result of epoch 52 / 60 mse 0.1701 rmse 0.4124 pcc 0.0484 ccc 0.0281
2021-06-16 14:21:56,049 - utils.logger - INFO - Val result of epoch 52 / 60 mse 0.1975 rmse 0.4444 pcc 0.0770 ccc 0.0438
2021-06-16 14:21:56,457 - utils.logger - INFO - Cur epoch 53 loss ccc:0.1098
2021-06-16 14:21:56,848 - utils.logger - INFO - Cur epoch 53 loss ccc:0.1099
2021-06-16 14:21:57,188 - utils.logger - INFO - Cur epoch 53 loss ccc:0.9943
2021-06-16 14:21:57,188 - utils.logger - INFO - saving the model at the end of epoch 53, iters 318
2021-06-16 14:21:57,470 - utils.logger - INFO - End of training epoch 53 / 60 	 Time Taken: 1 sec, Data loading: 0 sec
2021-06-16 14:21:57,471 - utils.logger - INFO - learning rate = 0.0000069
2021-06-16 14:21:57,887 - utils.logger - INFO - Trn result of epoch 53 / 60 mse 0.1600 rmse 0.4000 pcc 0.1148 ccc 0.0729
2021-06-16 14:21:58,033 - utils.logger - INFO - Val result of epoch 53 / 60 mse 0.2010 rmse 0.4483 pcc 0.0072 ccc 0.0045
2021-06-16 14:21:58,464 - utils.logger - INFO - Cur epoch 54 loss ccc:0.1008
2021-06-16 14:21:58,891 - utils.logger - INFO - Cur epoch 54 loss ccc:0.1075
2021-06-16 14:21:59,221 - utils.logger - INFO - Cur epoch 54 loss ccc:0.9864
2021-06-16 14:21:59,222 - utils.logger - INFO - saving the model at the end of epoch 54, iters 324
2021-06-16 14:21:59,499 - utils.logger - INFO - End of training epoch 54 / 60 	 Time Taken: 1 sec, Data loading: 0 sec
2021-06-16 14:21:59,500 - utils.logger - INFO - learning rate = 0.0000059
2021-06-16 14:21:59,969 - utils.logger - INFO - Trn result of epoch 54 / 60 mse 0.1714 rmse 0.4140 pcc 0.0710 ccc 0.0402
2021-06-16 14:22:00,129 - utils.logger - INFO - Val result of epoch 54 / 60 mse 0.2005 rmse 0.4478 pcc 0.0771 ccc 0.0437
2021-06-16 14:22:00,553 - utils.logger - INFO - Cur epoch 55 loss ccc:0.1069
2021-06-16 14:22:00,998 - utils.logger - INFO - Cur epoch 55 loss ccc:0.1233
2021-06-16 14:22:01,396 - utils.logger - INFO - Cur epoch 55 loss ccc:0.9740
2021-06-16 14:22:01,397 - utils.logger - INFO - saving the model at the end of epoch 55, iters 330
2021-06-16 14:22:01,665 - utils.logger - INFO - End of training epoch 55 / 60 	 Time Taken: 1 sec, Data loading: 0 sec
2021-06-16 14:22:01,665 - utils.logger - INFO - learning rate = 0.0000049
2021-06-16 14:22:02,115 - utils.logger - INFO - Trn result of epoch 55 / 60 mse 0.1648 rmse 0.4059 pcc 0.0808 ccc 0.0502
2021-06-16 14:22:02,273 - utils.logger - INFO - Val result of epoch 55 / 60 mse 0.1962 rmse 0.4429 pcc 0.0746 ccc 0.0439
2021-06-16 14:22:02,680 - utils.logger - INFO - Cur epoch 56 loss ccc:0.0977
2021-06-16 14:22:03,073 - utils.logger - INFO - Cur epoch 56 loss ccc:0.1250
2021-06-16 14:22:03,391 - utils.logger - INFO - Cur epoch 56 loss ccc:0.8300
2021-06-16 14:22:03,391 - utils.logger - INFO - saving the model at the end of epoch 56, iters 336
2021-06-16 14:22:03,603 - utils.logger - INFO - End of training epoch 56 / 60 	 Time Taken: 1 sec, Data loading: 0 sec
2021-06-16 14:22:03,603 - utils.logger - INFO - learning rate = 0.0000039
2021-06-16 14:22:04,042 - utils.logger - INFO - Trn result of epoch 56 / 60 mse 0.1626 rmse 0.4033 pcc 0.0810 ccc 0.0503
2021-06-16 14:22:04,207 - utils.logger - INFO - Val result of epoch 56 / 60 mse 0.1940 rmse 0.4404 pcc 0.0746 ccc 0.0438
2021-06-16 14:22:04,647 - utils.logger - INFO - Cur epoch 57 loss ccc:0.1059
2021-06-16 14:22:05,069 - utils.logger - INFO - Cur epoch 57 loss ccc:0.1093
2021-06-16 14:22:05,440 - utils.logger - INFO - Cur epoch 57 loss ccc:1.0136
2021-06-16 14:22:05,440 - utils.logger - INFO - saving the model at the end of epoch 57, iters 342
2021-06-16 14:22:05,901 - utils.logger - INFO - End of training epoch 57 / 60 	 Time Taken: 1 sec, Data loading: 0 sec
2021-06-16 14:22:05,901 - utils.logger - INFO - learning rate = 0.0000029
2021-06-16 14:22:06,318 - utils.logger - INFO - Trn result of epoch 57 / 60 mse 0.1610 rmse 0.4012 pcc 0.0841 ccc 0.0525
2021-06-16 14:22:06,461 - utils.logger - INFO - Val result of epoch 57 / 60 mse 0.1922 rmse 0.4385 pcc 0.0723 ccc 0.0429
2021-06-16 14:22:06,873 - utils.logger - INFO - Cur epoch 58 loss ccc:0.0988
2021-06-16 14:22:07,291 - utils.logger - INFO - Cur epoch 58 loss ccc:0.1320
2021-06-16 14:22:07,641 - utils.logger - INFO - Cur epoch 58 loss ccc:1.0283
2021-06-16 14:22:07,641 - utils.logger - INFO - saving the model at the end of epoch 58, iters 348
2021-06-16 14:22:07,900 - utils.logger - INFO - End of training epoch 58 / 60 	 Time Taken: 1 sec, Data loading: 0 sec
2021-06-16 14:22:07,900 - utils.logger - INFO - learning rate = 0.0000020
2021-06-16 14:22:08,365 - utils.logger - INFO - Trn result of epoch 58 / 60 mse 0.1579 rmse 0.3974 pcc 0.1149 ccc 0.0734
2021-06-16 14:22:08,526 - utils.logger - INFO - Val result of epoch 58 / 60 mse 0.1956 rmse 0.4423 pcc 0.0240 ccc 0.0152
2021-06-16 14:22:08,954 - utils.logger - INFO - Cur epoch 59 loss ccc:0.1140
2021-06-16 14:22:09,374 - utils.logger - INFO - Cur epoch 59 loss ccc:0.1094
2021-06-16 14:22:09,727 - utils.logger - INFO - Cur epoch 59 loss ccc:1.0035
2021-06-16 14:22:09,727 - utils.logger - INFO - saving the model at the end of epoch 59, iters 354
2021-06-16 14:22:10,004 - utils.logger - INFO - End of training epoch 59 / 60 	 Time Taken: 1 sec, Data loading: 0 sec
2021-06-16 14:22:10,005 - utils.logger - INFO - learning rate = 0.0000010
2021-06-16 14:22:10,414 - utils.logger - INFO - Trn result of epoch 59 / 60 mse 0.1583 rmse 0.3979 pcc 0.1092 ccc 0.0704
2021-06-16 14:22:10,557 - utils.logger - INFO - Val result of epoch 59 / 60 mse 0.1958 rmse 0.4424 pcc 0.0243 ccc 0.0155
2021-06-16 14:22:10,983 - utils.logger - INFO - Cur epoch 60 loss ccc:0.1233
2021-06-16 14:22:11,364 - utils.logger - INFO - Cur epoch 60 loss ccc:0.1231
2021-06-16 14:22:11,679 - utils.logger - INFO - Cur epoch 60 loss ccc:0.9229
2021-06-16 14:22:11,679 - utils.logger - INFO - saving the model at the end of epoch 60, iters 360
2021-06-16 14:22:11,932 - utils.logger - INFO - End of training epoch 60 / 60 	 Time Taken: 1 sec, Data loading: 0 sec
2021-06-16 14:22:11,932 - utils.logger - INFO - learning rate = 0.0000000
2021-06-16 14:22:12,345 - utils.logger - INFO - Trn result of epoch 60 / 60 mse 0.1575 rmse 0.3968 pcc 0.1063 ccc 0.0695
2021-06-16 14:22:12,489 - utils.logger - INFO - Val result of epoch 60 / 60 mse 0.1973 rmse 0.4442 pcc -0.0049 ccc -0.0032
2021-06-16 14:22:12,489 - utils.logger - INFO - Best eval epoch 8 found with ccc 0.193057
2021-06-16 14:22:12,489 - utils.logger - INFO - baseline_fcfusion_wonorm_wav2vec_EDA_hidden1024_seq100_lr5e-05_cccloss_run1
