2021-06-07 03:44:32,845 - utils.logger - INFO - The number of training samples = 41
2021-06-07 03:44:39,030 - utils.logger - INFO - Cur epoch 1 loss MSE:0.0850
2021-06-07 03:44:39,900 - utils.logger - INFO - Cur epoch 1 loss MSE:0.3332
2021-06-07 03:44:40,412 - utils.logger - INFO - Cur epoch 1 loss MSE:0.1238
2021-06-07 03:44:40,412 - utils.logger - INFO - saving the model at the end of epoch 1, iters 6
2021-06-07 03:44:40,932 - utils.logger - INFO - End of training epoch 1 / 50 	 Time Taken: 5 sec, Data loading: 3 sec
2021-06-07 03:44:40,932 - utils.logger - INFO - learning rate = 0.0000100
2021-06-07 03:44:41,740 - utils.logger - INFO - Trn result of epoch 1 / 50 mse 0.1160 rmse 0.3406 pcc 0.1308 ccc 0.0021
2021-06-07 03:44:42,073 - utils.logger - INFO - Val result of epoch 1 / 50 mse 0.1311 rmse 0.3621 pcc 0.0593 ccc 0.0009
2021-06-07 03:44:42,647 - utils.logger - INFO - Cur epoch 2 loss MSE:0.0123
2021-06-07 03:44:43,515 - utils.logger - INFO - Cur epoch 2 loss MSE:0.1304
2021-06-07 03:44:43,976 - utils.logger - INFO - Cur epoch 2 loss MSE:15.3500
2021-06-07 03:44:43,976 - utils.logger - INFO - saving the model at the end of epoch 2, iters 12
2021-06-07 03:44:44,540 - utils.logger - INFO - End of training epoch 2 / 50 	 Time Taken: 2 sec, Data loading: 0 sec
2021-06-07 03:44:44,540 - utils.logger - INFO - learning rate = 0.0000100
2021-06-07 03:44:45,320 - utils.logger - INFO - Trn result of epoch 2 / 50 mse 0.1151 rmse 0.3393 pcc 0.1791 ccc 0.0046
2021-06-07 03:44:45,755 - utils.logger - INFO - Val result of epoch 2 / 50 mse 0.1308 rmse 0.3617 pcc 0.0118 ccc 0.0003
2021-06-07 03:44:46,632 - utils.logger - INFO - Cur epoch 3 loss MSE:0.0266
2021-06-07 03:44:47,444 - utils.logger - INFO - Cur epoch 3 loss MSE:0.4778
2021-06-07 03:44:47,911 - utils.logger - INFO - Cur epoch 3 loss MSE:0.0290
2021-06-07 03:44:47,911 - utils.logger - INFO - saving the model at the end of epoch 3, iters 18
2021-06-07 03:44:48,554 - utils.logger - INFO - End of training epoch 3 / 50 	 Time Taken: 2 sec, Data loading: 0 sec
2021-06-07 03:44:48,554 - utils.logger - INFO - learning rate = 0.0000100
2021-06-07 03:44:50,777 - utils.logger - INFO - Trn result of epoch 3 / 50 mse 0.1143 rmse 0.3381 pcc 0.1801 ccc 0.0077
2021-06-07 03:44:51,167 - utils.logger - INFO - Val result of epoch 3 / 50 mse 0.1306 rmse 0.3613 pcc 0.0035 ccc 0.0002
2021-06-07 03:44:51,777 - utils.logger - INFO - Cur epoch 4 loss MSE:0.0715
2021-06-07 03:44:52,401 - utils.logger - INFO - Cur epoch 4 loss MSE:0.0708
2021-06-07 03:44:52,878 - utils.logger - INFO - Cur epoch 4 loss MSE:0.1409
2021-06-07 03:44:52,878 - utils.logger - INFO - saving the model at the end of epoch 4, iters 24
2021-06-07 03:44:53,375 - utils.logger - INFO - End of training epoch 4 / 50 	 Time Taken: 2 sec, Data loading: 0 sec
2021-06-07 03:44:53,376 - utils.logger - INFO - learning rate = 0.0000100
2021-06-07 03:44:54,225 - utils.logger - INFO - Trn result of epoch 4 / 50 mse 0.1133 rmse 0.3367 pcc 0.1747 ccc 0.0112
2021-06-07 03:44:54,841 - utils.logger - INFO - Val result of epoch 4 / 50 mse 0.1304 rmse 0.3611 pcc -0.0046 ccc -0.0003
2021-06-07 03:44:55,456 - utils.logger - INFO - Cur epoch 5 loss MSE:0.0726
2021-06-07 03:44:56,065 - utils.logger - INFO - Cur epoch 5 loss MSE:0.1133
2021-06-07 03:44:56,689 - utils.logger - INFO - Cur epoch 5 loss MSE:10.6501
2021-06-07 03:44:56,689 - utils.logger - INFO - saving the model at the end of epoch 5, iters 30
2021-06-07 03:44:57,226 - utils.logger - INFO - End of training epoch 5 / 50 	 Time Taken: 2 sec, Data loading: 0 sec
2021-06-07 03:44:57,226 - utils.logger - INFO - learning rate = 0.0000100
2021-06-07 03:44:59,373 - utils.logger - INFO - Trn result of epoch 5 / 50 mse 0.1119 rmse 0.3345 pcc 0.1514 ccc 0.0138
2021-06-07 03:44:59,700 - utils.logger - INFO - Val result of epoch 5 / 50 mse 0.1299 rmse 0.3604 pcc -0.0092 ccc -0.0009
2021-06-07 03:45:00,294 - utils.logger - INFO - Cur epoch 6 loss MSE:0.2697
2021-06-07 03:45:00,882 - utils.logger - INFO - Cur epoch 6 loss MSE:8.5163
2021-06-07 03:45:01,342 - utils.logger - INFO - Cur epoch 6 loss MSE:29.7843
2021-06-07 03:45:01,343 - utils.logger - INFO - saving the model at the end of epoch 6, iters 36
2021-06-07 03:45:01,818 - utils.logger - INFO - End of training epoch 6 / 50 	 Time Taken: 2 sec, Data loading: 0 sec
2021-06-07 03:45:01,818 - utils.logger - INFO - learning rate = 0.0000100
2021-06-07 03:45:02,583 - utils.logger - INFO - Trn result of epoch 6 / 50 mse 0.1096 rmse 0.3311 pcc 0.1691 ccc 0.0249
2021-06-07 03:45:02,887 - utils.logger - INFO - Val result of epoch 6 / 50 mse 0.1300 rmse 0.3606 pcc -0.0172 ccc -0.0028
2021-06-07 03:45:03,467 - utils.logger - INFO - Cur epoch 7 loss MSE:0.1341
2021-06-07 03:45:04,066 - utils.logger - INFO - Cur epoch 7 loss MSE:0.1074
2021-06-07 03:45:04,527 - utils.logger - INFO - Cur epoch 7 loss MSE:0.9563
2021-06-07 03:45:04,528 - utils.logger - INFO - saving the model at the end of epoch 7, iters 42
2021-06-07 03:45:05,006 - utils.logger - INFO - End of training epoch 7 / 50 	 Time Taken: 2 sec, Data loading: 0 sec
2021-06-07 03:45:05,006 - utils.logger - INFO - learning rate = 0.0000100
2021-06-07 03:45:05,778 - utils.logger - INFO - Trn result of epoch 7 / 50 mse 0.1078 rmse 0.3283 pcc 0.1691 ccc 0.0330
2021-06-07 03:45:06,104 - utils.logger - INFO - Val result of epoch 7 / 50 mse 0.1300 rmse 0.3606 pcc -0.0069 ccc -0.0015
2021-06-07 03:45:06,679 - utils.logger - INFO - Cur epoch 8 loss MSE:0.3928
2021-06-07 03:45:07,245 - utils.logger - INFO - Cur epoch 8 loss MSE:4.8407
2021-06-07 03:45:07,696 - utils.logger - INFO - Cur epoch 8 loss MSE:4.9675
2021-06-07 03:45:07,696 - utils.logger - INFO - saving the model at the end of epoch 8, iters 48
2021-06-07 03:45:08,233 - utils.logger - INFO - End of training epoch 8 / 50 	 Time Taken: 2 sec, Data loading: 0 sec
2021-06-07 03:45:08,234 - utils.logger - INFO - learning rate = 0.0000100
2021-06-07 03:45:08,976 - utils.logger - INFO - Trn result of epoch 8 / 50 mse 0.1063 rmse 0.3260 pcc 0.2077 ccc 0.0420
2021-06-07 03:45:09,304 - utils.logger - INFO - Val result of epoch 8 / 50 mse 0.1298 rmse 0.3603 pcc -0.0010 ccc -0.0002
2021-06-07 03:45:09,912 - utils.logger - INFO - Cur epoch 9 loss MSE:0.2787
2021-06-07 03:45:10,502 - utils.logger - INFO - Cur epoch 9 loss MSE:0.0517
2021-06-07 03:45:10,956 - utils.logger - INFO - Cur epoch 9 loss MSE:9.1350
2021-06-07 03:45:10,956 - utils.logger - INFO - saving the model at the end of epoch 9, iters 54
2021-06-07 03:45:11,465 - utils.logger - INFO - End of training epoch 9 / 50 	 Time Taken: 2 sec, Data loading: 0 sec
2021-06-07 03:45:11,465 - utils.logger - INFO - learning rate = 0.0000100
2021-06-07 03:45:12,248 - utils.logger - INFO - Trn result of epoch 9 / 50 mse 0.1046 rmse 0.3234 pcc 0.2204 ccc 0.0511
2021-06-07 03:45:12,510 - utils.logger - INFO - Val result of epoch 9 / 50 mse 0.1295 rmse 0.3599 pcc 0.0210 ccc 0.0049
2021-06-07 03:45:13,093 - utils.logger - INFO - Cur epoch 10 loss MSE:0.3540
2021-06-07 03:45:13,675 - utils.logger - INFO - Cur epoch 10 loss MSE:0.1031
2021-06-07 03:45:14,107 - utils.logger - INFO - Cur epoch 10 loss MSE:3.6380
2021-06-07 03:45:14,108 - utils.logger - INFO - saving the model at the end of epoch 10, iters 60
2021-06-07 03:45:14,625 - utils.logger - INFO - End of training epoch 10 / 50 	 Time Taken: 2 sec, Data loading: 0 sec
2021-06-07 03:45:14,625 - utils.logger - INFO - learning rate = 0.0000100
2021-06-07 03:45:16,350 - utils.logger - INFO - Trn result of epoch 10 / 50 mse 0.1027 rmse 0.3205 pcc 0.2526 ccc 0.0690
2021-06-07 03:45:16,790 - utils.logger - INFO - Val result of epoch 10 / 50 mse 0.1301 rmse 0.3606 pcc 0.0326 ccc 0.0088
2021-06-07 03:45:17,398 - utils.logger - INFO - Cur epoch 11 loss MSE:0.2402
2021-06-07 03:45:18,013 - utils.logger - INFO - Cur epoch 11 loss MSE:0.4059
2021-06-07 03:45:18,453 - utils.logger - INFO - Cur epoch 11 loss MSE:3.4807
2021-06-07 03:45:18,453 - utils.logger - INFO - saving the model at the end of epoch 11, iters 66
2021-06-07 03:45:19,044 - utils.logger - INFO - End of training epoch 11 / 50 	 Time Taken: 2 sec, Data loading: 0 sec
2021-06-07 03:45:19,044 - utils.logger - INFO - learning rate = 0.0000100
2021-06-07 03:45:19,816 - utils.logger - INFO - Trn result of epoch 11 / 50 mse 0.1001 rmse 0.3163 pcc 0.3076 ccc 0.0983
2021-06-07 03:45:20,123 - utils.logger - INFO - Val result of epoch 11 / 50 mse 0.1305 rmse 0.3612 pcc 0.0527 ccc 0.0156
2021-06-07 03:45:20,710 - utils.logger - INFO - Cur epoch 12 loss MSE:0.2759
2021-06-07 03:45:21,300 - utils.logger - INFO - Cur epoch 12 loss MSE:0.0556
2021-06-07 03:45:21,746 - utils.logger - INFO - Cur epoch 12 loss MSE:24.3242
2021-06-07 03:45:21,746 - utils.logger - INFO - saving the model at the end of epoch 12, iters 72
2021-06-07 03:45:22,228 - utils.logger - INFO - End of training epoch 12 / 50 	 Time Taken: 2 sec, Data loading: 0 sec
2021-06-07 03:45:22,229 - utils.logger - INFO - learning rate = 0.0000100
2021-06-07 03:45:22,976 - utils.logger - INFO - Trn result of epoch 12 / 50 mse 0.0983 rmse 0.3136 pcc 0.3433 ccc 0.1177
2021-06-07 03:45:23,232 - utils.logger - INFO - Val result of epoch 12 / 50 mse 0.1301 rmse 0.3607 pcc 0.0674 ccc 0.0209
2021-06-07 03:45:23,893 - utils.logger - INFO - Cur epoch 13 loss MSE:7.6994
2021-06-07 03:45:24,487 - utils.logger - INFO - Cur epoch 13 loss MSE:0.0005
2021-06-07 03:45:24,955 - utils.logger - INFO - Cur epoch 13 loss MSE:1.0204
2021-06-07 03:45:24,955 - utils.logger - INFO - saving the model at the end of epoch 13, iters 78
2021-06-07 03:45:25,433 - utils.logger - INFO - End of training epoch 13 / 50 	 Time Taken: 2 sec, Data loading: 0 sec
2021-06-07 03:45:25,433 - utils.logger - INFO - learning rate = 0.0000100
2021-06-07 03:45:26,192 - utils.logger - INFO - Trn result of epoch 13 / 50 mse 0.0944 rmse 0.3073 pcc 0.4042 ccc 0.1696
2021-06-07 03:45:26,508 - utils.logger - INFO - Val result of epoch 13 / 50 mse 0.1300 rmse 0.3606 pcc 0.1126 ccc 0.0402
2021-06-07 03:45:27,100 - utils.logger - INFO - Cur epoch 14 loss MSE:0.0998
2021-06-07 03:45:27,703 - utils.logger - INFO - Cur epoch 14 loss MSE:0.1129
2021-06-07 03:45:28,171 - utils.logger - INFO - Cur epoch 14 loss MSE:0.8894
2021-06-07 03:45:28,171 - utils.logger - INFO - saving the model at the end of epoch 14, iters 84
2021-06-07 03:45:28,716 - utils.logger - INFO - End of training epoch 14 / 50 	 Time Taken: 2 sec, Data loading: 0 sec
2021-06-07 03:45:28,716 - utils.logger - INFO - learning rate = 0.0000100
2021-06-07 03:45:29,502 - utils.logger - INFO - Trn result of epoch 14 / 50 mse 0.0888 rmse 0.2979 pcc 0.4895 ccc 0.2316
2021-06-07 03:45:29,831 - utils.logger - INFO - Val result of epoch 14 / 50 mse 0.1297 rmse 0.3601 pcc 0.1348 ccc 0.0545
2021-06-07 03:45:30,418 - utils.logger - INFO - Cur epoch 15 loss MSE:0.0900
2021-06-07 03:45:31,024 - utils.logger - INFO - Cur epoch 15 loss MSE:0.2300
2021-06-07 03:45:31,472 - utils.logger - INFO - Cur epoch 15 loss MSE:30.7174
2021-06-07 03:45:31,473 - utils.logger - INFO - saving the model at the end of epoch 15, iters 90
2021-06-07 03:45:31,974 - utils.logger - INFO - End of training epoch 15 / 50 	 Time Taken: 2 sec, Data loading: 0 sec
2021-06-07 03:45:31,974 - utils.logger - INFO - learning rate = 0.0000100
2021-06-07 03:45:32,752 - utils.logger - INFO - Trn result of epoch 15 / 50 mse 0.0836 rmse 0.2891 pcc 0.5500 ccc 0.2811
2021-06-07 03:45:33,080 - utils.logger - INFO - Val result of epoch 15 / 50 mse 0.1294 rmse 0.3597 pcc 0.1145 ccc 0.0489
2021-06-07 03:45:33,663 - utils.logger - INFO - Cur epoch 16 loss MSE:0.2131
2021-06-07 03:45:34,450 - utils.logger - INFO - Cur epoch 16 loss MSE:0.3375
2021-06-07 03:45:34,904 - utils.logger - INFO - Cur epoch 16 loss MSE:4.3764
2021-06-07 03:45:34,904 - utils.logger - INFO - saving the model at the end of epoch 16, iters 96
2021-06-07 03:45:35,454 - utils.logger - INFO - End of training epoch 16 / 50 	 Time Taken: 2 sec, Data loading: 0 sec
2021-06-07 03:45:35,454 - utils.logger - INFO - learning rate = 0.0000100
2021-06-07 03:45:36,217 - utils.logger - INFO - Trn result of epoch 16 / 50 mse 0.0745 rmse 0.2729 pcc 0.6398 ccc 0.3831
2021-06-07 03:45:36,516 - utils.logger - INFO - Val result of epoch 16 / 50 mse 0.1279 rmse 0.3577 pcc 0.1474 ccc 0.0638
2021-06-07 03:45:37,084 - utils.logger - INFO - Cur epoch 17 loss MSE:10.5414
2021-06-07 03:45:37,689 - utils.logger - INFO - Cur epoch 17 loss MSE:0.1265
2021-06-07 03:45:38,158 - utils.logger - INFO - Cur epoch 17 loss MSE:0.3572
2021-06-07 03:45:38,158 - utils.logger - INFO - saving the model at the end of epoch 17, iters 102
2021-06-07 03:45:38,661 - utils.logger - INFO - End of training epoch 17 / 50 	 Time Taken: 2 sec, Data loading: 0 sec
2021-06-07 03:45:38,661 - utils.logger - INFO - learning rate = 0.0000100
2021-06-07 03:45:41,868 - utils.logger - INFO - Trn result of epoch 17 / 50 mse 0.0660 rmse 0.2569 pcc 0.6892 ccc 0.4925
2021-06-07 03:45:42,152 - utils.logger - INFO - Val result of epoch 17 / 50 mse 0.1253 rmse 0.3540 pcc 0.2490 ccc 0.1430
2021-06-07 03:45:42,740 - utils.logger - INFO - Cur epoch 18 loss MSE:0.1719
2021-06-07 03:45:43,319 - utils.logger - INFO - Cur epoch 18 loss MSE:0.0003
2021-06-07 03:45:43,757 - utils.logger - INFO - Cur epoch 18 loss MSE:8.9618
2021-06-07 03:45:43,757 - utils.logger - INFO - saving the model at the end of epoch 18, iters 108
2021-06-07 03:45:44,278 - utils.logger - INFO - End of training epoch 18 / 50 	 Time Taken: 2 sec, Data loading: 0 sec
2021-06-07 03:45:44,279 - utils.logger - INFO - learning rate = 0.0000100
2021-06-07 03:45:45,028 - utils.logger - INFO - Trn result of epoch 18 / 50 mse 0.0628 rmse 0.2505 pcc 0.6784 ccc 0.5368
2021-06-07 03:45:45,279 - utils.logger - INFO - Val result of epoch 18 / 50 mse 0.1294 rmse 0.3598 pcc 0.1641 ccc 0.0982
2021-06-07 03:45:45,862 - utils.logger - INFO - Cur epoch 19 loss MSE:0.0784
2021-06-07 03:45:47,203 - utils.logger - INFO - Cur epoch 19 loss MSE:0.0256
2021-06-07 03:45:47,649 - utils.logger - INFO - Cur epoch 19 loss MSE:2.7100
2021-06-07 03:45:47,649 - utils.logger - INFO - saving the model at the end of epoch 19, iters 114
2021-06-07 03:45:48,262 - utils.logger - INFO - End of training epoch 19 / 50 	 Time Taken: 2 sec, Data loading: 1 sec
2021-06-07 03:45:48,262 - utils.logger - INFO - learning rate = 0.0000100
2021-06-07 03:45:49,184 - utils.logger - INFO - Trn result of epoch 19 / 50 mse 0.0610 rmse 0.2471 pcc 0.7418 ccc 0.6156
2021-06-07 03:45:49,440 - utils.logger - INFO - Val result of epoch 19 / 50 mse 0.1384 rmse 0.3720 pcc 0.2747 ccc 0.1990
2021-06-07 03:45:50,050 - utils.logger - INFO - Cur epoch 20 loss MSE:0.1897
2021-06-07 03:45:50,643 - utils.logger - INFO - Cur epoch 20 loss MSE:0.6159
2021-06-07 03:45:51,081 - utils.logger - INFO - Cur epoch 20 loss MSE:0.9104
2021-06-07 03:45:51,081 - utils.logger - INFO - saving the model at the end of epoch 20, iters 120
2021-06-07 03:45:51,700 - utils.logger - INFO - End of training epoch 20 / 50 	 Time Taken: 2 sec, Data loading: 0 sec
2021-06-07 03:45:51,700 - utils.logger - INFO - learning rate = 0.0000097
2021-06-07 03:45:52,556 - utils.logger - INFO - Trn result of epoch 20 / 50 mse 0.0515 rmse 0.2270 pcc 0.7873 ccc 0.6285
2021-06-07 03:45:52,868 - utils.logger - INFO - Val result of epoch 20 / 50 mse 0.1296 rmse 0.3600 pcc 0.2316 ccc 0.1529
2021-06-07 03:45:53,437 - utils.logger - INFO - Cur epoch 21 loss MSE:0.1605
2021-06-07 03:45:54,037 - utils.logger - INFO - Cur epoch 21 loss MSE:0.0003
2021-06-07 03:45:54,511 - utils.logger - INFO - Cur epoch 21 loss MSE:8.2223
2021-06-07 03:45:54,511 - utils.logger - INFO - saving the model at the end of epoch 21, iters 126
2021-06-07 03:45:55,129 - utils.logger - INFO - End of training epoch 21 / 50 	 Time Taken: 2 sec, Data loading: 0 sec
2021-06-07 03:45:55,129 - utils.logger - INFO - learning rate = 0.0000094
2021-06-07 03:45:55,990 - utils.logger - INFO - Trn result of epoch 21 / 50 mse 0.0470 rmse 0.2168 pcc 0.7717 ccc 0.6876
2021-06-07 03:45:56,883 - utils.logger - INFO - Val result of epoch 21 / 50 mse 0.1351 rmse 0.3675 pcc 0.1647 ccc 0.1210
2021-06-07 03:45:57,486 - utils.logger - INFO - Cur epoch 22 loss MSE:0.0831
2021-06-07 03:45:58,118 - utils.logger - INFO - Cur epoch 22 loss MSE:0.2468
2021-06-07 03:45:58,570 - utils.logger - INFO - Cur epoch 22 loss MSE:5.5897
2021-06-07 03:45:58,571 - utils.logger - INFO - saving the model at the end of epoch 22, iters 132
2021-06-07 03:45:59,203 - utils.logger - INFO - End of training epoch 22 / 50 	 Time Taken: 2 sec, Data loading: 0 sec
2021-06-07 03:45:59,204 - utils.logger - INFO - learning rate = 0.0000090
2021-06-07 03:46:00,302 - utils.logger - INFO - Trn result of epoch 22 / 50 mse 0.0473 rmse 0.2175 pcc 0.7595 ccc 0.6887
2021-06-07 03:46:00,561 - utils.logger - INFO - Val result of epoch 22 / 50 mse 0.1379 rmse 0.3713 pcc 0.1435 ccc 0.1069
2021-06-07 03:46:01,143 - utils.logger - INFO - Cur epoch 23 loss MSE:0.0081
2021-06-07 03:46:01,735 - utils.logger - INFO - Cur epoch 23 loss MSE:0.0664
2021-06-07 03:46:02,203 - utils.logger - INFO - Cur epoch 23 loss MSE:0.3949
2021-06-07 03:46:02,203 - utils.logger - INFO - saving the model at the end of epoch 23, iters 138
2021-06-07 03:46:03,242 - utils.logger - INFO - End of training epoch 23 / 50 	 Time Taken: 2 sec, Data loading: 0 sec
2021-06-07 03:46:03,243 - utils.logger - INFO - learning rate = 0.0000087
2021-06-07 03:46:04,103 - utils.logger - INFO - Trn result of epoch 23 / 50 mse 0.0393 rmse 0.1983 pcc 0.8195 ccc 0.7433
2021-06-07 03:46:04,540 - utils.logger - INFO - Val result of epoch 23 / 50 mse 0.1389 rmse 0.3727 pcc 0.1530 ccc 0.1184
2021-06-07 03:46:05,441 - utils.logger - INFO - Cur epoch 24 loss MSE:0.0324
2021-06-07 03:46:06,039 - utils.logger - INFO - Cur epoch 24 loss MSE:0.0060
2021-06-07 03:46:06,505 - utils.logger - INFO - Cur epoch 24 loss MSE:0.9393
2021-06-07 03:46:06,505 - utils.logger - INFO - saving the model at the end of epoch 24, iters 144
2021-06-07 03:46:07,190 - utils.logger - INFO - End of training epoch 24 / 50 	 Time Taken: 2 sec, Data loading: 0 sec
2021-06-07 03:46:07,190 - utils.logger - INFO - learning rate = 0.0000084
2021-06-07 03:46:08,597 - utils.logger - INFO - Trn result of epoch 24 / 50 mse 0.0366 rmse 0.1914 pcc 0.8404 ccc 0.7591
2021-06-07 03:46:09,188 - utils.logger - INFO - Val result of epoch 24 / 50 mse 0.1431 rmse 0.3783 pcc 0.1102 ccc 0.0839
2021-06-07 03:46:09,766 - utils.logger - INFO - Cur epoch 25 loss MSE:0.0489
2021-06-07 03:46:10,338 - utils.logger - INFO - Cur epoch 25 loss MSE:0.0305
2021-06-07 03:46:10,788 - utils.logger - INFO - Cur epoch 25 loss MSE:0.9517
2021-06-07 03:46:10,788 - utils.logger - INFO - saving the model at the end of epoch 25, iters 150
2021-06-07 03:46:11,386 - utils.logger - INFO - End of training epoch 25 / 50 	 Time Taken: 2 sec, Data loading: 0 sec
2021-06-07 03:46:11,386 - utils.logger - INFO - learning rate = 0.0000081
2021-06-07 03:46:12,176 - utils.logger - INFO - Trn result of epoch 25 / 50 mse 0.0329 rmse 0.1815 pcc 0.8462 ccc 0.8020
2021-06-07 03:46:12,489 - utils.logger - INFO - Val result of epoch 25 / 50 mse 0.1478 rmse 0.3845 pcc 0.1118 ccc 0.0908
2021-06-07 03:46:13,072 - utils.logger - INFO - Cur epoch 26 loss MSE:0.0942
2021-06-07 03:46:13,641 - utils.logger - INFO - Cur epoch 26 loss MSE:3.2651
2021-06-07 03:46:14,093 - utils.logger - INFO - Cur epoch 26 loss MSE:0.9758
2021-06-07 03:46:14,093 - utils.logger - INFO - saving the model at the end of epoch 26, iters 156
2021-06-07 03:46:14,665 - utils.logger - INFO - End of training epoch 26 / 50 	 Time Taken: 2 sec, Data loading: 0 sec
2021-06-07 03:46:14,666 - utils.logger - INFO - learning rate = 0.0000077
2021-06-07 03:46:15,394 - utils.logger - INFO - Trn result of epoch 26 / 50 mse 0.0358 rmse 0.1893 pcc 0.8673 ccc 0.8027
2021-06-07 03:46:15,649 - utils.logger - INFO - Val result of epoch 26 / 50 mse 0.1529 rmse 0.3910 pcc 0.2502 ccc 0.1997
2021-06-07 03:46:16,323 - utils.logger - INFO - Cur epoch 27 loss MSE:0.0808
2021-06-07 03:46:16,908 - utils.logger - INFO - Cur epoch 27 loss MSE:0.0269
2021-06-07 03:46:17,365 - utils.logger - INFO - Cur epoch 27 loss MSE:0.0577
2021-06-07 03:46:17,365 - utils.logger - INFO - saving the model at the end of epoch 27, iters 162
2021-06-07 03:46:18,557 - utils.logger - INFO - End of training epoch 27 / 50 	 Time Taken: 2 sec, Data loading: 0 sec
2021-06-07 03:46:18,557 - utils.logger - INFO - learning rate = 0.0000074
2021-06-07 03:46:19,418 - utils.logger - INFO - Trn result of epoch 27 / 50 mse 0.0284 rmse 0.1685 pcc 0.8821 ccc 0.8405
2021-06-07 03:46:19,684 - utils.logger - INFO - Val result of epoch 27 / 50 mse 0.1506 rmse 0.3880 pcc 0.1933 ccc 0.1635
2021-06-07 03:46:20,278 - utils.logger - INFO - Cur epoch 28 loss MSE:0.1966
2021-06-07 03:46:20,983 - utils.logger - INFO - Cur epoch 28 loss MSE:0.0268
2021-06-07 03:46:21,467 - utils.logger - INFO - Cur epoch 28 loss MSE:0.3893
2021-06-07 03:46:21,467 - utils.logger - INFO - saving the model at the end of epoch 28, iters 168
2021-06-07 03:46:21,935 - utils.logger - INFO - End of training epoch 28 / 50 	 Time Taken: 2 sec, Data loading: 0 sec
2021-06-07 03:46:21,935 - utils.logger - INFO - learning rate = 0.0000071
2021-06-07 03:46:22,697 - utils.logger - INFO - Trn result of epoch 28 / 50 mse 0.0251 rmse 0.1584 pcc 0.8885 ccc 0.8502
2021-06-07 03:46:23,479 - utils.logger - INFO - Val result of epoch 28 / 50 mse 0.1570 rmse 0.3963 pcc 0.0386 ccc 0.0313
2021-06-07 03:46:24,048 - utils.logger - INFO - Cur epoch 29 loss MSE:0.0080
2021-06-07 03:46:24,641 - utils.logger - INFO - Cur epoch 29 loss MSE:0.0050
2021-06-07 03:46:25,097 - utils.logger - INFO - Cur epoch 29 loss MSE:1.1925
2021-06-07 03:46:25,097 - utils.logger - INFO - saving the model at the end of epoch 29, iters 174
2021-06-07 03:46:25,681 - utils.logger - INFO - End of training epoch 29 / 50 	 Time Taken: 2 sec, Data loading: 0 sec
2021-06-07 03:46:25,681 - utils.logger - INFO - learning rate = 0.0000068
2021-06-07 03:46:26,463 - utils.logger - INFO - Trn result of epoch 29 / 50 mse 0.0222 rmse 0.1489 pcc 0.9002 ccc 0.8773
2021-06-07 03:46:26,769 - utils.logger - INFO - Val result of epoch 29 / 50 mse 0.1534 rmse 0.3917 pcc 0.1222 ccc 0.1046
2021-06-07 03:46:27,360 - utils.logger - INFO - Cur epoch 30 loss MSE:0.0142
2021-06-07 03:46:27,948 - utils.logger - INFO - Cur epoch 30 loss MSE:0.1860
2021-06-07 03:46:28,466 - utils.logger - INFO - Cur epoch 30 loss MSE:0.7929
2021-06-07 03:46:28,466 - utils.logger - INFO - saving the model at the end of epoch 30, iters 180
2021-06-07 03:46:29,028 - utils.logger - INFO - End of training epoch 30 / 50 	 Time Taken: 2 sec, Data loading: 0 sec
2021-06-07 03:46:29,028 - utils.logger - INFO - learning rate = 0.0000065
2021-06-07 03:46:29,782 - utils.logger - INFO - Trn result of epoch 30 / 50 mse 0.0205 rmse 0.1431 pcc 0.9082 ccc 0.8897
2021-06-07 03:46:30,036 - utils.logger - INFO - Val result of epoch 30 / 50 mse 0.1526 rmse 0.3907 pcc 0.1546 ccc 0.1333
2021-06-07 03:46:30,674 - utils.logger - INFO - Cur epoch 31 loss MSE:0.1103
2021-06-07 03:46:31,257 - utils.logger - INFO - Cur epoch 31 loss MSE:0.0163
2021-06-07 03:46:31,705 - utils.logger - INFO - Cur epoch 31 loss MSE:0.8711
2021-06-07 03:46:31,706 - utils.logger - INFO - saving the model at the end of epoch 31, iters 186
2021-06-07 03:46:32,276 - utils.logger - INFO - End of training epoch 31 / 50 	 Time Taken: 2 sec, Data loading: 0 sec
2021-06-07 03:46:32,276 - utils.logger - INFO - learning rate = 0.0000061
2021-06-07 03:46:33,013 - utils.logger - INFO - Trn result of epoch 31 / 50 mse 0.0186 rmse 0.1365 pcc 0.9174 ccc 0.8963
2021-06-07 03:46:33,267 - utils.logger - INFO - Val result of epoch 31 / 50 mse 0.1535 rmse 0.3919 pcc 0.1092 ccc 0.0920
2021-06-07 03:46:33,848 - utils.logger - INFO - Cur epoch 32 loss MSE:0.0436
2021-06-07 03:46:34,441 - utils.logger - INFO - Cur epoch 32 loss MSE:0.0073
2021-06-07 03:46:34,889 - utils.logger - INFO - Cur epoch 32 loss MSE:1.2832
2021-06-07 03:46:34,889 - utils.logger - INFO - saving the model at the end of epoch 32, iters 192
2021-06-07 03:46:35,370 - utils.logger - INFO - End of training epoch 32 / 50 	 Time Taken: 2 sec, Data loading: 0 sec
2021-06-07 03:46:35,370 - utils.logger - INFO - learning rate = 0.0000058
2021-06-07 03:46:36,152 - utils.logger - INFO - Trn result of epoch 32 / 50 mse 0.0170 rmse 0.1304 pcc 0.9245 ccc 0.9054
2021-06-07 03:46:36,406 - utils.logger - INFO - Val result of epoch 32 / 50 mse 0.1528 rmse 0.3909 pcc 0.0930 ccc 0.0776
2021-06-07 03:46:37,001 - utils.logger - INFO - Cur epoch 33 loss MSE:0.0108
2021-06-07 03:46:37,601 - utils.logger - INFO - Cur epoch 33 loss MSE:0.1177
2021-06-07 03:46:38,044 - utils.logger - INFO - Cur epoch 33 loss MSE:0.1499
2021-06-07 03:46:38,044 - utils.logger - INFO - saving the model at the end of epoch 33, iters 198
2021-06-07 03:46:38,597 - utils.logger - INFO - End of training epoch 33 / 50 	 Time Taken: 2 sec, Data loading: 0 sec
2021-06-07 03:46:38,597 - utils.logger - INFO - learning rate = 0.0000055
2021-06-07 03:46:39,416 - utils.logger - INFO - Trn result of epoch 33 / 50 mse 0.0168 rmse 0.1296 pcc 0.9327 ccc 0.9079
2021-06-07 03:46:40,235 - utils.logger - INFO - Val result of epoch 33 / 50 mse 0.1521 rmse 0.3900 pcc 0.1426 ccc 0.1149
2021-06-07 03:46:40,813 - utils.logger - INFO - Cur epoch 34 loss MSE:0.0882
2021-06-07 03:46:41,452 - utils.logger - INFO - Cur epoch 34 loss MSE:0.0075
2021-06-07 03:46:41,923 - utils.logger - INFO - Cur epoch 34 loss MSE:0.0908
2021-06-07 03:46:41,923 - utils.logger - INFO - saving the model at the end of epoch 34, iters 204
2021-06-07 03:46:42,402 - utils.logger - INFO - End of training epoch 34 / 50 	 Time Taken: 2 sec, Data loading: 0 sec
2021-06-07 03:46:42,402 - utils.logger - INFO - learning rate = 0.0000052
2021-06-07 03:46:43,626 - utils.logger - INFO - Trn result of epoch 34 / 50 mse 0.0174 rmse 0.1320 pcc 0.9273 ccc 0.9135
2021-06-07 03:46:43,990 - utils.logger - INFO - Val result of epoch 34 / 50 mse 0.1590 rmse 0.3988 pcc 0.1729 ccc 0.1516
2021-06-07 03:46:44,620 - utils.logger - INFO - Cur epoch 35 loss MSE:0.0584
2021-06-07 03:46:45,257 - utils.logger - INFO - Cur epoch 35 loss MSE:0.0550
2021-06-07 03:46:45,738 - utils.logger - INFO - Cur epoch 35 loss MSE:0.5948
2021-06-07 03:46:45,738 - utils.logger - INFO - saving the model at the end of epoch 35, iters 210
2021-06-07 03:46:46,352 - utils.logger - INFO - End of training epoch 35 / 50 	 Time Taken: 2 sec, Data loading: 0 sec
2021-06-07 03:46:46,353 - utils.logger - INFO - learning rate = 0.0000048
2021-06-07 03:46:47,108 - utils.logger - INFO - Trn result of epoch 35 / 50 mse 0.0201 rmse 0.1417 pcc 0.9294 ccc 0.9026
2021-06-07 03:46:47,458 - utils.logger - INFO - Val result of epoch 35 / 50 mse 0.1661 rmse 0.4075 pcc 0.1755 ccc 0.1438
2021-06-07 03:46:48,043 - utils.logger - INFO - Cur epoch 36 loss MSE:0.0155
2021-06-07 03:46:48,675 - utils.logger - INFO - Cur epoch 36 loss MSE:0.0546
2021-06-07 03:46:49,136 - utils.logger - INFO - Cur epoch 36 loss MSE:0.0180
2021-06-07 03:46:49,136 - utils.logger - INFO - saving the model at the end of epoch 36, iters 216
2021-06-07 03:46:50,075 - utils.logger - INFO - End of training epoch 36 / 50 	 Time Taken: 2 sec, Data loading: 0 sec
2021-06-07 03:46:50,076 - utils.logger - INFO - learning rate = 0.0000045
2021-06-07 03:46:51,351 - utils.logger - INFO - Trn result of epoch 36 / 50 mse 0.0128 rmse 0.1130 pcc 0.9413 ccc 0.9336
2021-06-07 03:46:51,609 - utils.logger - INFO - Val result of epoch 36 / 50 mse 0.1640 rmse 0.4049 pcc 0.0527 ccc 0.0458
2021-06-07 03:46:52,190 - utils.logger - INFO - Cur epoch 37 loss MSE:0.1204
2021-06-07 03:46:52,845 - utils.logger - INFO - Cur epoch 37 loss MSE:0.0097
2021-06-07 03:46:53,304 - utils.logger - INFO - Cur epoch 37 loss MSE:0.5326
2021-06-07 03:46:53,305 - utils.logger - INFO - saving the model at the end of epoch 37, iters 222
2021-06-07 03:46:53,891 - utils.logger - INFO - End of training epoch 37 / 50 	 Time Taken: 2 sec, Data loading: 0 sec
2021-06-07 03:46:53,891 - utils.logger - INFO - learning rate = 0.0000042
2021-06-07 03:46:54,725 - utils.logger - INFO - Trn result of epoch 37 / 50 mse 0.0129 rmse 0.1138 pcc 0.9450 ccc 0.9324
2021-06-07 03:46:55,088 - utils.logger - INFO - Val result of epoch 37 / 50 mse 0.1541 rmse 0.3926 pcc 0.1443 ccc 0.1185
2021-06-07 03:46:56,332 - utils.logger - INFO - Cur epoch 38 loss MSE:0.0729
2021-06-07 03:46:56,976 - utils.logger - INFO - Cur epoch 38 loss MSE:0.0482
2021-06-07 03:46:57,432 - utils.logger - INFO - Cur epoch 38 loss MSE:0.5260
2021-06-07 03:46:57,432 - utils.logger - INFO - saving the model at the end of epoch 38, iters 228
2021-06-07 03:46:58,034 - utils.logger - INFO - End of training epoch 38 / 50 	 Time Taken: 2 sec, Data loading: 0 sec
2021-06-07 03:46:58,034 - utils.logger - INFO - learning rate = 0.0000039
2021-06-07 03:46:59,549 - utils.logger - INFO - Trn result of epoch 38 / 50 mse 0.0116 rmse 0.1076 pcc 0.9506 ccc 0.9377
2021-06-07 03:46:59,858 - utils.logger - INFO - Val result of epoch 38 / 50 mse 0.1545 rmse 0.3931 pcc 0.0788 ccc 0.0650
2021-06-07 03:47:00,417 - utils.logger - INFO - Cur epoch 39 loss MSE:0.0141
2021-06-07 03:47:01,016 - utils.logger - INFO - Cur epoch 39 loss MSE:0.0409
2021-06-07 03:47:01,459 - utils.logger - INFO - Cur epoch 39 loss MSE:0.8384
2021-06-07 03:47:01,459 - utils.logger - INFO - saving the model at the end of epoch 39, iters 234
2021-06-07 03:47:02,076 - utils.logger - INFO - End of training epoch 39 / 50 	 Time Taken: 2 sec, Data loading: 0 sec
2021-06-07 03:47:02,076 - utils.logger - INFO - learning rate = 0.0000035
2021-06-07 03:47:02,915 - utils.logger - INFO - Trn result of epoch 39 / 50 mse 0.0110 rmse 0.1047 pcc 0.9526 ccc 0.9450
2021-06-07 03:47:03,354 - utils.logger - INFO - Val result of epoch 39 / 50 mse 0.1592 rmse 0.3990 pcc 0.1209 ccc 0.1027
2021-06-07 03:47:03,953 - utils.logger - INFO - Cur epoch 40 loss MSE:0.0087
2021-06-07 03:47:04,541 - utils.logger - INFO - Cur epoch 40 loss MSE:0.0383
2021-06-07 03:47:04,971 - utils.logger - INFO - Cur epoch 40 loss MSE:1.1160
2021-06-07 03:47:04,971 - utils.logger - INFO - saving the model at the end of epoch 40, iters 240
2021-06-07 03:47:05,561 - utils.logger - INFO - End of training epoch 40 / 50 	 Time Taken: 2 sec, Data loading: 0 sec
2021-06-07 03:47:05,561 - utils.logger - INFO - learning rate = 0.0000032
2021-06-07 03:47:07,021 - utils.logger - INFO - Trn result of epoch 40 / 50 mse 0.0112 rmse 0.1057 pcc 0.9494 ccc 0.9434
2021-06-07 03:47:07,279 - utils.logger - INFO - Val result of epoch 40 / 50 mse 0.1633 rmse 0.4041 pcc 0.0513 ccc 0.0444
2021-06-07 03:47:07,850 - utils.logger - INFO - Cur epoch 41 loss MSE:0.0020
2021-06-07 03:47:08,468 - utils.logger - INFO - Cur epoch 41 loss MSE:0.0791
2021-06-07 03:47:08,950 - utils.logger - INFO - Cur epoch 41 loss MSE:5.0884
2021-06-07 03:47:08,950 - utils.logger - INFO - saving the model at the end of epoch 41, iters 246
2021-06-07 03:47:09,575 - utils.logger - INFO - End of training epoch 41 / 50 	 Time Taken: 2 sec, Data loading: 0 sec
2021-06-07 03:47:09,575 - utils.logger - INFO - learning rate = 0.0000029
2021-06-07 03:47:10,359 - utils.logger - INFO - Trn result of epoch 41 / 50 mse 0.0107 rmse 0.1036 pcc 0.9516 ccc 0.9460
2021-06-07 03:47:10,765 - utils.logger - INFO - Val result of epoch 41 / 50 mse 0.1608 rmse 0.4010 pcc 0.0764 ccc 0.0666
2021-06-07 03:47:11,379 - utils.logger - INFO - Cur epoch 42 loss MSE:0.0420
2021-06-07 03:47:12,032 - utils.logger - INFO - Cur epoch 42 loss MSE:0.0144
2021-06-07 03:47:12,520 - utils.logger - INFO - Cur epoch 42 loss MSE:0.0124
2021-06-07 03:47:12,520 - utils.logger - INFO - saving the model at the end of epoch 42, iters 252
2021-06-07 03:47:13,148 - utils.logger - INFO - End of training epoch 42 / 50 	 Time Taken: 2 sec, Data loading: 0 sec
2021-06-07 03:47:13,148 - utils.logger - INFO - learning rate = 0.0000026
2021-06-07 03:47:14,033 - utils.logger - INFO - Trn result of epoch 42 / 50 mse 0.0084 rmse 0.0915 pcc 0.9614 ccc 0.9580
2021-06-07 03:47:14,471 - utils.logger - INFO - Val result of epoch 42 / 50 mse 0.1556 rmse 0.3944 pcc 0.1002 ccc 0.0856
2021-06-07 03:47:15,045 - utils.logger - INFO - Cur epoch 43 loss MSE:0.0445
2021-06-07 03:47:15,642 - utils.logger - INFO - Cur epoch 43 loss MSE:0.0170
2021-06-07 03:47:16,078 - utils.logger - INFO - Cur epoch 43 loss MSE:1.5993
2021-06-07 03:47:16,078 - utils.logger - INFO - saving the model at the end of epoch 43, iters 258
2021-06-07 03:47:16,686 - utils.logger - INFO - End of training epoch 43 / 50 	 Time Taken: 2 sec, Data loading: 0 sec
2021-06-07 03:47:16,686 - utils.logger - INFO - learning rate = 0.0000023
2021-06-07 03:47:17,421 - utils.logger - INFO - Trn result of epoch 43 / 50 mse 0.0088 rmse 0.0938 pcc 0.9616 ccc 0.9556
2021-06-07 03:47:17,673 - utils.logger - INFO - Val result of epoch 43 / 50 mse 0.1575 rmse 0.3969 pcc 0.1134 ccc 0.0960
2021-06-07 03:47:18,265 - utils.logger - INFO - Cur epoch 44 loss MSE:0.0286
2021-06-07 03:47:18,997 - utils.logger - INFO - Cur epoch 44 loss MSE:0.0302
2021-06-07 03:47:19,469 - utils.logger - INFO - Cur epoch 44 loss MSE:0.0145
2021-06-07 03:47:19,469 - utils.logger - INFO - saving the model at the end of epoch 44, iters 264
2021-06-07 03:47:20,061 - utils.logger - INFO - End of training epoch 44 / 50 	 Time Taken: 2 sec, Data loading: 0 sec
2021-06-07 03:47:20,061 - utils.logger - INFO - learning rate = 0.0000019
2021-06-07 03:47:21,551 - utils.logger - INFO - Trn result of epoch 44 / 50 mse 0.0085 rmse 0.0921 pcc 0.9615 ccc 0.9570
2021-06-07 03:47:21,880 - utils.logger - INFO - Val result of epoch 44 / 50 mse 0.1580 rmse 0.3975 pcc 0.0909 ccc 0.0781
2021-06-07 03:47:22,467 - utils.logger - INFO - Cur epoch 45 loss MSE:0.0187
2021-06-07 03:47:23,067 - utils.logger - INFO - Cur epoch 45 loss MSE:0.0321
2021-06-07 03:47:23,528 - utils.logger - INFO - Cur epoch 45 loss MSE:0.0195
2021-06-07 03:47:23,528 - utils.logger - INFO - saving the model at the end of epoch 45, iters 270
2021-06-07 03:47:24,137 - utils.logger - INFO - End of training epoch 45 / 50 	 Time Taken: 2 sec, Data loading: 0 sec
2021-06-07 03:47:24,137 - utils.logger - INFO - learning rate = 0.0000016
2021-06-07 03:47:24,884 - utils.logger - INFO - Trn result of epoch 45 / 50 mse 0.0077 rmse 0.0876 pcc 0.9657 ccc 0.9611
2021-06-07 03:47:25,146 - utils.logger - INFO - Val result of epoch 45 / 50 mse 0.1560 rmse 0.3950 pcc 0.0908 ccc 0.0757
2021-06-07 03:47:25,731 - utils.logger - INFO - Cur epoch 46 loss MSE:0.0110
2021-06-07 03:47:26,341 - utils.logger - INFO - Cur epoch 46 loss MSE:0.0202
2021-06-07 03:47:26,799 - utils.logger - INFO - Cur epoch 46 loss MSE:0.5361
2021-06-07 03:47:26,799 - utils.logger - INFO - saving the model at the end of epoch 46, iters 276
2021-06-07 03:47:27,299 - utils.logger - INFO - End of training epoch 46 / 50 	 Time Taken: 2 sec, Data loading: 0 sec
2021-06-07 03:47:27,299 - utils.logger - INFO - learning rate = 0.0000013
2021-06-07 03:47:28,080 - utils.logger - INFO - Trn result of epoch 46 / 50 mse 0.0079 rmse 0.0890 pcc 0.9649 ccc 0.9595
2021-06-07 03:47:28,404 - utils.logger - INFO - Val result of epoch 46 / 50 mse 0.1564 rmse 0.3955 pcc 0.0794 ccc 0.0655
2021-06-07 03:47:28,991 - utils.logger - INFO - Cur epoch 47 loss MSE:0.0321
2021-06-07 03:47:29,579 - utils.logger - INFO - Cur epoch 47 loss MSE:0.0489
2021-06-07 03:47:30,034 - utils.logger - INFO - Cur epoch 47 loss MSE:0.6675
2021-06-07 03:47:30,034 - utils.logger - INFO - saving the model at the end of epoch 47, iters 282
2021-06-07 03:47:30,535 - utils.logger - INFO - End of training epoch 47 / 50 	 Time Taken: 2 sec, Data loading: 0 sec
2021-06-07 03:47:30,535 - utils.logger - INFO - learning rate = 0.0000010
2021-06-07 03:47:31,533 - utils.logger - INFO - Trn result of epoch 47 / 50 mse 0.0073 rmse 0.0854 pcc 0.9667 ccc 0.9635
2021-06-07 03:47:31,797 - utils.logger - INFO - Val result of epoch 47 / 50 mse 0.1561 rmse 0.3951 pcc 0.0927 ccc 0.0776
2021-06-07 03:47:32,388 - utils.logger - INFO - Cur epoch 48 loss MSE:0.0105
2021-06-07 03:47:32,967 - utils.logger - INFO - Cur epoch 48 loss MSE:0.7439
2021-06-07 03:47:33,432 - utils.logger - INFO - Cur epoch 48 loss MSE:0.0591
2021-06-07 03:47:33,432 - utils.logger - INFO - saving the model at the end of epoch 48, iters 288
2021-06-07 03:47:34,557 - utils.logger - INFO - End of training epoch 48 / 50 	 Time Taken: 2 sec, Data loading: 0 sec
2021-06-07 03:47:34,558 - utils.logger - INFO - learning rate = 0.0000006
2021-06-07 03:47:35,849 - utils.logger - INFO - Trn result of epoch 48 / 50 mse 0.0074 rmse 0.0862 pcc 0.9662 ccc 0.9629
2021-06-07 03:47:36,158 - utils.logger - INFO - Val result of epoch 48 / 50 mse 0.1576 rmse 0.3970 pcc 0.0954 ccc 0.0805
2021-06-07 03:47:36,744 - utils.logger - INFO - Cur epoch 49 loss MSE:0.0571
2021-06-07 03:47:37,352 - utils.logger - INFO - Cur epoch 49 loss MSE:0.0243
2021-06-07 03:47:37,821 - utils.logger - INFO - Cur epoch 49 loss MSE:0.0748
2021-06-07 03:47:37,821 - utils.logger - INFO - saving the model at the end of epoch 49, iters 294
2021-06-07 03:47:38,375 - utils.logger - INFO - End of training epoch 49 / 50 	 Time Taken: 2 sec, Data loading: 0 sec
2021-06-07 03:47:38,375 - utils.logger - INFO - learning rate = 0.0000003
2021-06-07 03:47:39,136 - utils.logger - INFO - Trn result of epoch 49 / 50 mse 0.0070 rmse 0.0835 pcc 0.9684 ccc 0.9652
2021-06-07 03:47:39,397 - utils.logger - INFO - Val result of epoch 49 / 50 mse 0.1558 rmse 0.3948 pcc 0.0866 ccc 0.0729
2021-06-07 03:47:39,988 - utils.logger - INFO - Cur epoch 50 loss MSE:0.0354
2021-06-07 03:47:40,572 - utils.logger - INFO - Cur epoch 50 loss MSE:0.0618
2021-06-07 03:47:41,014 - utils.logger - INFO - Cur epoch 50 loss MSE:0.0302
2021-06-07 03:47:41,014 - utils.logger - INFO - saving the model at the end of epoch 50, iters 300
2021-06-07 03:47:41,659 - utils.logger - INFO - End of training epoch 50 / 50 	 Time Taken: 2 sec, Data loading: 0 sec
2021-06-07 03:47:41,659 - utils.logger - INFO - learning rate = 0.0000000
2021-06-07 03:47:42,415 - utils.logger - INFO - Trn result of epoch 50 / 50 mse 0.0074 rmse 0.0858 pcc 0.9670 ccc 0.9630
2021-06-07 03:47:43,067 - utils.logger - INFO - Val result of epoch 50 / 50 mse 0.1563 rmse 0.3954 pcc 0.0887 ccc 0.0742
2021-06-07 03:47:43,068 - utils.logger - INFO - Best eval epoch 26 found with ccc 0.199690
2021-06-07 03:47:43,069 - utils.logger - INFO - baseline_earlyfusion_norm_deepspectrum_EDA_hidden1024_seq100_run2
