2021-06-16 15:12:04,391 - utils.logger - INFO - The number of training samples = 41
2021-06-16 15:12:07,601 - utils.logger - INFO - Cur epoch 1 loss ccc:0.1260
2021-06-16 15:12:08,015 - utils.logger - INFO - Cur epoch 1 loss ccc:0.1250
2021-06-16 15:12:08,355 - utils.logger - INFO - Cur epoch 1 loss ccc:1.0001
2021-06-16 15:12:08,355 - utils.logger - INFO - saving the model at the end of epoch 1, iters 6
2021-06-16 15:12:08,616 - utils.logger - INFO - End of training epoch 1 / 60 	 Time Taken: 1 sec, Data loading: 0 sec
2021-06-16 15:12:08,616 - utils.logger - INFO - learning rate = 0.0000500
2021-06-16 15:12:09,065 - utils.logger - INFO - Trn result of epoch 1 / 60 mse 0.0453 rmse 0.2129 pcc 0.0265 ccc 0.0001
2021-06-16 15:12:09,222 - utils.logger - INFO - Val result of epoch 1 / 60 mse 0.0381 rmse 0.1951 pcc 0.0127 ccc 0.0001
2021-06-16 15:12:09,631 - utils.logger - INFO - Cur epoch 2 loss ccc:0.1250
2021-06-16 15:12:10,064 - utils.logger - INFO - Cur epoch 2 loss ccc:0.1233
2021-06-16 15:12:10,411 - utils.logger - INFO - Cur epoch 2 loss ccc:1.0001
2021-06-16 15:12:10,411 - utils.logger - INFO - saving the model at the end of epoch 2, iters 12
2021-06-16 15:12:10,692 - utils.logger - INFO - End of training epoch 2 / 60 	 Time Taken: 1 sec, Data loading: 0 sec
2021-06-16 15:12:10,692 - utils.logger - INFO - learning rate = 0.0000500
2021-06-16 15:12:11,140 - utils.logger - INFO - Trn result of epoch 2 / 60 mse 0.0455 rmse 0.2133 pcc -0.0628 ccc -0.0006
2021-06-16 15:12:11,300 - utils.logger - INFO - Val result of epoch 2 / 60 mse 0.0382 rmse 0.1954 pcc -0.1147 ccc -0.0013
2021-06-16 15:12:11,720 - utils.logger - INFO - Cur epoch 3 loss ccc:0.1209
2021-06-16 15:12:12,141 - utils.logger - INFO - Cur epoch 3 loss ccc:0.1215
2021-06-16 15:12:12,493 - utils.logger - INFO - Cur epoch 3 loss ccc:0.9919
2021-06-16 15:12:12,493 - utils.logger - INFO - saving the model at the end of epoch 3, iters 18
2021-06-16 15:12:12,780 - utils.logger - INFO - End of training epoch 3 / 60 	 Time Taken: 1 sec, Data loading: 0 sec
2021-06-16 15:12:12,780 - utils.logger - INFO - learning rate = 0.0000500
2021-06-16 15:12:13,217 - utils.logger - INFO - Trn result of epoch 3 / 60 mse 0.0453 rmse 0.2128 pcc 0.1020 ccc 0.0016
2021-06-16 15:12:13,378 - utils.logger - INFO - Val result of epoch 3 / 60 mse 0.0380 rmse 0.1950 pcc 0.1087 ccc 0.0018
2021-06-16 15:12:13,795 - utils.logger - INFO - Cur epoch 4 loss ccc:0.1239
2021-06-16 15:12:14,199 - utils.logger - INFO - Cur epoch 4 loss ccc:0.1201
2021-06-16 15:12:14,520 - utils.logger - INFO - Cur epoch 4 loss ccc:0.9969
2021-06-16 15:12:14,520 - utils.logger - INFO - saving the model at the end of epoch 4, iters 24
2021-06-16 15:12:14,788 - utils.logger - INFO - End of training epoch 4 / 60 	 Time Taken: 1 sec, Data loading: 0 sec
2021-06-16 15:12:14,789 - utils.logger - INFO - learning rate = 0.0000500
2021-06-16 15:12:15,246 - utils.logger - INFO - Trn result of epoch 4 / 60 mse 0.0451 rmse 0.2123 pcc 0.1412 ccc 0.0037
2021-06-16 15:12:15,400 - utils.logger - INFO - Val result of epoch 4 / 60 mse 0.0379 rmse 0.1947 pcc 0.1374 ccc 0.0039
2021-06-16 15:12:15,813 - utils.logger - INFO - Cur epoch 5 loss ccc:0.1271
2021-06-16 15:12:16,219 - utils.logger - INFO - Cur epoch 5 loss ccc:0.1233
2021-06-16 15:12:16,548 - utils.logger - INFO - Cur epoch 5 loss ccc:0.9950
2021-06-16 15:12:16,548 - utils.logger - INFO - saving the model at the end of epoch 5, iters 30
2021-06-16 15:12:16,970 - utils.logger - INFO - End of training epoch 5 / 60 	 Time Taken: 1 sec, Data loading: 0 sec
2021-06-16 15:12:16,971 - utils.logger - INFO - learning rate = 0.0000500
2021-06-16 15:12:17,379 - utils.logger - INFO - Trn result of epoch 5 / 60 mse 0.0453 rmse 0.2128 pcc 0.0969 ccc 0.0038
2021-06-16 15:12:17,543 - utils.logger - INFO - Val result of epoch 5 / 60 mse 0.0380 rmse 0.1950 pcc 0.0792 ccc 0.0034
2021-06-16 15:12:17,949 - utils.logger - INFO - Cur epoch 6 loss ccc:0.1231
2021-06-16 15:12:18,370 - utils.logger - INFO - Cur epoch 6 loss ccc:0.1180
2021-06-16 15:12:18,717 - utils.logger - INFO - Cur epoch 6 loss ccc:0.8781
2021-06-16 15:12:18,717 - utils.logger - INFO - saving the model at the end of epoch 6, iters 36
2021-06-16 15:12:18,985 - utils.logger - INFO - End of training epoch 6 / 60 	 Time Taken: 1 sec, Data loading: 0 sec
2021-06-16 15:12:18,985 - utils.logger - INFO - learning rate = 0.0000500
2021-06-16 15:12:19,390 - utils.logger - INFO - Trn result of epoch 6 / 60 mse 0.0460 rmse 0.2144 pcc 0.0531 ccc 0.0061
2021-06-16 15:12:19,547 - utils.logger - INFO - Val result of epoch 6 / 60 mse 0.0385 rmse 0.1963 pcc 0.0203 ccc 0.0026
2021-06-16 15:12:19,971 - utils.logger - INFO - Cur epoch 7 loss ccc:0.1053
2021-06-16 15:12:20,385 - utils.logger - INFO - Cur epoch 7 loss ccc:0.1250
2021-06-16 15:12:20,755 - utils.logger - INFO - Cur epoch 7 loss ccc:0.9998
2021-06-16 15:12:20,756 - utils.logger - INFO - saving the model at the end of epoch 7, iters 42
2021-06-16 15:12:21,036 - utils.logger - INFO - End of training epoch 7 / 60 	 Time Taken: 1 sec, Data loading: 0 sec
2021-06-16 15:12:21,037 - utils.logger - INFO - learning rate = 0.0000500
2021-06-16 15:12:21,442 - utils.logger - INFO - Trn result of epoch 7 / 60 mse 0.0433 rmse 0.2081 pcc 0.1822 ccc 0.0355
2021-06-16 15:12:21,599 - utils.logger - INFO - Val result of epoch 7 / 60 mse 0.0366 rmse 0.1913 pcc 0.2159 ccc 0.0467
2021-06-16 15:12:22,026 - utils.logger - INFO - Cur epoch 8 loss ccc:0.1245
2021-06-16 15:12:22,466 - utils.logger - INFO - Cur epoch 8 loss ccc:0.1206
2021-06-16 15:12:22,811 - utils.logger - INFO - Cur epoch 8 loss ccc:0.9994
2021-06-16 15:12:22,811 - utils.logger - INFO - saving the model at the end of epoch 8, iters 48
2021-06-16 15:12:23,111 - utils.logger - INFO - End of training epoch 8 / 60 	 Time Taken: 1 sec, Data loading: 0 sec
2021-06-16 15:12:23,111 - utils.logger - INFO - learning rate = 0.0000500
2021-06-16 15:12:23,517 - utils.logger - INFO - Trn result of epoch 8 / 60 mse 0.0455 rmse 0.2134 pcc 0.0692 ccc 0.0040
2021-06-16 15:12:23,663 - utils.logger - INFO - Val result of epoch 8 / 60 mse 0.0382 rmse 0.1955 pcc 0.0185 ccc 0.0012
2021-06-16 15:12:24,079 - utils.logger - INFO - Cur epoch 9 loss ccc:0.1079
2021-06-16 15:12:24,515 - utils.logger - INFO - Cur epoch 9 loss ccc:0.1251
2021-06-16 15:12:24,855 - utils.logger - INFO - Cur epoch 9 loss ccc:1.0120
2021-06-16 15:12:24,855 - utils.logger - INFO - saving the model at the end of epoch 9, iters 54
2021-06-16 15:12:25,119 - utils.logger - INFO - End of training epoch 9 / 60 	 Time Taken: 1 sec, Data loading: 0 sec
2021-06-16 15:12:25,119 - utils.logger - INFO - learning rate = 0.0000500
2021-06-16 15:12:25,573 - utils.logger - INFO - Trn result of epoch 9 / 60 mse 0.0887 rmse 0.2979 pcc 0.2848 ccc 0.0709
2021-06-16 15:12:25,733 - utils.logger - INFO - Val result of epoch 9 / 60 mse 0.0879 rmse 0.2964 pcc 0.3188 ccc 0.0912
2021-06-16 15:12:26,152 - utils.logger - INFO - Cur epoch 10 loss ccc:0.1273
2021-06-16 15:12:26,548 - utils.logger - INFO - Cur epoch 10 loss ccc:0.1243
2021-06-16 15:12:26,882 - utils.logger - INFO - Cur epoch 10 loss ccc:1.0047
2021-06-16 15:12:26,882 - utils.logger - INFO - saving the model at the end of epoch 10, iters 60
2021-06-16 15:12:27,137 - utils.logger - INFO - End of training epoch 10 / 60 	 Time Taken: 1 sec, Data loading: 0 sec
2021-06-16 15:12:27,137 - utils.logger - INFO - learning rate = 0.0000490
2021-06-16 15:12:27,561 - utils.logger - INFO - Trn result of epoch 10 / 60 mse 0.3384 rmse 0.5817 pcc 0.0419 ccc 0.0025
2021-06-16 15:12:27,720 - utils.logger - INFO - Val result of epoch 10 / 60 mse 0.3587 rmse 0.5989 pcc 0.0168 ccc 0.0009
2021-06-16 15:12:28,165 - utils.logger - INFO - Cur epoch 11 loss ccc:0.1200
2021-06-16 15:12:28,613 - utils.logger - INFO - Cur epoch 11 loss ccc:0.1254
2021-06-16 15:12:28,959 - utils.logger - INFO - Cur epoch 11 loss ccc:0.9878
2021-06-16 15:12:28,959 - utils.logger - INFO - saving the model at the end of epoch 11, iters 66
2021-06-16 15:12:29,226 - utils.logger - INFO - End of training epoch 11 / 60 	 Time Taken: 1 sec, Data loading: 0 sec
2021-06-16 15:12:29,227 - utils.logger - INFO - learning rate = 0.0000480
2021-06-16 15:12:29,644 - utils.logger - INFO - Trn result of epoch 11 / 60 mse 0.1700 rmse 0.4124 pcc 0.0437 ccc 0.0038
2021-06-16 15:12:29,787 - utils.logger - INFO - Val result of epoch 11 / 60 mse 0.1818 rmse 0.4264 pcc 0.0168 ccc 0.0013
2021-06-16 15:12:30,195 - utils.logger - INFO - Cur epoch 12 loss ccc:0.1146
2021-06-16 15:12:30,625 - utils.logger - INFO - Cur epoch 12 loss ccc:0.1303
2021-06-16 15:12:30,988 - utils.logger - INFO - Cur epoch 12 loss ccc:1.0007
2021-06-16 15:12:30,988 - utils.logger - INFO - saving the model at the end of epoch 12, iters 72
2021-06-16 15:12:31,293 - utils.logger - INFO - End of training epoch 12 / 60 	 Time Taken: 1 sec, Data loading: 0 sec
2021-06-16 15:12:31,293 - utils.logger - INFO - learning rate = 0.0000471
2021-06-16 15:12:31,748 - utils.logger - INFO - Trn result of epoch 12 / 60 mse 0.0873 rmse 0.2955 pcc 0.0375 ccc 0.0044
2021-06-16 15:12:31,904 - utils.logger - INFO - Val result of epoch 12 / 60 mse 0.0923 rmse 0.3038 pcc 0.0028 ccc 0.0003
2021-06-16 15:12:32,307 - utils.logger - INFO - Cur epoch 13 loss ccc:0.1137
2021-06-16 15:12:32,741 - utils.logger - INFO - Cur epoch 13 loss ccc:0.1384
2021-06-16 15:12:33,091 - utils.logger - INFO - Cur epoch 13 loss ccc:0.9793
2021-06-16 15:12:33,091 - utils.logger - INFO - saving the model at the end of epoch 13, iters 78
2021-06-16 15:12:33,364 - utils.logger - INFO - End of training epoch 13 / 60 	 Time Taken: 1 sec, Data loading: 0 sec
2021-06-16 15:12:33,364 - utils.logger - INFO - learning rate = 0.0000461
2021-06-16 15:12:33,770 - utils.logger - INFO - Trn result of epoch 13 / 60 mse 0.0778 rmse 0.2790 pcc 0.0106 ccc 0.0013
2021-06-16 15:12:33,913 - utils.logger - INFO - Val result of epoch 13 / 60 mse 0.0818 rmse 0.2861 pcc -0.0314 ccc -0.0033
2021-06-16 15:12:34,337 - utils.logger - INFO - Cur epoch 14 loss ccc:0.1249
2021-06-16 15:12:34,770 - utils.logger - INFO - Cur epoch 14 loss ccc:0.1253
2021-06-16 15:12:35,127 - utils.logger - INFO - Cur epoch 14 loss ccc:1.0229
2021-06-16 15:12:35,127 - utils.logger - INFO - saving the model at the end of epoch 14, iters 84
2021-06-16 15:12:35,400 - utils.logger - INFO - End of training epoch 14 / 60 	 Time Taken: 1 sec, Data loading: 0 sec
2021-06-16 15:12:35,400 - utils.logger - INFO - learning rate = 0.0000451
2021-06-16 15:12:35,813 - utils.logger - INFO - Trn result of epoch 14 / 60 mse 0.1377 rmse 0.3711 pcc 0.0023 ccc 0.0003
2021-06-16 15:12:35,953 - utils.logger - INFO - Val result of epoch 14 / 60 mse 0.1480 rmse 0.3846 pcc -0.0487 ccc -0.0053
2021-06-16 15:12:36,374 - utils.logger - INFO - Cur epoch 15 loss ccc:0.1132
2021-06-16 15:12:36,795 - utils.logger - INFO - Cur epoch 15 loss ccc:0.1345
2021-06-16 15:12:37,130 - utils.logger - INFO - Cur epoch 15 loss ccc:0.9993
2021-06-16 15:12:37,130 - utils.logger - INFO - saving the model at the end of epoch 15, iters 90
2021-06-16 15:12:37,542 - utils.logger - INFO - End of training epoch 15 / 60 	 Time Taken: 1 sec, Data loading: 0 sec
2021-06-16 15:12:37,542 - utils.logger - INFO - learning rate = 0.0000441
2021-06-16 15:12:37,963 - utils.logger - INFO - Trn result of epoch 15 / 60 mse 0.1234 rmse 0.3513 pcc 0.0039 ccc 0.0005
2021-06-16 15:12:38,103 - utils.logger - INFO - Val result of epoch 15 / 60 mse 0.1324 rmse 0.3638 pcc -0.0470 ccc -0.0052
2021-06-16 15:12:38,520 - utils.logger - INFO - Cur epoch 16 loss ccc:0.1240
2021-06-16 15:12:38,950 - utils.logger - INFO - Cur epoch 16 loss ccc:0.1137
2021-06-16 15:12:39,296 - utils.logger - INFO - Cur epoch 16 loss ccc:0.9768
2021-06-16 15:12:39,296 - utils.logger - INFO - saving the model at the end of epoch 16, iters 96
2021-06-16 15:12:39,562 - utils.logger - INFO - End of training epoch 16 / 60 	 Time Taken: 1 sec, Data loading: 0 sec
2021-06-16 15:12:39,562 - utils.logger - INFO - learning rate = 0.0000431
2021-06-16 15:12:39,972 - utils.logger - INFO - Trn result of epoch 16 / 60 mse 0.1121 rmse 0.3349 pcc 0.1189 ccc 0.0362
2021-06-16 15:12:40,115 - utils.logger - INFO - Val result of epoch 16 / 60 mse 0.1265 rmse 0.3557 pcc -0.0921 ccc -0.0238
2021-06-16 15:12:40,554 - utils.logger - INFO - Cur epoch 17 loss ccc:0.1270
2021-06-16 15:12:40,995 - utils.logger - INFO - Cur epoch 17 loss ccc:0.1108
2021-06-16 15:12:41,369 - utils.logger - INFO - Cur epoch 17 loss ccc:0.9932
2021-06-16 15:12:41,370 - utils.logger - INFO - saving the model at the end of epoch 17, iters 102
2021-06-16 15:12:41,632 - utils.logger - INFO - End of training epoch 17 / 60 	 Time Taken: 1 sec, Data loading: 0 sec
2021-06-16 15:12:41,632 - utils.logger - INFO - learning rate = 0.0000422
2021-06-16 15:12:42,067 - utils.logger - INFO - Trn result of epoch 17 / 60 mse 0.0464 rmse 0.2154 pcc 0.0057 ccc 0.0003
2021-06-16 15:12:42,224 - utils.logger - INFO - Val result of epoch 17 / 60 mse 0.0386 rmse 0.1966 pcc -0.0328 ccc -0.0017
2021-06-16 15:12:42,631 - utils.logger - INFO - Cur epoch 18 loss ccc:0.1277
2021-06-16 15:12:43,067 - utils.logger - INFO - Cur epoch 18 loss ccc:0.1111
2021-06-16 15:12:43,427 - utils.logger - INFO - Cur epoch 18 loss ccc:0.9999
2021-06-16 15:12:43,427 - utils.logger - INFO - saving the model at the end of epoch 18, iters 108
2021-06-16 15:12:43,689 - utils.logger - INFO - End of training epoch 18 / 60 	 Time Taken: 1 sec, Data loading: 0 sec
2021-06-16 15:12:43,689 - utils.logger - INFO - learning rate = 0.0000412
2021-06-16 15:12:44,098 - utils.logger - INFO - Trn result of epoch 18 / 60 mse 0.0467 rmse 0.2161 pcc 0.0150 ccc 0.0010
2021-06-16 15:12:44,237 - utils.logger - INFO - Val result of epoch 18 / 60 mse 0.0389 rmse 0.1971 pcc -0.0278 ccc -0.0021
2021-06-16 15:12:44,658 - utils.logger - INFO - Cur epoch 19 loss ccc:0.1194
2021-06-16 15:12:45,079 - utils.logger - INFO - Cur epoch 19 loss ccc:0.1003
2021-06-16 15:12:45,413 - utils.logger - INFO - Cur epoch 19 loss ccc:0.9907
2021-06-16 15:12:45,413 - utils.logger - INFO - saving the model at the end of epoch 19, iters 114
2021-06-16 15:12:45,701 - utils.logger - INFO - End of training epoch 19 / 60 	 Time Taken: 1 sec, Data loading: 0 sec
2021-06-16 15:12:45,701 - utils.logger - INFO - learning rate = 0.0000402
2021-06-16 15:12:46,162 - utils.logger - INFO - Trn result of epoch 19 / 60 mse 0.0465 rmse 0.2157 pcc 0.0249 ccc 0.0015
2021-06-16 15:12:46,320 - utils.logger - INFO - Val result of epoch 19 / 60 mse 0.0387 rmse 0.1968 pcc -0.0182 ccc -0.0012
2021-06-16 15:12:46,736 - utils.logger - INFO - Cur epoch 20 loss ccc:0.1250
2021-06-16 15:12:47,151 - utils.logger - INFO - Cur epoch 20 loss ccc:0.0994
2021-06-16 15:12:47,496 - utils.logger - INFO - Cur epoch 20 loss ccc:1.0000
2021-06-16 15:12:47,496 - utils.logger - INFO - saving the model at the end of epoch 20, iters 120
2021-06-16 15:12:47,753 - utils.logger - INFO - End of training epoch 20 / 60 	 Time Taken: 1 sec, Data loading: 0 sec
2021-06-16 15:12:47,753 - utils.logger - INFO - learning rate = 0.0000392
2021-06-16 15:12:48,163 - utils.logger - INFO - Trn result of epoch 20 / 60 mse 0.0464 rmse 0.2155 pcc 0.0489 ccc 0.0033
2021-06-16 15:12:48,306 - utils.logger - INFO - Val result of epoch 20 / 60 mse 0.0387 rmse 0.1968 pcc -0.0027 ccc -0.0002
2021-06-16 15:12:48,723 - utils.logger - INFO - Cur epoch 21 loss ccc:0.1282
2021-06-16 15:12:49,134 - utils.logger - INFO - Cur epoch 21 loss ccc:0.1111
2021-06-16 15:12:49,480 - utils.logger - INFO - Cur epoch 21 loss ccc:1.0329
2021-06-16 15:12:49,480 - utils.logger - INFO - saving the model at the end of epoch 21, iters 126
2021-06-16 15:12:49,738 - utils.logger - INFO - End of training epoch 21 / 60 	 Time Taken: 1 sec, Data loading: 0 sec
2021-06-16 15:12:49,739 - utils.logger - INFO - learning rate = 0.0000382
2021-06-16 15:12:50,149 - utils.logger - INFO - Trn result of epoch 21 / 60 mse 0.0467 rmse 0.2161 pcc 0.0405 ccc 0.0029
2021-06-16 15:12:50,293 - utils.logger - INFO - Val result of epoch 21 / 60 mse 0.0389 rmse 0.1971 pcc -0.0094 ccc -0.0008
2021-06-16 15:12:50,704 - utils.logger - INFO - Cur epoch 22 loss ccc:0.1271
2021-06-16 15:12:51,129 - utils.logger - INFO - Cur epoch 22 loss ccc:0.1083
2021-06-16 15:12:51,463 - utils.logger - INFO - Cur epoch 22 loss ccc:0.9872
2021-06-16 15:12:51,463 - utils.logger - INFO - saving the model at the end of epoch 22, iters 132
2021-06-16 15:12:51,724 - utils.logger - INFO - End of training epoch 22 / 60 	 Time Taken: 1 sec, Data loading: 0 sec
2021-06-16 15:12:51,724 - utils.logger - INFO - learning rate = 0.0000373
2021-06-16 15:12:52,135 - utils.logger - INFO - Trn result of epoch 22 / 60 mse 0.0464 rmse 0.2154 pcc 0.0648 ccc 0.0037
2021-06-16 15:12:52,277 - utils.logger - INFO - Val result of epoch 22 / 60 mse 0.0387 rmse 0.1967 pcc 0.0012 ccc 0.0001
2021-06-16 15:12:52,691 - utils.logger - INFO - Cur epoch 23 loss ccc:0.1195
2021-06-16 15:12:53,091 - utils.logger - INFO - Cur epoch 23 loss ccc:0.1164
2021-06-16 15:12:53,426 - utils.logger - INFO - Cur epoch 23 loss ccc:1.0000
2021-06-16 15:12:53,426 - utils.logger - INFO - saving the model at the end of epoch 23, iters 138
2021-06-16 15:12:53,779 - utils.logger - INFO - End of training epoch 23 / 60 	 Time Taken: 1 sec, Data loading: 0 sec
2021-06-16 15:12:53,779 - utils.logger - INFO - learning rate = 0.0000363
2021-06-16 15:12:54,192 - utils.logger - INFO - Trn result of epoch 23 / 60 mse 0.0466 rmse 0.2158 pcc 0.0757 ccc 0.0053
2021-06-16 15:12:54,335 - utils.logger - INFO - Val result of epoch 23 / 60 mse 0.0388 rmse 0.1970 pcc 0.0050 ccc 0.0004
2021-06-16 15:12:54,739 - utils.logger - INFO - Cur epoch 24 loss ccc:0.1241
2021-06-16 15:12:55,144 - utils.logger - INFO - Cur epoch 24 loss ccc:0.1125
2021-06-16 15:12:55,509 - utils.logger - INFO - Cur epoch 24 loss ccc:1.0000
2021-06-16 15:12:55,509 - utils.logger - INFO - saving the model at the end of epoch 24, iters 144
2021-06-16 15:12:55,769 - utils.logger - INFO - End of training epoch 24 / 60 	 Time Taken: 1 sec, Data loading: 0 sec
2021-06-16 15:12:55,769 - utils.logger - INFO - learning rate = 0.0000353
2021-06-16 15:12:56,175 - utils.logger - INFO - Trn result of epoch 24 / 60 mse 0.0463 rmse 0.2152 pcc 0.1096 ccc 0.0087
2021-06-16 15:12:56,321 - utils.logger - INFO - Val result of epoch 24 / 60 mse 0.0387 rmse 0.1967 pcc 0.0297 ccc 0.0026
2021-06-16 15:12:56,743 - utils.logger - INFO - Cur epoch 25 loss ccc:0.1110
2021-06-16 15:12:57,154 - utils.logger - INFO - Cur epoch 25 loss ccc:0.1269
2021-06-16 15:12:57,473 - utils.logger - INFO - Cur epoch 25 loss ccc:0.9977
2021-06-16 15:12:57,473 - utils.logger - INFO - saving the model at the end of epoch 25, iters 150
2021-06-16 15:12:57,760 - utils.logger - INFO - End of training epoch 25 / 60 	 Time Taken: 1 sec, Data loading: 0 sec
2021-06-16 15:12:57,760 - utils.logger - INFO - learning rate = 0.0000343
2021-06-16 15:12:58,175 - utils.logger - INFO - Trn result of epoch 25 / 60 mse 0.0986 rmse 0.3141 pcc 0.2603 ccc 0.1022
2021-06-16 15:12:58,322 - utils.logger - INFO - Val result of epoch 25 / 60 mse 0.1057 rmse 0.3251 pcc 0.2165 ccc 0.0786
2021-06-16 15:12:58,751 - utils.logger - INFO - Cur epoch 26 loss ccc:0.1295
2021-06-16 15:12:59,169 - utils.logger - INFO - Cur epoch 26 loss ccc:0.1272
2021-06-16 15:12:59,528 - utils.logger - INFO - Cur epoch 26 loss ccc:1.0003
2021-06-16 15:12:59,528 - utils.logger - INFO - saving the model at the end of epoch 26, iters 156
2021-06-16 15:12:59,803 - utils.logger - INFO - End of training epoch 26 / 60 	 Time Taken: 1 sec, Data loading: 0 sec
2021-06-16 15:12:59,803 - utils.logger - INFO - learning rate = 0.0000333
2021-06-16 15:13:00,251 - utils.logger - INFO - Trn result of epoch 26 / 60 mse 0.1252 rmse 0.3539 pcc 0.0139 ccc 0.0015
2021-06-16 15:13:00,411 - utils.logger - INFO - Val result of epoch 26 / 60 mse 0.1343 rmse 0.3664 pcc -0.0211 ccc -0.0019
2021-06-16 15:13:00,835 - utils.logger - INFO - Cur epoch 27 loss ccc:0.1372
2021-06-16 15:13:01,257 - utils.logger - INFO - Cur epoch 27 loss ccc:0.1117
2021-06-16 15:13:01,610 - utils.logger - INFO - Cur epoch 27 loss ccc:1.0059
2021-06-16 15:13:01,610 - utils.logger - INFO - saving the model at the end of epoch 27, iters 162
2021-06-16 15:13:01,874 - utils.logger - INFO - End of training epoch 27 / 60 	 Time Taken: 1 sec, Data loading: 0 sec
2021-06-16 15:13:01,875 - utils.logger - INFO - learning rate = 0.0000324
2021-06-16 15:13:02,284 - utils.logger - INFO - Trn result of epoch 27 / 60 mse 0.1650 rmse 0.4062 pcc 0.0110 ccc 0.0011
2021-06-16 15:13:02,427 - utils.logger - INFO - Val result of epoch 27 / 60 mse 0.1772 rmse 0.4210 pcc -0.0277 ccc -0.0024
2021-06-16 15:13:02,846 - utils.logger - INFO - Cur epoch 28 loss ccc:0.1250
2021-06-16 15:13:03,262 - utils.logger - INFO - Cur epoch 28 loss ccc:0.1348
2021-06-16 15:13:03,630 - utils.logger - INFO - Cur epoch 28 loss ccc:1.0013
2021-06-16 15:13:03,630 - utils.logger - INFO - saving the model at the end of epoch 28, iters 168
2021-06-16 15:13:04,186 - utils.logger - INFO - End of training epoch 28 / 60 	 Time Taken: 1 sec, Data loading: 0 sec
2021-06-16 15:13:04,186 - utils.logger - INFO - learning rate = 0.0000314
2021-06-16 15:13:04,597 - utils.logger - INFO - Trn result of epoch 28 / 60 mse 0.1107 rmse 0.3328 pcc 0.0083 ccc 0.0010
2021-06-16 15:13:04,754 - utils.logger - INFO - Val result of epoch 28 / 60 mse 0.1185 rmse 0.3443 pcc -0.0343 ccc -0.0037
2021-06-16 15:13:05,244 - utils.logger - INFO - Cur epoch 29 loss ccc:0.1097
2021-06-16 15:13:05,668 - utils.logger - INFO - Cur epoch 29 loss ccc:0.1151
2021-06-16 15:13:06,013 - utils.logger - INFO - Cur epoch 29 loss ccc:0.9983
2021-06-16 15:13:06,013 - utils.logger - INFO - saving the model at the end of epoch 29, iters 174
2021-06-16 15:13:06,311 - utils.logger - INFO - End of training epoch 29 / 60 	 Time Taken: 1 sec, Data loading: 0 sec
2021-06-16 15:13:06,311 - utils.logger - INFO - learning rate = 0.0000304
2021-06-16 15:13:06,742 - utils.logger - INFO - Trn result of epoch 29 / 60 mse 0.1132 rmse 0.3364 pcc 0.0104 ccc 0.0012
2021-06-16 15:13:06,887 - utils.logger - INFO - Val result of epoch 29 / 60 mse 0.1212 rmse 0.3481 pcc -0.0294 ccc -0.0030
2021-06-16 15:13:07,324 - utils.logger - INFO - Cur epoch 30 loss ccc:0.0953
2021-06-16 15:13:07,761 - utils.logger - INFO - Cur epoch 30 loss ccc:0.1353
2021-06-16 15:13:08,135 - utils.logger - INFO - Cur epoch 30 loss ccc:0.9855
2021-06-16 15:13:08,135 - utils.logger - INFO - saving the model at the end of epoch 30, iters 180
2021-06-16 15:13:08,393 - utils.logger - INFO - End of training epoch 30 / 60 	 Time Taken: 1 sec, Data loading: 0 sec
2021-06-16 15:13:08,393 - utils.logger - INFO - learning rate = 0.0000294
2021-06-16 15:13:08,837 - utils.logger - INFO - Trn result of epoch 30 / 60 mse 0.1031 rmse 0.3212 pcc 0.0056 ccc 0.0007
2021-06-16 15:13:09,002 - utils.logger - INFO - Val result of epoch 30 / 60 mse 0.1102 rmse 0.3320 pcc -0.0376 ccc -0.0042
2021-06-16 15:13:09,441 - utils.logger - INFO - Cur epoch 31 loss ccc:0.1350
2021-06-16 15:13:09,868 - utils.logger - INFO - Cur epoch 31 loss ccc:0.1138
2021-06-16 15:13:10,217 - utils.logger - INFO - Cur epoch 31 loss ccc:0.9980
2021-06-16 15:13:10,218 - utils.logger - INFO - saving the model at the end of epoch 31, iters 186
2021-06-16 15:13:10,485 - utils.logger - INFO - End of training epoch 31 / 60 	 Time Taken: 1 sec, Data loading: 0 sec
2021-06-16 15:13:10,485 - utils.logger - INFO - learning rate = 0.0000284
2021-06-16 15:13:10,895 - utils.logger - INFO - Trn result of epoch 31 / 60 mse 0.1019 rmse 0.3192 pcc -0.0018 ccc -0.0002
2021-06-16 15:13:11,038 - utils.logger - INFO - Val result of epoch 31 / 60 mse 0.1089 rmse 0.3300 pcc -0.0479 ccc -0.0056
2021-06-16 15:13:11,451 - utils.logger - INFO - Cur epoch 32 loss ccc:0.1103
2021-06-16 15:13:11,863 - utils.logger - INFO - Cur epoch 32 loss ccc:0.1251
2021-06-16 15:13:12,217 - utils.logger - INFO - Cur epoch 32 loss ccc:1.0001
2021-06-16 15:13:12,218 - utils.logger - INFO - saving the model at the end of epoch 32, iters 192
2021-06-16 15:13:12,498 - utils.logger - INFO - End of training epoch 32 / 60 	 Time Taken: 1 sec, Data loading: 0 sec
2021-06-16 15:13:12,499 - utils.logger - INFO - learning rate = 0.0000275
2021-06-16 15:13:12,902 - utils.logger - INFO - Trn result of epoch 32 / 60 mse 0.0774 rmse 0.2782 pcc -0.0081 ccc -0.0013
2021-06-16 15:13:13,049 - utils.logger - INFO - Val result of epoch 32 / 60 mse 0.0816 rmse 0.2856 pcc -0.0617 ccc -0.0087
2021-06-16 15:13:13,496 - utils.logger - INFO - Cur epoch 33 loss ccc:0.1322
2021-06-16 15:13:13,928 - utils.logger - INFO - Cur epoch 33 loss ccc:0.1243
2021-06-16 15:13:14,270 - utils.logger - INFO - Cur epoch 33 loss ccc:0.9991
2021-06-16 15:13:14,270 - utils.logger - INFO - saving the model at the end of epoch 33, iters 198
2021-06-16 15:13:14,889 - utils.logger - INFO - End of training epoch 33 / 60 	 Time Taken: 1 sec, Data loading: 0 sec
2021-06-16 15:13:14,889 - utils.logger - INFO - learning rate = 0.0000265
2021-06-16 15:13:15,303 - utils.logger - INFO - Trn result of epoch 33 / 60 mse 0.0791 rmse 0.2812 pcc -0.0078 ccc -0.0012
2021-06-16 15:13:15,457 - utils.logger - INFO - Val result of epoch 33 / 60 mse 0.0834 rmse 0.2889 pcc -0.0609 ccc -0.0085
2021-06-16 15:13:15,898 - utils.logger - INFO - Cur epoch 34 loss ccc:0.0946
2021-06-16 15:13:16,324 - utils.logger - INFO - Cur epoch 34 loss ccc:0.1378
2021-06-16 15:13:16,669 - utils.logger - INFO - Cur epoch 34 loss ccc:1.0003
2021-06-16 15:13:16,669 - utils.logger - INFO - saving the model at the end of epoch 34, iters 204
2021-06-16 15:13:16,948 - utils.logger - INFO - End of training epoch 34 / 60 	 Time Taken: 1 sec, Data loading: 0 sec
2021-06-16 15:13:16,948 - utils.logger - INFO - learning rate = 0.0000255
2021-06-16 15:13:17,354 - utils.logger - INFO - Trn result of epoch 34 / 60 mse 0.0809 rmse 0.2845 pcc -0.0057 ccc -0.0009
2021-06-16 15:13:17,495 - utils.logger - INFO - Val result of epoch 34 / 60 mse 0.0855 rmse 0.2924 pcc -0.0572 ccc -0.0077
2021-06-16 15:13:17,875 - utils.logger - INFO - Cur epoch 35 loss ccc:0.1248
2021-06-16 15:13:18,268 - utils.logger - INFO - Cur epoch 35 loss ccc:0.1328
2021-06-16 15:13:18,575 - utils.logger - INFO - Cur epoch 35 loss ccc:1.0078
2021-06-16 15:13:18,576 - utils.logger - INFO - saving the model at the end of epoch 35, iters 210
2021-06-16 15:13:18,822 - utils.logger - INFO - End of training epoch 35 / 60 	 Time Taken: 1 sec, Data loading: 0 sec
2021-06-16 15:13:18,822 - utils.logger - INFO - learning rate = 0.0000245
2021-06-16 15:13:19,232 - utils.logger - INFO - Trn result of epoch 35 / 60 mse 0.0817 rmse 0.2859 pcc -0.0055 ccc -0.0008
2021-06-16 15:13:19,374 - utils.logger - INFO - Val result of epoch 35 / 60 mse 0.0864 rmse 0.2940 pcc -0.0567 ccc -0.0076
2021-06-16 15:13:19,789 - utils.logger - INFO - Cur epoch 36 loss ccc:0.1289
2021-06-16 15:13:20,196 - utils.logger - INFO - Cur epoch 36 loss ccc:0.0946
2021-06-16 15:13:20,533 - utils.logger - INFO - Cur epoch 36 loss ccc:0.9992
2021-06-16 15:13:20,533 - utils.logger - INFO - saving the model at the end of epoch 36, iters 216
2021-06-16 15:13:20,794 - utils.logger - INFO - End of training epoch 36 / 60 	 Time Taken: 1 sec, Data loading: 0 sec
2021-06-16 15:13:20,795 - utils.logger - INFO - learning rate = 0.0000235
2021-06-16 15:13:21,256 - utils.logger - INFO - Trn result of epoch 36 / 60 mse 0.0845 rmse 0.2908 pcc -0.0038 ccc -0.0005
2021-06-16 15:13:21,417 - utils.logger - INFO - Val result of epoch 36 / 60 mse 0.0896 rmse 0.2993 pcc -0.0536 ccc -0.0069
2021-06-16 15:13:21,836 - utils.logger - INFO - Cur epoch 37 loss ccc:0.1137
2021-06-16 15:13:22,242 - utils.logger - INFO - Cur epoch 37 loss ccc:0.1302
2021-06-16 15:13:22,589 - utils.logger - INFO - Cur epoch 37 loss ccc:1.0025
2021-06-16 15:13:22,590 - utils.logger - INFO - saving the model at the end of epoch 37, iters 222
2021-06-16 15:13:22,864 - utils.logger - INFO - End of training epoch 37 / 60 	 Time Taken: 1 sec, Data loading: 0 sec
2021-06-16 15:13:22,864 - utils.logger - INFO - learning rate = 0.0000225
2021-06-16 15:13:23,280 - utils.logger - INFO - Trn result of epoch 37 / 60 mse 0.0861 rmse 0.2934 pcc -0.0040 ccc -0.0006
2021-06-16 15:13:23,422 - utils.logger - INFO - Val result of epoch 37 / 60 mse 0.0913 rmse 0.3022 pcc -0.0530 ccc -0.0066
2021-06-16 15:13:23,828 - utils.logger - INFO - Cur epoch 38 loss ccc:0.1302
2021-06-16 15:13:24,228 - utils.logger - INFO - Cur epoch 38 loss ccc:0.1282
2021-06-16 15:13:24,575 - utils.logger - INFO - Cur epoch 38 loss ccc:1.0013
2021-06-16 15:13:24,576 - utils.logger - INFO - saving the model at the end of epoch 38, iters 228
2021-06-16 15:13:25,425 - utils.logger - INFO - End of training epoch 38 / 60 	 Time Taken: 2 sec, Data loading: 0 sec
2021-06-16 15:13:25,425 - utils.logger - INFO - learning rate = 0.0000216
2021-06-16 15:13:25,855 - utils.logger - INFO - Trn result of epoch 38 / 60 mse 0.0823 rmse 0.2868 pcc -0.0001 ccc -0.0000
2021-06-16 15:13:25,998 - utils.logger - INFO - Val result of epoch 38 / 60 mse 0.0870 rmse 0.2950 pcc -0.0475 ccc -0.0058
2021-06-16 15:13:26,412 - utils.logger - INFO - Cur epoch 39 loss ccc:0.1243
2021-06-16 15:13:26,832 - utils.logger - INFO - Cur epoch 39 loss ccc:0.1341
2021-06-16 15:13:27,180 - utils.logger - INFO - Cur epoch 39 loss ccc:1.0004
2021-06-16 15:13:27,180 - utils.logger - INFO - saving the model at the end of epoch 39, iters 234
2021-06-16 15:13:27,456 - utils.logger - INFO - End of training epoch 39 / 60 	 Time Taken: 1 sec, Data loading: 0 sec
2021-06-16 15:13:27,456 - utils.logger - INFO - learning rate = 0.0000206
2021-06-16 15:13:27,865 - utils.logger - INFO - Trn result of epoch 39 / 60 mse 0.0734 rmse 0.2708 pcc 0.0003 ccc 0.0000
2021-06-16 15:13:28,003 - utils.logger - INFO - Val result of epoch 39 / 60 mse 0.0769 rmse 0.2772 pcc -0.0470 ccc -0.0058
2021-06-16 15:13:28,436 - utils.logger - INFO - Cur epoch 40 loss ccc:0.1157
2021-06-16 15:13:28,858 - utils.logger - INFO - Cur epoch 40 loss ccc:0.0944
2021-06-16 15:13:29,211 - utils.logger - INFO - Cur epoch 40 loss ccc:1.0908
2021-06-16 15:13:29,211 - utils.logger - INFO - saving the model at the end of epoch 40, iters 240
2021-06-16 15:13:29,475 - utils.logger - INFO - End of training epoch 40 / 60 	 Time Taken: 1 sec, Data loading: 0 sec
2021-06-16 15:13:29,475 - utils.logger - INFO - learning rate = 0.0000196
2021-06-16 15:13:29,886 - utils.logger - INFO - Trn result of epoch 40 / 60 mse 0.0828 rmse 0.2878 pcc 0.0026 ccc 0.0003
2021-06-16 15:13:30,025 - utils.logger - INFO - Val result of epoch 40 / 60 mse 0.0876 rmse 0.2960 pcc -0.0408 ccc -0.0046
2021-06-16 15:13:30,428 - utils.logger - INFO - Cur epoch 41 loss ccc:0.1250
2021-06-16 15:13:30,837 - utils.logger - INFO - Cur epoch 41 loss ccc:0.1298
2021-06-16 15:13:31,181 - utils.logger - INFO - Cur epoch 41 loss ccc:0.9362
2021-06-16 15:13:31,181 - utils.logger - INFO - saving the model at the end of epoch 41, iters 246
2021-06-16 15:13:31,446 - utils.logger - INFO - End of training epoch 41 / 60 	 Time Taken: 1 sec, Data loading: 0 sec
2021-06-16 15:13:31,446 - utils.logger - INFO - learning rate = 0.0000186
2021-06-16 15:13:31,868 - utils.logger - INFO - Trn result of epoch 41 / 60 mse 0.0983 rmse 0.3136 pcc 0.0009 ccc 0.0001
2021-06-16 15:13:32,010 - utils.logger - INFO - Val result of epoch 41 / 60 mse 0.1049 rmse 0.3240 pcc -0.0437 ccc -0.0049
2021-06-16 15:13:32,403 - utils.logger - INFO - Cur epoch 42 loss ccc:0.1097
2021-06-16 15:13:32,798 - utils.logger - INFO - Cur epoch 42 loss ccc:0.1242
2021-06-16 15:13:33,109 - utils.logger - INFO - Cur epoch 42 loss ccc:1.0322
2021-06-16 15:13:33,110 - utils.logger - INFO - saving the model at the end of epoch 42, iters 252
2021-06-16 15:13:33,385 - utils.logger - INFO - End of training epoch 42 / 60 	 Time Taken: 1 sec, Data loading: 0 sec
2021-06-16 15:13:33,385 - utils.logger - INFO - learning rate = 0.0000176
2021-06-16 15:13:33,797 - utils.logger - INFO - Trn result of epoch 42 / 60 mse 0.0967 rmse 0.3110 pcc 0.0055 ccc 0.0007
2021-06-16 15:13:33,943 - utils.logger - INFO - Val result of epoch 42 / 60 mse 0.1031 rmse 0.3212 pcc -0.0352 ccc -0.0036
2021-06-16 15:13:34,358 - utils.logger - INFO - Cur epoch 43 loss ccc:0.1206
2021-06-16 15:13:34,767 - utils.logger - INFO - Cur epoch 43 loss ccc:0.1382
2021-06-16 15:13:35,103 - utils.logger - INFO - Cur epoch 43 loss ccc:1.0066
2021-06-16 15:13:35,103 - utils.logger - INFO - saving the model at the end of epoch 43, iters 258
2021-06-16 15:13:35,482 - utils.logger - INFO - End of training epoch 43 / 60 	 Time Taken: 1 sec, Data loading: 0 sec
2021-06-16 15:13:35,483 - utils.logger - INFO - learning rate = 0.0000167
2021-06-16 15:13:35,907 - utils.logger - INFO - Trn result of epoch 43 / 60 mse 0.0970 rmse 0.3114 pcc 0.0049 ccc 0.0006
2021-06-16 15:13:36,068 - utils.logger - INFO - Val result of epoch 43 / 60 mse 0.1034 rmse 0.3216 pcc -0.0360 ccc -0.0037
2021-06-16 15:13:36,481 - utils.logger - INFO - Cur epoch 44 loss ccc:0.1277
2021-06-16 15:13:36,895 - utils.logger - INFO - Cur epoch 44 loss ccc:0.1282
2021-06-16 15:13:37,231 - utils.logger - INFO - Cur epoch 44 loss ccc:1.0036
2021-06-16 15:13:37,231 - utils.logger - INFO - saving the model at the end of epoch 44, iters 264
2021-06-16 15:13:37,491 - utils.logger - INFO - End of training epoch 44 / 60 	 Time Taken: 1 sec, Data loading: 0 sec
2021-06-16 15:13:37,491 - utils.logger - INFO - learning rate = 0.0000157
2021-06-16 15:13:37,900 - utils.logger - INFO - Trn result of epoch 44 / 60 mse 0.0962 rmse 0.3101 pcc 0.0048 ccc 0.0006
2021-06-16 15:13:38,046 - utils.logger - INFO - Val result of epoch 44 / 60 mse 0.1025 rmse 0.3202 pcc -0.0362 ccc -0.0037
2021-06-16 15:13:38,459 - utils.logger - INFO - Cur epoch 45 loss ccc:0.1158
2021-06-16 15:13:38,871 - utils.logger - INFO - Cur epoch 45 loss ccc:0.1241
2021-06-16 15:13:39,206 - utils.logger - INFO - Cur epoch 45 loss ccc:0.9985
2021-06-16 15:13:39,207 - utils.logger - INFO - saving the model at the end of epoch 45, iters 270
2021-06-16 15:13:39,466 - utils.logger - INFO - End of training epoch 45 / 60 	 Time Taken: 1 sec, Data loading: 0 sec
2021-06-16 15:13:39,466 - utils.logger - INFO - learning rate = 0.0000147
2021-06-16 15:13:39,866 - utils.logger - INFO - Trn result of epoch 45 / 60 mse 0.0923 rmse 0.3038 pcc 0.0060 ccc 0.0007
2021-06-16 15:13:40,008 - utils.logger - INFO - Val result of epoch 45 / 60 mse 0.0982 rmse 0.3134 pcc -0.0349 ccc -0.0036
2021-06-16 15:13:40,413 - utils.logger - INFO - Cur epoch 46 loss ccc:0.1098
2021-06-16 15:13:40,830 - utils.logger - INFO - Cur epoch 46 loss ccc:0.1101
2021-06-16 15:13:41,182 - utils.logger - INFO - Cur epoch 46 loss ccc:1.0000
2021-06-16 15:13:41,183 - utils.logger - INFO - saving the model at the end of epoch 46, iters 276
2021-06-16 15:13:41,443 - utils.logger - INFO - End of training epoch 46 / 60 	 Time Taken: 1 sec, Data loading: 0 sec
2021-06-16 15:13:41,443 - utils.logger - INFO - learning rate = 0.0000137
2021-06-16 15:13:41,866 - utils.logger - INFO - Trn result of epoch 46 / 60 mse 0.0990 rmse 0.3147 pcc 0.0083 ccc 0.0010
2021-06-16 15:13:42,009 - utils.logger - INFO - Val result of epoch 46 / 60 mse 0.1057 rmse 0.3251 pcc -0.0318 ccc -0.0032
2021-06-16 15:13:42,431 - utils.logger - INFO - Cur epoch 47 loss ccc:0.1103
2021-06-16 15:13:42,848 - utils.logger - INFO - Cur epoch 47 loss ccc:0.1247
2021-06-16 15:13:43,184 - utils.logger - INFO - Cur epoch 47 loss ccc:1.0096
2021-06-16 15:13:43,184 - utils.logger - INFO - saving the model at the end of epoch 47, iters 282
2021-06-16 15:13:43,445 - utils.logger - INFO - End of training epoch 47 / 60 	 Time Taken: 1 sec, Data loading: 0 sec
2021-06-16 15:13:43,446 - utils.logger - INFO - learning rate = 0.0000127
2021-06-16 15:13:43,850 - utils.logger - INFO - Trn result of epoch 47 / 60 mse 0.1089 rmse 0.3301 pcc 0.0057 ccc 0.0007
2021-06-16 15:13:43,999 - utils.logger - INFO - Val result of epoch 47 / 60 mse 0.1166 rmse 0.3415 pcc -0.0366 ccc -0.0038
2021-06-16 15:13:44,420 - utils.logger - INFO - Cur epoch 48 loss ccc:0.1199
2021-06-16 15:13:44,852 - utils.logger - INFO - Cur epoch 48 loss ccc:0.1188
2021-06-16 15:13:45,178 - utils.logger - INFO - Cur epoch 48 loss ccc:0.9224
2021-06-16 15:13:45,178 - utils.logger - INFO - saving the model at the end of epoch 48, iters 288
2021-06-16 15:13:45,446 - utils.logger - INFO - End of training epoch 48 / 60 	 Time Taken: 1 sec, Data loading: 0 sec
2021-06-16 15:13:45,446 - utils.logger - INFO - learning rate = 0.0000118
2021-06-16 15:13:45,849 - utils.logger - INFO - Trn result of epoch 48 / 60 mse 0.1125 rmse 0.3355 pcc 0.0053 ccc 0.0007
2021-06-16 15:13:45,996 - utils.logger - INFO - Val result of epoch 48 / 60 mse 0.1206 rmse 0.3472 pcc -0.0381 ccc -0.0040
2021-06-16 15:13:46,425 - utils.logger - INFO - Cur epoch 49 loss ccc:0.1291
2021-06-16 15:13:46,834 - utils.logger - INFO - Cur epoch 49 loss ccc:0.1126
2021-06-16 15:13:47,181 - utils.logger - INFO - Cur epoch 49 loss ccc:1.0000
2021-06-16 15:13:47,181 - utils.logger - INFO - saving the model at the end of epoch 49, iters 294
2021-06-16 15:13:47,440 - utils.logger - INFO - End of training epoch 49 / 60 	 Time Taken: 1 sec, Data loading: 0 sec
2021-06-16 15:13:47,441 - utils.logger - INFO - learning rate = 0.0000108
2021-06-16 15:13:47,857 - utils.logger - INFO - Trn result of epoch 49 / 60 mse 0.1027 rmse 0.3205 pcc 0.0057 ccc 0.0007
2021-06-16 15:13:48,001 - utils.logger - INFO - Val result of epoch 49 / 60 mse 0.1098 rmse 0.3313 pcc -0.0391 ccc -0.0044
2021-06-16 15:13:48,453 - utils.logger - INFO - Cur epoch 50 loss ccc:0.1240
2021-06-16 15:13:48,889 - utils.logger - INFO - Cur epoch 50 loss ccc:0.1125
2021-06-16 15:13:49,213 - utils.logger - INFO - Cur epoch 50 loss ccc:0.9607
2021-06-16 15:13:49,214 - utils.logger - INFO - saving the model at the end of epoch 50, iters 300
2021-06-16 15:13:49,472 - utils.logger - INFO - End of training epoch 50 / 60 	 Time Taken: 1 sec, Data loading: 0 sec
2021-06-16 15:13:49,472 - utils.logger - INFO - learning rate = 0.0000098
2021-06-16 15:13:49,907 - utils.logger - INFO - Trn result of epoch 50 / 60 mse 0.0956 rmse 0.3092 pcc 0.0021 ccc 0.0003
2021-06-16 15:13:50,081 - utils.logger - INFO - Val result of epoch 50 / 60 mse 0.1019 rmse 0.3192 pcc -0.0491 ccc -0.0064
2021-06-16 15:13:50,535 - utils.logger - INFO - Cur epoch 51 loss ccc:0.1111
2021-06-16 15:13:50,953 - utils.logger - INFO - Cur epoch 51 loss ccc:0.1326
2021-06-16 15:13:51,295 - utils.logger - INFO - Cur epoch 51 loss ccc:0.9993
2021-06-16 15:13:51,295 - utils.logger - INFO - saving the model at the end of epoch 51, iters 306
2021-06-16 15:13:51,571 - utils.logger - INFO - End of training epoch 51 / 60 	 Time Taken: 1 sec, Data loading: 0 sec
2021-06-16 15:13:51,571 - utils.logger - INFO - learning rate = 0.0000088
2021-06-16 15:13:51,987 - utils.logger - INFO - Trn result of epoch 51 / 60 mse 0.0950 rmse 0.3082 pcc 0.0042 ccc 0.0006
2021-06-16 15:13:52,135 - utils.logger - INFO - Val result of epoch 51 / 60 mse 0.1012 rmse 0.3181 pcc -0.0461 ccc -0.0060
2021-06-16 15:13:52,590 - utils.logger - INFO - Cur epoch 52 loss ccc:0.1111
2021-06-16 15:13:53,044 - utils.logger - INFO - Cur epoch 52 loss ccc:0.1278
2021-06-16 15:13:53,401 - utils.logger - INFO - Cur epoch 52 loss ccc:1.0000
2021-06-16 15:13:53,401 - utils.logger - INFO - saving the model at the end of epoch 52, iters 312
2021-06-16 15:13:53,669 - utils.logger - INFO - End of training epoch 52 / 60 	 Time Taken: 1 sec, Data loading: 0 sec
2021-06-16 15:13:53,669 - utils.logger - INFO - learning rate = 0.0000078
2021-06-16 15:13:54,088 - utils.logger - INFO - Trn result of epoch 52 / 60 mse 0.0939 rmse 0.3065 pcc 0.0040 ccc 0.0006
2021-06-16 15:13:54,235 - utils.logger - INFO - Val result of epoch 52 / 60 mse 0.1000 rmse 0.3163 pcc -0.0465 ccc -0.0060
2021-06-16 15:13:54,659 - utils.logger - INFO - Cur epoch 53 loss ccc:0.1105
2021-06-16 15:13:55,073 - utils.logger - INFO - Cur epoch 53 loss ccc:0.1250
2021-06-16 15:13:55,438 - utils.logger - INFO - Cur epoch 53 loss ccc:1.0059
2021-06-16 15:13:55,439 - utils.logger - INFO - saving the model at the end of epoch 53, iters 318
2021-06-16 15:13:55,709 - utils.logger - INFO - End of training epoch 53 / 60 	 Time Taken: 1 sec, Data loading: 0 sec
2021-06-16 15:13:55,709 - utils.logger - INFO - learning rate = 0.0000069
2021-06-16 15:13:56,120 - utils.logger - INFO - Trn result of epoch 53 / 60 mse 0.0874 rmse 0.2956 pcc 0.0048 ccc 0.0007
2021-06-16 15:13:56,261 - utils.logger - INFO - Val result of epoch 53 / 60 mse 0.0927 rmse 0.3045 pcc -0.0465 ccc -0.0062
2021-06-16 15:13:56,713 - utils.logger - INFO - Cur epoch 54 loss ccc:0.1321
2021-06-16 15:13:57,156 - utils.logger - INFO - Cur epoch 54 loss ccc:0.1119
2021-06-16 15:13:57,476 - utils.logger - INFO - Cur epoch 54 loss ccc:0.9776
2021-06-16 15:13:57,476 - utils.logger - INFO - saving the model at the end of epoch 54, iters 324
2021-06-16 15:13:57,747 - utils.logger - INFO - End of training epoch 54 / 60 	 Time Taken: 1 sec, Data loading: 0 sec
2021-06-16 15:13:57,747 - utils.logger - INFO - learning rate = 0.0000059
2021-06-16 15:13:58,160 - utils.logger - INFO - Trn result of epoch 54 / 60 mse 0.0920 rmse 0.3033 pcc 0.0023 ccc 0.0003
2021-06-16 15:13:58,306 - utils.logger - INFO - Val result of epoch 54 / 60 mse 0.0979 rmse 0.3129 pcc -0.0480 ccc -0.0061
2021-06-16 15:13:58,725 - utils.logger - INFO - Cur epoch 55 loss ccc:0.1276
2021-06-16 15:13:59,132 - utils.logger - INFO - Cur epoch 55 loss ccc:0.1254
2021-06-16 15:13:59,462 - utils.logger - INFO - Cur epoch 55 loss ccc:0.9994
2021-06-16 15:13:59,462 - utils.logger - INFO - saving the model at the end of epoch 55, iters 330
2021-06-16 15:13:59,718 - utils.logger - INFO - End of training epoch 55 / 60 	 Time Taken: 1 sec, Data loading: 0 sec
2021-06-16 15:13:59,718 - utils.logger - INFO - learning rate = 0.0000049
2021-06-16 15:14:00,126 - utils.logger - INFO - Trn result of epoch 55 / 60 mse 0.0921 rmse 0.3036 pcc 0.0018 ccc 0.0003
2021-06-16 15:14:00,268 - utils.logger - INFO - Val result of epoch 55 / 60 mse 0.0981 rmse 0.3132 pcc -0.0483 ccc -0.0061
2021-06-16 15:14:00,676 - utils.logger - INFO - Cur epoch 56 loss ccc:0.1332
2021-06-16 15:14:01,110 - utils.logger - INFO - Cur epoch 56 loss ccc:0.0842
2021-06-16 15:14:01,448 - utils.logger - INFO - Cur epoch 56 loss ccc:0.9566
2021-06-16 15:14:01,449 - utils.logger - INFO - saving the model at the end of epoch 56, iters 336
2021-06-16 15:14:01,724 - utils.logger - INFO - End of training epoch 56 / 60 	 Time Taken: 1 sec, Data loading: 0 sec
2021-06-16 15:14:01,724 - utils.logger - INFO - learning rate = 0.0000039
2021-06-16 15:14:02,137 - utils.logger - INFO - Trn result of epoch 56 / 60 mse 0.0886 rmse 0.2976 pcc -0.0020 ccc -0.0003
2021-06-16 15:14:02,278 - utils.logger - INFO - Val result of epoch 56 / 60 mse 0.0942 rmse 0.3069 pcc -0.0586 ccc -0.0084
2021-06-16 15:14:02,688 - utils.logger - INFO - Cur epoch 57 loss ccc:0.1288
2021-06-16 15:14:03,104 - utils.logger - INFO - Cur epoch 57 loss ccc:0.1100
2021-06-16 15:14:03,458 - utils.logger - INFO - Cur epoch 57 loss ccc:1.0060
2021-06-16 15:14:03,458 - utils.logger - INFO - saving the model at the end of epoch 57, iters 342
2021-06-16 15:14:03,725 - utils.logger - INFO - End of training epoch 57 / 60 	 Time Taken: 1 sec, Data loading: 0 sec
2021-06-16 15:14:03,725 - utils.logger - INFO - learning rate = 0.0000029
2021-06-16 15:14:04,137 - utils.logger - INFO - Trn result of epoch 57 / 60 mse 0.0882 rmse 0.2970 pcc -0.0021 ccc -0.0003
2021-06-16 15:14:04,282 - utils.logger - INFO - Val result of epoch 57 / 60 mse 0.0937 rmse 0.3062 pcc -0.0591 ccc -0.0086
2021-06-16 15:14:04,712 - utils.logger - INFO - Cur epoch 58 loss ccc:0.1272
2021-06-16 15:14:05,151 - utils.logger - INFO - Cur epoch 58 loss ccc:0.0989
2021-06-16 15:14:05,522 - utils.logger - INFO - Cur epoch 58 loss ccc:0.9915
2021-06-16 15:14:05,522 - utils.logger - INFO - saving the model at the end of epoch 58, iters 348
2021-06-16 15:14:05,788 - utils.logger - INFO - End of training epoch 58 / 60 	 Time Taken: 1 sec, Data loading: 0 sec
2021-06-16 15:14:05,788 - utils.logger - INFO - learning rate = 0.0000020
2021-06-16 15:14:06,203 - utils.logger - INFO - Trn result of epoch 58 / 60 mse 0.0867 rmse 0.2945 pcc -0.0033 ccc -0.0005
2021-06-16 15:14:06,348 - utils.logger - INFO - Val result of epoch 58 / 60 mse 0.0921 rmse 0.3034 pcc -0.0617 ccc -0.0092
2021-06-16 15:14:06,784 - utils.logger - INFO - Cur epoch 59 loss ccc:0.1277
2021-06-16 15:14:07,223 - utils.logger - INFO - Cur epoch 59 loss ccc:0.1164
2021-06-16 15:14:07,572 - utils.logger - INFO - Cur epoch 59 loss ccc:1.0006
2021-06-16 15:14:07,572 - utils.logger - INFO - saving the model at the end of epoch 59, iters 354
2021-06-16 15:14:07,825 - utils.logger - INFO - End of training epoch 59 / 60 	 Time Taken: 1 sec, Data loading: 0 sec
2021-06-16 15:14:07,826 - utils.logger - INFO - learning rate = 0.0000010
2021-06-16 15:14:08,238 - utils.logger - INFO - Trn result of epoch 59 / 60 mse 0.0881 rmse 0.2968 pcc -0.0039 ccc -0.0007
2021-06-16 15:14:08,398 - utils.logger - INFO - Val result of epoch 59 / 60 mse 0.0936 rmse 0.3060 pcc -0.0628 ccc -0.0095
2021-06-16 15:14:08,821 - utils.logger - INFO - Cur epoch 60 loss ccc:0.1286
2021-06-16 15:14:09,241 - utils.logger - INFO - Cur epoch 60 loss ccc:0.1115
2021-06-16 15:14:09,584 - utils.logger - INFO - Cur epoch 60 loss ccc:0.8873
2021-06-16 15:14:09,584 - utils.logger - INFO - saving the model at the end of epoch 60, iters 360
2021-06-16 15:14:09,848 - utils.logger - INFO - End of training epoch 60 / 60 	 Time Taken: 1 sec, Data loading: 0 sec
2021-06-16 15:14:09,848 - utils.logger - INFO - learning rate = 0.0000000
2021-06-16 15:14:10,262 - utils.logger - INFO - Trn result of epoch 60 / 60 mse 0.0882 rmse 0.2970 pcc -0.0040 ccc -0.0007
2021-06-16 15:14:10,405 - utils.logger - INFO - Val result of epoch 60 / 60 mse 0.0938 rmse 0.3062 pcc -0.0627 ccc -0.0094
2021-06-16 15:14:10,406 - utils.logger - INFO - Best eval epoch 9 found with ccc 0.091245
2021-06-16 15:14:10,406 - utils.logger - INFO - baseline_fcfusion_wonorm_wav2vec_valence_hidden1024_seq100_lr5e-05_cccloss_run1
