2021-06-19 17:14:40,597 - utils.logger - INFO - The number of training samples = 41
2021-06-19 17:14:43,215 - utils.logger - INFO - Cur epoch 1 loss ccc:0.1250
2021-06-19 17:14:43,616 - utils.logger - INFO - Cur epoch 1 loss ccc:0.1100
2021-06-19 17:14:43,966 - utils.logger - INFO - Cur epoch 1 loss ccc:1.0022
2021-06-19 17:14:43,966 - utils.logger - INFO - saving the model at the end of epoch 1, iters 6
2021-06-19 17:14:44,197 - utils.logger - INFO - End of training epoch 1 / 70 	 Time Taken: 1 sec, Data loading: 0 sec
2021-06-19 17:14:44,197 - utils.logger - INFO - learning rate = 0.0005000
2021-06-19 17:14:44,559 - utils.logger - INFO - Trn result of epoch 1 / 70 mse 1.6700 rmse 1.2923 pcc -0.0177 ccc -0.0005
2021-06-19 17:14:44,684 - utils.logger - INFO - Val result of epoch 1 / 70 mse 1.7599 rmse 1.3266 pcc 0.1273 ccc 0.0042
2021-06-19 17:14:45,083 - utils.logger - INFO - Cur epoch 2 loss ccc:0.1152
2021-06-19 17:14:45,502 - utils.logger - INFO - Cur epoch 2 loss ccc:0.1151
2021-06-19 17:14:45,833 - utils.logger - INFO - Cur epoch 2 loss ccc:1.0028
2021-06-19 17:14:45,833 - utils.logger - INFO - saving the model at the end of epoch 2, iters 12
2021-06-19 17:14:46,078 - utils.logger - INFO - End of training epoch 2 / 70 	 Time Taken: 1 sec, Data loading: 0 sec
2021-06-19 17:14:46,078 - utils.logger - INFO - learning rate = 0.0005000
2021-06-19 17:14:46,445 - utils.logger - INFO - Trn result of epoch 2 / 70 mse 4.5820 rmse 2.1406 pcc -0.0149 ccc -0.0002
2021-06-19 17:14:46,571 - utils.logger - INFO - Val result of epoch 2 / 70 mse 4.7268 rmse 2.1741 pcc 0.1048 ccc 0.0014
2021-06-19 17:14:46,948 - utils.logger - INFO - Cur epoch 3 loss ccc:0.1250
2021-06-19 17:14:47,325 - utils.logger - INFO - Cur epoch 3 loss ccc:0.1138
2021-06-19 17:14:47,644 - utils.logger - INFO - Cur epoch 3 loss ccc:0.9995
2021-06-19 17:14:47,644 - utils.logger - INFO - saving the model at the end of epoch 3, iters 18
2021-06-19 17:14:47,883 - utils.logger - INFO - End of training epoch 3 / 70 	 Time Taken: 1 sec, Data loading: 0 sec
2021-06-19 17:14:47,884 - utils.logger - INFO - learning rate = 0.0005000
2021-06-19 17:14:48,249 - utils.logger - INFO - Trn result of epoch 3 / 70 mse 3.9051 rmse 1.9761 pcc -0.0352 ccc -0.0005
2021-06-19 17:14:48,377 - utils.logger - INFO - Val result of epoch 3 / 70 mse 4.0270 rmse 2.0067 pcc 0.1269 ccc 0.0022
2021-06-19 17:14:48,777 - utils.logger - INFO - Cur epoch 4 loss ccc:0.1247
2021-06-19 17:14:49,170 - utils.logger - INFO - Cur epoch 4 loss ccc:0.1146
2021-06-19 17:14:49,485 - utils.logger - INFO - Cur epoch 4 loss ccc:1.0067
2021-06-19 17:14:49,485 - utils.logger - INFO - saving the model at the end of epoch 4, iters 24
2021-06-19 17:14:49,891 - utils.logger - INFO - End of training epoch 4 / 70 	 Time Taken: 1 sec, Data loading: 0 sec
2021-06-19 17:14:49,892 - utils.logger - INFO - learning rate = 0.0005000
2021-06-19 17:14:50,259 - utils.logger - INFO - Trn result of epoch 4 / 70 mse 1.7931 rmse 1.3391 pcc -0.0468 ccc -0.0018
2021-06-19 17:14:50,385 - utils.logger - INFO - Val result of epoch 4 / 70 mse 1.8678 rmse 1.3667 pcc 0.1510 ccc 0.0064
2021-06-19 17:14:50,765 - utils.logger - INFO - Cur epoch 5 loss ccc:0.1244
2021-06-19 17:14:51,134 - utils.logger - INFO - Cur epoch 5 loss ccc:0.1145
2021-06-19 17:14:51,447 - utils.logger - INFO - Cur epoch 5 loss ccc:0.9924
2021-06-19 17:14:51,447 - utils.logger - INFO - saving the model at the end of epoch 5, iters 30
2021-06-19 17:14:51,682 - utils.logger - INFO - End of training epoch 5 / 70 	 Time Taken: 1 sec, Data loading: 0 sec
2021-06-19 17:14:51,683 - utils.logger - INFO - learning rate = 0.0005000
2021-06-19 17:14:52,050 - utils.logger - INFO - Trn result of epoch 5 / 70 mse 1.0619 rmse 1.0305 pcc 0.2988 ccc 0.1012
2021-06-19 17:14:52,178 - utils.logger - INFO - Val result of epoch 5 / 70 mse 1.3647 rmse 1.1682 pcc -0.2923 ccc -0.1080
2021-06-19 17:14:52,556 - utils.logger - INFO - Cur epoch 6 loss ccc:0.1275
2021-06-19 17:14:52,936 - utils.logger - INFO - Cur epoch 6 loss ccc:0.1174
2021-06-19 17:14:53,249 - utils.logger - INFO - Cur epoch 6 loss ccc:1.0200
2021-06-19 17:14:53,249 - utils.logger - INFO - saving the model at the end of epoch 6, iters 36
2021-06-19 17:14:53,502 - utils.logger - INFO - End of training epoch 6 / 70 	 Time Taken: 1 sec, Data loading: 0 sec
2021-06-19 17:14:53,503 - utils.logger - INFO - learning rate = 0.0005000
2021-06-19 17:14:53,858 - utils.logger - INFO - Trn result of epoch 6 / 70 mse 0.2519 rmse 0.5019 pcc 0.0030 ccc 0.0001
2021-06-19 17:14:53,983 - utils.logger - INFO - Val result of epoch 6 / 70 mse 0.2996 rmse 0.5473 pcc 0.1181 ccc 0.0028
2021-06-19 17:14:54,367 - utils.logger - INFO - Cur epoch 7 loss ccc:0.1319
2021-06-19 17:14:54,746 - utils.logger - INFO - Cur epoch 7 loss ccc:0.1307
2021-06-19 17:14:55,055 - utils.logger - INFO - Cur epoch 7 loss ccc:1.0101
2021-06-19 17:14:55,055 - utils.logger - INFO - saving the model at the end of epoch 7, iters 42
2021-06-19 17:14:55,403 - utils.logger - INFO - End of training epoch 7 / 70 	 Time Taken: 1 sec, Data loading: 0 sec
2021-06-19 17:14:55,403 - utils.logger - INFO - learning rate = 0.0005000
2021-06-19 17:14:55,762 - utils.logger - INFO - Trn result of epoch 7 / 70 mse 0.3053 rmse 0.5526 pcc 0.0474 ccc 0.0008
2021-06-19 17:14:55,884 - utils.logger - INFO - Val result of epoch 7 / 70 mse 0.3578 rmse 0.5982 pcc 0.1742 ccc 0.0027
2021-06-19 17:14:56,275 - utils.logger - INFO - Cur epoch 8 loss ccc:0.1142
2021-06-19 17:14:56,661 - utils.logger - INFO - Cur epoch 8 loss ccc:0.1271
2021-06-19 17:14:56,982 - utils.logger - INFO - Cur epoch 8 loss ccc:1.0286
2021-06-19 17:14:56,982 - utils.logger - INFO - saving the model at the end of epoch 8, iters 48
2021-06-19 17:14:57,229 - utils.logger - INFO - End of training epoch 8 / 70 	 Time Taken: 1 sec, Data loading: 0 sec
2021-06-19 17:14:57,229 - utils.logger - INFO - learning rate = 0.0005000
2021-06-19 17:14:57,590 - utils.logger - INFO - Trn result of epoch 8 / 70 mse 0.1215 rmse 0.3485 pcc 0.2628 ccc 0.0017
2021-06-19 17:14:57,714 - utils.logger - INFO - Val result of epoch 8 / 70 mse 0.1348 rmse 0.3671 pcc -0.1053 ccc -0.0009
2021-06-19 17:14:58,093 - utils.logger - INFO - Cur epoch 9 loss ccc:0.1282
2021-06-19 17:14:58,468 - utils.logger - INFO - Cur epoch 9 loss ccc:0.1255
2021-06-19 17:14:58,761 - utils.logger - INFO - Cur epoch 9 loss ccc:0.9933
2021-06-19 17:14:58,762 - utils.logger - INFO - saving the model at the end of epoch 9, iters 54
2021-06-19 17:14:58,995 - utils.logger - INFO - End of training epoch 9 / 70 	 Time Taken: 1 sec, Data loading: 0 sec
2021-06-19 17:14:58,995 - utils.logger - INFO - learning rate = 0.0005000
2021-06-19 17:14:59,357 - utils.logger - INFO - Trn result of epoch 9 / 70 mse 0.2405 rmse 0.4904 pcc -0.0145 ccc -0.0001
2021-06-19 17:14:59,483 - utils.logger - INFO - Val result of epoch 9 / 70 mse 0.2355 rmse 0.4853 pcc -0.0146 ccc -0.0001
2021-06-19 17:14:59,846 - utils.logger - INFO - Cur epoch 10 loss ccc:0.1270
2021-06-19 17:15:00,219 - utils.logger - INFO - Cur epoch 10 loss ccc:0.1145
2021-06-19 17:15:00,528 - utils.logger - INFO - Cur epoch 10 loss ccc:0.9926
2021-06-19 17:15:00,528 - utils.logger - INFO - saving the model at the end of epoch 10, iters 60
2021-06-19 17:15:00,768 - utils.logger - INFO - End of training epoch 10 / 70 	 Time Taken: 1 sec, Data loading: 0 sec
2021-06-19 17:15:00,769 - utils.logger - INFO - learning rate = 0.0005000
2021-06-19 17:15:01,134 - utils.logger - INFO - Trn result of epoch 10 / 70 mse 0.3471 rmse 0.5891 pcc -0.0205 ccc -0.0002
2021-06-19 17:15:01,260 - utils.logger - INFO - Val result of epoch 10 / 70 mse 0.3331 rmse 0.5771 pcc -0.0376 ccc -0.0003
2021-06-19 17:15:01,620 - utils.logger - INFO - Cur epoch 11 loss ccc:0.1309
2021-06-19 17:15:01,984 - utils.logger - INFO - Cur epoch 11 loss ccc:0.1252
2021-06-19 17:15:02,301 - utils.logger - INFO - Cur epoch 11 loss ccc:1.0022
2021-06-19 17:15:02,301 - utils.logger - INFO - saving the model at the end of epoch 11, iters 66
2021-06-19 17:15:02,532 - utils.logger - INFO - End of training epoch 11 / 70 	 Time Taken: 1 sec, Data loading: 0 sec
2021-06-19 17:15:02,532 - utils.logger - INFO - learning rate = 0.0005000
2021-06-19 17:15:02,893 - utils.logger - INFO - Trn result of epoch 11 / 70 mse 1.2646 rmse 1.1245 pcc -0.0168 ccc -0.0001
2021-06-19 17:15:03,016 - utils.logger - INFO - Val result of epoch 11 / 70 mse 1.2077 rmse 1.0989 pcc -0.0476 ccc -0.0003
2021-06-19 17:15:03,372 - utils.logger - INFO - Cur epoch 12 loss ccc:0.1185
2021-06-19 17:15:03,743 - utils.logger - INFO - Cur epoch 12 loss ccc:0.1399
2021-06-19 17:15:04,068 - utils.logger - INFO - Cur epoch 12 loss ccc:1.0045
2021-06-19 17:15:04,068 - utils.logger - INFO - saving the model at the end of epoch 12, iters 72
2021-06-19 17:15:04,344 - utils.logger - INFO - End of training epoch 12 / 70 	 Time Taken: 1 sec, Data loading: 0 sec
2021-06-19 17:15:04,344 - utils.logger - INFO - learning rate = 0.0005000
2021-06-19 17:15:04,705 - utils.logger - INFO - Trn result of epoch 12 / 70 mse 1.2327 rmse 1.1102 pcc -0.0203 ccc -0.0001
2021-06-19 17:15:04,829 - utils.logger - INFO - Val result of epoch 12 / 70 mse 1.1769 rmse 1.0848 pcc -0.0395 ccc -0.0002
2021-06-19 17:15:05,204 - utils.logger - INFO - Cur epoch 13 loss ccc:0.1258
2021-06-19 17:15:05,603 - utils.logger - INFO - Cur epoch 13 loss ccc:0.1287
2021-06-19 17:15:05,924 - utils.logger - INFO - Cur epoch 13 loss ccc:0.9956
2021-06-19 17:15:05,924 - utils.logger - INFO - saving the model at the end of epoch 13, iters 78
2021-06-19 17:15:06,160 - utils.logger - INFO - End of training epoch 13 / 70 	 Time Taken: 1 sec, Data loading: 0 sec
2021-06-19 17:15:06,160 - utils.logger - INFO - learning rate = 0.0005000
2021-06-19 17:15:06,521 - utils.logger - INFO - Trn result of epoch 13 / 70 mse 1.1032 rmse 1.0503 pcc -0.0232 ccc -0.0001
2021-06-19 17:15:06,645 - utils.logger - INFO - Val result of epoch 13 / 70 mse 1.0521 rmse 1.0257 pcc -0.0330 ccc -0.0002
2021-06-19 17:15:07,029 - utils.logger - INFO - Cur epoch 14 loss ccc:0.1285
2021-06-19 17:15:07,409 - utils.logger - INFO - Cur epoch 14 loss ccc:0.1275
2021-06-19 17:15:07,734 - utils.logger - INFO - Cur epoch 14 loss ccc:0.9975
2021-06-19 17:15:07,734 - utils.logger - INFO - saving the model at the end of epoch 14, iters 84
2021-06-19 17:15:07,973 - utils.logger - INFO - End of training epoch 14 / 70 	 Time Taken: 1 sec, Data loading: 0 sec
2021-06-19 17:15:07,973 - utils.logger - INFO - learning rate = 0.0005000
2021-06-19 17:15:08,334 - utils.logger - INFO - Trn result of epoch 14 / 70 mse 1.0342 rmse 1.0170 pcc -0.0271 ccc -0.0001
2021-06-19 17:15:08,461 - utils.logger - INFO - Val result of epoch 14 / 70 mse 0.9857 rmse 0.9928 pcc -0.0233 ccc -0.0001
2021-06-19 17:15:08,831 - utils.logger - INFO - Cur epoch 15 loss ccc:0.1348
2021-06-19 17:15:09,219 - utils.logger - INFO - Cur epoch 15 loss ccc:0.1193
2021-06-19 17:15:09,567 - utils.logger - INFO - Cur epoch 15 loss ccc:1.0094
2021-06-19 17:15:09,567 - utils.logger - INFO - saving the model at the end of epoch 15, iters 90
2021-06-19 17:15:09,845 - utils.logger - INFO - End of training epoch 15 / 70 	 Time Taken: 1 sec, Data loading: 0 sec
2021-06-19 17:15:09,846 - utils.logger - INFO - learning rate = 0.0005000
2021-06-19 17:15:10,205 - utils.logger - INFO - Trn result of epoch 15 / 70 mse 0.9685 rmse 0.9841 pcc -0.0314 ccc -0.0002
2021-06-19 17:15:10,328 - utils.logger - INFO - Val result of epoch 15 / 70 mse 0.9226 rmse 0.9605 pcc -0.0128 ccc -0.0001
2021-06-19 17:15:10,719 - utils.logger - INFO - Cur epoch 16 loss ccc:0.1249
2021-06-19 17:15:11,094 - utils.logger - INFO - Cur epoch 16 loss ccc:0.1330
2021-06-19 17:15:11,421 - utils.logger - INFO - Cur epoch 16 loss ccc:1.0089
2021-06-19 17:15:11,421 - utils.logger - INFO - saving the model at the end of epoch 16, iters 96
2021-06-19 17:15:11,672 - utils.logger - INFO - End of training epoch 16 / 70 	 Time Taken: 1 sec, Data loading: 0 sec
2021-06-19 17:15:11,672 - utils.logger - INFO - learning rate = 0.0005000
2021-06-19 17:15:12,032 - utils.logger - INFO - Trn result of epoch 16 / 70 mse 0.9680 rmse 0.9839 pcc -0.0346 ccc -0.0002
2021-06-19 17:15:12,156 - utils.logger - INFO - Val result of epoch 16 / 70 mse 0.9221 rmse 0.9603 pcc -0.0049 ccc -0.0000
2021-06-19 17:15:12,557 - utils.logger - INFO - Cur epoch 17 loss ccc:0.1260
2021-06-19 17:15:12,928 - utils.logger - INFO - Cur epoch 17 loss ccc:0.1338
2021-06-19 17:15:13,252 - utils.logger - INFO - Cur epoch 17 loss ccc:1.0023
2021-06-19 17:15:13,252 - utils.logger - INFO - saving the model at the end of epoch 17, iters 102
2021-06-19 17:15:13,490 - utils.logger - INFO - End of training epoch 17 / 70 	 Time Taken: 1 sec, Data loading: 0 sec
2021-06-19 17:15:13,490 - utils.logger - INFO - learning rate = 0.0005000
2021-06-19 17:15:13,851 - utils.logger - INFO - Trn result of epoch 17 / 70 mse 0.9972 rmse 0.9986 pcc -0.0345 ccc -0.0002
2021-06-19 17:15:13,976 - utils.logger - INFO - Val result of epoch 17 / 70 mse 0.9501 rmse 0.9747 pcc -0.0062 ccc -0.0000
2021-06-19 17:15:14,352 - utils.logger - INFO - Cur epoch 18 loss ccc:0.1220
2021-06-19 17:15:14,741 - utils.logger - INFO - Cur epoch 18 loss ccc:0.1310
2021-06-19 17:15:15,069 - utils.logger - INFO - Cur epoch 18 loss ccc:0.9978
2021-06-19 17:15:15,069 - utils.logger - INFO - saving the model at the end of epoch 18, iters 108
2021-06-19 17:15:15,526 - utils.logger - INFO - End of training epoch 18 / 70 	 Time Taken: 1 sec, Data loading: 0 sec
2021-06-19 17:15:15,526 - utils.logger - INFO - learning rate = 0.0005000
2021-06-19 17:15:15,886 - utils.logger - INFO - Trn result of epoch 18 / 70 mse 0.7799 rmse 0.8831 pcc -0.0352 ccc -0.0002
2021-06-19 17:15:16,012 - utils.logger - INFO - Val result of epoch 18 / 70 mse 0.7418 rmse 0.8613 pcc -0.0023 ccc -0.0000
2021-06-19 17:15:16,413 - utils.logger - INFO - Cur epoch 19 loss ccc:0.1192
2021-06-19 17:15:16,818 - utils.logger - INFO - Cur epoch 19 loss ccc:0.1213
2021-06-19 17:15:17,135 - utils.logger - INFO - Cur epoch 19 loss ccc:0.9929
2021-06-19 17:15:17,135 - utils.logger - INFO - saving the model at the end of epoch 19, iters 114
2021-06-19 17:15:17,366 - utils.logger - INFO - End of training epoch 19 / 70 	 Time Taken: 1 sec, Data loading: 0 sec
2021-06-19 17:15:17,366 - utils.logger - INFO - learning rate = 0.0005000
2021-06-19 17:15:17,725 - utils.logger - INFO - Trn result of epoch 19 / 70 mse 0.8137 rmse 0.9021 pcc -0.0339 ccc -0.0002
2021-06-19 17:15:17,849 - utils.logger - INFO - Val result of epoch 19 / 70 mse 0.7742 rmse 0.8799 pcc -0.0047 ccc -0.0000
2021-06-19 17:15:18,222 - utils.logger - INFO - Cur epoch 20 loss ccc:0.1327
2021-06-19 17:15:18,582 - utils.logger - INFO - Cur epoch 20 loss ccc:0.1240
2021-06-19 17:15:18,875 - utils.logger - INFO - Cur epoch 20 loss ccc:1.0029
2021-06-19 17:15:18,875 - utils.logger - INFO - saving the model at the end of epoch 20, iters 120
2021-06-19 17:15:19,240 - utils.logger - INFO - End of training epoch 20 / 70 	 Time Taken: 1 sec, Data loading: 0 sec
2021-06-19 17:15:19,241 - utils.logger - INFO - learning rate = 0.0005000
2021-06-19 17:15:19,593 - utils.logger - INFO - Trn result of epoch 20 / 70 mse 0.9190 rmse 0.9586 pcc -0.0326 ccc -0.0002
2021-06-19 17:15:19,716 - utils.logger - INFO - Val result of epoch 20 / 70 mse 0.8750 rmse 0.9354 pcc -0.0076 ccc -0.0000
2021-06-19 17:15:20,080 - utils.logger - INFO - Cur epoch 21 loss ccc:0.1203
2021-06-19 17:15:20,438 - utils.logger - INFO - Cur epoch 21 loss ccc:0.1305
2021-06-19 17:15:20,748 - utils.logger - INFO - Cur epoch 21 loss ccc:0.9884
2021-06-19 17:15:20,748 - utils.logger - INFO - saving the model at the end of epoch 21, iters 126
2021-06-19 17:15:20,985 - utils.logger - INFO - End of training epoch 21 / 70 	 Time Taken: 1 sec, Data loading: 0 sec
2021-06-19 17:15:20,985 - utils.logger - INFO - learning rate = 0.0005000
2021-06-19 17:15:21,337 - utils.logger - INFO - Trn result of epoch 21 / 70 mse 0.5418 rmse 0.7361 pcc -0.0413 ccc -0.0003
2021-06-19 17:15:21,459 - utils.logger - INFO - Val result of epoch 21 / 70 mse 0.5154 rmse 0.7179 pcc -0.0227 ccc -0.0002
2021-06-19 17:15:21,866 - utils.logger - INFO - Cur epoch 22 loss ccc:0.1278
2021-06-19 17:15:22,256 - utils.logger - INFO - Cur epoch 22 loss ccc:0.1296
2021-06-19 17:15:22,577 - utils.logger - INFO - Cur epoch 22 loss ccc:1.0558
2021-06-19 17:15:22,577 - utils.logger - INFO - saving the model at the end of epoch 22, iters 132
2021-06-19 17:15:22,823 - utils.logger - INFO - End of training epoch 22 / 70 	 Time Taken: 1 sec, Data loading: 0 sec
2021-06-19 17:15:22,823 - utils.logger - INFO - learning rate = 0.0005000
2021-06-19 17:15:23,183 - utils.logger - INFO - Trn result of epoch 22 / 70 mse 0.4405 rmse 0.6637 pcc -0.0185 ccc -0.0001
2021-06-19 17:15:23,306 - utils.logger - INFO - Val result of epoch 22 / 70 mse 0.4201 rmse 0.6481 pcc 0.0032 ccc 0.0000
2021-06-19 17:15:23,694 - utils.logger - INFO - Cur epoch 23 loss ccc:0.1326
2021-06-19 17:15:24,086 - utils.logger - INFO - Cur epoch 23 loss ccc:0.1351
2021-06-19 17:15:24,385 - utils.logger - INFO - Cur epoch 23 loss ccc:1.0269
2021-06-19 17:15:24,385 - utils.logger - INFO - saving the model at the end of epoch 23, iters 138
2021-06-19 17:15:24,623 - utils.logger - INFO - End of training epoch 23 / 70 	 Time Taken: 1 sec, Data loading: 0 sec
2021-06-19 17:15:24,623 - utils.logger - INFO - learning rate = 0.0005000
2021-06-19 17:15:24,981 - utils.logger - INFO - Trn result of epoch 23 / 70 mse 0.9518 rmse 0.9756 pcc -0.0472 ccc -0.0003
2021-06-19 17:15:25,104 - utils.logger - INFO - Val result of epoch 23 / 70 mse 0.9068 rmse 0.9523 pcc 0.0396 ccc 0.0003
2021-06-19 17:15:25,490 - utils.logger - INFO - Cur epoch 24 loss ccc:0.1226
2021-06-19 17:15:25,886 - utils.logger - INFO - Cur epoch 24 loss ccc:0.1212
2021-06-19 17:15:26,203 - utils.logger - INFO - Cur epoch 24 loss ccc:0.9895
2021-06-19 17:15:26,203 - utils.logger - INFO - saving the model at the end of epoch 24, iters 144
2021-06-19 17:15:26,479 - utils.logger - INFO - End of training epoch 24 / 70 	 Time Taken: 1 sec, Data loading: 0 sec
2021-06-19 17:15:26,479 - utils.logger - INFO - learning rate = 0.0005000
2021-06-19 17:15:26,850 - utils.logger - INFO - Trn result of epoch 24 / 70 mse 0.9486 rmse 0.9740 pcc -0.0294 ccc -0.0002
2021-06-19 17:15:26,976 - utils.logger - INFO - Val result of epoch 24 / 70 mse 0.9035 rmse 0.9505 pcc -0.0184 ccc -0.0001
2021-06-19 17:15:27,364 - utils.logger - INFO - Cur epoch 25 loss ccc:0.1211
2021-06-19 17:15:27,755 - utils.logger - INFO - Cur epoch 25 loss ccc:0.1250
2021-06-19 17:15:28,074 - utils.logger - INFO - Cur epoch 25 loss ccc:1.0172
2021-06-19 17:15:28,074 - utils.logger - INFO - saving the model at the end of epoch 25, iters 150
2021-06-19 17:15:28,345 - utils.logger - INFO - End of training epoch 25 / 70 	 Time Taken: 1 sec, Data loading: 0 sec
2021-06-19 17:15:28,345 - utils.logger - INFO - learning rate = 0.0005000
2021-06-19 17:15:28,705 - utils.logger - INFO - Trn result of epoch 25 / 70 mse 0.4914 rmse 0.7010 pcc -0.0318 ccc -0.0002
2021-06-19 17:15:28,829 - utils.logger - INFO - Val result of epoch 25 / 70 mse 0.4679 rmse 0.6840 pcc -0.0013 ccc -0.0000
2021-06-19 17:15:29,215 - utils.logger - INFO - Cur epoch 26 loss ccc:0.1323
2021-06-19 17:15:29,606 - utils.logger - INFO - Cur epoch 26 loss ccc:0.1298
2021-06-19 17:15:29,922 - utils.logger - INFO - Cur epoch 26 loss ccc:0.9953
2021-06-19 17:15:29,922 - utils.logger - INFO - saving the model at the end of epoch 26, iters 156
2021-06-19 17:15:30,159 - utils.logger - INFO - End of training epoch 26 / 70 	 Time Taken: 1 sec, Data loading: 0 sec
2021-06-19 17:15:30,159 - utils.logger - INFO - learning rate = 0.0005000
2021-06-19 17:15:30,518 - utils.logger - INFO - Trn result of epoch 26 / 70 mse 1.7041 rmse 1.3054 pcc -0.0656 ccc -0.0003
2021-06-19 17:15:30,642 - utils.logger - INFO - Val result of epoch 26 / 70 mse 1.6337 rmse 1.2782 pcc -0.0525 ccc -0.0003
2021-06-19 17:15:31,031 - utils.logger - INFO - Cur epoch 27 loss ccc:0.1250
2021-06-19 17:15:31,418 - utils.logger - INFO - Cur epoch 27 loss ccc:0.1309
2021-06-19 17:15:31,742 - utils.logger - INFO - Cur epoch 27 loss ccc:0.9993
2021-06-19 17:15:31,743 - utils.logger - INFO - saving the model at the end of epoch 27, iters 162
2021-06-19 17:15:31,969 - utils.logger - INFO - End of training epoch 27 / 70 	 Time Taken: 1 sec, Data loading: 0 sec
2021-06-19 17:15:31,970 - utils.logger - INFO - learning rate = 0.0005000
2021-06-19 17:15:32,328 - utils.logger - INFO - Trn result of epoch 27 / 70 mse 2.6474 rmse 1.6271 pcc -0.0453 ccc -0.0002
2021-06-19 17:15:32,451 - utils.logger - INFO - Val result of epoch 27 / 70 mse 2.5529 rmse 1.5978 pcc -0.0396 ccc -0.0002
2021-06-19 17:15:32,868 - utils.logger - INFO - Cur epoch 28 loss ccc:0.1217
2021-06-19 17:15:33,254 - utils.logger - INFO - Cur epoch 28 loss ccc:0.1225
2021-06-19 17:15:33,567 - utils.logger - INFO - Cur epoch 28 loss ccc:0.9953
2021-06-19 17:15:33,568 - utils.logger - INFO - saving the model at the end of epoch 28, iters 168
2021-06-19 17:15:33,818 - utils.logger - INFO - End of training epoch 28 / 70 	 Time Taken: 1 sec, Data loading: 0 sec
2021-06-19 17:15:33,818 - utils.logger - INFO - learning rate = 0.0005000
2021-06-19 17:15:34,175 - utils.logger - INFO - Trn result of epoch 28 / 70 mse 3.6074 rmse 1.8993 pcc -0.0276 ccc -0.0001
2021-06-19 17:15:34,298 - utils.logger - INFO - Val result of epoch 28 / 70 mse 3.4927 rmse 1.8689 pcc -0.0231 ccc -0.0001
2021-06-19 17:15:34,684 - utils.logger - INFO - Cur epoch 29 loss ccc:0.1250
2021-06-19 17:15:35,078 - utils.logger - INFO - Cur epoch 29 loss ccc:0.1295
2021-06-19 17:15:35,374 - utils.logger - INFO - Cur epoch 29 loss ccc:1.0045
2021-06-19 17:15:35,374 - utils.logger - INFO - saving the model at the end of epoch 29, iters 174
2021-06-19 17:15:35,605 - utils.logger - INFO - End of training epoch 29 / 70 	 Time Taken: 1 sec, Data loading: 0 sec
2021-06-19 17:15:35,605 - utils.logger - INFO - learning rate = 0.0005000
2021-06-19 17:15:35,961 - utils.logger - INFO - Trn result of epoch 29 / 70 mse 3.3575 rmse 1.8323 pcc -0.0294 ccc -0.0001
2021-06-19 17:15:36,084 - utils.logger - INFO - Val result of epoch 29 / 70 mse 3.2479 rmse 1.8022 pcc -0.0204 ccc -0.0001
2021-06-19 17:15:36,472 - utils.logger - INFO - Cur epoch 30 loss ccc:0.1247
2021-06-19 17:15:36,856 - utils.logger - INFO - Cur epoch 30 loss ccc:0.1292
2021-06-19 17:15:37,196 - utils.logger - INFO - Cur epoch 30 loss ccc:0.9996
2021-06-19 17:15:37,196 - utils.logger - INFO - saving the model at the end of epoch 30, iters 180
2021-06-19 17:15:37,436 - utils.logger - INFO - End of training epoch 30 / 70 	 Time Taken: 1 sec, Data loading: 0 sec
2021-06-19 17:15:37,437 - utils.logger - INFO - learning rate = 0.0004878
2021-06-19 17:15:37,795 - utils.logger - INFO - Trn result of epoch 30 / 70 mse 3.3598 rmse 1.8330 pcc -0.0320 ccc -0.0001
2021-06-19 17:15:37,918 - utils.logger - INFO - Val result of epoch 30 / 70 mse 3.2510 rmse 1.8031 pcc -0.0112 ccc -0.0000
2021-06-19 17:15:38,315 - utils.logger - INFO - Cur epoch 31 loss ccc:0.1294
2021-06-19 17:15:38,700 - utils.logger - INFO - Cur epoch 31 loss ccc:0.1258
2021-06-19 17:15:39,019 - utils.logger - INFO - Cur epoch 31 loss ccc:1.0000
2021-06-19 17:15:39,019 - utils.logger - INFO - saving the model at the end of epoch 31, iters 186
2021-06-19 17:15:39,268 - utils.logger - INFO - End of training epoch 31 / 70 	 Time Taken: 1 sec, Data loading: 0 sec
2021-06-19 17:15:39,268 - utils.logger - INFO - learning rate = 0.0004756
2021-06-19 17:15:39,626 - utils.logger - INFO - Trn result of epoch 31 / 70 mse 3.1320 rmse 1.7698 pcc -0.0443 ccc -0.0002
2021-06-19 17:15:39,750 - utils.logger - INFO - Val result of epoch 31 / 70 mse 3.0273 rmse 1.7399 pcc -0.0130 ccc -0.0001
2021-06-19 17:15:40,137 - utils.logger - INFO - Cur epoch 32 loss ccc:0.1231
2021-06-19 17:15:40,527 - utils.logger - INFO - Cur epoch 32 loss ccc:0.1260
2021-06-19 17:15:40,868 - utils.logger - INFO - Cur epoch 32 loss ccc:0.9996
2021-06-19 17:15:40,868 - utils.logger - INFO - saving the model at the end of epoch 32, iters 192
2021-06-19 17:15:41,112 - utils.logger - INFO - End of training epoch 32 / 70 	 Time Taken: 1 sec, Data loading: 0 sec
2021-06-19 17:15:41,112 - utils.logger - INFO - learning rate = 0.0004634
2021-06-19 17:15:41,471 - utils.logger - INFO - Trn result of epoch 32 / 70 mse 2.6395 rmse 1.6247 pcc -0.0460 ccc -0.0002
2021-06-19 17:15:41,596 - utils.logger - INFO - Val result of epoch 32 / 70 mse 2.5455 rmse 1.5955 pcc -0.0234 ccc -0.0001
2021-06-19 17:15:41,984 - utils.logger - INFO - Cur epoch 33 loss ccc:0.1250
2021-06-19 17:15:42,373 - utils.logger - INFO - Cur epoch 33 loss ccc:0.1277
2021-06-19 17:15:42,718 - utils.logger - INFO - Cur epoch 33 loss ccc:1.0047
2021-06-19 17:15:42,719 - utils.logger - INFO - saving the model at the end of epoch 33, iters 198
2021-06-19 17:15:42,961 - utils.logger - INFO - End of training epoch 33 / 70 	 Time Taken: 1 sec, Data loading: 0 sec
2021-06-19 17:15:42,962 - utils.logger - INFO - learning rate = 0.0004512
2021-06-19 17:15:43,324 - utils.logger - INFO - Trn result of epoch 33 / 70 mse 2.8810 rmse 1.6973 pcc -0.0339 ccc -0.0001
2021-06-19 17:15:43,450 - utils.logger - INFO - Val result of epoch 33 / 70 mse 2.7817 rmse 1.6678 pcc -0.0089 ccc -0.0000
2021-06-19 17:15:43,837 - utils.logger - INFO - Cur epoch 34 loss ccc:0.1297
2021-06-19 17:15:44,235 - utils.logger - INFO - Cur epoch 34 loss ccc:0.1280
2021-06-19 17:15:44,552 - utils.logger - INFO - Cur epoch 34 loss ccc:0.9985
2021-06-19 17:15:44,552 - utils.logger - INFO - saving the model at the end of epoch 34, iters 204
2021-06-19 17:15:44,799 - utils.logger - INFO - End of training epoch 34 / 70 	 Time Taken: 1 sec, Data loading: 0 sec
2021-06-19 17:15:44,799 - utils.logger - INFO - learning rate = 0.0004390
2021-06-19 17:15:45,158 - utils.logger - INFO - Trn result of epoch 34 / 70 mse 3.1374 rmse 1.7713 pcc -0.0374 ccc -0.0001
2021-06-19 17:15:45,283 - utils.logger - INFO - Val result of epoch 34 / 70 mse 3.0329 rmse 1.7415 pcc 0.0009 ccc 0.0000
2021-06-19 17:15:45,677 - utils.logger - INFO - Cur epoch 35 loss ccc:0.1259
2021-06-19 17:15:46,076 - utils.logger - INFO - Cur epoch 35 loss ccc:0.1304
2021-06-19 17:15:46,393 - utils.logger - INFO - Cur epoch 35 loss ccc:1.0001
2021-06-19 17:15:46,394 - utils.logger - INFO - saving the model at the end of epoch 35, iters 210
2021-06-19 17:15:46,645 - utils.logger - INFO - End of training epoch 35 / 70 	 Time Taken: 1 sec, Data loading: 0 sec
2021-06-19 17:15:46,645 - utils.logger - INFO - learning rate = 0.0004268
2021-06-19 17:15:46,999 - utils.logger - INFO - Trn result of epoch 35 / 70 mse 3.3864 rmse 1.8402 pcc -0.0344 ccc -0.0001
2021-06-19 17:15:47,124 - utils.logger - INFO - Val result of epoch 35 / 70 mse 3.2772 rmse 1.8103 pcc 0.0136 ccc 0.0001
2021-06-19 17:15:47,515 - utils.logger - INFO - Cur epoch 36 loss ccc:0.1292
2021-06-19 17:15:47,893 - utils.logger - INFO - Cur epoch 36 loss ccc:0.1303
2021-06-19 17:15:48,200 - utils.logger - INFO - Cur epoch 36 loss ccc:1.0008
2021-06-19 17:15:48,200 - utils.logger - INFO - saving the model at the end of epoch 36, iters 216
2021-06-19 17:15:48,473 - utils.logger - INFO - End of training epoch 36 / 70 	 Time Taken: 1 sec, Data loading: 0 sec
2021-06-19 17:15:48,473 - utils.logger - INFO - learning rate = 0.0004146
2021-06-19 17:15:48,837 - utils.logger - INFO - Trn result of epoch 36 / 70 mse 4.1786 rmse 2.0442 pcc -0.0369 ccc -0.0001
2021-06-19 17:15:48,962 - utils.logger - INFO - Val result of epoch 36 / 70 mse 4.0540 rmse 2.0135 pcc -0.0033 ccc -0.0000
2021-06-19 17:15:49,377 - utils.logger - INFO - Cur epoch 37 loss ccc:0.1230
2021-06-19 17:15:49,798 - utils.logger - INFO - Cur epoch 37 loss ccc:0.1274
2021-06-19 17:15:50,149 - utils.logger - INFO - Cur epoch 37 loss ccc:0.9997
2021-06-19 17:15:50,149 - utils.logger - INFO - saving the model at the end of epoch 37, iters 222
2021-06-19 17:15:50,398 - utils.logger - INFO - End of training epoch 37 / 70 	 Time Taken: 1 sec, Data loading: 0 sec
2021-06-19 17:15:50,399 - utils.logger - INFO - learning rate = 0.0004024
2021-06-19 17:15:50,764 - utils.logger - INFO - Trn result of epoch 37 / 70 mse 4.5253 rmse 2.1273 pcc -0.0309 ccc -0.0001
2021-06-19 17:15:50,887 - utils.logger - INFO - Val result of epoch 37 / 70 mse 4.3942 rmse 2.0962 pcc -0.0158 ccc -0.0001
2021-06-19 17:15:51,285 - utils.logger - INFO - Cur epoch 38 loss ccc:0.1313
2021-06-19 17:15:51,681 - utils.logger - INFO - Cur epoch 38 loss ccc:0.1318
2021-06-19 17:15:52,006 - utils.logger - INFO - Cur epoch 38 loss ccc:0.9988
2021-06-19 17:15:52,006 - utils.logger - INFO - saving the model at the end of epoch 38, iters 228
2021-06-19 17:15:52,279 - utils.logger - INFO - End of training epoch 38 / 70 	 Time Taken: 1 sec, Data loading: 0 sec
2021-06-19 17:15:52,280 - utils.logger - INFO - learning rate = 0.0003902
2021-06-19 17:15:52,642 - utils.logger - INFO - Trn result of epoch 38 / 70 mse 5.2311 rmse 2.2872 pcc -0.0306 ccc -0.0001
2021-06-19 17:15:52,766 - utils.logger - INFO - Val result of epoch 38 / 70 mse 5.0881 rmse 2.2557 pcc -0.0176 ccc -0.0001
2021-06-19 17:15:53,159 - utils.logger - INFO - Cur epoch 39 loss ccc:0.1252
2021-06-19 17:15:53,552 - utils.logger - INFO - Cur epoch 39 loss ccc:0.1250
2021-06-19 17:15:53,896 - utils.logger - INFO - Cur epoch 39 loss ccc:0.9996
2021-06-19 17:15:53,896 - utils.logger - INFO - saving the model at the end of epoch 39, iters 234
2021-06-19 17:15:54,142 - utils.logger - INFO - End of training epoch 39 / 70 	 Time Taken: 1 sec, Data loading: 0 sec
2021-06-19 17:15:54,142 - utils.logger - INFO - learning rate = 0.0003780
2021-06-19 17:15:54,508 - utils.logger - INFO - Trn result of epoch 39 / 70 mse 5.7439 rmse 2.3966 pcc -0.0302 ccc -0.0001
2021-06-19 17:15:54,635 - utils.logger - INFO - Val result of epoch 39 / 70 mse 5.5929 rmse 2.3649 pcc -0.0177 ccc -0.0001
2021-06-19 17:15:55,049 - utils.logger - INFO - Cur epoch 40 loss ccc:0.1262
2021-06-19 17:15:55,440 - utils.logger - INFO - Cur epoch 40 loss ccc:0.1253
2021-06-19 17:15:55,779 - utils.logger - INFO - Cur epoch 40 loss ccc:0.9991
2021-06-19 17:15:55,780 - utils.logger - INFO - saving the model at the end of epoch 40, iters 240
2021-06-19 17:15:56,040 - utils.logger - INFO - End of training epoch 40 / 70 	 Time Taken: 1 sec, Data loading: 0 sec
2021-06-19 17:15:56,040 - utils.logger - INFO - learning rate = 0.0003659
2021-06-19 17:15:56,396 - utils.logger - INFO - Trn result of epoch 40 / 70 mse 6.4965 rmse 2.5488 pcc -0.0304 ccc -0.0001
2021-06-19 17:15:56,522 - utils.logger - INFO - Val result of epoch 40 / 70 mse 6.3343 rmse 2.5168 pcc -0.0168 ccc -0.0000
2021-06-19 17:15:56,909 - utils.logger - INFO - Cur epoch 41 loss ccc:0.1250
2021-06-19 17:15:57,315 - utils.logger - INFO - Cur epoch 41 loss ccc:0.1242
2021-06-19 17:15:57,637 - utils.logger - INFO - Cur epoch 41 loss ccc:0.9996
2021-06-19 17:15:57,638 - utils.logger - INFO - saving the model at the end of epoch 41, iters 246
2021-06-19 17:15:57,899 - utils.logger - INFO - End of training epoch 41 / 70 	 Time Taken: 1 sec, Data loading: 0 sec
2021-06-19 17:15:57,899 - utils.logger - INFO - learning rate = 0.0003537
2021-06-19 17:15:58,258 - utils.logger - INFO - Trn result of epoch 41 / 70 mse 6.6724 rmse 2.5831 pcc -0.0349 ccc -0.0001
2021-06-19 17:15:58,382 - utils.logger - INFO - Val result of epoch 41 / 70 mse 6.5087 rmse 2.5512 pcc -0.0060 ccc -0.0000
2021-06-19 17:15:58,781 - utils.logger - INFO - Cur epoch 42 loss ccc:0.1283
2021-06-19 17:15:59,170 - utils.logger - INFO - Cur epoch 42 loss ccc:0.1252
2021-06-19 17:15:59,507 - utils.logger - INFO - Cur epoch 42 loss ccc:1.0025
2021-06-19 17:15:59,508 - utils.logger - INFO - saving the model at the end of epoch 42, iters 252
2021-06-19 17:15:59,753 - utils.logger - INFO - End of training epoch 42 / 70 	 Time Taken: 1 sec, Data loading: 0 sec
2021-06-19 17:15:59,753 - utils.logger - INFO - learning rate = 0.0003415
2021-06-19 17:16:00,115 - utils.logger - INFO - Trn result of epoch 42 / 70 mse 7.1676 rmse 2.6772 pcc -0.0344 ccc -0.0001
2021-06-19 17:16:00,241 - utils.logger - INFO - Val result of epoch 42 / 70 mse 6.9969 rmse 2.6452 pcc -0.0068 ccc -0.0000
2021-06-19 17:16:00,641 - utils.logger - INFO - Cur epoch 43 loss ccc:0.1237
2021-06-19 17:16:01,036 - utils.logger - INFO - Cur epoch 43 loss ccc:0.1296
2021-06-19 17:16:01,379 - utils.logger - INFO - Cur epoch 43 loss ccc:0.9931
2021-06-19 17:16:01,379 - utils.logger - INFO - saving the model at the end of epoch 43, iters 258
2021-06-19 17:16:01,763 - utils.logger - INFO - End of training epoch 43 / 70 	 Time Taken: 1 sec, Data loading: 0 sec
2021-06-19 17:16:01,763 - utils.logger - INFO - learning rate = 0.0003293
2021-06-19 17:16:02,124 - utils.logger - INFO - Trn result of epoch 43 / 70 mse 7.2668 rmse 2.6957 pcc -0.0327 ccc -0.0001
2021-06-19 17:16:02,250 - utils.logger - INFO - Val result of epoch 43 / 70 mse 7.0942 rmse 2.6635 pcc -0.0151 ccc -0.0000
2021-06-19 17:16:02,624 - utils.logger - INFO - Cur epoch 44 loss ccc:0.1251
2021-06-19 17:16:03,023 - utils.logger - INFO - Cur epoch 44 loss ccc:0.1289
2021-06-19 17:16:03,339 - utils.logger - INFO - Cur epoch 44 loss ccc:0.9972
2021-06-19 17:16:03,339 - utils.logger - INFO - saving the model at the end of epoch 44, iters 264
2021-06-19 17:16:03,657 - utils.logger - INFO - End of training epoch 44 / 70 	 Time Taken: 1 sec, Data loading: 0 sec
2021-06-19 17:16:03,657 - utils.logger - INFO - learning rate = 0.0003171
2021-06-19 17:16:04,015 - utils.logger - INFO - Trn result of epoch 44 / 70 mse 7.6537 rmse 2.7665 pcc -0.0359 ccc -0.0001
2021-06-19 17:16:04,139 - utils.logger - INFO - Val result of epoch 44 / 70 mse 7.4770 rmse 2.7344 pcc -0.0029 ccc -0.0000
2021-06-19 17:16:04,509 - utils.logger - INFO - Cur epoch 45 loss ccc:0.1305
2021-06-19 17:16:04,874 - utils.logger - INFO - Cur epoch 45 loss ccc:0.1289
2021-06-19 17:16:05,173 - utils.logger - INFO - Cur epoch 45 loss ccc:1.0010
2021-06-19 17:16:05,173 - utils.logger - INFO - saving the model at the end of epoch 45, iters 270
2021-06-19 17:16:05,408 - utils.logger - INFO - End of training epoch 45 / 70 	 Time Taken: 1 sec, Data loading: 0 sec
2021-06-19 17:16:05,409 - utils.logger - INFO - learning rate = 0.0003049
2021-06-19 17:16:05,777 - utils.logger - INFO - Trn result of epoch 45 / 70 mse 8.0511 rmse 2.8374 pcc -0.0365 ccc -0.0001
2021-06-19 17:16:05,902 - utils.logger - INFO - Val result of epoch 45 / 70 mse 7.8694 rmse 2.8053 pcc -0.0012 ccc -0.0000
2021-06-19 17:16:06,271 - utils.logger - INFO - Cur epoch 46 loss ccc:0.1265
2021-06-19 17:16:06,633 - utils.logger - INFO - Cur epoch 46 loss ccc:0.1255
2021-06-19 17:16:06,932 - utils.logger - INFO - Cur epoch 46 loss ccc:0.9995
2021-06-19 17:16:06,932 - utils.logger - INFO - saving the model at the end of epoch 46, iters 276
2021-06-19 17:16:07,159 - utils.logger - INFO - End of training epoch 46 / 70 	 Time Taken: 1 sec, Data loading: 0 sec
2021-06-19 17:16:07,159 - utils.logger - INFO - learning rate = 0.0002927
2021-06-19 17:16:07,514 - utils.logger - INFO - Trn result of epoch 46 / 70 mse 8.0367 rmse 2.8349 pcc -0.0375 ccc -0.0001
2021-06-19 17:16:07,638 - utils.logger - INFO - Val result of epoch 46 / 70 mse 7.8556 rmse 2.8028 pcc 0.0038 ccc 0.0000
2021-06-19 17:16:08,009 - utils.logger - INFO - Cur epoch 47 loss ccc:0.1253
2021-06-19 17:16:08,429 - utils.logger - INFO - Cur epoch 47 loss ccc:0.1274
2021-06-19 17:16:08,759 - utils.logger - INFO - Cur epoch 47 loss ccc:0.9998
2021-06-19 17:16:08,759 - utils.logger - INFO - saving the model at the end of epoch 47, iters 282
2021-06-19 17:16:09,134 - utils.logger - INFO - End of training epoch 47 / 70 	 Time Taken: 1 sec, Data loading: 0 sec
2021-06-19 17:16:09,135 - utils.logger - INFO - learning rate = 0.0002805
2021-06-19 17:16:09,492 - utils.logger - INFO - Trn result of epoch 47 / 70 mse 7.9673 rmse 2.8226 pcc -0.0397 ccc -0.0001
2021-06-19 17:16:09,615 - utils.logger - INFO - Val result of epoch 47 / 70 mse 7.7873 rmse 2.7906 pcc 0.0065 ccc 0.0000
2021-06-19 17:16:10,015 - utils.logger - INFO - Cur epoch 48 loss ccc:0.1231
2021-06-19 17:16:10,402 - utils.logger - INFO - Cur epoch 48 loss ccc:0.1266
2021-06-19 17:16:10,728 - utils.logger - INFO - Cur epoch 48 loss ccc:0.9999
2021-06-19 17:16:10,728 - utils.logger - INFO - saving the model at the end of epoch 48, iters 288
2021-06-19 17:16:10,970 - utils.logger - INFO - End of training epoch 48 / 70 	 Time Taken: 1 sec, Data loading: 0 sec
2021-06-19 17:16:10,971 - utils.logger - INFO - learning rate = 0.0002683
2021-06-19 17:16:11,329 - utils.logger - INFO - Trn result of epoch 48 / 70 mse 8.6752 rmse 2.9454 pcc -0.0365 ccc -0.0001
2021-06-19 17:16:11,453 - utils.logger - INFO - Val result of epoch 48 / 70 mse 8.4857 rmse 2.9130 pcc -0.0019 ccc -0.0000
2021-06-19 17:16:11,843 - utils.logger - INFO - Cur epoch 49 loss ccc:0.1248
2021-06-19 17:16:12,242 - utils.logger - INFO - Cur epoch 49 loss ccc:0.1253
2021-06-19 17:16:12,562 - utils.logger - INFO - Cur epoch 49 loss ccc:1.0008
2021-06-19 17:16:12,562 - utils.logger - INFO - saving the model at the end of epoch 49, iters 294
2021-06-19 17:16:12,811 - utils.logger - INFO - End of training epoch 49 / 70 	 Time Taken: 1 sec, Data loading: 0 sec
2021-06-19 17:16:12,811 - utils.logger - INFO - learning rate = 0.0002561
2021-06-19 17:16:13,169 - utils.logger - INFO - Trn result of epoch 49 / 70 mse 9.4337 rmse 3.0714 pcc -0.0341 ccc -0.0001
2021-06-19 17:16:13,292 - utils.logger - INFO - Val result of epoch 49 / 70 mse 9.2346 rmse 3.0388 pcc -0.0080 ccc -0.0000
2021-06-19 17:16:13,686 - utils.logger - INFO - Cur epoch 50 loss ccc:0.1303
2021-06-19 17:16:14,082 - utils.logger - INFO - Cur epoch 50 loss ccc:0.1250
2021-06-19 17:16:14,413 - utils.logger - INFO - Cur epoch 50 loss ccc:0.9992
2021-06-19 17:16:14,413 - utils.logger - INFO - saving the model at the end of epoch 50, iters 300
2021-06-19 17:16:14,669 - utils.logger - INFO - End of training epoch 50 / 70 	 Time Taken: 1 sec, Data loading: 0 sec
2021-06-19 17:16:14,670 - utils.logger - INFO - learning rate = 0.0002439
2021-06-19 17:16:15,023 - utils.logger - INFO - Trn result of epoch 50 / 70 mse 9.2597 rmse 3.0430 pcc -0.0341 ccc -0.0001
2021-06-19 17:16:15,147 - utils.logger - INFO - Val result of epoch 50 / 70 mse 9.0625 rmse 3.0104 pcc -0.0093 ccc -0.0000
2021-06-19 17:16:15,548 - utils.logger - INFO - Cur epoch 51 loss ccc:0.1267
2021-06-19 17:16:15,950 - utils.logger - INFO - Cur epoch 51 loss ccc:0.1250
2021-06-19 17:16:16,277 - utils.logger - INFO - Cur epoch 51 loss ccc:1.0001
2021-06-19 17:16:16,277 - utils.logger - INFO - saving the model at the end of epoch 51, iters 306
2021-06-19 17:16:16,548 - utils.logger - INFO - End of training epoch 51 / 70 	 Time Taken: 1 sec, Data loading: 0 sec
2021-06-19 17:16:16,549 - utils.logger - INFO - learning rate = 0.0002317
2021-06-19 17:16:16,908 - utils.logger - INFO - Trn result of epoch 51 / 70 mse 9.5785 rmse 3.0949 pcc -0.0358 ccc -0.0001
2021-06-19 17:16:17,034 - utils.logger - INFO - Val result of epoch 51 / 70 mse 9.3776 rmse 3.0623 pcc -0.0063 ccc -0.0000
2021-06-19 17:16:17,427 - utils.logger - INFO - Cur epoch 52 loss ccc:0.1279
2021-06-19 17:16:17,832 - utils.logger - INFO - Cur epoch 52 loss ccc:0.1287
2021-06-19 17:16:18,166 - utils.logger - INFO - Cur epoch 52 loss ccc:1.0007
2021-06-19 17:16:18,166 - utils.logger - INFO - saving the model at the end of epoch 52, iters 312
2021-06-19 17:16:18,438 - utils.logger - INFO - End of training epoch 52 / 70 	 Time Taken: 1 sec, Data loading: 0 sec
2021-06-19 17:16:18,438 - utils.logger - INFO - learning rate = 0.0002195
2021-06-19 17:16:18,795 - utils.logger - INFO - Trn result of epoch 52 / 70 mse 10.0730 rmse 3.1738 pcc -0.0390 ccc -0.0001
2021-06-19 17:16:18,918 - utils.logger - INFO - Val result of epoch 52 / 70 mse 9.8675 rmse 3.1413 pcc 0.0030 ccc 0.0000
2021-06-19 17:16:19,326 - utils.logger - INFO - Cur epoch 53 loss ccc:0.1296
2021-06-19 17:16:19,701 - utils.logger - INFO - Cur epoch 53 loss ccc:0.1322
2021-06-19 17:16:20,043 - utils.logger - INFO - Cur epoch 53 loss ccc:0.9964
2021-06-19 17:16:20,043 - utils.logger - INFO - saving the model at the end of epoch 53, iters 318
2021-06-19 17:16:20,328 - utils.logger - INFO - End of training epoch 53 / 70 	 Time Taken: 1 sec, Data loading: 0 sec
2021-06-19 17:16:20,328 - utils.logger - INFO - learning rate = 0.0002073
2021-06-19 17:16:20,688 - utils.logger - INFO - Trn result of epoch 53 / 70 mse 10.3892 rmse 3.2232 pcc -0.0361 ccc -0.0001
2021-06-19 17:16:20,813 - utils.logger - INFO - Val result of epoch 53 / 70 mse 10.1798 rmse 3.1906 pcc -0.0032 ccc -0.0000
2021-06-19 17:16:21,189 - utils.logger - INFO - Cur epoch 54 loss ccc:0.1257
2021-06-19 17:16:21,579 - utils.logger - INFO - Cur epoch 54 loss ccc:0.1250
2021-06-19 17:16:21,922 - utils.logger - INFO - Cur epoch 54 loss ccc:1.0019
2021-06-19 17:16:21,922 - utils.logger - INFO - saving the model at the end of epoch 54, iters 324
2021-06-19 17:16:22,295 - utils.logger - INFO - End of training epoch 54 / 70 	 Time Taken: 1 sec, Data loading: 0 sec
2021-06-19 17:16:22,296 - utils.logger - INFO - learning rate = 0.0001951
2021-06-19 17:16:22,651 - utils.logger - INFO - Trn result of epoch 54 / 70 mse 10.3253 rmse 3.2133 pcc -0.0307 ccc -0.0001
2021-06-19 17:16:22,775 - utils.logger - INFO - Val result of epoch 54 / 70 mse 10.1148 rmse 3.1804 pcc -0.0155 ccc -0.0000
2021-06-19 17:16:23,169 - utils.logger - INFO - Cur epoch 55 loss ccc:0.1250
2021-06-19 17:16:23,569 - utils.logger - INFO - Cur epoch 55 loss ccc:0.1262
2021-06-19 17:16:23,903 - utils.logger - INFO - Cur epoch 55 loss ccc:0.9998
2021-06-19 17:16:23,903 - utils.logger - INFO - saving the model at the end of epoch 55, iters 330
2021-06-19 17:16:24,433 - utils.logger - INFO - End of training epoch 55 / 70 	 Time Taken: 1 sec, Data loading: 0 sec
2021-06-19 17:16:24,433 - utils.logger - INFO - learning rate = 0.0001829
2021-06-19 17:16:24,788 - utils.logger - INFO - Trn result of epoch 55 / 70 mse 10.9731 rmse 3.3126 pcc -0.0315 ccc -0.0001
2021-06-19 17:16:24,910 - utils.logger - INFO - Val result of epoch 55 / 70 mse 10.7557 rmse 3.2796 pcc -0.0139 ccc -0.0000
2021-06-19 17:16:25,284 - utils.logger - INFO - Cur epoch 56 loss ccc:0.1244
2021-06-19 17:16:25,639 - utils.logger - INFO - Cur epoch 56 loss ccc:0.1255
2021-06-19 17:16:25,949 - utils.logger - INFO - Cur epoch 56 loss ccc:1.0031
2021-06-19 17:16:25,949 - utils.logger - INFO - saving the model at the end of epoch 56, iters 336
2021-06-19 17:16:26,254 - utils.logger - INFO - End of training epoch 56 / 70 	 Time Taken: 1 sec, Data loading: 0 sec
2021-06-19 17:16:26,254 - utils.logger - INFO - learning rate = 0.0001707
2021-06-19 17:16:26,613 - utils.logger - INFO - Trn result of epoch 56 / 70 mse 11.4391 rmse 3.3822 pcc -0.0313 ccc -0.0001
2021-06-19 17:16:26,738 - utils.logger - INFO - Val result of epoch 56 / 70 mse 11.2165 rmse 3.3491 pcc -0.0144 ccc -0.0000
2021-06-19 17:16:27,118 - utils.logger - INFO - Cur epoch 57 loss ccc:0.1267
2021-06-19 17:16:27,515 - utils.logger - INFO - Cur epoch 57 loss ccc:0.1250
2021-06-19 17:16:27,849 - utils.logger - INFO - Cur epoch 57 loss ccc:0.9961
2021-06-19 17:16:27,849 - utils.logger - INFO - saving the model at the end of epoch 57, iters 342
2021-06-19 17:16:28,149 - utils.logger - INFO - End of training epoch 57 / 70 	 Time Taken: 1 sec, Data loading: 0 sec
2021-06-19 17:16:28,149 - utils.logger - INFO - learning rate = 0.0001585
2021-06-19 17:16:28,508 - utils.logger - INFO - Trn result of epoch 57 / 70 mse 12.0963 rmse 3.4780 pcc -0.0313 ccc -0.0001
2021-06-19 17:16:28,633 - utils.logger - INFO - Val result of epoch 57 / 70 mse 11.8668 rmse 3.4448 pcc -0.0144 ccc -0.0000
2021-06-19 17:16:29,031 - utils.logger - INFO - Cur epoch 58 loss ccc:0.1282
2021-06-19 17:16:29,422 - utils.logger - INFO - Cur epoch 58 loss ccc:0.1250
2021-06-19 17:16:29,746 - utils.logger - INFO - Cur epoch 58 loss ccc:0.9995
2021-06-19 17:16:29,746 - utils.logger - INFO - saving the model at the end of epoch 58, iters 348
2021-06-19 17:16:30,013 - utils.logger - INFO - End of training epoch 58 / 70 	 Time Taken: 1 sec, Data loading: 0 sec
2021-06-19 17:16:30,013 - utils.logger - INFO - learning rate = 0.0001463
2021-06-19 17:16:30,374 - utils.logger - INFO - Trn result of epoch 58 / 70 mse 12.0845 rmse 3.4763 pcc -0.0316 ccc -0.0001
2021-06-19 17:16:30,499 - utils.logger - INFO - Val result of epoch 58 / 70 mse 11.8553 rmse 3.4431 pcc -0.0138 ccc -0.0000
2021-06-19 17:16:30,867 - utils.logger - INFO - Cur epoch 59 loss ccc:0.1266
2021-06-19 17:16:31,244 - utils.logger - INFO - Cur epoch 59 loss ccc:0.1241
2021-06-19 17:16:31,559 - utils.logger - INFO - Cur epoch 59 loss ccc:1.0037
2021-06-19 17:16:31,560 - utils.logger - INFO - saving the model at the end of epoch 59, iters 354
2021-06-19 17:16:31,825 - utils.logger - INFO - End of training epoch 59 / 70 	 Time Taken: 1 sec, Data loading: 0 sec
2021-06-19 17:16:31,825 - utils.logger - INFO - learning rate = 0.0001341
2021-06-19 17:16:32,187 - utils.logger - INFO - Trn result of epoch 59 / 70 mse 11.6587 rmse 3.4145 pcc -0.0310 ccc -0.0001
2021-06-19 17:16:32,311 - utils.logger - INFO - Val result of epoch 59 / 70 mse 11.4337 rmse 3.3814 pcc -0.0153 ccc -0.0000
2021-06-19 17:16:32,689 - utils.logger - INFO - Cur epoch 60 loss ccc:0.1250
2021-06-19 17:16:33,064 - utils.logger - INFO - Cur epoch 60 loss ccc:0.1259
2021-06-19 17:16:33,391 - utils.logger - INFO - Cur epoch 60 loss ccc:0.9958
2021-06-19 17:16:33,391 - utils.logger - INFO - saving the model at the end of epoch 60, iters 360
2021-06-19 17:16:33,642 - utils.logger - INFO - End of training epoch 60 / 70 	 Time Taken: 1 sec, Data loading: 0 sec
2021-06-19 17:16:33,642 - utils.logger - INFO - learning rate = 0.0001220
2021-06-19 17:16:34,000 - utils.logger - INFO - Trn result of epoch 60 / 70 mse 12.1100 rmse 3.4799 pcc -0.0307 ccc -0.0001
2021-06-19 17:16:34,124 - utils.logger - INFO - Val result of epoch 60 / 70 mse 11.8801 rmse 3.4467 pcc -0.0157 ccc -0.0000
2021-06-19 17:16:34,520 - utils.logger - INFO - Cur epoch 61 loss ccc:0.1273
2021-06-19 17:16:34,916 - utils.logger - INFO - Cur epoch 61 loss ccc:0.1254
2021-06-19 17:16:35,251 - utils.logger - INFO - Cur epoch 61 loss ccc:0.9977
2021-06-19 17:16:35,251 - utils.logger - INFO - saving the model at the end of epoch 61, iters 366
2021-06-19 17:16:35,494 - utils.logger - INFO - End of training epoch 61 / 70 	 Time Taken: 1 sec, Data loading: 0 sec
2021-06-19 17:16:35,494 - utils.logger - INFO - learning rate = 0.0001098
2021-06-19 17:16:35,853 - utils.logger - INFO - Trn result of epoch 61 / 70 mse 12.3999 rmse 3.5213 pcc -0.0306 ccc -0.0001
2021-06-19 17:16:35,977 - utils.logger - INFO - Val result of epoch 61 / 70 mse 12.1668 rmse 3.4881 pcc -0.0160 ccc -0.0000
2021-06-19 17:16:36,367 - utils.logger - INFO - Cur epoch 62 loss ccc:0.1271
2021-06-19 17:16:36,735 - utils.logger - INFO - Cur epoch 62 loss ccc:0.1270
2021-06-19 17:16:37,062 - utils.logger - INFO - Cur epoch 62 loss ccc:0.9992
2021-06-19 17:16:37,062 - utils.logger - INFO - saving the model at the end of epoch 62, iters 372
2021-06-19 17:16:37,308 - utils.logger - INFO - End of training epoch 62 / 70 	 Time Taken: 1 sec, Data loading: 0 sec
2021-06-19 17:16:37,308 - utils.logger - INFO - learning rate = 0.0000976
2021-06-19 17:16:37,668 - utils.logger - INFO - Trn result of epoch 62 / 70 mse 12.6009 rmse 3.5498 pcc -0.0305 ccc -0.0001
2021-06-19 17:16:37,791 - utils.logger - INFO - Val result of epoch 62 / 70 mse 12.3658 rmse 3.5165 pcc -0.0162 ccc -0.0000
2021-06-19 17:16:38,170 - utils.logger - INFO - Cur epoch 63 loss ccc:0.1232
2021-06-19 17:16:38,554 - utils.logger - INFO - Cur epoch 63 loss ccc:0.1275
2021-06-19 17:16:38,886 - utils.logger - INFO - Cur epoch 63 loss ccc:0.9991
2021-06-19 17:16:38,886 - utils.logger - INFO - saving the model at the end of epoch 63, iters 378
2021-06-19 17:16:39,218 - utils.logger - INFO - End of training epoch 63 / 70 	 Time Taken: 1 sec, Data loading: 0 sec
2021-06-19 17:16:39,219 - utils.logger - INFO - learning rate = 0.0000854
2021-06-19 17:16:39,579 - utils.logger - INFO - Trn result of epoch 63 / 70 mse 12.7473 rmse 3.5703 pcc -0.0306 ccc -0.0001
2021-06-19 17:16:39,703 - utils.logger - INFO - Val result of epoch 63 / 70 mse 12.5107 rmse 3.5370 pcc -0.0160 ccc -0.0000
2021-06-19 17:16:40,085 - utils.logger - INFO - Cur epoch 64 loss ccc:0.1275
2021-06-19 17:16:40,479 - utils.logger - INFO - Cur epoch 64 loss ccc:0.1303
2021-06-19 17:16:40,793 - utils.logger - INFO - Cur epoch 64 loss ccc:1.0034
2021-06-19 17:16:40,793 - utils.logger - INFO - saving the model at the end of epoch 64, iters 384
2021-06-19 17:16:41,027 - utils.logger - INFO - End of training epoch 64 / 70 	 Time Taken: 1 sec, Data loading: 0 sec
2021-06-19 17:16:41,027 - utils.logger - INFO - learning rate = 0.0000732
2021-06-19 17:16:41,389 - utils.logger - INFO - Trn result of epoch 64 / 70 mse 13.1426 rmse 3.6253 pcc -0.0315 ccc -0.0001
2021-06-19 17:16:41,513 - utils.logger - INFO - Val result of epoch 64 / 70 mse 12.9022 rmse 3.5920 pcc -0.0144 ccc -0.0000
2021-06-19 17:16:41,888 - utils.logger - INFO - Cur epoch 65 loss ccc:0.1225
2021-06-19 17:16:42,263 - utils.logger - INFO - Cur epoch 65 loss ccc:0.1298
2021-06-19 17:16:42,577 - utils.logger - INFO - Cur epoch 65 loss ccc:1.0018
2021-06-19 17:16:42,577 - utils.logger - INFO - saving the model at the end of epoch 65, iters 390
2021-06-19 17:16:42,835 - utils.logger - INFO - End of training epoch 65 / 70 	 Time Taken: 1 sec, Data loading: 0 sec
2021-06-19 17:16:42,835 - utils.logger - INFO - learning rate = 0.0000610
2021-06-19 17:16:43,201 - utils.logger - INFO - Trn result of epoch 65 / 70 mse 13.3412 rmse 3.6526 pcc -0.0312 ccc -0.0001
2021-06-19 17:16:43,327 - utils.logger - INFO - Val result of epoch 65 / 70 mse 13.0993 rmse 3.6193 pcc -0.0146 ccc -0.0000
2021-06-19 17:16:43,728 - utils.logger - INFO - Cur epoch 66 loss ccc:0.1275
2021-06-19 17:16:44,112 - utils.logger - INFO - Cur epoch 66 loss ccc:0.1261
2021-06-19 17:16:44,437 - utils.logger - INFO - Cur epoch 66 loss ccc:1.0008
2021-06-19 17:16:44,438 - utils.logger - INFO - saving the model at the end of epoch 66, iters 396
2021-06-19 17:16:44,679 - utils.logger - INFO - End of training epoch 66 / 70 	 Time Taken: 1 sec, Data loading: 0 sec
2021-06-19 17:16:44,680 - utils.logger - INFO - learning rate = 0.0000488
2021-06-19 17:16:45,036 - utils.logger - INFO - Trn result of epoch 66 / 70 mse 13.4357 rmse 3.6655 pcc -0.0304 ccc -0.0001
2021-06-19 17:16:45,159 - utils.logger - INFO - Val result of epoch 66 / 70 mse 13.1920 rmse 3.6321 pcc -0.0165 ccc -0.0000
2021-06-19 17:16:45,523 - utils.logger - INFO - Cur epoch 67 loss ccc:0.1271
2021-06-19 17:16:45,903 - utils.logger - INFO - Cur epoch 67 loss ccc:0.1253
2021-06-19 17:16:46,214 - utils.logger - INFO - Cur epoch 67 loss ccc:0.9997
2021-06-19 17:16:46,214 - utils.logger - INFO - saving the model at the end of epoch 67, iters 402
2021-06-19 17:16:46,446 - utils.logger - INFO - End of training epoch 67 / 70 	 Time Taken: 1 sec, Data loading: 0 sec
2021-06-19 17:16:46,446 - utils.logger - INFO - learning rate = 0.0000366
2021-06-19 17:16:46,801 - utils.logger - INFO - Trn result of epoch 67 / 70 mse 13.5033 rmse 3.6747 pcc -0.0304 ccc -0.0001
2021-06-19 17:16:46,925 - utils.logger - INFO - Val result of epoch 67 / 70 mse 13.2590 rmse 3.6413 pcc -0.0166 ccc -0.0000
2021-06-19 17:16:47,293 - utils.logger - INFO - Cur epoch 68 loss ccc:0.1281
2021-06-19 17:16:47,665 - utils.logger - INFO - Cur epoch 68 loss ccc:0.1269
2021-06-19 17:16:47,975 - utils.logger - INFO - Cur epoch 68 loss ccc:1.0001
2021-06-19 17:16:47,975 - utils.logger - INFO - saving the model at the end of epoch 68, iters 408
2021-06-19 17:16:48,215 - utils.logger - INFO - End of training epoch 68 / 70 	 Time Taken: 1 sec, Data loading: 0 sec
2021-06-19 17:16:48,216 - utils.logger - INFO - learning rate = 0.0000244
2021-06-19 17:16:48,575 - utils.logger - INFO - Trn result of epoch 68 / 70 mse 13.6179 rmse 3.6902 pcc -0.0304 ccc -0.0001
2021-06-19 17:16:48,699 - utils.logger - INFO - Val result of epoch 68 / 70 mse 13.3724 rmse 3.6568 pcc -0.0166 ccc -0.0000
2021-06-19 17:16:49,081 - utils.logger - INFO - Cur epoch 69 loss ccc:0.1243
2021-06-19 17:16:49,447 - utils.logger - INFO - Cur epoch 69 loss ccc:0.1295
2021-06-19 17:16:49,752 - utils.logger - INFO - Cur epoch 69 loss ccc:1.0000
2021-06-19 17:16:49,752 - utils.logger - INFO - saving the model at the end of epoch 69, iters 414
2021-06-19 17:16:50,079 - utils.logger - INFO - End of training epoch 69 / 70 	 Time Taken: 1 sec, Data loading: 0 sec
2021-06-19 17:16:50,079 - utils.logger - INFO - learning rate = 0.0000122
2021-06-19 17:16:50,440 - utils.logger - INFO - Trn result of epoch 69 / 70 mse 13.6074 rmse 3.6888 pcc -0.0306 ccc -0.0001
2021-06-19 17:16:50,563 - utils.logger - INFO - Val result of epoch 69 / 70 mse 13.3621 rmse 3.6554 pcc -0.0160 ccc -0.0000
2021-06-19 17:16:50,938 - utils.logger - INFO - Cur epoch 70 loss ccc:0.1250
2021-06-19 17:16:51,335 - utils.logger - INFO - Cur epoch 70 loss ccc:0.1262
2021-06-19 17:16:51,678 - utils.logger - INFO - Cur epoch 70 loss ccc:1.0006
2021-06-19 17:16:51,678 - utils.logger - INFO - saving the model at the end of epoch 70, iters 420
2021-06-19 17:16:51,918 - utils.logger - INFO - End of training epoch 70 / 70 	 Time Taken: 1 sec, Data loading: 0 sec
2021-06-19 17:16:51,918 - utils.logger - INFO - learning rate = 0.0000000
2021-06-19 17:16:52,284 - utils.logger - INFO - Trn result of epoch 70 / 70 mse 13.6410 rmse 3.6934 pcc -0.0307 ccc -0.0001
2021-06-19 17:16:52,411 - utils.logger - INFO - Val result of epoch 70 / 70 mse 13.3954 rmse 3.6600 pcc -0.0159 ccc -0.0000
2021-06-19 17:16:52,411 - utils.logger - INFO - Best eval epoch 4 found with ccc 0.006411
2021-06-19 17:16:52,411 - utils.logger - INFO - baseline_fcfusion_wonorm_vggish_EDA_hidden1024_seq100_lr0.0005_cccloss_run1
