2021-06-19 21:03:04,297 - utils.logger - INFO - The number of training samples = 41
2021-06-19 21:03:06,933 - utils.logger - INFO - Cur epoch 1 loss ccc:0.1258
2021-06-19 21:03:07,340 - utils.logger - INFO - Cur epoch 1 loss ccc:0.1249
2021-06-19 21:03:07,676 - utils.logger - INFO - Cur epoch 1 loss ccc:0.9477
2021-06-19 21:03:07,676 - utils.logger - INFO - saving the model at the end of epoch 1, iters 6
2021-06-19 21:03:07,901 - utils.logger - INFO - End of training epoch 1 / 70 	 Time Taken: 1 sec, Data loading: 0 sec
2021-06-19 21:03:07,901 - utils.logger - INFO - learning rate = 0.0005000
2021-06-19 21:03:08,263 - utils.logger - INFO - Trn result of epoch 1 / 70 mse 0.0772 rmse 0.2778 pcc -0.3964 ccc -0.3200
2021-06-19 21:03:08,387 - utils.logger - INFO - Val result of epoch 1 / 70 mse 0.0781 rmse 0.2794 pcc -0.4359 ccc -0.4057
2021-06-19 21:03:08,773 - utils.logger - INFO - Cur epoch 2 loss ccc:0.1134
2021-06-19 21:03:09,132 - utils.logger - INFO - Cur epoch 2 loss ccc:0.1218
2021-06-19 21:03:09,437 - utils.logger - INFO - Cur epoch 2 loss ccc:1.0129
2021-06-19 21:03:09,437 - utils.logger - INFO - saving the model at the end of epoch 2, iters 12
2021-06-19 21:03:09,667 - utils.logger - INFO - End of training epoch 2 / 70 	 Time Taken: 1 sec, Data loading: 0 sec
2021-06-19 21:03:09,668 - utils.logger - INFO - learning rate = 0.0005000
2021-06-19 21:03:10,033 - utils.logger - INFO - Trn result of epoch 2 / 70 mse 0.1250 rmse 0.3536 pcc 0.3798 ccc 0.1069
2021-06-19 21:03:10,160 - utils.logger - INFO - Val result of epoch 2 / 70 mse 0.1239 rmse 0.3521 pcc 0.4118 ccc 0.1290
2021-06-19 21:03:10,532 - utils.logger - INFO - Cur epoch 3 loss ccc:0.1249
2021-06-19 21:03:10,925 - utils.logger - INFO - Cur epoch 3 loss ccc:0.1242
2021-06-19 21:03:11,256 - utils.logger - INFO - Cur epoch 3 loss ccc:1.0032
2021-06-19 21:03:11,257 - utils.logger - INFO - saving the model at the end of epoch 3, iters 18
2021-06-19 21:03:11,497 - utils.logger - INFO - End of training epoch 3 / 70 	 Time Taken: 1 sec, Data loading: 0 sec
2021-06-19 21:03:11,497 - utils.logger - INFO - learning rate = 0.0005000
2021-06-19 21:03:11,861 - utils.logger - INFO - Trn result of epoch 3 / 70 mse 0.9936 rmse 0.9968 pcc 0.0583 ccc 0.0010
2021-06-19 21:03:11,987 - utils.logger - INFO - Val result of epoch 3 / 70 mse 0.9410 rmse 0.9701 pcc 0.0978 ccc 0.0016
2021-06-19 21:03:12,380 - utils.logger - INFO - Cur epoch 4 loss ccc:0.1241
2021-06-19 21:03:12,774 - utils.logger - INFO - Cur epoch 4 loss ccc:0.1196
2021-06-19 21:03:13,109 - utils.logger - INFO - Cur epoch 4 loss ccc:1.0010
2021-06-19 21:03:13,110 - utils.logger - INFO - saving the model at the end of epoch 4, iters 24
2021-06-19 21:03:13,548 - utils.logger - INFO - End of training epoch 4 / 70 	 Time Taken: 1 sec, Data loading: 0 sec
2021-06-19 21:03:13,548 - utils.logger - INFO - learning rate = 0.0005000
2021-06-19 21:03:13,909 - utils.logger - INFO - Trn result of epoch 4 / 70 mse 0.4249 rmse 0.6518 pcc 0.0559 ccc 0.0014
2021-06-19 21:03:14,033 - utils.logger - INFO - Val result of epoch 4 / 70 mse 0.4502 rmse 0.6710 pcc 0.0140 ccc 0.0003
2021-06-19 21:03:14,431 - utils.logger - INFO - Cur epoch 5 loss ccc:0.1227
2021-06-19 21:03:14,794 - utils.logger - INFO - Cur epoch 5 loss ccc:0.1282
2021-06-19 21:03:15,111 - utils.logger - INFO - Cur epoch 5 loss ccc:0.9978
2021-06-19 21:03:15,111 - utils.logger - INFO - saving the model at the end of epoch 5, iters 30
2021-06-19 21:03:15,346 - utils.logger - INFO - End of training epoch 5 / 70 	 Time Taken: 1 sec, Data loading: 0 sec
2021-06-19 21:03:15,346 - utils.logger - INFO - learning rate = 0.0005000
2021-06-19 21:03:15,706 - utils.logger - INFO - Trn result of epoch 5 / 70 mse 0.2903 rmse 0.5388 pcc 0.3937 ccc 0.0696
2021-06-19 21:03:15,832 - utils.logger - INFO - Val result of epoch 5 / 70 mse 0.2894 rmse 0.5380 pcc 0.4241 ccc 0.0858
2021-06-19 21:03:16,217 - utils.logger - INFO - Cur epoch 6 loss ccc:0.1242
2021-06-19 21:03:16,628 - utils.logger - INFO - Cur epoch 6 loss ccc:0.1234
2021-06-19 21:03:16,959 - utils.logger - INFO - Cur epoch 6 loss ccc:0.9946
2021-06-19 21:03:16,959 - utils.logger - INFO - saving the model at the end of epoch 6, iters 36
2021-06-19 21:03:17,337 - utils.logger - INFO - End of training epoch 6 / 70 	 Time Taken: 1 sec, Data loading: 0 sec
2021-06-19 21:03:17,337 - utils.logger - INFO - learning rate = 0.0005000
2021-06-19 21:03:17,695 - utils.logger - INFO - Trn result of epoch 6 / 70 mse 0.0471 rmse 0.2171 pcc 0.1971 ccc 0.0022
2021-06-19 21:03:17,824 - utils.logger - INFO - Val result of epoch 6 / 70 mse 0.0389 rmse 0.1971 pcc 0.2763 ccc 0.0036
2021-06-19 21:03:18,213 - utils.logger - INFO - Cur epoch 7 loss ccc:0.1308
2021-06-19 21:03:18,606 - utils.logger - INFO - Cur epoch 7 loss ccc:0.1242
2021-06-19 21:03:18,918 - utils.logger - INFO - Cur epoch 7 loss ccc:0.9969
2021-06-19 21:03:18,918 - utils.logger - INFO - saving the model at the end of epoch 7, iters 42
2021-06-19 21:03:19,146 - utils.logger - INFO - End of training epoch 7 / 70 	 Time Taken: 1 sec, Data loading: 0 sec
2021-06-19 21:03:19,146 - utils.logger - INFO - learning rate = 0.0005000
2021-06-19 21:03:19,507 - utils.logger - INFO - Trn result of epoch 7 / 70 mse 0.0819 rmse 0.2862 pcc 0.0033 ccc 0.0001
2021-06-19 21:03:19,633 - utils.logger - INFO - Val result of epoch 7 / 70 mse 0.0668 rmse 0.2584 pcc 0.0289 ccc 0.0010
2021-06-19 21:03:20,013 - utils.logger - INFO - Cur epoch 8 loss ccc:0.1135
2021-06-19 21:03:20,406 - utils.logger - INFO - Cur epoch 8 loss ccc:0.1372
2021-06-19 21:03:20,711 - utils.logger - INFO - Cur epoch 8 loss ccc:0.9991
2021-06-19 21:03:20,711 - utils.logger - INFO - saving the model at the end of epoch 8, iters 48
2021-06-19 21:03:20,968 - utils.logger - INFO - End of training epoch 8 / 70 	 Time Taken: 1 sec, Data loading: 0 sec
2021-06-19 21:03:20,968 - utils.logger - INFO - learning rate = 0.0005000
2021-06-19 21:03:21,333 - utils.logger - INFO - Trn result of epoch 8 / 70 mse 0.2149 rmse 0.4636 pcc 0.1145 ccc 0.0033
2021-06-19 21:03:21,461 - utils.logger - INFO - Val result of epoch 8 / 70 mse 0.1893 rmse 0.4351 pcc 0.1858 ccc 0.0057
2021-06-19 21:03:21,848 - utils.logger - INFO - Cur epoch 9 loss ccc:0.1149
2021-06-19 21:03:22,240 - utils.logger - INFO - Cur epoch 9 loss ccc:0.1250
2021-06-19 21:03:22,558 - utils.logger - INFO - Cur epoch 9 loss ccc:1.0024
2021-06-19 21:03:22,558 - utils.logger - INFO - saving the model at the end of epoch 9, iters 54
2021-06-19 21:03:22,854 - utils.logger - INFO - End of training epoch 9 / 70 	 Time Taken: 1 sec, Data loading: 0 sec
2021-06-19 21:03:22,854 - utils.logger - INFO - learning rate = 0.0005000
2021-06-19 21:03:23,212 - utils.logger - INFO - Trn result of epoch 9 / 70 mse 0.1683 rmse 0.4102 pcc 0.1583 ccc 0.0050
2021-06-19 21:03:23,337 - utils.logger - INFO - Val result of epoch 9 / 70 mse 0.1457 rmse 0.3817 pcc 0.2299 ccc 0.0080
2021-06-19 21:03:23,725 - utils.logger - INFO - Cur epoch 10 loss ccc:0.1298
2021-06-19 21:03:24,119 - utils.logger - INFO - Cur epoch 10 loss ccc:0.1205
2021-06-19 21:03:24,453 - utils.logger - INFO - Cur epoch 10 loss ccc:1.0004
2021-06-19 21:03:24,453 - utils.logger - INFO - saving the model at the end of epoch 10, iters 60
2021-06-19 21:03:24,683 - utils.logger - INFO - End of training epoch 10 / 70 	 Time Taken: 1 sec, Data loading: 0 sec
2021-06-19 21:03:24,683 - utils.logger - INFO - learning rate = 0.0005000
2021-06-19 21:03:25,043 - utils.logger - INFO - Trn result of epoch 10 / 70 mse 0.3048 rmse 0.5521 pcc 0.0748 ccc 0.0012
2021-06-19 21:03:25,167 - utils.logger - INFO - Val result of epoch 10 / 70 mse 0.2747 rmse 0.5241 pcc 0.1247 ccc 0.0020
2021-06-19 21:03:25,566 - utils.logger - INFO - Cur epoch 11 loss ccc:0.1137
2021-06-19 21:03:25,990 - utils.logger - INFO - Cur epoch 11 loss ccc:0.1354
2021-06-19 21:03:26,342 - utils.logger - INFO - Cur epoch 11 loss ccc:0.9961
2021-06-19 21:03:26,342 - utils.logger - INFO - saving the model at the end of epoch 11, iters 66
2021-06-19 21:03:26,632 - utils.logger - INFO - End of training epoch 11 / 70 	 Time Taken: 1 sec, Data loading: 0 sec
2021-06-19 21:03:26,632 - utils.logger - INFO - learning rate = 0.0005000
2021-06-19 21:03:26,997 - utils.logger - INFO - Trn result of epoch 11 / 70 mse 0.3267 rmse 0.5716 pcc 0.1361 ccc 0.0022
2021-06-19 21:03:27,122 - utils.logger - INFO - Val result of epoch 11 / 70 mse 0.2959 rmse 0.5439 pcc 0.2041 ccc 0.0033
2021-06-19 21:03:27,525 - utils.logger - INFO - Cur epoch 12 loss ccc:0.1318
2021-06-19 21:03:27,920 - utils.logger - INFO - Cur epoch 12 loss ccc:0.1251
2021-06-19 21:03:28,250 - utils.logger - INFO - Cur epoch 12 loss ccc:1.0015
2021-06-19 21:03:28,251 - utils.logger - INFO - saving the model at the end of epoch 12, iters 72
2021-06-19 21:03:28,486 - utils.logger - INFO - End of training epoch 12 / 70 	 Time Taken: 1 sec, Data loading: 0 sec
2021-06-19 21:03:28,486 - utils.logger - INFO - learning rate = 0.0005000
2021-06-19 21:03:28,845 - utils.logger - INFO - Trn result of epoch 12 / 70 mse 0.2612 rmse 0.5110 pcc 0.1511 ccc 0.0026
2021-06-19 21:03:28,972 - utils.logger - INFO - Val result of epoch 12 / 70 mse 0.2333 rmse 0.4830 pcc 0.2162 ccc 0.0039
2021-06-19 21:03:29,370 - utils.logger - INFO - Cur epoch 13 loss ccc:0.1143
2021-06-19 21:03:29,771 - utils.logger - INFO - Cur epoch 13 loss ccc:0.1345
2021-06-19 21:03:30,096 - utils.logger - INFO - Cur epoch 13 loss ccc:0.9929
2021-06-19 21:03:30,096 - utils.logger - INFO - saving the model at the end of epoch 13, iters 78
2021-06-19 21:03:30,333 - utils.logger - INFO - End of training epoch 13 / 70 	 Time Taken: 1 sec, Data loading: 0 sec
2021-06-19 21:03:30,334 - utils.logger - INFO - learning rate = 0.0005000
2021-06-19 21:03:30,699 - utils.logger - INFO - Trn result of epoch 13 / 70 mse 0.0668 rmse 0.2585 pcc 0.1732 ccc 0.0031
2021-06-19 21:03:30,827 - utils.logger - INFO - Val result of epoch 13 / 70 mse 0.0539 rmse 0.2321 pcc 0.2516 ccc 0.0052
2021-06-19 21:03:31,228 - utils.logger - INFO - Cur epoch 14 loss ccc:0.1287
2021-06-19 21:03:31,617 - utils.logger - INFO - Cur epoch 14 loss ccc:0.1365
2021-06-19 21:03:31,939 - utils.logger - INFO - Cur epoch 14 loss ccc:1.0000
2021-06-19 21:03:31,939 - utils.logger - INFO - saving the model at the end of epoch 14, iters 84
2021-06-19 21:03:32,182 - utils.logger - INFO - End of training epoch 14 / 70 	 Time Taken: 1 sec, Data loading: 0 sec
2021-06-19 21:03:32,182 - utils.logger - INFO - learning rate = 0.0005000
2021-06-19 21:03:32,545 - utils.logger - INFO - Trn result of epoch 14 / 70 mse 0.0575 rmse 0.2398 pcc 0.2301 ccc 0.0051
2021-06-19 21:03:32,671 - utils.logger - INFO - Val result of epoch 14 / 70 mse 0.0463 rmse 0.2151 pcc 0.3024 ccc 0.0080
2021-06-19 21:03:33,042 - utils.logger - INFO - Cur epoch 15 loss ccc:0.1261
2021-06-19 21:03:33,419 - utils.logger - INFO - Cur epoch 15 loss ccc:0.1269
2021-06-19 21:03:33,730 - utils.logger - INFO - Cur epoch 15 loss ccc:0.9844
2021-06-19 21:03:33,730 - utils.logger - INFO - saving the model at the end of epoch 15, iters 90
2021-06-19 21:03:33,970 - utils.logger - INFO - End of training epoch 15 / 70 	 Time Taken: 1 sec, Data loading: 0 sec
2021-06-19 21:03:33,971 - utils.logger - INFO - learning rate = 0.0005000
2021-06-19 21:03:34,324 - utils.logger - INFO - Trn result of epoch 15 / 70 mse 0.0539 rmse 0.2321 pcc 0.2464 ccc 0.0073
2021-06-19 21:03:34,446 - utils.logger - INFO - Val result of epoch 15 / 70 mse 0.0434 rmse 0.2084 pcc 0.3136 ccc 0.0114
2021-06-19 21:03:34,815 - utils.logger - INFO - Cur epoch 16 loss ccc:0.1356
2021-06-19 21:03:35,202 - utils.logger - INFO - Cur epoch 16 loss ccc:0.1328
2021-06-19 21:03:35,528 - utils.logger - INFO - Cur epoch 16 loss ccc:1.0094
2021-06-19 21:03:35,529 - utils.logger - INFO - saving the model at the end of epoch 16, iters 96
2021-06-19 21:03:35,769 - utils.logger - INFO - End of training epoch 16 / 70 	 Time Taken: 1 sec, Data loading: 0 sec
2021-06-19 21:03:35,770 - utils.logger - INFO - learning rate = 0.0005000
2021-06-19 21:03:36,134 - utils.logger - INFO - Trn result of epoch 16 / 70 mse 0.1679 rmse 0.4097 pcc 0.0897 ccc 0.0012
2021-06-19 21:03:36,259 - utils.logger - INFO - Val result of epoch 16 / 70 mse 0.1452 rmse 0.3810 pcc 0.1252 ccc 0.0017
2021-06-19 21:03:36,659 - utils.logger - INFO - Cur epoch 17 loss ccc:0.1249
2021-06-19 21:03:37,053 - utils.logger - INFO - Cur epoch 17 loss ccc:0.1208
2021-06-19 21:03:37,379 - utils.logger - INFO - Cur epoch 17 loss ccc:1.0004
2021-06-19 21:03:37,380 - utils.logger - INFO - saving the model at the end of epoch 17, iters 102
2021-06-19 21:03:37,666 - utils.logger - INFO - End of training epoch 17 / 70 	 Time Taken: 1 sec, Data loading: 0 sec
2021-06-19 21:03:37,666 - utils.logger - INFO - learning rate = 0.0005000
2021-06-19 21:03:38,021 - utils.logger - INFO - Trn result of epoch 17 / 70 mse 0.2701 rmse 0.5197 pcc 0.0999 ccc 0.0010
2021-06-19 21:03:38,144 - utils.logger - INFO - Val result of epoch 17 / 70 mse 0.2414 rmse 0.4913 pcc 0.1423 ccc 0.0015
2021-06-19 21:03:38,540 - utils.logger - INFO - Cur epoch 18 loss ccc:0.1335
2021-06-19 21:03:38,930 - utils.logger - INFO - Cur epoch 18 loss ccc:0.1254
2021-06-19 21:03:39,283 - utils.logger - INFO - Cur epoch 18 loss ccc:1.0005
2021-06-19 21:03:39,283 - utils.logger - INFO - saving the model at the end of epoch 18, iters 108
2021-06-19 21:03:39,524 - utils.logger - INFO - End of training epoch 18 / 70 	 Time Taken: 1 sec, Data loading: 0 sec
2021-06-19 21:03:39,524 - utils.logger - INFO - learning rate = 0.0005000
2021-06-19 21:03:39,880 - utils.logger - INFO - Trn result of epoch 18 / 70 mse 1.1036 rmse 1.0505 pcc 0.2105 ccc 0.0021
2021-06-19 21:03:40,005 - utils.logger - INFO - Val result of epoch 18 / 70 mse 1.0533 rmse 1.0263 pcc 0.3024 ccc 0.0030
2021-06-19 21:03:40,389 - utils.logger - INFO - Cur epoch 19 loss ccc:0.1287
2021-06-19 21:03:40,760 - utils.logger - INFO - Cur epoch 19 loss ccc:0.1251
2021-06-19 21:03:41,093 - utils.logger - INFO - Cur epoch 19 loss ccc:1.0001
2021-06-19 21:03:41,093 - utils.logger - INFO - saving the model at the end of epoch 19, iters 114
2021-06-19 21:03:41,330 - utils.logger - INFO - End of training epoch 19 / 70 	 Time Taken: 1 sec, Data loading: 0 sec
2021-06-19 21:03:41,331 - utils.logger - INFO - learning rate = 0.0005000
2021-06-19 21:03:41,693 - utils.logger - INFO - Trn result of epoch 19 / 70 mse 1.3386 rmse 1.1570 pcc 0.2175 ccc 0.0022
2021-06-19 21:03:41,820 - utils.logger - INFO - Val result of epoch 19 / 70 mse 1.2864 rmse 1.1342 pcc 0.3209 ccc 0.0033
2021-06-19 21:03:42,201 - utils.logger - INFO - Cur epoch 20 loss ccc:0.1274
2021-06-19 21:03:42,586 - utils.logger - INFO - Cur epoch 20 loss ccc:0.1195
2021-06-19 21:03:42,905 - utils.logger - INFO - Cur epoch 20 loss ccc:0.9981
2021-06-19 21:03:42,905 - utils.logger - INFO - saving the model at the end of epoch 20, iters 120
2021-06-19 21:03:43,163 - utils.logger - INFO - End of training epoch 20 / 70 	 Time Taken: 1 sec, Data loading: 0 sec
2021-06-19 21:03:43,164 - utils.logger - INFO - learning rate = 0.0005000
2021-06-19 21:03:43,530 - utils.logger - INFO - Trn result of epoch 20 / 70 mse 1.2934 rmse 1.1373 pcc 0.2189 ccc 0.0023
2021-06-19 21:03:43,657 - utils.logger - INFO - Val result of epoch 20 / 70 mse 1.2418 rmse 1.1144 pcc 0.3211 ccc 0.0033
2021-06-19 21:03:44,043 - utils.logger - INFO - Cur epoch 21 loss ccc:0.1250
2021-06-19 21:03:44,444 - utils.logger - INFO - Cur epoch 21 loss ccc:0.1189
2021-06-19 21:03:44,752 - utils.logger - INFO - Cur epoch 21 loss ccc:1.0007
2021-06-19 21:03:44,752 - utils.logger - INFO - saving the model at the end of epoch 21, iters 126
2021-06-19 21:03:44,980 - utils.logger - INFO - End of training epoch 21 / 70 	 Time Taken: 1 sec, Data loading: 0 sec
2021-06-19 21:03:44,980 - utils.logger - INFO - learning rate = 0.0005000
2021-06-19 21:03:45,339 - utils.logger - INFO - Trn result of epoch 21 / 70 mse 1.0198 rmse 1.0099 pcc 0.2720 ccc 0.0056
2021-06-19 21:03:45,463 - utils.logger - INFO - Val result of epoch 21 / 70 mse 0.9797 rmse 0.9898 pcc 0.3546 ccc 0.0077
2021-06-19 21:03:45,864 - utils.logger - INFO - Cur epoch 22 loss ccc:0.1143
2021-06-19 21:03:46,265 - utils.logger - INFO - Cur epoch 22 loss ccc:0.1250
2021-06-19 21:03:46,597 - utils.logger - INFO - Cur epoch 22 loss ccc:0.9998
2021-06-19 21:03:46,597 - utils.logger - INFO - saving the model at the end of epoch 22, iters 132
2021-06-19 21:03:46,832 - utils.logger - INFO - End of training epoch 22 / 70 	 Time Taken: 1 sec, Data loading: 0 sec
2021-06-19 21:03:46,832 - utils.logger - INFO - learning rate = 0.0005000
2021-06-19 21:03:47,185 - utils.logger - INFO - Trn result of epoch 22 / 70 mse 1.0409 rmse 1.0202 pcc 0.2526 ccc 0.0050
2021-06-19 21:03:47,308 - utils.logger - INFO - Val result of epoch 22 / 70 mse 1.0004 rmse 1.0002 pcc 0.3412 ccc 0.0070
2021-06-19 21:03:47,678 - utils.logger - INFO - Cur epoch 23 loss ccc:0.1250
2021-06-19 21:03:48,073 - utils.logger - INFO - Cur epoch 23 loss ccc:0.1241
2021-06-19 21:03:48,396 - utils.logger - INFO - Cur epoch 23 loss ccc:1.0001
2021-06-19 21:03:48,396 - utils.logger - INFO - saving the model at the end of epoch 23, iters 138
2021-06-19 21:03:48,632 - utils.logger - INFO - End of training epoch 23 / 70 	 Time Taken: 1 sec, Data loading: 0 sec
2021-06-19 21:03:48,633 - utils.logger - INFO - learning rate = 0.0005000
2021-06-19 21:03:48,991 - utils.logger - INFO - Trn result of epoch 23 / 70 mse 1.0048 rmse 1.0024 pcc 0.2503 ccc 0.0047
2021-06-19 21:03:49,113 - utils.logger - INFO - Val result of epoch 23 / 70 mse 0.9630 rmse 0.9813 pcc 0.3388 ccc 0.0066
2021-06-19 21:03:49,493 - utils.logger - INFO - Cur epoch 24 loss ccc:0.1250
2021-06-19 21:03:49,864 - utils.logger - INFO - Cur epoch 24 loss ccc:0.1250
2021-06-19 21:03:50,183 - utils.logger - INFO - Cur epoch 24 loss ccc:1.0024
2021-06-19 21:03:50,183 - utils.logger - INFO - saving the model at the end of epoch 24, iters 144
2021-06-19 21:03:50,783 - utils.logger - INFO - End of training epoch 24 / 70 	 Time Taken: 1 sec, Data loading: 0 sec
2021-06-19 21:03:50,784 - utils.logger - INFO - learning rate = 0.0005000
2021-06-19 21:03:51,137 - utils.logger - INFO - Trn result of epoch 24 / 70 mse 2.2985 rmse 1.5161 pcc 0.0589 ccc 0.0003
2021-06-19 21:03:51,260 - utils.logger - INFO - Val result of epoch 24 / 70 mse 2.2260 rmse 1.4920 pcc 0.0982 ccc 0.0004
2021-06-19 21:03:51,643 - utils.logger - INFO - Cur epoch 25 loss ccc:0.1269
2021-06-19 21:03:52,029 - utils.logger - INFO - Cur epoch 25 loss ccc:0.1246
2021-06-19 21:03:52,374 - utils.logger - INFO - Cur epoch 25 loss ccc:0.9993
2021-06-19 21:03:52,374 - utils.logger - INFO - saving the model at the end of epoch 25, iters 150
2021-06-19 21:03:52,650 - utils.logger - INFO - End of training epoch 25 / 70 	 Time Taken: 1 sec, Data loading: 0 sec
2021-06-19 21:03:52,650 - utils.logger - INFO - learning rate = 0.0005000
2021-06-19 21:03:53,010 - utils.logger - INFO - Trn result of epoch 25 / 70 mse 2.2995 rmse 1.5164 pcc 0.0552 ccc 0.0003
2021-06-19 21:03:53,133 - utils.logger - INFO - Val result of epoch 25 / 70 mse 2.2265 rmse 1.4921 pcc 0.0913 ccc 0.0004
2021-06-19 21:03:53,518 - utils.logger - INFO - Cur epoch 26 loss ccc:0.1250
2021-06-19 21:03:53,928 - utils.logger - INFO - Cur epoch 26 loss ccc:0.1294
2021-06-19 21:03:54,246 - utils.logger - INFO - Cur epoch 26 loss ccc:1.0020
2021-06-19 21:03:54,246 - utils.logger - INFO - saving the model at the end of epoch 26, iters 156
2021-06-19 21:03:54,477 - utils.logger - INFO - End of training epoch 26 / 70 	 Time Taken: 1 sec, Data loading: 0 sec
2021-06-19 21:03:54,477 - utils.logger - INFO - learning rate = 0.0005000
2021-06-19 21:03:54,830 - utils.logger - INFO - Trn result of epoch 26 / 70 mse 2.3155 rmse 1.5217 pcc 0.0553 ccc 0.0003
2021-06-19 21:03:54,953 - utils.logger - INFO - Val result of epoch 26 / 70 mse 2.2426 rmse 1.4975 pcc 0.0919 ccc 0.0004
2021-06-19 21:03:55,350 - utils.logger - INFO - Cur epoch 27 loss ccc:0.1268
2021-06-19 21:03:55,766 - utils.logger - INFO - Cur epoch 27 loss ccc:0.1175
2021-06-19 21:03:56,095 - utils.logger - INFO - Cur epoch 27 loss ccc:0.9998
2021-06-19 21:03:56,095 - utils.logger - INFO - saving the model at the end of epoch 27, iters 162
2021-06-19 21:03:56,320 - utils.logger - INFO - End of training epoch 27 / 70 	 Time Taken: 1 sec, Data loading: 0 sec
2021-06-19 21:03:56,321 - utils.logger - INFO - learning rate = 0.0005000
2021-06-19 21:03:56,678 - utils.logger - INFO - Trn result of epoch 27 / 70 mse 2.2176 rmse 1.4892 pcc 0.0573 ccc 0.0003
2021-06-19 21:03:56,802 - utils.logger - INFO - Val result of epoch 27 / 70 mse 2.1460 rmse 1.4649 pcc 0.0945 ccc 0.0004
2021-06-19 21:03:57,189 - utils.logger - INFO - Cur epoch 28 loss ccc:0.1248
2021-06-19 21:03:57,583 - utils.logger - INFO - Cur epoch 28 loss ccc:0.1245
2021-06-19 21:03:57,900 - utils.logger - INFO - Cur epoch 28 loss ccc:1.0007
2021-06-19 21:03:57,901 - utils.logger - INFO - saving the model at the end of epoch 28, iters 168
2021-06-19 21:03:58,156 - utils.logger - INFO - End of training epoch 28 / 70 	 Time Taken: 1 sec, Data loading: 0 sec
2021-06-19 21:03:58,156 - utils.logger - INFO - learning rate = 0.0005000
2021-06-19 21:03:58,515 - utils.logger - INFO - Trn result of epoch 28 / 70 mse 2.1267 rmse 1.4583 pcc 0.0620 ccc 0.0003
2021-06-19 21:03:58,642 - utils.logger - INFO - Val result of epoch 28 / 70 mse 2.0565 rmse 1.4340 pcc 0.1000 ccc 0.0004
2021-06-19 21:03:59,035 - utils.logger - INFO - Cur epoch 29 loss ccc:0.1279
2021-06-19 21:03:59,423 - utils.logger - INFO - Cur epoch 29 loss ccc:0.1222
2021-06-19 21:03:59,737 - utils.logger - INFO - Cur epoch 29 loss ccc:0.9955
2021-06-19 21:03:59,737 - utils.logger - INFO - saving the model at the end of epoch 29, iters 174
2021-06-19 21:03:59,965 - utils.logger - INFO - End of training epoch 29 / 70 	 Time Taken: 1 sec, Data loading: 0 sec
2021-06-19 21:03:59,965 - utils.logger - INFO - learning rate = 0.0005000
2021-06-19 21:04:00,323 - utils.logger - INFO - Trn result of epoch 29 / 70 mse 2.1412 rmse 1.4633 pcc 0.0046 ccc 0.0000
2021-06-19 21:04:00,447 - utils.logger - INFO - Val result of epoch 29 / 70 mse 2.0689 rmse 1.4384 pcc 0.0198 ccc 0.0001
2021-06-19 21:04:00,840 - utils.logger - INFO - Cur epoch 30 loss ccc:0.1250
2021-06-19 21:04:01,228 - utils.logger - INFO - Cur epoch 30 loss ccc:0.1171
2021-06-19 21:04:01,548 - utils.logger - INFO - Cur epoch 30 loss ccc:1.0019
2021-06-19 21:04:01,548 - utils.logger - INFO - saving the model at the end of epoch 30, iters 180
2021-06-19 21:04:01,775 - utils.logger - INFO - End of training epoch 30 / 70 	 Time Taken: 1 sec, Data loading: 0 sec
2021-06-19 21:04:01,775 - utils.logger - INFO - learning rate = 0.0004878
2021-06-19 21:04:02,136 - utils.logger - INFO - Trn result of epoch 30 / 70 mse 2.1012 rmse 1.4496 pcc -0.0196 ccc -0.0001
2021-06-19 21:04:02,264 - utils.logger - INFO - Val result of epoch 30 / 70 mse 2.0291 rmse 1.4245 pcc -0.0133 ccc -0.0001
2021-06-19 21:04:02,657 - utils.logger - INFO - Cur epoch 31 loss ccc:0.1241
2021-06-19 21:04:03,042 - utils.logger - INFO - Cur epoch 31 loss ccc:0.1245
2021-06-19 21:04:03,357 - utils.logger - INFO - Cur epoch 31 loss ccc:0.9981
2021-06-19 21:04:03,358 - utils.logger - INFO - saving the model at the end of epoch 31, iters 186
2021-06-19 21:04:03,585 - utils.logger - INFO - End of training epoch 31 / 70 	 Time Taken: 1 sec, Data loading: 0 sec
2021-06-19 21:04:03,586 - utils.logger - INFO - learning rate = 0.0004756
2021-06-19 21:04:03,946 - utils.logger - INFO - Trn result of epoch 31 / 70 mse 2.0946 rmse 1.4473 pcc 0.0136 ccc 0.0001
2021-06-19 21:04:04,070 - utils.logger - INFO - Val result of epoch 31 / 70 mse 2.0235 rmse 1.4225 pcc 0.0348 ccc 0.0001
2021-06-19 21:04:04,457 - utils.logger - INFO - Cur epoch 32 loss ccc:0.1284
2021-06-19 21:04:04,844 - utils.logger - INFO - Cur epoch 32 loss ccc:0.1245
2021-06-19 21:04:05,149 - utils.logger - INFO - Cur epoch 32 loss ccc:1.0006
2021-06-19 21:04:05,149 - utils.logger - INFO - saving the model at the end of epoch 32, iters 192
2021-06-19 21:04:05,378 - utils.logger - INFO - End of training epoch 32 / 70 	 Time Taken: 1 sec, Data loading: 0 sec
2021-06-19 21:04:05,378 - utils.logger - INFO - learning rate = 0.0004634
2021-06-19 21:04:05,736 - utils.logger - INFO - Trn result of epoch 32 / 70 mse 2.1128 rmse 1.4535 pcc 0.0243 ccc 0.0001
2021-06-19 21:04:05,862 - utils.logger - INFO - Val result of epoch 32 / 70 mse 2.0420 rmse 1.4290 pcc 0.0508 ccc 0.0002
2021-06-19 21:04:06,235 - utils.logger - INFO - Cur epoch 33 loss ccc:0.1170
2021-06-19 21:04:06,602 - utils.logger - INFO - Cur epoch 33 loss ccc:0.1236
2021-06-19 21:04:06,897 - utils.logger - INFO - Cur epoch 33 loss ccc:0.9979
2021-06-19 21:04:06,897 - utils.logger - INFO - saving the model at the end of epoch 33, iters 198
2021-06-19 21:04:07,124 - utils.logger - INFO - End of training epoch 33 / 70 	 Time Taken: 1 sec, Data loading: 0 sec
2021-06-19 21:04:07,125 - utils.logger - INFO - learning rate = 0.0004512
2021-06-19 21:04:07,482 - utils.logger - INFO - Trn result of epoch 33 / 70 mse 2.0609 rmse 1.4356 pcc 0.0147 ccc 0.0001
2021-06-19 21:04:07,605 - utils.logger - INFO - Val result of epoch 33 / 70 mse 1.9907 rmse 1.4109 pcc 0.0362 ccc 0.0001
2021-06-19 21:04:07,972 - utils.logger - INFO - Cur epoch 34 loss ccc:0.1283
2021-06-19 21:04:08,350 - utils.logger - INFO - Cur epoch 34 loss ccc:0.1225
2021-06-19 21:04:08,693 - utils.logger - INFO - Cur epoch 34 loss ccc:0.9996
2021-06-19 21:04:08,693 - utils.logger - INFO - saving the model at the end of epoch 34, iters 204
2021-06-19 21:04:08,922 - utils.logger - INFO - End of training epoch 34 / 70 	 Time Taken: 1 sec, Data loading: 0 sec
2021-06-19 21:04:08,922 - utils.logger - INFO - learning rate = 0.0004390
2021-06-19 21:04:09,279 - utils.logger - INFO - Trn result of epoch 34 / 70 mse 1.8599 rmse 1.3638 pcc -0.0110 ccc -0.0001
2021-06-19 21:04:09,402 - utils.logger - INFO - Val result of epoch 34 / 70 mse 1.7923 rmse 1.3388 pcc -0.0029 ccc -0.0000
2021-06-19 21:04:09,774 - utils.logger - INFO - Cur epoch 35 loss ccc:0.1243
2021-06-19 21:04:10,151 - utils.logger - INFO - Cur epoch 35 loss ccc:0.1185
2021-06-19 21:04:10,458 - utils.logger - INFO - Cur epoch 35 loss ccc:0.9969
2021-06-19 21:04:10,458 - utils.logger - INFO - saving the model at the end of epoch 35, iters 210
2021-06-19 21:04:11,536 - utils.logger - INFO - End of training epoch 35 / 70 	 Time Taken: 2 sec, Data loading: 0 sec
2021-06-19 21:04:11,537 - utils.logger - INFO - learning rate = 0.0004268
2021-06-19 21:04:11,891 - utils.logger - INFO - Trn result of epoch 35 / 70 mse 1.6301 rmse 1.2767 pcc -0.0113 ccc -0.0001
2021-06-19 21:04:12,013 - utils.logger - INFO - Val result of epoch 35 / 70 mse 1.5659 rmse 1.2514 pcc -0.0060 ccc -0.0000
2021-06-19 21:04:12,419 - utils.logger - INFO - Cur epoch 36 loss ccc:0.1327
2021-06-19 21:04:12,820 - utils.logger - INFO - Cur epoch 36 loss ccc:0.1239
2021-06-19 21:04:13,143 - utils.logger - INFO - Cur epoch 36 loss ccc:0.9988
2021-06-19 21:04:13,143 - utils.logger - INFO - saving the model at the end of epoch 36, iters 216
2021-06-19 21:04:13,494 - utils.logger - INFO - End of training epoch 36 / 70 	 Time Taken: 1 sec, Data loading: 0 sec
2021-06-19 21:04:13,494 - utils.logger - INFO - learning rate = 0.0004146
2021-06-19 21:04:13,850 - utils.logger - INFO - Trn result of epoch 36 / 70 mse 1.6252 rmse 1.2748 pcc -0.0465 ccc -0.0002
2021-06-19 21:04:13,974 - utils.logger - INFO - Val result of epoch 36 / 70 mse 1.5608 rmse 1.2493 pcc -0.0516 ccc -0.0003
2021-06-19 21:04:14,353 - utils.logger - INFO - Cur epoch 37 loss ccc:0.1253
2021-06-19 21:04:14,762 - utils.logger - INFO - Cur epoch 37 loss ccc:0.1304
2021-06-19 21:04:15,080 - utils.logger - INFO - Cur epoch 37 loss ccc:0.9967
2021-06-19 21:04:15,080 - utils.logger - INFO - saving the model at the end of epoch 37, iters 222
2021-06-19 21:04:15,317 - utils.logger - INFO - End of training epoch 37 / 70 	 Time Taken: 1 sec, Data loading: 0 sec
2021-06-19 21:04:15,317 - utils.logger - INFO - learning rate = 0.0004024
2021-06-19 21:04:15,674 - utils.logger - INFO - Trn result of epoch 37 / 70 mse 1.4514 rmse 1.2047 pcc -0.0603 ccc -0.0003
2021-06-19 21:04:15,796 - utils.logger - INFO - Val result of epoch 37 / 70 mse 1.3901 rmse 1.1790 pcc -0.0694 ccc -0.0004
2021-06-19 21:04:16,175 - utils.logger - INFO - Cur epoch 38 loss ccc:0.1245
2021-06-19 21:04:16,566 - utils.logger - INFO - Cur epoch 38 loss ccc:0.1290
2021-06-19 21:04:16,875 - utils.logger - INFO - Cur epoch 38 loss ccc:1.0011
2021-06-19 21:04:16,875 - utils.logger - INFO - saving the model at the end of epoch 38, iters 228
2021-06-19 21:04:17,104 - utils.logger - INFO - End of training epoch 38 / 70 	 Time Taken: 1 sec, Data loading: 0 sec
2021-06-19 21:04:17,104 - utils.logger - INFO - learning rate = 0.0003902
2021-06-19 21:04:17,459 - utils.logger - INFO - Trn result of epoch 38 / 70 mse 1.4243 rmse 1.1935 pcc -0.0616 ccc -0.0004
2021-06-19 21:04:17,581 - utils.logger - INFO - Val result of epoch 38 / 70 mse 1.3638 rmse 1.1678 pcc -0.0710 ccc -0.0004
2021-06-19 21:04:17,964 - utils.logger - INFO - Cur epoch 39 loss ccc:0.1286
2021-06-19 21:04:18,344 - utils.logger - INFO - Cur epoch 39 loss ccc:0.1277
2021-06-19 21:04:18,672 - utils.logger - INFO - Cur epoch 39 loss ccc:1.0011
2021-06-19 21:04:18,672 - utils.logger - INFO - saving the model at the end of epoch 39, iters 234
2021-06-19 21:04:19,086 - utils.logger - INFO - End of training epoch 39 / 70 	 Time Taken: 1 sec, Data loading: 0 sec
2021-06-19 21:04:19,086 - utils.logger - INFO - learning rate = 0.0003780
2021-06-19 21:04:19,441 - utils.logger - INFO - Trn result of epoch 39 / 70 mse 1.4323 rmse 1.1968 pcc -0.0812 ccc -0.0005
2021-06-19 21:04:19,563 - utils.logger - INFO - Val result of epoch 39 / 70 mse 1.3719 rmse 1.1713 pcc -0.0939 ccc -0.0006
2021-06-19 21:04:19,927 - utils.logger - INFO - Cur epoch 40 loss ccc:0.1284
2021-06-19 21:04:20,324 - utils.logger - INFO - Cur epoch 40 loss ccc:0.1251
2021-06-19 21:04:20,651 - utils.logger - INFO - Cur epoch 40 loss ccc:1.0001
2021-06-19 21:04:20,651 - utils.logger - INFO - saving the model at the end of epoch 40, iters 240
2021-06-19 21:04:20,871 - utils.logger - INFO - End of training epoch 40 / 70 	 Time Taken: 1 sec, Data loading: 0 sec
2021-06-19 21:04:20,871 - utils.logger - INFO - learning rate = 0.0003659
2021-06-19 21:04:21,228 - utils.logger - INFO - Trn result of epoch 40 / 70 mse 1.0953 rmse 1.0466 pcc -0.0394 ccc -0.0003
2021-06-19 21:04:21,349 - utils.logger - INFO - Val result of epoch 40 / 70 mse 1.0416 rmse 1.0206 pcc -0.0426 ccc -0.0003
2021-06-19 21:04:21,737 - utils.logger - INFO - Cur epoch 41 loss ccc:0.1340
2021-06-19 21:04:22,134 - utils.logger - INFO - Cur epoch 41 loss ccc:0.1269
2021-06-19 21:04:22,463 - utils.logger - INFO - Cur epoch 41 loss ccc:1.0002
2021-06-19 21:04:22,463 - utils.logger - INFO - saving the model at the end of epoch 41, iters 246
2021-06-19 21:04:22,695 - utils.logger - INFO - End of training epoch 41 / 70 	 Time Taken: 1 sec, Data loading: 0 sec
2021-06-19 21:04:22,695 - utils.logger - INFO - learning rate = 0.0003537
2021-06-19 21:04:23,054 - utils.logger - INFO - Trn result of epoch 41 / 70 mse 1.0354 rmse 1.0175 pcc -0.0675 ccc -0.0005
2021-06-19 21:04:23,177 - utils.logger - INFO - Val result of epoch 41 / 70 mse 0.9830 rmse 0.9915 pcc -0.0833 ccc -0.0006
2021-06-19 21:04:23,533 - utils.logger - INFO - Cur epoch 42 loss ccc:0.1270
2021-06-19 21:04:23,932 - utils.logger - INFO - Cur epoch 42 loss ccc:0.1367
2021-06-19 21:04:24,265 - utils.logger - INFO - Cur epoch 42 loss ccc:0.9992
2021-06-19 21:04:24,265 - utils.logger - INFO - saving the model at the end of epoch 42, iters 252
2021-06-19 21:04:24,498 - utils.logger - INFO - End of training epoch 42 / 70 	 Time Taken: 1 sec, Data loading: 0 sec
2021-06-19 21:04:24,499 - utils.logger - INFO - learning rate = 0.0003415
2021-06-19 21:04:24,850 - utils.logger - INFO - Trn result of epoch 42 / 70 mse 0.9175 rmse 0.9579 pcc -0.0808 ccc -0.0008
2021-06-19 21:04:24,973 - utils.logger - INFO - Val result of epoch 42 / 70 mse 0.8676 rmse 0.9315 pcc -0.1050 ccc -0.0010
2021-06-19 21:04:25,350 - utils.logger - INFO - Cur epoch 43 loss ccc:0.1294
2021-06-19 21:04:25,737 - utils.logger - INFO - Cur epoch 43 loss ccc:0.1241
2021-06-19 21:04:26,102 - utils.logger - INFO - Cur epoch 43 loss ccc:0.9744
2021-06-19 21:04:26,102 - utils.logger - INFO - saving the model at the end of epoch 43, iters 258
2021-06-19 21:04:26,330 - utils.logger - INFO - End of training epoch 43 / 70 	 Time Taken: 1 sec, Data loading: 0 sec
2021-06-19 21:04:26,330 - utils.logger - INFO - learning rate = 0.0003293
2021-06-19 21:04:26,695 - utils.logger - INFO - Trn result of epoch 43 / 70 mse 0.8418 rmse 0.9175 pcc -0.0976 ccc -0.0022
2021-06-19 21:04:26,823 - utils.logger - INFO - Val result of epoch 43 / 70 mse 0.7943 rmse 0.8912 pcc -0.1188 ccc -0.0026
2021-06-19 21:04:27,205 - utils.logger - INFO - Cur epoch 44 loss ccc:0.1268
2021-06-19 21:04:27,598 - utils.logger - INFO - Cur epoch 44 loss ccc:0.1347
2021-06-19 21:04:27,938 - utils.logger - INFO - Cur epoch 44 loss ccc:0.9965
2021-06-19 21:04:27,938 - utils.logger - INFO - saving the model at the end of epoch 44, iters 264
2021-06-19 21:04:28,167 - utils.logger - INFO - End of training epoch 44 / 70 	 Time Taken: 1 sec, Data loading: 0 sec
2021-06-19 21:04:28,167 - utils.logger - INFO - learning rate = 0.0003171
2021-06-19 21:04:28,525 - utils.logger - INFO - Trn result of epoch 44 / 70 mse 0.6252 rmse 0.7907 pcc -0.0889 ccc -0.0026
2021-06-19 21:04:28,648 - utils.logger - INFO - Val result of epoch 44 / 70 mse 0.5830 rmse 0.7636 pcc -0.1068 ccc -0.0029
2021-06-19 21:04:29,026 - utils.logger - INFO - Cur epoch 45 loss ccc:0.1202
2021-06-19 21:04:29,397 - utils.logger - INFO - Cur epoch 45 loss ccc:0.1250
2021-06-19 21:04:29,712 - utils.logger - INFO - Cur epoch 45 loss ccc:1.0000
2021-06-19 21:04:29,712 - utils.logger - INFO - saving the model at the end of epoch 45, iters 270
2021-06-19 21:04:29,939 - utils.logger - INFO - End of training epoch 45 / 70 	 Time Taken: 1 sec, Data loading: 0 sec
2021-06-19 21:04:29,939 - utils.logger - INFO - learning rate = 0.0003049
2021-06-19 21:04:30,301 - utils.logger - INFO - Trn result of epoch 45 / 70 mse 0.4644 rmse 0.6815 pcc -0.1304 ccc -0.0069
2021-06-19 21:04:30,426 - utils.logger - INFO - Val result of epoch 45 / 70 mse 0.4258 rmse 0.6526 pcc -0.1622 ccc -0.0082
2021-06-19 21:04:30,795 - utils.logger - INFO - Cur epoch 46 loss ccc:0.1250
2021-06-19 21:04:31,164 - utils.logger - INFO - Cur epoch 46 loss ccc:0.1299
2021-06-19 21:04:31,475 - utils.logger - INFO - Cur epoch 46 loss ccc:0.9991
2021-06-19 21:04:31,475 - utils.logger - INFO - saving the model at the end of epoch 46, iters 276
2021-06-19 21:04:31,697 - utils.logger - INFO - End of training epoch 46 / 70 	 Time Taken: 1 sec, Data loading: 0 sec
2021-06-19 21:04:31,697 - utils.logger - INFO - learning rate = 0.0002927
2021-06-19 21:04:32,053 - utils.logger - INFO - Trn result of epoch 46 / 70 mse 0.3279 rmse 0.5726 pcc -0.0696 ccc -0.0077
2021-06-19 21:04:32,175 - utils.logger - INFO - Val result of epoch 46 / 70 mse 0.2941 rmse 0.5424 pcc -0.0839 ccc -0.0088
2021-06-19 21:04:32,547 - utils.logger - INFO - Cur epoch 47 loss ccc:0.1102
2021-06-19 21:04:32,924 - utils.logger - INFO - Cur epoch 47 loss ccc:0.1127
2021-06-19 21:04:33,234 - utils.logger - INFO - Cur epoch 47 loss ccc:1.0000
2021-06-19 21:04:33,234 - utils.logger - INFO - saving the model at the end of epoch 47, iters 282
2021-06-19 21:04:33,612 - utils.logger - INFO - End of training epoch 47 / 70 	 Time Taken: 1 sec, Data loading: 0 sec
2021-06-19 21:04:33,612 - utils.logger - INFO - learning rate = 0.0002805
2021-06-19 21:04:33,963 - utils.logger - INFO - Trn result of epoch 47 / 70 mse 0.1350 rmse 0.3674 pcc -0.1403 ccc -0.0731
2021-06-19 21:04:34,086 - utils.logger - INFO - Val result of epoch 47 / 70 mse 0.1035 rmse 0.3217 pcc -0.1578 ccc -0.0866
2021-06-19 21:04:34,470 - utils.logger - INFO - Cur epoch 48 loss ccc:0.1095
2021-06-19 21:04:34,854 - utils.logger - INFO - Cur epoch 48 loss ccc:0.1295
2021-06-19 21:04:35,187 - utils.logger - INFO - Cur epoch 48 loss ccc:0.9993
2021-06-19 21:04:35,187 - utils.logger - INFO - saving the model at the end of epoch 48, iters 288
2021-06-19 21:04:35,406 - utils.logger - INFO - End of training epoch 48 / 70 	 Time Taken: 1 sec, Data loading: 0 sec
2021-06-19 21:04:35,407 - utils.logger - INFO - learning rate = 0.0002683
2021-06-19 21:04:35,758 - utils.logger - INFO - Trn result of epoch 48 / 70 mse 0.8270 rmse 0.9094 pcc -0.0038 ccc -0.0001
2021-06-19 21:04:35,881 - utils.logger - INFO - Val result of epoch 48 / 70 mse 0.7795 rmse 0.8829 pcc -0.0020 ccc -0.0000
2021-06-19 21:04:36,275 - utils.logger - INFO - Cur epoch 49 loss ccc:0.1127
2021-06-19 21:04:36,674 - utils.logger - INFO - Cur epoch 49 loss ccc:0.1329
2021-06-19 21:04:37,002 - utils.logger - INFO - Cur epoch 49 loss ccc:0.9994
2021-06-19 21:04:37,002 - utils.logger - INFO - saving the model at the end of epoch 49, iters 294
2021-06-19 21:04:37,232 - utils.logger - INFO - End of training epoch 49 / 70 	 Time Taken: 1 sec, Data loading: 0 sec
2021-06-19 21:04:37,232 - utils.logger - INFO - learning rate = 0.0002561
2021-06-19 21:04:37,589 - utils.logger - INFO - Trn result of epoch 49 / 70 mse 0.6426 rmse 0.8016 pcc -0.0318 ccc -0.0006
2021-06-19 21:04:37,713 - utils.logger - INFO - Val result of epoch 49 / 70 mse 0.5993 rmse 0.7741 pcc -0.0403 ccc -0.0008
2021-06-19 21:04:38,099 - utils.logger - INFO - Cur epoch 50 loss ccc:0.1250
2021-06-19 21:04:38,493 - utils.logger - INFO - Cur epoch 50 loss ccc:0.1250
2021-06-19 21:04:38,810 - utils.logger - INFO - Cur epoch 50 loss ccc:1.0025
2021-06-19 21:04:38,810 - utils.logger - INFO - saving the model at the end of epoch 50, iters 300
2021-06-19 21:04:39,032 - utils.logger - INFO - End of training epoch 50 / 70 	 Time Taken: 1 sec, Data loading: 0 sec
2021-06-19 21:04:39,032 - utils.logger - INFO - learning rate = 0.0002439
2021-06-19 21:04:39,387 - utils.logger - INFO - Trn result of epoch 50 / 70 mse 0.4306 rmse 0.6562 pcc -0.0462 ccc -0.0023
2021-06-19 21:04:39,510 - utils.logger - INFO - Val result of epoch 50 / 70 mse 0.3936 rmse 0.6274 pcc -0.0673 ccc -0.0032
2021-06-19 21:04:39,905 - utils.logger - INFO - Cur epoch 51 loss ccc:0.1098
2021-06-19 21:04:40,273 - utils.logger - INFO - Cur epoch 51 loss ccc:0.1226
2021-06-19 21:04:40,593 - utils.logger - INFO - Cur epoch 51 loss ccc:0.9999
2021-06-19 21:04:40,593 - utils.logger - INFO - saving the model at the end of epoch 51, iters 306
2021-06-19 21:04:40,827 - utils.logger - INFO - End of training epoch 51 / 70 	 Time Taken: 1 sec, Data loading: 0 sec
2021-06-19 21:04:40,828 - utils.logger - INFO - learning rate = 0.0002317
2021-06-19 21:04:41,181 - utils.logger - INFO - Trn result of epoch 51 / 70 mse 0.2780 rmse 0.5272 pcc -0.0577 ccc -0.0064
2021-06-19 21:04:41,305 - utils.logger - INFO - Val result of epoch 51 / 70 mse 0.2466 rmse 0.4966 pcc -0.0938 ccc -0.0104
2021-06-19 21:04:41,691 - utils.logger - INFO - Cur epoch 52 loss ccc:0.1322
2021-06-19 21:04:42,075 - utils.logger - INFO - Cur epoch 52 loss ccc:0.1250
2021-06-19 21:04:42,398 - utils.logger - INFO - Cur epoch 52 loss ccc:1.0028
2021-06-19 21:04:42,399 - utils.logger - INFO - saving the model at the end of epoch 52, iters 312
2021-06-19 21:04:42,795 - utils.logger - INFO - End of training epoch 52 / 70 	 Time Taken: 1 sec, Data loading: 0 sec
2021-06-19 21:04:42,795 - utils.logger - INFO - learning rate = 0.0002195
2021-06-19 21:04:43,151 - utils.logger - INFO - Trn result of epoch 52 / 70 mse 0.1665 rmse 0.4080 pcc -0.0933 ccc -0.0271
2021-06-19 21:04:43,274 - utils.logger - INFO - Val result of epoch 52 / 70 mse 0.1353 rmse 0.3678 pcc -0.1332 ccc -0.0387
2021-06-19 21:04:43,691 - utils.logger - INFO - Cur epoch 53 loss ccc:0.1150
2021-06-19 21:04:44,053 - utils.logger - INFO - Cur epoch 53 loss ccc:0.1251
2021-06-19 21:04:44,347 - utils.logger - INFO - Cur epoch 53 loss ccc:0.9997
2021-06-19 21:04:44,347 - utils.logger - INFO - saving the model at the end of epoch 53, iters 318
2021-06-19 21:04:44,569 - utils.logger - INFO - End of training epoch 53 / 70 	 Time Taken: 1 sec, Data loading: 0 sec
2021-06-19 21:04:44,569 - utils.logger - INFO - learning rate = 0.0002073
2021-06-19 21:04:44,925 - utils.logger - INFO - Trn result of epoch 53 / 70 mse 1.4201 rmse 1.1917 pcc -0.0628 ccc -0.0010
2021-06-19 21:04:45,047 - utils.logger - INFO - Val result of epoch 53 / 70 mse 1.3511 rmse 1.1624 pcc -0.1051 ccc -0.0014
2021-06-19 21:04:45,416 - utils.logger - INFO - Cur epoch 54 loss ccc:0.1251
2021-06-19 21:04:45,783 - utils.logger - INFO - Cur epoch 54 loss ccc:0.1243
2021-06-19 21:04:46,082 - utils.logger - INFO - Cur epoch 54 loss ccc:1.0015
2021-06-19 21:04:46,082 - utils.logger - INFO - saving the model at the end of epoch 54, iters 324
2021-06-19 21:04:46,303 - utils.logger - INFO - End of training epoch 54 / 70 	 Time Taken: 1 sec, Data loading: 0 sec
2021-06-19 21:04:46,303 - utils.logger - INFO - learning rate = 0.0001951
2021-06-19 21:04:46,660 - utils.logger - INFO - Trn result of epoch 54 / 70 mse 1.4627 rmse 1.2094 pcc -0.0328 ccc -0.0004
2021-06-19 21:04:46,783 - utils.logger - INFO - Val result of epoch 54 / 70 mse 1.3970 rmse 1.1819 pcc -0.0549 ccc -0.0006
2021-06-19 21:04:47,143 - utils.logger - INFO - Cur epoch 55 loss ccc:0.1326
2021-06-19 21:04:47,505 - utils.logger - INFO - Cur epoch 55 loss ccc:0.1250
2021-06-19 21:04:47,820 - utils.logger - INFO - Cur epoch 55 loss ccc:0.9996
2021-06-19 21:04:47,820 - utils.logger - INFO - saving the model at the end of epoch 55, iters 330
2021-06-19 21:04:48,041 - utils.logger - INFO - End of training epoch 55 / 70 	 Time Taken: 1 sec, Data loading: 0 sec
2021-06-19 21:04:48,041 - utils.logger - INFO - learning rate = 0.0001829
2021-06-19 21:04:48,401 - utils.logger - INFO - Trn result of epoch 55 / 70 mse 1.5281 rmse 1.2362 pcc -0.0575 ccc -0.0007
2021-06-19 21:04:48,524 - utils.logger - INFO - Val result of epoch 55 / 70 mse 1.4606 rmse 1.2086 pcc -0.0946 ccc -0.0011
2021-06-19 21:04:48,892 - utils.logger - INFO - Cur epoch 56 loss ccc:0.1202
2021-06-19 21:04:49,268 - utils.logger - INFO - Cur epoch 56 loss ccc:0.1289
2021-06-19 21:04:49,567 - utils.logger - INFO - Cur epoch 56 loss ccc:1.0011
2021-06-19 21:04:49,567 - utils.logger - INFO - saving the model at the end of epoch 56, iters 336
2021-06-19 21:04:49,793 - utils.logger - INFO - End of training epoch 56 / 70 	 Time Taken: 1 sec, Data loading: 0 sec
2021-06-19 21:04:49,793 - utils.logger - INFO - learning rate = 0.0001707
2021-06-19 21:04:50,153 - utils.logger - INFO - Trn result of epoch 56 / 70 mse 1.4128 rmse 1.1886 pcc -0.0569 ccc -0.0008
2021-06-19 21:04:50,278 - utils.logger - INFO - Val result of epoch 56 / 70 mse 1.3480 rmse 1.1611 pcc -0.0936 ccc -0.0012
2021-06-19 21:04:50,639 - utils.logger - INFO - Cur epoch 57 loss ccc:0.1250
2021-06-19 21:04:51,010 - utils.logger - INFO - Cur epoch 57 loss ccc:0.1250
2021-06-19 21:04:51,314 - utils.logger - INFO - Cur epoch 57 loss ccc:1.0000
2021-06-19 21:04:51,314 - utils.logger - INFO - saving the model at the end of epoch 57, iters 342
2021-06-19 21:04:51,545 - utils.logger - INFO - End of training epoch 57 / 70 	 Time Taken: 1 sec, Data loading: 0 sec
2021-06-19 21:04:51,545 - utils.logger - INFO - learning rate = 0.0001585
2021-06-19 21:04:51,897 - utils.logger - INFO - Trn result of epoch 57 / 70 mse 1.3454 rmse 1.1599 pcc -0.0702 ccc -0.0012
2021-06-19 21:04:52,020 - utils.logger - INFO - Val result of epoch 57 / 70 mse 1.2796 rmse 1.1312 pcc -0.1121 ccc -0.0018
2021-06-19 21:04:52,390 - utils.logger - INFO - Cur epoch 58 loss ccc:0.1245
2021-06-19 21:04:52,765 - utils.logger - INFO - Cur epoch 58 loss ccc:0.1301
2021-06-19 21:04:53,067 - utils.logger - INFO - Cur epoch 58 loss ccc:1.0000
2021-06-19 21:04:53,067 - utils.logger - INFO - saving the model at the end of epoch 58, iters 348
2021-06-19 21:04:53,285 - utils.logger - INFO - End of training epoch 58 / 70 	 Time Taken: 1 sec, Data loading: 0 sec
2021-06-19 21:04:53,285 - utils.logger - INFO - learning rate = 0.0001463
2021-06-19 21:04:53,640 - utils.logger - INFO - Trn result of epoch 58 / 70 mse 1.3113 rmse 1.1451 pcc -0.0716 ccc -0.0015
2021-06-19 21:04:53,762 - utils.logger - INFO - Val result of epoch 58 / 70 mse 1.2456 rmse 1.1161 pcc -0.1201 ccc -0.0023
2021-06-19 21:04:54,132 - utils.logger - INFO - Cur epoch 59 loss ccc:0.1220
2021-06-19 21:04:54,505 - utils.logger - INFO - Cur epoch 59 loss ccc:0.1301
2021-06-19 21:04:54,806 - utils.logger - INFO - Cur epoch 59 loss ccc:0.9944
2021-06-19 21:04:54,806 - utils.logger - INFO - saving the model at the end of epoch 59, iters 354
2021-06-19 21:04:55,031 - utils.logger - INFO - End of training epoch 59 / 70 	 Time Taken: 1 sec, Data loading: 0 sec
2021-06-19 21:04:55,032 - utils.logger - INFO - learning rate = 0.0001341
2021-06-19 21:04:55,383 - utils.logger - INFO - Trn result of epoch 59 / 70 mse 1.3034 rmse 1.1417 pcc -0.0754 ccc -0.0017
2021-06-19 21:04:55,505 - utils.logger - INFO - Val result of epoch 59 / 70 mse 1.2377 rmse 1.1125 pcc -0.1176 ccc -0.0024
2021-06-19 21:04:55,877 - utils.logger - INFO - Cur epoch 60 loss ccc:0.1250
2021-06-19 21:04:56,249 - utils.logger - INFO - Cur epoch 60 loss ccc:0.1294
2021-06-19 21:04:56,548 - utils.logger - INFO - Cur epoch 60 loss ccc:0.9965
2021-06-19 21:04:56,549 - utils.logger - INFO - saving the model at the end of epoch 60, iters 360
2021-06-19 21:04:56,786 - utils.logger - INFO - End of training epoch 60 / 70 	 Time Taken: 1 sec, Data loading: 0 sec
2021-06-19 21:04:56,787 - utils.logger - INFO - learning rate = 0.0001220
2021-06-19 21:04:57,140 - utils.logger - INFO - Trn result of epoch 60 / 70 mse 1.1446 rmse 1.0699 pcc -0.0901 ccc -0.0027
2021-06-19 21:04:57,262 - utils.logger - INFO - Val result of epoch 60 / 70 mse 1.0798 rmse 1.0391 pcc -0.1430 ccc -0.0041
2021-06-19 21:04:57,626 - utils.logger - INFO - Cur epoch 61 loss ccc:0.1229
2021-06-19 21:04:57,997 - utils.logger - INFO - Cur epoch 61 loss ccc:0.1229
2021-06-19 21:04:58,314 - utils.logger - INFO - Cur epoch 61 loss ccc:1.0000
2021-06-19 21:04:58,314 - utils.logger - INFO - saving the model at the end of epoch 61, iters 366
2021-06-19 21:04:58,534 - utils.logger - INFO - End of training epoch 61 / 70 	 Time Taken: 1 sec, Data loading: 0 sec
2021-06-19 21:04:58,534 - utils.logger - INFO - learning rate = 0.0001098
2021-06-19 21:04:58,890 - utils.logger - INFO - Trn result of epoch 61 / 70 mse 1.1725 rmse 1.0828 pcc -0.0985 ccc -0.0031
2021-06-19 21:04:59,013 - utils.logger - INFO - Val result of epoch 61 / 70 mse 1.1056 rmse 1.0515 pcc -0.1511 ccc -0.0045
2021-06-19 21:04:59,387 - utils.logger - INFO - Cur epoch 62 loss ccc:0.1250
2021-06-19 21:04:59,752 - utils.logger - INFO - Cur epoch 62 loss ccc:0.1250
2021-06-19 21:05:00,071 - utils.logger - INFO - Cur epoch 62 loss ccc:1.0014
2021-06-19 21:05:00,071 - utils.logger - INFO - saving the model at the end of epoch 62, iters 372
2021-06-19 21:05:00,290 - utils.logger - INFO - End of training epoch 62 / 70 	 Time Taken: 1 sec, Data loading: 0 sec
2021-06-19 21:05:00,290 - utils.logger - INFO - learning rate = 0.0000976
2021-06-19 21:05:00,642 - utils.logger - INFO - Trn result of epoch 62 / 70 mse 1.1173 rmse 1.0570 pcc -0.1047 ccc -0.0035
2021-06-19 21:05:00,767 - utils.logger - INFO - Val result of epoch 62 / 70 mse 1.0513 rmse 1.0253 pcc -0.1582 ccc -0.0050
2021-06-19 21:05:01,141 - utils.logger - INFO - Cur epoch 63 loss ccc:0.1280
2021-06-19 21:05:01,517 - utils.logger - INFO - Cur epoch 63 loss ccc:0.1294
2021-06-19 21:05:01,818 - utils.logger - INFO - Cur epoch 63 loss ccc:1.0017
2021-06-19 21:05:01,818 - utils.logger - INFO - saving the model at the end of epoch 63, iters 378
2021-06-19 21:05:02,181 - utils.logger - INFO - End of training epoch 63 / 70 	 Time Taken: 1 sec, Data loading: 0 sec
2021-06-19 21:05:02,181 - utils.logger - INFO - learning rate = 0.0000854
2021-06-19 21:05:02,536 - utils.logger - INFO - Trn result of epoch 63 / 70 mse 1.0285 rmse 1.0142 pcc -0.1143 ccc -0.0044
2021-06-19 21:05:02,658 - utils.logger - INFO - Val result of epoch 63 / 70 mse 0.9644 rmse 0.9820 pcc -0.1714 ccc -0.0063
2021-06-19 21:05:03,039 - utils.logger - INFO - Cur epoch 64 loss ccc:0.1248
2021-06-19 21:05:03,407 - utils.logger - INFO - Cur epoch 64 loss ccc:0.1287
2021-06-19 21:05:03,717 - utils.logger - INFO - Cur epoch 64 loss ccc:0.9799
2021-06-19 21:05:03,718 - utils.logger - INFO - saving the model at the end of epoch 64, iters 384
2021-06-19 21:05:03,942 - utils.logger - INFO - End of training epoch 64 / 70 	 Time Taken: 1 sec, Data loading: 0 sec
2021-06-19 21:05:03,942 - utils.logger - INFO - learning rate = 0.0000732
2021-06-19 21:05:04,295 - utils.logger - INFO - Trn result of epoch 64 / 70 mse 0.5421 rmse 0.7363 pcc -0.0868 ccc -0.0073
2021-06-19 21:05:04,417 - utils.logger - INFO - Val result of epoch 64 / 70 mse 0.4922 rmse 0.7016 pcc -0.1402 ccc -0.0116
2021-06-19 21:05:04,793 - utils.logger - INFO - Cur epoch 65 loss ccc:0.1265
2021-06-19 21:05:05,158 - utils.logger - INFO - Cur epoch 65 loss ccc:0.1239
2021-06-19 21:05:05,462 - utils.logger - INFO - Cur epoch 65 loss ccc:0.9972
2021-06-19 21:05:05,462 - utils.logger - INFO - saving the model at the end of epoch 65, iters 390
2021-06-19 21:05:05,688 - utils.logger - INFO - End of training epoch 65 / 70 	 Time Taken: 1 sec, Data loading: 0 sec
2021-06-19 21:05:05,688 - utils.logger - INFO - learning rate = 0.0000610
2021-06-19 21:05:06,051 - utils.logger - INFO - Trn result of epoch 65 / 70 mse 0.2799 rmse 0.5291 pcc -0.0613 ccc -0.0099
2021-06-19 21:05:06,173 - utils.logger - INFO - Val result of epoch 65 / 70 mse 0.2409 rmse 0.4908 pcc -0.0940 ccc -0.0149
2021-06-19 21:05:06,554 - utils.logger - INFO - Cur epoch 66 loss ccc:0.1185
2021-06-19 21:05:06,953 - utils.logger - INFO - Cur epoch 66 loss ccc:0.1279
2021-06-19 21:05:07,270 - utils.logger - INFO - Cur epoch 66 loss ccc:1.0100
2021-06-19 21:05:07,271 - utils.logger - INFO - saving the model at the end of epoch 66, iters 396
2021-06-19 21:05:07,496 - utils.logger - INFO - End of training epoch 66 / 70 	 Time Taken: 1 sec, Data loading: 0 sec
2021-06-19 21:05:07,496 - utils.logger - INFO - learning rate = 0.0000488
2021-06-19 21:05:07,850 - utils.logger - INFO - Trn result of epoch 66 / 70 mse 0.3002 rmse 0.5479 pcc -0.0507 ccc -0.0077
2021-06-19 21:05:07,974 - utils.logger - INFO - Val result of epoch 66 / 70 mse 0.2618 rmse 0.5117 pcc -0.0794 ccc -0.0120
2021-06-19 21:05:08,376 - utils.logger - INFO - Cur epoch 67 loss ccc:0.1250
2021-06-19 21:05:08,754 - utils.logger - INFO - Cur epoch 67 loss ccc:0.1318
2021-06-19 21:05:09,073 - utils.logger - INFO - Cur epoch 67 loss ccc:1.0000
2021-06-19 21:05:09,074 - utils.logger - INFO - saving the model at the end of epoch 67, iters 402
2021-06-19 21:05:09,291 - utils.logger - INFO - End of training epoch 67 / 70 	 Time Taken: 1 sec, Data loading: 0 sec
2021-06-19 21:05:09,291 - utils.logger - INFO - learning rate = 0.0000366
2021-06-19 21:05:09,645 - utils.logger - INFO - Trn result of epoch 67 / 70 mse 0.2750 rmse 0.5244 pcc -0.0451 ccc -0.0079
2021-06-19 21:05:09,768 - utils.logger - INFO - Val result of epoch 67 / 70 mse 0.2384 rmse 0.4883 pcc -0.0729 ccc -0.0127
2021-06-19 21:05:10,162 - utils.logger - INFO - Cur epoch 68 loss ccc:0.1285
2021-06-19 21:05:10,542 - utils.logger - INFO - Cur epoch 68 loss ccc:0.1147
2021-06-19 21:05:10,855 - utils.logger - INFO - Cur epoch 68 loss ccc:1.0038
2021-06-19 21:05:10,855 - utils.logger - INFO - saving the model at the end of epoch 68, iters 408
2021-06-19 21:05:11,086 - utils.logger - INFO - End of training epoch 68 / 70 	 Time Taken: 1 sec, Data loading: 0 sec
2021-06-19 21:05:11,087 - utils.logger - INFO - learning rate = 0.0000244
2021-06-19 21:05:11,443 - utils.logger - INFO - Trn result of epoch 68 / 70 mse 0.2614 rmse 0.5112 pcc -0.0395 ccc -0.0073
2021-06-19 21:05:11,565 - utils.logger - INFO - Val result of epoch 68 / 70 mse 0.2263 rmse 0.4758 pcc -0.0683 ccc -0.0127
2021-06-19 21:05:11,948 - utils.logger - INFO - Cur epoch 69 loss ccc:0.1230
2021-06-19 21:05:12,318 - utils.logger - INFO - Cur epoch 69 loss ccc:0.1251
2021-06-19 21:05:12,629 - utils.logger - INFO - Cur epoch 69 loss ccc:1.0003
2021-06-19 21:05:12,629 - utils.logger - INFO - saving the model at the end of epoch 69, iters 414
2021-06-19 21:05:12,849 - utils.logger - INFO - End of training epoch 69 / 70 	 Time Taken: 1 sec, Data loading: 0 sec
2021-06-19 21:05:12,849 - utils.logger - INFO - learning rate = 0.0000122
2021-06-19 21:05:13,204 - utils.logger - INFO - Trn result of epoch 69 / 70 mse 0.1972 rmse 0.4441 pcc -0.0250 ccc -0.0064
2021-06-19 21:05:13,326 - utils.logger - INFO - Val result of epoch 69 / 70 mse 0.1644 rmse 0.4055 pcc -0.0448 ccc -0.0117
2021-06-19 21:05:13,697 - utils.logger - INFO - Cur epoch 70 loss ccc:0.1250
2021-06-19 21:05:14,077 - utils.logger - INFO - Cur epoch 70 loss ccc:0.1245
2021-06-19 21:05:14,389 - utils.logger - INFO - Cur epoch 70 loss ccc:0.9563
2021-06-19 21:05:14,389 - utils.logger - INFO - saving the model at the end of epoch 70, iters 420
2021-06-19 21:05:14,610 - utils.logger - INFO - End of training epoch 70 / 70 	 Time Taken: 1 sec, Data loading: 0 sec
2021-06-19 21:05:14,611 - utils.logger - INFO - learning rate = 0.0000000
2021-06-19 21:05:14,961 - utils.logger - INFO - Trn result of epoch 70 / 70 mse 0.1994 rmse 0.4466 pcc -0.0150 ccc -0.0040
2021-06-19 21:05:15,084 - utils.logger - INFO - Val result of epoch 70 / 70 mse 0.1662 rmse 0.4077 pcc -0.0272 ccc -0.0073
2021-06-19 21:05:15,084 - utils.logger - INFO - Best eval epoch 2 found with ccc 0.128980
2021-06-19 21:05:15,084 - utils.logger - INFO - baseline_fcfusion_wonorm_vggish_valence_hidden1024_seq100_lr0.0005_cccloss_run2
