2021-06-19 19:39:14,546 - utils.logger - INFO - The number of training samples = 41
2021-06-19 19:39:17,152 - utils.logger - INFO - Cur epoch 1 loss ccc:0.1252
2021-06-19 19:39:17,703 - utils.logger - INFO - Cur epoch 1 loss ccc:0.1238
2021-06-19 19:39:18,139 - utils.logger - INFO - Cur epoch 1 loss ccc:1.0003
2021-06-19 19:39:18,140 - utils.logger - INFO - saving the model at the end of epoch 1, iters 6
2021-06-19 19:39:18,354 - utils.logger - INFO - End of training epoch 1 / 70 	 Time Taken: 1 sec, Data loading: 0 sec
2021-06-19 19:39:18,354 - utils.logger - INFO - learning rate = 0.0005000
2021-06-19 19:39:19,136 - utils.logger - INFO - Trn result of epoch 1 / 70 mse 0.0911 rmse 0.3018 pcc 0.0105 ccc 0.0003
2021-06-19 19:39:19,412 - utils.logger - INFO - Val result of epoch 1 / 70 mse 0.0994 rmse 0.3152 pcc -0.0807 ccc -0.0025
2021-06-19 19:39:19,974 - utils.logger - INFO - Cur epoch 2 loss ccc:0.1098
2021-06-19 19:39:20,528 - utils.logger - INFO - Cur epoch 2 loss ccc:0.1181
2021-06-19 19:39:20,963 - utils.logger - INFO - Cur epoch 2 loss ccc:0.9995
2021-06-19 19:39:20,963 - utils.logger - INFO - saving the model at the end of epoch 2, iters 12
2021-06-19 19:39:21,195 - utils.logger - INFO - End of training epoch 2 / 70 	 Time Taken: 1 sec, Data loading: 0 sec
2021-06-19 19:39:21,195 - utils.logger - INFO - learning rate = 0.0005000
2021-06-19 19:39:21,973 - utils.logger - INFO - Trn result of epoch 2 / 70 mse 0.0900 rmse 0.3000 pcc 0.0579 ccc 0.0042
2021-06-19 19:39:22,228 - utils.logger - INFO - Val result of epoch 2 / 70 mse 0.0935 rmse 0.3058 pcc -0.1141 ccc -0.0086
2021-06-19 19:39:22,771 - utils.logger - INFO - Cur epoch 3 loss ccc:0.1258
2021-06-19 19:39:23,301 - utils.logger - INFO - Cur epoch 3 loss ccc:0.1250
2021-06-19 19:39:23,753 - utils.logger - INFO - Cur epoch 3 loss ccc:0.9906
2021-06-19 19:39:23,755 - utils.logger - INFO - saving the model at the end of epoch 3, iters 18
2021-06-19 19:39:23,995 - utils.logger - INFO - End of training epoch 3 / 70 	 Time Taken: 1 sec, Data loading: 0 sec
2021-06-19 19:39:23,996 - utils.logger - INFO - learning rate = 0.0005000
2021-06-19 19:39:24,992 - utils.logger - INFO - Trn result of epoch 3 / 70 mse 0.2871 rmse 0.5358 pcc -0.0233 ccc -0.0001
2021-06-19 19:39:25,272 - utils.logger - INFO - Val result of epoch 3 / 70 mse 0.2546 rmse 0.5045 pcc 0.0449 ccc 0.0003
2021-06-19 19:39:25,814 - utils.logger - INFO - Cur epoch 4 loss ccc:0.1338
2021-06-19 19:39:26,393 - utils.logger - INFO - Cur epoch 4 loss ccc:0.1217
2021-06-19 19:39:26,837 - utils.logger - INFO - Cur epoch 4 loss ccc:1.0033
2021-06-19 19:39:26,837 - utils.logger - INFO - saving the model at the end of epoch 4, iters 24
2021-06-19 19:39:27,223 - utils.logger - INFO - End of training epoch 4 / 70 	 Time Taken: 1 sec, Data loading: 0 sec
2021-06-19 19:39:27,223 - utils.logger - INFO - learning rate = 0.0005000
2021-06-19 19:39:28,043 - utils.logger - INFO - Trn result of epoch 4 / 70 mse 0.3065 rmse 0.5537 pcc 0.0702 ccc 0.0011
2021-06-19 19:39:28,310 - utils.logger - INFO - Val result of epoch 4 / 70 mse 0.2737 rmse 0.5231 pcc -0.0959 ccc -0.0016
2021-06-19 19:39:28,873 - utils.logger - INFO - Cur epoch 5 loss ccc:0.1142
2021-06-19 19:39:29,451 - utils.logger - INFO - Cur epoch 5 loss ccc:0.1250
2021-06-19 19:39:29,874 - utils.logger - INFO - Cur epoch 5 loss ccc:0.9523
2021-06-19 19:39:29,875 - utils.logger - INFO - saving the model at the end of epoch 5, iters 30
2021-06-19 19:39:30,131 - utils.logger - INFO - End of training epoch 5 / 70 	 Time Taken: 1 sec, Data loading: 0 sec
2021-06-19 19:39:30,132 - utils.logger - INFO - learning rate = 0.0005000
2021-06-19 19:39:30,876 - utils.logger - INFO - Trn result of epoch 5 / 70 mse 0.2743 rmse 0.5238 pcc 0.0214 ccc 0.0009
2021-06-19 19:39:31,193 - utils.logger - INFO - Val result of epoch 5 / 70 mse 0.2457 rmse 0.4956 pcc 0.0451 ccc 0.0029
2021-06-19 19:39:31,774 - utils.logger - INFO - Cur epoch 6 loss ccc:0.1297
2021-06-19 19:39:32,358 - utils.logger - INFO - Cur epoch 6 loss ccc:0.1453
2021-06-19 19:39:32,773 - utils.logger - INFO - Cur epoch 6 loss ccc:0.9982
2021-06-19 19:39:32,774 - utils.logger - INFO - saving the model at the end of epoch 6, iters 36
2021-06-19 19:39:33,192 - utils.logger - INFO - End of training epoch 6 / 70 	 Time Taken: 1 sec, Data loading: 0 sec
2021-06-19 19:39:33,193 - utils.logger - INFO - learning rate = 0.0005000
2021-06-19 19:39:34,012 - utils.logger - INFO - Trn result of epoch 6 / 70 mse 0.2300 rmse 0.4796 pcc 0.0131 ccc 0.0005
2021-06-19 19:39:34,306 - utils.logger - INFO - Val result of epoch 6 / 70 mse 0.2039 rmse 0.4516 pcc -0.0750 ccc -0.0037
2021-06-19 19:39:34,879 - utils.logger - INFO - Cur epoch 7 loss ccc:0.1125
2021-06-19 19:39:35,417 - utils.logger - INFO - Cur epoch 7 loss ccc:0.1296
2021-06-19 19:39:35,852 - utils.logger - INFO - Cur epoch 7 loss ccc:1.0075
2021-06-19 19:39:35,853 - utils.logger - INFO - saving the model at the end of epoch 7, iters 42
2021-06-19 19:39:36,089 - utils.logger - INFO - End of training epoch 7 / 70 	 Time Taken: 1 sec, Data loading: 0 sec
2021-06-19 19:39:36,089 - utils.logger - INFO - learning rate = 0.0005000
2021-06-19 19:39:36,853 - utils.logger - INFO - Trn result of epoch 7 / 70 mse 0.9265 rmse 0.9626 pcc -0.0046 ccc -0.0001
2021-06-19 19:39:37,109 - utils.logger - INFO - Val result of epoch 7 / 70 mse 0.8493 rmse 0.9216 pcc -0.0671 ccc -0.0023
2021-06-19 19:39:37,696 - utils.logger - INFO - Cur epoch 8 loss ccc:0.1282
2021-06-19 19:39:38,249 - utils.logger - INFO - Cur epoch 8 loss ccc:0.1250
2021-06-19 19:39:38,670 - utils.logger - INFO - Cur epoch 8 loss ccc:0.9937
2021-06-19 19:39:38,670 - utils.logger - INFO - saving the model at the end of epoch 8, iters 48
2021-06-19 19:39:38,907 - utils.logger - INFO - End of training epoch 8 / 70 	 Time Taken: 1 sec, Data loading: 0 sec
2021-06-19 19:39:38,908 - utils.logger - INFO - learning rate = 0.0005000
2021-06-19 19:39:39,673 - utils.logger - INFO - Trn result of epoch 8 / 70 mse 1.0075 rmse 1.0037 pcc -0.0132 ccc -0.0004
2021-06-19 19:39:39,932 - utils.logger - INFO - Val result of epoch 8 / 70 mse 0.9245 rmse 0.9615 pcc -0.0642 ccc -0.0025
2021-06-19 19:39:40,491 - utils.logger - INFO - Cur epoch 9 loss ccc:0.1211
2021-06-19 19:39:41,055 - utils.logger - INFO - Cur epoch 9 loss ccc:0.1250
2021-06-19 19:39:41,480 - utils.logger - INFO - Cur epoch 9 loss ccc:0.9987
2021-06-19 19:39:41,480 - utils.logger - INFO - saving the model at the end of epoch 9, iters 54
2021-06-19 19:39:41,703 - utils.logger - INFO - End of training epoch 9 / 70 	 Time Taken: 1 sec, Data loading: 0 sec
2021-06-19 19:39:41,703 - utils.logger - INFO - learning rate = 0.0005000
2021-06-19 19:39:42,448 - utils.logger - INFO - Trn result of epoch 9 / 70 mse 0.8316 rmse 0.9119 pcc 0.0037 ccc 0.0001
2021-06-19 19:39:42,715 - utils.logger - INFO - Val result of epoch 9 / 70 mse 0.7614 rmse 0.8726 pcc -0.0762 ccc -0.0026
2021-06-19 19:39:43,248 - utils.logger - INFO - Cur epoch 10 loss ccc:0.1249
2021-06-19 19:39:43,802 - utils.logger - INFO - Cur epoch 10 loss ccc:0.1158
2021-06-19 19:39:44,217 - utils.logger - INFO - Cur epoch 10 loss ccc:1.0063
2021-06-19 19:39:44,217 - utils.logger - INFO - saving the model at the end of epoch 10, iters 60
2021-06-19 19:39:44,457 - utils.logger - INFO - End of training epoch 10 / 70 	 Time Taken: 1 sec, Data loading: 0 sec
2021-06-19 19:39:44,458 - utils.logger - INFO - learning rate = 0.0005000
2021-06-19 19:39:45,205 - utils.logger - INFO - Trn result of epoch 10 / 70 mse 0.6098 rmse 0.7809 pcc 0.0011 ccc 0.0000
2021-06-19 19:39:45,471 - utils.logger - INFO - Val result of epoch 10 / 70 mse 0.5522 rmse 0.7431 pcc -0.0711 ccc -0.0040
2021-06-19 19:39:46,028 - utils.logger - INFO - Cur epoch 11 loss ccc:0.1174
2021-06-19 19:39:46,571 - utils.logger - INFO - Cur epoch 11 loss ccc:0.1317
2021-06-19 19:39:47,002 - utils.logger - INFO - Cur epoch 11 loss ccc:1.0000
2021-06-19 19:39:47,002 - utils.logger - INFO - saving the model at the end of epoch 11, iters 66
2021-06-19 19:39:47,274 - utils.logger - INFO - End of training epoch 11 / 70 	 Time Taken: 1 sec, Data loading: 0 sec
2021-06-19 19:39:47,274 - utils.logger - INFO - learning rate = 0.0005000
2021-06-19 19:39:48,021 - utils.logger - INFO - Trn result of epoch 11 / 70 mse 0.2000 rmse 0.4473 pcc 0.0177 ccc 0.0023
2021-06-19 19:39:48,278 - utils.logger - INFO - Val result of epoch 11 / 70 mse 0.1793 rmse 0.4235 pcc -0.0814 ccc -0.0142
2021-06-19 19:39:48,823 - utils.logger - INFO - Cur epoch 12 loss ccc:0.1205
2021-06-19 19:39:49,352 - utils.logger - INFO - Cur epoch 12 loss ccc:0.1250
2021-06-19 19:39:49,783 - utils.logger - INFO - Cur epoch 12 loss ccc:0.9949
2021-06-19 19:39:49,784 - utils.logger - INFO - saving the model at the end of epoch 12, iters 72
2021-06-19 19:39:50,025 - utils.logger - INFO - End of training epoch 12 / 70 	 Time Taken: 1 sec, Data loading: 0 sec
2021-06-19 19:39:50,025 - utils.logger - INFO - learning rate = 0.0005000
2021-06-19 19:39:50,767 - utils.logger - INFO - Trn result of epoch 12 / 70 mse 0.3046 rmse 0.5519 pcc 0.0218 ccc 0.0018
2021-06-19 19:39:51,018 - utils.logger - INFO - Val result of epoch 12 / 70 mse 0.2726 rmse 0.5221 pcc -0.0843 ccc -0.0095
2021-06-19 19:39:51,555 - utils.logger - INFO - Cur epoch 13 loss ccc:0.1110
2021-06-19 19:39:52,088 - utils.logger - INFO - Cur epoch 13 loss ccc:0.1250
2021-06-19 19:39:52,513 - utils.logger - INFO - Cur epoch 13 loss ccc:1.0042
2021-06-19 19:39:52,513 - utils.logger - INFO - saving the model at the end of epoch 13, iters 78
2021-06-19 19:39:52,812 - utils.logger - INFO - End of training epoch 13 / 70 	 Time Taken: 1 sec, Data loading: 0 sec
2021-06-19 19:39:52,813 - utils.logger - INFO - learning rate = 0.0005000
2021-06-19 19:39:53,552 - utils.logger - INFO - Trn result of epoch 13 / 70 mse 0.3833 rmse 0.6191 pcc 0.0798 ccc 0.0031
2021-06-19 19:39:53,804 - utils.logger - INFO - Val result of epoch 13 / 70 mse 0.3478 rmse 0.5897 pcc -0.1080 ccc -0.0046
2021-06-19 19:39:54,321 - utils.logger - INFO - Cur epoch 14 loss ccc:0.1252
2021-06-19 19:39:54,874 - utils.logger - INFO - Cur epoch 14 loss ccc:0.1103
2021-06-19 19:39:55,347 - utils.logger - INFO - Cur epoch 14 loss ccc:0.9929
2021-06-19 19:39:55,348 - utils.logger - INFO - saving the model at the end of epoch 14, iters 84
2021-06-19 19:39:55,565 - utils.logger - INFO - End of training epoch 14 / 70 	 Time Taken: 1 sec, Data loading: 0 sec
2021-06-19 19:39:55,566 - utils.logger - INFO - learning rate = 0.0005000
2021-06-19 19:39:56,350 - utils.logger - INFO - Trn result of epoch 14 / 70 mse 0.3336 rmse 0.5776 pcc 0.0769 ccc 0.0031
2021-06-19 19:39:56,612 - utils.logger - INFO - Val result of epoch 14 / 70 mse 0.3015 rmse 0.5491 pcc -0.1065 ccc -0.0047
2021-06-19 19:39:57,158 - utils.logger - INFO - Cur epoch 15 loss ccc:0.1388
2021-06-19 19:39:57,727 - utils.logger - INFO - Cur epoch 15 loss ccc:0.1190
2021-06-19 19:39:58,205 - utils.logger - INFO - Cur epoch 15 loss ccc:1.0038
2021-06-19 19:39:58,206 - utils.logger - INFO - saving the model at the end of epoch 15, iters 90
2021-06-19 19:39:58,477 - utils.logger - INFO - End of training epoch 15 / 70 	 Time Taken: 1 sec, Data loading: 0 sec
2021-06-19 19:39:58,478 - utils.logger - INFO - learning rate = 0.0005000
2021-06-19 19:39:59,221 - utils.logger - INFO - Trn result of epoch 15 / 70 mse 0.3608 rmse 0.6006 pcc 0.0249 ccc 0.0015
2021-06-19 19:39:59,474 - utils.logger - INFO - Val result of epoch 15 / 70 mse 0.3241 rmse 0.5693 pcc -0.0877 ccc -0.0070
2021-06-19 19:40:00,007 - utils.logger - INFO - Cur epoch 16 loss ccc:0.1317
2021-06-19 19:40:00,528 - utils.logger - INFO - Cur epoch 16 loss ccc:0.1101
2021-06-19 19:40:00,938 - utils.logger - INFO - Cur epoch 16 loss ccc:1.0092
2021-06-19 19:40:00,938 - utils.logger - INFO - saving the model at the end of epoch 16, iters 96
2021-06-19 19:40:01,176 - utils.logger - INFO - End of training epoch 16 / 70 	 Time Taken: 1 sec, Data loading: 0 sec
2021-06-19 19:40:01,176 - utils.logger - INFO - learning rate = 0.0005000
2021-06-19 19:40:01,966 - utils.logger - INFO - Trn result of epoch 16 / 70 mse 0.2312 rmse 0.4808 pcc 0.0354 ccc 0.0028
2021-06-19 19:40:02,215 - utils.logger - INFO - Val result of epoch 16 / 70 mse 0.2086 rmse 0.4567 pcc -0.0931 ccc -0.0089
2021-06-19 19:40:02,758 - utils.logger - INFO - Cur epoch 17 loss ccc:0.1140
2021-06-19 19:40:03,334 - utils.logger - INFO - Cur epoch 17 loss ccc:0.1425
2021-06-19 19:40:03,744 - utils.logger - INFO - Cur epoch 17 loss ccc:1.0014
2021-06-19 19:40:03,744 - utils.logger - INFO - saving the model at the end of epoch 17, iters 102
2021-06-19 19:40:04,065 - utils.logger - INFO - End of training epoch 17 / 70 	 Time Taken: 1 sec, Data loading: 0 sec
2021-06-19 19:40:04,065 - utils.logger - INFO - learning rate = 0.0005000
2021-06-19 19:40:04,844 - utils.logger - INFO - Trn result of epoch 17 / 70 mse 0.3154 rmse 0.5616 pcc 0.0276 ccc 0.0015
2021-06-19 19:40:05,135 - utils.logger - INFO - Val result of epoch 17 / 70 mse 0.2832 rmse 0.5322 pcc -0.0796 ccc -0.0057
2021-06-19 19:40:05,667 - utils.logger - INFO - Cur epoch 18 loss ccc:0.1282
2021-06-19 19:40:06,208 - utils.logger - INFO - Cur epoch 18 loss ccc:0.1242
2021-06-19 19:40:06,614 - utils.logger - INFO - Cur epoch 18 loss ccc:1.0038
2021-06-19 19:40:06,615 - utils.logger - INFO - saving the model at the end of epoch 18, iters 108
2021-06-19 19:40:06,849 - utils.logger - INFO - End of training epoch 18 / 70 	 Time Taken: 1 sec, Data loading: 0 sec
2021-06-19 19:40:06,849 - utils.logger - INFO - learning rate = 0.0005000
2021-06-19 19:40:07,615 - utils.logger - INFO - Trn result of epoch 18 / 70 mse 0.0896 rmse 0.2994 pcc 0.0314 ccc 0.0023
2021-06-19 19:40:07,929 - utils.logger - INFO - Val result of epoch 18 / 70 mse 0.0938 rmse 0.3062 pcc -0.0951 ccc -0.0065
2021-06-19 19:40:08,449 - utils.logger - INFO - Cur epoch 19 loss ccc:0.1250
2021-06-19 19:40:08,989 - utils.logger - INFO - Cur epoch 19 loss ccc:0.1147
2021-06-19 19:40:09,411 - utils.logger - INFO - Cur epoch 19 loss ccc:1.0252
2021-06-19 19:40:09,411 - utils.logger - INFO - saving the model at the end of epoch 19, iters 114
2021-06-19 19:40:09,643 - utils.logger - INFO - End of training epoch 19 / 70 	 Time Taken: 1 sec, Data loading: 0 sec
2021-06-19 19:40:09,644 - utils.logger - INFO - learning rate = 0.0005000
2021-06-19 19:40:10,395 - utils.logger - INFO - Trn result of epoch 19 / 70 mse 0.0896 rmse 0.2993 pcc 0.0421 ccc 0.0035
2021-06-19 19:40:10,656 - utils.logger - INFO - Val result of epoch 19 / 70 mse 0.0961 rmse 0.3099 pcc -0.0877 ccc -0.0067
2021-06-19 19:40:11,201 - utils.logger - INFO - Cur epoch 20 loss ccc:0.1292
2021-06-19 19:40:11,769 - utils.logger - INFO - Cur epoch 20 loss ccc:0.1344
2021-06-19 19:40:12,203 - utils.logger - INFO - Cur epoch 20 loss ccc:0.9979
2021-06-19 19:40:12,204 - utils.logger - INFO - saving the model at the end of epoch 20, iters 120
2021-06-19 19:40:12,435 - utils.logger - INFO - End of training epoch 20 / 70 	 Time Taken: 1 sec, Data loading: 0 sec
2021-06-19 19:40:12,435 - utils.logger - INFO - learning rate = 0.0005000
2021-06-19 19:40:13,214 - utils.logger - INFO - Trn result of epoch 20 / 70 mse 0.1455 rmse 0.3814 pcc 0.0064 ccc 0.0004
2021-06-19 19:40:13,470 - utils.logger - INFO - Val result of epoch 20 / 70 mse 0.1318 rmse 0.3630 pcc -0.0879 ccc -0.0069
2021-06-19 19:40:14,013 - utils.logger - INFO - Cur epoch 21 loss ccc:0.1264
2021-06-19 19:40:14,563 - utils.logger - INFO - Cur epoch 21 loss ccc:0.1245
2021-06-19 19:40:14,960 - utils.logger - INFO - Cur epoch 21 loss ccc:0.9992
2021-06-19 19:40:14,961 - utils.logger - INFO - saving the model at the end of epoch 21, iters 126
2021-06-19 19:40:15,259 - utils.logger - INFO - End of training epoch 21 / 70 	 Time Taken: 1 sec, Data loading: 0 sec
2021-06-19 19:40:15,260 - utils.logger - INFO - learning rate = 0.0005000
2021-06-19 19:40:16,016 - utils.logger - INFO - Trn result of epoch 21 / 70 mse 0.2435 rmse 0.4935 pcc -0.0310 ccc -0.0017
2021-06-19 19:40:16,273 - utils.logger - INFO - Val result of epoch 21 / 70 mse 0.2156 rmse 0.4643 pcc -0.0666 ccc -0.0052
2021-06-19 19:40:16,791 - utils.logger - INFO - Cur epoch 22 loss ccc:0.1146
2021-06-19 19:40:17,360 - utils.logger - INFO - Cur epoch 22 loss ccc:0.1323
2021-06-19 19:40:17,773 - utils.logger - INFO - Cur epoch 22 loss ccc:1.0025
2021-06-19 19:40:17,774 - utils.logger - INFO - saving the model at the end of epoch 22, iters 132
2021-06-19 19:40:18,055 - utils.logger - INFO - End of training epoch 22 / 70 	 Time Taken: 1 sec, Data loading: 0 sec
2021-06-19 19:40:18,055 - utils.logger - INFO - learning rate = 0.0005000
2021-06-19 19:40:18,819 - utils.logger - INFO - Trn result of epoch 22 / 70 mse 0.4523 rmse 0.6725 pcc -0.0364 ccc -0.0020
2021-06-19 19:40:19,074 - utils.logger - INFO - Val result of epoch 22 / 70 mse 0.4042 rmse 0.6358 pcc -0.0546 ccc -0.0044
2021-06-19 19:40:19,617 - utils.logger - INFO - Cur epoch 23 loss ccc:0.1095
2021-06-19 19:40:20,170 - utils.logger - INFO - Cur epoch 23 loss ccc:0.1367
2021-06-19 19:40:20,596 - utils.logger - INFO - Cur epoch 23 loss ccc:1.0104
2021-06-19 19:40:20,596 - utils.logger - INFO - saving the model at the end of epoch 23, iters 138
2021-06-19 19:40:20,826 - utils.logger - INFO - End of training epoch 23 / 70 	 Time Taken: 1 sec, Data loading: 0 sec
2021-06-19 19:40:20,826 - utils.logger - INFO - learning rate = 0.0005000
2021-06-19 19:40:21,581 - utils.logger - INFO - Trn result of epoch 23 / 70 mse 1.4080 rmse 1.1866 pcc -0.0387 ccc -0.0008
2021-06-19 19:40:21,831 - utils.logger - INFO - Val result of epoch 23 / 70 mse 1.3086 rmse 1.1439 pcc -0.0434 ccc -0.0012
2021-06-19 19:40:22,366 - utils.logger - INFO - Cur epoch 24 loss ccc:0.1180
2021-06-19 19:40:22,915 - utils.logger - INFO - Cur epoch 24 loss ccc:0.1346
2021-06-19 19:40:23,350 - utils.logger - INFO - Cur epoch 24 loss ccc:1.0070
2021-06-19 19:40:23,351 - utils.logger - INFO - saving the model at the end of epoch 24, iters 144
2021-06-19 19:40:23,638 - utils.logger - INFO - End of training epoch 24 / 70 	 Time Taken: 1 sec, Data loading: 0 sec
2021-06-19 19:40:23,638 - utils.logger - INFO - learning rate = 0.0005000
2021-06-19 19:40:24,385 - utils.logger - INFO - Trn result of epoch 24 / 70 mse 1.4682 rmse 1.2117 pcc -0.0334 ccc -0.0006
2021-06-19 19:40:24,635 - utils.logger - INFO - Val result of epoch 24 / 70 mse 1.3654 rmse 1.1685 pcc -0.0452 ccc -0.0011
2021-06-19 19:40:25,163 - utils.logger - INFO - Cur epoch 25 loss ccc:0.1249
2021-06-19 19:40:25,696 - utils.logger - INFO - Cur epoch 25 loss ccc:0.1203
2021-06-19 19:40:26,089 - utils.logger - INFO - Cur epoch 25 loss ccc:1.0006
2021-06-19 19:40:26,089 - utils.logger - INFO - saving the model at the end of epoch 25, iters 150
2021-06-19 19:40:26,307 - utils.logger - INFO - End of training epoch 25 / 70 	 Time Taken: 1 sec, Data loading: 0 sec
2021-06-19 19:40:26,308 - utils.logger - INFO - learning rate = 0.0005000
2021-06-19 19:40:27,029 - utils.logger - INFO - Trn result of epoch 25 / 70 mse 1.3549 rmse 1.1640 pcc -0.0438 ccc -0.0008
2021-06-19 19:40:27,279 - utils.logger - INFO - Val result of epoch 25 / 70 mse 1.2563 rmse 1.1208 pcc -0.0439 ccc -0.0011
2021-06-19 19:40:27,826 - utils.logger - INFO - Cur epoch 26 loss ccc:0.1136
2021-06-19 19:40:28,373 - utils.logger - INFO - Cur epoch 26 loss ccc:0.1334
2021-06-19 19:40:28,793 - utils.logger - INFO - Cur epoch 26 loss ccc:0.9916
2021-06-19 19:40:28,794 - utils.logger - INFO - saving the model at the end of epoch 26, iters 156
2021-06-19 19:40:29,085 - utils.logger - INFO - End of training epoch 26 / 70 	 Time Taken: 1 sec, Data loading: 0 sec
2021-06-19 19:40:29,086 - utils.logger - INFO - learning rate = 0.0005000
2021-06-19 19:40:29,856 - utils.logger - INFO - Trn result of epoch 26 / 70 mse 0.8151 rmse 0.9028 pcc -0.0280 ccc -0.0008
2021-06-19 19:40:30,117 - utils.logger - INFO - Val result of epoch 26 / 70 mse 0.7419 rmse 0.8613 pcc -0.0496 ccc -0.0021
2021-06-19 19:40:30,684 - utils.logger - INFO - Cur epoch 27 loss ccc:0.1194
2021-06-19 19:40:31,231 - utils.logger - INFO - Cur epoch 27 loss ccc:0.1264
2021-06-19 19:40:31,642 - utils.logger - INFO - Cur epoch 27 loss ccc:0.8812
2021-06-19 19:40:31,643 - utils.logger - INFO - saving the model at the end of epoch 27, iters 162
2021-06-19 19:40:31,888 - utils.logger - INFO - End of training epoch 27 / 70 	 Time Taken: 1 sec, Data loading: 0 sec
2021-06-19 19:40:31,888 - utils.logger - INFO - learning rate = 0.0005000
2021-06-19 19:40:32,795 - utils.logger - INFO - Trn result of epoch 27 / 70 mse 0.6690 rmse 0.8179 pcc -0.0248 ccc -0.0008
2021-06-19 19:40:33,149 - utils.logger - INFO - Val result of epoch 27 / 70 mse 0.6055 rmse 0.7782 pcc -0.0513 ccc -0.0022
2021-06-19 19:40:33,707 - utils.logger - INFO - Cur epoch 28 loss ccc:0.1176
2021-06-19 19:40:34,274 - utils.logger - INFO - Cur epoch 28 loss ccc:0.1280
2021-06-19 19:40:34,713 - utils.logger - INFO - Cur epoch 28 loss ccc:0.9943
2021-06-19 19:40:34,713 - utils.logger - INFO - saving the model at the end of epoch 28, iters 168
2021-06-19 19:40:34,932 - utils.logger - INFO - End of training epoch 28 / 70 	 Time Taken: 1 sec, Data loading: 0 sec
2021-06-19 19:40:34,932 - utils.logger - INFO - learning rate = 0.0005000
2021-06-19 19:40:35,652 - utils.logger - INFO - Trn result of epoch 28 / 70 mse 1.2228 rmse 1.1058 pcc -0.0490 ccc -0.0014
2021-06-19 19:40:35,899 - utils.logger - INFO - Val result of epoch 28 / 70 mse 1.1267 rmse 1.0614 pcc -0.0508 ccc -0.0020
2021-06-19 19:40:36,408 - utils.logger - INFO - Cur epoch 29 loss ccc:0.1235
2021-06-19 19:40:36,972 - utils.logger - INFO - Cur epoch 29 loss ccc:0.1206
2021-06-19 19:40:37,399 - utils.logger - INFO - Cur epoch 29 loss ccc:0.9891
2021-06-19 19:40:37,399 - utils.logger - INFO - saving the model at the end of epoch 29, iters 174
2021-06-19 19:40:37,646 - utils.logger - INFO - End of training epoch 29 / 70 	 Time Taken: 1 sec, Data loading: 0 sec
2021-06-19 19:40:37,646 - utils.logger - INFO - learning rate = 0.0005000
2021-06-19 19:40:38,379 - utils.logger - INFO - Trn result of epoch 29 / 70 mse 0.6303 rmse 0.7939 pcc -0.0469 ccc -0.0024
2021-06-19 19:40:38,637 - utils.logger - INFO - Val result of epoch 29 / 70 mse 0.5669 rmse 0.7530 pcc -0.0548 ccc -0.0039
2021-06-19 19:40:39,186 - utils.logger - INFO - Cur epoch 30 loss ccc:0.1210
2021-06-19 19:40:39,749 - utils.logger - INFO - Cur epoch 30 loss ccc:0.1121
2021-06-19 19:40:40,181 - utils.logger - INFO - Cur epoch 30 loss ccc:0.9991
2021-06-19 19:40:40,182 - utils.logger - INFO - saving the model at the end of epoch 30, iters 180
2021-06-19 19:40:40,443 - utils.logger - INFO - End of training epoch 30 / 70 	 Time Taken: 1 sec, Data loading: 0 sec
2021-06-19 19:40:40,443 - utils.logger - INFO - learning rate = 0.0004878
2021-06-19 19:40:41,190 - utils.logger - INFO - Trn result of epoch 30 / 70 mse 0.3520 rmse 0.5933 pcc -0.0475 ccc -0.0048
2021-06-19 19:40:41,541 - utils.logger - INFO - Val result of epoch 30 / 70 mse 0.3106 rmse 0.5573 pcc -0.0564 ccc -0.0083
2021-06-19 19:40:42,077 - utils.logger - INFO - Cur epoch 31 loss ccc:0.1278
2021-06-19 19:40:42,644 - utils.logger - INFO - Cur epoch 31 loss ccc:0.1139
2021-06-19 19:40:43,071 - utils.logger - INFO - Cur epoch 31 loss ccc:1.0074
2021-06-19 19:40:43,072 - utils.logger - INFO - saving the model at the end of epoch 31, iters 186
2021-06-19 19:40:43,284 - utils.logger - INFO - End of training epoch 31 / 70 	 Time Taken: 1 sec, Data loading: 0 sec
2021-06-19 19:40:43,285 - utils.logger - INFO - learning rate = 0.0004756
2021-06-19 19:40:44,014 - utils.logger - INFO - Trn result of epoch 31 / 70 mse 0.6690 rmse 0.8179 pcc -0.0376 ccc -0.0025
2021-06-19 19:40:44,260 - utils.logger - INFO - Val result of epoch 31 / 70 mse 0.6017 rmse 0.7757 pcc -0.0447 ccc -0.0042
2021-06-19 19:40:44,799 - utils.logger - INFO - Cur epoch 32 loss ccc:0.1122
2021-06-19 19:40:45,351 - utils.logger - INFO - Cur epoch 32 loss ccc:0.1188
2021-06-19 19:40:45,792 - utils.logger - INFO - Cur epoch 32 loss ccc:1.0042
2021-06-19 19:40:45,793 - utils.logger - INFO - saving the model at the end of epoch 32, iters 192
2021-06-19 19:40:46,016 - utils.logger - INFO - End of training epoch 32 / 70 	 Time Taken: 1 sec, Data loading: 0 sec
2021-06-19 19:40:46,016 - utils.logger - INFO - learning rate = 0.0004634
2021-06-19 19:40:46,788 - utils.logger - INFO - Trn result of epoch 32 / 70 mse 0.8526 rmse 0.9234 pcc -0.0323 ccc -0.0017
2021-06-19 19:40:47,041 - utils.logger - INFO - Val result of epoch 32 / 70 mse 0.7746 rmse 0.8801 pcc -0.0496 ccc -0.0037
2021-06-19 19:40:47,589 - utils.logger - INFO - Cur epoch 33 loss ccc:0.1124
2021-06-19 19:40:48,135 - utils.logger - INFO - Cur epoch 33 loss ccc:0.1286
2021-06-19 19:40:48,541 - utils.logger - INFO - Cur epoch 33 loss ccc:1.0041
2021-06-19 19:40:48,541 - utils.logger - INFO - saving the model at the end of epoch 33, iters 198
2021-06-19 19:40:48,761 - utils.logger - INFO - End of training epoch 33 / 70 	 Time Taken: 1 sec, Data loading: 0 sec
2021-06-19 19:40:48,762 - utils.logger - INFO - learning rate = 0.0004512
2021-06-19 19:40:49,483 - utils.logger - INFO - Trn result of epoch 33 / 70 mse 0.5887 rmse 0.7673 pcc -0.0333 ccc -0.0028
2021-06-19 19:40:49,731 - utils.logger - INFO - Val result of epoch 33 / 70 mse 0.5279 rmse 0.7266 pcc -0.0497 ccc -0.0059
2021-06-19 19:40:50,268 - utils.logger - INFO - Cur epoch 34 loss ccc:0.1365
2021-06-19 19:40:50,821 - utils.logger - INFO - Cur epoch 34 loss ccc:0.1251
2021-06-19 19:40:51,247 - utils.logger - INFO - Cur epoch 34 loss ccc:1.0034
2021-06-19 19:40:51,248 - utils.logger - INFO - saving the model at the end of epoch 34, iters 204
2021-06-19 19:40:51,458 - utils.logger - INFO - End of training epoch 34 / 70 	 Time Taken: 1 sec, Data loading: 0 sec
2021-06-19 19:40:51,458 - utils.logger - INFO - learning rate = 0.0004390
2021-06-19 19:40:52,189 - utils.logger - INFO - Trn result of epoch 34 / 70 mse 0.4694 rmse 0.6851 pcc -0.0382 ccc -0.0038
2021-06-19 19:40:52,453 - utils.logger - INFO - Val result of epoch 34 / 70 mse 0.4202 rmse 0.6482 pcc -0.0551 ccc -0.0077
2021-06-19 19:40:52,986 - utils.logger - INFO - Cur epoch 35 loss ccc:0.1245
2021-06-19 19:40:53,530 - utils.logger - INFO - Cur epoch 35 loss ccc:0.1335
2021-06-19 19:40:53,950 - utils.logger - INFO - Cur epoch 35 loss ccc:1.0029
2021-06-19 19:40:53,950 - utils.logger - INFO - saving the model at the end of epoch 35, iters 210
2021-06-19 19:40:54,570 - utils.logger - INFO - End of training epoch 35 / 70 	 Time Taken: 2 sec, Data loading: 0 sec
2021-06-19 19:40:54,570 - utils.logger - INFO - learning rate = 0.0004268
2021-06-19 19:40:55,308 - utils.logger - INFO - Trn result of epoch 35 / 70 mse 0.3701 rmse 0.6083 pcc -0.0101 ccc -0.0012
2021-06-19 19:40:55,560 - utils.logger - INFO - Val result of epoch 35 / 70 mse 0.3300 rmse 0.5745 pcc -0.0555 ccc -0.0091
2021-06-19 19:40:56,101 - utils.logger - INFO - Cur epoch 36 loss ccc:0.1351
2021-06-19 19:40:56,624 - utils.logger - INFO - Cur epoch 36 loss ccc:0.1091
2021-06-19 19:40:57,032 - utils.logger - INFO - Cur epoch 36 loss ccc:1.0075
2021-06-19 19:40:57,032 - utils.logger - INFO - saving the model at the end of epoch 36, iters 216
2021-06-19 19:40:57,302 - utils.logger - INFO - End of training epoch 36 / 70 	 Time Taken: 1 sec, Data loading: 0 sec
2021-06-19 19:40:57,302 - utils.logger - INFO - learning rate = 0.0004146
2021-06-19 19:40:58,049 - utils.logger - INFO - Trn result of epoch 36 / 70 mse 0.1142 rmse 0.3379 pcc 0.0597 ccc 0.0007
2021-06-19 19:40:58,300 - utils.logger - INFO - Val result of epoch 36 / 70 mse 0.1320 rmse 0.3633 pcc -0.0932 ccc -0.0010
2021-06-19 19:40:58,852 - utils.logger - INFO - Cur epoch 37 loss ccc:0.1141
2021-06-19 19:40:59,393 - utils.logger - INFO - Cur epoch 37 loss ccc:0.1250
2021-06-19 19:40:59,810 - utils.logger - INFO - Cur epoch 37 loss ccc:1.0006
2021-06-19 19:40:59,810 - utils.logger - INFO - saving the model at the end of epoch 37, iters 222
2021-06-19 19:41:00,039 - utils.logger - INFO - End of training epoch 37 / 70 	 Time Taken: 1 sec, Data loading: 0 sec
2021-06-19 19:41:00,039 - utils.logger - INFO - learning rate = 0.0004024
2021-06-19 19:41:00,824 - utils.logger - INFO - Trn result of epoch 37 / 70 mse 0.1449 rmse 0.3806 pcc 0.0393 ccc 0.0012
2021-06-19 19:41:01,084 - utils.logger - INFO - Val result of epoch 37 / 70 mse 0.1690 rmse 0.4110 pcc -0.0840 ccc -0.0020
2021-06-19 19:41:01,613 - utils.logger - INFO - Cur epoch 38 loss ccc:0.1360
2021-06-19 19:41:02,170 - utils.logger - INFO - Cur epoch 38 loss ccc:0.1247
2021-06-19 19:41:02,590 - utils.logger - INFO - Cur epoch 38 loss ccc:0.9924
2021-06-19 19:41:02,590 - utils.logger - INFO - saving the model at the end of epoch 38, iters 228
2021-06-19 19:41:02,819 - utils.logger - INFO - End of training epoch 38 / 70 	 Time Taken: 1 sec, Data loading: 0 sec
2021-06-19 19:41:02,820 - utils.logger - INFO - learning rate = 0.0003902
2021-06-19 19:41:03,536 - utils.logger - INFO - Trn result of epoch 38 / 70 mse 0.1821 rmse 0.4267 pcc 0.0603 ccc 0.0016
2021-06-19 19:41:03,782 - utils.logger - INFO - Val result of epoch 38 / 70 mse 0.2118 rmse 0.4602 pcc -0.0745 ccc -0.0016
2021-06-19 19:41:04,301 - utils.logger - INFO - Cur epoch 39 loss ccc:0.1100
2021-06-19 19:41:04,867 - utils.logger - INFO - Cur epoch 39 loss ccc:0.1237
2021-06-19 19:41:05,273 - utils.logger - INFO - Cur epoch 39 loss ccc:1.0091
2021-06-19 19:41:05,273 - utils.logger - INFO - saving the model at the end of epoch 39, iters 234
2021-06-19 19:41:05,488 - utils.logger - INFO - End of training epoch 39 / 70 	 Time Taken: 1 sec, Data loading: 0 sec
2021-06-19 19:41:05,488 - utils.logger - INFO - learning rate = 0.0003780
2021-06-19 19:41:06,237 - utils.logger - INFO - Trn result of epoch 39 / 70 mse 0.3239 rmse 0.5691 pcc 0.0753 ccc 0.0016
2021-06-19 19:41:06,492 - utils.logger - INFO - Val result of epoch 39 / 70 mse 0.3670 rmse 0.6058 pcc -0.0446 ccc -0.0008
2021-06-19 19:41:07,051 - utils.logger - INFO - Cur epoch 40 loss ccc:0.1251
2021-06-19 19:41:07,614 - utils.logger - INFO - Cur epoch 40 loss ccc:0.1274
2021-06-19 19:41:08,041 - utils.logger - INFO - Cur epoch 40 loss ccc:0.9948
2021-06-19 19:41:08,042 - utils.logger - INFO - saving the model at the end of epoch 40, iters 240
2021-06-19 19:41:08,273 - utils.logger - INFO - End of training epoch 40 / 70 	 Time Taken: 1 sec, Data loading: 0 sec
2021-06-19 19:41:08,273 - utils.logger - INFO - learning rate = 0.0003659
2021-06-19 19:41:09,007 - utils.logger - INFO - Trn result of epoch 40 / 70 mse 0.1543 rmse 0.3929 pcc 0.0409 ccc 0.0012
2021-06-19 19:41:09,255 - utils.logger - INFO - Val result of epoch 40 / 70 mse 0.1803 rmse 0.4246 pcc -0.0819 ccc -0.0020
2021-06-19 19:41:09,784 - utils.logger - INFO - Cur epoch 41 loss ccc:0.1250
2021-06-19 19:41:10,354 - utils.logger - INFO - Cur epoch 41 loss ccc:0.1084
2021-06-19 19:41:10,768 - utils.logger - INFO - Cur epoch 41 loss ccc:1.0118
2021-06-19 19:41:10,769 - utils.logger - INFO - saving the model at the end of epoch 41, iters 246
2021-06-19 19:41:11,097 - utils.logger - INFO - End of training epoch 41 / 70 	 Time Taken: 1 sec, Data loading: 0 sec
2021-06-19 19:41:11,097 - utils.logger - INFO - learning rate = 0.0003537
2021-06-19 19:41:11,845 - utils.logger - INFO - Trn result of epoch 41 / 70 mse 0.1537 rmse 0.3920 pcc 0.0290 ccc 0.0010
2021-06-19 19:41:12,100 - utils.logger - INFO - Val result of epoch 41 / 70 mse 0.1797 rmse 0.4239 pcc -0.0784 ccc -0.0026
2021-06-19 19:41:12,628 - utils.logger - INFO - Cur epoch 42 loss ccc:0.1146
2021-06-19 19:41:13,158 - utils.logger - INFO - Cur epoch 42 loss ccc:0.1246
2021-06-19 19:41:13,566 - utils.logger - INFO - Cur epoch 42 loss ccc:1.0042
2021-06-19 19:41:13,566 - utils.logger - INFO - saving the model at the end of epoch 42, iters 252
2021-06-19 19:41:13,783 - utils.logger - INFO - End of training epoch 42 / 70 	 Time Taken: 1 sec, Data loading: 0 sec
2021-06-19 19:41:13,784 - utils.logger - INFO - learning rate = 0.0003415
2021-06-19 19:41:14,511 - utils.logger - INFO - Trn result of epoch 42 / 70 mse 0.1318 rmse 0.3631 pcc -0.0019 ccc -0.0001
2021-06-19 19:41:14,760 - utils.logger - INFO - Val result of epoch 42 / 70 mse 0.1545 rmse 0.3930 pcc -0.0659 ccc -0.0042
2021-06-19 19:41:15,303 - utils.logger - INFO - Cur epoch 43 loss ccc:0.1140
2021-06-19 19:41:15,851 - utils.logger - INFO - Cur epoch 43 loss ccc:0.1250
2021-06-19 19:41:16,255 - utils.logger - INFO - Cur epoch 43 loss ccc:0.9914
2021-06-19 19:41:16,255 - utils.logger - INFO - saving the model at the end of epoch 43, iters 258
2021-06-19 19:41:16,482 - utils.logger - INFO - End of training epoch 43 / 70 	 Time Taken: 1 sec, Data loading: 0 sec
2021-06-19 19:41:16,483 - utils.logger - INFO - learning rate = 0.0003293
2021-06-19 19:41:17,200 - utils.logger - INFO - Trn result of epoch 43 / 70 mse 0.1367 rmse 0.3697 pcc 0.0090 ccc 0.0005
2021-06-19 19:41:17,447 - utils.logger - INFO - Val result of epoch 43 / 70 mse 0.1602 rmse 0.4002 pcc -0.0688 ccc -0.0038
2021-06-19 19:41:17,985 - utils.logger - INFO - Cur epoch 44 loss ccc:0.1029
2021-06-19 19:41:18,520 - utils.logger - INFO - Cur epoch 44 loss ccc:0.1146
2021-06-19 19:41:18,937 - utils.logger - INFO - Cur epoch 44 loss ccc:1.0335
2021-06-19 19:41:18,938 - utils.logger - INFO - saving the model at the end of epoch 44, iters 264
2021-06-19 19:41:19,162 - utils.logger - INFO - End of training epoch 44 / 70 	 Time Taken: 1 sec, Data loading: 0 sec
2021-06-19 19:41:19,163 - utils.logger - INFO - learning rate = 0.0003171
2021-06-19 19:41:19,934 - utils.logger - INFO - Trn result of epoch 44 / 70 mse 0.1564 rmse 0.3955 pcc 0.0664 ccc 0.0020
2021-06-19 19:41:20,192 - utils.logger - INFO - Val result of epoch 44 / 70 mse 0.1829 rmse 0.4276 pcc -0.0929 ccc -0.0023
2021-06-19 19:41:20,734 - utils.logger - INFO - Cur epoch 45 loss ccc:0.1253
2021-06-19 19:41:21,297 - utils.logger - INFO - Cur epoch 45 loss ccc:0.1251
2021-06-19 19:41:21,712 - utils.logger - INFO - Cur epoch 45 loss ccc:0.9814
2021-06-19 19:41:21,712 - utils.logger - INFO - saving the model at the end of epoch 45, iters 270
2021-06-19 19:41:21,960 - utils.logger - INFO - End of training epoch 45 / 70 	 Time Taken: 1 sec, Data loading: 0 sec
2021-06-19 19:41:21,961 - utils.logger - INFO - learning rate = 0.0003049
2021-06-19 19:41:22,698 - utils.logger - INFO - Trn result of epoch 45 / 70 mse 0.1425 rmse 0.3775 pcc 0.0393 ccc 0.0013
2021-06-19 19:41:22,946 - utils.logger - INFO - Val result of epoch 45 / 70 mse 0.1663 rmse 0.4078 pcc -0.0802 ccc -0.0023
2021-06-19 19:41:23,474 - utils.logger - INFO - Cur epoch 46 loss ccc:0.1142
2021-06-19 19:41:24,027 - utils.logger - INFO - Cur epoch 46 loss ccc:0.1289
2021-06-19 19:41:24,456 - utils.logger - INFO - Cur epoch 46 loss ccc:1.0145
2021-06-19 19:41:24,457 - utils.logger - INFO - saving the model at the end of epoch 46, iters 276
2021-06-19 19:41:24,688 - utils.logger - INFO - End of training epoch 46 / 70 	 Time Taken: 1 sec, Data loading: 0 sec
2021-06-19 19:41:24,688 - utils.logger - INFO - learning rate = 0.0002927
2021-06-19 19:41:25,412 - utils.logger - INFO - Trn result of epoch 46 / 70 mse 0.1645 rmse 0.4056 pcc 0.0159 ccc 0.0004
2021-06-19 19:41:25,662 - utils.logger - INFO - Val result of epoch 46 / 70 mse 0.1916 rmse 0.4377 pcc -0.0568 ccc -0.0012
2021-06-19 19:41:26,191 - utils.logger - INFO - Cur epoch 47 loss ccc:0.1210
2021-06-19 19:41:26,738 - utils.logger - INFO - Cur epoch 47 loss ccc:0.1397
2021-06-19 19:41:27,168 - utils.logger - INFO - Cur epoch 47 loss ccc:1.0019
2021-06-19 19:41:27,168 - utils.logger - INFO - saving the model at the end of epoch 47, iters 282
2021-06-19 19:41:27,414 - utils.logger - INFO - End of training epoch 47 / 70 	 Time Taken: 1 sec, Data loading: 0 sec
2021-06-19 19:41:27,414 - utils.logger - INFO - learning rate = 0.0002805
2021-06-19 19:41:28,150 - utils.logger - INFO - Trn result of epoch 47 / 70 mse 0.1607 rmse 0.4009 pcc 0.0294 ccc 0.0007
2021-06-19 19:41:28,406 - utils.logger - INFO - Val result of epoch 47 / 70 mse 0.1872 rmse 0.4327 pcc -0.0360 ccc -0.0008
2021-06-19 19:41:28,926 - utils.logger - INFO - Cur epoch 48 loss ccc:0.1219
2021-06-19 19:41:29,457 - utils.logger - INFO - Cur epoch 48 loss ccc:0.1251
2021-06-19 19:41:29,885 - utils.logger - INFO - Cur epoch 48 loss ccc:1.1045
2021-06-19 19:41:29,886 - utils.logger - INFO - saving the model at the end of epoch 48, iters 288
2021-06-19 19:41:30,122 - utils.logger - INFO - End of training epoch 48 / 70 	 Time Taken: 1 sec, Data loading: 0 sec
2021-06-19 19:41:30,122 - utils.logger - INFO - learning rate = 0.0002683
2021-06-19 19:41:30,860 - utils.logger - INFO - Trn result of epoch 48 / 70 mse 0.1949 rmse 0.4415 pcc 0.0315 ccc 0.0009
2021-06-19 19:41:31,109 - utils.logger - INFO - Val result of epoch 48 / 70 mse 0.2261 rmse 0.4755 pcc -0.0387 ccc -0.0010
2021-06-19 19:41:31,639 - utils.logger - INFO - Cur epoch 49 loss ccc:0.1192
2021-06-19 19:41:32,202 - utils.logger - INFO - Cur epoch 49 loss ccc:0.1147
2021-06-19 19:41:32,626 - utils.logger - INFO - Cur epoch 49 loss ccc:0.9902
2021-06-19 19:41:32,626 - utils.logger - INFO - saving the model at the end of epoch 49, iters 294
2021-06-19 19:41:32,849 - utils.logger - INFO - End of training epoch 49 / 70 	 Time Taken: 1 sec, Data loading: 0 sec
2021-06-19 19:41:32,849 - utils.logger - INFO - learning rate = 0.0002561
2021-06-19 19:41:33,576 - utils.logger - INFO - Trn result of epoch 49 / 70 mse 0.1788 rmse 0.4228 pcc 0.0110 ccc 0.0004
2021-06-19 19:41:33,822 - utils.logger - INFO - Val result of epoch 49 / 70 mse 0.2084 rmse 0.4565 pcc -0.0437 ccc -0.0016
2021-06-19 19:41:34,351 - utils.logger - INFO - Cur epoch 50 loss ccc:0.1099
2021-06-19 19:41:34,909 - utils.logger - INFO - Cur epoch 50 loss ccc:0.1429
2021-06-19 19:41:35,300 - utils.logger - INFO - Cur epoch 50 loss ccc:0.9986
2021-06-19 19:41:35,300 - utils.logger - INFO - saving the model at the end of epoch 50, iters 300
2021-06-19 19:41:35,657 - utils.logger - INFO - End of training epoch 50 / 70 	 Time Taken: 1 sec, Data loading: 0 sec
2021-06-19 19:41:35,657 - utils.logger - INFO - learning rate = 0.0002439
2021-06-19 19:41:36,416 - utils.logger - INFO - Trn result of epoch 50 / 70 mse 0.1755 rmse 0.4189 pcc 0.0010 ccc 0.0000
2021-06-19 19:41:36,675 - utils.logger - INFO - Val result of epoch 50 / 70 mse 0.2049 rmse 0.4527 pcc -0.0440 ccc -0.0019
2021-06-19 19:41:37,200 - utils.logger - INFO - Cur epoch 51 loss ccc:0.1080
2021-06-19 19:41:37,739 - utils.logger - INFO - Cur epoch 51 loss ccc:0.1096
2021-06-19 19:41:38,165 - utils.logger - INFO - Cur epoch 51 loss ccc:0.9970
2021-06-19 19:41:38,165 - utils.logger - INFO - saving the model at the end of epoch 51, iters 306
2021-06-19 19:41:38,399 - utils.logger - INFO - End of training epoch 51 / 70 	 Time Taken: 1 sec, Data loading: 0 sec
2021-06-19 19:41:38,399 - utils.logger - INFO - learning rate = 0.0002317
2021-06-19 19:41:39,144 - utils.logger - INFO - Trn result of epoch 51 / 70 mse 0.1641 rmse 0.4051 pcc -0.0023 ccc -0.0001
2021-06-19 19:41:39,393 - utils.logger - INFO - Val result of epoch 51 / 70 mse 0.1920 rmse 0.4382 pcc -0.0440 ccc -0.0022
2021-06-19 19:41:39,923 - utils.logger - INFO - Cur epoch 52 loss ccc:0.1217
2021-06-19 19:41:40,459 - utils.logger - INFO - Cur epoch 52 loss ccc:0.1254
2021-06-19 19:41:40,877 - utils.logger - INFO - Cur epoch 52 loss ccc:1.0004
2021-06-19 19:41:40,877 - utils.logger - INFO - saving the model at the end of epoch 52, iters 312
2021-06-19 19:41:41,113 - utils.logger - INFO - End of training epoch 52 / 70 	 Time Taken: 1 sec, Data loading: 0 sec
2021-06-19 19:41:41,114 - utils.logger - INFO - learning rate = 0.0002195
2021-06-19 19:41:41,849 - utils.logger - INFO - Trn result of epoch 52 / 70 mse 0.1735 rmse 0.4166 pcc 0.0039 ccc 0.0002
2021-06-19 19:41:42,098 - utils.logger - INFO - Val result of epoch 52 / 70 mse 0.2025 rmse 0.4500 pcc -0.0439 ccc -0.0018
2021-06-19 19:41:42,625 - utils.logger - INFO - Cur epoch 53 loss ccc:0.1308
2021-06-19 19:41:43,178 - utils.logger - INFO - Cur epoch 53 loss ccc:0.1279
2021-06-19 19:41:43,599 - utils.logger - INFO - Cur epoch 53 loss ccc:1.0544
2021-06-19 19:41:43,599 - utils.logger - INFO - saving the model at the end of epoch 53, iters 318
2021-06-19 19:41:43,854 - utils.logger - INFO - End of training epoch 53 / 70 	 Time Taken: 1 sec, Data loading: 0 sec
2021-06-19 19:41:43,854 - utils.logger - INFO - learning rate = 0.0002073
2021-06-19 19:41:44,610 - utils.logger - INFO - Trn result of epoch 53 / 70 mse 0.1836 rmse 0.4285 pcc 0.0146 ccc 0.0007
2021-06-19 19:41:44,863 - utils.logger - INFO - Val result of epoch 53 / 70 mse 0.2142 rmse 0.4629 pcc -0.0598 ccc -0.0029
2021-06-19 19:41:45,382 - utils.logger - INFO - Cur epoch 54 loss ccc:0.1250
2021-06-19 19:41:45,936 - utils.logger - INFO - Cur epoch 54 loss ccc:0.1366
2021-06-19 19:41:46,358 - utils.logger - INFO - Cur epoch 54 loss ccc:1.0007
2021-06-19 19:41:46,358 - utils.logger - INFO - saving the model at the end of epoch 54, iters 324
2021-06-19 19:41:46,587 - utils.logger - INFO - End of training epoch 54 / 70 	 Time Taken: 1 sec, Data loading: 0 sec
2021-06-19 19:41:46,587 - utils.logger - INFO - learning rate = 0.0001951
2021-06-19 19:41:47,342 - utils.logger - INFO - Trn result of epoch 54 / 70 mse 0.2189 rmse 0.4679 pcc 0.0245 ccc 0.0009
2021-06-19 19:41:47,604 - utils.logger - INFO - Val result of epoch 54 / 70 mse 0.2541 rmse 0.5041 pcc -0.0574 ccc -0.0022
2021-06-19 19:41:48,131 - utils.logger - INFO - Cur epoch 55 loss ccc:0.1358
2021-06-19 19:41:48,673 - utils.logger - INFO - Cur epoch 55 loss ccc:0.1181
2021-06-19 19:41:49,077 - utils.logger - INFO - Cur epoch 55 loss ccc:0.9969
2021-06-19 19:41:49,077 - utils.logger - INFO - saving the model at the end of epoch 55, iters 330
2021-06-19 19:41:49,298 - utils.logger - INFO - End of training epoch 55 / 70 	 Time Taken: 1 sec, Data loading: 0 sec
2021-06-19 19:41:49,299 - utils.logger - INFO - learning rate = 0.0001829
2021-06-19 19:41:50,021 - utils.logger - INFO - Trn result of epoch 55 / 70 mse 0.2096 rmse 0.4578 pcc 0.0271 ccc 0.0010
2021-06-19 19:41:50,270 - utils.logger - INFO - Val result of epoch 55 / 70 mse 0.2437 rmse 0.4937 pcc -0.0651 ccc -0.0026
2021-06-19 19:41:50,796 - utils.logger - INFO - Cur epoch 56 loss ccc:0.1360
2021-06-19 19:41:51,347 - utils.logger - INFO - Cur epoch 56 loss ccc:0.1170
2021-06-19 19:41:51,732 - utils.logger - INFO - Cur epoch 56 loss ccc:1.0013
2021-06-19 19:41:51,732 - utils.logger - INFO - saving the model at the end of epoch 56, iters 336
2021-06-19 19:41:51,949 - utils.logger - INFO - End of training epoch 56 / 70 	 Time Taken: 1 sec, Data loading: 0 sec
2021-06-19 19:41:51,949 - utils.logger - INFO - learning rate = 0.0001707
2021-06-19 19:41:52,689 - utils.logger - INFO - Trn result of epoch 56 / 70 mse 0.1971 rmse 0.4440 pcc 0.0034 ccc 0.0002
2021-06-19 19:41:52,946 - utils.logger - INFO - Val result of epoch 56 / 70 mse 0.2301 rmse 0.4797 pcc -0.0901 ccc -0.0046
2021-06-19 19:41:53,492 - utils.logger - INFO - Cur epoch 57 loss ccc:0.1103
2021-06-19 19:41:54,067 - utils.logger - INFO - Cur epoch 57 loss ccc:0.1298
2021-06-19 19:41:54,488 - utils.logger - INFO - Cur epoch 57 loss ccc:1.0189
2021-06-19 19:41:54,489 - utils.logger - INFO - saving the model at the end of epoch 57, iters 342
2021-06-19 19:41:54,747 - utils.logger - INFO - End of training epoch 57 / 70 	 Time Taken: 1 sec, Data loading: 0 sec
2021-06-19 19:41:54,747 - utils.logger - INFO - learning rate = 0.0001585
2021-06-19 19:41:55,536 - utils.logger - INFO - Trn result of epoch 57 / 70 mse 0.1965 rmse 0.4433 pcc 0.0031 ccc 0.0002
2021-06-19 19:41:55,810 - utils.logger - INFO - Val result of epoch 57 / 70 mse 0.2294 rmse 0.4789 pcc -0.1001 ccc -0.0055
2021-06-19 19:41:56,359 - utils.logger - INFO - Cur epoch 58 loss ccc:0.1145
2021-06-19 19:41:56,889 - utils.logger - INFO - Cur epoch 58 loss ccc:0.1206
2021-06-19 19:41:57,309 - utils.logger - INFO - Cur epoch 58 loss ccc:0.9989
2021-06-19 19:41:57,309 - utils.logger - INFO - saving the model at the end of epoch 58, iters 348
2021-06-19 19:41:57,533 - utils.logger - INFO - End of training epoch 58 / 70 	 Time Taken: 1 sec, Data loading: 0 sec
2021-06-19 19:41:57,533 - utils.logger - INFO - learning rate = 0.0001463
2021-06-19 19:41:58,262 - utils.logger - INFO - Trn result of epoch 58 / 70 mse 0.2470 rmse 0.4970 pcc 0.0056 ccc 0.0002
2021-06-19 19:41:58,511 - utils.logger - INFO - Val result of epoch 58 / 70 mse 0.2853 rmse 0.5341 pcc -0.1025 ccc -0.0044
2021-06-19 19:41:59,066 - utils.logger - INFO - Cur epoch 59 loss ccc:0.1021
2021-06-19 19:41:59,604 - utils.logger - INFO - Cur epoch 59 loss ccc:0.1368
2021-06-19 19:42:00,044 - utils.logger - INFO - Cur epoch 59 loss ccc:0.9987
2021-06-19 19:42:00,044 - utils.logger - INFO - saving the model at the end of epoch 59, iters 354
2021-06-19 19:42:00,258 - utils.logger - INFO - End of training epoch 59 / 70 	 Time Taken: 1 sec, Data loading: 0 sec
2021-06-19 19:42:00,258 - utils.logger - INFO - learning rate = 0.0001341
2021-06-19 19:42:01,027 - utils.logger - INFO - Trn result of epoch 59 / 70 mse 0.2296 rmse 0.4791 pcc 0.0042 ccc 0.0002
2021-06-19 19:42:01,284 - utils.logger - INFO - Val result of epoch 59 / 70 mse 0.2660 rmse 0.5158 pcc -0.1020 ccc -0.0045
2021-06-19 19:42:01,802 - utils.logger - INFO - Cur epoch 60 loss ccc:0.1249
2021-06-19 19:42:02,365 - utils.logger - INFO - Cur epoch 60 loss ccc:0.1250
2021-06-19 19:42:02,793 - utils.logger - INFO - Cur epoch 60 loss ccc:1.0009
2021-06-19 19:42:02,794 - utils.logger - INFO - saving the model at the end of epoch 60, iters 360
2021-06-19 19:42:03,015 - utils.logger - INFO - End of training epoch 60 / 70 	 Time Taken: 1 sec, Data loading: 0 sec
2021-06-19 19:42:03,016 - utils.logger - INFO - learning rate = 0.0001220
2021-06-19 19:42:03,762 - utils.logger - INFO - Trn result of epoch 60 / 70 mse 0.2133 rmse 0.4618 pcc 0.0073 ccc 0.0003
2021-06-19 19:42:04,009 - utils.logger - INFO - Val result of epoch 60 / 70 mse 0.2480 rmse 0.4980 pcc -0.1034 ccc -0.0049
2021-06-19 19:42:04,543 - utils.logger - INFO - Cur epoch 61 loss ccc:0.1194
2021-06-19 19:42:05,092 - utils.logger - INFO - Cur epoch 61 loss ccc:0.1161
2021-06-19 19:42:05,516 - utils.logger - INFO - Cur epoch 61 loss ccc:0.9958
2021-06-19 19:42:05,516 - utils.logger - INFO - saving the model at the end of epoch 61, iters 366
2021-06-19 19:42:05,787 - utils.logger - INFO - End of training epoch 61 / 70 	 Time Taken: 1 sec, Data loading: 0 sec
2021-06-19 19:42:05,787 - utils.logger - INFO - learning rate = 0.0001098
2021-06-19 19:42:06,539 - utils.logger - INFO - Trn result of epoch 61 / 70 mse 0.2010 rmse 0.4483 pcc 0.0074 ccc 0.0003
2021-06-19 19:42:06,799 - utils.logger - INFO - Val result of epoch 61 / 70 mse 0.2340 rmse 0.4838 pcc -0.0871 ccc -0.0040
2021-06-19 19:42:07,333 - utils.logger - INFO - Cur epoch 62 loss ccc:0.1095
2021-06-19 19:42:07,899 - utils.logger - INFO - Cur epoch 62 loss ccc:0.1249
2021-06-19 19:42:08,306 - utils.logger - INFO - Cur epoch 62 loss ccc:1.0006
2021-06-19 19:42:08,307 - utils.logger - INFO - saving the model at the end of epoch 62, iters 372
2021-06-19 19:42:08,542 - utils.logger - INFO - End of training epoch 62 / 70 	 Time Taken: 1 sec, Data loading: 0 sec
2021-06-19 19:42:08,542 - utils.logger - INFO - learning rate = 0.0000976
2021-06-19 19:42:09,266 - utils.logger - INFO - Trn result of epoch 62 / 70 mse 0.1940 rmse 0.4405 pcc 0.0112 ccc 0.0005
2021-06-19 19:42:09,514 - utils.logger - INFO - Val result of epoch 62 / 70 mse 0.2265 rmse 0.4759 pcc -0.0956 ccc -0.0044
2021-06-19 19:42:10,057 - utils.logger - INFO - Cur epoch 63 loss ccc:0.1275
2021-06-19 19:42:10,610 - utils.logger - INFO - Cur epoch 63 loss ccc:0.1037
2021-06-19 19:42:11,026 - utils.logger - INFO - Cur epoch 63 loss ccc:0.9947
2021-06-19 19:42:11,026 - utils.logger - INFO - saving the model at the end of epoch 63, iters 378
2021-06-19 19:42:11,246 - utils.logger - INFO - End of training epoch 63 / 70 	 Time Taken: 1 sec, Data loading: 0 sec
2021-06-19 19:42:11,246 - utils.logger - INFO - learning rate = 0.0000854
2021-06-19 19:42:11,977 - utils.logger - INFO - Trn result of epoch 63 / 70 mse 0.2002 rmse 0.4474 pcc 0.0115 ccc 0.0005
2021-06-19 19:42:12,225 - utils.logger - INFO - Val result of epoch 63 / 70 mse 0.2334 rmse 0.4831 pcc -0.0937 ccc -0.0044
2021-06-19 19:42:12,757 - utils.logger - INFO - Cur epoch 64 loss ccc:0.1206
2021-06-19 19:42:13,314 - utils.logger - INFO - Cur epoch 64 loss ccc:0.0982
2021-06-19 19:42:13,750 - utils.logger - INFO - Cur epoch 64 loss ccc:1.0127
2021-06-19 19:42:13,750 - utils.logger - INFO - saving the model at the end of epoch 64, iters 384
2021-06-19 19:42:13,963 - utils.logger - INFO - End of training epoch 64 / 70 	 Time Taken: 1 sec, Data loading: 0 sec
2021-06-19 19:42:13,963 - utils.logger - INFO - learning rate = 0.0000732
2021-06-19 19:42:14,697 - utils.logger - INFO - Trn result of epoch 64 / 70 mse 0.1874 rmse 0.4329 pcc 0.0043 ccc 0.0002
2021-06-19 19:42:14,947 - utils.logger - INFO - Val result of epoch 64 / 70 mse 0.2187 rmse 0.4676 pcc -0.0745 ccc -0.0036
2021-06-19 19:42:15,480 - utils.logger - INFO - Cur epoch 65 loss ccc:0.1252
2021-06-19 19:42:16,063 - utils.logger - INFO - Cur epoch 65 loss ccc:0.1133
2021-06-19 19:42:16,488 - utils.logger - INFO - Cur epoch 65 loss ccc:1.0002
2021-06-19 19:42:16,489 - utils.logger - INFO - saving the model at the end of epoch 65, iters 390
2021-06-19 19:42:16,798 - utils.logger - INFO - End of training epoch 65 / 70 	 Time Taken: 1 sec, Data loading: 0 sec
2021-06-19 19:42:16,798 - utils.logger - INFO - learning rate = 0.0000610
2021-06-19 19:42:17,575 - utils.logger - INFO - Trn result of epoch 65 / 70 mse 0.1811 rmse 0.4256 pcc 0.0047 ccc 0.0002
2021-06-19 19:42:17,936 - utils.logger - INFO - Val result of epoch 65 / 70 mse 0.2115 rmse 0.4599 pcc -0.0750 ccc -0.0038
2021-06-19 19:42:18,493 - utils.logger - INFO - Cur epoch 66 loss ccc:0.1521
2021-06-19 19:42:19,035 - utils.logger - INFO - Cur epoch 66 loss ccc:0.1250
2021-06-19 19:42:19,449 - utils.logger - INFO - Cur epoch 66 loss ccc:0.9932
2021-06-19 19:42:19,449 - utils.logger - INFO - saving the model at the end of epoch 66, iters 396
2021-06-19 19:42:19,667 - utils.logger - INFO - End of training epoch 66 / 70 	 Time Taken: 1 sec, Data loading: 0 sec
2021-06-19 19:42:19,667 - utils.logger - INFO - learning rate = 0.0000488
2021-06-19 19:42:20,470 - utils.logger - INFO - Trn result of epoch 66 / 70 mse 0.1764 rmse 0.4200 pcc 0.0021 ccc 0.0001
2021-06-19 19:42:20,731 - utils.logger - INFO - Val result of epoch 66 / 70 mse 0.2064 rmse 0.4543 pcc -0.0731 ccc -0.0040
2021-06-19 19:42:21,303 - utils.logger - INFO - Cur epoch 67 loss ccc:0.1260
2021-06-19 19:42:21,880 - utils.logger - INFO - Cur epoch 67 loss ccc:0.1252
2021-06-19 19:42:22,305 - utils.logger - INFO - Cur epoch 67 loss ccc:0.9894
2021-06-19 19:42:22,305 - utils.logger - INFO - saving the model at the end of epoch 67, iters 402
2021-06-19 19:42:22,545 - utils.logger - INFO - End of training epoch 67 / 70 	 Time Taken: 1 sec, Data loading: 0 sec
2021-06-19 19:42:22,546 - utils.logger - INFO - learning rate = 0.0000366
2021-06-19 19:42:23,356 - utils.logger - INFO - Trn result of epoch 67 / 70 mse 0.1720 rmse 0.4147 pcc -0.0007 ccc -0.0000
2021-06-19 19:42:23,606 - utils.logger - INFO - Val result of epoch 67 / 70 mse 0.2016 rmse 0.4490 pcc -0.0910 ccc -0.0050
2021-06-19 19:42:24,139 - utils.logger - INFO - Cur epoch 68 loss ccc:0.1252
2021-06-19 19:42:24,690 - utils.logger - INFO - Cur epoch 68 loss ccc:0.1246
2021-06-19 19:42:25,098 - utils.logger - INFO - Cur epoch 68 loss ccc:0.8305
2021-06-19 19:42:25,098 - utils.logger - INFO - saving the model at the end of epoch 68, iters 408
2021-06-19 19:42:25,314 - utils.logger - INFO - End of training epoch 68 / 70 	 Time Taken: 1 sec, Data loading: 0 sec
2021-06-19 19:42:25,315 - utils.logger - INFO - learning rate = 0.0000244
2021-06-19 19:42:26,057 - utils.logger - INFO - Trn result of epoch 68 / 70 mse 0.1692 rmse 0.4113 pcc 0.0126 ccc 0.0007
2021-06-19 19:42:26,312 - utils.logger - INFO - Val result of epoch 68 / 70 mse 0.1988 rmse 0.4458 pcc -0.0850 ccc -0.0050
2021-06-19 19:42:26,832 - utils.logger - INFO - Cur epoch 69 loss ccc:0.1252
2021-06-19 19:42:27,372 - utils.logger - INFO - Cur epoch 69 loss ccc:0.1131
2021-06-19 19:42:27,780 - utils.logger - INFO - Cur epoch 69 loss ccc:1.0045
2021-06-19 19:42:27,780 - utils.logger - INFO - saving the model at the end of epoch 69, iters 414
2021-06-19 19:42:28,042 - utils.logger - INFO - End of training epoch 69 / 70 	 Time Taken: 1 sec, Data loading: 0 sec
2021-06-19 19:42:28,042 - utils.logger - INFO - learning rate = 0.0000122
2021-06-19 19:42:28,788 - utils.logger - INFO - Trn result of epoch 69 / 70 mse 0.1707 rmse 0.4132 pcc 0.0076 ccc 0.0004
2021-06-19 19:42:29,040 - utils.logger - INFO - Val result of epoch 69 / 70 mse 0.2005 rmse 0.4477 pcc -0.0851 ccc -0.0050
2021-06-19 19:42:29,573 - utils.logger - INFO - Cur epoch 70 loss ccc:0.1252
2021-06-19 19:42:30,118 - utils.logger - INFO - Cur epoch 70 loss ccc:0.1363
2021-06-19 19:42:30,529 - utils.logger - INFO - Cur epoch 70 loss ccc:1.1530
2021-06-19 19:42:30,529 - utils.logger - INFO - saving the model at the end of epoch 70, iters 420
2021-06-19 19:42:30,762 - utils.logger - INFO - End of training epoch 70 / 70 	 Time Taken: 1 sec, Data loading: 0 sec
2021-06-19 19:42:30,763 - utils.logger - INFO - learning rate = 0.0000000
2021-06-19 19:42:31,646 - utils.logger - INFO - Trn result of epoch 70 / 70 mse 0.1729 rmse 0.4159 pcc 0.0080 ccc 0.0004
2021-06-19 19:42:31,904 - utils.logger - INFO - Val result of epoch 70 / 70 mse 0.2030 rmse 0.4505 pcc -0.0855 ccc -0.0049
2021-06-19 19:42:31,904 - utils.logger - INFO - Best eval epoch 5 found with ccc 0.002871
2021-06-19 19:42:31,904 - utils.logger - INFO - baseline_fcfusion_wonorm_deepspectrum-egemaps_arousal_hidden1024_seq100_lr0.0005_cccloss_run1
