2021-06-16 14:54:40,487 - utils.logger - INFO - The number of training samples = 41
2021-06-16 14:54:44,017 - utils.logger - INFO - Cur epoch 1 loss ccc:0.1251
2021-06-16 14:54:44,460 - utils.logger - INFO - Cur epoch 1 loss ccc:0.1238
2021-06-16 14:54:44,851 - utils.logger - INFO - Cur epoch 1 loss ccc:0.9136
2021-06-16 14:54:44,851 - utils.logger - INFO - saving the model at the end of epoch 1, iters 6
2021-06-16 14:54:45,112 - utils.logger - INFO - End of training epoch 1 / 60 	 Time Taken: 1 sec, Data loading: 0 sec
2021-06-16 14:54:45,112 - utils.logger - INFO - learning rate = 0.0001000
2021-06-16 14:54:45,589 - utils.logger - INFO - Trn result of epoch 1 / 60 mse 0.0906 rmse 0.3011 pcc 0.0306 ccc 0.0005
2021-06-16 14:54:45,752 - utils.logger - INFO - Val result of epoch 1 / 60 mse 0.0925 rmse 0.3041 pcc -0.0028 ccc -0.0001
2021-06-16 14:54:46,230 - utils.logger - INFO - Cur epoch 2 loss ccc:0.1275
2021-06-16 14:54:46,699 - utils.logger - INFO - Cur epoch 2 loss ccc:0.1339
2021-06-16 14:54:47,085 - utils.logger - INFO - Cur epoch 2 loss ccc:1.0000
2021-06-16 14:54:47,085 - utils.logger - INFO - saving the model at the end of epoch 2, iters 12
2021-06-16 14:54:47,370 - utils.logger - INFO - End of training epoch 2 / 60 	 Time Taken: 1 sec, Data loading: 0 sec
2021-06-16 14:54:47,370 - utils.logger - INFO - learning rate = 0.0001000
2021-06-16 14:54:47,815 - utils.logger - INFO - Trn result of epoch 2 / 60 mse 0.0901 rmse 0.3001 pcc 0.1034 ccc 0.0032
2021-06-16 14:54:47,986 - utils.logger - INFO - Val result of epoch 2 / 60 mse 0.0929 rmse 0.3048 pcc -0.0983 ccc -0.0033
2021-06-16 14:54:48,421 - utils.logger - INFO - Cur epoch 3 loss ccc:0.1232
2021-06-16 14:54:48,845 - utils.logger - INFO - Cur epoch 3 loss ccc:0.1300
2021-06-16 14:54:49,198 - utils.logger - INFO - Cur epoch 3 loss ccc:0.9815
2021-06-16 14:54:49,198 - utils.logger - INFO - saving the model at the end of epoch 3, iters 18
2021-06-16 14:54:49,463 - utils.logger - INFO - End of training epoch 3 / 60 	 Time Taken: 1 sec, Data loading: 0 sec
2021-06-16 14:54:49,463 - utils.logger - INFO - learning rate = 0.0001000
2021-06-16 14:54:49,930 - utils.logger - INFO - Trn result of epoch 3 / 60 mse 0.0891 rmse 0.2985 pcc 0.0900 ccc 0.0090
2021-06-16 14:54:50,095 - utils.logger - INFO - Val result of epoch 3 / 60 mse 0.0954 rmse 0.3088 pcc 0.0018 ccc 0.0002
2021-06-16 14:54:50,525 - utils.logger - INFO - Cur epoch 4 loss ccc:0.1250
2021-06-16 14:54:50,970 - utils.logger - INFO - Cur epoch 4 loss ccc:0.1272
2021-06-16 14:54:51,337 - utils.logger - INFO - Cur epoch 4 loss ccc:0.9967
2021-06-16 14:54:51,338 - utils.logger - INFO - saving the model at the end of epoch 4, iters 24
2021-06-16 14:54:51,765 - utils.logger - INFO - End of training epoch 4 / 60 	 Time Taken: 1 sec, Data loading: 0 sec
2021-06-16 14:54:51,765 - utils.logger - INFO - learning rate = 0.0001000
2021-06-16 14:54:52,227 - utils.logger - INFO - Trn result of epoch 4 / 60 mse 0.0892 rmse 0.2987 pcc 0.0633 ccc 0.0092
2021-06-16 14:54:52,390 - utils.logger - INFO - Val result of epoch 4 / 60 mse 0.0938 rmse 0.3063 pcc 0.0198 ccc 0.0034
2021-06-16 14:54:52,842 - utils.logger - INFO - Cur epoch 5 loss ccc:0.1169
2021-06-16 14:54:53,281 - utils.logger - INFO - Cur epoch 5 loss ccc:0.1243
2021-06-16 14:54:53,636 - utils.logger - INFO - Cur epoch 5 loss ccc:1.0009
2021-06-16 14:54:53,636 - utils.logger - INFO - saving the model at the end of epoch 5, iters 30
2021-06-16 14:54:53,899 - utils.logger - INFO - End of training epoch 5 / 60 	 Time Taken: 1 sec, Data loading: 0 sec
2021-06-16 14:54:53,900 - utils.logger - INFO - learning rate = 0.0001000
2021-06-16 14:54:54,359 - utils.logger - INFO - Trn result of epoch 5 / 60 mse 0.0906 rmse 0.3010 pcc 0.1032 ccc 0.0066
2021-06-16 14:54:54,522 - utils.logger - INFO - Val result of epoch 5 / 60 mse 0.0927 rmse 0.3045 pcc -0.0427 ccc -0.0028
2021-06-16 14:54:54,967 - utils.logger - INFO - Cur epoch 6 loss ccc:0.1260
2021-06-16 14:54:55,397 - utils.logger - INFO - Cur epoch 6 loss ccc:0.1265
2021-06-16 14:54:55,759 - utils.logger - INFO - Cur epoch 6 loss ccc:1.0083
2021-06-16 14:54:55,759 - utils.logger - INFO - saving the model at the end of epoch 6, iters 36
2021-06-16 14:54:56,033 - utils.logger - INFO - End of training epoch 6 / 60 	 Time Taken: 1 sec, Data loading: 0 sec
2021-06-16 14:54:56,033 - utils.logger - INFO - learning rate = 0.0001000
2021-06-16 14:54:56,466 - utils.logger - INFO - Trn result of epoch 6 / 60 mse 0.0917 rmse 0.3028 pcc 0.0792 ccc 0.0053
2021-06-16 14:54:56,628 - utils.logger - INFO - Val result of epoch 6 / 60 mse 0.0933 rmse 0.3054 pcc -0.1131 ccc -0.0074
2021-06-16 14:54:57,052 - utils.logger - INFO - Cur epoch 7 loss ccc:0.1250
2021-06-16 14:54:57,493 - utils.logger - INFO - Cur epoch 7 loss ccc:0.1254
2021-06-16 14:54:57,850 - utils.logger - INFO - Cur epoch 7 loss ccc:0.9987
2021-06-16 14:54:57,851 - utils.logger - INFO - saving the model at the end of epoch 7, iters 42
2021-06-16 14:54:58,218 - utils.logger - INFO - End of training epoch 7 / 60 	 Time Taken: 1 sec, Data loading: 0 sec
2021-06-16 14:54:58,219 - utils.logger - INFO - learning rate = 0.0001000
2021-06-16 14:54:58,681 - utils.logger - INFO - Trn result of epoch 7 / 60 mse 0.0907 rmse 0.3012 pcc 0.0733 ccc 0.0059
2021-06-16 14:54:58,844 - utils.logger - INFO - Val result of epoch 7 / 60 mse 0.0933 rmse 0.3054 pcc -0.1105 ccc -0.0084
2021-06-16 14:54:59,262 - utils.logger - INFO - Cur epoch 8 loss ccc:0.1236
2021-06-16 14:54:59,685 - utils.logger - INFO - Cur epoch 8 loss ccc:0.1259
2021-06-16 14:55:00,034 - utils.logger - INFO - Cur epoch 8 loss ccc:0.9985
2021-06-16 14:55:00,034 - utils.logger - INFO - saving the model at the end of epoch 8, iters 48
2021-06-16 14:55:00,323 - utils.logger - INFO - End of training epoch 8 / 60 	 Time Taken: 1 sec, Data loading: 0 sec
2021-06-16 14:55:00,324 - utils.logger - INFO - learning rate = 0.0001000
2021-06-16 14:55:00,779 - utils.logger - INFO - Trn result of epoch 8 / 60 mse 0.0904 rmse 0.3007 pcc 0.0822 ccc 0.0087
2021-06-16 14:55:00,941 - utils.logger - INFO - Val result of epoch 8 / 60 mse 0.0935 rmse 0.3058 pcc -0.0986 ccc -0.0098
2021-06-16 14:55:01,366 - utils.logger - INFO - Cur epoch 9 loss ccc:0.1212
2021-06-16 14:55:01,774 - utils.logger - INFO - Cur epoch 9 loss ccc:0.1266
2021-06-16 14:55:02,127 - utils.logger - INFO - Cur epoch 9 loss ccc:1.0007
2021-06-16 14:55:02,127 - utils.logger - INFO - saving the model at the end of epoch 9, iters 54
2021-06-16 14:55:02,382 - utils.logger - INFO - End of training epoch 9 / 60 	 Time Taken: 1 sec, Data loading: 0 sec
2021-06-16 14:55:02,382 - utils.logger - INFO - learning rate = 0.0001000
2021-06-16 14:55:02,800 - utils.logger - INFO - Trn result of epoch 9 / 60 mse 0.0895 rmse 0.2991 pcc 0.1011 ccc 0.0131
2021-06-16 14:55:02,958 - utils.logger - INFO - Val result of epoch 9 / 60 mse 0.0940 rmse 0.3066 pcc -0.0983 ccc -0.0121
2021-06-16 14:55:03,366 - utils.logger - INFO - Cur epoch 10 loss ccc:0.1261
2021-06-16 14:55:03,785 - utils.logger - INFO - Cur epoch 10 loss ccc:0.1172
2021-06-16 14:55:04,155 - utils.logger - INFO - Cur epoch 10 loss ccc:1.0020
2021-06-16 14:55:04,155 - utils.logger - INFO - saving the model at the end of epoch 10, iters 60
2021-06-16 14:55:04,426 - utils.logger - INFO - End of training epoch 10 / 60 	 Time Taken: 1 sec, Data loading: 0 sec
2021-06-16 14:55:04,426 - utils.logger - INFO - learning rate = 0.0000980
2021-06-16 14:55:04,864 - utils.logger - INFO - Trn result of epoch 10 / 60 mse 0.0890 rmse 0.2984 pcc 0.0862 ccc 0.0077
2021-06-16 14:55:05,027 - utils.logger - INFO - Val result of epoch 10 / 60 mse 0.0951 rmse 0.3083 pcc -0.0954 ccc -0.0077
2021-06-16 14:55:05,458 - utils.logger - INFO - Cur epoch 11 loss ccc:0.1259
2021-06-16 14:55:05,870 - utils.logger - INFO - Cur epoch 11 loss ccc:0.1257
2021-06-16 14:55:06,218 - utils.logger - INFO - Cur epoch 11 loss ccc:0.9651
2021-06-16 14:55:06,218 - utils.logger - INFO - saving the model at the end of epoch 11, iters 66
2021-06-16 14:55:06,493 - utils.logger - INFO - End of training epoch 11 / 60 	 Time Taken: 1 sec, Data loading: 0 sec
2021-06-16 14:55:06,493 - utils.logger - INFO - learning rate = 0.0000961
2021-06-16 14:55:06,909 - utils.logger - INFO - Trn result of epoch 11 / 60 mse 0.0911 rmse 0.3019 pcc 0.0830 ccc 0.0100
2021-06-16 14:55:07,052 - utils.logger - INFO - Val result of epoch 11 / 60 mse 0.1002 rmse 0.3165 pcc -0.0301 ccc -0.0036
2021-06-16 14:55:07,462 - utils.logger - INFO - Cur epoch 12 loss ccc:0.1055
2021-06-16 14:55:07,902 - utils.logger - INFO - Cur epoch 12 loss ccc:0.1242
2021-06-16 14:55:08,255 - utils.logger - INFO - Cur epoch 12 loss ccc:1.0006
2021-06-16 14:55:08,255 - utils.logger - INFO - saving the model at the end of epoch 12, iters 72
2021-06-16 14:55:08,529 - utils.logger - INFO - End of training epoch 12 / 60 	 Time Taken: 1 sec, Data loading: 0 sec
2021-06-16 14:55:08,529 - utils.logger - INFO - learning rate = 0.0000941
2021-06-16 14:55:08,982 - utils.logger - INFO - Trn result of epoch 12 / 60 mse 0.0942 rmse 0.3068 pcc 0.0672 ccc 0.0077
2021-06-16 14:55:09,145 - utils.logger - INFO - Val result of epoch 12 / 60 mse 0.1061 rmse 0.3258 pcc -0.0949 ccc -0.0100
2021-06-16 14:55:09,565 - utils.logger - INFO - Cur epoch 13 loss ccc:0.1275
2021-06-16 14:55:09,985 - utils.logger - INFO - Cur epoch 13 loss ccc:0.1250
2021-06-16 14:55:10,341 - utils.logger - INFO - Cur epoch 13 loss ccc:0.9559
2021-06-16 14:55:10,341 - utils.logger - INFO - saving the model at the end of epoch 13, iters 78
2021-06-16 14:55:10,615 - utils.logger - INFO - End of training epoch 13 / 60 	 Time Taken: 1 sec, Data loading: 0 sec
2021-06-16 14:55:10,615 - utils.logger - INFO - learning rate = 0.0000922
2021-06-16 14:55:11,026 - utils.logger - INFO - Trn result of epoch 13 / 60 mse 0.0971 rmse 0.3116 pcc 0.0786 ccc 0.0096
2021-06-16 14:55:11,188 - utils.logger - INFO - Val result of epoch 13 / 60 mse 0.1105 rmse 0.3325 pcc -0.0987 ccc -0.0104
2021-06-16 14:55:11,617 - utils.logger - INFO - Cur epoch 14 loss ccc:0.1281
2021-06-16 14:55:12,051 - utils.logger - INFO - Cur epoch 14 loss ccc:0.1150
2021-06-16 14:55:12,408 - utils.logger - INFO - Cur epoch 14 loss ccc:1.0133
2021-06-16 14:55:12,408 - utils.logger - INFO - saving the model at the end of epoch 14, iters 84
2021-06-16 14:55:12,681 - utils.logger - INFO - End of training epoch 14 / 60 	 Time Taken: 1 sec, Data loading: 0 sec
2021-06-16 14:55:12,682 - utils.logger - INFO - learning rate = 0.0000902
2021-06-16 14:55:13,127 - utils.logger - INFO - Trn result of epoch 14 / 60 mse 0.1428 rmse 0.3779 pcc 0.0880 ccc 0.0134
2021-06-16 14:55:13,274 - utils.logger - INFO - Val result of epoch 14 / 60 mse 0.1664 rmse 0.4080 pcc -0.0747 ccc -0.0098
2021-06-16 14:55:13,699 - utils.logger - INFO - Cur epoch 15 loss ccc:0.1383
2021-06-16 14:55:14,110 - utils.logger - INFO - Cur epoch 15 loss ccc:0.1146
2021-06-16 14:55:14,452 - utils.logger - INFO - Cur epoch 15 loss ccc:0.9792
2021-06-16 14:55:14,453 - utils.logger - INFO - saving the model at the end of epoch 15, iters 90
2021-06-16 14:55:14,754 - utils.logger - INFO - End of training epoch 15 / 60 	 Time Taken: 1 sec, Data loading: 0 sec
2021-06-16 14:55:14,754 - utils.logger - INFO - learning rate = 0.0000882
2021-06-16 14:55:15,175 - utils.logger - INFO - Trn result of epoch 15 / 60 mse 0.1403 rmse 0.3746 pcc 0.0944 ccc 0.0171
2021-06-16 14:55:15,321 - utils.logger - INFO - Val result of epoch 15 / 60 mse 0.1642 rmse 0.4052 pcc -0.0847 ccc -0.0133
2021-06-16 14:55:15,749 - utils.logger - INFO - Cur epoch 16 loss ccc:0.1250
2021-06-16 14:55:16,166 - utils.logger - INFO - Cur epoch 16 loss ccc:0.1210
2021-06-16 14:55:16,519 - utils.logger - INFO - Cur epoch 16 loss ccc:1.0190
2021-06-16 14:55:16,519 - utils.logger - INFO - saving the model at the end of epoch 16, iters 96
2021-06-16 14:55:16,794 - utils.logger - INFO - End of training epoch 16 / 60 	 Time Taken: 1 sec, Data loading: 0 sec
2021-06-16 14:55:16,794 - utils.logger - INFO - learning rate = 0.0000863
2021-06-16 14:55:17,264 - utils.logger - INFO - Trn result of epoch 16 / 60 mse 0.2403 rmse 0.4902 pcc 0.0961 ccc 0.0132
2021-06-16 14:55:17,428 - utils.logger - INFO - Val result of epoch 16 / 60 mse 0.2751 rmse 0.5245 pcc -0.0858 ccc -0.0102
2021-06-16 14:55:17,869 - utils.logger - INFO - Cur epoch 17 loss ccc:0.1250
2021-06-16 14:55:18,305 - utils.logger - INFO - Cur epoch 17 loss ccc:0.1319
2021-06-16 14:55:18,664 - utils.logger - INFO - Cur epoch 17 loss ccc:0.9960
2021-06-16 14:55:18,664 - utils.logger - INFO - saving the model at the end of epoch 17, iters 102
2021-06-16 14:55:18,967 - utils.logger - INFO - End of training epoch 17 / 60 	 Time Taken: 1 sec, Data loading: 0 sec
2021-06-16 14:55:18,968 - utils.logger - INFO - learning rate = 0.0000843
2021-06-16 14:55:19,382 - utils.logger - INFO - Trn result of epoch 17 / 60 mse 0.2139 rmse 0.4625 pcc 0.0873 ccc 0.0148
2021-06-16 14:55:19,526 - utils.logger - INFO - Val result of epoch 17 / 60 mse 0.2475 rmse 0.4975 pcc -0.0765 ccc -0.0114
2021-06-16 14:55:19,968 - utils.logger - INFO - Cur epoch 18 loss ccc:0.1019
2021-06-16 14:55:20,386 - utils.logger - INFO - Cur epoch 18 loss ccc:0.1135
2021-06-16 14:55:20,732 - utils.logger - INFO - Cur epoch 18 loss ccc:1.0030
2021-06-16 14:55:20,732 - utils.logger - INFO - saving the model at the end of epoch 18, iters 108
2021-06-16 14:55:20,993 - utils.logger - INFO - End of training epoch 18 / 60 	 Time Taken: 1 sec, Data loading: 0 sec
2021-06-16 14:55:20,993 - utils.logger - INFO - learning rate = 0.0000824
2021-06-16 14:55:21,410 - utils.logger - INFO - Trn result of epoch 18 / 60 mse 0.2022 rmse 0.4496 pcc 0.0911 ccc 0.0179
2021-06-16 14:55:21,555 - utils.logger - INFO - Val result of epoch 18 / 60 mse 0.2351 rmse 0.4849 pcc -0.0909 ccc -0.0154
2021-06-16 14:55:22,002 - utils.logger - INFO - Cur epoch 19 loss ccc:0.1273
2021-06-16 14:55:22,432 - utils.logger - INFO - Cur epoch 19 loss ccc:0.1340
2021-06-16 14:55:22,772 - utils.logger - INFO - Cur epoch 19 loss ccc:0.9992
2021-06-16 14:55:22,772 - utils.logger - INFO - saving the model at the end of epoch 19, iters 114
2021-06-16 14:55:23,042 - utils.logger - INFO - End of training epoch 19 / 60 	 Time Taken: 1 sec, Data loading: 0 sec
2021-06-16 14:55:23,042 - utils.logger - INFO - learning rate = 0.0000804
2021-06-16 14:55:23,474 - utils.logger - INFO - Trn result of epoch 19 / 60 mse 0.1714 rmse 0.4140 pcc 0.0645 ccc 0.0187
2021-06-16 14:55:23,636 - utils.logger - INFO - Val result of epoch 19 / 60 mse 0.2063 rmse 0.4543 pcc -0.1010 ccc -0.0272
2021-06-16 14:55:24,093 - utils.logger - INFO - Cur epoch 20 loss ccc:0.1158
2021-06-16 14:55:24,534 - utils.logger - INFO - Cur epoch 20 loss ccc:0.1372
2021-06-16 14:55:24,894 - utils.logger - INFO - Cur epoch 20 loss ccc:1.0003
2021-06-16 14:55:24,894 - utils.logger - INFO - saving the model at the end of epoch 20, iters 120
2021-06-16 14:55:25,317 - utils.logger - INFO - End of training epoch 20 / 60 	 Time Taken: 1 sec, Data loading: 0 sec
2021-06-16 14:55:25,317 - utils.logger - INFO - learning rate = 0.0000784
2021-06-16 14:55:25,746 - utils.logger - INFO - Trn result of epoch 20 / 60 mse 0.2044 rmse 0.4521 pcc 0.0810 ccc 0.0188
2021-06-16 14:55:25,891 - utils.logger - INFO - Val result of epoch 20 / 60 mse 0.2432 rmse 0.4931 pcc -0.1000 ccc -0.0212
2021-06-16 14:55:26,334 - utils.logger - INFO - Cur epoch 21 loss ccc:0.1260
2021-06-16 14:55:26,761 - utils.logger - INFO - Cur epoch 21 loss ccc:0.1247
2021-06-16 14:55:27,129 - utils.logger - INFO - Cur epoch 21 loss ccc:0.9518
2021-06-16 14:55:27,129 - utils.logger - INFO - saving the model at the end of epoch 21, iters 126
2021-06-16 14:55:27,385 - utils.logger - INFO - End of training epoch 21 / 60 	 Time Taken: 1 sec, Data loading: 0 sec
2021-06-16 14:55:27,385 - utils.logger - INFO - learning rate = 0.0000765
2021-06-16 14:55:27,799 - utils.logger - INFO - Trn result of epoch 21 / 60 mse 0.1882 rmse 0.4339 pcc 0.0798 ccc 0.0200
2021-06-16 14:55:27,946 - utils.logger - INFO - Val result of epoch 21 / 60 mse 0.2246 rmse 0.4739 pcc -0.1060 ccc -0.0242
2021-06-16 14:55:28,374 - utils.logger - INFO - Cur epoch 22 loss ccc:0.1295
2021-06-16 14:55:28,785 - utils.logger - INFO - Cur epoch 22 loss ccc:0.1156
2021-06-16 14:55:29,155 - utils.logger - INFO - Cur epoch 22 loss ccc:1.0007
2021-06-16 14:55:29,155 - utils.logger - INFO - saving the model at the end of epoch 22, iters 132
2021-06-16 14:55:29,417 - utils.logger - INFO - End of training epoch 22 / 60 	 Time Taken: 1 sec, Data loading: 0 sec
2021-06-16 14:55:29,417 - utils.logger - INFO - learning rate = 0.0000745
2021-06-16 14:55:29,837 - utils.logger - INFO - Trn result of epoch 22 / 60 mse 0.1995 rmse 0.4466 pcc 0.0799 ccc 0.0189
2021-06-16 14:55:29,987 - utils.logger - INFO - Val result of epoch 22 / 60 mse 0.2366 rmse 0.4865 pcc -0.1028 ccc -0.0221
2021-06-16 14:55:30,444 - utils.logger - INFO - Cur epoch 23 loss ccc:0.1252
2021-06-16 14:55:30,888 - utils.logger - INFO - Cur epoch 23 loss ccc:0.1542
2021-06-16 14:55:31,242 - utils.logger - INFO - Cur epoch 23 loss ccc:0.9981
2021-06-16 14:55:31,242 - utils.logger - INFO - saving the model at the end of epoch 23, iters 138
2021-06-16 14:55:31,514 - utils.logger - INFO - End of training epoch 23 / 60 	 Time Taken: 1 sec, Data loading: 0 sec
2021-06-16 14:55:31,514 - utils.logger - INFO - learning rate = 0.0000725
2021-06-16 14:55:31,937 - utils.logger - INFO - Trn result of epoch 23 / 60 mse 0.1865 rmse 0.4319 pcc 0.0829 ccc 0.0219
2021-06-16 14:55:32,095 - utils.logger - INFO - Val result of epoch 23 / 60 mse 0.2235 rmse 0.4728 pcc -0.0991 ccc -0.0238
2021-06-16 14:55:32,552 - utils.logger - INFO - Cur epoch 24 loss ccc:0.1094
2021-06-16 14:55:32,969 - utils.logger - INFO - Cur epoch 24 loss ccc:0.1202
2021-06-16 14:55:33,318 - utils.logger - INFO - Cur epoch 24 loss ccc:0.9913
2021-06-16 14:55:33,318 - utils.logger - INFO - saving the model at the end of epoch 24, iters 144
2021-06-16 14:55:33,568 - utils.logger - INFO - End of training epoch 24 / 60 	 Time Taken: 1 sec, Data loading: 0 sec
2021-06-16 14:55:33,568 - utils.logger - INFO - learning rate = 0.0000706
2021-06-16 14:55:33,997 - utils.logger - INFO - Trn result of epoch 24 / 60 mse 0.1755 rmse 0.4190 pcc 0.0788 ccc 0.0240
2021-06-16 14:55:34,142 - utils.logger - INFO - Val result of epoch 24 / 60 mse 0.2098 rmse 0.4581 pcc -0.1007 ccc -0.0275
2021-06-16 14:55:34,555 - utils.logger - INFO - Cur epoch 25 loss ccc:0.1253
2021-06-16 14:55:35,014 - utils.logger - INFO - Cur epoch 25 loss ccc:0.1313
2021-06-16 14:55:35,362 - utils.logger - INFO - Cur epoch 25 loss ccc:1.0018
2021-06-16 14:55:35,362 - utils.logger - INFO - saving the model at the end of epoch 25, iters 150
2021-06-16 14:55:35,625 - utils.logger - INFO - End of training epoch 25 / 60 	 Time Taken: 1 sec, Data loading: 0 sec
2021-06-16 14:55:35,625 - utils.logger - INFO - learning rate = 0.0000686
2021-06-16 14:55:36,040 - utils.logger - INFO - Trn result of epoch 25 / 60 mse 0.1766 rmse 0.4202 pcc 0.0973 ccc 0.0282
2021-06-16 14:55:36,184 - utils.logger - INFO - Val result of epoch 25 / 60 mse 0.2078 rmse 0.4558 pcc -0.0959 ccc -0.0242
2021-06-16 14:55:36,597 - utils.logger - INFO - Cur epoch 26 loss ccc:0.1251
2021-06-16 14:55:37,017 - utils.logger - INFO - Cur epoch 26 loss ccc:0.1250
2021-06-16 14:55:37,386 - utils.logger - INFO - Cur epoch 26 loss ccc:0.9995
2021-06-16 14:55:37,386 - utils.logger - INFO - saving the model at the end of epoch 26, iters 156
2021-06-16 14:55:37,726 - utils.logger - INFO - End of training epoch 26 / 60 	 Time Taken: 1 sec, Data loading: 0 sec
2021-06-16 14:55:37,726 - utils.logger - INFO - learning rate = 0.0000667
2021-06-16 14:55:38,170 - utils.logger - INFO - Trn result of epoch 26 / 60 mse 0.1547 rmse 0.3933 pcc 0.1109 ccc 0.0328
2021-06-16 14:55:38,317 - utils.logger - INFO - Val result of epoch 26 / 60 mse 0.1828 rmse 0.4276 pcc -0.0904 ccc -0.0232
2021-06-16 14:55:38,735 - utils.logger - INFO - Cur epoch 27 loss ccc:0.1320
2021-06-16 14:55:39,136 - utils.logger - INFO - Cur epoch 27 loss ccc:0.1393
2021-06-16 14:55:39,454 - utils.logger - INFO - Cur epoch 27 loss ccc:1.0013
2021-06-16 14:55:39,455 - utils.logger - INFO - saving the model at the end of epoch 27, iters 162
2021-06-16 14:55:39,699 - utils.logger - INFO - End of training epoch 27 / 60 	 Time Taken: 1 sec, Data loading: 0 sec
2021-06-16 14:55:39,699 - utils.logger - INFO - learning rate = 0.0000647
2021-06-16 14:55:40,121 - utils.logger - INFO - Trn result of epoch 27 / 60 mse 0.1498 rmse 0.3871 pcc 0.0997 ccc 0.0312
2021-06-16 14:55:40,268 - utils.logger - INFO - Val result of epoch 27 / 60 mse 0.1770 rmse 0.4207 pcc -0.0952 ccc -0.0259
2021-06-16 14:55:40,684 - utils.logger - INFO - Cur epoch 28 loss ccc:0.1091
2021-06-16 14:55:41,106 - utils.logger - INFO - Cur epoch 28 loss ccc:0.1250
2021-06-16 14:55:41,481 - utils.logger - INFO - Cur epoch 28 loss ccc:1.0848
2021-06-16 14:55:41,481 - utils.logger - INFO - saving the model at the end of epoch 28, iters 168
2021-06-16 14:55:41,746 - utils.logger - INFO - End of training epoch 28 / 60 	 Time Taken: 1 sec, Data loading: 0 sec
2021-06-16 14:55:41,746 - utils.logger - INFO - learning rate = 0.0000627
2021-06-16 14:55:42,215 - utils.logger - INFO - Trn result of epoch 28 / 60 mse 0.1651 rmse 0.4063 pcc 0.1072 ccc 0.0315
2021-06-16 14:55:42,375 - utils.logger - INFO - Val result of epoch 28 / 60 mse 0.1923 rmse 0.4385 pcc -0.0859 ccc -0.0222
2021-06-16 14:55:42,825 - utils.logger - INFO - Cur epoch 29 loss ccc:0.1163
2021-06-16 14:55:43,272 - utils.logger - INFO - Cur epoch 29 loss ccc:0.1368
2021-06-16 14:55:43,652 - utils.logger - INFO - Cur epoch 29 loss ccc:1.0025
2021-06-16 14:55:43,652 - utils.logger - INFO - saving the model at the end of epoch 29, iters 174
2021-06-16 14:55:43,920 - utils.logger - INFO - End of training epoch 29 / 60 	 Time Taken: 1 sec, Data loading: 0 sec
2021-06-16 14:55:43,920 - utils.logger - INFO - learning rate = 0.0000608
2021-06-16 14:55:44,336 - utils.logger - INFO - Trn result of epoch 29 / 60 mse 0.1684 rmse 0.4104 pcc 0.1050 ccc 0.0319
2021-06-16 14:55:44,480 - utils.logger - INFO - Val result of epoch 29 / 60 mse 0.1950 rmse 0.4416 pcc -0.0801 ccc -0.0214
2021-06-16 14:55:44,902 - utils.logger - INFO - Cur epoch 30 loss ccc:0.1280
2021-06-16 14:55:45,316 - utils.logger - INFO - Cur epoch 30 loss ccc:0.1047
2021-06-16 14:55:45,667 - utils.logger - INFO - Cur epoch 30 loss ccc:0.9934
2021-06-16 14:55:45,668 - utils.logger - INFO - saving the model at the end of epoch 30, iters 180
2021-06-16 14:55:45,977 - utils.logger - INFO - End of training epoch 30 / 60 	 Time Taken: 1 sec, Data loading: 0 sec
2021-06-16 14:55:45,977 - utils.logger - INFO - learning rate = 0.0000588
2021-06-16 14:55:46,396 - utils.logger - INFO - Trn result of epoch 30 / 60 mse 0.1568 rmse 0.3960 pcc 0.1073 ccc 0.0340
2021-06-16 14:55:46,541 - utils.logger - INFO - Val result of epoch 30 / 60 mse 0.1828 rmse 0.4275 pcc -0.0824 ccc -0.0227
2021-06-16 14:55:46,970 - utils.logger - INFO - Cur epoch 31 loss ccc:0.1201
2021-06-16 14:55:47,397 - utils.logger - INFO - Cur epoch 31 loss ccc:0.1259
2021-06-16 14:55:47,750 - utils.logger - INFO - Cur epoch 31 loss ccc:0.9632
2021-06-16 14:55:47,750 - utils.logger - INFO - saving the model at the end of epoch 31, iters 186
2021-06-16 14:55:48,067 - utils.logger - INFO - End of training epoch 31 / 60 	 Time Taken: 1 sec, Data loading: 0 sec
2021-06-16 14:55:48,067 - utils.logger - INFO - learning rate = 0.0000569
2021-06-16 14:55:48,497 - utils.logger - INFO - Trn result of epoch 31 / 60 mse 0.1572 rmse 0.3964 pcc 0.1050 ccc 0.0343
2021-06-16 14:55:48,644 - utils.logger - INFO - Val result of epoch 31 / 60 mse 0.1843 rmse 0.4293 pcc -0.0917 ccc -0.0261
2021-06-16 14:55:49,064 - utils.logger - INFO - Cur epoch 32 loss ccc:0.1018
2021-06-16 14:55:49,463 - utils.logger - INFO - Cur epoch 32 loss ccc:0.1427
2021-06-16 14:55:49,776 - utils.logger - INFO - Cur epoch 32 loss ccc:0.9998
2021-06-16 14:55:49,776 - utils.logger - INFO - saving the model at the end of epoch 32, iters 192
2021-06-16 14:55:50,030 - utils.logger - INFO - End of training epoch 32 / 60 	 Time Taken: 1 sec, Data loading: 0 sec
2021-06-16 14:55:50,031 - utils.logger - INFO - learning rate = 0.0000549
2021-06-16 14:55:50,441 - utils.logger - INFO - Trn result of epoch 32 / 60 mse 0.1639 rmse 0.4048 pcc 0.1049 ccc 0.0331
2021-06-16 14:55:50,581 - utils.logger - INFO - Val result of epoch 32 / 60 mse 0.1919 rmse 0.4381 pcc -0.0849 ccc -0.0233
2021-06-16 14:55:50,968 - utils.logger - INFO - Cur epoch 33 loss ccc:0.1250
2021-06-16 14:55:51,363 - utils.logger - INFO - Cur epoch 33 loss ccc:0.1097
2021-06-16 14:55:51,702 - utils.logger - INFO - Cur epoch 33 loss ccc:0.9816
2021-06-16 14:55:51,702 - utils.logger - INFO - saving the model at the end of epoch 33, iters 198
2021-06-16 14:55:51,955 - utils.logger - INFO - End of training epoch 33 / 60 	 Time Taken: 1 sec, Data loading: 0 sec
2021-06-16 14:55:51,955 - utils.logger - INFO - learning rate = 0.0000529
2021-06-16 14:55:52,364 - utils.logger - INFO - Trn result of epoch 33 / 60 mse 0.1224 rmse 0.3498 pcc 0.0901 ccc 0.0399
2021-06-16 14:55:52,507 - utils.logger - INFO - Val result of epoch 33 / 60 mse 0.1479 rmse 0.3846 pcc -0.0987 ccc -0.0392
2021-06-16 14:55:52,937 - utils.logger - INFO - Cur epoch 34 loss ccc:0.1122
2021-06-16 14:55:53,363 - utils.logger - INFO - Cur epoch 34 loss ccc:0.1246
2021-06-16 14:55:53,716 - utils.logger - INFO - Cur epoch 34 loss ccc:0.9991
2021-06-16 14:55:53,716 - utils.logger - INFO - saving the model at the end of epoch 34, iters 204
2021-06-16 14:55:53,964 - utils.logger - INFO - End of training epoch 34 / 60 	 Time Taken: 1 sec, Data loading: 0 sec
2021-06-16 14:55:53,964 - utils.logger - INFO - learning rate = 0.0000510
2021-06-16 14:55:54,430 - utils.logger - INFO - Trn result of epoch 34 / 60 mse 0.1187 rmse 0.3445 pcc 0.0906 ccc 0.0405
2021-06-16 14:55:54,602 - utils.logger - INFO - Val result of epoch 34 / 60 mse 0.1436 rmse 0.3790 pcc -0.1001 ccc -0.0403
2021-06-16 14:55:55,047 - utils.logger - INFO - Cur epoch 35 loss ccc:0.1250
2021-06-16 14:55:55,484 - utils.logger - INFO - Cur epoch 35 loss ccc:0.1119
2021-06-16 14:55:55,841 - utils.logger - INFO - Cur epoch 35 loss ccc:1.0308
2021-06-16 14:55:55,841 - utils.logger - INFO - saving the model at the end of epoch 35, iters 210
2021-06-16 14:55:56,127 - utils.logger - INFO - End of training epoch 35 / 60 	 Time Taken: 1 sec, Data loading: 0 sec
2021-06-16 14:55:56,128 - utils.logger - INFO - learning rate = 0.0000490
2021-06-16 14:55:56,566 - utils.logger - INFO - Trn result of epoch 35 / 60 mse 0.1128 rmse 0.3359 pcc 0.0884 ccc 0.0380
2021-06-16 14:55:56,728 - utils.logger - INFO - Val result of epoch 35 / 60 mse 0.1366 rmse 0.3696 pcc -0.0967 ccc -0.0379
2021-06-16 14:55:57,146 - utils.logger - INFO - Cur epoch 36 loss ccc:0.1227
2021-06-16 14:55:57,578 - utils.logger - INFO - Cur epoch 36 loss ccc:0.1252
2021-06-16 14:55:57,912 - utils.logger - INFO - Cur epoch 36 loss ccc:1.0002
2021-06-16 14:55:57,913 - utils.logger - INFO - saving the model at the end of epoch 36, iters 216
2021-06-16 14:55:58,170 - utils.logger - INFO - End of training epoch 36 / 60 	 Time Taken: 1 sec, Data loading: 0 sec
2021-06-16 14:55:58,170 - utils.logger - INFO - learning rate = 0.0000471
2021-06-16 14:55:58,587 - utils.logger - INFO - Trn result of epoch 36 / 60 mse 0.1071 rmse 0.3273 pcc 0.0708 ccc 0.0352
2021-06-16 14:55:58,733 - utils.logger - INFO - Val result of epoch 36 / 60 mse 0.1276 rmse 0.3572 pcc -0.0890 ccc -0.0404
2021-06-16 14:55:59,139 - utils.logger - INFO - Cur epoch 37 loss ccc:0.1182
2021-06-16 14:55:59,572 - utils.logger - INFO - Cur epoch 37 loss ccc:0.1136
2021-06-16 14:55:59,915 - utils.logger - INFO - Cur epoch 37 loss ccc:1.0132
2021-06-16 14:55:59,915 - utils.logger - INFO - saving the model at the end of epoch 37, iters 222
2021-06-16 14:56:00,165 - utils.logger - INFO - End of training epoch 37 / 60 	 Time Taken: 1 sec, Data loading: 0 sec
2021-06-16 14:56:00,165 - utils.logger - INFO - learning rate = 0.0000451
2021-06-16 14:56:00,576 - utils.logger - INFO - Trn result of epoch 37 / 60 mse 0.1122 rmse 0.3349 pcc 0.0729 ccc 0.0329
2021-06-16 14:56:00,720 - utils.logger - INFO - Val result of epoch 37 / 60 mse 0.1343 rmse 0.3665 pcc -0.0949 ccc -0.0388
2021-06-16 14:56:01,105 - utils.logger - INFO - Cur epoch 38 loss ccc:0.1250
2021-06-16 14:56:01,503 - utils.logger - INFO - Cur epoch 38 loss ccc:0.1018
2021-06-16 14:56:01,841 - utils.logger - INFO - Cur epoch 38 loss ccc:0.9908
2021-06-16 14:56:01,841 - utils.logger - INFO - saving the model at the end of epoch 38, iters 228
2021-06-16 14:56:02,090 - utils.logger - INFO - End of training epoch 38 / 60 	 Time Taken: 1 sec, Data loading: 0 sec
2021-06-16 14:56:02,090 - utils.logger - INFO - learning rate = 0.0000431
2021-06-16 14:56:02,548 - utils.logger - INFO - Trn result of epoch 38 / 60 mse 0.1103 rmse 0.3321 pcc 0.0710 ccc 0.0330
2021-06-16 14:56:02,717 - utils.logger - INFO - Val result of epoch 38 / 60 mse 0.1322 rmse 0.3635 pcc -0.0970 ccc -0.0412
2021-06-16 14:56:03,149 - utils.logger - INFO - Cur epoch 39 loss ccc:0.1197
2021-06-16 14:56:03,564 - utils.logger - INFO - Cur epoch 39 loss ccc:0.1173
2021-06-16 14:56:03,890 - utils.logger - INFO - Cur epoch 39 loss ccc:0.9965
2021-06-16 14:56:03,890 - utils.logger - INFO - saving the model at the end of epoch 39, iters 234
2021-06-16 14:56:04,139 - utils.logger - INFO - End of training epoch 39 / 60 	 Time Taken: 1 sec, Data loading: 0 sec
2021-06-16 14:56:04,139 - utils.logger - INFO - learning rate = 0.0000412
2021-06-16 14:56:04,559 - utils.logger - INFO - Trn result of epoch 39 / 60 mse 0.1110 rmse 0.3331 pcc 0.0660 ccc 0.0315
2021-06-16 14:56:04,705 - utils.logger - INFO - Val result of epoch 39 / 60 mse 0.1325 rmse 0.3640 pcc -0.0964 ccc -0.0418
2021-06-16 14:56:05,155 - utils.logger - INFO - Cur epoch 40 loss ccc:0.1120
2021-06-16 14:56:05,546 - utils.logger - INFO - Cur epoch 40 loss ccc:0.1288
2021-06-16 14:56:05,903 - utils.logger - INFO - Cur epoch 40 loss ccc:0.9959
2021-06-16 14:56:05,903 - utils.logger - INFO - saving the model at the end of epoch 40, iters 240
2021-06-16 14:56:06,159 - utils.logger - INFO - End of training epoch 40 / 60 	 Time Taken: 1 sec, Data loading: 0 sec
2021-06-16 14:56:06,159 - utils.logger - INFO - learning rate = 0.0000392
2021-06-16 14:56:06,590 - utils.logger - INFO - Trn result of epoch 40 / 60 mse 0.1126 rmse 0.3356 pcc 0.0668 ccc 0.0323
2021-06-16 14:56:06,738 - utils.logger - INFO - Val result of epoch 40 / 60 mse 0.1346 rmse 0.3669 pcc -0.0968 ccc -0.0427
2021-06-16 14:56:07,158 - utils.logger - INFO - Cur epoch 41 loss ccc:0.1107
2021-06-16 14:56:07,562 - utils.logger - INFO - Cur epoch 41 loss ccc:0.1217
2021-06-16 14:56:07,928 - utils.logger - INFO - Cur epoch 41 loss ccc:0.9999
2021-06-16 14:56:07,928 - utils.logger - INFO - saving the model at the end of epoch 41, iters 246
2021-06-16 14:56:08,180 - utils.logger - INFO - End of training epoch 41 / 60 	 Time Taken: 1 sec, Data loading: 0 sec
2021-06-16 14:56:08,180 - utils.logger - INFO - learning rate = 0.0000373
2021-06-16 14:56:08,598 - utils.logger - INFO - Trn result of epoch 41 / 60 mse 0.1120 rmse 0.3347 pcc 0.0645 ccc 0.0322
2021-06-16 14:56:08,745 - utils.logger - INFO - Val result of epoch 41 / 60 mse 0.1341 rmse 0.3662 pcc -0.0963 ccc -0.0441
2021-06-16 14:56:09,167 - utils.logger - INFO - Cur epoch 42 loss ccc:0.1149
2021-06-16 14:56:09,575 - utils.logger - INFO - Cur epoch 42 loss ccc:0.1391
2021-06-16 14:56:09,903 - utils.logger - INFO - Cur epoch 42 loss ccc:0.9938
2021-06-16 14:56:09,904 - utils.logger - INFO - saving the model at the end of epoch 42, iters 252
2021-06-16 14:56:10,155 - utils.logger - INFO - End of training epoch 42 / 60 	 Time Taken: 1 sec, Data loading: 0 sec
2021-06-16 14:56:10,155 - utils.logger - INFO - learning rate = 0.0000353
2021-06-16 14:56:10,576 - utils.logger - INFO - Trn result of epoch 42 / 60 mse 0.1092 rmse 0.3304 pcc 0.0657 ccc 0.0331
2021-06-16 14:56:10,724 - utils.logger - INFO - Val result of epoch 42 / 60 mse 0.1304 rmse 0.3611 pcc -0.0960 ccc -0.0447
2021-06-16 14:56:11,152 - utils.logger - INFO - Cur epoch 43 loss ccc:0.1130
2021-06-16 14:56:11,585 - utils.logger - INFO - Cur epoch 43 loss ccc:0.1277
2021-06-16 14:56:11,940 - utils.logger - INFO - Cur epoch 43 loss ccc:0.9895
2021-06-16 14:56:11,940 - utils.logger - INFO - saving the model at the end of epoch 43, iters 258
2021-06-16 14:56:12,200 - utils.logger - INFO - End of training epoch 43 / 60 	 Time Taken: 1 sec, Data loading: 0 sec
2021-06-16 14:56:12,200 - utils.logger - INFO - learning rate = 0.0000333
2021-06-16 14:56:12,669 - utils.logger - INFO - Trn result of epoch 43 / 60 mse 0.1134 rmse 0.3367 pcc 0.0641 ccc 0.0293
2021-06-16 14:56:12,828 - utils.logger - INFO - Val result of epoch 43 / 60 mse 0.1350 rmse 0.3674 pcc -0.0957 ccc -0.0397
2021-06-16 14:56:13,249 - utils.logger - INFO - Cur epoch 44 loss ccc:0.1362
2021-06-16 14:56:13,666 - utils.logger - INFO - Cur epoch 44 loss ccc:0.1255
2021-06-16 14:56:14,010 - utils.logger - INFO - Cur epoch 44 loss ccc:0.9387
2021-06-16 14:56:14,010 - utils.logger - INFO - saving the model at the end of epoch 44, iters 264
2021-06-16 14:56:14,286 - utils.logger - INFO - End of training epoch 44 / 60 	 Time Taken: 1 sec, Data loading: 0 sec
2021-06-16 14:56:14,287 - utils.logger - INFO - learning rate = 0.0000314
2021-06-16 14:56:14,700 - utils.logger - INFO - Trn result of epoch 44 / 60 mse 0.1132 rmse 0.3365 pcc 0.0751 ccc 0.0316
2021-06-16 14:56:14,846 - utils.logger - INFO - Val result of epoch 44 / 60 mse 0.1332 rmse 0.3650 pcc -0.0951 ccc -0.0352
2021-06-16 14:56:15,264 - utils.logger - INFO - Cur epoch 45 loss ccc:0.1172
2021-06-16 14:56:15,712 - utils.logger - INFO - Cur epoch 45 loss ccc:0.1361
2021-06-16 14:56:16,061 - utils.logger - INFO - Cur epoch 45 loss ccc:1.0017
2021-06-16 14:56:16,061 - utils.logger - INFO - saving the model at the end of epoch 45, iters 270
2021-06-16 14:56:16,379 - utils.logger - INFO - End of training epoch 45 / 60 	 Time Taken: 1 sec, Data loading: 0 sec
2021-06-16 14:56:16,379 - utils.logger - INFO - learning rate = 0.0000294
2021-06-16 14:56:16,812 - utils.logger - INFO - Trn result of epoch 45 / 60 mse 0.1145 rmse 0.3384 pcc 0.0787 ccc 0.0335
2021-06-16 14:56:16,965 - utils.logger - INFO - Val result of epoch 45 / 60 mse 0.1341 rmse 0.3662 pcc -0.0892 ccc -0.0334
2021-06-16 14:56:17,420 - utils.logger - INFO - Cur epoch 46 loss ccc:0.1250
2021-06-16 14:56:17,869 - utils.logger - INFO - Cur epoch 46 loss ccc:0.0854
2021-06-16 14:56:18,246 - utils.logger - INFO - Cur epoch 46 loss ccc:1.0006
2021-06-16 14:56:18,247 - utils.logger - INFO - saving the model at the end of epoch 46, iters 276
2021-06-16 14:56:18,510 - utils.logger - INFO - End of training epoch 46 / 60 	 Time Taken: 1 sec, Data loading: 0 sec
2021-06-16 14:56:18,510 - utils.logger - INFO - learning rate = 0.0000275
2021-06-16 14:56:18,922 - utils.logger - INFO - Trn result of epoch 46 / 60 mse 0.1180 rmse 0.3436 pcc 0.0791 ccc 0.0352
2021-06-16 14:56:19,068 - utils.logger - INFO - Val result of epoch 46 / 60 mse 0.1383 rmse 0.3719 pcc -0.0912 ccc -0.0358
2021-06-16 14:56:19,499 - utils.logger - INFO - Cur epoch 47 loss ccc:0.1249
2021-06-16 14:56:19,945 - utils.logger - INFO - Cur epoch 47 loss ccc:0.1248
2021-06-16 14:56:20,286 - utils.logger - INFO - Cur epoch 47 loss ccc:1.0021
2021-06-16 14:56:20,286 - utils.logger - INFO - saving the model at the end of epoch 47, iters 282
2021-06-16 14:56:20,565 - utils.logger - INFO - End of training epoch 47 / 60 	 Time Taken: 1 sec, Data loading: 0 sec
2021-06-16 14:56:20,565 - utils.logger - INFO - learning rate = 0.0000255
2021-06-16 14:56:20,977 - utils.logger - INFO - Trn result of epoch 47 / 60 mse 0.1201 rmse 0.3465 pcc 0.0727 ccc 0.0312
2021-06-16 14:56:21,124 - utils.logger - INFO - Val result of epoch 47 / 60 mse 0.1401 rmse 0.3743 pcc -0.0933 ccc -0.0353
2021-06-16 14:56:21,536 - utils.logger - INFO - Cur epoch 48 loss ccc:0.1250
2021-06-16 14:56:21,958 - utils.logger - INFO - Cur epoch 48 loss ccc:0.1232
2021-06-16 14:56:22,308 - utils.logger - INFO - Cur epoch 48 loss ccc:1.1118
2021-06-16 14:56:22,308 - utils.logger - INFO - saving the model at the end of epoch 48, iters 288
2021-06-16 14:56:22,560 - utils.logger - INFO - End of training epoch 48 / 60 	 Time Taken: 1 sec, Data loading: 0 sec
2021-06-16 14:56:22,560 - utils.logger - INFO - learning rate = 0.0000235
2021-06-16 14:56:23,016 - utils.logger - INFO - Trn result of epoch 48 / 60 mse 0.1245 rmse 0.3528 pcc 0.0744 ccc 0.0324
2021-06-16 14:56:23,180 - utils.logger - INFO - Val result of epoch 48 / 60 mse 0.1451 rmse 0.3810 pcc -0.0896 ccc -0.0343
2021-06-16 14:56:23,610 - utils.logger - INFO - Cur epoch 49 loss ccc:0.1198
2021-06-16 14:56:24,037 - utils.logger - INFO - Cur epoch 49 loss ccc:0.1335
2021-06-16 14:56:24,382 - utils.logger - INFO - Cur epoch 49 loss ccc:0.9610
2021-06-16 14:56:24,383 - utils.logger - INFO - saving the model at the end of epoch 49, iters 294
2021-06-16 14:56:24,757 - utils.logger - INFO - End of training epoch 49 / 60 	 Time Taken: 1 sec, Data loading: 0 sec
2021-06-16 14:56:24,758 - utils.logger - INFO - learning rate = 0.0000216
2021-06-16 14:56:25,173 - utils.logger - INFO - Trn result of epoch 49 / 60 mse 0.1226 rmse 0.3502 pcc 0.0784 ccc 0.0344
2021-06-16 14:56:25,321 - utils.logger - INFO - Val result of epoch 49 / 60 mse 0.1419 rmse 0.3767 pcc -0.0802 ccc -0.0309
2021-06-16 14:56:25,770 - utils.logger - INFO - Cur epoch 50 loss ccc:0.1213
2021-06-16 14:56:26,186 - utils.logger - INFO - Cur epoch 50 loss ccc:0.1316
2021-06-16 14:56:26,510 - utils.logger - INFO - Cur epoch 50 loss ccc:1.1315
2021-06-16 14:56:26,510 - utils.logger - INFO - saving the model at the end of epoch 50, iters 300
2021-06-16 14:56:26,855 - utils.logger - INFO - End of training epoch 50 / 60 	 Time Taken: 1 sec, Data loading: 0 sec
2021-06-16 14:56:26,855 - utils.logger - INFO - learning rate = 0.0000196
2021-06-16 14:56:27,282 - utils.logger - INFO - Trn result of epoch 50 / 60 mse 0.1306 rmse 0.3614 pcc 0.0779 ccc 0.0332
2021-06-16 14:56:27,428 - utils.logger - INFO - Val result of epoch 50 / 60 mse 0.1504 rmse 0.3878 pcc -0.0768 ccc -0.0288
2021-06-16 14:56:27,864 - utils.logger - INFO - Cur epoch 51 loss ccc:0.1202
2021-06-16 14:56:28,290 - utils.logger - INFO - Cur epoch 51 loss ccc:0.1250
2021-06-16 14:56:28,635 - utils.logger - INFO - Cur epoch 51 loss ccc:0.9425
2021-06-16 14:56:28,635 - utils.logger - INFO - saving the model at the end of epoch 51, iters 306
2021-06-16 14:56:28,898 - utils.logger - INFO - End of training epoch 51 / 60 	 Time Taken: 1 sec, Data loading: 0 sec
2021-06-16 14:56:28,898 - utils.logger - INFO - learning rate = 0.0000176
2021-06-16 14:56:29,333 - utils.logger - INFO - Trn result of epoch 51 / 60 mse 0.1497 rmse 0.3869 pcc 0.0742 ccc 0.0305
2021-06-16 14:56:29,479 - utils.logger - INFO - Val result of epoch 51 / 60 mse 0.1713 rmse 0.4139 pcc -0.0800 ccc -0.0292
2021-06-16 14:56:29,901 - utils.logger - INFO - Cur epoch 52 loss ccc:0.1011
2021-06-16 14:56:30,326 - utils.logger - INFO - Cur epoch 52 loss ccc:0.1250
2021-06-16 14:56:30,679 - utils.logger - INFO - Cur epoch 52 loss ccc:1.0184
2021-06-16 14:56:30,679 - utils.logger - INFO - saving the model at the end of epoch 52, iters 312
2021-06-16 14:56:30,946 - utils.logger - INFO - End of training epoch 52 / 60 	 Time Taken: 1 sec, Data loading: 0 sec
2021-06-16 14:56:30,947 - utils.logger - INFO - learning rate = 0.0000157
2021-06-16 14:56:31,365 - utils.logger - INFO - Trn result of epoch 52 / 60 mse 0.1578 rmse 0.3973 pcc 0.0712 ccc 0.0273
2021-06-16 14:56:31,513 - utils.logger - INFO - Val result of epoch 52 / 60 mse 0.1802 rmse 0.4245 pcc -0.0810 ccc -0.0274
2021-06-16 14:56:31,939 - utils.logger - INFO - Cur epoch 53 loss ccc:0.1247
2021-06-16 14:56:32,365 - utils.logger - INFO - Cur epoch 53 loss ccc:0.1362
2021-06-16 14:56:32,713 - utils.logger - INFO - Cur epoch 53 loss ccc:1.0005
2021-06-16 14:56:32,713 - utils.logger - INFO - saving the model at the end of epoch 53, iters 318
2021-06-16 14:56:32,975 - utils.logger - INFO - End of training epoch 53 / 60 	 Time Taken: 1 sec, Data loading: 0 sec
2021-06-16 14:56:32,976 - utils.logger - INFO - learning rate = 0.0000137
2021-06-16 14:56:33,421 - utils.logger - INFO - Trn result of epoch 53 / 60 mse 0.1477 rmse 0.3844 pcc 0.0739 ccc 0.0302
2021-06-16 14:56:33,585 - utils.logger - INFO - Val result of epoch 53 / 60 mse 0.1688 rmse 0.4108 pcc -0.0797 ccc -0.0287
2021-06-16 14:56:34,023 - utils.logger - INFO - Cur epoch 54 loss ccc:0.0832
2021-06-16 14:56:34,458 - utils.logger - INFO - Cur epoch 54 loss ccc:0.1250
2021-06-16 14:56:34,826 - utils.logger - INFO - Cur epoch 54 loss ccc:0.9636
2021-06-16 14:56:34,827 - utils.logger - INFO - saving the model at the end of epoch 54, iters 324
2021-06-16 14:56:35,084 - utils.logger - INFO - End of training epoch 54 / 60 	 Time Taken: 1 sec, Data loading: 0 sec
2021-06-16 14:56:35,084 - utils.logger - INFO - learning rate = 0.0000118
2021-06-16 14:56:35,501 - utils.logger - INFO - Trn result of epoch 54 / 60 mse 0.1413 rmse 0.3758 pcc 0.0712 ccc 0.0303
2021-06-16 14:56:35,645 - utils.logger - INFO - Val result of epoch 54 / 60 mse 0.1620 rmse 0.4025 pcc -0.0830 ccc -0.0312
2021-06-16 14:56:36,057 - utils.logger - INFO - Cur epoch 55 loss ccc:0.0917
2021-06-16 14:56:36,489 - utils.logger - INFO - Cur epoch 55 loss ccc:0.1252
2021-06-16 14:56:36,825 - utils.logger - INFO - Cur epoch 55 loss ccc:0.9996
2021-06-16 14:56:36,826 - utils.logger - INFO - saving the model at the end of epoch 55, iters 330
2021-06-16 14:56:37,087 - utils.logger - INFO - End of training epoch 55 / 60 	 Time Taken: 1 sec, Data loading: 0 sec
2021-06-16 14:56:37,087 - utils.logger - INFO - learning rate = 0.0000098
2021-06-16 14:56:37,504 - utils.logger - INFO - Trn result of epoch 55 / 60 mse 0.1408 rmse 0.3752 pcc 0.0734 ccc 0.0313
2021-06-16 14:56:37,649 - utils.logger - INFO - Val result of epoch 55 / 60 mse 0.1615 rmse 0.4019 pcc -0.0812 ccc -0.0306
2021-06-16 14:56:38,070 - utils.logger - INFO - Cur epoch 56 loss ccc:0.1263
2021-06-16 14:56:38,484 - utils.logger - INFO - Cur epoch 56 loss ccc:0.1163
2021-06-16 14:56:38,819 - utils.logger - INFO - Cur epoch 56 loss ccc:0.8898
2021-06-16 14:56:38,820 - utils.logger - INFO - saving the model at the end of epoch 56, iters 336
2021-06-16 14:56:39,077 - utils.logger - INFO - End of training epoch 56 / 60 	 Time Taken: 1 sec, Data loading: 0 sec
2021-06-16 14:56:39,078 - utils.logger - INFO - learning rate = 0.0000078
2021-06-16 14:56:39,534 - utils.logger - INFO - Trn result of epoch 56 / 60 mse 0.1367 rmse 0.3697 pcc 0.0725 ccc 0.0316
2021-06-16 14:56:39,692 - utils.logger - INFO - Val result of epoch 56 / 60 mse 0.1565 rmse 0.3956 pcc -0.0777 ccc -0.0300
2021-06-16 14:56:40,098 - utils.logger - INFO - Cur epoch 57 loss ccc:0.1257
2021-06-16 14:56:40,517 - utils.logger - INFO - Cur epoch 57 loss ccc:0.1118
2021-06-16 14:56:40,877 - utils.logger - INFO - Cur epoch 57 loss ccc:1.0066
2021-06-16 14:56:40,877 - utils.logger - INFO - saving the model at the end of epoch 57, iters 342
2021-06-16 14:56:41,136 - utils.logger - INFO - End of training epoch 57 / 60 	 Time Taken: 1 sec, Data loading: 0 sec
2021-06-16 14:56:41,136 - utils.logger - INFO - learning rate = 0.0000059
2021-06-16 14:56:41,550 - utils.logger - INFO - Trn result of epoch 57 / 60 mse 0.1356 rmse 0.3683 pcc 0.0745 ccc 0.0316
2021-06-16 14:56:41,695 - utils.logger - INFO - Val result of epoch 57 / 60 mse 0.1557 rmse 0.3946 pcc -0.0760 ccc -0.0284
2021-06-16 14:56:42,110 - utils.logger - INFO - Cur epoch 58 loss ccc:0.1125
2021-06-16 14:56:42,523 - utils.logger - INFO - Cur epoch 58 loss ccc:0.1166
2021-06-16 14:56:42,854 - utils.logger - INFO - Cur epoch 58 loss ccc:0.9971
2021-06-16 14:56:42,854 - utils.logger - INFO - saving the model at the end of epoch 58, iters 348
2021-06-16 14:56:43,124 - utils.logger - INFO - End of training epoch 58 / 60 	 Time Taken: 1 sec, Data loading: 0 sec
2021-06-16 14:56:43,125 - utils.logger - INFO - learning rate = 0.0000039
2021-06-16 14:56:43,535 - utils.logger - INFO - Trn result of epoch 58 / 60 mse 0.1344 rmse 0.3665 pcc 0.0740 ccc 0.0316
2021-06-16 14:56:43,678 - utils.logger - INFO - Val result of epoch 58 / 60 mse 0.1541 rmse 0.3926 pcc -0.0752 ccc -0.0284
2021-06-16 14:56:44,070 - utils.logger - INFO - Cur epoch 59 loss ccc:0.1059
2021-06-16 14:56:44,524 - utils.logger - INFO - Cur epoch 59 loss ccc:0.1415
2021-06-16 14:56:44,902 - utils.logger - INFO - Cur epoch 59 loss ccc:0.9959
2021-06-16 14:56:44,902 - utils.logger - INFO - saving the model at the end of epoch 59, iters 354
2021-06-16 14:56:45,173 - utils.logger - INFO - End of training epoch 59 / 60 	 Time Taken: 1 sec, Data loading: 0 sec
2021-06-16 14:56:45,174 - utils.logger - INFO - learning rate = 0.0000020
2021-06-16 14:56:45,627 - utils.logger - INFO - Trn result of epoch 59 / 60 mse 0.1346 rmse 0.3669 pcc 0.0735 ccc 0.0314
2021-06-16 14:56:45,791 - utils.logger - INFO - Val result of epoch 59 / 60 mse 0.1546 rmse 0.3932 pcc -0.0778 ccc -0.0294
2021-06-16 14:56:46,250 - utils.logger - INFO - Cur epoch 60 loss ccc:0.1280
2021-06-16 14:56:46,705 - utils.logger - INFO - Cur epoch 60 loss ccc:0.1141
2021-06-16 14:56:47,068 - utils.logger - INFO - Cur epoch 60 loss ccc:1.0081
2021-06-16 14:56:47,068 - utils.logger - INFO - saving the model at the end of epoch 60, iters 360
2021-06-16 14:56:47,339 - utils.logger - INFO - End of training epoch 60 / 60 	 Time Taken: 1 sec, Data loading: 0 sec
2021-06-16 14:56:47,340 - utils.logger - INFO - learning rate = 0.0000000
2021-06-16 14:56:47,751 - utils.logger - INFO - Trn result of epoch 60 / 60 mse 0.1346 rmse 0.3669 pcc 0.0735 ccc 0.0315
2021-06-16 14:56:47,896 - utils.logger - INFO - Val result of epoch 60 / 60 mse 0.1545 rmse 0.3931 pcc -0.0779 ccc -0.0295
2021-06-16 14:56:47,897 - utils.logger - INFO - Best eval epoch 4 found with ccc 0.003408
2021-06-16 14:56:47,897 - utils.logger - INFO - baseline_fcfusion_wonorm_wav2vec-egemaps_arousal_hidden1024_seq100_lr0.0001_cccloss_run1
