2021-06-05 13:48:10,379 - utils.logger - INFO - The number of training samples = 41
2021-06-05 13:48:39,869 - utils.logger - INFO - Cur epoch 1 loss MSE:0.1082
2021-06-05 13:48:40,490 - utils.logger - INFO - Cur epoch 1 loss MSE:0.2721
2021-06-05 13:48:40,927 - utils.logger - INFO - Cur epoch 1 loss MSE:29.2416
2021-06-05 13:48:40,928 - utils.logger - INFO - saving the model at the end of epoch 1, iters 6
2021-06-05 13:48:41,150 - utils.logger - INFO - End of training epoch 1 / 50 	 Time Taken: 27 sec, Data loading: 25 sec
2021-06-05 13:48:41,150 - utils.logger - INFO - learning rate = 0.0000100
2021-06-05 13:48:42,250 - utils.logger - INFO - Trn result of epoch 1 / 50 mse 0.1158 rmse 0.3403 pcc 0.0150 ccc 0.0002
2021-06-05 13:48:43,851 - utils.logger - INFO - Val result of epoch 1 / 50 mse 0.1310 rmse 0.3619 pcc -0.0495 ccc -0.0006
2021-06-05 13:48:44,439 - utils.logger - INFO - Cur epoch 2 loss MSE:0.0728
2021-06-05 13:48:52,905 - utils.logger - INFO - Cur epoch 2 loss MSE:0.2062
2021-06-05 13:48:53,345 - utils.logger - INFO - Cur epoch 2 loss MSE:4.8880
2021-06-05 13:48:53,345 - utils.logger - INFO - saving the model at the end of epoch 2, iters 12
2021-06-05 13:48:53,609 - utils.logger - INFO - End of training epoch 2 / 50 	 Time Taken: 9 sec, Data loading: 8 sec
2021-06-05 13:48:53,609 - utils.logger - INFO - learning rate = 0.0000100
2021-06-05 13:48:54,821 - utils.logger - INFO - Trn result of epoch 2 / 50 mse 0.1139 rmse 0.3375 pcc 0.0065 ccc 0.0002
2021-06-05 13:48:55,152 - utils.logger - INFO - Val result of epoch 2 / 50 mse 0.1301 rmse 0.3607 pcc -0.0720 ccc -0.0020
2021-06-05 13:48:55,641 - utils.logger - INFO - Cur epoch 3 loss MSE:0.1039
2021-06-05 13:48:56,144 - utils.logger - INFO - Cur epoch 3 loss MSE:0.1985
2021-06-05 13:48:56,538 - utils.logger - INFO - Cur epoch 3 loss MSE:8.0887
2021-06-05 13:48:56,538 - utils.logger - INFO - saving the model at the end of epoch 3, iters 18
2021-06-05 13:48:56,778 - utils.logger - INFO - End of training epoch 3 / 50 	 Time Taken: 1 sec, Data loading: 0 sec
2021-06-05 13:48:56,778 - utils.logger - INFO - learning rate = 0.0000100
2021-06-05 13:48:57,587 - utils.logger - INFO - Trn result of epoch 3 / 50 mse 0.1127 rmse 0.3357 pcc 0.0199 ccc 0.0009
2021-06-05 13:48:57,828 - utils.logger - INFO - Val result of epoch 3 / 50 mse 0.1297 rmse 0.3601 pcc -0.0648 ccc -0.0029
2021-06-05 13:48:58,324 - utils.logger - INFO - Cur epoch 4 loss MSE:0.2283
2021-06-05 13:48:58,845 - utils.logger - INFO - Cur epoch 4 loss MSE:0.2831
2021-06-05 13:48:59,230 - utils.logger - INFO - Cur epoch 4 loss MSE:2.1663
2021-06-05 13:48:59,230 - utils.logger - INFO - saving the model at the end of epoch 4, iters 24
2021-06-05 13:48:59,477 - utils.logger - INFO - End of training epoch 4 / 50 	 Time Taken: 1 sec, Data loading: 0 sec
2021-06-05 13:48:59,477 - utils.logger - INFO - learning rate = 0.0000100
2021-06-05 13:49:00,352 - utils.logger - INFO - Trn result of epoch 4 / 50 mse 0.1110 rmse 0.3332 pcc 0.0376 ccc 0.0027
2021-06-05 13:49:00,696 - utils.logger - INFO - Val result of epoch 4 / 50 mse 0.1293 rmse 0.3596 pcc -0.0642 ccc -0.0044
2021-06-05 13:49:01,248 - utils.logger - INFO - Cur epoch 5 loss MSE:0.1773
2021-06-05 13:49:01,807 - utils.logger - INFO - Cur epoch 5 loss MSE:0.0148
2021-06-05 13:49:02,262 - utils.logger - INFO - Cur epoch 5 loss MSE:0.5241
2021-06-05 13:49:02,263 - utils.logger - INFO - saving the model at the end of epoch 5, iters 30
2021-06-05 13:49:02,500 - utils.logger - INFO - End of training epoch 5 / 50 	 Time Taken: 1 sec, Data loading: 0 sec
2021-06-05 13:49:02,500 - utils.logger - INFO - learning rate = 0.0000100
2021-06-05 13:49:06,841 - utils.logger - INFO - Trn result of epoch 5 / 50 mse 0.1084 rmse 0.3292 pcc 0.0587 ccc 0.0063
2021-06-05 13:49:08,370 - utils.logger - INFO - Val result of epoch 5 / 50 mse 0.1296 rmse 0.3600 pcc -0.0642 ccc -0.0066
2021-06-05 13:49:08,890 - utils.logger - INFO - Cur epoch 6 loss MSE:0.0301
2021-06-05 13:49:10,815 - utils.logger - INFO - Cur epoch 6 loss MSE:0.7489
2021-06-05 13:49:11,281 - utils.logger - INFO - Cur epoch 6 loss MSE:0.0103
2021-06-05 13:49:11,282 - utils.logger - INFO - saving the model at the end of epoch 6, iters 36
2021-06-05 13:49:11,516 - utils.logger - INFO - End of training epoch 6 / 50 	 Time Taken: 3 sec, Data loading: 1 sec
2021-06-05 13:49:11,517 - utils.logger - INFO - learning rate = 0.0000100
2021-06-05 13:49:12,372 - utils.logger - INFO - Trn result of epoch 6 / 50 mse 0.1083 rmse 0.3290 pcc 0.0791 ccc 0.0089
2021-06-05 13:49:24,835 - utils.logger - INFO - Val result of epoch 6 / 50 mse 0.1294 rmse 0.3597 pcc -0.0485 ccc -0.0054
2021-06-05 13:49:25,419 - utils.logger - INFO - Cur epoch 7 loss MSE:0.1380
2021-06-05 13:49:26,029 - utils.logger - INFO - Cur epoch 7 loss MSE:0.4529
2021-06-05 13:49:26,489 - utils.logger - INFO - Cur epoch 7 loss MSE:1.6887
2021-06-05 13:49:26,490 - utils.logger - INFO - saving the model at the end of epoch 7, iters 42
2021-06-05 13:49:26,718 - utils.logger - INFO - End of training epoch 7 / 50 	 Time Taken: 1 sec, Data loading: 0 sec
2021-06-05 13:49:26,718 - utils.logger - INFO - learning rate = 0.0000100
2021-06-05 13:49:27,446 - utils.logger - INFO - Trn result of epoch 7 / 50 mse 0.1073 rmse 0.3275 pcc 0.1121 ccc 0.0190
2021-06-05 13:49:27,735 - utils.logger - INFO - Val result of epoch 7 / 50 mse 0.1337 rmse 0.3656 pcc -0.0405 ccc -0.0066
2021-06-05 13:49:28,224 - utils.logger - INFO - Cur epoch 8 loss MSE:0.2248
2021-06-05 13:49:28,739 - utils.logger - INFO - Cur epoch 8 loss MSE:0.5313
2021-06-05 13:49:29,129 - utils.logger - INFO - Cur epoch 8 loss MSE:22.0605
2021-06-05 13:49:29,129 - utils.logger - INFO - saving the model at the end of epoch 8, iters 48
2021-06-05 13:49:29,368 - utils.logger - INFO - End of training epoch 8 / 50 	 Time Taken: 1 sec, Data loading: 0 sec
2021-06-05 13:49:29,368 - utils.logger - INFO - learning rate = 0.0000100
2021-06-05 13:49:30,048 - utils.logger - INFO - Trn result of epoch 8 / 50 mse 0.1067 rmse 0.3267 pcc 0.1302 ccc 0.0236
2021-06-05 13:49:30,281 - utils.logger - INFO - Val result of epoch 8 / 50 mse 0.1332 rmse 0.3650 pcc -0.0280 ccc -0.0050
2021-06-05 13:49:30,770 - utils.logger - INFO - Cur epoch 9 loss MSE:8.0687
2021-06-05 13:49:31,269 - utils.logger - INFO - Cur epoch 9 loss MSE:0.0938
2021-06-05 13:49:31,667 - utils.logger - INFO - Cur epoch 9 loss MSE:0.7854
2021-06-05 13:49:31,667 - utils.logger - INFO - saving the model at the end of epoch 9, iters 54
2021-06-05 13:49:31,924 - utils.logger - INFO - End of training epoch 9 / 50 	 Time Taken: 1 sec, Data loading: 0 sec
2021-06-05 13:49:31,924 - utils.logger - INFO - learning rate = 0.0000100
2021-06-05 13:49:32,801 - utils.logger - INFO - Trn result of epoch 9 / 50 mse 0.1062 rmse 0.3259 pcc 0.1449 ccc 0.0280
2021-06-05 13:49:33,145 - utils.logger - INFO - Val result of epoch 9 / 50 mse 0.1326 rmse 0.3641 pcc -0.0184 ccc -0.0036
2021-06-05 13:49:33,677 - utils.logger - INFO - Cur epoch 10 loss MSE:0.4244
2021-06-05 13:49:34,207 - utils.logger - INFO - Cur epoch 10 loss MSE:0.3335
2021-06-05 13:49:34,654 - utils.logger - INFO - Cur epoch 10 loss MSE:0.0413
2021-06-05 13:49:34,655 - utils.logger - INFO - saving the model at the end of epoch 10, iters 60
2021-06-05 13:49:34,889 - utils.logger - INFO - End of training epoch 10 / 50 	 Time Taken: 1 sec, Data loading: 0 sec
2021-06-05 13:49:34,889 - utils.logger - INFO - learning rate = 0.0000100
2021-06-05 13:49:36,329 - utils.logger - INFO - Trn result of epoch 10 / 50 mse 0.1060 rmse 0.3255 pcc 0.1635 ccc 0.0280
2021-06-05 13:49:48,142 - utils.logger - INFO - Val result of epoch 10 / 50 mse 0.1303 rmse 0.3609 pcc -0.0156 ccc -0.0027
2021-06-05 13:49:48,752 - utils.logger - INFO - Cur epoch 11 loss MSE:0.0117
2021-06-05 13:49:49,365 - utils.logger - INFO - Cur epoch 11 loss MSE:0.2953
2021-06-05 13:49:49,807 - utils.logger - INFO - Cur epoch 11 loss MSE:0.3624
2021-06-05 13:49:49,807 - utils.logger - INFO - saving the model at the end of epoch 11, iters 66
2021-06-05 13:49:50,040 - utils.logger - INFO - End of training epoch 11 / 50 	 Time Taken: 1 sec, Data loading: 0 sec
2021-06-05 13:49:50,041 - utils.logger - INFO - learning rate = 0.0000100
2021-06-05 13:49:50,737 - utils.logger - INFO - Trn result of epoch 11 / 50 mse 0.1055 rmse 0.3249 pcc 0.1751 ccc 0.0322
2021-06-05 13:49:51,073 - utils.logger - INFO - Val result of epoch 11 / 50 mse 0.1305 rmse 0.3612 pcc -0.0061 ccc -0.0011
2021-06-05 13:49:51,566 - utils.logger - INFO - Cur epoch 12 loss MSE:0.2685
2021-06-05 13:49:52,075 - utils.logger - INFO - Cur epoch 12 loss MSE:0.5608
2021-06-05 13:49:52,475 - utils.logger - INFO - Cur epoch 12 loss MSE:0.4110
2021-06-05 13:49:52,475 - utils.logger - INFO - saving the model at the end of epoch 12, iters 72
2021-06-05 13:49:52,722 - utils.logger - INFO - End of training epoch 12 / 50 	 Time Taken: 1 sec, Data loading: 0 sec
2021-06-05 13:49:52,722 - utils.logger - INFO - learning rate = 0.0000100
2021-06-05 13:49:57,428 - utils.logger - INFO - Trn result of epoch 12 / 50 mse 0.1050 rmse 0.3240 pcc 0.2161 ccc 0.0433
2021-06-05 13:49:59,004 - utils.logger - INFO - Val result of epoch 12 / 50 mse 0.1333 rmse 0.3650 pcc 0.0048 ccc 0.0010
2021-06-05 13:50:06,213 - utils.logger - INFO - Cur epoch 13 loss MSE:0.2707
2021-06-05 13:50:06,820 - utils.logger - INFO - Cur epoch 13 loss MSE:0.1449
2021-06-05 13:50:07,262 - utils.logger - INFO - Cur epoch 13 loss MSE:4.9704
2021-06-05 13:50:07,263 - utils.logger - INFO - saving the model at the end of epoch 13, iters 78
2021-06-05 13:50:07,503 - utils.logger - INFO - End of training epoch 13 / 50 	 Time Taken: 8 sec, Data loading: 7 sec
2021-06-05 13:50:07,503 - utils.logger - INFO - learning rate = 0.0000100
2021-06-05 13:50:08,184 - utils.logger - INFO - Trn result of epoch 13 / 50 mse 0.1059 rmse 0.3254 pcc 0.2677 ccc 0.0507
2021-06-05 13:50:08,426 - utils.logger - INFO - Val result of epoch 13 / 50 mse 0.1363 rmse 0.3691 pcc 0.0267 ccc 0.0050
2021-06-05 13:50:08,939 - utils.logger - INFO - Cur epoch 14 loss MSE:0.2558
2021-06-05 13:50:09,442 - utils.logger - INFO - Cur epoch 14 loss MSE:0.0699
2021-06-05 13:50:09,829 - utils.logger - INFO - Cur epoch 14 loss MSE:0.2623
2021-06-05 13:50:09,829 - utils.logger - INFO - saving the model at the end of epoch 14, iters 84
2021-06-05 13:50:10,077 - utils.logger - INFO - End of training epoch 14 / 50 	 Time Taken: 1 sec, Data loading: 0 sec
2021-06-05 13:50:10,078 - utils.logger - INFO - learning rate = 0.0000100
2021-06-05 13:50:10,796 - utils.logger - INFO - Trn result of epoch 14 / 50 mse 0.1029 rmse 0.3208 pcc 0.2859 ccc 0.0581
2021-06-05 13:50:11,035 - utils.logger - INFO - Val result of epoch 14 / 50 mse 0.1309 rmse 0.3618 pcc 0.0315 ccc 0.0065
2021-06-05 13:50:11,536 - utils.logger - INFO - Cur epoch 15 loss MSE:0.0781
2021-06-05 13:50:12,419 - utils.logger - INFO - Cur epoch 15 loss MSE:0.0718
2021-06-05 13:50:12,835 - utils.logger - INFO - Cur epoch 15 loss MSE:0.2491
2021-06-05 13:50:12,835 - utils.logger - INFO - saving the model at the end of epoch 15, iters 90
2021-06-05 13:50:13,070 - utils.logger - INFO - End of training epoch 15 / 50 	 Time Taken: 2 sec, Data loading: 0 sec
2021-06-05 13:50:13,070 - utils.logger - INFO - learning rate = 0.0000100
2021-06-05 13:50:19,622 - utils.logger - INFO - Trn result of epoch 15 / 50 mse 0.1053 rmse 0.3245 pcc 0.3058 ccc 0.0442
2021-06-05 13:50:19,965 - utils.logger - INFO - Val result of epoch 15 / 50 mse 0.1279 rmse 0.3577 pcc 0.0536 ccc 0.0080
2021-06-05 13:50:20,515 - utils.logger - INFO - Cur epoch 16 loss MSE:0.2188
2021-06-05 13:50:21,129 - utils.logger - INFO - Cur epoch 16 loss MSE:0.0332
2021-06-05 13:50:21,585 - utils.logger - INFO - Cur epoch 16 loss MSE:3.4835
2021-06-05 13:50:21,586 - utils.logger - INFO - saving the model at the end of epoch 16, iters 96
2021-06-05 13:50:21,852 - utils.logger - INFO - End of training epoch 16 / 50 	 Time Taken: 1 sec, Data loading: 0 sec
2021-06-05 13:50:21,853 - utils.logger - INFO - learning rate = 0.0000100
2021-06-05 13:50:30,066 - utils.logger - INFO - Trn result of epoch 16 / 50 mse 0.1000 rmse 0.3163 pcc 0.3776 ccc 0.0912
2021-06-05 13:50:30,419 - utils.logger - INFO - Val result of epoch 16 / 50 mse 0.1316 rmse 0.3627 pcc 0.0618 ccc 0.0148
2021-06-05 13:50:31,048 - utils.logger - INFO - Cur epoch 17 loss MSE:0.3896
2021-06-05 13:50:31,691 - utils.logger - INFO - Cur epoch 17 loss MSE:0.3897
2021-06-05 13:50:32,164 - utils.logger - INFO - Cur epoch 17 loss MSE:3.7474
2021-06-05 13:50:32,165 - utils.logger - INFO - saving the model at the end of epoch 17, iters 102
2021-06-05 13:50:32,393 - utils.logger - INFO - End of training epoch 17 / 50 	 Time Taken: 1 sec, Data loading: 0 sec
2021-06-05 13:50:32,394 - utils.logger - INFO - learning rate = 0.0000100
2021-06-05 13:50:33,095 - utils.logger - INFO - Trn result of epoch 17 / 50 mse 0.0961 rmse 0.3100 pcc 0.4487 ccc 0.1296
2021-06-05 13:50:33,351 - utils.logger - INFO - Val result of epoch 17 / 50 mse 0.1282 rmse 0.3580 pcc 0.1177 ccc 0.0301
2021-06-05 13:50:33,907 - utils.logger - INFO - Cur epoch 18 loss MSE:7.4986
2021-06-05 13:50:34,570 - utils.logger - INFO - Cur epoch 18 loss MSE:0.4536
2021-06-05 13:50:35,019 - utils.logger - INFO - Cur epoch 18 loss MSE:13.8221
2021-06-05 13:50:35,019 - utils.logger - INFO - saving the model at the end of epoch 18, iters 108
2021-06-05 13:50:35,251 - utils.logger - INFO - End of training epoch 18 / 50 	 Time Taken: 1 sec, Data loading: 0 sec
2021-06-05 13:50:35,251 - utils.logger - INFO - learning rate = 0.0000100
2021-06-05 13:50:36,020 - utils.logger - INFO - Trn result of epoch 18 / 50 mse 0.0885 rmse 0.2974 pcc 0.5627 ccc 0.2540
2021-06-05 13:50:36,381 - utils.logger - INFO - Val result of epoch 18 / 50 mse 0.1372 rmse 0.3704 pcc 0.1547 ccc 0.0614
2021-06-05 13:50:36,979 - utils.logger - INFO - Cur epoch 19 loss MSE:0.0552
2021-06-05 13:50:37,579 - utils.logger - INFO - Cur epoch 19 loss MSE:0.0104
2021-06-05 13:50:38,055 - utils.logger - INFO - Cur epoch 19 loss MSE:2.3398
2021-06-05 13:50:38,056 - utils.logger - INFO - saving the model at the end of epoch 19, iters 114
2021-06-05 13:50:38,289 - utils.logger - INFO - End of training epoch 19 / 50 	 Time Taken: 1 sec, Data loading: 0 sec
2021-06-05 13:50:38,290 - utils.logger - INFO - learning rate = 0.0000100
2021-06-05 13:50:42,195 - utils.logger - INFO - Trn result of epoch 19 / 50 mse 0.0865 rmse 0.2942 pcc 0.5585 ccc 0.2867
2021-06-05 13:50:52,346 - utils.logger - INFO - Val result of epoch 19 / 50 mse 0.1370 rmse 0.3701 pcc 0.1793 ccc 0.0810
2021-06-05 13:50:52,946 - utils.logger - INFO - Cur epoch 20 loss MSE:0.2121
2021-06-05 13:50:53,567 - utils.logger - INFO - Cur epoch 20 loss MSE:0.1859
2021-06-05 13:50:54,029 - utils.logger - INFO - Cur epoch 20 loss MSE:0.0035
2021-06-05 13:50:54,029 - utils.logger - INFO - saving the model at the end of epoch 20, iters 120
2021-06-05 13:50:54,273 - utils.logger - INFO - End of training epoch 20 / 50 	 Time Taken: 1 sec, Data loading: 0 sec
2021-06-05 13:50:54,273 - utils.logger - INFO - learning rate = 0.0000097
2021-06-05 13:50:54,996 - utils.logger - INFO - Trn result of epoch 20 / 50 mse 0.1257 rmse 0.3546 pcc 0.0084 ccc 0.0006
2021-06-05 13:50:55,318 - utils.logger - INFO - Val result of epoch 20 / 50 mse 0.1376 rmse 0.3709 pcc 0.0246 ccc 0.0017
2021-06-05 13:50:55,855 - utils.logger - INFO - Cur epoch 21 loss MSE:0.1079
2021-06-05 13:50:56,473 - utils.logger - INFO - Cur epoch 21 loss MSE:1.2178
2021-06-05 13:50:56,947 - utils.logger - INFO - Cur epoch 21 loss MSE:3.9576
2021-06-05 13:50:56,948 - utils.logger - INFO - saving the model at the end of epoch 21, iters 126
2021-06-05 13:50:57,186 - utils.logger - INFO - End of training epoch 21 / 50 	 Time Taken: 1 sec, Data loading: 0 sec
2021-06-05 13:50:57,186 - utils.logger - INFO - learning rate = 0.0000094
2021-06-05 13:50:58,006 - utils.logger - INFO - Trn result of epoch 21 / 50 mse 0.0738 rmse 0.2717 pcc 0.6177 ccc 0.4325
2021-06-05 13:50:58,292 - utils.logger - INFO - Val result of epoch 21 / 50 mse 0.1420 rmse 0.3768 pcc 0.1499 ccc 0.0899
2021-06-05 13:50:58,814 - utils.logger - INFO - Cur epoch 22 loss MSE:0.2956
2021-06-05 13:50:59,370 - utils.logger - INFO - Cur epoch 22 loss MSE:0.0441
2021-06-05 13:50:59,816 - utils.logger - INFO - Cur epoch 22 loss MSE:6.9185
2021-06-05 13:50:59,816 - utils.logger - INFO - saving the model at the end of epoch 22, iters 132
2021-06-05 13:51:00,062 - utils.logger - INFO - End of training epoch 22 / 50 	 Time Taken: 1 sec, Data loading: 0 sec
2021-06-05 13:51:00,062 - utils.logger - INFO - learning rate = 0.0000090
2021-06-05 13:51:01,134 - utils.logger - INFO - Trn result of epoch 22 / 50 mse 0.1047 rmse 0.3235 pcc 0.3821 ccc 0.1558
2021-06-05 13:51:01,467 - utils.logger - INFO - Val result of epoch 22 / 50 mse 0.1429 rmse 0.3780 pcc -0.2135 ccc -0.0498
2021-06-05 13:51:02,094 - utils.logger - INFO - Cur epoch 23 loss MSE:0.0075
2021-06-05 13:51:02,745 - utils.logger - INFO - Cur epoch 23 loss MSE:0.8364
2021-06-05 13:51:03,224 - utils.logger - INFO - Cur epoch 23 loss MSE:0.0292
2021-06-05 13:51:03,224 - utils.logger - INFO - saving the model at the end of epoch 23, iters 138
2021-06-05 13:51:03,507 - utils.logger - INFO - End of training epoch 23 / 50 	 Time Taken: 2 sec, Data loading: 0 sec
2021-06-05 13:51:03,508 - utils.logger - INFO - learning rate = 0.0000087
2021-06-05 13:51:04,184 - utils.logger - INFO - Trn result of epoch 23 / 50 mse 0.0829 rmse 0.2880 pcc 0.5766 ccc 0.3189
2021-06-05 13:51:06,943 - utils.logger - INFO - Val result of epoch 23 / 50 mse 0.1391 rmse 0.3730 pcc -0.0628 ccc -0.0260
2021-06-05 13:51:07,487 - utils.logger - INFO - Cur epoch 24 loss MSE:6.3607
2021-06-05 13:51:08,111 - utils.logger - INFO - Cur epoch 24 loss MSE:0.0865
2021-06-05 13:51:08,572 - utils.logger - INFO - Cur epoch 24 loss MSE:22.7488
2021-06-05 13:51:08,572 - utils.logger - INFO - saving the model at the end of epoch 24, iters 144
2021-06-05 13:51:09,050 - utils.logger - INFO - End of training epoch 24 / 50 	 Time Taken: 2 sec, Data loading: 0 sec
2021-06-05 13:51:09,050 - utils.logger - INFO - learning rate = 0.0000084
2021-06-05 13:51:09,790 - utils.logger - INFO - Trn result of epoch 24 / 50 mse 0.1153 rmse 0.3396 pcc 0.3683 ccc 0.1660
2021-06-05 13:51:10,466 - utils.logger - INFO - Val result of epoch 24 / 50 mse 0.1493 rmse 0.3864 pcc -0.0799 ccc -0.0147
2021-06-05 13:51:12,359 - utils.logger - INFO - Cur epoch 25 loss MSE:0.0642
2021-06-05 13:51:12,906 - utils.logger - INFO - Cur epoch 25 loss MSE:0.0968
2021-06-05 13:51:13,304 - utils.logger - INFO - Cur epoch 25 loss MSE:3.2306
2021-06-05 13:51:13,304 - utils.logger - INFO - saving the model at the end of epoch 25, iters 150
2021-06-05 13:51:13,541 - utils.logger - INFO - End of training epoch 25 / 50 	 Time Taken: 3 sec, Data loading: 1 sec
2021-06-05 13:51:13,542 - utils.logger - INFO - learning rate = 0.0000081
2021-06-05 13:51:14,508 - utils.logger - INFO - Trn result of epoch 25 / 50 mse 0.0622 rmse 0.2494 pcc 0.6836 ccc 0.5313
2021-06-05 13:51:14,842 - utils.logger - INFO - Val result of epoch 25 / 50 mse 0.1378 rmse 0.3712 pcc 0.1033 ccc 0.0697
2021-06-05 13:51:15,368 - utils.logger - INFO - Cur epoch 26 loss MSE:0.0346
2021-06-05 13:51:15,909 - utils.logger - INFO - Cur epoch 26 loss MSE:0.3141
2021-06-05 13:51:16,387 - utils.logger - INFO - Cur epoch 26 loss MSE:1.1548
2021-06-05 13:51:16,388 - utils.logger - INFO - saving the model at the end of epoch 26, iters 156
2021-06-05 13:51:16,626 - utils.logger - INFO - End of training epoch 26 / 50 	 Time Taken: 1 sec, Data loading: 0 sec
2021-06-05 13:51:16,626 - utils.logger - INFO - learning rate = 0.0000077
2021-06-05 13:51:17,513 - utils.logger - INFO - Trn result of epoch 26 / 50 mse 0.0622 rmse 0.2495 pcc 0.7044 ccc 0.5340
2021-06-05 13:51:17,861 - utils.logger - INFO - Val result of epoch 26 / 50 mse 0.1386 rmse 0.3722 pcc 0.1799 ccc 0.1141
2021-06-05 13:51:18,379 - utils.logger - INFO - Cur epoch 27 loss MSE:0.0173
2021-06-05 13:51:18,915 - utils.logger - INFO - Cur epoch 27 loss MSE:0.0580
2021-06-05 13:51:19,311 - utils.logger - INFO - Cur epoch 27 loss MSE:1.3180
2021-06-05 13:51:19,311 - utils.logger - INFO - saving the model at the end of epoch 27, iters 162
2021-06-05 13:51:19,583 - utils.logger - INFO - End of training epoch 27 / 50 	 Time Taken: 1 sec, Data loading: 0 sec
2021-06-05 13:51:19,584 - utils.logger - INFO - learning rate = 0.0000074
2021-06-05 13:51:30,863 - utils.logger - INFO - Trn result of epoch 27 / 50 mse 0.1684 rmse 0.4103 pcc 0.1553 ccc 0.0272
2021-06-05 13:51:31,212 - utils.logger - INFO - Val result of epoch 27 / 50 mse 0.1770 rmse 0.4207 pcc 0.0217 ccc 0.0034
2021-06-05 13:51:31,712 - utils.logger - INFO - Cur epoch 28 loss MSE:8.9712
2021-06-05 13:51:32,266 - utils.logger - INFO - Cur epoch 28 loss MSE:0.2894
2021-06-05 13:51:32,687 - utils.logger - INFO - Cur epoch 28 loss MSE:22.0113
2021-06-05 13:51:32,687 - utils.logger - INFO - saving the model at the end of epoch 28, iters 168
2021-06-05 13:51:32,924 - utils.logger - INFO - End of training epoch 28 / 50 	 Time Taken: 1 sec, Data loading: 0 sec
2021-06-05 13:51:32,924 - utils.logger - INFO - learning rate = 0.0000071
2021-06-05 13:51:33,711 - utils.logger - INFO - Trn result of epoch 28 / 50 mse 0.0633 rmse 0.2516 pcc 0.7112 ccc 0.5603
2021-06-05 13:51:34,035 - utils.logger - INFO - Val result of epoch 28 / 50 mse 0.1504 rmse 0.3879 pcc 0.0390 ccc 0.0274
2021-06-05 13:51:34,554 - utils.logger - INFO - Cur epoch 29 loss MSE:0.0191
2021-06-05 13:51:38,086 - utils.logger - INFO - Cur epoch 29 loss MSE:0.0039
2021-06-05 13:51:38,519 - utils.logger - INFO - Cur epoch 29 loss MSE:1.9996
2021-06-05 13:51:38,519 - utils.logger - INFO - saving the model at the end of epoch 29, iters 174
2021-06-05 13:51:38,760 - utils.logger - INFO - End of training epoch 29 / 50 	 Time Taken: 4 sec, Data loading: 3 sec
2021-06-05 13:51:38,761 - utils.logger - INFO - learning rate = 0.0000068
2021-06-05 13:51:39,981 - utils.logger - INFO - Trn result of epoch 29 / 50 mse 0.1485 rmse 0.3854 pcc 0.4085 ccc 0.2180
2021-06-05 13:51:40,215 - utils.logger - INFO - Val result of epoch 29 / 50 mse 0.2219 rmse 0.4710 pcc -0.3393 ccc -0.1444
2021-06-05 13:51:41,764 - utils.logger - INFO - Cur epoch 30 loss MSE:0.1044
2021-06-05 13:51:42,786 - utils.logger - INFO - Cur epoch 30 loss MSE:0.0086
2021-06-05 13:51:43,180 - utils.logger - INFO - Cur epoch 30 loss MSE:1.0273
2021-06-05 13:51:43,180 - utils.logger - INFO - saving the model at the end of epoch 30, iters 180
2021-06-05 13:51:43,428 - utils.logger - INFO - End of training epoch 30 / 50 	 Time Taken: 3 sec, Data loading: 1 sec
2021-06-05 13:51:43,429 - utils.logger - INFO - learning rate = 0.0000065
2021-06-05 13:51:53,114 - utils.logger - INFO - Trn result of epoch 30 / 50 mse 0.0692 rmse 0.2631 pcc 0.6849 ccc 0.6008
2021-06-05 13:51:53,456 - utils.logger - INFO - Val result of epoch 30 / 50 mse 0.1791 rmse 0.4232 pcc 0.0036 ccc 0.0028
2021-06-05 13:51:54,024 - utils.logger - INFO - Cur epoch 31 loss MSE:0.1372
2021-06-05 13:51:54,587 - utils.logger - INFO - Cur epoch 31 loss MSE:0.0810
2021-06-05 13:51:55,024 - utils.logger - INFO - Cur epoch 31 loss MSE:1.0418
2021-06-05 13:51:55,024 - utils.logger - INFO - saving the model at the end of epoch 31, iters 186
2021-06-05 13:51:55,310 - utils.logger - INFO - End of training epoch 31 / 50 	 Time Taken: 1 sec, Data loading: 0 sec
2021-06-05 13:51:55,310 - utils.logger - INFO - learning rate = 0.0000061
2021-06-05 13:51:55,997 - utils.logger - INFO - Trn result of epoch 31 / 50 mse 0.0652 rmse 0.2554 pcc 0.7277 ccc 0.5422
2021-06-05 13:51:56,259 - utils.logger - INFO - Val result of epoch 31 / 50 mse 0.1463 rmse 0.3825 pcc 0.2086 ccc 0.1266
2021-06-05 13:51:56,747 - utils.logger - INFO - Cur epoch 32 loss MSE:7.0013
2021-06-05 13:51:57,267 - utils.logger - INFO - Cur epoch 32 loss MSE:0.0796
2021-06-05 13:51:57,731 - utils.logger - INFO - Cur epoch 32 loss MSE:0.0083
2021-06-05 13:51:57,731 - utils.logger - INFO - saving the model at the end of epoch 32, iters 192
2021-06-05 13:51:57,969 - utils.logger - INFO - End of training epoch 32 / 50 	 Time Taken: 1 sec, Data loading: 0 sec
2021-06-05 13:51:57,969 - utils.logger - INFO - learning rate = 0.0000058
2021-06-05 13:51:58,921 - utils.logger - INFO - Trn result of epoch 32 / 50 mse 0.0538 rmse 0.2320 pcc 0.7739 ccc 0.6817
2021-06-05 13:51:59,251 - utils.logger - INFO - Val result of epoch 32 / 50 mse 0.1654 rmse 0.4067 pcc 0.2309 ccc 0.1694
2021-06-05 13:51:59,755 - utils.logger - INFO - Cur epoch 33 loss MSE:0.1833
2021-06-05 13:52:00,275 - utils.logger - INFO - Cur epoch 33 loss MSE:0.0795
2021-06-05 13:52:00,669 - utils.logger - INFO - Cur epoch 33 loss MSE:0.5969
2021-06-05 13:52:00,669 - utils.logger - INFO - saving the model at the end of epoch 33, iters 198
2021-06-05 13:52:00,957 - utils.logger - INFO - End of training epoch 33 / 50 	 Time Taken: 1 sec, Data loading: 0 sec
2021-06-05 13:52:00,957 - utils.logger - INFO - learning rate = 0.0000055
2021-06-05 13:52:05,924 - utils.logger - INFO - Trn result of epoch 33 / 50 mse 0.0579 rmse 0.2406 pcc 0.7681 ccc 0.6603
2021-06-05 13:52:06,181 - utils.logger - INFO - Val result of epoch 33 / 50 mse 0.1707 rmse 0.4131 pcc 0.2174 ccc 0.1508
2021-06-05 13:52:06,693 - utils.logger - INFO - Cur epoch 34 loss MSE:0.0083
2021-06-05 13:52:07,281 - utils.logger - INFO - Cur epoch 34 loss MSE:0.0492
2021-06-05 13:52:07,729 - utils.logger - INFO - Cur epoch 34 loss MSE:0.5300
2021-06-05 13:52:07,729 - utils.logger - INFO - saving the model at the end of epoch 34, iters 204
2021-06-05 13:52:07,970 - utils.logger - INFO - End of training epoch 34 / 50 	 Time Taken: 1 sec, Data loading: 0 sec
2021-06-05 13:52:07,970 - utils.logger - INFO - learning rate = 0.0000052
2021-06-05 13:52:08,769 - utils.logger - INFO - Trn result of epoch 34 / 50 mse 0.0339 rmse 0.1841 pcc 0.8370 ccc 0.7933
2021-06-05 13:52:09,100 - utils.logger - INFO - Val result of epoch 34 / 50 mse 0.1441 rmse 0.3796 pcc 0.1980 ccc 0.1684
2021-06-05 13:52:09,583 - utils.logger - INFO - Cur epoch 35 loss MSE:0.0896
2021-06-05 13:52:10,433 - utils.logger - INFO - Cur epoch 35 loss MSE:1.2019
2021-06-05 13:52:10,857 - utils.logger - INFO - Cur epoch 35 loss MSE:0.0369
2021-06-05 13:52:10,858 - utils.logger - INFO - saving the model at the end of epoch 35, iters 210
2021-06-05 13:52:11,118 - utils.logger - INFO - End of training epoch 35 / 50 	 Time Taken: 2 sec, Data loading: 0 sec
2021-06-05 13:52:11,118 - utils.logger - INFO - learning rate = 0.0000048
2021-06-05 13:52:11,796 - utils.logger - INFO - Trn result of epoch 35 / 50 mse 0.0527 rmse 0.2295 pcc 0.7750 ccc 0.7098
2021-06-05 13:52:12,030 - utils.logger - INFO - Val result of epoch 35 / 50 mse 0.1603 rmse 0.4004 pcc 0.1307 ccc 0.1105
2021-06-05 13:52:12,530 - utils.logger - INFO - Cur epoch 36 loss MSE:0.0516
2021-06-05 13:52:13,043 - utils.logger - INFO - Cur epoch 36 loss MSE:0.5474
2021-06-05 13:52:13,446 - utils.logger - INFO - Cur epoch 36 loss MSE:4.7339
2021-06-05 13:52:13,446 - utils.logger - INFO - saving the model at the end of epoch 36, iters 216
2021-06-05 13:52:13,758 - utils.logger - INFO - End of training epoch 36 / 50 	 Time Taken: 1 sec, Data loading: 0 sec
2021-06-05 13:52:13,758 - utils.logger - INFO - learning rate = 0.0000045
2021-06-05 13:52:31,745 - utils.logger - INFO - Trn result of epoch 36 / 50 mse 0.0647 rmse 0.2543 pcc 0.7497 ccc 0.6668
2021-06-05 13:52:32,067 - utils.logger - INFO - Val result of epoch 36 / 50 mse 0.1844 rmse 0.4294 pcc 0.0564 ccc 0.0428
2021-06-05 13:52:32,676 - utils.logger - INFO - Cur epoch 37 loss MSE:0.0773
2021-06-05 13:52:33,250 - utils.logger - INFO - Cur epoch 37 loss MSE:2.9400
2021-06-05 13:52:33,724 - utils.logger - INFO - Cur epoch 37 loss MSE:0.0417
2021-06-05 13:52:33,724 - utils.logger - INFO - saving the model at the end of epoch 37, iters 222
2021-06-05 13:52:33,955 - utils.logger - INFO - End of training epoch 37 / 50 	 Time Taken: 1 sec, Data loading: 0 sec
2021-06-05 13:52:33,956 - utils.logger - INFO - learning rate = 0.0000042
2021-06-05 13:52:37,838 - utils.logger - INFO - Trn result of epoch 37 / 50 mse 0.0422 rmse 0.2054 pcc 0.8250 ccc 0.7478
2021-06-05 13:52:38,090 - utils.logger - INFO - Val result of epoch 37 / 50 mse 0.1516 rmse 0.3894 pcc 0.2334 ccc 0.1740
2021-06-05 13:52:38,603 - utils.logger - INFO - Cur epoch 38 loss MSE:0.3119
2021-06-05 13:52:40,929 - utils.logger - INFO - Cur epoch 38 loss MSE:0.1816
2021-06-05 13:52:41,362 - utils.logger - INFO - Cur epoch 38 loss MSE:2.1373
2021-06-05 13:52:41,363 - utils.logger - INFO - saving the model at the end of epoch 38, iters 228
2021-06-05 13:52:41,595 - utils.logger - INFO - End of training epoch 38 / 50 	 Time Taken: 3 sec, Data loading: 2 sec
2021-06-05 13:52:41,596 - utils.logger - INFO - learning rate = 0.0000039
2021-06-05 13:52:42,979 - utils.logger - INFO - Trn result of epoch 38 / 50 mse 0.0303 rmse 0.1740 pcc 0.8672 ccc 0.8185
2021-06-05 13:52:43,292 - utils.logger - INFO - Val result of epoch 38 / 50 mse 0.1440 rmse 0.3795 pcc 0.1946 ccc 0.1534
2021-06-05 13:52:43,788 - utils.logger - INFO - Cur epoch 39 loss MSE:0.0444
2021-06-05 13:52:44,297 - utils.logger - INFO - Cur epoch 39 loss MSE:0.0923
2021-06-05 13:52:44,684 - utils.logger - INFO - Cur epoch 39 loss MSE:0.8169
2021-06-05 13:52:44,684 - utils.logger - INFO - saving the model at the end of epoch 39, iters 234
2021-06-05 13:52:44,919 - utils.logger - INFO - End of training epoch 39 / 50 	 Time Taken: 1 sec, Data loading: 0 sec
2021-06-05 13:52:44,919 - utils.logger - INFO - learning rate = 0.0000035
2021-06-05 13:52:45,581 - utils.logger - INFO - Trn result of epoch 39 / 50 mse 0.0406 rmse 0.2015 pcc 0.8445 ccc 0.7701
2021-06-05 13:52:45,805 - utils.logger - INFO - Val result of epoch 39 / 50 mse 0.1607 rmse 0.4009 pcc 0.2229 ccc 0.1687
2021-06-05 13:52:46,288 - utils.logger - INFO - Cur epoch 40 loss MSE:0.3293
2021-06-05 13:52:46,787 - utils.logger - INFO - Cur epoch 40 loss MSE:0.0081
2021-06-05 13:52:47,193 - utils.logger - INFO - Cur epoch 40 loss MSE:0.5753
2021-06-05 13:52:47,193 - utils.logger - INFO - saving the model at the end of epoch 40, iters 240
2021-06-05 13:52:47,415 - utils.logger - INFO - End of training epoch 40 / 50 	 Time Taken: 1 sec, Data loading: 0 sec
2021-06-05 13:52:47,415 - utils.logger - INFO - learning rate = 0.0000032
2021-06-05 13:52:53,486 - utils.logger - INFO - Trn result of epoch 40 / 50 mse 0.0384 rmse 0.1961 pcc 0.8499 ccc 0.7678
2021-06-05 13:52:54,385 - utils.logger - INFO - Val result of epoch 40 / 50 mse 0.1489 rmse 0.3859 pcc 0.2109 ccc 0.1543
2021-06-05 13:52:55,001 - utils.logger - INFO - Cur epoch 41 loss MSE:0.0587
2021-06-05 13:52:55,626 - utils.logger - INFO - Cur epoch 41 loss MSE:0.0305
2021-06-05 13:52:56,067 - utils.logger - INFO - Cur epoch 41 loss MSE:2.3147
2021-06-05 13:52:56,067 - utils.logger - INFO - saving the model at the end of epoch 41, iters 246
2021-06-05 13:52:56,300 - utils.logger - INFO - End of training epoch 41 / 50 	 Time Taken: 1 sec, Data loading: 0 sec
2021-06-05 13:52:56,301 - utils.logger - INFO - learning rate = 0.0000029
2021-06-05 13:52:56,985 - utils.logger - INFO - Trn result of epoch 41 / 50 mse 0.0401 rmse 0.2002 pcc 0.8493 ccc 0.7994
2021-06-05 13:52:57,220 - utils.logger - INFO - Val result of epoch 41 / 50 mse 0.1839 rmse 0.4289 pcc 0.2058 ccc 0.1616
2021-06-05 13:52:57,726 - utils.logger - INFO - Cur epoch 42 loss MSE:0.0296
2021-06-05 13:52:58,237 - utils.logger - INFO - Cur epoch 42 loss MSE:0.0068
2021-06-05 13:52:58,641 - utils.logger - INFO - Cur epoch 42 loss MSE:2.3560
2021-06-05 13:52:58,641 - utils.logger - INFO - saving the model at the end of epoch 42, iters 252
2021-06-05 13:52:58,873 - utils.logger - INFO - End of training epoch 42 / 50 	 Time Taken: 1 sec, Data loading: 0 sec
2021-06-05 13:52:58,873 - utils.logger - INFO - learning rate = 0.0000026
2021-06-05 13:53:03,450 - utils.logger - INFO - Trn result of epoch 42 / 50 mse 0.0282 rmse 0.1680 pcc 0.8799 ccc 0.8472
2021-06-05 13:53:03,793 - utils.logger - INFO - Val result of epoch 42 / 50 mse 0.1554 rmse 0.3942 pcc 0.2298 ccc 0.1844
2021-06-05 13:53:04,399 - utils.logger - INFO - Cur epoch 43 loss MSE:0.0737
2021-06-05 13:53:05,030 - utils.logger - INFO - Cur epoch 43 loss MSE:0.2927
2021-06-05 13:53:05,477 - utils.logger - INFO - Cur epoch 43 loss MSE:1.4861
2021-06-05 13:53:05,478 - utils.logger - INFO - saving the model at the end of epoch 43, iters 258
2021-06-05 13:53:05,764 - utils.logger - INFO - End of training epoch 43 / 50 	 Time Taken: 1 sec, Data loading: 0 sec
2021-06-05 13:53:05,764 - utils.logger - INFO - learning rate = 0.0000023
2021-06-05 13:53:06,481 - utils.logger - INFO - Trn result of epoch 43 / 50 mse 0.0288 rmse 0.1696 pcc 0.8752 ccc 0.8427
2021-06-05 13:53:07,474 - utils.logger - INFO - Val result of epoch 43 / 50 mse 0.1577 rmse 0.3971 pcc 0.1876 ccc 0.1545
2021-06-05 13:53:13,930 - utils.logger - INFO - Cur epoch 44 loss MSE:0.1312
2021-06-05 13:53:14,542 - utils.logger - INFO - Cur epoch 44 loss MSE:0.0554
2021-06-05 13:53:14,988 - utils.logger - INFO - Cur epoch 44 loss MSE:3.4167
2021-06-05 13:53:14,988 - utils.logger - INFO - saving the model at the end of epoch 44, iters 264
2021-06-05 13:53:15,361 - utils.logger - INFO - End of training epoch 44 / 50 	 Time Taken: 7 sec, Data loading: 6 sec
2021-06-05 13:53:15,361 - utils.logger - INFO - learning rate = 0.0000019
2021-06-05 13:53:16,189 - utils.logger - INFO - Trn result of epoch 44 / 50 mse 0.0276 rmse 0.1662 pcc 0.8690 ccc 0.8565
2021-06-05 13:53:16,537 - utils.logger - INFO - Val result of epoch 44 / 50 mse 0.1502 rmse 0.3876 pcc 0.1877 ccc 0.1706
2021-06-05 13:53:17,652 - utils.logger - INFO - Cur epoch 45 loss MSE:0.0834
2021-06-05 13:53:18,232 - utils.logger - INFO - Cur epoch 45 loss MSE:0.0347
2021-06-05 13:53:18,697 - utils.logger - INFO - Cur epoch 45 loss MSE:0.0966
2021-06-05 13:53:18,698 - utils.logger - INFO - saving the model at the end of epoch 45, iters 270
2021-06-05 13:53:18,942 - utils.logger - INFO - End of training epoch 45 / 50 	 Time Taken: 2 sec, Data loading: 1 sec
2021-06-05 13:53:18,942 - utils.logger - INFO - learning rate = 0.0000016
2021-06-05 13:53:22,168 - utils.logger - INFO - Trn result of epoch 45 / 50 mse 0.0248 rmse 0.1576 pcc 0.8823 ccc 0.8681
2021-06-05 13:53:22,524 - utils.logger - INFO - Val result of epoch 45 / 50 mse 0.1558 rmse 0.3947 pcc 0.1956 ccc 0.1674
2021-06-05 13:53:23,130 - utils.logger - INFO - Cur epoch 46 loss MSE:0.0010
2021-06-05 13:53:23,760 - utils.logger - INFO - Cur epoch 46 loss MSE:0.1669
2021-06-05 13:53:24,235 - utils.logger - INFO - Cur epoch 46 loss MSE:0.0519
2021-06-05 13:53:24,236 - utils.logger - INFO - saving the model at the end of epoch 46, iters 276
2021-06-05 13:53:24,474 - utils.logger - INFO - End of training epoch 46 / 50 	 Time Taken: 1 sec, Data loading: 0 sec
2021-06-05 13:53:24,474 - utils.logger - INFO - learning rate = 0.0000013
2021-06-05 13:53:25,152 - utils.logger - INFO - Trn result of epoch 46 / 50 mse 0.0224 rmse 0.1495 pcc 0.8936 ccc 0.8776
2021-06-05 13:53:25,387 - utils.logger - INFO - Val result of epoch 46 / 50 mse 0.1482 rmse 0.3849 pcc 0.1835 ccc 0.1555
2021-06-05 13:53:26,259 - utils.logger - INFO - Cur epoch 47 loss MSE:0.0242
2021-06-05 13:53:27,671 - utils.logger - INFO - Cur epoch 47 loss MSE:0.0819
2021-06-05 13:53:28,118 - utils.logger - INFO - Cur epoch 47 loss MSE:0.0406
2021-06-05 13:53:28,118 - utils.logger - INFO - saving the model at the end of epoch 47, iters 282
2021-06-05 13:53:28,349 - utils.logger - INFO - End of training epoch 47 / 50 	 Time Taken: 2 sec, Data loading: 1 sec
2021-06-05 13:53:28,349 - utils.logger - INFO - learning rate = 0.0000010
2021-06-05 13:53:29,029 - utils.logger - INFO - Trn result of epoch 47 / 50 mse 0.0286 rmse 0.1690 pcc 0.8781 ccc 0.8456
2021-06-05 13:53:29,279 - utils.logger - INFO - Val result of epoch 47 / 50 mse 0.1446 rmse 0.3802 pcc 0.1901 ccc 0.1640
2021-06-05 13:53:29,782 - utils.logger - INFO - Cur epoch 48 loss MSE:0.0058
2021-06-05 13:53:30,304 - utils.logger - INFO - Cur epoch 48 loss MSE:0.0946
2021-06-05 13:53:30,691 - utils.logger - INFO - Cur epoch 48 loss MSE:0.3424
2021-06-05 13:53:30,691 - utils.logger - INFO - saving the model at the end of epoch 48, iters 288
2021-06-05 13:53:30,926 - utils.logger - INFO - End of training epoch 48 / 50 	 Time Taken: 1 sec, Data loading: 0 sec
2021-06-05 13:53:30,926 - utils.logger - INFO - learning rate = 0.0000006
2021-06-05 13:53:32,599 - utils.logger - INFO - Trn result of epoch 48 / 50 mse 0.0257 rmse 0.1602 pcc 0.8770 ccc 0.8668
2021-06-05 13:53:32,925 - utils.logger - INFO - Val result of epoch 48 / 50 mse 0.1488 rmse 0.3858 pcc 0.1975 ccc 0.1796
2021-06-05 13:53:41,841 - utils.logger - INFO - Cur epoch 49 loss MSE:0.0911
2021-06-05 13:53:42,406 - utils.logger - INFO - Cur epoch 49 loss MSE:0.0084
2021-06-05 13:53:42,855 - utils.logger - INFO - Cur epoch 49 loss MSE:0.4674
2021-06-05 13:53:42,855 - utils.logger - INFO - saving the model at the end of epoch 49, iters 294
2021-06-05 13:53:43,114 - utils.logger - INFO - End of training epoch 49 / 50 	 Time Taken: 10 sec, Data loading: 8 sec
2021-06-05 13:53:43,114 - utils.logger - INFO - learning rate = 0.0000003
2021-06-05 13:53:47,068 - utils.logger - INFO - Trn result of epoch 49 / 50 mse 0.0222 rmse 0.1491 pcc 0.8933 ccc 0.8834
2021-06-05 13:53:47,355 - utils.logger - INFO - Val result of epoch 49 / 50 mse 0.1516 rmse 0.3893 pcc 0.1982 ccc 0.1740
2021-06-05 13:53:47,851 - utils.logger - INFO - Cur epoch 50 loss MSE:0.0074
2021-06-05 13:53:48,384 - utils.logger - INFO - Cur epoch 50 loss MSE:0.2717
2021-06-05 13:53:48,815 - utils.logger - INFO - Cur epoch 50 loss MSE:1.3089
2021-06-05 13:53:48,815 - utils.logger - INFO - saving the model at the end of epoch 50, iters 300
2021-06-05 13:53:49,056 - utils.logger - INFO - End of training epoch 50 / 50 	 Time Taken: 1 sec, Data loading: 0 sec
2021-06-05 13:53:49,056 - utils.logger - INFO - learning rate = 0.0000000
2021-06-05 13:53:49,955 - utils.logger - INFO - Trn result of epoch 50 / 50 mse 0.0226 rmse 0.1505 pcc 0.8896 ccc 0.8813
2021-06-05 13:53:52,285 - utils.logger - INFO - Val result of epoch 50 / 50 mse 0.1513 rmse 0.3890 pcc 0.2000 ccc 0.1752
2021-06-05 13:53:52,286 - utils.logger - INFO - Best eval epoch 42 found with ccc 0.184407
2021-06-05 13:53:52,288 - utils.logger - INFO - baseline_fcfusion_norm_deepspectrum_EDA_hidden1024_seq100_run2
