2021-06-19 20:04:30,555 - utils.logger - INFO - The number of training samples = 41
2021-06-19 20:04:33,133 - utils.logger - INFO - Cur epoch 1 loss ccc:0.1251
2021-06-19 20:04:33,549 - utils.logger - INFO - Cur epoch 1 loss ccc:0.1275
2021-06-19 20:04:33,890 - utils.logger - INFO - Cur epoch 1 loss ccc:0.9911
2021-06-19 20:04:33,890 - utils.logger - INFO - saving the model at the end of epoch 1, iters 6
2021-06-19 20:04:34,102 - utils.logger - INFO - End of training epoch 1 / 70 	 Time Taken: 1 sec, Data loading: 0 sec
2021-06-19 20:04:34,102 - utils.logger - INFO - learning rate = 0.0000500
2021-06-19 20:04:34,471 - utils.logger - INFO - Trn result of epoch 1 / 70 mse 0.0894 rmse 0.2990 pcc 0.0526 ccc 0.0018
2021-06-19 20:04:34,600 - utils.logger - INFO - Val result of epoch 1 / 70 mse 0.0946 rmse 0.3075 pcc -0.0547 ccc -0.0021
2021-06-19 20:04:35,019 - utils.logger - INFO - Cur epoch 2 loss ccc:0.1227
2021-06-19 20:04:35,424 - utils.logger - INFO - Cur epoch 2 loss ccc:0.1256
2021-06-19 20:04:35,788 - utils.logger - INFO - Cur epoch 2 loss ccc:1.0003
2021-06-19 20:04:35,788 - utils.logger - INFO - saving the model at the end of epoch 2, iters 12
2021-06-19 20:04:36,017 - utils.logger - INFO - End of training epoch 2 / 70 	 Time Taken: 1 sec, Data loading: 0 sec
2021-06-19 20:04:36,017 - utils.logger - INFO - learning rate = 0.0000500
2021-06-19 20:04:36,390 - utils.logger - INFO - Trn result of epoch 2 / 70 mse 0.0898 rmse 0.2997 pcc 0.0783 ccc 0.0018
2021-06-19 20:04:36,519 - utils.logger - INFO - Val result of epoch 2 / 70 mse 0.0965 rmse 0.3106 pcc -0.0203 ccc -0.0005
2021-06-19 20:04:36,896 - utils.logger - INFO - Cur epoch 3 loss ccc:0.1250
2021-06-19 20:04:37,287 - utils.logger - INFO - Cur epoch 3 loss ccc:0.1252
2021-06-19 20:04:37,612 - utils.logger - INFO - Cur epoch 3 loss ccc:0.9805
2021-06-19 20:04:37,613 - utils.logger - INFO - saving the model at the end of epoch 3, iters 18
2021-06-19 20:04:37,836 - utils.logger - INFO - End of training epoch 3 / 70 	 Time Taken: 1 sec, Data loading: 0 sec
2021-06-19 20:04:37,836 - utils.logger - INFO - learning rate = 0.0000500
2021-06-19 20:04:38,208 - utils.logger - INFO - Trn result of epoch 3 / 70 mse 0.0901 rmse 0.3001 pcc 0.0165 ccc 0.0010
2021-06-19 20:04:38,346 - utils.logger - INFO - Val result of epoch 3 / 70 mse 0.0970 rmse 0.3114 pcc -0.0158 ccc -0.0011
2021-06-19 20:04:38,727 - utils.logger - INFO - Cur epoch 4 loss ccc:0.1255
2021-06-19 20:04:39,106 - utils.logger - INFO - Cur epoch 4 loss ccc:0.1251
2021-06-19 20:04:39,407 - utils.logger - INFO - Cur epoch 4 loss ccc:0.9994
2021-06-19 20:04:39,407 - utils.logger - INFO - saving the model at the end of epoch 4, iters 24
2021-06-19 20:04:39,885 - utils.logger - INFO - End of training epoch 4 / 70 	 Time Taken: 1 sec, Data loading: 0 sec
2021-06-19 20:04:39,885 - utils.logger - INFO - learning rate = 0.0000500
2021-06-19 20:04:40,260 - utils.logger - INFO - Trn result of epoch 4 / 70 mse 0.0909 rmse 0.3015 pcc 0.0437 ccc 0.0022
2021-06-19 20:04:40,392 - utils.logger - INFO - Val result of epoch 4 / 70 mse 0.0994 rmse 0.3153 pcc -0.0857 ccc -0.0044
2021-06-19 20:04:40,794 - utils.logger - INFO - Cur epoch 5 loss ccc:0.1256
2021-06-19 20:04:41,200 - utils.logger - INFO - Cur epoch 5 loss ccc:0.1241
2021-06-19 20:04:41,544 - utils.logger - INFO - Cur epoch 5 loss ccc:1.0004
2021-06-19 20:04:41,544 - utils.logger - INFO - saving the model at the end of epoch 5, iters 30
2021-06-19 20:04:41,763 - utils.logger - INFO - End of training epoch 5 / 70 	 Time Taken: 1 sec, Data loading: 0 sec
2021-06-19 20:04:41,763 - utils.logger - INFO - learning rate = 0.0000500
2021-06-19 20:04:42,131 - utils.logger - INFO - Trn result of epoch 5 / 70 mse 0.0904 rmse 0.3007 pcc 0.0643 ccc 0.0035
2021-06-19 20:04:42,259 - utils.logger - INFO - Val result of epoch 5 / 70 mse 0.0986 rmse 0.3139 pcc -0.0862 ccc -0.0046
2021-06-19 20:04:42,652 - utils.logger - INFO - Cur epoch 6 loss ccc:0.1260
2021-06-19 20:04:43,037 - utils.logger - INFO - Cur epoch 6 loss ccc:0.1304
2021-06-19 20:04:43,352 - utils.logger - INFO - Cur epoch 6 loss ccc:0.8646
2021-06-19 20:04:43,352 - utils.logger - INFO - saving the model at the end of epoch 6, iters 36
2021-06-19 20:04:43,578 - utils.logger - INFO - End of training epoch 6 / 70 	 Time Taken: 1 sec, Data loading: 0 sec
2021-06-19 20:04:43,578 - utils.logger - INFO - learning rate = 0.0000500
2021-06-19 20:04:43,946 - utils.logger - INFO - Trn result of epoch 6 / 70 mse 0.0928 rmse 0.3046 pcc -0.0289 ccc -0.0091
2021-06-19 20:04:44,075 - utils.logger - INFO - Val result of epoch 6 / 70 mse 0.0996 rmse 0.3156 pcc -0.0496 ccc -0.0190
2021-06-19 20:04:44,459 - utils.logger - INFO - Cur epoch 7 loss ccc:0.1259
2021-06-19 20:04:44,872 - utils.logger - INFO - Cur epoch 7 loss ccc:0.1215
2021-06-19 20:04:45,205 - utils.logger - INFO - Cur epoch 7 loss ccc:0.8517
2021-06-19 20:04:45,205 - utils.logger - INFO - saving the model at the end of epoch 7, iters 42
2021-06-19 20:04:45,429 - utils.logger - INFO - End of training epoch 7 / 70 	 Time Taken: 1 sec, Data loading: 0 sec
2021-06-19 20:04:45,430 - utils.logger - INFO - learning rate = 0.0000500
2021-06-19 20:04:45,800 - utils.logger - INFO - Trn result of epoch 7 / 70 mse 0.0924 rmse 0.3040 pcc -0.0206 ccc -0.0064
2021-06-19 20:04:45,932 - utils.logger - INFO - Val result of epoch 7 / 70 mse 0.0999 rmse 0.3160 pcc -0.0580 ccc -0.0216
2021-06-19 20:04:46,319 - utils.logger - INFO - Cur epoch 8 loss ccc:0.1286
2021-06-19 20:04:46,707 - utils.logger - INFO - Cur epoch 8 loss ccc:0.1257
2021-06-19 20:04:47,036 - utils.logger - INFO - Cur epoch 8 loss ccc:1.0407
2021-06-19 20:04:47,036 - utils.logger - INFO - saving the model at the end of epoch 8, iters 48
2021-06-19 20:04:47,402 - utils.logger - INFO - End of training epoch 8 / 70 	 Time Taken: 1 sec, Data loading: 0 sec
2021-06-19 20:04:47,403 - utils.logger - INFO - learning rate = 0.0000500
2021-06-19 20:04:47,784 - utils.logger - INFO - Trn result of epoch 8 / 70 mse 0.0911 rmse 0.3018 pcc -0.0018 ccc -0.0005
2021-06-19 20:04:47,914 - utils.logger - INFO - Val result of epoch 8 / 70 mse 0.0978 rmse 0.3128 pcc -0.0615 ccc -0.0186
2021-06-19 20:04:48,296 - utils.logger - INFO - Cur epoch 9 loss ccc:0.1255
2021-06-19 20:04:48,683 - utils.logger - INFO - Cur epoch 9 loss ccc:0.1272
2021-06-19 20:04:48,991 - utils.logger - INFO - Cur epoch 9 loss ccc:0.9990
2021-06-19 20:04:48,992 - utils.logger - INFO - saving the model at the end of epoch 9, iters 54
2021-06-19 20:04:49,217 - utils.logger - INFO - End of training epoch 9 / 70 	 Time Taken: 1 sec, Data loading: 0 sec
2021-06-19 20:04:49,217 - utils.logger - INFO - learning rate = 0.0000500
2021-06-19 20:04:49,583 - utils.logger - INFO - Trn result of epoch 9 / 70 mse 0.0902 rmse 0.3004 pcc 0.0184 ccc 0.0040
2021-06-19 20:04:49,710 - utils.logger - INFO - Val result of epoch 9 / 70 mse 0.0979 rmse 0.3129 pcc -0.0756 ccc -0.0189
2021-06-19 20:04:50,105 - utils.logger - INFO - Cur epoch 10 loss ccc:0.1171
2021-06-19 20:04:50,516 - utils.logger - INFO - Cur epoch 10 loss ccc:0.1262
2021-06-19 20:04:50,860 - utils.logger - INFO - Cur epoch 10 loss ccc:0.9998
2021-06-19 20:04:50,860 - utils.logger - INFO - saving the model at the end of epoch 10, iters 60
2021-06-19 20:04:51,087 - utils.logger - INFO - End of training epoch 10 / 70 	 Time Taken: 1 sec, Data loading: 0 sec
2021-06-19 20:04:51,087 - utils.logger - INFO - learning rate = 0.0000500
2021-06-19 20:04:51,458 - utils.logger - INFO - Trn result of epoch 10 / 70 mse 0.0905 rmse 0.3008 pcc 0.0168 ccc 0.0033
2021-06-19 20:04:51,585 - utils.logger - INFO - Val result of epoch 10 / 70 mse 0.0993 rmse 0.3151 pcc -0.0752 ccc -0.0172
2021-06-19 20:04:51,966 - utils.logger - INFO - Cur epoch 11 loss ccc:0.1218
2021-06-19 20:04:52,352 - utils.logger - INFO - Cur epoch 11 loss ccc:0.1220
2021-06-19 20:04:52,659 - utils.logger - INFO - Cur epoch 11 loss ccc:1.0604
2021-06-19 20:04:52,659 - utils.logger - INFO - saving the model at the end of epoch 11, iters 66
2021-06-19 20:04:52,882 - utils.logger - INFO - End of training epoch 11 / 70 	 Time Taken: 1 sec, Data loading: 0 sec
2021-06-19 20:04:52,883 - utils.logger - INFO - learning rate = 0.0000500
2021-06-19 20:04:53,249 - utils.logger - INFO - Trn result of epoch 11 / 70 mse 0.0919 rmse 0.3031 pcc 0.0500 ccc 0.0063
2021-06-19 20:04:53,376 - utils.logger - INFO - Val result of epoch 11 / 70 mse 0.1024 rmse 0.3200 pcc -0.1037 ccc -0.0131
2021-06-19 20:04:53,764 - utils.logger - INFO - Cur epoch 12 loss ccc:0.1166
2021-06-19 20:04:54,156 - utils.logger - INFO - Cur epoch 12 loss ccc:0.0954
2021-06-19 20:04:54,465 - utils.logger - INFO - Cur epoch 12 loss ccc:1.0058
2021-06-19 20:04:54,465 - utils.logger - INFO - saving the model at the end of epoch 12, iters 72
2021-06-19 20:04:54,690 - utils.logger - INFO - End of training epoch 12 / 70 	 Time Taken: 1 sec, Data loading: 0 sec
2021-06-19 20:04:54,690 - utils.logger - INFO - learning rate = 0.0000500
2021-06-19 20:04:55,054 - utils.logger - INFO - Trn result of epoch 12 / 70 mse 0.0930 rmse 0.3050 pcc 0.0920 ccc 0.0095
2021-06-19 20:04:55,181 - utils.logger - INFO - Val result of epoch 12 / 70 mse 0.1035 rmse 0.3218 pcc -0.0527 ccc -0.0053
2021-06-19 20:04:55,560 - utils.logger - INFO - Cur epoch 13 loss ccc:0.1199
2021-06-19 20:04:55,978 - utils.logger - INFO - Cur epoch 13 loss ccc:0.1119
2021-06-19 20:04:56,341 - utils.logger - INFO - Cur epoch 13 loss ccc:0.9998
2021-06-19 20:04:56,341 - utils.logger - INFO - saving the model at the end of epoch 13, iters 78
2021-06-19 20:04:56,566 - utils.logger - INFO - End of training epoch 13 / 70 	 Time Taken: 1 sec, Data loading: 0 sec
2021-06-19 20:04:56,567 - utils.logger - INFO - learning rate = 0.0000500
2021-06-19 20:04:56,941 - utils.logger - INFO - Trn result of epoch 13 / 70 mse 0.0906 rmse 0.3010 pcc 0.0806 ccc 0.0123
2021-06-19 20:04:57,076 - utils.logger - INFO - Val result of epoch 13 / 70 mse 0.0995 rmse 0.3154 pcc -0.0357 ccc -0.0056
2021-06-19 20:04:57,463 - utils.logger - INFO - Cur epoch 14 loss ccc:0.1261
2021-06-19 20:04:57,880 - utils.logger - INFO - Cur epoch 14 loss ccc:0.1243
2021-06-19 20:04:58,214 - utils.logger - INFO - Cur epoch 14 loss ccc:0.9935
2021-06-19 20:04:58,214 - utils.logger - INFO - saving the model at the end of epoch 14, iters 84
2021-06-19 20:04:58,608 - utils.logger - INFO - End of training epoch 14 / 70 	 Time Taken: 1 sec, Data loading: 0 sec
2021-06-19 20:04:58,608 - utils.logger - INFO - learning rate = 0.0000500
2021-06-19 20:04:58,976 - utils.logger - INFO - Trn result of epoch 14 / 70 mse 0.0923 rmse 0.3038 pcc 0.0877 ccc 0.0169
2021-06-19 20:04:59,104 - utils.logger - INFO - Val result of epoch 14 / 70 mse 0.1028 rmse 0.3207 pcc -0.0414 ccc -0.0080
2021-06-19 20:04:59,504 - utils.logger - INFO - Cur epoch 15 loss ccc:0.1202
2021-06-19 20:04:59,905 - utils.logger - INFO - Cur epoch 15 loss ccc:0.1167
2021-06-19 20:05:00,221 - utils.logger - INFO - Cur epoch 15 loss ccc:0.9931
2021-06-19 20:05:00,221 - utils.logger - INFO - saving the model at the end of epoch 15, iters 90
2021-06-19 20:05:00,452 - utils.logger - INFO - End of training epoch 15 / 70 	 Time Taken: 1 sec, Data loading: 0 sec
2021-06-19 20:05:00,453 - utils.logger - INFO - learning rate = 0.0000500
2021-06-19 20:05:00,823 - utils.logger - INFO - Trn result of epoch 15 / 70 mse 0.0920 rmse 0.3034 pcc 0.0971 ccc 0.0195
2021-06-19 20:05:00,951 - utils.logger - INFO - Val result of epoch 15 / 70 mse 0.1029 rmse 0.3207 pcc -0.0341 ccc -0.0071
2021-06-19 20:05:01,353 - utils.logger - INFO - Cur epoch 16 loss ccc:0.1257
2021-06-19 20:05:01,768 - utils.logger - INFO - Cur epoch 16 loss ccc:0.1056
2021-06-19 20:05:02,108 - utils.logger - INFO - Cur epoch 16 loss ccc:1.0248
2021-06-19 20:05:02,108 - utils.logger - INFO - saving the model at the end of epoch 16, iters 96
2021-06-19 20:05:02,340 - utils.logger - INFO - End of training epoch 16 / 70 	 Time Taken: 1 sec, Data loading: 0 sec
2021-06-19 20:05:02,341 - utils.logger - INFO - learning rate = 0.0000500
2021-06-19 20:05:02,715 - utils.logger - INFO - Trn result of epoch 16 / 70 mse 0.0920 rmse 0.3033 pcc 0.1070 ccc 0.0202
2021-06-19 20:05:02,845 - utils.logger - INFO - Val result of epoch 16 / 70 mse 0.1030 rmse 0.3209 pcc -0.0308 ccc -0.0060
2021-06-19 20:05:03,254 - utils.logger - INFO - Cur epoch 17 loss ccc:0.1257
2021-06-19 20:05:03,668 - utils.logger - INFO - Cur epoch 17 loss ccc:0.1137
2021-06-19 20:05:03,999 - utils.logger - INFO - Cur epoch 17 loss ccc:0.9159
2021-06-19 20:05:04,000 - utils.logger - INFO - saving the model at the end of epoch 17, iters 102
2021-06-19 20:05:04,380 - utils.logger - INFO - End of training epoch 17 / 70 	 Time Taken: 1 sec, Data loading: 0 sec
2021-06-19 20:05:04,380 - utils.logger - INFO - learning rate = 0.0000500
2021-06-19 20:05:04,744 - utils.logger - INFO - Trn result of epoch 17 / 70 mse 0.0948 rmse 0.3079 pcc 0.1037 ccc 0.0205
2021-06-19 20:05:04,871 - utils.logger - INFO - Val result of epoch 17 / 70 mse 0.1070 rmse 0.3271 pcc -0.0170 ccc -0.0035
2021-06-19 20:05:05,268 - utils.logger - INFO - Cur epoch 18 loss ccc:0.1165
2021-06-19 20:05:05,657 - utils.logger - INFO - Cur epoch 18 loss ccc:0.1177
2021-06-19 20:05:05,984 - utils.logger - INFO - Cur epoch 18 loss ccc:0.8362
2021-06-19 20:05:05,985 - utils.logger - INFO - saving the model at the end of epoch 18, iters 108
2021-06-19 20:05:06,208 - utils.logger - INFO - End of training epoch 18 / 70 	 Time Taken: 1 sec, Data loading: 0 sec
2021-06-19 20:05:06,209 - utils.logger - INFO - learning rate = 0.0000500
2021-06-19 20:05:06,570 - utils.logger - INFO - Trn result of epoch 18 / 70 mse 0.1101 rmse 0.3318 pcc 0.0781 ccc 0.0204
2021-06-19 20:05:06,696 - utils.logger - INFO - Val result of epoch 18 / 70 mse 0.1255 rmse 0.3542 pcc -0.0010 ccc -0.0003
2021-06-19 20:05:07,085 - utils.logger - INFO - Cur epoch 19 loss ccc:0.1126
2021-06-19 20:05:07,482 - utils.logger - INFO - Cur epoch 19 loss ccc:0.1203
2021-06-19 20:05:07,814 - utils.logger - INFO - Cur epoch 19 loss ccc:1.0273
2021-06-19 20:05:07,814 - utils.logger - INFO - saving the model at the end of epoch 19, iters 114
2021-06-19 20:05:08,035 - utils.logger - INFO - End of training epoch 19 / 70 	 Time Taken: 1 sec, Data loading: 0 sec
2021-06-19 20:05:08,035 - utils.logger - INFO - learning rate = 0.0000500
2021-06-19 20:05:08,409 - utils.logger - INFO - Trn result of epoch 19 / 70 mse 0.1124 rmse 0.3353 pcc 0.0869 ccc 0.0249
2021-06-19 20:05:08,536 - utils.logger - INFO - Val result of epoch 19 / 70 mse 0.1285 rmse 0.3585 pcc -0.0045 ccc -0.0013
2021-06-19 20:05:08,933 - utils.logger - INFO - Cur epoch 20 loss ccc:0.1341
2021-06-19 20:05:09,324 - utils.logger - INFO - Cur epoch 20 loss ccc:0.1254
2021-06-19 20:05:09,636 - utils.logger - INFO - Cur epoch 20 loss ccc:1.0757
2021-06-19 20:05:09,636 - utils.logger - INFO - saving the model at the end of epoch 20, iters 120
2021-06-19 20:05:09,857 - utils.logger - INFO - End of training epoch 20 / 70 	 Time Taken: 1 sec, Data loading: 0 sec
2021-06-19 20:05:09,857 - utils.logger - INFO - learning rate = 0.0000500
2021-06-19 20:05:10,224 - utils.logger - INFO - Trn result of epoch 20 / 70 mse 0.1061 rmse 0.3257 pcc 0.0874 ccc 0.0297
2021-06-19 20:05:10,351 - utils.logger - INFO - Val result of epoch 20 / 70 mse 0.1213 rmse 0.3483 pcc -0.0129 ccc -0.0046
2021-06-19 20:05:10,738 - utils.logger - INFO - Cur epoch 21 loss ccc:0.1250
2021-06-19 20:05:11,123 - utils.logger - INFO - Cur epoch 21 loss ccc:0.1137
2021-06-19 20:05:11,466 - utils.logger - INFO - Cur epoch 21 loss ccc:1.0006
2021-06-19 20:05:11,466 - utils.logger - INFO - saving the model at the end of epoch 21, iters 126
2021-06-19 20:05:11,683 - utils.logger - INFO - End of training epoch 21 / 70 	 Time Taken: 1 sec, Data loading: 0 sec
2021-06-19 20:05:11,684 - utils.logger - INFO - learning rate = 0.0000500
2021-06-19 20:05:12,049 - utils.logger - INFO - Trn result of epoch 21 / 70 mse 0.1053 rmse 0.3245 pcc 0.0870 ccc 0.0296
2021-06-19 20:05:12,176 - utils.logger - INFO - Val result of epoch 21 / 70 mse 0.1200 rmse 0.3464 pcc -0.0042 ccc -0.0015
2021-06-19 20:05:12,565 - utils.logger - INFO - Cur epoch 22 loss ccc:0.1103
2021-06-19 20:05:12,970 - utils.logger - INFO - Cur epoch 22 loss ccc:0.1286
2021-06-19 20:05:13,308 - utils.logger - INFO - Cur epoch 22 loss ccc:0.9985
2021-06-19 20:05:13,308 - utils.logger - INFO - saving the model at the end of epoch 22, iters 132
2021-06-19 20:05:13,544 - utils.logger - INFO - End of training epoch 22 / 70 	 Time Taken: 1 sec, Data loading: 0 sec
2021-06-19 20:05:13,545 - utils.logger - INFO - learning rate = 0.0000500
2021-06-19 20:05:13,921 - utils.logger - INFO - Trn result of epoch 22 / 70 mse 0.1043 rmse 0.3229 pcc 0.0851 ccc 0.0288
2021-06-19 20:05:14,053 - utils.logger - INFO - Val result of epoch 22 / 70 mse 0.1191 rmse 0.3452 pcc -0.0136 ccc -0.0048
2021-06-19 20:05:14,464 - utils.logger - INFO - Cur epoch 23 loss ccc:0.1250
2021-06-19 20:05:14,867 - utils.logger - INFO - Cur epoch 23 loss ccc:0.1250
2021-06-19 20:05:15,221 - utils.logger - INFO - Cur epoch 23 loss ccc:1.0012
2021-06-19 20:05:15,222 - utils.logger - INFO - saving the model at the end of epoch 23, iters 138
2021-06-19 20:05:15,439 - utils.logger - INFO - End of training epoch 23 / 70 	 Time Taken: 1 sec, Data loading: 0 sec
2021-06-19 20:05:15,439 - utils.logger - INFO - learning rate = 0.0000500
2021-06-19 20:05:15,809 - utils.logger - INFO - Trn result of epoch 23 / 70 mse 0.1016 rmse 0.3187 pcc 0.0895 ccc 0.0314
2021-06-19 20:05:15,935 - utils.logger - INFO - Val result of epoch 23 / 70 mse 0.1160 rmse 0.3406 pcc -0.0138 ccc -0.0051
2021-06-19 20:05:16,332 - utils.logger - INFO - Cur epoch 24 loss ccc:0.1250
2021-06-19 20:05:16,739 - utils.logger - INFO - Cur epoch 24 loss ccc:0.1099
2021-06-19 20:05:17,075 - utils.logger - INFO - Cur epoch 24 loss ccc:0.9545
2021-06-19 20:05:17,075 - utils.logger - INFO - saving the model at the end of epoch 24, iters 144
2021-06-19 20:05:17,308 - utils.logger - INFO - End of training epoch 24 / 70 	 Time Taken: 1 sec, Data loading: 0 sec
2021-06-19 20:05:17,308 - utils.logger - INFO - learning rate = 0.0000500
2021-06-19 20:05:17,676 - utils.logger - INFO - Trn result of epoch 24 / 70 mse 0.0986 rmse 0.3139 pcc 0.0885 ccc 0.0291
2021-06-19 20:05:17,803 - utils.logger - INFO - Val result of epoch 24 / 70 mse 0.1119 rmse 0.3344 pcc -0.0080 ccc -0.0028
2021-06-19 20:05:18,191 - utils.logger - INFO - Cur epoch 25 loss ccc:0.1373
2021-06-19 20:05:18,564 - utils.logger - INFO - Cur epoch 25 loss ccc:0.1155
2021-06-19 20:05:18,876 - utils.logger - INFO - Cur epoch 25 loss ccc:0.9996
2021-06-19 20:05:18,876 - utils.logger - INFO - saving the model at the end of epoch 25, iters 150
2021-06-19 20:05:19,094 - utils.logger - INFO - End of training epoch 25 / 70 	 Time Taken: 1 sec, Data loading: 0 sec
2021-06-19 20:05:19,094 - utils.logger - INFO - learning rate = 0.0000500
2021-06-19 20:05:19,462 - utils.logger - INFO - Trn result of epoch 25 / 70 mse 0.0989 rmse 0.3144 pcc 0.0930 ccc 0.0298
2021-06-19 20:05:19,588 - utils.logger - INFO - Val result of epoch 25 / 70 mse 0.1127 rmse 0.3357 pcc -0.0094 ccc -0.0032
2021-06-19 20:05:19,971 - utils.logger - INFO - Cur epoch 26 loss ccc:0.1097
2021-06-19 20:05:20,344 - utils.logger - INFO - Cur epoch 26 loss ccc:0.1279
2021-06-19 20:05:20,649 - utils.logger - INFO - Cur epoch 26 loss ccc:0.9980
2021-06-19 20:05:20,649 - utils.logger - INFO - saving the model at the end of epoch 26, iters 156
2021-06-19 20:05:20,864 - utils.logger - INFO - End of training epoch 26 / 70 	 Time Taken: 1 sec, Data loading: 0 sec
2021-06-19 20:05:20,865 - utils.logger - INFO - learning rate = 0.0000500
2021-06-19 20:05:21,228 - utils.logger - INFO - Trn result of epoch 26 / 70 mse 0.1015 rmse 0.3185 pcc 0.0976 ccc 0.0326
2021-06-19 20:05:21,354 - utils.logger - INFO - Val result of epoch 26 / 70 mse 0.1164 rmse 0.3412 pcc -0.0070 ccc -0.0025
2021-06-19 20:05:21,724 - utils.logger - INFO - Cur epoch 27 loss ccc:0.1125
2021-06-19 20:05:22,099 - utils.logger - INFO - Cur epoch 27 loss ccc:0.1140
2021-06-19 20:05:22,411 - utils.logger - INFO - Cur epoch 27 loss ccc:1.0011
2021-06-19 20:05:22,411 - utils.logger - INFO - saving the model at the end of epoch 27, iters 162
2021-06-19 20:05:22,638 - utils.logger - INFO - End of training epoch 27 / 70 	 Time Taken: 1 sec, Data loading: 0 sec
2021-06-19 20:05:22,638 - utils.logger - INFO - learning rate = 0.0000500
2021-06-19 20:05:23,003 - utils.logger - INFO - Trn result of epoch 27 / 70 mse 0.1032 rmse 0.3213 pcc 0.0981 ccc 0.0334
2021-06-19 20:05:23,130 - utils.logger - INFO - Val result of epoch 27 / 70 mse 0.1186 rmse 0.3443 pcc -0.0053 ccc -0.0019
2021-06-19 20:05:23,498 - utils.logger - INFO - Cur epoch 28 loss ccc:0.1251
2021-06-19 20:05:23,875 - utils.logger - INFO - Cur epoch 28 loss ccc:0.1250
2021-06-19 20:05:24,181 - utils.logger - INFO - Cur epoch 28 loss ccc:1.0014
2021-06-19 20:05:24,181 - utils.logger - INFO - saving the model at the end of epoch 28, iters 168
2021-06-19 20:05:24,569 - utils.logger - INFO - End of training epoch 28 / 70 	 Time Taken: 1 sec, Data loading: 0 sec
2021-06-19 20:05:24,569 - utils.logger - INFO - learning rate = 0.0000500
2021-06-19 20:05:24,942 - utils.logger - INFO - Trn result of epoch 28 / 70 mse 0.1027 rmse 0.3205 pcc 0.0944 ccc 0.0335
2021-06-19 20:05:25,070 - utils.logger - INFO - Val result of epoch 28 / 70 mse 0.1179 rmse 0.3433 pcc -0.0095 ccc -0.0035
2021-06-19 20:05:25,453 - utils.logger - INFO - Cur epoch 29 loss ccc:0.1192
2021-06-19 20:05:25,829 - utils.logger - INFO - Cur epoch 29 loss ccc:0.1004
2021-06-19 20:05:26,167 - utils.logger - INFO - Cur epoch 29 loss ccc:0.9936
2021-06-19 20:05:26,167 - utils.logger - INFO - saving the model at the end of epoch 29, iters 174
2021-06-19 20:05:26,402 - utils.logger - INFO - End of training epoch 29 / 70 	 Time Taken: 1 sec, Data loading: 0 sec
2021-06-19 20:05:26,402 - utils.logger - INFO - learning rate = 0.0000500
2021-06-19 20:05:26,769 - utils.logger - INFO - Trn result of epoch 29 / 70 mse 0.1052 rmse 0.3244 pcc 0.0967 ccc 0.0371
2021-06-19 20:05:26,897 - utils.logger - INFO - Val result of epoch 29 / 70 mse 0.1211 rmse 0.3480 pcc -0.0187 ccc -0.0074
2021-06-19 20:05:27,298 - utils.logger - INFO - Cur epoch 30 loss ccc:0.1104
2021-06-19 20:05:27,695 - utils.logger - INFO - Cur epoch 30 loss ccc:0.1114
2021-06-19 20:05:28,021 - utils.logger - INFO - Cur epoch 30 loss ccc:0.9809
2021-06-19 20:05:28,021 - utils.logger - INFO - saving the model at the end of epoch 30, iters 180
2021-06-19 20:05:28,255 - utils.logger - INFO - End of training epoch 30 / 70 	 Time Taken: 1 sec, Data loading: 0 sec
2021-06-19 20:05:28,255 - utils.logger - INFO - learning rate = 0.0000488
2021-06-19 20:05:28,625 - utils.logger - INFO - Trn result of epoch 30 / 70 mse 0.0888 rmse 0.2980 pcc 0.1130 ccc 0.0239
2021-06-19 20:05:28,752 - utils.logger - INFO - Val result of epoch 30 / 70 mse 0.0974 rmse 0.3121 pcc -0.0465 ccc -0.0096
2021-06-19 20:05:29,150 - utils.logger - INFO - Cur epoch 31 loss ccc:0.1220
2021-06-19 20:05:29,544 - utils.logger - INFO - Cur epoch 31 loss ccc:0.1210
2021-06-19 20:05:29,862 - utils.logger - INFO - Cur epoch 31 loss ccc:0.9988
2021-06-19 20:05:29,862 - utils.logger - INFO - saving the model at the end of epoch 31, iters 186
2021-06-19 20:05:30,097 - utils.logger - INFO - End of training epoch 31 / 70 	 Time Taken: 1 sec, Data loading: 0 sec
2021-06-19 20:05:30,097 - utils.logger - INFO - learning rate = 0.0000476
2021-06-19 20:05:30,470 - utils.logger - INFO - Trn result of epoch 31 / 70 mse 0.0907 rmse 0.3012 pcc 0.1108 ccc 0.0271
2021-06-19 20:05:30,600 - utils.logger - INFO - Val result of epoch 31 / 70 mse 0.1018 rmse 0.3191 pcc -0.0594 ccc -0.0138
2021-06-19 20:05:31,004 - utils.logger - INFO - Cur epoch 32 loss ccc:0.1179
2021-06-19 20:05:31,402 - utils.logger - INFO - Cur epoch 32 loss ccc:0.1175
2021-06-19 20:05:31,727 - utils.logger - INFO - Cur epoch 32 loss ccc:1.0079
2021-06-19 20:05:31,727 - utils.logger - INFO - saving the model at the end of epoch 32, iters 192
2021-06-19 20:05:32,074 - utils.logger - INFO - End of training epoch 32 / 70 	 Time Taken: 1 sec, Data loading: 0 sec
2021-06-19 20:05:32,075 - utils.logger - INFO - learning rate = 0.0000463
2021-06-19 20:05:32,445 - utils.logger - INFO - Trn result of epoch 32 / 70 mse 0.0926 rmse 0.3043 pcc 0.1111 ccc 0.0307
2021-06-19 20:05:32,574 - utils.logger - INFO - Val result of epoch 32 / 70 mse 0.1051 rmse 0.3242 pcc -0.0530 ccc -0.0139
2021-06-19 20:05:32,983 - utils.logger - INFO - Cur epoch 33 loss ccc:0.1258
2021-06-19 20:05:33,393 - utils.logger - INFO - Cur epoch 33 loss ccc:0.1101
2021-06-19 20:05:33,730 - utils.logger - INFO - Cur epoch 33 loss ccc:0.9867
2021-06-19 20:05:33,730 - utils.logger - INFO - saving the model at the end of epoch 33, iters 198
2021-06-19 20:05:33,976 - utils.logger - INFO - End of training epoch 33 / 70 	 Time Taken: 1 sec, Data loading: 0 sec
2021-06-19 20:05:33,977 - utils.logger - INFO - learning rate = 0.0000451
2021-06-19 20:05:34,344 - utils.logger - INFO - Trn result of epoch 33 / 70 mse 0.0928 rmse 0.3046 pcc 0.0546 ccc 0.0148
2021-06-19 20:05:34,471 - utils.logger - INFO - Val result of epoch 33 / 70 mse 0.1066 rmse 0.3266 pcc -0.0945 ccc -0.0266
2021-06-19 20:05:34,863 - utils.logger - INFO - Cur epoch 34 loss ccc:0.1135
2021-06-19 20:05:35,276 - utils.logger - INFO - Cur epoch 34 loss ccc:0.1282
2021-06-19 20:05:35,620 - utils.logger - INFO - Cur epoch 34 loss ccc:1.0005
2021-06-19 20:05:35,620 - utils.logger - INFO - saving the model at the end of epoch 34, iters 204
2021-06-19 20:05:35,860 - utils.logger - INFO - End of training epoch 34 / 70 	 Time Taken: 1 sec, Data loading: 0 sec
2021-06-19 20:05:35,860 - utils.logger - INFO - learning rate = 0.0000439
2021-06-19 20:05:36,227 - utils.logger - INFO - Trn result of epoch 34 / 70 mse 0.1042 rmse 0.3228 pcc 0.0396 ccc 0.0148
2021-06-19 20:05:36,354 - utils.logger - INFO - Val result of epoch 34 / 70 mse 0.1256 rmse 0.3544 pcc -0.0836 ccc -0.0323
2021-06-19 20:05:36,764 - utils.logger - INFO - Cur epoch 35 loss ccc:0.1261
2021-06-19 20:05:37,164 - utils.logger - INFO - Cur epoch 35 loss ccc:0.1259
2021-06-19 20:05:37,475 - utils.logger - INFO - Cur epoch 35 loss ccc:1.0411
2021-06-19 20:05:37,475 - utils.logger - INFO - saving the model at the end of epoch 35, iters 210
2021-06-19 20:05:37,716 - utils.logger - INFO - End of training epoch 35 / 70 	 Time Taken: 1 sec, Data loading: 0 sec
2021-06-19 20:05:37,717 - utils.logger - INFO - learning rate = 0.0000427
2021-06-19 20:05:38,083 - utils.logger - INFO - Trn result of epoch 35 / 70 mse 0.1167 rmse 0.3415 pcc 0.0323 ccc 0.0108
2021-06-19 20:05:38,210 - utils.logger - INFO - Val result of epoch 35 / 70 mse 0.1409 rmse 0.3754 pcc -0.0845 ccc -0.0283
2021-06-19 20:05:38,586 - utils.logger - INFO - Cur epoch 36 loss ccc:0.1198
2021-06-19 20:05:38,975 - utils.logger - INFO - Cur epoch 36 loss ccc:0.1249
2021-06-19 20:05:39,286 - utils.logger - INFO - Cur epoch 36 loss ccc:1.0069
2021-06-19 20:05:39,286 - utils.logger - INFO - saving the model at the end of epoch 36, iters 216
2021-06-19 20:05:39,556 - utils.logger - INFO - End of training epoch 36 / 70 	 Time Taken: 1 sec, Data loading: 0 sec
2021-06-19 20:05:39,556 - utils.logger - INFO - learning rate = 0.0000415
2021-06-19 20:05:39,925 - utils.logger - INFO - Trn result of epoch 36 / 70 mse 0.1132 rmse 0.3364 pcc 0.0353 ccc 0.0117
2021-06-19 20:05:40,052 - utils.logger - INFO - Val result of epoch 36 / 70 mse 0.1360 rmse 0.3688 pcc -0.0899 ccc -0.0296
2021-06-19 20:05:40,432 - utils.logger - INFO - Cur epoch 37 loss ccc:0.1154
2021-06-19 20:05:40,807 - utils.logger - INFO - Cur epoch 37 loss ccc:0.1103
2021-06-19 20:05:41,124 - utils.logger - INFO - Cur epoch 37 loss ccc:0.9969
2021-06-19 20:05:41,124 - utils.logger - INFO - saving the model at the end of epoch 37, iters 222
2021-06-19 20:05:41,369 - utils.logger - INFO - End of training epoch 37 / 70 	 Time Taken: 1 sec, Data loading: 0 sec
2021-06-19 20:05:41,369 - utils.logger - INFO - learning rate = 0.0000402
2021-06-19 20:05:41,737 - utils.logger - INFO - Trn result of epoch 37 / 70 mse 0.1108 rmse 0.3329 pcc 0.0336 ccc 0.0119
2021-06-19 20:05:41,865 - utils.logger - INFO - Val result of epoch 37 / 70 mse 0.1332 rmse 0.3650 pcc -0.0965 ccc -0.0341
2021-06-19 20:05:42,243 - utils.logger - INFO - Cur epoch 38 loss ccc:0.1241
2021-06-19 20:05:42,627 - utils.logger - INFO - Cur epoch 38 loss ccc:0.1193
2021-06-19 20:05:42,959 - utils.logger - INFO - Cur epoch 38 loss ccc:0.9999
2021-06-19 20:05:42,959 - utils.logger - INFO - saving the model at the end of epoch 38, iters 228
2021-06-19 20:05:43,210 - utils.logger - INFO - End of training epoch 38 / 70 	 Time Taken: 1 sec, Data loading: 0 sec
2021-06-19 20:05:43,210 - utils.logger - INFO - learning rate = 0.0000390
2021-06-19 20:05:43,580 - utils.logger - INFO - Trn result of epoch 38 / 70 mse 0.1123 rmse 0.3352 pcc 0.0437 ccc 0.0152
2021-06-19 20:05:43,707 - utils.logger - INFO - Val result of epoch 38 / 70 mse 0.1350 rmse 0.3674 pcc -0.0914 ccc -0.0314
2021-06-19 20:05:44,087 - utils.logger - INFO - Cur epoch 39 loss ccc:0.1131
2021-06-19 20:05:44,472 - utils.logger - INFO - Cur epoch 39 loss ccc:0.1371
2021-06-19 20:05:44,800 - utils.logger - INFO - Cur epoch 39 loss ccc:0.9787
2021-06-19 20:05:44,800 - utils.logger - INFO - saving the model at the end of epoch 39, iters 234
2021-06-19 20:05:45,074 - utils.logger - INFO - End of training epoch 39 / 70 	 Time Taken: 1 sec, Data loading: 0 sec
2021-06-19 20:05:45,074 - utils.logger - INFO - learning rate = 0.0000378
2021-06-19 20:05:45,438 - utils.logger - INFO - Trn result of epoch 39 / 70 mse 0.1125 rmse 0.3355 pcc 0.0408 ccc 0.0156
2021-06-19 20:05:45,564 - utils.logger - INFO - Val result of epoch 39 / 70 mse 0.1356 rmse 0.3683 pcc -0.0931 ccc -0.0354
2021-06-19 20:05:45,962 - utils.logger - INFO - Cur epoch 40 loss ccc:0.1337
2021-06-19 20:05:46,356 - utils.logger - INFO - Cur epoch 40 loss ccc:0.1171
2021-06-19 20:05:46,686 - utils.logger - INFO - Cur epoch 40 loss ccc:1.0045
2021-06-19 20:05:46,687 - utils.logger - INFO - saving the model at the end of epoch 40, iters 240
2021-06-19 20:05:47,061 - utils.logger - INFO - End of training epoch 40 / 70 	 Time Taken: 1 sec, Data loading: 0 sec
2021-06-19 20:05:47,062 - utils.logger - INFO - learning rate = 0.0000366
2021-06-19 20:05:47,427 - utils.logger - INFO - Trn result of epoch 40 / 70 mse 0.1140 rmse 0.3376 pcc 0.0398 ccc 0.0139
2021-06-19 20:05:47,554 - utils.logger - INFO - Val result of epoch 40 / 70 mse 0.1373 rmse 0.3705 pcc -0.0934 ccc -0.0324
2021-06-19 20:05:47,955 - utils.logger - INFO - Cur epoch 41 loss ccc:0.1110
2021-06-19 20:05:48,352 - utils.logger - INFO - Cur epoch 41 loss ccc:0.1324
2021-06-19 20:05:48,692 - utils.logger - INFO - Cur epoch 41 loss ccc:0.9992
2021-06-19 20:05:48,693 - utils.logger - INFO - saving the model at the end of epoch 41, iters 246
2021-06-19 20:05:48,955 - utils.logger - INFO - End of training epoch 41 / 70 	 Time Taken: 1 sec, Data loading: 0 sec
2021-06-19 20:05:48,955 - utils.logger - INFO - learning rate = 0.0000354
2021-06-19 20:05:49,326 - utils.logger - INFO - Trn result of epoch 41 / 70 mse 0.1143 rmse 0.3381 pcc 0.0518 ccc 0.0179
2021-06-19 20:05:49,453 - utils.logger - INFO - Val result of epoch 41 / 70 mse 0.1378 rmse 0.3713 pcc -0.0900 ccc -0.0308
2021-06-19 20:05:49,834 - utils.logger - INFO - Cur epoch 42 loss ccc:0.0974
2021-06-19 20:05:50,218 - utils.logger - INFO - Cur epoch 42 loss ccc:0.1250
2021-06-19 20:05:50,530 - utils.logger - INFO - Cur epoch 42 loss ccc:0.9989
2021-06-19 20:05:50,531 - utils.logger - INFO - saving the model at the end of epoch 42, iters 252
2021-06-19 20:05:50,791 - utils.logger - INFO - End of training epoch 42 / 70 	 Time Taken: 1 sec, Data loading: 0 sec
2021-06-19 20:05:50,791 - utils.logger - INFO - learning rate = 0.0000341
2021-06-19 20:05:51,160 - utils.logger - INFO - Trn result of epoch 42 / 70 mse 0.1026 rmse 0.3204 pcc 0.0246 ccc 0.0117
2021-06-19 20:05:51,288 - utils.logger - INFO - Val result of epoch 42 / 70 mse 0.1236 rmse 0.3516 pcc -0.0810 ccc -0.0403
2021-06-19 20:05:51,666 - utils.logger - INFO - Cur epoch 43 loss ccc:0.0937
2021-06-19 20:05:52,049 - utils.logger - INFO - Cur epoch 43 loss ccc:0.1255
2021-06-19 20:05:52,365 - utils.logger - INFO - Cur epoch 43 loss ccc:0.9935
2021-06-19 20:05:52,365 - utils.logger - INFO - saving the model at the end of epoch 43, iters 258
2021-06-19 20:05:52,629 - utils.logger - INFO - End of training epoch 43 / 70 	 Time Taken: 1 sec, Data loading: 0 sec
2021-06-19 20:05:52,629 - utils.logger - INFO - learning rate = 0.0000329
2021-06-19 20:05:52,998 - utils.logger - INFO - Trn result of epoch 43 / 70 mse 0.1051 rmse 0.3242 pcc 0.0280 ccc 0.0128
2021-06-19 20:05:53,125 - utils.logger - INFO - Val result of epoch 43 / 70 mse 0.1270 rmse 0.3563 pcc -0.0855 ccc -0.0403
2021-06-19 20:05:53,511 - utils.logger - INFO - Cur epoch 44 loss ccc:0.1158
2021-06-19 20:05:53,888 - utils.logger - INFO - Cur epoch 44 loss ccc:0.1246
2021-06-19 20:05:54,201 - utils.logger - INFO - Cur epoch 44 loss ccc:0.9887
2021-06-19 20:05:54,202 - utils.logger - INFO - saving the model at the end of epoch 44, iters 264
2021-06-19 20:05:54,493 - utils.logger - INFO - End of training epoch 44 / 70 	 Time Taken: 1 sec, Data loading: 0 sec
2021-06-19 20:05:54,493 - utils.logger - INFO - learning rate = 0.0000317
2021-06-19 20:05:54,859 - utils.logger - INFO - Trn result of epoch 44 / 70 mse 0.1041 rmse 0.3227 pcc 0.0278 ccc 0.0129
2021-06-19 20:05:54,987 - utils.logger - INFO - Val result of epoch 44 / 70 mse 0.1259 rmse 0.3548 pcc -0.0867 ccc -0.0416
2021-06-19 20:05:55,378 - utils.logger - INFO - Cur epoch 45 loss ccc:0.1378
2021-06-19 20:05:55,754 - utils.logger - INFO - Cur epoch 45 loss ccc:0.1250
2021-06-19 20:05:56,073 - utils.logger - INFO - Cur epoch 45 loss ccc:1.0173
2021-06-19 20:05:56,073 - utils.logger - INFO - saving the model at the end of epoch 45, iters 270
2021-06-19 20:05:56,338 - utils.logger - INFO - End of training epoch 45 / 70 	 Time Taken: 1 sec, Data loading: 0 sec
2021-06-19 20:05:56,339 - utils.logger - INFO - learning rate = 0.0000305
2021-06-19 20:05:56,701 - utils.logger - INFO - Trn result of epoch 45 / 70 mse 0.1175 rmse 0.3428 pcc 0.0311 ccc 0.0131
2021-06-19 20:05:56,828 - utils.logger - INFO - Val result of epoch 45 / 70 mse 0.1421 rmse 0.3769 pcc -0.0848 ccc -0.0354
2021-06-19 20:05:57,214 - utils.logger - INFO - Cur epoch 46 loss ccc:0.1309
2021-06-19 20:05:57,589 - utils.logger - INFO - Cur epoch 46 loss ccc:0.1305
2021-06-19 20:05:57,898 - utils.logger - INFO - Cur epoch 46 loss ccc:0.9882
2021-06-19 20:05:57,898 - utils.logger - INFO - saving the model at the end of epoch 46, iters 276
2021-06-19 20:05:58,165 - utils.logger - INFO - End of training epoch 46 / 70 	 Time Taken: 1 sec, Data loading: 0 sec
2021-06-19 20:05:58,165 - utils.logger - INFO - learning rate = 0.0000293
2021-06-19 20:05:58,528 - utils.logger - INFO - Trn result of epoch 46 / 70 mse 0.1277 rmse 0.3574 pcc 0.0319 ccc 0.0132
2021-06-19 20:05:58,653 - utils.logger - INFO - Val result of epoch 46 / 70 mse 0.1541 rmse 0.3926 pcc -0.0880 ccc -0.0354
2021-06-19 20:05:59,025 - utils.logger - INFO - Cur epoch 47 loss ccc:0.1167
2021-06-19 20:05:59,402 - utils.logger - INFO - Cur epoch 47 loss ccc:0.1017
2021-06-19 20:05:59,714 - utils.logger - INFO - Cur epoch 47 loss ccc:1.1903
2021-06-19 20:05:59,715 - utils.logger - INFO - saving the model at the end of epoch 47, iters 282
2021-06-19 20:06:00,149 - utils.logger - INFO - End of training epoch 47 / 70 	 Time Taken: 1 sec, Data loading: 0 sec
2021-06-19 20:06:00,149 - utils.logger - INFO - learning rate = 0.0000280
2021-06-19 20:06:00,512 - utils.logger - INFO - Trn result of epoch 47 / 70 mse 0.1159 rmse 0.3404 pcc 0.0519 ccc 0.0214
2021-06-19 20:06:00,638 - utils.logger - INFO - Val result of epoch 47 / 70 mse 0.1384 rmse 0.3720 pcc -0.0894 ccc -0.0350
2021-06-19 20:06:01,027 - utils.logger - INFO - Cur epoch 48 loss ccc:0.1354
2021-06-19 20:06:01,420 - utils.logger - INFO - Cur epoch 48 loss ccc:0.1322
2021-06-19 20:06:01,760 - utils.logger - INFO - Cur epoch 48 loss ccc:0.9991
2021-06-19 20:06:01,761 - utils.logger - INFO - saving the model at the end of epoch 48, iters 288
2021-06-19 20:06:02,051 - utils.logger - INFO - End of training epoch 48 / 70 	 Time Taken: 1 sec, Data loading: 0 sec
2021-06-19 20:06:02,052 - utils.logger - INFO - learning rate = 0.0000268
2021-06-19 20:06:02,410 - utils.logger - INFO - Trn result of epoch 48 / 70 mse 0.1140 rmse 0.3376 pcc 0.0566 ccc 0.0232
2021-06-19 20:06:02,538 - utils.logger - INFO - Val result of epoch 48 / 70 mse 0.1353 rmse 0.3678 pcc -0.0894 ccc -0.0341
2021-06-19 20:06:02,954 - utils.logger - INFO - Cur epoch 49 loss ccc:0.1102
2021-06-19 20:06:03,373 - utils.logger - INFO - Cur epoch 49 loss ccc:0.1001
2021-06-19 20:06:03,707 - utils.logger - INFO - Cur epoch 49 loss ccc:1.0181
2021-06-19 20:06:03,707 - utils.logger - INFO - saving the model at the end of epoch 49, iters 294
2021-06-19 20:06:03,985 - utils.logger - INFO - End of training epoch 49 / 70 	 Time Taken: 1 sec, Data loading: 0 sec
2021-06-19 20:06:03,985 - utils.logger - INFO - learning rate = 0.0000256
2021-06-19 20:06:04,357 - utils.logger - INFO - Trn result of epoch 49 / 70 mse 0.1111 rmse 0.3334 pcc 0.0682 ccc 0.0281
2021-06-19 20:06:04,485 - utils.logger - INFO - Val result of epoch 49 / 70 mse 0.1307 rmse 0.3616 pcc -0.0926 ccc -0.0346
2021-06-19 20:06:04,905 - utils.logger - INFO - Cur epoch 50 loss ccc:0.1321
2021-06-19 20:06:05,327 - utils.logger - INFO - Cur epoch 50 loss ccc:0.1006
2021-06-19 20:06:05,675 - utils.logger - INFO - Cur epoch 50 loss ccc:0.9996
2021-06-19 20:06:05,675 - utils.logger - INFO - saving the model at the end of epoch 50, iters 300
2021-06-19 20:06:05,954 - utils.logger - INFO - End of training epoch 50 / 70 	 Time Taken: 1 sec, Data loading: 0 sec
2021-06-19 20:06:05,954 - utils.logger - INFO - learning rate = 0.0000244
2021-06-19 20:06:06,322 - utils.logger - INFO - Trn result of epoch 50 / 70 mse 0.1084 rmse 0.3292 pcc 0.0642 ccc 0.0290
2021-06-19 20:06:06,448 - utils.logger - INFO - Val result of epoch 50 / 70 mse 0.1286 rmse 0.3586 pcc -0.0943 ccc -0.0397
2021-06-19 20:06:06,851 - utils.logger - INFO - Cur epoch 51 loss ccc:0.1119
2021-06-19 20:06:07,242 - utils.logger - INFO - Cur epoch 51 loss ccc:0.1179
2021-06-19 20:06:07,562 - utils.logger - INFO - Cur epoch 51 loss ccc:0.9969
2021-06-19 20:06:07,562 - utils.logger - INFO - saving the model at the end of epoch 51, iters 306
2021-06-19 20:06:07,836 - utils.logger - INFO - End of training epoch 51 / 70 	 Time Taken: 1 sec, Data loading: 0 sec
2021-06-19 20:06:07,836 - utils.logger - INFO - learning rate = 0.0000232
2021-06-19 20:06:08,207 - utils.logger - INFO - Trn result of epoch 51 / 70 mse 0.1120 rmse 0.3347 pcc 0.0654 ccc 0.0295
2021-06-19 20:06:08,334 - utils.logger - INFO - Val result of epoch 51 / 70 mse 0.1330 rmse 0.3647 pcc -0.0959 ccc -0.0398
2021-06-19 20:06:08,725 - utils.logger - INFO - Cur epoch 52 loss ccc:0.1132
2021-06-19 20:06:09,123 - utils.logger - INFO - Cur epoch 52 loss ccc:0.1250
2021-06-19 20:06:09,443 - utils.logger - INFO - Cur epoch 52 loss ccc:1.0824
2021-06-19 20:06:09,443 - utils.logger - INFO - saving the model at the end of epoch 52, iters 312
2021-06-19 20:06:09,722 - utils.logger - INFO - End of training epoch 52 / 70 	 Time Taken: 1 sec, Data loading: 0 sec
2021-06-19 20:06:09,722 - utils.logger - INFO - learning rate = 0.0000220
2021-06-19 20:06:10,086 - utils.logger - INFO - Trn result of epoch 52 / 70 mse 0.1092 rmse 0.3304 pcc 0.0687 ccc 0.0304
2021-06-19 20:06:10,214 - utils.logger - INFO - Val result of epoch 52 / 70 mse 0.1286 rmse 0.3586 pcc -0.0946 ccc -0.0383
2021-06-19 20:06:10,615 - utils.logger - INFO - Cur epoch 53 loss ccc:0.1212
2021-06-19 20:06:11,007 - utils.logger - INFO - Cur epoch 53 loss ccc:0.1310
2021-06-19 20:06:11,333 - utils.logger - INFO - Cur epoch 53 loss ccc:0.9976
2021-06-19 20:06:11,333 - utils.logger - INFO - saving the model at the end of epoch 53, iters 318
2021-06-19 20:06:11,609 - utils.logger - INFO - End of training epoch 53 / 70 	 Time Taken: 1 sec, Data loading: 0 sec
2021-06-19 20:06:11,609 - utils.logger - INFO - learning rate = 0.0000207
2021-06-19 20:06:11,972 - utils.logger - INFO - Trn result of epoch 53 / 70 mse 0.1085 rmse 0.3294 pcc 0.0621 ccc 0.0283
2021-06-19 20:06:12,098 - utils.logger - INFO - Val result of epoch 53 / 70 mse 0.1278 rmse 0.3574 pcc -0.0952 ccc -0.0398
2021-06-19 20:06:12,497 - utils.logger - INFO - Cur epoch 54 loss ccc:0.1300
2021-06-19 20:06:12,891 - utils.logger - INFO - Cur epoch 54 loss ccc:0.1019
2021-06-19 20:06:13,217 - utils.logger - INFO - Cur epoch 54 loss ccc:1.0001
2021-06-19 20:06:13,217 - utils.logger - INFO - saving the model at the end of epoch 54, iters 324
2021-06-19 20:06:13,490 - utils.logger - INFO - End of training epoch 54 / 70 	 Time Taken: 1 sec, Data loading: 0 sec
2021-06-19 20:06:13,490 - utils.logger - INFO - learning rate = 0.0000195
2021-06-19 20:06:13,855 - utils.logger - INFO - Trn result of epoch 54 / 70 mse 0.1105 rmse 0.3324 pcc 0.0621 ccc 0.0266
2021-06-19 20:06:13,982 - utils.logger - INFO - Val result of epoch 54 / 70 mse 0.1300 rmse 0.3605 pcc -0.0919 ccc -0.0360
2021-06-19 20:06:14,382 - utils.logger - INFO - Cur epoch 55 loss ccc:0.1250
2021-06-19 20:06:14,781 - utils.logger - INFO - Cur epoch 55 loss ccc:0.1247
2021-06-19 20:06:15,110 - utils.logger - INFO - Cur epoch 55 loss ccc:1.0271
2021-06-19 20:06:15,110 - utils.logger - INFO - saving the model at the end of epoch 55, iters 330
2021-06-19 20:06:15,393 - utils.logger - INFO - End of training epoch 55 / 70 	 Time Taken: 1 sec, Data loading: 0 sec
2021-06-19 20:06:15,393 - utils.logger - INFO - learning rate = 0.0000183
2021-06-19 20:06:15,767 - utils.logger - INFO - Trn result of epoch 55 / 70 mse 0.1021 rmse 0.3195 pcc 0.0549 ccc 0.0255
2021-06-19 20:06:15,896 - utils.logger - INFO - Val result of epoch 55 / 70 mse 0.1209 rmse 0.3477 pcc -0.0879 ccc -0.0395
2021-06-19 20:06:16,287 - utils.logger - INFO - Cur epoch 56 loss ccc:0.1153
2021-06-19 20:06:16,688 - utils.logger - INFO - Cur epoch 56 loss ccc:0.1154
2021-06-19 20:06:17,024 - utils.logger - INFO - Cur epoch 56 loss ccc:1.0037
2021-06-19 20:06:17,024 - utils.logger - INFO - saving the model at the end of epoch 56, iters 336
2021-06-19 20:06:17,360 - utils.logger - INFO - End of training epoch 56 / 70 	 Time Taken: 1 sec, Data loading: 0 sec
2021-06-19 20:06:17,361 - utils.logger - INFO - learning rate = 0.0000171
2021-06-19 20:06:17,740 - utils.logger - INFO - Trn result of epoch 56 / 70 mse 0.1003 rmse 0.3168 pcc 0.0553 ccc 0.0259
2021-06-19 20:06:17,872 - utils.logger - INFO - Val result of epoch 56 / 70 mse 0.1190 rmse 0.3449 pcc -0.0859 ccc -0.0393
2021-06-19 20:06:18,261 - utils.logger - INFO - Cur epoch 57 loss ccc:0.0978
2021-06-19 20:06:18,639 - utils.logger - INFO - Cur epoch 57 loss ccc:0.1356
2021-06-19 20:06:18,953 - utils.logger - INFO - Cur epoch 57 loss ccc:1.0134
2021-06-19 20:06:18,953 - utils.logger - INFO - saving the model at the end of epoch 57, iters 342
2021-06-19 20:06:19,338 - utils.logger - INFO - End of training epoch 57 / 70 	 Time Taken: 1 sec, Data loading: 0 sec
2021-06-19 20:06:19,339 - utils.logger - INFO - learning rate = 0.0000159
2021-06-19 20:06:19,709 - utils.logger - INFO - Trn result of epoch 57 / 70 mse 0.1007 rmse 0.3174 pcc 0.0554 ccc 0.0264
2021-06-19 20:06:19,835 - utils.logger - INFO - Val result of epoch 57 / 70 mse 0.1198 rmse 0.3461 pcc -0.0905 ccc -0.0422
2021-06-19 20:06:20,208 - utils.logger - INFO - Cur epoch 58 loss ccc:0.1020
2021-06-19 20:06:20,593 - utils.logger - INFO - Cur epoch 58 loss ccc:0.1156
2021-06-19 20:06:20,931 - utils.logger - INFO - Cur epoch 58 loss ccc:1.0013
2021-06-19 20:06:20,931 - utils.logger - INFO - saving the model at the end of epoch 58, iters 348
2021-06-19 20:06:21,208 - utils.logger - INFO - End of training epoch 58 / 70 	 Time Taken: 1 sec, Data loading: 0 sec
2021-06-19 20:06:21,208 - utils.logger - INFO - learning rate = 0.0000146
2021-06-19 20:06:21,573 - utils.logger - INFO - Trn result of epoch 58 / 70 mse 0.1012 rmse 0.3181 pcc 0.0558 ccc 0.0268
2021-06-19 20:06:21,698 - utils.logger - INFO - Val result of epoch 58 / 70 mse 0.1204 rmse 0.3470 pcc -0.0911 ccc -0.0427
2021-06-19 20:06:22,083 - utils.logger - INFO - Cur epoch 59 loss ccc:0.1096
2021-06-19 20:06:22,466 - utils.logger - INFO - Cur epoch 59 loss ccc:0.1455
2021-06-19 20:06:22,785 - utils.logger - INFO - Cur epoch 59 loss ccc:0.9996
2021-06-19 20:06:22,785 - utils.logger - INFO - saving the model at the end of epoch 59, iters 354
2021-06-19 20:06:23,053 - utils.logger - INFO - End of training epoch 59 / 70 	 Time Taken: 1 sec, Data loading: 0 sec
2021-06-19 20:06:23,053 - utils.logger - INFO - learning rate = 0.0000134
2021-06-19 20:06:23,417 - utils.logger - INFO - Trn result of epoch 59 / 70 mse 0.1022 rmse 0.3196 pcc 0.0543 ccc 0.0263
2021-06-19 20:06:23,543 - utils.logger - INFO - Val result of epoch 59 / 70 mse 0.1212 rmse 0.3481 pcc -0.0862 ccc -0.0404
2021-06-19 20:06:23,921 - utils.logger - INFO - Cur epoch 60 loss ccc:0.1190
2021-06-19 20:06:24,305 - utils.logger - INFO - Cur epoch 60 loss ccc:0.1151
2021-06-19 20:06:24,630 - utils.logger - INFO - Cur epoch 60 loss ccc:1.0002
2021-06-19 20:06:24,630 - utils.logger - INFO - saving the model at the end of epoch 60, iters 360
2021-06-19 20:06:24,919 - utils.logger - INFO - End of training epoch 60 / 70 	 Time Taken: 1 sec, Data loading: 0 sec
2021-06-19 20:06:24,919 - utils.logger - INFO - learning rate = 0.0000122
2021-06-19 20:06:25,291 - utils.logger - INFO - Trn result of epoch 60 / 70 mse 0.1030 rmse 0.3209 pcc 0.0547 ccc 0.0262
2021-06-19 20:06:25,419 - utils.logger - INFO - Val result of epoch 60 / 70 mse 0.1224 rmse 0.3499 pcc -0.0873 ccc -0.0404
2021-06-19 20:06:25,804 - utils.logger - INFO - Cur epoch 61 loss ccc:0.1034
2021-06-19 20:06:26,181 - utils.logger - INFO - Cur epoch 61 loss ccc:0.1252
2021-06-19 20:06:26,493 - utils.logger - INFO - Cur epoch 61 loss ccc:0.9617
2021-06-19 20:06:26,493 - utils.logger - INFO - saving the model at the end of epoch 61, iters 366
2021-06-19 20:06:26,761 - utils.logger - INFO - End of training epoch 61 / 70 	 Time Taken: 1 sec, Data loading: 0 sec
2021-06-19 20:06:26,761 - utils.logger - INFO - learning rate = 0.0000110
2021-06-19 20:06:27,128 - utils.logger - INFO - Trn result of epoch 61 / 70 mse 0.1031 rmse 0.3210 pcc 0.0560 ccc 0.0276
2021-06-19 20:06:27,255 - utils.logger - INFO - Val result of epoch 61 / 70 mse 0.1234 rmse 0.3513 pcc -0.0871 ccc -0.0419
2021-06-19 20:06:27,626 - utils.logger - INFO - Cur epoch 62 loss ccc:0.0953
2021-06-19 20:06:28,030 - utils.logger - INFO - Cur epoch 62 loss ccc:0.1250
2021-06-19 20:06:28,357 - utils.logger - INFO - Cur epoch 62 loss ccc:1.0004
2021-06-19 20:06:28,357 - utils.logger - INFO - saving the model at the end of epoch 62, iters 372
2021-06-19 20:06:28,636 - utils.logger - INFO - End of training epoch 62 / 70 	 Time Taken: 1 sec, Data loading: 0 sec
2021-06-19 20:06:28,636 - utils.logger - INFO - learning rate = 0.0000098
2021-06-19 20:06:28,999 - utils.logger - INFO - Trn result of epoch 62 / 70 mse 0.1034 rmse 0.3216 pcc 0.0554 ccc 0.0275
2021-06-19 20:06:29,126 - utils.logger - INFO - Val result of epoch 62 / 70 mse 0.1239 rmse 0.3521 pcc -0.0876 ccc -0.0424
2021-06-19 20:06:29,511 - utils.logger - INFO - Cur epoch 63 loss ccc:0.1195
2021-06-19 20:06:29,891 - utils.logger - INFO - Cur epoch 63 loss ccc:0.1186
2021-06-19 20:06:30,211 - utils.logger - INFO - Cur epoch 63 loss ccc:0.9649
2021-06-19 20:06:30,211 - utils.logger - INFO - saving the model at the end of epoch 63, iters 378
2021-06-19 20:06:30,491 - utils.logger - INFO - End of training epoch 63 / 70 	 Time Taken: 1 sec, Data loading: 0 sec
2021-06-19 20:06:30,491 - utils.logger - INFO - learning rate = 0.0000085
2021-06-19 20:06:30,857 - utils.logger - INFO - Trn result of epoch 63 / 70 mse 0.1049 rmse 0.3239 pcc 0.0562 ccc 0.0273
2021-06-19 20:06:30,983 - utils.logger - INFO - Val result of epoch 63 / 70 mse 0.1258 rmse 0.3547 pcc -0.0883 ccc -0.0416
2021-06-19 20:06:31,360 - utils.logger - INFO - Cur epoch 64 loss ccc:0.1300
2021-06-19 20:06:31,740 - utils.logger - INFO - Cur epoch 64 loss ccc:0.1255
2021-06-19 20:06:32,058 - utils.logger - INFO - Cur epoch 64 loss ccc:1.1299
2021-06-19 20:06:32,058 - utils.logger - INFO - saving the model at the end of epoch 64, iters 384
2021-06-19 20:06:32,336 - utils.logger - INFO - End of training epoch 64 / 70 	 Time Taken: 1 sec, Data loading: 0 sec
2021-06-19 20:06:32,336 - utils.logger - INFO - learning rate = 0.0000073
2021-06-19 20:06:32,704 - utils.logger - INFO - Trn result of epoch 64 / 70 mse 0.1044 rmse 0.3231 pcc 0.0539 ccc 0.0267
2021-06-19 20:06:32,832 - utils.logger - INFO - Val result of epoch 64 / 70 mse 0.1243 rmse 0.3526 pcc -0.0893 ccc -0.0429
2021-06-19 20:06:33,211 - utils.logger - INFO - Cur epoch 65 loss ccc:0.1251
2021-06-19 20:06:33,594 - utils.logger - INFO - Cur epoch 65 loss ccc:0.1106
2021-06-19 20:06:33,906 - utils.logger - INFO - Cur epoch 65 loss ccc:0.9678
2021-06-19 20:06:33,906 - utils.logger - INFO - saving the model at the end of epoch 65, iters 390
2021-06-19 20:06:34,183 - utils.logger - INFO - End of training epoch 65 / 70 	 Time Taken: 1 sec, Data loading: 0 sec
2021-06-19 20:06:34,184 - utils.logger - INFO - learning rate = 0.0000061
2021-06-19 20:06:34,548 - utils.logger - INFO - Trn result of epoch 65 / 70 mse 0.1041 rmse 0.3226 pcc 0.0542 ccc 0.0267
2021-06-19 20:06:34,674 - utils.logger - INFO - Val result of epoch 65 / 70 mse 0.1238 rmse 0.3519 pcc -0.0870 ccc -0.0416
2021-06-19 20:06:35,056 - utils.logger - INFO - Cur epoch 66 loss ccc:0.1159
2021-06-19 20:06:35,450 - utils.logger - INFO - Cur epoch 66 loss ccc:0.1105
2021-06-19 20:06:35,787 - utils.logger - INFO - Cur epoch 66 loss ccc:0.9985
2021-06-19 20:06:35,787 - utils.logger - INFO - saving the model at the end of epoch 66, iters 396
2021-06-19 20:06:36,051 - utils.logger - INFO - End of training epoch 66 / 70 	 Time Taken: 1 sec, Data loading: 0 sec
2021-06-19 20:06:36,051 - utils.logger - INFO - learning rate = 0.0000049
2021-06-19 20:06:36,418 - utils.logger - INFO - Trn result of epoch 66 / 70 mse 0.1035 rmse 0.3218 pcc 0.0566 ccc 0.0282
2021-06-19 20:06:36,543 - utils.logger - INFO - Val result of epoch 66 / 70 mse 0.1234 rmse 0.3512 pcc -0.0877 ccc -0.0424
2021-06-19 20:06:36,939 - utils.logger - INFO - Cur epoch 67 loss ccc:0.1248
2021-06-19 20:06:37,323 - utils.logger - INFO - Cur epoch 67 loss ccc:0.1171
2021-06-19 20:06:37,685 - utils.logger - INFO - Cur epoch 67 loss ccc:1.0004
2021-06-19 20:06:37,685 - utils.logger - INFO - saving the model at the end of epoch 67, iters 402
2021-06-19 20:06:37,959 - utils.logger - INFO - End of training epoch 67 / 70 	 Time Taken: 1 sec, Data loading: 0 sec
2021-06-19 20:06:37,960 - utils.logger - INFO - learning rate = 0.0000037
2021-06-19 20:06:38,328 - utils.logger - INFO - Trn result of epoch 67 / 70 mse 0.1038 rmse 0.3222 pcc 0.0560 ccc 0.0282
2021-06-19 20:06:38,453 - utils.logger - INFO - Val result of epoch 67 / 70 mse 0.1237 rmse 0.3517 pcc -0.0886 ccc -0.0433
2021-06-19 20:06:38,827 - utils.logger - INFO - Cur epoch 68 loss ccc:0.1316
2021-06-19 20:06:39,210 - utils.logger - INFO - Cur epoch 68 loss ccc:0.0994
2021-06-19 20:06:39,547 - utils.logger - INFO - Cur epoch 68 loss ccc:1.0092
2021-06-19 20:06:39,548 - utils.logger - INFO - saving the model at the end of epoch 68, iters 408
2021-06-19 20:06:39,821 - utils.logger - INFO - End of training epoch 68 / 70 	 Time Taken: 1 sec, Data loading: 0 sec
2021-06-19 20:06:39,821 - utils.logger - INFO - learning rate = 0.0000024
2021-06-19 20:06:40,191 - utils.logger - INFO - Trn result of epoch 68 / 70 mse 0.1039 rmse 0.3224 pcc 0.0568 ccc 0.0287
2021-06-19 20:06:40,319 - utils.logger - INFO - Val result of epoch 68 / 70 mse 0.1239 rmse 0.3520 pcc -0.0883 ccc -0.0432
2021-06-19 20:06:40,705 - utils.logger - INFO - Cur epoch 69 loss ccc:0.1256
2021-06-19 20:06:41,090 - utils.logger - INFO - Cur epoch 69 loss ccc:0.1139
2021-06-19 20:06:41,404 - utils.logger - INFO - Cur epoch 69 loss ccc:1.0025
2021-06-19 20:06:41,404 - utils.logger - INFO - saving the model at the end of epoch 69, iters 414
2021-06-19 20:06:41,678 - utils.logger - INFO - End of training epoch 69 / 70 	 Time Taken: 1 sec, Data loading: 0 sec
2021-06-19 20:06:41,678 - utils.logger - INFO - learning rate = 0.0000012
2021-06-19 20:06:42,040 - utils.logger - INFO - Trn result of epoch 69 / 70 mse 0.1041 rmse 0.3226 pcc 0.0570 ccc 0.0287
2021-06-19 20:06:42,164 - utils.logger - INFO - Val result of epoch 69 / 70 mse 0.1241 rmse 0.3523 pcc -0.0884 ccc -0.0431
2021-06-19 20:06:42,565 - utils.logger - INFO - Cur epoch 70 loss ccc:0.1352
2021-06-19 20:06:42,960 - utils.logger - INFO - Cur epoch 70 loss ccc:0.0976
2021-06-19 20:06:43,277 - utils.logger - INFO - Cur epoch 70 loss ccc:0.9969
2021-06-19 20:06:43,277 - utils.logger - INFO - saving the model at the end of epoch 70, iters 420
2021-06-19 20:06:43,662 - utils.logger - INFO - End of training epoch 70 / 70 	 Time Taken: 1 sec, Data loading: 0 sec
2021-06-19 20:06:43,663 - utils.logger - INFO - learning rate = 0.0000000
2021-06-19 20:06:44,026 - utils.logger - INFO - Trn result of epoch 70 / 70 mse 0.1041 rmse 0.3226 pcc 0.0572 ccc 0.0289
2021-06-19 20:06:44,152 - utils.logger - INFO - Val result of epoch 70 / 70 mse 0.1240 rmse 0.3522 pcc -0.0883 ccc -0.0431
2021-06-19 20:06:44,152 - utils.logger - INFO - Best eval epoch -1 found with ccc 0.000000
2021-06-19 20:06:44,152 - utils.logger - INFO - baseline_fcfusion_wonorm_vggish-egemaps_arousal_hidden1024_seq100_lr5e-05_cccloss_run1
