2021-06-05 12:34:12,873 - utils.logger - INFO - The number of training samples = 41
2021-06-05 12:34:21,290 - utils.logger - INFO - Cur epoch 1 loss MSE:1.6106
2021-06-05 12:34:21,677 - utils.logger - INFO - Cur epoch 1 loss MSE:0.4563
2021-06-05 12:34:21,989 - utils.logger - INFO - Cur epoch 1 loss MSE:11.6396
2021-06-05 12:34:21,989 - utils.logger - INFO - saving the model at the end of epoch 1, iters 6
2021-06-05 12:34:22,288 - utils.logger - INFO - End of training epoch 1 / 50 	 Time Taken: 1 sec, Data loading: 0 sec
2021-06-05 12:34:22,288 - utils.logger - INFO - learning rate = 0.0000100
2021-06-05 12:34:22,656 - utils.logger - INFO - Trn result of epoch 1 / 50 mse 0.0895 rmse 0.2992 pcc 0.0103 ccc 0.0000
2021-06-05 12:34:22,782 - utils.logger - INFO - Val result of epoch 1 / 50 mse 0.0938 rmse 0.3062 pcc 0.1443 ccc 0.0003
2021-06-05 12:34:23,237 - utils.logger - INFO - Cur epoch 2 loss MSE:0.0515
2021-06-05 12:34:23,657 - utils.logger - INFO - Cur epoch 2 loss MSE:0.4940
2021-06-05 12:34:23,987 - utils.logger - INFO - Cur epoch 2 loss MSE:0.4311
2021-06-05 12:34:23,987 - utils.logger - INFO - saving the model at the end of epoch 2, iters 12
2021-06-05 12:34:24,297 - utils.logger - INFO - End of training epoch 2 / 50 	 Time Taken: 1 sec, Data loading: 0 sec
2021-06-05 12:34:24,298 - utils.logger - INFO - learning rate = 0.0000100
2021-06-05 12:34:24,660 - utils.logger - INFO - Trn result of epoch 2 / 50 mse 0.0895 rmse 0.2992 pcc 0.0329 ccc 0.0001
2021-06-05 12:34:24,781 - utils.logger - INFO - Val result of epoch 2 / 50 mse 0.0938 rmse 0.3062 pcc 0.1168 ccc 0.0003
2021-06-05 12:34:25,147 - utils.logger - INFO - Cur epoch 3 loss MSE:0.1540
2021-06-05 12:34:25,534 - utils.logger - INFO - Cur epoch 3 loss MSE:0.2975
2021-06-05 12:34:25,863 - utils.logger - INFO - Cur epoch 3 loss MSE:0.6546
2021-06-05 12:34:25,863 - utils.logger - INFO - saving the model at the end of epoch 3, iters 18
2021-06-05 12:34:26,170 - utils.logger - INFO - End of training epoch 3 / 50 	 Time Taken: 1 sec, Data loading: 0 sec
2021-06-05 12:34:26,171 - utils.logger - INFO - learning rate = 0.0000100
2021-06-05 12:34:26,544 - utils.logger - INFO - Trn result of epoch 3 / 50 mse 0.0895 rmse 0.2992 pcc 0.1152 ccc 0.0003
2021-06-05 12:34:26,668 - utils.logger - INFO - Val result of epoch 3 / 50 mse 0.0937 rmse 0.3062 pcc 0.0192 ccc 0.0001
2021-06-05 12:34:27,069 - utils.logger - INFO - Cur epoch 4 loss MSE:0.2823
2021-06-05 12:34:27,458 - utils.logger - INFO - Cur epoch 4 loss MSE:0.1145
2021-06-05 12:34:27,786 - utils.logger - INFO - Cur epoch 4 loss MSE:0.0006
2021-06-05 12:34:27,786 - utils.logger - INFO - saving the model at the end of epoch 4, iters 24
2021-06-05 12:34:28,092 - utils.logger - INFO - End of training epoch 4 / 50 	 Time Taken: 1 sec, Data loading: 0 sec
2021-06-05 12:34:28,092 - utils.logger - INFO - learning rate = 0.0000100
2021-06-05 12:34:28,453 - utils.logger - INFO - Trn result of epoch 4 / 50 mse 0.0895 rmse 0.2992 pcc 0.1028 ccc 0.0004
2021-06-05 12:34:28,575 - utils.logger - INFO - Val result of epoch 4 / 50 mse 0.0937 rmse 0.3062 pcc 0.0016 ccc 0.0000
2021-06-05 12:34:28,963 - utils.logger - INFO - Cur epoch 5 loss MSE:0.0739
2021-06-05 12:34:29,345 - utils.logger - INFO - Cur epoch 5 loss MSE:0.2718
2021-06-05 12:34:29,659 - utils.logger - INFO - Cur epoch 5 loss MSE:12.0494
2021-06-05 12:34:29,659 - utils.logger - INFO - saving the model at the end of epoch 5, iters 30
2021-06-05 12:34:29,965 - utils.logger - INFO - End of training epoch 5 / 50 	 Time Taken: 1 sec, Data loading: 0 sec
2021-06-05 12:34:29,965 - utils.logger - INFO - learning rate = 0.0000100
2021-06-05 12:34:30,328 - utils.logger - INFO - Trn result of epoch 5 / 50 mse 0.0895 rmse 0.2992 pcc 0.0957 ccc 0.0004
2021-06-05 12:34:30,451 - utils.logger - INFO - Val result of epoch 5 / 50 mse 0.0938 rmse 0.3063 pcc 0.0752 ccc 0.0004
2021-06-05 12:34:30,830 - utils.logger - INFO - Cur epoch 6 loss MSE:0.1321
2021-06-05 12:34:31,220 - utils.logger - INFO - Cur epoch 6 loss MSE:1.8932
2021-06-05 12:34:31,525 - utils.logger - INFO - Cur epoch 6 loss MSE:0.6558
2021-06-05 12:34:31,526 - utils.logger - INFO - saving the model at the end of epoch 6, iters 36
2021-06-05 12:34:32,016 - utils.logger - INFO - End of training epoch 6 / 50 	 Time Taken: 1 sec, Data loading: 0 sec
2021-06-05 12:34:32,016 - utils.logger - INFO - learning rate = 0.0000100
2021-06-05 12:34:32,381 - utils.logger - INFO - Trn result of epoch 6 / 50 mse 0.0895 rmse 0.2992 pcc 0.0912 ccc 0.0005
2021-06-05 12:34:32,507 - utils.logger - INFO - Val result of epoch 6 / 50 mse 0.0937 rmse 0.3062 pcc 0.0160 ccc 0.0001
2021-06-05 12:34:32,888 - utils.logger - INFO - Cur epoch 7 loss MSE:0.0947
2021-06-05 12:34:33,272 - utils.logger - INFO - Cur epoch 7 loss MSE:0.1406
2021-06-05 12:34:33,593 - utils.logger - INFO - Cur epoch 7 loss MSE:0.9878
2021-06-05 12:34:33,593 - utils.logger - INFO - saving the model at the end of epoch 7, iters 42
2021-06-05 12:34:33,914 - utils.logger - INFO - End of training epoch 7 / 50 	 Time Taken: 1 sec, Data loading: 0 sec
2021-06-05 12:34:33,915 - utils.logger - INFO - learning rate = 0.0000100
2021-06-05 12:34:34,280 - utils.logger - INFO - Trn result of epoch 7 / 50 mse 0.0895 rmse 0.2991 pcc 0.1522 ccc 0.0010
2021-06-05 12:34:34,405 - utils.logger - INFO - Val result of epoch 7 / 50 mse 0.0938 rmse 0.3062 pcc 0.0204 ccc 0.0001
2021-06-05 12:34:34,793 - utils.logger - INFO - Cur epoch 8 loss MSE:0.0793
2021-06-05 12:34:35,175 - utils.logger - INFO - Cur epoch 8 loss MSE:0.0660
2021-06-05 12:34:35,515 - utils.logger - INFO - Cur epoch 8 loss MSE:0.5481
2021-06-05 12:34:35,515 - utils.logger - INFO - saving the model at the end of epoch 8, iters 48
2021-06-05 12:34:35,816 - utils.logger - INFO - End of training epoch 8 / 50 	 Time Taken: 1 sec, Data loading: 0 sec
2021-06-05 12:34:35,816 - utils.logger - INFO - learning rate = 0.0000100
2021-06-05 12:34:36,174 - utils.logger - INFO - Trn result of epoch 8 / 50 mse 0.0895 rmse 0.2991 pcc 0.1252 ccc 0.0011
2021-06-05 12:34:36,297 - utils.logger - INFO - Val result of epoch 8 / 50 mse 0.0937 rmse 0.3061 pcc 0.0020 ccc 0.0000
2021-06-05 12:34:36,671 - utils.logger - INFO - Cur epoch 9 loss MSE:0.1297
2021-06-05 12:34:37,064 - utils.logger - INFO - Cur epoch 9 loss MSE:0.0806
2021-06-05 12:34:37,395 - utils.logger - INFO - Cur epoch 9 loss MSE:0.0620
2021-06-05 12:34:37,395 - utils.logger - INFO - saving the model at the end of epoch 9, iters 54
2021-06-05 12:34:37,699 - utils.logger - INFO - End of training epoch 9 / 50 	 Time Taken: 1 sec, Data loading: 0 sec
2021-06-05 12:34:37,699 - utils.logger - INFO - learning rate = 0.0000100
2021-06-05 12:34:38,057 - utils.logger - INFO - Trn result of epoch 9 / 50 mse 0.0894 rmse 0.2990 pcc 0.1397 ccc 0.0014
2021-06-05 12:34:38,180 - utils.logger - INFO - Val result of epoch 9 / 50 mse 0.0938 rmse 0.3063 pcc 0.0214 ccc 0.0002
2021-06-05 12:34:38,567 - utils.logger - INFO - Cur epoch 10 loss MSE:1.6196
2021-06-05 12:34:38,954 - utils.logger - INFO - Cur epoch 10 loss MSE:0.4705
2021-06-05 12:34:39,267 - utils.logger - INFO - Cur epoch 10 loss MSE:0.4418
2021-06-05 12:34:39,267 - utils.logger - INFO - saving the model at the end of epoch 10, iters 60
2021-06-05 12:34:39,582 - utils.logger - INFO - End of training epoch 10 / 50 	 Time Taken: 1 sec, Data loading: 0 sec
2021-06-05 12:34:39,582 - utils.logger - INFO - learning rate = 0.0000100
2021-06-05 12:34:39,946 - utils.logger - INFO - Trn result of epoch 10 / 50 mse 0.0894 rmse 0.2990 pcc 0.1110 ccc 0.0016
2021-06-05 12:34:40,070 - utils.logger - INFO - Val result of epoch 10 / 50 mse 0.0939 rmse 0.3065 pcc 0.0133 ccc 0.0002
2021-06-05 12:34:40,451 - utils.logger - INFO - Cur epoch 11 loss MSE:0.6559
2021-06-05 12:34:40,839 - utils.logger - INFO - Cur epoch 11 loss MSE:1.4159
2021-06-05 12:34:41,152 - utils.logger - INFO - Cur epoch 11 loss MSE:0.7903
2021-06-05 12:34:41,153 - utils.logger - INFO - saving the model at the end of epoch 11, iters 66
2021-06-05 12:34:41,453 - utils.logger - INFO - End of training epoch 11 / 50 	 Time Taken: 1 sec, Data loading: 0 sec
2021-06-05 12:34:41,453 - utils.logger - INFO - learning rate = 0.0000100
2021-06-05 12:34:41,827 - utils.logger - INFO - Trn result of epoch 11 / 50 mse 0.0893 rmse 0.2988 pcc 0.1827 ccc 0.0027
2021-06-05 12:34:41,954 - utils.logger - INFO - Val result of epoch 11 / 50 mse 0.0938 rmse 0.3062 pcc -0.0246 ccc -0.0004
2021-06-05 12:34:42,342 - utils.logger - INFO - Cur epoch 12 loss MSE:0.0509
2021-06-05 12:34:42,731 - utils.logger - INFO - Cur epoch 12 loss MSE:1.7938
2021-06-05 12:34:43,053 - utils.logger - INFO - Cur epoch 12 loss MSE:7.8342
2021-06-05 12:34:43,053 - utils.logger - INFO - saving the model at the end of epoch 12, iters 72
2021-06-05 12:34:43,382 - utils.logger - INFO - End of training epoch 12 / 50 	 Time Taken: 1 sec, Data loading: 0 sec
2021-06-05 12:34:43,382 - utils.logger - INFO - learning rate = 0.0000100
2021-06-05 12:34:43,750 - utils.logger - INFO - Trn result of epoch 12 / 50 mse 0.0894 rmse 0.2990 pcc 0.0887 ccc 0.0017
2021-06-05 12:34:43,871 - utils.logger - INFO - Val result of epoch 12 / 50 mse 0.0940 rmse 0.3065 pcc 0.0187 ccc 0.0004
2021-06-05 12:34:44,259 - utils.logger - INFO - Cur epoch 13 loss MSE:1.4528
2021-06-05 12:34:44,654 - utils.logger - INFO - Cur epoch 13 loss MSE:0.2143
2021-06-05 12:34:44,964 - utils.logger - INFO - Cur epoch 13 loss MSE:3.4593
2021-06-05 12:34:44,964 - utils.logger - INFO - saving the model at the end of epoch 13, iters 78
2021-06-05 12:34:45,276 - utils.logger - INFO - End of training epoch 13 / 50 	 Time Taken: 1 sec, Data loading: 0 sec
2021-06-05 12:34:45,276 - utils.logger - INFO - learning rate = 0.0000100
2021-06-05 12:34:45,637 - utils.logger - INFO - Trn result of epoch 13 / 50 mse 0.0892 rmse 0.2987 pcc 0.1330 ccc 0.0039
2021-06-05 12:34:45,760 - utils.logger - INFO - Val result of epoch 13 / 50 mse 0.0942 rmse 0.3070 pcc 0.0493 ccc 0.0016
2021-06-05 12:34:46,146 - utils.logger - INFO - Cur epoch 14 loss MSE:0.1699
2021-06-05 12:34:46,532 - utils.logger - INFO - Cur epoch 14 loss MSE:0.1517
2021-06-05 12:34:46,847 - utils.logger - INFO - Cur epoch 14 loss MSE:8.4636
2021-06-05 12:34:46,848 - utils.logger - INFO - saving the model at the end of epoch 14, iters 84
2021-06-05 12:34:47,167 - utils.logger - INFO - End of training epoch 14 / 50 	 Time Taken: 1 sec, Data loading: 0 sec
2021-06-05 12:34:47,167 - utils.logger - INFO - learning rate = 0.0000100
2021-06-05 12:34:47,533 - utils.logger - INFO - Trn result of epoch 14 / 50 mse 0.0893 rmse 0.2988 pcc 0.0970 ccc 0.0039
2021-06-05 12:34:47,656 - utils.logger - INFO - Val result of epoch 14 / 50 mse 0.0945 rmse 0.3075 pcc 0.0810 ccc 0.0037
2021-06-05 12:34:48,046 - utils.logger - INFO - Cur epoch 15 loss MSE:0.1852
2021-06-05 12:34:48,432 - utils.logger - INFO - Cur epoch 15 loss MSE:0.2502
2021-06-05 12:34:48,751 - utils.logger - INFO - Cur epoch 15 loss MSE:6.6536
2021-06-05 12:34:48,752 - utils.logger - INFO - saving the model at the end of epoch 15, iters 90
2021-06-05 12:34:49,045 - utils.logger - INFO - End of training epoch 15 / 50 	 Time Taken: 1 sec, Data loading: 0 sec
2021-06-05 12:34:49,045 - utils.logger - INFO - learning rate = 0.0000100
2021-06-05 12:34:49,406 - utils.logger - INFO - Trn result of epoch 15 / 50 mse 0.0893 rmse 0.2988 pcc 0.0751 ccc 0.0032
2021-06-05 12:34:49,529 - utils.logger - INFO - Val result of epoch 15 / 50 mse 0.0941 rmse 0.3068 pcc -0.0131 ccc -0.0006
2021-06-05 12:34:49,913 - utils.logger - INFO - Cur epoch 16 loss MSE:0.1659
2021-06-05 12:34:50,310 - utils.logger - INFO - Cur epoch 16 loss MSE:1.3467
2021-06-05 12:34:50,618 - utils.logger - INFO - Cur epoch 16 loss MSE:0.3679
2021-06-05 12:34:50,618 - utils.logger - INFO - saving the model at the end of epoch 16, iters 96
2021-06-05 12:34:50,931 - utils.logger - INFO - End of training epoch 16 / 50 	 Time Taken: 1 sec, Data loading: 0 sec
2021-06-05 12:34:50,931 - utils.logger - INFO - learning rate = 0.0000100
2021-06-05 12:34:51,303 - utils.logger - INFO - Trn result of epoch 16 / 50 mse 0.0890 rmse 0.2983 pcc 0.1307 ccc 0.0071
2021-06-05 12:34:51,428 - utils.logger - INFO - Val result of epoch 16 / 50 mse 0.0943 rmse 0.3071 pcc -0.0091 ccc -0.0005
2021-06-05 12:34:51,813 - utils.logger - INFO - Cur epoch 17 loss MSE:1.9838
2021-06-05 12:34:52,192 - utils.logger - INFO - Cur epoch 17 loss MSE:0.0001
2021-06-05 12:34:52,512 - utils.logger - INFO - Cur epoch 17 loss MSE:3.3304
2021-06-05 12:34:52,513 - utils.logger - INFO - saving the model at the end of epoch 17, iters 102
2021-06-05 12:34:52,815 - utils.logger - INFO - End of training epoch 17 / 50 	 Time Taken: 1 sec, Data loading: 0 sec
2021-06-05 12:34:52,815 - utils.logger - INFO - learning rate = 0.0000100
2021-06-05 12:34:53,175 - utils.logger - INFO - Trn result of epoch 17 / 50 mse 0.0893 rmse 0.2989 pcc 0.0586 ccc 0.0049
2021-06-05 12:34:53,298 - utils.logger - INFO - Val result of epoch 17 / 50 mse 0.0948 rmse 0.3079 pcc 0.0380 ccc 0.0034
2021-06-05 12:34:53,685 - utils.logger - INFO - Cur epoch 18 loss MSE:0.2276
2021-06-05 12:34:54,057 - utils.logger - INFO - Cur epoch 18 loss MSE:1.8733
2021-06-05 12:34:54,393 - utils.logger - INFO - Cur epoch 18 loss MSE:1.0739
2021-06-05 12:34:54,393 - utils.logger - INFO - saving the model at the end of epoch 18, iters 108
2021-06-05 12:34:54,703 - utils.logger - INFO - End of training epoch 18 / 50 	 Time Taken: 1 sec, Data loading: 0 sec
2021-06-05 12:34:54,703 - utils.logger - INFO - learning rate = 0.0000100
2021-06-05 12:34:55,059 - utils.logger - INFO - Trn result of epoch 18 / 50 mse 0.0887 rmse 0.2978 pcc 0.1340 ccc 0.0116
2021-06-05 12:34:55,183 - utils.logger - INFO - Val result of epoch 18 / 50 mse 0.0939 rmse 0.3063 pcc -0.0179 ccc -0.0016
2021-06-05 12:34:55,561 - utils.logger - INFO - Cur epoch 19 loss MSE:0.2843
2021-06-05 12:34:55,950 - utils.logger - INFO - Cur epoch 19 loss MSE:0.1413
2021-06-05 12:34:56,294 - utils.logger - INFO - Cur epoch 19 loss MSE:0.5481
2021-06-05 12:34:56,295 - utils.logger - INFO - saving the model at the end of epoch 19, iters 114
2021-06-05 12:34:56,599 - utils.logger - INFO - End of training epoch 19 / 50 	 Time Taken: 1 sec, Data loading: 0 sec
2021-06-05 12:34:56,599 - utils.logger - INFO - learning rate = 0.0000100
2021-06-05 12:34:56,962 - utils.logger - INFO - Trn result of epoch 19 / 50 mse 0.0885 rmse 0.2975 pcc 0.1579 ccc 0.0197
2021-06-05 12:34:57,087 - utils.logger - INFO - Val result of epoch 19 / 50 mse 0.0933 rmse 0.3054 pcc -0.0165 ccc -0.0021
2021-06-05 12:34:57,472 - utils.logger - INFO - Cur epoch 20 loss MSE:0.1643
2021-06-05 12:34:57,874 - utils.logger - INFO - Cur epoch 20 loss MSE:1.3445
2021-06-05 12:34:58,193 - utils.logger - INFO - Cur epoch 20 loss MSE:11.6636
2021-06-05 12:34:58,194 - utils.logger - INFO - saving the model at the end of epoch 20, iters 120
2021-06-05 12:34:58,502 - utils.logger - INFO - End of training epoch 20 / 50 	 Time Taken: 1 sec, Data loading: 0 sec
2021-06-05 12:34:58,502 - utils.logger - INFO - learning rate = 0.0000097
2021-06-05 12:34:58,873 - utils.logger - INFO - Trn result of epoch 20 / 50 mse 0.0884 rmse 0.2973 pcc 0.1417 ccc 0.0190
2021-06-05 12:34:58,998 - utils.logger - INFO - Val result of epoch 20 / 50 mse 0.0955 rmse 0.3091 pcc 0.0046 ccc 0.0006
2021-06-05 12:34:59,387 - utils.logger - INFO - Cur epoch 21 loss MSE:0.1367
2021-06-05 12:34:59,748 - utils.logger - INFO - Cur epoch 21 loss MSE:1.3130
2021-06-05 12:35:00,053 - utils.logger - INFO - Cur epoch 21 loss MSE:0.6552
2021-06-05 12:35:00,053 - utils.logger - INFO - saving the model at the end of epoch 21, iters 126
2021-06-05 12:35:00,352 - utils.logger - INFO - End of training epoch 21 / 50 	 Time Taken: 1 sec, Data loading: 0 sec
2021-06-05 12:35:00,353 - utils.logger - INFO - learning rate = 0.0000094
2021-06-05 12:35:00,718 - utils.logger - INFO - Trn result of epoch 21 / 50 mse 0.0878 rmse 0.2963 pcc 0.1728 ccc 0.0272
2021-06-05 12:35:00,842 - utils.logger - INFO - Val result of epoch 21 / 50 mse 0.0958 rmse 0.3095 pcc -0.0271 ccc -0.0044
2021-06-05 12:35:01,229 - utils.logger - INFO - Cur epoch 22 loss MSE:0.2923
2021-06-05 12:35:01,619 - utils.logger - INFO - Cur epoch 22 loss MSE:1.4068
2021-06-05 12:35:01,931 - utils.logger - INFO - Cur epoch 22 loss MSE:12.5449
2021-06-05 12:35:01,931 - utils.logger - INFO - saving the model at the end of epoch 22, iters 132
2021-06-05 12:35:02,236 - utils.logger - INFO - End of training epoch 22 / 50 	 Time Taken: 1 sec, Data loading: 0 sec
2021-06-05 12:35:02,236 - utils.logger - INFO - learning rate = 0.0000090
2021-06-05 12:35:02,600 - utils.logger - INFO - Trn result of epoch 22 / 50 mse 0.0876 rmse 0.2959 pcc 0.2149 ccc 0.0311
2021-06-05 12:35:02,725 - utils.logger - INFO - Val result of epoch 22 / 50 mse 0.0961 rmse 0.3100 pcc 0.0027 ccc 0.0004
2021-06-05 12:35:03,114 - utils.logger - INFO - Cur epoch 23 loss MSE:0.2489
2021-06-05 12:35:03,497 - utils.logger - INFO - Cur epoch 23 loss MSE:0.1198
2021-06-05 12:35:03,808 - utils.logger - INFO - Cur epoch 23 loss MSE:5.7041
2021-06-05 12:35:03,808 - utils.logger - INFO - saving the model at the end of epoch 23, iters 138
2021-06-05 12:35:04,226 - utils.logger - INFO - End of training epoch 23 / 50 	 Time Taken: 1 sec, Data loading: 0 sec
2021-06-05 12:35:04,226 - utils.logger - INFO - learning rate = 0.0000087
2021-06-05 12:35:04,595 - utils.logger - INFO - Trn result of epoch 23 / 50 mse 0.0892 rmse 0.2987 pcc 0.1368 ccc 0.0276
2021-06-05 12:35:04,717 - utils.logger - INFO - Val result of epoch 23 / 50 mse 0.0967 rmse 0.3110 pcc 0.0687 ccc 0.0144
2021-06-05 12:35:05,096 - utils.logger - INFO - Cur epoch 24 loss MSE:0.0873
2021-06-05 12:35:05,489 - utils.logger - INFO - Cur epoch 24 loss MSE:0.1883
2021-06-05 12:35:05,835 - utils.logger - INFO - Cur epoch 24 loss MSE:0.2746
2021-06-05 12:35:05,835 - utils.logger - INFO - saving the model at the end of epoch 24, iters 144
2021-06-05 12:35:06,156 - utils.logger - INFO - End of training epoch 24 / 50 	 Time Taken: 1 sec, Data loading: 0 sec
2021-06-05 12:35:06,156 - utils.logger - INFO - learning rate = 0.0000084
2021-06-05 12:35:06,516 - utils.logger - INFO - Trn result of epoch 24 / 50 mse 0.0875 rmse 0.2958 pcc 0.2022 ccc 0.0276
2021-06-05 12:35:06,639 - utils.logger - INFO - Val result of epoch 24 / 50 mse 0.0948 rmse 0.3079 pcc -0.0468 ccc -0.0062
2021-06-05 12:35:07,030 - utils.logger - INFO - Cur epoch 25 loss MSE:0.5657
2021-06-05 12:35:07,413 - utils.logger - INFO - Cur epoch 25 loss MSE:1.4236
2021-06-05 12:35:07,725 - utils.logger - INFO - Cur epoch 25 loss MSE:3.3874
2021-06-05 12:35:07,726 - utils.logger - INFO - saving the model at the end of epoch 25, iters 150
2021-06-05 12:35:08,031 - utils.logger - INFO - End of training epoch 25 / 50 	 Time Taken: 1 sec, Data loading: 0 sec
2021-06-05 12:35:08,032 - utils.logger - INFO - learning rate = 0.0000081
2021-06-05 12:35:08,389 - utils.logger - INFO - Trn result of epoch 25 / 50 mse 0.0860 rmse 0.2933 pcc 0.2657 ccc 0.0465
2021-06-05 12:35:08,513 - utils.logger - INFO - Val result of epoch 25 / 50 mse 0.0958 rmse 0.3095 pcc -0.0945 ccc -0.0157
2021-06-05 12:35:08,910 - utils.logger - INFO - Cur epoch 26 loss MSE:0.1898
2021-06-05 12:35:09,301 - utils.logger - INFO - Cur epoch 26 loss MSE:0.2347
2021-06-05 12:35:09,608 - utils.logger - INFO - Cur epoch 26 loss MSE:6.7590
2021-06-05 12:35:09,609 - utils.logger - INFO - saving the model at the end of epoch 26, iters 156
2021-06-05 12:35:10,038 - utils.logger - INFO - End of training epoch 26 / 50 	 Time Taken: 1 sec, Data loading: 0 sec
2021-06-05 12:35:10,038 - utils.logger - INFO - learning rate = 0.0000077
2021-06-05 12:35:10,402 - utils.logger - INFO - Trn result of epoch 26 / 50 mse 0.0846 rmse 0.2909 pcc 0.2875 ccc 0.1166
2021-06-05 12:35:10,532 - utils.logger - INFO - Val result of epoch 26 / 50 mse 0.1024 rmse 0.3200 pcc -0.0400 ccc -0.0130
2021-06-05 12:35:10,930 - utils.logger - INFO - Cur epoch 27 loss MSE:0.2433
2021-06-05 12:35:11,322 - utils.logger - INFO - Cur epoch 27 loss MSE:1.3162
2021-06-05 12:35:11,630 - utils.logger - INFO - Cur epoch 27 loss MSE:6.4069
2021-06-05 12:35:11,630 - utils.logger - INFO - saving the model at the end of epoch 27, iters 162
2021-06-05 12:35:11,939 - utils.logger - INFO - End of training epoch 27 / 50 	 Time Taken: 1 sec, Data loading: 0 sec
2021-06-05 12:35:11,939 - utils.logger - INFO - learning rate = 0.0000074
2021-06-05 12:35:12,303 - utils.logger - INFO - Trn result of epoch 27 / 50 mse 0.0836 rmse 0.2891 pcc 0.3567 ccc 0.0785
2021-06-05 12:35:12,425 - utils.logger - INFO - Val result of epoch 27 / 50 mse 0.0947 rmse 0.3078 pcc -0.0518 ccc -0.0097
2021-06-05 12:35:12,820 - utils.logger - INFO - Cur epoch 28 loss MSE:0.6573
2021-06-05 12:35:13,204 - utils.logger - INFO - Cur epoch 28 loss MSE:0.0589
2021-06-05 12:35:13,545 - utils.logger - INFO - Cur epoch 28 loss MSE:0.2933
2021-06-05 12:35:13,546 - utils.logger - INFO - saving the model at the end of epoch 28, iters 168
2021-06-05 12:35:13,861 - utils.logger - INFO - End of training epoch 28 / 50 	 Time Taken: 1 sec, Data loading: 0 sec
2021-06-05 12:35:13,862 - utils.logger - INFO - learning rate = 0.0000071
2021-06-05 12:35:14,230 - utils.logger - INFO - Trn result of epoch 28 / 50 mse 0.0879 rmse 0.2965 pcc 0.2260 ccc 0.0533
2021-06-05 12:35:14,353 - utils.logger - INFO - Val result of epoch 28 / 50 mse 0.0951 rmse 0.3084 pcc -0.0689 ccc -0.0152
2021-06-05 12:35:14,727 - utils.logger - INFO - Cur epoch 29 loss MSE:0.9753
2021-06-05 12:35:15,138 - utils.logger - INFO - Cur epoch 29 loss MSE:0.1782
2021-06-05 12:35:15,458 - utils.logger - INFO - Cur epoch 29 loss MSE:8.6576
2021-06-05 12:35:15,458 - utils.logger - INFO - saving the model at the end of epoch 29, iters 174
2021-06-05 12:35:15,759 - utils.logger - INFO - End of training epoch 29 / 50 	 Time Taken: 1 sec, Data loading: 0 sec
2021-06-05 12:35:15,759 - utils.logger - INFO - learning rate = 0.0000068
2021-06-05 12:35:16,125 - utils.logger - INFO - Trn result of epoch 29 / 50 mse 0.0732 rmse 0.2705 pcc 0.4274 ccc 0.3140
2021-06-05 12:35:16,249 - utils.logger - INFO - Val result of epoch 29 / 50 mse 0.1135 rmse 0.3369 pcc -0.1678 ccc -0.1020
2021-06-05 12:35:16,639 - utils.logger - INFO - Cur epoch 30 loss MSE:0.0909
2021-06-05 12:35:17,017 - utils.logger - INFO - Cur epoch 30 loss MSE:0.0985
2021-06-05 12:35:17,360 - utils.logger - INFO - Cur epoch 30 loss MSE:3.8164
2021-06-05 12:35:17,361 - utils.logger - INFO - saving the model at the end of epoch 30, iters 180
2021-06-05 12:35:17,666 - utils.logger - INFO - End of training epoch 30 / 50 	 Time Taken: 1 sec, Data loading: 0 sec
2021-06-05 12:35:17,666 - utils.logger - INFO - learning rate = 0.0000065
2021-06-05 12:35:18,026 - utils.logger - INFO - Trn result of epoch 30 / 50 mse 0.0898 rmse 0.2997 pcc 0.3456 ccc 0.2180
2021-06-05 12:35:18,150 - utils.logger - INFO - Val result of epoch 30 / 50 mse 0.1236 rmse 0.3516 pcc -0.2120 ccc -0.1155
2021-06-05 12:35:18,542 - utils.logger - INFO - Cur epoch 31 loss MSE:0.3090
2021-06-05 12:35:18,923 - utils.logger - INFO - Cur epoch 31 loss MSE:0.5961
2021-06-05 12:35:19,240 - utils.logger - INFO - Cur epoch 31 loss MSE:0.6673
2021-06-05 12:35:19,240 - utils.logger - INFO - saving the model at the end of epoch 31, iters 186
2021-06-05 12:35:19,541 - utils.logger - INFO - End of training epoch 31 / 50 	 Time Taken: 1 sec, Data loading: 0 sec
2021-06-05 12:35:19,541 - utils.logger - INFO - learning rate = 0.0000061
2021-06-05 12:35:19,904 - utils.logger - INFO - Trn result of epoch 31 / 50 mse 0.0938 rmse 0.3063 pcc 0.4129 ccc 0.2854
2021-06-05 12:35:20,028 - utils.logger - INFO - Val result of epoch 31 / 50 mse 0.1349 rmse 0.3673 pcc 0.0144 ccc 0.0094
2021-06-05 12:35:20,427 - utils.logger - INFO - Cur epoch 32 loss MSE:0.3122
2021-06-05 12:35:20,803 - utils.logger - INFO - Cur epoch 32 loss MSE:0.0234
2021-06-05 12:35:21,123 - utils.logger - INFO - Cur epoch 32 loss MSE:3.6971
2021-06-05 12:35:21,123 - utils.logger - INFO - saving the model at the end of epoch 32, iters 192
2021-06-05 12:35:21,427 - utils.logger - INFO - End of training epoch 32 / 50 	 Time Taken: 1 sec, Data loading: 0 sec
2021-06-05 12:35:21,427 - utils.logger - INFO - learning rate = 0.0000058
2021-06-05 12:35:21,792 - utils.logger - INFO - Trn result of epoch 32 / 50 mse 0.0748 rmse 0.2735 pcc 0.4215 ccc 0.2921
2021-06-05 12:35:21,916 - utils.logger - INFO - Val result of epoch 32 / 50 mse 0.1162 rmse 0.3409 pcc -0.1493 ccc -0.0962
2021-06-05 12:35:22,293 - utils.logger - INFO - Cur epoch 33 loss MSE:8.0732
2021-06-05 12:35:22,692 - utils.logger - INFO - Cur epoch 33 loss MSE:0.0124
2021-06-05 12:35:23,012 - utils.logger - INFO - Cur epoch 33 loss MSE:13.4350
2021-06-05 12:35:23,013 - utils.logger - INFO - saving the model at the end of epoch 33, iters 198
2021-06-05 12:35:23,311 - utils.logger - INFO - End of training epoch 33 / 50 	 Time Taken: 1 sec, Data loading: 0 sec
2021-06-05 12:35:23,311 - utils.logger - INFO - learning rate = 0.0000055
2021-06-05 12:35:23,672 - utils.logger - INFO - Trn result of epoch 33 / 50 mse 0.0727 rmse 0.2696 pcc 0.4683 ccc 0.3141
2021-06-05 12:35:23,795 - utils.logger - INFO - Val result of epoch 33 / 50 mse 0.1102 rmse 0.3319 pcc -0.0504 ccc -0.0305
2021-06-05 12:35:24,194 - utils.logger - INFO - Cur epoch 34 loss MSE:0.0208
2021-06-05 12:35:24,583 - utils.logger - INFO - Cur epoch 34 loss MSE:0.6858
2021-06-05 12:35:24,893 - utils.logger - INFO - Cur epoch 34 loss MSE:1.5710
2021-06-05 12:35:24,894 - utils.logger - INFO - saving the model at the end of epoch 34, iters 204
2021-06-05 12:35:25,186 - utils.logger - INFO - End of training epoch 34 / 50 	 Time Taken: 1 sec, Data loading: 0 sec
2021-06-05 12:35:25,186 - utils.logger - INFO - learning rate = 0.0000052
2021-06-05 12:35:25,549 - utils.logger - INFO - Trn result of epoch 34 / 50 mse 0.0827 rmse 0.2876 pcc 0.4156 ccc 0.2612
2021-06-05 12:35:25,675 - utils.logger - INFO - Val result of epoch 34 / 50 mse 0.1178 rmse 0.3433 pcc 0.0010 ccc 0.0006
2021-06-05 12:35:26,072 - utils.logger - INFO - Cur epoch 35 loss MSE:0.9333
2021-06-05 12:35:26,466 - utils.logger - INFO - Cur epoch 35 loss MSE:0.0329
2021-06-05 12:35:26,806 - utils.logger - INFO - Cur epoch 35 loss MSE:1.9374
2021-06-05 12:35:26,806 - utils.logger - INFO - saving the model at the end of epoch 35, iters 210
2021-06-05 12:35:27,133 - utils.logger - INFO - End of training epoch 35 / 50 	 Time Taken: 1 sec, Data loading: 0 sec
2021-06-05 12:35:27,133 - utils.logger - INFO - learning rate = 0.0000048
2021-06-05 12:35:27,502 - utils.logger - INFO - Trn result of epoch 35 / 50 mse 0.0739 rmse 0.2718 pcc 0.4310 ccc 0.2945
2021-06-05 12:35:27,628 - utils.logger - INFO - Val result of epoch 35 / 50 mse 0.1198 rmse 0.3461 pcc -0.2294 ccc -0.1397
2021-06-05 12:35:28,028 - utils.logger - INFO - Cur epoch 36 loss MSE:0.0922
2021-06-05 12:35:28,422 - utils.logger - INFO - Cur epoch 36 loss MSE:0.1075
2021-06-05 12:35:28,749 - utils.logger - INFO - Cur epoch 36 loss MSE:0.0438
2021-06-05 12:35:28,749 - utils.logger - INFO - saving the model at the end of epoch 36, iters 216
2021-06-05 12:35:29,072 - utils.logger - INFO - End of training epoch 36 / 50 	 Time Taken: 1 sec, Data loading: 0 sec
2021-06-05 12:35:29,072 - utils.logger - INFO - learning rate = 0.0000045
2021-06-05 12:35:29,434 - utils.logger - INFO - Trn result of epoch 36 / 50 mse 0.0696 rmse 0.2638 pcc 0.4908 ccc 0.3126
2021-06-05 12:35:29,557 - utils.logger - INFO - Val result of epoch 36 / 50 mse 0.1103 rmse 0.3321 pcc -0.1277 ccc -0.0752
2021-06-05 12:35:29,950 - utils.logger - INFO - Cur epoch 37 loss MSE:0.0135
2021-06-05 12:35:30,346 - utils.logger - INFO - Cur epoch 37 loss MSE:0.1640
2021-06-05 12:35:30,669 - utils.logger - INFO - Cur epoch 37 loss MSE:1.6820
2021-06-05 12:35:30,670 - utils.logger - INFO - saving the model at the end of epoch 37, iters 222
2021-06-05 12:35:30,975 - utils.logger - INFO - End of training epoch 37 / 50 	 Time Taken: 1 sec, Data loading: 0 sec
2021-06-05 12:35:30,975 - utils.logger - INFO - learning rate = 0.0000042
2021-06-05 12:35:31,337 - utils.logger - INFO - Trn result of epoch 37 / 50 mse 0.0680 rmse 0.2608 pcc 0.5556 ccc 0.4557
2021-06-05 12:35:31,464 - utils.logger - INFO - Val result of epoch 37 / 50 mse 0.1431 rmse 0.3782 pcc -0.2235 ccc -0.1634
2021-06-05 12:35:31,856 - utils.logger - INFO - Cur epoch 38 loss MSE:0.4263
2021-06-05 12:35:32,257 - utils.logger - INFO - Cur epoch 38 loss MSE:0.0570
2021-06-05 12:35:32,582 - utils.logger - INFO - Cur epoch 38 loss MSE:3.6904
2021-06-05 12:35:32,583 - utils.logger - INFO - saving the model at the end of epoch 38, iters 228
2021-06-05 12:35:32,891 - utils.logger - INFO - End of training epoch 38 / 50 	 Time Taken: 1 sec, Data loading: 0 sec
2021-06-05 12:35:32,891 - utils.logger - INFO - learning rate = 0.0000039
2021-06-05 12:35:33,267 - utils.logger - INFO - Trn result of epoch 38 / 50 mse 0.0731 rmse 0.2704 pcc 0.5120 ccc 0.3981
2021-06-05 12:35:33,391 - utils.logger - INFO - Val result of epoch 38 / 50 mse 0.1342 rmse 0.3664 pcc -0.1031 ccc -0.0748
2021-06-05 12:35:33,791 - utils.logger - INFO - Cur epoch 39 loss MSE:0.0925
2021-06-05 12:35:34,169 - utils.logger - INFO - Cur epoch 39 loss MSE:4.6947
2021-06-05 12:35:34,490 - utils.logger - INFO - Cur epoch 39 loss MSE:0.8720
2021-06-05 12:35:34,491 - utils.logger - INFO - saving the model at the end of epoch 39, iters 234
2021-06-05 12:35:34,802 - utils.logger - INFO - End of training epoch 39 / 50 	 Time Taken: 1 sec, Data loading: 0 sec
2021-06-05 12:35:34,802 - utils.logger - INFO - learning rate = 0.0000035
2021-06-05 12:35:35,167 - utils.logger - INFO - Trn result of epoch 39 / 50 mse 0.0718 rmse 0.2680 pcc 0.5084 ccc 0.3313
2021-06-05 12:35:35,291 - utils.logger - INFO - Val result of epoch 39 / 50 mse 0.1221 rmse 0.3494 pcc -0.1798 ccc -0.1099
2021-06-05 12:35:35,695 - utils.logger - INFO - Cur epoch 40 loss MSE:0.1726
2021-06-05 12:35:36,081 - utils.logger - INFO - Cur epoch 40 loss MSE:0.7856
2021-06-05 12:35:36,402 - utils.logger - INFO - Cur epoch 40 loss MSE:3.0237
2021-06-05 12:35:36,402 - utils.logger - INFO - saving the model at the end of epoch 40, iters 240
2021-06-05 12:35:36,724 - utils.logger - INFO - End of training epoch 40 / 50 	 Time Taken: 1 sec, Data loading: 0 sec
2021-06-05 12:35:36,724 - utils.logger - INFO - learning rate = 0.0000032
2021-06-05 12:35:37,089 - utils.logger - INFO - Trn result of epoch 40 / 50 mse 0.0668 rmse 0.2584 pcc 0.5871 ccc 0.4713
2021-06-05 12:35:37,214 - utils.logger - INFO - Val result of epoch 40 / 50 mse 0.1419 rmse 0.3767 pcc -0.2201 ccc -0.1565
2021-06-05 12:35:37,617 - utils.logger - INFO - Cur epoch 41 loss MSE:0.9878
2021-06-05 12:35:38,015 - utils.logger - INFO - Cur epoch 41 loss MSE:0.4419
2021-06-05 12:35:38,337 - utils.logger - INFO - Cur epoch 41 loss MSE:28.9189
2021-06-05 12:35:38,338 - utils.logger - INFO - saving the model at the end of epoch 41, iters 246
2021-06-05 12:35:38,646 - utils.logger - INFO - End of training epoch 41 / 50 	 Time Taken: 1 sec, Data loading: 0 sec
2021-06-05 12:35:38,646 - utils.logger - INFO - learning rate = 0.0000029
2021-06-05 12:35:39,010 - utils.logger - INFO - Trn result of epoch 41 / 50 mse 0.0601 rmse 0.2451 pcc 0.5761 ccc 0.4814
2021-06-05 12:35:39,135 - utils.logger - INFO - Val result of epoch 41 / 50 mse 0.1318 rmse 0.3631 pcc -0.1950 ccc -0.1534
2021-06-05 12:35:39,509 - utils.logger - INFO - Cur epoch 42 loss MSE:7.7582
2021-06-05 12:35:39,911 - utils.logger - INFO - Cur epoch 42 loss MSE:0.1864
2021-06-05 12:35:40,281 - utils.logger - INFO - Cur epoch 42 loss MSE:1.5160
2021-06-05 12:35:40,281 - utils.logger - INFO - saving the model at the end of epoch 42, iters 252
2021-06-05 12:35:40,581 - utils.logger - INFO - End of training epoch 42 / 50 	 Time Taken: 1 sec, Data loading: 0 sec
2021-06-05 12:35:40,581 - utils.logger - INFO - learning rate = 0.0000026
2021-06-05 12:35:40,947 - utils.logger - INFO - Trn result of epoch 42 / 50 mse 0.0657 rmse 0.2564 pcc 0.5515 ccc 0.4587
2021-06-05 12:35:41,073 - utils.logger - INFO - Val result of epoch 42 / 50 mse 0.1297 rmse 0.3601 pcc -0.0928 ccc -0.0755
2021-06-05 12:35:41,459 - utils.logger - INFO - Cur epoch 43 loss MSE:0.0889
2021-06-05 12:35:41,866 - utils.logger - INFO - Cur epoch 43 loss MSE:0.0340
2021-06-05 12:35:42,187 - utils.logger - INFO - Cur epoch 43 loss MSE:1.4821
2021-06-05 12:35:42,187 - utils.logger - INFO - saving the model at the end of epoch 43, iters 258
2021-06-05 12:35:42,480 - utils.logger - INFO - End of training epoch 43 / 50 	 Time Taken: 1 sec, Data loading: 0 sec
2021-06-05 12:35:42,480 - utils.logger - INFO - learning rate = 0.0000023
2021-06-05 12:35:42,843 - utils.logger - INFO - Trn result of epoch 43 / 50 mse 0.0657 rmse 0.2562 pcc 0.5191 ccc 0.4471
2021-06-05 12:35:42,969 - utils.logger - INFO - Val result of epoch 43 / 50 mse 0.1448 rmse 0.3806 pcc -0.2604 ccc -0.2148
2021-06-05 12:35:43,383 - utils.logger - INFO - Cur epoch 44 loss MSE:1.0911
2021-06-05 12:35:43,788 - utils.logger - INFO - Cur epoch 44 loss MSE:0.0574
2021-06-05 12:35:44,111 - utils.logger - INFO - Cur epoch 44 loss MSE:0.5025
2021-06-05 12:35:44,111 - utils.logger - INFO - saving the model at the end of epoch 44, iters 264
2021-06-05 12:35:44,419 - utils.logger - INFO - End of training epoch 44 / 50 	 Time Taken: 1 sec, Data loading: 0 sec
2021-06-05 12:35:44,420 - utils.logger - INFO - learning rate = 0.0000019
2021-06-05 12:35:44,785 - utils.logger - INFO - Trn result of epoch 44 / 50 mse 0.0557 rmse 0.2359 pcc 0.6252 ccc 0.5089
2021-06-05 12:35:44,912 - utils.logger - INFO - Val result of epoch 44 / 50 mse 0.1351 rmse 0.3676 pcc -0.2496 ccc -0.1931
2021-06-05 12:35:45,298 - utils.logger - INFO - Cur epoch 45 loss MSE:0.0959
2021-06-05 12:35:45,699 - utils.logger - INFO - Cur epoch 45 loss MSE:0.9541
2021-06-05 12:35:46,028 - utils.logger - INFO - Cur epoch 45 loss MSE:1.6531
2021-06-05 12:35:46,029 - utils.logger - INFO - saving the model at the end of epoch 45, iters 270
2021-06-05 12:35:46,319 - utils.logger - INFO - End of training epoch 45 / 50 	 Time Taken: 1 sec, Data loading: 0 sec
2021-06-05 12:35:46,320 - utils.logger - INFO - learning rate = 0.0000016
2021-06-05 12:35:46,684 - utils.logger - INFO - Trn result of epoch 45 / 50 mse 0.0606 rmse 0.2463 pcc 0.5689 ccc 0.4825
2021-06-05 12:35:46,812 - utils.logger - INFO - Val result of epoch 45 / 50 mse 0.1376 rmse 0.3710 pcc -0.2292 ccc -0.1846
2021-06-05 12:35:47,203 - utils.logger - INFO - Cur epoch 46 loss MSE:0.0205
2021-06-05 12:35:47,603 - utils.logger - INFO - Cur epoch 46 loss MSE:1.0448
2021-06-05 12:35:47,924 - utils.logger - INFO - Cur epoch 46 loss MSE:27.2222
2021-06-05 12:35:47,924 - utils.logger - INFO - saving the model at the end of epoch 46, iters 276
2021-06-05 12:35:48,238 - utils.logger - INFO - End of training epoch 46 / 50 	 Time Taken: 1 sec, Data loading: 0 sec
2021-06-05 12:35:48,239 - utils.logger - INFO - learning rate = 0.0000013
2021-06-05 12:35:48,607 - utils.logger - INFO - Trn result of epoch 46 / 50 mse 0.0578 rmse 0.2405 pcc 0.6054 ccc 0.4816
2021-06-05 12:35:48,731 - utils.logger - INFO - Val result of epoch 46 / 50 mse 0.1251 rmse 0.3537 pcc -0.1903 ccc -0.1385
2021-06-05 12:35:49,129 - utils.logger - INFO - Cur epoch 47 loss MSE:0.3699
2021-06-05 12:35:49,515 - utils.logger - INFO - Cur epoch 47 loss MSE:0.1121
2021-06-05 12:35:49,843 - utils.logger - INFO - Cur epoch 47 loss MSE:3.2922
2021-06-05 12:35:49,844 - utils.logger - INFO - saving the model at the end of epoch 47, iters 282
2021-06-05 12:35:50,144 - utils.logger - INFO - End of training epoch 47 / 50 	 Time Taken: 1 sec, Data loading: 0 sec
2021-06-05 12:35:50,144 - utils.logger - INFO - learning rate = 0.0000010
2021-06-05 12:35:50,511 - utils.logger - INFO - Trn result of epoch 47 / 50 mse 0.0605 rmse 0.2459 pcc 0.5874 ccc 0.4972
2021-06-05 12:35:50,635 - utils.logger - INFO - Val result of epoch 47 / 50 mse 0.1432 rmse 0.3785 pcc -0.2414 ccc -0.2015
2021-06-05 12:35:51,017 - utils.logger - INFO - Cur epoch 48 loss MSE:0.0705
2021-06-05 12:35:51,425 - utils.logger - INFO - Cur epoch 48 loss MSE:1.7150
2021-06-05 12:35:51,733 - utils.logger - INFO - Cur epoch 48 loss MSE:1.8181
2021-06-05 12:35:51,733 - utils.logger - INFO - saving the model at the end of epoch 48, iters 288
2021-06-05 12:35:52,039 - utils.logger - INFO - End of training epoch 48 / 50 	 Time Taken: 1 sec, Data loading: 0 sec
2021-06-05 12:35:52,039 - utils.logger - INFO - learning rate = 0.0000006
2021-06-05 12:35:52,406 - utils.logger - INFO - Trn result of epoch 48 / 50 mse 0.0572 rmse 0.2392 pcc 0.6155 ccc 0.5235
2021-06-05 12:35:52,534 - utils.logger - INFO - Val result of epoch 48 / 50 mse 0.1432 rmse 0.3784 pcc -0.2393 ccc -0.1995
2021-06-05 12:35:52,925 - utils.logger - INFO - Cur epoch 49 loss MSE:0.2992
2021-06-05 12:35:53,328 - utils.logger - INFO - Cur epoch 49 loss MSE:0.9861
2021-06-05 12:35:53,644 - utils.logger - INFO - Cur epoch 49 loss MSE:0.8587
2021-06-05 12:35:53,644 - utils.logger - INFO - saving the model at the end of epoch 49, iters 294
2021-06-05 12:35:53,945 - utils.logger - INFO - End of training epoch 49 / 50 	 Time Taken: 1 sec, Data loading: 0 sec
2021-06-05 12:35:53,946 - utils.logger - INFO - learning rate = 0.0000003
2021-06-05 12:35:54,327 - utils.logger - INFO - Trn result of epoch 49 / 50 mse 0.0583 rmse 0.2415 pcc 0.5997 ccc 0.5099
2021-06-05 12:35:54,463 - utils.logger - INFO - Val result of epoch 49 / 50 mse 0.1339 rmse 0.3660 pcc -0.1835 ccc -0.1485
2021-06-05 12:35:54,857 - utils.logger - INFO - Cur epoch 50 loss MSE:0.0944
2021-06-05 12:35:55,301 - utils.logger - INFO - Cur epoch 50 loss MSE:0.1119
2021-06-05 12:35:55,689 - utils.logger - INFO - Cur epoch 50 loss MSE:0.4357
2021-06-05 12:35:55,689 - utils.logger - INFO - saving the model at the end of epoch 50, iters 300
2021-06-05 12:35:56,018 - utils.logger - INFO - End of training epoch 50 / 50 	 Time Taken: 1 sec, Data loading: 0 sec
2021-06-05 12:35:56,018 - utils.logger - INFO - learning rate = 0.0000000
2021-06-05 12:35:56,433 - utils.logger - INFO - Trn result of epoch 50 / 50 mse 0.0559 rmse 0.2363 pcc 0.6244 ccc 0.5319
2021-06-05 12:35:56,593 - utils.logger - INFO - Val result of epoch 50 / 50 mse 0.1349 rmse 0.3673 pcc -0.2047 ccc -0.1646
2021-06-05 12:35:56,593 - utils.logger - INFO - Best eval epoch 23 found with ccc 0.014433
2021-06-05 12:35:56,594 - utils.logger - INFO - baseline_fcfusion_norm_egemaps_arousal_hidden1024_seq100_run1
