2021-06-05 09:22:51,507 - utils.logger - INFO - The number of training samples = 41
2021-06-05 09:23:03,987 - utils.logger - INFO - Cur epoch 1 loss MSE:0.1174
2021-06-05 09:23:04,465 - utils.logger - INFO - Cur epoch 1 loss MSE:1.5097
2021-06-05 09:23:05,002 - utils.logger - INFO - Cur epoch 1 loss MSE:0.9693
2021-06-05 09:23:05,002 - utils.logger - INFO - saving the model at the end of epoch 1, iters 6
2021-06-05 09:23:05,579 - utils.logger - INFO - End of training epoch 1 / 50 	 Time Taken: 2 sec, Data loading: 0 sec
2021-06-05 09:23:05,580 - utils.logger - INFO - learning rate = 0.0000100
2021-06-05 09:23:06,355 - utils.logger - INFO - Trn result of epoch 1 / 50 mse 0.0895 rmse 0.2992 pcc 0.0572 ccc 0.0001
2021-06-05 09:23:06,763 - utils.logger - INFO - Val result of epoch 1 / 50 mse 0.0937 rmse 0.3062 pcc 0.0784 ccc 0.0001
2021-06-05 09:23:07,394 - utils.logger - INFO - Cur epoch 2 loss MSE:1.4414
2021-06-05 09:23:07,978 - utils.logger - INFO - Cur epoch 2 loss MSE:0.2537
2021-06-05 09:23:08,573 - utils.logger - INFO - Cur epoch 2 loss MSE:6.4258
2021-06-05 09:23:08,574 - utils.logger - INFO - saving the model at the end of epoch 2, iters 12
2021-06-05 09:23:08,963 - utils.logger - INFO - End of training epoch 2 / 50 	 Time Taken: 2 sec, Data loading: 0 sec
2021-06-05 09:23:08,964 - utils.logger - INFO - learning rate = 0.0000100
2021-06-05 09:23:09,749 - utils.logger - INFO - Trn result of epoch 2 / 50 mse 0.0895 rmse 0.2992 pcc 0.0292 ccc 0.0001
2021-06-05 09:23:09,969 - utils.logger - INFO - Val result of epoch 2 / 50 mse 0.0938 rmse 0.3063 pcc 0.0961 ccc 0.0003
2021-06-05 09:23:10,631 - utils.logger - INFO - Cur epoch 3 loss MSE:1.5464
2021-06-05 09:23:11,264 - utils.logger - INFO - Cur epoch 3 loss MSE:0.2001
2021-06-05 09:23:11,862 - utils.logger - INFO - Cur epoch 3 loss MSE:0.1751
2021-06-05 09:23:11,862 - utils.logger - INFO - saving the model at the end of epoch 3, iters 18
2021-06-05 09:23:12,249 - utils.logger - INFO - End of training epoch 3 / 50 	 Time Taken: 2 sec, Data loading: 0 sec
2021-06-05 09:23:12,249 - utils.logger - INFO - learning rate = 0.0000100
2021-06-05 09:23:12,987 - utils.logger - INFO - Trn result of epoch 3 / 50 mse 0.0895 rmse 0.2992 pcc 0.1126 ccc 0.0004
2021-06-05 09:23:13,190 - utils.logger - INFO - Val result of epoch 3 / 50 mse 0.0937 rmse 0.3062 pcc 0.0383 ccc 0.0001
2021-06-05 09:23:13,730 - utils.logger - INFO - Cur epoch 4 loss MSE:0.5855
2021-06-05 09:23:14,510 - utils.logger - INFO - Cur epoch 4 loss MSE:0.2211
2021-06-05 09:23:14,992 - utils.logger - INFO - Cur epoch 4 loss MSE:8.6036
2021-06-05 09:23:14,993 - utils.logger - INFO - saving the model at the end of epoch 4, iters 24
2021-06-05 09:23:15,835 - utils.logger - INFO - End of training epoch 4 / 50 	 Time Taken: 2 sec, Data loading: 0 sec
2021-06-05 09:23:15,835 - utils.logger - INFO - learning rate = 0.0000100
2021-06-05 09:23:16,482 - utils.logger - INFO - Trn result of epoch 4 / 50 mse 0.0895 rmse 0.2992 pcc 0.1808 ccc 0.0006
2021-06-05 09:23:16,672 - utils.logger - INFO - Val result of epoch 4 / 50 mse 0.0937 rmse 0.3061 pcc -0.0275 ccc -0.0001
2021-06-05 09:23:17,212 - utils.logger - INFO - Cur epoch 5 loss MSE:2.0048
2021-06-05 09:23:17,663 - utils.logger - INFO - Cur epoch 5 loss MSE:0.1590
2021-06-05 09:23:18,079 - utils.logger - INFO - Cur epoch 5 loss MSE:0.4010
2021-06-05 09:23:18,079 - utils.logger - INFO - saving the model at the end of epoch 5, iters 30
2021-06-05 09:23:18,472 - utils.logger - INFO - End of training epoch 5 / 50 	 Time Taken: 1 sec, Data loading: 0 sec
2021-06-05 09:23:18,472 - utils.logger - INFO - learning rate = 0.0000100
2021-06-05 09:23:19,046 - utils.logger - INFO - Trn result of epoch 5 / 50 mse 0.0895 rmse 0.2992 pcc 0.1056 ccc 0.0009
2021-06-05 09:23:19,201 - utils.logger - INFO - Val result of epoch 5 / 50 mse 0.0936 rmse 0.3059 pcc -0.1162 ccc -0.0010
2021-06-05 09:23:19,724 - utils.logger - INFO - Cur epoch 6 loss MSE:0.5643
2021-06-05 09:23:20,225 - utils.logger - INFO - Cur epoch 6 loss MSE:0.3638
2021-06-05 09:23:20,715 - utils.logger - INFO - Cur epoch 6 loss MSE:4.7091
2021-06-05 09:23:20,715 - utils.logger - INFO - saving the model at the end of epoch 6, iters 36
2021-06-05 09:23:21,065 - utils.logger - INFO - End of training epoch 6 / 50 	 Time Taken: 1 sec, Data loading: 0 sec
2021-06-05 09:23:21,065 - utils.logger - INFO - learning rate = 0.0000100
2021-06-05 09:23:21,613 - utils.logger - INFO - Trn result of epoch 6 / 50 mse 0.0894 rmse 0.2990 pcc 0.1907 ccc 0.0018
2021-06-05 09:23:21,780 - utils.logger - INFO - Val result of epoch 6 / 50 mse 0.0937 rmse 0.3062 pcc -0.0188 ccc -0.0002
2021-06-05 09:23:22,224 - utils.logger - INFO - Cur epoch 7 loss MSE:0.0922
2021-06-05 09:23:22,791 - utils.logger - INFO - Cur epoch 7 loss MSE:0.3660
2021-06-05 09:23:23,198 - utils.logger - INFO - Cur epoch 7 loss MSE:7.9139
2021-06-05 09:23:23,198 - utils.logger - INFO - saving the model at the end of epoch 7, iters 42
2021-06-05 09:23:23,589 - utils.logger - INFO - End of training epoch 7 / 50 	 Time Taken: 1 sec, Data loading: 0 sec
2021-06-05 09:23:23,590 - utils.logger - INFO - learning rate = 0.0000100
2021-06-05 09:23:24,125 - utils.logger - INFO - Trn result of epoch 7 / 50 mse 0.0894 rmse 0.2991 pcc 0.1356 ccc 0.0009
2021-06-05 09:23:24,358 - utils.logger - INFO - Val result of epoch 7 / 50 mse 0.0939 rmse 0.3064 pcc 0.0284 ccc 0.0002
2021-06-05 09:23:25,070 - utils.logger - INFO - Cur epoch 8 loss MSE:1.3846
2021-06-05 09:23:25,632 - utils.logger - INFO - Cur epoch 8 loss MSE:0.0217
2021-06-05 09:23:26,147 - utils.logger - INFO - Cur epoch 8 loss MSE:0.9633
2021-06-05 09:23:26,147 - utils.logger - INFO - saving the model at the end of epoch 8, iters 48
2021-06-05 09:23:26,884 - utils.logger - INFO - End of training epoch 8 / 50 	 Time Taken: 2 sec, Data loading: 0 sec
2021-06-05 09:23:26,884 - utils.logger - INFO - learning rate = 0.0000100
2021-06-05 09:23:27,773 - utils.logger - INFO - Trn result of epoch 8 / 50 mse 0.0895 rmse 0.2991 pcc 0.0768 ccc 0.0006
2021-06-05 09:23:28,118 - utils.logger - INFO - Val result of epoch 8 / 50 mse 0.0940 rmse 0.3066 pcc 0.0776 ccc 0.0007
2021-06-05 09:23:28,725 - utils.logger - INFO - Cur epoch 9 loss MSE:0.1875
2021-06-05 09:23:29,441 - utils.logger - INFO - Cur epoch 9 loss MSE:1.5603
2021-06-05 09:23:29,976 - utils.logger - INFO - Cur epoch 9 loss MSE:0.4707
2021-06-05 09:23:29,976 - utils.logger - INFO - saving the model at the end of epoch 9, iters 54
2021-06-05 09:23:30,392 - utils.logger - INFO - End of training epoch 9 / 50 	 Time Taken: 2 sec, Data loading: 0 sec
2021-06-05 09:23:30,393 - utils.logger - INFO - learning rate = 0.0000100
2021-06-05 09:23:31,177 - utils.logger - INFO - Trn result of epoch 9 / 50 mse 0.0894 rmse 0.2991 pcc 0.0926 ccc 0.0009
2021-06-05 09:23:31,493 - utils.logger - INFO - Val result of epoch 9 / 50 mse 0.0941 rmse 0.3068 pcc 0.0759 ccc 0.0008
2021-06-05 09:23:32,048 - utils.logger - INFO - Cur epoch 10 loss MSE:0.0633
2021-06-05 09:23:32,606 - utils.logger - INFO - Cur epoch 10 loss MSE:0.1757
2021-06-05 09:23:33,150 - utils.logger - INFO - Cur epoch 10 loss MSE:0.1151
2021-06-05 09:23:33,150 - utils.logger - INFO - saving the model at the end of epoch 10, iters 60
2021-06-05 09:23:33,562 - utils.logger - INFO - End of training epoch 10 / 50 	 Time Taken: 2 sec, Data loading: 0 sec
2021-06-05 09:23:33,562 - utils.logger - INFO - learning rate = 0.0000100
2021-06-05 09:23:34,232 - utils.logger - INFO - Trn result of epoch 10 / 50 mse 0.0894 rmse 0.2990 pcc 0.1004 ccc 0.0017
2021-06-05 09:23:34,441 - utils.logger - INFO - Val result of epoch 10 / 50 mse 0.0944 rmse 0.3072 pcc 0.1000 ccc 0.0018
2021-06-05 09:23:34,978 - utils.logger - INFO - Cur epoch 11 loss MSE:0.0277
2021-06-05 09:23:35,542 - utils.logger - INFO - Cur epoch 11 loss MSE:0.0989
2021-06-05 09:23:36,115 - utils.logger - INFO - Cur epoch 11 loss MSE:11.2314
2021-06-05 09:23:36,115 - utils.logger - INFO - saving the model at the end of epoch 11, iters 66
2021-06-05 09:23:37,072 - utils.logger - INFO - End of training epoch 11 / 50 	 Time Taken: 2 sec, Data loading: 0 sec
2021-06-05 09:23:37,073 - utils.logger - INFO - learning rate = 0.0000100
2021-06-05 09:23:37,816 - utils.logger - INFO - Trn result of epoch 11 / 50 mse 0.0895 rmse 0.2992 pcc 0.0544 ccc 0.0016
2021-06-05 09:23:38,049 - utils.logger - INFO - Val result of epoch 11 / 50 mse 0.0949 rmse 0.3081 pcc 0.1398 ccc 0.0042
2021-06-05 09:23:38,616 - utils.logger - INFO - Cur epoch 12 loss MSE:0.2738
2021-06-05 09:23:39,093 - utils.logger - INFO - Cur epoch 12 loss MSE:0.6501
2021-06-05 09:23:39,628 - utils.logger - INFO - Cur epoch 12 loss MSE:0.5720
2021-06-05 09:23:39,628 - utils.logger - INFO - saving the model at the end of epoch 12, iters 72
2021-06-05 09:23:41,075 - utils.logger - INFO - End of training epoch 12 / 50 	 Time Taken: 3 sec, Data loading: 0 sec
2021-06-05 09:23:41,075 - utils.logger - INFO - learning rate = 0.0000100
2021-06-05 09:23:41,741 - utils.logger - INFO - Trn result of epoch 12 / 50 mse 0.0895 rmse 0.2991 pcc 0.0727 ccc 0.0019
2021-06-05 09:23:41,985 - utils.logger - INFO - Val result of epoch 12 / 50 mse 0.0947 rmse 0.3078 pcc 0.1116 ccc 0.0032
2021-06-05 09:23:42,530 - utils.logger - INFO - Cur epoch 13 loss MSE:0.1053
2021-06-05 09:23:43,206 - utils.logger - INFO - Cur epoch 13 loss MSE:0.2391
2021-06-05 09:23:43,764 - utils.logger - INFO - Cur epoch 13 loss MSE:3.3308
2021-06-05 09:23:43,764 - utils.logger - INFO - saving the model at the end of epoch 13, iters 78
2021-06-05 09:23:45,775 - utils.logger - INFO - End of training epoch 13 / 50 	 Time Taken: 3 sec, Data loading: 0 sec
2021-06-05 09:23:45,776 - utils.logger - INFO - learning rate = 0.0000100
2021-06-05 09:23:46,614 - utils.logger - INFO - Trn result of epoch 13 / 50 mse 0.0895 rmse 0.2991 pcc 0.0590 ccc 0.0020
2021-06-05 09:23:46,885 - utils.logger - INFO - Val result of epoch 13 / 50 mse 0.0947 rmse 0.3077 pcc 0.0984 ccc 0.0038
2021-06-05 09:23:47,559 - utils.logger - INFO - Cur epoch 14 loss MSE:0.2817
2021-06-05 09:23:48,199 - utils.logger - INFO - Cur epoch 14 loss MSE:0.5703
2021-06-05 09:23:48,757 - utils.logger - INFO - Cur epoch 14 loss MSE:0.5132
2021-06-05 09:23:48,758 - utils.logger - INFO - saving the model at the end of epoch 14, iters 84
2021-06-05 09:23:49,951 - utils.logger - INFO - End of training epoch 14 / 50 	 Time Taken: 3 sec, Data loading: 0 sec
2021-06-05 09:23:49,952 - utils.logger - INFO - learning rate = 0.0000100
2021-06-05 09:23:51,002 - utils.logger - INFO - Trn result of epoch 14 / 50 mse 0.0892 rmse 0.2986 pcc 0.1257 ccc 0.0044
2021-06-05 09:23:51,265 - utils.logger - INFO - Val result of epoch 14 / 50 mse 0.0942 rmse 0.3069 pcc 0.0566 ccc 0.0022
2021-06-05 09:23:51,928 - utils.logger - INFO - Cur epoch 15 loss MSE:0.0846
2021-06-05 09:23:52,590 - utils.logger - INFO - Cur epoch 15 loss MSE:0.1316
2021-06-05 09:23:53,331 - utils.logger - INFO - Cur epoch 15 loss MSE:7.8719
2021-06-05 09:23:53,331 - utils.logger - INFO - saving the model at the end of epoch 15, iters 90
2021-06-05 09:23:54,040 - utils.logger - INFO - End of training epoch 15 / 50 	 Time Taken: 2 sec, Data loading: 0 sec
2021-06-05 09:23:54,040 - utils.logger - INFO - learning rate = 0.0000100
2021-06-05 09:23:54,765 - utils.logger - INFO - Trn result of epoch 15 / 50 mse 0.0891 rmse 0.2984 pcc 0.1471 ccc 0.0055
2021-06-05 09:23:55,010 - utils.logger - INFO - Val result of epoch 15 / 50 mse 0.0940 rmse 0.3066 pcc 0.0282 ccc 0.0011
2021-06-05 09:23:55,675 - utils.logger - INFO - Cur epoch 16 loss MSE:0.5768
2021-06-05 09:23:56,346 - utils.logger - INFO - Cur epoch 16 loss MSE:0.1309
2021-06-05 09:23:56,835 - utils.logger - INFO - Cur epoch 16 loss MSE:0.6372
2021-06-05 09:23:56,835 - utils.logger - INFO - saving the model at the end of epoch 16, iters 96
2021-06-05 09:23:57,817 - utils.logger - INFO - End of training epoch 16 / 50 	 Time Taken: 2 sec, Data loading: 0 sec
2021-06-05 09:23:57,819 - utils.logger - INFO - learning rate = 0.0000100
2021-06-05 09:23:58,886 - utils.logger - INFO - Trn result of epoch 16 / 50 mse 0.0890 rmse 0.2983 pcc 0.1568 ccc 0.0063
2021-06-05 09:23:59,057 - utils.logger - INFO - Val result of epoch 16 / 50 mse 0.0939 rmse 0.3064 pcc -0.0031 ccc -0.0001
2021-06-05 09:23:59,857 - utils.logger - INFO - Cur epoch 17 loss MSE:1.4622
2021-06-05 09:24:00,481 - utils.logger - INFO - Cur epoch 17 loss MSE:0.0596
2021-06-05 09:24:01,173 - utils.logger - INFO - Cur epoch 17 loss MSE:0.3837
2021-06-05 09:24:01,173 - utils.logger - INFO - saving the model at the end of epoch 17, iters 102
2021-06-05 09:24:01,634 - utils.logger - INFO - End of training epoch 17 / 50 	 Time Taken: 2 sec, Data loading: 0 sec
2021-06-05 09:24:01,635 - utils.logger - INFO - learning rate = 0.0000100
2021-06-05 09:24:02,966 - utils.logger - INFO - Trn result of epoch 17 / 50 mse 0.0889 rmse 0.2982 pcc 0.2029 ccc 0.0114
2021-06-05 09:24:03,295 - utils.logger - INFO - Val result of epoch 17 / 50 mse 0.0933 rmse 0.3055 pcc -0.0683 ccc -0.0040
2021-06-05 09:24:04,276 - utils.logger - INFO - Cur epoch 18 loss MSE:0.0422
2021-06-05 09:24:05,130 - utils.logger - INFO - Cur epoch 18 loss MSE:0.0251
2021-06-05 09:24:05,765 - utils.logger - INFO - Cur epoch 18 loss MSE:0.3163
2021-06-05 09:24:05,765 - utils.logger - INFO - saving the model at the end of epoch 18, iters 108
2021-06-05 09:24:06,696 - utils.logger - INFO - End of training epoch 18 / 50 	 Time Taken: 3 sec, Data loading: 0 sec
2021-06-05 09:24:06,696 - utils.logger - INFO - learning rate = 0.0000100
2021-06-05 09:24:07,967 - utils.logger - INFO - Trn result of epoch 18 / 50 mse 0.0894 rmse 0.2990 pcc 0.0589 ccc 0.0038
2021-06-05 09:24:08,138 - utils.logger - INFO - Val result of epoch 18 / 50 mse 0.0935 rmse 0.3058 pcc -0.0344 ccc -0.0023
2021-06-05 09:24:08,681 - utils.logger - INFO - Cur epoch 19 loss MSE:0.0880
2021-06-05 09:24:09,496 - utils.logger - INFO - Cur epoch 19 loss MSE:1.4081
2021-06-05 09:24:09,966 - utils.logger - INFO - Cur epoch 19 loss MSE:15.5961
2021-06-05 09:24:09,967 - utils.logger - INFO - saving the model at the end of epoch 19, iters 114
2021-06-05 09:24:10,517 - utils.logger - INFO - End of training epoch 19 / 50 	 Time Taken: 2 sec, Data loading: 0 sec
2021-06-05 09:24:10,517 - utils.logger - INFO - learning rate = 0.0000100
2021-06-05 09:24:11,600 - utils.logger - INFO - Trn result of epoch 19 / 50 mse 0.0896 rmse 0.2994 pcc 0.1115 ccc 0.0107
2021-06-05 09:24:11,873 - utils.logger - INFO - Val result of epoch 19 / 50 mse 0.0931 rmse 0.3052 pcc -0.0402 ccc -0.0042
2021-06-05 09:24:12,510 - utils.logger - INFO - Cur epoch 20 loss MSE:0.4535
2021-06-05 09:24:13,345 - utils.logger - INFO - Cur epoch 20 loss MSE:8.5201
2021-06-05 09:24:13,987 - utils.logger - INFO - Cur epoch 20 loss MSE:5.0353
2021-06-05 09:24:13,988 - utils.logger - INFO - saving the model at the end of epoch 20, iters 120
2021-06-05 09:24:14,482 - utils.logger - INFO - End of training epoch 20 / 50 	 Time Taken: 2 sec, Data loading: 0 sec
2021-06-05 09:24:14,483 - utils.logger - INFO - learning rate = 0.0000097
2021-06-05 09:24:15,566 - utils.logger - INFO - Trn result of epoch 20 / 50 mse 0.0898 rmse 0.2997 pcc 0.0851 ccc 0.0128
2021-06-05 09:24:15,876 - utils.logger - INFO - Val result of epoch 20 / 50 mse 0.0937 rmse 0.3062 pcc -0.0466 ccc -0.0074
2021-06-05 09:24:16,473 - utils.logger - INFO - Cur epoch 21 loss MSE:0.1638
2021-06-05 09:24:17,212 - utils.logger - INFO - Cur epoch 21 loss MSE:0.3849
2021-06-05 09:24:17,922 - utils.logger - INFO - Cur epoch 21 loss MSE:8.0788
2021-06-05 09:24:17,923 - utils.logger - INFO - saving the model at the end of epoch 21, iters 126
2021-06-05 09:24:18,321 - utils.logger - INFO - End of training epoch 21 / 50 	 Time Taken: 2 sec, Data loading: 0 sec
2021-06-05 09:24:18,321 - utils.logger - INFO - learning rate = 0.0000094
2021-06-05 09:24:19,280 - utils.logger - INFO - Trn result of epoch 21 / 50 mse 0.0923 rmse 0.3038 pcc 0.0573 ccc 0.0123
2021-06-05 09:24:19,491 - utils.logger - INFO - Val result of epoch 21 / 50 mse 0.0955 rmse 0.3090 pcc -0.0641 ccc -0.0154
2021-06-05 09:24:20,029 - utils.logger - INFO - Cur epoch 22 loss MSE:0.1148
2021-06-05 09:24:20,661 - utils.logger - INFO - Cur epoch 22 loss MSE:0.1909
2021-06-05 09:24:21,279 - utils.logger - INFO - Cur epoch 22 loss MSE:8.1491
2021-06-05 09:24:21,279 - utils.logger - INFO - saving the model at the end of epoch 22, iters 132
2021-06-05 09:24:21,703 - utils.logger - INFO - End of training epoch 22 / 50 	 Time Taken: 2 sec, Data loading: 0 sec
2021-06-05 09:24:21,704 - utils.logger - INFO - learning rate = 0.0000090
2021-06-05 09:24:22,578 - utils.logger - INFO - Trn result of epoch 22 / 50 mse 0.0876 rmse 0.2959 pcc 0.2351 ccc 0.0397
2021-06-05 09:24:22,857 - utils.logger - INFO - Val result of epoch 22 / 50 mse 0.0944 rmse 0.3072 pcc -0.0820 ccc -0.0141
2021-06-05 09:24:23,656 - utils.logger - INFO - Cur epoch 23 loss MSE:0.0191
2021-06-05 09:24:24,339 - utils.logger - INFO - Cur epoch 23 loss MSE:1.2789
2021-06-05 09:24:24,892 - utils.logger - INFO - Cur epoch 23 loss MSE:3.6146
2021-06-05 09:24:24,904 - utils.logger - INFO - saving the model at the end of epoch 23, iters 138
2021-06-05 09:24:25,866 - utils.logger - INFO - End of training epoch 23 / 50 	 Time Taken: 3 sec, Data loading: 0 sec
2021-06-05 09:24:25,866 - utils.logger - INFO - learning rate = 0.0000087
2021-06-05 09:24:26,569 - utils.logger - INFO - Trn result of epoch 23 / 50 mse 0.0867 rmse 0.2945 pcc 0.2598 ccc 0.0464
2021-06-05 09:24:27,035 - utils.logger - INFO - Val result of epoch 23 / 50 mse 0.0951 rmse 0.3084 pcc -0.1065 ccc -0.0195
2021-06-05 09:24:27,785 - utils.logger - INFO - Cur epoch 24 loss MSE:0.2136
2021-06-05 09:24:28,508 - utils.logger - INFO - Cur epoch 24 loss MSE:0.5123
2021-06-05 09:24:29,241 - utils.logger - INFO - Cur epoch 24 loss MSE:0.8282
2021-06-05 09:24:29,243 - utils.logger - INFO - saving the model at the end of epoch 24, iters 144
2021-06-05 09:24:30,033 - utils.logger - INFO - End of training epoch 24 / 50 	 Time Taken: 2 sec, Data loading: 0 sec
2021-06-05 09:24:30,034 - utils.logger - INFO - learning rate = 0.0000084
2021-06-05 09:24:31,288 - utils.logger - INFO - Trn result of epoch 24 / 50 mse 0.0866 rmse 0.2943 pcc 0.2345 ccc 0.0473
2021-06-05 09:24:31,746 - utils.logger - INFO - Val result of epoch 24 / 50 mse 0.0954 rmse 0.3088 pcc -0.0887 ccc -0.0186
2021-06-05 09:24:32,460 - utils.logger - INFO - Cur epoch 25 loss MSE:0.1531
2021-06-05 09:24:33,098 - utils.logger - INFO - Cur epoch 25 loss MSE:0.0964
2021-06-05 09:24:33,692 - utils.logger - INFO - Cur epoch 25 loss MSE:4.0943
2021-06-05 09:24:33,692 - utils.logger - INFO - saving the model at the end of epoch 25, iters 150
2021-06-05 09:24:34,189 - utils.logger - INFO - End of training epoch 25 / 50 	 Time Taken: 2 sec, Data loading: 0 sec
2021-06-05 09:24:34,190 - utils.logger - INFO - learning rate = 0.0000081
2021-06-05 09:24:35,304 - utils.logger - INFO - Trn result of epoch 25 / 50 mse 0.0864 rmse 0.2939 pcc 0.2087 ccc 0.0494
2021-06-05 09:24:35,605 - utils.logger - INFO - Val result of epoch 25 / 50 mse 0.0964 rmse 0.3104 pcc -0.0601 ccc -0.0146
2021-06-05 09:24:36,135 - utils.logger - INFO - Cur epoch 26 loss MSE:0.0544
2021-06-05 09:24:36,711 - utils.logger - INFO - Cur epoch 26 loss MSE:0.2360
2021-06-05 09:24:37,300 - utils.logger - INFO - Cur epoch 26 loss MSE:14.1127
2021-06-05 09:24:37,300 - utils.logger - INFO - saving the model at the end of epoch 26, iters 156
2021-06-05 09:24:37,815 - utils.logger - INFO - End of training epoch 26 / 50 	 Time Taken: 2 sec, Data loading: 0 sec
2021-06-05 09:24:37,816 - utils.logger - INFO - learning rate = 0.0000077
2021-06-05 09:24:38,408 - utils.logger - INFO - Trn result of epoch 26 / 50 mse 0.0902 rmse 0.3004 pcc 0.1295 ccc 0.0308
2021-06-05 09:24:38,598 - utils.logger - INFO - Val result of epoch 26 / 50 mse 0.1001 rmse 0.3164 pcc 0.0357 ccc 0.0096
2021-06-05 09:24:39,145 - utils.logger - INFO - Cur epoch 27 loss MSE:0.6946
2021-06-05 09:24:39,906 - utils.logger - INFO - Cur epoch 27 loss MSE:1.1402
2021-06-05 09:24:40,414 - utils.logger - INFO - Cur epoch 27 loss MSE:0.4594
2021-06-05 09:24:40,414 - utils.logger - INFO - saving the model at the end of epoch 27, iters 162
2021-06-05 09:24:41,285 - utils.logger - INFO - End of training epoch 27 / 50 	 Time Taken: 2 sec, Data loading: 0 sec
2021-06-05 09:24:41,286 - utils.logger - INFO - learning rate = 0.0000074
2021-06-05 09:24:42,171 - utils.logger - INFO - Trn result of epoch 27 / 50 mse 0.0852 rmse 0.2919 pcc 0.2666 ccc 0.0670
2021-06-05 09:24:42,569 - utils.logger - INFO - Val result of epoch 27 / 50 mse 0.0984 rmse 0.3136 pcc -0.0681 ccc -0.0176
2021-06-05 09:24:43,211 - utils.logger - INFO - Cur epoch 28 loss MSE:0.0101
2021-06-05 09:24:43,944 - utils.logger - INFO - Cur epoch 28 loss MSE:0.5919
2021-06-05 09:24:44,495 - utils.logger - INFO - Cur epoch 28 loss MSE:1.9221
2021-06-05 09:24:44,496 - utils.logger - INFO - saving the model at the end of epoch 28, iters 168
2021-06-05 09:24:45,214 - utils.logger - INFO - End of training epoch 28 / 50 	 Time Taken: 2 sec, Data loading: 0 sec
2021-06-05 09:24:45,214 - utils.logger - INFO - learning rate = 0.0000071
2021-06-05 09:24:46,130 - utils.logger - INFO - Trn result of epoch 28 / 50 mse 0.0853 rmse 0.2920 pcc 0.3269 ccc 0.0832
2021-06-05 09:24:46,310 - utils.logger - INFO - Val result of epoch 28 / 50 mse 0.0976 rmse 0.3123 pcc -0.1648 ccc -0.0393
2021-06-05 09:24:46,834 - utils.logger - INFO - Cur epoch 29 loss MSE:0.1491
2021-06-05 09:24:47,577 - utils.logger - INFO - Cur epoch 29 loss MSE:0.0546
2021-06-05 09:24:48,306 - utils.logger - INFO - Cur epoch 29 loss MSE:2.6500
2021-06-05 09:24:48,307 - utils.logger - INFO - saving the model at the end of epoch 29, iters 174
2021-06-05 09:24:48,728 - utils.logger - INFO - End of training epoch 29 / 50 	 Time Taken: 2 sec, Data loading: 0 sec
2021-06-05 09:24:48,728 - utils.logger - INFO - learning rate = 0.0000068
2021-06-05 09:24:49,896 - utils.logger - INFO - Trn result of epoch 29 / 50 mse 0.0851 rmse 0.2918 pcc 0.2684 ccc 0.0836
2021-06-05 09:24:50,129 - utils.logger - INFO - Val result of epoch 29 / 50 mse 0.1003 rmse 0.3168 pcc -0.0390 ccc -0.0126
2021-06-05 09:24:51,620 - utils.logger - INFO - Cur epoch 30 loss MSE:0.3037
2021-06-05 09:24:52,467 - utils.logger - INFO - Cur epoch 30 loss MSE:0.8684
2021-06-05 09:24:53,049 - utils.logger - INFO - Cur epoch 30 loss MSE:0.1471
2021-06-05 09:24:53,049 - utils.logger - INFO - saving the model at the end of epoch 30, iters 180
2021-06-05 09:24:53,537 - utils.logger - INFO - End of training epoch 30 / 50 	 Time Taken: 3 sec, Data loading: 0 sec
2021-06-05 09:24:53,537 - utils.logger - INFO - learning rate = 0.0000065
2021-06-05 09:24:54,118 - utils.logger - INFO - Trn result of epoch 30 / 50 mse 0.0841 rmse 0.2901 pcc 0.3120 ccc 0.0932
2021-06-05 09:24:54,382 - utils.logger - INFO - Val result of epoch 30 / 50 mse 0.1025 rmse 0.3201 pcc -0.1265 ccc -0.0396
2021-06-05 09:24:55,115 - utils.logger - INFO - Cur epoch 31 loss MSE:0.1488
2021-06-05 09:24:55,837 - utils.logger - INFO - Cur epoch 31 loss MSE:0.1159
2021-06-05 09:24:56,463 - utils.logger - INFO - Cur epoch 31 loss MSE:0.1959
2021-06-05 09:24:56,464 - utils.logger - INFO - saving the model at the end of epoch 31, iters 186
2021-06-05 09:24:56,846 - utils.logger - INFO - End of training epoch 31 / 50 	 Time Taken: 2 sec, Data loading: 0 sec
2021-06-05 09:24:56,846 - utils.logger - INFO - learning rate = 0.0000061
2021-06-05 09:24:58,124 - utils.logger - INFO - Trn result of epoch 31 / 50 mse 0.0814 rmse 0.2853 pcc 0.4229 ccc 0.2154
2021-06-05 09:24:58,520 - utils.logger - INFO - Val result of epoch 31 / 50 mse 0.1139 rmse 0.3375 pcc -0.0918 ccc -0.0446
2021-06-05 09:24:59,270 - utils.logger - INFO - Cur epoch 32 loss MSE:0.0234
2021-06-05 09:25:00,176 - utils.logger - INFO - Cur epoch 32 loss MSE:0.1275
2021-06-05 09:25:01,050 - utils.logger - INFO - Cur epoch 32 loss MSE:0.6316
2021-06-05 09:25:01,050 - utils.logger - INFO - saving the model at the end of epoch 32, iters 192
2021-06-05 09:25:01,463 - utils.logger - INFO - End of training epoch 32 / 50 	 Time Taken: 2 sec, Data loading: 0 sec
2021-06-05 09:25:01,463 - utils.logger - INFO - learning rate = 0.0000058
2021-06-05 09:25:02,325 - utils.logger - INFO - Trn result of epoch 32 / 50 mse 0.0859 rmse 0.2931 pcc 0.3451 ccc 0.1617
2021-06-05 09:25:02,705 - utils.logger - INFO - Val result of epoch 32 / 50 mse 0.1096 rmse 0.3311 pcc -0.2254 ccc -0.0891
2021-06-05 09:25:03,399 - utils.logger - INFO - Cur epoch 33 loss MSE:0.1950
2021-06-05 09:25:04,244 - utils.logger - INFO - Cur epoch 33 loss MSE:0.1615
2021-06-05 09:25:05,106 - utils.logger - INFO - Cur epoch 33 loss MSE:2.3150
2021-06-05 09:25:05,107 - utils.logger - INFO - saving the model at the end of epoch 33, iters 198
2021-06-05 09:25:05,494 - utils.logger - INFO - End of training epoch 33 / 50 	 Time Taken: 2 sec, Data loading: 0 sec
2021-06-05 09:25:05,494 - utils.logger - INFO - learning rate = 0.0000055
2021-06-05 09:25:06,005 - utils.logger - INFO - Trn result of epoch 33 / 50 mse 0.0782 rmse 0.2796 pcc 0.3567 ccc 0.2193
2021-06-05 09:25:06,272 - utils.logger - INFO - Val result of epoch 33 / 50 mse 0.1115 rmse 0.3340 pcc -0.2210 ccc -0.1152
2021-06-05 09:25:06,945 - utils.logger - INFO - Cur epoch 34 loss MSE:0.0424
2021-06-05 09:25:07,918 - utils.logger - INFO - Cur epoch 34 loss MSE:0.0488
2021-06-05 09:25:08,596 - utils.logger - INFO - Cur epoch 34 loss MSE:12.3944
2021-06-05 09:25:08,596 - utils.logger - INFO - saving the model at the end of epoch 34, iters 204
2021-06-05 09:25:09,041 - utils.logger - INFO - End of training epoch 34 / 50 	 Time Taken: 2 sec, Data loading: 0 sec
2021-06-05 09:25:09,042 - utils.logger - INFO - learning rate = 0.0000052
2021-06-05 09:25:10,251 - utils.logger - INFO - Trn result of epoch 34 / 50 mse 0.0741 rmse 0.2722 pcc 0.4398 ccc 0.2447
2021-06-05 09:25:10,543 - utils.logger - INFO - Val result of epoch 34 / 50 mse 0.1089 rmse 0.3300 pcc -0.1904 ccc -0.0924
2021-06-05 09:25:11,290 - utils.logger - INFO - Cur epoch 35 loss MSE:0.8645
2021-06-05 09:25:12,081 - utils.logger - INFO - Cur epoch 35 loss MSE:0.0231
2021-06-05 09:25:12,897 - utils.logger - INFO - Cur epoch 35 loss MSE:7.5642
2021-06-05 09:25:12,898 - utils.logger - INFO - saving the model at the end of epoch 35, iters 210
2021-06-05 09:25:13,448 - utils.logger - INFO - End of training epoch 35 / 50 	 Time Taken: 2 sec, Data loading: 0 sec
2021-06-05 09:25:13,448 - utils.logger - INFO - learning rate = 0.0000048
2021-06-05 09:25:14,162 - utils.logger - INFO - Trn result of epoch 35 / 50 mse 0.0833 rmse 0.2886 pcc 0.4386 ccc 0.2436
2021-06-05 09:25:14,588 - utils.logger - INFO - Val result of epoch 35 / 50 mse 0.1246 rmse 0.3529 pcc -0.1464 ccc -0.0749
2021-06-05 09:25:15,306 - utils.logger - INFO - Cur epoch 36 loss MSE:0.9724
2021-06-05 09:25:16,111 - utils.logger - INFO - Cur epoch 36 loss MSE:0.0845
2021-06-05 09:25:17,092 - utils.logger - INFO - Cur epoch 36 loss MSE:1.9867
2021-06-05 09:25:17,092 - utils.logger - INFO - saving the model at the end of epoch 36, iters 216
2021-06-05 09:25:17,493 - utils.logger - INFO - End of training epoch 36 / 50 	 Time Taken: 2 sec, Data loading: 0 sec
2021-06-05 09:25:17,493 - utils.logger - INFO - learning rate = 0.0000045
2021-06-05 09:25:18,409 - utils.logger - INFO - Trn result of epoch 36 / 50 mse 0.0720 rmse 0.2683 pcc 0.4874 ccc 0.2687
2021-06-05 09:25:18,770 - utils.logger - INFO - Val result of epoch 36 / 50 mse 0.1108 rmse 0.3328 pcc -0.2590 ccc -0.1209
2021-06-05 09:25:19,409 - utils.logger - INFO - Cur epoch 37 loss MSE:0.6948
2021-06-05 09:25:20,126 - utils.logger - INFO - Cur epoch 37 loss MSE:0.7354
2021-06-05 09:25:21,416 - utils.logger - INFO - Cur epoch 37 loss MSE:0.4314
2021-06-05 09:25:21,416 - utils.logger - INFO - saving the model at the end of epoch 37, iters 222
2021-06-05 09:25:21,971 - utils.logger - INFO - End of training epoch 37 / 50 	 Time Taken: 3 sec, Data loading: 0 sec
2021-06-05 09:25:21,971 - utils.logger - INFO - learning rate = 0.0000042
2021-06-05 09:25:22,757 - utils.logger - INFO - Trn result of epoch 37 / 50 mse 0.0842 rmse 0.2902 pcc 0.4846 ccc 0.3352
2021-06-05 09:25:23,095 - utils.logger - INFO - Val result of epoch 37 / 50 mse 0.1371 rmse 0.3703 pcc -0.1583 ccc -0.1076
2021-06-05 09:25:23,814 - utils.logger - INFO - Cur epoch 38 loss MSE:0.0081
2021-06-05 09:25:24,657 - utils.logger - INFO - Cur epoch 38 loss MSE:0.2110
2021-06-05 09:25:25,558 - utils.logger - INFO - Cur epoch 38 loss MSE:0.1609
2021-06-05 09:25:25,565 - utils.logger - INFO - saving the model at the end of epoch 38, iters 228
2021-06-05 09:25:26,083 - utils.logger - INFO - End of training epoch 38 / 50 	 Time Taken: 2 sec, Data loading: 0 sec
2021-06-05 09:25:26,084 - utils.logger - INFO - learning rate = 0.0000039
2021-06-05 09:25:26,801 - utils.logger - INFO - Trn result of epoch 38 / 50 mse 0.0829 rmse 0.2879 pcc 0.3921 ccc 0.2464
2021-06-05 09:25:27,113 - utils.logger - INFO - Val result of epoch 38 / 50 mse 0.1197 rmse 0.3460 pcc -0.0699 ccc -0.0398
2021-06-05 09:25:27,792 - utils.logger - INFO - Cur epoch 39 loss MSE:0.0427
2021-06-05 09:25:28,433 - utils.logger - INFO - Cur epoch 39 loss MSE:0.0357
2021-06-05 09:25:29,212 - utils.logger - INFO - Cur epoch 39 loss MSE:3.4006
2021-06-05 09:25:29,212 - utils.logger - INFO - saving the model at the end of epoch 39, iters 234
2021-06-05 09:25:29,930 - utils.logger - INFO - End of training epoch 39 / 50 	 Time Taken: 2 sec, Data loading: 0 sec
2021-06-05 09:25:29,930 - utils.logger - INFO - learning rate = 0.0000035
2021-06-05 09:25:30,671 - utils.logger - INFO - Trn result of epoch 39 / 50 mse 0.0767 rmse 0.2770 pcc 0.5435 ccc 0.3638
2021-06-05 09:25:30,902 - utils.logger - INFO - Val result of epoch 39 / 50 mse 0.1394 rmse 0.3734 pcc -0.1643 ccc -0.0961
2021-06-05 09:25:31,543 - utils.logger - INFO - Cur epoch 40 loss MSE:0.6603
2021-06-05 09:25:32,222 - utils.logger - INFO - Cur epoch 40 loss MSE:0.0284
2021-06-05 09:25:32,980 - utils.logger - INFO - Cur epoch 40 loss MSE:12.6410
2021-06-05 09:25:32,981 - utils.logger - INFO - saving the model at the end of epoch 40, iters 240
2021-06-05 09:25:34,032 - utils.logger - INFO - End of training epoch 40 / 50 	 Time Taken: 3 sec, Data loading: 0 sec
2021-06-05 09:25:34,032 - utils.logger - INFO - learning rate = 0.0000032
2021-06-05 09:25:34,812 - utils.logger - INFO - Trn result of epoch 40 / 50 mse 0.0760 rmse 0.2758 pcc 0.4396 ccc 0.2833
2021-06-05 09:25:35,190 - utils.logger - INFO - Val result of epoch 40 / 50 mse 0.1227 rmse 0.3503 pcc -0.2220 ccc -0.1422
2021-06-05 09:25:36,104 - utils.logger - INFO - Cur epoch 41 loss MSE:1.2858
2021-06-05 09:25:36,785 - utils.logger - INFO - Cur epoch 41 loss MSE:0.0336
2021-06-05 09:25:37,473 - utils.logger - INFO - Cur epoch 41 loss MSE:2.2316
2021-06-05 09:25:37,474 - utils.logger - INFO - saving the model at the end of epoch 41, iters 246
2021-06-05 09:25:37,896 - utils.logger - INFO - End of training epoch 41 / 50 	 Time Taken: 2 sec, Data loading: 0 sec
2021-06-05 09:25:37,896 - utils.logger - INFO - learning rate = 0.0000029
2021-06-05 09:25:38,887 - utils.logger - INFO - Trn result of epoch 41 / 50 mse 0.0678 rmse 0.2604 pcc 0.4940 ccc 0.4111
2021-06-05 09:25:39,085 - utils.logger - INFO - Val result of epoch 41 / 50 mse 0.1367 rmse 0.3698 pcc -0.2511 ccc -0.1970
2021-06-05 09:25:39,914 - utils.logger - INFO - Cur epoch 42 loss MSE:1.1181
2021-06-05 09:25:40,798 - utils.logger - INFO - Cur epoch 42 loss MSE:0.1038
2021-06-05 09:25:41,396 - utils.logger - INFO - Cur epoch 42 loss MSE:11.8967
2021-06-05 09:25:41,397 - utils.logger - INFO - saving the model at the end of epoch 42, iters 252
2021-06-05 09:25:42,015 - utils.logger - INFO - End of training epoch 42 / 50 	 Time Taken: 2 sec, Data loading: 0 sec
2021-06-05 09:25:42,027 - utils.logger - INFO - learning rate = 0.0000026
2021-06-05 09:25:43,355 - utils.logger - INFO - Trn result of epoch 42 / 50 mse 0.0649 rmse 0.2547 pcc 0.5266 ccc 0.4330
2021-06-05 09:25:43,791 - utils.logger - INFO - Val result of epoch 42 / 50 mse 0.1398 rmse 0.3739 pcc -0.2648 ccc -0.2109
2021-06-05 09:25:44,644 - utils.logger - INFO - Cur epoch 43 loss MSE:0.1048
2021-06-05 09:25:45,434 - utils.logger - INFO - Cur epoch 43 loss MSE:0.0730
2021-06-05 09:25:46,163 - utils.logger - INFO - Cur epoch 43 loss MSE:1.7986
2021-06-05 09:25:46,163 - utils.logger - INFO - saving the model at the end of epoch 43, iters 258
2021-06-05 09:25:46,804 - utils.logger - INFO - End of training epoch 43 / 50 	 Time Taken: 3 sec, Data loading: 0 sec
2021-06-05 09:25:46,804 - utils.logger - INFO - learning rate = 0.0000023
2021-06-05 09:25:48,214 - utils.logger - INFO - Trn result of epoch 43 / 50 mse 0.0633 rmse 0.2515 pcc 0.5535 ccc 0.4152
2021-06-05 09:25:48,581 - utils.logger - INFO - Val result of epoch 43 / 50 mse 0.1295 rmse 0.3599 pcc -0.2839 ccc -0.1945
2021-06-05 09:25:49,416 - utils.logger - INFO - Cur epoch 44 loss MSE:0.1124
2021-06-05 09:25:50,463 - utils.logger - INFO - Cur epoch 44 loss MSE:0.4862
2021-06-05 09:25:51,244 - utils.logger - INFO - Cur epoch 44 loss MSE:0.1716
2021-06-05 09:25:51,244 - utils.logger - INFO - saving the model at the end of epoch 44, iters 264
2021-06-05 09:25:52,305 - utils.logger - INFO - End of training epoch 44 / 50 	 Time Taken: 3 sec, Data loading: 0 sec
2021-06-05 09:25:52,305 - utils.logger - INFO - learning rate = 0.0000019
2021-06-05 09:25:53,356 - utils.logger - INFO - Trn result of epoch 44 / 50 mse 0.0698 rmse 0.2642 pcc 0.5093 ccc 0.3748
2021-06-05 09:25:53,681 - utils.logger - INFO - Val result of epoch 44 / 50 mse 0.1271 rmse 0.3565 pcc -0.1859 ccc -0.1347
2021-06-05 09:25:54,474 - utils.logger - INFO - Cur epoch 45 loss MSE:0.1872
2021-06-05 09:25:55,341 - utils.logger - INFO - Cur epoch 45 loss MSE:0.6567
2021-06-05 09:25:56,100 - utils.logger - INFO - Cur epoch 45 loss MSE:1.3682
2021-06-05 09:25:56,101 - utils.logger - INFO - saving the model at the end of epoch 45, iters 270
2021-06-05 09:25:56,782 - utils.logger - INFO - End of training epoch 45 / 50 	 Time Taken: 3 sec, Data loading: 0 sec
2021-06-05 09:25:56,786 - utils.logger - INFO - learning rate = 0.0000016
2021-06-05 09:25:57,851 - utils.logger - INFO - Trn result of epoch 45 / 50 mse 0.0643 rmse 0.2536 pcc 0.5653 ccc 0.4380
2021-06-05 09:25:58,122 - utils.logger - INFO - Val result of epoch 45 / 50 mse 0.1302 rmse 0.3609 pcc -0.2079 ccc -0.1554
2021-06-05 09:25:58,725 - utils.logger - INFO - Cur epoch 46 loss MSE:0.0821
2021-06-05 09:25:59,593 - utils.logger - INFO - Cur epoch 46 loss MSE:0.0183
2021-06-05 09:26:00,311 - utils.logger - INFO - Cur epoch 46 loss MSE:4.4405
2021-06-05 09:26:00,311 - utils.logger - INFO - saving the model at the end of epoch 46, iters 276
2021-06-05 09:26:00,698 - utils.logger - INFO - End of training epoch 46 / 50 	 Time Taken: 2 sec, Data loading: 0 sec
2021-06-05 09:26:00,699 - utils.logger - INFO - learning rate = 0.0000013
2021-06-05 09:26:01,941 - utils.logger - INFO - Trn result of epoch 46 / 50 mse 0.0657 rmse 0.2564 pcc 0.5392 ccc 0.4135
2021-06-05 09:26:02,243 - utils.logger - INFO - Val result of epoch 46 / 50 mse 0.1316 rmse 0.3628 pcc -0.2356 ccc -0.1749
2021-06-05 09:26:02,819 - utils.logger - INFO - Cur epoch 47 loss MSE:0.9682
2021-06-05 09:26:03,610 - utils.logger - INFO - Cur epoch 47 loss MSE:0.1458
2021-06-05 09:26:04,196 - utils.logger - INFO - Cur epoch 47 loss MSE:8.7694
2021-06-05 09:26:04,196 - utils.logger - INFO - saving the model at the end of epoch 47, iters 282
2021-06-05 09:26:04,703 - utils.logger - INFO - End of training epoch 47 / 50 	 Time Taken: 2 sec, Data loading: 0 sec
2021-06-05 09:26:04,703 - utils.logger - INFO - learning rate = 0.0000010
2021-06-05 09:26:05,422 - utils.logger - INFO - Trn result of epoch 47 / 50 mse 0.0627 rmse 0.2505 pcc 0.5657 ccc 0.4063
2021-06-05 09:26:05,841 - utils.logger - INFO - Val result of epoch 47 / 50 mse 0.1255 rmse 0.3542 pcc -0.2740 ccc -0.1835
2021-06-05 09:26:06,808 - utils.logger - INFO - Cur epoch 48 loss MSE:1.0119
2021-06-05 09:26:07,517 - utils.logger - INFO - Cur epoch 48 loss MSE:0.0472
2021-06-05 09:26:08,168 - utils.logger - INFO - Cur epoch 48 loss MSE:13.1777
2021-06-05 09:26:08,168 - utils.logger - INFO - saving the model at the end of epoch 48, iters 288
2021-06-05 09:26:08,772 - utils.logger - INFO - End of training epoch 48 / 50 	 Time Taken: 2 sec, Data loading: 0 sec
2021-06-05 09:26:08,772 - utils.logger - INFO - learning rate = 0.0000006
2021-06-05 09:26:09,466 - utils.logger - INFO - Trn result of epoch 48 / 50 mse 0.0640 rmse 0.2529 pcc 0.5420 ccc 0.4063
2021-06-05 09:26:09,717 - utils.logger - INFO - Val result of epoch 48 / 50 mse 0.1179 rmse 0.3434 pcc -0.1460 ccc -0.1005
2021-06-05 09:26:10,588 - utils.logger - INFO - Cur epoch 49 loss MSE:4.5762
2021-06-05 09:26:11,480 - utils.logger - INFO - Cur epoch 49 loss MSE:0.5195
2021-06-05 09:26:12,116 - utils.logger - INFO - Cur epoch 49 loss MSE:3.5958
2021-06-05 09:26:12,117 - utils.logger - INFO - saving the model at the end of epoch 49, iters 294
2021-06-05 09:26:12,568 - utils.logger - INFO - End of training epoch 49 / 50 	 Time Taken: 2 sec, Data loading: 0 sec
2021-06-05 09:26:12,569 - utils.logger - INFO - learning rate = 0.0000003
2021-06-05 09:26:13,368 - utils.logger - INFO - Trn result of epoch 49 / 50 mse 0.0641 rmse 0.2531 pcc 0.5607 ccc 0.4113
2021-06-05 09:26:13,671 - utils.logger - INFO - Val result of epoch 49 / 50 mse 0.1216 rmse 0.3487 pcc -0.1841 ccc -0.1259
2021-06-05 09:26:14,242 - utils.logger - INFO - Cur epoch 50 loss MSE:0.0245
2021-06-05 09:26:14,947 - utils.logger - INFO - Cur epoch 50 loss MSE:0.7268
2021-06-05 09:26:15,898 - utils.logger - INFO - Cur epoch 50 loss MSE:0.1691
2021-06-05 09:26:15,901 - utils.logger - INFO - saving the model at the end of epoch 50, iters 300
2021-06-05 09:26:16,317 - utils.logger - INFO - End of training epoch 50 / 50 	 Time Taken: 2 sec, Data loading: 0 sec
2021-06-05 09:26:16,318 - utils.logger - INFO - learning rate = 0.0000000
2021-06-05 09:26:17,039 - utils.logger - INFO - Trn result of epoch 50 / 50 mse 0.0688 rmse 0.2623 pcc 0.5014 ccc 0.3625
2021-06-05 09:26:17,215 - utils.logger - INFO - Val result of epoch 50 / 50 mse 0.1221 rmse 0.3495 pcc -0.1918 ccc -0.1315
2021-06-05 09:26:17,215 - utils.logger - INFO - Best eval epoch 26 found with ccc 0.009614
2021-06-05 09:26:17,216 - utils.logger - INFO - baseline_fcfusion_norm_egemaps_arousal_hidden1024_seq100_run1
