2021-06-19 18:15:32,163 - utils.logger - INFO - The number of training samples = 41
2021-06-19 18:15:34,722 - utils.logger - INFO - Cur epoch 1 loss ccc:0.1370
2021-06-19 18:15:35,134 - utils.logger - INFO - Cur epoch 1 loss ccc:0.1057
2021-06-19 18:15:35,489 - utils.logger - INFO - Cur epoch 1 loss ccc:1.0021
2021-06-19 18:15:35,490 - utils.logger - INFO - saving the model at the end of epoch 1, iters 6
2021-06-19 18:15:35,708 - utils.logger - INFO - End of training epoch 1 / 70 	 Time Taken: 1 sec, Data loading: 0 sec
2021-06-19 18:15:35,708 - utils.logger - INFO - learning rate = 0.0005000
2021-06-19 18:15:36,097 - utils.logger - INFO - Trn result of epoch 1 / 70 mse 0.1130 rmse 0.3362 pcc 0.1362 ccc 0.0276
2021-06-19 18:15:36,232 - utils.logger - INFO - Val result of epoch 1 / 70 mse 0.1353 rmse 0.3678 pcc -0.1034 ccc -0.0256
2021-06-19 18:15:36,648 - utils.logger - INFO - Cur epoch 2 loss ccc:0.1248
2021-06-19 18:15:37,060 - utils.logger - INFO - Cur epoch 2 loss ccc:0.1242
2021-06-19 18:15:37,398 - utils.logger - INFO - Cur epoch 2 loss ccc:0.9673
2021-06-19 18:15:37,398 - utils.logger - INFO - saving the model at the end of epoch 2, iters 12
2021-06-19 18:15:37,640 - utils.logger - INFO - End of training epoch 2 / 70 	 Time Taken: 1 sec, Data loading: 0 sec
2021-06-19 18:15:37,641 - utils.logger - INFO - learning rate = 0.0005000
2021-06-19 18:15:38,022 - utils.logger - INFO - Trn result of epoch 2 / 70 mse 0.1979 rmse 0.4449 pcc -0.0520 ccc -0.0083
2021-06-19 18:15:38,154 - utils.logger - INFO - Val result of epoch 2 / 70 mse 0.2316 rmse 0.4812 pcc 0.1538 ccc 0.0258
2021-06-19 18:15:38,554 - utils.logger - INFO - Cur epoch 3 loss ccc:0.1218
2021-06-19 18:15:38,958 - utils.logger - INFO - Cur epoch 3 loss ccc:0.1232
2021-06-19 18:15:39,291 - utils.logger - INFO - Cur epoch 3 loss ccc:1.0121
2021-06-19 18:15:39,291 - utils.logger - INFO - saving the model at the end of epoch 3, iters 18
2021-06-19 18:15:39,529 - utils.logger - INFO - End of training epoch 3 / 70 	 Time Taken: 1 sec, Data loading: 0 sec
2021-06-19 18:15:39,529 - utils.logger - INFO - learning rate = 0.0005000
2021-06-19 18:15:39,896 - utils.logger - INFO - Trn result of epoch 3 / 70 mse 0.2398 rmse 0.4897 pcc -0.0570 ccc -0.0132
2021-06-19 18:15:40,023 - utils.logger - INFO - Val result of epoch 3 / 70 mse 0.2711 rmse 0.5207 pcc 0.1379 ccc 0.0354
2021-06-19 18:15:40,429 - utils.logger - INFO - Cur epoch 4 loss ccc:0.1270
2021-06-19 18:15:40,843 - utils.logger - INFO - Cur epoch 4 loss ccc:0.1120
2021-06-19 18:15:41,192 - utils.logger - INFO - Cur epoch 4 loss ccc:1.0028
2021-06-19 18:15:41,192 - utils.logger - INFO - saving the model at the end of epoch 4, iters 24
2021-06-19 18:15:41,381 - utils.logger - INFO - End of training epoch 4 / 70 	 Time Taken: 1 sec, Data loading: 0 sec
2021-06-19 18:15:41,381 - utils.logger - INFO - learning rate = 0.0005000
2021-06-19 18:15:41,750 - utils.logger - INFO - Trn result of epoch 4 / 70 mse 0.8390 rmse 0.9159 pcc -0.0595 ccc -0.0063
2021-06-19 18:15:41,881 - utils.logger - INFO - Val result of epoch 4 / 70 mse 0.8868 rmse 0.9417 pcc 0.1470 ccc 0.0187
2021-06-19 18:15:42,289 - utils.logger - INFO - Cur epoch 5 loss ccc:0.1285
2021-06-19 18:15:42,702 - utils.logger - INFO - Cur epoch 5 loss ccc:0.1264
2021-06-19 18:15:43,050 - utils.logger - INFO - Cur epoch 5 loss ccc:1.0005
2021-06-19 18:15:43,050 - utils.logger - INFO - saving the model at the end of epoch 5, iters 30
2021-06-19 18:15:43,406 - utils.logger - INFO - End of training epoch 5 / 70 	 Time Taken: 1 sec, Data loading: 0 sec
2021-06-19 18:15:43,406 - utils.logger - INFO - learning rate = 0.0005000
2021-06-19 18:15:43,786 - utils.logger - INFO - Trn result of epoch 5 / 70 mse 0.1141 rmse 0.3378 pcc 0.0196 ccc 0.0073
2021-06-19 18:15:43,918 - utils.logger - INFO - Val result of epoch 5 / 70 mse 0.1335 rmse 0.3654 pcc 0.1516 ccc 0.0526
2021-06-19 18:15:44,352 - utils.logger - INFO - Cur epoch 6 loss ccc:0.1331
2021-06-19 18:15:44,781 - utils.logger - INFO - Cur epoch 6 loss ccc:0.1158
2021-06-19 18:15:45,138 - utils.logger - INFO - Cur epoch 6 loss ccc:1.0048
2021-06-19 18:15:45,138 - utils.logger - INFO - saving the model at the end of epoch 6, iters 36
2021-06-19 18:15:45,380 - utils.logger - INFO - End of training epoch 6 / 70 	 Time Taken: 1 sec, Data loading: 0 sec
2021-06-19 18:15:45,380 - utils.logger - INFO - learning rate = 0.0005000
2021-06-19 18:15:45,750 - utils.logger - INFO - Trn result of epoch 6 / 70 mse 0.3496 rmse 0.5913 pcc -0.0384 ccc -0.0093
2021-06-19 18:15:45,885 - utils.logger - INFO - Val result of epoch 6 / 70 mse 0.3843 rmse 0.6199 pcc 0.1507 ccc 0.0402
2021-06-19 18:15:46,272 - utils.logger - INFO - Cur epoch 7 loss ccc:0.1227
2021-06-19 18:15:46,668 - utils.logger - INFO - Cur epoch 7 loss ccc:0.1104
2021-06-19 18:15:47,022 - utils.logger - INFO - Cur epoch 7 loss ccc:0.9938
2021-06-19 18:15:47,022 - utils.logger - INFO - saving the model at the end of epoch 7, iters 42
2021-06-19 18:15:47,259 - utils.logger - INFO - End of training epoch 7 / 70 	 Time Taken: 1 sec, Data loading: 0 sec
2021-06-19 18:15:47,259 - utils.logger - INFO - learning rate = 0.0005000
2021-06-19 18:15:47,630 - utils.logger - INFO - Trn result of epoch 7 / 70 mse 0.2039 rmse 0.4516 pcc 0.0000 ccc 0.0000
2021-06-19 18:15:47,759 - utils.logger - INFO - Val result of epoch 7 / 70 mse 0.2350 rmse 0.4848 pcc 0.1560 ccc 0.0534
2021-06-19 18:15:48,149 - utils.logger - INFO - Cur epoch 8 loss ccc:0.1248
2021-06-19 18:15:48,558 - utils.logger - INFO - Cur epoch 8 loss ccc:0.1065
2021-06-19 18:15:48,878 - utils.logger - INFO - Cur epoch 8 loss ccc:1.0063
2021-06-19 18:15:48,879 - utils.logger - INFO - saving the model at the end of epoch 8, iters 48
2021-06-19 18:15:49,156 - utils.logger - INFO - End of training epoch 8 / 70 	 Time Taken: 1 sec, Data loading: 0 sec
2021-06-19 18:15:49,156 - utils.logger - INFO - learning rate = 0.0005000
2021-06-19 18:15:49,537 - utils.logger - INFO - Trn result of epoch 8 / 70 mse 0.1851 rmse 0.4302 pcc 0.0087 ccc 0.0031
2021-06-19 18:15:49,670 - utils.logger - INFO - Val result of epoch 8 / 70 mse 0.2155 rmse 0.4642 pcc 0.1584 ccc 0.0550
2021-06-19 18:15:50,060 - utils.logger - INFO - Cur epoch 9 loss ccc:0.1136
2021-06-19 18:15:50,464 - utils.logger - INFO - Cur epoch 9 loss ccc:0.1107
2021-06-19 18:15:50,788 - utils.logger - INFO - Cur epoch 9 loss ccc:1.0090
2021-06-19 18:15:50,788 - utils.logger - INFO - saving the model at the end of epoch 9, iters 54
2021-06-19 18:15:51,025 - utils.logger - INFO - End of training epoch 9 / 70 	 Time Taken: 1 sec, Data loading: 0 sec
2021-06-19 18:15:51,025 - utils.logger - INFO - learning rate = 0.0005000
2021-06-19 18:15:51,401 - utils.logger - INFO - Trn result of epoch 9 / 70 mse 1.7123 rmse 1.3086 pcc -0.0818 ccc -0.0061
2021-06-19 18:15:51,533 - utils.logger - INFO - Val result of epoch 9 / 70 mse 1.7582 rmse 1.3260 pcc 0.1394 ccc 0.0132
2021-06-19 18:15:51,941 - utils.logger - INFO - Cur epoch 10 loss ccc:0.1244
2021-06-19 18:15:52,348 - utils.logger - INFO - Cur epoch 10 loss ccc:0.1247
2021-06-19 18:15:52,676 - utils.logger - INFO - Cur epoch 10 loss ccc:1.0070
2021-06-19 18:15:52,676 - utils.logger - INFO - saving the model at the end of epoch 10, iters 60
2021-06-19 18:15:52,906 - utils.logger - INFO - End of training epoch 10 / 70 	 Time Taken: 1 sec, Data loading: 0 sec
2021-06-19 18:15:52,906 - utils.logger - INFO - learning rate = 0.0005000
2021-06-19 18:15:53,279 - utils.logger - INFO - Trn result of epoch 10 / 70 mse 1.4352 rmse 1.1980 pcc -0.0562 ccc -0.0046
2021-06-19 18:15:53,438 - utils.logger - INFO - Val result of epoch 10 / 70 mse 1.4923 rmse 1.2216 pcc 0.1464 ccc 0.0149
2021-06-19 18:15:53,823 - utils.logger - INFO - Cur epoch 11 loss ccc:0.1325
2021-06-19 18:15:54,219 - utils.logger - INFO - Cur epoch 11 loss ccc:0.1150
2021-06-19 18:15:54,567 - utils.logger - INFO - Cur epoch 11 loss ccc:1.0239
2021-06-19 18:15:54,567 - utils.logger - INFO - saving the model at the end of epoch 11, iters 66
2021-06-19 18:15:54,899 - utils.logger - INFO - End of training epoch 11 / 70 	 Time Taken: 1 sec, Data loading: 0 sec
2021-06-19 18:15:54,899 - utils.logger - INFO - learning rate = 0.0005000
2021-06-19 18:15:55,274 - utils.logger - INFO - Trn result of epoch 11 / 70 mse 0.9415 rmse 0.9703 pcc -0.0511 ccc -0.0070
2021-06-19 18:15:55,404 - utils.logger - INFO - Val result of epoch 11 / 70 mse 0.9869 rmse 0.9934 pcc 0.1472 ccc 0.0243
2021-06-19 18:15:55,798 - utils.logger - INFO - Cur epoch 12 loss ccc:0.1169
2021-06-19 18:15:56,191 - utils.logger - INFO - Cur epoch 12 loss ccc:0.1029
2021-06-19 18:15:56,515 - utils.logger - INFO - Cur epoch 12 loss ccc:1.0162
2021-06-19 18:15:56,515 - utils.logger - INFO - saving the model at the end of epoch 12, iters 72
2021-06-19 18:15:56,796 - utils.logger - INFO - End of training epoch 12 / 70 	 Time Taken: 1 sec, Data loading: 0 sec
2021-06-19 18:15:56,796 - utils.logger - INFO - learning rate = 0.0005000
2021-06-19 18:15:57,166 - utils.logger - INFO - Trn result of epoch 12 / 70 mse 0.6840 rmse 0.8270 pcc -0.0377 ccc -0.0065
2021-06-19 18:15:57,294 - utils.logger - INFO - Val result of epoch 12 / 70 mse 0.7266 rmse 0.8524 pcc 0.1492 ccc 0.0300
2021-06-19 18:15:57,686 - utils.logger - INFO - Cur epoch 13 loss ccc:0.1135
2021-06-19 18:15:58,099 - utils.logger - INFO - Cur epoch 13 loss ccc:0.1061
2021-06-19 18:15:58,405 - utils.logger - INFO - Cur epoch 13 loss ccc:1.0690
2021-06-19 18:15:58,405 - utils.logger - INFO - saving the model at the end of epoch 13, iters 78
2021-06-19 18:15:58,630 - utils.logger - INFO - End of training epoch 13 / 70 	 Time Taken: 1 sec, Data loading: 0 sec
2021-06-19 18:15:58,630 - utils.logger - INFO - learning rate = 0.0005000
2021-06-19 18:15:59,005 - utils.logger - INFO - Trn result of epoch 13 / 70 mse 0.2253 rmse 0.4747 pcc -0.0081 ccc -0.0030
2021-06-19 18:15:59,152 - utils.logger - INFO - Val result of epoch 13 / 70 mse 0.2570 rmse 0.5070 pcc 0.1467 ccc 0.0536
2021-06-19 18:15:59,530 - utils.logger - INFO - Cur epoch 14 loss ccc:0.1369
2021-06-19 18:15:59,898 - utils.logger - INFO - Cur epoch 14 loss ccc:0.1069
2021-06-19 18:16:00,191 - utils.logger - INFO - Cur epoch 14 loss ccc:0.9992
2021-06-19 18:16:00,191 - utils.logger - INFO - saving the model at the end of epoch 14, iters 84
2021-06-19 18:16:00,418 - utils.logger - INFO - End of training epoch 14 / 70 	 Time Taken: 1 sec, Data loading: 0 sec
2021-06-19 18:16:00,418 - utils.logger - INFO - learning rate = 0.0005000
2021-06-19 18:16:00,782 - utils.logger - INFO - Trn result of epoch 14 / 70 mse 0.3294 rmse 0.5740 pcc -0.0231 ccc -0.0052
2021-06-19 18:16:00,911 - utils.logger - INFO - Val result of epoch 14 / 70 mse 0.3691 rmse 0.6075 pcc 0.1528 ccc 0.0371
2021-06-19 18:16:01,303 - utils.logger - INFO - Cur epoch 15 loss ccc:0.0746
2021-06-19 18:16:01,681 - utils.logger - INFO - Cur epoch 15 loss ccc:0.1235
2021-06-19 18:16:02,000 - utils.logger - INFO - Cur epoch 15 loss ccc:1.0180
2021-06-19 18:16:02,001 - utils.logger - INFO - saving the model at the end of epoch 15, iters 90
2021-06-19 18:16:02,232 - utils.logger - INFO - End of training epoch 15 / 70 	 Time Taken: 1 sec, Data loading: 0 sec
2021-06-19 18:16:02,232 - utils.logger - INFO - learning rate = 0.0005000
2021-06-19 18:16:02,595 - utils.logger - INFO - Trn result of epoch 15 / 70 mse 0.1107 rmse 0.3328 pcc 0.0461 ccc 0.0122
2021-06-19 18:16:02,721 - utils.logger - INFO - Val result of epoch 15 / 70 mse 0.1255 rmse 0.3543 pcc 0.1490 ccc 0.0373
2021-06-19 18:16:03,127 - utils.logger - INFO - Cur epoch 16 loss ccc:0.1361
2021-06-19 18:16:03,505 - utils.logger - INFO - Cur epoch 16 loss ccc:0.1198
2021-06-19 18:16:03,811 - utils.logger - INFO - Cur epoch 16 loss ccc:0.4417
2021-06-19 18:16:03,811 - utils.logger - INFO - saving the model at the end of epoch 16, iters 96
2021-06-19 18:16:04,048 - utils.logger - INFO - End of training epoch 16 / 70 	 Time Taken: 1 sec, Data loading: 0 sec
2021-06-19 18:16:04,048 - utils.logger - INFO - learning rate = 0.0005000
2021-06-19 18:16:04,417 - utils.logger - INFO - Trn result of epoch 16 / 70 mse 0.5285 rmse 0.7270 pcc -0.0743 ccc -0.0152
2021-06-19 18:16:04,544 - utils.logger - INFO - Val result of epoch 16 / 70 mse 0.5591 rmse 0.7477 pcc 0.1398 ccc 0.0345
2021-06-19 18:16:04,923 - utils.logger - INFO - Cur epoch 17 loss ccc:0.1148
2021-06-19 18:16:05,301 - utils.logger - INFO - Cur epoch 17 loss ccc:0.1252
2021-06-19 18:16:05,605 - utils.logger - INFO - Cur epoch 17 loss ccc:1.0032
2021-06-19 18:16:05,605 - utils.logger - INFO - saving the model at the end of epoch 17, iters 102
2021-06-19 18:16:05,839 - utils.logger - INFO - End of training epoch 17 / 70 	 Time Taken: 1 sec, Data loading: 0 sec
2021-06-19 18:16:05,839 - utils.logger - INFO - learning rate = 0.0005000
2021-06-19 18:16:06,208 - utils.logger - INFO - Trn result of epoch 17 / 70 mse 1.0149 rmse 1.0074 pcc -0.0905 ccc -0.0110
2021-06-19 18:16:06,335 - utils.logger - INFO - Val result of epoch 17 / 70 mse 1.0460 rmse 1.0227 pcc 0.1352 ccc 0.0209
2021-06-19 18:16:06,703 - utils.logger - INFO - Cur epoch 18 loss ccc:0.1246
2021-06-19 18:16:07,079 - utils.logger - INFO - Cur epoch 18 loss ccc:0.1302
2021-06-19 18:16:07,403 - utils.logger - INFO - Cur epoch 18 loss ccc:0.9995
2021-06-19 18:16:07,404 - utils.logger - INFO - saving the model at the end of epoch 18, iters 108
2021-06-19 18:16:07,801 - utils.logger - INFO - End of training epoch 18 / 70 	 Time Taken: 1 sec, Data loading: 0 sec
2021-06-19 18:16:07,801 - utils.logger - INFO - learning rate = 0.0005000
2021-06-19 18:16:08,170 - utils.logger - INFO - Trn result of epoch 18 / 70 mse 0.7523 rmse 0.8674 pcc -0.0772 ccc -0.0105
2021-06-19 18:16:08,296 - utils.logger - INFO - Val result of epoch 18 / 70 mse 0.7900 rmse 0.8888 pcc 0.1404 ccc 0.0234
2021-06-19 18:16:08,675 - utils.logger - INFO - Cur epoch 19 loss ccc:0.1250
2021-06-19 18:16:09,049 - utils.logger - INFO - Cur epoch 19 loss ccc:0.1054
2021-06-19 18:16:09,363 - utils.logger - INFO - Cur epoch 19 loss ccc:1.0096
2021-06-19 18:16:09,363 - utils.logger - INFO - saving the model at the end of epoch 19, iters 114
2021-06-19 18:16:09,590 - utils.logger - INFO - End of training epoch 19 / 70 	 Time Taken: 1 sec, Data loading: 0 sec
2021-06-19 18:16:09,590 - utils.logger - INFO - learning rate = 0.0005000
2021-06-19 18:16:09,957 - utils.logger - INFO - Trn result of epoch 19 / 70 mse 0.3402 rmse 0.5833 pcc -0.0604 ccc -0.0139
2021-06-19 18:16:10,084 - utils.logger - INFO - Val result of epoch 19 / 70 mse 0.3731 rmse 0.6108 pcc 0.1458 ccc 0.0379
2021-06-19 18:16:10,480 - utils.logger - INFO - Cur epoch 20 loss ccc:0.1118
2021-06-19 18:16:10,871 - utils.logger - INFO - Cur epoch 20 loss ccc:0.1305
2021-06-19 18:16:11,189 - utils.logger - INFO - Cur epoch 20 loss ccc:1.0130
2021-06-19 18:16:11,189 - utils.logger - INFO - saving the model at the end of epoch 20, iters 120
2021-06-19 18:16:11,413 - utils.logger - INFO - End of training epoch 20 / 70 	 Time Taken: 1 sec, Data loading: 0 sec
2021-06-19 18:16:11,413 - utils.logger - INFO - learning rate = 0.0005000
2021-06-19 18:16:11,787 - utils.logger - INFO - Trn result of epoch 20 / 70 mse 0.2418 rmse 0.4918 pcc -0.0453 ccc -0.0120
2021-06-19 18:16:11,914 - utils.logger - INFO - Val result of epoch 20 / 70 mse 0.2728 rmse 0.5223 pcc 0.1493 ccc 0.0427
2021-06-19 18:16:12,324 - utils.logger - INFO - Cur epoch 21 loss ccc:0.1250
2021-06-19 18:16:12,728 - utils.logger - INFO - Cur epoch 21 loss ccc:0.1179
2021-06-19 18:16:13,043 - utils.logger - INFO - Cur epoch 21 loss ccc:1.0012
2021-06-19 18:16:13,043 - utils.logger - INFO - saving the model at the end of epoch 21, iters 126
2021-06-19 18:16:13,276 - utils.logger - INFO - End of training epoch 21 / 70 	 Time Taken: 1 sec, Data loading: 0 sec
2021-06-19 18:16:13,276 - utils.logger - INFO - learning rate = 0.0005000
2021-06-19 18:16:13,645 - utils.logger - INFO - Trn result of epoch 21 / 70 mse 0.1255 rmse 0.3543 pcc 0.0158 ccc 0.0009
2021-06-19 18:16:13,773 - utils.logger - INFO - Val result of epoch 21 / 70 mse 0.1362 rmse 0.3690 pcc 0.1539 ccc 0.0100
2021-06-19 18:16:14,164 - utils.logger - INFO - Cur epoch 22 loss ccc:0.1304
2021-06-19 18:16:14,566 - utils.logger - INFO - Cur epoch 22 loss ccc:0.1252
2021-06-19 18:16:14,882 - utils.logger - INFO - Cur epoch 22 loss ccc:1.0075
2021-06-19 18:16:14,882 - utils.logger - INFO - saving the model at the end of epoch 22, iters 132
2021-06-19 18:16:15,106 - utils.logger - INFO - End of training epoch 22 / 70 	 Time Taken: 1 sec, Data loading: 0 sec
2021-06-19 18:16:15,106 - utils.logger - INFO - learning rate = 0.0005000
2021-06-19 18:16:15,470 - utils.logger - INFO - Trn result of epoch 22 / 70 mse 0.1390 rmse 0.3728 pcc 0.0639 ccc 0.0040
2021-06-19 18:16:15,597 - utils.logger - INFO - Val result of epoch 22 / 70 mse 0.1466 rmse 0.3829 pcc 0.1428 ccc 0.0089
2021-06-19 18:16:15,986 - utils.logger - INFO - Cur epoch 23 loss ccc:0.1138
2021-06-19 18:16:16,390 - utils.logger - INFO - Cur epoch 23 loss ccc:0.1558
2021-06-19 18:16:16,716 - utils.logger - INFO - Cur epoch 23 loss ccc:1.0035
2021-06-19 18:16:16,716 - utils.logger - INFO - saving the model at the end of epoch 23, iters 138
2021-06-19 18:16:16,935 - utils.logger - INFO - End of training epoch 23 / 70 	 Time Taken: 1 sec, Data loading: 0 sec
2021-06-19 18:16:16,935 - utils.logger - INFO - learning rate = 0.0005000
2021-06-19 18:16:17,302 - utils.logger - INFO - Trn result of epoch 23 / 70 mse 0.2660 rmse 0.5157 pcc 0.1441 ccc 0.0076
2021-06-19 18:16:17,431 - utils.logger - INFO - Val result of epoch 23 / 70 mse 0.2571 rmse 0.5070 pcc 0.0493 ccc 0.0028
2021-06-19 18:16:17,817 - utils.logger - INFO - Cur epoch 24 loss ccc:0.1265
2021-06-19 18:16:18,206 - utils.logger - INFO - Cur epoch 24 loss ccc:0.1354
2021-06-19 18:16:18,529 - utils.logger - INFO - Cur epoch 24 loss ccc:0.9886
2021-06-19 18:16:18,529 - utils.logger - INFO - saving the model at the end of epoch 24, iters 144
2021-06-19 18:16:18,764 - utils.logger - INFO - End of training epoch 24 / 70 	 Time Taken: 1 sec, Data loading: 0 sec
2021-06-19 18:16:18,764 - utils.logger - INFO - learning rate = 0.0005000
2021-06-19 18:16:19,133 - utils.logger - INFO - Trn result of epoch 24 / 70 mse 0.3320 rmse 0.5762 pcc 0.1283 ccc 0.0083
2021-06-19 18:16:19,259 - utils.logger - INFO - Val result of epoch 24 / 70 mse 0.3155 rmse 0.5617 pcc 0.0774 ccc 0.0053
2021-06-19 18:16:19,644 - utils.logger - INFO - Cur epoch 25 loss ccc:0.1158
2021-06-19 18:16:20,023 - utils.logger - INFO - Cur epoch 25 loss ccc:0.1291
2021-06-19 18:16:20,353 - utils.logger - INFO - Cur epoch 25 loss ccc:1.0030
2021-06-19 18:16:20,354 - utils.logger - INFO - saving the model at the end of epoch 25, iters 150
2021-06-19 18:16:20,587 - utils.logger - INFO - End of training epoch 25 / 70 	 Time Taken: 1 sec, Data loading: 0 sec
2021-06-19 18:16:20,587 - utils.logger - INFO - learning rate = 0.0005000
2021-06-19 18:16:20,954 - utils.logger - INFO - Trn result of epoch 25 / 70 mse 0.3629 rmse 0.6024 pcc 0.1179 ccc 0.0082
2021-06-19 18:16:21,080 - utils.logger - INFO - Val result of epoch 25 / 70 mse 0.3430 rmse 0.5857 pcc 0.0955 ccc 0.0070
2021-06-19 18:16:21,457 - utils.logger - INFO - Cur epoch 26 loss ccc:0.1222
2021-06-19 18:16:21,852 - utils.logger - INFO - Cur epoch 26 loss ccc:0.1055
2021-06-19 18:16:22,184 - utils.logger - INFO - Cur epoch 26 loss ccc:0.9970
2021-06-19 18:16:22,184 - utils.logger - INFO - saving the model at the end of epoch 26, iters 156
2021-06-19 18:16:22,410 - utils.logger - INFO - End of training epoch 26 / 70 	 Time Taken: 1 sec, Data loading: 0 sec
2021-06-19 18:16:22,410 - utils.logger - INFO - learning rate = 0.0005000
2021-06-19 18:16:22,773 - utils.logger - INFO - Trn result of epoch 26 / 70 mse 0.4233 rmse 0.6506 pcc 0.1373 ccc 0.0083
2021-06-19 18:16:22,900 - utils.logger - INFO - Val result of epoch 26 / 70 mse 0.3988 rmse 0.6315 pcc 0.0640 ccc 0.0042
2021-06-19 18:16:23,293 - utils.logger - INFO - Cur epoch 27 loss ccc:0.1355
2021-06-19 18:16:23,679 - utils.logger - INFO - Cur epoch 27 loss ccc:0.1249
2021-06-19 18:16:23,995 - utils.logger - INFO - Cur epoch 27 loss ccc:1.0028
2021-06-19 18:16:23,995 - utils.logger - INFO - saving the model at the end of epoch 27, iters 162
2021-06-19 18:16:24,219 - utils.logger - INFO - End of training epoch 27 / 70 	 Time Taken: 1 sec, Data loading: 0 sec
2021-06-19 18:16:24,220 - utils.logger - INFO - learning rate = 0.0005000
2021-06-19 18:16:24,584 - utils.logger - INFO - Trn result of epoch 27 / 70 mse 0.2503 rmse 0.5003 pcc 0.1315 ccc 0.0126
2021-06-19 18:16:24,710 - utils.logger - INFO - Val result of epoch 27 / 70 mse 0.2415 rmse 0.4914 pcc 0.0750 ccc 0.0076
2021-06-19 18:16:25,099 - utils.logger - INFO - Cur epoch 28 loss ccc:0.1164
2021-06-19 18:16:25,476 - utils.logger - INFO - Cur epoch 28 loss ccc:0.1252
2021-06-19 18:16:25,801 - utils.logger - INFO - Cur epoch 28 loss ccc:0.9775
2021-06-19 18:16:25,801 - utils.logger - INFO - saving the model at the end of epoch 28, iters 168
2021-06-19 18:16:26,169 - utils.logger - INFO - End of training epoch 28 / 70 	 Time Taken: 1 sec, Data loading: 0 sec
2021-06-19 18:16:26,169 - utils.logger - INFO - learning rate = 0.0005000
2021-06-19 18:16:26,535 - utils.logger - INFO - Trn result of epoch 28 / 70 mse 0.1216 rmse 0.3487 pcc 0.0207 ccc 0.0043
2021-06-19 18:16:26,661 - utils.logger - INFO - Val result of epoch 28 / 70 mse 0.1310 rmse 0.3620 pcc 0.1529 ccc 0.0333
2021-06-19 18:16:27,054 - utils.logger - INFO - Cur epoch 29 loss ccc:0.1270
2021-06-19 18:16:27,434 - utils.logger - INFO - Cur epoch 29 loss ccc:0.1165
2021-06-19 18:16:27,746 - utils.logger - INFO - Cur epoch 29 loss ccc:1.0242
2021-06-19 18:16:27,746 - utils.logger - INFO - saving the model at the end of epoch 29, iters 174
2021-06-19 18:16:27,982 - utils.logger - INFO - End of training epoch 29 / 70 	 Time Taken: 1 sec, Data loading: 0 sec
2021-06-19 18:16:27,982 - utils.logger - INFO - learning rate = 0.0005000
2021-06-19 18:16:28,347 - utils.logger - INFO - Trn result of epoch 29 / 70 mse 0.1329 rmse 0.3646 pcc 0.0059 ccc 0.0019
2021-06-19 18:16:28,474 - utils.logger - INFO - Val result of epoch 29 / 70 mse 0.1583 rmse 0.3979 pcc 0.1528 ccc 0.0457
2021-06-19 18:16:28,855 - utils.logger - INFO - Cur epoch 30 loss ccc:0.1362
2021-06-19 18:16:29,240 - utils.logger - INFO - Cur epoch 30 loss ccc:0.1350
2021-06-19 18:16:29,563 - utils.logger - INFO - Cur epoch 30 loss ccc:0.6987
2021-06-19 18:16:29,564 - utils.logger - INFO - saving the model at the end of epoch 30, iters 180
2021-06-19 18:16:29,789 - utils.logger - INFO - End of training epoch 30 / 70 	 Time Taken: 1 sec, Data loading: 0 sec
2021-06-19 18:16:29,789 - utils.logger - INFO - learning rate = 0.0004878
2021-06-19 18:16:30,159 - utils.logger - INFO - Trn result of epoch 30 / 70 mse 0.1481 rmse 0.3848 pcc -0.0559 ccc -0.0188
2021-06-19 18:16:30,286 - utils.logger - INFO - Val result of epoch 30 / 70 mse 0.1703 rmse 0.4127 pcc 0.1459 ccc 0.0522
2021-06-19 18:16:30,690 - utils.logger - INFO - Cur epoch 31 loss ccc:0.1310
2021-06-19 18:16:31,092 - utils.logger - INFO - Cur epoch 31 loss ccc:0.1150
2021-06-19 18:16:31,437 - utils.logger - INFO - Cur epoch 31 loss ccc:1.0277
2021-06-19 18:16:31,498 - utils.logger - INFO - saving the model at the end of epoch 31, iters 186
2021-06-19 18:16:31,749 - utils.logger - INFO - End of training epoch 31 / 70 	 Time Taken: 1 sec, Data loading: 0 sec
2021-06-19 18:16:31,749 - utils.logger - INFO - learning rate = 0.0004756
2021-06-19 18:16:32,116 - utils.logger - INFO - Trn result of epoch 31 / 70 mse 0.2795 rmse 0.5286 pcc -0.0557 ccc -0.0131
2021-06-19 18:16:32,241 - utils.logger - INFO - Val result of epoch 31 / 70 mse 0.3113 rmse 0.5579 pcc 0.1444 ccc 0.0380
2021-06-19 18:16:32,616 - utils.logger - INFO - Cur epoch 32 loss ccc:0.1177
2021-06-19 18:16:32,990 - utils.logger - INFO - Cur epoch 32 loss ccc:0.1104
2021-06-19 18:16:33,301 - utils.logger - INFO - Cur epoch 32 loss ccc:0.8963
2021-06-19 18:16:33,301 - utils.logger - INFO - saving the model at the end of epoch 32, iters 192
2021-06-19 18:16:33,528 - utils.logger - INFO - End of training epoch 32 / 70 	 Time Taken: 1 sec, Data loading: 0 sec
2021-06-19 18:16:33,529 - utils.logger - INFO - learning rate = 0.0004634
2021-06-19 18:16:33,890 - utils.logger - INFO - Trn result of epoch 32 / 70 mse 0.1298 rmse 0.3603 pcc -0.0596 ccc -0.0279
2021-06-19 18:16:34,016 - utils.logger - INFO - Val result of epoch 32 / 70 mse 0.1343 rmse 0.3665 pcc 0.1436 ccc 0.0775
2021-06-19 18:16:34,404 - utils.logger - INFO - Cur epoch 33 loss ccc:0.1314
2021-06-19 18:16:34,787 - utils.logger - INFO - Cur epoch 33 loss ccc:0.1071
2021-06-19 18:16:35,081 - utils.logger - INFO - Cur epoch 33 loss ccc:1.0070
2021-06-19 18:16:35,081 - utils.logger - INFO - saving the model at the end of epoch 33, iters 198
2021-06-19 18:16:35,308 - utils.logger - INFO - End of training epoch 33 / 70 	 Time Taken: 1 sec, Data loading: 0 sec
2021-06-19 18:16:35,308 - utils.logger - INFO - learning rate = 0.0004512
2021-06-19 18:16:35,670 - utils.logger - INFO - Trn result of epoch 33 / 70 mse 0.1270 rmse 0.3564 pcc -0.0721 ccc -0.0417
2021-06-19 18:16:35,796 - utils.logger - INFO - Val result of epoch 33 / 70 mse 0.1378 rmse 0.3712 pcc 0.1406 ccc 0.0881
2021-06-19 18:16:36,166 - utils.logger - INFO - Cur epoch 34 loss ccc:0.1197
2021-06-19 18:16:36,550 - utils.logger - INFO - Cur epoch 34 loss ccc:0.1105
2021-06-19 18:16:36,866 - utils.logger - INFO - Cur epoch 34 loss ccc:1.0992
2021-06-19 18:16:36,866 - utils.logger - INFO - saving the model at the end of epoch 34, iters 204
2021-06-19 18:16:37,130 - utils.logger - INFO - End of training epoch 34 / 70 	 Time Taken: 1 sec, Data loading: 0 sec
2021-06-19 18:16:37,130 - utils.logger - INFO - learning rate = 0.0004390
2021-06-19 18:16:37,493 - utils.logger - INFO - Trn result of epoch 34 / 70 mse 0.1208 rmse 0.3476 pcc -0.0746 ccc -0.0384
2021-06-19 18:16:37,619 - utils.logger - INFO - Val result of epoch 34 / 70 mse 0.1305 rmse 0.3612 pcc 0.1398 ccc 0.0795
2021-06-19 18:16:37,995 - utils.logger - INFO - Cur epoch 35 loss ccc:0.1186
2021-06-19 18:16:38,376 - utils.logger - INFO - Cur epoch 35 loss ccc:0.1244
2021-06-19 18:16:38,691 - utils.logger - INFO - Cur epoch 35 loss ccc:0.8644
2021-06-19 18:16:38,691 - utils.logger - INFO - saving the model at the end of epoch 35, iters 210
2021-06-19 18:16:38,912 - utils.logger - INFO - End of training epoch 35 / 70 	 Time Taken: 1 sec, Data loading: 0 sec
2021-06-19 18:16:38,912 - utils.logger - INFO - learning rate = 0.0004268
2021-06-19 18:16:39,277 - utils.logger - INFO - Trn result of epoch 35 / 70 mse 0.1151 rmse 0.3393 pcc -0.0376 ccc -0.0152
2021-06-19 18:16:39,403 - utils.logger - INFO - Val result of epoch 35 / 70 mse 0.1264 rmse 0.3555 pcc 0.1483 ccc 0.0646
2021-06-19 18:16:39,788 - utils.logger - INFO - Cur epoch 36 loss ccc:0.1390
2021-06-19 18:16:40,166 - utils.logger - INFO - Cur epoch 36 loss ccc:0.1080
2021-06-19 18:16:40,476 - utils.logger - INFO - Cur epoch 36 loss ccc:0.9943
2021-06-19 18:16:40,476 - utils.logger - INFO - saving the model at the end of epoch 36, iters 216
2021-06-19 18:16:40,702 - utils.logger - INFO - End of training epoch 36 / 70 	 Time Taken: 1 sec, Data loading: 0 sec
2021-06-19 18:16:40,702 - utils.logger - INFO - learning rate = 0.0004146
2021-06-19 18:16:41,068 - utils.logger - INFO - Trn result of epoch 36 / 70 mse 0.1315 rmse 0.3626 pcc -0.0376 ccc -0.0135
2021-06-19 18:16:41,194 - utils.logger - INFO - Val result of epoch 36 / 70 mse 0.1527 rmse 0.3907 pcc 0.1467 ccc 0.0545
2021-06-19 18:16:41,565 - utils.logger - INFO - Cur epoch 37 loss ccc:0.1316
2021-06-19 18:16:41,944 - utils.logger - INFO - Cur epoch 37 loss ccc:0.1340
2021-06-19 18:16:42,233 - utils.logger - INFO - Cur epoch 37 loss ccc:0.9939
2021-06-19 18:16:42,234 - utils.logger - INFO - saving the model at the end of epoch 37, iters 222
2021-06-19 18:16:42,513 - utils.logger - INFO - End of training epoch 37 / 70 	 Time Taken: 1 sec, Data loading: 0 sec
2021-06-19 18:16:42,513 - utils.logger - INFO - learning rate = 0.0004024
2021-06-19 18:16:42,875 - utils.logger - INFO - Trn result of epoch 37 / 70 mse 0.1511 rmse 0.3887 pcc -0.0400 ccc -0.0123
2021-06-19 18:16:43,044 - utils.logger - INFO - Val result of epoch 37 / 70 mse 0.1755 rmse 0.4189 pcc 0.1514 ccc 0.0480
2021-06-19 18:16:43,439 - utils.logger - INFO - Cur epoch 38 loss ccc:0.1308
2021-06-19 18:16:43,836 - utils.logger - INFO - Cur epoch 38 loss ccc:0.1100
2021-06-19 18:16:44,141 - utils.logger - INFO - Cur epoch 38 loss ccc:0.9696
2021-06-19 18:16:44,141 - utils.logger - INFO - saving the model at the end of epoch 38, iters 228
2021-06-19 18:16:44,375 - utils.logger - INFO - End of training epoch 38 / 70 	 Time Taken: 1 sec, Data loading: 0 sec
2021-06-19 18:16:44,375 - utils.logger - INFO - learning rate = 0.0003902
2021-06-19 18:16:44,746 - utils.logger - INFO - Trn result of epoch 38 / 70 mse 1.2430 rmse 1.1149 pcc -0.0707 ccc -0.0071
2021-06-19 18:16:44,878 - utils.logger - INFO - Val result of epoch 38 / 70 mse 1.2838 rmse 1.1331 pcc 0.1441 ccc 0.0180
2021-06-19 18:16:45,265 - utils.logger - INFO - Cur epoch 39 loss ccc:0.1218
2021-06-19 18:16:45,642 - utils.logger - INFO - Cur epoch 39 loss ccc:0.1170
2021-06-19 18:16:45,955 - utils.logger - INFO - Cur epoch 39 loss ccc:1.0000
2021-06-19 18:16:45,956 - utils.logger - INFO - saving the model at the end of epoch 39, iters 234
2021-06-19 18:16:46,212 - utils.logger - INFO - End of training epoch 39 / 70 	 Time Taken: 1 sec, Data loading: 0 sec
2021-06-19 18:16:46,212 - utils.logger - INFO - learning rate = 0.0003780
2021-06-19 18:16:46,578 - utils.logger - INFO - Trn result of epoch 39 / 70 mse 1.3231 rmse 1.1503 pcc -0.0745 ccc -0.0070
2021-06-19 18:16:46,707 - utils.logger - INFO - Val result of epoch 39 / 70 mse 1.3635 rmse 1.1677 pcc 0.1431 ccc 0.0170
2021-06-19 18:16:47,095 - utils.logger - INFO - Cur epoch 40 loss ccc:0.1159
2021-06-19 18:16:47,485 - utils.logger - INFO - Cur epoch 40 loss ccc:0.1262
2021-06-19 18:16:47,829 - utils.logger - INFO - Cur epoch 40 loss ccc:0.9642
2021-06-19 18:16:47,830 - utils.logger - INFO - saving the model at the end of epoch 40, iters 240
2021-06-19 18:16:48,346 - utils.logger - INFO - End of training epoch 40 / 70 	 Time Taken: 1 sec, Data loading: 0 sec
2021-06-19 18:16:48,346 - utils.logger - INFO - learning rate = 0.0003659
2021-06-19 18:16:48,720 - utils.logger - INFO - Trn result of epoch 40 / 70 mse 1.2100 rmse 1.1000 pcc -0.0738 ccc -0.0077
2021-06-19 18:16:48,846 - utils.logger - INFO - Val result of epoch 40 / 70 mse 1.2467 rmse 1.1165 pcc 0.1434 ccc 0.0186
2021-06-19 18:16:49,243 - utils.logger - INFO - Cur epoch 41 loss ccc:0.1263
2021-06-19 18:16:49,632 - utils.logger - INFO - Cur epoch 41 loss ccc:0.1287
2021-06-19 18:16:49,953 - utils.logger - INFO - Cur epoch 41 loss ccc:1.0051
2021-06-19 18:16:49,954 - utils.logger - INFO - saving the model at the end of epoch 41, iters 246
2021-06-19 18:16:50,189 - utils.logger - INFO - End of training epoch 41 / 70 	 Time Taken: 1 sec, Data loading: 0 sec
2021-06-19 18:16:50,189 - utils.logger - INFO - learning rate = 0.0003537
2021-06-19 18:16:50,560 - utils.logger - INFO - Trn result of epoch 41 / 70 mse 0.8364 rmse 0.9145 pcc -0.0701 ccc -0.0097
2021-06-19 18:16:50,687 - utils.logger - INFO - Val result of epoch 41 / 70 mse 0.8712 rmse 0.9334 pcc 0.1445 ccc 0.0243
2021-06-19 18:16:51,083 - utils.logger - INFO - Cur epoch 42 loss ccc:0.1150
2021-06-19 18:16:51,477 - utils.logger - INFO - Cur epoch 42 loss ccc:0.1249
2021-06-19 18:16:51,795 - utils.logger - INFO - Cur epoch 42 loss ccc:1.0245
2021-06-19 18:16:51,796 - utils.logger - INFO - saving the model at the end of epoch 42, iters 252
2021-06-19 18:16:52,209 - utils.logger - INFO - End of training epoch 42 / 70 	 Time Taken: 1 sec, Data loading: 0 sec
2021-06-19 18:16:52,209 - utils.logger - INFO - learning rate = 0.0003415
2021-06-19 18:16:52,575 - utils.logger - INFO - Trn result of epoch 42 / 70 mse 0.6111 rmse 0.7817 pcc -0.0624 ccc -0.0113
2021-06-19 18:16:52,702 - utils.logger - INFO - Val result of epoch 42 / 70 mse 0.6460 rmse 0.8037 pcc 0.1443 ccc 0.0312
2021-06-19 18:16:53,098 - utils.logger - INFO - Cur epoch 43 loss ccc:0.1234
2021-06-19 18:16:53,495 - utils.logger - INFO - Cur epoch 43 loss ccc:0.1206
2021-06-19 18:16:53,841 - utils.logger - INFO - Cur epoch 43 loss ccc:0.8589
2021-06-19 18:16:53,841 - utils.logger - INFO - saving the model at the end of epoch 43, iters 258
2021-06-19 18:16:54,104 - utils.logger - INFO - End of training epoch 43 / 70 	 Time Taken: 1 sec, Data loading: 0 sec
2021-06-19 18:16:54,104 - utils.logger - INFO - learning rate = 0.0003293
2021-06-19 18:16:54,473 - utils.logger - INFO - Trn result of epoch 43 / 70 mse 0.3687 rmse 0.6072 pcc -0.0632 ccc -0.0182
2021-06-19 18:16:54,600 - utils.logger - INFO - Val result of epoch 43 / 70 mse 0.3955 rmse 0.6289 pcc 0.1437 ccc 0.0477
2021-06-19 18:16:54,996 - utils.logger - INFO - Cur epoch 44 loss ccc:0.1097
2021-06-19 18:16:55,389 - utils.logger - INFO - Cur epoch 44 loss ccc:0.1275
2021-06-19 18:16:55,716 - utils.logger - INFO - Cur epoch 44 loss ccc:1.0025
2021-06-19 18:16:55,716 - utils.logger - INFO - saving the model at the end of epoch 44, iters 264
2021-06-19 18:16:55,955 - utils.logger - INFO - End of training epoch 44 / 70 	 Time Taken: 1 sec, Data loading: 0 sec
2021-06-19 18:16:55,956 - utils.logger - INFO - learning rate = 0.0003171
2021-06-19 18:16:56,325 - utils.logger - INFO - Trn result of epoch 44 / 70 mse 0.5050 rmse 0.7107 pcc -0.0632 ccc -0.0153
2021-06-19 18:16:56,452 - utils.logger - INFO - Val result of epoch 44 / 70 mse 0.5342 rmse 0.7309 pcc 0.1430 ccc 0.0409
2021-06-19 18:16:56,847 - utils.logger - INFO - Cur epoch 45 loss ccc:0.1262
2021-06-19 18:16:57,252 - utils.logger - INFO - Cur epoch 45 loss ccc:0.1068
2021-06-19 18:16:57,596 - utils.logger - INFO - Cur epoch 45 loss ccc:1.0031
2021-06-19 18:16:57,596 - utils.logger - INFO - saving the model at the end of epoch 45, iters 270
2021-06-19 18:16:57,820 - utils.logger - INFO - End of training epoch 45 / 70 	 Time Taken: 1 sec, Data loading: 0 sec
2021-06-19 18:16:57,821 - utils.logger - INFO - learning rate = 0.0003049
2021-06-19 18:16:58,188 - utils.logger - INFO - Trn result of epoch 45 / 70 mse 0.2984 rmse 0.5462 pcc -0.0607 ccc -0.0192
2021-06-19 18:16:58,317 - utils.logger - INFO - Val result of epoch 45 / 70 mse 0.3244 rmse 0.5696 pcc 0.1447 ccc 0.0514
2021-06-19 18:16:58,685 - utils.logger - INFO - Cur epoch 46 loss ccc:0.1250
2021-06-19 18:16:59,059 - utils.logger - INFO - Cur epoch 46 loss ccc:0.1257
2021-06-19 18:16:59,370 - utils.logger - INFO - Cur epoch 46 loss ccc:0.9597
2021-06-19 18:16:59,371 - utils.logger - INFO - saving the model at the end of epoch 46, iters 276
2021-06-19 18:16:59,614 - utils.logger - INFO - End of training epoch 46 / 70 	 Time Taken: 1 sec, Data loading: 0 sec
2021-06-19 18:16:59,614 - utils.logger - INFO - learning rate = 0.0002927
2021-06-19 18:16:59,978 - utils.logger - INFO - Trn result of epoch 46 / 70 mse 0.2384 rmse 0.4883 pcc -0.0624 ccc -0.0215
2021-06-19 18:17:00,106 - utils.logger - INFO - Val result of epoch 46 / 70 mse 0.2627 rmse 0.5126 pcc 0.1443 ccc 0.0548
2021-06-19 18:17:00,506 - utils.logger - INFO - Cur epoch 47 loss ccc:0.1195
2021-06-19 18:17:00,899 - utils.logger - INFO - Cur epoch 47 loss ccc:0.1222
2021-06-19 18:17:01,226 - utils.logger - INFO - Cur epoch 47 loss ccc:0.8664
2021-06-19 18:17:01,226 - utils.logger - INFO - saving the model at the end of epoch 47, iters 282
2021-06-19 18:17:01,460 - utils.logger - INFO - End of training epoch 47 / 70 	 Time Taken: 1 sec, Data loading: 0 sec
2021-06-19 18:17:01,460 - utils.logger - INFO - learning rate = 0.0002805
2021-06-19 18:17:01,826 - utils.logger - INFO - Trn result of epoch 47 / 70 mse 0.2209 rmse 0.4700 pcc -0.0506 ccc -0.0184
2021-06-19 18:17:01,952 - utils.logger - INFO - Val result of epoch 47 / 70 mse 0.2456 rmse 0.4956 pcc 0.1476 ccc 0.0575
2021-06-19 18:17:02,341 - utils.logger - INFO - Cur epoch 48 loss ccc:0.1098
2021-06-19 18:17:02,729 - utils.logger - INFO - Cur epoch 48 loss ccc:0.1174
2021-06-19 18:17:03,063 - utils.logger - INFO - Cur epoch 48 loss ccc:0.9486
2021-06-19 18:17:03,063 - utils.logger - INFO - saving the model at the end of epoch 48, iters 288
2021-06-19 18:17:03,436 - utils.logger - INFO - End of training epoch 48 / 70 	 Time Taken: 1 sec, Data loading: 0 sec
2021-06-19 18:17:03,437 - utils.logger - INFO - learning rate = 0.0002683
2021-06-19 18:17:03,799 - utils.logger - INFO - Trn result of epoch 48 / 70 mse 0.2105 rmse 0.4588 pcc -0.0397 ccc -0.0160
2021-06-19 18:17:03,926 - utils.logger - INFO - Val result of epoch 48 / 70 mse 0.2348 rmse 0.4846 pcc 0.1499 ccc 0.0638
2021-06-19 18:17:04,323 - utils.logger - INFO - Cur epoch 49 loss ccc:0.1117
2021-06-19 18:17:04,711 - utils.logger - INFO - Cur epoch 49 loss ccc:0.1253
2021-06-19 18:17:05,048 - utils.logger - INFO - Cur epoch 49 loss ccc:0.9713
2021-06-19 18:17:05,048 - utils.logger - INFO - saving the model at the end of epoch 49, iters 294
2021-06-19 18:17:05,275 - utils.logger - INFO - End of training epoch 49 / 70 	 Time Taken: 1 sec, Data loading: 0 sec
2021-06-19 18:17:05,275 - utils.logger - INFO - learning rate = 0.0002561
2021-06-19 18:17:05,644 - utils.logger - INFO - Trn result of epoch 49 / 70 mse 0.2176 rmse 0.4665 pcc -0.0271 ccc -0.0101
2021-06-19 18:17:05,771 - utils.logger - INFO - Val result of epoch 49 / 70 mse 0.2451 rmse 0.4951 pcc 0.1521 ccc 0.0588
2021-06-19 18:17:06,165 - utils.logger - INFO - Cur epoch 50 loss ccc:0.1307
2021-06-19 18:17:06,565 - utils.logger - INFO - Cur epoch 50 loss ccc:0.1250
2021-06-19 18:17:06,884 - utils.logger - INFO - Cur epoch 50 loss ccc:0.9925
2021-06-19 18:17:06,884 - utils.logger - INFO - saving the model at the end of epoch 50, iters 300
2021-06-19 18:17:07,104 - utils.logger - INFO - End of training epoch 50 / 70 	 Time Taken: 1 sec, Data loading: 0 sec
2021-06-19 18:17:07,105 - utils.logger - INFO - learning rate = 0.0002439
2021-06-19 18:17:07,471 - utils.logger - INFO - Trn result of epoch 50 / 70 mse 0.1331 rmse 0.3648 pcc -0.0087 ccc -0.0036
2021-06-19 18:17:07,598 - utils.logger - INFO - Val result of epoch 50 / 70 mse 0.1547 rmse 0.3933 pcc 0.1534 ccc 0.0623
2021-06-19 18:17:07,997 - utils.logger - INFO - Cur epoch 51 loss ccc:0.0917
2021-06-19 18:17:08,398 - utils.logger - INFO - Cur epoch 51 loss ccc:0.1264
2021-06-19 18:17:08,733 - utils.logger - INFO - Cur epoch 51 loss ccc:0.9975
2021-06-19 18:17:08,734 - utils.logger - INFO - saving the model at the end of epoch 51, iters 306
2021-06-19 18:17:09,076 - utils.logger - INFO - End of training epoch 51 / 70 	 Time Taken: 1 sec, Data loading: 0 sec
2021-06-19 18:17:09,076 - utils.logger - INFO - learning rate = 0.0002317
2021-06-19 18:17:09,443 - utils.logger - INFO - Trn result of epoch 51 / 70 mse 0.1122 rmse 0.3350 pcc -0.0123 ccc -0.0043
2021-06-19 18:17:09,569 - utils.logger - INFO - Val result of epoch 51 / 70 mse 0.1258 rmse 0.3548 pcc 0.1538 ccc 0.0549
2021-06-19 18:17:09,962 - utils.logger - INFO - Cur epoch 52 loss ccc:0.1271
2021-06-19 18:17:10,367 - utils.logger - INFO - Cur epoch 52 loss ccc:0.1225
2021-06-19 18:17:10,679 - utils.logger - INFO - Cur epoch 52 loss ccc:0.9761
2021-06-19 18:17:10,679 - utils.logger - INFO - saving the model at the end of epoch 52, iters 312
2021-06-19 18:17:10,899 - utils.logger - INFO - End of training epoch 52 / 70 	 Time Taken: 1 sec, Data loading: 0 sec
2021-06-19 18:17:10,899 - utils.logger - INFO - learning rate = 0.0002195
2021-06-19 18:17:11,263 - utils.logger - INFO - Trn result of epoch 52 / 70 mse 0.1149 rmse 0.3390 pcc -0.0004 ccc -0.0002
2021-06-19 18:17:11,391 - utils.logger - INFO - Val result of epoch 52 / 70 mse 0.1315 rmse 0.3626 pcc 0.1538 ccc 0.0625
2021-06-19 18:17:11,781 - utils.logger - INFO - Cur epoch 53 loss ccc:0.1299
2021-06-19 18:17:12,181 - utils.logger - INFO - Cur epoch 53 loss ccc:0.1126
2021-06-19 18:17:12,503 - utils.logger - INFO - Cur epoch 53 loss ccc:0.9684
2021-06-19 18:17:12,503 - utils.logger - INFO - saving the model at the end of epoch 53, iters 318
2021-06-19 18:17:12,788 - utils.logger - INFO - End of training epoch 53 / 70 	 Time Taken: 1 sec, Data loading: 0 sec
2021-06-19 18:17:12,788 - utils.logger - INFO - learning rate = 0.0002073
2021-06-19 18:17:13,158 - utils.logger - INFO - Trn result of epoch 53 / 70 mse 0.1289 rmse 0.3590 pcc -0.0074 ccc -0.0033
2021-06-19 18:17:13,284 - utils.logger - INFO - Val result of epoch 53 / 70 mse 0.1490 rmse 0.3860 pcc 0.1540 ccc 0.0668
2021-06-19 18:17:13,680 - utils.logger - INFO - Cur epoch 54 loss ccc:0.1353
2021-06-19 18:17:14,073 - utils.logger - INFO - Cur epoch 54 loss ccc:0.1192
2021-06-19 18:17:14,408 - utils.logger - INFO - Cur epoch 54 loss ccc:0.9893
2021-06-19 18:17:14,408 - utils.logger - INFO - saving the model at the end of epoch 54, iters 324
2021-06-19 18:17:14,752 - utils.logger - INFO - End of training epoch 54 / 70 	 Time Taken: 1 sec, Data loading: 0 sec
2021-06-19 18:17:14,752 - utils.logger - INFO - learning rate = 0.0001951
2021-06-19 18:17:15,119 - utils.logger - INFO - Trn result of epoch 54 / 70 mse 0.1312 rmse 0.3623 pcc -0.0064 ccc -0.0029
2021-06-19 18:17:15,246 - utils.logger - INFO - Val result of epoch 54 / 70 mse 0.1519 rmse 0.3897 pcc 0.1537 ccc 0.0667
2021-06-19 18:17:15,645 - utils.logger - INFO - Cur epoch 55 loss ccc:0.1182
2021-06-19 18:17:16,037 - utils.logger - INFO - Cur epoch 55 loss ccc:0.1259
2021-06-19 18:17:16,358 - utils.logger - INFO - Cur epoch 55 loss ccc:0.9887
2021-06-19 18:17:16,358 - utils.logger - INFO - saving the model at the end of epoch 55, iters 330
2021-06-19 18:17:16,609 - utils.logger - INFO - End of training epoch 55 / 70 	 Time Taken: 1 sec, Data loading: 0 sec
2021-06-19 18:17:16,609 - utils.logger - INFO - learning rate = 0.0001829
2021-06-19 18:17:16,977 - utils.logger - INFO - Trn result of epoch 55 / 70 mse 0.1128 rmse 0.3359 pcc 0.0040 ccc 0.0015
2021-06-19 18:17:17,104 - utils.logger - INFO - Val result of epoch 55 / 70 mse 0.1293 rmse 0.3596 pcc 0.1547 ccc 0.0577
2021-06-19 18:17:17,504 - utils.logger - INFO - Cur epoch 56 loss ccc:0.1288
2021-06-19 18:17:17,900 - utils.logger - INFO - Cur epoch 56 loss ccc:0.1251
2021-06-19 18:17:18,250 - utils.logger - INFO - Cur epoch 56 loss ccc:1.0051
2021-06-19 18:17:18,250 - utils.logger - INFO - saving the model at the end of epoch 56, iters 336
2021-06-19 18:17:18,478 - utils.logger - INFO - End of training epoch 56 / 70 	 Time Taken: 1 sec, Data loading: 0 sec
2021-06-19 18:17:18,478 - utils.logger - INFO - learning rate = 0.0001707
2021-06-19 18:17:18,847 - utils.logger - INFO - Trn result of epoch 56 / 70 mse 0.1115 rmse 0.3338 pcc 0.0187 ccc 0.0068
2021-06-19 18:17:18,974 - utils.logger - INFO - Val result of epoch 56 / 70 mse 0.1285 rmse 0.3584 pcc 0.1542 ccc 0.0536
2021-06-19 18:17:19,378 - utils.logger - INFO - Cur epoch 57 loss ccc:0.1289
2021-06-19 18:17:19,784 - utils.logger - INFO - Cur epoch 57 loss ccc:0.1248
2021-06-19 18:17:20,125 - utils.logger - INFO - Cur epoch 57 loss ccc:0.8793
2021-06-19 18:17:20,125 - utils.logger - INFO - saving the model at the end of epoch 57, iters 342
2021-06-19 18:17:20,351 - utils.logger - INFO - End of training epoch 57 / 70 	 Time Taken: 1 sec, Data loading: 0 sec
2021-06-19 18:17:20,352 - utils.logger - INFO - learning rate = 0.0001585
2021-06-19 18:17:20,723 - utils.logger - INFO - Trn result of epoch 57 / 70 mse 0.1174 rmse 0.3426 pcc 0.0043 ccc 0.0016
2021-06-19 18:17:20,851 - utils.logger - INFO - Val result of epoch 57 / 70 mse 0.1374 rmse 0.3707 pcc 0.1549 ccc 0.0539
2021-06-19 18:17:21,252 - utils.logger - INFO - Cur epoch 58 loss ccc:0.1340
2021-06-19 18:17:21,639 - utils.logger - INFO - Cur epoch 58 loss ccc:0.1201
2021-06-19 18:17:21,962 - utils.logger - INFO - Cur epoch 58 loss ccc:1.0137
2021-06-19 18:17:21,963 - utils.logger - INFO - saving the model at the end of epoch 58, iters 348
2021-06-19 18:17:22,203 - utils.logger - INFO - End of training epoch 58 / 70 	 Time Taken: 1 sec, Data loading: 0 sec
2021-06-19 18:17:22,203 - utils.logger - INFO - learning rate = 0.0001463
2021-06-19 18:17:22,573 - utils.logger - INFO - Trn result of epoch 58 / 70 mse 0.1358 rmse 0.3684 pcc 0.0059 ccc 0.0021
2021-06-19 18:17:22,701 - utils.logger - INFO - Val result of epoch 58 / 70 mse 0.1607 rmse 0.4009 pcc 0.1549 ccc 0.0523
2021-06-19 18:17:23,089 - utils.logger - INFO - Cur epoch 59 loss ccc:0.1282
2021-06-19 18:17:23,485 - utils.logger - INFO - Cur epoch 59 loss ccc:0.1041
2021-06-19 18:17:23,809 - utils.logger - INFO - Cur epoch 59 loss ccc:0.9784
2021-06-19 18:17:23,809 - utils.logger - INFO - saving the model at the end of epoch 59, iters 354
2021-06-19 18:17:24,049 - utils.logger - INFO - End of training epoch 59 / 70 	 Time Taken: 1 sec, Data loading: 0 sec
2021-06-19 18:17:24,049 - utils.logger - INFO - learning rate = 0.0001341
2021-06-19 18:17:24,411 - utils.logger - INFO - Trn result of epoch 59 / 70 mse 0.1316 rmse 0.3628 pcc 0.0249 ccc 0.0083
2021-06-19 18:17:24,537 - utils.logger - INFO - Val result of epoch 59 / 70 mse 0.1579 rmse 0.3973 pcc 0.1532 ccc 0.0472
2021-06-19 18:17:24,919 - utils.logger - INFO - Cur epoch 60 loss ccc:0.1077
2021-06-19 18:17:25,322 - utils.logger - INFO - Cur epoch 60 loss ccc:0.1306
2021-06-19 18:17:25,669 - utils.logger - INFO - Cur epoch 60 loss ccc:0.9999
2021-06-19 18:17:25,669 - utils.logger - INFO - saving the model at the end of epoch 60, iters 360
2021-06-19 18:17:25,916 - utils.logger - INFO - End of training epoch 60 / 70 	 Time Taken: 1 sec, Data loading: 0 sec
2021-06-19 18:17:25,916 - utils.logger - INFO - learning rate = 0.0001220
2021-06-19 18:17:26,290 - utils.logger - INFO - Trn result of epoch 60 / 70 mse 0.1427 rmse 0.3777 pcc 0.0312 ccc 0.0101
2021-06-19 18:17:26,420 - utils.logger - INFO - Val result of epoch 60 / 70 mse 0.1717 rmse 0.4144 pcc 0.1530 ccc 0.0448
2021-06-19 18:17:26,827 - utils.logger - INFO - Cur epoch 61 loss ccc:0.1296
2021-06-19 18:17:27,230 - utils.logger - INFO - Cur epoch 61 loss ccc:0.1048
2021-06-19 18:17:27,578 - utils.logger - INFO - Cur epoch 61 loss ccc:0.9770
2021-06-19 18:17:27,578 - utils.logger - INFO - saving the model at the end of epoch 61, iters 366
2021-06-19 18:17:27,968 - utils.logger - INFO - End of training epoch 61 / 70 	 Time Taken: 1 sec, Data loading: 0 sec
2021-06-19 18:17:27,968 - utils.logger - INFO - learning rate = 0.0001098
2021-06-19 18:17:28,334 - utils.logger - INFO - Trn result of epoch 61 / 70 mse 0.1718 rmse 0.4145 pcc 0.0261 ccc 0.0069
2021-06-19 18:17:28,460 - utils.logger - INFO - Val result of epoch 61 / 70 mse 0.2057 rmse 0.4536 pcc 0.1540 ccc 0.0375
2021-06-19 18:17:28,871 - utils.logger - INFO - Cur epoch 62 loss ccc:0.1236
2021-06-19 18:17:29,276 - utils.logger - INFO - Cur epoch 62 loss ccc:0.1253
2021-06-19 18:17:29,604 - utils.logger - INFO - Cur epoch 62 loss ccc:0.9111
2021-06-19 18:17:29,605 - utils.logger - INFO - saving the model at the end of epoch 62, iters 372
2021-06-19 18:17:29,835 - utils.logger - INFO - End of training epoch 62 / 70 	 Time Taken: 1 sec, Data loading: 0 sec
2021-06-19 18:17:29,836 - utils.logger - INFO - learning rate = 0.0000976
2021-06-19 18:17:30,203 - utils.logger - INFO - Trn result of epoch 62 / 70 mse 0.1616 rmse 0.4020 pcc 0.0259 ccc 0.0067
2021-06-19 18:17:30,331 - utils.logger - INFO - Val result of epoch 62 / 70 mse 0.1943 rmse 0.4408 pcc 0.1540 ccc 0.0368
2021-06-19 18:17:30,736 - utils.logger - INFO - Cur epoch 63 loss ccc:0.1143
2021-06-19 18:17:31,146 - utils.logger - INFO - Cur epoch 63 loss ccc:0.1162
2021-06-19 18:17:31,466 - utils.logger - INFO - Cur epoch 63 loss ccc:1.0291
2021-06-19 18:17:31,467 - utils.logger - INFO - saving the model at the end of epoch 63, iters 378
2021-06-19 18:17:31,705 - utils.logger - INFO - End of training epoch 63 / 70 	 Time Taken: 1 sec, Data loading: 0 sec
2021-06-19 18:17:31,706 - utils.logger - INFO - learning rate = 0.0000854
2021-06-19 18:17:32,074 - utils.logger - INFO - Trn result of epoch 63 / 70 mse 0.1762 rmse 0.4198 pcc 0.0276 ccc 0.0072
2021-06-19 18:17:32,203 - utils.logger - INFO - Val result of epoch 63 / 70 mse 0.2109 rmse 0.4592 pcc 0.1538 ccc 0.0369
2021-06-19 18:17:32,607 - utils.logger - INFO - Cur epoch 64 loss ccc:0.1217
2021-06-19 18:17:33,008 - utils.logger - INFO - Cur epoch 64 loss ccc:0.1115
2021-06-19 18:17:33,338 - utils.logger - INFO - Cur epoch 64 loss ccc:0.8315
2021-06-19 18:17:33,338 - utils.logger - INFO - saving the model at the end of epoch 64, iters 384
2021-06-19 18:17:33,567 - utils.logger - INFO - End of training epoch 64 / 70 	 Time Taken: 1 sec, Data loading: 0 sec
2021-06-19 18:17:33,568 - utils.logger - INFO - learning rate = 0.0000732
2021-06-19 18:17:33,932 - utils.logger - INFO - Trn result of epoch 64 / 70 mse 0.1575 rmse 0.3969 pcc 0.0309 ccc 0.0090
2021-06-19 18:17:34,059 - utils.logger - INFO - Val result of epoch 64 / 70 mse 0.1894 rmse 0.4352 pcc 0.1533 ccc 0.0406
2021-06-19 18:17:34,446 - utils.logger - INFO - Cur epoch 65 loss ccc:0.1035
2021-06-19 18:17:34,842 - utils.logger - INFO - Cur epoch 65 loss ccc:0.1129
2021-06-19 18:17:35,176 - utils.logger - INFO - Cur epoch 65 loss ccc:1.0063
2021-06-19 18:17:35,176 - utils.logger - INFO - saving the model at the end of epoch 65, iters 390
2021-06-19 18:17:35,439 - utils.logger - INFO - End of training epoch 65 / 70 	 Time Taken: 1 sec, Data loading: 0 sec
2021-06-19 18:17:35,439 - utils.logger - INFO - learning rate = 0.0000610
2021-06-19 18:17:35,806 - utils.logger - INFO - Trn result of epoch 65 / 70 mse 0.1520 rmse 0.3899 pcc 0.0310 ccc 0.0096
2021-06-19 18:17:35,938 - utils.logger - INFO - Val result of epoch 65 / 70 mse 0.1828 rmse 0.4275 pcc 0.1532 ccc 0.0431
2021-06-19 18:17:36,320 - utils.logger - INFO - Cur epoch 66 loss ccc:0.1084
2021-06-19 18:17:36,702 - utils.logger - INFO - Cur epoch 66 loss ccc:0.1411
2021-06-19 18:17:37,007 - utils.logger - INFO - Cur epoch 66 loss ccc:0.9911
2021-06-19 18:17:37,008 - utils.logger - INFO - saving the model at the end of epoch 66, iters 396
2021-06-19 18:17:37,244 - utils.logger - INFO - End of training epoch 66 / 70 	 Time Taken: 1 sec, Data loading: 0 sec
2021-06-19 18:17:37,245 - utils.logger - INFO - learning rate = 0.0000488
2021-06-19 18:17:37,611 - utils.logger - INFO - Trn result of epoch 66 / 70 mse 0.1515 rmse 0.3892 pcc 0.0319 ccc 0.0100
2021-06-19 18:17:37,737 - utils.logger - INFO - Val result of epoch 66 / 70 mse 0.1821 rmse 0.4267 pcc 0.1531 ccc 0.0434
2021-06-19 18:17:38,111 - utils.logger - INFO - Cur epoch 67 loss ccc:0.1011
2021-06-19 18:17:38,504 - utils.logger - INFO - Cur epoch 67 loss ccc:0.1182
2021-06-19 18:17:38,821 - utils.logger - INFO - Cur epoch 67 loss ccc:0.9314
2021-06-19 18:17:38,821 - utils.logger - INFO - saving the model at the end of epoch 67, iters 402
2021-06-19 18:17:39,040 - utils.logger - INFO - End of training epoch 67 / 70 	 Time Taken: 1 sec, Data loading: 0 sec
2021-06-19 18:17:39,040 - utils.logger - INFO - learning rate = 0.0000366
2021-06-19 18:17:39,403 - utils.logger - INFO - Trn result of epoch 67 / 70 mse 0.1499 rmse 0.3872 pcc 0.0370 ccc 0.0112
2021-06-19 18:17:39,528 - utils.logger - INFO - Val result of epoch 67 / 70 mse 0.1807 rmse 0.4251 pcc 0.1584 ccc 0.0434
2021-06-19 18:17:39,910 - utils.logger - INFO - Cur epoch 68 loss ccc:0.1216
2021-06-19 18:17:40,291 - utils.logger - INFO - Cur epoch 68 loss ccc:0.1017
2021-06-19 18:17:40,642 - utils.logger - INFO - Cur epoch 68 loss ccc:1.0020
2021-06-19 18:17:40,642 - utils.logger - INFO - saving the model at the end of epoch 68, iters 408
2021-06-19 18:17:40,869 - utils.logger - INFO - End of training epoch 68 / 70 	 Time Taken: 1 sec, Data loading: 0 sec
2021-06-19 18:17:40,869 - utils.logger - INFO - learning rate = 0.0000244
2021-06-19 18:17:41,236 - utils.logger - INFO - Trn result of epoch 68 / 70 mse 0.1516 rmse 0.3893 pcc 0.0381 ccc 0.0115
2021-06-19 18:17:41,362 - utils.logger - INFO - Val result of epoch 68 / 70 mse 0.1825 rmse 0.4272 pcc 0.1589 ccc 0.0435
2021-06-19 18:17:41,752 - utils.logger - INFO - Cur epoch 69 loss ccc:0.1207
2021-06-19 18:17:42,127 - utils.logger - INFO - Cur epoch 69 loss ccc:0.1074
2021-06-19 18:17:42,456 - utils.logger - INFO - Cur epoch 69 loss ccc:0.9933
2021-06-19 18:17:42,456 - utils.logger - INFO - saving the model at the end of epoch 69, iters 414
2021-06-19 18:17:42,690 - utils.logger - INFO - End of training epoch 69 / 70 	 Time Taken: 1 sec, Data loading: 0 sec
2021-06-19 18:17:42,690 - utils.logger - INFO - learning rate = 0.0000122
2021-06-19 18:17:43,063 - utils.logger - INFO - Trn result of epoch 69 / 70 mse 0.1514 rmse 0.3891 pcc 0.0348 ccc 0.0105
2021-06-19 18:17:43,192 - utils.logger - INFO - Val result of epoch 69 / 70 mse 0.1822 rmse 0.4269 pcc 0.1563 ccc 0.0427
2021-06-19 18:17:43,571 - utils.logger - INFO - Cur epoch 70 loss ccc:0.1018
2021-06-19 18:17:43,967 - utils.logger - INFO - Cur epoch 70 loss ccc:0.1112
2021-06-19 18:17:44,286 - utils.logger - INFO - Cur epoch 70 loss ccc:1.0760
2021-06-19 18:17:44,286 - utils.logger - INFO - saving the model at the end of epoch 70, iters 420
2021-06-19 18:17:44,509 - utils.logger - INFO - End of training epoch 70 / 70 	 Time Taken: 1 sec, Data loading: 0 sec
2021-06-19 18:17:44,509 - utils.logger - INFO - learning rate = 0.0000000
2021-06-19 18:17:44,879 - utils.logger - INFO - Trn result of epoch 70 / 70 mse 0.1551 rmse 0.3938 pcc 0.0340 ccc 0.0105
2021-06-19 18:17:45,009 - utils.logger - INFO - Val result of epoch 70 / 70 mse 0.1860 rmse 0.4313 pcc 0.1560 ccc 0.0442
2021-06-19 18:17:45,009 - utils.logger - INFO - Best eval epoch 33 found with ccc 0.088089
2021-06-19 18:17:45,009 - utils.logger - INFO - baseline_fcfusion_wonorm_vggish-egemaps_EDA_hidden1024_seq100_lr0.0005_cccloss_run2
