2021-06-19 21:36:51,839 - utils.logger - INFO - The number of training samples = 41
2021-06-19 21:36:54,606 - utils.logger - INFO - Cur epoch 1 loss ccc:0.1219
2021-06-19 21:36:55,203 - utils.logger - INFO - Cur epoch 1 loss ccc:0.1273
2021-06-19 21:36:55,706 - utils.logger - INFO - Cur epoch 1 loss ccc:0.9990
2021-06-19 21:36:55,706 - utils.logger - INFO - saving the model at the end of epoch 1, iters 6
2021-06-19 21:36:55,970 - utils.logger - INFO - End of training epoch 1 / 70 	 Time Taken: 2 sec, Data loading: 0 sec
2021-06-19 21:36:55,970 - utils.logger - INFO - learning rate = 0.0000500
2021-06-19 21:36:56,772 - utils.logger - INFO - Trn result of epoch 1 / 70 mse 0.0463 rmse 0.2151 pcc 0.4218 ccc 0.0579
2021-06-19 21:36:57,045 - utils.logger - INFO - Val result of epoch 1 / 70 mse 0.0371 rmse 0.1925 pcc 0.4424 ccc 0.0852
2021-06-19 21:36:57,623 - utils.logger - INFO - Cur epoch 2 loss ccc:0.1250
2021-06-19 21:36:58,219 - utils.logger - INFO - Cur epoch 2 loss ccc:0.0888
2021-06-19 21:36:58,695 - utils.logger - INFO - Cur epoch 2 loss ccc:0.9868
2021-06-19 21:36:58,696 - utils.logger - INFO - saving the model at the end of epoch 2, iters 12
2021-06-19 21:36:58,970 - utils.logger - INFO - End of training epoch 2 / 70 	 Time Taken: 1 sec, Data loading: 0 sec
2021-06-19 21:36:58,971 - utils.logger - INFO - learning rate = 0.0000500
2021-06-19 21:36:59,761 - utils.logger - INFO - Trn result of epoch 2 / 70 mse 0.0461 rmse 0.2148 pcc 0.4206 ccc 0.0629
2021-06-19 21:37:00,038 - utils.logger - INFO - Val result of epoch 2 / 70 mse 0.0370 rmse 0.1923 pcc 0.4338 ccc 0.0910
2021-06-19 21:37:00,591 - utils.logger - INFO - Cur epoch 3 loss ccc:0.1103
2021-06-19 21:37:01,181 - utils.logger - INFO - Cur epoch 3 loss ccc:0.1174
2021-06-19 21:37:01,618 - utils.logger - INFO - Cur epoch 3 loss ccc:1.0038
2021-06-19 21:37:01,618 - utils.logger - INFO - saving the model at the end of epoch 3, iters 18
2021-06-19 21:37:01,910 - utils.logger - INFO - End of training epoch 3 / 70 	 Time Taken: 1 sec, Data loading: 0 sec
2021-06-19 21:37:01,911 - utils.logger - INFO - learning rate = 0.0000500
2021-06-19 21:37:02,775 - utils.logger - INFO - Trn result of epoch 3 / 70 mse 0.0467 rmse 0.2160 pcc 0.4319 ccc 0.0719
2021-06-19 21:37:03,050 - utils.logger - INFO - Val result of epoch 3 / 70 mse 0.0372 rmse 0.1929 pcc 0.4440 ccc 0.1036
2021-06-19 21:37:03,698 - utils.logger - INFO - Cur epoch 4 loss ccc:0.1084
2021-06-19 21:37:04,329 - utils.logger - INFO - Cur epoch 4 loss ccc:0.1078
2021-06-19 21:37:04,828 - utils.logger - INFO - Cur epoch 4 loss ccc:0.9781
2021-06-19 21:37:04,828 - utils.logger - INFO - saving the model at the end of epoch 4, iters 24
2021-06-19 21:37:05,147 - utils.logger - INFO - End of training epoch 4 / 70 	 Time Taken: 2 sec, Data loading: 0 sec
2021-06-19 21:37:05,147 - utils.logger - INFO - learning rate = 0.0000500
2021-06-19 21:37:06,013 - utils.logger - INFO - Trn result of epoch 4 / 70 mse 0.0473 rmse 0.2176 pcc 0.4442 ccc 0.0747
2021-06-19 21:37:06,398 - utils.logger - INFO - Val result of epoch 4 / 70 mse 0.0375 rmse 0.1937 pcc 0.4715 ccc 0.1086
2021-06-19 21:37:06,959 - utils.logger - INFO - Cur epoch 5 loss ccc:0.1241
2021-06-19 21:37:07,529 - utils.logger - INFO - Cur epoch 5 loss ccc:0.1166
2021-06-19 21:37:07,986 - utils.logger - INFO - Cur epoch 5 loss ccc:1.0000
2021-06-19 21:37:07,987 - utils.logger - INFO - saving the model at the end of epoch 5, iters 30
2021-06-19 21:37:08,379 - utils.logger - INFO - End of training epoch 5 / 70 	 Time Taken: 1 sec, Data loading: 0 sec
2021-06-19 21:37:08,380 - utils.logger - INFO - learning rate = 0.0000500
2021-06-19 21:37:09,141 - utils.logger - INFO - Trn result of epoch 5 / 70 mse 0.0549 rmse 0.2343 pcc 0.4232 ccc 0.0538
2021-06-19 21:37:09,416 - utils.logger - INFO - Val result of epoch 5 / 70 mse 0.0433 rmse 0.2082 pcc 0.4673 ccc 0.0790
2021-06-19 21:37:09,978 - utils.logger - INFO - Cur epoch 6 loss ccc:0.1194
2021-06-19 21:37:10,548 - utils.logger - INFO - Cur epoch 6 loss ccc:0.1014
2021-06-19 21:37:10,968 - utils.logger - INFO - Cur epoch 6 loss ccc:1.0002
2021-06-19 21:37:10,969 - utils.logger - INFO - saving the model at the end of epoch 6, iters 36
2021-06-19 21:37:11,293 - utils.logger - INFO - End of training epoch 6 / 70 	 Time Taken: 1 sec, Data loading: 0 sec
2021-06-19 21:37:11,293 - utils.logger - INFO - learning rate = 0.0000500
2021-06-19 21:37:12,098 - utils.logger - INFO - Trn result of epoch 6 / 70 mse 0.0536 rmse 0.2315 pcc 0.4379 ccc 0.0808
2021-06-19 21:37:12,368 - utils.logger - INFO - Val result of epoch 6 / 70 mse 0.0423 rmse 0.2056 pcc 0.4582 ccc 0.1160
2021-06-19 21:37:12,950 - utils.logger - INFO - Cur epoch 7 loss ccc:0.1326
2021-06-19 21:37:13,531 - utils.logger - INFO - Cur epoch 7 loss ccc:0.1155
2021-06-19 21:37:13,956 - utils.logger - INFO - Cur epoch 7 loss ccc:0.9975
2021-06-19 21:37:13,957 - utils.logger - INFO - saving the model at the end of epoch 7, iters 42
2021-06-19 21:37:14,244 - utils.logger - INFO - End of training epoch 7 / 70 	 Time Taken: 1 sec, Data loading: 0 sec
2021-06-19 21:37:14,244 - utils.logger - INFO - learning rate = 0.0000500
2021-06-19 21:37:15,056 - utils.logger - INFO - Trn result of epoch 7 / 70 mse 0.0554 rmse 0.2353 pcc 0.4418 ccc 0.0747
2021-06-19 21:37:15,333 - utils.logger - INFO - Val result of epoch 7 / 70 mse 0.0439 rmse 0.2095 pcc 0.4519 ccc 0.1066
2021-06-19 21:37:15,895 - utils.logger - INFO - Cur epoch 8 loss ccc:0.1158
2021-06-19 21:37:16,463 - utils.logger - INFO - Cur epoch 8 loss ccc:0.1266
2021-06-19 21:37:16,908 - utils.logger - INFO - Cur epoch 8 loss ccc:1.0003
2021-06-19 21:37:16,909 - utils.logger - INFO - saving the model at the end of epoch 8, iters 48
2021-06-19 21:37:17,192 - utils.logger - INFO - End of training epoch 8 / 70 	 Time Taken: 1 sec, Data loading: 0 sec
2021-06-19 21:37:17,192 - utils.logger - INFO - learning rate = 0.0000500
2021-06-19 21:37:17,991 - utils.logger - INFO - Trn result of epoch 8 / 70 mse 0.0568 rmse 0.2383 pcc 0.4242 ccc 0.0945
2021-06-19 21:37:18,257 - utils.logger - INFO - Val result of epoch 8 / 70 mse 0.0455 rmse 0.2133 pcc 0.4238 ccc 0.1317
2021-06-19 21:37:18,801 - utils.logger - INFO - Cur epoch 9 loss ccc:0.1338
2021-06-19 21:37:19,383 - utils.logger - INFO - Cur epoch 9 loss ccc:0.1250
2021-06-19 21:37:19,820 - utils.logger - INFO - Cur epoch 9 loss ccc:0.7826
2021-06-19 21:37:19,820 - utils.logger - INFO - saving the model at the end of epoch 9, iters 54
2021-06-19 21:37:20,106 - utils.logger - INFO - End of training epoch 9 / 70 	 Time Taken: 1 sec, Data loading: 0 sec
2021-06-19 21:37:20,106 - utils.logger - INFO - learning rate = 0.0000500
2021-06-19 21:37:20,871 - utils.logger - INFO - Trn result of epoch 9 / 70 mse 0.0506 rmse 0.2249 pcc 0.4135 ccc 0.1726
2021-06-19 21:37:21,148 - utils.logger - INFO - Val result of epoch 9 / 70 mse 0.0412 rmse 0.2029 pcc 0.4171 ccc 0.2321
2021-06-19 21:37:21,703 - utils.logger - INFO - Cur epoch 10 loss ccc:0.1394
2021-06-19 21:37:22,271 - utils.logger - INFO - Cur epoch 10 loss ccc:0.1000
2021-06-19 21:37:22,674 - utils.logger - INFO - Cur epoch 10 loss ccc:1.0029
2021-06-19 21:37:22,674 - utils.logger - INFO - saving the model at the end of epoch 10, iters 60
2021-06-19 21:37:22,992 - utils.logger - INFO - End of training epoch 10 / 70 	 Time Taken: 1 sec, Data loading: 0 sec
2021-06-19 21:37:22,992 - utils.logger - INFO - learning rate = 0.0000500
2021-06-19 21:37:23,767 - utils.logger - INFO - Trn result of epoch 10 / 70 mse 0.0493 rmse 0.2221 pcc 0.4222 ccc 0.1592
2021-06-19 21:37:24,020 - utils.logger - INFO - Val result of epoch 10 / 70 mse 0.0393 rmse 0.1982 pcc 0.4295 ccc 0.2171
2021-06-19 21:37:24,582 - utils.logger - INFO - Cur epoch 11 loss ccc:0.1145
2021-06-19 21:37:25,131 - utils.logger - INFO - Cur epoch 11 loss ccc:0.1388
2021-06-19 21:37:25,573 - utils.logger - INFO - Cur epoch 11 loss ccc:1.0239
2021-06-19 21:37:25,573 - utils.logger - INFO - saving the model at the end of epoch 11, iters 66
2021-06-19 21:37:25,866 - utils.logger - INFO - End of training epoch 11 / 70 	 Time Taken: 1 sec, Data loading: 0 sec
2021-06-19 21:37:25,867 - utils.logger - INFO - learning rate = 0.0000500
2021-06-19 21:37:26,646 - utils.logger - INFO - Trn result of epoch 11 / 70 mse 0.0513 rmse 0.2265 pcc 0.4197 ccc 0.1480
2021-06-19 21:37:26,924 - utils.logger - INFO - Val result of epoch 11 / 70 mse 0.0410 rmse 0.2026 pcc 0.4254 ccc 0.2014
2021-06-19 21:37:27,502 - utils.logger - INFO - Cur epoch 12 loss ccc:0.1376
2021-06-19 21:37:28,067 - utils.logger - INFO - Cur epoch 12 loss ccc:0.1024
2021-06-19 21:37:28,486 - utils.logger - INFO - Cur epoch 12 loss ccc:1.0000
2021-06-19 21:37:28,486 - utils.logger - INFO - saving the model at the end of epoch 12, iters 72
2021-06-19 21:37:28,785 - utils.logger - INFO - End of training epoch 12 / 70 	 Time Taken: 1 sec, Data loading: 0 sec
2021-06-19 21:37:28,786 - utils.logger - INFO - learning rate = 0.0000500
2021-06-19 21:37:29,609 - utils.logger - INFO - Trn result of epoch 12 / 70 mse 0.0516 rmse 0.2271 pcc 0.4208 ccc 0.1569
2021-06-19 21:37:29,885 - utils.logger - INFO - Val result of epoch 12 / 70 mse 0.0413 rmse 0.2032 pcc 0.4269 ccc 0.2133
2021-06-19 21:37:30,451 - utils.logger - INFO - Cur epoch 13 loss ccc:0.1266
2021-06-19 21:37:31,037 - utils.logger - INFO - Cur epoch 13 loss ccc:0.1190
2021-06-19 21:37:31,442 - utils.logger - INFO - Cur epoch 13 loss ccc:1.0256
2021-06-19 21:37:31,442 - utils.logger - INFO - saving the model at the end of epoch 13, iters 78
2021-06-19 21:37:31,805 - utils.logger - INFO - End of training epoch 13 / 70 	 Time Taken: 1 sec, Data loading: 0 sec
2021-06-19 21:37:31,806 - utils.logger - INFO - learning rate = 0.0000500
2021-06-19 21:37:32,587 - utils.logger - INFO - Trn result of epoch 13 / 70 mse 0.0592 rmse 0.2432 pcc 0.4284 ccc 0.1398
2021-06-19 21:37:32,856 - utils.logger - INFO - Val result of epoch 13 / 70 mse 0.0475 rmse 0.2180 pcc 0.4391 ccc 0.1913
2021-06-19 21:37:33,404 - utils.logger - INFO - Cur epoch 14 loss ccc:0.1226
2021-06-19 21:37:33,974 - utils.logger - INFO - Cur epoch 14 loss ccc:0.1273
2021-06-19 21:37:34,397 - utils.logger - INFO - Cur epoch 14 loss ccc:1.0033
2021-06-19 21:37:34,397 - utils.logger - INFO - saving the model at the end of epoch 14, iters 84
2021-06-19 21:37:34,676 - utils.logger - INFO - End of training epoch 14 / 70 	 Time Taken: 1 sec, Data loading: 0 sec
2021-06-19 21:37:34,676 - utils.logger - INFO - learning rate = 0.0000500
2021-06-19 21:37:35,464 - utils.logger - INFO - Trn result of epoch 14 / 70 mse 0.0610 rmse 0.2470 pcc 0.4274 ccc 0.1452
2021-06-19 21:37:35,724 - utils.logger - INFO - Val result of epoch 14 / 70 mse 0.0488 rmse 0.2208 pcc 0.4496 ccc 0.2015
2021-06-19 21:37:36,262 - utils.logger - INFO - Cur epoch 15 loss ccc:0.1109
2021-06-19 21:37:36,818 - utils.logger - INFO - Cur epoch 15 loss ccc:0.1237
2021-06-19 21:37:37,236 - utils.logger - INFO - Cur epoch 15 loss ccc:1.0000
2021-06-19 21:37:37,236 - utils.logger - INFO - saving the model at the end of epoch 15, iters 90
2021-06-19 21:37:37,537 - utils.logger - INFO - End of training epoch 15 / 70 	 Time Taken: 1 sec, Data loading: 0 sec
2021-06-19 21:37:37,538 - utils.logger - INFO - learning rate = 0.0000500
2021-06-19 21:37:38,329 - utils.logger - INFO - Trn result of epoch 15 / 70 mse 0.0624 rmse 0.2499 pcc 0.4277 ccc 0.1452
2021-06-19 21:37:38,594 - utils.logger - INFO - Val result of epoch 15 / 70 mse 0.0500 rmse 0.2237 pcc 0.4493 ccc 0.2011
2021-06-19 21:37:39,157 - utils.logger - INFO - Cur epoch 16 loss ccc:0.1246
2021-06-19 21:37:39,706 - utils.logger - INFO - Cur epoch 16 loss ccc:0.1204
2021-06-19 21:37:40,117 - utils.logger - INFO - Cur epoch 16 loss ccc:1.0002
2021-06-19 21:37:40,118 - utils.logger - INFO - saving the model at the end of epoch 16, iters 96
2021-06-19 21:37:40,476 - utils.logger - INFO - End of training epoch 16 / 70 	 Time Taken: 1 sec, Data loading: 0 sec
2021-06-19 21:37:40,476 - utils.logger - INFO - learning rate = 0.0000500
2021-06-19 21:37:41,227 - utils.logger - INFO - Trn result of epoch 16 / 70 mse 0.0678 rmse 0.2605 pcc 0.4236 ccc 0.1347
2021-06-19 21:37:41,507 - utils.logger - INFO - Val result of epoch 16 / 70 mse 0.0544 rmse 0.2332 pcc 0.4562 ccc 0.1887
2021-06-19 21:37:42,082 - utils.logger - INFO - Cur epoch 17 loss ccc:0.1235
2021-06-19 21:37:42,620 - utils.logger - INFO - Cur epoch 17 loss ccc:0.1171
2021-06-19 21:37:43,025 - utils.logger - INFO - Cur epoch 17 loss ccc:0.9979
2021-06-19 21:37:43,025 - utils.logger - INFO - saving the model at the end of epoch 17, iters 102
2021-06-19 21:37:43,333 - utils.logger - INFO - End of training epoch 17 / 70 	 Time Taken: 1 sec, Data loading: 0 sec
2021-06-19 21:37:43,334 - utils.logger - INFO - learning rate = 0.0000500
2021-06-19 21:37:44,130 - utils.logger - INFO - Trn result of epoch 17 / 70 mse 0.0550 rmse 0.2345 pcc 0.4353 ccc 0.1481
2021-06-19 21:37:44,412 - utils.logger - INFO - Val result of epoch 17 / 70 mse 0.0435 rmse 0.2085 pcc 0.4591 ccc 0.2056
2021-06-19 21:37:44,979 - utils.logger - INFO - Cur epoch 18 loss ccc:0.1013
2021-06-19 21:37:45,552 - utils.logger - INFO - Cur epoch 18 loss ccc:0.1254
2021-06-19 21:37:45,980 - utils.logger - INFO - Cur epoch 18 loss ccc:0.9948
2021-06-19 21:37:45,980 - utils.logger - INFO - saving the model at the end of epoch 18, iters 108
2021-06-19 21:37:46,383 - utils.logger - INFO - End of training epoch 18 / 70 	 Time Taken: 1 sec, Data loading: 0 sec
2021-06-19 21:37:46,383 - utils.logger - INFO - learning rate = 0.0000500
2021-06-19 21:37:47,192 - utils.logger - INFO - Trn result of epoch 18 / 70 mse 0.0523 rmse 0.2287 pcc 0.4346 ccc 0.1625
2021-06-19 21:37:47,482 - utils.logger - INFO - Val result of epoch 18 / 70 mse 0.0414 rmse 0.2034 pcc 0.4560 ccc 0.2250
2021-06-19 21:37:48,037 - utils.logger - INFO - Cur epoch 19 loss ccc:0.1365
2021-06-19 21:37:48,625 - utils.logger - INFO - Cur epoch 19 loss ccc:0.1205
2021-06-19 21:37:49,093 - utils.logger - INFO - Cur epoch 19 loss ccc:0.9985
2021-06-19 21:37:49,093 - utils.logger - INFO - saving the model at the end of epoch 19, iters 114
2021-06-19 21:37:49,380 - utils.logger - INFO - End of training epoch 19 / 70 	 Time Taken: 1 sec, Data loading: 0 sec
2021-06-19 21:37:49,380 - utils.logger - INFO - learning rate = 0.0000500
2021-06-19 21:37:50,280 - utils.logger - INFO - Trn result of epoch 19 / 70 mse 0.0502 rmse 0.2240 pcc 0.4211 ccc 0.2000
2021-06-19 21:37:50,657 - utils.logger - INFO - Val result of epoch 19 / 70 mse 0.0406 rmse 0.2015 pcc 0.4363 ccc 0.2684
2021-06-19 21:37:51,222 - utils.logger - INFO - Cur epoch 20 loss ccc:0.1228
2021-06-19 21:37:51,775 - utils.logger - INFO - Cur epoch 20 loss ccc:0.1173
2021-06-19 21:37:52,195 - utils.logger - INFO - Cur epoch 20 loss ccc:1.0006
2021-06-19 21:37:52,195 - utils.logger - INFO - saving the model at the end of epoch 20, iters 120
2021-06-19 21:37:52,558 - utils.logger - INFO - End of training epoch 20 / 70 	 Time Taken: 1 sec, Data loading: 0 sec
2021-06-19 21:37:52,558 - utils.logger - INFO - learning rate = 0.0000500
2021-06-19 21:37:53,309 - utils.logger - INFO - Trn result of epoch 20 / 70 mse 0.0447 rmse 0.2113 pcc 0.4207 ccc 0.2413
2021-06-19 21:37:53,570 - utils.logger - INFO - Val result of epoch 20 / 70 mse 0.0366 rmse 0.1912 pcc 0.4345 ccc 0.3152
2021-06-19 21:37:54,113 - utils.logger - INFO - Cur epoch 21 loss ccc:0.1074
2021-06-19 21:37:54,674 - utils.logger - INFO - Cur epoch 21 loss ccc:0.1250
2021-06-19 21:37:55,090 - utils.logger - INFO - Cur epoch 21 loss ccc:0.9718
2021-06-19 21:37:55,091 - utils.logger - INFO - saving the model at the end of epoch 21, iters 126
2021-06-19 21:37:55,361 - utils.logger - INFO - End of training epoch 21 / 70 	 Time Taken: 1 sec, Data loading: 0 sec
2021-06-19 21:37:55,362 - utils.logger - INFO - learning rate = 0.0000500
2021-06-19 21:37:56,172 - utils.logger - INFO - Trn result of epoch 21 / 70 mse 0.0431 rmse 0.2076 pcc 0.4226 ccc 0.2572
2021-06-19 21:37:56,439 - utils.logger - INFO - Val result of epoch 21 / 70 mse 0.0354 rmse 0.1882 pcc 0.4368 ccc 0.3331
2021-06-19 21:37:56,995 - utils.logger - INFO - Cur epoch 22 loss ccc:0.1263
2021-06-19 21:37:57,601 - utils.logger - INFO - Cur epoch 22 loss ccc:0.1268
2021-06-19 21:37:58,064 - utils.logger - INFO - Cur epoch 22 loss ccc:1.0012
2021-06-19 21:37:58,065 - utils.logger - INFO - saving the model at the end of epoch 22, iters 132
2021-06-19 21:37:58,354 - utils.logger - INFO - End of training epoch 22 / 70 	 Time Taken: 1 sec, Data loading: 0 sec
2021-06-19 21:37:58,354 - utils.logger - INFO - learning rate = 0.0000500
2021-06-19 21:37:59,132 - utils.logger - INFO - Trn result of epoch 22 / 70 mse 0.0441 rmse 0.2100 pcc 0.4276 ccc 0.2617
2021-06-19 21:37:59,406 - utils.logger - INFO - Val result of epoch 22 / 70 mse 0.0365 rmse 0.1911 pcc 0.4409 ccc 0.3369
2021-06-19 21:37:59,968 - utils.logger - INFO - Cur epoch 23 loss ccc:0.1290
2021-06-19 21:38:00,521 - utils.logger - INFO - Cur epoch 23 loss ccc:0.1064
2021-06-19 21:38:00,963 - utils.logger - INFO - Cur epoch 23 loss ccc:1.0000
2021-06-19 21:38:00,963 - utils.logger - INFO - saving the model at the end of epoch 23, iters 138
2021-06-19 21:38:01,280 - utils.logger - INFO - End of training epoch 23 / 70 	 Time Taken: 1 sec, Data loading: 0 sec
2021-06-19 21:38:01,280 - utils.logger - INFO - learning rate = 0.0000500
2021-06-19 21:38:02,051 - utils.logger - INFO - Trn result of epoch 23 / 70 mse 0.0445 rmse 0.2110 pcc 0.4249 ccc 0.2604
2021-06-19 21:38:02,323 - utils.logger - INFO - Val result of epoch 23 / 70 mse 0.0367 rmse 0.1915 pcc 0.4430 ccc 0.3392
2021-06-19 21:38:02,882 - utils.logger - INFO - Cur epoch 24 loss ccc:0.1283
2021-06-19 21:38:03,446 - utils.logger - INFO - Cur epoch 24 loss ccc:0.1177
2021-06-19 21:38:03,906 - utils.logger - INFO - Cur epoch 24 loss ccc:0.9994
2021-06-19 21:38:03,906 - utils.logger - INFO - saving the model at the end of epoch 24, iters 144
2021-06-19 21:38:04,243 - utils.logger - INFO - End of training epoch 24 / 70 	 Time Taken: 1 sec, Data loading: 0 sec
2021-06-19 21:38:04,243 - utils.logger - INFO - learning rate = 0.0000500
2021-06-19 21:38:05,025 - utils.logger - INFO - Trn result of epoch 24 / 70 mse 0.0425 rmse 0.2062 pcc 0.4270 ccc 0.2812
2021-06-19 21:38:05,295 - utils.logger - INFO - Val result of epoch 24 / 70 mse 0.0353 rmse 0.1878 pcc 0.4465 ccc 0.3616
2021-06-19 21:38:05,877 - utils.logger - INFO - Cur epoch 25 loss ccc:0.1237
2021-06-19 21:38:06,448 - utils.logger - INFO - Cur epoch 25 loss ccc:0.1223
2021-06-19 21:38:06,884 - utils.logger - INFO - Cur epoch 25 loss ccc:0.9973
2021-06-19 21:38:06,884 - utils.logger - INFO - saving the model at the end of epoch 25, iters 150
2021-06-19 21:38:07,169 - utils.logger - INFO - End of training epoch 25 / 70 	 Time Taken: 1 sec, Data loading: 0 sec
2021-06-19 21:38:07,169 - utils.logger - INFO - learning rate = 0.0000500
2021-06-19 21:38:07,968 - utils.logger - INFO - Trn result of epoch 25 / 70 mse 0.0464 rmse 0.2155 pcc 0.4270 ccc 0.2917
2021-06-19 21:38:08,237 - utils.logger - INFO - Val result of epoch 25 / 70 mse 0.0401 rmse 0.2003 pcc 0.4429 ccc 0.3631
2021-06-19 21:38:08,801 - utils.logger - INFO - Cur epoch 26 loss ccc:0.1172
2021-06-19 21:38:09,377 - utils.logger - INFO - Cur epoch 26 loss ccc:0.1143
2021-06-19 21:38:09,807 - utils.logger - INFO - Cur epoch 26 loss ccc:0.9740
2021-06-19 21:38:09,807 - utils.logger - INFO - saving the model at the end of epoch 26, iters 156
2021-06-19 21:38:10,089 - utils.logger - INFO - End of training epoch 26 / 70 	 Time Taken: 1 sec, Data loading: 0 sec
2021-06-19 21:38:10,089 - utils.logger - INFO - learning rate = 0.0000500
2021-06-19 21:38:10,945 - utils.logger - INFO - Trn result of epoch 26 / 70 mse 0.0430 rmse 0.2074 pcc 0.4275 ccc 0.3055
2021-06-19 21:38:11,317 - utils.logger - INFO - Val result of epoch 26 / 70 mse 0.0373 rmse 0.1932 pcc 0.4393 ccc 0.3757
2021-06-19 21:38:11,858 - utils.logger - INFO - Cur epoch 27 loss ccc:0.1141
2021-06-19 21:38:12,405 - utils.logger - INFO - Cur epoch 27 loss ccc:0.1301
2021-06-19 21:38:12,839 - utils.logger - INFO - Cur epoch 27 loss ccc:1.3082
2021-06-19 21:38:12,839 - utils.logger - INFO - saving the model at the end of epoch 27, iters 162
2021-06-19 21:38:13,118 - utils.logger - INFO - End of training epoch 27 / 70 	 Time Taken: 1 sec, Data loading: 0 sec
2021-06-19 21:38:13,119 - utils.logger - INFO - learning rate = 0.0000500
2021-06-19 21:38:13,870 - utils.logger - INFO - Trn result of epoch 27 / 70 mse 0.0466 rmse 0.2159 pcc 0.4360 ccc 0.2814
2021-06-19 21:38:14,126 - utils.logger - INFO - Val result of epoch 27 / 70 mse 0.0393 rmse 0.1983 pcc 0.4484 ccc 0.3534
2021-06-19 21:38:14,673 - utils.logger - INFO - Cur epoch 28 loss ccc:0.1229
2021-06-19 21:38:15,238 - utils.logger - INFO - Cur epoch 28 loss ccc:0.1293
2021-06-19 21:38:15,645 - utils.logger - INFO - Cur epoch 28 loss ccc:1.0009
2021-06-19 21:38:15,645 - utils.logger - INFO - saving the model at the end of epoch 28, iters 168
2021-06-19 21:38:16,022 - utils.logger - INFO - End of training epoch 28 / 70 	 Time Taken: 1 sec, Data loading: 0 sec
2021-06-19 21:38:16,022 - utils.logger - INFO - learning rate = 0.0000500
2021-06-19 21:38:16,828 - utils.logger - INFO - Trn result of epoch 28 / 70 mse 0.0476 rmse 0.2181 pcc 0.4413 ccc 0.2425
2021-06-19 21:38:17,092 - utils.logger - INFO - Val result of epoch 28 / 70 mse 0.0387 rmse 0.1968 pcc 0.4561 ccc 0.3149
2021-06-19 21:38:17,652 - utils.logger - INFO - Cur epoch 29 loss ccc:0.1058
2021-06-19 21:38:18,225 - utils.logger - INFO - Cur epoch 29 loss ccc:0.1248
2021-06-19 21:38:18,675 - utils.logger - INFO - Cur epoch 29 loss ccc:1.0000
2021-06-19 21:38:18,675 - utils.logger - INFO - saving the model at the end of epoch 29, iters 174
2021-06-19 21:38:18,937 - utils.logger - INFO - End of training epoch 29 / 70 	 Time Taken: 1 sec, Data loading: 0 sec
2021-06-19 21:38:18,937 - utils.logger - INFO - learning rate = 0.0000500
2021-06-19 21:38:19,726 - utils.logger - INFO - Trn result of epoch 29 / 70 mse 0.0484 rmse 0.2199 pcc 0.4385 ccc 0.2472
2021-06-19 21:38:20,004 - utils.logger - INFO - Val result of epoch 29 / 70 mse 0.0394 rmse 0.1985 pcc 0.4537 ccc 0.3202
2021-06-19 21:38:20,558 - utils.logger - INFO - Cur epoch 30 loss ccc:0.1253
2021-06-19 21:38:21,152 - utils.logger - INFO - Cur epoch 30 loss ccc:0.1300
2021-06-19 21:38:21,580 - utils.logger - INFO - Cur epoch 30 loss ccc:1.0682
2021-06-19 21:38:21,580 - utils.logger - INFO - saving the model at the end of epoch 30, iters 180
2021-06-19 21:38:21,949 - utils.logger - INFO - End of training epoch 30 / 70 	 Time Taken: 1 sec, Data loading: 0 sec
2021-06-19 21:38:21,949 - utils.logger - INFO - learning rate = 0.0000488
2021-06-19 21:38:22,768 - utils.logger - INFO - Trn result of epoch 30 / 70 mse 0.0507 rmse 0.2252 pcc 0.4140 ccc 0.1818
2021-06-19 21:38:23,036 - utils.logger - INFO - Val result of epoch 30 / 70 mse 0.0379 rmse 0.1948 pcc 0.4769 ccc 0.2555
2021-06-19 21:38:23,596 - utils.logger - INFO - Cur epoch 31 loss ccc:0.1177
2021-06-19 21:38:24,188 - utils.logger - INFO - Cur epoch 31 loss ccc:0.1169
2021-06-19 21:38:24,605 - utils.logger - INFO - Cur epoch 31 loss ccc:1.0091
2021-06-19 21:38:24,605 - utils.logger - INFO - saving the model at the end of epoch 31, iters 186
2021-06-19 21:38:24,929 - utils.logger - INFO - End of training epoch 31 / 70 	 Time Taken: 1 sec, Data loading: 0 sec
2021-06-19 21:38:24,930 - utils.logger - INFO - learning rate = 0.0000476
2021-06-19 21:38:25,799 - utils.logger - INFO - Trn result of epoch 31 / 70 mse 0.0458 rmse 0.2141 pcc 0.4231 ccc 0.2540
2021-06-19 21:38:26,080 - utils.logger - INFO - Val result of epoch 31 / 70 mse 0.0357 rmse 0.1888 pcc 0.4673 ccc 0.3410
2021-06-19 21:38:26,641 - utils.logger - INFO - Cur epoch 32 loss ccc:0.1250
2021-06-19 21:38:27,198 - utils.logger - INFO - Cur epoch 32 loss ccc:0.1227
2021-06-19 21:38:27,673 - utils.logger - INFO - Cur epoch 32 loss ccc:0.9986
2021-06-19 21:38:27,673 - utils.logger - INFO - saving the model at the end of epoch 32, iters 192
2021-06-19 21:38:28,014 - utils.logger - INFO - End of training epoch 32 / 70 	 Time Taken: 1 sec, Data loading: 0 sec
2021-06-19 21:38:28,122 - utils.logger - INFO - learning rate = 0.0000463
2021-06-19 21:38:28,948 - utils.logger - INFO - Trn result of epoch 32 / 70 mse 0.0436 rmse 0.2089 pcc 0.4256 ccc 0.2782
2021-06-19 21:38:29,232 - utils.logger - INFO - Val result of epoch 32 / 70 mse 0.0345 rmse 0.1856 pcc 0.4646 ccc 0.3645
2021-06-19 21:38:29,817 - utils.logger - INFO - Cur epoch 33 loss ccc:0.1215
2021-06-19 21:38:30,361 - utils.logger - INFO - Cur epoch 33 loss ccc:0.1140
2021-06-19 21:38:30,791 - utils.logger - INFO - Cur epoch 33 loss ccc:0.9979
2021-06-19 21:38:30,791 - utils.logger - INFO - saving the model at the end of epoch 33, iters 198
2021-06-19 21:38:31,170 - utils.logger - INFO - End of training epoch 33 / 70 	 Time Taken: 1 sec, Data loading: 0 sec
2021-06-19 21:38:31,171 - utils.logger - INFO - learning rate = 0.0000451
2021-06-19 21:38:31,957 - utils.logger - INFO - Trn result of epoch 33 / 70 mse 0.0434 rmse 0.2082 pcc 0.4283 ccc 0.2910
2021-06-19 21:38:32,245 - utils.logger - INFO - Val result of epoch 33 / 70 mse 0.0348 rmse 0.1865 pcc 0.4646 ccc 0.3763
2021-06-19 21:38:32,822 - utils.logger - INFO - Cur epoch 34 loss ccc:0.1120
2021-06-19 21:38:33,377 - utils.logger - INFO - Cur epoch 34 loss ccc:0.1067
2021-06-19 21:38:33,791 - utils.logger - INFO - Cur epoch 34 loss ccc:1.0816
2021-06-19 21:38:33,791 - utils.logger - INFO - saving the model at the end of epoch 34, iters 204
2021-06-19 21:38:34,084 - utils.logger - INFO - End of training epoch 34 / 70 	 Time Taken: 1 sec, Data loading: 0 sec
2021-06-19 21:38:34,084 - utils.logger - INFO - learning rate = 0.0000439
2021-06-19 21:38:34,908 - utils.logger - INFO - Trn result of epoch 34 / 70 mse 0.0472 rmse 0.2173 pcc 0.4270 ccc 0.2931
2021-06-19 21:38:35,166 - utils.logger - INFO - Val result of epoch 34 / 70 mse 0.0390 rmse 0.1975 pcc 0.4590 ccc 0.3738
2021-06-19 21:38:35,726 - utils.logger - INFO - Cur epoch 35 loss ccc:0.1213
2021-06-19 21:38:36,270 - utils.logger - INFO - Cur epoch 35 loss ccc:0.1177
2021-06-19 21:38:36,687 - utils.logger - INFO - Cur epoch 35 loss ccc:0.9563
2021-06-19 21:38:36,687 - utils.logger - INFO - saving the model at the end of epoch 35, iters 210
2021-06-19 21:38:36,985 - utils.logger - INFO - End of training epoch 35 / 70 	 Time Taken: 1 sec, Data loading: 0 sec
2021-06-19 21:38:36,985 - utils.logger - INFO - learning rate = 0.0000427
2021-06-19 21:38:37,766 - utils.logger - INFO - Trn result of epoch 35 / 70 mse 0.0562 rmse 0.2370 pcc 0.4183 ccc 0.2773
2021-06-19 21:38:38,029 - utils.logger - INFO - Val result of epoch 35 / 70 mse 0.0478 rmse 0.2187 pcc 0.4504 ccc 0.3505
2021-06-19 21:38:38,595 - utils.logger - INFO - Cur epoch 36 loss ccc:0.1101
2021-06-19 21:38:39,158 - utils.logger - INFO - Cur epoch 36 loss ccc:0.1219
2021-06-19 21:38:39,582 - utils.logger - INFO - Cur epoch 36 loss ccc:1.0100
2021-06-19 21:38:39,582 - utils.logger - INFO - saving the model at the end of epoch 36, iters 216
2021-06-19 21:38:39,874 - utils.logger - INFO - End of training epoch 36 / 70 	 Time Taken: 1 sec, Data loading: 0 sec
2021-06-19 21:38:39,875 - utils.logger - INFO - learning rate = 0.0000415
2021-06-19 21:38:40,724 - utils.logger - INFO - Trn result of epoch 36 / 70 mse 0.0437 rmse 0.2091 pcc 0.4248 ccc 0.3266
2021-06-19 21:38:41,000 - utils.logger - INFO - Val result of epoch 36 / 70 mse 0.0377 rmse 0.1940 pcc 0.4515 ccc 0.4010
2021-06-19 21:38:41,556 - utils.logger - INFO - Cur epoch 37 loss ccc:0.1232
2021-06-19 21:38:42,118 - utils.logger - INFO - Cur epoch 37 loss ccc:0.1090
2021-06-19 21:38:42,524 - utils.logger - INFO - Cur epoch 37 loss ccc:1.0340
2021-06-19 21:38:42,524 - utils.logger - INFO - saving the model at the end of epoch 37, iters 222
2021-06-19 21:38:42,799 - utils.logger - INFO - End of training epoch 37 / 70 	 Time Taken: 1 sec, Data loading: 0 sec
2021-06-19 21:38:42,799 - utils.logger - INFO - learning rate = 0.0000402
2021-06-19 21:38:43,578 - utils.logger - INFO - Trn result of epoch 37 / 70 mse 0.0402 rmse 0.2004 pcc 0.4270 ccc 0.3416
2021-06-19 21:38:43,841 - utils.logger - INFO - Val result of epoch 37 / 70 mse 0.0348 rmse 0.1865 pcc 0.4502 ccc 0.4139
2021-06-19 21:38:44,393 - utils.logger - INFO - Cur epoch 38 loss ccc:0.1117
2021-06-19 21:38:44,935 - utils.logger - INFO - Cur epoch 38 loss ccc:0.1066
2021-06-19 21:38:45,366 - utils.logger - INFO - Cur epoch 38 loss ccc:0.6640
2021-06-19 21:38:45,367 - utils.logger - INFO - saving the model at the end of epoch 38, iters 228
2021-06-19 21:38:45,650 - utils.logger - INFO - End of training epoch 38 / 70 	 Time Taken: 1 sec, Data loading: 0 sec
2021-06-19 21:38:45,650 - utils.logger - INFO - learning rate = 0.0000390
2021-06-19 21:38:46,443 - utils.logger - INFO - Trn result of epoch 38 / 70 mse 0.0452 rmse 0.2127 pcc 0.4274 ccc 0.3433
2021-06-19 21:38:46,714 - utils.logger - INFO - Val result of epoch 38 / 70 mse 0.0402 rmse 0.2006 pcc 0.4508 ccc 0.4089
2021-06-19 21:38:47,274 - utils.logger - INFO - Cur epoch 39 loss ccc:0.1126
2021-06-19 21:38:47,842 - utils.logger - INFO - Cur epoch 39 loss ccc:0.1217
2021-06-19 21:38:48,273 - utils.logger - INFO - Cur epoch 39 loss ccc:1.0000
2021-06-19 21:38:48,274 - utils.logger - INFO - saving the model at the end of epoch 39, iters 234
2021-06-19 21:38:48,582 - utils.logger - INFO - End of training epoch 39 / 70 	 Time Taken: 1 sec, Data loading: 0 sec
2021-06-19 21:38:48,582 - utils.logger - INFO - learning rate = 0.0000378
2021-06-19 21:38:49,364 - utils.logger - INFO - Trn result of epoch 39 / 70 mse 0.0472 rmse 0.2172 pcc 0.4254 ccc 0.3340
2021-06-19 21:38:49,638 - utils.logger - INFO - Val result of epoch 39 / 70 mse 0.0414 rmse 0.2035 pcc 0.4540 ccc 0.4041
2021-06-19 21:38:50,201 - utils.logger - INFO - Cur epoch 40 loss ccc:0.1250
2021-06-19 21:38:50,767 - utils.logger - INFO - Cur epoch 40 loss ccc:0.1186
2021-06-19 21:38:51,181 - utils.logger - INFO - Cur epoch 40 loss ccc:0.9961
2021-06-19 21:38:51,182 - utils.logger - INFO - saving the model at the end of epoch 40, iters 240
2021-06-19 21:38:51,470 - utils.logger - INFO - End of training epoch 40 / 70 	 Time Taken: 1 sec, Data loading: 0 sec
2021-06-19 21:38:51,470 - utils.logger - INFO - learning rate = 0.0000366
2021-06-19 21:38:52,270 - utils.logger - INFO - Trn result of epoch 40 / 70 mse 0.0439 rmse 0.2096 pcc 0.4244 ccc 0.3249
2021-06-19 21:38:52,538 - utils.logger - INFO - Val result of epoch 40 / 70 mse 0.0359 rmse 0.1895 pcc 0.4654 ccc 0.4114
2021-06-19 21:38:53,101 - utils.logger - INFO - Cur epoch 41 loss ccc:0.1268
2021-06-19 21:38:53,653 - utils.logger - INFO - Cur epoch 41 loss ccc:0.1194
2021-06-19 21:38:54,065 - utils.logger - INFO - Cur epoch 41 loss ccc:1.0194
2021-06-19 21:38:54,065 - utils.logger - INFO - saving the model at the end of epoch 41, iters 246
2021-06-19 21:38:54,344 - utils.logger - INFO - End of training epoch 41 / 70 	 Time Taken: 1 sec, Data loading: 0 sec
2021-06-19 21:38:54,344 - utils.logger - INFO - learning rate = 0.0000354
2021-06-19 21:38:55,126 - utils.logger - INFO - Trn result of epoch 41 / 70 mse 0.0486 rmse 0.2205 pcc 0.3878 ccc 0.2487
2021-06-19 21:38:55,383 - utils.logger - INFO - Val result of epoch 41 / 70 mse 0.0362 rmse 0.1902 pcc 0.4566 ccc 0.3442
2021-06-19 21:38:55,946 - utils.logger - INFO - Cur epoch 42 loss ccc:0.1337
2021-06-19 21:38:56,486 - utils.logger - INFO - Cur epoch 42 loss ccc:0.1214
2021-06-19 21:38:56,914 - utils.logger - INFO - Cur epoch 42 loss ccc:1.0020
2021-06-19 21:38:56,914 - utils.logger - INFO - saving the model at the end of epoch 42, iters 252
2021-06-19 21:38:57,207 - utils.logger - INFO - End of training epoch 42 / 70 	 Time Taken: 1 sec, Data loading: 0 sec
2021-06-19 21:38:57,207 - utils.logger - INFO - learning rate = 0.0000341
2021-06-19 21:38:58,011 - utils.logger - INFO - Trn result of epoch 42 / 70 mse 0.0470 rmse 0.2168 pcc 0.4024 ccc 0.2669
2021-06-19 21:38:58,278 - utils.logger - INFO - Val result of epoch 42 / 70 mse 0.0357 rmse 0.1891 pcc 0.4615 ccc 0.3594
2021-06-19 21:38:58,858 - utils.logger - INFO - Cur epoch 43 loss ccc:0.1177
2021-06-19 21:38:59,430 - utils.logger - INFO - Cur epoch 43 loss ccc:0.1232
2021-06-19 21:38:59,841 - utils.logger - INFO - Cur epoch 43 loss ccc:0.9843
2021-06-19 21:38:59,841 - utils.logger - INFO - saving the model at the end of epoch 43, iters 258
2021-06-19 21:39:00,119 - utils.logger - INFO - End of training epoch 43 / 70 	 Time Taken: 1 sec, Data loading: 0 sec
2021-06-19 21:39:00,119 - utils.logger - INFO - learning rate = 0.0000329
2021-06-19 21:39:00,891 - utils.logger - INFO - Trn result of epoch 43 / 70 mse 0.0479 rmse 0.2188 pcc 0.4054 ccc 0.2752
2021-06-19 21:39:01,151 - utils.logger - INFO - Val result of epoch 43 / 70 mse 0.0365 rmse 0.1909 pcc 0.4667 ccc 0.3724
2021-06-19 21:39:01,712 - utils.logger - INFO - Cur epoch 44 loss ccc:0.1207
2021-06-19 21:39:02,289 - utils.logger - INFO - Cur epoch 44 loss ccc:0.1245
2021-06-19 21:39:02,715 - utils.logger - INFO - Cur epoch 44 loss ccc:1.0051
2021-06-19 21:39:02,715 - utils.logger - INFO - saving the model at the end of epoch 44, iters 264
2021-06-19 21:39:02,994 - utils.logger - INFO - End of training epoch 44 / 70 	 Time Taken: 1 sec, Data loading: 0 sec
2021-06-19 21:39:02,994 - utils.logger - INFO - learning rate = 0.0000317
2021-06-19 21:39:03,795 - utils.logger - INFO - Trn result of epoch 44 / 70 mse 0.0444 rmse 0.2106 pcc 0.4171 ccc 0.3078
2021-06-19 21:39:04,072 - utils.logger - INFO - Val result of epoch 44 / 70 mse 0.0348 rmse 0.1866 pcc 0.4703 ccc 0.4016
2021-06-19 21:39:04,642 - utils.logger - INFO - Cur epoch 45 loss ccc:0.1108
2021-06-19 21:39:05,212 - utils.logger - INFO - Cur epoch 45 loss ccc:0.1096
2021-06-19 21:39:05,643 - utils.logger - INFO - Cur epoch 45 loss ccc:0.9943
2021-06-19 21:39:05,643 - utils.logger - INFO - saving the model at the end of epoch 45, iters 270
2021-06-19 21:39:05,931 - utils.logger - INFO - End of training epoch 45 / 70 	 Time Taken: 1 sec, Data loading: 0 sec
2021-06-19 21:39:05,932 - utils.logger - INFO - learning rate = 0.0000305
2021-06-19 21:39:06,822 - utils.logger - INFO - Trn result of epoch 45 / 70 mse 0.0472 rmse 0.2172 pcc 0.4115 ccc 0.3091
2021-06-19 21:39:07,106 - utils.logger - INFO - Val result of epoch 45 / 70 mse 0.0369 rmse 0.1921 pcc 0.4725 ccc 0.4077
2021-06-19 21:39:07,665 - utils.logger - INFO - Cur epoch 46 loss ccc:0.1167
2021-06-19 21:39:08,225 - utils.logger - INFO - Cur epoch 46 loss ccc:0.1182
2021-06-19 21:39:08,677 - utils.logger - INFO - Cur epoch 46 loss ccc:1.0345
2021-06-19 21:39:08,678 - utils.logger - INFO - saving the model at the end of epoch 46, iters 276
2021-06-19 21:39:08,963 - utils.logger - INFO - End of training epoch 46 / 70 	 Time Taken: 1 sec, Data loading: 0 sec
2021-06-19 21:39:08,963 - utils.logger - INFO - learning rate = 0.0000293
2021-06-19 21:39:09,739 - utils.logger - INFO - Trn result of epoch 46 / 70 mse 0.0381 rmse 0.1951 pcc 0.4265 ccc 0.3498
2021-06-19 21:39:10,003 - utils.logger - INFO - Val result of epoch 46 / 70 mse 0.0311 rmse 0.1764 pcc 0.4769 ccc 0.4398
2021-06-19 21:39:10,561 - utils.logger - INFO - Cur epoch 47 loss ccc:0.1200
2021-06-19 21:39:11,132 - utils.logger - INFO - Cur epoch 47 loss ccc:0.1250
2021-06-19 21:39:11,550 - utils.logger - INFO - Cur epoch 47 loss ccc:1.0063
2021-06-19 21:39:11,550 - utils.logger - INFO - saving the model at the end of epoch 47, iters 282
2021-06-19 21:39:11,826 - utils.logger - INFO - End of training epoch 47 / 70 	 Time Taken: 1 sec, Data loading: 0 sec
2021-06-19 21:39:11,826 - utils.logger - INFO - learning rate = 0.0000280
2021-06-19 21:39:12,579 - utils.logger - INFO - Trn result of epoch 47 / 70 mse 0.0380 rmse 0.1951 pcc 0.4314 ccc 0.3509
2021-06-19 21:39:12,834 - utils.logger - INFO - Val result of epoch 47 / 70 mse 0.0315 rmse 0.1776 pcc 0.4731 ccc 0.4350
2021-06-19 21:39:13,404 - utils.logger - INFO - Cur epoch 48 loss ccc:0.1089
2021-06-19 21:39:13,959 - utils.logger - INFO - Cur epoch 48 loss ccc:0.1243
2021-06-19 21:39:14,393 - utils.logger - INFO - Cur epoch 48 loss ccc:1.0137
2021-06-19 21:39:14,393 - utils.logger - INFO - saving the model at the end of epoch 48, iters 288
2021-06-19 21:39:14,677 - utils.logger - INFO - End of training epoch 48 / 70 	 Time Taken: 1 sec, Data loading: 0 sec
2021-06-19 21:39:14,677 - utils.logger - INFO - learning rate = 0.0000268
2021-06-19 21:39:15,471 - utils.logger - INFO - Trn result of epoch 48 / 70 mse 0.0361 rmse 0.1899 pcc 0.4377 ccc 0.3307
2021-06-19 21:39:15,731 - utils.logger - INFO - Val result of epoch 48 / 70 mse 0.0294 rmse 0.1715 pcc 0.4844 ccc 0.4209
2021-06-19 21:39:16,284 - utils.logger - INFO - Cur epoch 49 loss ccc:0.1246
2021-06-19 21:39:16,824 - utils.logger - INFO - Cur epoch 49 loss ccc:0.1245
2021-06-19 21:39:17,252 - utils.logger - INFO - Cur epoch 49 loss ccc:1.0004
2021-06-19 21:39:17,252 - utils.logger - INFO - saving the model at the end of epoch 49, iters 294
2021-06-19 21:39:17,540 - utils.logger - INFO - End of training epoch 49 / 70 	 Time Taken: 1 sec, Data loading: 0 sec
2021-06-19 21:39:17,540 - utils.logger - INFO - learning rate = 0.0000256
2021-06-19 21:39:18,317 - utils.logger - INFO - Trn result of epoch 49 / 70 mse 0.0430 rmse 0.2075 pcc 0.4435 ccc 0.2909
2021-06-19 21:39:18,576 - utils.logger - INFO - Val result of epoch 49 / 70 mse 0.0350 rmse 0.1871 pcc 0.4758 ccc 0.3767
2021-06-19 21:39:19,127 - utils.logger - INFO - Cur epoch 50 loss ccc:0.1242
2021-06-19 21:39:19,689 - utils.logger - INFO - Cur epoch 50 loss ccc:0.1249
2021-06-19 21:39:20,124 - utils.logger - INFO - Cur epoch 50 loss ccc:0.5974
2021-06-19 21:39:20,151 - utils.logger - INFO - saving the model at the end of epoch 50, iters 300
2021-06-19 21:39:20,424 - utils.logger - INFO - End of training epoch 50 / 70 	 Time Taken: 1 sec, Data loading: 0 sec
2021-06-19 21:39:20,424 - utils.logger - INFO - learning rate = 0.0000244
2021-06-19 21:39:21,218 - utils.logger - INFO - Trn result of epoch 50 / 70 mse 0.0487 rmse 0.2207 pcc 0.4389 ccc 0.3191
2021-06-19 21:39:21,503 - utils.logger - INFO - Val result of epoch 50 / 70 mse 0.0428 rmse 0.2070 pcc 0.4649 ccc 0.3891
2021-06-19 21:39:22,093 - utils.logger - INFO - Cur epoch 51 loss ccc:0.1326
2021-06-19 21:39:22,664 - utils.logger - INFO - Cur epoch 51 loss ccc:0.1235
2021-06-19 21:39:23,099 - utils.logger - INFO - Cur epoch 51 loss ccc:1.0028
2021-06-19 21:39:23,100 - utils.logger - INFO - saving the model at the end of epoch 51, iters 306
2021-06-19 21:39:23,379 - utils.logger - INFO - End of training epoch 51 / 70 	 Time Taken: 1 sec, Data loading: 0 sec
2021-06-19 21:39:23,379 - utils.logger - INFO - learning rate = 0.0000232
2021-06-19 21:39:24,135 - utils.logger - INFO - Trn result of epoch 51 / 70 mse 0.0540 rmse 0.2324 pcc 0.4287 ccc 0.3295
2021-06-19 21:39:24,398 - utils.logger - INFO - Val result of epoch 51 / 70 mse 0.0488 rmse 0.2208 pcc 0.4586 ccc 0.3921
2021-06-19 21:39:24,955 - utils.logger - INFO - Cur epoch 52 loss ccc:0.1079
2021-06-19 21:39:25,502 - utils.logger - INFO - Cur epoch 52 loss ccc:0.1200
2021-06-19 21:39:25,905 - utils.logger - INFO - Cur epoch 52 loss ccc:1.0062
2021-06-19 21:39:25,905 - utils.logger - INFO - saving the model at the end of epoch 52, iters 312
2021-06-19 21:39:26,180 - utils.logger - INFO - End of training epoch 52 / 70 	 Time Taken: 1 sec, Data loading: 0 sec
2021-06-19 21:39:26,181 - utils.logger - INFO - learning rate = 0.0000220
2021-06-19 21:39:26,957 - utils.logger - INFO - Trn result of epoch 52 / 70 mse 0.0463 rmse 0.2153 pcc 0.4302 ccc 0.3670
2021-06-19 21:39:27,220 - utils.logger - INFO - Val result of epoch 52 / 70 mse 0.0427 rmse 0.2067 pcc 0.4590 ccc 0.4268
2021-06-19 21:39:27,767 - utils.logger - INFO - Cur epoch 53 loss ccc:0.1245
2021-06-19 21:39:28,338 - utils.logger - INFO - Cur epoch 53 loss ccc:0.1155
2021-06-19 21:39:28,761 - utils.logger - INFO - Cur epoch 53 loss ccc:1.0263
2021-06-19 21:39:28,761 - utils.logger - INFO - saving the model at the end of epoch 53, iters 318
2021-06-19 21:39:29,055 - utils.logger - INFO - End of training epoch 53 / 70 	 Time Taken: 1 sec, Data loading: 0 sec
2021-06-19 21:39:29,055 - utils.logger - INFO - learning rate = 0.0000207
2021-06-19 21:39:29,842 - utils.logger - INFO - Trn result of epoch 53 / 70 mse 0.0440 rmse 0.2098 pcc 0.4354 ccc 0.3826
2021-06-19 21:39:30,213 - utils.logger - INFO - Val result of epoch 53 / 70 mse 0.0411 rmse 0.2026 pcc 0.4616 ccc 0.4389
2021-06-19 21:39:30,812 - utils.logger - INFO - Cur epoch 54 loss ccc:0.0862
2021-06-19 21:39:31,396 - utils.logger - INFO - Cur epoch 54 loss ccc:0.1172
2021-06-19 21:39:31,832 - utils.logger - INFO - Cur epoch 54 loss ccc:0.9953
2021-06-19 21:39:31,833 - utils.logger - INFO - saving the model at the end of epoch 54, iters 324
2021-06-19 21:39:32,240 - utils.logger - INFO - End of training epoch 54 / 70 	 Time Taken: 2 sec, Data loading: 0 sec
2021-06-19 21:39:32,240 - utils.logger - INFO - learning rate = 0.0000195
2021-06-19 21:39:32,994 - utils.logger - INFO - Trn result of epoch 54 / 70 mse 0.0370 rmse 0.1923 pcc 0.4446 ccc 0.3890
2021-06-19 21:39:33,318 - utils.logger - INFO - Val result of epoch 54 / 70 mse 0.0340 rmse 0.1844 pcc 0.4622 ccc 0.4476
2021-06-19 21:39:33,879 - utils.logger - INFO - Cur epoch 55 loss ccc:0.1250
2021-06-19 21:39:34,471 - utils.logger - INFO - Cur epoch 55 loss ccc:0.1100
2021-06-19 21:39:34,914 - utils.logger - INFO - Cur epoch 55 loss ccc:0.9243
2021-06-19 21:39:34,914 - utils.logger - INFO - saving the model at the end of epoch 55, iters 330
2021-06-19 21:39:35,194 - utils.logger - INFO - End of training epoch 55 / 70 	 Time Taken: 1 sec, Data loading: 0 sec
2021-06-19 21:39:35,194 - utils.logger - INFO - learning rate = 0.0000183
2021-06-19 21:39:35,988 - utils.logger - INFO - Trn result of epoch 55 / 70 mse 0.0359 rmse 0.1893 pcc 0.4481 ccc 0.3834
2021-06-19 21:39:36,257 - utils.logger - INFO - Val result of epoch 55 / 70 mse 0.0323 rmse 0.1798 pcc 0.4666 ccc 0.4447
2021-06-19 21:39:36,830 - utils.logger - INFO - Cur epoch 56 loss ccc:0.1013
2021-06-19 21:39:37,416 - utils.logger - INFO - Cur epoch 56 loss ccc:0.1160
2021-06-19 21:39:37,842 - utils.logger - INFO - Cur epoch 56 loss ccc:1.0049
2021-06-19 21:39:37,842 - utils.logger - INFO - saving the model at the end of epoch 56, iters 336
2021-06-19 21:39:38,119 - utils.logger - INFO - End of training epoch 56 / 70 	 Time Taken: 1 sec, Data loading: 0 sec
2021-06-19 21:39:38,119 - utils.logger - INFO - learning rate = 0.0000171
2021-06-19 21:39:38,909 - utils.logger - INFO - Trn result of epoch 56 / 70 mse 0.0352 rmse 0.1877 pcc 0.4514 ccc 0.3421
2021-06-19 21:39:39,176 - utils.logger - INFO - Val result of epoch 56 / 70 mse 0.0305 rmse 0.1747 pcc 0.4859 ccc 0.4103
2021-06-19 21:39:39,716 - utils.logger - INFO - Cur epoch 57 loss ccc:0.1115
2021-06-19 21:39:40,268 - utils.logger - INFO - Cur epoch 57 loss ccc:0.1250
2021-06-19 21:39:40,700 - utils.logger - INFO - Cur epoch 57 loss ccc:1.0007
2021-06-19 21:39:40,700 - utils.logger - INFO - saving the model at the end of epoch 57, iters 342
2021-06-19 21:39:41,006 - utils.logger - INFO - End of training epoch 57 / 70 	 Time Taken: 1 sec, Data loading: 0 sec
2021-06-19 21:39:41,006 - utils.logger - INFO - learning rate = 0.0000159
2021-06-19 21:39:41,768 - utils.logger - INFO - Trn result of epoch 57 / 70 mse 0.0351 rmse 0.1874 pcc 0.4514 ccc 0.3551
2021-06-19 21:39:42,028 - utils.logger - INFO - Val result of epoch 57 / 70 mse 0.0306 rmse 0.1751 pcc 0.4810 ccc 0.4218
2021-06-19 21:39:42,578 - utils.logger - INFO - Cur epoch 58 loss ccc:0.1250
2021-06-19 21:39:43,155 - utils.logger - INFO - Cur epoch 58 loss ccc:0.1154
2021-06-19 21:39:43,576 - utils.logger - INFO - Cur epoch 58 loss ccc:1.0061
2021-06-19 21:39:43,577 - utils.logger - INFO - saving the model at the end of epoch 58, iters 348
2021-06-19 21:39:43,881 - utils.logger - INFO - End of training epoch 58 / 70 	 Time Taken: 1 sec, Data loading: 0 sec
2021-06-19 21:39:43,882 - utils.logger - INFO - learning rate = 0.0000146
2021-06-19 21:39:44,655 - utils.logger - INFO - Trn result of epoch 58 / 70 mse 0.0354 rmse 0.1882 pcc 0.4472 ccc 0.3657
2021-06-19 21:39:44,930 - utils.logger - INFO - Val result of epoch 58 / 70 mse 0.0305 rmse 0.1746 pcc 0.4789 ccc 0.4381
2021-06-19 21:39:45,492 - utils.logger - INFO - Cur epoch 59 loss ccc:0.1091
2021-06-19 21:39:46,057 - utils.logger - INFO - Cur epoch 59 loss ccc:0.1251
2021-06-19 21:39:46,508 - utils.logger - INFO - Cur epoch 59 loss ccc:1.0000
2021-06-19 21:39:46,508 - utils.logger - INFO - saving the model at the end of epoch 59, iters 354
2021-06-19 21:39:46,794 - utils.logger - INFO - End of training epoch 59 / 70 	 Time Taken: 1 sec, Data loading: 0 sec
2021-06-19 21:39:46,794 - utils.logger - INFO - learning rate = 0.0000134
2021-06-19 21:39:47,545 - utils.logger - INFO - Trn result of epoch 59 / 70 mse 0.0360 rmse 0.1897 pcc 0.4482 ccc 0.3748
2021-06-19 21:39:47,808 - utils.logger - INFO - Val result of epoch 59 / 70 mse 0.0309 rmse 0.1757 pcc 0.4806 ccc 0.4498
2021-06-19 21:39:48,364 - utils.logger - INFO - Cur epoch 60 loss ccc:0.1055
2021-06-19 21:39:48,927 - utils.logger - INFO - Cur epoch 60 loss ccc:0.1174
2021-06-19 21:39:49,375 - utils.logger - INFO - Cur epoch 60 loss ccc:0.5063
2021-06-19 21:39:49,375 - utils.logger - INFO - saving the model at the end of epoch 60, iters 360
2021-06-19 21:39:49,651 - utils.logger - INFO - End of training epoch 60 / 70 	 Time Taken: 1 sec, Data loading: 0 sec
2021-06-19 21:39:49,651 - utils.logger - INFO - learning rate = 0.0000122
2021-06-19 21:39:50,420 - utils.logger - INFO - Trn result of epoch 60 / 70 mse 0.0388 rmse 0.1970 pcc 0.4420 ccc 0.3886
2021-06-19 21:39:50,681 - utils.logger - INFO - Val result of epoch 60 / 70 mse 0.0349 rmse 0.1867 pcc 0.4687 ccc 0.4541
2021-06-19 21:39:51,219 - utils.logger - INFO - Cur epoch 61 loss ccc:0.1043
2021-06-19 21:39:51,786 - utils.logger - INFO - Cur epoch 61 loss ccc:0.1235
2021-06-19 21:39:52,243 - utils.logger - INFO - Cur epoch 61 loss ccc:0.6148
2021-06-19 21:39:52,244 - utils.logger - INFO - saving the model at the end of epoch 61, iters 366
2021-06-19 21:39:52,539 - utils.logger - INFO - End of training epoch 61 / 70 	 Time Taken: 1 sec, Data loading: 0 sec
2021-06-19 21:39:52,539 - utils.logger - INFO - learning rate = 0.0000110
2021-06-19 21:39:53,321 - utils.logger - INFO - Trn result of epoch 61 / 70 mse 0.0395 rmse 0.1987 pcc 0.4394 ccc 0.3795
2021-06-19 21:39:53,597 - utils.logger - INFO - Val result of epoch 61 / 70 mse 0.0347 rmse 0.1863 pcc 0.4712 ccc 0.4514
2021-06-19 21:39:54,139 - utils.logger - INFO - Cur epoch 62 loss ccc:0.1094
2021-06-19 21:39:54,698 - utils.logger - INFO - Cur epoch 62 loss ccc:0.1158
2021-06-19 21:39:55,126 - utils.logger - INFO - Cur epoch 62 loss ccc:1.0337
2021-06-19 21:39:55,127 - utils.logger - INFO - saving the model at the end of epoch 62, iters 372
2021-06-19 21:39:55,407 - utils.logger - INFO - End of training epoch 62 / 70 	 Time Taken: 1 sec, Data loading: 0 sec
2021-06-19 21:39:55,407 - utils.logger - INFO - learning rate = 0.0000098
2021-06-19 21:39:56,163 - utils.logger - INFO - Trn result of epoch 62 / 70 mse 0.0384 rmse 0.1960 pcc 0.4422 ccc 0.3742
2021-06-19 21:39:56,421 - utils.logger - INFO - Val result of epoch 62 / 70 mse 0.0332 rmse 0.1822 pcc 0.4727 ccc 0.4478
2021-06-19 21:39:56,974 - utils.logger - INFO - Cur epoch 63 loss ccc:0.1055
2021-06-19 21:39:57,525 - utils.logger - INFO - Cur epoch 63 loss ccc:0.1177
2021-06-19 21:39:57,935 - utils.logger - INFO - Cur epoch 63 loss ccc:0.9999
2021-06-19 21:39:57,935 - utils.logger - INFO - saving the model at the end of epoch 63, iters 378
2021-06-19 21:39:58,228 - utils.logger - INFO - End of training epoch 63 / 70 	 Time Taken: 1 sec, Data loading: 0 sec
2021-06-19 21:39:58,228 - utils.logger - INFO - learning rate = 0.0000085
2021-06-19 21:39:59,035 - utils.logger - INFO - Trn result of epoch 63 / 70 mse 0.0385 rmse 0.1963 pcc 0.4422 ccc 0.3793
2021-06-19 21:39:59,307 - utils.logger - INFO - Val result of epoch 63 / 70 mse 0.0335 rmse 0.1831 pcc 0.4745 ccc 0.4530
2021-06-19 21:39:59,871 - utils.logger - INFO - Cur epoch 64 loss ccc:0.1244
2021-06-19 21:40:00,432 - utils.logger - INFO - Cur epoch 64 loss ccc:0.0997
2021-06-19 21:40:00,874 - utils.logger - INFO - Cur epoch 64 loss ccc:0.9737
2021-06-19 21:40:00,875 - utils.logger - INFO - saving the model at the end of epoch 64, iters 384
2021-06-19 21:40:01,136 - utils.logger - INFO - End of training epoch 64 / 70 	 Time Taken: 1 sec, Data loading: 0 sec
2021-06-19 21:40:01,136 - utils.logger - INFO - learning rate = 0.0000073
2021-06-19 21:40:01,915 - utils.logger - INFO - Trn result of epoch 64 / 70 mse 0.0387 rmse 0.1968 pcc 0.4414 ccc 0.3742
2021-06-19 21:40:02,182 - utils.logger - INFO - Val result of epoch 64 / 70 mse 0.0334 rmse 0.1826 pcc 0.4744 ccc 0.4502
2021-06-19 21:40:02,737 - utils.logger - INFO - Cur epoch 65 loss ccc:0.1264
2021-06-19 21:40:03,304 - utils.logger - INFO - Cur epoch 65 loss ccc:0.1041
2021-06-19 21:40:03,734 - utils.logger - INFO - Cur epoch 65 loss ccc:0.4253
2021-06-19 21:40:03,735 - utils.logger - INFO - saving the model at the end of epoch 65, iters 390
2021-06-19 21:40:04,012 - utils.logger - INFO - End of training epoch 65 / 70 	 Time Taken: 1 sec, Data loading: 0 sec
2021-06-19 21:40:04,012 - utils.logger - INFO - learning rate = 0.0000061
2021-06-19 21:40:04,788 - utils.logger - INFO - Trn result of epoch 65 / 70 mse 0.0382 rmse 0.1955 pcc 0.4429 ccc 0.3754
2021-06-19 21:40:05,053 - utils.logger - INFO - Val result of epoch 65 / 70 mse 0.0329 rmse 0.1815 pcc 0.4747 ccc 0.4506
2021-06-19 21:40:05,577 - utils.logger - INFO - Cur epoch 66 loss ccc:0.1248
2021-06-19 21:40:06,137 - utils.logger - INFO - Cur epoch 66 loss ccc:0.0863
2021-06-19 21:40:06,601 - utils.logger - INFO - Cur epoch 66 loss ccc:1.0065
2021-06-19 21:40:06,601 - utils.logger - INFO - saving the model at the end of epoch 66, iters 396
2021-06-19 21:40:06,916 - utils.logger - INFO - End of training epoch 66 / 70 	 Time Taken: 1 sec, Data loading: 0 sec
2021-06-19 21:40:06,916 - utils.logger - INFO - learning rate = 0.0000049
2021-06-19 21:40:07,660 - utils.logger - INFO - Trn result of epoch 66 / 70 mse 0.0389 rmse 0.1971 pcc 0.4422 ccc 0.3678
2021-06-19 21:40:07,922 - utils.logger - INFO - Val result of epoch 66 / 70 mse 0.0330 rmse 0.1817 pcc 0.4761 ccc 0.4465
2021-06-19 21:40:08,488 - utils.logger - INFO - Cur epoch 67 loss ccc:0.1134
2021-06-19 21:40:09,046 - utils.logger - INFO - Cur epoch 67 loss ccc:0.1079
2021-06-19 21:40:09,486 - utils.logger - INFO - Cur epoch 67 loss ccc:0.9975
2021-06-19 21:40:09,486 - utils.logger - INFO - saving the model at the end of epoch 67, iters 402
2021-06-19 21:40:09,776 - utils.logger - INFO - End of training epoch 67 / 70 	 Time Taken: 1 sec, Data loading: 0 sec
2021-06-19 21:40:09,776 - utils.logger - INFO - learning rate = 0.0000037
2021-06-19 21:40:10,530 - utils.logger - INFO - Trn result of epoch 67 / 70 mse 0.0383 rmse 0.1958 pcc 0.4435 ccc 0.3723
2021-06-19 21:40:10,785 - utils.logger - INFO - Val result of epoch 67 / 70 mse 0.0329 rmse 0.1813 pcc 0.4754 ccc 0.4488
2021-06-19 21:40:11,339 - utils.logger - INFO - Cur epoch 68 loss ccc:0.0851
2021-06-19 21:40:11,899 - utils.logger - INFO - Cur epoch 68 loss ccc:0.1107
2021-06-19 21:40:12,334 - utils.logger - INFO - Cur epoch 68 loss ccc:0.9976
2021-06-19 21:40:12,335 - utils.logger - INFO - saving the model at the end of epoch 68, iters 408
2021-06-19 21:40:12,602 - utils.logger - INFO - End of training epoch 68 / 70 	 Time Taken: 1 sec, Data loading: 0 sec
2021-06-19 21:40:12,602 - utils.logger - INFO - learning rate = 0.0000024
2021-06-19 21:40:13,415 - utils.logger - INFO - Trn result of epoch 68 / 70 mse 0.0383 rmse 0.1958 pcc 0.4435 ccc 0.3722
2021-06-19 21:40:13,691 - utils.logger - INFO - Val result of epoch 68 / 70 mse 0.0329 rmse 0.1812 pcc 0.4754 ccc 0.4485
2021-06-19 21:40:14,242 - utils.logger - INFO - Cur epoch 69 loss ccc:0.1239
2021-06-19 21:40:14,804 - utils.logger - INFO - Cur epoch 69 loss ccc:0.1014
2021-06-19 21:40:15,240 - utils.logger - INFO - Cur epoch 69 loss ccc:1.0181
2021-06-19 21:40:15,241 - utils.logger - INFO - saving the model at the end of epoch 69, iters 414
2021-06-19 21:40:15,540 - utils.logger - INFO - End of training epoch 69 / 70 	 Time Taken: 1 sec, Data loading: 0 sec
2021-06-19 21:40:15,540 - utils.logger - INFO - learning rate = 0.0000012
2021-06-19 21:40:16,330 - utils.logger - INFO - Trn result of epoch 69 / 70 mse 0.0380 rmse 0.1950 pcc 0.4445 ccc 0.3752
2021-06-19 21:40:16,590 - utils.logger - INFO - Val result of epoch 69 / 70 mse 0.0327 rmse 0.1809 pcc 0.4757 ccc 0.4505
2021-06-19 21:40:17,150 - utils.logger - INFO - Cur epoch 70 loss ccc:0.1249
2021-06-19 21:40:17,721 - utils.logger - INFO - Cur epoch 70 loss ccc:0.0952
2021-06-19 21:40:18,167 - utils.logger - INFO - Cur epoch 70 loss ccc:1.0066
2021-06-19 21:40:18,167 - utils.logger - INFO - saving the model at the end of epoch 70, iters 420
2021-06-19 21:40:18,447 - utils.logger - INFO - End of training epoch 70 / 70 	 Time Taken: 1 sec, Data loading: 0 sec
2021-06-19 21:40:18,447 - utils.logger - INFO - learning rate = 0.0000000
2021-06-19 21:40:19,240 - utils.logger - INFO - Trn result of epoch 70 / 70 mse 0.0382 rmse 0.1954 pcc 0.4439 ccc 0.3743
2021-06-19 21:40:19,583 - utils.logger - INFO - Val result of epoch 70 / 70 mse 0.0326 rmse 0.1807 pcc 0.4781 ccc 0.4524
2021-06-19 21:40:19,583 - utils.logger - INFO - Best eval epoch 60 found with ccc 0.454111
2021-06-19 21:40:19,583 - utils.logger - INFO - baseline_fcfusion_wonorm_deepspectrum-egemaps_valence_hidden1024_seq100_lr5e-05_cccloss_run1
