2021-06-19 21:29:58,273 - utils.logger - INFO - The number of training samples = 41
2021-06-19 21:30:00,936 - utils.logger - INFO - Cur epoch 1 loss ccc:0.1239
2021-06-19 21:30:01,562 - utils.logger - INFO - Cur epoch 1 loss ccc:0.0973
2021-06-19 21:30:02,027 - utils.logger - INFO - Cur epoch 1 loss ccc:0.9992
2021-06-19 21:30:02,027 - utils.logger - INFO - saving the model at the end of epoch 1, iters 6
2021-06-19 21:30:02,247 - utils.logger - INFO - End of training epoch 1 / 70 	 Time Taken: 1 sec, Data loading: 0 sec
2021-06-19 21:30:02,247 - utils.logger - INFO - learning rate = 0.0005000
2021-06-19 21:30:03,068 - utils.logger - INFO - Trn result of epoch 1 / 70 mse 0.0475 rmse 0.2180 pcc 0.4041 ccc 0.2549
2021-06-19 21:30:03,344 - utils.logger - INFO - Val result of epoch 1 / 70 mse 0.0467 rmse 0.2162 pcc 0.4368 ccc 0.2997
2021-06-19 21:30:03,917 - utils.logger - INFO - Cur epoch 2 loss ccc:0.1071
2021-06-19 21:30:04,477 - utils.logger - INFO - Cur epoch 2 loss ccc:0.1112
2021-06-19 21:30:04,908 - utils.logger - INFO - Cur epoch 2 loss ccc:0.9967
2021-06-19 21:30:04,908 - utils.logger - INFO - saving the model at the end of epoch 2, iters 12
2021-06-19 21:30:05,136 - utils.logger - INFO - End of training epoch 2 / 70 	 Time Taken: 1 sec, Data loading: 0 sec
2021-06-19 21:30:05,136 - utils.logger - INFO - learning rate = 0.0005000
2021-06-19 21:30:05,885 - utils.logger - INFO - Trn result of epoch 2 / 70 mse 0.0697 rmse 0.2639 pcc 0.3945 ccc 0.1508
2021-06-19 21:30:06,237 - utils.logger - INFO - Val result of epoch 2 / 70 mse 0.0557 rmse 0.2359 pcc 0.4441 ccc 0.2150
2021-06-19 21:30:06,888 - utils.logger - INFO - Cur epoch 3 loss ccc:0.1358
2021-06-19 21:30:07,492 - utils.logger - INFO - Cur epoch 3 loss ccc:0.1065
2021-06-19 21:30:07,987 - utils.logger - INFO - Cur epoch 3 loss ccc:0.9983
2021-06-19 21:30:07,987 - utils.logger - INFO - saving the model at the end of epoch 3, iters 18
2021-06-19 21:30:08,227 - utils.logger - INFO - End of training epoch 3 / 70 	 Time Taken: 1 sec, Data loading: 0 sec
2021-06-19 21:30:08,228 - utils.logger - INFO - learning rate = 0.0005000
2021-06-19 21:30:09,072 - utils.logger - INFO - Trn result of epoch 3 / 70 mse 0.0391 rmse 0.1978 pcc 0.4001 ccc 0.2625
2021-06-19 21:30:09,365 - utils.logger - INFO - Val result of epoch 3 / 70 mse 0.0313 rmse 0.1770 pcc 0.4415 ccc 0.3507
2021-06-19 21:30:09,934 - utils.logger - INFO - Cur epoch 4 loss ccc:0.1252
2021-06-19 21:30:10,538 - utils.logger - INFO - Cur epoch 4 loss ccc:0.1124
2021-06-19 21:30:10,998 - utils.logger - INFO - Cur epoch 4 loss ccc:0.9977
2021-06-19 21:30:10,999 - utils.logger - INFO - saving the model at the end of epoch 4, iters 24
2021-06-19 21:30:11,240 - utils.logger - INFO - End of training epoch 4 / 70 	 Time Taken: 1 sec, Data loading: 0 sec
2021-06-19 21:30:11,240 - utils.logger - INFO - learning rate = 0.0005000
2021-06-19 21:30:12,054 - utils.logger - INFO - Trn result of epoch 4 / 70 mse 0.0542 rmse 0.2327 pcc 0.4071 ccc 0.1304
2021-06-19 21:30:12,331 - utils.logger - INFO - Val result of epoch 4 / 70 mse 0.0433 rmse 0.2080 pcc 0.4137 ccc 0.1771
2021-06-19 21:30:12,859 - utils.logger - INFO - Cur epoch 5 loss ccc:0.1192
2021-06-19 21:30:13,389 - utils.logger - INFO - Cur epoch 5 loss ccc:0.1181
2021-06-19 21:30:13,804 - utils.logger - INFO - Cur epoch 5 loss ccc:0.9990
2021-06-19 21:30:13,804 - utils.logger - INFO - saving the model at the end of epoch 5, iters 30
2021-06-19 21:30:14,030 - utils.logger - INFO - End of training epoch 5 / 70 	 Time Taken: 1 sec, Data loading: 0 sec
2021-06-19 21:30:14,030 - utils.logger - INFO - learning rate = 0.0005000
2021-06-19 21:30:14,826 - utils.logger - INFO - Trn result of epoch 5 / 70 mse 0.0630 rmse 0.2510 pcc 0.4056 ccc 0.1325
2021-06-19 21:30:15,101 - utils.logger - INFO - Val result of epoch 5 / 70 mse 0.0500 rmse 0.2237 pcc 0.4311 ccc 0.1861
2021-06-19 21:30:15,638 - utils.logger - INFO - Cur epoch 6 loss ccc:0.1250
2021-06-19 21:30:16,209 - utils.logger - INFO - Cur epoch 6 loss ccc:0.1127
2021-06-19 21:30:16,633 - utils.logger - INFO - Cur epoch 6 loss ccc:1.0021
2021-06-19 21:30:16,633 - utils.logger - INFO - saving the model at the end of epoch 6, iters 36
2021-06-19 21:30:16,862 - utils.logger - INFO - End of training epoch 6 / 70 	 Time Taken: 1 sec, Data loading: 0 sec
2021-06-19 21:30:16,862 - utils.logger - INFO - learning rate = 0.0005000
2021-06-19 21:30:17,646 - utils.logger - INFO - Trn result of epoch 6 / 70 mse 0.6167 rmse 0.7853 pcc 0.4092 ccc 0.0359
2021-06-19 21:30:17,905 - utils.logger - INFO - Val result of epoch 6 / 70 mse 0.5895 rmse 0.7678 pcc 0.4284 ccc 0.0447
2021-06-19 21:30:18,438 - utils.logger - INFO - Cur epoch 7 loss ccc:0.1243
2021-06-19 21:30:18,990 - utils.logger - INFO - Cur epoch 7 loss ccc:0.1251
2021-06-19 21:30:19,407 - utils.logger - INFO - Cur epoch 7 loss ccc:0.9993
2021-06-19 21:30:19,407 - utils.logger - INFO - saving the model at the end of epoch 7, iters 42
2021-06-19 21:30:19,623 - utils.logger - INFO - End of training epoch 7 / 70 	 Time Taken: 1 sec, Data loading: 0 sec
2021-06-19 21:30:19,623 - utils.logger - INFO - learning rate = 0.0005000
2021-06-19 21:30:20,398 - utils.logger - INFO - Trn result of epoch 7 / 70 mse 0.8952 rmse 0.9461 pcc 0.3939 ccc 0.0181
2021-06-19 21:30:20,649 - utils.logger - INFO - Val result of epoch 7 / 70 mse 0.8654 rmse 0.9303 pcc 0.4002 ccc 0.0220
2021-06-19 21:30:21,169 - utils.logger - INFO - Cur epoch 8 loss ccc:0.1165
2021-06-19 21:30:21,745 - utils.logger - INFO - Cur epoch 8 loss ccc:0.1230
2021-06-19 21:30:22,173 - utils.logger - INFO - Cur epoch 8 loss ccc:0.9999
2021-06-19 21:30:22,173 - utils.logger - INFO - saving the model at the end of epoch 8, iters 48
2021-06-19 21:30:22,406 - utils.logger - INFO - End of training epoch 8 / 70 	 Time Taken: 1 sec, Data loading: 0 sec
2021-06-19 21:30:22,406 - utils.logger - INFO - learning rate = 0.0005000
2021-06-19 21:30:23,167 - utils.logger - INFO - Trn result of epoch 8 / 70 mse 0.6987 rmse 0.8359 pcc 0.3926 ccc 0.0193
2021-06-19 21:30:23,430 - utils.logger - INFO - Val result of epoch 8 / 70 mse 0.6666 rmse 0.8164 pcc 0.3961 ccc 0.0233
2021-06-19 21:30:23,992 - utils.logger - INFO - Cur epoch 9 loss ccc:0.1236
2021-06-19 21:30:24,549 - utils.logger - INFO - Cur epoch 9 loss ccc:0.1286
2021-06-19 21:30:24,976 - utils.logger - INFO - Cur epoch 9 loss ccc:0.9996
2021-06-19 21:30:24,976 - utils.logger - INFO - saving the model at the end of epoch 9, iters 54
2021-06-19 21:30:25,219 - utils.logger - INFO - End of training epoch 9 / 70 	 Time Taken: 1 sec, Data loading: 0 sec
2021-06-19 21:30:25,220 - utils.logger - INFO - learning rate = 0.0005000
2021-06-19 21:30:25,996 - utils.logger - INFO - Trn result of epoch 9 / 70 mse 0.4934 rmse 0.7024 pcc 0.3957 ccc 0.0272
2021-06-19 21:30:26,250 - utils.logger - INFO - Val result of epoch 9 / 70 mse 0.4662 rmse 0.6828 pcc 0.3970 ccc 0.0330
2021-06-19 21:30:26,782 - utils.logger - INFO - Cur epoch 10 loss ccc:0.1218
2021-06-19 21:30:27,338 - utils.logger - INFO - Cur epoch 10 loss ccc:0.1210
2021-06-19 21:30:27,740 - utils.logger - INFO - Cur epoch 10 loss ccc:1.0003
2021-06-19 21:30:27,740 - utils.logger - INFO - saving the model at the end of epoch 10, iters 60
2021-06-19 21:30:27,963 - utils.logger - INFO - End of training epoch 10 / 70 	 Time Taken: 1 sec, Data loading: 0 sec
2021-06-19 21:30:27,963 - utils.logger - INFO - learning rate = 0.0005000
2021-06-19 21:30:28,737 - utils.logger - INFO - Trn result of epoch 10 / 70 mse 0.3521 rmse 0.5934 pcc 0.3911 ccc 0.0302
2021-06-19 21:30:28,991 - utils.logger - INFO - Val result of epoch 10 / 70 mse 0.3268 rmse 0.5717 pcc 0.3870 ccc 0.0361
2021-06-19 21:30:29,517 - utils.logger - INFO - Cur epoch 11 loss ccc:0.1251
2021-06-19 21:30:30,074 - utils.logger - INFO - Cur epoch 11 loss ccc:0.1363
2021-06-19 21:30:30,511 - utils.logger - INFO - Cur epoch 11 loss ccc:1.0159
2021-06-19 21:30:30,511 - utils.logger - INFO - saving the model at the end of epoch 11, iters 66
2021-06-19 21:30:30,785 - utils.logger - INFO - End of training epoch 11 / 70 	 Time Taken: 1 sec, Data loading: 0 sec
2021-06-19 21:30:30,785 - utils.logger - INFO - learning rate = 0.0005000
2021-06-19 21:30:31,577 - utils.logger - INFO - Trn result of epoch 11 / 70 mse 0.3367 rmse 0.5802 pcc 0.4051 ccc 0.0255
2021-06-19 21:30:31,841 - utils.logger - INFO - Val result of epoch 11 / 70 mse 0.3079 rmse 0.5549 pcc 0.4111 ccc 0.0313
2021-06-19 21:30:32,407 - utils.logger - INFO - Cur epoch 12 loss ccc:0.1233
2021-06-19 21:30:32,967 - utils.logger - INFO - Cur epoch 12 loss ccc:0.1084
2021-06-19 21:30:33,374 - utils.logger - INFO - Cur epoch 12 loss ccc:0.9999
2021-06-19 21:30:33,374 - utils.logger - INFO - saving the model at the end of epoch 12, iters 72
2021-06-19 21:30:33,609 - utils.logger - INFO - End of training epoch 12 / 70 	 Time Taken: 1 sec, Data loading: 0 sec
2021-06-19 21:30:33,609 - utils.logger - INFO - learning rate = 0.0005000
2021-06-19 21:30:34,374 - utils.logger - INFO - Trn result of epoch 12 / 70 mse 0.4452 rmse 0.6672 pcc 0.4005 ccc 0.0148
2021-06-19 21:30:34,633 - utils.logger - INFO - Val result of epoch 12 / 70 mse 0.4089 rmse 0.6394 pcc 0.4225 ccc 0.0183
2021-06-19 21:30:35,181 - utils.logger - INFO - Cur epoch 13 loss ccc:0.1110
2021-06-19 21:30:35,720 - utils.logger - INFO - Cur epoch 13 loss ccc:0.1237
2021-06-19 21:30:36,123 - utils.logger - INFO - Cur epoch 13 loss ccc:0.9981
2021-06-19 21:30:36,123 - utils.logger - INFO - saving the model at the end of epoch 13, iters 78
2021-06-19 21:30:36,496 - utils.logger - INFO - End of training epoch 13 / 70 	 Time Taken: 1 sec, Data loading: 0 sec
2021-06-19 21:30:36,496 - utils.logger - INFO - learning rate = 0.0005000
2021-06-19 21:30:37,279 - utils.logger - INFO - Trn result of epoch 13 / 70 mse 0.4163 rmse 0.6452 pcc 0.3866 ccc 0.0128
2021-06-19 21:30:37,539 - utils.logger - INFO - Val result of epoch 13 / 70 mse 0.3821 rmse 0.6181 pcc 0.4269 ccc 0.0165
2021-06-19 21:30:38,085 - utils.logger - INFO - Cur epoch 14 loss ccc:0.1356
2021-06-19 21:30:38,634 - utils.logger - INFO - Cur epoch 14 loss ccc:0.1117
2021-06-19 21:30:39,035 - utils.logger - INFO - Cur epoch 14 loss ccc:1.0007
2021-06-19 21:30:39,035 - utils.logger - INFO - saving the model at the end of epoch 14, iters 84
2021-06-19 21:30:39,306 - utils.logger - INFO - End of training epoch 14 / 70 	 Time Taken: 1 sec, Data loading: 0 sec
2021-06-19 21:30:39,306 - utils.logger - INFO - learning rate = 0.0005000
2021-06-19 21:30:40,058 - utils.logger - INFO - Trn result of epoch 14 / 70 mse 0.2825 rmse 0.5315 pcc 0.4042 ccc 0.0219
2021-06-19 21:30:40,328 - utils.logger - INFO - Val result of epoch 14 / 70 mse 0.2540 rmse 0.5040 pcc 0.4203 ccc 0.0278
2021-06-19 21:30:40,878 - utils.logger - INFO - Cur epoch 15 loss ccc:0.1250
2021-06-19 21:30:41,455 - utils.logger - INFO - Cur epoch 15 loss ccc:0.1228
2021-06-19 21:30:41,900 - utils.logger - INFO - Cur epoch 15 loss ccc:0.9986
2021-06-19 21:30:41,900 - utils.logger - INFO - saving the model at the end of epoch 15, iters 90
2021-06-19 21:30:42,138 - utils.logger - INFO - End of training epoch 15 / 70 	 Time Taken: 1 sec, Data loading: 0 sec
2021-06-19 21:30:42,139 - utils.logger - INFO - learning rate = 0.0005000
2021-06-19 21:30:42,921 - utils.logger - INFO - Trn result of epoch 15 / 70 mse 0.0488 rmse 0.2208 pcc 0.3888 ccc 0.1072
2021-06-19 21:30:43,193 - utils.logger - INFO - Val result of epoch 15 / 70 mse 0.0392 rmse 0.1980 pcc 0.3824 ccc 0.1364
2021-06-19 21:30:43,744 - utils.logger - INFO - Cur epoch 16 loss ccc:0.1164
2021-06-19 21:30:44,290 - utils.logger - INFO - Cur epoch 16 loss ccc:0.1247
2021-06-19 21:30:44,692 - utils.logger - INFO - Cur epoch 16 loss ccc:0.9923
2021-06-19 21:30:44,692 - utils.logger - INFO - saving the model at the end of epoch 16, iters 96
2021-06-19 21:30:44,945 - utils.logger - INFO - End of training epoch 16 / 70 	 Time Taken: 1 sec, Data loading: 0 sec
2021-06-19 21:30:44,945 - utils.logger - INFO - learning rate = 0.0005000
2021-06-19 21:30:45,717 - utils.logger - INFO - Trn result of epoch 16 / 70 mse 0.0935 rmse 0.3059 pcc 0.3742 ccc 0.0934
2021-06-19 21:30:45,996 - utils.logger - INFO - Val result of epoch 16 / 70 mse 0.0967 rmse 0.3110 pcc 0.3584 ccc 0.0943
2021-06-19 21:30:46,549 - utils.logger - INFO - Cur epoch 17 loss ccc:0.1102
2021-06-19 21:30:47,123 - utils.logger - INFO - Cur epoch 17 loss ccc:0.1252
2021-06-19 21:30:47,559 - utils.logger - INFO - Cur epoch 17 loss ccc:1.0108
2021-06-19 21:30:47,559 - utils.logger - INFO - saving the model at the end of epoch 17, iters 102
2021-06-19 21:30:47,782 - utils.logger - INFO - End of training epoch 17 / 70 	 Time Taken: 1 sec, Data loading: 0 sec
2021-06-19 21:30:47,783 - utils.logger - INFO - learning rate = 0.0005000
2021-06-19 21:30:48,574 - utils.logger - INFO - Trn result of epoch 17 / 70 mse 0.2704 rmse 0.5200 pcc 0.3867 ccc 0.0358
2021-06-19 21:30:48,853 - utils.logger - INFO - Val result of epoch 17 / 70 mse 0.2490 rmse 0.4990 pcc 0.3732 ccc 0.0422
2021-06-19 21:30:49,400 - utils.logger - INFO - Cur epoch 18 loss ccc:0.1088
2021-06-19 21:30:49,962 - utils.logger - INFO - Cur epoch 18 loss ccc:0.1283
2021-06-19 21:30:50,350 - utils.logger - INFO - Cur epoch 18 loss ccc:1.0453
2021-06-19 21:30:50,350 - utils.logger - INFO - saving the model at the end of epoch 18, iters 108
2021-06-19 21:30:50,608 - utils.logger - INFO - End of training epoch 18 / 70 	 Time Taken: 1 sec, Data loading: 0 sec
2021-06-19 21:30:50,609 - utils.logger - INFO - learning rate = 0.0005000
2021-06-19 21:30:51,388 - utils.logger - INFO - Trn result of epoch 18 / 70 mse 0.3529 rmse 0.5940 pcc 0.3966 ccc 0.0214
2021-06-19 21:30:51,660 - utils.logger - INFO - Val result of epoch 18 / 70 mse 0.3249 rmse 0.5700 pcc 0.3848 ccc 0.0252
2021-06-19 21:30:52,203 - utils.logger - INFO - Cur epoch 19 loss ccc:0.1337
2021-06-19 21:30:52,765 - utils.logger - INFO - Cur epoch 19 loss ccc:0.1122
2021-06-19 21:30:53,182 - utils.logger - INFO - Cur epoch 19 loss ccc:0.9993
2021-06-19 21:30:53,182 - utils.logger - INFO - saving the model at the end of epoch 19, iters 114
2021-06-19 21:30:53,401 - utils.logger - INFO - End of training epoch 19 / 70 	 Time Taken: 1 sec, Data loading: 0 sec
2021-06-19 21:30:53,402 - utils.logger - INFO - learning rate = 0.0005000
2021-06-19 21:30:54,159 - utils.logger - INFO - Trn result of epoch 19 / 70 mse 0.3528 rmse 0.5940 pcc 0.4132 ccc 0.0182
2021-06-19 21:30:54,431 - utils.logger - INFO - Val result of epoch 19 / 70 mse 0.3221 rmse 0.5676 pcc 0.4046 ccc 0.0216
2021-06-19 21:30:54,984 - utils.logger - INFO - Cur epoch 20 loss ccc:0.1346
2021-06-19 21:30:55,528 - utils.logger - INFO - Cur epoch 20 loss ccc:0.1246
2021-06-19 21:30:55,946 - utils.logger - INFO - Cur epoch 20 loss ccc:1.0089
2021-06-19 21:30:55,946 - utils.logger - INFO - saving the model at the end of epoch 20, iters 120
2021-06-19 21:30:56,346 - utils.logger - INFO - End of training epoch 20 / 70 	 Time Taken: 1 sec, Data loading: 0 sec
2021-06-19 21:30:56,346 - utils.logger - INFO - learning rate = 0.0005000
2021-06-19 21:30:57,156 - utils.logger - INFO - Trn result of epoch 20 / 70 mse 0.2013 rmse 0.4487 pcc 0.4093 ccc 0.0259
2021-06-19 21:30:57,437 - utils.logger - INFO - Val result of epoch 20 / 70 mse 0.1776 rmse 0.4214 pcc 0.4012 ccc 0.0312
2021-06-19 21:30:57,989 - utils.logger - INFO - Cur epoch 21 loss ccc:0.1364
2021-06-19 21:30:58,513 - utils.logger - INFO - Cur epoch 21 loss ccc:0.1332
2021-06-19 21:30:58,955 - utils.logger - INFO - Cur epoch 21 loss ccc:1.0010
2021-06-19 21:30:58,955 - utils.logger - INFO - saving the model at the end of epoch 21, iters 126
2021-06-19 21:30:59,180 - utils.logger - INFO - End of training epoch 21 / 70 	 Time Taken: 1 sec, Data loading: 0 sec
2021-06-19 21:30:59,180 - utils.logger - INFO - learning rate = 0.0005000
2021-06-19 21:30:59,945 - utils.logger - INFO - Trn result of epoch 21 / 70 mse 0.1533 rmse 0.3915 pcc 0.4078 ccc 0.0350
2021-06-19 21:31:00,195 - utils.logger - INFO - Val result of epoch 21 / 70 mse 0.1326 rmse 0.3641 pcc 0.3993 ccc 0.0428
2021-06-19 21:31:00,746 - utils.logger - INFO - Cur epoch 22 loss ccc:0.1225
2021-06-19 21:31:01,306 - utils.logger - INFO - Cur epoch 22 loss ccc:0.1364
2021-06-19 21:31:01,748 - utils.logger - INFO - Cur epoch 22 loss ccc:0.9741
2021-06-19 21:31:01,748 - utils.logger - INFO - saving the model at the end of epoch 22, iters 132
2021-06-19 21:31:02,063 - utils.logger - INFO - End of training epoch 22 / 70 	 Time Taken: 1 sec, Data loading: 0 sec
2021-06-19 21:31:02,063 - utils.logger - INFO - learning rate = 0.0005000
2021-06-19 21:31:02,826 - utils.logger - INFO - Trn result of epoch 22 / 70 mse 0.1243 rmse 0.3526 pcc 0.3815 ccc 0.0269
2021-06-19 21:31:03,079 - utils.logger - INFO - Val result of epoch 22 / 70 mse 0.1059 rmse 0.3254 pcc 0.3656 ccc 0.0317
2021-06-19 21:31:03,622 - utils.logger - INFO - Cur epoch 23 loss ccc:0.1249
2021-06-19 21:31:04,184 - utils.logger - INFO - Cur epoch 23 loss ccc:0.1302
2021-06-19 21:31:04,636 - utils.logger - INFO - Cur epoch 23 loss ccc:0.9941
2021-06-19 21:31:04,637 - utils.logger - INFO - saving the model at the end of epoch 23, iters 138
2021-06-19 21:31:04,891 - utils.logger - INFO - End of training epoch 23 / 70 	 Time Taken: 1 sec, Data loading: 0 sec
2021-06-19 21:31:04,891 - utils.logger - INFO - learning rate = 0.0005000
2021-06-19 21:31:05,668 - utils.logger - INFO - Trn result of epoch 23 / 70 mse 0.3760 rmse 0.6132 pcc 0.3816 ccc 0.0131
2021-06-19 21:31:05,939 - utils.logger - INFO - Val result of epoch 23 / 70 mse 0.3961 rmse 0.6294 pcc 0.3661 ccc 0.0122
2021-06-19 21:31:06,484 - utils.logger - INFO - Cur epoch 24 loss ccc:0.1262
2021-06-19 21:31:07,037 - utils.logger - INFO - Cur epoch 24 loss ccc:0.1250
2021-06-19 21:31:07,455 - utils.logger - INFO - Cur epoch 24 loss ccc:0.9975
2021-06-19 21:31:07,455 - utils.logger - INFO - saving the model at the end of epoch 24, iters 144
2021-06-19 21:31:07,759 - utils.logger - INFO - End of training epoch 24 / 70 	 Time Taken: 1 sec, Data loading: 0 sec
2021-06-19 21:31:07,759 - utils.logger - INFO - learning rate = 0.0005000
2021-06-19 21:31:08,511 - utils.logger - INFO - Trn result of epoch 24 / 70 mse 0.2489 rmse 0.4989 pcc 0.3848 ccc 0.0212
2021-06-19 21:31:08,770 - utils.logger - INFO - Val result of epoch 24 / 70 mse 0.2633 rmse 0.5132 pcc 0.3693 ccc 0.0201
2021-06-19 21:31:09,329 - utils.logger - INFO - Cur epoch 25 loss ccc:0.1151
2021-06-19 21:31:09,881 - utils.logger - INFO - Cur epoch 25 loss ccc:0.1251
2021-06-19 21:31:10,331 - utils.logger - INFO - Cur epoch 25 loss ccc:1.0006
2021-06-19 21:31:10,331 - utils.logger - INFO - saving the model at the end of epoch 25, iters 150
2021-06-19 21:31:10,572 - utils.logger - INFO - End of training epoch 25 / 70 	 Time Taken: 1 sec, Data loading: 0 sec
2021-06-19 21:31:10,572 - utils.logger - INFO - learning rate = 0.0005000
2021-06-19 21:31:11,391 - utils.logger - INFO - Trn result of epoch 25 / 70 mse 0.2078 rmse 0.4558 pcc 0.3816 ccc 0.0278
2021-06-19 21:31:11,664 - utils.logger - INFO - Val result of epoch 25 / 70 mse 0.2196 rmse 0.4686 pcc 0.3694 ccc 0.0276
2021-06-19 21:31:12,221 - utils.logger - INFO - Cur epoch 26 loss ccc:0.1267
2021-06-19 21:31:12,792 - utils.logger - INFO - Cur epoch 26 loss ccc:0.1164
2021-06-19 21:31:13,237 - utils.logger - INFO - Cur epoch 26 loss ccc:1.0000
2021-06-19 21:31:13,237 - utils.logger - INFO - saving the model at the end of epoch 26, iters 156
2021-06-19 21:31:13,487 - utils.logger - INFO - End of training epoch 26 / 70 	 Time Taken: 1 sec, Data loading: 0 sec
2021-06-19 21:31:13,487 - utils.logger - INFO - learning rate = 0.0005000
2021-06-19 21:31:14,257 - utils.logger - INFO - Trn result of epoch 26 / 70 mse 0.1148 rmse 0.3389 pcc 0.3863 ccc 0.0412
2021-06-19 21:31:14,520 - utils.logger - INFO - Val result of epoch 26 / 70 mse 0.1216 rmse 0.3487 pcc 0.3744 ccc 0.0399
2021-06-19 21:31:15,071 - utils.logger - INFO - Cur epoch 27 loss ccc:0.1223
2021-06-19 21:31:15,633 - utils.logger - INFO - Cur epoch 27 loss ccc:0.1265
2021-06-19 21:31:16,065 - utils.logger - INFO - Cur epoch 27 loss ccc:1.0000
2021-06-19 21:31:16,066 - utils.logger - INFO - saving the model at the end of epoch 27, iters 162
2021-06-19 21:31:16,304 - utils.logger - INFO - End of training epoch 27 / 70 	 Time Taken: 1 sec, Data loading: 0 sec
2021-06-19 21:31:16,304 - utils.logger - INFO - learning rate = 0.0005000
2021-06-19 21:31:17,113 - utils.logger - INFO - Trn result of epoch 27 / 70 mse 0.1260 rmse 0.3550 pcc 0.3796 ccc 0.0330
2021-06-19 21:31:17,396 - utils.logger - INFO - Val result of epoch 27 / 70 mse 0.1335 rmse 0.3654 pcc 0.3649 ccc 0.0318
2021-06-19 21:31:17,952 - utils.logger - INFO - Cur epoch 28 loss ccc:0.1018
2021-06-19 21:31:18,533 - utils.logger - INFO - Cur epoch 28 loss ccc:0.1098
2021-06-19 21:31:18,977 - utils.logger - INFO - Cur epoch 28 loss ccc:1.0000
2021-06-19 21:31:18,978 - utils.logger - INFO - saving the model at the end of epoch 28, iters 168
2021-06-19 21:31:19,240 - utils.logger - INFO - End of training epoch 28 / 70 	 Time Taken: 1 sec, Data loading: 0 sec
2021-06-19 21:31:19,240 - utils.logger - INFO - learning rate = 0.0005000
2021-06-19 21:31:20,002 - utils.logger - INFO - Trn result of epoch 28 / 70 mse 0.0913 rmse 0.3022 pcc 0.3788 ccc 0.0411
2021-06-19 21:31:20,267 - utils.logger - INFO - Val result of epoch 28 / 70 mse 0.0961 rmse 0.3101 pcc 0.3657 ccc 0.0388
2021-06-19 21:31:20,812 - utils.logger - INFO - Cur epoch 29 loss ccc:0.1135
2021-06-19 21:31:21,359 - utils.logger - INFO - Cur epoch 29 loss ccc:0.1303
2021-06-19 21:31:21,765 - utils.logger - INFO - Cur epoch 29 loss ccc:1.0001
2021-06-19 21:31:21,766 - utils.logger - INFO - saving the model at the end of epoch 29, iters 174
2021-06-19 21:31:21,996 - utils.logger - INFO - End of training epoch 29 / 70 	 Time Taken: 1 sec, Data loading: 0 sec
2021-06-19 21:31:21,997 - utils.logger - INFO - learning rate = 0.0005000
2021-06-19 21:31:22,758 - utils.logger - INFO - Trn result of epoch 29 / 70 mse 0.0667 rmse 0.2582 pcc 0.3841 ccc 0.0505
2021-06-19 21:31:23,021 - utils.logger - INFO - Val result of epoch 29 / 70 mse 0.0687 rmse 0.2621 pcc 0.3728 ccc 0.0494
2021-06-19 21:31:23,574 - utils.logger - INFO - Cur epoch 30 loss ccc:0.1134
2021-06-19 21:31:24,114 - utils.logger - INFO - Cur epoch 30 loss ccc:0.1250
2021-06-19 21:31:24,532 - utils.logger - INFO - Cur epoch 30 loss ccc:0.9977
2021-06-19 21:31:24,532 - utils.logger - INFO - saving the model at the end of epoch 30, iters 180
2021-06-19 21:31:24,754 - utils.logger - INFO - End of training epoch 30 / 70 	 Time Taken: 1 sec, Data loading: 0 sec
2021-06-19 21:31:24,754 - utils.logger - INFO - learning rate = 0.0004878
2021-06-19 21:31:25,526 - utils.logger - INFO - Trn result of epoch 30 / 70 mse 0.1394 rmse 0.3734 pcc 0.3501 ccc 0.0081
2021-06-19 21:31:25,790 - utils.logger - INFO - Val result of epoch 30 / 70 mse 0.1492 rmse 0.3863 pcc 0.3303 ccc 0.0068
2021-06-19 21:31:26,332 - utils.logger - INFO - Cur epoch 31 loss ccc:0.1163
2021-06-19 21:31:26,889 - utils.logger - INFO - Cur epoch 31 loss ccc:0.1137
2021-06-19 21:31:27,312 - utils.logger - INFO - Cur epoch 31 loss ccc:1.0000
2021-06-19 21:31:27,312 - utils.logger - INFO - saving the model at the end of epoch 31, iters 186
2021-06-19 21:31:27,569 - utils.logger - INFO - End of training epoch 31 / 70 	 Time Taken: 1 sec, Data loading: 0 sec
2021-06-19 21:31:27,569 - utils.logger - INFO - learning rate = 0.0004756
2021-06-19 21:31:28,318 - utils.logger - INFO - Trn result of epoch 31 / 70 mse 0.4543 rmse 0.6741 pcc 0.3660 ccc 0.0053
2021-06-19 21:31:29,000 - utils.logger - INFO - Val result of epoch 31 / 70 mse 0.4794 rmse 0.6924 pcc 0.3550 ccc 0.0048
2021-06-19 21:31:29,540 - utils.logger - INFO - Cur epoch 32 loss ccc:0.1188
2021-06-19 21:31:30,100 - utils.logger - INFO - Cur epoch 32 loss ccc:0.1280
2021-06-19 21:31:30,509 - utils.logger - INFO - Cur epoch 32 loss ccc:0.9961
2021-06-19 21:31:30,509 - utils.logger - INFO - saving the model at the end of epoch 32, iters 192
2021-06-19 21:31:30,738 - utils.logger - INFO - End of training epoch 32 / 70 	 Time Taken: 1 sec, Data loading: 0 sec
2021-06-19 21:31:30,738 - utils.logger - INFO - learning rate = 0.0004634
2021-06-19 21:31:31,501 - utils.logger - INFO - Trn result of epoch 32 / 70 mse 0.2999 rmse 0.5476 pcc 0.3693 ccc 0.0066
2021-06-19 21:31:31,772 - utils.logger - INFO - Val result of epoch 32 / 70 mse 0.3190 rmse 0.5648 pcc 0.3597 ccc 0.0059
2021-06-19 21:31:32,311 - utils.logger - INFO - Cur epoch 33 loss ccc:0.1193
2021-06-19 21:31:32,868 - utils.logger - INFO - Cur epoch 33 loss ccc:0.1156
2021-06-19 21:31:33,298 - utils.logger - INFO - Cur epoch 33 loss ccc:0.9894
2021-06-19 21:31:33,298 - utils.logger - INFO - saving the model at the end of epoch 33, iters 198
2021-06-19 21:31:33,537 - utils.logger - INFO - End of training epoch 33 / 70 	 Time Taken: 1 sec, Data loading: 0 sec
2021-06-19 21:31:33,537 - utils.logger - INFO - learning rate = 0.0004512
2021-06-19 21:31:34,320 - utils.logger - INFO - Trn result of epoch 33 / 70 mse 0.0888 rmse 0.2981 pcc 0.3471 ccc 0.0072
2021-06-19 21:31:34,578 - utils.logger - INFO - Val result of epoch 33 / 70 mse 0.0730 rmse 0.2702 pcc 0.3332 ccc 0.0078
2021-06-19 21:31:35,125 - utils.logger - INFO - Cur epoch 34 loss ccc:0.1287
2021-06-19 21:31:35,686 - utils.logger - INFO - Cur epoch 34 loss ccc:0.1230
2021-06-19 21:31:36,113 - utils.logger - INFO - Cur epoch 34 loss ccc:0.9797
2021-06-19 21:31:36,113 - utils.logger - INFO - saving the model at the end of epoch 34, iters 204
2021-06-19 21:31:36,376 - utils.logger - INFO - End of training epoch 34 / 70 	 Time Taken: 1 sec, Data loading: 0 sec
2021-06-19 21:31:36,376 - utils.logger - INFO - learning rate = 0.0004390
2021-06-19 21:31:37,157 - utils.logger - INFO - Trn result of epoch 34 / 70 mse 0.1909 rmse 0.4369 pcc 0.3607 ccc 0.0077
2021-06-19 21:31:37,408 - utils.logger - INFO - Val result of epoch 34 / 70 mse 0.1670 rmse 0.4086 pcc 0.3541 ccc 0.0093
2021-06-19 21:31:37,948 - utils.logger - INFO - Cur epoch 35 loss ccc:0.1377
2021-06-19 21:31:38,509 - utils.logger - INFO - Cur epoch 35 loss ccc:0.1103
2021-06-19 21:31:38,964 - utils.logger - INFO - Cur epoch 35 loss ccc:0.9994
2021-06-19 21:31:38,964 - utils.logger - INFO - saving the model at the end of epoch 35, iters 210
2021-06-19 21:31:39,208 - utils.logger - INFO - End of training epoch 35 / 70 	 Time Taken: 1 sec, Data loading: 0 sec
2021-06-19 21:31:39,209 - utils.logger - INFO - learning rate = 0.0004268
2021-06-19 21:31:40,006 - utils.logger - INFO - Trn result of epoch 35 / 70 mse 0.1739 rmse 0.4171 pcc 0.3691 ccc 0.0093
2021-06-19 21:31:40,269 - utils.logger - INFO - Val result of epoch 35 / 70 mse 0.1511 rmse 0.3887 pcc 0.3636 ccc 0.0112
2021-06-19 21:31:40,823 - utils.logger - INFO - Cur epoch 36 loss ccc:0.1249
2021-06-19 21:31:41,379 - utils.logger - INFO - Cur epoch 36 loss ccc:0.1322
2021-06-19 21:31:41,795 - utils.logger - INFO - Cur epoch 36 loss ccc:1.0013
2021-06-19 21:31:41,795 - utils.logger - INFO - saving the model at the end of epoch 36, iters 216
2021-06-19 21:31:42,201 - utils.logger - INFO - End of training epoch 36 / 70 	 Time Taken: 1 sec, Data loading: 0 sec
2021-06-19 21:31:42,201 - utils.logger - INFO - learning rate = 0.0004146
2021-06-19 21:31:42,956 - utils.logger - INFO - Trn result of epoch 36 / 70 mse 0.1523 rmse 0.3902 pcc 0.3711 ccc 0.0161
2021-06-19 21:31:43,207 - utils.logger - INFO - Val result of epoch 36 / 70 mse 0.1314 rmse 0.3625 pcc 0.3626 ccc 0.0201
2021-06-19 21:31:43,737 - utils.logger - INFO - Cur epoch 37 loss ccc:0.1245
2021-06-19 21:31:44,291 - utils.logger - INFO - Cur epoch 37 loss ccc:0.1316
2021-06-19 21:31:44,707 - utils.logger - INFO - Cur epoch 37 loss ccc:1.0003
2021-06-19 21:31:44,707 - utils.logger - INFO - saving the model at the end of epoch 37, iters 222
2021-06-19 21:31:44,940 - utils.logger - INFO - End of training epoch 37 / 70 	 Time Taken: 1 sec, Data loading: 0 sec
2021-06-19 21:31:44,940 - utils.logger - INFO - learning rate = 0.0004024
2021-06-19 21:31:45,716 - utils.logger - INFO - Trn result of epoch 37 / 70 mse 0.8253 rmse 0.9084 pcc 0.3605 ccc 0.0042
2021-06-19 21:31:45,982 - utils.logger - INFO - Val result of epoch 37 / 70 mse 0.7804 rmse 0.8834 pcc 0.3629 ccc 0.0051
2021-06-19 21:31:46,531 - utils.logger - INFO - Cur epoch 38 loss ccc:0.1189
2021-06-19 21:31:47,085 - utils.logger - INFO - Cur epoch 38 loss ccc:0.1250
2021-06-19 21:31:47,533 - utils.logger - INFO - Cur epoch 38 loss ccc:1.0010
2021-06-19 21:31:47,533 - utils.logger - INFO - saving the model at the end of epoch 38, iters 228
2021-06-19 21:31:47,772 - utils.logger - INFO - End of training epoch 38 / 70 	 Time Taken: 1 sec, Data loading: 0 sec
2021-06-19 21:31:47,773 - utils.logger - INFO - learning rate = 0.0003902
2021-06-19 21:31:48,532 - utils.logger - INFO - Trn result of epoch 38 / 70 mse 0.9770 rmse 0.9884 pcc 0.3572 ccc 0.0038
2021-06-19 21:31:48,794 - utils.logger - INFO - Val result of epoch 38 / 70 mse 0.9289 rmse 0.9638 pcc 0.3626 ccc 0.0046
2021-06-19 21:31:49,358 - utils.logger - INFO - Cur epoch 39 loss ccc:0.1064
2021-06-19 21:31:49,933 - utils.logger - INFO - Cur epoch 39 loss ccc:0.1237
2021-06-19 21:31:50,355 - utils.logger - INFO - Cur epoch 39 loss ccc:0.9903
2021-06-19 21:31:50,355 - utils.logger - INFO - saving the model at the end of epoch 39, iters 234
2021-06-19 21:31:50,595 - utils.logger - INFO - End of training epoch 39 / 70 	 Time Taken: 1 sec, Data loading: 0 sec
2021-06-19 21:31:50,595 - utils.logger - INFO - learning rate = 0.0003780
2021-06-19 21:31:51,379 - utils.logger - INFO - Trn result of epoch 39 / 70 mse 0.8433 rmse 0.9183 pcc 0.3641 ccc 0.0039
2021-06-19 21:31:51,658 - utils.logger - INFO - Val result of epoch 39 / 70 mse 0.7973 rmse 0.8929 pcc 0.3690 ccc 0.0048
2021-06-19 21:31:52,200 - utils.logger - INFO - Cur epoch 40 loss ccc:0.1250
2021-06-19 21:31:52,735 - utils.logger - INFO - Cur epoch 40 loss ccc:0.1184
2021-06-19 21:31:53,156 - utils.logger - INFO - Cur epoch 40 loss ccc:1.0031
2021-06-19 21:31:53,156 - utils.logger - INFO - saving the model at the end of epoch 40, iters 240
2021-06-19 21:31:53,391 - utils.logger - INFO - End of training epoch 40 / 70 	 Time Taken: 1 sec, Data loading: 0 sec
2021-06-19 21:31:53,391 - utils.logger - INFO - learning rate = 0.0003659
2021-06-19 21:31:54,162 - utils.logger - INFO - Trn result of epoch 40 / 70 mse 0.7589 rmse 0.8711 pcc 0.3648 ccc 0.0041
2021-06-19 21:31:54,414 - utils.logger - INFO - Val result of epoch 40 / 70 mse 0.7148 rmse 0.8454 pcc 0.3697 ccc 0.0050
2021-06-19 21:31:54,945 - utils.logger - INFO - Cur epoch 41 loss ccc:0.1250
2021-06-19 21:31:55,486 - utils.logger - INFO - Cur epoch 41 loss ccc:0.1308
2021-06-19 21:31:55,887 - utils.logger - INFO - Cur epoch 41 loss ccc:0.9997
2021-06-19 21:31:55,887 - utils.logger - INFO - saving the model at the end of epoch 41, iters 246
2021-06-19 21:31:56,219 - utils.logger - INFO - End of training epoch 41 / 70 	 Time Taken: 1 sec, Data loading: 0 sec
2021-06-19 21:31:56,219 - utils.logger - INFO - learning rate = 0.0003537
2021-06-19 21:31:56,938 - utils.logger - INFO - Trn result of epoch 41 / 70 mse 0.7886 rmse 0.8880 pcc 0.3700 ccc 0.0041
2021-06-19 21:31:57,182 - utils.logger - INFO - Val result of epoch 41 / 70 mse 0.7431 rmse 0.8620 pcc 0.3729 ccc 0.0050
2021-06-19 21:31:57,692 - utils.logger - INFO - Cur epoch 42 loss ccc:0.1226
2021-06-19 21:31:58,244 - utils.logger - INFO - Cur epoch 42 loss ccc:0.1167
2021-06-19 21:31:58,670 - utils.logger - INFO - Cur epoch 42 loss ccc:1.0001
2021-06-19 21:31:58,671 - utils.logger - INFO - saving the model at the end of epoch 42, iters 252
2021-06-19 21:31:58,927 - utils.logger - INFO - End of training epoch 42 / 70 	 Time Taken: 1 sec, Data loading: 0 sec
2021-06-19 21:31:58,927 - utils.logger - INFO - learning rate = 0.0003415
2021-06-19 21:31:59,730 - utils.logger - INFO - Trn result of epoch 42 / 70 mse 0.7092 rmse 0.8422 pcc 0.3375 ccc 0.0034
2021-06-19 21:32:00,005 - utils.logger - INFO - Val result of epoch 42 / 70 mse 0.6669 rmse 0.8166 pcc 0.3370 ccc 0.0041
2021-06-19 21:32:00,553 - utils.logger - INFO - Cur epoch 43 loss ccc:0.1252
2021-06-19 21:32:01,093 - utils.logger - INFO - Cur epoch 43 loss ccc:0.1331
2021-06-19 21:32:01,525 - utils.logger - INFO - Cur epoch 43 loss ccc:0.9981
2021-06-19 21:32:01,525 - utils.logger - INFO - saving the model at the end of epoch 43, iters 258
2021-06-19 21:32:01,760 - utils.logger - INFO - End of training epoch 43 / 70 	 Time Taken: 1 sec, Data loading: 0 sec
2021-06-19 21:32:01,760 - utils.logger - INFO - learning rate = 0.0003293
2021-06-19 21:32:02,526 - utils.logger - INFO - Trn result of epoch 43 / 70 mse 0.6192 rmse 0.7869 pcc 0.3439 ccc 0.0038
2021-06-19 21:32:02,790 - utils.logger - INFO - Val result of epoch 43 / 70 mse 0.5791 rmse 0.7610 pcc 0.3447 ccc 0.0046
2021-06-19 21:32:03,341 - utils.logger - INFO - Cur epoch 44 loss ccc:0.1299
2021-06-19 21:32:03,909 - utils.logger - INFO - Cur epoch 44 loss ccc:0.1356
2021-06-19 21:32:04,322 - utils.logger - INFO - Cur epoch 44 loss ccc:1.0245
2021-06-19 21:32:04,322 - utils.logger - INFO - saving the model at the end of epoch 44, iters 264
2021-06-19 21:32:04,750 - utils.logger - INFO - End of training epoch 44 / 70 	 Time Taken: 1 sec, Data loading: 0 sec
2021-06-19 21:32:04,750 - utils.logger - INFO - learning rate = 0.0003171
2021-06-19 21:32:05,453 - utils.logger - INFO - Trn result of epoch 44 / 70 mse 0.5025 rmse 0.7089 pcc 0.3484 ccc 0.0046
2021-06-19 21:32:05,700 - utils.logger - INFO - Val result of epoch 44 / 70 mse 0.4660 rmse 0.6826 pcc 0.3436 ccc 0.0054
2021-06-19 21:32:06,228 - utils.logger - INFO - Cur epoch 45 loss ccc:0.1145
2021-06-19 21:32:06,795 - utils.logger - INFO - Cur epoch 45 loss ccc:0.1249
2021-06-19 21:32:07,204 - utils.logger - INFO - Cur epoch 45 loss ccc:0.9990
2021-06-19 21:32:07,204 - utils.logger - INFO - saving the model at the end of epoch 45, iters 270
2021-06-19 21:32:07,452 - utils.logger - INFO - End of training epoch 45 / 70 	 Time Taken: 1 sec, Data loading: 0 sec
2021-06-19 21:32:07,452 - utils.logger - INFO - learning rate = 0.0003049
2021-06-19 21:32:08,204 - utils.logger - INFO - Trn result of epoch 45 / 70 mse 0.5444 rmse 0.7378 pcc 0.3486 ccc 0.0042
2021-06-19 21:32:08,468 - utils.logger - INFO - Val result of epoch 45 / 70 mse 0.5064 rmse 0.7116 pcc 0.3448 ccc 0.0050
2021-06-19 21:32:09,006 - utils.logger - INFO - Cur epoch 46 loss ccc:0.1306
2021-06-19 21:32:09,572 - utils.logger - INFO - Cur epoch 46 loss ccc:0.1272
2021-06-19 21:32:09,981 - utils.logger - INFO - Cur epoch 46 loss ccc:0.9960
2021-06-19 21:32:09,982 - utils.logger - INFO - saving the model at the end of epoch 46, iters 276
2021-06-19 21:32:10,204 - utils.logger - INFO - End of training epoch 46 / 70 	 Time Taken: 1 sec, Data loading: 0 sec
2021-06-19 21:32:10,204 - utils.logger - INFO - learning rate = 0.0002927
2021-06-19 21:32:10,973 - utils.logger - INFO - Trn result of epoch 46 / 70 mse 0.3895 rmse 0.6241 pcc 0.3544 ccc 0.0056
2021-06-19 21:32:11,233 - utils.logger - INFO - Val result of epoch 46 / 70 mse 0.3567 rmse 0.5972 pcc 0.3485 ccc 0.0067
2021-06-19 21:32:11,755 - utils.logger - INFO - Cur epoch 47 loss ccc:0.1100
2021-06-19 21:32:12,311 - utils.logger - INFO - Cur epoch 47 loss ccc:0.1250
2021-06-19 21:32:12,738 - utils.logger - INFO - Cur epoch 47 loss ccc:1.0007
2021-06-19 21:32:12,738 - utils.logger - INFO - saving the model at the end of epoch 47, iters 282
2021-06-19 21:32:12,967 - utils.logger - INFO - End of training epoch 47 / 70 	 Time Taken: 1 sec, Data loading: 0 sec
2021-06-19 21:32:12,967 - utils.logger - INFO - learning rate = 0.0002805
2021-06-19 21:32:13,731 - utils.logger - INFO - Trn result of epoch 47 / 70 mse 0.6661 rmse 0.8161 pcc 0.3355 ccc 0.0026
2021-06-19 21:32:13,985 - utils.logger - INFO - Val result of epoch 47 / 70 mse 0.6234 rmse 0.7896 pcc 0.3344 ccc 0.0030
2021-06-19 21:32:14,529 - utils.logger - INFO - Cur epoch 48 loss ccc:0.1113
2021-06-19 21:32:15,079 - utils.logger - INFO - Cur epoch 48 loss ccc:0.1200
2021-06-19 21:32:15,475 - utils.logger - INFO - Cur epoch 48 loss ccc:0.9995
2021-06-19 21:32:15,475 - utils.logger - INFO - saving the model at the end of epoch 48, iters 288
2021-06-19 21:32:15,704 - utils.logger - INFO - End of training epoch 48 / 70 	 Time Taken: 1 sec, Data loading: 0 sec
2021-06-19 21:32:15,704 - utils.logger - INFO - learning rate = 0.0002683
2021-06-19 21:32:16,465 - utils.logger - INFO - Trn result of epoch 48 / 70 mse 0.5956 rmse 0.7718 pcc 0.3403 ccc 0.0030
2021-06-19 21:32:16,736 - utils.logger - INFO - Val result of epoch 48 / 70 mse 0.5552 rmse 0.7451 pcc 0.3376 ccc 0.0035
2021-06-19 21:32:17,294 - utils.logger - INFO - Cur epoch 49 loss ccc:0.1275
2021-06-19 21:32:17,864 - utils.logger - INFO - Cur epoch 49 loss ccc:0.1161
2021-06-19 21:32:18,300 - utils.logger - INFO - Cur epoch 49 loss ccc:1.0024
2021-06-19 21:32:18,300 - utils.logger - INFO - saving the model at the end of epoch 49, iters 294
2021-06-19 21:32:18,624 - utils.logger - INFO - End of training epoch 49 / 70 	 Time Taken: 1 sec, Data loading: 0 sec
2021-06-19 21:32:18,624 - utils.logger - INFO - learning rate = 0.0002561
2021-06-19 21:32:19,395 - utils.logger - INFO - Trn result of epoch 49 / 70 mse 0.5013 rmse 0.7080 pcc 0.3111 ccc 0.0023
2021-06-19 21:32:19,670 - utils.logger - INFO - Val result of epoch 49 / 70 mse 0.4632 rmse 0.6806 pcc 0.3091 ccc 0.0025
2021-06-19 21:32:20,215 - utils.logger - INFO - Cur epoch 50 loss ccc:0.1348
2021-06-19 21:32:20,761 - utils.logger - INFO - Cur epoch 50 loss ccc:0.1241
2021-06-19 21:32:21,172 - utils.logger - INFO - Cur epoch 50 loss ccc:0.9877
2021-06-19 21:32:21,172 - utils.logger - INFO - saving the model at the end of epoch 50, iters 300
2021-06-19 21:32:21,388 - utils.logger - INFO - End of training epoch 50 / 70 	 Time Taken: 1 sec, Data loading: 0 sec
2021-06-19 21:32:21,388 - utils.logger - INFO - learning rate = 0.0002439
2021-06-19 21:32:22,156 - utils.logger - INFO - Trn result of epoch 50 / 70 mse 0.4793 rmse 0.6923 pcc 0.3017 ccc 0.0020
2021-06-19 21:32:22,409 - utils.logger - INFO - Val result of epoch 50 / 70 mse 0.4418 rmse 0.6647 pcc 0.2989 ccc 0.0022
2021-06-19 21:32:22,950 - utils.logger - INFO - Cur epoch 51 loss ccc:0.1249
2021-06-19 21:32:23,536 - utils.logger - INFO - Cur epoch 51 loss ccc:0.1268
2021-06-19 21:32:23,965 - utils.logger - INFO - Cur epoch 51 loss ccc:1.0009
2021-06-19 21:32:23,965 - utils.logger - INFO - saving the model at the end of epoch 51, iters 306
2021-06-19 21:32:24,208 - utils.logger - INFO - End of training epoch 51 / 70 	 Time Taken: 1 sec, Data loading: 0 sec
2021-06-19 21:32:24,209 - utils.logger - INFO - learning rate = 0.0002317
2021-06-19 21:32:24,974 - utils.logger - INFO - Trn result of epoch 51 / 70 mse 0.4269 rmse 0.6534 pcc 0.3023 ccc 0.0022
2021-06-19 21:32:25,239 - utils.logger - INFO - Val result of epoch 51 / 70 mse 0.3914 rmse 0.6256 pcc 0.2985 ccc 0.0023
2021-06-19 21:32:25,789 - utils.logger - INFO - Cur epoch 52 loss ccc:0.1334
2021-06-19 21:32:26,337 - utils.logger - INFO - Cur epoch 52 loss ccc:0.1126
2021-06-19 21:32:26,750 - utils.logger - INFO - Cur epoch 52 loss ccc:0.9983
2021-06-19 21:32:26,750 - utils.logger - INFO - saving the model at the end of epoch 52, iters 312
2021-06-19 21:32:26,977 - utils.logger - INFO - End of training epoch 52 / 70 	 Time Taken: 1 sec, Data loading: 0 sec
2021-06-19 21:32:26,977 - utils.logger - INFO - learning rate = 0.0002195
2021-06-19 21:32:27,738 - utils.logger - INFO - Trn result of epoch 52 / 70 mse 0.3875 rmse 0.6225 pcc 0.3554 ccc 0.0034
2021-06-19 21:32:27,994 - utils.logger - INFO - Val result of epoch 52 / 70 mse 0.3532 rmse 0.5943 pcc 0.3630 ccc 0.0041
2021-06-19 21:32:28,558 - utils.logger - INFO - Cur epoch 53 loss ccc:0.1342
2021-06-19 21:32:29,100 - utils.logger - INFO - Cur epoch 53 loss ccc:0.1098
2021-06-19 21:32:29,520 - utils.logger - INFO - Cur epoch 53 loss ccc:1.0008
2021-06-19 21:32:29,520 - utils.logger - INFO - saving the model at the end of epoch 53, iters 318
2021-06-19 21:32:29,747 - utils.logger - INFO - End of training epoch 53 / 70 	 Time Taken: 1 sec, Data loading: 0 sec
2021-06-19 21:32:29,747 - utils.logger - INFO - learning rate = 0.0002073
2021-06-19 21:32:30,545 - utils.logger - INFO - Trn result of epoch 53 / 70 mse 0.3627 rmse 0.6022 pcc 0.3425 ccc 0.0033
2021-06-19 21:32:30,817 - utils.logger - INFO - Val result of epoch 53 / 70 mse 0.3297 rmse 0.5742 pcc 0.3485 ccc 0.0039
2021-06-19 21:32:31,381 - utils.logger - INFO - Cur epoch 54 loss ccc:0.1243
2021-06-19 21:32:31,943 - utils.logger - INFO - Cur epoch 54 loss ccc:0.1250
2021-06-19 21:32:32,372 - utils.logger - INFO - Cur epoch 54 loss ccc:1.0002
2021-06-19 21:32:32,373 - utils.logger - INFO - saving the model at the end of epoch 54, iters 324
2021-06-19 21:32:32,651 - utils.logger - INFO - End of training epoch 54 / 70 	 Time Taken: 1 sec, Data loading: 0 sec
2021-06-19 21:32:32,651 - utils.logger - INFO - learning rate = 0.0001951
2021-06-19 21:32:33,417 - utils.logger - INFO - Trn result of epoch 54 / 70 mse 0.3494 rmse 0.5911 pcc 0.3430 ccc 0.0034
2021-06-19 21:32:33,679 - utils.logger - INFO - Val result of epoch 54 / 70 mse 0.3170 rmse 0.5631 pcc 0.3479 ccc 0.0040
2021-06-19 21:32:34,231 - utils.logger - INFO - Cur epoch 55 loss ccc:0.1006
2021-06-19 21:32:34,775 - utils.logger - INFO - Cur epoch 55 loss ccc:0.1329
2021-06-19 21:32:35,175 - utils.logger - INFO - Cur epoch 55 loss ccc:1.0365
2021-06-19 21:32:35,175 - utils.logger - INFO - saving the model at the end of epoch 55, iters 330
2021-06-19 21:32:35,493 - utils.logger - INFO - End of training epoch 55 / 70 	 Time Taken: 1 sec, Data loading: 0 sec
2021-06-19 21:32:35,493 - utils.logger - INFO - learning rate = 0.0001829
2021-06-19 21:32:36,251 - utils.logger - INFO - Trn result of epoch 55 / 70 mse 0.3726 rmse 0.6104 pcc 0.3408 ccc 0.0032
2021-06-19 21:32:36,503 - utils.logger - INFO - Val result of epoch 55 / 70 mse 0.3392 rmse 0.5824 pcc 0.3530 ccc 0.0039
2021-06-19 21:32:37,036 - utils.logger - INFO - Cur epoch 56 loss ccc:0.1193
2021-06-19 21:32:37,578 - utils.logger - INFO - Cur epoch 56 loss ccc:0.1275
2021-06-19 21:32:37,997 - utils.logger - INFO - Cur epoch 56 loss ccc:0.9991
2021-06-19 21:32:37,998 - utils.logger - INFO - saving the model at the end of epoch 56, iters 336
2021-06-19 21:32:38,248 - utils.logger - INFO - End of training epoch 56 / 70 	 Time Taken: 1 sec, Data loading: 0 sec
2021-06-19 21:32:38,249 - utils.logger - INFO - learning rate = 0.0001707
2021-06-19 21:32:39,029 - utils.logger - INFO - Trn result of epoch 56 / 70 mse 0.3963 rmse 0.6295 pcc 0.3390 ccc 0.0031
2021-06-19 21:32:39,281 - utils.logger - INFO - Val result of epoch 56 / 70 mse 0.3619 rmse 0.6016 pcc 0.3511 ccc 0.0037
2021-06-19 21:32:39,837 - utils.logger - INFO - Cur epoch 57 loss ccc:0.1106
2021-06-19 21:32:40,406 - utils.logger - INFO - Cur epoch 57 loss ccc:0.1265
2021-06-19 21:32:40,841 - utils.logger - INFO - Cur epoch 57 loss ccc:1.0018
2021-06-19 21:32:40,841 - utils.logger - INFO - saving the model at the end of epoch 57, iters 342
2021-06-19 21:32:41,106 - utils.logger - INFO - End of training epoch 57 / 70 	 Time Taken: 1 sec, Data loading: 0 sec
2021-06-19 21:32:41,107 - utils.logger - INFO - learning rate = 0.0001585
2021-06-19 21:32:41,868 - utils.logger - INFO - Trn result of epoch 57 / 70 mse 0.3737 rmse 0.6113 pcc 0.3414 ccc 0.0033
2021-06-19 21:32:42,133 - utils.logger - INFO - Val result of epoch 57 / 70 mse 0.3403 rmse 0.5833 pcc 0.3524 ccc 0.0040
2021-06-19 21:32:42,678 - utils.logger - INFO - Cur epoch 58 loss ccc:0.1232
2021-06-19 21:32:43,253 - utils.logger - INFO - Cur epoch 58 loss ccc:0.1461
2021-06-19 21:32:43,681 - utils.logger - INFO - Cur epoch 58 loss ccc:1.0107
2021-06-19 21:32:43,681 - utils.logger - INFO - saving the model at the end of epoch 58, iters 348
2021-06-19 21:32:43,965 - utils.logger - INFO - End of training epoch 58 / 70 	 Time Taken: 1 sec, Data loading: 0 sec
2021-06-19 21:32:43,965 - utils.logger - INFO - learning rate = 0.0001463
2021-06-19 21:32:44,739 - utils.logger - INFO - Trn result of epoch 58 / 70 mse 0.3676 rmse 0.6063 pcc 0.3450 ccc 0.0035
2021-06-19 21:32:45,002 - utils.logger - INFO - Val result of epoch 58 / 70 mse 0.3344 rmse 0.5783 pcc 0.3578 ccc 0.0043
2021-06-19 21:32:45,556 - utils.logger - INFO - Cur epoch 59 loss ccc:0.1250
2021-06-19 21:32:46,105 - utils.logger - INFO - Cur epoch 59 loss ccc:0.1236
2021-06-19 21:32:46,531 - utils.logger - INFO - Cur epoch 59 loss ccc:1.0030
2021-06-19 21:32:46,532 - utils.logger - INFO - saving the model at the end of epoch 59, iters 354
2021-06-19 21:32:46,772 - utils.logger - INFO - End of training epoch 59 / 70 	 Time Taken: 1 sec, Data loading: 0 sec
2021-06-19 21:32:46,772 - utils.logger - INFO - learning rate = 0.0001341
2021-06-19 21:32:47,530 - utils.logger - INFO - Trn result of epoch 59 / 70 mse 0.3419 rmse 0.5847 pcc 0.3542 ccc 0.0036
2021-06-19 21:32:47,785 - utils.logger - INFO - Val result of epoch 59 / 70 mse 0.3096 rmse 0.5564 pcc 0.3574 ccc 0.0043
2021-06-19 21:32:48,344 - utils.logger - INFO - Cur epoch 60 loss ccc:0.1339
2021-06-19 21:32:48,896 - utils.logger - INFO - Cur epoch 60 loss ccc:0.1323
2021-06-19 21:32:49,330 - utils.logger - INFO - Cur epoch 60 loss ccc:0.9998
2021-06-19 21:32:49,331 - utils.logger - INFO - saving the model at the end of epoch 60, iters 360
2021-06-19 21:32:49,570 - utils.logger - INFO - End of training epoch 60 / 70 	 Time Taken: 1 sec, Data loading: 0 sec
2021-06-19 21:32:49,571 - utils.logger - INFO - learning rate = 0.0001220
2021-06-19 21:32:50,360 - utils.logger - INFO - Trn result of epoch 60 / 70 mse 0.3533 rmse 0.5944 pcc 0.3223 ccc 0.0031
2021-06-19 21:32:50,634 - utils.logger - INFO - Val result of epoch 60 / 70 mse 0.3211 rmse 0.5667 pcc 0.3217 ccc 0.0037
2021-06-19 21:32:51,178 - utils.logger - INFO - Cur epoch 61 loss ccc:0.1243
2021-06-19 21:32:51,747 - utils.logger - INFO - Cur epoch 61 loss ccc:0.1324
2021-06-19 21:32:52,170 - utils.logger - INFO - Cur epoch 61 loss ccc:1.0007
2021-06-19 21:32:52,170 - utils.logger - INFO - saving the model at the end of epoch 61, iters 366
2021-06-19 21:32:52,456 - utils.logger - INFO - End of training epoch 61 / 70 	 Time Taken: 1 sec, Data loading: 0 sec
2021-06-19 21:32:52,457 - utils.logger - INFO - learning rate = 0.0001098
2021-06-19 21:32:53,237 - utils.logger - INFO - Trn result of epoch 61 / 70 mse 0.3160 rmse 0.5622 pcc 0.3337 ccc 0.0041
2021-06-19 21:32:53,507 - utils.logger - INFO - Val result of epoch 61 / 70 mse 0.2856 rmse 0.5344 pcc 0.3303 ccc 0.0048
2021-06-19 21:32:54,053 - utils.logger - INFO - Cur epoch 62 loss ccc:0.1238
2021-06-19 21:32:54,621 - utils.logger - INFO - Cur epoch 62 loss ccc:0.1233
2021-06-19 21:32:55,036 - utils.logger - INFO - Cur epoch 62 loss ccc:0.9995
2021-06-19 21:32:55,036 - utils.logger - INFO - saving the model at the end of epoch 62, iters 372
2021-06-19 21:32:55,387 - utils.logger - INFO - End of training epoch 62 / 70 	 Time Taken: 1 sec, Data loading: 0 sec
2021-06-19 21:32:55,387 - utils.logger - INFO - learning rate = 0.0000976
2021-06-19 21:32:56,162 - utils.logger - INFO - Trn result of epoch 62 / 70 mse 0.2839 rmse 0.5328 pcc 0.3372 ccc 0.0046
2021-06-19 21:32:56,415 - utils.logger - INFO - Val result of epoch 62 / 70 mse 0.2550 rmse 0.5050 pcc 0.3329 ccc 0.0055
2021-06-19 21:32:56,952 - utils.logger - INFO - Cur epoch 63 loss ccc:0.1337
2021-06-19 21:32:57,539 - utils.logger - INFO - Cur epoch 63 loss ccc:0.1219
2021-06-19 21:32:57,960 - utils.logger - INFO - Cur epoch 63 loss ccc:0.9852
2021-06-19 21:32:57,960 - utils.logger - INFO - saving the model at the end of epoch 63, iters 378
2021-06-19 21:32:58,384 - utils.logger - INFO - End of training epoch 63 / 70 	 Time Taken: 1 sec, Data loading: 0 sec
2021-06-19 21:32:58,384 - utils.logger - INFO - learning rate = 0.0000854
2021-06-19 21:32:59,167 - utils.logger - INFO - Trn result of epoch 63 / 70 mse 0.3251 rmse 0.5702 pcc 0.3343 ccc 0.0041
2021-06-19 21:32:59,434 - utils.logger - INFO - Val result of epoch 63 / 70 mse 0.2944 rmse 0.5426 pcc 0.3313 ccc 0.0049
2021-06-19 21:32:59,989 - utils.logger - INFO - Cur epoch 64 loss ccc:0.1099
2021-06-19 21:33:00,550 - utils.logger - INFO - Cur epoch 64 loss ccc:0.1224
2021-06-19 21:33:00,988 - utils.logger - INFO - Cur epoch 64 loss ccc:1.0000
2021-06-19 21:33:00,988 - utils.logger - INFO - saving the model at the end of epoch 64, iters 384
2021-06-19 21:33:01,223 - utils.logger - INFO - End of training epoch 64 / 70 	 Time Taken: 1 sec, Data loading: 0 sec
2021-06-19 21:33:01,223 - utils.logger - INFO - learning rate = 0.0000732
2021-06-19 21:33:01,992 - utils.logger - INFO - Trn result of epoch 64 / 70 mse 0.3273 rmse 0.5721 pcc 0.3339 ccc 0.0041
2021-06-19 21:33:02,271 - utils.logger - INFO - Val result of epoch 64 / 70 mse 0.2965 rmse 0.5445 pcc 0.3311 ccc 0.0049
2021-06-19 21:33:02,809 - utils.logger - INFO - Cur epoch 65 loss ccc:0.1314
2021-06-19 21:33:03,362 - utils.logger - INFO - Cur epoch 65 loss ccc:0.1273
2021-06-19 21:33:03,765 - utils.logger - INFO - Cur epoch 65 loss ccc:0.9981
2021-06-19 21:33:03,765 - utils.logger - INFO - saving the model at the end of epoch 65, iters 390
2021-06-19 21:33:03,981 - utils.logger - INFO - End of training epoch 65 / 70 	 Time Taken: 1 sec, Data loading: 0 sec
2021-06-19 21:33:03,981 - utils.logger - INFO - learning rate = 0.0000610
2021-06-19 21:33:04,757 - utils.logger - INFO - Trn result of epoch 65 / 70 mse 0.3179 rmse 0.5638 pcc 0.3342 ccc 0.0042
2021-06-19 21:33:05,026 - utils.logger - INFO - Val result of epoch 65 / 70 mse 0.2875 rmse 0.5362 pcc 0.3312 ccc 0.0050
2021-06-19 21:33:05,552 - utils.logger - INFO - Cur epoch 66 loss ccc:0.1250
2021-06-19 21:33:06,108 - utils.logger - INFO - Cur epoch 66 loss ccc:0.1080
2021-06-19 21:33:06,521 - utils.logger - INFO - Cur epoch 66 loss ccc:0.9976
2021-06-19 21:33:06,521 - utils.logger - INFO - saving the model at the end of epoch 66, iters 396
2021-06-19 21:33:06,761 - utils.logger - INFO - End of training epoch 66 / 70 	 Time Taken: 1 sec, Data loading: 0 sec
2021-06-19 21:33:06,761 - utils.logger - INFO - learning rate = 0.0000488
2021-06-19 21:33:07,525 - utils.logger - INFO - Trn result of epoch 66 / 70 mse 0.3123 rmse 0.5588 pcc 0.3344 ccc 0.0042
2021-06-19 21:33:07,788 - utils.logger - INFO - Val result of epoch 66 / 70 mse 0.2821 rmse 0.5311 pcc 0.3312 ccc 0.0050
2021-06-19 21:33:08,323 - utils.logger - INFO - Cur epoch 67 loss ccc:0.1219
2021-06-19 21:33:08,876 - utils.logger - INFO - Cur epoch 67 loss ccc:0.1252
2021-06-19 21:33:09,292 - utils.logger - INFO - Cur epoch 67 loss ccc:1.0009
2021-06-19 21:33:09,293 - utils.logger - INFO - saving the model at the end of epoch 67, iters 402
2021-06-19 21:33:09,541 - utils.logger - INFO - End of training epoch 67 / 70 	 Time Taken: 1 sec, Data loading: 0 sec
2021-06-19 21:33:09,541 - utils.logger - INFO - learning rate = 0.0000366
2021-06-19 21:33:10,301 - utils.logger - INFO - Trn result of epoch 67 / 70 mse 0.3028 rmse 0.5502 pcc 0.3355 ccc 0.0043
2021-06-19 21:33:10,553 - utils.logger - INFO - Val result of epoch 67 / 70 mse 0.2730 rmse 0.5225 pcc 0.3320 ccc 0.0052
2021-06-19 21:33:11,091 - utils.logger - INFO - Cur epoch 68 loss ccc:0.1250
2021-06-19 21:33:11,657 - utils.logger - INFO - Cur epoch 68 loss ccc:0.1199
2021-06-19 21:33:12,059 - utils.logger - INFO - Cur epoch 68 loss ccc:1.0002
2021-06-19 21:33:12,059 - utils.logger - INFO - saving the model at the end of epoch 68, iters 408
2021-06-19 21:33:12,278 - utils.logger - INFO - End of training epoch 68 / 70 	 Time Taken: 1 sec, Data loading: 0 sec
2021-06-19 21:33:12,278 - utils.logger - INFO - learning rate = 0.0000244
2021-06-19 21:33:13,034 - utils.logger - INFO - Trn result of epoch 68 / 70 mse 0.2967 rmse 0.5447 pcc 0.3354 ccc 0.0044
2021-06-19 21:33:13,282 - utils.logger - INFO - Val result of epoch 68 / 70 mse 0.2672 rmse 0.5169 pcc 0.3318 ccc 0.0052
2021-06-19 21:33:13,825 - utils.logger - INFO - Cur epoch 69 loss ccc:0.1290
2021-06-19 21:33:14,389 - utils.logger - INFO - Cur epoch 69 loss ccc:0.1104
2021-06-19 21:33:14,823 - utils.logger - INFO - Cur epoch 69 loss ccc:0.9976
2021-06-19 21:33:14,824 - utils.logger - INFO - saving the model at the end of epoch 69, iters 414
2021-06-19 21:33:15,286 - utils.logger - INFO - End of training epoch 69 / 70 	 Time Taken: 2 sec, Data loading: 0 sec
2021-06-19 21:33:15,286 - utils.logger - INFO - learning rate = 0.0000122
2021-06-19 21:33:16,063 - utils.logger - INFO - Trn result of epoch 69 / 70 mse 0.2923 rmse 0.5406 pcc 0.3355 ccc 0.0044
2021-06-19 21:33:16,321 - utils.logger - INFO - Val result of epoch 69 / 70 mse 0.2630 rmse 0.5128 pcc 0.3318 ccc 0.0053
2021-06-19 21:33:16,874 - utils.logger - INFO - Cur epoch 70 loss ccc:0.1308
2021-06-19 21:33:17,419 - utils.logger - INFO - Cur epoch 70 loss ccc:0.1227
2021-06-19 21:33:17,856 - utils.logger - INFO - Cur epoch 70 loss ccc:0.9989
2021-06-19 21:33:17,856 - utils.logger - INFO - saving the model at the end of epoch 70, iters 420
2021-06-19 21:33:18,096 - utils.logger - INFO - End of training epoch 70 / 70 	 Time Taken: 1 sec, Data loading: 0 sec
2021-06-19 21:33:18,096 - utils.logger - INFO - learning rate = 0.0000000
2021-06-19 21:33:18,868 - utils.logger - INFO - Trn result of epoch 70 / 70 mse 0.2920 rmse 0.5404 pcc 0.3360 ccc 0.0044
2021-06-19 21:33:19,128 - utils.logger - INFO - Val result of epoch 70 / 70 mse 0.2628 rmse 0.5126 pcc 0.3321 ccc 0.0053
2021-06-19 21:33:19,187 - utils.logger - INFO - Best eval epoch 3 found with ccc 0.350745
2021-06-19 21:33:19,187 - utils.logger - INFO - baseline_fcfusion_wonorm_deepspectrum-egemaps_valence_hidden1024_seq100_lr0.0005_cccloss_run1
