2021-06-16 14:37:27,545 - utils.logger - INFO - The number of training samples = 41
2021-06-16 14:37:30,804 - utils.logger - INFO - Cur epoch 1 loss ccc:0.1233
2021-06-16 14:37:31,233 - utils.logger - INFO - Cur epoch 1 loss ccc:0.1358
2021-06-16 14:37:31,561 - utils.logger - INFO - Cur epoch 1 loss ccc:1.0183
2021-06-16 14:37:31,561 - utils.logger - INFO - saving the model at the end of epoch 1, iters 6
2021-06-16 14:37:31,824 - utils.logger - INFO - End of training epoch 1 / 60 	 Time Taken: 1 sec, Data loading: 0 sec
2021-06-16 14:37:31,824 - utils.logger - INFO - learning rate = 0.0005000
2021-06-16 14:37:32,271 - utils.logger - INFO - Trn result of epoch 1 / 60 mse 0.1111 rmse 0.3333 pcc -0.0597 ccc -0.0074
2021-06-16 14:37:32,439 - utils.logger - INFO - Val result of epoch 1 / 60 mse 0.1322 rmse 0.3636 pcc 0.1472 ccc 0.0193
2021-06-16 14:37:32,883 - utils.logger - INFO - Cur epoch 2 loss ccc:0.1037
2021-06-16 14:37:33,317 - utils.logger - INFO - Cur epoch 2 loss ccc:0.1243
2021-06-16 14:37:33,671 - utils.logger - INFO - Cur epoch 2 loss ccc:1.0187
2021-06-16 14:37:33,671 - utils.logger - INFO - saving the model at the end of epoch 2, iters 12
2021-06-16 14:37:33,879 - utils.logger - INFO - End of training epoch 2 / 60 	 Time Taken: 1 sec, Data loading: 0 sec
2021-06-16 14:37:33,880 - utils.logger - INFO - learning rate = 0.0005000
2021-06-16 14:37:34,315 - utils.logger - INFO - Trn result of epoch 2 / 60 mse 0.1404 rmse 0.3747 pcc -0.0490 ccc -0.0103
2021-06-16 14:37:34,481 - utils.logger - INFO - Val result of epoch 2 / 60 mse 0.1667 rmse 0.4083 pcc 0.1473 ccc 0.0322
2021-06-16 14:37:34,888 - utils.logger - INFO - Cur epoch 3 loss ccc:0.1250
2021-06-16 14:37:35,297 - utils.logger - INFO - Cur epoch 3 loss ccc:0.1306
2021-06-16 14:37:35,688 - utils.logger - INFO - Cur epoch 3 loss ccc:0.9978
2021-06-16 14:37:35,688 - utils.logger - INFO - saving the model at the end of epoch 3, iters 18
2021-06-16 14:37:35,958 - utils.logger - INFO - End of training epoch 3 / 60 	 Time Taken: 1 sec, Data loading: 0 sec
2021-06-16 14:37:35,958 - utils.logger - INFO - learning rate = 0.0005000
2021-06-16 14:37:36,437 - utils.logger - INFO - Trn result of epoch 3 / 60 mse 0.7050 rmse 0.8397 pcc -0.0908 ccc -0.0091
2021-06-16 14:37:36,601 - utils.logger - INFO - Val result of epoch 3 / 60 mse 0.7499 rmse 0.8660 pcc 0.1357 ccc 0.0164
2021-06-16 14:37:37,028 - utils.logger - INFO - Cur epoch 4 loss ccc:0.1237
2021-06-16 14:37:37,479 - utils.logger - INFO - Cur epoch 4 loss ccc:0.1161
2021-06-16 14:37:37,854 - utils.logger - INFO - Cur epoch 4 loss ccc:1.0916
2021-06-16 14:37:37,854 - utils.logger - INFO - saving the model at the end of epoch 4, iters 24
2021-06-16 14:37:38,142 - utils.logger - INFO - End of training epoch 4 / 60 	 Time Taken: 1 sec, Data loading: 0 sec
2021-06-16 14:37:38,142 - utils.logger - INFO - learning rate = 0.0005000
2021-06-16 14:37:38,606 - utils.logger - INFO - Trn result of epoch 4 / 60 mse 0.1388 rmse 0.3725 pcc 0.0482 ccc 0.0070
2021-06-16 14:37:38,776 - utils.logger - INFO - Val result of epoch 4 / 60 mse 0.1707 rmse 0.4132 pcc 0.1518 ccc 0.0207
2021-06-16 14:37:39,195 - utils.logger - INFO - Cur epoch 5 loss ccc:0.1017
2021-06-16 14:37:39,638 - utils.logger - INFO - Cur epoch 5 loss ccc:0.1222
2021-06-16 14:37:40,017 - utils.logger - INFO - Cur epoch 5 loss ccc:0.9519
2021-06-16 14:37:40,017 - utils.logger - INFO - saving the model at the end of epoch 5, iters 30
2021-06-16 14:37:40,421 - utils.logger - INFO - End of training epoch 5 / 60 	 Time Taken: 1 sec, Data loading: 0 sec
2021-06-16 14:37:40,421 - utils.logger - INFO - learning rate = 0.0005000
2021-06-16 14:37:40,864 - utils.logger - INFO - Trn result of epoch 5 / 60 mse 0.1758 rmse 0.4193 pcc 0.0148 ccc 0.0005
2021-06-16 14:37:41,030 - utils.logger - INFO - Val result of epoch 5 / 60 mse 0.2148 rmse 0.4634 pcc 0.1959 ccc 0.0070
2021-06-16 14:37:41,469 - utils.logger - INFO - Cur epoch 6 loss ccc:0.1104
2021-06-16 14:37:41,928 - utils.logger - INFO - Cur epoch 6 loss ccc:0.1110
2021-06-16 14:37:42,317 - utils.logger - INFO - Cur epoch 6 loss ccc:1.0145
2021-06-16 14:37:42,318 - utils.logger - INFO - saving the model at the end of epoch 6, iters 36
2021-06-16 14:37:42,593 - utils.logger - INFO - End of training epoch 6 / 60 	 Time Taken: 1 sec, Data loading: 0 sec
2021-06-16 14:37:42,593 - utils.logger - INFO - learning rate = 0.0005000
2021-06-16 14:37:43,022 - utils.logger - INFO - Trn result of epoch 6 / 60 mse 0.1405 rmse 0.3749 pcc 0.0662 ccc 0.0014
2021-06-16 14:37:43,186 - utils.logger - INFO - Val result of epoch 6 / 60 mse 0.1487 rmse 0.3856 pcc 0.0907 ccc 0.0018
2021-06-16 14:37:43,616 - utils.logger - INFO - Cur epoch 7 loss ccc:0.1366
2021-06-16 14:37:44,033 - utils.logger - INFO - Cur epoch 7 loss ccc:0.1267
2021-06-16 14:37:44,367 - utils.logger - INFO - Cur epoch 7 loss ccc:1.0223
2021-06-16 14:37:44,367 - utils.logger - INFO - saving the model at the end of epoch 7, iters 42
2021-06-16 14:37:44,622 - utils.logger - INFO - End of training epoch 7 / 60 	 Time Taken: 1 sec, Data loading: 0 sec
2021-06-16 14:37:44,622 - utils.logger - INFO - learning rate = 0.0005000
2021-06-16 14:37:45,041 - utils.logger - INFO - Trn result of epoch 7 / 60 mse 0.2042 rmse 0.4519 pcc 0.1174 ccc 0.0016
2021-06-16 14:37:45,186 - utils.logger - INFO - Val result of epoch 7 / 60 mse 0.2030 rmse 0.4505 pcc 0.0435 ccc 0.0006
2021-06-16 14:37:45,600 - utils.logger - INFO - Cur epoch 8 loss ccc:0.1289
2021-06-16 14:37:46,029 - utils.logger - INFO - Cur epoch 8 loss ccc:0.1442
2021-06-16 14:37:46,396 - utils.logger - INFO - Cur epoch 8 loss ccc:0.9722
2021-06-16 14:37:46,397 - utils.logger - INFO - saving the model at the end of epoch 8, iters 48
2021-06-16 14:37:46,669 - utils.logger - INFO - End of training epoch 8 / 60 	 Time Taken: 1 sec, Data loading: 0 sec
2021-06-16 14:37:46,670 - utils.logger - INFO - learning rate = 0.0005000
2021-06-16 14:37:47,144 - utils.logger - INFO - Trn result of epoch 8 / 60 mse 0.2024 rmse 0.4499 pcc 0.0699 ccc 0.0010
2021-06-16 14:37:47,311 - utils.logger - INFO - Val result of epoch 8 / 60 mse 0.2013 rmse 0.4486 pcc 0.1143 ccc 0.0016
2021-06-16 14:37:47,757 - utils.logger - INFO - Cur epoch 9 loss ccc:0.1197
2021-06-16 14:37:48,206 - utils.logger - INFO - Cur epoch 9 loss ccc:0.1298
2021-06-16 14:37:48,583 - utils.logger - INFO - Cur epoch 9 loss ccc:1.0006
2021-06-16 14:37:48,584 - utils.logger - INFO - saving the model at the end of epoch 9, iters 54
2021-06-16 14:37:48,910 - utils.logger - INFO - End of training epoch 9 / 60 	 Time Taken: 1 sec, Data loading: 0 sec
2021-06-16 14:37:48,910 - utils.logger - INFO - learning rate = 0.0005000
2021-06-16 14:37:49,367 - utils.logger - INFO - Trn result of epoch 9 / 60 mse 0.2429 rmse 0.4928 pcc 0.0430 ccc 0.0007
2021-06-16 14:37:49,533 - utils.logger - INFO - Val result of epoch 9 / 60 mse 0.2372 rmse 0.4870 pcc 0.1320 ccc 0.0024
2021-06-16 14:37:49,990 - utils.logger - INFO - Cur epoch 10 loss ccc:0.1217
2021-06-16 14:37:50,447 - utils.logger - INFO - Cur epoch 10 loss ccc:0.1338
2021-06-16 14:37:50,825 - utils.logger - INFO - Cur epoch 10 loss ccc:0.9990
2021-06-16 14:37:50,826 - utils.logger - INFO - saving the model at the end of epoch 10, iters 60
2021-06-16 14:37:51,093 - utils.logger - INFO - End of training epoch 10 / 60 	 Time Taken: 1 sec, Data loading: 0 sec
2021-06-16 14:37:51,093 - utils.logger - INFO - learning rate = 0.0004902
2021-06-16 14:37:51,526 - utils.logger - INFO - Trn result of epoch 10 / 60 mse 0.2533 rmse 0.5033 pcc 0.0263 ccc 0.0004
2021-06-16 14:37:51,670 - utils.logger - INFO - Val result of epoch 10 / 60 mse 0.2464 rmse 0.4964 pcc 0.1321 ccc 0.0024
2021-06-16 14:37:52,085 - utils.logger - INFO - Cur epoch 11 loss ccc:0.1384
2021-06-16 14:37:52,506 - utils.logger - INFO - Cur epoch 11 loss ccc:0.1262
2021-06-16 14:37:52,896 - utils.logger - INFO - Cur epoch 11 loss ccc:1.0098
2021-06-16 14:37:52,897 - utils.logger - INFO - saving the model at the end of epoch 11, iters 66
2021-06-16 14:37:53,179 - utils.logger - INFO - End of training epoch 11 / 60 	 Time Taken: 1 sec, Data loading: 0 sec
2021-06-16 14:37:53,179 - utils.logger - INFO - learning rate = 0.0004804
2021-06-16 14:37:53,645 - utils.logger - INFO - Trn result of epoch 11 / 60 mse 0.1876 rmse 0.4331 pcc -0.0045 ccc -0.0001
2021-06-16 14:37:53,806 - utils.logger - INFO - Val result of epoch 11 / 60 mse 0.1877 rmse 0.4333 pcc 0.1544 ccc 0.0056
2021-06-16 14:37:54,236 - utils.logger - INFO - Cur epoch 12 loss ccc:0.1350
2021-06-16 14:37:54,674 - utils.logger - INFO - Cur epoch 12 loss ccc:0.1052
2021-06-16 14:37:55,011 - utils.logger - INFO - Cur epoch 12 loss ccc:0.9888
2021-06-16 14:37:55,011 - utils.logger - INFO - saving the model at the end of epoch 12, iters 72
2021-06-16 14:37:55,273 - utils.logger - INFO - End of training epoch 12 / 60 	 Time Taken: 1 sec, Data loading: 0 sec
2021-06-16 14:37:55,273 - utils.logger - INFO - learning rate = 0.0004706
2021-06-16 14:37:55,685 - utils.logger - INFO - Trn result of epoch 12 / 60 mse 0.2704 rmse 0.5200 pcc 0.0235 ccc 0.0005
2021-06-16 14:37:55,832 - utils.logger - INFO - Val result of epoch 12 / 60 mse 0.2616 rmse 0.5115 pcc 0.0815 ccc 0.0021
2021-06-16 14:37:56,263 - utils.logger - INFO - Cur epoch 13 loss ccc:0.1332
2021-06-16 14:37:56,705 - utils.logger - INFO - Cur epoch 13 loss ccc:0.1204
2021-06-16 14:37:57,060 - utils.logger - INFO - Cur epoch 13 loss ccc:1.0050
2021-06-16 14:37:57,060 - utils.logger - INFO - saving the model at the end of epoch 13, iters 78
2021-06-16 14:37:57,489 - utils.logger - INFO - End of training epoch 13 / 60 	 Time Taken: 1 sec, Data loading: 0 sec
2021-06-16 14:37:57,489 - utils.logger - INFO - learning rate = 0.0004608
2021-06-16 14:37:57,956 - utils.logger - INFO - Trn result of epoch 13 / 60 mse 0.3709 rmse 0.6090 pcc 0.1011 ccc 0.0013
2021-06-16 14:37:58,117 - utils.logger - INFO - Val result of epoch 13 / 60 mse 0.3543 rmse 0.5952 pcc 0.0653 ccc 0.0009
2021-06-16 14:37:58,513 - utils.logger - INFO - Cur epoch 14 loss ccc:0.1249
2021-06-16 14:37:58,902 - utils.logger - INFO - Cur epoch 14 loss ccc:0.1222
2021-06-16 14:37:59,273 - utils.logger - INFO - Cur epoch 14 loss ccc:1.0032
2021-06-16 14:37:59,273 - utils.logger - INFO - saving the model at the end of epoch 14, iters 84
2021-06-16 14:37:59,542 - utils.logger - INFO - End of training epoch 14 / 60 	 Time Taken: 1 sec, Data loading: 0 sec
2021-06-16 14:37:59,542 - utils.logger - INFO - learning rate = 0.0004510
2021-06-16 14:37:59,957 - utils.logger - INFO - Trn result of epoch 14 / 60 mse 0.3628 rmse 0.6023 pcc 0.1036 ccc 0.0013
2021-06-16 14:38:00,102 - utils.logger - INFO - Val result of epoch 14 / 60 mse 0.3468 rmse 0.5889 pcc 0.0586 ccc 0.0008
2021-06-16 14:38:00,522 - utils.logger - INFO - Cur epoch 15 loss ccc:0.1250
2021-06-16 14:38:00,951 - utils.logger - INFO - Cur epoch 15 loss ccc:0.1264
2021-06-16 14:38:01,306 - utils.logger - INFO - Cur epoch 15 loss ccc:0.9959
2021-06-16 14:38:01,306 - utils.logger - INFO - saving the model at the end of epoch 15, iters 90
2021-06-16 14:38:01,570 - utils.logger - INFO - End of training epoch 15 / 60 	 Time Taken: 1 sec, Data loading: 0 sec
2021-06-16 14:38:01,570 - utils.logger - INFO - learning rate = 0.0004412
2021-06-16 14:38:01,987 - utils.logger - INFO - Trn result of epoch 15 / 60 mse 0.4148 rmse 0.6441 pcc 0.1008 ccc 0.0013
2021-06-16 14:38:02,136 - utils.logger - INFO - Val result of epoch 15 / 60 mse 0.3950 rmse 0.6285 pcc 0.0596 ccc 0.0008
2021-06-16 14:38:02,551 - utils.logger - INFO - Cur epoch 16 loss ccc:0.1250
2021-06-16 14:38:02,971 - utils.logger - INFO - Cur epoch 16 loss ccc:0.1463
2021-06-16 14:38:03,327 - utils.logger - INFO - Cur epoch 16 loss ccc:0.9946
2021-06-16 14:38:03,328 - utils.logger - INFO - saving the model at the end of epoch 16, iters 96
2021-06-16 14:38:03,595 - utils.logger - INFO - End of training epoch 16 / 60 	 Time Taken: 1 sec, Data loading: 0 sec
2021-06-16 14:38:03,595 - utils.logger - INFO - learning rate = 0.0004314
2021-06-16 14:38:04,020 - utils.logger - INFO - Trn result of epoch 16 / 60 mse 0.5321 rmse 0.7295 pcc 0.1154 ccc 0.0012
2021-06-16 14:38:04,166 - utils.logger - INFO - Val result of epoch 16 / 60 mse 0.5050 rmse 0.7106 pcc 0.0306 ccc 0.0004
2021-06-16 14:38:04,567 - utils.logger - INFO - Cur epoch 17 loss ccc:0.1311
2021-06-16 14:38:04,994 - utils.logger - INFO - Cur epoch 17 loss ccc:0.1349
2021-06-16 14:38:05,341 - utils.logger - INFO - Cur epoch 17 loss ccc:0.9983
2021-06-16 14:38:05,341 - utils.logger - INFO - saving the model at the end of epoch 17, iters 102
2021-06-16 14:38:05,600 - utils.logger - INFO - End of training epoch 17 / 60 	 Time Taken: 1 sec, Data loading: 0 sec
2021-06-16 14:38:05,600 - utils.logger - INFO - learning rate = 0.0004216
2021-06-16 14:38:06,063 - utils.logger - INFO - Trn result of epoch 17 / 60 mse 0.4885 rmse 0.6990 pcc 0.1096 ccc 0.0015
2021-06-16 14:38:06,226 - utils.logger - INFO - Val result of epoch 17 / 60 mse 0.4638 rmse 0.6810 pcc 0.0622 ccc 0.0009
2021-06-16 14:38:06,651 - utils.logger - INFO - Cur epoch 18 loss ccc:0.1285
2021-06-16 14:38:07,067 - utils.logger - INFO - Cur epoch 18 loss ccc:0.1297
2021-06-16 14:38:07,405 - utils.logger - INFO - Cur epoch 18 loss ccc:1.0459
2021-06-16 14:38:07,405 - utils.logger - INFO - saving the model at the end of epoch 18, iters 108
2021-06-16 14:38:07,704 - utils.logger - INFO - End of training epoch 18 / 60 	 Time Taken: 1 sec, Data loading: 0 sec
2021-06-16 14:38:07,705 - utils.logger - INFO - learning rate = 0.0004118
2021-06-16 14:38:08,135 - utils.logger - INFO - Trn result of epoch 18 / 60 mse 1.5178 rmse 1.2320 pcc 0.1078 ccc 0.0010
2021-06-16 14:38:08,284 - utils.logger - INFO - Val result of epoch 18 / 60 mse 1.4460 rmse 1.2025 pcc 0.0645 ccc 0.0006
2021-06-16 14:38:08,718 - utils.logger - INFO - Cur epoch 19 loss ccc:0.1326
2021-06-16 14:38:09,149 - utils.logger - INFO - Cur epoch 19 loss ccc:0.1248
2021-06-16 14:38:09,502 - utils.logger - INFO - Cur epoch 19 loss ccc:1.0026
2021-06-16 14:38:09,502 - utils.logger - INFO - saving the model at the end of epoch 19, iters 114
2021-06-16 14:38:09,780 - utils.logger - INFO - End of training epoch 19 / 60 	 Time Taken: 1 sec, Data loading: 0 sec
2021-06-16 14:38:09,781 - utils.logger - INFO - learning rate = 0.0004020
2021-06-16 14:38:10,225 - utils.logger - INFO - Trn result of epoch 19 / 60 mse 1.7816 rmse 1.3348 pcc 0.1049 ccc 0.0010
2021-06-16 14:38:10,389 - utils.logger - INFO - Val result of epoch 19 / 60 mse 1.7002 rmse 1.3039 pcc 0.0761 ccc 0.0007
2021-06-16 14:38:10,805 - utils.logger - INFO - Cur epoch 20 loss ccc:0.1290
2021-06-16 14:38:11,218 - utils.logger - INFO - Cur epoch 20 loss ccc:0.1255
2021-06-16 14:38:11,570 - utils.logger - INFO - Cur epoch 20 loss ccc:0.9902
2021-06-16 14:38:11,570 - utils.logger - INFO - saving the model at the end of epoch 20, iters 120
2021-06-16 14:38:11,827 - utils.logger - INFO - End of training epoch 20 / 60 	 Time Taken: 1 sec, Data loading: 0 sec
2021-06-16 14:38:11,827 - utils.logger - INFO - learning rate = 0.0003922
2021-06-16 14:38:12,260 - utils.logger - INFO - Trn result of epoch 20 / 60 mse 1.7095 rmse 1.3075 pcc 0.0975 ccc 0.0010
2021-06-16 14:38:12,403 - utils.logger - INFO - Val result of epoch 20 / 60 mse 1.6304 rmse 1.2769 pcc 0.0883 ccc 0.0009
2021-06-16 14:38:12,834 - utils.logger - INFO - Cur epoch 21 loss ccc:0.1325
2021-06-16 14:38:13,254 - utils.logger - INFO - Cur epoch 21 loss ccc:0.1326
2021-06-16 14:38:13,590 - utils.logger - INFO - Cur epoch 21 loss ccc:1.0011
2021-06-16 14:38:13,591 - utils.logger - INFO - saving the model at the end of epoch 21, iters 126
2021-06-16 14:38:13,876 - utils.logger - INFO - End of training epoch 21 / 60 	 Time Taken: 1 sec, Data loading: 0 sec
2021-06-16 14:38:13,877 - utils.logger - INFO - learning rate = 0.0003824
2021-06-16 14:38:14,308 - utils.logger - INFO - Trn result of epoch 21 / 60 mse 1.6993 rmse 1.3036 pcc 0.0911 ccc 0.0009
2021-06-16 14:38:14,455 - utils.logger - INFO - Val result of epoch 21 / 60 mse 1.6202 rmse 1.2729 pcc 0.0974 ccc 0.0011
2021-06-16 14:38:14,890 - utils.logger - INFO - Cur epoch 22 loss ccc:0.1277
2021-06-16 14:38:15,341 - utils.logger - INFO - Cur epoch 22 loss ccc:0.1295
2021-06-16 14:38:15,697 - utils.logger - INFO - Cur epoch 22 loss ccc:1.0022
2021-06-16 14:38:15,697 - utils.logger - INFO - saving the model at the end of epoch 22, iters 132
2021-06-16 14:38:15,960 - utils.logger - INFO - End of training epoch 22 / 60 	 Time Taken: 1 sec, Data loading: 0 sec
2021-06-16 14:38:15,960 - utils.logger - INFO - learning rate = 0.0003725
2021-06-16 14:38:16,403 - utils.logger - INFO - Trn result of epoch 22 / 60 mse 1.7097 rmse 1.3076 pcc 0.0836 ccc 0.0009
2021-06-16 14:38:16,571 - utils.logger - INFO - Val result of epoch 22 / 60 mse 1.6302 rmse 1.2768 pcc 0.1077 ccc 0.0013
2021-06-16 14:38:16,999 - utils.logger - INFO - Cur epoch 23 loss ccc:0.1212
2021-06-16 14:38:17,429 - utils.logger - INFO - Cur epoch 23 loss ccc:0.1281
2021-06-16 14:38:17,756 - utils.logger - INFO - Cur epoch 23 loss ccc:1.0002
2021-06-16 14:38:17,756 - utils.logger - INFO - saving the model at the end of epoch 23, iters 138
2021-06-16 14:38:18,031 - utils.logger - INFO - End of training epoch 23 / 60 	 Time Taken: 1 sec, Data loading: 0 sec
2021-06-16 14:38:18,031 - utils.logger - INFO - learning rate = 0.0003627
2021-06-16 14:38:18,444 - utils.logger - INFO - Trn result of epoch 23 / 60 mse 1.6528 rmse 1.2856 pcc 0.0835 ccc 0.0009
2021-06-16 14:38:18,589 - utils.logger - INFO - Val result of epoch 23 / 60 mse 1.5752 rmse 1.2551 pcc 0.1078 ccc 0.0013
2021-06-16 14:38:19,011 - utils.logger - INFO - Cur epoch 24 loss ccc:0.1224
2021-06-16 14:38:19,447 - utils.logger - INFO - Cur epoch 24 loss ccc:0.1251
2021-06-16 14:38:19,807 - utils.logger - INFO - Cur epoch 24 loss ccc:0.9994
2021-06-16 14:38:19,807 - utils.logger - INFO - saving the model at the end of epoch 24, iters 144
2021-06-16 14:38:20,056 - utils.logger - INFO - End of training epoch 24 / 60 	 Time Taken: 1 sec, Data loading: 0 sec
2021-06-16 14:38:20,056 - utils.logger - INFO - learning rate = 0.0003529
2021-06-16 14:38:20,472 - utils.logger - INFO - Trn result of epoch 24 / 60 mse 1.5513 rmse 1.2455 pcc 0.0827 ccc 0.0010
2021-06-16 14:38:20,613 - utils.logger - INFO - Val result of epoch 24 / 60 mse 1.4774 rmse 1.2155 pcc 0.1107 ccc 0.0014
2021-06-16 14:38:21,020 - utils.logger - INFO - Cur epoch 25 loss ccc:0.1251
2021-06-16 14:38:21,445 - utils.logger - INFO - Cur epoch 25 loss ccc:0.1352
2021-06-16 14:38:21,812 - utils.logger - INFO - Cur epoch 25 loss ccc:0.9956
2021-06-16 14:38:21,812 - utils.logger - INFO - saving the model at the end of epoch 25, iters 150
2021-06-16 14:38:22,083 - utils.logger - INFO - End of training epoch 25 / 60 	 Time Taken: 1 sec, Data loading: 0 sec
2021-06-16 14:38:22,083 - utils.logger - INFO - learning rate = 0.0003431
2021-06-16 14:38:22,544 - utils.logger - INFO - Trn result of epoch 25 / 60 mse 1.5906 rmse 1.2612 pcc 0.0817 ccc 0.0010
2021-06-16 14:38:22,707 - utils.logger - INFO - Val result of epoch 25 / 60 mse 1.5150 rmse 1.2308 pcc 0.1113 ccc 0.0014
2021-06-16 14:38:23,125 - utils.logger - INFO - Cur epoch 26 loss ccc:0.1289
2021-06-16 14:38:23,555 - utils.logger - INFO - Cur epoch 26 loss ccc:0.1295
2021-06-16 14:38:23,904 - utils.logger - INFO - Cur epoch 26 loss ccc:0.9886
2021-06-16 14:38:23,905 - utils.logger - INFO - saving the model at the end of epoch 26, iters 156
2021-06-16 14:38:24,193 - utils.logger - INFO - End of training epoch 26 / 60 	 Time Taken: 1 sec, Data loading: 0 sec
2021-06-16 14:38:24,194 - utils.logger - INFO - learning rate = 0.0003333
2021-06-16 14:38:24,615 - utils.logger - INFO - Trn result of epoch 26 / 60 mse 1.5950 rmse 1.2629 pcc 0.0828 ccc 0.0009
2021-06-16 14:38:24,759 - utils.logger - INFO - Val result of epoch 26 / 60 mse 1.5198 rmse 1.2328 pcc 0.1087 ccc 0.0013
2021-06-16 14:38:25,203 - utils.logger - INFO - Cur epoch 27 loss ccc:0.1260
2021-06-16 14:38:25,634 - utils.logger - INFO - Cur epoch 27 loss ccc:0.1363
2021-06-16 14:38:26,014 - utils.logger - INFO - Cur epoch 27 loss ccc:0.9914
2021-06-16 14:38:26,014 - utils.logger - INFO - saving the model at the end of epoch 27, iters 162
2021-06-16 14:38:26,399 - utils.logger - INFO - End of training epoch 27 / 60 	 Time Taken: 1 sec, Data loading: 0 sec
2021-06-16 14:38:26,399 - utils.logger - INFO - learning rate = 0.0003235
2021-06-16 14:38:26,823 - utils.logger - INFO - Trn result of epoch 27 / 60 mse 1.5915 rmse 1.2615 pcc 0.0854 ccc 0.0010
2021-06-16 14:38:26,970 - utils.logger - INFO - Val result of epoch 27 / 60 mse 1.5165 rmse 1.2315 pcc 0.1086 ccc 0.0013
2021-06-16 14:38:27,423 - utils.logger - INFO - Cur epoch 28 loss ccc:0.1249
2021-06-16 14:38:27,848 - utils.logger - INFO - Cur epoch 28 loss ccc:0.1249
2021-06-16 14:38:28,186 - utils.logger - INFO - Cur epoch 28 loss ccc:0.9951
2021-06-16 14:38:28,186 - utils.logger - INFO - saving the model at the end of epoch 28, iters 168
2021-06-16 14:38:28,440 - utils.logger - INFO - End of training epoch 28 / 60 	 Time Taken: 1 sec, Data loading: 0 sec
2021-06-16 14:38:28,441 - utils.logger - INFO - learning rate = 0.0003137
2021-06-16 14:38:28,896 - utils.logger - INFO - Trn result of epoch 28 / 60 mse 1.5547 rmse 1.2469 pcc 0.0851 ccc 0.0010
2021-06-16 14:38:29,065 - utils.logger - INFO - Val result of epoch 28 / 60 mse 1.4808 rmse 1.2169 pcc 0.1105 ccc 0.0014
2021-06-16 14:38:29,489 - utils.logger - INFO - Cur epoch 29 loss ccc:0.1221
2021-06-16 14:38:29,901 - utils.logger - INFO - Cur epoch 29 loss ccc:0.1258
2021-06-16 14:38:30,254 - utils.logger - INFO - Cur epoch 29 loss ccc:0.9325
2021-06-16 14:38:30,254 - utils.logger - INFO - saving the model at the end of epoch 29, iters 174
2021-06-16 14:38:30,510 - utils.logger - INFO - End of training epoch 29 / 60 	 Time Taken: 1 sec, Data loading: 0 sec
2021-06-16 14:38:30,510 - utils.logger - INFO - learning rate = 0.0003039
2021-06-16 14:38:30,929 - utils.logger - INFO - Trn result of epoch 29 / 60 mse 1.1205 rmse 1.0585 pcc 0.0850 ccc 0.0013
2021-06-16 14:38:31,080 - utils.logger - INFO - Val result of epoch 29 / 60 mse 1.0626 rmse 1.0308 pcc 0.1132 ccc 0.0019
2021-06-16 14:38:31,501 - utils.logger - INFO - Cur epoch 30 loss ccc:0.1261
2021-06-16 14:38:31,923 - utils.logger - INFO - Cur epoch 30 loss ccc:0.1276
2021-06-16 14:38:32,274 - utils.logger - INFO - Cur epoch 30 loss ccc:0.9999
2021-06-16 14:38:32,274 - utils.logger - INFO - saving the model at the end of epoch 30, iters 180
2021-06-16 14:38:32,671 - utils.logger - INFO - End of training epoch 30 / 60 	 Time Taken: 1 sec, Data loading: 0 sec
2021-06-16 14:38:32,671 - utils.logger - INFO - learning rate = 0.0002941
2021-06-16 14:38:33,093 - utils.logger - INFO - Trn result of epoch 30 / 60 mse 0.9879 rmse 0.9939 pcc 0.0894 ccc 0.0013
2021-06-16 14:38:33,245 - utils.logger - INFO - Val result of epoch 30 / 60 mse 0.9364 rmse 0.9677 pcc 0.1092 ccc 0.0017
2021-06-16 14:38:33,671 - utils.logger - INFO - Cur epoch 31 loss ccc:0.1202
2021-06-16 14:38:34,078 - utils.logger - INFO - Cur epoch 31 loss ccc:0.1298
2021-06-16 14:38:34,419 - utils.logger - INFO - Cur epoch 31 loss ccc:0.9969
2021-06-16 14:38:34,419 - utils.logger - INFO - saving the model at the end of epoch 31, iters 186
2021-06-16 14:38:34,710 - utils.logger - INFO - End of training epoch 31 / 60 	 Time Taken: 1 sec, Data loading: 0 sec
2021-06-16 14:38:34,710 - utils.logger - INFO - learning rate = 0.0002843
2021-06-16 14:38:35,124 - utils.logger - INFO - Trn result of epoch 31 / 60 mse 1.0044 rmse 1.0022 pcc 0.0874 ccc 0.0014
2021-06-16 14:38:35,268 - utils.logger - INFO - Val result of epoch 31 / 60 mse 0.9518 rmse 0.9756 pcc 0.1134 ccc 0.0019
2021-06-16 14:38:35,710 - utils.logger - INFO - Cur epoch 32 loss ccc:0.1380
2021-06-16 14:38:36,164 - utils.logger - INFO - Cur epoch 32 loss ccc:0.1194
2021-06-16 14:38:36,505 - utils.logger - INFO - Cur epoch 32 loss ccc:0.9870
2021-06-16 14:38:36,505 - utils.logger - INFO - saving the model at the end of epoch 32, iters 192
2021-06-16 14:38:36,760 - utils.logger - INFO - End of training epoch 32 / 60 	 Time Taken: 1 sec, Data loading: 0 sec
2021-06-16 14:38:36,760 - utils.logger - INFO - learning rate = 0.0002745
2021-06-16 14:38:37,229 - utils.logger - INFO - Trn result of epoch 32 / 60 mse 1.0890 rmse 1.0436 pcc 0.0927 ccc 0.0014
2021-06-16 14:38:37,392 - utils.logger - INFO - Val result of epoch 32 / 60 mse 1.0328 rmse 1.0162 pcc 0.1074 ccc 0.0017
2021-06-16 14:38:37,828 - utils.logger - INFO - Cur epoch 33 loss ccc:0.1250
2021-06-16 14:38:38,251 - utils.logger - INFO - Cur epoch 33 loss ccc:0.1223
2021-06-16 14:38:38,626 - utils.logger - INFO - Cur epoch 33 loss ccc:1.0019
2021-06-16 14:38:38,626 - utils.logger - INFO - saving the model at the end of epoch 33, iters 198
2021-06-16 14:38:38,885 - utils.logger - INFO - End of training epoch 33 / 60 	 Time Taken: 1 sec, Data loading: 0 sec
2021-06-16 14:38:38,885 - utils.logger - INFO - learning rate = 0.0002647
2021-06-16 14:38:39,300 - utils.logger - INFO - Trn result of epoch 33 / 60 mse 1.0355 rmse 1.0176 pcc 0.0863 ccc 0.0013
2021-06-16 14:38:39,442 - utils.logger - INFO - Val result of epoch 33 / 60 mse 0.9817 rmse 0.9908 pcc 0.1140 ccc 0.0019
2021-06-16 14:38:39,889 - utils.logger - INFO - Cur epoch 34 loss ccc:0.1309
2021-06-16 14:38:40,327 - utils.logger - INFO - Cur epoch 34 loss ccc:0.1339
2021-06-16 14:38:40,678 - utils.logger - INFO - Cur epoch 34 loss ccc:1.0006
2021-06-16 14:38:40,678 - utils.logger - INFO - saving the model at the end of epoch 34, iters 204
2021-06-16 14:38:40,942 - utils.logger - INFO - End of training epoch 34 / 60 	 Time Taken: 1 sec, Data loading: 0 sec
2021-06-16 14:38:40,943 - utils.logger - INFO - learning rate = 0.0002549
2021-06-16 14:38:41,356 - utils.logger - INFO - Trn result of epoch 34 / 60 mse 1.0054 rmse 1.0027 pcc 0.0825 ccc 0.0013
2021-06-16 14:38:41,502 - utils.logger - INFO - Val result of epoch 34 / 60 mse 0.9528 rmse 0.9761 pcc 0.1182 ccc 0.0020
2021-06-16 14:38:41,921 - utils.logger - INFO - Cur epoch 35 loss ccc:0.1270
2021-06-16 14:38:42,346 - utils.logger - INFO - Cur epoch 35 loss ccc:0.1203
2021-06-16 14:38:42,701 - utils.logger - INFO - Cur epoch 35 loss ccc:1.0017
2021-06-16 14:38:42,702 - utils.logger - INFO - saving the model at the end of epoch 35, iters 210
2021-06-16 14:38:43,118 - utils.logger - INFO - End of training epoch 35 / 60 	 Time Taken: 1 sec, Data loading: 0 sec
2021-06-16 14:38:43,118 - utils.logger - INFO - learning rate = 0.0002451
2021-06-16 14:38:43,547 - utils.logger - INFO - Trn result of epoch 35 / 60 mse 1.2758 rmse 1.1295 pcc 0.0872 ccc 0.0012
2021-06-16 14:38:43,702 - utils.logger - INFO - Val result of epoch 35 / 60 mse 1.2122 rmse 1.1010 pcc 0.1130 ccc 0.0017
2021-06-16 14:38:44,125 - utils.logger - INFO - Cur epoch 36 loss ccc:0.1342
2021-06-16 14:38:44,554 - utils.logger - INFO - Cur epoch 36 loss ccc:0.1223
2021-06-16 14:38:44,901 - utils.logger - INFO - Cur epoch 36 loss ccc:0.9852
2021-06-16 14:38:44,901 - utils.logger - INFO - saving the model at the end of epoch 36, iters 216
2021-06-16 14:38:45,196 - utils.logger - INFO - End of training epoch 36 / 60 	 Time Taken: 1 sec, Data loading: 0 sec
2021-06-16 14:38:45,196 - utils.logger - INFO - learning rate = 0.0002353
2021-06-16 14:38:45,623 - utils.logger - INFO - Trn result of epoch 36 / 60 mse 1.2730 rmse 1.1283 pcc 0.0853 ccc 0.0012
2021-06-16 14:38:45,769 - utils.logger - INFO - Val result of epoch 36 / 60 mse 1.2095 rmse 1.0998 pcc 0.1150 ccc 0.0017
2021-06-16 14:38:46,199 - utils.logger - INFO - Cur epoch 37 loss ccc:0.1274
2021-06-16 14:38:46,611 - utils.logger - INFO - Cur epoch 37 loss ccc:0.1267
2021-06-16 14:38:46,933 - utils.logger - INFO - Cur epoch 37 loss ccc:1.0000
2021-06-16 14:38:46,934 - utils.logger - INFO - saving the model at the end of epoch 37, iters 222
2021-06-16 14:38:47,197 - utils.logger - INFO - End of training epoch 37 / 60 	 Time Taken: 1 sec, Data loading: 0 sec
2021-06-16 14:38:47,197 - utils.logger - INFO - learning rate = 0.0002255
2021-06-16 14:38:47,668 - utils.logger - INFO - Trn result of epoch 37 / 60 mse 1.2825 rmse 1.1325 pcc 0.0836 ccc 0.0013
2021-06-16 14:38:47,833 - utils.logger - INFO - Val result of epoch 37 / 60 mse 1.2180 rmse 1.1036 pcc 0.1184 ccc 0.0019
2021-06-16 14:38:48,251 - utils.logger - INFO - Cur epoch 38 loss ccc:0.1286
2021-06-16 14:38:48,696 - utils.logger - INFO - Cur epoch 38 loss ccc:0.1474
2021-06-16 14:38:49,059 - utils.logger - INFO - Cur epoch 38 loss ccc:1.0022
2021-06-16 14:38:49,059 - utils.logger - INFO - saving the model at the end of epoch 38, iters 228
2021-06-16 14:38:49,314 - utils.logger - INFO - End of training epoch 38 / 60 	 Time Taken: 1 sec, Data loading: 0 sec
2021-06-16 14:38:49,315 - utils.logger - INFO - learning rate = 0.0002157
2021-06-16 14:38:49,733 - utils.logger - INFO - Trn result of epoch 38 / 60 mse 1.2633 rmse 1.1240 pcc 0.0820 ccc 0.0013
2021-06-16 14:38:49,880 - utils.logger - INFO - Val result of epoch 38 / 60 mse 1.1995 rmse 1.0952 pcc 0.1203 ccc 0.0020
2021-06-16 14:38:50,303 - utils.logger - INFO - Cur epoch 39 loss ccc:0.1303
2021-06-16 14:38:50,715 - utils.logger - INFO - Cur epoch 39 loss ccc:0.1238
2021-06-16 14:38:51,053 - utils.logger - INFO - Cur epoch 39 loss ccc:1.0043
2021-06-16 14:38:51,053 - utils.logger - INFO - saving the model at the end of epoch 39, iters 234
2021-06-16 14:38:51,319 - utils.logger - INFO - End of training epoch 39 / 60 	 Time Taken: 1 sec, Data loading: 0 sec
2021-06-16 14:38:51,319 - utils.logger - INFO - learning rate = 0.0002059
2021-06-16 14:38:51,732 - utils.logger - INFO - Trn result of epoch 39 / 60 mse 1.2521 rmse 1.1190 pcc 0.0819 ccc 0.0013
2021-06-16 14:38:51,876 - utils.logger - INFO - Val result of epoch 39 / 60 mse 1.1886 rmse 1.0902 pcc 0.1204 ccc 0.0021
2021-06-16 14:38:52,308 - utils.logger - INFO - Cur epoch 40 loss ccc:0.1342
2021-06-16 14:38:52,724 - utils.logger - INFO - Cur epoch 40 loss ccc:0.1333
2021-06-16 14:38:53,064 - utils.logger - INFO - Cur epoch 40 loss ccc:0.9989
2021-06-16 14:38:53,064 - utils.logger - INFO - saving the model at the end of epoch 40, iters 240
2021-06-16 14:38:53,325 - utils.logger - INFO - End of training epoch 40 / 60 	 Time Taken: 1 sec, Data loading: 0 sec
2021-06-16 14:38:53,325 - utils.logger - INFO - learning rate = 0.0001961
2021-06-16 14:38:53,748 - utils.logger - INFO - Trn result of epoch 40 / 60 mse 1.2747 rmse 1.1290 pcc 0.0819 ccc 0.0013
2021-06-16 14:38:53,890 - utils.logger - INFO - Val result of epoch 40 / 60 mse 1.2103 rmse 1.1001 pcc 0.1206 ccc 0.0021
2021-06-16 14:38:54,309 - utils.logger - INFO - Cur epoch 41 loss ccc:0.1250
2021-06-16 14:38:54,729 - utils.logger - INFO - Cur epoch 41 loss ccc:0.1209
2021-06-16 14:38:55,077 - utils.logger - INFO - Cur epoch 41 loss ccc:0.9993
2021-06-16 14:38:55,077 - utils.logger - INFO - saving the model at the end of epoch 41, iters 246
2021-06-16 14:38:55,414 - utils.logger - INFO - End of training epoch 41 / 60 	 Time Taken: 1 sec, Data loading: 0 sec
2021-06-16 14:38:55,414 - utils.logger - INFO - learning rate = 0.0001863
2021-06-16 14:38:55,822 - utils.logger - INFO - Trn result of epoch 41 / 60 mse 1.2523 rmse 1.1191 pcc 0.0799 ccc 0.0013
2021-06-16 14:38:55,965 - utils.logger - INFO - Val result of epoch 41 / 60 mse 1.1888 rmse 1.0903 pcc 0.1223 ccc 0.0022
2021-06-16 14:38:56,384 - utils.logger - INFO - Cur epoch 42 loss ccc:0.1262
2021-06-16 14:38:56,807 - utils.logger - INFO - Cur epoch 42 loss ccc:0.1221
2021-06-16 14:38:57,160 - utils.logger - INFO - Cur epoch 42 loss ccc:1.0129
2021-06-16 14:38:57,160 - utils.logger - INFO - saving the model at the end of epoch 42, iters 252
2021-06-16 14:38:57,411 - utils.logger - INFO - End of training epoch 42 / 60 	 Time Taken: 1 sec, Data loading: 0 sec
2021-06-16 14:38:57,411 - utils.logger - INFO - learning rate = 0.0001765
2021-06-16 14:38:57,828 - utils.logger - INFO - Trn result of epoch 42 / 60 mse 1.1999 rmse 1.0954 pcc 0.0784 ccc 0.0013
2021-06-16 14:38:57,976 - utils.logger - INFO - Val result of epoch 42 / 60 mse 1.1384 rmse 1.0670 pcc 0.1238 ccc 0.0023
2021-06-16 14:38:58,411 - utils.logger - INFO - Cur epoch 43 loss ccc:0.1267
2021-06-16 14:38:58,847 - utils.logger - INFO - Cur epoch 43 loss ccc:0.1342
2021-06-16 14:38:59,209 - utils.logger - INFO - Cur epoch 43 loss ccc:1.0082
2021-06-16 14:38:59,209 - utils.logger - INFO - saving the model at the end of epoch 43, iters 258
2021-06-16 14:38:59,473 - utils.logger - INFO - End of training epoch 43 / 60 	 Time Taken: 1 sec, Data loading: 0 sec
2021-06-16 14:38:59,474 - utils.logger - INFO - learning rate = 0.0001667
2021-06-16 14:38:59,935 - utils.logger - INFO - Trn result of epoch 43 / 60 mse 1.2739 rmse 1.1287 pcc 0.0722 ccc 0.0012
2021-06-16 14:39:00,102 - utils.logger - INFO - Val result of epoch 43 / 60 mse 1.2096 rmse 1.0998 pcc 0.1274 ccc 0.0023
2021-06-16 14:39:00,517 - utils.logger - INFO - Cur epoch 44 loss ccc:0.1231
2021-06-16 14:39:00,926 - utils.logger - INFO - Cur epoch 44 loss ccc:0.1249
2021-06-16 14:39:01,275 - utils.logger - INFO - Cur epoch 44 loss ccc:0.9980
2021-06-16 14:39:01,275 - utils.logger - INFO - saving the model at the end of epoch 44, iters 264
2021-06-16 14:39:01,525 - utils.logger - INFO - End of training epoch 44 / 60 	 Time Taken: 1 sec, Data loading: 0 sec
2021-06-16 14:39:01,525 - utils.logger - INFO - learning rate = 0.0001569
2021-06-16 14:39:01,940 - utils.logger - INFO - Trn result of epoch 44 / 60 mse 1.2822 rmse 1.1323 pcc 0.0720 ccc 0.0012
2021-06-16 14:39:02,084 - utils.logger - INFO - Val result of epoch 44 / 60 mse 1.2175 rmse 1.1034 pcc 0.1285 ccc 0.0024
2021-06-16 14:39:02,514 - utils.logger - INFO - Cur epoch 45 loss ccc:0.1318
2021-06-16 14:39:02,936 - utils.logger - INFO - Cur epoch 45 loss ccc:0.1262
2021-06-16 14:39:03,300 - utils.logger - INFO - Cur epoch 45 loss ccc:0.9994
2021-06-16 14:39:03,300 - utils.logger - INFO - saving the model at the end of epoch 45, iters 270
2021-06-16 14:39:03,548 - utils.logger - INFO - End of training epoch 45 / 60 	 Time Taken: 1 sec, Data loading: 0 sec
2021-06-16 14:39:03,549 - utils.logger - INFO - learning rate = 0.0001471
2021-06-16 14:39:03,969 - utils.logger - INFO - Trn result of epoch 45 / 60 mse 1.2866 rmse 1.1343 pcc 0.0644 ccc 0.0011
2021-06-16 14:39:04,118 - utils.logger - INFO - Val result of epoch 45 / 60 mse 1.2220 rmse 1.1054 pcc 0.1333 ccc 0.0025
2021-06-16 14:39:04,530 - utils.logger - INFO - Cur epoch 46 loss ccc:0.1349
2021-06-16 14:39:04,946 - utils.logger - INFO - Cur epoch 46 loss ccc:0.1250
2021-06-16 14:39:05,309 - utils.logger - INFO - Cur epoch 46 loss ccc:0.9985
2021-06-16 14:39:05,310 - utils.logger - INFO - saving the model at the end of epoch 46, iters 276
2021-06-16 14:39:05,749 - utils.logger - INFO - End of training epoch 46 / 60 	 Time Taken: 1 sec, Data loading: 0 sec
2021-06-16 14:39:05,749 - utils.logger - INFO - learning rate = 0.0001373
2021-06-16 14:39:06,176 - utils.logger - INFO - Trn result of epoch 46 / 60 mse 1.3224 rmse 1.1500 pcc 0.0666 ccc 0.0011
2021-06-16 14:39:06,323 - utils.logger - INFO - Val result of epoch 46 / 60 mse 1.2564 rmse 1.1209 pcc 0.1320 ccc 0.0025
2021-06-16 14:39:06,753 - utils.logger - INFO - Cur epoch 47 loss ccc:0.1208
2021-06-16 14:39:07,166 - utils.logger - INFO - Cur epoch 47 loss ccc:0.1346
2021-06-16 14:39:07,506 - utils.logger - INFO - Cur epoch 47 loss ccc:0.9782
2021-06-16 14:39:07,506 - utils.logger - INFO - saving the model at the end of epoch 47, iters 282
2021-06-16 14:39:07,772 - utils.logger - INFO - End of training epoch 47 / 60 	 Time Taken: 1 sec, Data loading: 0 sec
2021-06-16 14:39:07,772 - utils.logger - INFO - learning rate = 0.0001275
2021-06-16 14:39:08,183 - utils.logger - INFO - Trn result of epoch 47 / 60 mse 1.2930 rmse 1.1371 pcc 0.0578 ccc 0.0010
2021-06-16 14:39:08,328 - utils.logger - INFO - Val result of epoch 47 / 60 mse 1.2284 rmse 1.1083 pcc 0.1370 ccc 0.0027
2021-06-16 14:39:08,743 - utils.logger - INFO - Cur epoch 48 loss ccc:0.1209
2021-06-16 14:39:09,140 - utils.logger - INFO - Cur epoch 48 loss ccc:0.1358
2021-06-16 14:39:09,492 - utils.logger - INFO - Cur epoch 48 loss ccc:0.9973
2021-06-16 14:39:09,492 - utils.logger - INFO - saving the model at the end of epoch 48, iters 288
2021-06-16 14:39:09,741 - utils.logger - INFO - End of training epoch 48 / 60 	 Time Taken: 1 sec, Data loading: 0 sec
2021-06-16 14:39:09,741 - utils.logger - INFO - learning rate = 0.0001176
2021-06-16 14:39:10,205 - utils.logger - INFO - Trn result of epoch 48 / 60 mse 1.2557 rmse 1.1206 pcc 0.0551 ccc 0.0010
2021-06-16 14:39:10,370 - utils.logger - INFO - Val result of epoch 48 / 60 mse 1.1925 rmse 1.0920 pcc 0.1387 ccc 0.0029
2021-06-16 14:39:10,808 - utils.logger - INFO - Cur epoch 49 loss ccc:0.1250
2021-06-16 14:39:11,226 - utils.logger - INFO - Cur epoch 49 loss ccc:0.1253
2021-06-16 14:39:11,579 - utils.logger - INFO - Cur epoch 49 loss ccc:0.9968
2021-06-16 14:39:11,580 - utils.logger - INFO - saving the model at the end of epoch 49, iters 294
2021-06-16 14:39:11,830 - utils.logger - INFO - End of training epoch 49 / 60 	 Time Taken: 1 sec, Data loading: 0 sec
2021-06-16 14:39:11,830 - utils.logger - INFO - learning rate = 0.0001078
2021-06-16 14:39:12,248 - utils.logger - INFO - Trn result of epoch 49 / 60 mse 1.2642 rmse 1.1244 pcc 0.0550 ccc 0.0010
2021-06-16 14:39:12,393 - utils.logger - INFO - Val result of epoch 49 / 60 mse 1.2006 rmse 1.0957 pcc 0.1388 ccc 0.0029
2021-06-16 14:39:12,804 - utils.logger - INFO - Cur epoch 50 loss ccc:0.1247
2021-06-16 14:39:13,227 - utils.logger - INFO - Cur epoch 50 loss ccc:0.1204
2021-06-16 14:39:13,562 - utils.logger - INFO - Cur epoch 50 loss ccc:1.0157
2021-06-16 14:39:13,562 - utils.logger - INFO - saving the model at the end of epoch 50, iters 300
2021-06-16 14:39:13,809 - utils.logger - INFO - End of training epoch 50 / 60 	 Time Taken: 1 sec, Data loading: 0 sec
2021-06-16 14:39:13,810 - utils.logger - INFO - learning rate = 0.0000980
2021-06-16 14:39:14,224 - utils.logger - INFO - Trn result of epoch 50 / 60 mse 1.3153 rmse 1.1469 pcc 0.0565 ccc 0.0010
2021-06-16 14:39:14,365 - utils.logger - INFO - Val result of epoch 50 / 60 mse 1.2496 rmse 1.1178 pcc 0.1378 ccc 0.0029
2021-06-16 14:39:14,775 - utils.logger - INFO - Cur epoch 51 loss ccc:0.1250
2021-06-16 14:39:15,200 - utils.logger - INFO - Cur epoch 51 loss ccc:0.1265
2021-06-16 14:39:15,541 - utils.logger - INFO - Cur epoch 51 loss ccc:1.0007
2021-06-16 14:39:15,542 - utils.logger - INFO - saving the model at the end of epoch 51, iters 306
2021-06-16 14:39:15,796 - utils.logger - INFO - End of training epoch 51 / 60 	 Time Taken: 1 sec, Data loading: 0 sec
2021-06-16 14:39:15,796 - utils.logger - INFO - learning rate = 0.0000882
2021-06-16 14:39:16,223 - utils.logger - INFO - Trn result of epoch 51 / 60 mse 1.3469 rmse 1.1606 pcc 0.0575 ccc 0.0010
2021-06-16 14:39:16,387 - utils.logger - INFO - Val result of epoch 51 / 60 mse 1.2800 rmse 1.1314 pcc 0.1373 ccc 0.0028
2021-06-16 14:39:16,822 - utils.logger - INFO - Cur epoch 52 loss ccc:0.1282
2021-06-16 14:39:17,254 - utils.logger - INFO - Cur epoch 52 loss ccc:0.1284
2021-06-16 14:39:17,605 - utils.logger - INFO - Cur epoch 52 loss ccc:0.9989
2021-06-16 14:39:17,606 - utils.logger - INFO - saving the model at the end of epoch 52, iters 312
2021-06-16 14:39:17,855 - utils.logger - INFO - End of training epoch 52 / 60 	 Time Taken: 1 sec, Data loading: 0 sec
2021-06-16 14:39:17,855 - utils.logger - INFO - learning rate = 0.0000784
2021-06-16 14:39:18,273 - utils.logger - INFO - Trn result of epoch 52 / 60 mse 1.3627 rmse 1.1673 pcc 0.0569 ccc 0.0010
2021-06-16 14:39:18,420 - utils.logger - INFO - Val result of epoch 52 / 60 mse 1.2953 rmse 1.1381 pcc 0.1373 ccc 0.0027
2021-06-16 14:39:18,858 - utils.logger - INFO - Cur epoch 53 loss ccc:0.1266
2021-06-16 14:39:19,279 - utils.logger - INFO - Cur epoch 53 loss ccc:0.1304
2021-06-16 14:39:19,640 - utils.logger - INFO - Cur epoch 53 loss ccc:1.0095
2021-06-16 14:39:19,640 - utils.logger - INFO - saving the model at the end of epoch 53, iters 318
2021-06-16 14:39:19,889 - utils.logger - INFO - End of training epoch 53 / 60 	 Time Taken: 1 sec, Data loading: 0 sec
2021-06-16 14:39:19,889 - utils.logger - INFO - learning rate = 0.0000686
2021-06-16 14:39:20,307 - utils.logger - INFO - Trn result of epoch 53 / 60 mse 1.3763 rmse 1.1731 pcc 0.0562 ccc 0.0010
2021-06-16 14:39:20,452 - utils.logger - INFO - Val result of epoch 53 / 60 mse 1.3084 rmse 1.1438 pcc 0.1377 ccc 0.0028
2021-06-16 14:39:20,881 - utils.logger - INFO - Cur epoch 54 loss ccc:0.1211
2021-06-16 14:39:21,279 - utils.logger - INFO - Cur epoch 54 loss ccc:0.1248
2021-06-16 14:39:21,613 - utils.logger - INFO - Cur epoch 54 loss ccc:0.9999
2021-06-16 14:39:21,613 - utils.logger - INFO - saving the model at the end of epoch 54, iters 324
2021-06-16 14:39:21,884 - utils.logger - INFO - End of training epoch 54 / 60 	 Time Taken: 1 sec, Data loading: 0 sec
2021-06-16 14:39:21,884 - utils.logger - INFO - learning rate = 0.0000588
2021-06-16 14:39:22,311 - utils.logger - INFO - Trn result of epoch 54 / 60 mse 1.3636 rmse 1.1677 pcc 0.0559 ccc 0.0010
2021-06-16 14:39:22,461 - utils.logger - INFO - Val result of epoch 54 / 60 mse 1.2961 rmse 1.1385 pcc 0.1381 ccc 0.0028
2021-06-16 14:39:22,885 - utils.logger - INFO - Cur epoch 55 loss ccc:0.1345
2021-06-16 14:39:23,312 - utils.logger - INFO - Cur epoch 55 loss ccc:0.1290
2021-06-16 14:39:23,654 - utils.logger - INFO - Cur epoch 55 loss ccc:1.0032
2021-06-16 14:39:23,654 - utils.logger - INFO - saving the model at the end of epoch 55, iters 330
2021-06-16 14:39:23,913 - utils.logger - INFO - End of training epoch 55 / 60 	 Time Taken: 1 sec, Data loading: 0 sec
2021-06-16 14:39:23,913 - utils.logger - INFO - learning rate = 0.0000490
2021-06-16 14:39:24,341 - utils.logger - INFO - Trn result of epoch 55 / 60 mse 1.3733 rmse 1.1719 pcc 0.0558 ccc 0.0010
2021-06-16 14:39:24,490 - utils.logger - INFO - Val result of epoch 55 / 60 mse 1.3054 rmse 1.1425 pcc 0.1381 ccc 0.0028
2021-06-16 14:39:24,913 - utils.logger - INFO - Cur epoch 56 loss ccc:0.1258
2021-06-16 14:39:25,325 - utils.logger - INFO - Cur epoch 56 loss ccc:0.1194
2021-06-16 14:39:25,680 - utils.logger - INFO - Cur epoch 56 loss ccc:1.0024
2021-06-16 14:39:25,680 - utils.logger - INFO - saving the model at the end of epoch 56, iters 336
2021-06-16 14:39:25,950 - utils.logger - INFO - End of training epoch 56 / 60 	 Time Taken: 1 sec, Data loading: 0 sec
2021-06-16 14:39:25,950 - utils.logger - INFO - learning rate = 0.0000392
2021-06-16 14:39:26,385 - utils.logger - INFO - Trn result of epoch 56 / 60 mse 1.3922 rmse 1.1799 pcc 0.0560 ccc 0.0010
2021-06-16 14:39:26,528 - utils.logger - INFO - Val result of epoch 56 / 60 mse 1.3236 rmse 1.1505 pcc 0.1380 ccc 0.0028
2021-06-16 14:39:26,938 - utils.logger - INFO - Cur epoch 57 loss ccc:0.1290
2021-06-16 14:39:27,370 - utils.logger - INFO - Cur epoch 57 loss ccc:0.1277
2021-06-16 14:39:27,693 - utils.logger - INFO - Cur epoch 57 loss ccc:0.9927
2021-06-16 14:39:27,694 - utils.logger - INFO - saving the model at the end of epoch 57, iters 342
2021-06-16 14:39:27,964 - utils.logger - INFO - End of training epoch 57 / 60 	 Time Taken: 1 sec, Data loading: 0 sec
2021-06-16 14:39:27,964 - utils.logger - INFO - learning rate = 0.0000294
2021-06-16 14:39:28,400 - utils.logger - INFO - Trn result of epoch 57 / 60 mse 1.4056 rmse 1.1856 pcc 0.0561 ccc 0.0010
2021-06-16 14:39:28,563 - utils.logger - INFO - Val result of epoch 57 / 60 mse 1.3365 rmse 1.1561 pcc 0.1379 ccc 0.0028
2021-06-16 14:39:28,972 - utils.logger - INFO - Cur epoch 58 loss ccc:0.1255
2021-06-16 14:39:29,385 - utils.logger - INFO - Cur epoch 58 loss ccc:0.1250
2021-06-16 14:39:29,732 - utils.logger - INFO - Cur epoch 58 loss ccc:0.9955
2021-06-16 14:39:29,733 - utils.logger - INFO - saving the model at the end of epoch 58, iters 348
2021-06-16 14:39:29,994 - utils.logger - INFO - End of training epoch 58 / 60 	 Time Taken: 1 sec, Data loading: 0 sec
2021-06-16 14:39:29,994 - utils.logger - INFO - learning rate = 0.0000196
2021-06-16 14:39:30,409 - utils.logger - INFO - Trn result of epoch 58 / 60 mse 1.4186 rmse 1.1911 pcc 0.0572 ccc 0.0010
2021-06-16 14:39:30,554 - utils.logger - INFO - Val result of epoch 58 / 60 mse 1.3489 rmse 1.1614 pcc 0.1378 ccc 0.0027
2021-06-16 14:39:30,974 - utils.logger - INFO - Cur epoch 59 loss ccc:0.1250
2021-06-16 14:39:31,392 - utils.logger - INFO - Cur epoch 59 loss ccc:0.1280
2021-06-16 14:39:31,730 - utils.logger - INFO - Cur epoch 59 loss ccc:1.0008
2021-06-16 14:39:31,730 - utils.logger - INFO - saving the model at the end of epoch 59, iters 354
2021-06-16 14:39:32,028 - utils.logger - INFO - End of training epoch 59 / 60 	 Time Taken: 1 sec, Data loading: 0 sec
2021-06-16 14:39:32,028 - utils.logger - INFO - learning rate = 0.0000098
2021-06-16 14:39:32,452 - utils.logger - INFO - Trn result of epoch 59 / 60 mse 1.4266 rmse 1.1944 pcc 0.0572 ccc 0.0010
2021-06-16 14:39:32,595 - utils.logger - INFO - Val result of epoch 59 / 60 mse 1.3566 rmse 1.1647 pcc 0.1378 ccc 0.0027
2021-06-16 14:39:33,027 - utils.logger - INFO - Cur epoch 60 loss ccc:0.1257
2021-06-16 14:39:33,479 - utils.logger - INFO - Cur epoch 60 loss ccc:0.1229
2021-06-16 14:39:33,839 - utils.logger - INFO - Cur epoch 60 loss ccc:1.0009
2021-06-16 14:39:33,839 - utils.logger - INFO - saving the model at the end of epoch 60, iters 360
2021-06-16 14:39:34,103 - utils.logger - INFO - End of training epoch 60 / 60 	 Time Taken: 1 sec, Data loading: 0 sec
2021-06-16 14:39:34,103 - utils.logger - INFO - learning rate = 0.0000000
2021-06-16 14:39:34,532 - utils.logger - INFO - Trn result of epoch 60 / 60 mse 1.4297 rmse 1.1957 pcc 0.0571 ccc 0.0010
2021-06-16 14:39:34,679 - utils.logger - INFO - Val result of epoch 60 / 60 mse 1.3596 rmse 1.1660 pcc 0.1379 ccc 0.0027
2021-06-16 14:39:34,679 - utils.logger - INFO - Best eval epoch 2 found with ccc 0.032196
2021-06-16 14:39:34,679 - utils.logger - INFO - baseline_fcfusion_wonorm_wav2vec-egemaps_EDA_hidden1024_seq100_lr0.0005_cccloss_run2
