2021-06-05 14:32:35,478 - utils.logger - INFO - The number of training samples = 41
2021-06-05 14:32:38,948 - utils.logger - INFO - Cur epoch 1 loss MSE:0.4371
2021-06-05 14:32:39,334 - utils.logger - INFO - Cur epoch 1 loss MSE:0.0029
2021-06-05 14:32:39,654 - utils.logger - INFO - Cur epoch 1 loss MSE:5.3469
2021-06-05 14:32:39,654 - utils.logger - INFO - saving the model at the end of epoch 1, iters 6
2021-06-05 14:32:39,894 - utils.logger - INFO - End of training epoch 1 / 50 	 Time Taken: 1 sec, Data loading: 0 sec
2021-06-05 14:32:39,894 - utils.logger - INFO - learning rate = 0.0000100
2021-06-05 14:32:40,266 - utils.logger - INFO - Trn result of epoch 1 / 50 mse 0.1162 rmse 0.3409 pcc 0.0035 ccc 0.0000
2021-06-05 14:32:40,406 - utils.logger - INFO - Val result of epoch 1 / 50 mse 0.1312 rmse 0.3622 pcc -0.1140 ccc -0.0004
2021-06-05 14:32:40,803 - utils.logger - INFO - Cur epoch 2 loss MSE:0.3282
2021-06-05 14:32:41,210 - utils.logger - INFO - Cur epoch 2 loss MSE:0.3052
2021-06-05 14:32:41,526 - utils.logger - INFO - Cur epoch 2 loss MSE:8.9303
2021-06-05 14:32:41,527 - utils.logger - INFO - saving the model at the end of epoch 2, iters 12
2021-06-05 14:32:41,790 - utils.logger - INFO - End of training epoch 2 / 50 	 Time Taken: 1 sec, Data loading: 0 sec
2021-06-05 14:32:41,790 - utils.logger - INFO - learning rate = 0.0000100
2021-06-05 14:32:42,162 - utils.logger - INFO - Trn result of epoch 2 / 50 mse 0.1157 rmse 0.3401 pcc -0.0100 ccc -0.0001
2021-06-05 14:32:42,293 - utils.logger - INFO - Val result of epoch 2 / 50 mse 0.1310 rmse 0.3619 pcc -0.1228 ccc -0.0009
2021-06-05 14:32:42,686 - utils.logger - INFO - Cur epoch 3 loss MSE:0.2025
2021-06-05 14:32:43,073 - utils.logger - INFO - Cur epoch 3 loss MSE:0.2513
2021-06-05 14:32:43,400 - utils.logger - INFO - Cur epoch 3 loss MSE:9.0286
2021-06-05 14:32:43,400 - utils.logger - INFO - saving the model at the end of epoch 3, iters 18
2021-06-05 14:32:43,663 - utils.logger - INFO - End of training epoch 3 / 50 	 Time Taken: 1 sec, Data loading: 0 sec
2021-06-05 14:32:43,664 - utils.logger - INFO - learning rate = 0.0000100
2021-06-05 14:32:44,045 - utils.logger - INFO - Trn result of epoch 3 / 50 mse 0.1153 rmse 0.3396 pcc 0.0004 ccc 0.0000
2021-06-05 14:32:44,177 - utils.logger - INFO - Val result of epoch 3 / 50 mse 0.1308 rmse 0.3616 pcc -0.1128 ccc -0.0011
2021-06-05 14:32:44,573 - utils.logger - INFO - Cur epoch 4 loss MSE:0.2430
2021-06-05 14:32:44,972 - utils.logger - INFO - Cur epoch 4 loss MSE:0.1297
2021-06-05 14:32:45,306 - utils.logger - INFO - Cur epoch 4 loss MSE:2.4530
2021-06-05 14:32:45,306 - utils.logger - INFO - saving the model at the end of epoch 4, iters 24
2021-06-05 14:32:45,564 - utils.logger - INFO - End of training epoch 4 / 50 	 Time Taken: 1 sec, Data loading: 0 sec
2021-06-05 14:32:45,564 - utils.logger - INFO - learning rate = 0.0000100
2021-06-05 14:32:45,943 - utils.logger - INFO - Trn result of epoch 4 / 50 mse 0.1129 rmse 0.3360 pcc -0.0036 ccc -0.0002
2021-06-05 14:32:46,073 - utils.logger - INFO - Val result of epoch 4 / 50 mse 0.1300 rmse 0.3605 pcc -0.1235 ccc -0.0048
2021-06-05 14:32:46,477 - utils.logger - INFO - Cur epoch 5 loss MSE:0.0001
2021-06-05 14:32:46,876 - utils.logger - INFO - Cur epoch 5 loss MSE:0.2213
2021-06-05 14:32:47,207 - utils.logger - INFO - Cur epoch 5 loss MSE:0.1437
2021-06-05 14:32:47,207 - utils.logger - INFO - saving the model at the end of epoch 5, iters 30
2021-06-05 14:32:47,467 - utils.logger - INFO - End of training epoch 5 / 50 	 Time Taken: 1 sec, Data loading: 0 sec
2021-06-05 14:32:47,468 - utils.logger - INFO - learning rate = 0.0000100
2021-06-05 14:32:47,841 - utils.logger - INFO - Trn result of epoch 5 / 50 mse 0.1097 rmse 0.3313 pcc -0.0139 ccc -0.0017
2021-06-05 14:32:47,973 - utils.logger - INFO - Val result of epoch 5 / 50 mse 0.1306 rmse 0.3614 pcc -0.1430 ccc -0.0154
2021-06-05 14:32:48,349 - utils.logger - INFO - Cur epoch 6 loss MSE:0.1701
2021-06-05 14:32:48,739 - utils.logger - INFO - Cur epoch 6 loss MSE:0.4915
2021-06-05 14:32:49,079 - utils.logger - INFO - Cur epoch 6 loss MSE:0.0465
2021-06-05 14:32:49,079 - utils.logger - INFO - saving the model at the end of epoch 6, iters 36
2021-06-05 14:32:49,343 - utils.logger - INFO - End of training epoch 6 / 50 	 Time Taken: 1 sec, Data loading: 0 sec
2021-06-05 14:32:49,343 - utils.logger - INFO - learning rate = 0.0000100
2021-06-05 14:32:49,716 - utils.logger - INFO - Trn result of epoch 6 / 50 mse 0.1097 rmse 0.3313 pcc 0.0032 ccc 0.0003
2021-06-05 14:32:49,846 - utils.logger - INFO - Val result of epoch 6 / 50 mse 0.1301 rmse 0.3607 pcc -0.1390 ccc -0.0124
2021-06-05 14:32:50,238 - utils.logger - INFO - Cur epoch 7 loss MSE:0.1500
2021-06-05 14:32:50,629 - utils.logger - INFO - Cur epoch 7 loss MSE:0.2438
2021-06-05 14:32:50,974 - utils.logger - INFO - Cur epoch 7 loss MSE:4.0405
2021-06-05 14:32:50,974 - utils.logger - INFO - saving the model at the end of epoch 7, iters 42
2021-06-05 14:32:51,229 - utils.logger - INFO - End of training epoch 7 / 50 	 Time Taken: 1 sec, Data loading: 0 sec
2021-06-05 14:32:51,229 - utils.logger - INFO - learning rate = 0.0000100
2021-06-05 14:32:51,601 - utils.logger - INFO - Trn result of epoch 7 / 50 mse 0.1081 rmse 0.3288 pcc 0.0343 ccc 0.0050
2021-06-05 14:32:51,734 - utils.logger - INFO - Val result of epoch 7 / 50 mse 0.1327 rmse 0.3643 pcc -0.1464 ccc -0.0193
2021-06-05 14:32:52,151 - utils.logger - INFO - Cur epoch 8 loss MSE:0.0790
2021-06-05 14:32:52,562 - utils.logger - INFO - Cur epoch 8 loss MSE:0.0248
2021-06-05 14:32:52,887 - utils.logger - INFO - Cur epoch 8 loss MSE:2.5209
2021-06-05 14:32:52,888 - utils.logger - INFO - saving the model at the end of epoch 8, iters 48
2021-06-05 14:32:53,144 - utils.logger - INFO - End of training epoch 8 / 50 	 Time Taken: 1 sec, Data loading: 0 sec
2021-06-05 14:32:53,144 - utils.logger - INFO - learning rate = 0.0000100
2021-06-05 14:32:53,510 - utils.logger - INFO - Trn result of epoch 8 / 50 mse 0.1079 rmse 0.3285 pcc 0.0502 ccc 0.0076
2021-06-05 14:32:53,637 - utils.logger - INFO - Val result of epoch 8 / 50 mse 0.1337 rmse 0.3657 pcc -0.1386 ccc -0.0192
2021-06-05 14:32:54,031 - utils.logger - INFO - Cur epoch 9 loss MSE:0.0483
2021-06-05 14:32:54,415 - utils.logger - INFO - Cur epoch 9 loss MSE:0.2574
2021-06-05 14:32:54,759 - utils.logger - INFO - Cur epoch 9 loss MSE:0.1509
2021-06-05 14:32:54,759 - utils.logger - INFO - saving the model at the end of epoch 9, iters 54
2021-06-05 14:32:55,012 - utils.logger - INFO - End of training epoch 9 / 50 	 Time Taken: 1 sec, Data loading: 0 sec
2021-06-05 14:32:55,012 - utils.logger - INFO - learning rate = 0.0000100
2021-06-05 14:32:55,379 - utils.logger - INFO - Trn result of epoch 9 / 50 mse 0.1081 rmse 0.3288 pcc 0.0727 ccc 0.0113
2021-06-05 14:32:55,507 - utils.logger - INFO - Val result of epoch 9 / 50 mse 0.1356 rmse 0.3683 pcc -0.1463 ccc -0.0204
2021-06-05 14:32:55,901 - utils.logger - INFO - Cur epoch 10 loss MSE:0.2198
2021-06-05 14:32:56,285 - utils.logger - INFO - Cur epoch 10 loss MSE:0.1453
2021-06-05 14:32:56,592 - utils.logger - INFO - Cur epoch 10 loss MSE:5.6765
2021-06-05 14:32:56,592 - utils.logger - INFO - saving the model at the end of epoch 10, iters 60
2021-06-05 14:32:56,847 - utils.logger - INFO - End of training epoch 10 / 50 	 Time Taken: 1 sec, Data loading: 0 sec
2021-06-05 14:32:56,847 - utils.logger - INFO - learning rate = 0.0000100
2021-06-05 14:32:57,229 - utils.logger - INFO - Trn result of epoch 10 / 50 mse 0.1083 rmse 0.3291 pcc 0.0626 ccc 0.0064
2021-06-05 14:32:57,361 - utils.logger - INFO - Val result of epoch 10 / 50 mse 0.1302 rmse 0.3608 pcc -0.1106 ccc -0.0109
2021-06-05 14:32:57,749 - utils.logger - INFO - Cur epoch 11 loss MSE:0.0081
2021-06-05 14:32:58,144 - utils.logger - INFO - Cur epoch 11 loss MSE:0.2095
2021-06-05 14:32:58,483 - utils.logger - INFO - Cur epoch 11 loss MSE:0.3530
2021-06-05 14:32:58,483 - utils.logger - INFO - saving the model at the end of epoch 11, iters 66
2021-06-05 14:32:58,731 - utils.logger - INFO - End of training epoch 11 / 50 	 Time Taken: 1 sec, Data loading: 0 sec
2021-06-05 14:32:58,731 - utils.logger - INFO - learning rate = 0.0000100
2021-06-05 14:32:59,101 - utils.logger - INFO - Trn result of epoch 11 / 50 mse 0.1073 rmse 0.3276 pcc 0.0846 ccc 0.0106
2021-06-05 14:32:59,231 - utils.logger - INFO - Val result of epoch 11 / 50 mse 0.1317 rmse 0.3629 pcc -0.1119 ccc -0.0132
2021-06-05 14:32:59,621 - utils.logger - INFO - Cur epoch 12 loss MSE:0.2661
2021-06-05 14:33:00,021 - utils.logger - INFO - Cur epoch 12 loss MSE:0.1969
2021-06-05 14:33:00,335 - utils.logger - INFO - Cur epoch 12 loss MSE:22.9266
2021-06-05 14:33:00,335 - utils.logger - INFO - saving the model at the end of epoch 12, iters 72
2021-06-05 14:33:00,599 - utils.logger - INFO - End of training epoch 12 / 50 	 Time Taken: 1 sec, Data loading: 0 sec
2021-06-05 14:33:00,600 - utils.logger - INFO - learning rate = 0.0000100
2021-06-05 14:33:00,969 - utils.logger - INFO - Trn result of epoch 12 / 50 mse 0.1081 rmse 0.3288 pcc 0.0715 ccc 0.0076
2021-06-05 14:33:01,096 - utils.logger - INFO - Val result of epoch 12 / 50 mse 0.1301 rmse 0.3607 pcc -0.0984 ccc -0.0101
2021-06-05 14:33:01,493 - utils.logger - INFO - Cur epoch 13 loss MSE:0.0202
2021-06-05 14:33:01,884 - utils.logger - INFO - Cur epoch 13 loss MSE:0.2407
2021-06-05 14:33:02,207 - utils.logger - INFO - Cur epoch 13 loss MSE:4.0957
2021-06-05 14:33:02,208 - utils.logger - INFO - saving the model at the end of epoch 13, iters 78
2021-06-05 14:33:02,471 - utils.logger - INFO - End of training epoch 13 / 50 	 Time Taken: 1 sec, Data loading: 0 sec
2021-06-05 14:33:02,471 - utils.logger - INFO - learning rate = 0.0000100
2021-06-05 14:33:02,849 - utils.logger - INFO - Trn result of epoch 13 / 50 mse 0.1077 rmse 0.3281 pcc 0.0849 ccc 0.0094
2021-06-05 14:33:02,978 - utils.logger - INFO - Val result of epoch 13 / 50 mse 0.1304 rmse 0.3611 pcc -0.0986 ccc -0.0104
2021-06-05 14:33:03,370 - utils.logger - INFO - Cur epoch 14 loss MSE:0.2678
2021-06-05 14:33:03,769 - utils.logger - INFO - Cur epoch 14 loss MSE:0.0459
2021-06-05 14:33:04,102 - utils.logger - INFO - Cur epoch 14 loss MSE:0.1462
2021-06-05 14:33:04,103 - utils.logger - INFO - saving the model at the end of epoch 14, iters 84
2021-06-05 14:33:04,356 - utils.logger - INFO - End of training epoch 14 / 50 	 Time Taken: 1 sec, Data loading: 0 sec
2021-06-05 14:33:04,357 - utils.logger - INFO - learning rate = 0.0000100
2021-06-05 14:33:04,736 - utils.logger - INFO - Trn result of epoch 14 / 50 mse 0.1065 rmse 0.3263 pcc 0.1450 ccc 0.0187
2021-06-05 14:33:04,866 - utils.logger - INFO - Val result of epoch 14 / 50 mse 0.1320 rmse 0.3634 pcc -0.0949 ccc -0.0117
2021-06-05 14:33:05,254 - utils.logger - INFO - Cur epoch 15 loss MSE:0.0648
2021-06-05 14:33:05,643 - utils.logger - INFO - Cur epoch 15 loss MSE:0.2256
2021-06-05 14:33:05,983 - utils.logger - INFO - Cur epoch 15 loss MSE:0.3417
2021-06-05 14:33:05,983 - utils.logger - INFO - saving the model at the end of epoch 15, iters 90
2021-06-05 14:33:06,232 - utils.logger - INFO - End of training epoch 15 / 50 	 Time Taken: 1 sec, Data loading: 0 sec
2021-06-05 14:33:06,232 - utils.logger - INFO - learning rate = 0.0000100
2021-06-05 14:33:06,601 - utils.logger - INFO - Trn result of epoch 15 / 50 mse 0.1071 rmse 0.3272 pcc 0.1129 ccc 0.0162
2021-06-05 14:33:06,729 - utils.logger - INFO - Val result of epoch 15 / 50 mse 0.1330 rmse 0.3647 pcc -0.0835 ccc -0.0112
2021-06-05 14:33:07,117 - utils.logger - INFO - Cur epoch 16 loss MSE:0.0424
2021-06-05 14:33:07,512 - utils.logger - INFO - Cur epoch 16 loss MSE:0.4765
2021-06-05 14:33:07,839 - utils.logger - INFO - Cur epoch 16 loss MSE:3.3867
2021-06-05 14:33:07,840 - utils.logger - INFO - saving the model at the end of epoch 16, iters 96
2021-06-05 14:33:08,098 - utils.logger - INFO - End of training epoch 16 / 50 	 Time Taken: 1 sec, Data loading: 0 sec
2021-06-05 14:33:08,098 - utils.logger - INFO - learning rate = 0.0000100
2021-06-05 14:33:08,465 - utils.logger - INFO - Trn result of epoch 16 / 50 mse 0.1065 rmse 0.3263 pcc 0.1421 ccc 0.0202
2021-06-05 14:33:08,595 - utils.logger - INFO - Val result of epoch 16 / 50 mse 0.1322 rmse 0.3636 pcc -0.0667 ccc -0.0092
2021-06-05 14:33:08,993 - utils.logger - INFO - Cur epoch 17 loss MSE:0.6535
2021-06-05 14:33:09,381 - utils.logger - INFO - Cur epoch 17 loss MSE:0.2873
2021-06-05 14:33:09,697 - utils.logger - INFO - Cur epoch 17 loss MSE:10.1648
2021-06-05 14:33:09,697 - utils.logger - INFO - saving the model at the end of epoch 17, iters 102
2021-06-05 14:33:09,953 - utils.logger - INFO - End of training epoch 17 / 50 	 Time Taken: 1 sec, Data loading: 0 sec
2021-06-05 14:33:09,953 - utils.logger - INFO - learning rate = 0.0000100
2021-06-05 14:33:10,320 - utils.logger - INFO - Trn result of epoch 17 / 50 mse 0.1060 rmse 0.3255 pcc 0.1932 ccc 0.0261
2021-06-05 14:33:10,452 - utils.logger - INFO - Val result of epoch 17 / 50 mse 0.1326 rmse 0.3641 pcc -0.0603 ccc -0.0078
2021-06-05 14:33:10,850 - utils.logger - INFO - Cur epoch 18 loss MSE:0.3467
2021-06-05 14:33:11,244 - utils.logger - INFO - Cur epoch 18 loss MSE:0.1132
2021-06-05 14:33:11,557 - utils.logger - INFO - Cur epoch 18 loss MSE:5.4164
2021-06-05 14:33:11,557 - utils.logger - INFO - saving the model at the end of epoch 18, iters 108
2021-06-05 14:33:11,812 - utils.logger - INFO - End of training epoch 18 / 50 	 Time Taken: 1 sec, Data loading: 0 sec
2021-06-05 14:33:11,812 - utils.logger - INFO - learning rate = 0.0000100
2021-06-05 14:33:12,186 - utils.logger - INFO - Trn result of epoch 18 / 50 mse 0.1070 rmse 0.3272 pcc 0.2262 ccc 0.0344
2021-06-05 14:33:12,317 - utils.logger - INFO - Val result of epoch 18 / 50 mse 0.1367 rmse 0.3697 pcc -0.0386 ccc -0.0055
2021-06-05 14:33:12,710 - utils.logger - INFO - Cur epoch 19 loss MSE:0.1294
2021-06-05 14:33:13,111 - utils.logger - INFO - Cur epoch 19 loss MSE:0.5113
2021-06-05 14:33:13,443 - utils.logger - INFO - Cur epoch 19 loss MSE:26.9050
2021-06-05 14:33:13,444 - utils.logger - INFO - saving the model at the end of epoch 19, iters 114
2021-06-05 14:33:13,699 - utils.logger - INFO - End of training epoch 19 / 50 	 Time Taken: 1 sec, Data loading: 0 sec
2021-06-05 14:33:13,700 - utils.logger - INFO - learning rate = 0.0000100
2021-06-05 14:33:14,085 - utils.logger - INFO - Trn result of epoch 19 / 50 mse 0.1055 rmse 0.3248 pcc 0.2126 ccc 0.0296
2021-06-05 14:33:14,221 - utils.logger - INFO - Val result of epoch 19 / 50 mse 0.1316 rmse 0.3628 pcc -0.0299 ccc -0.0040
2021-06-05 14:33:14,614 - utils.logger - INFO - Cur epoch 20 loss MSE:0.0740
2021-06-05 14:33:15,017 - utils.logger - INFO - Cur epoch 20 loss MSE:0.6757
2021-06-05 14:33:15,352 - utils.logger - INFO - Cur epoch 20 loss MSE:0.1159
2021-06-05 14:33:15,352 - utils.logger - INFO - saving the model at the end of epoch 20, iters 120
2021-06-05 14:33:15,603 - utils.logger - INFO - End of training epoch 20 / 50 	 Time Taken: 1 sec, Data loading: 0 sec
2021-06-05 14:33:15,604 - utils.logger - INFO - learning rate = 0.0000097
2021-06-05 14:33:15,974 - utils.logger - INFO - Trn result of epoch 20 / 50 mse 0.1056 rmse 0.3250 pcc 0.2580 ccc 0.0424
2021-06-05 14:33:16,103 - utils.logger - INFO - Val result of epoch 20 / 50 mse 0.1354 rmse 0.3680 pcc -0.0113 ccc -0.0018
2021-06-05 14:33:16,493 - utils.logger - INFO - Cur epoch 21 loss MSE:0.1590
2021-06-05 14:33:16,871 - utils.logger - INFO - Cur epoch 21 loss MSE:0.2165
2021-06-05 14:33:17,170 - utils.logger - INFO - Cur epoch 21 loss MSE:0.7959
2021-06-05 14:33:17,171 - utils.logger - INFO - saving the model at the end of epoch 21, iters 126
2021-06-05 14:33:17,432 - utils.logger - INFO - End of training epoch 21 / 50 	 Time Taken: 1 sec, Data loading: 0 sec
2021-06-05 14:33:17,433 - utils.logger - INFO - learning rate = 0.0000094
2021-06-05 14:33:17,807 - utils.logger - INFO - Trn result of epoch 21 / 50 mse 0.1054 rmse 0.3247 pcc 0.2435 ccc 0.0423
2021-06-05 14:33:17,937 - utils.logger - INFO - Val result of epoch 21 / 50 mse 0.1343 rmse 0.3665 pcc 0.0117 ccc 0.0019
2021-06-05 14:33:18,337 - utils.logger - INFO - Cur epoch 22 loss MSE:0.2656
2021-06-05 14:33:18,725 - utils.logger - INFO - Cur epoch 22 loss MSE:0.0283
2021-06-05 14:33:19,054 - utils.logger - INFO - Cur epoch 22 loss MSE:16.6710
2021-06-05 14:33:19,054 - utils.logger - INFO - saving the model at the end of epoch 22, iters 132
2021-06-05 14:33:19,423 - utils.logger - INFO - End of training epoch 22 / 50 	 Time Taken: 1 sec, Data loading: 0 sec
2021-06-05 14:33:19,423 - utils.logger - INFO - learning rate = 0.0000090
2021-06-05 14:33:19,794 - utils.logger - INFO - Trn result of epoch 22 / 50 mse 0.1077 rmse 0.3281 pcc 0.3108 ccc 0.0570
2021-06-05 14:33:19,923 - utils.logger - INFO - Val result of epoch 22 / 50 mse 0.1396 rmse 0.3737 pcc 0.0578 ccc 0.0099
2021-06-05 14:33:20,305 - utils.logger - INFO - Cur epoch 23 loss MSE:0.2261
2021-06-05 14:33:20,698 - utils.logger - INFO - Cur epoch 23 loss MSE:0.0156
2021-06-05 14:33:21,016 - utils.logger - INFO - Cur epoch 23 loss MSE:3.8258
2021-06-05 14:33:21,016 - utils.logger - INFO - saving the model at the end of epoch 23, iters 138
2021-06-05 14:33:21,273 - utils.logger - INFO - End of training epoch 23 / 50 	 Time Taken: 1 sec, Data loading: 0 sec
2021-06-05 14:33:21,273 - utils.logger - INFO - learning rate = 0.0000087
2021-06-05 14:33:21,647 - utils.logger - INFO - Trn result of epoch 23 / 50 mse 0.1034 rmse 0.3215 pcc 0.3570 ccc 0.0796
2021-06-05 14:33:21,777 - utils.logger - INFO - Val result of epoch 23 / 50 mse 0.1353 rmse 0.3678 pcc 0.0996 ccc 0.0208
2021-06-05 14:33:22,174 - utils.logger - INFO - Cur epoch 24 loss MSE:0.1242
2021-06-05 14:33:22,574 - utils.logger - INFO - Cur epoch 24 loss MSE:0.8486
2021-06-05 14:33:22,900 - utils.logger - INFO - Cur epoch 24 loss MSE:0.5559
2021-06-05 14:33:22,900 - utils.logger - INFO - saving the model at the end of epoch 24, iters 144
2021-06-05 14:33:23,163 - utils.logger - INFO - End of training epoch 24 / 50 	 Time Taken: 1 sec, Data loading: 0 sec
2021-06-05 14:33:23,164 - utils.logger - INFO - learning rate = 0.0000084
2021-06-05 14:33:23,536 - utils.logger - INFO - Trn result of epoch 24 / 50 mse 0.1071 rmse 0.3273 pcc 0.4099 ccc 0.1172
2021-06-05 14:33:23,665 - utils.logger - INFO - Val result of epoch 24 / 50 mse 0.1447 rmse 0.3804 pcc 0.1625 ccc 0.0412
2021-06-05 14:33:24,024 - utils.logger - INFO - Cur epoch 25 loss MSE:0.0843
2021-06-05 14:33:24,406 - utils.logger - INFO - Cur epoch 25 loss MSE:0.5555
2021-06-05 14:33:24,722 - utils.logger - INFO - Cur epoch 25 loss MSE:0.0351
2021-06-05 14:33:24,723 - utils.logger - INFO - saving the model at the end of epoch 25, iters 150
2021-06-05 14:33:24,960 - utils.logger - INFO - End of training epoch 25 / 50 	 Time Taken: 1 sec, Data loading: 0 sec
2021-06-05 14:33:24,960 - utils.logger - INFO - learning rate = 0.0000081
2021-06-05 14:33:25,326 - utils.logger - INFO - Trn result of epoch 25 / 50 mse 0.0948 rmse 0.3080 pcc 0.4782 ccc 0.1541
2021-06-05 14:33:25,453 - utils.logger - INFO - Val result of epoch 25 / 50 mse 0.1291 rmse 0.3593 pcc 0.1626 ccc 0.0471
2021-06-05 14:33:25,826 - utils.logger - INFO - Cur epoch 26 loss MSE:0.1143
2021-06-05 14:33:26,225 - utils.logger - INFO - Cur epoch 26 loss MSE:0.1992
2021-06-05 14:33:26,555 - utils.logger - INFO - Cur epoch 26 loss MSE:22.4671
2021-06-05 14:33:26,555 - utils.logger - INFO - saving the model at the end of epoch 26, iters 156
2021-06-05 14:33:26,807 - utils.logger - INFO - End of training epoch 26 / 50 	 Time Taken: 1 sec, Data loading: 0 sec
2021-06-05 14:33:26,807 - utils.logger - INFO - learning rate = 0.0000077
2021-06-05 14:33:27,177 - utils.logger - INFO - Trn result of epoch 26 / 50 mse 0.1024 rmse 0.3200 pcc 0.3985 ccc 0.0767
2021-06-05 14:33:27,305 - utils.logger - INFO - Val result of epoch 26 / 50 mse 0.1257 rmse 0.3546 pcc 0.1517 ccc 0.0285
2021-06-05 14:33:27,705 - utils.logger - INFO - Cur epoch 27 loss MSE:0.0357
2021-06-05 14:33:28,104 - utils.logger - INFO - Cur epoch 27 loss MSE:0.4285
2021-06-05 14:33:28,423 - utils.logger - INFO - Cur epoch 27 loss MSE:6.6926
2021-06-05 14:33:28,423 - utils.logger - INFO - saving the model at the end of epoch 27, iters 162
2021-06-05 14:33:28,673 - utils.logger - INFO - End of training epoch 27 / 50 	 Time Taken: 1 sec, Data loading: 0 sec
2021-06-05 14:33:28,673 - utils.logger - INFO - learning rate = 0.0000074
2021-06-05 14:33:29,050 - utils.logger - INFO - Trn result of epoch 27 / 50 mse 0.1065 rmse 0.3263 pcc 0.4298 ccc 0.1984
2021-06-05 14:33:29,183 - utils.logger - INFO - Val result of epoch 27 / 50 mse 0.1442 rmse 0.3798 pcc 0.2289 ccc 0.1022
2021-06-05 14:33:29,588 - utils.logger - INFO - Cur epoch 28 loss MSE:1.3287
2021-06-05 14:33:29,997 - utils.logger - INFO - Cur epoch 28 loss MSE:0.0213
2021-06-05 14:33:30,333 - utils.logger - INFO - Cur epoch 28 loss MSE:3.7542
2021-06-05 14:33:30,334 - utils.logger - INFO - saving the model at the end of epoch 28, iters 168
2021-06-05 14:33:30,584 - utils.logger - INFO - End of training epoch 28 / 50 	 Time Taken: 1 sec, Data loading: 0 sec
2021-06-05 14:33:30,584 - utils.logger - INFO - learning rate = 0.0000071
2021-06-05 14:33:30,964 - utils.logger - INFO - Trn result of epoch 28 / 50 mse 0.0879 rmse 0.2965 pcc 0.4708 ccc 0.2681
2021-06-05 14:33:31,096 - utils.logger - INFO - Val result of epoch 28 / 50 mse 0.1311 rmse 0.3621 pcc 0.1592 ccc 0.0814
2021-06-05 14:33:31,486 - utils.logger - INFO - Cur epoch 29 loss MSE:0.4859
2021-06-05 14:33:31,873 - utils.logger - INFO - Cur epoch 29 loss MSE:0.3333
2021-06-05 14:33:32,245 - utils.logger - INFO - Cur epoch 29 loss MSE:0.8182
2021-06-05 14:33:32,245 - utils.logger - INFO - saving the model at the end of epoch 29, iters 174
2021-06-05 14:33:32,533 - utils.logger - INFO - End of training epoch 29 / 50 	 Time Taken: 1 sec, Data loading: 0 sec
2021-06-05 14:33:32,533 - utils.logger - INFO - learning rate = 0.0000068
2021-06-05 14:33:32,911 - utils.logger - INFO - Trn result of epoch 29 / 50 mse 0.0982 rmse 0.3134 pcc 0.3976 ccc 0.1346
2021-06-05 14:33:33,045 - utils.logger - INFO - Val result of epoch 29 / 50 mse 0.1248 rmse 0.3532 pcc 0.1694 ccc 0.0503
2021-06-05 14:33:33,440 - utils.logger - INFO - Cur epoch 30 loss MSE:0.0561
2021-06-05 14:33:33,851 - utils.logger - INFO - Cur epoch 30 loss MSE:1.1022
2021-06-05 14:33:34,179 - utils.logger - INFO - Cur epoch 30 loss MSE:4.1720
2021-06-05 14:33:34,180 - utils.logger - INFO - saving the model at the end of epoch 30, iters 180
2021-06-05 14:33:34,436 - utils.logger - INFO - End of training epoch 30 / 50 	 Time Taken: 1 sec, Data loading: 0 sec
2021-06-05 14:33:34,436 - utils.logger - INFO - learning rate = 0.0000065
2021-06-05 14:33:34,818 - utils.logger - INFO - Trn result of epoch 30 / 50 mse 0.0857 rmse 0.2928 pcc 0.4913 ccc 0.2763
2021-06-05 14:33:34,956 - utils.logger - INFO - Val result of epoch 30 / 50 mse 0.1288 rmse 0.3589 pcc 0.1532 ccc 0.0774
2021-06-05 14:33:35,356 - utils.logger - INFO - Cur epoch 31 loss MSE:0.0808
2021-06-05 14:33:35,760 - utils.logger - INFO - Cur epoch 31 loss MSE:0.2840
2021-06-05 14:33:36,099 - utils.logger - INFO - Cur epoch 31 loss MSE:3.0313
2021-06-05 14:33:36,100 - utils.logger - INFO - saving the model at the end of epoch 31, iters 186
2021-06-05 14:33:36,353 - utils.logger - INFO - End of training epoch 31 / 50 	 Time Taken: 1 sec, Data loading: 0 sec
2021-06-05 14:33:36,353 - utils.logger - INFO - learning rate = 0.0000061
2021-06-05 14:33:36,723 - utils.logger - INFO - Trn result of epoch 31 / 50 mse 0.0944 rmse 0.3072 pcc 0.4356 ccc 0.1708
2021-06-05 14:33:36,853 - utils.logger - INFO - Val result of epoch 31 / 50 mse 0.1265 rmse 0.3557 pcc 0.1333 ccc 0.0508
2021-06-05 14:33:37,252 - utils.logger - INFO - Cur epoch 32 loss MSE:0.3449
2021-06-05 14:33:37,644 - utils.logger - INFO - Cur epoch 32 loss MSE:0.1525
2021-06-05 14:33:37,971 - utils.logger - INFO - Cur epoch 32 loss MSE:0.6217
2021-06-05 14:33:37,972 - utils.logger - INFO - saving the model at the end of epoch 32, iters 192
2021-06-05 14:33:38,221 - utils.logger - INFO - End of training epoch 32 / 50 	 Time Taken: 1 sec, Data loading: 0 sec
2021-06-05 14:33:38,222 - utils.logger - INFO - learning rate = 0.0000058
2021-06-05 14:33:38,590 - utils.logger - INFO - Trn result of epoch 32 / 50 mse 0.1064 rmse 0.3262 pcc 0.4466 ccc 0.2556
2021-06-05 14:33:38,718 - utils.logger - INFO - Val result of epoch 32 / 50 mse 0.1494 rmse 0.3865 pcc 0.2405 ccc 0.1329
2021-06-05 14:33:39,115 - utils.logger - INFO - Cur epoch 33 loss MSE:0.1371
2021-06-05 14:33:39,516 - utils.logger - INFO - Cur epoch 33 loss MSE:0.4505
2021-06-05 14:33:39,869 - utils.logger - INFO - Cur epoch 33 loss MSE:6.9691
2021-06-05 14:33:39,869 - utils.logger - INFO - saving the model at the end of epoch 33, iters 198
2021-06-05 14:33:40,119 - utils.logger - INFO - End of training epoch 33 / 50 	 Time Taken: 1 sec, Data loading: 0 sec
2021-06-05 14:33:40,119 - utils.logger - INFO - learning rate = 0.0000055
2021-06-05 14:33:40,490 - utils.logger - INFO - Trn result of epoch 33 / 50 mse 0.0842 rmse 0.2901 pcc 0.5043 ccc 0.2953
2021-06-05 14:33:40,619 - utils.logger - INFO - Val result of epoch 33 / 50 mse 0.1282 rmse 0.3581 pcc 0.1632 ccc 0.0869
2021-06-05 14:33:41,039 - utils.logger - INFO - Cur epoch 34 loss MSE:0.2604
2021-06-05 14:33:41,461 - utils.logger - INFO - Cur epoch 34 loss MSE:0.2600
2021-06-05 14:33:41,817 - utils.logger - INFO - Cur epoch 34 loss MSE:3.1768
2021-06-05 14:33:41,818 - utils.logger - INFO - saving the model at the end of epoch 34, iters 204
2021-06-05 14:33:42,090 - utils.logger - INFO - End of training epoch 34 / 50 	 Time Taken: 1 sec, Data loading: 0 sec
2021-06-05 14:33:42,091 - utils.logger - INFO - learning rate = 0.0000052
2021-06-05 14:33:42,471 - utils.logger - INFO - Trn result of epoch 34 / 50 mse 0.0847 rmse 0.2910 pcc 0.5601 ccc 0.3664
2021-06-05 14:33:42,601 - utils.logger - INFO - Val result of epoch 34 / 50 mse 0.1362 rmse 0.3690 pcc 0.2515 ccc 0.1509
2021-06-05 14:33:42,997 - utils.logger - INFO - Cur epoch 35 loss MSE:0.8065
2021-06-05 14:33:43,401 - utils.logger - INFO - Cur epoch 35 loss MSE:1.3278
2021-06-05 14:33:43,727 - utils.logger - INFO - Cur epoch 35 loss MSE:35.1768
2021-06-05 14:33:43,727 - utils.logger - INFO - saving the model at the end of epoch 35, iters 210
2021-06-05 14:33:44,003 - utils.logger - INFO - End of training epoch 35 / 50 	 Time Taken: 1 sec, Data loading: 0 sec
2021-06-05 14:33:44,004 - utils.logger - INFO - learning rate = 0.0000048
2021-06-05 14:33:44,373 - utils.logger - INFO - Trn result of epoch 35 / 50 mse 0.0929 rmse 0.3047 pcc 0.4430 ccc 0.1992
2021-06-05 14:33:44,504 - utils.logger - INFO - Val result of epoch 35 / 50 mse 0.1275 rmse 0.3571 pcc 0.1189 ccc 0.0470
2021-06-05 14:33:44,891 - utils.logger - INFO - Cur epoch 36 loss MSE:1.5087
2021-06-05 14:33:45,287 - utils.logger - INFO - Cur epoch 36 loss MSE:0.3123
2021-06-05 14:33:45,610 - utils.logger - INFO - Cur epoch 36 loss MSE:6.7083
2021-06-05 14:33:45,610 - utils.logger - INFO - saving the model at the end of epoch 36, iters 216
2021-06-05 14:33:45,853 - utils.logger - INFO - End of training epoch 36 / 50 	 Time Taken: 1 sec, Data loading: 0 sec
2021-06-05 14:33:45,854 - utils.logger - INFO - learning rate = 0.0000045
2021-06-05 14:33:46,226 - utils.logger - INFO - Trn result of epoch 36 / 50 mse 0.0839 rmse 0.2896 pcc 0.5273 ccc 0.3671
2021-06-05 14:33:46,354 - utils.logger - INFO - Val result of epoch 36 / 50 mse 0.1377 rmse 0.3711 pcc 0.1723 ccc 0.1114
2021-06-05 14:33:46,739 - utils.logger - INFO - Cur epoch 37 loss MSE:0.0199
2021-06-05 14:33:47,146 - utils.logger - INFO - Cur epoch 37 loss MSE:0.0645
2021-06-05 14:33:47,475 - utils.logger - INFO - Cur epoch 37 loss MSE:13.5492
2021-06-05 14:33:47,475 - utils.logger - INFO - saving the model at the end of epoch 37, iters 222
2021-06-05 14:33:47,727 - utils.logger - INFO - End of training epoch 37 / 50 	 Time Taken: 1 sec, Data loading: 0 sec
2021-06-05 14:33:47,727 - utils.logger - INFO - learning rate = 0.0000042
2021-06-05 14:33:48,100 - utils.logger - INFO - Trn result of epoch 37 / 50 mse 0.0804 rmse 0.2836 pcc 0.5380 ccc 0.3521
2021-06-05 14:33:48,229 - utils.logger - INFO - Val result of epoch 37 / 50 mse 0.1332 rmse 0.3649 pcc 0.1488 ccc 0.0893
2021-06-05 14:33:48,634 - utils.logger - INFO - Cur epoch 38 loss MSE:1.6055
2021-06-05 14:33:49,027 - utils.logger - INFO - Cur epoch 38 loss MSE:0.1792
2021-06-05 14:33:49,383 - utils.logger - INFO - Cur epoch 38 loss MSE:2.8227
2021-06-05 14:33:49,383 - utils.logger - INFO - saving the model at the end of epoch 38, iters 228
2021-06-05 14:33:49,636 - utils.logger - INFO - End of training epoch 38 / 50 	 Time Taken: 1 sec, Data loading: 0 sec
2021-06-05 14:33:49,637 - utils.logger - INFO - learning rate = 0.0000039
2021-06-05 14:33:50,010 - utils.logger - INFO - Trn result of epoch 38 / 50 mse 0.0795 rmse 0.2820 pcc 0.5503 ccc 0.3463
2021-06-05 14:33:50,138 - utils.logger - INFO - Val result of epoch 38 / 50 mse 0.1300 rmse 0.3606 pcc 0.1547 ccc 0.0900
2021-06-05 14:33:50,545 - utils.logger - INFO - Cur epoch 39 loss MSE:0.6302
2021-06-05 14:33:50,948 - utils.logger - INFO - Cur epoch 39 loss MSE:0.0759
2021-06-05 14:33:51,276 - utils.logger - INFO - Cur epoch 39 loss MSE:6.4391
2021-06-05 14:33:51,276 - utils.logger - INFO - saving the model at the end of epoch 39, iters 234
2021-06-05 14:33:51,528 - utils.logger - INFO - End of training epoch 39 / 50 	 Time Taken: 1 sec, Data loading: 0 sec
2021-06-05 14:33:51,528 - utils.logger - INFO - learning rate = 0.0000035
2021-06-05 14:33:51,900 - utils.logger - INFO - Trn result of epoch 39 / 50 mse 0.0799 rmse 0.2826 pcc 0.5655 ccc 0.4031
2021-06-05 14:33:52,030 - utils.logger - INFO - Val result of epoch 39 / 50 mse 0.1372 rmse 0.3704 pcc 0.1946 ccc 0.1294
2021-06-05 14:33:52,418 - utils.logger - INFO - Cur epoch 40 loss MSE:1.3782
2021-06-05 14:33:52,788 - utils.logger - INFO - Cur epoch 40 loss MSE:7.8260
2021-06-05 14:33:53,113 - utils.logger - INFO - Cur epoch 40 loss MSE:21.4310
2021-06-05 14:33:53,114 - utils.logger - INFO - saving the model at the end of epoch 40, iters 240
2021-06-05 14:33:53,400 - utils.logger - INFO - End of training epoch 40 / 50 	 Time Taken: 1 sec, Data loading: 0 sec
2021-06-05 14:33:53,400 - utils.logger - INFO - learning rate = 0.0000032
2021-06-05 14:33:53,774 - utils.logger - INFO - Trn result of epoch 40 / 50 mse 0.0810 rmse 0.2846 pcc 0.5262 ccc 0.3375
2021-06-05 14:33:53,902 - utils.logger - INFO - Val result of epoch 40 / 50 mse 0.1317 rmse 0.3630 pcc 0.1423 ccc 0.0854
2021-06-05 14:33:54,308 - utils.logger - INFO - Cur epoch 41 loss MSE:8.8591
2021-06-05 14:33:54,724 - utils.logger - INFO - Cur epoch 41 loss MSE:0.1213
2021-06-05 14:33:55,043 - utils.logger - INFO - Cur epoch 41 loss MSE:1.7480
2021-06-05 14:33:55,043 - utils.logger - INFO - saving the model at the end of epoch 41, iters 246
2021-06-05 14:33:55,310 - utils.logger - INFO - End of training epoch 41 / 50 	 Time Taken: 1 sec, Data loading: 0 sec
2021-06-05 14:33:55,311 - utils.logger - INFO - learning rate = 0.0000029
2021-06-05 14:33:55,683 - utils.logger - INFO - Trn result of epoch 41 / 50 mse 0.0770 rmse 0.2775 pcc 0.5919 ccc 0.4218
2021-06-05 14:33:55,814 - utils.logger - INFO - Val result of epoch 41 / 50 mse 0.1358 rmse 0.3686 pcc 0.2015 ccc 0.1338
2021-06-05 14:33:56,212 - utils.logger - INFO - Cur epoch 42 loss MSE:0.0922
2021-06-05 14:33:56,603 - utils.logger - INFO - Cur epoch 42 loss MSE:0.1044
2021-06-05 14:33:56,948 - utils.logger - INFO - Cur epoch 42 loss MSE:0.7886
2021-06-05 14:33:56,949 - utils.logger - INFO - saving the model at the end of epoch 42, iters 252
2021-06-05 14:33:57,208 - utils.logger - INFO - End of training epoch 42 / 50 	 Time Taken: 1 sec, Data loading: 0 sec
2021-06-05 14:33:57,208 - utils.logger - INFO - learning rate = 0.0000026
2021-06-05 14:33:57,579 - utils.logger - INFO - Trn result of epoch 42 / 50 mse 0.0794 rmse 0.2817 pcc 0.5464 ccc 0.3596
2021-06-05 14:33:57,707 - utils.logger - INFO - Val result of epoch 42 / 50 mse 0.1320 rmse 0.3633 pcc 0.1499 ccc 0.0900
2021-06-05 14:33:58,112 - utils.logger - INFO - Cur epoch 43 loss MSE:0.5997
2021-06-05 14:33:58,531 - utils.logger - INFO - Cur epoch 43 loss MSE:0.1042
2021-06-05 14:33:58,888 - utils.logger - INFO - Cur epoch 43 loss MSE:11.3151
2021-06-05 14:33:58,888 - utils.logger - INFO - saving the model at the end of epoch 43, iters 258
2021-06-05 14:33:59,154 - utils.logger - INFO - End of training epoch 43 / 50 	 Time Taken: 1 sec, Data loading: 0 sec
2021-06-05 14:33:59,154 - utils.logger - INFO - learning rate = 0.0000023
2021-06-05 14:33:59,521 - utils.logger - INFO - Trn result of epoch 43 / 50 mse 0.0803 rmse 0.2834 pcc 0.5467 ccc 0.3722
2021-06-05 14:33:59,650 - utils.logger - INFO - Val result of epoch 43 / 50 mse 0.1339 rmse 0.3660 pcc 0.1672 ccc 0.1057
2021-06-05 14:34:00,075 - utils.logger - INFO - Cur epoch 44 loss MSE:1.5167
2021-06-05 14:34:00,488 - utils.logger - INFO - Cur epoch 44 loss MSE:0.0876
2021-06-05 14:34:00,802 - utils.logger - INFO - Cur epoch 44 loss MSE:6.0693
2021-06-05 14:34:00,802 - utils.logger - INFO - saving the model at the end of epoch 44, iters 264
2021-06-05 14:34:01,082 - utils.logger - INFO - End of training epoch 44 / 50 	 Time Taken: 1 sec, Data loading: 0 sec
2021-06-05 14:34:01,083 - utils.logger - INFO - learning rate = 0.0000019
2021-06-05 14:34:01,472 - utils.logger - INFO - Trn result of epoch 44 / 50 mse 0.0764 rmse 0.2764 pcc 0.5768 ccc 0.3854
2021-06-05 14:34:01,608 - utils.logger - INFO - Val result of epoch 44 / 50 mse 0.1314 rmse 0.3625 pcc 0.1535 ccc 0.0935
2021-06-05 14:34:02,017 - utils.logger - INFO - Cur epoch 45 loss MSE:0.4930
2021-06-05 14:34:02,427 - utils.logger - INFO - Cur epoch 45 loss MSE:0.2999
2021-06-05 14:34:02,752 - utils.logger - INFO - Cur epoch 45 loss MSE:5.9169
2021-06-05 14:34:02,752 - utils.logger - INFO - saving the model at the end of epoch 45, iters 270
2021-06-05 14:34:03,028 - utils.logger - INFO - End of training epoch 45 / 50 	 Time Taken: 1 sec, Data loading: 0 sec
2021-06-05 14:34:03,028 - utils.logger - INFO - learning rate = 0.0000016
2021-06-05 14:34:03,413 - utils.logger - INFO - Trn result of epoch 45 / 50 mse 0.0772 rmse 0.2778 pcc 0.5858 ccc 0.4050
2021-06-05 14:34:03,547 - utils.logger - INFO - Val result of epoch 45 / 50 mse 0.1319 rmse 0.3632 pcc 0.2217 ccc 0.1422
2021-06-05 14:34:03,947 - utils.logger - INFO - Cur epoch 46 loss MSE:0.6240
2021-06-05 14:34:04,348 - utils.logger - INFO - Cur epoch 46 loss MSE:0.1213
2021-06-05 14:34:04,674 - utils.logger - INFO - Cur epoch 46 loss MSE:8.3508
2021-06-05 14:34:04,674 - utils.logger - INFO - saving the model at the end of epoch 46, iters 276
2021-06-05 14:34:04,949 - utils.logger - INFO - End of training epoch 46 / 50 	 Time Taken: 1 sec, Data loading: 0 sec
2021-06-05 14:34:04,949 - utils.logger - INFO - learning rate = 0.0000013
2021-06-05 14:34:05,332 - utils.logger - INFO - Trn result of epoch 46 / 50 mse 0.0760 rmse 0.2757 pcc 0.5881 ccc 0.4180
2021-06-05 14:34:05,466 - utils.logger - INFO - Val result of epoch 46 / 50 mse 0.1360 rmse 0.3688 pcc 0.1647 ccc 0.1091
2021-06-05 14:34:05,872 - utils.logger - INFO - Cur epoch 47 loss MSE:1.3794
2021-06-05 14:34:06,265 - utils.logger - INFO - Cur epoch 47 loss MSE:0.1268
2021-06-05 14:34:06,592 - utils.logger - INFO - Cur epoch 47 loss MSE:2.7377
2021-06-05 14:34:06,592 - utils.logger - INFO - saving the model at the end of epoch 47, iters 282
2021-06-05 14:34:06,859 - utils.logger - INFO - End of training epoch 47 / 50 	 Time Taken: 1 sec, Data loading: 0 sec
2021-06-05 14:34:06,859 - utils.logger - INFO - learning rate = 0.0000010
2021-06-05 14:34:07,228 - utils.logger - INFO - Trn result of epoch 47 / 50 mse 0.0772 rmse 0.2778 pcc 0.5828 ccc 0.4170
2021-06-05 14:34:07,356 - utils.logger - INFO - Val result of epoch 47 / 50 mse 0.1340 rmse 0.3660 pcc 0.2105 ccc 0.1391
2021-06-05 14:34:07,745 - utils.logger - INFO - Cur epoch 48 loss MSE:0.0216
2021-06-05 14:34:08,145 - utils.logger - INFO - Cur epoch 48 loss MSE:0.8964
2021-06-05 14:34:08,490 - utils.logger - INFO - Cur epoch 48 loss MSE:2.5792
2021-06-05 14:34:08,490 - utils.logger - INFO - saving the model at the end of epoch 48, iters 288
2021-06-05 14:34:08,756 - utils.logger - INFO - End of training epoch 48 / 50 	 Time Taken: 1 sec, Data loading: 0 sec
2021-06-05 14:34:08,757 - utils.logger - INFO - learning rate = 0.0000006
2021-06-05 14:34:09,125 - utils.logger - INFO - Trn result of epoch 48 / 50 mse 0.0770 rmse 0.2775 pcc 0.5765 ccc 0.4121
2021-06-05 14:34:09,253 - utils.logger - INFO - Val result of epoch 48 / 50 mse 0.1358 rmse 0.3685 pcc 0.1666 ccc 0.1104
2021-06-05 14:34:09,655 - utils.logger - INFO - Cur epoch 49 loss MSE:1.4280
2021-06-05 14:34:10,049 - utils.logger - INFO - Cur epoch 49 loss MSE:0.1042
2021-06-05 14:34:10,374 - utils.logger - INFO - Cur epoch 49 loss MSE:10.9051
2021-06-05 14:34:10,374 - utils.logger - INFO - saving the model at the end of epoch 49, iters 294
2021-06-05 14:34:10,640 - utils.logger - INFO - End of training epoch 49 / 50 	 Time Taken: 1 sec, Data loading: 0 sec
2021-06-05 14:34:10,640 - utils.logger - INFO - learning rate = 0.0000003
2021-06-05 14:34:11,012 - utils.logger - INFO - Trn result of epoch 49 / 50 mse 0.0751 rmse 0.2740 pcc 0.5883 ccc 0.4160
2021-06-05 14:34:11,139 - utils.logger - INFO - Val result of epoch 49 / 50 mse 0.1302 rmse 0.3608 pcc 0.2168 ccc 0.1425
2021-06-05 14:34:11,539 - utils.logger - INFO - Cur epoch 50 loss MSE:0.9594
2021-06-05 14:34:11,946 - utils.logger - INFO - Cur epoch 50 loss MSE:0.5903
2021-06-05 14:34:12,281 - utils.logger - INFO - Cur epoch 50 loss MSE:0.3410
2021-06-05 14:34:12,282 - utils.logger - INFO - saving the model at the end of epoch 50, iters 300
2021-06-05 14:34:12,541 - utils.logger - INFO - End of training epoch 50 / 50 	 Time Taken: 1 sec, Data loading: 0 sec
2021-06-05 14:34:12,541 - utils.logger - INFO - learning rate = 0.0000000
2021-06-05 14:34:12,925 - utils.logger - INFO - Trn result of epoch 50 / 50 mse 0.0756 rmse 0.2749 pcc 0.5837 ccc 0.4159
2021-06-05 14:34:13,063 - utils.logger - INFO - Val result of epoch 50 / 50 mse 0.1350 rmse 0.3675 pcc 0.1602 ccc 0.1053
2021-06-05 14:34:13,063 - utils.logger - INFO - Best eval epoch 34 found with ccc 0.150892
2021-06-05 14:34:13,064 - utils.logger - INFO - baseline_fcfusion_norm_vggish-egemaps_EDA_hidden1024_seq100_run2
